
-----------------------------   Welcome to ....   ------------------------------
                      _______  _______ _______ _______ 
                     |   _   \|   _   |   _   |   _   |
                     |.  1   /|.  |   |   1___|   1___|
                     |.  _   \|.  |   |____   |____   |
                     |:  1    |:  1   |:  1   |:  1   |
                     |::.. .  |::.. . |::.. . |::.. . |
                     `-------'`-------`-------`-------'

                                 Version 0.9.15                                 
                              05-08-2020 18:08:28                               
--------------------------------------------------------------------------------

| Reading BOSS input file from: in_2D
| Initializing...

--------------------------------------------------------------------------------
                                   INPUT FILE                                   
--------------------------------------------------------------------------------
# input file for alanine 2D (d4-d13)

# optimization
userfn       userfn_2D.py
bounds       -50 310; -50 310
num_tasks    2
kernel       stdp
initpts      2 30
iterpts      50
verbosity    2
kappa_prior  gamma
kappa_priorparam 2 0.014


RESULTS:
1.789230374284003E+02 7.691438368212178E+01 0 -2.029929621830134E+05 
-3.132058332215902E+01 9.937377428770458E+01 0 -2.029901771365300E+05 
-3.515609876680251E+01 -4.438237042614692E+01 1 2.643190000000000E+01 
2.185289825510579E+02 -3.176563187222913E+01 1 2.609860000000000E+01 
1.902667572329264E+02 2.274556470343014E+02 1 2.958730000000000E+01 
6.029895204786979E+01 1.802303922338381E+02 1 1.748200000000000E+01 
2.908280460483793E+02 3.053142493396045E+02 1 2.705370000000000E+01 
5.964863579001960E+01 1.728344066604136E+02 1 1.769080000000000E+01 
1.939645517938607E+02 6.509921585636723E+00 1 1.828110000000000E+01 
2.832101937145396E+02 -1.265766181337779E+01 1 1.860000000000000E+01 
2.963090899033262E+02 2.020024269432101E+02 1 2.261260000000000E+01 
1.399631360657355E+02 1.355802912202083E+02 1 2.614000000000000E+01 
2.216464332142045E+02 3.648834309228397E+01 1 2.577530000000000E+01 
1.790799246921475E+01 2.474832087659604E+02 1 3.091330000000000E+01 
5.946125463372807E+01 1.851838384132380E+02 1 1.758130000000000E+01 
-1.675027426195311E+01 5.023251926342562E+01 1 3.656310000000000E+01 
2.868780541216817E+02 -6.923674801556252E+00 1 1.846140000000000E+01 
1.693397539061550E+02 2.430244793415673E+02 1 3.192160000000000E+01 
2.631305901292192E+02 2.114294722350390E+02 1 2.826560000000000E+01 
2.740919877454170E+02 7.756278878486172E+00 1 1.975950000000000E+01 
8.527343502388125E+01 1.894647692347940E+02 1 1.883870000000000E+01 
2.114856074158818E+02 1.636120679771195E+02 1 2.580800000000000E+01 
1.585187224688688E+02 1.703888742479313E+02 1 2.073210000000000E+01 
1.988699716406020E+01 1.580924129335687E+02 1 2.138450000000000E+01 
2.771126449108756E+01 1.149719429883296E+01 1 2.872400000000000E+01 
2.470469450359383E+02 1.449406440503986E+02 1 3.076820000000000E+01 
2.737143862991265E+02 1.679682898903998E+02 1 2.459180000000000E+01 
2.028854431949985E+02 3.026712275820855E+02 1 3.314530000000000E+01 
1.903874344005063E+02 1.989531337429033E+02 1 2.387750000000000E+01 
2.495436207262218E+02 2.405682232011558E+02 1 3.519690000000000E+01 
9.613132628983014E+01 7.754323175747606E+01 1 3.455940000000000E+01 
8.541263534553924E+01 2.507851363781334E+02 1 3.050150000000000E+01 
--------------------------------------------------------------------------------
                               SIMULATION OPTIONS                               
--------------------------------------------------------------------------------
|| File input/output 
ipfile         in_2D
userfn         userfn_2D.py
outfile        boss.out
rstfile        boss.rst

|| Key settings 
num_tasks         2
bounds         -5.000E+01 3.100E+02;    -5.000E+01 3.100E+02
kerntype       stdp stdp
yrange         -5.000E+01 3.100E+02;    -5.000E+01 3.100E+02
noise          1.000E-12
initpts    2 30    iterpts   50
gm_tol         none
verbosity      2

|| Data acquisition 
acqfn                elcb
acqtol               1.000E-03

|| GP hyperparameters 
thetainit       1.000E+00 3.142E-01
thetabounds     none
thetaprior      gamma
thetapriorpar   1.000E+00 1.000E+00;    3.368E+00 9.020E+00;    3.368E+00 9.020E+00

|| Hyperparameter optimization
updatefreq   1  initupdate      True
updateoffset 0  updaterestarts  2


--------------------------------------------------------------------------------
                              INITIAL DATAPOINT 1                               
--------------------------------------------------------------------------------
| Data point added to dataset (x i y): 
  1.7892303743E+02  7.6914383682E+01  0.0000000000E+00      -2.0299296218E+05

| Total ensemble size: 1
| Next sampling location (x_next, i_next):
 -3.1320583322E+01  9.9373774288E+01  0.0000000000E+00

Iteration time [s]:    0.001        Total time [s]:    0.082

--------------------------------------------------------------------------------
                              INITIAL DATAPOINT 2                               
--------------------------------------------------------------------------------
| Data point added to dataset (x i y): 
 -3.1320583322E+01  9.9373774288E+01  0.0000000000E+00      -2.0299017714E+05

| Total ensemble size: 2
| Next sampling location (x_next, i_next):
 -3.5156098767E+01 -4.4382370426E+01  1.0000000000E+00

Iteration time [s]:    0.001        Total time [s]:    0.083

--------------------------------------------------------------------------------
                              INITIAL DATAPOINT 3                               
--------------------------------------------------------------------------------
| Data point added to dataset (x i y): 
 -3.5156098767E+01 -4.4382370426E+01  1.0000000000E+00       2.6431900000E+01

| Total ensemble size: 3
| Next sampling location (x_next, i_next):
  2.1852898255E+02 -3.1765631872E+01  1.0000000000E+00

Iteration time [s]:    0.001        Total time [s]:    0.085

--------------------------------------------------------------------------------
                              INITIAL DATAPOINT 4                               
--------------------------------------------------------------------------------
| Data point added to dataset (x i y): 
  2.1852898255E+02 -3.1765631872E+01  1.0000000000E+00       2.6098600000E+01

| Total ensemble size: 4
| Next sampling location (x_next, i_next):
  1.9026675723E+02  2.2745564703E+02  1.0000000000E+00

Iteration time [s]:    0.001        Total time [s]:    0.086

--------------------------------------------------------------------------------
                              INITIAL DATAPOINT 5                               
--------------------------------------------------------------------------------
| Data point added to dataset (x i y): 
  1.9026675723E+02  2.2745564703E+02  1.0000000000E+00       2.9587300000E+01

| Total ensemble size: 5
| Next sampling location (x_next, i_next):
  6.0298952048E+01  1.8023039223E+02  1.0000000000E+00

Iteration time [s]:    0.001        Total time [s]:    0.087

--------------------------------------------------------------------------------
                              INITIAL DATAPOINT 6                               
--------------------------------------------------------------------------------
| Data point added to dataset (x i y): 
  6.0298952048E+01  1.8023039223E+02  1.0000000000E+00       1.7482000000E+01

| Total ensemble size: 6
| Next sampling location (x_next, i_next):
  2.9082804605E+02  3.0531424934E+02  1.0000000000E+00

Iteration time [s]:    0.001        Total time [s]:    0.089

--------------------------------------------------------------------------------
                              INITIAL DATAPOINT 7                               
--------------------------------------------------------------------------------
| Data point added to dataset (x i y): 
  2.9082804605E+02  3.0531424934E+02  1.0000000000E+00       2.7053700000E+01

| Total ensemble size: 7
| Next sampling location (x_next, i_next):
  5.9648635790E+01  1.7283440666E+02  1.0000000000E+00

Iteration time [s]:    0.001        Total time [s]:    0.091

--------------------------------------------------------------------------------
                              INITIAL DATAPOINT 8                               
--------------------------------------------------------------------------------
| Data point added to dataset (x i y): 
  5.9648635790E+01  1.7283440666E+02  1.0000000000E+00       1.7690800000E+01

| Total ensemble size: 8
| Next sampling location (x_next, i_next):
  1.9396455179E+02  6.5099215856E+00  1.0000000000E+00

Iteration time [s]:    0.001        Total time [s]:    0.092

--------------------------------------------------------------------------------
                              INITIAL DATAPOINT 9                               
--------------------------------------------------------------------------------
| Data point added to dataset (x i y): 
  1.9396455179E+02  6.5099215856E+00  1.0000000000E+00       1.8281100000E+01

| Total ensemble size: 9
| Next sampling location (x_next, i_next):
  2.8321019371E+02 -1.2657661813E+01  1.0000000000E+00

Iteration time [s]:    0.001        Total time [s]:    0.094

--------------------------------------------------------------------------------
                              INITIAL DATAPOINT 10                              
--------------------------------------------------------------------------------
| Data point added to dataset (x i y): 
  2.8321019371E+02 -1.2657661813E+01  1.0000000000E+00       1.8600000000E+01

| Total ensemble size: 10
| Next sampling location (x_next, i_next):
  2.9630908990E+02  2.0200242694E+02  1.0000000000E+00

Iteration time [s]:    0.001        Total time [s]:    0.095

--------------------------------------------------------------------------------
                              INITIAL DATAPOINT 11                              
--------------------------------------------------------------------------------
| Data point added to dataset (x i y): 
  2.9630908990E+02  2.0200242694E+02  1.0000000000E+00       2.2612600000E+01

| Total ensemble size: 11
| Next sampling location (x_next, i_next):
  1.3996313607E+02  1.3558029122E+02  1.0000000000E+00

Iteration time [s]:    0.001        Total time [s]:    0.097

--------------------------------------------------------------------------------
                              INITIAL DATAPOINT 12                              
--------------------------------------------------------------------------------
| Data point added to dataset (x i y): 
  1.3996313607E+02  1.3558029122E+02  1.0000000000E+00       2.6140000000E+01

| Total ensemble size: 12
| Next sampling location (x_next, i_next):
  2.2164643321E+02  3.6488343092E+01  1.0000000000E+00

Iteration time [s]:    0.001        Total time [s]:    0.098

--------------------------------------------------------------------------------
                              INITIAL DATAPOINT 13                              
--------------------------------------------------------------------------------
| Data point added to dataset (x i y): 
  2.2164643321E+02  3.6488343092E+01  1.0000000000E+00       2.5775300000E+01

| Total ensemble size: 13
| Next sampling location (x_next, i_next):
  1.7907992469E+01  2.4748320877E+02  1.0000000000E+00

Iteration time [s]:    0.001        Total time [s]:    0.100

--------------------------------------------------------------------------------
                              INITIAL DATAPOINT 14                              
--------------------------------------------------------------------------------
| Data point added to dataset (x i y): 
  1.7907992469E+01  2.4748320877E+02  1.0000000000E+00       3.0913300000E+01

| Total ensemble size: 14
| Next sampling location (x_next, i_next):
  5.9461254634E+01  1.8518383841E+02  1.0000000000E+00

Iteration time [s]:    0.001        Total time [s]:    0.101

--------------------------------------------------------------------------------
                              INITIAL DATAPOINT 15                              
--------------------------------------------------------------------------------
| Data point added to dataset (x i y): 
  5.9461254634E+01  1.8518383841E+02  1.0000000000E+00       1.7581300000E+01

| Total ensemble size: 15
| Next sampling location (x_next, i_next):
 -1.6750274262E+01  5.0232519263E+01  1.0000000000E+00

Iteration time [s]:    0.001        Total time [s]:    0.103

--------------------------------------------------------------------------------
                              INITIAL DATAPOINT 16                              
--------------------------------------------------------------------------------
| Data point added to dataset (x i y): 
 -1.6750274262E+01  5.0232519263E+01  1.0000000000E+00       3.6563100000E+01

| Total ensemble size: 16
| Next sampling location (x_next, i_next):
  2.8687805412E+02 -6.9236748016E+00  1.0000000000E+00

Iteration time [s]:    0.001        Total time [s]:    0.105

--------------------------------------------------------------------------------
                              INITIAL DATAPOINT 17                              
--------------------------------------------------------------------------------
| Data point added to dataset (x i y): 
  2.8687805412E+02 -6.9236748016E+00  1.0000000000E+00       1.8461400000E+01

| Total ensemble size: 17
| Next sampling location (x_next, i_next):
  1.6933975391E+02  2.4302447934E+02  1.0000000000E+00

Iteration time [s]:    0.001        Total time [s]:    0.106

--------------------------------------------------------------------------------
                              INITIAL DATAPOINT 18                              
--------------------------------------------------------------------------------
| Data point added to dataset (x i y): 
  1.6933975391E+02  2.4302447934E+02  1.0000000000E+00       3.1921600000E+01

| Total ensemble size: 18
| Next sampling location (x_next, i_next):
  2.6313059013E+02  2.1142947224E+02  1.0000000000E+00

Iteration time [s]:    0.001        Total time [s]:    0.107

--------------------------------------------------------------------------------
                              INITIAL DATAPOINT 19                              
--------------------------------------------------------------------------------
| Data point added to dataset (x i y): 
  2.6313059013E+02  2.1142947224E+02  1.0000000000E+00       2.8265600000E+01

| Total ensemble size: 19
| Next sampling location (x_next, i_next):
  2.7409198775E+02  7.7562788785E+00  1.0000000000E+00

Iteration time [s]:    0.001        Total time [s]:    0.108

--------------------------------------------------------------------------------
                              INITIAL DATAPOINT 20                              
--------------------------------------------------------------------------------
| Data point added to dataset (x i y): 
  2.7409198775E+02  7.7562788785E+00  1.0000000000E+00       1.9759500000E+01

| Total ensemble size: 20
| Next sampling location (x_next, i_next):
  8.5273435024E+01  1.8946476923E+02  1.0000000000E+00

Iteration time [s]:    0.001        Total time [s]:    0.110

--------------------------------------------------------------------------------
                              INITIAL DATAPOINT 21                              
--------------------------------------------------------------------------------
| Data point added to dataset (x i y): 
  8.5273435024E+01  1.8946476923E+02  1.0000000000E+00       1.8838700000E+01

| Total ensemble size: 21
| Next sampling location (x_next, i_next):
  2.1148560742E+02  1.6361206798E+02  1.0000000000E+00

Iteration time [s]:    0.001        Total time [s]:    0.111

--------------------------------------------------------------------------------
                              INITIAL DATAPOINT 22                              
--------------------------------------------------------------------------------
| Data point added to dataset (x i y): 
  2.1148560742E+02  1.6361206798E+02  1.0000000000E+00       2.5808000000E+01

| Total ensemble size: 22
| Next sampling location (x_next, i_next):
  1.5851872247E+02  1.7038887425E+02  1.0000000000E+00

Iteration time [s]:    0.001        Total time [s]:    0.112

--------------------------------------------------------------------------------
                              INITIAL DATAPOINT 23                              
--------------------------------------------------------------------------------
| Data point added to dataset (x i y): 
  1.5851872247E+02  1.7038887425E+02  1.0000000000E+00       2.0732100000E+01

| Total ensemble size: 23
| Next sampling location (x_next, i_next):
  1.9886997164E+01  1.5809241293E+02  1.0000000000E+00

Iteration time [s]:    0.001        Total time [s]:    0.113

--------------------------------------------------------------------------------
                              INITIAL DATAPOINT 24                              
--------------------------------------------------------------------------------
| Data point added to dataset (x i y): 
  1.9886997164E+01  1.5809241293E+02  1.0000000000E+00       2.1384500000E+01

| Total ensemble size: 24
| Next sampling location (x_next, i_next):
  2.7711264491E+01  1.1497194299E+01  1.0000000000E+00

Iteration time [s]:    0.001        Total time [s]:    0.115

--------------------------------------------------------------------------------
                              INITIAL DATAPOINT 25                              
--------------------------------------------------------------------------------
| Data point added to dataset (x i y): 
  2.7711264491E+01  1.1497194299E+01  1.0000000000E+00       2.8724000000E+01

| Total ensemble size: 25
| Next sampling location (x_next, i_next):
  2.4704694504E+02  1.4494064405E+02  1.0000000000E+00

Iteration time [s]:    0.001        Total time [s]:    0.116

--------------------------------------------------------------------------------
                              INITIAL DATAPOINT 26                              
--------------------------------------------------------------------------------
| Data point added to dataset (x i y): 
  2.4704694504E+02  1.4494064405E+02  1.0000000000E+00       3.0768200000E+01

| Total ensemble size: 26
| Next sampling location (x_next, i_next):
  2.7371438630E+02  1.6796828989E+02  1.0000000000E+00

Iteration time [s]:    0.001        Total time [s]:    0.117

--------------------------------------------------------------------------------
                              INITIAL DATAPOINT 27                              
--------------------------------------------------------------------------------
| Data point added to dataset (x i y): 
  2.7371438630E+02  1.6796828989E+02  1.0000000000E+00       2.4591800000E+01

| Total ensemble size: 27
| Next sampling location (x_next, i_next):
  2.0288544319E+02  3.0267122758E+02  1.0000000000E+00

Iteration time [s]:    0.001        Total time [s]:    0.118

--------------------------------------------------------------------------------
                              INITIAL DATAPOINT 28                              
--------------------------------------------------------------------------------
| Data point added to dataset (x i y): 
  2.0288544319E+02  3.0267122758E+02  1.0000000000E+00       3.3145300000E+01

| Total ensemble size: 28
| Next sampling location (x_next, i_next):
  1.9038743440E+02  1.9895313374E+02  1.0000000000E+00

Iteration time [s]:    0.001        Total time [s]:    0.119

--------------------------------------------------------------------------------
                              INITIAL DATAPOINT 29                              
--------------------------------------------------------------------------------
| Data point added to dataset (x i y): 
  1.9038743440E+02  1.9895313374E+02  1.0000000000E+00       2.3877500000E+01

| Total ensemble size: 29
| Next sampling location (x_next, i_next):
  2.4954362073E+02  2.4056822320E+02  1.0000000000E+00

Iteration time [s]:    0.001        Total time [s]:    0.120

--------------------------------------------------------------------------------
                              INITIAL DATAPOINT 30                              
--------------------------------------------------------------------------------
| Data point added to dataset (x i y): 
  2.4954362073E+02  2.4056822320E+02  1.0000000000E+00       3.5196900000E+01

| Total ensemble size: 30
| Next sampling location (x_next, i_next):
  9.6131326290E+01  7.7543231757E+01  1.0000000000E+00

Iteration time [s]:    0.001        Total time [s]:    0.121

--------------------------------------------------------------------------------
                              INITIAL DATAPOINT 31                              
--------------------------------------------------------------------------------
| Data point added to dataset (x i y): 
  9.6131326290E+01  7.7543231757E+01  1.0000000000E+00       3.4559400000E+01

| Total ensemble size: 31
| Next sampling location (x_next, i_next):
  8.5412635346E+01  2.5078513638E+02  1.0000000000E+00

Iteration time [s]:    0.001        Total time [s]:    0.122

--------------------------------------------------------------------------------
                              INITIAL DATAPOINT 32                              
--------------------------------------------------------------------------------
| Data point added to dataset (x i y): 
  8.5412635346E+01  2.5078513638E+02  1.0000000000E+00       3.0501500000E+01

| Total ensemble size: 32
| Best acquisition, x_best i_best y_best:
  1.7892303743E+02  7.6914383682E+01  0.0000000000E+00      -2.0299296218E+05
| Global minimum prediction, x_hat mu_hat +- nu_hat:
  1.7078613917E+02  6.3362347351E+01  0.0000000000E+00      -2.0299301829E+05  8.2245545570E-01

| GP model hyperparameters (lengthscales W kappa):
  7.5054239146E-01  5.3761951804E-01  1.5246120559E-01  1.1884052010E+00  1.5260752272E+01  6.7317317643E+01
| Next sampling location (x_next, i_next):
  1.4045981922E+02  2.7941432615E+02  0.0000000000E+00

Iteration time [s]:    1.185        Total time [s]:    1.308

--------------------------------------------------------------------------------
                                 BO ITERATION 1                                 
--------------------------------------------------------------------------------
| Evaluating objective function at 1.405E+02 2.794E+02 0.000E+00
| Objective function evaluated, time [s]       30.018
| Data point added to dataset (x i y): 
  1.4045981922E+02  2.7941432615E+02  0.0000000000E+00      -2.0298857697E+05

| Total ensemble size: 33
| Best acquisition, x_best i_best y_best:
  1.7892303743E+02  7.6914383682E+01  0.0000000000E+00      -2.0299296218E+05
| Global minimum prediction, x_hat mu_hat +- nu_hat:
  1.7783162008E+02  7.5053566945E+01  0.0000000000E+00      -2.0299296414E+05  1.1106052630E-02
| Global minimum convergence, d_xhat d_muhat:
  1.3650033585E+01  2.8378003780E-03

| GP model hyperparameters (lengthscales W kappa):
  7.4968145722E-01  5.2944089102E-01  7.9652060309E-02  5.4199845848E-01  1.0591257552E+01  6.7037311418E+01
| Next sampling location (x_next, i_next):
  2.1386080494E+02  1.7167063498E+02  0.0000000000E+00

Iteration time [s]:   30.871        Total time [s]:   32.179

--------------------------------------------------------------------------------
                                 BO ITERATION 2                                 
--------------------------------------------------------------------------------
| Evaluating objective function at 2.139E+02 1.717E+02 0.000E+00
| Objective function evaluated, time [s]       22.374
| Data point added to dataset (x i y): 
  2.1386080494E+02  1.7167063498E+02  0.0000000000E+00      -2.0300675713E+05

| Total ensemble size: 34
| Best acquisition, x_best i_best y_best:
  2.1386080494E+02  1.7167063498E+02  0.0000000000E+00      -2.0300675713E+05
| Global minimum prediction, x_hat mu_hat +- nu_hat:
  1.8980536321E+02  1.7538614696E+02  0.0000000000E+00      -2.0300729860E+05  4.3472160109E+00
| Global minimum convergence, d_xhat d_muhat:
  1.0104453047E+02  6.1990499194E-01

| GP model hyperparameters (lengthscales W kappa):
  7.5935543127E-01  5.4274202451E-01  6.4014157713E+00  5.8031035155E+00  4.1479464404E+01  3.8022604396E+01
| Next sampling location (x_next, i_next):
  5.7170062692E+01  1.7981989102E+02  0.0000000000E+00

Iteration time [s]:   23.680        Total time [s]:   55.859

--------------------------------------------------------------------------------
                                 BO ITERATION 3                                 
--------------------------------------------------------------------------------
| Evaluating objective function at 5.717E+01 1.798E+02 0.000E+00
| Objective function evaluated, time [s]       24.184
| Data point added to dataset (x i y): 
  5.7170062692E+01  1.7981989102E+02  0.0000000000E+00      -2.0300964096E+05

| Total ensemble size: 35
| Best acquisition, x_best i_best y_best:
  5.7170062692E+01  1.7981989102E+02  0.0000000000E+00      -2.0300964096E+05
| Global minimum prediction, x_hat mu_hat +- nu_hat:
  5.4259955237E+01  1.7763311300E+02  0.0000000000E+00      -2.0300967479E+05  7.8913033153E-02
| Global minimum convergence, d_xhat d_muhat:
  1.3556403092E+02  1.0329950356E-01

| GP model hyperparameters (lengthscales W kappa):
  7.7158689909E-01  5.5301752129E-01  8.2354860553E+00  7.3379009777E+00  2.4822346740E+01  2.1228695701E+01
| Next sampling location (x_next, i_next):
  2.8701742843E+02 -8.5051136095E+00  0.0000000000E+00

Iteration time [s]:   25.469        Total time [s]:   81.329

--------------------------------------------------------------------------------
                                 BO ITERATION 4                                 
--------------------------------------------------------------------------------
| Evaluating objective function at 2.870E+02 -8.505E+00 0.000E+00
| Objective function evaluated, time [s]       23.257
| Data point added to dataset (x i y): 
  2.8701742843E+02 -8.5051136095E+00  0.0000000000E+00      -2.0300914790E+05

| Total ensemble size: 36
| Best acquisition, x_best i_best y_best:
  5.7170062692E+01  1.7981989102E+02  0.0000000000E+00      -2.0300964096E+05
| Global minimum prediction, x_hat mu_hat +- nu_hat:
  5.0236811848E+01  1.7831923475E+02  0.0000000000E+00      -2.0300969966E+05  1.8363170610E-01
| Global minimum convergence, d_xhat d_muhat:
  4.0812309148E+00  1.1797372177E-03

| GP model hyperparameters (lengthscales W kappa):
  7.6870702714E-01  5.6988010468E-01  9.4253196366E+00  8.0783471920E+00  1.6130391052E+01  1.2605419719E+01
| Next sampling location (x_next, i_next):
 -4.0184810446E+01  1.8852072677E+02  0.0000000000E+00

Iteration time [s]:   24.656        Total time [s]:  105.986

--------------------------------------------------------------------------------
                                 BO ITERATION 5                                 
--------------------------------------------------------------------------------
| Evaluating objective function at -4.018E+01 1.885E+02 0.000E+00
| Objective function evaluated, time [s]       23.075
| Data point added to dataset (x i y): 
 -4.0184810446E+01  1.8852072677E+02  0.0000000000E+00      -2.0300797635E+05

| Total ensemble size: 37
| Best acquisition, x_best i_best y_best:
  5.7170062692E+01  1.7981989102E+02  0.0000000000E+00      -2.0300964096E+05
| Global minimum prediction, x_hat mu_hat +- nu_hat:
  6.2740300269E+01  1.7598850823E+02  0.0000000000E+00      -2.0300970843E+05  1.2653645638E-01
| Global minimum convergence, d_xhat d_muhat:
  1.2718864289E+01  4.1622717447E-04

| GP model hyperparameters (lengthscales W kappa):
  7.5719274946E-01  5.1451796759E-01 -8.3245334413E+00 -7.3924905419E+00  1.1367279590E+01  9.2831909628E+00
| Next sampling location (x_next, i_next):
  1.2734632878E+02  5.7505253665E+00  0.0000000000E+00

Iteration time [s]:   24.477        Total time [s]:  130.464

--------------------------------------------------------------------------------
                                 BO ITERATION 6                                 
--------------------------------------------------------------------------------
| Evaluating objective function at 1.273E+02 5.751E+00 0.000E+00
| Objective function evaluated, time [s]       23.148
| Data point added to dataset (x i y): 
  1.2734632878E+02  5.7505253665E+00  0.0000000000E+00      -2.0299103200E+05

| Total ensemble size: 38
| Best acquisition, x_best i_best y_best:
  5.7170062692E+01  1.7981989102E+02  0.0000000000E+00      -2.0300964096E+05
| Global minimum prediction, x_hat mu_hat +- nu_hat:
  5.5649045590E+01  1.8064432751E+02  0.0000000000E+00      -2.0300964561E+05  1.6642873137E-02
| Global minimum convergence, d_xhat d_muhat:
  8.4830740927E+00  2.9781815781E-03

| GP model hyperparameters (lengthscales W kappa):
  7.3601051153E-01  6.0196430087E-01 -8.3737194536E+00 -7.4497842469E+00  3.1601316051E+01  2.7554491652E+01
| Next sampling location (x_next, i_next):
  1.3891189612E+02  1.7515118541E+02  0.0000000000E+00

Iteration time [s]:   24.423        Total time [s]:  154.887

--------------------------------------------------------------------------------
                                 BO ITERATION 7                                 
--------------------------------------------------------------------------------
| Evaluating objective function at 1.389E+02 1.752E+02 0.000E+00
| Objective function evaluated, time [s]       23.361
| Data point added to dataset (x i y): 
  1.3891189612E+02  1.7515118541E+02  0.0000000000E+00      -2.0300762251E+05

| Total ensemble size: 39
| Best acquisition, x_best i_best y_best:
  5.7170062692E+01  1.7981989102E+02  0.0000000000E+00      -2.0300964096E+05
| Global minimum prediction, x_hat mu_hat +- nu_hat:
  5.4736577382E+01  1.8082646018E+02  0.0000000000E+00      -2.0300965082E+05  2.0724811249E-02
| Global minimum convergence, d_xhat d_muhat:
  9.3046791522E-01  2.4724990591E-04

| GP model hyperparameters (lengthscales W kappa):
  7.4482781118E-01  6.1952757299E-01 -8.5192657400E+00 -8.0069128696E+00  2.7254359823E+01  2.5195469483E+01
| Next sampling location (x_next, i_next):
  2.2863113753E+02  2.4763924436E+00  0.0000000000E+00

Iteration time [s]:   24.603        Total time [s]:  179.491

--------------------------------------------------------------------------------
                                 BO ITERATION 8                                 
--------------------------------------------------------------------------------
| Evaluating objective function at 2.286E+02 2.476E+00 0.000E+00
| Objective function evaluated, time [s]       23.006
| Data point added to dataset (x i y): 
  2.2863113753E+02  2.4763924436E+00  0.0000000000E+00      -2.0301228617E+05

| Total ensemble size: 40
| Best acquisition, x_best i_best y_best:
  2.2863113753E+02  2.4763924436E+00  0.0000000000E+00      -2.0301228617E+05
| Global minimum prediction, x_hat mu_hat +- nu_hat:
  2.3916167856E+02  1.4226900799E+00  0.0000000000E+00      -2.0301250239E+05  1.9272624437E-01
| Global minimum convergence, d_xhat d_muhat:
  2.5729036257E+02  1.2027250424E-01

| GP model hyperparameters (lengthscales W kappa):
  7.5513866340E-01  3.4707392338E-01  7.6515286392E+00  4.8561135690E+00  2.5997883411E+01  1.3378983025E+01
| Next sampling location (x_next, i_next):
  7.9909796385E+01  1.4017258778E+02  0.0000000000E+00

Iteration time [s]:   24.693        Total time [s]:  204.184

--------------------------------------------------------------------------------
                                 BO ITERATION 9                                 
--------------------------------------------------------------------------------
| Evaluating objective function at 7.991E+01 1.402E+02 0.000E+00
| Objective function evaluated, time [s]       22.822
| Data point added to dataset (x i y): 
  7.9909796385E+01  1.4017258778E+02  0.0000000000E+00      -2.0300200219E+05

| Total ensemble size: 41
| Best acquisition, x_best i_best y_best:
  2.2863113753E+02  2.4763924436E+00  0.0000000000E+00      -2.0301228617E+05
| Global minimum prediction, x_hat mu_hat +- nu_hat:
  2.3854080468E+02  1.0924582636E+00  0.0000000000E+00      -2.0301241095E+05  1.9289856722E-01
| Global minimum convergence, d_xhat d_muhat:
  7.0323355327E-01  3.8564901856E-03

| GP model hyperparameters (lengthscales W kappa):
  7.1950450014E-01  6.1784577256E-01 -9.5519205913E+00 -7.8508282148E+00  3.1847414024E+01  2.5150269440E+01
| Next sampling location (x_next, i_next):
  2.4739362436E+02 -3.1171099416E+01  0.0000000000E+00

Iteration time [s]:   24.402        Total time [s]:  228.587

--------------------------------------------------------------------------------
                                BO ITERATION 10                                 
--------------------------------------------------------------------------------
| Evaluating objective function at 2.474E+02 -3.117E+01 0.000E+00
| Objective function evaluated, time [s]       23.044
| Data point added to dataset (x i y): 
  2.4739362436E+02 -3.1171099416E+01  0.0000000000E+00      -2.0300562541E+05

| Total ensemble size: 42
| Best acquisition, x_best i_best y_best:
  2.2863113753E+02  2.4763924436E+00  0.0000000000E+00      -2.0301228617E+05
| Global minimum prediction, x_hat mu_hat +- nu_hat:
  2.3054687853E+02  4.2426272455E+00  0.0000000000E+00      -2.0301231671E+05  2.3245948570E-02
| Global minimum convergence, d_xhat d_muhat:
  8.5922302028E+00  3.9751473491E-03

| GP model hyperparameters (lengthscales W kappa):
  7.0245721123E-01  6.1656059313E-01 -1.0074409758E+01 -8.2834272159E+00  2.3976652624E+01  1.8187441977E+01
| Next sampling location (x_next, i_next):
  1.9663431588E+02 -1.2310114409E+00  0.0000000000E+00

Iteration time [s]:   24.706        Total time [s]:  253.293

--------------------------------------------------------------------------------
                                BO ITERATION 11                                 
--------------------------------------------------------------------------------
| Evaluating objective function at 1.966E+02 -1.231E+00 0.000E+00
| Objective function evaluated, time [s]       23.397
| Data point added to dataset (x i y): 
  1.9663431588E+02 -1.2310114409E+00  0.0000000000E+00      -2.0300898104E+05

| Total ensemble size: 43
| Best acquisition, x_best i_best y_best:
  2.2863113753E+02  2.4763924436E+00  0.0000000000E+00      -2.0301228617E+05
| Global minimum prediction, x_hat mu_hat +- nu_hat:
  2.3852977905E+02  4.7282482324E+00  0.0000000000E+00      -2.0301248843E+05  5.7646912951E-02
| Global minimum convergence, d_xhat d_muhat:
  7.9976576876E+00  7.2430213289E-03

| GP model hyperparameters (lengthscales W kappa):
  7.2517979359E-01  6.1078316332E-01 -9.6254131358E+00 -8.1514213304E+00  2.5961666674E+01  2.0752496823E+01
| Next sampling location (x_next, i_next):
  1.1078079536E+01  1.7518956889E+02  0.0000000000E+00

Iteration time [s]:   24.878        Total time [s]:  278.172

--------------------------------------------------------------------------------
                                BO ITERATION 12                                 
--------------------------------------------------------------------------------
| Evaluating objective function at 1.108E+01 1.752E+02 0.000E+00
| Objective function evaluated, time [s]       22.921
| Data point added to dataset (x i y): 
  1.1078079536E+01  1.7518956889E+02  0.0000000000E+00      -2.0300789429E+05

| Total ensemble size: 44
| Best acquisition, x_best i_best y_best:
  2.2863113753E+02  2.4763924436E+00  0.0000000000E+00      -2.0301228617E+05
| Global minimum prediction, x_hat mu_hat +- nu_hat:
  2.3854791949E+02  4.7941816360E+00  0.0000000000E+00      -2.0301249170E+05  5.2626002836E-02
| Global minimum convergence, d_xhat d_muhat:
  6.8383398259E-02  1.3797515046E-04

| GP model hyperparameters (lengthscales W kappa):
  7.3634605968E-01  6.2145080816E-01  9.7935795428E+00  8.4947662107E+00  2.4432802066E+01  2.0084420273E+01
| Next sampling location (x_next, i_next):
  1.8490743819E+02  2.0498765494E+02  0.0000000000E+00

Iteration time [s]:   24.488        Total time [s]:  302.660

--------------------------------------------------------------------------------
                                BO ITERATION 13                                 
--------------------------------------------------------------------------------
| Evaluating objective function at 1.849E+02 2.050E+02 0.000E+00
| Objective function evaluated, time [s]       21.639
| Data point added to dataset (x i y): 
  1.8490743819E+02  2.0498765494E+02  0.0000000000E+00      -2.0300466611E+05

| Total ensemble size: 45
| Best acquisition, x_best i_best y_best:
  2.2863113753E+02  2.4763924436E+00  0.0000000000E+00      -2.0301228617E+05
| Global minimum prediction, x_hat mu_hat +- nu_hat:
  2.3831665190E+02  4.6118916889E+00  0.0000000000E+00      -2.0301248007E+05  4.7213857200E-02
| Global minimum convergence, d_xhat d_muhat:
  2.9447295469E-01  4.9047559006E-04

| GP model hyperparameters (lengthscales W kappa):
  7.3325025167E-01  6.1541991085E-01  9.6613460634E+00  8.4955165844E+00  2.2532307242E+01  1.8764836599E+01
| Next sampling location (x_next, i_next):
  2.5687542164E+02  1.6914042313E+01  0.0000000000E+00

Iteration time [s]:   23.136        Total time [s]:  325.796

--------------------------------------------------------------------------------
                                BO ITERATION 14                                 
--------------------------------------------------------------------------------
| Evaluating objective function at 2.569E+02 1.691E+01 0.000E+00
| Objective function evaluated, time [s]       23.224
| Data point added to dataset (x i y): 
  2.5687542164E+02  1.6914042313E+01  0.0000000000E+00      -2.0300839976E+05

| Total ensemble size: 46
| Best acquisition, x_best i_best y_best:
  2.2863113753E+02  2.4763924436E+00  0.0000000000E+00      -2.0301228617E+05
| Global minimum prediction, x_hat mu_hat +- nu_hat:
  2.3108290506E+02  2.6906570508E+00  0.0000000000E+00      -2.0301229992E+05  1.0989510421E-03
| Global minimum convergence, d_xhat d_muhat:
  7.4845331155E+00  7.5984736294E-03

| GP model hyperparameters (lengthscales W kappa):
  7.0706144358E-01  4.4523120507E-01 -8.1192611031E+00 -6.8637156046E+00  1.1400010569E+01  8.5487579632E+00
| Next sampling location (x_next, i_next):
  2.1115807418E+01  2.0907595959E+02  0.0000000000E+00

Iteration time [s]:   25.047        Total time [s]:  350.844

--------------------------------------------------------------------------------
                                BO ITERATION 15                                 
--------------------------------------------------------------------------------
| Evaluating objective function at 2.112E+01 2.091E+02 0.000E+00
| Objective function evaluated, time [s]       22.976
| Data point added to dataset (x i y): 
  2.1115807418E+01  2.0907595959E+02  0.0000000000E+00      -2.0300436167E+05

| Total ensemble size: 47
| Best acquisition, x_best i_best y_best:
  2.2863113753E+02  2.4763924436E+00  0.0000000000E+00      -2.0301228617E+05
| Global minimum prediction, x_hat mu_hat +- nu_hat:
  2.3125883347E+02  2.6204166638E+00  0.0000000000E+00      -2.0301230080E+05  1.3427011661E-03
| Global minimum convergence, d_xhat d_muhat:
  1.8943209309E-01  3.6976427766E-05

| GP model hyperparameters (lengthscales W kappa):
  7.0060995916E-01  4.6918754728E-01  8.5206193199E+00  7.2233498455E+00  1.0931663023E+01  8.2279216011E+00
| Next sampling location (x_next, i_next):
  2.4857029268E+02 -3.1872493429E+00  0.0000000000E+00

Iteration time [s]:   24.612        Total time [s]:  375.456

--------------------------------------------------------------------------------
                                BO ITERATION 16                                 
--------------------------------------------------------------------------------
| Evaluating objective function at 2.486E+02 -3.187E+00 0.000E+00
| Objective function evaluated, time [s]       22.970
| Data point added to dataset (x i y): 
  2.4857029268E+02 -3.1872493429E+00  0.0000000000E+00      -2.0301224619E+05

| Total ensemble size: 48
| Best acquisition, x_best i_best y_best:
  2.2863113753E+02  2.4763924436E+00  0.0000000000E+00      -2.0301228617E+05
| Global minimum prediction, x_hat mu_hat +- nu_hat:
  2.3799770656E+02  1.2686102479E-01  0.0000000000E+00      -2.0301242154E+05  1.1128418977E-03
| Global minimum convergence, d_xhat d_muhat:
  7.1854178933E+00  5.0928095846E-03

| GP model hyperparameters (lengthscales W kappa):
  7.1157151472E-01  4.8646098288E-01 -8.9648593032E+00 -7.3006146447E+00  1.3357913036E+01  9.4612924390E+00
| Next sampling location (x_next, i_next):
  2.9891429154E+02  1.5997310372E+02  0.0000000000E+00

Iteration time [s]:   25.053        Total time [s]:  400.510

--------------------------------------------------------------------------------
                                BO ITERATION 17                                 
--------------------------------------------------------------------------------
| Evaluating objective function at 2.989E+02 1.600E+02 0.000E+00
| Objective function evaluated, time [s]       22.770
| Data point added to dataset (x i y): 
  2.9891429154E+02  1.5997310372E+02  0.0000000000E+00      -2.0300654145E+05

| Total ensemble size: 49
| Best acquisition, x_best i_best y_best:
  2.2863113753E+02  2.4763924436E+00  0.0000000000E+00      -2.0301228617E+05
| Global minimum prediction, x_hat mu_hat +- nu_hat:
  2.3797926683E+02  1.3385959220E-01  0.0000000000E+00      -2.0301241922E+05  1.0139902164E-03
| Global minimum convergence, d_xhat d_muhat:
  1.9723179037E-02  9.8090626959E-05

| GP model hyperparameters (lengthscales W kappa):
  7.1429159619E-01  5.1153079889E-01  9.3694454219E+00  7.7321535586E+00  1.2958133509E+01  9.3797595544E+00
| Next sampling location (x_next, i_next):
  2.3346895119E+02 -3.0319791705E+00  0.0000000000E+00

Iteration time [s]:   24.579        Total time [s]:  425.089

--------------------------------------------------------------------------------
                                BO ITERATION 18                                 
--------------------------------------------------------------------------------
| Evaluating objective function at 2.335E+02 -3.032E+00 0.000E+00
| Objective function evaluated, time [s]       22.928
| Data point added to dataset (x i y): 
  2.3346895119E+02 -3.0319791705E+00  0.0000000000E+00      -2.0301215507E+05

| Total ensemble size: 50
| Best acquisition, x_best i_best y_best:
  2.2863113753E+02  2.4763924436E+00  0.0000000000E+00      -2.0301228617E+05
| Global minimum prediction, x_hat mu_hat +- nu_hat:
  2.3851155091E+02  8.1382211237E-01  0.0000000000E+00      -2.0301240502E+05  7.2189897835E-04
| Global minimum convergence, d_xhat d_muhat:
  8.6352496655E-01  5.9226089331E-04

| GP model hyperparameters (lengthscales W kappa):
  7.3126262591E-01  5.1565369885E-01  1.0011567189E+01  8.0391687751E+00  1.2758028693E+01  8.7674201515E+00
| Next sampling location (x_next, i_next):
  2.3928099020E+02  1.5927792623E+00  0.0000000000E+00

Iteration time [s]:   24.802        Total time [s]:  449.892

--------------------------------------------------------------------------------
                                BO ITERATION 19                                 
--------------------------------------------------------------------------------
| Evaluating objective function at 2.393E+02 1.593E+00 0.000E+00
| Objective function evaluated, time [s]       23.968
| Data point added to dataset (x i y): 
  2.3928099020E+02  1.5927792623E+00  0.0000000000E+00      -2.0301235507E+05

| Total ensemble size: 51
| Best acquisition, x_best i_best y_best:
  2.3928099020E+02  1.5927792623E+00  0.0000000000E+00      -2.0301235507E+05
| Global minimum prediction, x_hat mu_hat +- nu_hat:
  2.3803664909E+02  6.1470775966E-01  0.0000000000E+00      -2.0301237088E+05  3.9758883243E-06
| Global minimum convergence, d_xhat d_muhat:
  5.1495461541E-01  1.4019869537E-03

| GP model hyperparameters (lengthscales W kappa):
  7.2311199075E-01  5.4439333095E-01  1.0533357601E+01  8.2081677606E+00  1.4923999929E+01  9.8751963959E+00
| Next sampling location (x_next, i_next):
  1.7610799218E+02  1.6182371437E+02  0.0000000000E+00

Iteration time [s]:   25.872        Total time [s]:  475.764

--------------------------------------------------------------------------------
                                BO ITERATION 20                                 
--------------------------------------------------------------------------------
| Evaluating objective function at 1.761E+02 1.618E+02 0.000E+00
| Objective function evaluated, time [s]       21.624
| Data point added to dataset (x i y): 
  1.7610799218E+02  1.6182371437E+02  0.0000000000E+00      -2.0300621854E+05

| Total ensemble size: 52
| Best acquisition, x_best i_best y_best:
  2.3928099020E+02  1.5927792623E+00  0.0000000000E+00      -2.0301235507E+05
| Global minimum prediction, x_hat mu_hat +- nu_hat:
  2.3806500282E+02  5.8307712545E-01  0.0000000000E+00      -2.0301237158E+05  4.3620252138E-06
| Global minimum convergence, d_xhat d_muhat:
  4.2478594794E-02  2.8327253624E-05

| GP model hyperparameters (lengthscales W kappa):
  7.3222407798E-01  5.1361019333E-01 -9.8184921100E+00 -7.7390772215E+00  1.5384240921E+01  1.0410336821E+01
| Next sampling location (x_next, i_next):
  2.3820311333E+02  2.9213947005E-01  0.0000000000E+00

Iteration time [s]:   23.562        Total time [s]:  499.327

--------------------------------------------------------------------------------
                                BO ITERATION 21                                 
--------------------------------------------------------------------------------
| Evaluating objective function at 2.382E+02 2.921E-01 0.000E+00
| Objective function evaluated, time [s]       22.987
| Acquisition location too confident, doing pure exploration
| Data point added to dataset (x i y): 
  2.3820311333E+02  2.9213947005E-01  0.0000000000E+00      -2.0301237199E+05

| Total ensemble size: 53
| Best acquisition, x_best i_best y_best:
  2.3820311333E+02  2.9213947005E-01  0.0000000000E+00      -2.0301237199E+05
| Global minimum prediction, x_hat mu_hat +- nu_hat:
  2.3807224607E+02  5.5091017504E-01  0.0000000000E+00      -2.0301237250E+05  3.1399812439E-08
| Global minimum convergence, d_xhat d_muhat:
  3.2972372534E-02  3.7543917183E-05

| GP model hyperparameters (lengthscales W kappa):
  7.5686515051E-01  5.1009525038E-01  9.9084151709E+00  7.7790861724E+00  1.6349220871E+01  1.1049230203E+01
| Next sampling location (x_next, i_next):
  5.1646152861E+01 -4.6998489764E+01  0.0000000000E+00

Iteration time [s]:   25.429        Total time [s]:  524.756

--------------------------------------------------------------------------------
                                BO ITERATION 22                                 
--------------------------------------------------------------------------------
| Evaluating objective function at 5.165E+01 -4.700E+01 0.000E+00
| Objective function evaluated, time [s]       23.082
| Acquisition location too confident, doing pure exploration
| Data point added to dataset (x i y): 
  5.1646152861E+01 -4.6998489764E+01  0.0000000000E+00      -2.0299515493E+05

| Total ensemble size: 54
| Best acquisition, x_best i_best y_best:
  2.3820311333E+02  2.9213947005E-01  0.0000000000E+00      -2.0301237199E+05
| Global minimum prediction, x_hat mu_hat +- nu_hat:
  2.3810374260E+02  5.4259426846E-01  0.0000000000E+00      -2.0301237249E+05  2.8493451065E-08
| Global minimum convergence, d_xhat d_muhat:
  3.2575845825E-02  4.5115568527E-07

| GP model hyperparameters (lengthscales W kappa):
  6.9855595318E-01  5.0608343234E-01  9.3525293768E+00  7.5317287398E+00  1.3062662715E+01  9.0628324290E+00
| Next sampling location (x_next, i_next):
  4.2865261295E+01  5.4762550812E+01  0.0000000000E+00

Iteration time [s]:   25.772        Total time [s]:  550.528

--------------------------------------------------------------------------------
                                BO ITERATION 23                                 
--------------------------------------------------------------------------------
| Evaluating objective function at 4.287E+01 5.476E+01 0.000E+00
| Objective function evaluated, time [s]       23.974
| Data point added to dataset (x i y): 
  4.2865261295E+01  5.4762550812E+01  0.0000000000E+00      -2.0299459431E+05

| Total ensemble size: 55
| Best acquisition, x_best i_best y_best:
  2.3820311333E+02  2.9213947005E-01  0.0000000000E+00      -2.0301237199E+05
| Global minimum prediction, x_hat mu_hat +- nu_hat:
  2.3820668295E+02  5.1344756203E-01  0.0000000000E+00      -2.0301237246E+05  1.5789089058E-08
| Global minimum convergence, d_xhat d_muhat:
  1.0698713193E-01  1.4439938498E-06

| GP model hyperparameters (lengthscales W kappa):
  6.5069335331E-01  4.8961804503E-01  8.5839639156E+00  7.2589261224E+00  1.0272817784E+01  7.6847751263E+00
| Next sampling location (x_next, i_next):
  2.7753992612E+02  1.8448643188E+02  0.0000000000E+00

Iteration time [s]:   26.149        Total time [s]:  576.677

--------------------------------------------------------------------------------
                                BO ITERATION 24                                 
--------------------------------------------------------------------------------
| Evaluating objective function at 2.775E+02 1.845E+02 0.000E+00
| Objective function evaluated, time [s]       22.808
| Acquisition location too confident, doing pure exploration
| Data point added to dataset (x i y): 
  2.7753992612E+02  1.8448643188E+02  0.0000000000E+00      -2.0300782727E+05

| Total ensemble size: 56
| Best acquisition, x_best i_best y_best:
  2.3820311333E+02  2.9213947005E-01  0.0000000000E+00      -2.0301237199E+05
| Global minimum prediction, x_hat mu_hat +- nu_hat:
  2.3821533743E+02  5.1069097270E-01  0.0000000000E+00      -2.0301237246E+05  1.4456778796E-08
| Global minimum convergence, d_xhat d_muhat:
  9.0828859922E-03  9.2375194842E-08

| GP model hyperparameters (lengthscales W kappa):
  6.6299313245E-01  4.9102358019E-01  8.6741671612E+00  7.3732085936E+00  1.0235700429E+01  7.7273419661E+00
| Next sampling location (x_next, i_next):
 -4.0648616240E+01  2.6392306085E+02  0.0000000000E+00

Iteration time [s]:   25.741        Total time [s]:  602.419

--------------------------------------------------------------------------------
                                BO ITERATION 25                                 
--------------------------------------------------------------------------------
| Evaluating objective function at -4.065E+01 2.639E+02 0.000E+00
| Objective function evaluated, time [s]       23.330
| Acquisition location too confident, doing pure exploration
| Data point added to dataset (x i y): 
 -4.0648616240E+01  2.6392306085E+02  0.0000000000E+00      -2.0299187463E+05

| Total ensemble size: 57
| Best acquisition, x_best i_best y_best:
  2.3820311333E+02  2.9213947005E-01  0.0000000000E+00      -2.0301237199E+05
| Global minimum prediction, x_hat mu_hat +- nu_hat:
  2.3823187017E+02  5.0632848327E-01  0.0000000000E+00      -2.0301237245E+05  1.2882088196E-08
| Global minimum convergence, d_xhat d_muhat:
  1.7098614690E-02  1.4503833327E-07

| GP model hyperparameters (lengthscales W kappa):
  6.6258407150E-01  4.9087438713E-01  8.6046140539E+00  7.3839834796E+00  9.4149199038E+00  7.2158576671E+00
| Next sampling location (x_next, i_next):
  5.4716753953E+00  7.7582658443E+00  0.0000000000E+00

Iteration time [s]:   25.864        Total time [s]:  628.284

--------------------------------------------------------------------------------
                                BO ITERATION 26                                 
--------------------------------------------------------------------------------
| Evaluating objective function at 5.472E+00 7.758E+00 0.000E+00
| Objective function evaluated, time [s]       22.962
| Acquisition location too confident, doing pure exploration
| Data point added to dataset (x i y): 
  5.4716753953E+00  7.7582658443E+00  0.0000000000E+00      -2.0299244631E+05

| Total ensemble size: 58
| Best acquisition, x_best i_best y_best:
  2.3820311333E+02  2.9213947005E-01  0.0000000000E+00      -2.0301237199E+05
| Global minimum prediction, x_hat mu_hat +- nu_hat:
  2.3800918895E+02  5.6910390258E-01  0.0000000000E+00      -2.0301237256E+05  4.4623666451E-08
| Global minimum convergence, d_xhat d_muhat:
  2.3136049908E-01  4.3161593870E-06

| GP model hyperparameters (lengthscales W kappa):
  6.6456685932E-01  4.9099233246E-01  8.9462080062E+00  7.3917179102E+00  1.0351181854E+01  7.4386065507E+00
| Next sampling location (x_next, i_next):
  2.4662090030E+02  9.2475704161E+01  0.0000000000E+00

Iteration time [s]:   25.774        Total time [s]:  654.058

--------------------------------------------------------------------------------
                                BO ITERATION 27                                 
--------------------------------------------------------------------------------
| Evaluating objective function at 2.466E+02 9.248E+01 0.000E+00
| Objective function evaluated, time [s]       21.746
| Acquisition location too confident, doing pure exploration
| Data point added to dataset (x i y): 
  2.4662090030E+02  9.2475704161E+01  0.0000000000E+00      -2.0298848257E+05

| Total ensemble size: 59
| Best acquisition, x_best i_best y_best:
  2.3820311333E+02  2.9213947005E-01  0.0000000000E+00      -2.0301237199E+05
| Global minimum prediction, x_hat mu_hat +- nu_hat:
  2.3803564293E+02  5.6213781531E-01  0.0000000000E+00      -2.0301237254E+05  3.4999279830E-08
| Global minimum convergence, d_xhat d_muhat:
  2.7355798204E-02  8.1573495624E-07

| GP model hyperparameters (lengthscales W kappa):
  6.4958771645E-01  5.0846002863E-01  9.0864891255E+00  7.5940031745E+00  9.1955971019E+00  6.7289482645E+00
| Next sampling location (x_next, i_next):
  1.2150075776E+02  5.5306248256E+01  0.0000000000E+00

Iteration time [s]:   24.552        Total time [s]:  678.611

--------------------------------------------------------------------------------
                                BO ITERATION 28                                 
--------------------------------------------------------------------------------
| Evaluating objective function at 1.215E+02 5.531E+01 0.000E+00
| Objective function evaluated, time [s]       22.973
| Acquisition location too confident, doing pure exploration
| Data point added to dataset (x i y): 
  1.2150075776E+02  5.5306248256E+01  0.0000000000E+00      -2.0299174119E+05

| Total ensemble size: 60
| Best acquisition, x_best i_best y_best:
  2.3820311333E+02  2.9213947005E-01  0.0000000000E+00      -2.0301237199E+05
| Global minimum prediction, x_hat mu_hat +- nu_hat:
  2.3808120827E+02  5.4874827969E-01  0.0000000000E+00      -2.0301237252E+05  2.7156849125E-08
| Global minimum convergence, d_xhat d_muhat:
  4.7491887998E-02  8.5737796730E-07

| GP model hyperparameters (lengthscales W kappa):
  6.7424009581E-01  4.6804274464E-01  8.3964616506E+00  7.0760445005E+00  9.5747123880E+00  7.1107522523E+00
| Next sampling location (x_next, i_next):
  4.9165324311E+01  2.6389708744E+02  0.0000000000E+00

Iteration time [s]:   26.221        Total time [s]:  704.833

--------------------------------------------------------------------------------
                                BO ITERATION 29                                 
--------------------------------------------------------------------------------
| Evaluating objective function at 4.917E+01 2.639E+02 0.000E+00
| Objective function evaluated, time [s]       23.178
| Acquisition location too confident, doing pure exploration
| Data point added to dataset (x i y): 
  4.9165324311E+01  2.6389708744E+02  0.0000000000E+00      -2.0299066228E+05

| Total ensemble size: 61
| Best acquisition, x_best i_best y_best:
  2.3820311333E+02  2.9213947005E-01  0.0000000000E+00      -2.0301237199E+05
| Global minimum prediction, x_hat mu_hat +- nu_hat:
  2.3806031723E+02  5.5495725359E-01  0.0000000000E+00      -2.0301237253E+05  3.2902255054E-08
| Global minimum convergence, d_xhat d_muhat:
  2.1794191172E-02  6.2204415283E-07

| GP model hyperparameters (lengthscales W kappa):
  6.6821861473E-01  4.4414954182E-01  8.0839661065E+00  6.7283925500E+00  9.1333101882E+00  6.6363257789E+00
| Next sampling location (x_next, i_next):
  3.5549354417E+01  1.0310035995E+02  0.0000000000E+00

Iteration time [s]:   26.111        Total time [s]:  730.945

--------------------------------------------------------------------------------
                                BO ITERATION 30                                 
--------------------------------------------------------------------------------
| Evaluating objective function at 3.555E+01 1.031E+02 0.000E+00
| Objective function evaluated, time [s]       23.109
| Acquisition location too confident, doing pure exploration
| Data point added to dataset (x i y): 
  3.5549354417E+01  1.0310035995E+02  0.0000000000E+00      -2.0299170281E+05

| Total ensemble size: 62
| Best acquisition, x_best i_best y_best:
  2.3820311333E+02  2.9213947005E-01  0.0000000000E+00      -2.0301237199E+05
| Global minimum prediction, x_hat mu_hat +- nu_hat:
  2.3809400238E+02  5.4605568623E-01  0.0000000000E+00      -2.0301237252E+05  2.8146407782E-08
| Global minimum convergence, d_xhat d_muhat:
  3.4841463677E-02  4.1372067122E-07

| GP model hyperparameters (lengthscales W kappa):
  6.6706354816E-01  4.2953642077E-01 -7.9109115652E+00 -6.6105484258E+00  8.5190381880E+00  6.2357438006E+00
| Next sampling location (x_next, i_next):
  1.1343233721E+02  2.3291077799E+02  0.0000000000E+00

Iteration time [s]:   26.486        Total time [s]:  757.431

--------------------------------------------------------------------------------
                                BO ITERATION 31                                 
--------------------------------------------------------------------------------
| Evaluating objective function at 1.134E+02 2.329E+02 0.000E+00
| Objective function evaluated, time [s]       23.236
| Acquisition location too confident, doing pure exploration
| Data point added to dataset (x i y): 
  1.1343233721E+02  2.3291077799E+02  0.0000000000E+00      -2.0299665552E+05

| Total ensemble size: 63
| Best acquisition, x_best i_best y_best:
  2.3820311333E+02  2.9213947005E-01  0.0000000000E+00      -2.0301237199E+05
| Global minimum prediction, x_hat mu_hat +- nu_hat:
  2.3810472561E+02  5.4312106767E-01  0.0000000000E+00      -2.0301237252E+05  2.5888246125E-08
| Global minimum convergence, d_xhat d_muhat:
  1.1117530909E-02  2.0485140327E-07

| GP model hyperparameters (lengthscales W kappa):
  6.6442708665E-01  4.3279882060E-01 -7.8996558130E+00 -6.6765980109E+00  8.0026679916E+00  5.9785279168E+00
| Next sampling location (x_next, i_next):
  2.1874740747E+02  2.6562960221E+02  0.0000000000E+00

Iteration time [s]:   26.755        Total time [s]:  784.187

--------------------------------------------------------------------------------
                                BO ITERATION 32                                 
--------------------------------------------------------------------------------
| Evaluating objective function at 2.187E+02 2.656E+02 0.000E+00
| Objective function evaluated, time [s]       22.694
| Acquisition location too confident, doing pure exploration
| Data point added to dataset (x i y): 
  2.1874740747E+02  2.6562960221E+02  0.0000000000E+00      -2.0298840279E+05

| Total ensemble size: 64
| Best acquisition, x_best i_best y_best:
  2.3820311333E+02  2.9213947005E-01  0.0000000000E+00      -2.0301237199E+05
| Global minimum prediction, x_hat mu_hat +- nu_hat:
  2.3806046990E+02  5.5525824026E-01  0.0000000000E+00      -2.0301237253E+05  3.1274899026E-08
| Global minimum convergence, d_xhat d_muhat:
  4.5889856587E-02  6.8537394172E-07

| GP model hyperparameters (lengthscales W kappa):
  6.6467026145E-01  4.3547101535E-01 -7.8973424572E+00 -6.6858515096E+00  7.8627695616E+00  5.8931476941E+00
| Next sampling location (x_next, i_next):
  1.1057603984E+02  3.1000000000E+02  0.0000000000E+00

Iteration time [s]:   26.217        Total time [s]:  810.404

--------------------------------------------------------------------------------
                                BO ITERATION 33                                 
--------------------------------------------------------------------------------
| Evaluating objective function at 1.106E+02 3.100E+02 0.000E+00
| Objective function evaluated, time [s]       23.234
| Acquisition location too confident, doing pure exploration
| Data point added to dataset (x i y): 
  1.1057603984E+02  3.1000000000E+02  0.0000000000E+00      -2.0299354025E+05

| Total ensemble size: 65
| Best acquisition, x_best i_best y_best:
  2.3820311333E+02  2.9213947005E-01  0.0000000000E+00      -2.0301237199E+05
| Global minimum prediction, x_hat mu_hat +- nu_hat:
  2.3801364576E+02  5.6787295928E-01  0.0000000000E+00      -2.0301237256E+05  3.9477276470E-08
| Global minimum convergence, d_xhat d_muhat:
  4.8493617849E-02  1.1735952803E-06

| GP model hyperparameters (lengthscales W kappa):
  6.7931181801E-01  4.1988642003E-01 -7.6992219319E+00 -6.5020316984E+00  8.2778402372E+00  6.1723510396E+00
| Next sampling location (x_next, i_next):
  1.1751886541E+02  9.9294509508E+01  0.0000000000E+00

Iteration time [s]:   27.079        Total time [s]:  837.483

--------------------------------------------------------------------------------
                                BO ITERATION 34                                 
--------------------------------------------------------------------------------
| Evaluating objective function at 1.175E+02 9.929E+01 0.000E+00
| Objective function evaluated, time [s]       23.014
| Acquisition location too confident, doing pure exploration
| Data point added to dataset (x i y): 
  1.1751886541E+02  9.9294509508E+01  0.0000000000E+00      -2.0299094636E+05

| Total ensemble size: 66
| Best acquisition, x_best i_best y_best:
  2.3820311333E+02  2.9213947005E-01  0.0000000000E+00      -2.0301237199E+05
| Global minimum prediction, x_hat mu_hat +- nu_hat:
  2.3802694775E+02  5.6503784450E-01  0.0000000000E+00      -2.0301237255E+05  3.4995542375E-08
| Global minimum convergence, d_xhat d_muhat:
  1.3600764703E-02  3.1597477838E-07

| GP model hyperparameters (lengthscales W kappa):
  6.8073659616E-01  4.2498380783E-01 -7.7553492233E+00 -6.6004579161E+00  8.1189958542E+00  6.0201732639E+00
| Next sampling location (x_next, i_next):
  6.7222741718E+01 -4.7358709429E+00  0.0000000000E+00

Iteration time [s]:   26.408        Total time [s]:  863.892

--------------------------------------------------------------------------------
                                BO ITERATION 35                                 
--------------------------------------------------------------------------------
| Evaluating objective function at 6.722E+01 -4.736E+00 0.000E+00
| Objective function evaluated, time [s]       22.958
| Data point added to dataset (x i y): 
  6.7222741718E+01 -4.7358709429E+00  0.0000000000E+00      -2.0300345595E+05

| Total ensemble size: 67
| Best acquisition, x_best i_best y_best:
  2.3820311333E+02  2.9213947005E-01  0.0000000000E+00      -2.0301237199E+05
| Global minimum prediction, x_hat mu_hat +- nu_hat:
  2.3818931461E+02  5.1799251578E-01  0.0000000000E+00      -2.0301237245E+05  2.3481581035E-08
| Global minimum convergence, d_xhat d_muhat:
  1.6904514547E-01  4.1553714653E-06

| GP model hyperparameters (lengthscales W kappa):
  5.2978244529E-01  5.1970480542E-01 -9.2122849081E+00 -7.5551093348E+00  5.8589802806E+00  4.2294110922E+00
| Next sampling location (x_next, i_next):
  2.3686908625E+02  9.5200355799E-01  0.0000000000E+00

Iteration time [s]:   25.717        Total time [s]:  889.610

--------------------------------------------------------------------------------
                                BO ITERATION 36                                 
--------------------------------------------------------------------------------
| Evaluating objective function at 2.369E+02 9.520E-01 0.000E+00
| Objective function evaluated, time [s]       23.167
| Acquisition location too confident, doing pure exploration
| Data point added to dataset (x i y): 
  2.3686908625E+02  9.5200355799E-01  0.0000000000E+00      -2.0301237352E+05

| Total ensemble size: 68
| Best acquisition, x_best i_best y_best:
  2.3686908625E+02  9.5200355799E-01  0.0000000000E+00      -2.0301237352E+05
| Global minimum prediction, x_hat mu_hat +- nu_hat:
  2.3726662441E+02  8.1196195794E-01  0.0000000000E+00      -2.0301237369E+05  6.7819509119E-09
| Global minimum convergence, d_xhat d_muhat:
  9.6838795674E-01  5.1491783280E-05

| GP model hyperparameters (lengthscales W kappa):
  5.0401396408E-01  5.0884086290E-01 -8.6982841951E+00 -6.9877770061E+00  7.0075790351E+00  4.8342915321E+00
| Next sampling location (x_next, i_next):
  2.6575402731E+00  2.9327579425E+02  0.0000000000E+00

Iteration time [s]:   27.134        Total time [s]:  916.744

--------------------------------------------------------------------------------
                                BO ITERATION 37                                 
--------------------------------------------------------------------------------
| Evaluating objective function at 2.658E+00 2.933E+02 0.000E+00
| Objective function evaluated, time [s]       23.816
| Acquisition location too confident, doing pure exploration
| Data point added to dataset (x i y): 
  2.6575402731E+00  2.9327579425E+02  0.0000000000E+00      -2.0298998062E+05

| Total ensemble size: 69
| Best acquisition, x_best i_best y_best:
  2.3686908625E+02  9.5200355799E-01  0.0000000000E+00      -2.0301237352E+05
| Global minimum prediction, x_hat mu_hat +- nu_hat:
  2.3726681420E+02  8.0758002174E-01  0.0000000000E+00      -2.0301237369E+05  6.9495395215E-09
| Global minimum convergence, d_xhat d_muhat:
  4.3860442656E-03  2.3865145522E-07

| GP model hyperparameters (lengthscales W kappa):
  4.8910079783E-01  4.9102601491E-01 -8.2711936746E+00 -6.7446338807E+00  5.9289618543E+00  4.2379821236E+00
| Next sampling location (x_next, i_next):
  2.0544618697E+02  1.1608960877E+02  0.0000000000E+00

Iteration time [s]:   27.727        Total time [s]:  944.472

--------------------------------------------------------------------------------
                                BO ITERATION 38                                 
--------------------------------------------------------------------------------
| Evaluating objective function at 2.054E+02 1.161E+02 0.000E+00
| Objective function evaluated, time [s]       22.808
| Acquisition location too confident, doing pure exploration
| Data point added to dataset (x i y): 
  2.0544618697E+02  1.1608960877E+02  0.0000000000E+00      -2.0299315705E+05

| Total ensemble size: 70
| Best acquisition, x_best i_best y_best:
  2.3686908625E+02  9.5200355799E-01  0.0000000000E+00      -2.0301237352E+05
| Global minimum prediction, x_hat mu_hat +- nu_hat:
  2.3726704142E+02  8.0819855383E-01  0.0000000000E+00      -2.0301237369E+05  6.8794942187E-09
| Global minimum convergence, d_xhat d_muhat:
  6.5894542412E-04  4.6104556925E-08

| GP model hyperparameters (lengthscales W kappa):
  4.9104699849E-01  4.9673887102E-01  8.3180361029E+00  6.7989777272E+00  5.9459594974E+00  4.2663443710E+00
| Next sampling location (x_next, i_next):
  2.7522265855E+02  2.4681763178E+02  0.0000000000E+00

Iteration time [s]:   26.711        Total time [s]:  971.184

--------------------------------------------------------------------------------
                                BO ITERATION 39                                 
--------------------------------------------------------------------------------
| Evaluating objective function at 2.752E+02 2.468E+02 0.000E+00
| Objective function evaluated, time [s]       23.621
| Acquisition location too confident, doing pure exploration
| Data point added to dataset (x i y): 
  2.7522265855E+02  2.4681763178E+02  0.0000000000E+00      -2.0299281295E+05

| Total ensemble size: 71
| Best acquisition, x_best i_best y_best:
  2.3686908625E+02  9.5200355799E-01  0.0000000000E+00      -2.0301237352E+05
| Global minimum prediction, x_hat mu_hat +- nu_hat:
  2.3726728049E+02  8.0842175245E-01  0.0000000000E+00      -2.0301237369E+05  6.8439244493E-09
| Global minimum convergence, d_xhat d_muhat:
  3.2706844889E-04  4.9295318139E-08

| GP model hyperparameters (lengthscales W kappa):
  4.9364018992E-01  4.9464112750E-01 -8.2689954885E+00 -6.7700488915E+00  5.8609313058E+00  4.2203759496E+00
| Next sampling location (x_next, i_next):
  2.9318817087E+02  8.2548659860E+01  0.0000000000E+00

Iteration time [s]:   27.753        Total time [s]:  998.937

--------------------------------------------------------------------------------
                                BO ITERATION 40                                 
--------------------------------------------------------------------------------
| Evaluating objective function at 2.932E+02 8.255E+01 0.000E+00
| Objective function evaluated, time [s]       23.861
| Acquisition location too confident, doing pure exploration
| Data point added to dataset (x i y): 
  2.9318817087E+02  8.2548659860E+01  0.0000000000E+00      -2.0298891154E+05

| Total ensemble size: 72
| Best acquisition, x_best i_best y_best:
  2.3686908625E+02  9.5200355799E-01  0.0000000000E+00      -2.0301237352E+05
| Global minimum prediction, x_hat mu_hat +- nu_hat:
  2.3726870747E+02  8.0886529136E-01  0.0000000000E+00      -2.0301237369E+05  6.7766502631E-09
| Global minimum convergence, d_xhat d_muhat:
  1.4943180445E-03  9.1206233803E-08

| GP model hyperparameters (lengthscales W kappa):
  4.9777647483E-01  4.9625444893E-01 -8.2586552234E+00 -6.7742927077E+00  6.0396435554E+00  4.3521538035E+00
| Next sampling location (x_next, i_next):
 -3.0521450366E+01  4.3970045355E+01  0.0000000000E+00

Iteration time [s]:   28.224        Total time [s]: 1027.161

--------------------------------------------------------------------------------
                                BO ITERATION 41                                 
--------------------------------------------------------------------------------
| Evaluating objective function at -3.052E+01 4.397E+01 0.000E+00
| Objective function evaluated, time [s]       23.901
| Acquisition location too confident, doing pure exploration
| Data point added to dataset (x i y): 
 -3.0521450366E+01  4.3970045355E+01  0.0000000000E+00      -2.0299121840E+05

| Total ensemble size: 73
| Best acquisition, x_best i_best y_best:
  2.3686908625E+02  9.5200355799E-01  0.0000000000E+00      -2.0301237352E+05
| Global minimum prediction, x_hat mu_hat +- nu_hat:
  2.3726782655E+02  8.1110251679E-01  0.0000000000E+00      -2.0301237369E+05  6.7481717102E-09
| Global minimum convergence, d_xhat d_muhat:
  2.4044120287E-03  9.8310169825E-08

| GP model hyperparameters (lengthscales W kappa):
  4.9470483072E-01  4.9164888133E-01  8.1378168574E+00  6.8981244830E+00  5.6535217196E+00  4.3104905049E+00
| Next sampling location (x_next, i_next):
  8.4830199788E+01  3.8522111526E+01  0.0000000000E+00

Iteration time [s]:   28.211        Total time [s]: 1055.373

--------------------------------------------------------------------------------
                                BO ITERATION 42                                 
--------------------------------------------------------------------------------
| Evaluating objective function at 8.483E+01 3.852E+01 0.000E+00
| Objective function evaluated, time [s]       23.913
| Acquisition location too confident, doing pure exploration
| Data point added to dataset (x i y): 
  8.4830199788E+01  3.8522111526E+01  0.0000000000E+00      -2.0299277333E+05

| Total ensemble size: 74
| Best acquisition, x_best i_best y_best:
  2.3686908625E+02  9.5200355799E-01  0.0000000000E+00      -2.0301237352E+05
| Global minimum prediction, x_hat mu_hat +- nu_hat:
  2.3726373001E+02  8.0027806929E-01  0.0000000000E+00      -2.0301237371E+05  8.0267507307E-09
| Global minimum convergence, d_xhat d_muhat:
  1.1573690019E-02  7.8929695040E-07

| GP model hyperparameters (lengthscales W kappa):
  4.9152685379E-01  4.0701986038E-01  7.0505765291E+00  5.9278992861E+00  5.7920452727E+00  4.3531589106E+00
| Next sampling location (x_next, i_next):
  1.5784294875E+02 -4.2657261717E+01  0.0000000000E+00

Iteration time [s]:   28.550        Total time [s]: 1083.924

--------------------------------------------------------------------------------
                                BO ITERATION 43                                 
--------------------------------------------------------------------------------
| Evaluating objective function at 1.578E+02 -4.266E+01 0.000E+00
| Objective function evaluated, time [s]       23.446
| Data point added to dataset (x i y): 
  1.5784294875E+02 -4.2657261717E+01  0.0000000000E+00      -2.0299238999E+05

| Total ensemble size: 75
| Best acquisition, x_best i_best y_best:
  2.3686908625E+02  9.5200355799E-01  0.0000000000E+00      -2.0301237352E+05
| Global minimum prediction, x_hat mu_hat +- nu_hat:
  2.3726463958E+02  8.0083673080E-01  0.0000000000E+00      -2.0301237371E+05  7.8134386960E-09
| Global minimum convergence, d_xhat d_muhat:
  1.0674370352E-03  4.2782668537E-08

| GP model hyperparameters (lengthscales W kappa):
  4.8301397185E-01  4.2169334645E-01  7.1863992914E+00  6.0136933823E+00  5.7632486395E+00  4.2910502613E+00
| Next sampling location (x_next, i_next):
  9.2097112117E+01  1.7802690940E+02  0.0000000000E+00

Iteration time [s]:   26.858        Total time [s]: 1110.783

--------------------------------------------------------------------------------
                                BO ITERATION 44                                 
--------------------------------------------------------------------------------
| Evaluating objective function at 9.210E+01 1.780E+02 0.000E+00
| Objective function evaluated, time [s]       23.072
| Acquisition location too confident, doing pure exploration
| Data point added to dataset (x i y): 
  9.2097112117E+01  1.7802690940E+02  0.0000000000E+00      -2.0300880359E+05

| Total ensemble size: 76
| Best acquisition, x_best i_best y_best:
  2.3686908625E+02  9.5200355799E-01  0.0000000000E+00      -2.0301237352E+05
| Global minimum prediction, x_hat mu_hat +- nu_hat:
  2.3726489699E+02  8.0078189522E-01  0.0000000000E+00      -2.0301237370E+05  7.7789702679E-09
| Global minimum convergence, d_xhat d_muhat:
  2.6319165608E-04  1.3557092740E-08

| GP model hyperparameters (lengthscales W kappa):
  4.8720402953E-01  4.2009047252E-01  7.1732530837E+00  6.0285380004E+00  5.6378034859E+00  4.2421664750E+00
| Next sampling location (x_next, i_next):
 -1.6775176064E+00  1.3378422571E+02  0.0000000000E+00

Iteration time [s]:   27.272        Total time [s]: 1138.055

--------------------------------------------------------------------------------
                                BO ITERATION 45                                 
--------------------------------------------------------------------------------
| Evaluating objective function at -1.678E+00 1.338E+02 0.000E+00
| Objective function evaluated, time [s]       22.914
| Acquisition location too confident, doing pure exploration
| Data point added to dataset (x i y): 
 -1.6775176064E+00  1.3378422571E+02  0.0000000000E+00      -2.0299866505E+05

| Total ensemble size: 77
| Best acquisition, x_best i_best y_best:
  2.3686908625E+02  9.5200355799E-01  0.0000000000E+00      -2.0301237352E+05
| Global minimum prediction, x_hat mu_hat +- nu_hat:
  2.3726511171E+02  8.0106871168E-01  0.0000000000E+00      -2.0301237370E+05  7.6822725069E-09
| Global minimum convergence, d_xhat d_muhat:
  3.5828453778E-04  1.0868985690E-08

| GP model hyperparameters (lengthscales W kappa):
  4.8685949244E-01  4.2463730728E-01 -7.2081020276E+00 -6.0703181805E+00  5.5750638758E+00  4.2110018524E+00
| Next sampling location (x_next, i_next):
  2.3345104079E+02  2.2018209579E+02  0.0000000000E+00

Iteration time [s]:   27.598        Total time [s]: 1165.654

--------------------------------------------------------------------------------
                                BO ITERATION 46                                 
--------------------------------------------------------------------------------
| Evaluating objective function at 2.335E+02 2.202E+02 0.000E+00
| Objective function evaluated, time [s]       21.842
| Acquisition location too confident, doing pure exploration
| Data point added to dataset (x i y): 
  2.3345104079E+02  2.2018209579E+02  0.0000000000E+00      -2.0299885042E+05

| Total ensemble size: 78
| Best acquisition, x_best i_best y_best:
  2.3686908625E+02  9.5200355799E-01  0.0000000000E+00      -2.0301237352E+05
| Global minimum prediction, x_hat mu_hat +- nu_hat:
  2.3726618404E+02  8.0174209254E-01  0.0000000000E+00      -2.0301237370E+05  7.5641731988E-09
| Global minimum convergence, d_xhat d_muhat:
  1.2662244813E-03  7.1713208194E-08

| GP model hyperparameters (lengthscales W kappa):
  4.8876482463E-01  4.2853824355E-01 -7.2498432764E+00 -6.1268453399E+00  5.5592652758E+00  4.2227012181E+00
| Next sampling location (x_next, i_next):
  2.7849534098E+02  1.2085465612E+02  0.0000000000E+00

Iteration time [s]:   26.812        Total time [s]: 1192.466

--------------------------------------------------------------------------------
                                BO ITERATION 47                                 
--------------------------------------------------------------------------------
| Evaluating objective function at 2.785E+02 1.209E+02 0.000E+00
| Objective function evaluated, time [s]       23.401
| Acquisition location too confident, doing pure exploration
| Data point added to dataset (x i y): 
  2.7849534098E+02  1.2085465612E+02  0.0000000000E+00      -2.0299442730E+05

| Total ensemble size: 79
| Best acquisition, x_best i_best y_best:
  2.3686908625E+02  9.5200355799E-01  0.0000000000E+00      -2.0301237352E+05
| Global minimum prediction, x_hat mu_hat +- nu_hat:
  2.3726699710E+02  8.0269324483E-01  0.0000000000E+00      -2.0301237370E+05  7.3973519753E-09
| Global minimum convergence, d_xhat d_muhat:
  1.2513037013E-03  8.7659729424E-08

| GP model hyperparameters (lengthscales W kappa):
  4.8688318963E-01  4.3873083834E-01 -7.3748257139E+00 -6.2420319817E+00  5.4902581898E+00  4.1431107748E+00
| Next sampling location (x_next, i_next):
  7.5039577784E+01  8.2817519484E+01  0.0000000000E+00

Iteration time [s]:   27.900        Total time [s]: 1220.367

--------------------------------------------------------------------------------
                                BO ITERATION 48                                 
--------------------------------------------------------------------------------
| Evaluating objective function at 7.504E+01 8.282E+01 0.000E+00
| Objective function evaluated, time [s]       22.639
| Acquisition location too confident, doing pure exploration
| Data point added to dataset (x i y): 
  7.5039577784E+01  8.2817519484E+01  0.0000000000E+00      -2.0298952340E+05

| Total ensemble size: 80
| Best acquisition, x_best i_best y_best:
  2.3686908625E+02  9.5200355799E-01  0.0000000000E+00      -2.0301237352E+05
| Global minimum prediction, x_hat mu_hat +- nu_hat:
  2.3726659048E+02  8.0397190209E-01  0.0000000000E+00      -2.0301237370E+05  7.2371956427E-09
| Global minimum convergence, d_xhat d_muhat:
  1.3417553803E-03  9.4302292059E-08

| GP model hyperparameters (lengthscales W kappa):
  4.8309014538E-01  4.5308254322E-01  7.5715308764E+00  6.3908058365E+00  5.4094088187E+00  4.1081051408E+00
| Next sampling location (x_next, i_next):
  1.6381804809E+02  3.6023126582E+01  0.0000000000E+00

Iteration time [s]:   27.057        Total time [s]: 1247.425

--------------------------------------------------------------------------------
                                BO ITERATION 49                                 
--------------------------------------------------------------------------------
| Evaluating objective function at 1.638E+02 3.602E+01 0.000E+00
| Objective function evaluated, time [s]       23.021
| Acquisition location too confident, doing pure exploration
| Data point added to dataset (x i y): 
  1.6381804809E+02  3.6023126582E+01  0.0000000000E+00      -2.0300207319E+05

| Total ensemble size: 81
| Best acquisition, x_best i_best y_best:
  2.3686908625E+02  9.5200355799E-01  0.0000000000E+00      -2.0301237352E+05
| Global minimum prediction, x_hat mu_hat +- nu_hat:
  2.3726403099E+02  8.1597692415E-01  0.0000000000E+00      -2.0301237368E+05  6.7365756528E-09
| Global minimum convergence, d_xhat d_muhat:
  1.2274832614E-02  7.0325324197E-07

| GP model hyperparameters (lengthscales W kappa):
  4.7331275390E-01  4.8517828582E-01 -8.2077814239E+00 -6.8609236542E+00  5.1506012631E+00  3.8647651497E+00
| Next sampling location (x_next, i_next):
  3.2918850321E+00  7.2981960127E+01  0.0000000000E+00

Iteration time [s]:   27.954        Total time [s]: 1275.380

--------------------------------------------------------------------------------
                                BO ITERATION 50                                 
--------------------------------------------------------------------------------
| Evaluating objective function at 3.292E+00 7.298E+01 0.000E+00
| Objective function evaluated, time [s]       23.060
| Acquisition location too confident, doing pure exploration
| Data point added to dataset (x i y): 
  3.2918850321E+00  7.2981960127E+01  0.0000000000E+00      -2.0299014147E+05

| Total ensemble size: 82
| Best acquisition, x_best i_best y_best:
  2.3686908625E+02  9.5200355799E-01  0.0000000000E+00      -2.0301237352E+05
| Global minimum prediction, x_hat mu_hat +- nu_hat:
  2.3726466832E+02  8.1688384054E-01  0.0000000000E+00      -2.0301237368E+05  6.7914153411E-09
| Global minimum convergence, d_xhat d_muhat:
  1.1084608966E-03  3.0039049927E-08

| GP model hyperparameters (lengthscales W kappa):
  4.8227538680E-01  4.6144745773E-01  7.7421143379E+00  6.5418229713E+00  5.6941336599E+00  4.3179658507E+00
| Next sampling location (x_next, i_next):
 -1.7881462579E+01  2.3306592036E+02  0.0000000000E+00

Iteration time [s]:   28.175        Total time [s]: 1303.555

|| Bayesian optimization completed, time [s]     1303.543


--------------------------------------------------------------------------------
                        BOSS is done! Have a nice day :)                        

      Datetime 05-08-2020 18:30:12            Total time [s]     1303.555       
--------------------------------------------------------------------------------
