-50.0000000000_-50.0000000000
130.0000000000_130.0000000000
309.8081881000_7.0153882000
-50.0000000000_57.4289383000
257.6421373000_-14.0104031000
210.6256592000_-10.2075682000
224.7040941000_303.0749268000
233.8470114000_12.7647353000
141.5759812000_20.1923908000
21.7087176000_210.0733976000
292.0381485000_190.3038321000
218.3704632000_197.1111968000
260.8004066000_147.8454125000
293.2210547000_233.9420059000
-11.1036501000_165.7632661000
123.2931464000_207.9911749000
80.1110054000_264.2753794000
69.0766301000_174.1045149000
32.8139167000_116.1820041000
157.6186476000_173.0855455000
203.2276369000_71.3947075000
58.3034509000_-25.5519458000
244.8123596000_-.3409731000
108.8496120000_176.3451596000
234.1036952000_-1.9749235000
240.9837661000_-5.2192047000
17.6072199000_185.3545271000
231.1198702000_172.6068574000
68.5409716000_192.5451123000
237.8791329000_1.5460809000
-29.0761294000_190.8757304000
213.7545080000_8.0925597000
237.7007762000_.3904253000
53.3120147000_50.0796890000
130.3077941000_299.6480156000
110.0876346000_78.2832101000
176.6944215000_254.3867116000
14.2567930000_280.2849439000
302.8007963000_170.8371051000
48.7374746000_178.6465968000
310.0000000000_106.1153319000
200.7183875000_121.9507033000
20.1310521000_8.5790725000
256.6230899000_87.0743030000
5.6865373000_75.2328885000
182.4840069000_185.2647389000
62.2269779000_181.2872602000
97.4709450000_-3.3713952000
261.0186613000_270.2126505000
65.4787560000_179.5642129000
-30.1395922000_261.7740428000
60.0390359000_178.9711294000
-3.2736739000_-28.5342913000
155.1511213000_71.2568102000
83.1704896000_303.9996436000
96.3312067000_35.7889450000
75.2827031000_104.2608437000
225.2589642000_246.2844615000
175.4206571000_295.2105873000
-7.4896258000_38.6465791000
123.1316139000_260.0255453000
165.3379122000_102.4742536000
141.0065367000_-25.6592216000
60.7482495000_17.6422658000
153.2224382000_186.5326962000
38.8167558000_248.4134421000
35.3971710000_-50.0000000000
173.8520996000_224.0483605000
-12.6718762000_115.3879577000
-15.8168614000_233.1343141000
234.4425135000_109.6524526000
54.2221349000_82.7711610000
255.7697404000_220.9804787000
-50.0000000000_134.8972211000
92.6246139000_236.9822274000
275.4718567000_113.7019202000
-40.3504603000_-21.2642340000
271.1380425000_48.9954819000
174.4241602000_41.4660950000
289.2314133000_285.2404067000
163.7456686000_-.4609500000
-14.6433651000_4.3534207000
124.8757923000_101.4152461000
206.6209298000_275.4788830000
-15.8024529000_296.9825416000
260.1052175000_301.0745370000
14.9983034000_141.1313681000
52.4331659000_283.1764786000
259.4752674000_181.5437613000
170.7058379000_137.7435700000
104.2615161000_-33.0900605000
236.8529153000_61.0902318000
-24.8020949000_80.3007650000
145.2800062000_237.1275952000
129.5676725000_50.8895930000
62.5891398000_133.2885557000
169.8986882000_-38.4036297000
5.0614344000_250.6462142000
224.9611891000_139.8749523000
151.4937618000_275.0795539000
99.5675148000_128.1441691000
291.1654171000_77.8341983000
warning in stationary: failed to import cython module: falling back to numpy
warning in coregionalize: failed to import cython module: falling back to numpy
warning in choleskies: failed to import cython module: falling back to numpy
