-50.0000000000_-50.0000000000
130.0000000000_130.0000000000
270.8670628000_-10.2900857000
240.0762110000_20.7258777000
294.8977408000_33.6426930000
232.8882171000_-25.3884718000
184.7851978000_24.5071836000
114.4969322000_-3.2986374000
205.1122642000_67.1661688000
236.7859297000_213.8232867000
68.7146063000_239.3340990000
-23.5413198000_-8.2534682000
-44.3189217000_166.0949038000
-3.8782776000_138.6963272000
-38.1970954000_206.8887059000
269.4035015000_151.9523011000
201.2757144000_-2.4685991000
176.0320319000_274.7743973000
56.6541480000_75.2211023000
153.4494753000_186.8447755000
66.5497685000_178.5885826000
15.1011389000_186.8198786000
204.3429896000_170.1128656000
268.9411811000_183.8627934000
240.8013281000_-.5999993000
55.5522302000_160.1117267000
115.6682307000_169.9616003000
255.2623059000_1.1098980000
247.8561979000_-4.8485636000
227.0083335000_4.9302798000
238.6934649000_1.4243112000
236.8812401000_.7010481000
68.3252812000_303.2343760000
273.9205031000_261.7943805000
292.5915449000_94.5200052000
5.7477800000_263.6291772000
46.5152625000_28.0109515000
165.1413505000_160.8720452000
108.1879485000_201.8215186000
133.3998012000_306.6546925000
22.4870512000_170.7860343000
215.5067825000_114.3929883000
-3.4255890000_72.8079264000
117.4982158000_63.5230976000
120.0971527000_259.5217952000
44.1936019000_-19.7680549000
180.2716451000_231.8968657000
15.4757901000_306.3734492000
162.0420494000_94.0086827000
87.8541083000_106.1971414000
29.7648982000_108.2873732000
45.6899145000_187.0375074000
225.1163379000_266.6435930000
252.1468933000_84.8907801000
3.7837041000_30.1645738000
91.0357828000_32.3786929000
297.9460646000_181.9196704000
281.0249899000_228.1728967000
-39.1044079000_260.5034248000
5.5308340000_230.6131643000
45.9730564000_273.5414351000
310.0000000000_124.0380732000
134.6276633000_22.9156810000
55.3871095000_178.4244509000
95.5151695000_280.4716131000
179.9197346000_-45.5814720000
25.3321985000_57.1908665000
150.7904832000_-16.9908758000
254.0397624000_293.4937936000
61.6462047000_182.2777778000
145.4040778000_228.9381190000
258.8410192000_116.9711906000
73.4861192000_-.7176284000
180.8468199000_125.7948961000
-35.2136531000_57.9057908000
230.4869959000_146.7628714000
156.8271629000_57.4994451000
98.1976894000_-34.5559958000
277.7988869000_59.2118518000
-24.0528816000_102.1069820000
14.3391858000_-2.8495529000
-14.5205177000_-36.2424707000
194.4336965000_203.7723293000
124.3602922000_95.8268378000
-20.9735933000_288.8515373000
208.4527846000_294.2403146000
249.1660437000_242.0526371000
36.5631258000_239.0031457000
212.2598433000_237.3568552000
73.8737473000_55.1681444000
232.3436365000_180.1748608000
104.6394052000_233.0711151000
96.3278454000_138.6373694000
59.6780164000_121.7721530000
-50.0000000000_282.4793536000
146.9993725000_283.5929674000
-34.1573792000_19.9113606000
279.1016306000_-50.0000000000
233.6761913000_60.1034439000
156.2155284000_253.3218945000
28.4829571000_134.6390590000
310.0000000000_234.5374693000
warning in stationary: failed to import cython module: falling back to numpy
warning in coregionalize: failed to import cython module: falling back to numpy
warning in choleskies: failed to import cython module: falling back to numpy
