
-----------------------------   Welcome to ....   ------------------------------
                      _______  _______ _______ _______ 
                     |   _   \|   _   |   _   |   _   |
                     |.  1   /|.  |   |   1___|   1___|
                     |.  _   \|.  |   |____   |____   |
                     |:  1    |:  1   |:  1   |:  1   |
                     |::.. .  |::.. . |::.. . |::.. . |
                     `-------'`-------`-------`-------'

                                 Version 0.9.15                                 
                              15-08-2020 00:24:10                               
--------------------------------------------------------------------------------

| Reading BOSS input file from: in_2D
| Initializing...

--------------------------------------------------------------------------------
                                   INPUT FILE                                   
--------------------------------------------------------------------------------
# input file for alanine 2D (d4-d13)

# optimization
userfn       userfn_2D.py
bounds       -50 310; -50 310
num_tasks    2
kernel       stdp
initpts      2 30
iterpts      50
verbosity    2
kappa_prior  gamma
kappa_priorparam 2 0.014
thetaprior gamma
thetapriorparam 2 0.019; 3.3678 9.0204; 3.3678 9.0204

RESULTS:
8.897672527463867E+01 2.407380290993212E+02 0 -2.029950328911075E+05 
1.548429939105706E+02 1.185402564617318E+02 0 -2.029949013313310E+05 
-3.758218374886247E+01 2.387245134552666E+02 1 2.834140000000000E+01 
2.890041375912863E+02 1.498948877415883E+02 1 2.555100000000000E+01 
2.666641781631707E+01 1.149195362625052E+02 1 3.014350000000000E+01 
1.996759659908734E+02 2.382954014062938E+02 1 3.285370000000000E+01 
-1.398298146463747E+01 2.734855125548984E+02 1 3.318930000000000E+01 
1.135889334542836E+02 2.501957974877852E+02 1 3.274220000000000E+01 
6.924673540692633E+01 1.651874069449061E+02 1 1.850360000000000E+01 
-3.195781202922138E+00 -1.918048832289563E+01 1 3.293880000000000E+01 
2.583717704158306E+02 3.088843570241590E+02 1 2.993420000000000E+01 
2.773381610625618E+02 -8.408217028840284E+00 1 1.854590000000000E+01 
2.442445879204729E+02 2.167247580566002E+02 1 3.099770000000000E+01 
6.655846169187983E+01 2.792070191722425E+02 1 3.220160000000000E+01 
1.742284518344812E+02 1.135039402232280E+02 1 2.995420000000000E+01 
1.918685356297900E+02 -4.784512182140676E+01 1 3.081590000000000E+01 
-9.143093357332647E+00 1.426485136838135E+02 1 2.584360000000000E+01 
9.998025403316160E+01 5.206467812217219E+01 1 3.428420000000000E+01 
9.207361672214576E+01 2.665434403669811E+02 1 3.311040000000000E+01 
1.239428610792273E+02 2.883607458906221E+02 1 3.667360000000000E+01 
-3.208946408405008E+01 -5.202607398375050E+00 1 2.657510000000000E+01 
2.170166686537040E+02 -5.979406099564285E+00 1 1.986400000000000E+01 
-3.318469993651097E+01 -4.991775664850836E+01 1 2.763540000000000E+01 
-4.183975277721854E+01 3.834584940157418E+01 1 3.307480000000000E+01 
7.572180697449951E+01 -2.847248676173652E+01 1 2.717080000000000E+01 
-3.550480598490602E+01 7.270142836837030E+01 1 3.685930000000000E+01 
2.562315062749747E+02 1.285081501560169E+02 1 3.363290000000000E+01 
2.024466605386527E+02 1.273092853618799E+02 1 3.069700000000000E+01 
2.857453356540200E+02 -1.161349325982581E+01 1 1.852050000000000E+01 
4.079703817729663E+01 3.100000000000000E+02 1 3.196640000000000E+01 
1.331923692959494E+02 5.458908806209689E+01 1 3.096470000000000E+01 
1.920010030897525E+02 1.041863440588909E+01 1 1.831440000000000E+01 
--------------------------------------------------------------------------------
                               SIMULATION OPTIONS                               
--------------------------------------------------------------------------------
|| File input/output 
ipfile         in_2D
userfn         userfn_2D.py
outfile        boss.out
rstfile        boss.rst

|| Key settings 
num_tasks         2
bounds         -5.000E+01 3.100E+02;    -5.000E+01 3.100E+02
kerntype       stdp stdp
yrange         -5.000E+01 3.100E+02;    -5.000E+01 3.100E+02
noise          1.000E-12
initpts    2 30    iterpts   50
gm_tol         none
verbosity      2

|| Data acquisition 
acqfn                elcb
acqtol               1.000E-03

|| GP hyperparameters 
thetainit       1.000E+00 3.142E-01
thetabounds     none
thetaprior      gamma
thetapriorpar   2.000E+00 1.900E-02;    3.368E+00 9.020E+00;    3.368E+00 9.020E+00

|| Hyperparameter optimization
updatefreq   1  initupdate      True
updateoffset 0  updaterestarts  2


--------------------------------------------------------------------------------
                              INITIAL DATAPOINT 1                               
--------------------------------------------------------------------------------
| Data point added to dataset (x i y): 
  8.8976725275E+01  2.4073802910E+02  0.0000000000E+00      -2.0299503289E+05

| Total ensemble size: 1
| Next sampling location (x_next, i_next):
  1.5484299391E+02  1.1854025646E+02  0.0000000000E+00

Iteration time [s]:    0.001        Total time [s]:    0.109

--------------------------------------------------------------------------------
                              INITIAL DATAPOINT 2                               
--------------------------------------------------------------------------------
| Data point added to dataset (x i y): 
  1.5484299391E+02  1.1854025646E+02  0.0000000000E+00      -2.0299490133E+05

| Total ensemble size: 2
| Next sampling location (x_next, i_next):
 -3.7582183749E+01  2.3872451346E+02  1.0000000000E+00

Iteration time [s]:    0.001        Total time [s]:    0.113

--------------------------------------------------------------------------------
                              INITIAL DATAPOINT 3                               
--------------------------------------------------------------------------------
| Data point added to dataset (x i y): 
 -3.7582183749E+01  2.3872451346E+02  1.0000000000E+00       2.8341400000E+01

| Total ensemble size: 3
| Next sampling location (x_next, i_next):
  2.8900413759E+02  1.4989488774E+02  1.0000000000E+00

Iteration time [s]:    0.018        Total time [s]:    0.132

--------------------------------------------------------------------------------
                              INITIAL DATAPOINT 4                               
--------------------------------------------------------------------------------
| Data point added to dataset (x i y): 
  2.8900413759E+02  1.4989488774E+02  1.0000000000E+00       2.5551000000E+01

| Total ensemble size: 4
| Next sampling location (x_next, i_next):
  2.6666417816E+01  1.1491953626E+02  1.0000000000E+00

Iteration time [s]:    0.001        Total time [s]:    0.136

--------------------------------------------------------------------------------
                              INITIAL DATAPOINT 5                               
--------------------------------------------------------------------------------
| Data point added to dataset (x i y): 
  2.6666417816E+01  1.1491953626E+02  1.0000000000E+00       3.0143500000E+01

| Total ensemble size: 5
| Next sampling location (x_next, i_next):
  1.9967596599E+02  2.3829540141E+02  1.0000000000E+00

Iteration time [s]:    0.002        Total time [s]:    0.139

--------------------------------------------------------------------------------
                              INITIAL DATAPOINT 6                               
--------------------------------------------------------------------------------
| Data point added to dataset (x i y): 
  1.9967596599E+02  2.3829540141E+02  1.0000000000E+00       3.2853700000E+01

| Total ensemble size: 6
| Next sampling location (x_next, i_next):
 -1.3982981465E+01  2.7348551255E+02  1.0000000000E+00

Iteration time [s]:    0.001        Total time [s]:    0.143

--------------------------------------------------------------------------------
                              INITIAL DATAPOINT 7                               
--------------------------------------------------------------------------------
| Data point added to dataset (x i y): 
 -1.3982981465E+01  2.7348551255E+02  1.0000000000E+00       3.3189300000E+01

| Total ensemble size: 7
| Next sampling location (x_next, i_next):
  1.1358893345E+02  2.5019579749E+02  1.0000000000E+00

Iteration time [s]:    0.001        Total time [s]:    0.146

--------------------------------------------------------------------------------
                              INITIAL DATAPOINT 8                               
--------------------------------------------------------------------------------
| Data point added to dataset (x i y): 
  1.1358893345E+02  2.5019579749E+02  1.0000000000E+00       3.2742200000E+01

| Total ensemble size: 8
| Next sampling location (x_next, i_next):
  6.9246735407E+01  1.6518740694E+02  1.0000000000E+00

Iteration time [s]:    0.002        Total time [s]:    0.150

--------------------------------------------------------------------------------
                              INITIAL DATAPOINT 9                               
--------------------------------------------------------------------------------
| Data point added to dataset (x i y): 
  6.9246735407E+01  1.6518740694E+02  1.0000000000E+00       1.8503600000E+01

| Total ensemble size: 9
| Next sampling location (x_next, i_next):
 -3.1957812029E+00 -1.9180488323E+01  1.0000000000E+00

Iteration time [s]:    0.001        Total time [s]:    0.153

--------------------------------------------------------------------------------
                              INITIAL DATAPOINT 10                              
--------------------------------------------------------------------------------
| Data point added to dataset (x i y): 
 -3.1957812029E+00 -1.9180488323E+01  1.0000000000E+00       3.2938800000E+01

| Total ensemble size: 10
| Next sampling location (x_next, i_next):
  2.5837177042E+02  3.0888435702E+02  1.0000000000E+00

Iteration time [s]:    0.001        Total time [s]:    0.157

--------------------------------------------------------------------------------
                              INITIAL DATAPOINT 11                              
--------------------------------------------------------------------------------
| Data point added to dataset (x i y): 
  2.5837177042E+02  3.0888435702E+02  1.0000000000E+00       2.9934200000E+01

| Total ensemble size: 11
| Next sampling location (x_next, i_next):
  2.7733816106E+02 -8.4082170288E+00  1.0000000000E+00

Iteration time [s]:    0.002        Total time [s]:    0.161

--------------------------------------------------------------------------------
                              INITIAL DATAPOINT 12                              
--------------------------------------------------------------------------------
| Data point added to dataset (x i y): 
  2.7733816106E+02 -8.4082170288E+00  1.0000000000E+00       1.8545900000E+01

| Total ensemble size: 12
| Next sampling location (x_next, i_next):
  2.4424458792E+02  2.1672475806E+02  1.0000000000E+00

Iteration time [s]:    0.001        Total time [s]:    0.164

--------------------------------------------------------------------------------
                              INITIAL DATAPOINT 13                              
--------------------------------------------------------------------------------
| Data point added to dataset (x i y): 
  2.4424458792E+02  2.1672475806E+02  1.0000000000E+00       3.0997700000E+01

| Total ensemble size: 13
| Next sampling location (x_next, i_next):
  6.6558461692E+01  2.7920701917E+02  1.0000000000E+00

Iteration time [s]:    0.001        Total time [s]:    0.168

--------------------------------------------------------------------------------
                              INITIAL DATAPOINT 14                              
--------------------------------------------------------------------------------
| Data point added to dataset (x i y): 
  6.6558461692E+01  2.7920701917E+02  1.0000000000E+00       3.2201600000E+01

| Total ensemble size: 14
| Next sampling location (x_next, i_next):
  1.7422845183E+02  1.1350394022E+02  1.0000000000E+00

Iteration time [s]:    0.002        Total time [s]:    0.172

--------------------------------------------------------------------------------
                              INITIAL DATAPOINT 15                              
--------------------------------------------------------------------------------
| Data point added to dataset (x i y): 
  1.7422845183E+02  1.1350394022E+02  1.0000000000E+00       2.9954200000E+01

| Total ensemble size: 15
| Next sampling location (x_next, i_next):
  1.9186853563E+02 -4.7845121821E+01  1.0000000000E+00

Iteration time [s]:    0.002        Total time [s]:    0.176

--------------------------------------------------------------------------------
                              INITIAL DATAPOINT 16                              
--------------------------------------------------------------------------------
| Data point added to dataset (x i y): 
  1.9186853563E+02 -4.7845121821E+01  1.0000000000E+00       3.0815900000E+01

| Total ensemble size: 16
| Next sampling location (x_next, i_next):
 -9.1430933573E+00  1.4264851368E+02  1.0000000000E+00

Iteration time [s]:    0.001        Total time [s]:    0.180

--------------------------------------------------------------------------------
                              INITIAL DATAPOINT 17                              
--------------------------------------------------------------------------------
| Data point added to dataset (x i y): 
 -9.1430933573E+00  1.4264851368E+02  1.0000000000E+00       2.5843600000E+01

| Total ensemble size: 17
| Next sampling location (x_next, i_next):
  9.9980254033E+01  5.2064678122E+01  1.0000000000E+00

Iteration time [s]:    0.002        Total time [s]:    0.183

--------------------------------------------------------------------------------
                              INITIAL DATAPOINT 18                              
--------------------------------------------------------------------------------
| Data point added to dataset (x i y): 
  9.9980254033E+01  5.2064678122E+01  1.0000000000E+00       3.4284200000E+01

| Total ensemble size: 18
| Next sampling location (x_next, i_next):
  9.2073616722E+01  2.6654344037E+02  1.0000000000E+00

Iteration time [s]:    0.002        Total time [s]:    0.187

--------------------------------------------------------------------------------
                              INITIAL DATAPOINT 19                              
--------------------------------------------------------------------------------
| Data point added to dataset (x i y): 
  9.2073616722E+01  2.6654344037E+02  1.0000000000E+00       3.3110400000E+01

| Total ensemble size: 19
| Next sampling location (x_next, i_next):
  1.2394286108E+02  2.8836074589E+02  1.0000000000E+00

Iteration time [s]:    0.002        Total time [s]:    0.190

--------------------------------------------------------------------------------
                              INITIAL DATAPOINT 20                              
--------------------------------------------------------------------------------
| Data point added to dataset (x i y): 
  1.2394286108E+02  2.8836074589E+02  1.0000000000E+00       3.6673600000E+01

| Total ensemble size: 20
| Next sampling location (x_next, i_next):
 -3.2089464084E+01 -5.2026073984E+00  1.0000000000E+00

Iteration time [s]:    0.002        Total time [s]:    0.195

--------------------------------------------------------------------------------
                              INITIAL DATAPOINT 21                              
--------------------------------------------------------------------------------
| Data point added to dataset (x i y): 
 -3.2089464084E+01 -5.2026073984E+00  1.0000000000E+00       2.6575100000E+01

| Total ensemble size: 21
| Next sampling location (x_next, i_next):
  2.1701666865E+02 -5.9794060996E+00  1.0000000000E+00

Iteration time [s]:    0.002        Total time [s]:    0.198

--------------------------------------------------------------------------------
                              INITIAL DATAPOINT 22                              
--------------------------------------------------------------------------------
| Data point added to dataset (x i y): 
  2.1701666865E+02 -5.9794060996E+00  1.0000000000E+00       1.9864000000E+01

| Total ensemble size: 22
| Next sampling location (x_next, i_next):
 -3.3184699937E+01 -4.9917756649E+01  1.0000000000E+00

Iteration time [s]:    0.002        Total time [s]:    0.202

--------------------------------------------------------------------------------
                              INITIAL DATAPOINT 23                              
--------------------------------------------------------------------------------
| Data point added to dataset (x i y): 
 -3.3184699937E+01 -4.9917756649E+01  1.0000000000E+00       2.7635400000E+01

| Total ensemble size: 23
| Next sampling location (x_next, i_next):
 -4.1839752777E+01  3.8345849402E+01  1.0000000000E+00

Iteration time [s]:    0.002        Total time [s]:    0.205

--------------------------------------------------------------------------------
                              INITIAL DATAPOINT 24                              
--------------------------------------------------------------------------------
| Data point added to dataset (x i y): 
 -4.1839752777E+01  3.8345849402E+01  1.0000000000E+00       3.3074800000E+01

| Total ensemble size: 24
| Next sampling location (x_next, i_next):
  7.5721806974E+01 -2.8472486762E+01  1.0000000000E+00

Iteration time [s]:    0.002        Total time [s]:    0.209

--------------------------------------------------------------------------------
                              INITIAL DATAPOINT 25                              
--------------------------------------------------------------------------------
| Data point added to dataset (x i y): 
  7.5721806974E+01 -2.8472486762E+01  1.0000000000E+00       2.7170800000E+01

| Total ensemble size: 25
| Next sampling location (x_next, i_next):
 -3.5504805985E+01  7.2701428368E+01  1.0000000000E+00

Iteration time [s]:    0.001        Total time [s]:    0.212

--------------------------------------------------------------------------------
                              INITIAL DATAPOINT 26                              
--------------------------------------------------------------------------------
| Data point added to dataset (x i y): 
 -3.5504805985E+01  7.2701428368E+01  1.0000000000E+00       3.6859300000E+01

| Total ensemble size: 26
| Next sampling location (x_next, i_next):
  2.5623150627E+02  1.2850815016E+02  1.0000000000E+00

Iteration time [s]:    0.002        Total time [s]:    0.217

--------------------------------------------------------------------------------
                              INITIAL DATAPOINT 27                              
--------------------------------------------------------------------------------
| Data point added to dataset (x i y): 
  2.5623150627E+02  1.2850815016E+02  1.0000000000E+00       3.3632900000E+01

| Total ensemble size: 27
| Next sampling location (x_next, i_next):
  2.0244666054E+02  1.2730928536E+02  1.0000000000E+00

Iteration time [s]:    0.001        Total time [s]:    0.220

--------------------------------------------------------------------------------
                              INITIAL DATAPOINT 28                              
--------------------------------------------------------------------------------
| Data point added to dataset (x i y): 
  2.0244666054E+02  1.2730928536E+02  1.0000000000E+00       3.0697000000E+01

| Total ensemble size: 28
| Next sampling location (x_next, i_next):
  2.8574533565E+02 -1.1613493260E+01  1.0000000000E+00

Iteration time [s]:    0.001        Total time [s]:    0.223

--------------------------------------------------------------------------------
                              INITIAL DATAPOINT 29                              
--------------------------------------------------------------------------------
| Data point added to dataset (x i y): 
  2.8574533565E+02 -1.1613493260E+01  1.0000000000E+00       1.8520500000E+01

| Total ensemble size: 29
| Next sampling location (x_next, i_next):
  4.0797038177E+01  3.1000000000E+02  1.0000000000E+00

Iteration time [s]:    0.001        Total time [s]:    0.227

--------------------------------------------------------------------------------
                              INITIAL DATAPOINT 30                              
--------------------------------------------------------------------------------
| Data point added to dataset (x i y): 
  4.0797038177E+01  3.1000000000E+02  1.0000000000E+00       3.1966400000E+01

| Total ensemble size: 30
| Next sampling location (x_next, i_next):
  1.3319236930E+02  5.4589088062E+01  1.0000000000E+00

Iteration time [s]:    0.001        Total time [s]:    0.229

--------------------------------------------------------------------------------
                              INITIAL DATAPOINT 31                              
--------------------------------------------------------------------------------
| Data point added to dataset (x i y): 
  1.3319236930E+02  5.4589088062E+01  1.0000000000E+00       3.0964700000E+01

| Total ensemble size: 31
| Next sampling location (x_next, i_next):
  1.9200100309E+02  1.0418634406E+01  1.0000000000E+00

Iteration time [s]:    0.001        Total time [s]:    0.231

--------------------------------------------------------------------------------
                              INITIAL DATAPOINT 32                              
--------------------------------------------------------------------------------
| Data point added to dataset (x i y): 
  1.9200100309E+02  1.0418634406E+01  1.0000000000E+00       1.8314400000E+01

| Total ensemble size: 32
| Best acquisition, x_best i_best y_best:
  8.8976725275E+01  2.4073802910E+02  0.0000000000E+00      -2.0299503289E+05
| Global minimum prediction, x_hat mu_hat +- nu_hat:
  8.8976632535E+01  2.4073814483E+02  0.0000000000E+00      -2.0299503289E+05  1.0033509046E-08

| GP model hyperparameters (lengthscales W kappa):
  5.2277732756E-01  4.5062997311E-01 -1.3965817795E-05  1.4095553125E-04  4.3008631489E+00  4.8537146760E+01
| Next sampling location (x_next, i_next):
  3.0589864262E+02 -2.7513557671E+00  0.0000000000E+00

Iteration time [s]:    1.317        Total time [s]:    1.548

--------------------------------------------------------------------------------
                                 BO ITERATION 1                                 
--------------------------------------------------------------------------------
| Evaluating objective function at 3.059E+02 -2.751E+00 0.000E+00
| Objective function evaluated, time [s]       33.146
| Data point added to dataset (x i y): 
  3.0589864262E+02 -2.7513557671E+00  0.0000000000E+00      -2.0300407212E+05

| Total ensemble size: 33
| Best acquisition, x_best i_best y_best:
  3.0589864262E+02 -2.7513557671E+00  0.0000000000E+00      -2.0300407212E+05
| Global minimum prediction, x_hat mu_hat +- nu_hat:
  2.9541781194E+02 -7.0986111647E+00  0.0000000000E+00      -2.0300426528E+05  1.0600627837E+00
| Global minimum convergence, d_xhat d_muhat:
  3.2255389965E+02  4.9783969861E-01

| GP model hyperparameters (lengthscales W kappa):
  5.2246326006E-01  4.5186723513E-01  2.1990649536E+00  3.2334679745E+00  2.4915580199E+01  3.8327966890E+01
| Next sampling location (x_next, i_next):
  2.0192341067E+02  2.3433022826E+00  0.0000000000E+00

Iteration time [s]:   34.368        Total time [s]:   35.917

--------------------------------------------------------------------------------
                                 BO ITERATION 2                                 
--------------------------------------------------------------------------------
| Evaluating objective function at 2.019E+02 2.343E+00 0.000E+00
| Objective function evaluated, time [s]       23.227
| Data point added to dataset (x i y): 
  2.0192341067E+02  2.3433022826E+00  0.0000000000E+00      -2.0301032662E+05

| Total ensemble size: 34
| Best acquisition, x_best i_best y_best:
  2.0192341067E+02  2.3433022826E+00  0.0000000000E+00      -2.0301032662E+05
| Global minimum prediction, x_hat mu_hat +- nu_hat:
  2.0051840327E+02  5.0166787815E+00  0.0000000000E+00      -2.0301035545E+05  1.4018956741E-01
| Global minimum convergence, d_xhat d_muhat:
  9.5669629540E+01  3.2840162876E-01

| GP model hyperparameters (lengthscales W kappa):
  5.1876921800E-01  4.4788617143E-01  4.6652364316E+00  4.3565564972E+00  3.1223749919E+01  2.8841425903E+01
| Next sampling location (x_next, i_next):
 -4.6269308469E+01  1.8011102468E+02  0.0000000000E+00

Iteration time [s]:   24.736        Total time [s]:   60.656

--------------------------------------------------------------------------------
                                 BO ITERATION 3                                 
--------------------------------------------------------------------------------
| Evaluating objective function at -4.627E+01 1.801E+02 0.000E+00
| Objective function evaluated, time [s]       22.977
| Data point added to dataset (x i y): 
 -4.6269308469E+01  1.8011102468E+02  0.0000000000E+00      -2.0300852775E+05

| Total ensemble size: 35
| Best acquisition, x_best i_best y_best:
  2.0192341067E+02  2.3433022826E+00  0.0000000000E+00      -2.0301032662E+05
| Global minimum prediction, x_hat mu_hat +- nu_hat:
  1.9926251409E+02  5.4848515979E+00  0.0000000000E+00      -2.0301037341E+05  2.4327013312E-01
| Global minimum convergence, d_xhat d_muhat:
  1.3403146773E+00  9.6850483550E-04

| GP model hyperparameters (lengthscales W kappa):
  5.1440775840E-01  4.4561551559E-01  4.9647391734E+00  4.4875795623E+00  3.0317632809E+01  2.6856893765E+01
| Next sampling location (x_next, i_next):
  4.0074365634E+01  1.5909997064E+02  0.0000000000E+00

Iteration time [s]:   24.654        Total time [s]:   85.312

--------------------------------------------------------------------------------
                                 BO ITERATION 4                                 
--------------------------------------------------------------------------------
| Evaluating objective function at 4.007E+01 1.591E+02 0.000E+00
| Objective function evaluated, time [s]       23.011
| Data point added to dataset (x i y): 
  4.0074365634E+01  1.5909997064E+02  0.0000000000E+00      -2.0300682749E+05

| Total ensemble size: 36
| Best acquisition, x_best i_best y_best:
  2.0192341067E+02  2.3433022826E+00  0.0000000000E+00      -2.0301032662E+05
| Global minimum prediction, x_hat mu_hat +- nu_hat:
  1.9882022922E+02  5.4687679761E+00  0.0000000000E+00      -2.0301037681E+05  2.4292635734E-01
| Global minimum convergence, d_xhat d_muhat:
  4.4257720589E-01  1.7727252752E-04

| GP model hyperparameters (lengthscales W kappa):
  5.1592658799E-01  4.4690348403E-01 -4.8820718273E+00 -4.6483602895E+00  2.7307839814E+01  2.5672578764E+01
| Next sampling location (x_next, i_next):
  1.1661501741E+02 -1.5832516339E+00  0.0000000000E+00

Iteration time [s]:   24.391        Total time [s]:  109.705

--------------------------------------------------------------------------------
                                 BO ITERATION 5                                 
--------------------------------------------------------------------------------
| Evaluating objective function at 1.166E+02 -1.583E+00 0.000E+00
| Objective function evaluated, time [s]       23.179
| Data point added to dataset (x i y): 
  1.1661501741E+02 -1.5832516339E+00  0.0000000000E+00      -2.0299063233E+05

| Total ensemble size: 37
| Best acquisition, x_best i_best y_best:
  2.0192341067E+02  2.3433022826E+00  0.0000000000E+00      -2.0301032662E+05
| Global minimum prediction, x_hat mu_hat +- nu_hat:
  2.1436270795E+02  9.1811177359E+00  0.0000000000E+00      -2.0301106549E+05  2.8249424023E+00
| Global minimum convergence, d_xhat d_muhat:
  1.5979680399E+01  3.1897089904E-02

| GP model hyperparameters (lengthscales W kappa):
  5.0661978525E-01  4.7227409622E-01 -6.8979731205E+00 -5.3094082457E+00  2.9639999769E+01  2.1129943538E+01
| Next sampling location (x_next, i_next):
  2.2565242405E+02  5.0083992699E+01  0.0000000000E+00

Iteration time [s]:   24.856        Total time [s]:  134.562

--------------------------------------------------------------------------------
                                 BO ITERATION 6                                 
--------------------------------------------------------------------------------
| Evaluating objective function at 2.257E+02 5.008E+01 0.000E+00
| Objective function evaluated, time [s]       23.179
| Data point added to dataset (x i y): 
  2.2565242405E+02  5.0083992699E+01  0.0000000000E+00      -2.0299872804E+05

| Total ensemble size: 38
| Best acquisition, x_best i_best y_best:
  2.0192341067E+02  2.3433022826E+00  0.0000000000E+00      -2.0301032662E+05
| Global minimum prediction, x_hat mu_hat +- nu_hat:
  2.0846422799E+02  1.4992071872E+00  0.0000000000E+00      -2.0301046316E+05  4.1197225298E-01
| Global minimum convergence, d_xhat d_muhat:
  9.6852369862E+00  2.8348179056E-02

| GP model hyperparameters (lengthscales W kappa):
  5.2208756021E-01  4.8310114786E-01  7.8623053324E+00  5.8454485110E+00  2.7069884915E+01  1.8040196373E+01
| Next sampling location (x_next, i_next):
  1.8389674212E+02  1.9052192512E+02  0.0000000000E+00

Iteration time [s]:   24.722        Total time [s]:  159.285

--------------------------------------------------------------------------------
                                 BO ITERATION 7                                 
--------------------------------------------------------------------------------
| Evaluating objective function at 1.839E+02 1.905E+02 0.000E+00
| Objective function evaluated, time [s]       21.876
| Data point added to dataset (x i y): 
  1.8389674212E+02  1.9052192512E+02  0.0000000000E+00      -2.0300734209E+05

| Total ensemble size: 39
| Best acquisition, x_best i_best y_best:
  2.0192341067E+02  2.3433022826E+00  0.0000000000E+00      -2.0301032662E+05
| Global minimum prediction, x_hat mu_hat +- nu_hat:
  2.0891160230E+02  1.1232885573E+00  0.0000000000E+00      -2.0301047745E+05  4.2294763856E-01
| Global minimum convergence, d_xhat d_muhat:
  5.8434458162E-01  6.5142235173E-04

| GP model hyperparameters (lengthscales W kappa):
  5.5443698604E-01  5.2094579103E-01  8.7375630888E+00  6.5822025571E+00  2.8004125374E+01  1.9136048085E+01
| Next sampling location (x_next, i_next):
  1.0850210523E+02  1.7456942732E+02  0.0000000000E+00

Iteration time [s]:   23.217        Total time [s]:  182.503

--------------------------------------------------------------------------------
                                 BO ITERATION 8                                 
--------------------------------------------------------------------------------
| Evaluating objective function at 1.085E+02 1.746E+02 0.000E+00
| Objective function evaluated, time [s]       23.168
| Data point added to dataset (x i y): 
  1.0850210523E+02  1.7456942732E+02  0.0000000000E+00      -2.0300801620E+05

| Total ensemble size: 40
| Best acquisition, x_best i_best y_best:
  2.0192341067E+02  2.3433022826E+00  0.0000000000E+00      -2.0301032662E+05
| Global minimum prediction, x_hat mu_hat +- nu_hat:
  2.0923681852E+02  1.7684503023E+00  0.0000000000E+00      -2.0301048653E+05  3.6734100002E-01
| Global minimum convergence, d_xhat d_muhat:
  7.2249516847E-01  4.0234635784E-04

| GP model hyperparameters (lengthscales W kappa):
  5.8036489549E-01  5.4815478884E-01 -9.5253624154E+00 -7.2534244959E+00  2.6996835352E+01  1.8608368421E+01
| Next sampling location (x_next, i_next):
  2.8941871074E+02  2.4462489706E+02  0.0000000000E+00

Iteration time [s]:   24.601        Total time [s]:  207.107

--------------------------------------------------------------------------------
                                 BO ITERATION 9                                 
--------------------------------------------------------------------------------
| Evaluating objective function at 2.894E+02 2.446E+02 0.000E+00
| Objective function evaluated, time [s]       23.166
| Data point added to dataset (x i y): 
  2.8941871074E+02  2.4462489706E+02  0.0000000000E+00      -2.0299400811E+05

| Total ensemble size: 41
| Best acquisition, x_best i_best y_best:
  2.0192341067E+02  2.3433022826E+00  0.0000000000E+00      -2.0301032662E+05
| Global minimum prediction, x_hat mu_hat +- nu_hat:
  2.0642886204E+02  4.8073707835E+00  0.0000000000E+00      -2.0301044569E+05  1.1284270658E-01
| Global minimum convergence, d_xhat d_muhat:
  4.1375907604E+00  1.8743214650E-03

| GP model hyperparameters (lengthscales W kappa):
  5.9945198316E-01  5.7394849264E-01 -1.0987226778E+01 -8.1073698612E+00  2.1905235217E+01  1.3867392020E+01
| Next sampling location (x_next, i_next):
  2.5508604977E+02 -1.2126069465E+01  0.0000000000E+00

Iteration time [s]:   24.820        Total time [s]:  231.928

--------------------------------------------------------------------------------
                                BO ITERATION 10                                 
--------------------------------------------------------------------------------
| Evaluating objective function at 2.551E+02 -1.213E+01 0.000E+00
| Objective function evaluated, time [s]       23.248
| Data point added to dataset (x i y): 
  2.5508604977E+02 -1.2126069465E+01  0.0000000000E+00      -2.0301140555E+05

| Total ensemble size: 42
| Best acquisition, x_best i_best y_best:
  2.5508604977E+02 -1.2126069465E+01  0.0000000000E+00      -2.0301140555E+05
| Global minimum prediction, x_hat mu_hat +- nu_hat:
  2.4635079407E+02 -5.1739174191E+00  0.0000000000E+00      -2.0301166449E+05  3.3259445210E-01
| Global minimum convergence, d_xhat d_muhat:
  4.1150780931E+01  5.3925529547E-02

| GP model hyperparameters (lengthscales W kappa):
  6.1458157688E-01  5.7563897257E-01  1.0885184031E+01  8.1438557241E+00  2.6122052446E+01  1.7421593544E+01
| Next sampling location (x_next, i_next):
  1.7078537698E+01  2.0143243914E+02  0.0000000000E+00

Iteration time [s]:   24.768        Total time [s]:  256.697

--------------------------------------------------------------------------------
                                BO ITERATION 11                                 
--------------------------------------------------------------------------------
| Evaluating objective function at 1.708E+01 2.014E+02 0.000E+00
| Objective function evaluated, time [s]       23.199
| Data point added to dataset (x i y): 
  1.7078537698E+01  2.0143243914E+02  0.0000000000E+00      -2.0300602221E+05

| Total ensemble size: 43
| Best acquisition, x_best i_best y_best:
  2.5508604977E+02 -1.2126069465E+01  0.0000000000E+00      -2.0301140555E+05
| Global minimum prediction, x_hat mu_hat +- nu_hat:
  2.4444860711E+02 -4.9683034843E+00  0.0000000000E+00      -2.0301167098E+05  3.3450789166E-01
| Global minimum convergence, d_xhat d_muhat:
  1.9132674539E+00  2.8364850683E-04

| GP model hyperparameters (lengthscales W kappa):
  6.2557527753E-01  5.8357651474E-01 -1.0902888291E+01 -8.3818921815E+00  2.5725518177E+01  1.7830718171E+01
| Next sampling location (x_next, i_next):
  2.4520721430E+02  1.7138344346E+02  0.0000000000E+00

Iteration time [s]:   24.662        Total time [s]:  281.362

--------------------------------------------------------------------------------
                                BO ITERATION 12                                 
--------------------------------------------------------------------------------
| Evaluating objective function at 2.452E+02 1.714E+02 0.000E+00
| Objective function evaluated, time [s]       22.496
| Data point added to dataset (x i y): 
  2.4520721430E+02  1.7138344346E+02  0.0000000000E+00      -2.0300634920E+05

| Total ensemble size: 44
| Best acquisition, x_best i_best y_best:
  2.5508604977E+02 -1.2126069465E+01  0.0000000000E+00      -2.0301140555E+05
| Global minimum prediction, x_hat mu_hat +- nu_hat:
  2.3964142342E+02 -4.4448489580E+00  0.0000000000E+00      -2.0301173053E+05  4.0045801185E-01
| Global minimum convergence, d_xhat d_muhat:
  4.8355992041E+00  2.5745283608E-03

| GP model hyperparameters (lengthscales W kappa):
  6.2975828513E-01  5.7928469713E-01  1.0472569709E+01  8.3284731532E+00  2.6325506404E+01  1.9262388113E+01
| Next sampling location (x_next, i_next):
  6.7592490737E+01  1.9008086080E+02  0.0000000000E+00

Iteration time [s]:   24.121        Total time [s]:  305.486

--------------------------------------------------------------------------------
                                BO ITERATION 13                                 
--------------------------------------------------------------------------------
| Evaluating objective function at 6.759E+01 1.901E+02 0.000E+00
| Objective function evaluated, time [s]       23.773
| Data point added to dataset (x i y): 
  6.7592490737E+01  1.9008086080E+02  0.0000000000E+00      -2.0300898385E+05

| Total ensemble size: 45
| Best acquisition, x_best i_best y_best:
  2.5508604977E+02 -1.2126069465E+01  0.0000000000E+00      -2.0301140555E+05
| Global minimum prediction, x_hat mu_hat +- nu_hat:
  2.3813848850E+02 -4.4246416549E+00  0.0000000000E+00      -2.0301176085E+05  3.6437443647E-01
| Global minimum convergence, d_xhat d_muhat:
  1.5030707569E+00  1.2886869505E-03

| GP model hyperparameters (lengthscales W kappa):
  6.4623640912E-01  5.9595513013E-01  1.0565712727E+01  8.7205163844E+00  2.6588417370E+01  2.0550277907E+01
| Next sampling location (x_next, i_next):
  3.0807872473E+02  1.3609484216E+02  0.0000000000E+00

Iteration time [s]:   25.578        Total time [s]:  331.064

--------------------------------------------------------------------------------
                                BO ITERATION 14                                 
--------------------------------------------------------------------------------
| Evaluating objective function at 3.081E+02 1.361E+02 0.000E+00
| Objective function evaluated, time [s]       23.158
| Data point added to dataset (x i y): 
  3.0807872473E+02  1.3609484216E+02  0.0000000000E+00      -2.0300004444E+05

| Total ensemble size: 46
| Best acquisition, x_best i_best y_best:
  2.5508604977E+02 -1.2126069465E+01  0.0000000000E+00      -2.0301140555E+05
| Global minimum prediction, x_hat mu_hat +- nu_hat:
  2.4055112004E+02 -4.4768237470E+00  0.0000000000E+00      -2.0301171060E+05  3.1001221139E-01
| Global minimum convergence, d_xhat d_muhat:
  2.4131957916E+00  2.1548707481E-03

| GP model hyperparameters (lengthscales W kappa):
  6.5327592361E-01  6.0799661898E-01  1.1083272957E+01  9.1078822647E+00  2.4333154355E+01  1.8476105908E+01
| Next sampling location (x_next, i_next):
  2.5029730737E+02  7.3309363232E+00  0.0000000000E+00

Iteration time [s]:   24.945        Total time [s]:  356.009

--------------------------------------------------------------------------------
                                BO ITERATION 15                                 
--------------------------------------------------------------------------------
| Evaluating objective function at 2.503E+02 7.331E+00 0.000E+00
| Objective function evaluated, time [s]       23.242
| Data point added to dataset (x i y): 
  2.5029730737E+02  7.3309363232E+00  0.0000000000E+00      -2.0301137928E+05

| Total ensemble size: 47
| Best acquisition, x_best i_best y_best:
  2.5508604977E+02 -1.2126069465E+01  0.0000000000E+00      -2.0301140555E+05
| Global minimum prediction, x_hat mu_hat +- nu_hat:
  2.4367404414E+02 -1.5212168243E+00  0.0000000000E+00      -2.0301211622E+05  6.4501808654E-02
| Global minimum convergence, d_xhat d_muhat:
  4.2997985052E+00  1.7043633061E-02

| GP model hyperparameters (lengthscales W kappa):
  6.6955817541E-01  6.2937371461E-01  1.1799976864E+01  9.6196254724E+00  2.5339388362E+01  1.9116505087E+01
| Next sampling location (x_next, i_next):
  8.1319418345E+01  1.4860459137E+02  0.0000000000E+00

Iteration time [s]:   24.882        Total time [s]:  380.895

--------------------------------------------------------------------------------
                                BO ITERATION 16                                 
--------------------------------------------------------------------------------
| Evaluating objective function at 8.132E+01 1.486E+02 0.000E+00
| Objective function evaluated, time [s]       23.018
| Data point added to dataset (x i y): 
  8.1319418345E+01  1.4860459137E+02  0.0000000000E+00      -2.0300448964E+05

| Total ensemble size: 48
| Best acquisition, x_best i_best y_best:
  2.5508604977E+02 -1.2126069465E+01  0.0000000000E+00      -2.0301140555E+05
| Global minimum prediction, x_hat mu_hat +- nu_hat:
  2.4347951254E+02 -1.5437233706E+00  0.0000000000E+00      -2.0301212200E+05  6.3034467583E-02
| Global minimum convergence, d_xhat d_muhat:
  1.9582922598E-01  2.4207483986E-04

| GP model hyperparameters (lengthscales W kappa):
  6.7773221811E-01  6.3364187694E-01  1.1672562201E+01  9.7505470880E+00  2.5607761251E+01  1.9894303047E+01
| Next sampling location (x_next, i_next):
  2.2930995524E+02 -2.8063310938E+00  0.0000000000E+00

Iteration time [s]:   24.706        Total time [s]:  405.602

--------------------------------------------------------------------------------
                                BO ITERATION 17                                 
--------------------------------------------------------------------------------
| Evaluating objective function at 2.293E+02 -2.806E+00 0.000E+00
| Objective function evaluated, time [s]       23.218
| Data point added to dataset (x i y): 
  2.2930995524E+02 -2.8063310938E+00  0.0000000000E+00      -2.0301202640E+05

| Total ensemble size: 49
| Best acquisition, x_best i_best y_best:
  2.2930995524E+02 -2.8063310938E+00  0.0000000000E+00      -2.0301202640E+05
| Global minimum prediction, x_hat mu_hat +- nu_hat:
  2.4034801812E+02 -1.3694825521E+00  0.0000000000E+00      -2.0301218508E+05  4.3765641458E-03
| Global minimum convergence, d_xhat d_muhat:
  3.1363381748E+00  2.5980600267E-03

| GP model hyperparameters (lengthscales W kappa):
  6.9727608472E-01  6.4551637726E-01  1.1857303186E+01  1.0229502272E+01  2.5919072108E+01  2.1264972218E+01
| Next sampling location (x_next, i_next):
  2.2646973679E+02  6.2534500507E+00  0.0000000000E+00

Iteration time [s]:   25.137        Total time [s]:  430.740

--------------------------------------------------------------------------------
                                BO ITERATION 18                                 
--------------------------------------------------------------------------------
| Evaluating objective function at 2.265E+02 6.253E+00 0.000E+00
| Objective function evaluated, time [s]       23.203
| Data point added to dataset (x i y): 
  2.2646973679E+02  6.2534500507E+00  0.0000000000E+00      -2.0301216366E+05

| Total ensemble size: 50
| Best acquisition, x_best i_best y_best:
  2.2646973679E+02  6.2534500507E+00  0.0000000000E+00      -2.0301216366E+05
| Global minimum prediction, x_hat mu_hat +- nu_hat:
  2.3422673983E+02  1.6533661598E+00  0.0000000000E+00      -2.0301229308E+05  1.7763805183E-03
| Global minimum convergence, d_xhat d_muhat:
  6.8269804642E+00  4.3761052490E-03

| GP model hyperparameters (lengthscales W kappa):
  6.8190704741E-01  6.4519037677E-01 -1.3304289080E+01 -1.0215306819E+01  2.4590028810E+01  1.6887465121E+01
| Next sampling location (x_next, i_next):
  2.4054576613E+02 -4.4057460605E-02  0.0000000000E+00

Iteration time [s]:   25.198        Total time [s]:  455.947

--------------------------------------------------------------------------------
                                BO ITERATION 19                                 
--------------------------------------------------------------------------------
| Evaluating objective function at 2.405E+02 -4.406E-02 0.000E+00
| Objective function evaluated, time [s]       23.437
| Data point added to dataset (x i y): 
  2.4054576613E+02 -4.4057460605E-02  0.0000000000E+00      -2.0301236508E+05

| Total ensemble size: 51
| Best acquisition, x_best i_best y_best:
  2.4054576613E+02 -4.4057460605E-02  0.0000000000E+00      -2.0301236508E+05
| Global minimum prediction, x_hat mu_hat +- nu_hat:
  2.3776396540E+02  7.4946430160E-01  0.0000000000E+00      -2.0301237313E+05  4.1230099276E-05
| Global minimum convergence, d_xhat d_muhat:
  3.6508907505E+00  3.1951562640E-03

| GP model hyperparameters (lengthscales W kappa):
  6.6258192430E-01  6.4157256237E-01 -1.3021375390E+01 -9.7157106504E+00  2.7034916616E+01  1.8087505336E+01
| Next sampling location (x_next, i_next):
  1.7264756639E+02  1.6571120320E+02  0.0000000000E+00

Iteration time [s]:   25.498        Total time [s]:  481.446

--------------------------------------------------------------------------------
                                BO ITERATION 20                                 
--------------------------------------------------------------------------------
| Evaluating objective function at 1.726E+02 1.657E+02 0.000E+00
| Objective function evaluated, time [s]       21.806
| Data point added to dataset (x i y): 
  1.7264756639E+02  1.6571120320E+02  0.0000000000E+00      -2.0300689116E+05

| Total ensemble size: 52
| Best acquisition, x_best i_best y_best:
  2.4054576613E+02 -4.4057460605E-02  0.0000000000E+00      -2.0301236508E+05
| Global minimum prediction, x_hat mu_hat +- nu_hat:
  2.3777707214E+02  7.4295633899E-01  0.0000000000E+00      -2.0301237310E+05  3.7645679475E-05
| Global minimum convergence, d_xhat d_muhat:
  1.4633527443E-02  1.1935246688E-06

| GP model hyperparameters (lengthscales W kappa):
  6.6742341262E-01  6.5532969500E-01  1.3264510409E+01  1.0002457531E+01  2.6438059249E+01  1.7900758005E+01
| Next sampling location (x_next, i_next):
  2.4918042722E+02 -1.9375766537E+00  0.0000000000E+00

Iteration time [s]:   23.854        Total time [s]:  505.302

--------------------------------------------------------------------------------
                                BO ITERATION 21                                 
--------------------------------------------------------------------------------
| Evaluating objective function at 2.492E+02 -1.938E+00 0.000E+00
| Objective function evaluated, time [s]       23.356
| Data point added to dataset (x i y): 
  2.4918042722E+02 -1.9375766537E+00  0.0000000000E+00      -2.0301224640E+05

| Total ensemble size: 53
| Best acquisition, x_best i_best y_best:
  2.4054576613E+02 -4.4057460605E-02  0.0000000000E+00      -2.0301236508E+05
| Global minimum prediction, x_hat mu_hat +- nu_hat:
  2.3786648531E+02  7.0010005542E-01  0.0000000000E+00      -2.0301237228E+05  7.8000028391E-06
| Global minimum convergence, d_xhat d_muhat:
  9.9153297901E-02  3.1965260710E-05

| GP model hyperparameters (lengthscales W kappa):
  6.8254283485E-01  6.7330843880E-01  1.3848671453E+01  1.0476611057E+01  2.7120734480E+01  1.8524071737E+01
| Next sampling location (x_next, i_next):
  2.3622258776E+02  1.5425943277E+00  0.0000000000E+00

Iteration time [s]:   25.457        Total time [s]:  530.760

--------------------------------------------------------------------------------
                                BO ITERATION 22                                 
--------------------------------------------------------------------------------
| Evaluating objective function at 2.362E+02 1.543E+00 0.000E+00
| Objective function evaluated, time [s]       23.142
| Acquisition location too confident, doing pure exploration
| Data point added to dataset (x i y): 
  2.3622258776E+02  1.5425943277E+00  0.0000000000E+00      -2.0301237038E+05

| Total ensemble size: 54
| Best acquisition, x_best i_best y_best:
  2.3622258776E+02  1.5425943277E+00  0.0000000000E+00      -2.0301237038E+05
| Global minimum prediction, x_hat mu_hat +- nu_hat:
  2.3762936576E+02  8.2396622406E-01  0.0000000000E+00      -2.0301237374E+05  6.4788570864E-08
| Global minimum convergence, d_xhat d_muhat:
  2.6752291221E-01  5.6635334308E-05

| GP model hyperparameters (lengthscales W kappa):
  6.9250096297E-01  6.8583640649E-01  1.4379663911E+01  1.0784640946E+01  2.7575339896E+01  1.8663063237E+01
| Next sampling location (x_next, i_next):
  3.3867064567E+01  5.3569762775E+01  0.0000000000E+00

Iteration time [s]:   25.765        Total time [s]:  556.529

--------------------------------------------------------------------------------
                                BO ITERATION 23                                 
--------------------------------------------------------------------------------
| Evaluating objective function at 3.387E+01 5.357E+01 0.000E+00
| Objective function evaluated, time [s]       24.309
| Data point added to dataset (x i y): 
  3.3867064567E+01  5.3569762775E+01  0.0000000000E+00      -2.0299483518E+05

| Total ensemble size: 55
| Best acquisition, x_best i_best y_best:
  2.3622258776E+02  1.5425943277E+00  0.0000000000E+00      -2.0301237038E+05
| Global minimum prediction, x_hat mu_hat +- nu_hat:
  2.3764206949E+02  8.4130331553E-01  0.0000000000E+00      -2.0301237364E+05  7.9896471572E-08
| Global minimum convergence, d_xhat d_muhat:
  2.1493241028E-02  4.0479758962E-06

| GP model hyperparameters (lengthscales W kappa):
  6.2991648913E-01  5.9065303686E-01  1.1210752273E+01  8.7115231720E+00  2.5360402955E+01  1.7820095282E+01
| Next sampling location (x_next, i_next):
 -1.2606933588E+01  1.7304783308E+02  0.0000000000E+00

Iteration time [s]:   26.344        Total time [s]:  582.877

--------------------------------------------------------------------------------
                                BO ITERATION 24                                 
--------------------------------------------------------------------------------
| Evaluating objective function at -1.261E+01 1.730E+02 0.000E+00
| Objective function evaluated, time [s]       23.054
| Acquisition location too confident, doing pure exploration
| Data point added to dataset (x i y): 
 -1.2606933588E+01  1.7304783308E+02  0.0000000000E+00      -2.0300755841E+05

| Total ensemble size: 56
| Best acquisition, x_best i_best y_best:
  2.3622258776E+02  1.5425943277E+00  0.0000000000E+00      -2.0301237038E+05
| Global minimum prediction, x_hat mu_hat +- nu_hat:
  2.3764054826E+02  8.4016830876E-01  0.0000000000E+00      -2.0301237364E+05  7.5040963576E-08
| Global minimum convergence, d_xhat d_muhat:
  1.8979900914E-03  1.1993624942E-07

| GP model hyperparameters (lengthscales W kappa):
  6.3891330045E-01  5.9776148862E-01 -1.1389670209E+01 -8.9459652957E+00  2.5125682482E+01  1.7914752104E+01
| Next sampling location (x_next, i_next):
  3.4893149045E+01  3.0860603421E+02  0.0000000000E+00

Iteration time [s]:   25.959        Total time [s]:  608.840

--------------------------------------------------------------------------------
                                BO ITERATION 25                                 
--------------------------------------------------------------------------------
| Evaluating objective function at 3.489E+01 3.086E+02 0.000E+00
| Objective function evaluated, time [s]       23.268
| Acquisition location too confident, doing pure exploration
| Data point added to dataset (x i y): 
  3.4893149045E+01  3.0860603421E+02  0.0000000000E+00      -2.0299200993E+05

| Total ensemble size: 57
| Best acquisition, x_best i_best y_best:
  2.3622258776E+02  1.5425943277E+00  0.0000000000E+00      -2.0301237038E+05
| Global minimum prediction, x_hat mu_hat +- nu_hat:
  2.3765435502E+02  8.4732553900E-01  0.0000000000E+00      -2.0301237362E+05  6.3128686190E-08
| Global minimum convergence, d_xhat d_muhat:
  1.5551607643E-02  1.0979557636E-06

| GP model hyperparameters (lengthscales W kappa):
  6.3186479044E-01  6.0361662785E-01 -1.1489955453E+01 -9.0780326943E+00  2.2242405085E+01  1.5719435839E+01
| Next sampling location (x_next, i_next):
  1.7121272519E+02  2.7216727861E+02  0.0000000000E+00

Iteration time [s]:   26.157        Total time [s]:  635.001

--------------------------------------------------------------------------------
                                BO ITERATION 26                                 
--------------------------------------------------------------------------------
| Evaluating objective function at 1.712E+02 2.722E+02 0.000E+00
| Objective function evaluated, time [s]       23.093
| Acquisition location too confident, doing pure exploration
| Data point added to dataset (x i y): 
  1.7121272519E+02  2.7216727861E+02  0.0000000000E+00      -2.0298849397E+05

| Total ensemble size: 58
| Best acquisition, x_best i_best y_best:
  2.3622258776E+02  1.5425943277E+00  0.0000000000E+00      -2.0301237038E+05
| Global minimum prediction, x_hat mu_hat +- nu_hat:
  2.3768315001E+02  8.6026753556E-01  0.0000000000E+00      -2.0301237358E+05  5.0886716973E-08
| Global minimum convergence, d_xhat d_muhat:
  3.1569716102E-02  1.3951715013E-06

| GP model hyperparameters (lengthscales W kappa):
  6.1486846792E-01  5.8526540229E-01 -1.0842813623E+01 -8.7368596688E+00  1.8797182999E+01  1.3445644280E+01
| Next sampling location (x_next, i_next):
  9.5985974167E+01  7.7908172178E+01  0.0000000000E+00

Iteration time [s]:   25.832        Total time [s]:  660.834

--------------------------------------------------------------------------------
                                BO ITERATION 27                                 
--------------------------------------------------------------------------------
| Evaluating objective function at 9.599E+01 7.791E+01 0.000E+00
| Objective function evaluated, time [s]       23.087
| Acquisition location too confident, doing pure exploration
| Data point added to dataset (x i y): 
  9.5985974167E+01  7.7908172178E+01  0.0000000000E+00      -2.0298895908E+05

| Total ensemble size: 59
| Best acquisition, x_best i_best y_best:
  2.3622258776E+02  1.5425943277E+00  0.0000000000E+00      -2.0301237038E+05
| Global minimum prediction, x_hat mu_hat +- nu_hat:
  2.3768385920E+02  8.6082101864E-01  0.0000000000E+00      -2.0301237358E+05  4.9186103990E-08
| Global minimum convergence, d_xhat d_muhat:
  8.9960636292E-04  6.9938009587E-08

| GP model hyperparameters (lengthscales W kappa):
  6.1250473329E-01  5.8691130579E-01  1.0769735617E+01  8.7701438162E+00  1.7124883341E+01  1.2354316110E+01
| Next sampling location (x_next, i_next):
 -1.0408803272E+01  8.5090288114E+01  0.0000000000E+00

Iteration time [s]:   26.092        Total time [s]:  686.927

--------------------------------------------------------------------------------
                                BO ITERATION 28                                 
--------------------------------------------------------------------------------
| Evaluating objective function at -1.041E+01 8.509E+01 0.000E+00
| Objective function evaluated, time [s]       23.742
| Acquisition location too confident, doing pure exploration
| Data point added to dataset (x i y): 
 -1.0408803272E+01  8.5090288114E+01  0.0000000000E+00      -2.0298916010E+05

| Total ensemble size: 60
| Best acquisition, x_best i_best y_best:
  2.3622258776E+02  1.5425943277E+00  0.0000000000E+00      -2.0301237038E+05
| Global minimum prediction, x_hat mu_hat +- nu_hat:
  2.3769670577E+02  8.6276138438E-01  0.0000000000E+00      -2.0301237360E+05  4.7683789273E-08
| Global minimum convergence, d_xhat d_muhat:
  1.2992282860E-02  7.2350812408E-07

| GP model hyperparameters (lengthscales W kappa):
  6.0503430228E-01  6.0162962330E-01  1.1172790384E+01  8.9869813117E+00  1.5480984998E+01  1.0849117875E+01
| Next sampling location (x_next, i_next):
  2.2933036331E+02  2.5347198706E+02  0.0000000000E+00

Iteration time [s]:   26.704        Total time [s]:  713.632

--------------------------------------------------------------------------------
                                BO ITERATION 29                                 
--------------------------------------------------------------------------------
| Evaluating objective function at 2.293E+02 2.535E+02 0.000E+00
| Objective function evaluated, time [s]       22.006
| Acquisition location too confident, doing pure exploration
| Data point added to dataset (x i y): 
  2.2933036331E+02  2.5347198706E+02  0.0000000000E+00      -2.0298966095E+05

| Total ensemble size: 61
| Best acquisition, x_best i_best y_best:
  2.3622258776E+02  1.5425943277E+00  0.0000000000E+00      -2.0301237038E+05
| Global minimum prediction, x_hat mu_hat +- nu_hat:
  2.3769654290E+02  8.6251573631E-01  0.0000000000E+00      -2.0301237360E+05  4.6440652124E-08
| Global minimum convergence, d_xhat d_muhat:
  2.9473708923E-04  9.8104591717E-08

| GP model hyperparameters (lengthscales W kappa):
  6.0457002039E-01  5.9998377324E-01  1.1040639961E+01  8.9531351126E+00  1.4403569824E+01  1.0178877935E+01
| Next sampling location (x_next, i_next):
  2.8166453889E+02  8.4967100879E+01  0.0000000000E+00

Iteration time [s]:   25.074        Total time [s]:  738.706

--------------------------------------------------------------------------------
                                BO ITERATION 30                                 
--------------------------------------------------------------------------------
| Evaluating objective function at 2.817E+02 8.497E+01 0.000E+00
| Objective function evaluated, time [s]       23.046
| Acquisition location too confident, doing pure exploration
| Data point added to dataset (x i y): 
  2.8166453889E+02  8.4967100879E+01  0.0000000000E+00      -2.0298883784E+05

| Total ensemble size: 62
| Best acquisition, x_best i_best y_best:
  2.3622258776E+02  1.5425943277E+00  0.0000000000E+00      -2.0301237038E+05
| Global minimum prediction, x_hat mu_hat +- nu_hat:
  2.3761980323E+02  8.3069256760E-01  0.0000000000E+00      -2.0301237370E+05  8.0375704226E-08
| Global minimum convergence, d_xhat d_muhat:
  8.3076414031E-02  4.1551581952E-06

| GP model hyperparameters (lengthscales W kappa):
  5.8510262081E-01  5.5877101456E-01  9.8273522168E+00  8.2024006027E+00  1.3062291148E+01  9.6408980637E+00
| Next sampling location (x_next, i_next):
  5.5224146043E+01  4.9810919478E+00  0.0000000000E+00

Iteration time [s]:   26.270        Total time [s]:  764.980

--------------------------------------------------------------------------------
                                BO ITERATION 31                                 
--------------------------------------------------------------------------------
| Evaluating objective function at 5.522E+01 4.981E+00 0.000E+00
| Objective function evaluated, time [s]       23.087
| Acquisition location too confident, doing pure exploration
| Data point added to dataset (x i y): 
  5.5224146043E+01  4.9810919478E+00  0.0000000000E+00      -2.0300363382E+05

| Total ensemble size: 63
| Best acquisition, x_best i_best y_best:
  2.3622258776E+02  1.5425943277E+00  0.0000000000E+00      -2.0301237038E+05
| Global minimum prediction, x_hat mu_hat +- nu_hat:
  2.3761506290E+02  8.2751611207E-01  0.0000000000E+00      -2.0301237373E+05  1.0361168803E-07
| Global minimum convergence, d_xhat d_muhat:
  5.7061922129E-03  1.0825821716E-06

| GP model hyperparameters (lengthscales W kappa):
  5.6945459489E-01  5.8522114342E-01 -1.0994071416E+01 -8.6633407582E+00  1.2811159106E+01  8.5494985613E+00
| Next sampling location (x_next, i_next):
  2.1708309493E+02  1.1495084690E+02  0.0000000000E+00

Iteration time [s]:   26.450        Total time [s]:  791.430

--------------------------------------------------------------------------------
                                BO ITERATION 32                                 
--------------------------------------------------------------------------------
| Evaluating objective function at 2.171E+02 1.150E+02 0.000E+00
| Objective function evaluated, time [s]       23.116
| Acquisition location too confident, doing pure exploration
| Data point added to dataset (x i y): 
  2.1708309493E+02  1.1495084690E+02  0.0000000000E+00      -2.0299230707E+05

| Total ensemble size: 64
| Best acquisition, x_best i_best y_best:
  2.3622258776E+02  1.5425943277E+00  0.0000000000E+00      -2.0301237038E+05
| Global minimum prediction, x_hat mu_hat +- nu_hat:
  2.3761597144E+02  8.2505980775E-01  0.0000000000E+00      -2.0301237374E+05  1.0264770891E-07
| Global minimum convergence, d_xhat d_muhat:
  2.6189458106E-03  5.8317606692E-07

| GP model hyperparameters (lengthscales W kappa):
  5.6959180370E-01  5.8857237462E-01  1.1102702111E+01  8.7692729755E+00  1.1744148291E+01  7.8323457779E+00
| Next sampling location (x_next, i_next):
  9.8562216762E+01  3.0602835257E+02  0.0000000000E+00

Iteration time [s]:   26.546        Total time [s]:  817.976

--------------------------------------------------------------------------------
                                BO ITERATION 33                                 
--------------------------------------------------------------------------------
| Evaluating objective function at 9.856E+01 3.060E+02 0.000E+00
| Objective function evaluated, time [s]       23.328
| Data point added to dataset (x i y): 
  9.8562216762E+01  3.0602835257E+02  0.0000000000E+00      -2.0299420172E+05

| Total ensemble size: 65
| Best acquisition, x_best i_best y_best:
  2.3622258776E+02  1.5425943277E+00  0.0000000000E+00      -2.0301237038E+05
| Global minimum prediction, x_hat mu_hat +- nu_hat:
  2.3765530901E+02  8.4348636492E-01  0.0000000000E+00      -2.0301237368E+05  1.0539941355E-07
| Global minimum convergence, d_xhat d_muhat:
  4.3439412901E-02  2.6389243807E-06

| GP model hyperparameters (lengthscales W kappa):
  5.4012529820E-01  5.5045079654E-01  1.0348503921E+01  8.0337310498E+00  1.0668639560E+01  6.8820032592E+00
| Next sampling location (x_next, i_next):
  1.4718296744E+02  1.8977299528E+02  0.0000000000E+00

Iteration time [s]:   26.363        Total time [s]:  844.340

--------------------------------------------------------------------------------
                                BO ITERATION 34                                 
--------------------------------------------------------------------------------
| Evaluating objective function at 1.472E+02 1.898E+02 0.000E+00
| Objective function evaluated, time [s]       21.854
| Acquisition location too confident, doing pure exploration
| Data point added to dataset (x i y): 
  1.4718296744E+02  1.8977299528E+02  0.0000000000E+00      -2.0300731621E+05

| Total ensemble size: 66
| Best acquisition, x_best i_best y_best:
  2.3622258776E+02  1.5425943277E+00  0.0000000000E+00      -2.0301237038E+05
| Global minimum prediction, x_hat mu_hat +- nu_hat:
  2.3765359410E+02  8.4285399603E-01  0.0000000000E+00      -2.0301237368E+05  1.0003964759E-07
| Global minimum convergence, d_xhat d_muhat:
  1.8277910114E-03  1.2046572307E-08

| GP model hyperparameters (lengthscales W kappa):
  5.4632565474E-01  5.5411186771E-01  1.0437801888E+01  8.1334245785E+00  1.0818920593E+01  7.1338439662E+00
| Next sampling location (x_next, i_next):
 -1.9011788189E+01  2.5692803021E+02  0.0000000000E+00

Iteration time [s]:   25.211        Total time [s]:  869.554

--------------------------------------------------------------------------------
                                BO ITERATION 35                                 
--------------------------------------------------------------------------------
| Evaluating objective function at -1.901E+01 2.569E+02 0.000E+00
| Objective function evaluated, time [s]       23.272
| Acquisition location too confident, doing pure exploration
| Data point added to dataset (x i y): 
 -1.9011788189E+01  2.5692803021E+02  0.0000000000E+00      -2.0299186032E+05

| Total ensemble size: 67
| Best acquisition, x_best i_best y_best:
  2.3622258776E+02  1.5425943277E+00  0.0000000000E+00      -2.0301237038E+05
| Global minimum prediction, x_hat mu_hat +- nu_hat:
  2.3765446197E+02  8.4263736768E-01  0.0000000000E+00      -2.0301237369E+05  9.7124390219E-08
| Global minimum convergence, d_xhat d_muhat:
  8.9449575249E-04  2.2513647050E-07

| GP model hyperparameters (lengthscales W kappa):
  5.4616190418E-01  5.5404332392E-01 -1.0396901142E+01 -8.1764423242E+00  9.9988715744E+00  6.5890742784E+00
| Next sampling location (x_next, i_next):
  1.6847148219E+02  6.7153248937E+01  0.0000000000E+00

Iteration time [s]:   27.017        Total time [s]:  896.574

--------------------------------------------------------------------------------
                                BO ITERATION 36                                 
--------------------------------------------------------------------------------
| Evaluating objective function at 1.685E+02 6.715E+01 0.000E+00
| Objective function evaluated, time [s]       23.207
| Acquisition location too confident, doing pure exploration
| Data point added to dataset (x i y): 
  1.6847148219E+02  6.7153248937E+01  0.0000000000E+00      -2.0299478236E+05

| Total ensemble size: 68
| Best acquisition, x_best i_best y_best:
  2.3622258776E+02  1.5425943277E+00  0.0000000000E+00      -2.0301237038E+05
| Global minimum prediction, x_hat mu_hat +- nu_hat:
  2.3766220397E+02  8.5053797588E-01  0.0000000000E+00      -2.0301237362E+05  7.3040714721E-08
| Global minimum convergence, d_xhat d_muhat:
  1.1061564570E-02  2.7358103700E-06

| GP model hyperparameters (lengthscales W kappa):
  5.4859161308E-01  5.5555393451E-01  1.0299813054E+01  8.1369303345E+00  1.0208536651E+01  6.7821362700E+00
| Next sampling location (x_next, i_next):
  4.9866075222E+01  1.0036073542E+02  0.0000000000E+00

Iteration time [s]:   27.140        Total time [s]:  923.717

--------------------------------------------------------------------------------
                                BO ITERATION 37                                 
--------------------------------------------------------------------------------
| Evaluating objective function at 4.987E+01 1.004E+02 0.000E+00
| Objective function evaluated, time [s]       22.068
| Acquisition location too confident, doing pure exploration
| Data point added to dataset (x i y): 
  4.9866075222E+01  1.0036073542E+02  0.0000000000E+00      -2.0299143604E+05

| Total ensemble size: 69
| Best acquisition, x_best i_best y_best:
  2.3622258776E+02  1.5425943277E+00  0.0000000000E+00      -2.0301237038E+05
| Global minimum prediction, x_hat mu_hat +- nu_hat:
  2.3767602801E+02  8.6104027169E-01  0.0000000000E+00      -2.0301237357E+05  7.2385878536E-08
| Global minimum convergence, d_xhat d_muhat:
  1.7360940144E-02  2.2824744715E-06

| GP model hyperparameters (lengthscales W kappa):
  5.3159046282E-01  5.2440912125E-01  9.4029449143E+00  7.5629579435E+00  9.6164749954E+00  6.5866824438E+00
| Next sampling location (x_next, i_next):
  1.4902494827E+02 -3.9587053406E+01  0.0000000000E+00

Iteration time [s]:   26.227        Total time [s]:  949.946

--------------------------------------------------------------------------------
                                BO ITERATION 38                                 
--------------------------------------------------------------------------------
| Evaluating objective function at 1.490E+02 -3.959E+01 0.000E+00
| Objective function evaluated, time [s]       23.502
| Acquisition location too confident, doing pure exploration
| Data point added to dataset (x i y): 
  1.4902494827E+02 -3.9587053406E+01  0.0000000000E+00      -2.0299205755E+05

| Total ensemble size: 70
| Best acquisition, x_best i_best y_best:
  2.3622258776E+02  1.5425943277E+00  0.0000000000E+00      -2.0301237038E+05
| Global minimum prediction, x_hat mu_hat +- nu_hat:
  2.3768909894E+02  8.6721180816E-01  0.0000000000E+00      -2.0301237354E+05  6.3738488176E-08
| Global minimum convergence, d_xhat d_muhat:
  1.4454656458E-02  1.1860898333E-06

| GP model hyperparameters (lengthscales W kappa):
  5.3053576587E-01  5.1343275803E-01  9.0765776645E+00  7.4444498554E+00  9.2075055637E+00  6.5225336021E+00
| Next sampling location (x_next, i_next):
  2.9866393831E+02  2.8687977834E+02  0.0000000000E+00

Iteration time [s]:   27.180        Total time [s]:  977.127

--------------------------------------------------------------------------------
                                BO ITERATION 39                                 
--------------------------------------------------------------------------------
| Evaluating objective function at 2.987E+02 2.869E+02 0.000E+00
| Objective function evaluated, time [s]       23.051
| Acquisition location too confident, doing pure exploration
| Data point added to dataset (x i y): 
  2.9866393831E+02  2.8687977834E+02  0.0000000000E+00      -2.0299398226E+05

| Total ensemble size: 71
| Best acquisition, x_best i_best y_best:
  2.3622258776E+02  1.5425943277E+00  0.0000000000E+00      -2.0301237038E+05
| Global minimum prediction, x_hat mu_hat +- nu_hat:
  2.3768239408E+02  8.6384126684E-01  0.0000000000E+00      -2.0301237353E+05  6.7527542580E-08
| Global minimum convergence, d_xhat d_muhat:
  7.5043763181E-03  3.6955229704E-07

| GP model hyperparameters (lengthscales W kappa):
  5.2879935765E-01  5.1753754169E-01  9.0473019028E+00  7.4086504463E+00  9.2210354788E+00  6.5144322591E+00
| Next sampling location (x_next, i_next):
  9.0190019552E+01  3.6715260861E+01  0.0000000000E+00

Iteration time [s]:   26.890        Total time [s]: 1004.018

--------------------------------------------------------------------------------
                                BO ITERATION 40                                 
--------------------------------------------------------------------------------
| Evaluating objective function at 9.019E+01 3.672E+01 0.000E+00
| Objective function evaluated, time [s]       23.271
| Data point added to dataset (x i y): 
  9.0190019552E+01  3.6715260861E+01  0.0000000000E+00      -2.0299201525E+05

| Total ensemble size: 72
| Best acquisition, x_best i_best y_best:
  2.3622258776E+02  1.5425943277E+00  0.0000000000E+00      -2.0301237038E+05
| Global minimum prediction, x_hat mu_hat +- nu_hat:
  2.3767928272E+02  8.6207178422E-01  0.0000000000E+00      -2.0301237353E+05  6.8518792329E-08
| Global minimum convergence, d_xhat d_muhat:
  3.5793375852E-03  2.1978156737E-07

| GP model hyperparameters (lengthscales W kappa):
  5.2872827774E-01  5.2231340914E-01 -9.1087512870E+00 -7.4488516362E+00  8.8996131920E+00  6.2738231764E+00
| Next sampling location (x_next, i_next):
  2.8018281249E+02  1.8036352101E+02  0.0000000000E+00

Iteration time [s]:   26.669        Total time [s]: 1030.688

--------------------------------------------------------------------------------
                                BO ITERATION 41                                 
--------------------------------------------------------------------------------
| Evaluating objective function at 2.802E+02 1.804E+02 0.000E+00
| Objective function evaluated, time [s]       23.012
| Acquisition location too confident, doing pure exploration
| Data point added to dataset (x i y): 
  2.8018281249E+02  1.8036352101E+02  0.0000000000E+00      -2.0300807178E+05

| Total ensemble size: 73
| Best acquisition, x_best i_best y_best:
  2.3622258776E+02  1.5425943277E+00  0.0000000000E+00      -2.0301237038E+05
| Global minimum prediction, x_hat mu_hat +- nu_hat:
  2.3768040980E+02  8.6278319683E-01  0.0000000000E+00      -2.0301237353E+05  6.3606810396E-08
| Global minimum convergence, d_xhat d_muhat:
  1.3328251112E-03  1.4372968029E-07

| GP model hyperparameters (lengthscales W kappa):
  5.3530450375E-01  5.2620398969E-01  9.2106981675E+00  7.5548291442E+00  9.1356160335E+00  6.4721415107E+00
| Next sampling location (x_next, i_next):
 -2.4733452962E+00  2.1572986516E+01  0.0000000000E+00

Iteration time [s]:   27.308        Total time [s]: 1058.000

--------------------------------------------------------------------------------
                                BO ITERATION 42                                 
--------------------------------------------------------------------------------
| Evaluating objective function at -2.473E+00 2.157E+01 0.000E+00
| Objective function evaluated, time [s]       23.230
| Acquisition location too confident, doing pure exploration
| Data point added to dataset (x i y): 
 -2.4733452962E+00  2.1572986516E+01  0.0000000000E+00      -2.0299249630E+05

| Total ensemble size: 74
| Best acquisition, x_best i_best y_best:
  2.3622258776E+02  1.5425943277E+00  0.0000000000E+00      -2.0301237038E+05
| Global minimum prediction, x_hat mu_hat +- nu_hat:
  2.3767683938E+02  8.5977762268E-01  0.0000000000E+00      -2.0301237355E+05  6.0000209157E-08
| Global minimum convergence, d_xhat d_muhat:
  4.6670503865E-03  6.5781493679E-07

| GP model hyperparameters (lengthscales W kappa):
  5.3626381875E-01  5.3074547911E-01  9.2982527920E+00  7.6185664058E+00  8.7653069184E+00  6.2002778728E+00
| Next sampling location (x_next, i_next):
 -1.1975083563E+01 -4.1037658767E+01  0.0000000000E+00

Iteration time [s]:   27.372        Total time [s]: 1085.376

--------------------------------------------------------------------------------
                                BO ITERATION 43                                 
--------------------------------------------------------------------------------
| Evaluating objective function at -1.198E+01 -4.104E+01 0.000E+00
| Objective function evaluated, time [s]       23.406
| Acquisition location too confident, doing pure exploration
| Data point added to dataset (x i y): 
 -1.1975083563E+01 -4.1037658767E+01  0.0000000000E+00      -2.0299388457E+05

| Total ensemble size: 75
| Best acquisition, x_best i_best y_best:
  2.3622258776E+02  1.5425943277E+00  0.0000000000E+00      -2.0301237038E+05
| Global minimum prediction, x_hat mu_hat +- nu_hat:
  2.3771135366E+02  8.8844927698E-01  0.0000000000E+00      -2.0301237342E+05  4.5094685230E-08
| Global minimum convergence, d_xhat d_muhat:
  4.4869806177E-02  5.2843799018E-06

| GP model hyperparameters (lengthscales W kappa):
  5.1669923491E-01  4.9216910198E-01  8.1339193257E+00  6.6994150915E+00  9.9889910248E+00  7.1329366727E+00
| Next sampling location (x_next, i_next):
  3.6044512282E+01  2.4876923559E+02  0.0000000000E+00

Iteration time [s]:   27.553        Total time [s]: 1112.933

--------------------------------------------------------------------------------
                                BO ITERATION 44                                 
--------------------------------------------------------------------------------
| Evaluating objective function at 3.604E+01 2.488E+02 0.000E+00
| Objective function evaluated, time [s]       23.138
| Acquisition location too confident, doing pure exploration
| Data point added to dataset (x i y): 
  3.6044512282E+01  2.4876923559E+02  0.0000000000E+00      -2.0299300942E+05

| Total ensemble size: 76
| Best acquisition, x_best i_best y_best:
  2.3622258776E+02  1.5425943277E+00  0.0000000000E+00      -2.0301237038E+05
| Global minimum prediction, x_hat mu_hat +- nu_hat:
  2.3772025761E+02  8.9445775028E-01  0.0000000000E+00      -2.0301237340E+05  4.2687338020E-08
| Global minimum convergence, d_xhat d_muhat:
  1.0741597431E-02  7.2439934395E-07

| GP model hyperparameters (lengthscales W kappa):
  5.0935031163E-01  4.7650428264E-01  7.7332392025E+00  6.4416254520E+00  9.4259792411E+00  6.8592163965E+00
| Next sampling location (x_next, i_next):
  1.5508882879E+02  2.3634377796E+02  0.0000000000E+00

Iteration time [s]:   27.422        Total time [s]: 1140.356

--------------------------------------------------------------------------------
                                BO ITERATION 45                                 
--------------------------------------------------------------------------------
| Evaluating objective function at 1.551E+02 2.363E+02 0.000E+00
| Objective function evaluated, time [s]       23.696
| Acquisition location too confident, doing pure exploration
| Data point added to dataset (x i y): 
  1.5508882879E+02  2.3634377796E+02  0.0000000000E+00      -2.0299545592E+05

| Total ensemble size: 77
| Best acquisition, x_best i_best y_best:
  2.3622258776E+02  1.5425943277E+00  0.0000000000E+00      -2.0301237038E+05
| Global minimum prediction, x_hat mu_hat +- nu_hat:
  2.3771812549E+02  8.9359070813E-01  0.0000000000E+00      -2.0301237340E+05  4.2981914827E-08
| Global minimum convergence, d_xhat d_muhat:
  2.3016706664E-03  1.0546238732E-08

| GP model hyperparameters (lengthscales W kappa):
  5.0903453063E-01  4.8076660285E-01  7.7534885250E+00  6.4659355032E+00  9.2624233613E+00  6.7533039681E+00
| Next sampling location (x_next, i_next):
 -4.3240095708E+01  5.3913435259E+01  0.0000000000E+00

Iteration time [s]:   28.138        Total time [s]: 1168.494

--------------------------------------------------------------------------------
                                BO ITERATION 46                                 
--------------------------------------------------------------------------------
| Evaluating objective function at -4.324E+01 5.391E+01 0.000E+00
| Objective function evaluated, time [s]       23.622
| Acquisition location too confident, doing pure exploration
| Data point added to dataset (x i y): 
 -4.3240095708E+01  5.3913435259E+01  0.0000000000E+00      -2.0299087688E+05

| Total ensemble size: 78
| Best acquisition, x_best i_best y_best:
  2.3622258776E+02  1.5425943277E+00  0.0000000000E+00      -2.0301237038E+05
| Global minimum prediction, x_hat mu_hat +- nu_hat:
  2.3768658194E+02  8.8160428019E-01  0.0000000000E+00      -2.0301237340E+05  6.0723584294E-08
| Global minimum convergence, d_xhat d_muhat:
  3.3744178917E-02  9.4928337958E-08

| GP model hyperparameters (lengthscales W kappa):
  5.0046329619E-01  4.7151956881E-01  7.5306472549E+00  6.3251472748E+00  8.8038324086E+00  6.4993424594E+00
| Next sampling location (x_next, i_next):
  1.4493567021E+02  3.0608001143E+01  0.0000000000E+00

Iteration time [s]:   28.227        Total time [s]: 1196.722

--------------------------------------------------------------------------------
                                BO ITERATION 47                                 
--------------------------------------------------------------------------------
| Evaluating objective function at 1.449E+02 3.061E+01 0.000E+00
| Objective function evaluated, time [s]       23.710
| Data point added to dataset (x i y): 
  1.4493567021E+02  3.0608001143E+01  0.0000000000E+00      -2.0299836431E+05

| Total ensemble size: 79
| Best acquisition, x_best i_best y_best:
  2.3622258776E+02  1.5425943277E+00  0.0000000000E+00      -2.0301237038E+05
| Global minimum prediction, x_hat mu_hat +- nu_hat:
  2.3762737350E+02  8.2455911772E-01  0.0000000000E+00      -2.0301237372E+05  1.9625448102E-07
| Global minimum convergence, d_xhat d_muhat:
  8.2217946929E-02  1.3451097313E-05

| GP model hyperparameters (lengthscales W kappa):
  4.6018904370E-01  4.3645038369E-01  7.0752310143E+00  5.8770039078E+00  6.9237671881E+00  5.0500665813E+00
| Next sampling location (x_next, i_next):
  2.3715963649E+02  5.0132690514E-01  0.0000000000E+00

Iteration time [s]:   28.836        Total time [s]: 1225.558

--------------------------------------------------------------------------------
                                BO ITERATION 48                                 
--------------------------------------------------------------------------------
| Evaluating objective function at 2.372E+02 5.013E-01 0.000E+00
| Objective function evaluated, time [s]       23.249
| Acquisition location too confident, doing pure exploration
| Data point added to dataset (x i y): 
  2.3715963649E+02  5.0132690514E-01  0.0000000000E+00      -2.0301237278E+05

| Total ensemble size: 80
| Best acquisition, x_best i_best y_best:
  2.3715963649E+02  5.0132690514E-01  0.0000000000E+00      -2.0301237278E+05
| Global minimum prediction, x_hat mu_hat +- nu_hat:
  2.3753616426E+02  7.6621526737E-01  0.0000000000E+00      -2.0301237408E+05  1.1026129254E-08
| Global minimum convergence, d_xhat d_muhat:
  1.0827339867E-01  1.5030187237E-05

| GP model hyperparameters (lengthscales W kappa):
  4.6367526103E-01  4.4453621191E-01  7.1703773008E+00  5.9319936052E+00  7.5157207846E+00  5.4252218736E+00
| Next sampling location (x_next, i_next):
  2.2540713739E+02  2.9262386577E+02  0.0000000000E+00

Iteration time [s]:   27.779        Total time [s]: 1253.337

--------------------------------------------------------------------------------
                                BO ITERATION 49                                 
--------------------------------------------------------------------------------
| Evaluating objective function at 2.254E+02 2.926E+02 0.000E+00
| Objective function evaluated, time [s]       23.459
| Acquisition location too confident, doing pure exploration
| Data point added to dataset (x i y): 
  2.2540713739E+02  2.9262386577E+02  0.0000000000E+00      -2.0299127815E+05

| Total ensemble size: 81
| Best acquisition, x_best i_best y_best:
  2.3715963649E+02  5.0132690514E-01  0.0000000000E+00      -2.0301237278E+05
| Global minimum prediction, x_hat mu_hat +- nu_hat:
  2.3754263503E+02  7.6638696760E-01  0.0000000000E+00      -2.0301237409E+05  1.0932493932E-08
| Global minimum convergence, d_xhat d_muhat:
  6.4730436626E-03  3.4963138607E-07

| GP model hyperparameters (lengthscales W kappa):
  4.6114325928E-01  4.4249317161E-01 -7.1110653712E+00 -5.9440966484E+00  6.8842714017E+00  5.0751414531E+00
| Next sampling location (x_next, i_next):
  1.2389791208E+02  2.6929400165E+02  0.0000000000E+00

Iteration time [s]:   28.379        Total time [s]: 1281.716

--------------------------------------------------------------------------------
                                BO ITERATION 50                                 
--------------------------------------------------------------------------------
| Evaluating objective function at 1.239E+02 2.693E+02 0.000E+00
| Objective function evaluated, time [s]       23.298
| Acquisition location too confident, doing pure exploration
| Data point added to dataset (x i y): 
  1.2389791208E+02  2.6929400165E+02  0.0000000000E+00      -2.0298948308E+05

| Total ensemble size: 82
| Best acquisition, x_best i_best y_best:
  2.3715963649E+02  5.0132690514E-01  0.0000000000E+00      -2.0301237278E+05
| Global minimum prediction, x_hat mu_hat +- nu_hat:
  2.3754289451E+02  7.6615775698E-01  0.0000000000E+00      -2.0301237409E+05  1.0805747319E-08
| Global minimum convergence, d_xhat d_muhat:
  3.4621831311E-04  5.3365765557E-08

| GP model hyperparameters (lengthscales W kappa):
  4.5975626201E-01  4.4444049210E-01  7.0803457411E+00  5.9602165204E+00  6.5412601316E+00  4.8913215356E+00
| Next sampling location (x_next, i_next):
  2.3706057539E+02  2.1136185679E+02  0.0000000000E+00

Iteration time [s]:   28.530        Total time [s]: 1310.247

|| Bayesian optimization completed, time [s]     1310.229


--------------------------------------------------------------------------------
                        BOSS is done! Have a nice day :)                        

      Datetime 15-08-2020 00:46:00            Total time [s]     1310.248       
--------------------------------------------------------------------------------
