
-----------------------------   Welcome to ....   ------------------------------
                      _______  _______ _______ _______ 
                     |   _   \|   _   |   _   |   _   |
                     |.  1   /|.  |   |   1___|   1___|
                     |.  _   \|.  |   |____   |____   |
                     |:  1    |:  1   |:  1   |:  1   |
                     |::.. .  |::.. . |::.. . |::.. . |
                     `-------'`-------`-------`-------'

                                 Version 0.9.15                                 
                              15-08-2020 00:24:10                               
--------------------------------------------------------------------------------

| Reading BOSS input file from: in_2D
| Initializing...

--------------------------------------------------------------------------------
                                   INPUT FILE                                   
--------------------------------------------------------------------------------
# input file for alanine 2D (d4-d13)

# optimization
userfn       userfn_2D.py
bounds       -50 310; -50 310
num_tasks    2
kernel       stdp
initpts      2 30
iterpts      50
verbosity    2
kappa_prior  gamma
kappa_priorparam 1 71.428
W_prior      gaussian
W_priorparam 0 8.451
thetaprior gamma
thetapriorparam 2 0.019; 3.3678 9.0204; 3.3678 9.0204

RESULTS:
1.582109049318505E+02 2.449263072480224E+02 0 -2.029929790783091E+05 
7.369924167752433E+01 1.744623426913229E+02 0 -2.030093457015877E+05 
1.395644340712170E+02 1.630071071520838E+02 1 2.150270000000000E+01 
4.973089035443171E+00 2.290164853750858E+02 1 2.737470000000000E+01 
9.192385366183136E+01 2.613123122571142E+02 1 3.257030000000000E+01 
1.773205866288203E+02 1.889187042065189E+02 1 2.160580000000000E+01 
1.945391653596944E+02 9.493486980790996E+00 1 1.830050000000000E+01 
-6.261801014948133E+00 1.951134118252119E+02 1 2.131060000000000E+01 
2.382201948399854E+02 -6.129783764691211E+00 1 2.033890000000000E+01 
-2.563163842952934E+01 -2.365035207177232E+01 1 2.678510000000000E+01 
1.163862766642037E+02 1.414300961451932E+02 1 2.509640000000000E+01 
2.604586289673304E+02 2.968703864970352E+02 1 3.274910000000000E+01 
6.139492772318997E+01 1.842584869227642E+02 1 1.755240000000000E+01 
1.519334872283963E+02 1.231956252198200E+02 1 2.825410000000000E+01 
-5.611660747330881E-01 1.258266666888560E+02 1 2.963630000000000E+01 
2.046534682268431E+02 2.868797082372388E+02 1 3.601450000000000E+01 
-4.908519001046767E+01 2.741080014515555E+01 1 2.916450000000000E+01 
2.150541290864139E+02 1.153902446851888E+02 1 3.445180000000000E+01 
8.262902837511373E+00 3.098420530942889E+02 1 3.371930000000000E+01 
9.126789479923477E+01 2.318546476763341E+02 1 2.704870000000000E+01 
1.265494850794789E+02 -1.712271474137818E+01 1 3.506620000000000E+01 
2.854792773980705E+01 4.207487055905778E+01 1 3.055180000000000E+01 
2.310270793052447E+02 -4.969060786814673E+01 1 3.160370000000000E+01 
2.734355756489072E+02 1.360628081662668E+02 1 3.027390000000000E+01 
2.111481318216357E+02 2.860055711075139E+01 1 2.237700000000000E+01 
4.621130195029514E+01 1.850744988434281E+02 1 1.789740000000000E+01 
-3.439354319412435E+01 2.086684005366319E+02 1 2.271270000000000E+01 
1.575633754415356E+02 2.825536883964160E+02 1 3.643250000000000E+01 
3.021762541934370E+01 -4.665893567216949E+00 1 2.926620000000000E+01 
-5.507010275005793E+00 5.586242767597381E+01 1 3.622640000000000E+01 
2.854637981286725E+02 2.127546405483157E+02 1 2.543030000000000E+01 
1.859168373362351E+02 1.401578191033037E+01 1 1.857710000000000E+01 
--------------------------------------------------------------------------------
                               SIMULATION OPTIONS                               
--------------------------------------------------------------------------------
|| File input/output 
ipfile         in_2D
userfn         userfn_2D.py
outfile        boss.out
rstfile        boss.rst

|| Key settings 
num_tasks         2
bounds         -5.000E+01 3.100E+02;    -5.000E+01 3.100E+02
kerntype       stdp stdp
yrange         -5.000E+01 3.100E+02;    -5.000E+01 3.100E+02
noise          1.000E-12
initpts    2 30    iterpts   50
gm_tol         none
verbosity      2

|| Data acquisition 
acqfn                elcb
acqtol               1.000E-03

|| GP hyperparameters 
thetainit       1.000E+00 3.142E-01
thetabounds     none
thetaprior      gamma
thetapriorpar   2.000E+00 1.900E-02;    3.368E+00 9.020E+00;    3.368E+00 9.020E+00

|| Hyperparameter optimization
updatefreq   1  initupdate      True
updateoffset 0  updaterestarts  2


--------------------------------------------------------------------------------
                              INITIAL DATAPOINT 1                               
--------------------------------------------------------------------------------
| Data point added to dataset (x i y): 
  1.5821090493E+02  2.4492630725E+02  0.0000000000E+00      -2.0299297908E+05

| Total ensemble size: 1
| Next sampling location (x_next, i_next):
  7.3699241678E+01  1.7446234269E+02  0.0000000000E+00

Iteration time [s]:    0.011        Total time [s]:    0.446

--------------------------------------------------------------------------------
                              INITIAL DATAPOINT 2                               
--------------------------------------------------------------------------------
| Data point added to dataset (x i y): 
  7.3699241678E+01  1.7446234269E+02  0.0000000000E+00      -2.0300934570E+05

| Total ensemble size: 2
| Next sampling location (x_next, i_next):
  1.3956443407E+02  1.6300710715E+02  1.0000000000E+00

Iteration time [s]:    0.001        Total time [s]:    0.449

--------------------------------------------------------------------------------
                              INITIAL DATAPOINT 3                               
--------------------------------------------------------------------------------
| Data point added to dataset (x i y): 
  1.3956443407E+02  1.6300710715E+02  1.0000000000E+00       2.1502700000E+01

| Total ensemble size: 3
| Next sampling location (x_next, i_next):
  4.9730890354E+00  2.2901648538E+02  1.0000000000E+00

Iteration time [s]:    0.024        Total time [s]:    0.475

--------------------------------------------------------------------------------
                              INITIAL DATAPOINT 4                               
--------------------------------------------------------------------------------
| Data point added to dataset (x i y): 
  4.9730890354E+00  2.2901648538E+02  1.0000000000E+00       2.7374700000E+01

| Total ensemble size: 4
| Next sampling location (x_next, i_next):
  9.1923853662E+01  2.6131231226E+02  1.0000000000E+00

Iteration time [s]:    0.001        Total time [s]:    0.479

--------------------------------------------------------------------------------
                              INITIAL DATAPOINT 5                               
--------------------------------------------------------------------------------
| Data point added to dataset (x i y): 
  9.1923853662E+01  2.6131231226E+02  1.0000000000E+00       3.2570300000E+01

| Total ensemble size: 5
| Next sampling location (x_next, i_next):
  1.7732058663E+02  1.8891870421E+02  1.0000000000E+00

Iteration time [s]:    0.001        Total time [s]:    0.481

--------------------------------------------------------------------------------
                              INITIAL DATAPOINT 6                               
--------------------------------------------------------------------------------
| Data point added to dataset (x i y): 
  1.7732058663E+02  1.8891870421E+02  1.0000000000E+00       2.1605800000E+01

| Total ensemble size: 6
| Next sampling location (x_next, i_next):
  1.9453916536E+02  9.4934869808E+00  1.0000000000E+00

Iteration time [s]:    0.001        Total time [s]:    0.485

--------------------------------------------------------------------------------
                              INITIAL DATAPOINT 7                               
--------------------------------------------------------------------------------
| Data point added to dataset (x i y): 
  1.9453916536E+02  9.4934869808E+00  1.0000000000E+00       1.8300500000E+01

| Total ensemble size: 7
| Next sampling location (x_next, i_next):
 -6.2618010149E+00  1.9511341183E+02  1.0000000000E+00

Iteration time [s]:    0.002        Total time [s]:    0.488

--------------------------------------------------------------------------------
                              INITIAL DATAPOINT 8                               
--------------------------------------------------------------------------------
| Data point added to dataset (x i y): 
 -6.2618010149E+00  1.9511341183E+02  1.0000000000E+00       2.1310600000E+01

| Total ensemble size: 8
| Next sampling location (x_next, i_next):
  2.3822019484E+02 -6.1297837647E+00  1.0000000000E+00

Iteration time [s]:    0.002        Total time [s]:    0.492

--------------------------------------------------------------------------------
                              INITIAL DATAPOINT 9                               
--------------------------------------------------------------------------------
| Data point added to dataset (x i y): 
  2.3822019484E+02 -6.1297837647E+00  1.0000000000E+00       2.0338900000E+01

| Total ensemble size: 9
| Next sampling location (x_next, i_next):
 -2.5631638430E+01 -2.3650352072E+01  1.0000000000E+00

Iteration time [s]:    0.002        Total time [s]:    0.496

--------------------------------------------------------------------------------
                              INITIAL DATAPOINT 10                              
--------------------------------------------------------------------------------
| Data point added to dataset (x i y): 
 -2.5631638430E+01 -2.3650352072E+01  1.0000000000E+00       2.6785100000E+01

| Total ensemble size: 10
| Next sampling location (x_next, i_next):
  1.1638627666E+02  1.4143009615E+02  1.0000000000E+00

Iteration time [s]:    0.002        Total time [s]:    0.499

--------------------------------------------------------------------------------
                              INITIAL DATAPOINT 11                              
--------------------------------------------------------------------------------
| Data point added to dataset (x i y): 
  1.1638627666E+02  1.4143009615E+02  1.0000000000E+00       2.5096400000E+01

| Total ensemble size: 11
| Next sampling location (x_next, i_next):
  2.6045862897E+02  2.9687038650E+02  1.0000000000E+00

Iteration time [s]:    0.001        Total time [s]:    0.501

--------------------------------------------------------------------------------
                              INITIAL DATAPOINT 12                              
--------------------------------------------------------------------------------
| Data point added to dataset (x i y): 
  2.6045862897E+02  2.9687038650E+02  1.0000000000E+00       3.2749100000E+01

| Total ensemble size: 12
| Next sampling location (x_next, i_next):
  6.1394927723E+01  1.8425848692E+02  1.0000000000E+00

Iteration time [s]:    0.002        Total time [s]:    0.505

--------------------------------------------------------------------------------
                              INITIAL DATAPOINT 13                              
--------------------------------------------------------------------------------
| Data point added to dataset (x i y): 
  6.1394927723E+01  1.8425848692E+02  1.0000000000E+00       1.7552400000E+01

| Total ensemble size: 13
| Next sampling location (x_next, i_next):
  1.5193348723E+02  1.2319562522E+02  1.0000000000E+00

Iteration time [s]:    0.002        Total time [s]:    0.509

--------------------------------------------------------------------------------
                              INITIAL DATAPOINT 14                              
--------------------------------------------------------------------------------
| Data point added to dataset (x i y): 
  1.5193348723E+02  1.2319562522E+02  1.0000000000E+00       2.8254100000E+01

| Total ensemble size: 14
| Next sampling location (x_next, i_next):
 -5.6116607473E-01  1.2582666669E+02  1.0000000000E+00

Iteration time [s]:    0.002        Total time [s]:    0.514

--------------------------------------------------------------------------------
                              INITIAL DATAPOINT 15                              
--------------------------------------------------------------------------------
| Data point added to dataset (x i y): 
 -5.6116607473E-01  1.2582666669E+02  1.0000000000E+00       2.9636300000E+01

| Total ensemble size: 15
| Next sampling location (x_next, i_next):
  2.0465346823E+02  2.8687970824E+02  1.0000000000E+00

Iteration time [s]:    0.002        Total time [s]:    0.518

--------------------------------------------------------------------------------
                              INITIAL DATAPOINT 16                              
--------------------------------------------------------------------------------
| Data point added to dataset (x i y): 
  2.0465346823E+02  2.8687970824E+02  1.0000000000E+00       3.6014500000E+01

| Total ensemble size: 16
| Next sampling location (x_next, i_next):
 -4.9085190010E+01  2.7410800145E+01  1.0000000000E+00

Iteration time [s]:    0.002        Total time [s]:    0.522

--------------------------------------------------------------------------------
                              INITIAL DATAPOINT 17                              
--------------------------------------------------------------------------------
| Data point added to dataset (x i y): 
 -4.9085190010E+01  2.7410800145E+01  1.0000000000E+00       2.9164500000E+01

| Total ensemble size: 17
| Next sampling location (x_next, i_next):
  2.1505412909E+02  1.1539024469E+02  1.0000000000E+00

Iteration time [s]:    0.002        Total time [s]:    0.525

--------------------------------------------------------------------------------
                              INITIAL DATAPOINT 18                              
--------------------------------------------------------------------------------
| Data point added to dataset (x i y): 
  2.1505412909E+02  1.1539024469E+02  1.0000000000E+00       3.4451800000E+01

| Total ensemble size: 18
| Next sampling location (x_next, i_next):
  8.2629028375E+00  3.0984205309E+02  1.0000000000E+00

Iteration time [s]:    0.001        Total time [s]:    0.529

--------------------------------------------------------------------------------
                              INITIAL DATAPOINT 19                              
--------------------------------------------------------------------------------
| Data point added to dataset (x i y): 
  8.2629028375E+00  3.0984205309E+02  1.0000000000E+00       3.3719300000E+01

| Total ensemble size: 19
| Next sampling location (x_next, i_next):
  9.1267894799E+01  2.3185464768E+02  1.0000000000E+00

Iteration time [s]:    0.003        Total time [s]:    0.535

--------------------------------------------------------------------------------
                              INITIAL DATAPOINT 20                              
--------------------------------------------------------------------------------
| Data point added to dataset (x i y): 
  9.1267894799E+01  2.3185464768E+02  1.0000000000E+00       2.7048700000E+01

| Total ensemble size: 20
| Next sampling location (x_next, i_next):
  1.2654948508E+02 -1.7122714741E+01  1.0000000000E+00

Iteration time [s]:    0.002        Total time [s]:    0.539

--------------------------------------------------------------------------------
                              INITIAL DATAPOINT 21                              
--------------------------------------------------------------------------------
| Data point added to dataset (x i y): 
  1.2654948508E+02 -1.7122714741E+01  1.0000000000E+00       3.5066200000E+01

| Total ensemble size: 21
| Next sampling location (x_next, i_next):
  2.8547927740E+01  4.2074870559E+01  1.0000000000E+00

Iteration time [s]:    0.002        Total time [s]:    0.542

--------------------------------------------------------------------------------
                              INITIAL DATAPOINT 22                              
--------------------------------------------------------------------------------
| Data point added to dataset (x i y): 
  2.8547927740E+01  4.2074870559E+01  1.0000000000E+00       3.0551800000E+01

| Total ensemble size: 22
| Next sampling location (x_next, i_next):
  2.3102707931E+02 -4.9690607868E+01  1.0000000000E+00

Iteration time [s]:    0.001        Total time [s]:    0.546

--------------------------------------------------------------------------------
                              INITIAL DATAPOINT 23                              
--------------------------------------------------------------------------------
| Data point added to dataset (x i y): 
  2.3102707931E+02 -4.9690607868E+01  1.0000000000E+00       3.1603700000E+01

| Total ensemble size: 23
| Next sampling location (x_next, i_next):
  2.7343557565E+02  1.3606280817E+02  1.0000000000E+00

Iteration time [s]:    0.002        Total time [s]:    0.551

--------------------------------------------------------------------------------
                              INITIAL DATAPOINT 24                              
--------------------------------------------------------------------------------
| Data point added to dataset (x i y): 
  2.7343557565E+02  1.3606280817E+02  1.0000000000E+00       3.0273900000E+01

| Total ensemble size: 24
| Next sampling location (x_next, i_next):
  2.1114813182E+02  2.8600557111E+01  1.0000000000E+00

Iteration time [s]:    0.001        Total time [s]:    0.555

--------------------------------------------------------------------------------
                              INITIAL DATAPOINT 25                              
--------------------------------------------------------------------------------
| Data point added to dataset (x i y): 
  2.1114813182E+02  2.8600557111E+01  1.0000000000E+00       2.2377000000E+01

| Total ensemble size: 25
| Next sampling location (x_next, i_next):
  4.6211301950E+01  1.8507449884E+02  1.0000000000E+00

Iteration time [s]:    0.001        Total time [s]:    0.558

--------------------------------------------------------------------------------
                              INITIAL DATAPOINT 26                              
--------------------------------------------------------------------------------
| Data point added to dataset (x i y): 
  4.6211301950E+01  1.8507449884E+02  1.0000000000E+00       1.7897400000E+01

| Total ensemble size: 26
| Next sampling location (x_next, i_next):
 -3.4393543194E+01  2.0866840054E+02  1.0000000000E+00

Iteration time [s]:    0.001        Total time [s]:    0.562

--------------------------------------------------------------------------------
                              INITIAL DATAPOINT 27                              
--------------------------------------------------------------------------------
| Data point added to dataset (x i y): 
 -3.4393543194E+01  2.0866840054E+02  1.0000000000E+00       2.2712700000E+01

| Total ensemble size: 27
| Next sampling location (x_next, i_next):
  1.5756337544E+02  2.8255368840E+02  1.0000000000E+00

Iteration time [s]:    0.001        Total time [s]:    0.565

--------------------------------------------------------------------------------
                              INITIAL DATAPOINT 28                              
--------------------------------------------------------------------------------
| Data point added to dataset (x i y): 
  1.5756337544E+02  2.8255368840E+02  1.0000000000E+00       3.6432500000E+01

| Total ensemble size: 28
| Next sampling location (x_next, i_next):
  3.0217625419E+01 -4.6658935672E+00  1.0000000000E+00

Iteration time [s]:    0.002        Total time [s]:    0.570

--------------------------------------------------------------------------------
                              INITIAL DATAPOINT 29                              
--------------------------------------------------------------------------------
| Data point added to dataset (x i y): 
  3.0217625419E+01 -4.6658935672E+00  1.0000000000E+00       2.9266200000E+01

| Total ensemble size: 29
| Next sampling location (x_next, i_next):
 -5.5070102750E+00  5.5862427676E+01  1.0000000000E+00

Iteration time [s]:    0.002        Total time [s]:    0.575

--------------------------------------------------------------------------------
                              INITIAL DATAPOINT 30                              
--------------------------------------------------------------------------------
| Data point added to dataset (x i y): 
 -5.5070102750E+00  5.5862427676E+01  1.0000000000E+00       3.6226400000E+01

| Total ensemble size: 30
| Next sampling location (x_next, i_next):
  2.8546379813E+02  2.1275464055E+02  1.0000000000E+00

Iteration time [s]:    0.001        Total time [s]:    0.577

--------------------------------------------------------------------------------
                              INITIAL DATAPOINT 31                              
--------------------------------------------------------------------------------
| Data point added to dataset (x i y): 
  2.8546379813E+02  2.1275464055E+02  1.0000000000E+00       2.5430300000E+01

| Total ensemble size: 31
| Next sampling location (x_next, i_next):
  1.8591683734E+02  1.4015781910E+01  1.0000000000E+00

Iteration time [s]:    0.001        Total time [s]:    0.578

--------------------------------------------------------------------------------
                              INITIAL DATAPOINT 32                              
--------------------------------------------------------------------------------
| Data point added to dataset (x i y): 
  1.8591683734E+02  1.4015781910E+01  1.0000000000E+00       1.8577100000E+01

| Total ensemble size: 32
| Best acquisition, x_best i_best y_best:
  7.3699241678E+01  1.7446234269E+02  0.0000000000E+00      -2.0300934570E+05
| Global minimum prediction, x_hat mu_hat +- nu_hat:
  6.4436817017E+01  1.8780327057E+02  0.0000000000E+00      -2.0301037365E+05  5.6571092285E-02

| GP model hyperparameters (lengthscales W kappa):
  6.5971427968E-01  3.0808633206E-01  5.3306814456E+00  5.6959519731E+00  1.3763742049E-02  1.3781739905E-02
| Next sampling location (x_next, i_next):
  2.2889103880E+02  1.7157635446E+02  0.0000000000E+00

Iteration time [s]:    1.272        Total time [s]:    1.851

--------------------------------------------------------------------------------
                                 BO ITERATION 1                                 
--------------------------------------------------------------------------------
| Evaluating objective function at 2.289E+02 1.716E+02 0.000E+00
| Objective function evaluated, time [s]       32.034
| Data point added to dataset (x i y): 
  2.2889103880E+02  1.7157635446E+02  0.0000000000E+00      -2.0300635435E+05

| Total ensemble size: 33
| Best acquisition, x_best i_best y_best:
  7.3699241678E+01  1.7446234269E+02  0.0000000000E+00      -2.0300934570E+05
| Global minimum prediction, x_hat mu_hat +- nu_hat:
  6.5459040863E+01  1.9328356420E+02  0.0000000000E+00      -2.0301109986E+05  1.5465938235E-01
| Global minimum convergence, d_xhat d_muhat:
  5.5748147795E+00  3.6880078870E-02

| GP model hyperparameters (lengthscales W kappa):
  6.6556074312E-01  2.8911921602E-01  4.7033504497E+00  5.9073309581E+00  1.3866198481E-02  1.3879497275E-02
| Next sampling location (x_next, i_next):
  1.1958806734E+02  6.8344236337E+01  0.0000000000E+00

Iteration time [s]:   33.250        Total time [s]:   35.101

--------------------------------------------------------------------------------
                                 BO ITERATION 2                                 
--------------------------------------------------------------------------------
| Evaluating objective function at 1.196E+02 6.834E+01 0.000E+00
| Objective function evaluated, time [s]       23.463
| Data point added to dataset (x i y): 
  1.1958806734E+02  6.8344236337E+01  0.0000000000E+00      -2.0299047066E+05

| Total ensemble size: 34
| Best acquisition, x_best i_best y_best:
  7.3699241678E+01  1.7446234269E+02  0.0000000000E+00      -2.0300934570E+05
| Global minimum prediction, x_hat mu_hat +- nu_hat:
  6.2898865988E+01  1.8567816208E+02  0.0000000000E+00      -2.0301030559E+05  4.0404613081E-02
| Global minimum convergence, d_xhat d_muhat:
  8.0247515096E+00  4.1597666733E-02

| GP model hyperparameters (lengthscales W kappa):
  7.0456379847E-01  2.9436323415E-01  6.1096012108E+00  5.6831841658E+00  1.3789078921E-02  1.3768337532E-02
| Next sampling location (x_next, i_next):
  5.6582450159E+01  1.9947165315E+02  0.0000000000E+00

Iteration time [s]:   24.569        Total time [s]:   59.671

--------------------------------------------------------------------------------
                                 BO ITERATION 3                                 
--------------------------------------------------------------------------------
| Evaluating objective function at 5.658E+01 1.995E+02 0.000E+00
| Objective function evaluated, time [s]       23.166
| Data point added to dataset (x i y): 
  5.6582450159E+01  1.9947165315E+02  0.0000000000E+00      -2.0300753751E+05

| Total ensemble size: 35
| Best acquisition, x_best i_best y_best:
  7.3699241678E+01  1.7446234269E+02  0.0000000000E+00      -2.0300934570E+05
| Global minimum prediction, x_hat mu_hat +- nu_hat:
  5.8920824585E+01  1.7843111049E+02  0.0000000000E+00      -2.0300969312E+05  1.3950906553E-02
| Global minimum convergence, d_xhat d_muhat:
  8.2670774808E+00  2.9668297555E-02

| GP model hyperparameters (lengthscales W kappa):
  7.2018307131E-01  2.7820557626E-01  5.1119534385E+00  6.1001826317E+00  1.3192383199E-02  1.3397711922E-02
| Next sampling location (x_next, i_next):
 -1.1235694385E+01  1.6337918627E+02  0.0000000000E+00

Iteration time [s]:   24.575        Total time [s]:   84.246

--------------------------------------------------------------------------------
                                 BO ITERATION 4                                 
--------------------------------------------------------------------------------
| Evaluating objective function at -1.124E+01 1.634E+02 0.000E+00
| Objective function evaluated, time [s]       23.438
| Data point added to dataset (x i y): 
 -1.1235694385E+01  1.6337918627E+02  0.0000000000E+00      -2.0300636539E+05

| Total ensemble size: 36
| Best acquisition, x_best i_best y_best:
  7.3699241678E+01  1.7446234269E+02  0.0000000000E+00      -2.0300934570E+05
| Global minimum prediction, x_hat mu_hat +- nu_hat:
  5.7574103046E+01  1.7777723697E+02  0.0000000000E+00      -2.0300966005E+05  1.2387781962E-02
| Global minimum convergence, d_xhat d_muhat:
  1.4970669636E+00  1.5395283960E-03

| GP model hyperparameters (lengthscales W kappa):
  7.2754206927E-01  2.7112222769E-01  4.8171495965E+00  6.4506854096E+00  1.3397362495E-02  1.3627501753E-02
| Next sampling location (x_next, i_next):
  2.8960841435E+02  1.8213654811E+02  0.0000000000E+00

Iteration time [s]:   24.836        Total time [s]:  109.083

--------------------------------------------------------------------------------
                                 BO ITERATION 5                                 
--------------------------------------------------------------------------------
| Evaluating objective function at 2.896E+02 1.821E+02 0.000E+00
| Objective function evaluated, time [s]       23.126
| Data point added to dataset (x i y): 
  2.8960841435E+02  1.8213654811E+02  0.0000000000E+00      -2.0300834158E+05

| Total ensemble size: 37
| Best acquisition, x_best i_best y_best:
  7.3699241678E+01  1.7446234269E+02  0.0000000000E+00      -2.0300934570E+05
| Global minimum prediction, x_hat mu_hat +- nu_hat:
  5.8318858577E+01  1.7922936593E+02  0.0000000000E+00      -2.0300970907E+05  1.2681027851E-02
| Global minimum convergence, d_xhat d_muhat:
  1.6319740585E+00  2.1923060212E-03

| GP model hyperparameters (lengthscales W kappa):
  6.9513736038E-01  2.5724409942E-01  4.5983847863E+00  6.8733370637E+00  1.3894953507E-02  1.3900181120E-02
| Next sampling location (x_next, i_next):
  2.4865226844E+02  1.0091775135E+01  0.0000000000E+00

Iteration time [s]:   24.845        Total time [s]:  133.929

--------------------------------------------------------------------------------
                                 BO ITERATION 6                                 
--------------------------------------------------------------------------------
| Evaluating objective function at 2.487E+02 1.009E+01 0.000E+00
| Objective function evaluated, time [s]       23.798
| Data point added to dataset (x i y): 
  2.4865226844E+02  1.0091775135E+01  0.0000000000E+00      -2.0301096451E+05

| Total ensemble size: 38
| Best acquisition, x_best i_best y_best:
  2.4865226844E+02  1.0091775135E+01  0.0000000000E+00      -2.0301096451E+05
| Global minimum prediction, x_hat mu_hat +- nu_hat:
  2.3168524464E+02  1.0008005590E+01  0.0000000000E+00      -2.0301124773E+05  8.3840120907E-02
| Global minimum convergence, d_xhat d_muhat:
  2.4226384917E+02  6.5891105790E-02

| GP model hyperparameters (lengthscales W kappa):
  6.6308901938E-01  1.9942298666E-01 -4.5665328898E+00 -6.8450922381E+00  1.4905551216E-02  1.4332880025E-02
| Next sampling location (x_next, i_next):
  9.3122353462E+01  1.9406708673E+01  0.0000000000E+00

Iteration time [s]:   25.764        Total time [s]:  159.693

--------------------------------------------------------------------------------
                                 BO ITERATION 7                                 
--------------------------------------------------------------------------------
| Evaluating objective function at 9.312E+01 1.941E+01 0.000E+00
| Objective function evaluated, time [s]       23.126
| Data point added to dataset (x i y): 
  9.3122353462E+01  1.9406708673E+01  0.0000000000E+00      -2.0299336065E+05

| Total ensemble size: 39
| Best acquisition, x_best i_best y_best:
  2.4865226844E+02  1.0091775135E+01  0.0000000000E+00      -2.0301096451E+05
| Global minimum prediction, x_hat mu_hat +- nu_hat:
  2.5208526332E+02  8.7621935161E+00  0.0000000000E+00      -2.0301099410E+05  3.1612328455E-02
| Global minimum convergence, d_xhat d_muhat:
  2.0438023625E+01  1.1442879885E-02

| GP model hyperparameters (lengthscales W kappa):
  4.7596799157E-01  2.4911080333E-01 -4.9538214500E+00 -6.5663435630E+00  1.4663606168E-02  1.4349859850E-02
| Next sampling location (x_next, i_next):
  1.2130463443E+02  1.9496989603E+02  0.0000000000E+00

Iteration time [s]:   25.200        Total time [s]:  184.893

--------------------------------------------------------------------------------
                                 BO ITERATION 8                                 
--------------------------------------------------------------------------------
| Evaluating objective function at 1.213E+02 1.950E+02 0.000E+00
| Objective function evaluated, time [s]       23.023
| Data point added to dataset (x i y): 
  1.2130463443E+02  1.9496989603E+02  0.0000000000E+00      -2.0300651612E+05

| Total ensemble size: 40
| Best acquisition, x_best i_best y_best:
  2.4865226844E+02  1.0091775135E+01  0.0000000000E+00      -2.0301096451E+05
| Global minimum prediction, x_hat mu_hat +- nu_hat:
  2.5417999531E+02  9.2149275607E+00  0.0000000000E+00      -2.0301101762E+05  6.6036023401E-02
| Global minimum convergence, d_xhat d_muhat:
  2.1430982803E+00  1.0439087540E-03

| GP model hyperparameters (lengthscales W kappa):
  4.5936914054E-01  2.5802810922E-01  4.8184503610E+00  6.8428754061E+00  1.4925599390E-02  1.4397825403E-02
| Next sampling location (x_next, i_next):
  2.8620185052E+02 -1.7666517380E+00  0.0000000000E+00

Iteration time [s]:   25.095        Total time [s]:  209.989

--------------------------------------------------------------------------------
                                 BO ITERATION 9                                 
--------------------------------------------------------------------------------
| Evaluating objective function at 2.862E+02 -1.767E+00 0.000E+00
| Objective function evaluated, time [s]       23.348
| Data point added to dataset (x i y): 
  2.8620185052E+02 -1.7666517380E+00  0.0000000000E+00      -2.0300862183E+05

| Total ensemble size: 41
| Best acquisition, x_best i_best y_best:
  2.4865226844E+02  1.0091775135E+01  0.0000000000E+00      -2.0301096451E+05
| Global minimum prediction, x_hat mu_hat +- nu_hat:
  2.5289818767E+02  9.8132482848E+00  0.0000000000E+00      -2.0301099597E+05  1.4121749924E-02
| Global minimum convergence, d_xhat d_muhat:
  1.4145736132E+00  9.4035129594E-04

| GP model hyperparameters (lengthscales W kappa):
  4.4700392844E-01  2.5726741249E-01 -4.6978964850E+00 -7.1554006678E+00  1.5206484882E-02  1.4437426775E-02
| Next sampling location (x_next, i_next):
 -3.9869800244E+01  2.5981439194E+02  0.0000000000E+00

Iteration time [s]:   25.561        Total time [s]:  235.550

--------------------------------------------------------------------------------
                                BO ITERATION 10                                 
--------------------------------------------------------------------------------
| Evaluating objective function at -3.987E+01 2.598E+02 0.000E+00
| Objective function evaluated, time [s]       23.198
| Data point added to dataset (x i y): 
 -3.9869800244E+01  2.5981439194E+02  0.0000000000E+00      -2.0299212994E+05

| Total ensemble size: 42
| Best acquisition, x_best i_best y_best:
  2.4865226844E+02  1.0091775135E+01  0.0000000000E+00      -2.0301096451E+05
| Global minimum prediction, x_hat mu_hat +- nu_hat:
  2.4788249317E+02  8.7380040565E+00  0.0000000000E+00      -2.0301099307E+05  4.1682533342E-03
| Global minimum convergence, d_xhat d_muhat:
  5.1296531537E+00  1.3181479702E-04

| GP model hyperparameters (lengthscales W kappa):
  5.2791422161E-01  2.4446286799E-01  5.1772016258E+00  6.8460193920E+00  1.4838957779E-02  1.4423814391E-02
| Next sampling location (x_next, i_next):
  6.6690424905E+01  1.0844932203E+02  0.0000000000E+00

Iteration time [s]:   25.469        Total time [s]:  261.020

--------------------------------------------------------------------------------
                                BO ITERATION 11                                 
--------------------------------------------------------------------------------
| Evaluating objective function at 6.669E+01 1.084E+02 0.000E+00
| Objective function evaluated, time [s]       23.133
| Data point added to dataset (x i y): 
  6.6690424905E+01  1.0844932203E+02  0.0000000000E+00      -2.0299277118E+05

| Total ensemble size: 43
| Best acquisition, x_best i_best y_best:
  2.4865226844E+02  1.0091775135E+01  0.0000000000E+00      -2.0301096451E+05
| Global minimum prediction, x_hat mu_hat +- nu_hat:
  2.4834261573E+02  8.5384771465E+00  0.0000000000E+00      -2.0301100242E+05  3.9433390050E-03
| Global minimum convergence, d_xhat d_muhat:
  5.0152144249E-01  4.3944278013E-04

| GP model hyperparameters (lengthscales W kappa):
  5.5156460312E-01  2.5243997197E-01  5.4281746711E+00  6.5436665888E+00  1.4659049361E-02  1.4418336395E-02
| Next sampling location (x_next, i_next):
  1.8547771391E+02  1.5057439291E+02  0.0000000000E+00

Iteration time [s]:   25.176        Total time [s]:  286.197

--------------------------------------------------------------------------------
                                BO ITERATION 12                                 
--------------------------------------------------------------------------------
| Evaluating objective function at 1.855E+02 1.506E+02 0.000E+00
| Objective function evaluated, time [s]       22.196
| Data point added to dataset (x i y): 
  1.8547771391E+02  1.5057439291E+02  0.0000000000E+00      -2.0300353242E+05

| Total ensemble size: 44
| Best acquisition, x_best i_best y_best:
  2.4865226844E+02  1.0091775135E+01  0.0000000000E+00      -2.0301096451E+05
| Global minimum prediction, x_hat mu_hat +- nu_hat:
  2.4949923357E+02  8.6131401752E+00  0.0000000000E+00      -2.0301099404E+05  2.6908011434E-03
| Global minimum convergence, d_xhat d_muhat:
  1.1590251854E+00  3.9169470089E-04

| GP model hyperparameters (lengthscales W kappa):
  5.4792867663E-01  2.5703215009E-01  5.3761915415E+00  6.6473558705E+00  1.4781370519E-02  1.4465730245E-02
| Next sampling location (x_next, i_next):
  2.3592795696E+02  1.9435604707E+02  0.0000000000E+00

Iteration time [s]:   24.511        Total time [s]:  310.709

--------------------------------------------------------------------------------
                                BO ITERATION 13                                 
--------------------------------------------------------------------------------
| Evaluating objective function at 2.359E+02 1.944E+02 0.000E+00
| Objective function evaluated, time [s]       21.838
| Data point added to dataset (x i y): 
  2.3592795696E+02  1.9435604707E+02  0.0000000000E+00      -2.0300548705E+05

| Total ensemble size: 45
| Best acquisition, x_best i_best y_best:
  2.4865226844E+02  1.0091775135E+01  0.0000000000E+00      -2.0301096451E+05
| Global minimum prediction, x_hat mu_hat +- nu_hat:
  2.4945664162E+02  8.6663955002E+00  0.0000000000E+00      -2.0301099140E+05  2.4761947900E-03
| Global minimum convergence, d_xhat d_muhat:
  6.8192399976E-02  1.2223341964E-04

| GP model hyperparameters (lengthscales W kappa):
  5.4854743520E-01  2.5690191124E-01 -5.3378618333E+00 -6.8152407516E+00  1.4932966639E-02  1.4517927791E-02
| Next sampling location (x_next, i_next):
  3.9387274691E+01  1.5781992771E+02  0.0000000000E+00

Iteration time [s]:   24.197        Total time [s]:  334.906

--------------------------------------------------------------------------------
                                BO ITERATION 14                                 
--------------------------------------------------------------------------------
| Evaluating objective function at 3.939E+01 1.578E+02 0.000E+00
| Objective function evaluated, time [s]       23.060
| Data point added to dataset (x i y): 
  3.9387274691E+01  1.5781992771E+02  0.0000000000E+00      -2.0300651512E+05

| Total ensemble size: 46
| Best acquisition, x_best i_best y_best:
  2.4865226844E+02  1.0091775135E+01  0.0000000000E+00      -2.0301096451E+05
| Global minimum prediction, x_hat mu_hat +- nu_hat:
  2.5013414653E+02  8.7834411608E+00  0.0000000000E+00      -2.0301098632E+05  2.1630893729E-03
| Global minimum convergence, d_xhat d_muhat:
  6.8754097433E-01  2.3214278443E-04

| GP model hyperparameters (lengthscales W kappa):
  5.4551767194E-01  2.6039892786E-01 -5.3070084547E+00 -7.0793354735E+00  1.5087124887E-02  1.4531524627E-02
| Next sampling location (x_next, i_next):
 -1.7735759621E+01  5.7399530157E+00  0.0000000000E+00

Iteration time [s]:   25.428        Total time [s]:  360.335

--------------------------------------------------------------------------------
                                BO ITERATION 15                                 
--------------------------------------------------------------------------------
| Evaluating objective function at -1.774E+01 5.740E+00 0.000E+00
| Objective function evaluated, time [s]       23.119
| Data point added to dataset (x i y): 
 -1.7735759621E+01  5.7399530157E+00  0.0000000000E+00      -2.0299113235E+05

| Total ensemble size: 47
| Best acquisition, x_best i_best y_best:
  2.4865226844E+02  1.0091775135E+01  0.0000000000E+00      -2.0301096451E+05
| Global minimum prediction, x_hat mu_hat +- nu_hat:
  2.6303616871E+02  1.4309514109E+01  0.0000000000E+00      -2.0301170732E+05  6.2366194598E-01
| Global minimum convergence, d_xhat d_muhat:
  1.4035656682E+01  3.3987161543E-02

| GP model hyperparameters (lengthscales W kappa):
  3.7289163783E-01  2.7204579533E-01 -5.7365973585E+00 -6.5720311799E+00  1.4361010884E-02  1.4259710422E-02
| Next sampling location (x_next, i_next):
  2.6933922332E+02  5.6162390095E+01  0.0000000000E+00

Iteration time [s]:   25.761        Total time [s]:  386.097

--------------------------------------------------------------------------------
                                BO ITERATION 16                                 
--------------------------------------------------------------------------------
| Evaluating objective function at 2.693E+02 5.616E+01 0.000E+00
| Objective function evaluated, time [s]       22.990
| Data point added to dataset (x i y): 
  2.6933922332E+02  5.6162390095E+01  0.0000000000E+00      -2.0299347111E+05

| Total ensemble size: 48
| Best acquisition, x_best i_best y_best:
  2.4865226844E+02  1.0091775135E+01  0.0000000000E+00      -2.0301096451E+05
| Global minimum prediction, x_hat mu_hat +- nu_hat:
  2.6046565247E+02  8.0896099721E+00  0.0000000000E+00      -2.0301129025E+05  1.7599491636E-01
| Global minimum convergence, d_xhat d_muhat:
  6.7301382744E+00  2.0104197755E-02

| GP model hyperparameters (lengthscales W kappa):
  4.2384827435E-01  2.3623410203E-01 -5.9002777069E+00 -6.2507852684E+00  1.4271102687E-02  1.4234787417E-02
| Next sampling location (x_next, i_next):
  2.8593332617E+02 -3.0566004575E+01  0.0000000000E+00

Iteration time [s]:   25.870        Total time [s]:  411.968

--------------------------------------------------------------------------------
                                BO ITERATION 17                                 
--------------------------------------------------------------------------------
| Evaluating objective function at 2.859E+02 -3.057E+01 0.000E+00
| Objective function evaluated, time [s]       23.373
| Data point added to dataset (x i y): 
  2.8593332617E+02 -3.0566004575E+01  0.0000000000E+00      -2.0300661350E+05

| Total ensemble size: 49
| Best acquisition, x_best i_best y_best:
  2.4865226844E+02  1.0091775135E+01  0.0000000000E+00      -2.0301096451E+05
| Global minimum prediction, x_hat mu_hat +- nu_hat:
  2.6033198746E+02  8.0332804268E+00  0.0000000000E+00      -2.0301127683E+05  1.6694248733E-01
| Global minimum convergence, d_xhat d_muhat:
  1.4504948555E-01  6.3839328916E-04

| GP model hyperparameters (lengthscales W kappa):
  4.2188266129E-01  2.3428460145E-01 -5.8601136113E+00 -6.3669390379E+00  1.4331950432E-02  1.4262553818E-02
| Next sampling location (x_next, i_next):
  6.2761354927E+01 -3.2888074661E+01  0.0000000000E+00

Iteration time [s]:   26.358        Total time [s]:  438.326

--------------------------------------------------------------------------------
                                BO ITERATION 18                                 
--------------------------------------------------------------------------------
| Evaluating objective function at 6.276E+01 -3.289E+01 0.000E+00
| Objective function evaluated, time [s]       23.162
| Data point added to dataset (x i y): 
  6.2761354927E+01 -3.2888074661E+01  0.0000000000E+00      -2.0299968622E+05

| Total ensemble size: 50
| Best acquisition, x_best i_best y_best:
  2.4865226844E+02  1.0091775135E+01  0.0000000000E+00      -2.0301096451E+05
| Global minimum prediction, x_hat mu_hat +- nu_hat:
  2.6050387925E+02  8.2719698733E+00  0.0000000000E+00      -2.0301128945E+05  1.5568357892E-01
| Global minimum convergence, d_xhat d_muhat:
  2.9414186770E-01  6.0333298006E-04

| GP model hyperparameters (lengthscales W kappa):
  4.2710923347E-01  2.3812783205E-01 -5.8257193897E+00 -6.3332184276E+00  1.4310183453E-02  1.4245803472E-02
| Next sampling location (x_next, i_next):
  2.6909112215E+02  1.9564029419E+01  0.0000000000E+00

Iteration time [s]:   26.181        Total time [s]:  464.508

--------------------------------------------------------------------------------
                                BO ITERATION 19                                 
--------------------------------------------------------------------------------
| Evaluating objective function at 2.691E+02 1.956E+01 0.000E+00
| Objective function evaluated, time [s]       23.197
| Data point added to dataset (x i y): 
  2.6909112215E+02  1.9564029419E+01  0.0000000000E+00      -2.0300599151E+05

| Total ensemble size: 51
| Best acquisition, x_best i_best y_best:
  2.4865226844E+02  1.0091775135E+01  0.0000000000E+00      -2.0301096451E+05
| Global minimum prediction, x_hat mu_hat +- nu_hat:
  2.0990643519E+02  1.2162398961E+01  0.0000000000E+00      -2.0301210603E+05  4.7939045616E-01
| Global minimum convergence, d_xhat d_muhat:
  5.0746790876E+01  3.8654471605E-02

| GP model hyperparameters (lengthscales W kappa):
  4.6062394278E-01  1.7089262401E-01 -5.9117047341E+00 -5.6425921768E+00  1.4169381380E-02  1.4195870825E-02
| Next sampling location (x_next, i_next):
  3.0518273973E+02  9.5946410979E+01  0.0000000000E+00

Iteration time [s]:   27.548        Total time [s]:  492.057

--------------------------------------------------------------------------------
                                BO ITERATION 20                                 
--------------------------------------------------------------------------------
| Evaluating objective function at 3.052E+02 9.595E+01 0.000E+00
| Objective function evaluated, time [s]       24.080
| Data point added to dataset (x i y): 
  3.0518273973E+02  9.5946410979E+01  0.0000000000E+00      -2.0298964751E+05

| Total ensemble size: 52
| Best acquisition, x_best i_best y_best:
  2.4865226844E+02  1.0091775135E+01  0.0000000000E+00      -2.0301096451E+05
| Global minimum prediction, x_hat mu_hat +- nu_hat:
  2.1349267968E+02  1.1700762099E+01  0.0000000000E+00      -2.0301169853E+05  3.7379757177E-01
| Global minimum convergence, d_xhat d_muhat:
  3.6158343699E+00  1.9046600023E-02

| GP model hyperparameters (lengthscales W kappa):
  4.6608536241E-01  1.8921941609E-01 -5.9949168868E+00 -5.6883294921E+00  1.4258591848E-02  1.4298927711E-02
| Next sampling location (x_next, i_next):
  1.9047930480E+02  2.1466201405E+02  0.0000000000E+00

Iteration time [s]:   27.834        Total time [s]:  519.891

--------------------------------------------------------------------------------
                                BO ITERATION 21                                 
--------------------------------------------------------------------------------
| Evaluating objective function at 1.905E+02 2.147E+02 0.000E+00
| Objective function evaluated, time [s]       21.863
| Data point added to dataset (x i y): 
  1.9047930480E+02  2.1466201405E+02  0.0000000000E+00      -2.0300188122E+05

| Total ensemble size: 53
| Best acquisition, x_best i_best y_best:
  2.4865226844E+02  1.0091775135E+01  0.0000000000E+00      -2.0301096451E+05
| Global minimum prediction, x_hat mu_hat +- nu_hat:
  2.1411452126E+02  1.1616326489E+01  0.0000000000E+00      -2.0301164791E+05  3.7024888827E-01
| Global minimum convergence, d_xhat d_muhat:
  6.2754786435E-01  2.3631263898E-03

| GP model hyperparameters (lengthscales W kappa):
  4.5855582169E-01  1.9178163488E-01 -5.9199344560E+00 -5.6651422136E+00  1.4286691408E-02  1.4323072394E-02
| Next sampling location (x_next, i_next):
  2.8787894821E+02  1.6174442826E+02  0.0000000000E+00

Iteration time [s]:   25.782        Total time [s]:  545.673

--------------------------------------------------------------------------------
                                BO ITERATION 22                                 
--------------------------------------------------------------------------------
| Evaluating objective function at 2.879E+02 1.617E+02 0.000E+00
| Objective function evaluated, time [s]       23.019
| Data point added to dataset (x i y): 
  2.8787894821E+02  1.6174442826E+02  0.0000000000E+00      -2.0300663858E+05

| Total ensemble size: 54
| Best acquisition, x_best i_best y_best:
  2.4865226844E+02  1.0091775135E+01  0.0000000000E+00      -2.0301096451E+05
| Global minimum prediction, x_hat mu_hat +- nu_hat:
  2.1398236548E+02  1.1652279565E+01  0.0000000000E+00      -2.0301166311E+05  3.7143693421E-01
| Global minimum convergence, d_xhat d_muhat:
  1.3695902354E-01  7.0249506648E-04

| GP model hyperparameters (lengthscales W kappa):
  4.5580031673E-01  1.9231782610E-01 -5.8938316355E+00 -5.7647854124E+00  1.4337412954E-02  1.4359540795E-02
| Next sampling location (x_next, i_next):
  2.4368653161E+02  2.4007309187E+02  0.0000000000E+00

Iteration time [s]:   26.750        Total time [s]:  572.424

--------------------------------------------------------------------------------
                                BO ITERATION 23                                 
--------------------------------------------------------------------------------
| Evaluating objective function at 2.437E+02 2.401E+02 0.000E+00
| Objective function evaluated, time [s]       21.967
| Data point added to dataset (x i y): 
  2.4368653161E+02  2.4007309187E+02  0.0000000000E+00      -2.0299278934E+05

| Total ensemble size: 55
| Best acquisition, x_best i_best y_best:
  2.4865226844E+02  1.0091775135E+01  0.0000000000E+00      -2.0301096451E+05
| Global minimum prediction, x_hat mu_hat +- nu_hat:
  2.1765070545E+02  1.1192431261E+01  0.0000000000E+00      -2.0301150684E+05  3.2014733946E-01
| Global minimum convergence, d_xhat d_muhat:
  3.6970499814E+00  7.3308382646E-03

| GP model hyperparameters (lengthscales W kappa):
  4.6686792552E-01  1.9733018421E-01 -5.8942596685E+00 -5.7005359002E+00  1.4357849188E-02  1.4389469576E-02
| Next sampling location (x_next, i_next):
  2.7444151067E+02 -1.4029873100E+01  0.0000000000E+00

Iteration time [s]:   25.652        Total time [s]:  598.080

--------------------------------------------------------------------------------
                                BO ITERATION 24                                 
--------------------------------------------------------------------------------
| Evaluating objective function at 2.744E+02 -1.403E+01 0.000E+00
| Objective function evaluated, time [s]       23.632
| Data point added to dataset (x i y): 
  2.7444151067E+02 -1.4029873100E+01  0.0000000000E+00      -2.0301052535E+05

| Total ensemble size: 56
| Best acquisition, x_best i_best y_best:
  2.4865226844E+02  1.0091775135E+01  0.0000000000E+00      -2.0301096451E+05
| Global minimum prediction, x_hat mu_hat +- nu_hat:
  2.1350993315E+02  1.2059985907E+01  0.0000000000E+00      -2.0301176836E+05  3.3969313088E-01
| Global minimum convergence, d_xhat d_muhat:
  4.2306791744E+00  1.2076183095E-02

| GP model hyperparameters (lengthscales W kappa):
  4.7641665467E-01  1.9047926999E-01 -5.9398752972E+00 -5.8000587520E+00  1.4424837691E-02  1.4452783755E-02
| Next sampling location (x_next, i_next):
  2.1397826069E+02  1.4197418270E+01  0.0000000000E+00

Iteration time [s]:   27.736        Total time [s]:  625.817

--------------------------------------------------------------------------------
                                BO ITERATION 25                                 
--------------------------------------------------------------------------------
| Evaluating objective function at 2.140E+02 1.420E+01 0.000E+00
| Objective function evaluated, time [s]       24.372
| Data point added to dataset (x i y): 
  2.1397826069E+02  1.4197418270E+01  0.0000000000E+00      -2.0301117502E+05

| Total ensemble size: 57
| Best acquisition, x_best i_best y_best:
  2.1397826069E+02  1.4197418270E+01  0.0000000000E+00      -2.0301117502E+05
| Global minimum prediction, x_hat mu_hat +- nu_hat:
  2.5482214285E+02  2.0255838561E+00  0.0000000000E+00      -2.0301158389E+05  1.0579237165E-01
| Global minimum convergence, d_xhat d_muhat:
  4.2513384886E+01  8.3799207886E-03

| GP model hyperparameters (lengthscales W kappa):
  4.7386119358E-01  1.9062142214E-01  5.8935794016E+00  6.0865297759E+00  1.4351463714E-02  1.4321831718E-02
| Next sampling location (x_next, i_next):
  7.9882715898E+01  2.9461306731E+02  0.0000000000E+00

Iteration time [s]:   28.615        Total time [s]:  654.433

--------------------------------------------------------------------------------
                                BO ITERATION 26                                 
--------------------------------------------------------------------------------
| Evaluating objective function at 7.988E+01 2.946E+02 0.000E+00
| Objective function evaluated, time [s]       24.153
| Data point added to dataset (x i y): 
  7.9882715898E+01  2.9461306731E+02  0.0000000000E+00      -2.0299292399E+05

| Total ensemble size: 58
| Best acquisition, x_best i_best y_best:
  2.1397826069E+02  1.4197418270E+01  0.0000000000E+00      -2.0301117502E+05
| Global minimum prediction, x_hat mu_hat +- nu_hat:
  2.5506698398E+02  2.1471545271E+00  0.0000000000E+00      -2.0301152703E+05  9.5655829410E-02
| Global minimum convergence, d_xhat d_muhat:
  2.7336167958E-01  2.6211630644E-03

| GP model hyperparameters (lengthscales W kappa):
  4.7453907900E-01  1.9743189264E-01  5.8886121417E+00  5.9407822459E+00  1.4384584218E-02  1.4374878041E-02
| Next sampling location (x_next, i_next):
 -3.3167177697E+01  1.8091904650E+02  0.0000000000E+00

Iteration time [s]:   28.020        Total time [s]:  682.457

--------------------------------------------------------------------------------
                                BO ITERATION 27                                 
--------------------------------------------------------------------------------
| Evaluating objective function at -3.317E+01 1.809E+02 0.000E+00
| Objective function evaluated, time [s]       23.084
| Data point added to dataset (x i y): 
 -3.3167177697E+01  1.8091904650E+02  0.0000000000E+00      -2.0300825323E+05

| Total ensemble size: 59
| Best acquisition, x_best i_best y_best:
  2.1397826069E+02  1.4197418270E+01  0.0000000000E+00      -2.0301117502E+05
| Global minimum prediction, x_hat mu_hat +- nu_hat:
  2.5518381087E+02  1.9367652990E+00  0.0000000000E+00      -2.0301156806E+05  9.4921024795E-02
| Global minimum convergence, d_xhat d_muhat:
  2.4064943568E-01  1.8713284698E-03

| GP model hyperparameters (lengthscales W kappa):
  4.8299462391E-01  1.9486662948E-01  5.9042064990E+00  6.0851666386E+00  1.4432576288E-02  1.4402493058E-02
| Next sampling location (x_next, i_next):
  1.9740553968E+02  8.1064986942E+01  0.0000000000E+00

Iteration time [s]:   26.970        Total time [s]:  709.428

--------------------------------------------------------------------------------
                                BO ITERATION 28                                 
--------------------------------------------------------------------------------
| Evaluating objective function at 1.974E+02 8.106E+01 0.000E+00
| Objective function evaluated, time [s]       23.071
| Data point added to dataset (x i y): 
  1.9740553968E+02  8.1064986942E+01  0.0000000000E+00      -2.0299180607E+05

| Total ensemble size: 60
| Best acquisition, x_best i_best y_best:
  2.1397826069E+02  1.4197418270E+01  0.0000000000E+00      -2.0301117502E+05
| Global minimum prediction, x_hat mu_hat +- nu_hat:
  2.5454224395E+02  2.4316558679E+00  0.0000000000E+00      -2.0301149827E+05  7.7601406015E-02
| Global minimum convergence, d_xhat d_muhat:
  8.1026217331E-01  3.2324031410E-03

| GP model hyperparameters (lengthscales W kappa):
  4.8753472177E-01  1.9869276264E-01  5.8591003511E+00  5.9058758443E+00  1.4425955856E-02  1.4415441377E-02
| Next sampling location (x_next, i_next):
  1.2022757414E+02  1.7976318630E+02  0.0000000000E+00

Iteration time [s]:   27.292        Total time [s]:  736.725

--------------------------------------------------------------------------------
                                BO ITERATION 29                                 
--------------------------------------------------------------------------------
| Evaluating objective function at 1.202E+02 1.798E+02 0.000E+00
| Objective function evaluated, time [s]       23.112
| Data point added to dataset (x i y): 
  1.2022757414E+02  1.7976318630E+02  0.0000000000E+00      -2.0300780951E+05

| Total ensemble size: 61
| Best acquisition, x_best i_best y_best:
  2.1397826069E+02  1.4197418270E+01  0.0000000000E+00      -2.0301117502E+05
| Global minimum prediction, x_hat mu_hat +- nu_hat:
  2.5513225862E+02  2.0813662326E+00  0.0000000000E+00      -2.0301152690E+05  8.3898882971E-02
| Global minimum convergence, d_xhat d_muhat:
  6.8616334427E-01  1.3138791878E-03

| GP model hyperparameters (lengthscales W kappa):
  4.8477357820E-01  2.0047976427E-01  5.8615065155E+00  6.0367007266E+00  1.4507295584E-02  1.4473416133E-02
| Next sampling location (x_next, i_next):
  1.7583335506E+02  1.7183067585E+02  0.0000000000E+00

Iteration time [s]:   26.969        Total time [s]:  763.694

--------------------------------------------------------------------------------
                                BO ITERATION 30                                 
--------------------------------------------------------------------------------
| Evaluating objective function at 1.758E+02 1.718E+02 0.000E+00
| Objective function evaluated, time [s]       21.908
| Data point added to dataset (x i y): 
  1.7583335506E+02  1.7183067585E+02  0.0000000000E+00      -2.0300762286E+05

| Total ensemble size: 62
| Best acquisition, x_best i_best y_best:
  2.1397826069E+02  1.4197418270E+01  0.0000000000E+00      -2.0301117502E+05
| Global minimum prediction, x_hat mu_hat +- nu_hat:
  2.5541541971E+02  1.8686848060E+00  0.0000000000E+00      -2.0301155133E+05  8.5711174643E-02
| Global minimum convergence, d_xhat d_muhat:
  3.5413781949E-01  1.1110304559E-03

| GP model hyperparameters (lengthscales W kappa):
  4.8656854293E-01  2.0071015882E-01  5.8685241513E+00  6.1720420811E+00  1.4536279401E-02  1.4475111819E-02
| Next sampling location (x_next, i_next):
  2.4235372889E+01  1.7515981840E+02  0.0000000000E+00

Iteration time [s]:   25.863        Total time [s]:  789.559

--------------------------------------------------------------------------------
                                BO ITERATION 31                                 
--------------------------------------------------------------------------------
| Evaluating objective function at 2.424E+01 1.752E+02 0.000E+00
| Objective function evaluated, time [s]       23.079
| Data point added to dataset (x i y): 
  2.4235372889E+01  1.7515981840E+02  0.0000000000E+00      -2.0300841947E+05

| Total ensemble size: 63
| Best acquisition, x_best i_best y_best:
  2.1397826069E+02  1.4197418270E+01  0.0000000000E+00      -2.0301117502E+05
| Global minimum prediction, x_hat mu_hat +- nu_hat:
  2.5476559775E+02  2.0635432819E+00  0.0000000000E+00      -2.0301155409E+05  7.6468281252E-02
| Global minimum convergence, d_xhat d_muhat:
  6.7840873121E-01  1.2441718678E-04

| GP model hyperparameters (lengthscales W kappa):
  5.0375711564E-01  1.9430110963E-01  5.8800373407E+00  6.3803499153E+00  1.4594860101E-02  1.4489126836E-02
| Next sampling location (x_next, i_next):
  2.6086462863E+02 -1.3165991543E+00  0.0000000000E+00

Iteration time [s]:   27.131        Total time [s]:  816.690

--------------------------------------------------------------------------------
                                BO ITERATION 32                                 
--------------------------------------------------------------------------------
| Evaluating objective function at 2.609E+02 -1.317E+00 0.000E+00
| Objective function evaluated, time [s]       24.152
| Data point added to dataset (x i y): 
  2.6086462863E+02 -1.3165991543E+00  0.0000000000E+00      -2.0301170883E+05

| Total ensemble size: 64
| Best acquisition, x_best i_best y_best:
  2.6086462863E+02 -1.3165991543E+00  0.0000000000E+00      -2.0301170883E+05
| Global minimum prediction, x_hat mu_hat +- nu_hat:
  2.5673081761E+02  8.1311717406E-01  0.0000000000E+00      -2.0301174009E+05  1.9129992802E-03
| Global minimum convergence, d_xhat d_muhat:
  2.3293034454E+00  8.2798384132E-03

| GP model hyperparameters (lengthscales W kappa):
  5.1283994219E-01  1.9090046853E-01  5.9598263370E+00  6.5730712123E+00  1.4667672773E-02  1.4527355178E-02
| Next sampling location (x_next, i_next):
  4.2308839187E+01  2.4740440230E+02  0.0000000000E+00

Iteration time [s]:   28.300        Total time [s]:  844.995

--------------------------------------------------------------------------------
                                BO ITERATION 33                                 
--------------------------------------------------------------------------------
| Evaluating objective function at 4.231E+01 2.474E+02 0.000E+00
| Objective function evaluated, time [s]       24.162
| Data point added to dataset (x i y): 
  4.2308839187E+01  2.4740440230E+02  0.0000000000E+00      -2.0299349214E+05

| Total ensemble size: 65
| Best acquisition, x_best i_best y_best:
  2.6086462863E+02 -1.3165991543E+00  0.0000000000E+00      -2.0301170883E+05
| Global minimum prediction, x_hat mu_hat +- nu_hat:
  2.5655522282E+02  8.8527072877E-01  0.0000000000E+00      -2.0301174226E+05  2.3650977109E-03
| Global minimum convergence, d_xhat d_muhat:
  1.8984115859E-01  9.7602065179E-05

| GP model hyperparameters (lengthscales W kappa):
  5.1967690348E-01  1.8489716217E-01 -6.0104146581E+00 -6.4035723386E+00  1.4699467898E-02  1.4600249637E-02
| Next sampling location (x_next, i_next):
  1.5781634496E+02  3.9390580376E+01  0.0000000000E+00

Iteration time [s]:   28.498        Total time [s]:  873.493

--------------------------------------------------------------------------------
                                BO ITERATION 34                                 
--------------------------------------------------------------------------------
| Evaluating objective function at 1.578E+02 3.939E+01 0.000E+00
| Objective function evaluated, time [s]       23.544
| Data point added to dataset (x i y): 
  1.5781634496E+02  3.9390580376E+01  0.0000000000E+00      -2.0300039796E+05

| Total ensemble size: 66
| Best acquisition, x_best i_best y_best:
  2.6086462863E+02 -1.3165991543E+00  0.0000000000E+00      -2.0301170883E+05
| Global minimum prediction, x_hat mu_hat +- nu_hat:
  2.5658145526E+02  9.0958216555E-01  0.0000000000E+00      -2.0301174258E+05  2.1402921757E-03
| Global minimum convergence, d_xhat d_muhat:
  3.5765717743E-02  1.4332415682E-05

| GP model hyperparameters (lengthscales W kappa):
  5.1909592085E-01  1.8666251226E-01 -5.9834067255E+00 -6.3449542528E+00  1.4707495856E-02  1.4613578828E-02
| Next sampling location (x_next, i_next):
 -2.8758117438E+01  1.4481236598E+02  0.0000000000E+00

Iteration time [s]:   27.911        Total time [s]:  901.405

--------------------------------------------------------------------------------
                                BO ITERATION 35                                 
--------------------------------------------------------------------------------
| Evaluating objective function at -2.876E+01 1.448E+02 0.000E+00
| Objective function evaluated, time [s]       23.743
| Data point added to dataset (x i y): 
 -2.8758117438E+01  1.4481236598E+02  0.0000000000E+00      -2.0300244806E+05

| Total ensemble size: 67
| Best acquisition, x_best i_best y_best:
  2.6086462863E+02 -1.3165991543E+00  0.0000000000E+00      -2.0301170883E+05
| Global minimum prediction, x_hat mu_hat +- nu_hat:
  2.5720071546E+02  7.6170671989E-01  0.0000000000E+00      -2.0301173732E+05  1.6617999217E-03
| Global minimum convergence, d_xhat d_muhat:
  6.3667130328E-01  2.3686640799E-04

| GP model hyperparameters (lengthscales W kappa):
  5.0644403987E-01  1.9024601501E-01  5.9406320675E+00  6.3659220431E+00  1.4915841173E-02  1.4777271623E-02
| Next sampling location (x_next, i_next):
  5.0689797703E+01  1.3697382134E+02  0.0000000000E+00

Iteration time [s]:   28.261        Total time [s]:  929.667

--------------------------------------------------------------------------------
                                BO ITERATION 36                                 
--------------------------------------------------------------------------------
| Evaluating objective function at 5.069E+01 1.370E+02 0.000E+00
| Objective function evaluated, time [s]       22.670
| Data point added to dataset (x i y): 
  5.0689797703E+01  1.3697382134E+02  0.0000000000E+00      -2.0300093600E+05

| Total ensemble size: 68
| Best acquisition, x_best i_best y_best:
  2.6086462863E+02 -1.3165991543E+00  0.0000000000E+00      -2.0301170883E+05
| Global minimum prediction, x_hat mu_hat +- nu_hat:
  2.5737387099E+02  7.2662876426E-01  0.0000000000E+00      -2.0301173610E+05  1.5553277988E-03
| Global minimum convergence, d_xhat d_muhat:
  1.7667285830E-01  5.5258708156E-05

| GP model hyperparameters (lengthscales W kappa):
  5.0240251348E-01  1.9097584994E-01  5.9028792720E+00  6.3215271070E+00  1.5057020786E-02  1.4897708956E-02
| Next sampling location (x_next, i_next):
  2.3751342512E+02  5.3176037312E+00  0.0000000000E+00

Iteration time [s]:   27.098        Total time [s]:  956.765

--------------------------------------------------------------------------------
                                BO ITERATION 37                                 
--------------------------------------------------------------------------------
| Evaluating objective function at 2.375E+02 5.318E+00 0.000E+00
| Objective function evaluated, time [s]       23.100
| Data point added to dataset (x i y): 
  2.3751342512E+02  5.3176037312E+00  0.0000000000E+00      -2.0301218150E+05

| Total ensemble size: 69
| Best acquisition, x_best i_best y_best:
  2.3751342512E+02  5.3176037312E+00  0.0000000000E+00      -2.0301218150E+05
| Global minimum prediction, x_hat mu_hat +- nu_hat:
  2.4037505602E+02  4.5179446344E+00  0.0000000000E+00      -2.0301219077E+05  2.1406955913E-04
| Global minimum convergence, d_xhat d_muhat:
  1.7416480304E+01  2.0177047203E-02

| GP model hyperparameters (lengthscales W kappa):
  6.1003113747E-01  1.4827232265E-01  6.0980333803E+00  6.1347339479E+00  1.4702840112E-02  1.4693662169E-02
| Next sampling location (x_next, i_next):
 -5.0699662392E+00  2.8160819101E+02  0.0000000000E+00

Iteration time [s]:   27.907        Total time [s]:  984.672

--------------------------------------------------------------------------------
                                BO ITERATION 38                                 
--------------------------------------------------------------------------------
| Evaluating objective function at -5.070E+00 2.816E+02 0.000E+00
| Objective function evaluated, time [s]       23.157
| Data point added to dataset (x i y): 
 -5.0699662392E+00  2.8160819101E+02  0.0000000000E+00      -2.0298997801E+05

| Total ensemble size: 70
| Best acquisition, x_best i_best y_best:
  2.3751342512E+02  5.3176037312E+00  0.0000000000E+00      -2.0301218150E+05
| Global minimum prediction, x_hat mu_hat +- nu_hat:
  2.3989767799E+02  4.6084688859E+00  0.0000000000E+00      -2.0301218826E+05  1.4664913694E-04
| Global minimum convergence, d_xhat d_muhat:
  4.8588520261E-01  1.1148368363E-04

| GP model hyperparameters (lengthscales W kappa):
  5.9511143399E-01  1.5289282727E-01  6.1083958415E+00  5.9357896369E+00  1.4819691346E-02  1.4873885919E-02
| Next sampling location (x_next, i_next):
  3.0368202999E+02  1.9531571329E+02  0.0000000000E+00

Iteration time [s]:   28.226        Total time [s]: 1012.899

--------------------------------------------------------------------------------
                                BO ITERATION 39                                 
--------------------------------------------------------------------------------
| Evaluating objective function at 3.037E+02 1.953E+02 0.000E+00
| Objective function evaluated, time [s]       22.991
| Data point added to dataset (x i y): 
  3.0368202999E+02  1.9531571329E+02  0.0000000000E+00      -2.0300721941E+05

| Total ensemble size: 71
| Best acquisition, x_best i_best y_best:
  2.3751342512E+02  5.3176037312E+00  0.0000000000E+00      -2.0301218150E+05
| Global minimum prediction, x_hat mu_hat +- nu_hat:
  2.4002389265E+02  4.6001066971E+00  0.0000000000E+00      -2.0301218869E+05  1.5102574107E-04
| Global minimum convergence, d_xhat d_muhat:
  1.2649137828E-01  1.9315907142E-05

| GP model hyperparameters (lengthscales W kappa):
  6.0639952445E-01  1.5206080219E-01 -6.1253695372E+00 -6.0613021264E+00  1.4877528749E-02  1.4901456288E-02
| Next sampling location (x_next, i_next):
  1.1371759706E+02  2.1696265995E+02  0.0000000000E+00

Iteration time [s]:   27.932        Total time [s]: 1040.831

--------------------------------------------------------------------------------
                                BO ITERATION 40                                 
--------------------------------------------------------------------------------
| Evaluating objective function at 1.137E+02 2.170E+02 0.000E+00
| Objective function evaluated, time [s]       23.144
| Data point added to dataset (x i y): 
  1.1371759706E+02  2.1696265995E+02  0.0000000000E+00      -2.0300138066E+05

| Total ensemble size: 72
| Best acquisition, x_best i_best y_best:
  2.3751342512E+02  5.3176037312E+00  0.0000000000E+00      -2.0301218150E+05
| Global minimum prediction, x_hat mu_hat +- nu_hat:
  2.3994222254E+02  4.5732805124E+00  0.0000000000E+00      -2.0301218883E+05  1.4504963209E-04
| Global minimum convergence, d_xhat d_muhat:
  8.5963088563E-02  6.1503229269E-06

| GP model hyperparameters (lengthscales W kappa):
  6.0043398417E-01  1.5420959318E-01 -6.1451399400E+00 -6.0279399956E+00  1.4794317490E-02  1.4831449657E-02
| Next sampling location (x_next, i_next):
  6.5091200070E+01  1.8801763796E+02  0.0000000000E+00

Iteration time [s]:   28.207        Total time [s]: 1069.040

--------------------------------------------------------------------------------
                                BO ITERATION 41                                 
--------------------------------------------------------------------------------
| Evaluating objective function at 6.509E+01 1.880E+02 0.000E+00
| Objective function evaluated, time [s]       23.122
| Data point added to dataset (x i y): 
  6.5091200070E+01  1.8801763796E+02  0.0000000000E+00      -2.0300923588E+05

| Total ensemble size: 73
| Best acquisition, x_best i_best y_best:
  2.3751342512E+02  5.3176037312E+00  0.0000000000E+00      -2.0301218150E+05
| Global minimum prediction, x_hat mu_hat +- nu_hat:
  2.3833953200E+02  5.8013169015E+00  0.0000000000E+00      -2.0301219590E+05  7.6888238835E-05
| Global minimum convergence, d_xhat d_muhat:
  2.0190815530E+00  3.1356807753E-04

| GP model hyperparameters (lengthscales W kappa):
  5.5355703480E-01  1.4750153800E-01 -5.8337666184E+00 -7.2799634996E+00  2.4124173012E-02  1.9092220057E-02
| Next sampling location (x_next, i_next):
  4.0540015898E+01  2.1776910233E+02  0.0000000000E+00

Iteration time [s]:   28.346        Total time [s]: 1097.386

--------------------------------------------------------------------------------
                                BO ITERATION 42                                 
--------------------------------------------------------------------------------
| Evaluating objective function at 4.054E+01 2.178E+02 0.000E+00
| Objective function evaluated, time [s]       22.073
| Data point added to dataset (x i y): 
  4.0540015898E+01  2.1776910233E+02  0.0000000000E+00      -2.0300243790E+05

| Total ensemble size: 74
| Best acquisition, x_best i_best y_best:
  2.3751342512E+02  5.3176037312E+00  0.0000000000E+00      -2.0301218150E+05
| Global minimum prediction, x_hat mu_hat +- nu_hat:
  2.4140456168E+02  4.9507438960E+00  0.0000000000E+00      -2.0301221097E+05  8.0483040773E-04
| Global minimum convergence, d_xhat d_muhat:
  3.1808617348E+00  6.6894805005E-04

| GP model hyperparameters (lengthscales W kappa):
  6.3584967988E-01  1.1992015140E-01 -5.7419380413E+00 -7.0276585327E+00  1.8254019052E-02  1.6533721252E-02
| Next sampling location (x_next, i_next):
  2.0165619734E+02 -3.2041254231E+01  0.0000000000E+00

Iteration time [s]:   27.955        Total time [s]: 1125.342

--------------------------------------------------------------------------------
                                BO ITERATION 43                                 
--------------------------------------------------------------------------------
| Evaluating objective function at 2.017E+02 -3.204E+01 0.000E+00
| Objective function evaluated, time [s]       23.198
| Data point added to dataset (x i y): 
  2.0165619734E+02 -3.2041254231E+01  0.0000000000E+00      -2.0300052236E+05

| Total ensemble size: 75
| Best acquisition, x_best i_best y_best:
  2.3751342512E+02  5.3176037312E+00  0.0000000000E+00      -2.0301218150E+05
| Global minimum prediction, x_hat mu_hat +- nu_hat:
  2.4122965689E+02  5.0026516912E+00  0.0000000000E+00      -2.0301220964E+05  6.7680448310E-04
| Global minimum convergence, d_xhat d_muhat:
  1.8244480139E-01  5.9204791854E-05

| GP model hyperparameters (lengthscales W kappa):
  6.3431732798E-01  1.2073543011E-01 -5.7074226929E+00 -6.9696732362E+00  1.8541304616E-02  1.6705993543E-02
| Next sampling location (x_next, i_next):
  1.2758302526E+02 -4.5197071708E+01  0.0000000000E+00

Iteration time [s]:   29.051        Total time [s]: 1154.394

--------------------------------------------------------------------------------
                                BO ITERATION 44                                 
--------------------------------------------------------------------------------
| Evaluating objective function at 1.276E+02 -4.520E+01 0.000E+00
| Objective function evaluated, time [s]       23.163
| Data point added to dataset (x i y): 
  1.2758302526E+02 -4.5197071708E+01  0.0000000000E+00      -2.0299203521E+05

| Total ensemble size: 76
| Best acquisition, x_best i_best y_best:
  2.3751342512E+02  5.3176037312E+00  0.0000000000E+00      -2.0301218150E+05
| Global minimum prediction, x_hat mu_hat +- nu_hat:
  2.4103378261E+02  5.0914619993E+00  0.0000000000E+00      -2.0301220917E+05  6.0117009204E-04
| Global minimum convergence, d_xhat d_muhat:
  2.1506744555E-01  2.0881526829E-05

| GP model hyperparameters (lengthscales W kappa):
  6.3122761406E-01  1.2074594787E-01 -5.7379398026E+00 -6.8041334998E+00  1.8510441681E-02  1.6877651964E-02
| Next sampling location (x_next, i_next):
  2.1220212066E+02  2.6629022221E+02  0.0000000000E+00

Iteration time [s]:   28.686        Total time [s]: 1183.080

--------------------------------------------------------------------------------
                                BO ITERATION 45                                 
--------------------------------------------------------------------------------
| Evaluating objective function at 2.122E+02 2.663E+02 0.000E+00
| Objective function evaluated, time [s]       21.936
| Data point added to dataset (x i y): 
  2.1220212066E+02  2.6629022221E+02  0.0000000000E+00      -2.0298846210E+05

| Total ensemble size: 77
| Best acquisition, x_best i_best y_best:
  2.3751342512E+02  5.3176037312E+00  0.0000000000E+00      -2.0301218150E+05
| Global minimum prediction, x_hat mu_hat +- nu_hat:
  2.4055399684E+02  5.2470162338E+00  0.0000000000E+00      -2.0301220674E+05  3.9985835666E-04
| Global minimum convergence, d_xhat d_muhat:
  5.0437238325E-01  1.0231621542E-04

| GP model hyperparameters (lengthscales W kappa):
  6.2340858556E-01  1.2282668946E-01 -5.7773582627E+00 -6.6287210118E+00  1.9053188455E-02  1.7469897083E-02
| Next sampling location (x_next, i_next):
  3.0508493028E+01  8.1522037115E+01  0.0000000000E+00

Iteration time [s]:   27.612        Total time [s]: 1210.692

--------------------------------------------------------------------------------
                                BO ITERATION 46                                 
--------------------------------------------------------------------------------
| Evaluating objective function at 3.051E+01 8.152E+01 0.000E+00
| Objective function evaluated, time [s]       23.086
| Data point added to dataset (x i y): 
  3.0508493028E+01  8.1522037115E+01  0.0000000000E+00      -2.0299058596E+05

| Total ensemble size: 78
| Best acquisition, x_best i_best y_best:
  2.3751342512E+02  5.3176037312E+00  0.0000000000E+00      -2.0301218150E+05
| Global minimum prediction, x_hat mu_hat +- nu_hat:
  2.4025467779E+02  5.3465566242E+00  0.0000000000E+00      -2.0301220577E+05  3.0393862919E-04
| Global minimum convergence, d_xhat d_muhat:
  3.1543649721E-01  4.0974523416E-05

| GP model hyperparameters (lengthscales W kappa):
  6.1919648965E-01  1.2388206060E-01 -5.7371654478E+00 -6.4180766982E+00  1.9508409617E-02  1.8047648380E-02
| Next sampling location (x_next, i_next):
  1.7616327188E+02  2.0210738496E+02  0.0000000000E+00

Iteration time [s]:   28.796        Total time [s]: 1239.489

--------------------------------------------------------------------------------
                                BO ITERATION 47                                 
--------------------------------------------------------------------------------
| Evaluating objective function at 1.762E+02 2.021E+02 0.000E+00
| Objective function evaluated, time [s]       21.932
| Data point added to dataset (x i y): 
  1.7616327188E+02  2.0210738496E+02  0.0000000000E+00      -2.0300544718E+05

| Total ensemble size: 79
| Best acquisition, x_best i_best y_best:
  2.3751342512E+02  5.3176037312E+00  0.0000000000E+00      -2.0301218150E+05
| Global minimum prediction, x_hat mu_hat +- nu_hat:
  2.4015091272E+02  5.3780543120E+00  0.0000000000E+00      -2.0301220536E+05  2.6229717262E-04
| Global minimum convergence, d_xhat d_muhat:
  1.0844027279E-01  1.7325127345E-05

| GP model hyperparameters (lengthscales W kappa):
  6.2155840358E-01  1.2512969395E-01 -5.7391669071E+00 -6.4949812817E+00  2.0105150844E-02  1.8313863096E-02
| Next sampling location (x_next, i_next):
  2.6688085584E+02  3.6337803774E+01  0.0000000000E+00

Iteration time [s]:   28.003        Total time [s]: 1267.493

--------------------------------------------------------------------------------
                                BO ITERATION 48                                 
--------------------------------------------------------------------------------
| Evaluating objective function at 2.669E+02 3.634E+01 0.000E+00
| Objective function evaluated, time [s]       23.019
| Data point added to dataset (x i y): 
  2.6688085584E+02  3.6337803774E+01  0.0000000000E+00      -2.0300014803E+05

| Total ensemble size: 80
| Best acquisition, x_best i_best y_best:
  2.3751342512E+02  5.3176037312E+00  0.0000000000E+00      -2.0301218150E+05
| Global minimum prediction, x_hat mu_hat +- nu_hat:
  2.4073690735E+02  5.1516297416E+00  0.0000000000E+00      -2.0301220594E+05  4.3428590348E-04
| Global minimum convergence, d_xhat d_muhat:
  6.2821794945E-01  2.4745450240E-05

| GP model hyperparameters (lengthscales W kappa):
  6.2799334188E-01  1.2335861326E-01 -5.7142981293E+00 -6.4327407708E+00  1.9353651945E-02  1.7876804962E-02
| Next sampling location (x_next, i_next):
  2.5969104501E+02 -2.3475022567E+01  0.0000000000E+00

Iteration time [s]:   29.053        Total time [s]: 1296.549

--------------------------------------------------------------------------------
                                BO ITERATION 49                                 
--------------------------------------------------------------------------------
| Evaluating objective function at 2.597E+02 -2.348E+01 0.000E+00
| Objective function evaluated, time [s]       22.993
| Data point added to dataset (x i y): 
  2.5969104501E+02 -2.3475022567E+01  0.0000000000E+00      -2.0300892513E+05

| Total ensemble size: 81
| Best acquisition, x_best i_best y_best:
  2.3751342512E+02  5.3176037312E+00  0.0000000000E+00      -2.0301218150E+05
| Global minimum prediction, x_hat mu_hat +- nu_hat:
  2.4148909648E+02  4.9382404579E+00  0.0000000000E+00      -2.0301221120E+05  5.2382825399E-04
| Global minimum convergence, d_xhat d_muhat:
  7.8187177498E-01  2.2156518774E-04

| GP model hyperparameters (lengthscales W kappa):
  6.3757959199E-01  1.2335788705E-01 -5.7416471759E+00 -6.5665344465E+00  1.9731397963E-02  1.7987967271E-02
| Next sampling location (x_next, i_next):
  2.9925271409E+02  1.7208978490E+02  0.0000000000E+00

Iteration time [s]:   29.067        Total time [s]: 1325.617

--------------------------------------------------------------------------------
                                BO ITERATION 50                                 
--------------------------------------------------------------------------------
| Evaluating objective function at 2.993E+02 1.721E+02 0.000E+00
| Objective function evaluated, time [s]       23.765
| Data point added to dataset (x i y): 
  2.9925271409E+02  1.7208978490E+02  0.0000000000E+00      -2.0300827315E+05

| Total ensemble size: 82
| Best acquisition, x_best i_best y_best:
  2.3751342512E+02  5.3176037312E+00  0.0000000000E+00      -2.0301218150E+05
| Global minimum prediction, x_hat mu_hat +- nu_hat:
  2.4143717334E+02  4.9536852761E+00  0.0000000000E+00      -2.0301221072E+05  4.6358095219E-04
| Global minimum convergence, d_xhat d_muhat:
  5.4171537892E-02  2.0268392227E-05

| GP model hyperparameters (lengthscales W kappa):
  6.3586123931E-01  1.2535522307E-01 -5.7520653872E+00 -6.7084007067E+00  2.0687044829E-02  1.8356676895E-02
| Next sampling location (x_next, i_next):
  2.4832072378E+02  3.5372937886E+00  0.0000000000E+00

Iteration time [s]:   29.907        Total time [s]: 1355.525

|| Bayesian optimization completed, time [s]     1355.508


--------------------------------------------------------------------------------
                        BOSS is done! Have a nice day :)                        

      Datetime 15-08-2020 00:46:45            Total time [s]     1355.525       
--------------------------------------------------------------------------------
