
-----------------------------   Welcome to ....   ------------------------------
                      _______  _______ _______ _______ 
                     |   _   \|   _   |   _   |   _   |
                     |.  1   /|.  |   |   1___|   1___|
                     |.  _   \|.  |   |____   |____   |
                     |:  1    |:  1   |:  1   |:  1   |
                     |::.. .  |::.. . |::.. . |::.. . |
                     `-------'`-------`-------`-------'

                                 Version 0.9.15                                 
                              15-08-2020 00:24:10                               
--------------------------------------------------------------------------------

| Reading BOSS input file from: in_2D
| Initializing...

--------------------------------------------------------------------------------
                                   INPUT FILE                                   
--------------------------------------------------------------------------------
# input file for alanine 2D (d4-d13)

# optimization
userfn       userfn_2D.py
bounds       -50 310; -50 310
num_tasks    2
kernel       stdp
initpts      2 30
iterpts      50
verbosity    2
kappa_prior  gamma
kappa_priorparam 1 71.428
W_prior      gaussian
W_priorparam 0 8.451
thetaprior gamma
thetapriorparam 2 0.019; 3.3678 9.0204; 3.3678 9.0204

RESULTS:
-2.615491300123496E+00 2.406701843157510E+02 0 -2.029948246555123E+05 
1.185362945890308E+02 1.232712607519532E+02 0 -2.029961317842400E+05 
2.812900386906636E+02 1.404165691927538E+02 1 2.839960000000000E+01 
6.080227134862793E+01 2.900288039258156E+02 1 3.200120000000000E+01 
2.313964315695360E+02 2.727104682532818E+02 1 3.829160000000000E+01 
-5.000000000000000E+01 -4.577377120774830E+01 1 2.495220000000000E+01 
5.308898773136457E+01 1.275580416317167E+01 1 2.523990000000000E+01 
7.247284066523231E+01 1.819609627550865E+02 1 1.777260000000000E+01 
1.540383801295054E+02 9.564008633430619E+01 1 3.151650000000000E+01 
2.537544204947724E+02 2.019258418806550E+02 1 2.782140000000000E+01 
1.028047360196530E+02 1.368377884327369E+02 1 2.564730000000000E+01 
1.256969681404270E+02 8.699851122253902E+01 1 3.357220000000000E+01 
1.959580342655031E+02 -1.042857171404769E+01 1 2.024130000000000E+01 
7.387330619279827E+01 2.566102890980303E+01 1 2.941640000000000E+01 
2.768961544424035E+00 -3.486712293358195E+01 1 3.297150000000000E+01 
-1.878854635226870E+01 2.156238322127313E+02 1 2.433330000000000E+01 
8.767811611659980E+00 1.927170264869518E+02 1 2.071760000000000E+01 
-2.389375528978856E+01 2.960938055241901E+02 1 3.093090000000000E+01 
-5.000000000000000E+01 3.316706571102281E+01 1 3.038310000000000E+01 
2.876361640164967E+02 1.737266254304898E+02 1 2.239140000000000E+01 
1.906343096038501E+02 1.444296649850627E+01 1 1.853040000000000E+01 
8.158717157311824E+01 1.716674627103693E+02 1 1.852660000000000E+01 
2.524643254087656E+02 1.333279341051870E+02 1 3.288690000000000E+01 
1.538428171864221E+02 4.548844495976218E+01 1 2.631420000000000E+01 
7.156371169387411E+01 2.454883092745138E+02 1 2.871200000000000E+01 
2.893225657592459E+02 -9.924185417519132E+00 1 1.852750000000000E+01 
5.491247367900208E+01 1.799066919046310E+02 1 1.752430000000000E+01 
-1.170313777617256E+01 1.189769612653087E+02 1 3.156160000000000E+01 
8.650843196757036E+01 2.159881711237793E+02 1 2.304620000000000E+01 
2.465307353806556E+02 9.566881367727427E+01 1 3.842090000000000E+01 
5.867937386692059E+01 1.005272474686361E+02 1 3.111890000000000E+01 
-5.000000000000000E+01 -1.242421550355617E+01 1 2.083210000000000E+01 
--------------------------------------------------------------------------------
                               SIMULATION OPTIONS                               
--------------------------------------------------------------------------------
|| File input/output 
ipfile         in_2D
userfn         userfn_2D.py
outfile        boss.out
rstfile        boss.rst

|| Key settings 
num_tasks         2
bounds         -5.000E+01 3.100E+02;    -5.000E+01 3.100E+02
kerntype       stdp stdp
yrange         -5.000E+01 3.100E+02;    -5.000E+01 3.100E+02
noise          1.000E-12
initpts    2 30    iterpts   50
gm_tol         none
verbosity      2

|| Data acquisition 
acqfn                elcb
acqtol               1.000E-03

|| GP hyperparameters 
thetainit       1.000E+00 3.142E-01
thetabounds     none
thetaprior      gamma
thetapriorpar   2.000E+00 1.900E-02;    3.368E+00 9.020E+00;    3.368E+00 9.020E+00

|| Hyperparameter optimization
updatefreq   1  initupdate      True
updateoffset 0  updaterestarts  2


--------------------------------------------------------------------------------
                              INITIAL DATAPOINT 1                               
--------------------------------------------------------------------------------
| Data point added to dataset (x i y): 
 -2.6154913001E+00  2.4067018432E+02  0.0000000000E+00      -2.0299482466E+05

| Total ensemble size: 1
| Next sampling location (x_next, i_next):
  1.1853629459E+02  1.2327126075E+02  0.0000000000E+00

Iteration time [s]:    0.011        Total time [s]:    0.447

--------------------------------------------------------------------------------
                              INITIAL DATAPOINT 2                               
--------------------------------------------------------------------------------
| Data point added to dataset (x i y): 
  1.1853629459E+02  1.2327126075E+02  0.0000000000E+00      -2.0299613178E+05

| Total ensemble size: 2
| Next sampling location (x_next, i_next):
  2.8129003869E+02  1.4041656919E+02  1.0000000000E+00

Iteration time [s]:    0.002        Total time [s]:    0.451

--------------------------------------------------------------------------------
                              INITIAL DATAPOINT 3                               
--------------------------------------------------------------------------------
| Data point added to dataset (x i y): 
  2.8129003869E+02  1.4041656919E+02  1.0000000000E+00       2.8399600000E+01

| Total ensemble size: 3
| Next sampling location (x_next, i_next):
  6.0802271349E+01  2.9002880393E+02  1.0000000000E+00

Iteration time [s]:    0.023        Total time [s]:    0.476

--------------------------------------------------------------------------------
                              INITIAL DATAPOINT 4                               
--------------------------------------------------------------------------------
| Data point added to dataset (x i y): 
  6.0802271349E+01  2.9002880393E+02  1.0000000000E+00       3.2001200000E+01

| Total ensemble size: 4
| Next sampling location (x_next, i_next):
  2.3139643157E+02  2.7271046825E+02  1.0000000000E+00

Iteration time [s]:    0.002        Total time [s]:    0.480

--------------------------------------------------------------------------------
                              INITIAL DATAPOINT 5                               
--------------------------------------------------------------------------------
| Data point added to dataset (x i y): 
  2.3139643157E+02  2.7271046825E+02  1.0000000000E+00       3.8291600000E+01

| Total ensemble size: 5
| Next sampling location (x_next, i_next):
 -5.0000000000E+01 -4.5773771208E+01  1.0000000000E+00

Iteration time [s]:    0.002        Total time [s]:    0.484

--------------------------------------------------------------------------------
                              INITIAL DATAPOINT 6                               
--------------------------------------------------------------------------------
| Data point added to dataset (x i y): 
 -5.0000000000E+01 -4.5773771208E+01  1.0000000000E+00       2.4952200000E+01

| Total ensemble size: 6
| Next sampling location (x_next, i_next):
  5.3088987731E+01  1.2755804163E+01  1.0000000000E+00

Iteration time [s]:    0.001        Total time [s]:    0.487

--------------------------------------------------------------------------------
                              INITIAL DATAPOINT 7                               
--------------------------------------------------------------------------------
| Data point added to dataset (x i y): 
  5.3088987731E+01  1.2755804163E+01  1.0000000000E+00       2.5239900000E+01

| Total ensemble size: 7
| Next sampling location (x_next, i_next):
  7.2472840665E+01  1.8196096276E+02  1.0000000000E+00

Iteration time [s]:    0.001        Total time [s]:    0.490

--------------------------------------------------------------------------------
                              INITIAL DATAPOINT 8                               
--------------------------------------------------------------------------------
| Data point added to dataset (x i y): 
  7.2472840665E+01  1.8196096276E+02  1.0000000000E+00       1.7772600000E+01

| Total ensemble size: 8
| Next sampling location (x_next, i_next):
  1.5403838013E+02  9.5640086334E+01  1.0000000000E+00

Iteration time [s]:    0.002        Total time [s]:    0.495

--------------------------------------------------------------------------------
                              INITIAL DATAPOINT 9                               
--------------------------------------------------------------------------------
| Data point added to dataset (x i y): 
  1.5403838013E+02  9.5640086334E+01  1.0000000000E+00       3.1516500000E+01

| Total ensemble size: 9
| Next sampling location (x_next, i_next):
  2.5375442049E+02  2.0192584188E+02  1.0000000000E+00

Iteration time [s]:    0.001        Total time [s]:    0.498

--------------------------------------------------------------------------------
                              INITIAL DATAPOINT 10                              
--------------------------------------------------------------------------------
| Data point added to dataset (x i y): 
  2.5375442049E+02  2.0192584188E+02  1.0000000000E+00       2.7821400000E+01

| Total ensemble size: 10
| Next sampling location (x_next, i_next):
  1.0280473602E+02  1.3683778843E+02  1.0000000000E+00

Iteration time [s]:    0.001        Total time [s]:    0.501

--------------------------------------------------------------------------------
                              INITIAL DATAPOINT 11                              
--------------------------------------------------------------------------------
| Data point added to dataset (x i y): 
  1.0280473602E+02  1.3683778843E+02  1.0000000000E+00       2.5647300000E+01

| Total ensemble size: 11
| Next sampling location (x_next, i_next):
  1.2569696814E+02  8.6998511223E+01  1.0000000000E+00

Iteration time [s]:    0.001        Total time [s]:    0.503

--------------------------------------------------------------------------------
                              INITIAL DATAPOINT 12                              
--------------------------------------------------------------------------------
| Data point added to dataset (x i y): 
  1.2569696814E+02  8.6998511223E+01  1.0000000000E+00       3.3572200000E+01

| Total ensemble size: 12
| Next sampling location (x_next, i_next):
  1.9595803427E+02 -1.0428571714E+01  1.0000000000E+00

Iteration time [s]:    0.002        Total time [s]:    0.508

--------------------------------------------------------------------------------
                              INITIAL DATAPOINT 13                              
--------------------------------------------------------------------------------
| Data point added to dataset (x i y): 
  1.9595803427E+02 -1.0428571714E+01  1.0000000000E+00       2.0241300000E+01

| Total ensemble size: 13
| Next sampling location (x_next, i_next):
  7.3873306193E+01  2.5661028910E+01  1.0000000000E+00

Iteration time [s]:    0.001        Total time [s]:    0.511

--------------------------------------------------------------------------------
                              INITIAL DATAPOINT 14                              
--------------------------------------------------------------------------------
| Data point added to dataset (x i y): 
  7.3873306193E+01  2.5661028910E+01  1.0000000000E+00       2.9416400000E+01

| Total ensemble size: 14
| Next sampling location (x_next, i_next):
  2.7689615444E+00 -3.4867122934E+01  1.0000000000E+00

Iteration time [s]:    0.001        Total time [s]:    0.513

--------------------------------------------------------------------------------
                              INITIAL DATAPOINT 15                              
--------------------------------------------------------------------------------
| Data point added to dataset (x i y): 
  2.7689615444E+00 -3.4867122934E+01  1.0000000000E+00       3.2971500000E+01

| Total ensemble size: 15
| Next sampling location (x_next, i_next):
 -1.8788546352E+01  2.1562383221E+02  1.0000000000E+00

Iteration time [s]:    0.001        Total time [s]:    0.517

--------------------------------------------------------------------------------
                              INITIAL DATAPOINT 16                              
--------------------------------------------------------------------------------
| Data point added to dataset (x i y): 
 -1.8788546352E+01  2.1562383221E+02  1.0000000000E+00       2.4333300000E+01

| Total ensemble size: 16
| Next sampling location (x_next, i_next):
  8.7678116117E+00  1.9271702649E+02  1.0000000000E+00

Iteration time [s]:    0.001        Total time [s]:    0.521

--------------------------------------------------------------------------------
                              INITIAL DATAPOINT 17                              
--------------------------------------------------------------------------------
| Data point added to dataset (x i y): 
  8.7678116117E+00  1.9271702649E+02  1.0000000000E+00       2.0717600000E+01

| Total ensemble size: 17
| Next sampling location (x_next, i_next):
 -2.3893755290E+01  2.9609380552E+02  1.0000000000E+00

Iteration time [s]:    0.001        Total time [s]:    0.523

--------------------------------------------------------------------------------
                              INITIAL DATAPOINT 18                              
--------------------------------------------------------------------------------
| Data point added to dataset (x i y): 
 -2.3893755290E+01  2.9609380552E+02  1.0000000000E+00       3.0930900000E+01

| Total ensemble size: 18
| Next sampling location (x_next, i_next):
 -5.0000000000E+01  3.3167065711E+01  1.0000000000E+00

Iteration time [s]:    0.001        Total time [s]:    0.526

--------------------------------------------------------------------------------
                              INITIAL DATAPOINT 19                              
--------------------------------------------------------------------------------
| Data point added to dataset (x i y): 
 -5.0000000000E+01  3.3167065711E+01  1.0000000000E+00       3.0383100000E+01

| Total ensemble size: 19
| Next sampling location (x_next, i_next):
  2.8763616402E+02  1.7372662543E+02  1.0000000000E+00

Iteration time [s]:    0.001        Total time [s]:    0.529

--------------------------------------------------------------------------------
                              INITIAL DATAPOINT 20                              
--------------------------------------------------------------------------------
| Data point added to dataset (x i y): 
  2.8763616402E+02  1.7372662543E+02  1.0000000000E+00       2.2391400000E+01

| Total ensemble size: 20
| Next sampling location (x_next, i_next):
  1.9063430960E+02  1.4442966499E+01  1.0000000000E+00

Iteration time [s]:    0.002        Total time [s]:    0.533

--------------------------------------------------------------------------------
                              INITIAL DATAPOINT 21                              
--------------------------------------------------------------------------------
| Data point added to dataset (x i y): 
  1.9063430960E+02  1.4442966499E+01  1.0000000000E+00       1.8530400000E+01

| Total ensemble size: 21
| Next sampling location (x_next, i_next):
  8.1587171573E+01  1.7166746271E+02  1.0000000000E+00

Iteration time [s]:    0.002        Total time [s]:    0.535

--------------------------------------------------------------------------------
                              INITIAL DATAPOINT 22                              
--------------------------------------------------------------------------------
| Data point added to dataset (x i y): 
  8.1587171573E+01  1.7166746271E+02  1.0000000000E+00       1.8526600000E+01

| Total ensemble size: 22
| Next sampling location (x_next, i_next):
  2.5246432541E+02  1.3332793411E+02  1.0000000000E+00

Iteration time [s]:    0.002        Total time [s]:    0.539

--------------------------------------------------------------------------------
                              INITIAL DATAPOINT 23                              
--------------------------------------------------------------------------------
| Data point added to dataset (x i y): 
  2.5246432541E+02  1.3332793411E+02  1.0000000000E+00       3.2886900000E+01

| Total ensemble size: 23
| Next sampling location (x_next, i_next):
  1.5384281719E+02  4.5488444960E+01  1.0000000000E+00

Iteration time [s]:    0.002        Total time [s]:    0.542

--------------------------------------------------------------------------------
                              INITIAL DATAPOINT 24                              
--------------------------------------------------------------------------------
| Data point added to dataset (x i y): 
  1.5384281719E+02  4.5488444960E+01  1.0000000000E+00       2.6314200000E+01

| Total ensemble size: 24
| Next sampling location (x_next, i_next):
  7.1563711694E+01  2.4548830927E+02  1.0000000000E+00

Iteration time [s]:    0.002        Total time [s]:    0.546

--------------------------------------------------------------------------------
                              INITIAL DATAPOINT 25                              
--------------------------------------------------------------------------------
| Data point added to dataset (x i y): 
  7.1563711694E+01  2.4548830927E+02  1.0000000000E+00       2.8712000000E+01

| Total ensemble size: 25
| Next sampling location (x_next, i_next):
  2.8932256576E+02 -9.9241854175E+00  1.0000000000E+00

Iteration time [s]:    0.001        Total time [s]:    0.550

--------------------------------------------------------------------------------
                              INITIAL DATAPOINT 26                              
--------------------------------------------------------------------------------
| Data point added to dataset (x i y): 
  2.8932256576E+02 -9.9241854175E+00  1.0000000000E+00       1.8527500000E+01

| Total ensemble size: 26
| Next sampling location (x_next, i_next):
  5.4912473679E+01  1.7990669190E+02  1.0000000000E+00

Iteration time [s]:    0.001        Total time [s]:    0.552

--------------------------------------------------------------------------------
                              INITIAL DATAPOINT 27                              
--------------------------------------------------------------------------------
| Data point added to dataset (x i y): 
  5.4912473679E+01  1.7990669190E+02  1.0000000000E+00       1.7524300000E+01

| Total ensemble size: 27
| Next sampling location (x_next, i_next):
 -1.1703137776E+01  1.1897696127E+02  1.0000000000E+00

Iteration time [s]:    0.002        Total time [s]:    0.556

--------------------------------------------------------------------------------
                              INITIAL DATAPOINT 28                              
--------------------------------------------------------------------------------
| Data point added to dataset (x i y): 
 -1.1703137776E+01  1.1897696127E+02  1.0000000000E+00       3.1561600000E+01

| Total ensemble size: 28
| Next sampling location (x_next, i_next):
  8.6508431968E+01  2.1598817112E+02  1.0000000000E+00

Iteration time [s]:    0.002        Total time [s]:    0.560

--------------------------------------------------------------------------------
                              INITIAL DATAPOINT 29                              
--------------------------------------------------------------------------------
| Data point added to dataset (x i y): 
  8.6508431968E+01  2.1598817112E+02  1.0000000000E+00       2.3046200000E+01

| Total ensemble size: 29
| Next sampling location (x_next, i_next):
  2.4653073538E+02  9.5668813677E+01  1.0000000000E+00

Iteration time [s]:    0.002        Total time [s]:    0.564

--------------------------------------------------------------------------------
                              INITIAL DATAPOINT 30                              
--------------------------------------------------------------------------------
| Data point added to dataset (x i y): 
  2.4653073538E+02  9.5668813677E+01  1.0000000000E+00       3.8420900000E+01

| Total ensemble size: 30
| Next sampling location (x_next, i_next):
  5.8679373867E+01  1.0052724747E+02  1.0000000000E+00

Iteration time [s]:    0.002        Total time [s]:    0.569

--------------------------------------------------------------------------------
                              INITIAL DATAPOINT 31                              
--------------------------------------------------------------------------------
| Data point added to dataset (x i y): 
  5.8679373867E+01  1.0052724747E+02  1.0000000000E+00       3.1118900000E+01

| Total ensemble size: 31
| Next sampling location (x_next, i_next):
 -5.0000000000E+01 -1.2424215504E+01  1.0000000000E+00

Iteration time [s]:    0.002        Total time [s]:    0.573

--------------------------------------------------------------------------------
                              INITIAL DATAPOINT 32                              
--------------------------------------------------------------------------------
| Data point added to dataset (x i y): 
 -5.0000000000E+01 -1.2424215504E+01  1.0000000000E+00       2.0832100000E+01

| Total ensemble size: 32
| Best acquisition, x_best i_best y_best:
  1.1853629459E+02  1.2327126075E+02  0.0000000000E+00      -2.0299613178E+05
| Global minimum prediction, x_hat mu_hat +- nu_hat:
  9.5053639954E+01  6.6196177875E+01  0.0000000000E+00      -2.0299792930E+05  2.3090841579E-01

| GP model hyperparameters (lengthscales W kappa):
  4.8180109222E-01  3.7538875723E-01 -1.6546811039E+00  6.0959121807E+00  1.2966096400E-02  1.3829700542E-02
| Next sampling location (x_next, i_next):
  1.6958539003E+02  2.6442166716E+02  0.0000000000E+00

Iteration time [s]:    1.670        Total time [s]:    2.244

--------------------------------------------------------------------------------
                                 BO ITERATION 1                                 
--------------------------------------------------------------------------------
| Evaluating objective function at 1.696E+02 2.644E+02 0.000E+00
| Objective function evaluated, time [s]       32.861
| Data point added to dataset (x i y): 
  1.6958539003E+02  2.6442166716E+02  0.0000000000E+00      -2.0298906291E+05

| Total ensemble size: 33
| Best acquisition, x_best i_best y_best:
  1.1853629459E+02  1.2327126075E+02  0.0000000000E+00      -2.0299613178E+05
| Global minimum prediction, x_hat mu_hat +- nu_hat:
  2.4107659537E+02  2.6892035174E+02  0.0000000000E+00      -2.0300553168E+05  1.0189862771E+00
| Global minimum convergence, d_xhat d_muhat:
  2.4983953686E+02  3.6380958433E-01

| GP model hyperparameters (lengthscales W kappa):
  4.3714588119E-01  4.0865670590E-01 -6.3161750013E+00  6.2423404466E+00  1.3816289754E-02  1.3814119762E-02
| Next sampling location (x_next, i_next):
  3.0684523806E+02  8.1825080596E+01  0.0000000000E+00

Iteration time [s]:   34.252        Total time [s]:   36.496

--------------------------------------------------------------------------------
                                 BO ITERATION 2                                 
--------------------------------------------------------------------------------
| Evaluating objective function at 3.068E+02 8.183E+01 0.000E+00
| Objective function evaluated, time [s]       23.240
| Data point added to dataset (x i y): 
  3.0684523806E+02  8.1825080596E+01  0.0000000000E+00      -2.0298881098E+05

| Total ensemble size: 34
| Best acquisition, x_best i_best y_best:
  1.1853629459E+02  1.2327126075E+02  0.0000000000E+00      -2.0299613178E+05
| Global minimum prediction, x_hat mu_hat +- nu_hat:
  1.2859240546E+02  1.2071280490E+02  0.0000000000E+00      -2.0299643287E+05  2.2710019995E-01
| Global minimum convergence, d_xhat d_muhat:
  1.8605958702E+02  4.3542076244E-01

| GP model hyperparameters (lengthscales W kappa):
  5.0627307594E-01  1.8547531127E-01 -4.0516671089E+00 -5.3917648536E+00  1.3999071275E-02  1.3956956458E-02
| Next sampling location (x_next, i_next):
  1.7040070782E+02  1.7651986826E+02  0.0000000000E+00

Iteration time [s]:   25.581        Total time [s]:   62.078

--------------------------------------------------------------------------------
                                 BO ITERATION 3                                 
--------------------------------------------------------------------------------
| Evaluating objective function at 1.704E+02 1.765E+02 0.000E+00
| Objective function evaluated, time [s]       21.733
| Data point added to dataset (x i y): 
  1.7040070782E+02  1.7651986826E+02  0.0000000000E+00      -2.0300794256E+05

| Total ensemble size: 35
| Best acquisition, x_best i_best y_best:
  1.7040070782E+02  1.7651986826E+02  0.0000000000E+00      -2.0300794256E+05
| Global minimum prediction, x_hat mu_hat +- nu_hat:
  1.5947271370E+02  1.7680674398E+02  0.0000000000E+00      -2.0300827022E+05  7.4970380381E-01
| Global minimum convergence, d_xhat d_muhat:
  6.4032206267E+01  4.8802762100E-01

| GP model hyperparameters (lengthscales W kappa):
  4.7685213923E-01  2.9558142794E-01 -5.7372626854E+00 -5.8224657745E+00  1.4042153654E-02  1.4036973936E-02
| Next sampling location (x_next, i_next):
  1.5151071365E+02  1.9973570962E+02  0.0000000000E+00

Iteration time [s]:   23.182        Total time [s]:   85.260

--------------------------------------------------------------------------------
                                 BO ITERATION 4                                 
--------------------------------------------------------------------------------
| Evaluating objective function at 1.515E+02 1.997E+02 0.000E+00
| Objective function evaluated, time [s]       21.911
| Data point added to dataset (x i y): 
  1.5151071365E+02  1.9973570962E+02  0.0000000000E+00      -2.0300586277E+05

| Total ensemble size: 36
| Best acquisition, x_best i_best y_best:
  1.7040070782E+02  1.7651986826E+02  0.0000000000E+00      -2.0300794256E+05
| Global minimum prediction, x_hat mu_hat +- nu_hat:
  1.5768224578E+02  1.7825836955E+02  0.0000000000E+00      -2.0300841047E+05  4.0398098585E-01
| Global minimum convergence, d_xhat d_muhat:
  2.3049928774E+00  6.2322045606E-03

| GP model hyperparameters (lengthscales W kappa):
  5.0301437944E-01  3.9597653925E-01 -5.6278108777E+00 -6.5266526572E+00  1.3879738496E-02  1.3886077228E-02
| Next sampling location (x_next, i_next):
  1.4175425938E+02  1.7207626290E+02  0.0000000000E+00

Iteration time [s]:   23.167        Total time [s]:  108.429

--------------------------------------------------------------------------------
                                 BO ITERATION 5                                 
--------------------------------------------------------------------------------
| Evaluating objective function at 1.418E+02 1.721E+02 0.000E+00
| Objective function evaluated, time [s]       23.048
| Data point added to dataset (x i y): 
  1.4175425938E+02  1.7207626290E+02  0.0000000000E+00      -2.0300743390E+05

| Total ensemble size: 37
| Best acquisition, x_best i_best y_best:
  1.7040070782E+02  1.7651986826E+02  0.0000000000E+00      -2.0300794256E+05
| Global minimum prediction, x_hat mu_hat +- nu_hat:
  1.5908178717E+02  1.7903731649E+02  0.0000000000E+00      -2.0300826625E+05  3.8372975997E-02
| Global minimum convergence, d_xhat d_muhat:
  1.6017098443E+00  6.8579915100E-03

| GP model hyperparameters (lengthscales W kappa):
  5.1005480711E-01  3.9969456802E-01 -6.4932978441E+00 -6.2799290957E+00  1.3774362912E-02  1.3765416480E-02
| Next sampling location (x_next, i_next):
  1.3478342122E+02 -1.2070897812E+01  0.0000000000E+00

Iteration time [s]:   24.368        Total time [s]:  132.797

--------------------------------------------------------------------------------
                                 BO ITERATION 6                                 
--------------------------------------------------------------------------------
| Evaluating objective function at 1.348E+02 -1.207E+01 0.000E+00
| Objective function evaluated, time [s]       24.340
| Data point added to dataset (x i y): 
  1.3478342122E+02 -1.2070897812E+01  0.0000000000E+00      -2.0299156441E+05

| Total ensemble size: 38
| Best acquisition, x_best i_best y_best:
  1.7040070782E+02  1.7651986826E+02  0.0000000000E+00      -2.0300794256E+05
| Global minimum prediction, x_hat mu_hat +- nu_hat:
  1.5888800963E+02  1.7843055977E+02  0.0000000000E+00      -2.0300831354E+05  2.9869524367E-02
| Global minimum convergence, d_xhat d_muhat:
  6.3694854229E-01  2.1583642378E-03

| GP model hyperparameters (lengthscales W kappa):
  4.9972686143E-01  4.3028421698E-01 -6.1421849985E+00 -6.9260711078E+00  1.3718445355E-02  1.3757730223E-02
| Next sampling location (x_next, i_next):
  2.3440407554E+02  3.9208859164E+00  0.0000000000E+00

Iteration time [s]:   25.905        Total time [s]:  158.703

--------------------------------------------------------------------------------
                                 BO ITERATION 7                                 
--------------------------------------------------------------------------------
| Evaluating objective function at 2.344E+02 3.921E+00 0.000E+00
| Objective function evaluated, time [s]       23.399
| Data point added to dataset (x i y): 
  2.3440407554E+02  3.9208859164E+00  0.0000000000E+00      -2.0301231117E+05

| Total ensemble size: 39
| Best acquisition, x_best i_best y_best:
  2.3440407554E+02  3.9208859164E+00  0.0000000000E+00      -2.0301231117E+05
| Global minimum prediction, x_hat mu_hat +- nu_hat:
  2.2823947477E+02  1.8071558240E+00  0.0000000000E+00      -2.0301249290E+05  7.6145088382E-02
| Global minimum convergence, d_xhat d_muhat:
  1.8975102777E+02  1.6953847296E-01

| GP model hyperparameters (lengthscales W kappa):
  4.9441046391E-01  3.9693181011E-01 -7.5733389490E+00 -6.2540351649E+00  1.3797833946E-02  1.3748075790E-02
| Next sampling location (x_next, i_next):
  2.4657079905E+02 -1.8957759501E+01  0.0000000000E+00

Iteration time [s]:   25.006        Total time [s]:  183.712

--------------------------------------------------------------------------------
                                 BO ITERATION 8                                 
--------------------------------------------------------------------------------
| Evaluating objective function at 2.466E+02 -1.896E+01 0.000E+00
| Objective function evaluated, time [s]       23.248
| Data point added to dataset (x i y): 
  2.4657079905E+02 -1.8957759501E+01  0.0000000000E+00      -2.0300967291E+05

| Total ensemble size: 40
| Best acquisition, x_best i_best y_best:
  2.3440407554E+02  3.9208859164E+00  0.0000000000E+00      -2.0301231117E+05
| Global minimum prediction, x_hat mu_hat +- nu_hat:
  2.1600899332E+02  5.4758541888E+00  0.0000000000E+00      -2.0301285175E+05  2.5352179240E-01
| Global minimum convergence, d_xhat d_muhat:
  1.2768869341E+01  1.5194304984E-02

| GP model hyperparameters (lengthscales W kappa):
  4.8358297147E-01  4.0249127594E-01 -8.0568347491E+00 -6.2168767068E+00  1.3929066428E-02  1.3945807916E-02
| Next sampling location (x_next, i_next):
 -2.7677747462E+01  1.7229237666E+02  0.0000000000E+00

Iteration time [s]:   24.842        Total time [s]:  208.555

--------------------------------------------------------------------------------
                                 BO ITERATION 9                                 
--------------------------------------------------------------------------------
| Evaluating objective function at -2.768E+01 1.723E+02 0.000E+00
| Objective function evaluated, time [s]       23.002
| Data point added to dataset (x i y): 
 -2.7677747462E+01  1.7229237666E+02  0.0000000000E+00      -2.0300784687E+05

| Total ensemble size: 41
| Best acquisition, x_best i_best y_best:
  2.3440407554E+02  3.9208859164E+00  0.0000000000E+00      -2.0301231117E+05
| Global minimum prediction, x_hat mu_hat +- nu_hat:
  5.9960251214E+01  1.8169878840E+02  0.0000000000E+00      -2.0301351377E+05  4.5849429528E-02
| Global minimum convergence, d_xhat d_muhat:
  2.3538422303E+02  2.8170887467E-02

| GP model hyperparameters (lengthscales W kappa):
  4.7231107394E-01  3.9598969545E-01 -8.2416384245E+00 -6.1335744136E+00  1.4027288578E-02  1.4128513343E-02
| Next sampling location (x_next, i_next):
  2.0403538996E+02  3.9735210605E+01  0.0000000000E+00

Iteration time [s]:   24.797        Total time [s]:  233.352

--------------------------------------------------------------------------------
                                BO ITERATION 10                                 
--------------------------------------------------------------------------------
| Evaluating objective function at 2.040E+02 3.974E+01 0.000E+00
| Objective function evaluated, time [s]       24.024
| Data point added to dataset (x i y): 
  2.0403538996E+02  3.9735210605E+01  0.0000000000E+00      -2.0300404025E+05

| Total ensemble size: 42
| Best acquisition, x_best i_best y_best:
  2.3440407554E+02  3.9208859164E+00  0.0000000000E+00      -2.0301231117E+05
| Global minimum prediction, x_hat mu_hat +- nu_hat:
  5.9954896042E+01  1.8199814911E+02  0.0000000000E+00      -2.0301395432E+05  4.9315913228E-02
| Global minimum convergence, d_xhat d_muhat:
  2.9940860321E-01  1.8746952191E-02

| GP model hyperparameters (lengthscales W kappa):
  4.6961565604E-01  3.7976114902E-01 -8.2915786333E+00 -6.0836281824E+00  1.4069151121E-02  1.4213433065E-02
| Next sampling location (x_next, i_next):
  2.1429481337E+01  3.8201154923E+01  0.0000000000E+00

Iteration time [s]:   26.009        Total time [s]:  259.363

--------------------------------------------------------------------------------
                                BO ITERATION 11                                 
--------------------------------------------------------------------------------
| Evaluating objective function at 2.143E+01 3.820E+01 0.000E+00
| Objective function evaluated, time [s]       23.228
| Data point added to dataset (x i y): 
  2.1429481337E+01  3.8201154923E+01  0.0000000000E+00      -2.0299703591E+05

| Total ensemble size: 43
| Best acquisition, x_best i_best y_best:
  2.3440407554E+02  3.9208859164E+00  0.0000000000E+00      -2.0301231117E+05
| Global minimum prediction, x_hat mu_hat +- nu_hat:
  6.0083716690E+01  1.8151549760E+02  0.0000000000E+00      -2.0301333974E+05  4.5002749236E-02
| Global minimum convergence, d_xhat d_muhat:
  4.9954703306E-01  2.6152470963E-02

| GP model hyperparameters (lengthscales W kappa):
  4.8247285938E-01  3.9261752133E-01 -8.2387388563E+00 -6.1781018227E+00  1.4065142251E-02  1.4204586786E-02
| Next sampling location (x_next, i_next):
  2.1207294240E+02  2.7171577153E+00  0.0000000000E+00

Iteration time [s]:   24.924        Total time [s]:  284.290

--------------------------------------------------------------------------------
                                BO ITERATION 12                                 
--------------------------------------------------------------------------------
| Evaluating objective function at 2.121E+02 2.717E+00 0.000E+00
| Objective function evaluated, time [s]       23.099
| Data point added to dataset (x i y): 
  2.1207294240E+02  2.7171577153E+00  0.0000000000E+00      -2.0301146240E+05

| Total ensemble size: 44
| Best acquisition, x_best i_best y_best:
  2.3440407554E+02  3.9208859164E+00  0.0000000000E+00      -2.0301231117E+05
| Global minimum prediction, x_hat mu_hat +- nu_hat:
  2.5754309661E+02 -3.0782035568E-02  0.0000000000E+00      -2.0301333372E+05  3.5643348462E-01
| Global minimum convergence, d_xhat d_muhat:
  2.6823358918E+02  2.5583502854E-04

| GP model hyperparameters (lengthscales W kappa):
  4.0844352286E-01  3.6658675771E-01 -7.3334806075E+00 -6.2445949358E+00  1.4457516651E-02  1.4671736593E-02
| Next sampling location (x_next, i_next):
  2.9497204460E+02  2.3042004918E+02  0.0000000000E+00

Iteration time [s]:   25.206        Total time [s]:  309.497

--------------------------------------------------------------------------------
                                BO ITERATION 13                                 
--------------------------------------------------------------------------------
| Evaluating objective function at 2.950E+02 2.304E+02 0.000E+00
| Objective function evaluated, time [s]       23.054
| Data point added to dataset (x i y): 
  2.9497204460E+02  2.3042004918E+02  0.0000000000E+00      -2.0299785377E+05

| Total ensemble size: 45
| Best acquisition, x_best i_best y_best:
  2.3440407554E+02  3.9208859164E+00  0.0000000000E+00      -2.0301231117E+05
| Global minimum prediction, x_hat mu_hat +- nu_hat:
  2.5148780636E+02  4.8627806265E-01  0.0000000000E+00      -2.0301274244E+05  1.3470908226E-01
| Global minimum convergence, d_xhat d_muhat:
  6.0773259834E+00  2.5160689144E-02

| GP model hyperparameters (lengthscales W kappa):
  4.4047666678E-01  3.4502890956E-01 -6.8660910648E+00 -6.2365061029E+00  1.4582297794E-02  1.4734675691E-02
| Next sampling location (x_next, i_next):
  4.6513114996E+01  1.4606394372E+02  0.0000000000E+00

Iteration time [s]:   25.133        Total time [s]:  334.630

--------------------------------------------------------------------------------
                                BO ITERATION 14                                 
--------------------------------------------------------------------------------
| Evaluating objective function at 4.651E+01 1.461E+02 0.000E+00
| Objective function evaluated, time [s]       23.336
| Data point added to dataset (x i y): 
  4.6513114996E+01  1.4606394372E+02  0.0000000000E+00      -2.0300364451E+05

| Total ensemble size: 46
| Best acquisition, x_best i_best y_best:
  2.3440407554E+02  3.9208859164E+00  0.0000000000E+00      -2.0301231117E+05
| Global minimum prediction, x_hat mu_hat +- nu_hat:
  2.5430432659E+02  2.5726866175E-01  0.0000000000E+00      -2.0301297880E+05  2.6360773813E-01
| Global minimum convergence, d_xhat d_muhat:
  2.8258151946E+00  1.0057766853E-02

| GP model hyperparameters (lengthscales W kappa):
  4.0963339233E-01  3.5512650577E-01 -7.0017034322E+00 -6.1924947270E+00  1.4505578128E-02  1.4657014032E-02
| Next sampling location (x_next, i_next):
  4.6409403021E+01  2.0581596722E+02  0.0000000000E+00

Iteration time [s]:   25.755        Total time [s]:  360.387

--------------------------------------------------------------------------------
                                BO ITERATION 15                                 
--------------------------------------------------------------------------------
| Evaluating objective function at 4.641E+01 2.058E+02 0.000E+00
| Objective function evaluated, time [s]       23.204
| Data point added to dataset (x i y): 
  4.6409403021E+01  2.0581596722E+02  0.0000000000E+00      -2.0300596229E+05

| Total ensemble size: 47
| Best acquisition, x_best i_best y_best:
  2.3440407554E+02  3.9208859164E+00  0.0000000000E+00      -2.0301231117E+05
| Global minimum prediction, x_hat mu_hat +- nu_hat:
  2.4548192156E+02  1.9197790991E+00  0.0000000000E+00      -2.0301246193E+05  7.2044976625E-02
| Global minimum convergence, d_xhat d_muhat:
  8.9776818585E+00  2.1994387055E-02

| GP model hyperparameters (lengthscales W kappa):
  4.3623891283E-01  2.8005658905E-01  6.1021585216E+00  6.1929023363E+00  1.4492846778E-02  1.4475895228E-02
| Next sampling location (x_next, i_next):
 -4.5133446115E+01  1.9397134563E+02  0.0000000000E+00

Iteration time [s]:   25.575        Total time [s]:  385.962

--------------------------------------------------------------------------------
                                BO ITERATION 16                                 
--------------------------------------------------------------------------------
| Evaluating objective function at -4.513E+01 1.940E+02 0.000E+00
| Objective function evaluated, time [s]       23.045
| Data point added to dataset (x i y): 
 -4.5133446115E+01  1.9397134563E+02  0.0000000000E+00      -2.0300737320E+05

| Total ensemble size: 48
| Best acquisition, x_best i_best y_best:
  2.3440407554E+02  3.9208859164E+00  0.0000000000E+00      -2.0301231117E+05
| Global minimum prediction, x_hat mu_hat +- nu_hat:
  2.4705529811E+02  2.3751115482E+00  0.0000000000E+00      -2.0301248816E+05  9.2007910599E-02
| Global minimum convergence, d_xhat d_muhat:
  1.6379381629E+00  1.1159974493E-03

| GP model hyperparameters (lengthscales W kappa):
  4.4029312505E-01  2.6329958626E-01  6.0232956768E+00  6.2771283627E+00  1.4488318491E-02  1.4439705745E-02
| Next sampling location (x_next, i_next):
  2.0706786795E+02 -4.4558128217E+01  0.0000000000E+00

Iteration time [s]:   25.756        Total time [s]:  411.719

--------------------------------------------------------------------------------
                                BO ITERATION 17                                 
--------------------------------------------------------------------------------
| Evaluating objective function at 2.071E+02 -4.456E+01 0.000E+00
| Objective function evaluated, time [s]       23.623
| Data point added to dataset (x i y): 
  2.0706786795E+02 -4.4558128217E+01  0.0000000000E+00      -2.0299689022E+05

| Total ensemble size: 49
| Best acquisition, x_best i_best y_best:
  2.3440407554E+02  3.9208859164E+00  0.0000000000E+00      -2.0301231117E+05
| Global minimum prediction, x_hat mu_hat +- nu_hat:
  2.4886507156E+02  2.4315390142E-01  0.0000000000E+00      -2.0301267680E+05  1.5031454175E-01
| Global minimum convergence, d_xhat d_muhat:
  2.7965198590E+00  8.0272538939E-03

| GP model hyperparameters (lengthscales W kappa):
  3.9934680753E-01  3.1538531479E-01  6.2721518604E+00  6.2160841407E+00  1.4687879345E-02  1.4714089020E-02
| Next sampling location (x_next, i_next):
  2.1538413007E+02  1.7470539067E+02  0.0000000000E+00

Iteration time [s]:   26.218        Total time [s]:  437.938

--------------------------------------------------------------------------------
                                BO ITERATION 18                                 
--------------------------------------------------------------------------------
| Evaluating objective function at 2.154E+02 1.747E+02 0.000E+00
| Objective function evaluated, time [s]       21.793
| Data point added to dataset (x i y): 
  2.1538413007E+02  1.7470539067E+02  0.0000000000E+00      -2.0300694184E+05

| Total ensemble size: 50
| Best acquisition, x_best i_best y_best:
  2.3440407554E+02  3.9208859164E+00  0.0000000000E+00      -2.0301231117E+05
| Global minimum prediction, x_hat mu_hat +- nu_hat:
  2.5036715212E+02  3.5743875243E-01  0.0000000000E+00      -2.0301275130E+05  1.7990262735E-01
| Global minimum convergence, d_xhat d_muhat:
  1.5064219353E+00  3.1702446180E-03

| GP model hyperparameters (lengthscales W kappa):
  4.0676024237E-01  2.9500789440E-01  6.2097589308E+00  6.2596903984E+00  1.4623786671E-02  1.4607904601E-02
| Next sampling location (x_next, i_next):
  2.6399860214E+02  1.5316776039E+01  0.0000000000E+00

Iteration time [s]:   24.453        Total time [s]:  462.392

--------------------------------------------------------------------------------
                                BO ITERATION 19                                 
--------------------------------------------------------------------------------
| Evaluating objective function at 2.640E+02 1.532E+01 0.000E+00
| Objective function evaluated, time [s]       23.040
| Data point added to dataset (x i y): 
  2.6399860214E+02  1.5316776039E+01  0.0000000000E+00      -2.0300806863E+05

| Total ensemble size: 51
| Best acquisition, x_best i_best y_best:
  2.3440407554E+02  3.9208859164E+00  0.0000000000E+00      -2.0301231117E+05
| Global minimum prediction, x_hat mu_hat +- nu_hat:
  2.4334968614E+02 -1.3015623703E+00  0.0000000000E+00      -2.0301261730E+05  1.1242180453E-01
| Global minimum convergence, d_xhat d_muhat:
  7.2109024044E+00  5.7019909851E-03

| GP model hyperparameters (lengthscales W kappa):
  4.0178140638E-01  2.7632844526E-01  5.9559838461E+00  6.4686525580E+00  1.4722233933E-02  1.4591233046E-02
| Next sampling location (x_next, i_next):
  1.8631640838E+02  1.4773892788E+02  0.0000000000E+00

Iteration time [s]:   26.022        Total time [s]:  488.417

--------------------------------------------------------------------------------
                                BO ITERATION 20                                 
--------------------------------------------------------------------------------
| Evaluating objective function at 1.863E+02 1.477E+02 0.000E+00
| Objective function evaluated, time [s]       22.358
| Data point added to dataset (x i y): 
  1.8631640838E+02  1.4773892788E+02  0.0000000000E+00      -2.0300274421E+05

| Total ensemble size: 52
| Best acquisition, x_best i_best y_best:
  2.3440407554E+02  3.9208859164E+00  0.0000000000E+00      -2.0301231117E+05
| Global minimum prediction, x_hat mu_hat +- nu_hat:
  2.4304442314E+02 -1.2373091643E+00  0.0000000000E+00      -2.0301260601E+05  1.0370222378E-01
| Global minimum convergence, d_xhat d_muhat:
  3.1195187354E-01  4.8058746780E-04

| GP model hyperparameters (lengthscales W kappa):
  4.0165056025E-01  2.7909143033E-01  5.9225488318E+00  6.4726109147E+00  1.4779168171E-02  1.4628601505E-02
| Next sampling location (x_next, i_next):
  1.9928818736E+02  2.0858098024E+02  0.0000000000E+00

Iteration time [s]:   25.215        Total time [s]:  513.636

--------------------------------------------------------------------------------
                                BO ITERATION 21                                 
--------------------------------------------------------------------------------
| Evaluating objective function at 1.993E+02 2.086E+02 0.000E+00
| Objective function evaluated, time [s]       21.839
| Data point added to dataset (x i y): 
  1.9928818736E+02  2.0858098024E+02  0.0000000000E+00      -2.0300338486E+05

| Total ensemble size: 53
| Best acquisition, x_best i_best y_best:
  2.3440407554E+02  3.9208859164E+00  0.0000000000E+00      -2.0301231117E+05
| Global minimum prediction, x_hat mu_hat +- nu_hat:
  2.4249841504E+02 -1.2654203456E+00  0.0000000000E+00      -2.0301260338E+05  9.7764759533E-02
| Global minimum convergence, d_xhat d_muhat:
  5.4673127780E-01  1.1166909570E-04

| GP model hyperparameters (lengthscales W kappa):
  4.1041093337E-01  2.7245934169E-01  5.8312292895E+00  6.4999400793E+00  1.4850017323E-02  1.4650672691E-02
| Next sampling location (x_next, i_next):
 -5.3490513224E+00  6.5106977847E+00  0.0000000000E+00

Iteration time [s]:   24.842        Total time [s]:  538.479

--------------------------------------------------------------------------------
                                BO ITERATION 22                                 
--------------------------------------------------------------------------------
| Evaluating objective function at -5.349E+00 6.511E+00 0.000E+00
| Objective function evaluated, time [s]       23.200
| Data point added to dataset (x i y): 
 -5.3490513224E+00  6.5106977847E+00  0.0000000000E+00      -2.0299032887E+05

| Total ensemble size: 54
| Best acquisition, x_best i_best y_best:
  2.3440407554E+02  3.9208859164E+00  0.0000000000E+00      -2.0301231117E+05
| Global minimum prediction, x_hat mu_hat +- nu_hat:
  2.3991544367E+02 -1.9083766254E-01  0.0000000000E+00      -2.0301248435E+05  6.4333528117E-02
| Global minimum convergence, d_xhat d_muhat:
  2.7975827094E+00  5.0650511402E-03

| GP model hyperparameters (lengthscales W kappa):
  3.4023384938E-01  3.4127172002E-01  6.7359124929E+00  6.2400912493E+00  1.4370758903E-02  1.4449448370E-02
| Next sampling location (x_next, i_next):
  1.1085058792E+02  2.6485318399E+02  0.0000000000E+00

Iteration time [s]:   25.950        Total time [s]:  564.429

--------------------------------------------------------------------------------
                                BO ITERATION 23                                 
--------------------------------------------------------------------------------
| Evaluating objective function at 1.109E+02 2.649E+02 0.000E+00
| Objective function evaluated, time [s]       23.184
| Data point added to dataset (x i y): 
  1.1085058792E+02  2.6485318399E+02  0.0000000000E+00      -2.0299027884E+05

| Total ensemble size: 55
| Best acquisition, x_best i_best y_best:
  2.3440407554E+02  3.9208859164E+00  0.0000000000E+00      -2.0301231117E+05
| Global minimum prediction, x_hat mu_hat +- nu_hat:
  2.3830654411E+02 -6.5309591932E-02  0.0000000000E+00      -2.0301245075E+05  3.8154028726E-02
| Global minimum convergence, d_xhat d_muhat:
  1.6137890461E+00  1.4297766055E-03

| GP model hyperparameters (lengthscales W kappa):
  3.5723833635E-01  3.6017880690E-01  6.8581745820E+00  6.3544663102E+00  1.4527365946E-02  1.4635502177E-02
| Next sampling location (x_next, i_next):
  1.0922789427E+02  1.8509766533E+02  0.0000000000E+00

Iteration time [s]:   26.264        Total time [s]:  590.694

--------------------------------------------------------------------------------
                                BO ITERATION 24                                 
--------------------------------------------------------------------------------
| Evaluating objective function at 1.092E+02 1.851E+02 0.000E+00
| Objective function evaluated, time [s]       23.150
| Data point added to dataset (x i y): 
  1.0922789427E+02  1.8509766533E+02  0.0000000000E+00      -2.0300789156E+05

| Total ensemble size: 56
| Best acquisition, x_best i_best y_best:
  2.3440407554E+02  3.9208859164E+00  0.0000000000E+00      -2.0301231117E+05
| Global minimum prediction, x_hat mu_hat +- nu_hat:
  2.3863657238E+02 -9.5109582778E-02  0.0000000000E+00      -2.0301245736E+05  4.3197502678E-02
| Global minimum convergence, d_xhat d_muhat:
  3.3137092970E-01  2.8092156083E-04

| GP model hyperparameters (lengthscales W kappa):
  3.5314819631E-01  3.5434294376E-01  6.8192194907E+00  6.4192742539E+00  1.4554889993E-02  1.4641240113E-02
| Next sampling location (x_next, i_next):
  1.4446033797E+01  1.6760169807E+02  0.0000000000E+00

Iteration time [s]:   26.152        Total time [s]:  616.847

--------------------------------------------------------------------------------
                                BO ITERATION 25                                 
--------------------------------------------------------------------------------
| Evaluating objective function at 1.445E+01 1.676E+02 0.000E+00
| Objective function evaluated, time [s]       23.162
| Data point added to dataset (x i y): 
  1.4446033797E+01  1.6760169807E+02  0.0000000000E+00      -2.0300725026E+05

| Total ensemble size: 57
| Best acquisition, x_best i_best y_best:
  2.3440407554E+02  3.9208859164E+00  0.0000000000E+00      -2.0301231117E+05
| Global minimum prediction, x_hat mu_hat +- nu_hat:
  2.3886811621E+02 -1.3084092274E-01  0.0000000000E+00      -2.0301246377E+05  4.7762859506E-02
| Global minimum convergence, d_xhat d_muhat:
  2.3428460305E-01  2.7300564972E-04

| GP model hyperparameters (lengthscales W kappa):
  3.5036965952E-01  3.4874610067E-01  6.7697066072E+00  6.4757709633E+00  1.4565039683E-02  1.4651130151E-02
| Next sampling location (x_next, i_next):
  6.5113711504E+01 -2.1958904857E+01  0.0000000000E+00

Iteration time [s]:   26.074        Total time [s]:  642.921

--------------------------------------------------------------------------------
                                BO ITERATION 26                                 
--------------------------------------------------------------------------------
| Evaluating objective function at 6.511E+01 -2.196E+01 0.000E+00
| Objective function evaluated, time [s]       23.375
| Data point added to dataset (x i y): 
  6.5113711504E+01 -2.1958904857E+01  0.0000000000E+00      -2.0300202846E+05

| Total ensemble size: 58
| Best acquisition, x_best i_best y_best:
  2.3440407554E+02  3.9208859164E+00  0.0000000000E+00      -2.0301231117E+05
| Global minimum prediction, x_hat mu_hat +- nu_hat:
  2.3870567313E+02 -1.2015777144E-01  0.0000000000E+00      -2.0301246163E+05  4.5038895106E-02
| Global minimum convergence, d_xhat d_muhat:
  1.6279398718E-01  9.1172475732E-05

| GP model hyperparameters (lengthscales W kappa):
  3.5065187236E-01  3.5057881622E-01  6.7257578389E+00  6.4731743640E+00  1.4617507423E-02  1.4669851141E-02
| Next sampling location (x_next, i_next):
  2.5552087841E+02 -3.5381347893E+00  0.0000000000E+00

Iteration time [s]:   26.461        Total time [s]:  669.384

--------------------------------------------------------------------------------
                                BO ITERATION 27                                 
--------------------------------------------------------------------------------
| Evaluating objective function at 2.555E+02 -3.538E+00 0.000E+00
| Objective function evaluated, time [s]       23.166
| Data point added to dataset (x i y): 
  2.5552087841E+02 -3.5381347893E+00  0.0000000000E+00      -2.0301205841E+05

| Total ensemble size: 59
| Best acquisition, x_best i_best y_best:
  2.3440407554E+02  3.9208859164E+00  0.0000000000E+00      -2.0301231117E+05
| Global minimum prediction, x_hat mu_hat +- nu_hat:
  2.4106501849E+02 -5.3246622139E-01  0.0000000000E+00      -2.0301252987E+05  2.4950915295E-02
| Global minimum convergence, d_xhat d_muhat:
  2.3951009892E+00  2.9040024463E-03

| GP model hyperparameters (lengthscales W kappa):
  3.4500386442E-01  3.4177962167E-01 -6.7826097397E+00 -6.5106733708E+00  1.4577922234E-02  1.4637538241E-02
| Next sampling location (x_next, i_next):
  2.3341061527E+02 -5.7735183626E+00  0.0000000000E+00

Iteration time [s]:   26.385        Total time [s]:  695.771

--------------------------------------------------------------------------------
                                BO ITERATION 28                                 
--------------------------------------------------------------------------------
| Evaluating objective function at 2.334E+02 -5.774E+00 0.000E+00
| Objective function evaluated, time [s]       23.415
| Data point added to dataset (x i y): 
  2.3341061527E+02 -5.7735183626E+00  0.0000000000E+00      -2.0301185120E+05

| Total ensemble size: 60
| Best acquisition, x_best i_best y_best:
  2.3440407554E+02  3.9208859164E+00  0.0000000000E+00      -2.0301231117E+05
| Global minimum prediction, x_hat mu_hat +- nu_hat:
  2.4139915406E+02 -7.0323007980E-02  0.0000000000E+00      -2.0301249933E+05  5.1130928267E-03
| Global minimum convergence, d_xhat d_muhat:
  5.7028320120E-01  1.2996532218E-03

| GP model hyperparameters (lengthscales W kappa):
  3.3753526264E-01  3.3818334833E-01 -6.8324711978E+00 -6.5848522678E+00  1.4572343411E-02  1.4624078112E-02
| Next sampling location (x_next, i_next):
  1.7484815712E+02  6.2886381184E+00  0.0000000000E+00

Iteration time [s]:   26.886        Total time [s]:  722.659

--------------------------------------------------------------------------------
                                BO ITERATION 29                                 
--------------------------------------------------------------------------------
| Evaluating objective function at 1.748E+02 6.289E+00 0.000E+00
| Objective function evaluated, time [s]       23.073
| Data point added to dataset (x i y): 
  1.7484815712E+02  6.2886381184E+00  0.0000000000E+00      -2.0300554927E+05

| Total ensemble size: 61
| Best acquisition, x_best i_best y_best:
  2.3440407554E+02  3.9208859164E+00  0.0000000000E+00      -2.0301231117E+05
| Global minimum prediction, x_hat mu_hat +- nu_hat:
  2.4241639235E+02 -3.3126951964E-01  0.0000000000E+00      -2.0301254077E+05  5.5760267267E-03
| Global minimum convergence, d_xhat d_muhat:
  1.0501746663E+00  1.7634399999E-03

| GP model hyperparameters (lengthscales W kappa):
  3.2800762912E-01  3.2115666672E-01  6.2149621877E+00  7.2323898696E+00  1.4966890322E-02  1.4674016141E-02
| Next sampling location (x_next, i_next):
  1.9167500355E+02  8.7325282082E+01  0.0000000000E+00

Iteration time [s]:   26.634        Total time [s]:  749.294

--------------------------------------------------------------------------------
                                BO ITERATION 30                                 
--------------------------------------------------------------------------------
| Evaluating objective function at 1.917E+02 8.733E+01 0.000E+00
| Objective function evaluated, time [s]       23.065
| Data point added to dataset (x i y): 
  1.9167500355E+02  8.7325282082E+01  0.0000000000E+00      -2.0299136358E+05

| Total ensemble size: 62
| Best acquisition, x_best i_best y_best:
  2.3440407554E+02  3.9208859164E+00  0.0000000000E+00      -2.0301231117E+05
| Global minimum prediction, x_hat mu_hat +- nu_hat:
  2.4245126815E+02 -3.5749250386E-01  0.0000000000E+00      -2.0301252847E+05  6.2879520902E-03
| Global minimum convergence, d_xhat d_muhat:
  4.3634462400E-02  5.2347662633E-04

| GP model hyperparameters (lengthscales W kappa):
  3.2163116233E-01  3.3474517430E-01  6.4123173000E+00  6.9229943493E+00  1.4977252583E-02  1.4842746578E-02
| Next sampling location (x_next, i_next):
  2.4417934223E+02 -2.4186827962E-01  0.0000000000E+00

Iteration time [s]:   26.838        Total time [s]:  776.133

--------------------------------------------------------------------------------
                                BO ITERATION 31                                 
--------------------------------------------------------------------------------
| Evaluating objective function at 2.442E+02 -2.419E-01 0.000E+00
| Objective function evaluated, time [s]       24.162
| Data point added to dataset (x i y): 
  2.4417934223E+02 -2.4186827962E-01  0.0000000000E+00      -2.0301233068E+05

| Total ensemble size: 63
| Best acquisition, x_best i_best y_best:
  2.4417934223E+02 -2.4186827962E-01  0.0000000000E+00      -2.0301233068E+05
| Global minimum prediction, x_hat mu_hat +- nu_hat:
  2.3828028515E+02  5.4236201149E-01  0.0000000000E+00      -2.0301237848E+05  3.0036629194E-04
| Global minimum convergence, d_xhat d_muhat:
  4.2669470727E+00  6.3772695148E-03

| GP model hyperparameters (lengthscales W kappa):
  3.1106242747E-01  3.1655519165E-01  6.2814988425E+00  7.2099602297E+00  1.6071316175E-02  1.5489768941E-02
| Next sampling location (x_next, i_next):
  1.8797012660E+01  8.4504035838E+01  0.0000000000E+00

Iteration time [s]:   27.734        Total time [s]:  803.868

--------------------------------------------------------------------------------
                                BO ITERATION 32                                 
--------------------------------------------------------------------------------
| Evaluating objective function at 1.880E+01 8.450E+01 0.000E+00
| Objective function evaluated, time [s]       23.047
| Data point added to dataset (x i y): 
  1.8797012660E+01  8.4504035838E+01  0.0000000000E+00      -2.0299017861E+05

| Total ensemble size: 64
| Best acquisition, x_best i_best y_best:
  2.4417934223E+02 -2.4186827962E-01  0.0000000000E+00      -2.0301233068E+05
| Global minimum prediction, x_hat mu_hat +- nu_hat:
  2.3834837701E+02  5.4366027715E-01  0.0000000000E+00      -2.0301237507E+05  2.5085868272E-04
| Global minimum convergence, d_xhat d_muhat:
  6.8104228933E-02  1.4482627134E-04

| GP model hyperparameters (lengthscales W kappa):
  3.2339591604E-01  3.1908512677E-01  6.3947730418E+00  7.0437592031E+00  1.6310096543E-02  1.5828613229E-02
| Next sampling location (x_next, i_next):
 -4.4001173023E+01  1.4998663541E+02  0.0000000000E+00

Iteration time [s]:   26.873        Total time [s]:  830.744

--------------------------------------------------------------------------------
                                BO ITERATION 33                                 
--------------------------------------------------------------------------------
| Evaluating objective function at -4.400E+01 1.500E+02 0.000E+00
| Objective function evaluated, time [s]       22.951
| Data point added to dataset (x i y): 
 -4.4001173023E+01  1.4998663541E+02  0.0000000000E+00      -2.0300417633E+05

| Total ensemble size: 65
| Best acquisition, x_best i_best y_best:
  2.4417934223E+02 -2.4186827962E-01  0.0000000000E+00      -2.0301233068E+05
| Global minimum prediction, x_hat mu_hat +- nu_hat:
  2.3834591930E+02  5.4054503709E-01  0.0000000000E+00      -2.0301237532E+05  2.5059825701E-04
| Global minimum convergence, d_xhat d_muhat:
  3.9680041644E-03  1.0678061165E-05

| GP model hyperparameters (lengthscales W kappa):
  3.2316057699E-01  3.1936263137E-01 -6.3818589999E+00 -7.0734120404E+00  1.6435958702E-02  1.5897431116E-02
| Next sampling location (x_next, i_next):
  5.8236609358E+01  5.5548442585E+01  0.0000000000E+00

Iteration time [s]:   26.863        Total time [s]:  857.609

--------------------------------------------------------------------------------
                                BO ITERATION 34                                 
--------------------------------------------------------------------------------
| Evaluating objective function at 5.824E+01 5.555E+01 0.000E+00
| Objective function evaluated, time [s]       23.493
| Data point added to dataset (x i y): 
  5.8236609358E+01  5.5548442585E+01  0.0000000000E+00      -2.0299360541E+05

| Total ensemble size: 66
| Best acquisition, x_best i_best y_best:
  2.4417934223E+02 -2.4186827962E-01  0.0000000000E+00      -2.0301233068E+05
| Global minimum prediction, x_hat mu_hat +- nu_hat:
  2.3962279749E+02  4.5796489544E-01  0.0000000000E+00      -2.0301235846E+05  1.4520942726E-04
| Global minimum convergence, d_xhat d_muhat:
  1.2795457805E+00  7.1695105856E-04

| GP model hyperparameters (lengthscales W kappa):
  3.7143161340E-01  2.6633469673E-01 -6.3548526031E+00 -6.5512318202E+00  1.5878634250E-02  1.5748089039E-02
| Next sampling location (x_next, i_next):
  2.8671546953E+02 -2.2255486086E+01  0.0000000000E+00

Iteration time [s]:   27.639        Total time [s]:  885.249

--------------------------------------------------------------------------------
                                BO ITERATION 35                                 
--------------------------------------------------------------------------------
| Evaluating objective function at 2.867E+02 -2.226E+01 0.000E+00
| Objective function evaluated, time [s]       23.923
| Data point added to dataset (x i y): 
  2.8671546953E+02 -2.2255486086E+01  0.0000000000E+00      -2.0300834779E+05

| Total ensemble size: 67
| Best acquisition, x_best i_best y_best:
  2.4417934223E+02 -2.4186827962E-01  0.0000000000E+00      -2.0301233068E+05
| Global minimum prediction, x_hat mu_hat +- nu_hat:
  2.3914760692E+02  3.6131305553E-01  0.0000000000E+00      -2.0301236359E+05  2.1877459534E-04
| Global minimum convergence, d_xhat d_muhat:
  4.8492026224E-01  2.1799291684E-04

| GP model hyperparameters (lengthscales W kappa):
  3.4477768226E-01  2.8590985557E-01 -6.2722323500E+00 -6.9238109067E+00  1.5415862109E-02  1.5121329607E-02
| Next sampling location (x_next, i_next):
  2.8707967636E+02  2.7989856966E+02  0.0000000000E+00

Iteration time [s]:   27.759        Total time [s]:  913.009

--------------------------------------------------------------------------------
                                BO ITERATION 36                                 
--------------------------------------------------------------------------------
| Evaluating objective function at 2.871E+02 2.799E+02 0.000E+00
| Objective function evaluated, time [s]       23.196
| Data point added to dataset (x i y): 
  2.8707967636E+02  2.7989856966E+02  0.0000000000E+00      -2.0299249275E+05

| Total ensemble size: 68
| Best acquisition, x_best i_best y_best:
  2.4417934223E+02 -2.4186827962E-01  0.0000000000E+00      -2.0301233068E+05
| Global minimum prediction, x_hat mu_hat +- nu_hat:
  2.3897568277E+02  3.8305915771E-01  0.0000000000E+00      -2.0301236486E+05  1.8942584228E-04
| Global minimum convergence, d_xhat d_muhat:
  1.7329398656E-01  5.4124757486E-05

| GP model hyperparameters (lengthscales W kappa):
  3.4828771372E-01  3.0080967714E-01 -6.3207725161E+00 -6.8469881551E+00  1.5564394208E-02  1.5296633248E-02
| Next sampling location (x_next, i_next):
  2.2020176215E+02  1.3261321952E+01  0.0000000000E+00

Iteration time [s]:   27.169        Total time [s]:  940.179

--------------------------------------------------------------------------------
                                BO ITERATION 37                                 
--------------------------------------------------------------------------------
| Evaluating objective function at 2.202E+02 1.326E+01 0.000E+00
| Objective function evaluated, time [s]       23.067
| Data point added to dataset (x i y): 
  2.2020176215E+02  1.3261321952E+01  0.0000000000E+00      -2.0301140194E+05

| Total ensemble size: 69
| Best acquisition, x_best i_best y_best:
  2.4417934223E+02 -2.4186827962E-01  0.0000000000E+00      -2.0301233068E+05
| Global minimum prediction, x_hat mu_hat +- nu_hat:
  2.3825694441E+02  5.5360223813E-01  0.0000000000E+00      -2.0301237394E+05  1.9387157330E-04
| Global minimum convergence, d_xhat d_muhat:
  7.3869464488E-01  3.8615764805E-04

| GP model hyperparameters (lengthscales W kappa):
  3.2999591555E-01  3.1396715080E-01 -6.3690349368E+00 -7.1240423986E+00  1.5719899479E-02  1.5317313234E-02
| Next sampling location (x_next, i_next):
  2.3729150414E+02 -3.1114468076E-01  0.0000000000E+00

Iteration time [s]:   27.073        Total time [s]:  967.255

--------------------------------------------------------------------------------
                                BO ITERATION 38                                 
--------------------------------------------------------------------------------
| Evaluating objective function at 2.373E+02 -3.111E-01 0.000E+00
| Objective function evaluated, time [s]       23.141
| Data point added to dataset (x i y): 
  2.3729150414E+02 -3.1114468076E-01  0.0000000000E+00      -2.0301236260E+05

| Total ensemble size: 70
| Best acquisition, x_best i_best y_best:
  2.3729150414E+02 -3.1114468076E-01  0.0000000000E+00      -2.0301236260E+05
| Global minimum prediction, x_hat mu_hat +- nu_hat:
  2.3830388210E+02  5.2797976142E-01  0.0000000000E+00      -2.0301237461E+05  1.9058032431E-06
| Global minimum convergence, d_xhat d_muhat:
  5.3475772650E-02  2.8468886201E-05

| GP model hyperparameters (lengthscales W kappa):
  3.2767574176E-01  3.0985191935E-01 -6.4044444719E+00 -7.3613588324E+00  1.5908073708E-02  1.5363282807E-02
| Next sampling location (x_next, i_next):
  2.5019419592E+02  1.7083173680E+02  0.0000000000E+00

Iteration time [s]:   27.329        Total time [s]:  994.586

--------------------------------------------------------------------------------
                                BO ITERATION 39                                 
--------------------------------------------------------------------------------
| Evaluating objective function at 2.502E+02 1.708E+02 0.000E+00
| Objective function evaluated, time [s]       21.841
| Data point added to dataset (x i y): 
  2.5019419592E+02  1.7083173680E+02  0.0000000000E+00      -2.0300640896E+05

| Total ensemble size: 71
| Best acquisition, x_best i_best y_best:
  2.3729150414E+02 -3.1114468076E-01  0.0000000000E+00      -2.0301236260E+05
| Global minimum prediction, x_hat mu_hat +- nu_hat:
  2.3831520125E+02  5.2651470301E-01  0.0000000000E+00      -2.0301237469E+05  1.8266355876E-06
| Global minimum convergence, d_xhat d_muhat:
  1.1413568908E-02  3.1547182158E-06

| GP model hyperparameters (lengthscales W kappa):
  3.3131853168E-01  3.0144303085E-01  6.3930960592E+00  7.4212893045E+00  1.5998158817E-02  1.5401144049E-02
| Next sampling location (x_next, i_next):
  2.4114928450E+02 -1.2055318172E+00  0.0000000000E+00

Iteration time [s]:   26.101        Total time [s]: 1020.687

--------------------------------------------------------------------------------
                                BO ITERATION 40                                 
--------------------------------------------------------------------------------
| Evaluating objective function at 2.411E+02 -1.206E+00 0.000E+00
| Objective function evaluated, time [s]       23.127
| Data point added to dataset (x i y): 
  2.4114928450E+02 -1.2055318172E+00  0.0000000000E+00      -2.0301235155E+05

| Total ensemble size: 72
| Best acquisition, x_best i_best y_best:
  2.3729150414E+02 -3.1114468076E-01  0.0000000000E+00      -2.0301236260E+05
| Global minimum prediction, x_hat mu_hat +- nu_hat:
  2.3780777147E+02  7.3716164759E-01  0.0000000000E+00      -2.0301237555E+05  1.4128410920E-06
| Global minimum convergence, d_xhat d_muhat:
  5.4941524630E-01  3.6634119481E-05

| GP model hyperparameters (lengthscales W kappa):
  3.3414036552E-01  2.9093565341E-01  6.4335452155E+00  7.6743379741E+00  1.6433106567E-02  1.5595865225E-02
| Next sampling location (x_next, i_next):
  7.6367562140E+01  1.3293477733E+02  0.0000000000E+00

Iteration time [s]:   27.585        Total time [s]: 1048.274

--------------------------------------------------------------------------------
                                BO ITERATION 41                                 
--------------------------------------------------------------------------------
| Evaluating objective function at 7.637E+01 1.329E+02 0.000E+00
| Objective function evaluated, time [s]       21.881
| Data point added to dataset (x i y): 
  7.6367562140E+01  1.3293477733E+02  0.0000000000E+00      -2.0299973597E+05

| Total ensemble size: 73
| Best acquisition, x_best i_best y_best:
  2.3729150414E+02 -3.1114468076E-01  0.0000000000E+00      -2.0301236260E+05
| Global minimum prediction, x_hat mu_hat +- nu_hat:
  2.3785814037E+02  7.5055713507E-01  0.0000000000E+00      -2.0301237629E+05  1.4918011696E-06
| Global minimum convergence, d_xhat d_muhat:
  5.2119720412E-02  3.1524204691E-05

| GP model hyperparameters (lengthscales W kappa):
  3.4615756967E-01  2.4348749320E-01  6.3204659256E+00  7.2191591193E+00  1.5902385296E-02  1.5386100868E-02
| Next sampling location (x_next, i_next):
  1.1626130941E+02  1.5728922090E+02  0.0000000000E+00

Iteration time [s]:   26.302        Total time [s]: 1074.577

--------------------------------------------------------------------------------
                                BO ITERATION 42                                 
--------------------------------------------------------------------------------
| Evaluating objective function at 1.163E+02 1.573E+02 0.000E+00
| Objective function evaluated, time [s]       22.972
| Data point added to dataset (x i y): 
  1.1626130941E+02  1.5728922090E+02  0.0000000000E+00      -2.0300547951E+05

| Total ensemble size: 74
| Best acquisition, x_best i_best y_best:
  2.3729150414E+02 -3.1114468076E-01  0.0000000000E+00      -2.0301236260E+05
| Global minimum prediction, x_hat mu_hat +- nu_hat:
  2.3776302984E+02  7.8785278070E-01  0.0000000000E+00      -2.0301237740E+05  3.6279267571E-06
| Global minimum convergence, d_xhat d_muhat:
  1.0216153499E-01  4.6924266733E-05

| GP model hyperparameters (lengthscales W kappa):
  4.8677716654E-01  1.4401809759E-01  6.0814560154E+00  7.0237803374E+00  1.4191817075E-02  1.4120839148E-02
| Next sampling location (x_next, i_next):
  9.9811768394E+01 -4.7279150997E+01  0.0000000000E+00

Iteration time [s]:   28.930        Total time [s]: 1103.510

--------------------------------------------------------------------------------
                                BO ITERATION 43                                 
--------------------------------------------------------------------------------
| Evaluating objective function at 9.981E+01 -4.728E+01 0.000E+00
| Objective function evaluated, time [s]       23.154
| Data point added to dataset (x i y): 
  9.9811768394E+01 -4.7279150997E+01  0.0000000000E+00      -2.0299527370E+05

| Total ensemble size: 75
| Best acquisition, x_best i_best y_best:
  2.3729150414E+02 -3.1114468076E-01  0.0000000000E+00      -2.0301236260E+05
| Global minimum prediction, x_hat mu_hat +- nu_hat:
  2.3776328747E+02  7.8110162950E-01  0.0000000000E+00      -2.0301237713E+05  2.9897102659E-06
| Global minimum convergence, d_xhat d_muhat:
  6.7560650707E-03  1.1449992787E-05

| GP model hyperparameters (lengthscales W kappa):
  4.8747907626E-01  1.4699057806E-01  6.0691701390E+00  6.9029410812E+00  1.4198880801E-02  1.4130647253E-02
| Next sampling location (x_next, i_next):
  1.5368164037E+02  2.3024829630E+02  0.0000000000E+00

Iteration time [s]:   28.552        Total time [s]: 1132.064

--------------------------------------------------------------------------------
                                BO ITERATION 44                                 
--------------------------------------------------------------------------------
| Evaluating objective function at 1.537E+02 2.302E+02 0.000E+00
| Objective function evaluated, time [s]       23.145
| Data point added to dataset (x i y): 
  1.5368164037E+02  2.3024829630E+02  0.0000000000E+00      -2.0299734037E+05

| Total ensemble size: 76
| Best acquisition, x_best i_best y_best:
  2.3729150414E+02 -3.1114468076E-01  0.0000000000E+00      -2.0301236260E+05
| Global minimum prediction, x_hat mu_hat +- nu_hat:
  2.3776098858E+02  7.7775682908E-01  0.0000000000E+00      -2.0301237695E+05  2.5557704130E-06
| Global minimum convergence, d_xhat d_muhat:
  4.0586420374E-03  7.5052137619E-06

| GP model hyperparameters (lengthscales W kappa):
  4.8189005925E-01  1.4987857218E-01 -6.0558084102E+00 -6.8135623726E+00  1.4213393143E-02  1.4150221726E-02
| Next sampling location (x_next, i_next):
  2.6689810829E+02  5.3745015527E+01  0.0000000000E+00

Iteration time [s]:   28.477        Total time [s]: 1160.542

--------------------------------------------------------------------------------
                                BO ITERATION 45                                 
--------------------------------------------------------------------------------
| Evaluating objective function at 2.669E+02 5.375E+01 0.000E+00
| Objective function evaluated, time [s]       23.914
| Data point added to dataset (x i y): 
  2.6689810829E+02  5.3745015527E+01  0.0000000000E+00      -2.0299429631E+05

| Total ensemble size: 77
| Best acquisition, x_best i_best y_best:
  2.3729150414E+02 -3.1114468076E-01  0.0000000000E+00      -2.0301236260E+05
| Global minimum prediction, x_hat mu_hat +- nu_hat:
  2.3775529603E+02  7.8159588969E-01  0.0000000000E+00      -2.0301237691E+05  1.9991859953E-06
| Global minimum convergence, d_xhat d_muhat:
  6.8661144653E-03  1.8325648177E-06

| GP model hyperparameters (lengthscales W kappa):
  4.7829030354E-01  1.5439818539E-01 -6.0565682576E+00 -6.6837538437E+00  1.4243815292E-02  1.4181189139E-02
| Next sampling location (x_next, i_next):
  5.1852761307E+01 -6.0227831070E+00  0.0000000000E+00

Iteration time [s]:   29.074        Total time [s]: 1189.617

--------------------------------------------------------------------------------
                                BO ITERATION 46                                 
--------------------------------------------------------------------------------
| Evaluating objective function at 5.185E+01 -6.023E+00 0.000E+00
| Objective function evaluated, time [s]       23.298
| Data point added to dataset (x i y): 
  5.1852761307E+01 -6.0227831070E+00  0.0000000000E+00      -2.0300316258E+05

| Total ensemble size: 78
| Best acquisition, x_best i_best y_best:
  2.3729150414E+02 -3.1114468076E-01  0.0000000000E+00      -2.0301236260E+05
| Global minimum prediction, x_hat mu_hat +- nu_hat:
  2.3774740571E+02  7.8298197677E-01  0.0000000000E+00      -2.0301237695E+05  2.1230909776E-06
| Global minimum convergence, d_xhat d_muhat:
  8.0111344361E-03  1.6166218575E-06

| GP model hyperparameters (lengthscales W kappa):
  4.8005374666E-01  1.5279322664E-01 -6.0116115894E+00 -6.6390412655E+00  1.4222745524E-02  1.4164064935E-02
| Next sampling location (x_next, i_next):
  4.7855427885E+01  2.2563964448E+02  0.0000000000E+00

Iteration time [s]:   28.650        Total time [s]: 1218.268

--------------------------------------------------------------------------------
                                BO ITERATION 47                                 
--------------------------------------------------------------------------------
| Evaluating objective function at 4.786E+01 2.256E+02 0.000E+00
| Objective function evaluated, time [s]       21.986
| Data point added to dataset (x i y): 
  4.7855427885E+01  2.2563964448E+02  0.0000000000E+00      -2.0300006493E+05

| Total ensemble size: 79
| Best acquisition, x_best i_best y_best:
  2.3729150414E+02 -3.1114468076E-01  0.0000000000E+00      -2.0301236260E+05
| Global minimum prediction, x_hat mu_hat +- nu_hat:
  2.3787970418E+02  7.2461571058E-01  0.0000000000E+00      -2.0301237559E+05  5.0392397436E-06
| Global minimum convergence, d_xhat d_muhat:
  1.4460119284E-01  5.7730532081E-05

| GP model hyperparameters (lengthscales W kappa):
  2.8747409858E-01  3.0450738894E-01  6.2352745888E+00  6.8823776437E+00  1.6598411080E-02  1.6042931180E-02
| Next sampling location (x_next, i_next):
  3.4448913389E+01  1.8010741160E+02  0.0000000000E+00

Iteration time [s]:   26.766        Total time [s]: 1245.035

--------------------------------------------------------------------------------
                                BO ITERATION 48                                 
--------------------------------------------------------------------------------
| Evaluating objective function at 3.445E+01 1.801E+02 0.000E+00
| Objective function evaluated, time [s]       23.838
| Data point added to dataset (x i y): 
  3.4448913389E+01  1.8010741160E+02  0.0000000000E+00      -2.0300903654E+05

| Total ensemble size: 80
| Best acquisition, x_best i_best y_best:
  2.3729150414E+02 -3.1114468076E-01  0.0000000000E+00      -2.0301236260E+05
| Global minimum prediction, x_hat mu_hat +- nu_hat:
  2.3784030816E+02  7.2660955274E-01  0.0000000000E+00      -2.0301237541E+05  4.7725397660E-06
| Global minimum convergence, d_xhat d_muhat:
  3.9446444486E-02  7.4647307128E-06

| GP model hyperparameters (lengthscales W kappa):
  2.8877950136E-01  2.9415492139E-01  6.1754509669E+00  7.0200161279E+00  1.6580417633E-02  1.5884063772E-02
| Next sampling location (x_next, i_next):
 -1.6165292216E+01  1.9044512228E+02  0.0000000000E+00

Iteration time [s]:   28.515        Total time [s]: 1273.550

--------------------------------------------------------------------------------
                                BO ITERATION 49                                 
--------------------------------------------------------------------------------
| Evaluating objective function at -1.617E+01 1.904E+02 0.000E+00
| Objective function evaluated, time [s]       23.604
| Data point added to dataset (x i y): 
 -1.6165292216E+01  1.9044512228E+02  0.0000000000E+00      -2.0300727702E+05

| Total ensemble size: 81
| Best acquisition, x_best i_best y_best:
  2.3729150414E+02 -3.1114468076E-01  0.0000000000E+00      -2.0301236260E+05
| Global minimum prediction, x_hat mu_hat +- nu_hat:
  2.3775725363E+02  7.2909498772E-01  0.0000000000E+00      -2.0301237498E+05  4.9218379398E-06
| Global minimum convergence, d_xhat d_muhat:
  8.3091702581E-02  1.8501471398E-05

| GP model hyperparameters (lengthscales W kappa):
  2.8549729892E-01  2.8638807045E-01  6.1373230234E+00  7.2178798025E+00  1.6459556310E-02  1.5654529756E-02
| Next sampling location (x_next, i_next):
  1.1789381784E+02  3.9363181204E+01  0.0000000000E+00

Iteration time [s]:   28.544        Total time [s]: 1302.095

--------------------------------------------------------------------------------
                                BO ITERATION 50                                 
--------------------------------------------------------------------------------
| Evaluating objective function at 1.179E+02 3.936E+01 0.000E+00
| Objective function evaluated, time [s]       23.416
| Data point added to dataset (x i y): 
  1.1789381784E+02  3.9363181204E+01  0.0000000000E+00      -2.0299183204E+05

| Total ensemble size: 82
| Best acquisition, x_best i_best y_best:
  2.3729150414E+02 -3.1114468076E-01  0.0000000000E+00      -2.0301236260E+05
| Global minimum prediction, x_hat mu_hat +- nu_hat:
  2.3765851796E+02  7.3630101300E-01  0.0000000000E+00      -2.0301237463E+05  3.1888716857E-06
| Global minimum convergence, d_xhat d_muhat:
  9.8998284946E-02  1.4635635554E-05

| GP model hyperparameters (lengthscales W kappa):
  2.9617049270E-01  2.8458823176E-01  6.1929493604E+00  7.0805902349E+00  1.7039652894E-02  1.6183608305E-02
| Next sampling location (x_next, i_next):
  1.2073336379E+02  2.1072575108E+02  0.0000000000E+00

Iteration time [s]:   28.351        Total time [s]: 1330.447

|| Bayesian optimization completed, time [s]     1330.432


--------------------------------------------------------------------------------
                        BOSS is done! Have a nice day :)                        

      Datetime 15-08-2020 00:46:20            Total time [s]     1330.447       
--------------------------------------------------------------------------------
