
-----------------------------   Welcome to ....   ------------------------------
                      _______  _______ _______ _______ 
                     |   _   \|   _   |   _   |   _   |
                     |.  1   /|.  |   |   1___|   1___|
                     |.  _   \|.  |   |____   |____   |
                     |:  1    |:  1   |:  1   |:  1   |
                     |::.. .  |::.. . |::.. . |::.. . |
                     `-------'`-------`-------`-------'

                                 Version 0.9.15                                 
                              15-08-2020 00:24:10                               
--------------------------------------------------------------------------------

| Reading BOSS input file from: in_2D
| Initializing...

--------------------------------------------------------------------------------
                                   INPUT FILE                                   
--------------------------------------------------------------------------------
# input file for alanine 2D (d4-d13)

# optimization
userfn       userfn_2D.py
bounds       -50 310; -50 310
num_tasks    2
kernel       stdp
initpts      2 30
iterpts      50
verbosity    2
kappa_prior  gamma
kappa_priorparam 2 0.014
thetaprior gamma
thetapriorparam 2 0.019; 3.3678 9.0204; 3.3678 9.0204

RESULTS:
2.543798144940188E+02 1.293526813877058E+02 0 -2.029959657618976E+05 
2.217090497155229E+01 4.128022028528963E+01 0 -2.029966163839660E+05 
1.132380387441312E+01 2.151175755646909E+02 1 2.412780000000000E+01 
3.030807295983213E+01 6.791851953227396E+01 1 3.318750000000000E+01 
1.789426858732383E+02 -1.059250751826682E+01 1 2.175370000000000E+01 
-2.799112466235196E+01 8.135335579604643E+01 1 3.696510000000000E+01 
2.099649344670784E+02 1.087868873702680E+02 1 3.456770000000000E+01 
2.427258779511585E+02 2.488062254106112E+02 1 3.685970000000000E+01 
2.187280220102745E+02 2.715111775297409E+02 1 3.794990000000000E+01 
6.422156372520578E+01 2.873029982872113E+02 1 3.206690000000000E+01 
6.414299234335061E+01 1.784026244652173E+02 1 1.752760000000000E+01 
2.521930167164817E+02 -3.314765817662823E+01 1 2.529650000000000E+01 
2.407911659266096E+01 9.900575616081926E+01 1 3.294760000000000E+01 
1.920377155869614E+02 3.051122031073861E+02 1 3.249260000000000E+01 
-1.671637137722858E+01 2.836628142666207E+02 1 3.278480000000000E+01 
3.892121741385228E+01 2.787333195692153E+02 1 3.332800000000000E+01 
1.302574599118085E+02 1.985907544487022E+02 1 2.226980000000000E+01 
6.385315672287427E+01 9.095443601666472E+01 1 3.227360000000000E+01 
2.866879196170779E+02 2.308800921835443E+02 1 2.867650000000000E+01 
2.497307755880144E+02 2.891064082873752E+02 1 3.558290000000000E+01 
2.052907753863668E+02 1.584676414054486E+02 1 2.558350000000000E+01 
4.256501645143397E+01 1.799621726956049E+02 1 1.798240000000000E+01 
2.404347403948000E+02 4.601612276232342E+01 1 3.029330000000000E+01 
-4.415785477337035E+01 2.106714372501023E+02 1 2.300460000000000E+01 
-4.924429505942019E+01 5.492343517837943E+01 1 3.457180000000000E+01 
-6.433898185015503E+00 6.095950822244094E+01 1 3.652660000000000E+01 
2.093784855725914E+02 -2.013935013602494E+00 1 1.911550000000000E+01 
1.314164093190436E+02 1.166768841456094E+02 1 3.012430000000000E+01 
5.275047303549662E+01 1.648845390423897E+00 1 2.476930000000000E+01 
2.839098949716194E+02 -1.312221611805648E+01 1 1.862160000000000E+01 
1.388442422781958E+02 3.086548843456546E+01 1 2.778430000000000E+01 
1.774695135855430E+02 1.177864222953748E+02 1 2.951760000000000E+01 
--------------------------------------------------------------------------------
                               SIMULATION OPTIONS                               
--------------------------------------------------------------------------------
|| File input/output 
ipfile         in_2D
userfn         userfn_2D.py
outfile        boss.out
rstfile        boss.rst

|| Key settings 
num_tasks         2
bounds         -5.000E+01 3.100E+02;    -5.000E+01 3.100E+02
kerntype       stdp stdp
yrange         -5.000E+01 3.100E+02;    -5.000E+01 3.100E+02
noise          1.000E-12
initpts    2 30    iterpts   50
gm_tol         none
verbosity      2

|| Data acquisition 
acqfn                elcb
acqtol               1.000E-03

|| GP hyperparameters 
thetainit       1.000E+00 3.142E-01
thetabounds     none
thetaprior      gamma
thetapriorpar   2.000E+00 1.900E-02;    3.368E+00 9.020E+00;    3.368E+00 9.020E+00

|| Hyperparameter optimization
updatefreq   1  initupdate      True
updateoffset 0  updaterestarts  2


--------------------------------------------------------------------------------
                              INITIAL DATAPOINT 1                               
--------------------------------------------------------------------------------
| Data point added to dataset (x i y): 
  2.5437981449E+02  1.2935268139E+02  0.0000000000E+00      -2.0299596576E+05

| Total ensemble size: 1
| Next sampling location (x_next, i_next):
  2.2170904972E+01  4.1280220285E+01  0.0000000000E+00

Iteration time [s]:    0.002        Total time [s]:    0.110

--------------------------------------------------------------------------------
                              INITIAL DATAPOINT 2                               
--------------------------------------------------------------------------------
| Data point added to dataset (x i y): 
  2.2170904972E+01  4.1280220285E+01  0.0000000000E+00      -2.0299661638E+05

| Total ensemble size: 2
| Next sampling location (x_next, i_next):
  1.1323803874E+01  2.1511757556E+02  1.0000000000E+00

Iteration time [s]:    0.001        Total time [s]:    0.113

--------------------------------------------------------------------------------
                              INITIAL DATAPOINT 3                               
--------------------------------------------------------------------------------
| Data point added to dataset (x i y): 
  1.1323803874E+01  2.1511757556E+02  1.0000000000E+00       2.4127800000E+01

| Total ensemble size: 3
| Next sampling location (x_next, i_next):
  3.0308072960E+01  6.7918519532E+01  1.0000000000E+00

Iteration time [s]:    0.018        Total time [s]:    0.132

--------------------------------------------------------------------------------
                              INITIAL DATAPOINT 4                               
--------------------------------------------------------------------------------
| Data point added to dataset (x i y): 
  3.0308072960E+01  6.7918519532E+01  1.0000000000E+00       3.3187500000E+01

| Total ensemble size: 4
| Next sampling location (x_next, i_next):
  1.7894268587E+02 -1.0592507518E+01  1.0000000000E+00

Iteration time [s]:    0.002        Total time [s]:    0.136

--------------------------------------------------------------------------------
                              INITIAL DATAPOINT 5                               
--------------------------------------------------------------------------------
| Data point added to dataset (x i y): 
  1.7894268587E+02 -1.0592507518E+01  1.0000000000E+00       2.1753700000E+01

| Total ensemble size: 5
| Next sampling location (x_next, i_next):
 -2.7991124662E+01  8.1353355796E+01  1.0000000000E+00

Iteration time [s]:    0.002        Total time [s]:    0.140

--------------------------------------------------------------------------------
                              INITIAL DATAPOINT 6                               
--------------------------------------------------------------------------------
| Data point added to dataset (x i y): 
 -2.7991124662E+01  8.1353355796E+01  1.0000000000E+00       3.6965100000E+01

| Total ensemble size: 6
| Next sampling location (x_next, i_next):
  2.0996493447E+02  1.0878688737E+02  1.0000000000E+00

Iteration time [s]:    0.002        Total time [s]:    0.143

--------------------------------------------------------------------------------
                              INITIAL DATAPOINT 7                               
--------------------------------------------------------------------------------
| Data point added to dataset (x i y): 
  2.0996493447E+02  1.0878688737E+02  1.0000000000E+00       3.4567700000E+01

| Total ensemble size: 7
| Next sampling location (x_next, i_next):
  2.4272587795E+02  2.4880622541E+02  1.0000000000E+00

Iteration time [s]:    0.001        Total time [s]:    0.146

--------------------------------------------------------------------------------
                              INITIAL DATAPOINT 8                               
--------------------------------------------------------------------------------
| Data point added to dataset (x i y): 
  2.4272587795E+02  2.4880622541E+02  1.0000000000E+00       3.6859700000E+01

| Total ensemble size: 8
| Next sampling location (x_next, i_next):
  2.1872802201E+02  2.7151117753E+02  1.0000000000E+00

Iteration time [s]:    0.001        Total time [s]:    0.148

--------------------------------------------------------------------------------
                              INITIAL DATAPOINT 9                               
--------------------------------------------------------------------------------
| Data point added to dataset (x i y): 
  2.1872802201E+02  2.7151117753E+02  1.0000000000E+00       3.7949900000E+01

| Total ensemble size: 9
| Next sampling location (x_next, i_next):
  6.4221563725E+01  2.8730299829E+02  1.0000000000E+00

Iteration time [s]:    0.002        Total time [s]:    0.151

--------------------------------------------------------------------------------
                              INITIAL DATAPOINT 10                              
--------------------------------------------------------------------------------
| Data point added to dataset (x i y): 
  6.4221563725E+01  2.8730299829E+02  1.0000000000E+00       3.2066900000E+01

| Total ensemble size: 10
| Next sampling location (x_next, i_next):
  6.4142992343E+01  1.7840262447E+02  1.0000000000E+00

Iteration time [s]:    0.001        Total time [s]:    0.154

--------------------------------------------------------------------------------
                              INITIAL DATAPOINT 11                              
--------------------------------------------------------------------------------
| Data point added to dataset (x i y): 
  6.4142992343E+01  1.7840262447E+02  1.0000000000E+00       1.7527600000E+01

| Total ensemble size: 11
| Next sampling location (x_next, i_next):
  2.5219301672E+02 -3.3147658177E+01  1.0000000000E+00

Iteration time [s]:    0.002        Total time [s]:    0.158

--------------------------------------------------------------------------------
                              INITIAL DATAPOINT 12                              
--------------------------------------------------------------------------------
| Data point added to dataset (x i y): 
  2.5219301672E+02 -3.3147658177E+01  1.0000000000E+00       2.5296500000E+01

| Total ensemble size: 12
| Next sampling location (x_next, i_next):
  2.4079116593E+01  9.9005756161E+01  1.0000000000E+00

Iteration time [s]:    0.002        Total time [s]:    0.163

--------------------------------------------------------------------------------
                              INITIAL DATAPOINT 13                              
--------------------------------------------------------------------------------
| Data point added to dataset (x i y): 
  2.4079116593E+01  9.9005756161E+01  1.0000000000E+00       3.2947600000E+01

| Total ensemble size: 13
| Next sampling location (x_next, i_next):
  1.9203771559E+02  3.0511220311E+02  1.0000000000E+00

Iteration time [s]:    0.001        Total time [s]:    0.165

--------------------------------------------------------------------------------
                              INITIAL DATAPOINT 14                              
--------------------------------------------------------------------------------
| Data point added to dataset (x i y): 
  1.9203771559E+02  3.0511220311E+02  1.0000000000E+00       3.2492600000E+01

| Total ensemble size: 14
| Next sampling location (x_next, i_next):
 -1.6716371377E+01  2.8366281427E+02  1.0000000000E+00

Iteration time [s]:    0.001        Total time [s]:    0.168

--------------------------------------------------------------------------------
                              INITIAL DATAPOINT 15                              
--------------------------------------------------------------------------------
| Data point added to dataset (x i y): 
 -1.6716371377E+01  2.8366281427E+02  1.0000000000E+00       3.2784800000E+01

| Total ensemble size: 15
| Next sampling location (x_next, i_next):
  3.8921217414E+01  2.7873331957E+02  1.0000000000E+00

Iteration time [s]:    0.001        Total time [s]:    0.171

--------------------------------------------------------------------------------
                              INITIAL DATAPOINT 16                              
--------------------------------------------------------------------------------
| Data point added to dataset (x i y): 
  3.8921217414E+01  2.7873331957E+02  1.0000000000E+00       3.3328000000E+01

| Total ensemble size: 16
| Next sampling location (x_next, i_next):
  1.3025745991E+02  1.9859075445E+02  1.0000000000E+00

Iteration time [s]:    0.002        Total time [s]:    0.174

--------------------------------------------------------------------------------
                              INITIAL DATAPOINT 17                              
--------------------------------------------------------------------------------
| Data point added to dataset (x i y): 
  1.3025745991E+02  1.9859075445E+02  1.0000000000E+00       2.2269800000E+01

| Total ensemble size: 17
| Next sampling location (x_next, i_next):
  6.3853156723E+01  9.0954436017E+01  1.0000000000E+00

Iteration time [s]:    0.002        Total time [s]:    0.177

--------------------------------------------------------------------------------
                              INITIAL DATAPOINT 18                              
--------------------------------------------------------------------------------
| Data point added to dataset (x i y): 
  6.3853156723E+01  9.0954436017E+01  1.0000000000E+00       3.2273600000E+01

| Total ensemble size: 18
| Next sampling location (x_next, i_next):
  2.8668791962E+02  2.3088009218E+02  1.0000000000E+00

Iteration time [s]:    0.001        Total time [s]:    0.180

--------------------------------------------------------------------------------
                              INITIAL DATAPOINT 19                              
--------------------------------------------------------------------------------
| Data point added to dataset (x i y): 
  2.8668791962E+02  2.3088009218E+02  1.0000000000E+00       2.8676500000E+01

| Total ensemble size: 19
| Next sampling location (x_next, i_next):
  2.4973077559E+02  2.8910640829E+02  1.0000000000E+00

Iteration time [s]:    0.001        Total time [s]:    0.183

--------------------------------------------------------------------------------
                              INITIAL DATAPOINT 20                              
--------------------------------------------------------------------------------
| Data point added to dataset (x i y): 
  2.4973077559E+02  2.8910640829E+02  1.0000000000E+00       3.5582900000E+01

| Total ensemble size: 20
| Next sampling location (x_next, i_next):
  2.0529077539E+02  1.5846764141E+02  1.0000000000E+00

Iteration time [s]:    0.002        Total time [s]:    0.186

--------------------------------------------------------------------------------
                              INITIAL DATAPOINT 21                              
--------------------------------------------------------------------------------
| Data point added to dataset (x i y): 
  2.0529077539E+02  1.5846764141E+02  1.0000000000E+00       2.5583500000E+01

| Total ensemble size: 21
| Next sampling location (x_next, i_next):
  4.2565016451E+01  1.7996217270E+02  1.0000000000E+00

Iteration time [s]:    0.001        Total time [s]:    0.190

--------------------------------------------------------------------------------
                              INITIAL DATAPOINT 22                              
--------------------------------------------------------------------------------
| Data point added to dataset (x i y): 
  4.2565016451E+01  1.7996217270E+02  1.0000000000E+00       1.7982400000E+01

| Total ensemble size: 22
| Next sampling location (x_next, i_next):
  2.4043474039E+02  4.6016122762E+01  1.0000000000E+00

Iteration time [s]:    0.001        Total time [s]:    0.193

--------------------------------------------------------------------------------
                              INITIAL DATAPOINT 23                              
--------------------------------------------------------------------------------
| Data point added to dataset (x i y): 
  2.4043474039E+02  4.6016122762E+01  1.0000000000E+00       3.0293300000E+01

| Total ensemble size: 23
| Next sampling location (x_next, i_next):
 -4.4157854773E+01  2.1067143725E+02  1.0000000000E+00

Iteration time [s]:    0.002        Total time [s]:    0.196

--------------------------------------------------------------------------------
                              INITIAL DATAPOINT 24                              
--------------------------------------------------------------------------------
| Data point added to dataset (x i y): 
 -4.4157854773E+01  2.1067143725E+02  1.0000000000E+00       2.3004600000E+01

| Total ensemble size: 24
| Next sampling location (x_next, i_next):
 -4.9244295059E+01  5.4923435178E+01  1.0000000000E+00

Iteration time [s]:    0.001        Total time [s]:    0.201

--------------------------------------------------------------------------------
                              INITIAL DATAPOINT 25                              
--------------------------------------------------------------------------------
| Data point added to dataset (x i y): 
 -4.9244295059E+01  5.4923435178E+01  1.0000000000E+00       3.4571800000E+01

| Total ensemble size: 25
| Next sampling location (x_next, i_next):
 -6.4338981850E+00  6.0959508222E+01  1.0000000000E+00

Iteration time [s]:    0.001        Total time [s]:    0.204

--------------------------------------------------------------------------------
                              INITIAL DATAPOINT 26                              
--------------------------------------------------------------------------------
| Data point added to dataset (x i y): 
 -6.4338981850E+00  6.0959508222E+01  1.0000000000E+00       3.6526600000E+01

| Total ensemble size: 26
| Next sampling location (x_next, i_next):
  2.0937848557E+02 -2.0139350136E+00  1.0000000000E+00

Iteration time [s]:    0.002        Total time [s]:    0.208

--------------------------------------------------------------------------------
                              INITIAL DATAPOINT 27                              
--------------------------------------------------------------------------------
| Data point added to dataset (x i y): 
  2.0937848557E+02 -2.0139350136E+00  1.0000000000E+00       1.9115500000E+01

| Total ensemble size: 27
| Next sampling location (x_next, i_next):
  1.3141640932E+02  1.1667688415E+02  1.0000000000E+00

Iteration time [s]:    0.002        Total time [s]:    0.213

--------------------------------------------------------------------------------
                              INITIAL DATAPOINT 28                              
--------------------------------------------------------------------------------
| Data point added to dataset (x i y): 
  1.3141640932E+02  1.1667688415E+02  1.0000000000E+00       3.0124300000E+01

| Total ensemble size: 28
| Next sampling location (x_next, i_next):
  5.2750473035E+01  1.6488453904E+00  1.0000000000E+00

Iteration time [s]:    0.002        Total time [s]:    0.217

--------------------------------------------------------------------------------
                              INITIAL DATAPOINT 29                              
--------------------------------------------------------------------------------
| Data point added to dataset (x i y): 
  5.2750473035E+01  1.6488453904E+00  1.0000000000E+00       2.4769300000E+01

| Total ensemble size: 29
| Next sampling location (x_next, i_next):
  2.8390989497E+02 -1.3122216118E+01  1.0000000000E+00

Iteration time [s]:    0.001        Total time [s]:    0.221

--------------------------------------------------------------------------------
                              INITIAL DATAPOINT 30                              
--------------------------------------------------------------------------------
| Data point added to dataset (x i y): 
  2.8390989497E+02 -1.3122216118E+01  1.0000000000E+00       1.8621600000E+01

| Total ensemble size: 30
| Next sampling location (x_next, i_next):
  1.3884424228E+02  3.0865488435E+01  1.0000000000E+00

Iteration time [s]:    0.001        Total time [s]:    0.223

--------------------------------------------------------------------------------
                              INITIAL DATAPOINT 31                              
--------------------------------------------------------------------------------
| Data point added to dataset (x i y): 
  1.3884424228E+02  3.0865488435E+01  1.0000000000E+00       2.7784300000E+01

| Total ensemble size: 31
| Next sampling location (x_next, i_next):
  1.7746951359E+02  1.1778642230E+02  1.0000000000E+00

Iteration time [s]:    0.002        Total time [s]:    0.226

--------------------------------------------------------------------------------
                              INITIAL DATAPOINT 32                              
--------------------------------------------------------------------------------
| Data point added to dataset (x i y): 
  1.7746951359E+02  1.1778642230E+02  1.0000000000E+00       2.9517600000E+01

| Total ensemble size: 32
| Best acquisition, x_best i_best y_best:
  2.2170904972E+01  4.1280220285E+01  0.0000000000E+00      -2.0299661638E+05
| Global minimum prediction, x_hat mu_hat +- nu_hat:
  2.2773747419E+01  3.9400597856E+01  0.0000000000E+00      -2.0299661690E+05  1.2826449186E-02

| GP model hyperparameters (lengthscales W kappa):
  6.5089700879E-01  3.1752851423E-01  3.5029806109E-05 -4.6817921102E-05  4.7126505862E+00  3.0399027076E+01
| Next sampling location (x_next, i_next):
  5.6713301401E+01  2.9953154416E+02  0.0000000000E+00

Iteration time [s]:    1.464        Total time [s]:    1.692

--------------------------------------------------------------------------------
                                 BO ITERATION 1                                 
--------------------------------------------------------------------------------
| Evaluating objective function at 5.671E+01 2.995E+02 0.000E+00
| Objective function evaluated, time [s]       33.180
| Data point added to dataset (x i y): 
  5.6713301401E+01  2.9953154416E+02  0.0000000000E+00      -2.0299296118E+05

| Total ensemble size: 33
| Best acquisition, x_best i_best y_best:
  2.2170904972E+01  4.1280220285E+01  0.0000000000E+00      -2.0299661638E+05
| Global minimum prediction, x_hat mu_hat +- nu_hat:
  1.9391145097E+01  4.5586233264E+01  0.0000000000E+00      -2.0299662885E+05  1.0230572387E-01
| Global minimum convergence, d_xhat d_muhat:
  7.0501123305E+00  5.8517370458E-04

| GP model hyperparameters (lengthscales W kappa):
  6.5126492556E-01  3.1569378879E-01 -1.6440840971E-04  7.1083390672E-04  6.6862702398E+00  3.0239413709E+01
| Next sampling location (x_next, i_next):
  1.6837777554E+02  6.9911144678E+01  0.0000000000E+00

Iteration time [s]:   34.450        Total time [s]:   36.142

--------------------------------------------------------------------------------
                                 BO ITERATION 2                                 
--------------------------------------------------------------------------------
| Evaluating objective function at 1.684E+02 6.991E+01 0.000E+00
| Objective function evaluated, time [s]       23.169
| Data point added to dataset (x i y): 
  1.6837777554E+02  6.9911144678E+01  0.0000000000E+00      -2.0299416609E+05

| Total ensemble size: 34
| Best acquisition, x_best i_best y_best:
  2.2170904972E+01  4.1280220285E+01  0.0000000000E+00      -2.0299661638E+05
| Global minimum prediction, x_hat mu_hat +- nu_hat:
  1.5399740483E+01  4.0070559368E+01  0.0000000000E+00      -2.0299662753E+05  4.4305133948E-02
| Global minimum convergence, d_xhat d_muhat:
  6.8083749400E+00  6.4583835708E-05

| GP model hyperparameters (lengthscales W kappa):
  6.4892256486E-01  3.1326072907E-01  9.7085326594E-06  4.9896124200E-06  4.8324028854E+00  2.9893441366E+01
| Next sampling location (x_next, i_next):
  2.7739339175E+01  1.7426409931E+02  0.0000000000E+00

Iteration time [s]:   24.905        Total time [s]:   61.049

--------------------------------------------------------------------------------
                                 BO ITERATION 3                                 
--------------------------------------------------------------------------------
| Evaluating objective function at 2.774E+01 1.743E+02 0.000E+00
| Objective function evaluated, time [s]       23.026
| Data point added to dataset (x i y): 
  2.7739339175E+01  1.7426409931E+02  0.0000000000E+00      -2.0300852429E+05

| Total ensemble size: 35
| Best acquisition, x_best i_best y_best:
  2.7739339175E+01  1.7426409931E+02  0.0000000000E+00      -2.0300852429E+05
| Global minimum prediction, x_hat mu_hat +- nu_hat:
  5.1747728864E+01  1.7724271213E+02  0.0000000000E+00      -2.0300898285E+05  1.9840614031E+00
| Global minimum convergence, d_xhat d_muhat:
  1.4190622168E+02  6.0499141995E-01

| GP model hyperparameters (lengthscales W kappa):
  6.4591799255E-01  3.2325520559E-01  4.5670030040E+00  4.4422022997E+00  1.0369787062E+01  9.8898127482E+00
| Next sampling location (x_next, i_next):
  2.6032679980E+02  8.8060581221E-01  0.0000000000E+00

Iteration time [s]:   24.793        Total time [s]:   85.842

--------------------------------------------------------------------------------
                                 BO ITERATION 4                                 
--------------------------------------------------------------------------------
| Evaluating objective function at 2.603E+02 8.806E-01 0.000E+00
| Objective function evaluated, time [s]       23.177
| Data point added to dataset (x i y): 
  2.6032679980E+02  8.8060581221E-01  0.0000000000E+00      -2.0301156635E+05

| Total ensemble size: 36
| Best acquisition, x_best i_best y_best:
  2.6032679980E+02  8.8060581221E-01  0.0000000000E+00      -2.0301156635E+05
| Global minimum prediction, x_hat mu_hat +- nu_hat:
  2.6222186537E+02  4.5101525180E-01  0.0000000000E+00      -2.0301157128E+05  1.2399113369E-02
| Global minimum convergence, d_xhat d_muhat:
  2.7487209066E+02  1.2566542265E-01

| GP model hyperparameters (lengthscales W kappa):
  6.4764943513E-01  3.2842018303E-01  5.4443636654E+00  4.8066064671E+00  8.3199931559E+00  6.6986713213E+00
| Next sampling location (x_next, i_next):
  1.3471548093E+02  1.6859093555E+02  0.0000000000E+00

Iteration time [s]:   24.844        Total time [s]:  110.690

--------------------------------------------------------------------------------
                                 BO ITERATION 5                                 
--------------------------------------------------------------------------------
| Evaluating objective function at 1.347E+02 1.686E+02 0.000E+00
| Objective function evaluated, time [s]       23.009
| Data point added to dataset (x i y): 
  1.3471548093E+02  1.6859093555E+02  0.0000000000E+00      -2.0300706556E+05

| Total ensemble size: 37
| Best acquisition, x_best i_best y_best:
  2.6032679980E+02  8.8060581221E-01  0.0000000000E+00      -2.0301156635E+05
| Global minimum prediction, x_hat mu_hat +- nu_hat:
  2.6160179841E+02  3.1944935425E-01  0.0000000000E+00      -2.0301157035E+05  8.3135033425E-03
| Global minimum convergence, d_xhat d_muhat:
  6.3387113788E-01  4.5875361130E-05

| GP model hyperparameters (lengthscales W kappa):
  6.5532504543E-01  3.3272026352E-01  5.3412344910E+00  4.8315857260E+00  8.6704783726E+00  7.2801592179E+00
| Next sampling location (x_next, i_next):
  8.1477924515E+01  2.0377105456E+02  0.0000000000E+00

Iteration time [s]:   24.831        Total time [s]:  135.521

--------------------------------------------------------------------------------
                                 BO ITERATION 6                                 
--------------------------------------------------------------------------------
| Evaluating objective function at 8.148E+01 2.038E+02 0.000E+00
| Objective function evaluated, time [s]       23.038
| Data point added to dataset (x i y): 
  8.1477924515E+01  2.0377105456E+02  0.0000000000E+00      -2.0300606261E+05

| Total ensemble size: 38
| Best acquisition, x_best i_best y_best:
  2.6032679980E+02  8.8060581221E-01  0.0000000000E+00      -2.0301156635E+05
| Global minimum prediction, x_hat mu_hat +- nu_hat:
  2.6121000324E+02  2.9437075144E-01  0.0000000000E+00      -2.0301156981E+05  6.0706405900E-03
| Global minimum convergence, d_xhat d_muhat:
  3.9259698830E-01  2.6463330098E-05

| GP model hyperparameters (lengthscales W kappa):
  6.6273340659E-01  3.4251765089E-01  5.2892352375E+00  4.9096258134E+00  9.0017644306E+00  7.9046189685E+00
| Next sampling location (x_next, i_next):
  2.8203031204E+02  1.9360211101E+02  0.0000000000E+00

Iteration time [s]:   24.714        Total time [s]:  160.235

--------------------------------------------------------------------------------
                                 BO ITERATION 7                                 
--------------------------------------------------------------------------------
| Evaluating objective function at 2.820E+02 1.936E+02 0.000E+00
| Objective function evaluated, time [s]       21.994
| Data point added to dataset (x i y): 
  2.8203031204E+02  1.9360211101E+02  0.0000000000E+00      -2.0300703584E+05

| Total ensemble size: 39
| Best acquisition, x_best i_best y_best:
  2.6032679980E+02  8.8060581221E-01  0.0000000000E+00      -2.0301156635E+05
| Global minimum prediction, x_hat mu_hat +- nu_hat:
  2.6101229648E+02  1.3260828577E-01  0.0000000000E+00      -2.0301157120E+05  7.8512004439E-03
| Global minimum convergence, d_xhat d_muhat:
  2.5545069360E-01  6.7270586415E-05

| GP model hyperparameters (lengthscales W kappa):
  6.6681755169E-01  3.4473430787E-01  5.2856980056E+00  4.9097097048E+00  9.5275072908E+00  8.3824828601E+00
| Next sampling location (x_next, i_next):
  1.8374749746E+02  1.0979353473E+00  0.0000000000E+00

Iteration time [s]:   23.410        Total time [s]:  183.646

--------------------------------------------------------------------------------
                                 BO ITERATION 8                                 
--------------------------------------------------------------------------------
| Evaluating objective function at 1.837E+02 1.098E+00 0.000E+00
| Objective function evaluated, time [s]       23.218
| Data point added to dataset (x i y): 
  1.8374749746E+02  1.0979353473E+00  0.0000000000E+00      -2.0300686046E+05

| Total ensemble size: 40
| Best acquisition, x_best i_best y_best:
  2.6032679980E+02  8.8060581221E-01  0.0000000000E+00      -2.0301156635E+05
| Global minimum prediction, x_hat mu_hat +- nu_hat:
  2.6490745635E+02  1.0404914589E-01  0.0000000000E+00      -2.0301159454E+05  4.7673386105E-02
| Global minimum convergence, d_xhat d_muhat:
  3.8952645619E+00  1.1037115285E-03

| GP model hyperparameters (lengthscales W kappa):
  6.7622893441E-01  3.5558388682E-01  5.3043344555E+00  5.0714262996E+00  9.3785900248E+00  8.6766822640E+00
| Next sampling location (x_next, i_next):
 -3.8304390374E+01 -1.2641079077E+01  0.0000000000E+00

Iteration time [s]:   24.844        Total time [s]:  208.492

--------------------------------------------------------------------------------
                                 BO ITERATION 9                                 
--------------------------------------------------------------------------------
| Evaluating objective function at -3.830E+01 -1.264E+01 0.000E+00
| Objective function evaluated, time [s]       23.255
| Data point added to dataset (x i y): 
 -3.8304390374E+01 -1.2641079077E+01  0.0000000000E+00      -2.0300058303E+05

| Total ensemble size: 41
| Best acquisition, x_best i_best y_best:
  2.6032679980E+02  8.8060581221E-01  0.0000000000E+00      -2.0301156635E+05
| Global minimum prediction, x_hat mu_hat +- nu_hat:
  2.5031587307E+02  4.3788467056E+00  0.0000000000E+00      -2.0301190964E+05  2.1105119984E-01
| Global minimum convergence, d_xhat d_muhat:
  1.5204874115E+01  1.5037405498E-02

| GP model hyperparameters (lengthscales W kappa):
  6.6390542741E-01  3.6625170459E-01  5.5048574440E+00  5.0796193040E+00  1.1943199140E+01  1.0431082351E+01
| Next sampling location (x_next, i_next):
 -3.0082419948E+01  2.2169070634E+02  0.0000000000E+00

Iteration time [s]:   25.130        Total time [s]:  233.624

--------------------------------------------------------------------------------
                                BO ITERATION 10                                 
--------------------------------------------------------------------------------
| Evaluating objective function at -3.008E+01 2.217E+02 0.000E+00
| Objective function evaluated, time [s]       23.343
| Data point added to dataset (x i y): 
 -3.0082419948E+01  2.2169070634E+02  0.0000000000E+00      -2.0300045329E+05

| Total ensemble size: 42
| Best acquisition, x_best i_best y_best:
  2.6032679980E+02  8.8060581221E-01  0.0000000000E+00      -2.0301156635E+05
| Global minimum prediction, x_hat mu_hat +- nu_hat:
  2.5044244720E+02  4.3869365360E+00  0.0000000000E+00      -2.0301190745E+05  2.1749874289E-01
| Global minimum convergence, d_xhat d_muhat:
  1.2683239645E-01  1.0549054030E-04

| GP model hyperparameters (lengthscales W kappa):
  6.6209448752E-01  3.6425504811E-01  5.6305548957E+00  5.0724219021E+00  1.2107563894E+01  1.0153627248E+01
| Next sampling location (x_next, i_next):
  1.9658997017E+02  1.9434239884E+02  0.0000000000E+00

Iteration time [s]:   25.178        Total time [s]:  258.803

--------------------------------------------------------------------------------
                                BO ITERATION 11                                 
--------------------------------------------------------------------------------
| Evaluating objective function at 1.966E+02 1.943E+02 0.000E+00
| Objective function evaluated, time [s]       21.943
| Data point added to dataset (x i y): 
  1.9658997017E+02  1.9434239884E+02  0.0000000000E+00      -2.0300657108E+05

| Total ensemble size: 43
| Best acquisition, x_best i_best y_best:
  2.6032679980E+02  8.8060581221E-01  0.0000000000E+00      -2.0301156635E+05
| Global minimum prediction, x_hat mu_hat +- nu_hat:
  2.4979037367E+02  4.4255082369E+00  0.0000000000E+00      -2.0301194054E+05  2.4236989383E-01
| Global minimum convergence, d_xhat d_muhat:
  6.5321333732E-01  1.5677969064E-03

| GP model hyperparameters (lengthscales W kappa):
  6.6518871092E-01  3.5566229996E-01  5.3146773255E+00  4.8383886361E+00  1.3006933424E+01  1.1515240127E+01
| Next sampling location (x_next, i_next):
  2.5296817403E+02  2.4000836286E+01  0.0000000000E+00

Iteration time [s]:   23.549        Total time [s]:  282.355

--------------------------------------------------------------------------------
                                BO ITERATION 12                                 
--------------------------------------------------------------------------------
| Evaluating objective function at 2.530E+02 2.400E+01 0.000E+00
| Objective function evaluated, time [s]       23.265
| Data point added to dataset (x i y): 
  2.5296817403E+02  2.4000836286E+01  0.0000000000E+00      -2.0300638686E+05

| Total ensemble size: 44
| Best acquisition, x_best i_best y_best:
  2.6032679980E+02  8.8060581221E-01  0.0000000000E+00      -2.0301156635E+05
| Global minimum prediction, x_hat mu_hat +- nu_hat:
  2.4887620713E+02 -1.6013101217E+00  0.0000000000E+00      -2.0301189795E+05  2.5533429860E-01
| Global minimum convergence, d_xhat d_muhat:
  6.0957559003E+00  1.9925550144E-03

| GP model hyperparameters (lengthscales W kappa):
  6.5496458269E-01  3.5759529093E-01  5.4611531563E+00  4.8686842345E+00  1.3296059361E+01  1.0989368806E+01
| Next sampling location (x_next, i_next):
  6.2610773101E+01  1.4169611815E+02  0.0000000000E+00

Iteration time [s]:   25.259        Total time [s]:  307.614

--------------------------------------------------------------------------------
                                BO ITERATION 13                                 
--------------------------------------------------------------------------------
| Evaluating objective function at 6.261E+01 1.417E+02 0.000E+00
| Objective function evaluated, time [s]       23.104
| Data point added to dataset (x i y): 
  6.2610773101E+01  1.4169611815E+02  0.0000000000E+00      -2.0300260331E+05

| Total ensemble size: 45
| Best acquisition, x_best i_best y_best:
  2.6032679980E+02  8.8060581221E-01  0.0000000000E+00      -2.0301156635E+05
| Global minimum prediction, x_hat mu_hat +- nu_hat:
  2.4917945671E+02 -1.5380187200E+00  0.0000000000E+00      -2.0301187970E+05  2.2320306840E-01
| Global minimum convergence, d_xhat d_muhat:
  3.0978397221E-01  8.5411332837E-04

| GP model hyperparameters (lengthscales W kappa):
  6.6261619488E-01  3.6189101045E-01  5.5130473275E+00  4.9998136471E+00  1.2435227533E+01  1.0556941462E+01
| Next sampling location (x_next, i_next):
  1.0172704686E+02 -5.7056578548E-02  0.0000000000E+00

Iteration time [s]:   25.024        Total time [s]:  332.640

--------------------------------------------------------------------------------
                                BO ITERATION 14                                 
--------------------------------------------------------------------------------
| Evaluating objective function at 1.017E+02 -5.706E-02 0.000E+00
| Objective function evaluated, time [s]       23.375
| Data point added to dataset (x i y): 
  1.0172704686E+02 -5.7056578548E-02  0.0000000000E+00      -2.0299395593E+05

| Total ensemble size: 46
| Best acquisition, x_best i_best y_best:
  2.6032679980E+02  8.8060581221E-01  0.0000000000E+00      -2.0301156635E+05
| Global minimum prediction, x_hat mu_hat +- nu_hat:
  2.4109671512E+02 -3.4509924022E+00  0.0000000000E+00      -2.0301242882E+05  7.5608491719E-01
| Global minimum convergence, d_xhat d_muhat:
  8.3060327358E+00  2.6400856369E-02

| GP model hyperparameters (lengthscales W kappa):
  6.4508063818E-01  3.4571098639E-01  4.9528232963E+00  4.2194005062E+00  1.8169698417E+01  1.4176189291E+01
| Next sampling location (x_next, i_next):
  2.2573463632E+02 -2.9871507506E+01  0.0000000000E+00

Iteration time [s]:   25.749        Total time [s]:  358.392

--------------------------------------------------------------------------------
                                BO ITERATION 15                                 
--------------------------------------------------------------------------------
| Evaluating objective function at 2.257E+02 -2.987E+01 0.000E+00
| Objective function evaluated, time [s]       23.846
| Data point added to dataset (x i y): 
  2.2573463632E+02 -2.9871507506E+01  0.0000000000E+00      -2.0300412662E+05

| Total ensemble size: 47
| Best acquisition, x_best i_best y_best:
  2.6032679980E+02  8.8060581221E-01  0.0000000000E+00      -2.0301156635E+05
| Global minimum prediction, x_hat mu_hat +- nu_hat:
  2.4447786781E+02 -3.9968352188E-01  0.0000000000E+00      -2.0301205662E+05  3.5069512092E-01
| Global minimum convergence, d_xhat d_muhat:
  4.5544131748E+00  1.7804599468E-02

| GP model hyperparameters (lengthscales W kappa):
  6.4746441378E-01  3.3746347870E-01  5.2711977301E+00  4.3582094568E+00  1.6489492619E+01  1.2162271733E+01
| Next sampling location (x_next, i_next):
 -3.3190240538E+01  1.5999721830E+02  0.0000000000E+00

Iteration time [s]:   26.034        Total time [s]:  384.426

--------------------------------------------------------------------------------
                                BO ITERATION 16                                 
--------------------------------------------------------------------------------
| Evaluating objective function at -3.319E+01 1.600E+02 0.000E+00
| Objective function evaluated, time [s]       23.013
| Data point added to dataset (x i y): 
 -3.3190240538E+01  1.5999721830E+02  0.0000000000E+00      -2.0300630260E+05

| Total ensemble size: 48
| Best acquisition, x_best i_best y_best:
  2.6032679980E+02  8.8060581221E-01  0.0000000000E+00      -2.0301156635E+05
| Global minimum prediction, x_hat mu_hat +- nu_hat:
  2.4468168613E+02 -3.7995371024E-01  0.0000000000E+00      -2.0301204389E+05  3.2947369482E-01
| Global minimum convergence, d_xhat d_muhat:
  2.0477102790E-01  6.0313471735E-04

| GP model hyperparameters (lengthscales W kappa):
  6.5212918801E-01  3.4439110527E-01 -5.2459035415E+00 -4.4015476451E+00  1.6620649064E+01  1.2566976452E+01
| Next sampling location (x_next, i_next):
  1.3843249042E+02  2.4870406897E+02  0.0000000000E+00

Iteration time [s]:   25.402        Total time [s]:  409.829

--------------------------------------------------------------------------------
                                BO ITERATION 17                                 
--------------------------------------------------------------------------------
| Evaluating objective function at 1.384E+02 2.487E+02 0.000E+00
| Objective function evaluated, time [s]       23.151
| Data point added to dataset (x i y): 
  1.3843249042E+02  2.4870406897E+02  0.0000000000E+00      -2.0299221643E+05

| Total ensemble size: 49
| Best acquisition, x_best i_best y_best:
  2.6032679980E+02  8.8060581221E-01  0.0000000000E+00      -2.0301156635E+05
| Global minimum prediction, x_hat mu_hat +- nu_hat:
  2.4436147750E+02 -5.1942936655E-01  0.0000000000E+00      -2.0301206667E+05  3.2315098027E-01
| Global minimum convergence, d_xhat d_muhat:
  3.4926641608E-01  1.0690055128E-03

| GP model hyperparameters (lengthscales W kappa):
  6.5392747175E-01  3.4245812269E-01 -5.4357490373E+00 -4.5468990387E+00  1.4838875344E+01  1.1075560211E+01
| Next sampling location (x_next, i_next):
  2.0638001208E+02  1.6557750673E+02  0.0000000000E+00

Iteration time [s]:   25.407        Total time [s]:  435.237

--------------------------------------------------------------------------------
                                BO ITERATION 18                                 
--------------------------------------------------------------------------------
| Evaluating objective function at 2.064E+02 1.656E+02 0.000E+00
| Objective function evaluated, time [s]       22.564
| Data point added to dataset (x i y): 
  2.0638001208E+02  1.6557750673E+02  0.0000000000E+00      -2.0300624218E+05

| Total ensemble size: 50
| Best acquisition, x_best i_best y_best:
  2.6032679980E+02  8.8060581221E-01  0.0000000000E+00      -2.0301156635E+05
| Global minimum prediction, x_hat mu_hat +- nu_hat:
  2.4541318246E+02 -4.9768417175E-01  0.0000000000E+00      -2.0301200464E+05  2.7619636416E-01
| Global minimum convergence, d_xhat d_muhat:
  1.0519297443E+00  2.8824004608E-03

| GP model hyperparameters (lengthscales W kappa):
  6.5306758681E-01  3.6242093209E-01 -5.7095079067E+00 -4.8280891288E+00  1.4098936557E+01  1.0683587178E+01
| Next sampling location (x_next, i_next):
  2.2998746888E+02  5.4919609448E-01  0.0000000000E+00

Iteration time [s]:   24.703        Total time [s]:  459.942

--------------------------------------------------------------------------------
                                BO ITERATION 19                                 
--------------------------------------------------------------------------------
| Evaluating objective function at 2.300E+02 5.492E-01 0.000E+00
| Objective function evaluated, time [s]       23.492
| Data point added to dataset (x i y): 
  2.2998746888E+02  5.4919609448E-01  0.0000000000E+00      -2.0301227636E+05

| Total ensemble size: 51
| Best acquisition, x_best i_best y_best:
  2.2998746888E+02  5.4919609448E-01  0.0000000000E+00      -2.0301227636E+05
| Global minimum prediction, x_hat mu_hat +- nu_hat:
  2.3955445272E+02 -4.4583644216E-01  0.0000000000E+00      -2.0301247203E+05  8.2099586645E-03
| Global minimum convergence, d_xhat d_muhat:
  5.8589591512E+00  2.1249396424E-02

| GP model hyperparameters (lengthscales W kappa):
  6.8123762703E-01  3.4576717222E-01 -5.4249075631E+00 -4.5829941325E+00  1.6113299822E+01  1.2294252236E+01
| Next sampling location (x_next, i_next):
  7.9635912598E+01  1.7702745985E+02  0.0000000000E+00

Iteration time [s]:   25.715        Total time [s]:  485.658

--------------------------------------------------------------------------------
                                BO ITERATION 20                                 
--------------------------------------------------------------------------------
| Evaluating objective function at 7.964E+01 1.770E+02 0.000E+00
| Objective function evaluated, time [s]       23.217
| Data point added to dataset (x i y): 
  7.9635912598E+01  1.7702745985E+02  0.0000000000E+00      -2.0300928594E+05

| Total ensemble size: 52
| Best acquisition, x_best i_best y_best:
  2.2998746888E+02  5.4919609448E-01  0.0000000000E+00      -2.0301227636E+05
| Global minimum prediction, x_hat mu_hat +- nu_hat:
  2.3954711628E+02 -4.2600570406E-01  0.0000000000E+00      -2.0301247042E+05  7.6944586351E-03
| Global minimum convergence, d_xhat d_muhat:
  2.1144304547E-02  7.2347176362E-05

| GP model hyperparameters (lengthscales W kappa):
  6.8967014226E-01  3.5301593958E-01 -5.5668681637E+00 -4.7297906831E+00  1.6116799719E+01  1.2303126376E+01
| Next sampling location (x_next, i_next):
  2.4394732233E+02 -5.7384009092E+00  0.0000000000E+00

Iteration time [s]:   25.201        Total time [s]:  510.861

--------------------------------------------------------------------------------
                                BO ITERATION 21                                 
--------------------------------------------------------------------------------
| Evaluating objective function at 2.439E+02 -5.738E+00 0.000E+00
| Objective function evaluated, time [s]       23.453
| Data point added to dataset (x i y): 
  2.4394732233E+02 -5.7384009092E+00  0.0000000000E+00      -2.0301211659E+05

| Total ensemble size: 53
| Best acquisition, x_best i_best y_best:
  2.2998746888E+02  5.4919609448E-01  0.0000000000E+00      -2.0301227636E+05
| Global minimum prediction, x_hat mu_hat +- nu_hat:
  2.3962466505E+02 -3.9288023026E-01  0.0000000000E+00      -2.0301246855E+05  2.9827608628E-03
| Global minimum convergence, d_xhat d_muhat:
  8.4327393334E-02  8.2214417217E-05

| GP model hyperparameters (lengthscales W kappa):
  6.9145911464E-01  3.8048237918E-01 -6.0112364832E+00 -5.0992501828E+00  1.6130196233E+01  1.2392170170E+01
| Next sampling location (x_next, i_next):
  2.4184868724E+02  1.7849628022E+00  0.0000000000E+00

Iteration time [s]:   25.666        Total time [s]:  536.530

--------------------------------------------------------------------------------
                                BO ITERATION 22                                 
--------------------------------------------------------------------------------
| Evaluating objective function at 2.418E+02 1.785E+00 0.000E+00
| Objective function evaluated, time [s]       23.886
| Data point added to dataset (x i y): 
  2.4184868724E+02  1.7849628022E+00  0.0000000000E+00      -2.0301231654E+05

| Total ensemble size: 54
| Best acquisition, x_best i_best y_best:
  2.4184868724E+02  1.7849628022E+00  0.0000000000E+00      -2.0301231654E+05
| Global minimum prediction, x_hat mu_hat +- nu_hat:
  2.3838155013E+02 -9.6886042874E-01  0.0000000000E+00      -2.0301242317E+05  5.6273611683E-04
| Global minimum convergence, d_xhat d_muhat:
  1.3700685714E+00  1.9686254873E-03

| GP model hyperparameters (lengthscales W kappa):
  6.9890922768E-01  3.8813125640E-01 -6.2626129696E+00 -5.2176360780E+00  1.6993258848E+01  1.2721265679E+01
| Next sampling location (x_next, i_next):
  2.3384116486E+02 -3.0773250792E+00  0.0000000000E+00

Iteration time [s]:   26.130        Total time [s]:  562.664

--------------------------------------------------------------------------------
                                BO ITERATION 23                                 
--------------------------------------------------------------------------------
| Evaluating objective function at 2.338E+02 -3.077E+00 0.000E+00
| Objective function evaluated, time [s]       23.421
| Data point added to dataset (x i y): 
  2.3384116486E+02 -3.0773250792E+00  0.0000000000E+00      -2.0301216170E+05

| Total ensemble size: 55
| Best acquisition, x_best i_best y_best:
  2.4184868724E+02  1.7849628022E+00  0.0000000000E+00      -2.0301231654E+05
| Global minimum prediction, x_hat mu_hat +- nu_hat:
  2.3780810315E+02  6.6933517672E-01  0.0000000000E+00      -2.0301236978E+05  1.5847790442E-05
| Global minimum convergence, d_xhat d_muhat:
  1.7356630672E+00  2.2833248419E-03

| GP model hyperparameters (lengthscales W kappa):
  6.5310900193E-01  5.3626785247E-01 -9.1676881108E+00 -7.1695879378E+00  1.8457033597E+01  1.2548322220E+01
| Next sampling location (x_next, i_next):
  2.3641839617E+02  1.2468196055E+00  0.0000000000E+00

Iteration time [s]:   25.699        Total time [s]:  588.367

--------------------------------------------------------------------------------
                                BO ITERATION 24                                 
--------------------------------------------------------------------------------
| Evaluating objective function at 2.364E+02 1.247E+00 0.000E+00
| Objective function evaluated, time [s]       23.416
| Data point added to dataset (x i y): 
  2.3641839617E+02  1.2468196055E+00  0.0000000000E+00      -2.0301237202E+05

| Total ensemble size: 56
| Best acquisition, x_best i_best y_best:
  2.3641839617E+02  1.2468196055E+00  0.0000000000E+00      -2.0301237202E+05
| Global minimum prediction, x_hat mu_hat +- nu_hat:
  2.3747265327E+02  7.7970377704E-01  0.0000000000E+00      -2.0301237357E+05  4.6961304703E-07
| Global minimum convergence, d_xhat d_muhat:
  3.5313998760E-01  1.6026698950E-04

| GP model hyperparameters (lengthscales W kappa):
  6.5863394450E-01  5.1292082563E-01  8.6590012323E+00  6.8191296660E+00  1.9143189593E+01  1.3220542486E+01
| Next sampling location (x_next, i_next):
  5.1564189716E+01  1.8794995552E+02  0.0000000000E+00

Iteration time [s]:   25.612        Total time [s]:  613.983

--------------------------------------------------------------------------------
                                BO ITERATION 25                                 
--------------------------------------------------------------------------------
| Evaluating objective function at 5.156E+01 1.879E+02 0.000E+00
| Objective function evaluated, time [s]       23.456
| Data point added to dataset (x i y): 
  5.1564189716E+01  1.8794995552E+02  0.0000000000E+00      -2.0300921295E+05

| Total ensemble size: 57
| Best acquisition, x_best i_best y_best:
  2.3641839617E+02  1.2468196055E+00  0.0000000000E+00      -2.0301237202E+05
| Global minimum prediction, x_hat mu_hat +- nu_hat:
  2.3746763768E+02  7.8218024536E-01  0.0000000000E+00      -2.0301237356E+05  4.3607359670E-07
| Global minimum convergence, d_xhat d_muhat:
  5.5936548517E-03  7.1831970757E-07

| GP model hyperparameters (lengthscales W kappa):
  6.6864538601E-01  5.1885761318E-01 -8.7547434968E+00 -6.9409241010E+00  1.9508785350E+01  1.3649434737E+01
| Next sampling location (x_next, i_next):
  2.3815123893E+02  4.2189343609E-01  0.0000000000E+00

Iteration time [s]:   25.799        Total time [s]:  639.786

--------------------------------------------------------------------------------
                                BO ITERATION 26                                 
--------------------------------------------------------------------------------
| Evaluating objective function at 2.382E+02 4.219E-01 0.000E+00
| Objective function evaluated, time [s]       23.405
| Acquisition location too confident, doing pure exploration
| Data point added to dataset (x i y): 
  2.3815123893E+02  4.2189343609E-01  0.0000000000E+00      -2.0301237256E+05

| Total ensemble size: 58
| Best acquisition, x_best i_best y_best:
  2.3815123893E+02  4.2189343609E-01  0.0000000000E+00      -2.0301237256E+05
| Global minimum prediction, x_hat mu_hat +- nu_hat:
  2.3743693981E+02  7.9892540333E-01  0.0000000000E+00      -2.0301237345E+05  8.2531580680E-09
| Global minimum convergence, d_xhat d_muhat:
  3.4967980480E-02  4.3713092558E-06

| GP model hyperparameters (lengthscales W kappa):
  6.7767333515E-01  5.5056803486E-01  9.4226336795E+00  7.5063148509E+00  1.9838122569E+01  1.4013458545E+01
| Next sampling location (x_next, i_next):
  9.5435636022E+01  7.0942283419E+01  0.0000000000E+00

Iteration time [s]:   25.997        Total time [s]:  665.787

--------------------------------------------------------------------------------
                                BO ITERATION 27                                 
--------------------------------------------------------------------------------
| Evaluating objective function at 9.544E+01 7.094E+01 0.000E+00
| Objective function evaluated, time [s]       23.367
| Acquisition location too confident, doing pure exploration
| Data point added to dataset (x i y): 
  9.5435636022E+01  7.0942283419E+01  0.0000000000E+00      -2.0298908800E+05

| Total ensemble size: 59
| Best acquisition, x_best i_best y_best:
  2.3815123893E+02  4.2189343609E-01  0.0000000000E+00      -2.0301237256E+05
| Global minimum prediction, x_hat mu_hat +- nu_hat:
  2.3743868836E+02  7.9900442992E-01  0.0000000000E+00      -2.0301237344E+05  7.8240328882E-09
| Global minimum convergence, d_xhat d_muhat:
  1.7503335228E-03  2.7979557405E-07

| GP model hyperparameters (lengthscales W kappa):
  6.7379155377E-01  5.6760808429E-01  9.7213690276E+00  7.8121938779E+00  1.8322012004E+01  1.3019325941E+01
| Next sampling location (x_next, i_next):
 -1.2914072913E+01  9.2058493374E+01  0.0000000000E+00

Iteration time [s]:   26.159        Total time [s]:  691.950

--------------------------------------------------------------------------------
                                BO ITERATION 28                                 
--------------------------------------------------------------------------------
| Evaluating objective function at -1.291E+01 9.206E+01 0.000E+00
| Objective function evaluated, time [s]       23.335
| Acquisition location too confident, doing pure exploration
| Data point added to dataset (x i y): 
 -1.2914072913E+01  9.2058493374E+01  0.0000000000E+00      -2.0298948597E+05

| Total ensemble size: 60
| Best acquisition, x_best i_best y_best:
  2.3815123893E+02  4.2189343609E-01  0.0000000000E+00      -2.0301237256E+05
| Global minimum prediction, x_hat mu_hat +- nu_hat:
  2.3743842896E+02  7.9938531210E-01  0.0000000000E+00      -2.0301237344E+05  7.6642034052E-09
| Global minimum convergence, d_xhat d_muhat:
  4.6082485598E-04  1.1135149886E-07

| GP model hyperparameters (lengthscales W kappa):
  6.7005634325E-01  5.7648609544E-01 -9.9467785124E+00 -8.0042058926E+00  1.6727381693E+01  1.1807347286E+01
| Next sampling location (x_next, i_next):
  2.9937728315E+02  2.7693317847E+02  0.0000000000E+00

Iteration time [s]:   26.445        Total time [s]:  718.395

--------------------------------------------------------------------------------
                                BO ITERATION 29                                 
--------------------------------------------------------------------------------
| Evaluating objective function at 2.994E+02 2.769E+02 0.000E+00
| Objective function evaluated, time [s]       23.360
| Acquisition location too confident, doing pure exploration
| Data point added to dataset (x i y): 
  2.9937728315E+02  2.7693317847E+02  0.0000000000E+00      -2.0299242700E+05

| Total ensemble size: 61
| Best acquisition, x_best i_best y_best:
  2.3815123893E+02  4.2189343609E-01  0.0000000000E+00      -2.0301237256E+05
| Global minimum prediction, x_hat mu_hat +- nu_hat:
  2.3744486785E+02  7.9873785532E-01  0.0000000000E+00      -2.0301237342E+05  7.0733160661E-09
| Global minimum convergence, d_xhat d_muhat:
  6.4713599091E-03  8.9982789640E-07

| GP model hyperparameters (lengthscales W kappa):
  6.6606007713E-01  5.7148689513E-01 -9.7525786396E+00 -7.8662915945E+00  1.6205113000E+01  1.1451564085E+01
| Next sampling location (x_next, i_next):
  1.4848159234E+01  2.5919530899E+02  0.0000000000E+00

Iteration time [s]:   26.369        Total time [s]:  744.768

--------------------------------------------------------------------------------
                                BO ITERATION 30                                 
--------------------------------------------------------------------------------
| Evaluating objective function at 1.485E+01 2.592E+02 0.000E+00
| Objective function evaluated, time [s]       23.389
| Acquisition location too confident, doing pure exploration
| Data point added to dataset (x i y): 
  1.4848159234E+01  2.5919530899E+02  0.0000000000E+00      -2.0299060241E+05

| Total ensemble size: 62
| Best acquisition, x_best i_best y_best:
  2.3815123893E+02  4.2189343609E-01  0.0000000000E+00      -2.0301237256E+05
| Global minimum prediction, x_hat mu_hat +- nu_hat:
  2.3744509154E+02  7.9870593581E-01  0.0000000000E+00      -2.0301237342E+05  7.0026881182E-09
| Global minimum convergence, d_xhat d_muhat:
  2.2595320199E-04  1.8683804157E-08

| GP model hyperparameters (lengthscales W kappa):
  6.6378409097E-01  5.7057733318E-01 -9.6125397109E+00 -7.8411226980E+00  1.5132011901E+01  1.0835154213E+01
| Next sampling location (x_next, i_next):
  1.2828941857E+02  3.0743559162E+02  0.0000000000E+00

Iteration time [s]:   26.640        Total time [s]:  771.412

--------------------------------------------------------------------------------
                                BO ITERATION 31                                 
--------------------------------------------------------------------------------
| Evaluating objective function at 1.283E+02 3.074E+02 0.000E+00
| Objective function evaluated, time [s]       24.592
| Acquisition location too confident, doing pure exploration
| Data point added to dataset (x i y): 
  1.2828941857E+02  3.0743559162E+02  0.0000000000E+00      -2.0299130529E+05

| Total ensemble size: 63
| Best acquisition, x_best i_best y_best:
  2.3815123893E+02  4.2189343609E-01  0.0000000000E+00      -2.0301237256E+05
| Global minimum prediction, x_hat mu_hat +- nu_hat:
  2.3744580299E+02  7.9903848621E-01  0.0000000000E+00      -2.0301237342E+05  7.1690972269E-09
| Global minimum convergence, d_xhat d_muhat:
  7.8533883957E-04  9.8273001545E-08

| GP model hyperparameters (lengthscales W kappa):
  6.5751432191E-01  5.5417587869E-01 -9.2549866640E+00 -7.6200038910E+00  1.3621547001E+01  9.8418439123E+00
| Next sampling location (x_next, i_next):
  2.4039185659E+02  2.4655190353E+02  0.0000000000E+00

Iteration time [s]:   27.776        Total time [s]:  799.192

--------------------------------------------------------------------------------
                                BO ITERATION 32                                 
--------------------------------------------------------------------------------
| Evaluating objective function at 2.404E+02 2.466E+02 0.000E+00
| Objective function evaluated, time [s]       23.345
| Acquisition location too confident, doing pure exploration
| Data point added to dataset (x i y): 
  2.4039185659E+02  2.4655190353E+02  0.0000000000E+00      -2.0299111415E+05

| Total ensemble size: 64
| Best acquisition, x_best i_best y_best:
  2.3815123893E+02  4.2189343609E-01  0.0000000000E+00      -2.0301237256E+05
| Global minimum prediction, x_hat mu_hat +- nu_hat:
  2.3744514694E+02  7.9938538497E-01  0.0000000000E+00      -2.0301237342E+05  7.1362133091E-09
| Global minimum convergence, d_xhat d_muhat:
  7.4212319977E-04  9.0555264333E-08

| GP model hyperparameters (lengthscales W kappa):
  6.5541075671E-01  5.5365511907E-01 -9.2556122556E+00 -7.6381942999E+00  1.2502051825E+01  9.0274915607E+00
| Next sampling location (x_next, i_next):
  2.1789160223E+01 -2.7328496639E+01  0.0000000000E+00

Iteration time [s]:   26.868        Total time [s]:  826.064

--------------------------------------------------------------------------------
                                BO ITERATION 33                                 
--------------------------------------------------------------------------------
| Evaluating objective function at 2.179E+01 -2.733E+01 0.000E+00
| Objective function evaluated, time [s]       23.528
| Acquisition location too confident, doing pure exploration
| Data point added to dataset (x i y): 
  2.1789160223E+01 -2.7328496639E+01  0.0000000000E+00      -2.0299269899E+05

| Total ensemble size: 65
| Best acquisition, x_best i_best y_best:
  2.3815123893E+02  4.2189343609E-01  0.0000000000E+00      -2.0301237256E+05
| Global minimum prediction, x_hat mu_hat +- nu_hat:
  2.3744923033E+02  8.0023035489E-01  0.0000000000E+00      -2.0301237342E+05  7.2491185498E-09
| Global minimum convergence, d_xhat d_muhat:
  4.1699021856E-03  1.3040520530E-07

| GP model hyperparameters (lengthscales W kappa):
  6.6749990419E-01  5.3716061961E-01 -8.9982676304E+00 -7.3846602114E+00  1.3578408980E+01  9.7574803299E+00
| Next sampling location (x_next, i_next):
  1.4431765243E+02  1.1497442150E+02  0.0000000000E+00

Iteration time [s]:   26.845        Total time [s]:  852.912

--------------------------------------------------------------------------------
                                BO ITERATION 34                                 
--------------------------------------------------------------------------------
| Evaluating objective function at 1.443E+02 1.150E+02 0.000E+00
| Objective function evaluated, time [s]       23.650
| Acquisition location too confident, doing pure exploration
| Data point added to dataset (x i y): 
  1.4431765243E+02  1.1497442150E+02  0.0000000000E+00      -2.0299406715E+05

| Total ensemble size: 66
| Best acquisition, x_best i_best y_best:
  2.3815123893E+02  4.2189343609E-01  0.0000000000E+00      -2.0301237256E+05
| Global minimum prediction, x_hat mu_hat +- nu_hat:
  2.3744981578E+02  8.0028739351E-01  0.0000000000E+00      -2.0301237342E+05  6.9833187232E-09
| Global minimum convergence, d_xhat d_muhat:
  5.8822504498E-04  6.2386405021E-08

| GP model hyperparameters (lengthscales W kappa):
  6.6811010551E-01  5.4281817200E-01 -9.0668717738E+00 -7.4800164890E+00  1.3059391673E+01  9.4447017308E+00
| Next sampling location (x_next, i_next):
  8.5843395788E+01  2.6078597823E+02  0.0000000000E+00

Iteration time [s]:   27.122        Total time [s]:  880.038

--------------------------------------------------------------------------------
                                BO ITERATION 35                                 
--------------------------------------------------------------------------------
| Evaluating objective function at 8.584E+01 2.608E+02 0.000E+00
| Objective function evaluated, time [s]       23.395
| Acquisition location too confident, doing pure exploration
| Data point added to dataset (x i y): 
  8.5843395788E+01  2.6078597823E+02  0.0000000000E+00      -2.0299131642E+05

| Total ensemble size: 67
| Best acquisition, x_best i_best y_best:
  2.3815123893E+02  4.2189343609E-01  0.0000000000E+00      -2.0301237256E+05
| Global minimum prediction, x_hat mu_hat +- nu_hat:
  2.3745081306E+02  8.0054368142E-01  0.0000000000E+00      -2.0301237343E+05  7.1366538456E-09
| Global minimum convergence, d_xhat d_muhat:
  1.0296785965E-03  1.0146245975E-07

| GP model hyperparameters (lengthscales W kappa):
  6.6235167773E-01  5.3079922396E-01 -8.8268415488E+00 -7.3537405730E+00  1.2061670847E+01  8.8382307414E+00
| Next sampling location (x_next, i_next):
  2.2168895237E+02  9.0806373127E+01  0.0000000000E+00

Iteration time [s]:   26.780        Total time [s]:  906.821

--------------------------------------------------------------------------------
                                BO ITERATION 36                                 
--------------------------------------------------------------------------------
| Evaluating objective function at 2.217E+02 9.081E+01 0.000E+00
| Objective function evaluated, time [s]       21.932
| Acquisition location too confident, doing pure exploration
| Data point added to dataset (x i y): 
  2.2168895237E+02  9.0806373127E+01  0.0000000000E+00      -2.0298946026E+05

| Total ensemble size: 68
| Best acquisition, x_best i_best y_best:
  2.3815123893E+02  4.2189343609E-01  0.0000000000E+00      -2.0301237256E+05
| Global minimum prediction, x_hat mu_hat +- nu_hat:
  2.3744807270E+02  8.0037374532E-01  0.0000000000E+00      -2.0301237343E+05  7.1328595474E-09
| Global minimum convergence, d_xhat d_muhat:
  2.7456223945E-03  1.0281722898E-07

| GP model hyperparameters (lengthscales W kappa):
  6.5959991939E-01  5.3085272697E-01  8.8173225551E+00  7.3382525359E+00  1.1395220188E+01  8.3155992623E+00
| Next sampling location (x_next, i_next):
  2.9094884861E+02  9.7073689569E+01  0.0000000000E+00

Iteration time [s]:   25.298        Total time [s]:  932.123

--------------------------------------------------------------------------------
                                BO ITERATION 37                                 
--------------------------------------------------------------------------------
| Evaluating objective function at 2.909E+02 9.707E+01 0.000E+00
| Objective function evaluated, time [s]       23.419
| Acquisition location too confident, doing pure exploration
| Data point added to dataset (x i y): 
  2.9094884861E+02  9.7073689569E+01  0.0000000000E+00      -2.0298964834E+05

| Total ensemble size: 69
| Best acquisition, x_best i_best y_best:
  2.3815123893E+02  4.2189343609E-01  0.0000000000E+00      -2.0301237256E+05
| Global minimum prediction, x_hat mu_hat +- nu_hat:
  2.3744790966E+02  8.0049369388E-01  0.0000000000E+00      -2.0301237343E+05  7.0261786610E-09
| Global minimum convergence, d_xhat d_muhat:
  2.0240960610E-04  4.5837939284E-08

| GP model hyperparameters (lengthscales W kappa):
  6.6193694232E-01  5.3301421523E-01 -8.7794522139E+00 -7.3627790943E+00  1.1163992306E+01  8.2503011188E+00
| Next sampling location (x_next, i_next):
  1.7936972727E+02  2.7579429236E+02  0.0000000000E+00

Iteration time [s]:   27.085        Total time [s]:  959.211

--------------------------------------------------------------------------------
                                BO ITERATION 38                                 
--------------------------------------------------------------------------------
| Evaluating objective function at 1.794E+02 2.758E+02 0.000E+00
| Objective function evaluated, time [s]       23.493
| Acquisition location too confident, doing pure exploration
| Data point added to dataset (x i y): 
  1.7936972727E+02  2.7579429236E+02  0.0000000000E+00      -2.0298848027E+05

| Total ensemble size: 70
| Best acquisition, x_best i_best y_best:
  2.3815123893E+02  4.2189343609E-01  0.0000000000E+00      -2.0301237256E+05
| Global minimum prediction, x_hat mu_hat +- nu_hat:
  2.3744470757E+02  7.9970643590E-01  0.0000000000E+00      -2.0301237342E+05  7.1005298529E-09
| Global minimum convergence, d_xhat d_muhat:
  3.2974483703E-03  2.1471916829E-07

| GP model hyperparameters (lengthscales W kappa):
  6.6228057172E-01  5.2191177029E-01 -8.3739682836E+00 -7.0674456276E+00  1.1669985502E+01  8.7342969288E+00
| Next sampling location (x_next, i_next):
 -1.1405766930E+01  3.0242578383E+02  0.0000000000E+00

Iteration time [s]:   27.041        Total time [s]:  986.256

--------------------------------------------------------------------------------
                                BO ITERATION 39                                 
--------------------------------------------------------------------------------
| Evaluating objective function at -1.141E+01 3.024E+02 0.000E+00
| Objective function evaluated, time [s]       23.248
| Acquisition location too confident, doing pure exploration
| Data point added to dataset (x i y): 
 -1.1405766930E+01  3.0242578383E+02  0.0000000000E+00      -2.0299241073E+05

| Total ensemble size: 71
| Best acquisition, x_best i_best y_best:
  2.3815123893E+02  4.2189343609E-01  0.0000000000E+00      -2.0301237256E+05
| Global minimum prediction, x_hat mu_hat +- nu_hat:
  2.3744196691E+02  7.9794559762E-01  0.0000000000E+00      -2.0301237343E+05  7.7431731248E-09
| Global minimum convergence, d_xhat d_muhat:
  3.2575689484E-03  2.4175061472E-07

| GP model hyperparameters (lengthscales W kappa):
  6.5723903580E-01  4.8172831672E-01 -7.5777275981E+00 -6.4439362049E+00  1.1445014113E+01  8.6722730582E+00
| Next sampling location (x_next, i_next):
  7.2172286325E+01  3.0252268313E+01  0.0000000000E+00

Iteration time [s]:   26.835        Total time [s]: 1013.094

--------------------------------------------------------------------------------
                                BO ITERATION 40                                 
--------------------------------------------------------------------------------
| Evaluating objective function at 7.217E+01 3.025E+01 0.000E+00
| Objective function evaluated, time [s]       23.236
| Acquisition location too confident, doing pure exploration
| Data point added to dataset (x i y): 
  7.2172286325E+01  3.0252268313E+01  0.0000000000E+00      -2.0299705030E+05

| Total ensemble size: 72
| Best acquisition, x_best i_best y_best:
  2.3815123893E+02  4.2189343609E-01  0.0000000000E+00      -2.0301237256E+05
| Global minimum prediction, x_hat mu_hat +- nu_hat:
  2.3744111139E+02  7.9825010727E-01  0.0000000000E+00      -2.0301237343E+05  7.6064504916E-09
| Global minimum convergence, d_xhat d_muhat:
  9.0809285013E-04  1.5218055083E-08

| GP model hyperparameters (lengthscales W kappa):
  6.6118089043E-01  4.8457453750E-01  7.5668496949E+00  6.4784775211E+00  1.1498120038E+01  8.8178410522E+00
| Next sampling location (x_next, i_next):
 -3.5308792084E+01  5.2816127494E+01  0.0000000000E+00

Iteration time [s]:   26.851        Total time [s]: 1039.945

--------------------------------------------------------------------------------
                                BO ITERATION 41                                 
--------------------------------------------------------------------------------
| Evaluating objective function at -3.531E+01 5.282E+01 0.000E+00
| Objective function evaluated, time [s]       23.195
| Acquisition location too confident, doing pure exploration
| Data point added to dataset (x i y): 
 -3.5308792084E+01  5.2816127494E+01  0.0000000000E+00      -2.0299059238E+05

| Total ensemble size: 73
| Best acquisition, x_best i_best y_best:
  2.3815123893E+02  4.2189343609E-01  0.0000000000E+00      -2.0301237256E+05
| Global minimum prediction, x_hat mu_hat +- nu_hat:
  2.3744197497E+02  7.9781378887E-01  0.0000000000E+00      -2.0301237343E+05  7.5134262366E-09
| Global minimum convergence, d_xhat d_muhat:
  9.6754536438E-04  2.1202710860E-08

| GP model hyperparameters (lengthscales W kappa):
  6.6425569932E-01  4.8547276758E-01 -7.5381179249E+00 -6.5191229702E+00  1.1247816208E+01  8.7721047356E+00
| Next sampling location (x_next, i_next):
  4.9860926002E+01  9.0392296155E+01  0.0000000000E+00

Iteration time [s]:   27.101        Total time [s]: 1067.048

--------------------------------------------------------------------------------
                                BO ITERATION 42                                 
--------------------------------------------------------------------------------
| Evaluating objective function at 4.986E+01 9.039E+01 0.000E+00
| Objective function evaluated, time [s]       22.180
| Acquisition location too confident, doing pure exploration
| Data point added to dataset (x i y): 
  4.9860926002E+01  9.0392296155E+01  0.0000000000E+00      -2.0299053896E+05

| Total ensemble size: 74
| Best acquisition, x_best i_best y_best:
  2.3815123893E+02  4.2189343609E-01  0.0000000000E+00      -2.0301237256E+05
| Global minimum prediction, x_hat mu_hat +- nu_hat:
  2.3744066353E+02  7.9789490342E-01  0.0000000000E+00      -2.0301237343E+05  7.8381868995E-09
| Global minimum convergence, d_xhat d_muhat:
  1.3139480229E-03  1.3198035812E-07

| GP model hyperparameters (lengthscales W kappa):
  6.5843427141E-01  4.6541045104E-01 -7.0293259836E+00 -6.1731113998E+00  1.1168970851E+01  8.9455764570E+00
| Next sampling location (x_next, i_next):
 -2.9972213073E+00  1.2940187133E+02  0.0000000000E+00

Iteration time [s]:   25.911        Total time [s]: 1092.959

--------------------------------------------------------------------------------
                                BO ITERATION 43                                 
--------------------------------------------------------------------------------
| Evaluating objective function at -2.997E+00 1.294E+02 0.000E+00
| Objective function evaluated, time [s]       23.129
| Acquisition location too confident, doing pure exploration
| Data point added to dataset (x i y): 
 -2.9972213073E+00  1.2940187133E+02  0.0000000000E+00      -2.0299737426E+05

| Total ensemble size: 75
| Best acquisition, x_best i_best y_best:
  2.3815123893E+02  4.2189343609E-01  0.0000000000E+00      -2.0301237256E+05
| Global minimum prediction, x_hat mu_hat +- nu_hat:
  2.3744055266E+02  7.9821033679E-01  0.0000000000E+00      -2.0301237343E+05  7.7662373420E-09
| Global minimum convergence, d_xhat d_muhat:
  3.3435260417E-04  4.7478918831E-08

| GP model hyperparameters (lengthscales W kappa):
  6.5690063770E-01  4.6875475532E-01  6.9804195293E+00  6.1249575218E+00  1.1699463163E+01  9.3592168332E+00
| Next sampling location (x_next, i_next):
  1.3084217648E+02  3.5399888457E+01  0.0000000000E+00

Iteration time [s]:   27.271        Total time [s]: 1120.231

--------------------------------------------------------------------------------
                                BO ITERATION 44                                 
--------------------------------------------------------------------------------
| Evaluating objective function at 1.308E+02 3.540E+01 0.000E+00
| Objective function evaluated, time [s]       23.863
| Acquisition location too confident, doing pure exploration
| Data point added to dataset (x i y): 
  1.3084217648E+02  3.5399888457E+01  0.0000000000E+00      -2.0299453468E+05

| Total ensemble size: 76
| Best acquisition, x_best i_best y_best:
  2.3815123893E+02  4.2189343609E-01  0.0000000000E+00      -2.0301237256E+05
| Global minimum prediction, x_hat mu_hat +- nu_hat:
  2.3744048969E+02  7.9829697753E-01  0.0000000000E+00      -2.0301237343E+05  7.6409331306E-09
| Global minimum convergence, d_xhat d_muhat:
  1.0710532435E-04  7.5875885139E-08

| GP model hyperparameters (lengthscales W kappa):
  6.5819046276E-01  4.7203232427E-01 -7.0485855115E+00 -6.1987606393E+00  1.1365431155E+01  9.1261549525E+00
| Next sampling location (x_next, i_next):
  1.8686085446E+02  2.3420533949E+02  0.0000000000E+00

Iteration time [s]:   28.308        Total time [s]: 1148.543

--------------------------------------------------------------------------------
                                BO ITERATION 45                                 
--------------------------------------------------------------------------------
| Evaluating objective function at 1.869E+02 2.342E+02 0.000E+00
| Objective function evaluated, time [s]       22.267
| Acquisition location too confident, doing pure exploration
| Data point added to dataset (x i y): 
  1.8686085446E+02  2.3420533949E+02  0.0000000000E+00      -2.0299572981E+05

| Total ensemble size: 77
| Best acquisition, x_best i_best y_best:
  2.3815123893E+02  4.2189343609E-01  0.0000000000E+00      -2.0301237256E+05
| Global minimum prediction, x_hat mu_hat +- nu_hat:
  2.3744014452E+02  7.9834793445E-01  0.0000000000E+00      -2.0301237343E+05  7.5018017575E-09
| Global minimum convergence, d_xhat d_muhat:
  3.4891510464E-04  3.0696789249E-09

| GP model hyperparameters (lengthscales W kappa):
  6.6237663922E-01  4.7686281429E-01  7.0907929985E+00  6.2584107283E+00  1.1530997195E+01  9.3234846007E+00
| Next sampling location (x_next, i_next):
 -4.8816207638E+00  1.2792108188E+01  0.0000000000E+00

Iteration time [s]:   26.441        Total time [s]: 1174.986

--------------------------------------------------------------------------------
                                BO ITERATION 46                                 
--------------------------------------------------------------------------------
| Evaluating objective function at -4.882E+00 1.279E+01 0.000E+00
| Objective function evaluated, time [s]       23.378
| Acquisition location too confident, doing pure exploration
| Data point added to dataset (x i y): 
 -4.8816207638E+00  1.2792108188E+01  0.0000000000E+00      -2.0299100426E+05

| Total ensemble size: 78
| Best acquisition, x_best i_best y_best:
  2.3815123893E+02  4.2189343609E-01  0.0000000000E+00      -2.0301237256E+05
| Global minimum prediction, x_hat mu_hat +- nu_hat:
  2.3744044159E+02  8.0326152609E-01  0.0000000000E+00      -2.0301237348E+05  9.1314457328E-09
| Global minimum convergence, d_xhat d_muhat:
  4.9225638015E-03  1.9796980631E-06

| GP model hyperparameters (lengthscales W kappa):
  6.2661212471E-01  4.3994843588E-01 -7.1443748463E+00 -5.6822867725E+00  1.1741752106E+01  7.9265086199E+00
| Next sampling location (x_next, i_next):
  1.9441516468E+02  1.2676330564E+02  0.0000000000E+00

Iteration time [s]:   27.930        Total time [s]: 1202.920

--------------------------------------------------------------------------------
                                BO ITERATION 47                                 
--------------------------------------------------------------------------------
| Evaluating objective function at 1.944E+02 1.268E+02 0.000E+00
| Objective function evaluated, time [s]       23.051
| Acquisition location too confident, doing pure exploration
| Data point added to dataset (x i y): 
  1.9441516468E+02  1.2676330564E+02  0.0000000000E+00      -2.0299637706E+05

| Total ensemble size: 79
| Best acquisition, x_best i_best y_best:
  2.3815123893E+02  4.2189343609E-01  0.0000000000E+00      -2.0301237256E+05
| Global minimum prediction, x_hat mu_hat +- nu_hat:
  2.3744251076E+02  8.0385432201E-01  0.0000000000E+00      -2.0301237348E+05  9.4688114237E-09
| Global minimum convergence, d_xhat d_muhat:
  2.1524143218E-03  9.5547410916E-08

| GP model hyperparameters (lengthscales W kappa):
  6.0934644597E-01  4.3031530744E-01  6.6390480267E+00  5.4197640191E+00  1.1810195541E+01  8.3454554309E+00
| Next sampling location (x_next, i_next):
  4.3796948003E+01  2.3286968451E+02  0.0000000000E+00

Iteration time [s]:   27.576        Total time [s]: 1230.498

--------------------------------------------------------------------------------
                                BO ITERATION 48                                 
--------------------------------------------------------------------------------
| Evaluating objective function at 4.380E+01 2.329E+02 0.000E+00
| Objective function evaluated, time [s]       23.512
| Data point added to dataset (x i y): 
  4.3796948003E+01  2.3286968451E+02  0.0000000000E+00      -2.0299768984E+05

| Total ensemble size: 80
| Best acquisition, x_best i_best y_best:
  2.3815123893E+02  4.2189343609E-01  0.0000000000E+00      -2.0301237256E+05
| Global minimum prediction, x_hat mu_hat +- nu_hat:
  2.3744252732E+02  8.0387745621E-01  0.0000000000E+00      -2.0301237348E+05  9.2051361199E-09
| Global minimum convergence, d_xhat d_muhat:
  2.8450432302E-05  4.1781740922E-10

| GP model hyperparameters (lengthscales W kappa):
  6.1216992274E-01  4.3465995482E-01 -6.6759583850E+00 -5.4611751484E+00  1.1932678798E+01  8.4663597358E+00
| Next sampling location (x_next, i_next):
  2.8016258233E+02  1.6969477220E+02  0.0000000000E+00

Iteration time [s]:   28.143        Total time [s]: 1258.645

--------------------------------------------------------------------------------
                                BO ITERATION 49                                 
--------------------------------------------------------------------------------
| Evaluating objective function at 2.802E+02 1.697E+02 0.000E+00
| Objective function evaluated, time [s]       23.186
| Acquisition location too confident, doing pure exploration
| Data point added to dataset (x i y): 
  2.8016258233E+02  1.6969477220E+02  0.0000000000E+00      -2.0300754513E+05

| Total ensemble size: 81
| Best acquisition, x_best i_best y_best:
  2.3815123893E+02  4.2189343609E-01  0.0000000000E+00      -2.0301237256E+05
| Global minimum prediction, x_hat mu_hat +- nu_hat:
  2.3744295348E+02  8.0395361976E-01  0.0000000000E+00      -2.0301237348E+05  8.9865589636E-09
| Global minimum convergence, d_xhat d_muhat:
  4.3291071964E-04  2.4490434438E-08

| GP model hyperparameters (lengthscales W kappa):
  6.1626568305E-01  4.3921590970E-01 -6.7002204120E+00 -5.4857001568E+00  1.2421401436E+01  8.8433172881E+00
| Next sampling location (x_next, i_next):
  2.3602624156E+02  2.0567628302E+02  0.0000000000E+00

Iteration time [s]:   27.703        Total time [s]: 1286.352

--------------------------------------------------------------------------------
                                BO ITERATION 50                                 
--------------------------------------------------------------------------------
| Evaluating objective function at 2.360E+02 2.057E+02 0.000E+00
| Objective function evaluated, time [s]       21.734
| Acquisition location too confident, doing pure exploration
| Data point added to dataset (x i y): 
  2.3602624156E+02  2.0567628302E+02  0.0000000000E+00      -2.0300309132E+05

| Total ensemble size: 82
| Best acquisition, x_best i_best y_best:
  2.3815123893E+02  4.2189343609E-01  0.0000000000E+00      -2.0301237256E+05
| Global minimum prediction, x_hat mu_hat +- nu_hat:
  2.3744208547E+02  8.0443592998E-01  0.0000000000E+00      -2.0301237348E+05  8.8141102416E-09
| Global minimum convergence, d_xhat d_muhat:
  9.9300376341E-04  2.8908579462E-08

| GP model hyperparameters (lengthscales W kappa):
  6.2202771246E-01  4.4183404674E-01 -6.7265004247E+00 -5.5171089764E+00  1.2727607847E+01  9.1014244639E+00
| Next sampling location (x_next, i_next):
  2.8769710122E+02  3.0949644091E+02  0.0000000000E+00

Iteration time [s]:   26.353        Total time [s]: 1312.705

|| Bayesian optimization completed, time [s]     1312.687


--------------------------------------------------------------------------------
                        BOSS is done! Have a nice day :)                        

      Datetime 15-08-2020 00:46:03            Total time [s]     1312.706       
--------------------------------------------------------------------------------
