-50.0000000000_-50.0000000000
130.0000000000_130.0000000000
260.2145102000_-46.1019824000
231.2691810000_310.0000000000
271.1504262000_-45.9091593000
272.3968685000_277.1922919000
71.3987759000_308.7021138000
274.4208118000_-35.0285814000
285.3717197000_-28.5360602000
273.4243835000_-16.4165628000
276.4094834000_-2.9149558000
253.5917066000_-4.6287512000
219.7005201000_-1.8725060000
231.5775044000_8.9664454000
237.4951062000_.0629893000
241.9600582000_1.4205923000
237.3744407000_50.8569666000
157.6522406000_15.1410103000
237.3755748000_-9.0933493000
233.6212422000_2.3320469000
7.6637248000_196.2863656000
284.8921658000_183.7167899000
219.4952813000_196.6096029000
-32.0176688000_159.3593164000
305.4429438000_212.4441189000
89.6089465000_200.3583201000
251.0955275000_159.9849338000
127.4543598000_235.0636225000
57.7458988000_175.1886523000
114.1099416000_177.1137680000
5.4803760000_92.1232833000
39.0415796000_39.2337363000
129.2881989000_76.3202440000
28.3692487000_256.4751600000
245.2394510000_106.6208350000
54.6792907000_-6.5983015000
140.4397407000_278.1713410000
213.5047307000_243.6731039000
44.7713545000_126.5540630000
-40.0914916000_55.0304509000
131.0359273000_-31.4983622000
309.8251713000_116.7268433000
184.7869497000_149.2160725000
183.0994672000_94.0017549000
71.7683240000_88.8202712000
-30.7744666000_250.5853737000
98.2819532000_36.5683177000
-3.3365856000_8.6804061000
18.9112015000_170.3082701000
15.1449391000_-39.7388206000
166.1609561000_183.7048653000
84.9922259000_260.3461303000
260.2525639000_229.2883066000
174.4859191000_53.5483513000
48.7842477000_225.5614317000
284.2704488000_81.1197798000
171.5091116000_-50.0000000000
103.5481989000_-.8888137000
174.1555523000_224.7208363000
87.5795002000_137.1707249000
185.2260777000_270.5513244000
-4.9706025000_129.0356251000
-.4105888000_284.6797713000
280.3336127000_138.1333864000
2.6002205000_53.8082722000
45.4750391000_286.7132540000
214.2876621000_127.2791757000
43.3980395000_69.6904554000
-3.2660575000_228.6610838000
281.1312355000_43.2726097000
107.0707109000_295.7121740000
110.3794323000_105.6671933000
163.7931102000_116.8768946000
136.2148523000_205.2304196000
-19.3017645000_-20.0119842000
-28.5445333000_190.2730193000
134.6353714000_40.3670127000
232.8138858000_272.0156980000
219.6011752000_81.5444986000
-34.2669541000_24.1324378000
209.3422951000_169.2895948000
90.7568822000_64.7136269000
162.1190092000_-16.8987253000
-30.0802037000_87.5406737000
290.2547631000_244.9774196000
88.6829715000_-25.7835093000
88.6557463000_231.1220746000
161.5573317000_250.7513608000
68.8918084000_16.9913141000
255.9435924000_196.5241108000
310.0000000000_276.9345400000
146.1551182000_159.1044237000
48.3175258000_150.2231673000
254.4241535000_74.7943060000
19.1659619000_-11.8548572000
149.4814737000_94.3866572000
244.7512932000_135.1684062000
114.9026381000_261.9912464000
30.5927838000_14.5571169000
43.4118549000_199.1482544000
188.7341773000_32.4354403000
195.7824398000_-33.7514864000
warning in stationary: failed to import cython module: falling back to numpy
warning in coregionalize: failed to import cython module: falling back to numpy
warning in choleskies: failed to import cython module: falling back to numpy
