-50.0000000000_-50.0000000000
130.0000000000_130.0000000000
-50.0000000000_260.0224834000
-49.8303493000_-35.1135311000
291.6782429000_-28.6487584000
292.4377825000_-19.4416697000
277.4530203000_-8.7289731000
253.4780471000_-10.6758726000
239.7489409000_8.0603519000
208.3081271000_-5.0228075000
249.1404343000_45.2594563000
242.3338949000_-.6971771000
165.9995083000_14.5775213000
206.3822132000_310.0000000000
224.5371819000_4.8006900000
232.4533839000_-.6934400000
-49.0702368000_164.5780177000
11.0842507000_179.6460005000
2.1212729000_143.7839622000
-35.1870378000_194.3099940000
53.1946274000_201.5504476000
251.0741917000_177.8448563000
167.4745953000_205.5752538000
47.9036602000_66.6184937000
103.1316190000_240.8043872000
86.1569678000_179.4983436000
152.5154117000_176.3326381000
252.3830605000_143.8950757000
235.6894414000_2.1220854000
44.9466130000_-1.0562884000
237.6662675000_.4326887000
80.3086586000_296.9292562000
306.6650668000_94.9570475000
169.0840786000_81.4694803000
212.5973256000_253.5115456000
-15.6640690000_39.8853238000
26.6284774000_260.5460417000
61.6308395000_108.9816628000
148.3937659000_277.6951457000
112.7679664000_-25.4832921000
224.8907399000_103.3803659000
100.2999450000_42.6575304000
261.6863762000_223.4268152000
34.1436454000_-39.0301749000
249.3841998000_281.1875690000
-4.5456149000_229.3607422000
106.8868797000_86.5239128000
190.1772441000_143.5209483000
70.3760878000_146.5944998000
-43.6112672000_66.3570246000
4.3564212000_93.9815615000
169.3449858000_50.0869007000
309.2030756000_126.4106626000
8.5588421000_289.7727541000
145.8316303000_-48.8885647000
159.1233862000_239.7769243000
-9.3467490000_2.8665105000
52.3728607000_175.9316411000
198.8967665000_180.2816530000
98.7720196000_9.0669583000
39.2885012000_32.3445452000
119.7014851000_209.1389311000
263.9119688000_84.8705575000
217.9628309000_215.1543082000
211.9612215000_68.2071444000
301.8744447000_32.0338328000
69.8183760000_265.0122784000
305.7140975000_225.7641905000
55.6025681000_234.3541829000
187.3927865000_279.9397252000
168.7513428000_114.3531062000
73.4371120000_-25.9806490000
284.5874630000_194.3034680000
31.4147640000_125.5866536000
133.0737435000_60.3838498000
-15.3750455000_264.0089615000
151.8996615000_-16.5000073000
269.8170015000_115.6703962000
116.2471591000_158.1723875000
10.6191268000_62.0819455000
109.5983939000_279.4404642000
265.3033368000_254.3008915000
97.6555202000_119.9932036000
.5894229000_-26.7356655000
129.4564623000_26.7071812000
136.7677055000_99.1924174000
252.0795436000_-50.0000000000
280.4797815000_153.8048156000
-16.0912680000_116.2960465000
84.8623120000_215.5176578000
282.2786404000_284.2341990000
69.2045883000_23.8299088000
284.2253417000_59.6979680000
213.5655920000_128.1242925000
45.9125336000_287.9368419000
190.5750085000_231.2530769000
177.1091894000_-38.5623081000
17.2848559000_210.2455567000
220.9659432000_159.6610559000
-39.3782099000_10.0119484000
78.9061879000_65.6294059000
-20.3646122000_83.7565386000
warning in stationary: failed to import cython module: falling back to numpy
warning in coregionalize: failed to import cython module: falling back to numpy
warning in choleskies: failed to import cython module: falling back to numpy
