
-----------------------------   Welcome to ....   ------------------------------
                      _______  _______ _______ _______ 
                     |   _   \|   _   |   _   |   _   |
                     |.  1   /|.  |   |   1___|   1___|
                     |.  _   \|.  |   |____   |____   |
                     |:  1    |:  1   |:  1   |:  1   |
                     |::.. .  |::.. . |::.. . |::.. . |
                     `-------'`-------`-------`-------'

                                 Version 0.9.15                                 
                              05-08-2020 18:39:32                               
--------------------------------------------------------------------------------

| Reading BOSS input file from: in_2D
| Initializing...

--------------------------------------------------------------------------------
                                   INPUT FILE                                   
--------------------------------------------------------------------------------
# input file for alanine 2D (d4-d13)

# optimization
userfn       userfn_2D.py
bounds       -50 310; -50 310
num_tasks    2
kernel       stdp
initpts      2 30
iterpts      50
verbosity    2
kappa_fixto  0 0
W_rank       2
W_prior      gaussian
W_priorparam 7.606 4.226


RESULTS:
6.834203014739165E+01 2.735296303464972E+02 0 -2.029907405250620E+05 
1.033428577351541E+02 1.758903199574894E+01 0 -2.029910975194888E+05 
2.400667292540456E+02 7.260599171512061E+00 1 2.040290000000000E+01 
1.292175993181858E+02 2.980643184456709E+02 1 3.669650000000000E+01 
5.845553000070480E+01 1.806544939123415E+02 1 1.748580000000000E+01 
2.852624325844808E+02 -1.274416511079741E+01 1 1.858340000000000E+01 
1.107254753373370E+02 1.692763295531058E+01 1 3.439430000000000E+01 
-2.236348742225876E+00 7.511404838381942E+01 1 3.653160000000000E+01 
1.571067615481313E+02 1.896025478324512E+02 1 2.108730000000000E+01 
-4.245623637921859E+01 1.733300675472459E+01 1 2.834250000000000E+01 
1.580979981264599E+02 1.252548903102423E+02 1 2.776870000000000E+01 
-1.889400953818665E+01 1.978287731162613E+02 1 2.150050000000000E+01 
8.345713290337940E+00 -3.774394019205454E+01 1 3.344640000000000E+01 
3.700429695139697E+01 1.807705894033385E+02 1 1.831900000000000E+01 
2.657490682810803E+02 3.052250679872107E+02 1 2.996530000000000E+01 
3.241840980295920E+01 5.144585697698759E+01 1 3.135140000000000E+01 
2.091056402496608E+02 2.752663537330485E+02 1 3.723110000000000E+01 
5.327817974036780E+01 2.383460275615782E+01 1 2.655880000000000E+01 
7.104362226753547E+01 1.759186352501133E+02 1 1.777330000000000E+01 
1.527561238803610E+02 1.813657581154349E+01 1 2.393460000000000E+01 
2.645545737578345E+02 6.926206809426100E+01 1 3.605560000000000E+01 
1.592387291095592E+02 9.409716850833603E+01 1 3.138450000000000E+01 
2.544360294388450E+02 -1.822445262808146E+01 1 2.133000000000000E+01 
2.059849463883597E+02 1.531494045819789E+02 1 2.644810000000000E+01 
1.844698377818459E+01 9.035563169198458E+00 1 3.127020000000000E+01 
6.512468324837069E+00 2.914168051476224E+02 1 3.437490000000000E+01 
2.732233640716567E+02 1.249915977844932E+02 1 3.270700000000000E+01 
2.404988580820873E+02 5.889095537862055E+01 1 3.394830000000000E+01 
2.724409636089732E+02 2.772389843532608E+02 1 3.414780000000000E+01 
1.798658395398555E+02 2.399341960792678E+02 1 3.159990000000000E+01 
1.672414696609162E+02 1.619701585774137E+02 1 2.154190000000000E+01 
1.250703317234006E+02 1.156182842143835E+02 1 3.049000000000000E+01 
--------------------------------------------------------------------------------
                               SIMULATION OPTIONS                               
--------------------------------------------------------------------------------
|| File input/output 
ipfile         in_2D
userfn         userfn_2D.py
outfile        boss.out
rstfile        boss.rst

|| Key settings 
num_tasks         2
W_rank         2
bounds         -5.000E+01 3.100E+02;    -5.000E+01 3.100E+02
kerntype       stdp stdp
yrange         -5.000E+01 3.100E+02;    -5.000E+01 3.100E+02
noise          1.000E-12
initpts    2 30    iterpts   50
gm_tol         none
verbosity      2

|| Data acquisition 
acqfn                elcb
acqtol               1.000E-03

|| GP hyperparameters 
thetainit       1.000E+00 3.142E-01
thetabounds     none
thetaprior      gamma
thetapriorpar   1.000E+00 1.000E+00;    3.368E+00 9.020E+00;    3.368E+00 9.020E+00

|| Hyperparameter optimization
updatefreq   1  initupdate      True
updateoffset 0  updaterestarts  2


--------------------------------------------------------------------------------
                              INITIAL DATAPOINT 1                               
--------------------------------------------------------------------------------
| Data point added to dataset (x i y): 
  6.8342030147E+01  2.7352963035E+02  0.0000000000E+00      -2.0299074053E+05

| Total ensemble size: 1
| Next sampling location (x_next, i_next):
  1.0334285774E+02  1.7589031996E+01  0.0000000000E+00

Iteration time [s]:    0.001        Total time [s]:    0.254

--------------------------------------------------------------------------------
                              INITIAL DATAPOINT 2                               
--------------------------------------------------------------------------------
| Data point added to dataset (x i y): 
  1.0334285774E+02  1.7589031996E+01  0.0000000000E+00      -2.0299109752E+05

| Total ensemble size: 2
| Next sampling location (x_next, i_next):
  2.4006672925E+02  7.2605991715E+00  1.0000000000E+00

Iteration time [s]:    0.001        Total time [s]:    0.255

--------------------------------------------------------------------------------
                              INITIAL DATAPOINT 3                               
--------------------------------------------------------------------------------
| Data point added to dataset (x i y): 
  2.4006672925E+02  7.2605991715E+00  1.0000000000E+00       2.0402900000E+01

| Total ensemble size: 3
| Next sampling location (x_next, i_next):
  1.2921759932E+02  2.9806431845E+02  1.0000000000E+00

Iteration time [s]:    0.009        Total time [s]:    0.264

--------------------------------------------------------------------------------
                              INITIAL DATAPOINT 4                               
--------------------------------------------------------------------------------
| Data point added to dataset (x i y): 
  1.2921759932E+02  2.9806431845E+02  1.0000000000E+00       3.6696500000E+01

| Total ensemble size: 4
| Next sampling location (x_next, i_next):
  5.8455530001E+01  1.8065449391E+02  1.0000000000E+00

Iteration time [s]:    0.001        Total time [s]:    0.266

--------------------------------------------------------------------------------
                              INITIAL DATAPOINT 5                               
--------------------------------------------------------------------------------
| Data point added to dataset (x i y): 
  5.8455530001E+01  1.8065449391E+02  1.0000000000E+00       1.7485800000E+01

| Total ensemble size: 5
| Next sampling location (x_next, i_next):
  2.8526243258E+02 -1.2744165111E+01  1.0000000000E+00

Iteration time [s]:    0.001        Total time [s]:    0.267

--------------------------------------------------------------------------------
                              INITIAL DATAPOINT 6                               
--------------------------------------------------------------------------------
| Data point added to dataset (x i y): 
  2.8526243258E+02 -1.2744165111E+01  1.0000000000E+00       1.8583400000E+01

| Total ensemble size: 6
| Next sampling location (x_next, i_next):
  1.1072547534E+02  1.6927632955E+01  1.0000000000E+00

Iteration time [s]:    0.001        Total time [s]:    0.268

--------------------------------------------------------------------------------
                              INITIAL DATAPOINT 7                               
--------------------------------------------------------------------------------
| Data point added to dataset (x i y): 
  1.1072547534E+02  1.6927632955E+01  1.0000000000E+00       3.4394300000E+01

| Total ensemble size: 7
| Next sampling location (x_next, i_next):
 -2.2363487422E+00  7.5114048384E+01  1.0000000000E+00

Iteration time [s]:    0.001        Total time [s]:    0.269

--------------------------------------------------------------------------------
                              INITIAL DATAPOINT 8                               
--------------------------------------------------------------------------------
| Data point added to dataset (x i y): 
 -2.2363487422E+00  7.5114048384E+01  1.0000000000E+00       3.6531600000E+01

| Total ensemble size: 8
| Next sampling location (x_next, i_next):
  1.5710676155E+02  1.8960254783E+02  1.0000000000E+00

Iteration time [s]:    0.001        Total time [s]:    0.270

--------------------------------------------------------------------------------
                              INITIAL DATAPOINT 9                               
--------------------------------------------------------------------------------
| Data point added to dataset (x i y): 
  1.5710676155E+02  1.8960254783E+02  1.0000000000E+00       2.1087300000E+01

| Total ensemble size: 9
| Next sampling location (x_next, i_next):
 -4.2456236379E+01  1.7333006755E+01  1.0000000000E+00

Iteration time [s]:    0.001        Total time [s]:    0.272

--------------------------------------------------------------------------------
                              INITIAL DATAPOINT 10                              
--------------------------------------------------------------------------------
| Data point added to dataset (x i y): 
 -4.2456236379E+01  1.7333006755E+01  1.0000000000E+00       2.8342500000E+01

| Total ensemble size: 10
| Next sampling location (x_next, i_next):
  1.5809799813E+02  1.2525489031E+02  1.0000000000E+00

Iteration time [s]:    0.001        Total time [s]:    0.273

--------------------------------------------------------------------------------
                              INITIAL DATAPOINT 11                              
--------------------------------------------------------------------------------
| Data point added to dataset (x i y): 
  1.5809799813E+02  1.2525489031E+02  1.0000000000E+00       2.7768700000E+01

| Total ensemble size: 11
| Next sampling location (x_next, i_next):
 -1.8894009538E+01  1.9782877312E+02  1.0000000000E+00

Iteration time [s]:    0.001        Total time [s]:    0.274

--------------------------------------------------------------------------------
                              INITIAL DATAPOINT 12                              
--------------------------------------------------------------------------------
| Data point added to dataset (x i y): 
 -1.8894009538E+01  1.9782877312E+02  1.0000000000E+00       2.1500500000E+01

| Total ensemble size: 12
| Next sampling location (x_next, i_next):
  8.3457132903E+00 -3.7743940192E+01  1.0000000000E+00

Iteration time [s]:    0.001        Total time [s]:    0.275

--------------------------------------------------------------------------------
                              INITIAL DATAPOINT 13                              
--------------------------------------------------------------------------------
| Data point added to dataset (x i y): 
  8.3457132903E+00 -3.7743940192E+01  1.0000000000E+00       3.3446400000E+01

| Total ensemble size: 13
| Next sampling location (x_next, i_next):
  3.7004296951E+01  1.8077058940E+02  1.0000000000E+00

Iteration time [s]:    0.001        Total time [s]:    0.276

--------------------------------------------------------------------------------
                              INITIAL DATAPOINT 14                              
--------------------------------------------------------------------------------
| Data point added to dataset (x i y): 
  3.7004296951E+01  1.8077058940E+02  1.0000000000E+00       1.8319000000E+01

| Total ensemble size: 14
| Next sampling location (x_next, i_next):
  2.6574906828E+02  3.0522506799E+02  1.0000000000E+00

Iteration time [s]:    0.001        Total time [s]:    0.277

--------------------------------------------------------------------------------
                              INITIAL DATAPOINT 15                              
--------------------------------------------------------------------------------
| Data point added to dataset (x i y): 
  2.6574906828E+02  3.0522506799E+02  1.0000000000E+00       2.9965300000E+01

| Total ensemble size: 15
| Next sampling location (x_next, i_next):
  3.2418409803E+01  5.1445856977E+01  1.0000000000E+00

Iteration time [s]:    0.001        Total time [s]:    0.278

--------------------------------------------------------------------------------
                              INITIAL DATAPOINT 16                              
--------------------------------------------------------------------------------
| Data point added to dataset (x i y): 
  3.2418409803E+01  5.1445856977E+01  1.0000000000E+00       3.1351400000E+01

| Total ensemble size: 16
| Next sampling location (x_next, i_next):
  2.0910564025E+02  2.7526635373E+02  1.0000000000E+00

Iteration time [s]:    0.001        Total time [s]:    0.279

--------------------------------------------------------------------------------
                              INITIAL DATAPOINT 17                              
--------------------------------------------------------------------------------
| Data point added to dataset (x i y): 
  2.0910564025E+02  2.7526635373E+02  1.0000000000E+00       3.7231100000E+01

| Total ensemble size: 17
| Next sampling location (x_next, i_next):
  5.3278179740E+01  2.3834602756E+01  1.0000000000E+00

Iteration time [s]:    0.001        Total time [s]:    0.280

--------------------------------------------------------------------------------
                              INITIAL DATAPOINT 18                              
--------------------------------------------------------------------------------
| Data point added to dataset (x i y): 
  5.3278179740E+01  2.3834602756E+01  1.0000000000E+00       2.6558800000E+01

| Total ensemble size: 18
| Next sampling location (x_next, i_next):
  7.1043622268E+01  1.7591863525E+02  1.0000000000E+00

Iteration time [s]:    0.001        Total time [s]:    0.282

--------------------------------------------------------------------------------
                              INITIAL DATAPOINT 19                              
--------------------------------------------------------------------------------
| Data point added to dataset (x i y): 
  7.1043622268E+01  1.7591863525E+02  1.0000000000E+00       1.7773300000E+01

| Total ensemble size: 19
| Next sampling location (x_next, i_next):
  1.5275612388E+02  1.8136575812E+01  1.0000000000E+00

Iteration time [s]:    0.001        Total time [s]:    0.283

--------------------------------------------------------------------------------
                              INITIAL DATAPOINT 20                              
--------------------------------------------------------------------------------
| Data point added to dataset (x i y): 
  1.5275612388E+02  1.8136575812E+01  1.0000000000E+00       2.3934600000E+01

| Total ensemble size: 20
| Next sampling location (x_next, i_next):
  2.6455457376E+02  6.9262068094E+01  1.0000000000E+00

Iteration time [s]:    0.001        Total time [s]:    0.284

--------------------------------------------------------------------------------
                              INITIAL DATAPOINT 21                              
--------------------------------------------------------------------------------
| Data point added to dataset (x i y): 
  2.6455457376E+02  6.9262068094E+01  1.0000000000E+00       3.6055600000E+01

| Total ensemble size: 21
| Next sampling location (x_next, i_next):
  1.5923872911E+02  9.4097168508E+01  1.0000000000E+00

Iteration time [s]:    0.001        Total time [s]:    0.285

--------------------------------------------------------------------------------
                              INITIAL DATAPOINT 22                              
--------------------------------------------------------------------------------
| Data point added to dataset (x i y): 
  1.5923872911E+02  9.4097168508E+01  1.0000000000E+00       3.1384500000E+01

| Total ensemble size: 22
| Next sampling location (x_next, i_next):
  2.5443602944E+02 -1.8224452628E+01  1.0000000000E+00

Iteration time [s]:    0.001        Total time [s]:    0.287

--------------------------------------------------------------------------------
                              INITIAL DATAPOINT 23                              
--------------------------------------------------------------------------------
| Data point added to dataset (x i y): 
  2.5443602944E+02 -1.8224452628E+01  1.0000000000E+00       2.1330000000E+01

| Total ensemble size: 23
| Next sampling location (x_next, i_next):
  2.0598494639E+02  1.5314940458E+02  1.0000000000E+00

Iteration time [s]:    0.001        Total time [s]:    0.288

--------------------------------------------------------------------------------
                              INITIAL DATAPOINT 24                              
--------------------------------------------------------------------------------
| Data point added to dataset (x i y): 
  2.0598494639E+02  1.5314940458E+02  1.0000000000E+00       2.6448100000E+01

| Total ensemble size: 24
| Next sampling location (x_next, i_next):
  1.8446983778E+01  9.0355631692E+00  1.0000000000E+00

Iteration time [s]:    0.001        Total time [s]:    0.289

--------------------------------------------------------------------------------
                              INITIAL DATAPOINT 25                              
--------------------------------------------------------------------------------
| Data point added to dataset (x i y): 
  1.8446983778E+01  9.0355631692E+00  1.0000000000E+00       3.1270200000E+01

| Total ensemble size: 25
| Next sampling location (x_next, i_next):
  6.5124683248E+00  2.9141680515E+02  1.0000000000E+00

Iteration time [s]:    0.001        Total time [s]:    0.290

--------------------------------------------------------------------------------
                              INITIAL DATAPOINT 26                              
--------------------------------------------------------------------------------
| Data point added to dataset (x i y): 
  6.5124683248E+00  2.9141680515E+02  1.0000000000E+00       3.4374900000E+01

| Total ensemble size: 26
| Next sampling location (x_next, i_next):
  2.7322336407E+02  1.2499159778E+02  1.0000000000E+00

Iteration time [s]:    0.001        Total time [s]:    0.291

--------------------------------------------------------------------------------
                              INITIAL DATAPOINT 27                              
--------------------------------------------------------------------------------
| Data point added to dataset (x i y): 
  2.7322336407E+02  1.2499159778E+02  1.0000000000E+00       3.2707000000E+01

| Total ensemble size: 27
| Next sampling location (x_next, i_next):
  2.4049885808E+02  5.8890955379E+01  1.0000000000E+00

Iteration time [s]:    0.001        Total time [s]:    0.292

--------------------------------------------------------------------------------
                              INITIAL DATAPOINT 28                              
--------------------------------------------------------------------------------
| Data point added to dataset (x i y): 
  2.4049885808E+02  5.8890955379E+01  1.0000000000E+00       3.3948300000E+01

| Total ensemble size: 28
| Next sampling location (x_next, i_next):
  2.7244096361E+02  2.7723898435E+02  1.0000000000E+00

Iteration time [s]:    0.001        Total time [s]:    0.293

--------------------------------------------------------------------------------
                              INITIAL DATAPOINT 29                              
--------------------------------------------------------------------------------
| Data point added to dataset (x i y): 
  2.7244096361E+02  2.7723898435E+02  1.0000000000E+00       3.4147800000E+01

| Total ensemble size: 29
| Next sampling location (x_next, i_next):
  1.7986583954E+02  2.3993419608E+02  1.0000000000E+00

Iteration time [s]:    0.001        Total time [s]:    0.295

--------------------------------------------------------------------------------
                              INITIAL DATAPOINT 30                              
--------------------------------------------------------------------------------
| Data point added to dataset (x i y): 
  1.7986583954E+02  2.3993419608E+02  1.0000000000E+00       3.1599900000E+01

| Total ensemble size: 30
| Next sampling location (x_next, i_next):
  1.6724146966E+02  1.6197015858E+02  1.0000000000E+00

Iteration time [s]:    0.001        Total time [s]:    0.296

--------------------------------------------------------------------------------
                              INITIAL DATAPOINT 31                              
--------------------------------------------------------------------------------
| Data point added to dataset (x i y): 
  1.6724146966E+02  1.6197015858E+02  1.0000000000E+00       2.1541900000E+01

| Total ensemble size: 31
| Next sampling location (x_next, i_next):
  1.2507033172E+02  1.1561828421E+02  1.0000000000E+00

Iteration time [s]:    0.001        Total time [s]:    0.297

--------------------------------------------------------------------------------
                              INITIAL DATAPOINT 32                              
--------------------------------------------------------------------------------
| Data point added to dataset (x i y): 
  1.2507033172E+02  1.1561828421E+02  1.0000000000E+00       3.0490000000E+01

| Total ensemble size: 32
| Best acquisition, x_best i_best y_best:
  1.0334285774E+02  1.7589031996E+01  0.0000000000E+00      -2.0299109752E+05
| Global minimum prediction, x_hat mu_hat +- nu_hat:
  1.3151593244E+02  3.0359146146E+02  0.0000000000E+00      -2.0299117781E+05  3.2317233425E-04

| GP model hyperparameters (lengthscales W kappa):
  4.4158608101E-01  4.8594097565E-01 -1.6325602950E-01 -1.6325000581E-01  5.4565226311E+00  5.4563083640E+00  0.0000000000E+00  0.0000000000E+00
| Next sampling location (x_next, i_next):
  2.4152410620E+02  2.2528984207E+02  0.0000000000E+00

Iteration time [s]:    1.481        Total time [s]:    1.779

--------------------------------------------------------------------------------
                                 BO ITERATION 1                                 
--------------------------------------------------------------------------------
| Evaluating objective function at 2.415E+02 2.253E+02 0.000E+00
| Objective function evaluated, time [s]       34.987
| Data point added to dataset (x i y): 
  2.4152410620E+02  2.2528984207E+02  0.0000000000E+00      -2.0299721221E+05

| Total ensemble size: 33
| Best acquisition, x_best i_best y_best:
  2.4152410620E+02  2.2528984207E+02  0.0000000000E+00      -2.0299721221E+05
| Global minimum prediction, x_hat mu_hat +- nu_hat:
  6.1081430076E+01  1.8203267846E+02  0.0000000000E+00      -2.0299967602E+05  6.0076617146E+00
| Global minimum convergence, d_xhat d_muhat:
  1.4049041550E+02  4.3039146951E-01

| GP model hyperparameters (lengthscales W kappa):
  4.3973467052E-01  4.3897888591E-01  4.5323546452E+00  2.3852928110E+00  4.0657273631E+00  6.2128298307E+00  0.0000000000E+00  0.0000000000E+00
| Next sampling location (x_next, i_next):
  1.9338575133E+02  1.7259094203E+00  0.0000000000E+00

Iteration time [s]:   36.280        Total time [s]:   38.059

--------------------------------------------------------------------------------
                                 BO ITERATION 2                                 
--------------------------------------------------------------------------------
| Evaluating objective function at 1.934E+02 1.726E+00 0.000E+00
| Objective function evaluated, time [s]       24.073
| Data point added to dataset (x i y): 
  1.9338575133E+02  1.7259094203E+00  0.0000000000E+00      -2.0300891237E+05

| Total ensemble size: 34
| Best acquisition, x_best i_best y_best:
  1.9338575133E+02  1.7259094203E+00  0.0000000000E+00      -2.0300891237E+05
| Global minimum prediction, x_hat mu_hat +- nu_hat:
  1.9046628709E+02  6.6827530504E+00  0.0000000000E+00      -2.0300909007E+05  9.1368987128E-02
| Global minimum convergence, d_xhat d_muhat:
  2.1791750175E+02  4.4977804064E-01

| GP model hyperparameters (lengthscales W kappa):
  4.7821847546E-01  4.8865139029E-01  5.6385720069E+00  5.6385138475E+00  5.6405648700E+00  5.6404794691E+00  0.0000000000E+00  0.0000000000E+00
| Next sampling location (x_next, i_next):
  2.8769443797E+02  1.8714968514E+02  0.0000000000E+00

Iteration time [s]:   25.248        Total time [s]:   63.308

--------------------------------------------------------------------------------
                                 BO ITERATION 3                                 
--------------------------------------------------------------------------------
| Evaluating objective function at 2.877E+02 1.871E+02 0.000E+00
| Objective function evaluated, time [s]       23.103
| Data point added to dataset (x i y): 
  2.8769443797E+02  1.8714968514E+02  0.0000000000E+00      -2.0300799716E+05

| Total ensemble size: 35
| Best acquisition, x_best i_best y_best:
  1.9338575133E+02  1.7259094203E+00  0.0000000000E+00      -2.0300891237E+05
| Global minimum prediction, x_hat mu_hat +- nu_hat:
  5.8905844781E+01  1.7868262438E+02  0.0000000000E+00      -2.0301315558E+05  4.4941740822E-02
| Global minimum convergence, d_xhat d_muhat:
  2.1654585131E+02  2.0589745620E-01

| GP model hyperparameters (lengthscales W kappa):
  4.6070959947E-01  4.7606401201E-01  6.8187201483E+00  6.8187241751E+00  5.2500955142E+00  5.2500977607E+00  0.0000000000E+00  0.0000000000E+00
| Next sampling location (x_next, i_next):
  4.9702918702E+01  1.3673921953E+02  0.0000000000E+00

Iteration time [s]:   24.276        Total time [s]:   87.584

--------------------------------------------------------------------------------
                                 BO ITERATION 4                                 
--------------------------------------------------------------------------------
| Evaluating objective function at 4.970E+01 1.367E+02 0.000E+00
| Objective function evaluated, time [s]       21.954
| Data point added to dataset (x i y): 
  4.9702918702E+01  1.3673921953E+02  0.0000000000E+00      -2.0300083770E+05

| Total ensemble size: 36
| Best acquisition, x_best i_best y_best:
  1.9338575133E+02  1.7259094203E+00  0.0000000000E+00      -2.0300891237E+05
| Global minimum prediction, x_hat mu_hat +- nu_hat:
  6.3964660955E+01  1.8564004716E+02  0.0000000000E+00      -2.0301405489E+05  3.8540387201E-01
| Global minimum convergence, d_xhat d_muhat:
  8.6021714006E+00  4.5545746100E-02

| GP model hyperparameters (lengthscales W kappa):
  4.5317848308E-01  4.4039852871E-01  6.6458756005E+00  6.6458898736E+00  4.9785845273E+00  4.9785895980E+00  0.0000000000E+00  0.0000000000E+00
| Next sampling location (x_next, i_next):
  9.6058812858E+01  2.0812629658E+02  0.0000000000E+00

Iteration time [s]:   23.362        Total time [s]:  110.947

--------------------------------------------------------------------------------
                                 BO ITERATION 5                                 
--------------------------------------------------------------------------------
| Evaluating objective function at 9.606E+01 2.081E+02 0.000E+00
| Objective function evaluated, time [s]       22.184
| Data point added to dataset (x i y): 
  9.6058812858E+01  2.0812629658E+02  0.0000000000E+00      -2.0300434206E+05

| Total ensemble size: 37
| Best acquisition, x_best i_best y_best:
  1.9338575133E+02  1.7259094203E+00  0.0000000000E+00      -2.0300891237E+05
| Global minimum prediction, x_hat mu_hat +- nu_hat:
  5.8939170549E+01  1.8061304315E+02  0.0000000000E+00      -2.0301537750E+05  5.6706607117E-05
| Global minimum convergence, d_xhat d_muhat:
  7.1081870462E+00  6.5609635986E-02

| GP model hyperparameters (lengthscales W kappa):
  4.3430013473E-01  4.1081467910E-01  6.7142872561E+00  6.7142924924E+00  4.7382684294E+00  4.7382755185E+00  0.0000000000E+00  0.0000000000E+00
| Next sampling location (x_next, i_next):
 -2.7553815951E+01  1.5852308817E+02  0.0000000000E+00

Iteration time [s]:   23.528        Total time [s]:  134.475

--------------------------------------------------------------------------------
                                 BO ITERATION 6                                 
--------------------------------------------------------------------------------
| Evaluating objective function at -2.755E+01 1.585E+02 0.000E+00
| Objective function evaluated, time [s]       23.866
| Data point added to dataset (x i y): 
 -2.7553815951E+01  1.5852308817E+02  0.0000000000E+00      -2.0300585710E+05

| Total ensemble size: 38
| Best acquisition, x_best i_best y_best:
  1.9338575133E+02  1.7259094203E+00  0.0000000000E+00      -2.0300891237E+05
| Global minimum prediction, x_hat mu_hat +- nu_hat:
  5.6471472082E+01  1.8420802866E+02  0.0000000000E+00      -2.0300931035E+05  3.6669253196E+00
| Global minimum convergence, d_xhat d_muhat:
  4.3604422381E+00  2.9070276237E-01

| GP model hyperparameters (lengthscales W kappa):
  4.8129636466E-01  5.2379874490E-01  5.1673318164E+00  6.9349155371E+00  6.6533377070E+00  4.8857977843E+00  0.0000000000E+00  0.0000000000E+00
| Next sampling location (x_next, i_next):
  2.7395908018E+02  9.4493595439E-01  0.0000000000E+00

Iteration time [s]:   25.170        Total time [s]:  159.646

--------------------------------------------------------------------------------
                                 BO ITERATION 7                                 
--------------------------------------------------------------------------------
| Evaluating objective function at 2.740E+02 9.449E-01 0.000E+00
| Objective function evaluated, time [s]       23.127
| Data point added to dataset (x i y): 
  2.7395908018E+02  9.4493595439E-01  0.0000000000E+00      -2.0301017080E+05

| Total ensemble size: 39
| Best acquisition, x_best i_best y_best:
  2.7395908018E+02  9.4493595439E-01  0.0000000000E+00      -2.0301017080E+05
| Global minimum prediction, x_hat mu_hat +- nu_hat:
  2.7834759409E+02 -5.9078475481E+00  0.0000000000E+00      -2.0301041862E+05  2.6313055807E-01
| Global minimum convergence, d_xhat d_muhat:
  2.9218668673E+02  5.0597511299E-02

| GP model hyperparameters (lengthscales W kappa):
  4.8861939078E-01  5.4105089022E-01  5.0262687463E+00  7.0710433084E+00  6.9989411595E+00  4.9541772273E+00  0.0000000000E+00  0.0000000000E+00
| Next sampling location (x_next, i_next):
  1.6936291017E+01  2.0586494713E+02  0.0000000000E+00

Iteration time [s]:   24.489        Total time [s]:  184.136

--------------------------------------------------------------------------------
                                 BO ITERATION 8                                 
--------------------------------------------------------------------------------
| Evaluating objective function at 1.694E+01 2.059E+02 0.000E+00
| Objective function evaluated, time [s]       23.148
| Data point added to dataset (x i y): 
  1.6936291017E+01  2.0586494713E+02  0.0000000000E+00      -2.0300502242E+05

| Total ensemble size: 40
| Best acquisition, x_best i_best y_best:
  2.7395908018E+02  9.4493595439E-01  0.0000000000E+00      -2.0301017080E+05
| Global minimum prediction, x_hat mu_hat +- nu_hat:
  2.7806941709E+02 -5.5669288004E+00  0.0000000000E+00      -2.0301038731E+05  2.2256906177E-01
| Global minimum convergence, d_xhat d_muhat:
  4.4000912769E-01  1.4093871970E-03

| GP model hyperparameters (lengthscales W kappa):
  4.9890319214E-01  5.6628207505E-01  7.1568354415E+00  4.9821748229E+00  5.1591121167E+00  7.3336697925E+00  0.0000000000E+00  0.0000000000E+00
| Next sampling location (x_next, i_next):
  1.6435542744E+02  1.7517322380E+02  0.0000000000E+00

Iteration time [s]:   24.343        Total time [s]:  208.480

--------------------------------------------------------------------------------
                                 BO ITERATION 9                                 
--------------------------------------------------------------------------------
| Evaluating objective function at 1.644E+02 1.752E+02 0.000E+00
| Objective function evaluated, time [s]       21.821
| Data point added to dataset (x i y): 
  1.6435542744E+02  1.7517322380E+02  0.0000000000E+00      -2.0300785434E+05

| Total ensemble size: 41
| Best acquisition, x_best i_best y_best:
  2.7395908018E+02  9.4493595439E-01  0.0000000000E+00      -2.0301017080E+05
| Global minimum prediction, x_hat mu_hat +- nu_hat:
  2.7825519522E+02 -5.6360046642E+00  0.0000000000E+00      -2.0301038882E+05  2.2283816595E-01
| Global minimum convergence, d_xhat d_muhat:
  1.9820440557E-01  6.6638021126E-05

| GP model hyperparameters (lengthscales W kappa):
  5.0657814166E-01  5.8135361228E-01  5.0498958429E+00  7.2671203149E+00  7.5614446811E+00  5.3439935570E+00  0.0000000000E+00  0.0000000000E+00
| Next sampling location (x_next, i_next):
  3.0630944942E+02 -3.3421672095E+01  0.0000000000E+00

Iteration time [s]:   23.030        Total time [s]:  231.510

--------------------------------------------------------------------------------
                                BO ITERATION 10                                 
--------------------------------------------------------------------------------
| Evaluating objective function at 3.063E+02 -3.342E+01 0.000E+00
| Objective function evaluated, time [s]       23.603
| Data point added to dataset (x i y): 
  3.0630944942E+02 -3.3421672095E+01  0.0000000000E+00      -2.0300374670E+05

| Total ensemble size: 42
| Best acquisition, x_best i_best y_best:
  2.7395908018E+02  9.4493595439E-01  0.0000000000E+00      -2.0301017080E+05
| Global minimum prediction, x_hat mu_hat +- nu_hat:
  2.7419214919E+02 -1.7312660209E+00  0.0000000000E+00      -2.0301020784E+05  1.0970353591E-02
| Global minimum convergence, d_xhat d_muhat:
  5.6351865019E+00  7.9338075079E-03

| GP model hyperparameters (lengthscales W kappa):
  5.1482663426E-01  5.9786757645E-01  7.4720823961E+00  5.2619348067E+00  5.5426638600E+00  7.7529175495E+00  0.0000000000E+00  0.0000000000E+00
| Next sampling location (x_next, i_next):
  1.1954392235E+02  1.6869257175E+02  0.0000000000E+00

Iteration time [s]:   24.936        Total time [s]:  256.447

--------------------------------------------------------------------------------
                                BO ITERATION 11                                 
--------------------------------------------------------------------------------
| Evaluating objective function at 1.195E+02 1.687E+02 0.000E+00
| Objective function evaluated, time [s]       23.129
| Data point added to dataset (x i y): 
  1.1954392235E+02  1.6869257175E+02  0.0000000000E+00      -2.0300723852E+05

| Total ensemble size: 43
| Best acquisition, x_best i_best y_best:
  2.7395908018E+02  9.4493595439E-01  0.0000000000E+00      -2.0301017080E+05
| Global minimum prediction, x_hat mu_hat +- nu_hat:
  2.7416570373E+02 -1.6460332691E+00  0.0000000000E+00      -2.0301020494E+05  9.5527183762E-03
| Global minimum convergence, d_xhat d_muhat:
  8.9241158315E-02  1.2491829137E-04

| GP model hyperparameters (lengthscales W kappa):
  5.2608927794E-01  6.1792239162E-01  7.6516750028E+00  5.3928473131E+00  5.7850058814E+00  8.0439248537E+00  0.0000000000E+00  0.0000000000E+00
| Next sampling location (x_next, i_next):
  1.8689587621E+02  3.1429131714E+01  0.0000000000E+00

Iteration time [s]:   24.564        Total time [s]:  281.012

--------------------------------------------------------------------------------
                                BO ITERATION 12                                 
--------------------------------------------------------------------------------
| Evaluating objective function at 1.869E+02 3.143E+01 0.000E+00
| Objective function evaluated, time [s]       23.164
| Data point added to dataset (x i y): 
  1.8689587621E+02  3.1429131714E+01  0.0000000000E+00      -2.0300612192E+05

| Total ensemble size: 44
| Best acquisition, x_best i_best y_best:
  2.7395908018E+02  9.4493595439E-01  0.0000000000E+00      -2.0301017080E+05
| Global minimum prediction, x_hat mu_hat +- nu_hat:
  2.7420789378E+02 -1.9365388884E+00  0.0000000000E+00      -2.0301021260E+05  1.0069646362E-02
| Global minimum convergence, d_xhat d_muhat:
  2.9355325766E-01  3.2768065758E-04

| GP model hyperparameters (lengthscales W kappa):
  5.3439647358E-01  6.4118166113E-01  5.5530139094E+00  7.8269537929E+00  8.3283843669E+00  6.0568015259E+00  0.0000000000E+00  0.0000000000E+00
| Next sampling location (x_next, i_next):
 -4.4897774263E+01  2.0986960693E+02  0.0000000000E+00

Iteration time [s]:   24.704        Total time [s]:  305.717

--------------------------------------------------------------------------------
                                BO ITERATION 13                                 
--------------------------------------------------------------------------------
| Evaluating objective function at -4.490E+01 2.099E+02 0.000E+00
| Objective function evaluated, time [s]       21.861
| Data point added to dataset (x i y): 
 -4.4897774263E+01  2.0986960693E+02  0.0000000000E+00      -2.0300396346E+05

| Total ensemble size: 45
| Best acquisition, x_best i_best y_best:
  2.7395908018E+02  9.4493595439E-01  0.0000000000E+00      -2.0301017080E+05
| Global minimum prediction, x_hat mu_hat +- nu_hat:
  2.7468842873E+02 -2.1319363519E+00  0.0000000000E+00      -2.0301021884E+05  1.1068351409E-02
| Global minimum convergence, d_xhat d_muhat:
  5.1874271781E-01  2.6648611499E-04

| GP model hyperparameters (lengthscales W kappa):
  5.4004763885E-01  6.3686047462E-01  8.0305259679E+00  5.8083820558E+00  6.1630312698E+00  8.3875912037E+00  0.0000000000E+00  0.0000000000E+00
| Next sampling location (x_next, i_next):
  2.5209477405E+02  1.6690166515E+02  0.0000000000E+00

Iteration time [s]:   23.315        Total time [s]:  329.032

--------------------------------------------------------------------------------
                                BO ITERATION 14                                 
--------------------------------------------------------------------------------
| Evaluating objective function at 2.521E+02 1.669E+02 0.000E+00
| Objective function evaluated, time [s]       21.752
| Data point added to dataset (x i y): 
  2.5209477405E+02  1.6690166515E+02  0.0000000000E+00      -2.0300599086E+05

| Total ensemble size: 46
| Best acquisition, x_best i_best y_best:
  2.7395908018E+02  9.4493595439E-01  0.0000000000E+00      -2.0301017080E+05
| Global minimum prediction, x_hat mu_hat +- nu_hat:
  2.7427225545E+02 -1.7919193675E+00  0.0000000000E+00      -2.0301020860E+05  8.4511936887E-03
| Global minimum convergence, d_xhat d_muhat:
  5.3741208569E-01  4.3445798304E-04

| GP model hyperparameters (lengthscales W kappa):
  5.4767842499E-01  6.4283429533E-01  8.0382228210E+00  5.7800171982E+00  6.2605513145E+00  8.5186854027E+00  0.0000000000E+00  0.0000000000E+00
| Next sampling location (x_next, i_next):
  6.2835297082E+01  1.8124301657E+02  0.0000000000E+00

Iteration time [s]:   23.382        Total time [s]:  352.414

--------------------------------------------------------------------------------
                                BO ITERATION 15                                 
--------------------------------------------------------------------------------
| Evaluating objective function at 6.284E+01 1.812E+02 0.000E+00
| Objective function evaluated, time [s]       23.173
| Data point added to dataset (x i y): 
  6.2835297082E+01  1.8124301657E+02  0.0000000000E+00      -2.0300963140E+05

| Total ensemble size: 47
| Best acquisition, x_best i_best y_best:
  2.7395908018E+02  9.4493595439E-01  0.0000000000E+00      -2.0301017080E+05
| Global minimum prediction, x_hat mu_hat +- nu_hat:
  2.7430851888E+02 -2.0496791226E+00  0.0000000000E+00      -2.0301021784E+05  1.0607175345E-02
| Global minimum convergence, d_xhat d_muhat:
  2.6029815254E-01  3.8623965700E-04

| GP model hyperparameters (lengthscales W kappa):
  5.5264975846E-01  6.4027638135E-01  8.4095198886E+00  6.1711991401E+00  6.2982017119E+00  8.5365134792E+00  0.0000000000E+00  0.0000000000E+00
| Next sampling location (x_next, i_next):
  2.4220093813E+02  2.6668008854E+00  0.0000000000E+00

Iteration time [s]:   24.835        Total time [s]:  377.250

--------------------------------------------------------------------------------
                                BO ITERATION 16                                 
--------------------------------------------------------------------------------
| Evaluating objective function at 2.422E+02 2.667E+00 0.000E+00
| Objective function evaluated, time [s]       23.194
| Data point added to dataset (x i y): 
  2.4220093813E+02  2.6668008854E+00  0.0000000000E+00      -2.0301226851E+05

| Total ensemble size: 48
| Best acquisition, x_best i_best y_best:
  2.4220093813E+02  2.6668008854E+00  0.0000000000E+00      -2.0301226851E+05
| Global minimum prediction, x_hat mu_hat +- nu_hat:
  2.4116705210E+02  2.7165370495E+00  0.0000000000E+00      -2.0301227057E+05  9.3255300913E-04
| Global minimum convergence, d_xhat d_muhat:
  3.3482437739E+01  8.4179380090E-02

| GP model hyperparameters (lengthscales W kappa):
  4.8282312176E-01  5.4690270837E-01  4.2095100543E+00  7.2728137615E+00  7.5026328864E+00  4.4378775013E+00  0.0000000000E+00  0.0000000000E+00
| Next sampling location (x_next, i_next):
  2.5230930106E+02 -1.6876574578E+01  0.0000000000E+00

Iteration time [s]:   24.898        Total time [s]:  402.149

--------------------------------------------------------------------------------
                                BO ITERATION 17                                 
--------------------------------------------------------------------------------
| Evaluating objective function at 2.523E+02 -1.688E+01 0.000E+00
| Objective function evaluated, time [s]       23.148
| Data point added to dataset (x i y): 
  2.5230930106E+02 -1.6876574578E+01  0.0000000000E+00      -2.0301044298E+05

| Total ensemble size: 49
| Best acquisition, x_best i_best y_best:
  2.4220093813E+02  2.6668008854E+00  0.0000000000E+00      -2.0301226851E+05
| Global minimum prediction, x_hat mu_hat +- nu_hat:
  2.4157397966E+02  1.9607963345E+00  0.0000000000E+00      -2.0301227276E+05  8.5298975737E-04
| Global minimum convergence, d_xhat d_muhat:
  8.5833214258E-01  8.8651300698E-05

| GP model hyperparameters (lengthscales W kappa):
  4.9051964632E-01  5.6658630459E-01  4.3764632540E+00  7.4481038220E+00  7.7646139410E+00  4.6929527667E+00  0.0000000000E+00  0.0000000000E+00
| Next sampling location (x_next, i_next):
  2.2288238742E+02  9.1892422014E-01  0.0000000000E+00

Iteration time [s]:   24.767        Total time [s]:  426.916

--------------------------------------------------------------------------------
                                BO ITERATION 18                                 
--------------------------------------------------------------------------------
| Evaluating objective function at 2.229E+02 9.189E-01 0.000E+00
| Objective function evaluated, time [s]       23.565
| Data point added to dataset (x i y): 
  2.2288238742E+02  9.1892422014E-01  0.0000000000E+00      -2.0301203950E+05

| Total ensemble size: 50
| Best acquisition, x_best i_best y_best:
  2.4220093813E+02  2.6668008854E+00  0.0000000000E+00      -2.0301226851E+05
| Global minimum prediction, x_hat mu_hat +- nu_hat:
  2.3525789149E+02  2.0671449461E+00  0.0000000000E+00      -2.0301235942E+05  1.1312817246E-03
| Global minimum convergence, d_xhat d_muhat:
  6.3169834423E+00  3.4564998086E-03

| GP model hyperparameters (lengthscales W kappa):
  4.9803285047E-01  5.7724447045E-01  4.2742444584E+00  7.5352650346E+00  7.9841610488E+00  4.7230850030E+00  0.0000000000E+00  0.0000000000E+00
| Next sampling location (x_next, i_next):
  2.9410580515E+02  1.4288922854E+02  0.0000000000E+00

Iteration time [s]:   25.207        Total time [s]:  452.123

--------------------------------------------------------------------------------
                                BO ITERATION 19                                 
--------------------------------------------------------------------------------
| Evaluating objective function at 2.941E+02 1.429E+02 0.000E+00
| Objective function evaluated, time [s]       24.028
| Data point added to dataset (x i y): 
  2.9410580515E+02  1.4288922854E+02  0.0000000000E+00      -2.0300197940E+05

| Total ensemble size: 51
| Best acquisition, x_best i_best y_best:
  2.4220093813E+02  2.6668008854E+00  0.0000000000E+00      -2.0301226851E+05
| Global minimum prediction, x_hat mu_hat +- nu_hat:
  2.3552043133E+02  1.5614592570E+00  0.0000000000E+00      -2.0301236619E+05  1.4237746835E-03
| Global minimum convergence, d_xhat d_muhat:
  5.6977643427E-01  2.7166896646E-04

| GP model hyperparameters (lengthscales W kappa):
  4.9936766402E-01  5.6397560762E-01  7.7984986669E+00  4.7085527145E+00  4.7409385101E+00  7.8310246369E+00  0.0000000000E+00  0.0000000000E+00
| Next sampling location (x_next, i_next):
  2.3449212677E+02 -4.0965024608E+00  0.0000000000E+00

Iteration time [s]:   26.021        Total time [s]:  478.145

--------------------------------------------------------------------------------
                                BO ITERATION 20                                 
--------------------------------------------------------------------------------
| Evaluating objective function at 2.345E+02 -4.097E+00 0.000E+00
| Objective function evaluated, time [s]       23.231
| Data point added to dataset (x i y): 
  2.3449212677E+02 -4.0965024608E+00  0.0000000000E+00      -2.0301208591E+05

| Total ensemble size: 52
| Best acquisition, x_best i_best y_best:
  2.4220093813E+02  2.6668008854E+00  0.0000000000E+00      -2.0301226851E+05
| Global minimum prediction, x_hat mu_hat +- nu_hat:
  2.3497317556E+02  2.5572547898E+00  0.0000000000E+00      -2.0301235483E+05  1.0426206638E-03
| Global minimum convergence, d_xhat d_muhat:
  1.1362647691E+00  4.4994543523E-04

| GP model hyperparameters (lengthscales W kappa):
  5.1504703483E-01  5.7769844578E-01  4.7298066138E+00  8.0045504795E+00  8.1541397971E+00  4.8796434266E+00  0.0000000000E+00  0.0000000000E+00
| Next sampling location (x_next, i_next):
  2.3211582711E+02  6.1258822175E+00  0.0000000000E+00

Iteration time [s]:   25.231        Total time [s]:  503.377

--------------------------------------------------------------------------------
                                BO ITERATION 21                                 
--------------------------------------------------------------------------------
| Evaluating objective function at 2.321E+02 6.126E+00 0.000E+00
| Objective function evaluated, time [s]       23.182
| Data point added to dataset (x i y): 
  2.3211582711E+02  6.1258822175E+00  0.0000000000E+00      -2.0301219032E+05

| Total ensemble size: 53
| Best acquisition, x_best i_best y_best:
  2.4220093813E+02  2.6668008854E+00  0.0000000000E+00      -2.0301226851E+05
| Global minimum prediction, x_hat mu_hat +- nu_hat:
  2.3700240118E+02  1.4644649740E+00  0.0000000000E+00      -2.0301232354E+05  3.1921967852E-04
| Global minimum convergence, d_xhat d_muhat:
  2.3047659780E+00  1.2244787687E-03

| GP model hyperparameters (lengthscales W kappa):
  5.2007686590E-01  5.7648239697E-01  4.8896387527E+00  8.3299212581E+00  8.1801003344E+00  4.7396680171E+00  0.0000000000E+00  0.0000000000E+00
| Next sampling location (x_next, i_next):
  2.0329432667E+02  1.8032146768E+02  0.0000000000E+00

Iteration time [s]:   25.295        Total time [s]:  528.672

--------------------------------------------------------------------------------
                                BO ITERATION 22                                 
--------------------------------------------------------------------------------
| Evaluating objective function at 2.033E+02 1.803E+02 0.000E+00
| Objective function evaluated, time [s]       22.801
| Data point added to dataset (x i y): 
  2.0329432667E+02  1.8032146768E+02  0.0000000000E+00      -2.0300750108E+05

| Total ensemble size: 54
| Best acquisition, x_best i_best y_best:
  2.4220093813E+02  2.6668008854E+00  0.0000000000E+00      -2.0301226851E+05
| Global minimum prediction, x_hat mu_hat +- nu_hat:
  2.3706248257E+02  1.4367809649E+00  0.0000000000E+00      -2.0301232383E+05  3.0407633395E-04
| Global minimum convergence, d_xhat d_muhat:
  6.6152679901E-02  1.1191170867E-05

| GP model hyperparameters (lengthscales W kappa):
  5.3014757772E-01  5.8917739014E-01  8.5658140888E+00  5.0479841129E+00  4.8737780806E+00  8.3916593544E+00  0.0000000000E+00  0.0000000000E+00
| Next sampling location (x_next, i_next):
  4.1674406965E+01  1.5777716356E+01  0.0000000000E+00

Iteration time [s]:   24.563        Total time [s]:  553.235

--------------------------------------------------------------------------------
                                BO ITERATION 23                                 
--------------------------------------------------------------------------------
| Evaluating objective function at 4.167E+01 1.578E+01 0.000E+00
| Objective function evaluated, time [s]       23.896
| Data point added to dataset (x i y): 
  4.1674406965E+01  1.5777716356E+01  0.0000000000E+00      -2.0300226736E+05

| Total ensemble size: 55
| Best acquisition, x_best i_best y_best:
  2.4220093813E+02  2.6668008854E+00  0.0000000000E+00      -2.0301226851E+05
| Global minimum prediction, x_hat mu_hat +- nu_hat:
  2.3708607041E+02  1.4156748753E+00  0.0000000000E+00      -2.0301232467E+05  3.0765745216E-04
| Global minimum convergence, d_xhat d_muhat:
  3.1652067216E-02  3.2814987086E-05

| GP model hyperparameters (lengthscales W kappa):
  5.2601167887E-01  5.8609654692E-01  5.1682999447E+00  8.5423867837E+00  8.2477344257E+00  4.8734753470E+00  0.0000000000E+00  0.0000000000E+00
| Next sampling location (x_next, i_next):
  1.9131565263E+02  1.4738649198E+02  0.0000000000E+00

Iteration time [s]:   25.782        Total time [s]:  579.018

--------------------------------------------------------------------------------
                                BO ITERATION 24                                 
--------------------------------------------------------------------------------
| Evaluating objective function at 1.913E+02 1.474E+02 0.000E+00
| Objective function evaluated, time [s]       21.879
| Data point added to dataset (x i y): 
  1.9131565263E+02  1.4738649198E+02  0.0000000000E+00      -2.0300253485E+05

| Total ensemble size: 56
| Best acquisition, x_best i_best y_best:
  2.4220093813E+02  2.6668008854E+00  0.0000000000E+00      -2.0301226851E+05
| Global minimum prediction, x_hat mu_hat +- nu_hat:
  2.3707468159E+02  1.3543811055E+00  0.0000000000E+00      -2.0301232856E+05  3.2324669882E-04
| Global minimum convergence, d_xhat d_muhat:
  6.2342854586E-02  1.5339905761E-04

| GP model hyperparameters (lengthscales W kappa):
  5.3034209110E-01  5.8229801184E-01  5.3861691164E+00  8.6713579614E+00  8.2112927047E+00  4.9259531224E+00  0.0000000000E+00  0.0000000000E+00
| Next sampling location (x_next, i_next):
  2.3797362733E+02  4.0894448763E-01  0.0000000000E+00

Iteration time [s]:   24.033        Total time [s]:  603.052

--------------------------------------------------------------------------------
                                BO ITERATION 25                                 
--------------------------------------------------------------------------------
| Evaluating objective function at 2.380E+02 4.089E-01 0.000E+00
| Objective function evaluated, time [s]       23.248
| Data point added to dataset (x i y): 
  2.3797362733E+02  4.0894448763E-01  0.0000000000E+00      -2.0301237296E+05

| Total ensemble size: 57
| Best acquisition, x_best i_best y_best:
  2.3797362733E+02  4.0894448763E-01  0.0000000000E+00      -2.0301237296E+05
| Global minimum prediction, x_hat mu_hat +- nu_hat:
  2.3737074870E+02  7.9656866449E-01  0.0000000000E+00      -2.0301237390E+05  1.1030595938E-06
| Global minimum convergence, d_xhat d_muhat:
  6.3151441635E-01  1.7681365386E-03

| GP model hyperparameters (lengthscales W kappa):
  5.3567521849E-01  5.4109174197E-01  8.8734934496E+00  5.6198825008E+00  4.5622920386E+00  7.8159254707E+00  0.0000000000E+00  0.0000000000E+00
| Next sampling location (x_next, i_next):
  2.5797607049E+01  1.7456546076E+02  0.0000000000E+00

Iteration time [s]:   25.464        Total time [s]:  628.516

--------------------------------------------------------------------------------
                                BO ITERATION 26                                 
--------------------------------------------------------------------------------
| Evaluating objective function at 2.580E+01 1.746E+02 0.000E+00
| Objective function evaluated, time [s]       23.180
| Data point added to dataset (x i y): 
  2.5797607049E+01  1.7456546076E+02  0.0000000000E+00      -2.0300845393E+05

| Total ensemble size: 58
| Best acquisition, x_best i_best y_best:
  2.3797362733E+02  4.0894448763E-01  0.0000000000E+00      -2.0301237296E+05
| Global minimum prediction, x_hat mu_hat +- nu_hat:
  2.3739071673E+02  7.8976817600E-01  0.0000000000E+00      -2.0301237386E+05  9.9891138019E-07
| Global minimum convergence, d_xhat d_muhat:
  2.1094285907E-02  1.4162295754E-06

| GP model hyperparameters (lengthscales W kappa):
  5.4222145290E-01  5.4103434205E-01  5.6124725084E+00  8.8708781171E+00  7.9023283701E+00  4.6431916938E+00  0.0000000000E+00  0.0000000000E+00
| Next sampling location (x_next, i_next):
  2.3592805715E+02  1.2772803642E+00  0.0000000000E+00

Iteration time [s]:   25.480        Total time [s]:  653.996

--------------------------------------------------------------------------------
                                BO ITERATION 27                                 
--------------------------------------------------------------------------------
| Evaluating objective function at 2.359E+02 1.277E+00 0.000E+00
| Objective function evaluated, time [s]       23.450
| Acquisition location too confident, doing pure exploration
| Data point added to dataset (x i y): 
  2.3592805715E+02  1.2772803642E+00  0.0000000000E+00      -2.0301237145E+05

| Total ensemble size: 59
| Best acquisition, x_best i_best y_best:
  2.3797362733E+02  4.0894448763E-01  0.0000000000E+00      -2.0301237296E+05
| Global minimum prediction, x_hat mu_hat +- nu_hat:
  2.3737921909E+02  7.9355603610E-01  0.0000000000E+00      -2.0301237388E+05  1.2170863339E-08
| Global minimum convergence, d_xhat d_muhat:
  1.2105522511E-02  7.9104254818E-07

| GP model hyperparameters (lengthscales W kappa):
  5.5148127733E-01  5.5701618003E-01  9.1629080332E+00  5.8592509312E+00  4.8241210925E+00  8.1317497807E+00  0.0000000000E+00  0.0000000000E+00
| Next sampling location (x_next, i_next):
  1.5696383213E+02  2.7246501006E+02  0.0000000000E+00

Iteration time [s]:   26.046        Total time [s]:  680.043

--------------------------------------------------------------------------------
                                BO ITERATION 28                                 
--------------------------------------------------------------------------------
| Evaluating objective function at 1.570E+02 2.725E+02 0.000E+00
| Objective function evaluated, time [s]       23.131
| Acquisition location too confident, doing pure exploration
| Data point added to dataset (x i y): 
  1.5696383213E+02  2.7246501006E+02  0.0000000000E+00      -2.0298847907E+05

| Total ensemble size: 60
| Best acquisition, x_best i_best y_best:
  2.3797362733E+02  4.0894448763E-01  0.0000000000E+00      -2.0301237296E+05
| Global minimum prediction, x_hat mu_hat +- nu_hat:
  2.3737699532E+02  7.9250581590E-01  0.0000000000E+00      -2.0301237388E+05  1.2052160070E-08
| Global minimum convergence, d_xhat d_muhat:
  2.4592912363E-03  1.9436636057E-07

| GP model hyperparameters (lengthscales W kappa):
  5.4943029442E-01  5.6436872005E-01  5.9472825562E+00  9.1284022596E+00  8.0493095804E+00  4.8683298367E+00  0.0000000000E+00  0.0000000000E+00
| Next sampling location (x_next, i_next):
  8.8063258471E+01  7.6526958396E+01  0.0000000000E+00

Iteration time [s]:   25.945        Total time [s]:  705.989

--------------------------------------------------------------------------------
                                BO ITERATION 29                                 
--------------------------------------------------------------------------------
| Evaluating objective function at 8.806E+01 7.653E+01 0.000E+00
| Objective function evaluated, time [s]       23.826
| Acquisition location too confident, doing pure exploration
| Data point added to dataset (x i y): 
  8.8063258471E+01  7.6526958396E+01  0.0000000000E+00      -2.0298906336E+05

| Total ensemble size: 61
| Best acquisition, x_best i_best y_best:
  2.3797362733E+02  4.0894448763E-01  0.0000000000E+00      -2.0301237296E+05
| Global minimum prediction, x_hat mu_hat +- nu_hat:
  2.3737665080E+02  7.9070509471E-01  0.0000000000E+00      -2.0301237387E+05  1.1913362652E-08
| Global minimum convergence, d_xhat d_muhat:
  1.8333829414E-03  3.8678710684E-07

| GP model hyperparameters (lengthscales W kappa):
  5.4638237250E-01  5.6983747396E-01  6.0354449863E+00  9.0771822011E+00  7.9776408498E+00  4.9355416921E+00  0.0000000000E+00  0.0000000000E+00
| Next sampling location (x_next, i_next):
 -2.5294071360E+01  6.7963554913E+01  0.0000000000E+00

Iteration time [s]:   26.692        Total time [s]:  732.682

--------------------------------------------------------------------------------
                                BO ITERATION 30                                 
--------------------------------------------------------------------------------
| Evaluating objective function at -2.529E+01 6.796E+01 0.000E+00
| Objective function evaluated, time [s]       23.161
| Acquisition location too confident, doing pure exploration
| Data point added to dataset (x i y): 
 -2.5294071360E+01  6.7963554913E+01  0.0000000000E+00      -2.0298916256E+05

| Total ensemble size: 62
| Best acquisition, x_best i_best y_best:
  2.3797362733E+02  4.0894448763E-01  0.0000000000E+00      -2.0301237296E+05
| Global minimum prediction, x_hat mu_hat +- nu_hat:
  2.3737547799E+02  7.9061734690E-01  0.0000000000E+00      -2.0301237387E+05  1.1820295764E-08
| Global minimum convergence, d_xhat d_muhat:
  1.1760843931E-03  4.9178550824E-09

| GP model hyperparameters (lengthscales W kappa):
  5.4205216571E-01  5.6230245855E-01  5.9146232347E+00  8.7863866741E+00  7.8074603506E+00  4.9357190881E+00  0.0000000000E+00  0.0000000000E+00
| Next sampling location (x_next, i_next):
  2.3853175692E+02  9.7741981659E+01  0.0000000000E+00

Iteration time [s]:   25.960        Total time [s]:  758.642

--------------------------------------------------------------------------------
                                BO ITERATION 31                                 
--------------------------------------------------------------------------------
| Evaluating objective function at 2.385E+02 9.774E+01 0.000E+00
| Objective function evaluated, time [s]       22.368
| Acquisition location too confident, doing pure exploration
| Data point added to dataset (x i y): 
  2.3853175692E+02  9.7741981659E+01  0.0000000000E+00      -2.0298885169E+05

| Total ensemble size: 63
| Best acquisition, x_best i_best y_best:
  2.3797362733E+02  4.0894448763E-01  0.0000000000E+00      -2.0301237296E+05
| Global minimum prediction, x_hat mu_hat +- nu_hat:
  2.3737608028E+02  7.9011577575E-01  0.0000000000E+00      -2.0301237386E+05  1.1880663475E-08
| Global minimum convergence, d_xhat d_muhat:
  7.8379057470E-04  1.5324433160E-07

| GP model hyperparameters (lengthscales W kappa):
  5.3841146806E-01  5.6546756587E-01  8.6857292104E+00  5.9405157543E+00  4.9530039747E+00  7.6984962947E+00  0.0000000000E+00  0.0000000000E+00
| Next sampling location (x_next, i_next):
  8.7627369330E+01 -3.5030877106E+01  0.0000000000E+00

Iteration time [s]:   25.337        Total time [s]:  783.980

--------------------------------------------------------------------------------
                                BO ITERATION 32                                 
--------------------------------------------------------------------------------
| Evaluating objective function at 8.763E+01 -3.503E+01 0.000E+00
| Objective function evaluated, time [s]       23.143
| Acquisition location too confident, doing pure exploration
| Data point added to dataset (x i y): 
  8.7627369330E+01 -3.5030877106E+01  0.0000000000E+00      -2.0299879449E+05

| Total ensemble size: 64
| Best acquisition, x_best i_best y_best:
  2.3797362733E+02  4.0894448763E-01  0.0000000000E+00      -2.0301237296E+05
| Global minimum prediction, x_hat mu_hat +- nu_hat:
  2.3737575534E+02  7.8735257842E-01  0.0000000000E+00      -2.0301237385E+05  1.4419247929E-08
| Global minimum convergence, d_xhat d_muhat:
  2.7822375622E-03  5.4933199731E-07

| GP model hyperparameters (lengthscales W kappa):
  5.1127879737E-01  5.2299340499E-01  5.5153951474E+00  8.1590020462E+00  7.2718840474E+00  4.6287379957E+00  0.0000000000E+00  0.0000000000E+00
| Next sampling location (x_next, i_next):
 -1.4531970953E+01  2.6933774592E+02  0.0000000000E+00

Iteration time [s]:   26.620        Total time [s]:  810.600

--------------------------------------------------------------------------------
                                BO ITERATION 33                                 
--------------------------------------------------------------------------------
| Evaluating objective function at -1.453E+01 2.693E+02 0.000E+00
| Objective function evaluated, time [s]       23.958
| Acquisition location too confident, doing pure exploration
| Data point added to dataset (x i y): 
 -1.4531970953E+01  2.6933774592E+02  0.0000000000E+00      -2.0299059739E+05

| Total ensemble size: 65
| Best acquisition, x_best i_best y_best:
  2.3797362733E+02  4.0894448763E-01  0.0000000000E+00      -2.0301237296E+05
| Global minimum prediction, x_hat mu_hat +- nu_hat:
  2.3737763958E+02  7.9028349970E-01  0.0000000000E+00      -2.0301237386E+05  1.4284060068E-08
| Global minimum convergence, d_xhat d_muhat:
  3.4843454916E-03  5.4741725776E-07

| GP model hyperparameters (lengthscales W kappa):
  5.1177254194E-01  5.2855243074E-01  8.2244431476E+00  5.6232899677E+00  4.6309186862E+00  7.2330632070E+00  0.0000000000E+00  0.0000000000E+00
| Next sampling location (x_next, i_next):
  3.0945574629E+01  3.0629740079E+02  0.0000000000E+00

Iteration time [s]:   27.269        Total time [s]:  837.869

--------------------------------------------------------------------------------
                                BO ITERATION 34                                 
--------------------------------------------------------------------------------
| Evaluating objective function at 3.095E+01 3.063E+02 0.000E+00
| Objective function evaluated, time [s]       23.274
| Acquisition location too confident, doing pure exploration
| Data point added to dataset (x i y): 
  3.0945574629E+01  3.0629740079E+02  0.0000000000E+00      -2.0299122876E+05

| Total ensemble size: 66
| Best acquisition, x_best i_best y_best:
  2.3797362733E+02  4.0894448763E-01  0.0000000000E+00      -2.0301237296E+05
| Global minimum prediction, x_hat mu_hat +- nu_hat:
  2.3737705911E+02  7.8877267068E-01  0.0000000000E+00      -2.0301237385E+05  1.4782761593E-08
| Global minimum convergence, d_xhat d_muhat:
  1.6185052736E-03  3.5115639604E-07

| GP model hyperparameters (lengthscales W kappa):
  5.0682781670E-01  5.3392125001E-01  5.7636739607E+00  8.2743921385E+00  7.1614329185E+00  4.6507582611E+00  0.0000000000E+00  0.0000000000E+00
| Next sampling location (x_next, i_next):
  8.3445079852E+00  1.0740627906E+02  0.0000000000E+00

Iteration time [s]:   26.674        Total time [s]:  864.544

--------------------------------------------------------------------------------
                                BO ITERATION 35                                 
--------------------------------------------------------------------------------
| Evaluating objective function at 8.345E+00 1.074E+02 0.000E+00
| Objective function evaluated, time [s]       23.062
| Acquisition location too confident, doing pure exploration
| Data point added to dataset (x i y): 
  8.3445079852E+00  1.0740627906E+02  0.0000000000E+00      -2.0299189248E+05

| Total ensemble size: 67
| Best acquisition, x_best i_best y_best:
  2.3797362733E+02  4.0894448763E-01  0.0000000000E+00      -2.0301237296E+05
| Global minimum prediction, x_hat mu_hat +- nu_hat:
  2.3737743839E+02  7.8833024591E-01  0.0000000000E+00      -2.0301237385E+05  1.4730124587E-08
| Global minimum convergence, d_xhat d_muhat:
  5.8274799268E-04  1.2754992743E-07

| GP model hyperparameters (lengthscales W kappa):
  5.0561562956E-01  5.3296371146E-01  8.1912313892E+00  5.7604612283E+00  4.6643353749E+00  7.0953462775E+00  0.0000000000E+00  0.0000000000E+00
| Next sampling location (x_next, i_next):
  1.3807057948E+02 -3.2130925013E+01  0.0000000000E+00

Iteration time [s]:   26.416        Total time [s]:  890.961

--------------------------------------------------------------------------------
                                BO ITERATION 36                                 
--------------------------------------------------------------------------------
| Evaluating objective function at 1.381E+02 -3.213E+01 0.000E+00
| Objective function evaluated, time [s]       24.122
| Acquisition location too confident, doing pure exploration
| Data point added to dataset (x i y): 
  1.3807057948E+02 -3.2130925013E+01  0.0000000000E+00      -2.0299201371E+05

| Total ensemble size: 68
| Best acquisition, x_best i_best y_best:
  2.3797362733E+02  4.0894448763E-01  0.0000000000E+00      -2.0301237296E+05
| Global minimum prediction, x_hat mu_hat +- nu_hat:
  2.3737696286E+02  7.8993276083E-01  0.0000000000E+00      -2.0301237386E+05  1.3390495734E-08
| Global minimum convergence, d_xhat d_muhat:
  1.6715817004E-03  3.8448410653E-07

| GP model hyperparameters (lengthscales W kappa):
  5.0814901194E-01  5.3413992964E-01  5.7641677750E+00  8.1507393413E+00  7.0839714912E+00  4.6973945613E+00  0.0000000000E+00  0.0000000000E+00
| Next sampling location (x_next, i_next):
  1.1745806210E+02  2.5823832862E+02  0.0000000000E+00

Iteration time [s]:   27.486        Total time [s]:  918.447

--------------------------------------------------------------------------------
                                BO ITERATION 37                                 
--------------------------------------------------------------------------------
| Evaluating objective function at 1.175E+02 2.582E+02 0.000E+00
| Objective function evaluated, time [s]       23.150
| Acquisition location too confident, doing pure exploration
| Data point added to dataset (x i y): 
  1.1745806210E+02  2.5823832862E+02  0.0000000000E+00      -2.0299083180E+05

| Total ensemble size: 69
| Best acquisition, x_best i_best y_best:
  2.3797362733E+02  4.0894448763E-01  0.0000000000E+00      -2.0301237296E+05
| Global minimum prediction, x_hat mu_hat +- nu_hat:
  2.3737598588E+02  7.8964012971E-01  0.0000000000E+00      -2.0301237386E+05  1.3269632415E-08
| Global minimum convergence, d_xhat d_muhat:
  1.0198640755E-03  5.0012535364E-08

| GP model hyperparameters (lengthscales W kappa):
  5.0660873713E-01  5.3067343938E-01  7.9900935376E+00  5.6567441255E+00  4.6432419578E+00  6.9769012079E+00  0.0000000000E+00  0.0000000000E+00
| Next sampling location (x_next, i_next):
  1.4084359985E+02  9.3448643117E+01  0.0000000000E+00

Iteration time [s]:   26.878        Total time [s]:  945.326

--------------------------------------------------------------------------------
                                BO ITERATION 38                                 
--------------------------------------------------------------------------------
| Evaluating objective function at 1.408E+02 9.345E+01 0.000E+00
| Objective function evaluated, time [s]       23.043
| Acquisition location too confident, doing pure exploration
| Data point added to dataset (x i y): 
  1.4084359985E+02  9.3448643117E+01  0.0000000000E+00      -2.0299110960E+05

| Total ensemble size: 70
| Best acquisition, x_best i_best y_best:
  2.3797362733E+02  4.0894448763E-01  0.0000000000E+00      -2.0301237296E+05
| Global minimum prediction, x_hat mu_hat +- nu_hat:
  2.3737572877E+02  7.8928029126E-01  0.0000000000E+00      -2.0301237386E+05  1.3121271092E-08
| Global minimum convergence, d_xhat d_muhat:
  4.4225092216E-04  6.1440583631E-08

| GP model hyperparameters (lengthscales W kappa):
  5.0630923918E-01  5.3204519362E-01  5.6678462013E+00  7.9388299452E+00  6.9305163151E+00  4.6616231847E+00  0.0000000000E+00  0.0000000000E+00
| Next sampling location (x_next, i_next):
 -4.7547547489E+01  1.0225003786E+02  0.0000000000E+00

Iteration time [s]:   26.631        Total time [s]:  971.958

--------------------------------------------------------------------------------
                                BO ITERATION 39                                 
--------------------------------------------------------------------------------
| Evaluating objective function at -4.755E+01 1.023E+02 0.000E+00
| Objective function evaluated, time [s]       22.944
| Acquisition location too confident, doing pure exploration
| Data point added to dataset (x i y): 
 -4.7547547489E+01  1.0225003786E+02  0.0000000000E+00      -2.0299064375E+05

| Total ensemble size: 71
| Best acquisition, x_best i_best y_best:
  2.3797362733E+02  4.0894448763E-01  0.0000000000E+00      -2.0301237296E+05
| Global minimum prediction, x_hat mu_hat +- nu_hat:
  2.3737302668E+02  7.8847559411E-01  0.0000000000E+00      -2.0301237386E+05  1.2970408658E-08
| Global minimum convergence, d_xhat d_muhat:
  2.8193709947E-03  9.6583636491E-08

| GP model hyperparameters (lengthscales W kappa):
  5.0441148342E-01  5.2805908043E-01  7.7791010454E+00  5.5444436460E+00  4.6345173973E+00  6.8691278839E+00  0.0000000000E+00  0.0000000000E+00
| Next sampling location (x_next, i_next):
 -1.1778432199E+01 -4.1896684451E+00  0.0000000000E+00

Iteration time [s]:   26.815        Total time [s]:  998.774

--------------------------------------------------------------------------------
                                BO ITERATION 40                                 
--------------------------------------------------------------------------------
| Evaluating objective function at -1.178E+01 -4.190E+00 0.000E+00
| Objective function evaluated, time [s]       23.201
| Acquisition location too confident, doing pure exploration
| Data point added to dataset (x i y): 
 -1.1778432199E+01 -4.1896684451E+00  0.0000000000E+00      -2.0299087662E+05

| Total ensemble size: 72
| Best acquisition, x_best i_best y_best:
  2.3797362733E+02  4.0894448763E-01  0.0000000000E+00      -2.0301237296E+05
| Global minimum prediction, x_hat mu_hat +- nu_hat:
  2.3736862517E+02  7.8508600329E-01  0.0000000000E+00      -2.0301237384E+05  1.3077288496E-08
| Global minimum convergence, d_xhat d_muhat:
  5.5554145342E-03  7.5215234699E-07

| GP model hyperparameters (lengthscales W kappa):
  5.0281726649E-01  5.3605819802E-01  5.8725751514E+00  8.0073578966E+00  6.8782361990E+00  4.7432723977E+00  0.0000000000E+00  0.0000000000E+00
| Next sampling location (x_next, i_next):
  3.5561096973E+01  2.4717204287E+02  0.0000000000E+00

Iteration time [s]:   27.035        Total time [s]: 1025.810

--------------------------------------------------------------------------------
                                BO ITERATION 41                                 
--------------------------------------------------------------------------------
| Evaluating objective function at 3.556E+01 2.472E+02 0.000E+00
| Objective function evaluated, time [s]       23.743
| Acquisition location too confident, doing pure exploration
| Data point added to dataset (x i y): 
  3.5561096973E+01  2.4717204287E+02  0.0000000000E+00      -2.0299339508E+05

| Total ensemble size: 73
| Best acquisition, x_best i_best y_best:
  2.3797362733E+02  4.0894448763E-01  0.0000000000E+00      -2.0301237296E+05
| Global minimum prediction, x_hat mu_hat +- nu_hat:
  2.3736813395E+02  7.8597240005E-01  0.0000000000E+00      -2.0301237384E+05  1.3032495882E-08
| Global minimum convergence, d_xhat d_muhat:
  1.0134072028E-03  2.4897199094E-07

| GP model hyperparameters (lengthscales W kappa):
  5.0167179917E-01  5.3490393232E-01  5.8217213560E+00  7.9261088749E+00  6.8227201461E+00  4.7155832656E+00  0.0000000000E+00  0.0000000000E+00
| Next sampling location (x_next, i_next):
  2.0843268596E+02  2.5724353922E+02  0.0000000000E+00

Iteration time [s]:   27.447        Total time [s]: 1053.258

--------------------------------------------------------------------------------
                                BO ITERATION 42                                 
--------------------------------------------------------------------------------
| Evaluating objective function at 2.084E+02 2.572E+02 0.000E+00
| Objective function evaluated, time [s]       21.935
| Acquisition location too confident, doing pure exploration
| Data point added to dataset (x i y): 
  2.0843268596E+02  2.5724353922E+02  0.0000000000E+00      -2.0298944757E+05

| Total ensemble size: 74
| Best acquisition, x_best i_best y_best:
  2.3797362733E+02  4.0894448763E-01  0.0000000000E+00      -2.0301237296E+05
| Global minimum prediction, x_hat mu_hat +- nu_hat:
  2.3736780116E+02  7.8598710751E-01  0.0000000000E+00      -2.0301237384E+05  1.3135737742E-08
| Global minimum convergence, d_xhat d_muhat:
  3.3311164268E-04  1.6502069604E-08

| GP model hyperparameters (lengthscales W kappa):
  4.9988212822E-01  5.2952129014E-01  5.6658165820E+00  7.8012241734E+00  6.6817741369E+00  4.5462448611E+00  0.0000000000E+00  0.0000000000E+00
| Next sampling location (x_next, i_next):
  2.9022502733E+02  2.6726224228E+02  0.0000000000E+00

Iteration time [s]:   25.633        Total time [s]: 1078.891

--------------------------------------------------------------------------------
                                BO ITERATION 43                                 
--------------------------------------------------------------------------------
| Evaluating objective function at 2.902E+02 2.673E+02 0.000E+00
| Objective function evaluated, time [s]       23.174
| Acquisition location too confident, doing pure exploration
| Data point added to dataset (x i y): 
  2.9022502733E+02  2.6726224228E+02  0.0000000000E+00      -2.0299159192E+05

| Total ensemble size: 75
| Best acquisition, x_best i_best y_best:
  2.3797362733E+02  4.0894448763E-01  0.0000000000E+00      -2.0301237296E+05
| Global minimum prediction, x_hat mu_hat +- nu_hat:
  2.3736848187E+02  7.8522770550E-01  0.0000000000E+00      -2.0301237384E+05  1.3087875583E-08
| Global minimum convergence, d_xhat d_muhat:
  1.0198328763E-03  2.6043622766E-07

| GP model hyperparameters (lengthscales W kappa):
  5.0017552847E-01  5.2592863082E-01  7.7754445429E+00  5.7051193963E+00  4.5449032534E+00  6.6155509107E+00  0.0000000000E+00  0.0000000000E+00
| Next sampling location (x_next, i_next):
  1.9526573181E+02  8.7159108355E+01  0.0000000000E+00

Iteration time [s]:   27.315        Total time [s]: 1106.206

--------------------------------------------------------------------------------
                                BO ITERATION 44                                 
--------------------------------------------------------------------------------
| Evaluating objective function at 1.953E+02 8.716E+01 0.000E+00
| Objective function evaluated, time [s]       23.560
| Acquisition location too confident, doing pure exploration
| Data point added to dataset (x i y): 
  1.9526573181E+02  8.7159108355E+01  0.0000000000E+00      -2.0299122879E+05

| Total ensemble size: 76
| Best acquisition, x_best i_best y_best:
  2.3797362733E+02  4.0894448763E-01  0.0000000000E+00      -2.0301237296E+05
| Global minimum prediction, x_hat mu_hat +- nu_hat:
  2.3736900115E+02  7.8519197310E-01  0.0000000000E+00      -2.0301237384E+05  1.2951749806E-08
| Global minimum convergence, d_xhat d_muhat:
  5.2050979926E-04  5.0621937758E-08

| GP model hyperparameters (lengthscales W kappa):
  5.0072218925E-01  5.2827312910E-01  7.7682882697E+00  5.7374133786E+00  4.5726572740E+00  6.6042063999E+00  0.0000000000E+00  0.0000000000E+00
| Next sampling location (x_next, i_next):
  9.6242501014E+01  1.2381803800E+02  0.0000000000E+00

Iteration time [s]:   27.504        Total time [s]: 1133.711

--------------------------------------------------------------------------------
                                BO ITERATION 45                                 
--------------------------------------------------------------------------------
| Evaluating objective function at 9.624E+01 1.238E+02 0.000E+00
| Objective function evaluated, time [s]       23.111
| Acquisition location too confident, doing pure exploration
| Data point added to dataset (x i y): 
  9.6242501014E+01  1.2381803800E+02  0.0000000000E+00      -2.0299654272E+05

| Total ensemble size: 77
| Best acquisition, x_best i_best y_best:
  2.3797362733E+02  4.0894448763E-01  0.0000000000E+00      -2.0301237296E+05
| Global minimum prediction, x_hat mu_hat +- nu_hat:
  2.3736885369E+02  7.8521611913E-01  0.0000000000E+00      -2.0301237384E+05  1.2668499050E-08
| Global minimum convergence, d_xhat d_muhat:
  1.4942483448E-04  1.4780972442E-08

| GP model hyperparameters (lengthscales W kappa):
  5.0272352190E-01  5.3014113283E-01  7.7646343178E+00  5.7432854415E+00  4.5939225847E+00  6.6150126241E+00  0.0000000000E+00  0.0000000000E+00
| Next sampling location (x_next, i_next):
  4.7661057322E+01  8.8832617906E+01  0.0000000000E+00

Iteration time [s]:   27.237        Total time [s]: 1160.949

--------------------------------------------------------------------------------
                                BO ITERATION 46                                 
--------------------------------------------------------------------------------
| Evaluating objective function at 4.766E+01 8.883E+01 0.000E+00
| Objective function evaluated, time [s]       22.096
| Data point added to dataset (x i y): 
  4.7661057322E+01  8.8832617906E+01  0.0000000000E+00      -2.0299051244E+05

| Total ensemble size: 78
| Best acquisition, x_best i_best y_best:
  2.3797362733E+02  4.0894448763E-01  0.0000000000E+00      -2.0301237296E+05
| Global minimum prediction, x_hat mu_hat +- nu_hat:
  2.3736840737E+02  7.8529576697E-01  0.0000000000E+00      -2.0301237384E+05  1.3938764720E-08
| Global minimum convergence, d_xhat d_muhat:
  4.5337646879E-04  3.5453627101E-08

| GP model hyperparameters (lengthscales W kappa):
  4.9032187275E-01  4.9821816391E-01  5.3147267207E+00  7.2804270214E+00  6.2096266643E+00  4.2443411636E+00  0.0000000000E+00  0.0000000000E+00
| Next sampling location (x_next, i_next):
 -4.4756312002E+01  1.7972382255E+02  0.0000000000E+00

Iteration time [s]:   25.702        Total time [s]: 1186.651

--------------------------------------------------------------------------------
                                BO ITERATION 47                                 
--------------------------------------------------------------------------------
| Evaluating objective function at -4.476E+01 1.797E+02 0.000E+00
| Objective function evaluated, time [s]       23.457
| Acquisition location too confident, doing pure exploration
| Data point added to dataset (x i y): 
 -4.4756312002E+01  1.7972382255E+02  0.0000000000E+00      -2.0300850920E+05

| Total ensemble size: 79
| Best acquisition, x_best i_best y_best:
  2.3797362733E+02  4.0894448763E-01  0.0000000000E+00      -2.0301237296E+05
| Global minimum prediction, x_hat mu_hat +- nu_hat:
  2.3736790388E+02  7.8553235824E-01  0.0000000000E+00      -2.0301237384E+05  1.3436098367E-08
| Global minimum convergence, d_xhat d_muhat:
  5.5630854701E-04  8.9046375884E-08

| GP model hyperparameters (lengthscales W kappa):
  4.9481016238E-01  5.0437697895E-01  5.3675477200E+00  7.3769037394E+00  6.2946513291E+00  4.2852194027E+00  0.0000000000E+00  0.0000000000E+00
| Next sampling location (x_next, i_next):
  1.8413779485E+02 -5.0000000000E+01  0.0000000000E+00

Iteration time [s]:   27.593        Total time [s]: 1214.244

--------------------------------------------------------------------------------
                                BO ITERATION 48                                 
--------------------------------------------------------------------------------
| Evaluating objective function at 1.841E+02 -5.000E+01 0.000E+00
| Objective function evaluated, time [s]       24.269
| Data point added to dataset (x i y): 
  1.8413779485E+02 -5.0000000000E+01  0.0000000000E+00      -2.0299339987E+05

| Total ensemble size: 80
| Best acquisition, x_best i_best y_best:
  2.3797362733E+02  4.0894448763E-01  0.0000000000E+00      -2.0301237296E+05
| Global minimum prediction, x_hat mu_hat +- nu_hat:
  2.3738330858E+02  7.9251859351E-01  0.0000000000E+00      -2.0301237387E+05  1.3329005366E-08
| Global minimum convergence, d_xhat d_muhat:
  1.6914858800E-02  1.2206379178E-06

| GP model hyperparameters (lengthscales W kappa):
  4.9208310235E-01  5.0258014078E-01  5.3251231332E+00  7.3063075050E+00  6.2281776428E+00  4.2470555889E+00  0.0000000000E+00  0.0000000000E+00
| Next sampling location (x_next, i_next):
 -1.0608338669E+01  1.8228117410E+02  0.0000000000E+00

Iteration time [s]:   28.095        Total time [s]: 1242.340

--------------------------------------------------------------------------------
                                BO ITERATION 49                                 
--------------------------------------------------------------------------------
| Evaluating objective function at -1.061E+01 1.823E+02 0.000E+00
| Objective function evaluated, time [s]       24.086
| Acquisition location too confident, doing pure exploration
| Data point added to dataset (x i y): 
 -1.0608338669E+01  1.8228117410E+02  0.0000000000E+00      -2.0300776538E+05

| Total ensemble size: 81
| Best acquisition, x_best i_best y_best:
  2.3797362733E+02  4.0894448763E-01  0.0000000000E+00      -2.0301237296E+05
| Global minimum prediction, x_hat mu_hat +- nu_hat:
  2.3738308251E+02  7.9285773172E-01  0.0000000000E+00      -2.0301237387E+05  1.2736469568E-08
| Global minimum convergence, d_xhat d_muhat:
  4.0758526853E-04  1.0010013154E-07

| GP model hyperparameters (lengthscales W kappa):
  4.9759751433E-01  5.0455995061E-01  7.3669872464E+00  5.3538497068E+00  4.2741485005E+00  6.2875395730E+00  0.0000000000E+00  0.0000000000E+00
| Next sampling location (x_next, i_next):
  1.4800870600E+02  2.2617116246E+02  0.0000000000E+00

Iteration time [s]:   28.479        Total time [s]: 1270.819

--------------------------------------------------------------------------------
                                BO ITERATION 50                                 
--------------------------------------------------------------------------------
| Evaluating objective function at 1.480E+02 2.262E+02 0.000E+00
| Objective function evaluated, time [s]       23.822
| Acquisition location too confident, doing pure exploration
| Data point added to dataset (x i y): 
  1.4800870600E+02  2.2617116246E+02  0.0000000000E+00      -2.0299861775E+05

| Total ensemble size: 82
| Best acquisition, x_best i_best y_best:
  2.3797362733E+02  4.0894448763E-01  0.0000000000E+00      -2.0301237296E+05
| Global minimum prediction, x_hat mu_hat +- nu_hat:
  2.3738430583E+02  7.9316288770E-01  0.0000000000E+00      -2.0301237387E+05  1.2710904240E-08
| Global minimum convergence, d_xhat d_muhat:
  1.2608133809E-03  3.5286754977E-08

| GP model hyperparameters (lengthscales W kappa):
  4.9763290181E-01  5.0860130254E-01  7.3899917029E+00  5.3902597725E+00  4.3054124438E+00  6.3012090099E+00  0.0000000000E+00  0.0000000000E+00
| Next sampling location (x_next, i_next):
  1.3176184847E+02  4.7848084516E+01  0.0000000000E+00

Iteration time [s]:   28.272        Total time [s]: 1299.091

|| Bayesian optimization completed, time [s]     1299.081


--------------------------------------------------------------------------------
                        BOSS is done! Have a nice day :)                        

      Datetime 05-08-2020 19:01:11            Total time [s]     1299.092       
--------------------------------------------------------------------------------
