-50.0000000000_-50.0000000000_-50.0000000000_-50.0000000000
130.0000000000_10.0000000000_130.0000000000_130.0000000000
246.0135093000_-29.1350621000_285.7743607000_254.6041960000
33.8432760000_-49.9853081000_215.7305553000_-25.9985072000
64.4146035000_-50.0000000000_182.5646155000_310.0000000000
17.1134565000_-49.9528142000_190.4970895000_16.9536613000
310.0000000000_-50.0000000000_203.5711881000_-18.5677416000
13.0871790000_54.9955264000_237.6683322000_3.2184177000
6.6092843000_40.8983152000_206.4186597000_-35.3506083000
63.7738574000_66.4130909000_258.4877572000_24.6138129000
17.8526964000_58.3163737000_241.1168065000_88.6394250000
14.2429668000_-34.6979303000_257.4894803000_6.5859289000
48.7687686000_48.9315844000_-50.0000000000_-3.0026343000
103.3822821000_35.1138805000_248.4691136000_5.0128132000
33.1288373000_7.7542732000_267.1819997000_12.6825670000
45.5142005000_-42.0620459000_17.0587493000_16.8212552000
160.9871484000_-50.0000000000_244.3131436000_.7043290000
157.6204907000_43.5484675000_5.6612070000_23.1728777000
7.4583649000_-22.9149518000_7.7354405000_146.9868134000
277.4544160000_-26.6777018000_22.1958400000_91.4346769000
46.9115820000_69.0591292000_24.6549559000_186.2631329000
39.5306027000_43.1362359000_24.9412005000_188.2646141000
7.2310105000_60.5142103000_76.6286066000_202.3997209000
114.1953721000_55.1235209000_36.9927900000_209.0828021000
42.5181031000_57.0328994000_-48.8363269000_190.7687231000
50.1014299000_-1.5393506000_.6614060000_204.6713288000
310.0000000000_52.3796030000_-5.9651837000_180.0815772000
113.3299251000_56.1212011000_-22.2724738000_159.5221850000
-6.1194971000_28.3103860000_224.4389162000_182.2734864000
57.7374468000_-39.1999912000_193.0608802000_180.6803385000
231.2358912000_-49.7549969000_190.6650939000_177.0234822000
17.2760746000_57.4795842000_147.7301023000_164.6907835000
115.1644857000_17.8522679000_174.9420051000_195.1343016000
-31.8564178000_-18.1899177000_182.3362379000_182.1126026000
118.6005466000_-28.1865715000_271.9079611000_179.9487321000
103.8487940000_-33.9838782000_96.9753221000_180.3376043000
236.3669417000_20.1144477000_28.2205059000_182.4445412000
5.9830817000_-46.9158388000_255.8958742000_168.4490793000
28.1273289000_19.4565663000_-45.9011405000_169.8019016000
81.4729141000_56.8252358000_222.3093320000_177.9916935000
18.8266482000_61.8035237000_215.6712828000_193.5609602000
236.7063822000_41.2398053000_258.1943163000_174.2224028000
106.0523740000_-45.6605375000_205.6863144000_160.2022854000
215.5832748000_-39.3416565000_28.4913404000_179.4631817000
70.1124879000_-47.8489420000_242.1469051000_187.0740806000
4.5053296000_-30.7600553000_43.3267989000_184.0200012000
245.1835079000_53.3806030000_73.9471756000_168.9175072000
106.8010675000_-50.0000000000_189.8448771000_188.2963395000
70.2871273000_58.1922348000_70.3718542000_174.1626570000
45.0204376000_58.6899426000_240.3155901000_172.8010062000
47.2314723000_-19.2706622000_243.6233515000_181.7345503000
53.2529000000_70.0000000000_226.7728524000_177.1604684000
60.1414530000_34.9380917000_246.3707315000_197.8514339000
274.4233041000_68.3919393000_237.5326182000_149.4049474000
51.8794417000_39.6368150000_143.1549205000_187.8012525000
56.9119388000_36.7258071000_210.9497156000_171.7158807000
75.8214395000_-32.3008523000_14.9486319000_178.0151604000
249.6030169000_55.1436823000_60.9949322000_198.1486846000
53.1426547000_51.5540128000_216.9908752000_184.9214598000
65.0273242000_-45.0080284000_268.3152590000_172.8034965000
292.6853459000_-50.0000000000_259.6221540000_186.4539720000
148.0279361000_-12.8554753000_69.4822288000_-27.1168057000
58.3394165000_59.4644520000_246.7256702000_182.0390409000
62.5817989000_-40.6395894000_72.6305506000_191.3448671000
47.3404105000_16.0178193000_80.6918416000_179.6309928000
41.3251885000_70.0000000000_251.7186616000_184.9607363000
-50.0000000000_54.4109784000_213.6526242000_180.9919408000
253.8087505000_51.8933480000_258.6858512000_30.1129507000
74.0298401000_-40.8236253000_230.5109912000_177.9875130000
250.2899980000_-50.0000000000_310.0000000000_178.5302004000
179.8273068000_56.0320273000_80.8032736000_177.5316565000
82.3455353000_60.1594936000_26.2127916000_183.2561221000
210.2379172000_-27.4114612000_105.8879538000_179.8157253000
37.6846438000_58.2826166000_27.3666755000_170.3064953000
-44.8889577000_53.7369219000_54.4007192000_-1.4241573000
68.7673440000_-50.0000000000_136.3604943000_174.3298765000
64.8555046000_-50.0000000000_225.1103964000_181.2595995000
73.4448161000_61.0158125000_-50.0000000000_251.9921494000
48.3455339000_-24.3858291000_204.4954628000_152.4508769000
170.5596785000_60.0090227000_259.2493742000_198.4071582000
11.3381697000_62.7176284000_73.7225618000_-30.9083603000
241.4702220000_-47.2935118000_97.9227424000_24.8840140000
-26.4653757000_37.5860503000_70.3462508000_42.9686194000
264.3333752000_-34.2939592000_-3.2927528000_.7026995000
139.5387470000_-40.8476412000_184.9567022000_61.1140626000
222.9636104000_38.0211522000_143.6278304000_-11.0047775000
188.7205312000_-46.7933709000_79.1831787000_150.0732634000
156.8502671000_45.0371791000_245.8713913000_-45.0107489000
24.7750629000_28.8276004000_161.1301548000_237.8144711000
42.2281476000_57.9767074000_99.1064540000_181.4683954000
69.9841594000_46.1296432000_250.5587193000_179.1150699000
89.7185483000_-50.0000000000_287.0228502000_189.7016625000
82.0838661000_44.4335314000_102.7362367000_182.1575778000
107.9986547000_60.0998175000_165.4441513000_-1.4855425000
67.8190656000_61.9208899000_242.4811412000_177.4984777000
251.9230464000_9.2350552000_78.9647893000_279.4817850000
61.1484870000_56.8971246000_235.1824662000_180.0067500000
49.9112482000_59.0807298000_179.4971198000_178.6100830000
71.6843580000_58.6038737000_242.8954599000_184.1613302000
168.0171497000_8.7561449000_-50.0000000000_88.1835899000
270.7498132000_11.6113550000_163.0227686000_82.8818083000
50.3406045000_65.4756973000_-8.8051030000_176.2424297000
-32.2526277000_62.6006407000_-20.1259094000_16.5644009000
81.6935094000_-23.7084554000_73.0162731000_80.4119070000
244.9337837000_46.6580300000_29.5377184000_-14.3364079000
210.7509713000_-50.0000000000_159.0405075000_263.8579903000
52.5806917000_.3643040000_13.1690028000_291.9519110000
174.3767221000_-50.0000000000_7.8212061000_284.3932922000
245.6188914000_-31.6362182000_238.7789887000_186.7230950000
214.0154188000_46.6239754000_134.0390212000_182.3388604000
310.0000000000_52.2407327000_282.3035486000_175.8507971000
-50.0000000000_-9.9363126000_209.2616184000_275.2636283000
126.4235157000_4.1166966000_115.3871502000_271.7818232000
225.7308045000_3.8069119000_281.9975224000_-35.6912804000
-46.4078635000_25.8216310000_-3.6153009000_259.2060337000
79.2259604000_11.0460855000_112.7913355000_28.9386191000
267.9911437000_13.3576329000_52.9758128000_3.7099925000
283.9652980000_1.1118882000_100.3853026000_-1.5877049000
305.7413761000_17.7094231000_14.1530758000_-7.6064859000
225.0957473000_18.8696084000_55.0506919000_20.4311739000
263.0138513000_34.9478904000_36.1235867000_16.1288314000
252.5112115000_34.7744312000_64.0981333000_7.6762740000
35.8655760000_-47.9690062000_146.2176182000_187.6882011000
-47.1107893000_-34.5381208000_310.0000000000_179.9423453000
170.9043893000_62.9503124000_145.4126865000_170.8308106000
310.0000000000_13.4418412000_-50.0000000000_83.1994028000
64.8309304000_34.5823547000_-13.2655253000_82.7967547000
157.8151391000_61.4822143000_234.9890297000_172.4139205000
187.0219722000_42.1934922000_98.4264387000_81.3806807000
123.6853497000_-10.1503436000_238.9350474000_272.1302040000
211.2292130000_-19.9177500000_229.3847071000_94.7638071000
-37.3065762000_-34.9161593000_108.2899810000_277.9570923000
32.6093532000_39.1131143000_128.7923468000_91.8367511000
47.0585161000_59.2600126000_225.7233722000_179.4320683000
50.7705948000_-13.6289275000_133.1534076000_178.2300260000
9.8363082000_64.5808541000_-12.4576593000_179.7145533000
283.4023095000_-36.2885667000_38.3569294000_175.2738529000
261.6137799000_54.9803782000_2.2098439000_159.0885789000
68.7442374000_36.0558042000_1.8537915000_177.9149496000
-50.0000000000_32.0599544000_84.3177970000_184.7716244000
285.5578367000_63.9183914000_120.1909400000_190.3890844000
180.3653022000_51.6072501000_1.3860007000_182.1987423000
271.3712827000_21.1104630000_123.8645031000_182.2786028000
158.7225998000_-45.0416855000_33.0684287000_181.9093395000
30.8786548000_59.6650845000_213.7107872000_176.5816997000
117.4570431000_58.4965154000_245.0974401000_181.4042831000
306.9700936000_61.3494783000_83.4253700000_170.7270930000
77.8907950000_65.1156423000_245.0854059000_180.5110209000
179.8617511000_46.2572012000_203.8886582000_186.7686485000
120.9826013000_-17.9926675000_-37.4218465000_-35.2782486000
310.0000000000_-11.4951174000_216.2417993000_49.4455278000
99.9615062000_48.4402934000_51.0514502000_-50.0000000000
-28.5793096000_64.3390217000_251.3874724000_181.6979964000
215.5703522000_70.0000000000_-29.8711302000_69.6577528000
190.9904741000_7.6170804000_194.8128563000_33.9350038000
-50.0000000000_-29.4060061000_95.5625894000_184.8556258000
62.6350428000_61.1396294000_-4.8606781000_184.9148876000
306.2060063000_61.3562401000_65.3148354000_188.9642767000
58.4543433000_51.6688963000_41.9171907000_181.8221878000
61.0069199000_62.4293006000_12.4201596000_174.0398694000
149.6721718000_39.4077908000_46.4710217000_173.5469523000
12.3516003000_-3.5154427000_274.3355296000_276.2851822000
171.4303281000_11.2886417000_-35.4875189000_249.6602809000
95.0223631000_13.9639569000_234.3242638000_83.6456820000
198.6286385000_-12.1432957000_195.1961390000_310.0000000000
114.3087559000_-18.3516710000_-41.6139189000_50.0894084000
-34.7660011000_-31.5182340000_124.7028518000_91.0184126000
250.0304698000_39.5395109000_224.7405038000_286.6804263000
158.7771999000_-16.0263484000_27.3351799000_87.8022245000
58.2475659000_4.8427651000_123.5173779000_-33.4959663000
263.2453517000_4.7120189000_162.4927011000_240.4940842000
247.9396668000_53.7000905000_46.5682745000_13.2244199000
265.5700892000_70.0000000000_44.8153000000_11.3716678000
236.6358029000_-45.5894770000_47.4914128000_9.3795273000
242.9535085000_-46.9750952000_40.8576352000_23.4928220000
55.5812019000_-38.8805359000_79.0848900000_265.4217871000
250.7299296000_63.6215307000_56.5985267000_.9688370000
257.8246948000_-37.1049275000_55.5256134000_-8.2834829000
225.5629640000_58.7861946000_67.5946873000_-2.5870632000
194.8808317000_57.7229758000_71.0256732000_11.6455832000
201.4247991000_61.7577093000_92.3325257000_-9.7576678000
220.7045476000_67.2890648000_74.4776247000_-.3986061000
212.3506173000_52.5425303000_78.3339856000_1.1825988000
-50.0000000000_1.0050209000_259.3409296000_175.2344026000
209.4625894000_59.3287447000_66.9705503000_-2.4271331000
275.8565245000_-46.8558566000_128.9218527000_162.0269409000
184.7208299000_-11.4906667000_66.4655897000_244.0804370000
10.6828622000_-20.8472720000_-29.5244183000_68.2917501000
229.3859159000_58.8032506000_63.1471875000_4.7094355000
228.3396921000_61.4443698000_90.0067935000_-26.5029078000
235.8883872000_56.0904179000_63.9000641000_-.8066470000
188.1424842000_-48.7395794000_154.6363646000_196.8424510000
103.7708435000_52.8041809000_77.5165974000_9.6911333000
-48.2295351000_44.4638624000_275.3502133000_203.4239505000
72.4820380000_-14.6228463000_199.0040429000_9.2671583000
235.3292898000_59.4278802000_69.0497674000_-2.3782079000
308.1726713000_-50.0000000000_267.8052712000_-9.0005376000
174.1773475000_-38.5436176000_131.4909215000_11.1583753000
157.7872893000_-35.6143046000_216.4146827000_186.5120776000
263.6566089000_60.4756646000_-6.6186743000_196.7965638000
-35.1075239000_50.6085901000_122.6468394000_183.3503805000
72.1648039000_65.6208363000_262.4200521000_-25.8669065000
257.3780050000_52.9442340000_51.9110756000_-1.5840260000
185.4570771000_57.5682905000_18.1956669000_160.7981877000
236.9676353000_54.0205010000_57.2777754000_1.1688743000
-50.0000000000_30.6057806000_49.4042954000_158.8815253000
278.5625053000_20.7758345000_-33.4771656000_181.0117025000
146.7033135000_58.1029994000_265.1978674000_79.6634743000
190.8920886000_37.3074657000_182.8912493000_111.0257100000
232.1122941000_53.0816472000_65.9757097000_-4.0253456000
240.8854068000_56.6034324000_60.8263826000_-4.1766608000
195.8551710000_1.6625751000_189.2229645000_168.7873859000
47.1139802000_-34.5390454000_84.0515945000_165.1870685000
-26.0320850000_44.9851918000_234.6890441000_150.1482137000
5.3667860000_15.2671990000_52.5727006000_99.6266903000
64.1094897000_55.1396734000_-49.4098398000_169.4906804000
192.4274331000_-25.8586068000_63.3537340000_31.5050474000
85.7241139000_9.5947833000_239.3252932000_181.4721053000
231.0130437000_-4.5824246000_-50.0000000000_124.0715579000
246.6259340000_1.6325680000_91.1698031000_110.2395150000
195.6260593000_-.2109622000_297.3755414000_25.0140723000
196.7998524000_14.5915773000_223.9336779000_249.3201512000
249.9330515000_-20.5155712000_53.7371490000_8.7027084000
71.3428965000_-50.0000000000_130.8320128000_196.0304978000
26.9240478000_-6.0878923000_175.1243380000_69.5307573000
58.4463555000_40.1620494000_104.0669102000_162.3307562000
174.2911840000_-2.2356022000_6.4857345000_173.4179679000
81.8996141000_-22.4906581000_297.6100472000_107.5591044000
271.4547293000_-33.9060217000_25.7078209000_263.4420232000
48.8041950000_-.8826336000_24.5712515000_173.3007316000
159.3670163000_26.1306437000_244.7897679000_181.6261051000
-2.4758077000_24.5592462000_61.8162427000_280.1409985000
299.3109860000_28.4969459000_149.1072343000_301.9674001000
122.3978914000_47.3999059000_181.5938343000_260.2576349000
5.4145995000_-39.9877556000_-5.6598401000_260.0283215000
233.8712568000_38.3623501000_-32.8080680000_281.0512377000
310.0000000000_40.0843025000_159.4586881000_36.7875494000
146.6642501000_60.6487753000_111.7733990000_193.4425374000
258.8089111000_37.1755162000_257.4608891000_94.1604109000
257.9362311000_.1795297000_217.1359478000_-2.4376334000
12.9463269000_60.0449934000_227.6224352000_267.1191431000
-26.8746088000_58.4483589000_-29.9531073000_109.8237096000
16.6417494000_-27.3859089000_106.8918108000_23.3403895000
310.0000000000_66.4265256000_190.8360502000_101.6093200000
110.3370326000_38.8661259000_50.7160265000_112.1146302000
170.8963289000_-48.7171427000_283.0751454000_278.8107145000
234.8325978000_66.9596575000_187.5695589000_59.8130607000
128.2773194000_9.3955993000_177.6307293000_-36.4924010000
87.9209885000_70.0000000000_163.1639843000_98.5502408000
96.1067297000_9.3882561000_15.8221884000_-4.8047818000
21.8456387000_9.6541641000_150.0976429000_1.9883979000
221.9799855000_29.2327174000_16.7165303000_100.4483990000
10.3123045000_-19.8803555000_-22.2712241000_-32.6013546000
7.0319652000_-16.6798724000_155.1508919000_294.2265898000
181.7894479000_51.3444002000_-44.2262122000_-21.2041705000
62.8906632000_-21.8457875000_-38.5830818000_179.2293346000
207.1655680000_-27.3420452000_143.4027990000_99.5823450000
-19.8612403000_6.8267321000_106.7221249000_165.9273166000
89.3853089000_27.0800493000_-50.0000000000_298.3528001000
188.7391659000_49.8733595000_-47.8150100000_173.4144531000
119.1762098000_-8.4496406000_19.1282008000_261.6910169000
282.7713607000_-31.1770188000_285.8212575000_59.9940576000
60.0204388000_3.4121891000_201.3739899000_270.5133995000
95.5463697000_18.4926697000_39.4439692000_51.5074600000
304.0481847000_42.9826338000_249.5288960000_181.2197440000
167.6320463000_47.6138496000_78.9380477000_274.9811887000
133.9855345000_15.4871609000_138.3116916000_64.4352520000
-7.3959711000_38.3756862000_283.5253166000_50.2862629000
194.8507615000_.1208372000_-.0184242000_-47.6639765000
299.4948266000_26.7789286000_271.0321852000_276.9249970000
30.6909463000_10.1148734000_56.4624611000_3.5296586000
277.1885134000_66.6232245000_214.4195794000_239.0399668000
310.0000000000_-2.6562125000_59.9489935000_237.0642009000
216.9821223000_30.4317459000_24.4588242000_249.0541468000
289.4304951000_52.0620303000_79.0731851000_94.2580412000
-33.7800920000_-12.7331147000_258.4679513000_104.3406376000
90.0140842000_59.0055980000_264.8566661000_173.9578191000
21.7623960000_67.8084529000_38.4694003000_71.6881671000
70.3814894000_62.2374756000_259.7848708000_184.0632173000
151.9272829000_2.8086879000_251.4588218000_121.5010173000
188.7043296000_14.7887270000_137.4030861000_291.8198151000
124.7200395000_-44.2510786000_130.3098040000_304.2465580000
-30.0957661000_-25.0610160000_31.6579432000_301.7855577000
70.8549216000_40.4563454000_189.2439535000_49.7268346000
56.7787343000_40.0097581000_128.1281097000_278.3239466000
272.7108269000_21.4480240000_-50.0000000000_3.4417296000
224.7359070000_38.1768280000_109.9307548000_241.3536834000
261.2778269000_-24.6153344000_160.4936480000_-48.8068812000
-27.9247620000_-.4431359000_249.9320474000_-37.8076735000
265.5847940000_8.6276344000_192.5303217000_131.9916981000
157.8742830000_70.0000000000_-30.5885464000_113.0125477000
-25.2405646000_64.6977930000_133.3854379000_-20.3614675000
134.9984672000_-10.3271415000_245.8189058000_43.7291391000
-39.5938008000_60.2104419000_162.9884048000_249.1536729000
-32.5362805000_-15.5981458000_310.0000000000_244.5038440000
26.8771434000_20.1278409000_290.1053351000_106.6133650000
88.3155088000_-7.8614255000_8.4921109000_112.3722200000
210.5930242000_-24.3592338000_-24.6128442000_227.8052353000
-2.2583174000_8.5022262000_10.0825808000_42.3885877000
155.5635495000_-14.7614686000_165.8912952000_243.6361690000
-10.7638158000_16.8910145000_174.2371023000_110.3013772000
9.2853676000_40.4080765000_-43.9581163000_293.6823638000
warning in stationary: failed to import cython module: falling back to numpy
warning in coregionalize: failed to import cython module: falling back to numpy
warning in choleskies: failed to import cython module: falling back to numpy
warning: overwriting file 'boss.out'
warning: overwriting file 'boss.rst'
