228.5928847000_-50.0000000000_83.3610893000_-13.2112548000
57.0932406000_59.2725248000_223.7998208000_177.9033812000
198.2121707000_-36.4338013000_207.3615000000_307.0575581000
279.4192040000_33.9856845000_47.4841818000_-2.3981704000
52.8967179000_-26.4245011000_279.0008137000_-38.8845147000
207.6424314000_-42.4517642000_64.8014196000_7.8083366000
197.2514512000_57.1521240000_241.1016541000_45.2004402000
12.9338971000_50.3959717000_175.3244750000_168.6411944000
83.8205090000_46.1904376000_40.7263226000_173.8238582000
-7.4263984000_63.8199852000_219.4117562000_-8.5152708000
39.3106147000_13.6830546000_207.1351077000_18.8989567000
270.0769785000_-32.5586693000_62.6456003000_-11.1490803000
208.7391411000_60.2068026000_79.7437453000_266.5803847000
152.0746667000_-47.7294696000_248.5670164000_185.3503993000
169.8684747000_59.5157142000_26.2656269000_187.1563746000
5.3878472000_-22.4991516000_180.7259029000_203.8985252000
-46.1806982000_48.1708455000_281.2350172000_195.5872885000
21.2722753000_45.7264247000_-26.6960091000_204.2447150000
15.6908879000_-37.5565937000_-36.1144009000_132.7808815000
228.6866335000_70.0000000000_45.5302917000_185.3951591000
160.6592397000_39.5929547000_195.8960713000_199.6173585000
200.0660669000_-46.7994002000_65.6244394000_100.5801596000
172.1210285000_-49.2085763000_191.3005070000_-4.2756092000
68.7305933000_-31.9742323000_235.1221947000_182.3674153000
-50.0000000000_37.4692296000_95.5592592000_210.0960545000
76.7246083000_-38.5186133000_-16.1252358000_171.4030651000
86.5708228000_44.5547889000_217.9559603000_-14.6745320000
101.2463690000_-33.6654479000_223.6915907000_141.0457140000
275.4731583000_40.6001178000_220.2487293000_-21.3028379000
68.7829175000_65.4760055000_245.5357416000_20.2314631000
294.0211710000_20.7026579000_117.5403320000_169.0999967000
35.7770023000_55.3069278000_36.6243619000_168.4163486000
-29.2955381000_-50.0000000000_233.6195387000_174.2896582000
191.3041670000_-15.2310065000_211.9868217000_180.0508480000
299.9785901000_-38.5244631000_101.3394230000_188.3688608000
258.9059478000_51.4499612000_134.6000112000_189.4014942000
166.5047788000_69.0625422000_95.4020212000_180.3905948000
306.5162460000_-39.2380254000_310.0000000000_180.8764502000
281.0662180000_-50.0000000000_175.6227782000_159.9413169000
75.0155869000_-50.0000000000_86.5671665000_196.0718925000
52.1374824000_46.3923713000_206.1316443000_197.1171530000
67.6446642000_63.9126474000_-50.0000000000_185.0805104000
-33.5502393000_51.9330933000_78.6141188000_173.9204225000
49.4183506000_61.8864053000_167.8235490000_-1.9625681000
92.3134459000_67.7914302000_214.2748611000_181.7287341000
-43.0928776000_9.4514482000_236.7784816000_185.6443710000
203.7981427000_33.3595722000_310.0000000000_184.7306943000
275.6339590000_59.7154575000_60.7924703000_-8.4406254000
190.7019145000_-43.8234256000_99.4921944000_-7.3008795000
203.3730212000_24.9850707000_74.7378835000_-6.2406639000
283.1648277000_49.8020424000_2.5224290000_178.0695862000
73.2424751000_27.6487740000_16.6600104000_46.6016951000
27.4676223000_64.9858686000_237.6695971000_188.2716649000
67.2035755000_2.6648443000_112.5022281000_186.3150199000
37.9422820000_39.1503741000_249.4315894000_176.9711343000
46.1031132000_44.6006682000_109.4395237000_186.7796453000
84.5994657000_54.5797342000_260.4661978000_172.4126911000
66.3605642000_13.3624038000_-.0613143000_183.0556957000
225.2765502000_60.5241572000_65.6317749000_.9974672000
78.6611352000_34.3867549000_159.5238836000_255.4880844000
261.9843548000_60.8945988000_269.2013174000_183.4549804000
218.0408887000_-42.6551932000_62.9973846000_-5.2873018000
199.9359442000_50.0513073000_8.5571548000_158.7853436000
271.6685631000_-48.0081035000_262.4309525000_19.4892321000
230.1434179000_-46.6217943000_77.6563915000_4.6472430000
75.5538713000_-20.1173918000_66.7642563000_3.7206326000
204.1876285000_37.8686836000_50.6621937000_22.4137100000
166.3655957000_-26.6255807000_3.0518728000_172.1023380000
162.9099043000_35.3789380000_236.0306246000_160.8191279000
33.0163357000_-28.4208216000_52.0605259000_194.9104495000
58.0816245000_-43.3768412000_152.3482063000_187.8593412000
71.7203948000_-49.8327482000_107.0667905000_165.2925384000
209.9265600000_60.2557968000_191.0218206000_178.7823606000
278.3188524000_-34.6548348000_147.9421496000_-47.4523503000
50.7580936000_58.4661739000_221.8533344000_87.9223652000
140.6542400000_68.7731793000_158.2605738000_169.6823080000
-37.8939314000_36.8436529000_285.7466068000_163.5840175000
90.9270180000_-50.0000000000_259.4578560000_199.4397361000
64.4924928000_48.8048830000_173.8438334000_164.3069020000
156.2246157000_31.6533973000_46.6737747000_171.7079683000
206.7443482000_56.3584584000_72.8488202000_-1.2732877000
49.0851640000_61.3169433000_-1.1448435000_181.0880328000
58.1439630000_-49.5478856000_258.3546382000_175.7767745000
84.0800964000_-50.0000000000_6.7099514000_199.2538344000
54.7730832000_61.0539120000_-17.6862220000_6.5274622000
38.6408695000_-28.0370986000_130.2494754000_167.5063255000
232.8707505000_44.9086101000_67.7471990000_-6.3339584000
-41.9167864000_-46.2592359000_40.8553096000_183.1295501000
117.1311127000_58.7322986000_3.6606380000_173.1880681000
67.4364449000_58.7910303000_243.1013147000_186.4608827000
282.3477004000_70.0000000000_86.5733235000_161.2497642000
275.9058103000_17.7615455000_77.7865177000_187.4318883000
278.7861442000_25.4241385000_53.1438497000_-26.9239720000
249.6284966000_53.7091075000_48.1826172000_3.5806121000
285.7287794000_56.0565654000_8.8694274000_23.8976205000
197.3374799000_45.2642240000_254.9855041000_-14.2240971000
189.4032132000_57.2613386000_135.1693800000_205.9992491000
60.1263854000_-50.0000000000_69.1710909000_172.8908483000
231.3749221000_-24.2929199000_189.5075885000_4.3808012000
106.6023044000_-50.0000000000_197.6313356000_23.1572099000
warning in stationary: failed to import cython module: falling back to numpy
warning in coregionalize: failed to import cython module: falling back to numpy
warning in choleskies: failed to import cython module: falling back to numpy
