288.3147768000_28.7622700000_69.4237427000_-3.2423695000
214.8972654000_-45.9071396000_63.6997366000_3.1266294000
61.6426180000_-46.4730202000_160.0097237000_50.8311799000
66.1384280000_65.1216762000_226.0813837000_178.1943456000
-31.2836630000_-2.4674849000_251.9003097000_148.3548673000
29.6478626000_23.9060299000_81.2771661000_98.8683532000
52.0258358000_49.1306142000_-11.2607352000_176.1631386000
246.4644367000_45.9125607000_82.8762636000_168.7666619000
137.8027674000_-5.2484996000_78.0476109000_220.4484267000
73.4227591000_54.2430340000_140.5788576000_179.6500646000
38.5950071000_-44.2700184000_39.1158140000_20.3288833000
-9.0032418000_24.4583847000_-26.8963488000_202.5120724000
165.3324780000_-33.7226584000_211.8660833000_158.8090945000
-28.3730093000_-6.2423709000_226.8915009000_197.1298996000
193.8862342000_-30.5651706000_131.0663519000_280.6839864000
12.6840516000_55.6370547000_189.5893699000_178.1395146000
83.8164165000_43.1227106000_32.5612801000_174.9382397000
267.3464227000_31.6287733000_48.2781982000_198.1301071000
152.0723049000_-48.0073065000_250.2954761000_187.8329472000
263.4475405000_45.9364455000_208.2079599000_-34.9638455000
46.8597095000_-14.5617225000_278.4613518000_-37.7901003000
176.7875027000_24.4103652000_235.2634073000_180.4382851000
32.6707266000_-.7687371000_187.4174509000_13.8625107000
179.8179615000_-45.8341280000_203.4505405000_93.9066821000
40.0950775000_39.4789420000_230.8939570000_174.7589553000
67.0676659000_-19.9709690000_237.2302465000_183.6213392000
160.7804557000_57.5502134000_36.2507916000_188.5010643000
80.6340626000_47.4999695000_219.9176151000_20.3011005000
179.0975113000_-43.8211937000_205.6730710000_-2.9403203000
122.4462907000_56.0063382000_227.4838710000_-44.4882050000
289.1303669000_-2.4899665000_126.0573366000_158.7447406000
272.6895516000_-38.8942695000_67.7988799000_-17.3769914000
224.6630571000_31.4672425000_244.3877952000_32.0603883000
305.2696523000_-37.8377355000_100.7891397000_200.7545289000
196.0131014000_-50.0000000000_208.3844824000_175.7324585000
67.0296782000_-37.9231785000_-17.9453883000_168.6936480000
195.0758734000_-42.6704203000_14.4506857000_181.1693715000
132.0817386000_35.0281361000_43.1754016000_290.5971889000
10.0918214000_17.1345380000_185.9733958000_157.3083838000
84.7482471000_27.7623593000_197.5512545000_-13.3748456000
70.7713784000_-16.8894129000_119.3076316000_191.6015352000
-36.0402660000_66.5526977000_221.7514364000_162.7022737000
190.6636499000_-20.3339444000_240.3338451000_308.6583008000
274.8440985000_54.6639624000_80.3068400000_261.5683872000
35.6035072000_-44.0783856000_218.4591309000_196.8489024000
80.9738306000_66.6800778000_89.1245520000_173.1104481000
192.5154989000_41.7449057000_3.0035623000_188.0901637000
83.4107395000_64.0414785000_81.8941088000_198.0048478000
-41.0829417000_59.0985602000_266.3224796000_189.0009713000
5.0668016000_63.6696478000_231.8053317000_-5.1541254000
63.2935743000_44.8005324000_201.2324244000_197.6589253000
75.2404560000_66.6385134000_-42.8915297000_185.3566131000
-32.7470873000_43.0107777000_87.4976706000_176.4504545000
172.4008478000_70.0000000000_98.6666425000_178.4626054000
268.0492497000_68.5707724000_305.5857289000_191.9507458000
39.4598085000_57.6504945000_43.5893131000_171.0705444000
297.5105102000_49.3245195000_4.2752638000_178.2755284000
-40.7406534000_-34.2037736000_291.5231448000_177.3646653000
-37.9900810000_-42.4456700000_59.8701219000_175.5481011000
65.7218058000_53.4165957000_271.5032337000_167.3249321000
109.8160406000_-37.5193368000_203.0140374000_178.7599800000
187.9642160000_-44.3305025000_104.9083151000_-5.6359185000
262.5093191000_55.9939167000_143.2978324000_186.9142816000
168.1147126000_49.5944482000_186.8747072000_198.0227492000
51.9141114000_-32.5607711000_39.0497685000_192.2185955000
293.7563641000_38.5396819000_245.8704432000_181.2376242000
49.7424500000_-44.3729387000_263.7473410000_9.8022941000
51.5076779000_-40.8360778000_228.9201455000_167.2894261000
49.8380307000_43.9281696000_99.6352939000_184.5580327000
20.2916777000_56.9791488000_242.1382358000_183.4499652000
47.7366386000_63.2345366000_168.4907549000_-5.8487836000
227.1952841000_-40.9336718000_81.6001213000_-5.4235464000
109.0108175000_66.5409209000_-.1332525000_174.9302537000
61.5391778000_54.5471349000_199.8789939000_168.1722320000
52.8878867000_-49.7826962000_255.1071136000_181.7901730000
55.5685593000_56.5775792000_7.4744422000_191.9808256000
197.2483655000_24.3039296000_73.0352334000_2.3812968000
99.7682080000_56.0600978000_249.0713026000_182.7494926000
44.1080888000_-43.3934851000_140.5496426000_175.3327391000
122.3044584000_60.8063758000_247.3860442000_162.2373215000
211.3781396000_45.3180851000_5.5891079000_150.2815651000
301.5006921000_67.5105664000_114.5484937000_172.6676418000
34.2523671000_70.0000000000_-7.6422482000_180.9019935000
71.4025231000_34.5113906000_263.8265264000_186.2408771000
206.8821406000_-5.6491996000_166.6991481000_186.3954440000
232.1796146000_62.9129561000_37.3381854000_184.7021169000
206.2792489000_-41.7826876000_75.8783123000_13.7804926000
216.1541695000_55.7964831000_67.0065404000_1.6621510000
231.8274428000_55.1474639000_55.8281927000_7.7555570000
211.3874752000_47.0604303000_46.7994442000_17.3740593000
108.7587557000_62.5325114000_90.1485891000_1.4309476000
285.4976289000_-50.0000000000_-32.5864716000_93.6452948000
226.4586261000_59.3311371000_159.9581322000_150.0494490000
232.3284356000_40.5493265000_63.7966235000_-3.7935372000
289.1070020000_-44.9249527000_249.1271865000_1.2883229000
266.3853917000_54.5942015000_50.2154770000_-6.1874919000
245.8467074000_56.2895280000_71.2688897000_-7.7162310000
92.4534124000_-46.3728784000_262.2411874000_209.0260993000
234.1098556000_59.4553062000_58.9698983000_-1.5015574000
-20.9331305000_47.9467318000_274.5642391000_167.9433905000
warning in stationary: failed to import cython module: falling back to numpy
warning in coregionalize: failed to import cython module: falling back to numpy
warning in choleskies: failed to import cython module: falling back to numpy
