286.3260799000_-46.4819075000_302.2469606000_2.4802274000
168.2739500000_56.2520167000_262.8315946000_73.6111990000
309.8487012000_70.0000000000_306.9381395000_44.2026564000
231.2156799000_-17.4238472000_168.9674835000_283.1868496000
-50.0000000000_70.0000000000_251.4078913000_4.9708642000
258.0392668000_70.0000000000_230.3672503000_9.6880440000
310.0000000000_-31.7915113000_251.4074233000_11.9231257000
-3.7985153000_-43.3425807000_207.4840794000_6.5903658000
-16.3081004000_43.9380189000_232.0827247000_5.1317056000
309.8758980000_14.3019178000_259.1462324000_-.1514278000
-36.2498840000_46.6384453000_146.8834047000_8.1012785000
34.0236468000_48.5153395000_-50.0000000000_1.8783261000
70.9851475000_46.1488518000_226.1390779000_-21.4442500000
67.2731356000_20.9831394000_201.1258553000_13.9230465000
78.0619592000_-27.8772940000_266.3619111000_-7.5745312000
85.0505929000_48.0002083000_75.4276689000_-18.0793134000
85.9836058000_15.1352788000_286.9585707000_-36.7387150000
53.0929073000_-25.1041359000_-3.7509908000_15.2484173000
73.4555535000_62.9854015000_246.2577754000_14.3470839000
31.6735657000_-25.0228482000_307.5648665000_177.1316533000
30.7821924000_64.7271077000_271.9462946000_187.5243248000
9.7787254000_53.0870160000_-9.4208128000_191.3717678000
-4.6315582000_24.7400480000_259.5875636000_191.1198214000
288.8989392000_67.7924616000_278.5769700000_181.4114954000
153.7857098000_50.3455837000_291.2411898000_198.9728569000
-15.5639413000_-50.0000000000_172.9597429000_189.9366660000
-15.4855223000_-39.4029657000_282.5532466000_220.4286246000
-5.8891055000_50.6360651000_276.8664298000_148.0345987000
246.6223040000_-40.9588366000_48.8868065000_175.9206582000
238.5934068000_-11.7975734000_226.4524821000_177.9719905000
280.6368159000_28.2585407000_81.1778840000_200.5812911000
91.7117250000_70.0000000000_84.5862344000_200.3374859000
67.8171616000_32.3224074000_157.8302208000_216.7516941000
73.7571801000_1.5453854000_42.9208438000_200.9568381000
29.4168060000_-50.0000000000_71.3420726000_162.4635410000
292.5656323000_11.7008771000_1.3942728000_164.9972117000
97.6804745000_-47.1764563000_216.2251440000_171.0326405000
114.8267197000_-47.1548868000_-9.8890707000_161.6978290000
196.5495753000_56.1696992000_147.9318381000_175.1365944000
66.6419451000_46.6137556000_142.8229757000_173.4083223000
130.0795733000_38.5098452000_65.8702754000_179.5804509000
99.9814355000_-26.5962959000_131.0088540000_178.8227930000
292.8619527000_45.0945603000_104.6916332000_162.3818887000
12.3009256000_20.9735471000_95.8453500000_178.0229011000
88.9702901000_35.1783414000_234.6318000000_175.9489955000
268.5345764000_41.4780351000_216.9503475000_175.7262653000
106.8858296000_57.4843573000_196.3432844000_190.7776188000
-24.3277700000_3.8622060000_75.7121242000_66.9137264000
64.0349180000_1.6807385000_220.0384170000_180.7707320000
226.2549576000_49.9727158000_310.0000000000_162.6404181000
72.5187576000_18.6717333000_303.7556278000_178.2278675000
282.2155914000_-45.3317769000_168.6040379000_148.8984924000
34.2236106000_49.1872672000_58.8948210000_257.7485043000
97.4639240000_-28.6136113000_257.6553310000_190.5080895000
-40.8480486000_56.7155854000_73.9227654000_183.8408010000
83.3605215000_59.1757154000_267.5728074000_172.3623542000
58.7084549000_50.0809371000_67.4814792000_179.4263612000
256.8349403000_-50.0000000000_118.9201195000_188.8639140000
57.5532005000_-41.7004235000_237.2746442000_176.7230001000
98.2168677000_61.9262239000_97.4183812000_170.0948495000
244.1222667000_47.7089308000_58.3639308000_182.2213414000
178.8740740000_18.1223933000_131.4202469000_194.6396126000
47.5964853000_50.0314466000_225.9815097000_175.6039729000
61.8534699000_47.3012631000_245.5940887000_188.5373821000
66.9902418000_-50.0000000000_227.2200216000_183.7369401000
290.7194138000_43.3256906000_310.0000000000_192.6775575000
-50.0000000000_56.7179822000_19.4548100000_166.8075928000
176.6625429000_70.0000000000_88.7914135000_186.0346948000
64.0561170000_60.3861138000_235.9327744000_175.3576812000
74.3435959000_68.4801775000_15.7048550000_185.0497086000
50.9762065000_33.9139231000_233.9235509000_176.2608547000
141.9165560000_54.0482344000_182.5795359000_-4.0392931000
41.8319290000_63.2362489000_108.8271169000_183.2921204000
51.6328224000_46.0254308000_202.5298572000_184.2706091000
54.4593879000_-38.3582600000_54.6264050000_184.5051620000
56.0604749000_-50.0000000000_188.7244647000_172.9790844000
76.4116208000_69.1193727000_273.8075746000_184.8295985000
66.2296155000_53.3781534000_224.1966769000_177.0834644000
294.0596241000_-20.9333563000_-5.5694547000_197.5386434000
47.6987221000_-50.0000000000_226.5731683000_178.2946871000
157.4402152000_-33.6300142000_77.5833958000_25.7412397000
141.9902849000_38.3309045000_6.9472207000_23.4355146000
94.9562065000_-50.0000000000_119.9119135000_35.5933211000
166.8351869000_68.5570777000_247.0184818000_171.1048584000
52.8104796000_59.0349256000_235.0797391000_181.0307410000
79.3197783000_-50.0000000000_245.6384059000_180.2456630000
13.6042908000_52.6025810000_157.4476875000_168.4945303000
217.3747032000_55.7518971000_91.3353075000_149.0311183000
222.4290202000_-47.6878091000_82.3555709000_-11.3165816000
283.1496216000_-27.2658437000_66.0881395000_-15.1891801000
224.5394501000_12.9628060000_93.7062133000_-2.7167847000
199.1821418000_-26.4435616000_48.4765790000_-30.9892605000
251.8764890000_-50.0000000000_73.3173283000_18.3009110000
-50.0000000000_56.1790571000_109.3224925000_-37.6429198000
233.2102797000_-31.3494060000_120.2775216000_-5.0683575000
74.5845262000_52.5277568000_242.6486739000_262.6384387000
260.4436994000_47.3660472000_50.1388074000_-9.9376124000
21.6114964000_-34.2330130000_215.9816564000_93.5472397000
-20.4986201000_60.7391328000_57.3529607000_1.7775575000
198.1457987000_48.2728325000_81.4241734000_-.1446264000
warning in stationary: failed to import cython module: falling back to numpy
warning in coregionalize: failed to import cython module: falling back to numpy
warning in choleskies: failed to import cython module: falling back to numpy
