
-----------------------------   Welcome to ....   ------------------------------
                      _______  _______ _______ _______ 
                     |   _   \|   _   |   _   |   _   |
                     |.  1   /|.  |   |   1___|   1___|
                     |.  _   \|.  |   |____   |____   |
                     |:  1    |:  1   |:  1   |:  1   |
                     |::.. .  |::.. . |::.. . |::.. . |
                     `-------'`-------`-------`-------'

                                 Version 0.9.17                                 
                              02-06-2020 09:38:59                               
--------------------------------------------------------------------------------

| Reading BOSS input file from: in_4D
| Initializing...

--------------------------------------------------------------------------------
                                   INPUT FILE                                   
--------------------------------------------------------------------------------
# input file for alanine 2D (d4-d13)

# optimization
userfn       userfn_4D.py
bounds       -50 310; -50 310
kernel       stdp
yrange       -10 10
initpts      2
iterpts      50
verbosity    2

pp_iters 50
pp_models 1
pp_model_slice 1 2 50
--------------------------------------------------------------------------------
                               SIMULATION OPTIONS                               
--------------------------------------------------------------------------------
|| File input/output 
ipfile         in_4D
userfn         userfn_4D.py
outfile        boss.out
rstfile        boss.rst

|| Key settings 
bounds         -5.000E+01 3.100E+02;    -5.000E+01 3.100E+02
kerntype       stdp stdp
yrange         -1.000E+01 1.000E+01
noise          1.000E-12
inittype       sobol
initpts   2    iterpts   50
gm_tol         none
verbosity      2

|| Data acquisition 
acqfn                elcb
acqtol               1.000E-03

|| GP hyperparameters 
thetainit       1.000E+01 3.142E-01
thetabounds     none
thetaprior      gamma
thetapriorpar   2.038E-01 8.884E-04;    3.368E+00 9.020E+00;    3.368E+00 9.020E+00

|| Hyperparameter optimization
updatefreq   1  initupdate      True
updateoffset 0  updaterestarts  2


--------------------------------------------------------------------------------
                              INITIAL DATAPOINT 1                               
--------------------------------------------------------------------------------
| Evaluating objective function at x = -5.000E+01 -5.000E+01
| Objective function evaluated, time [s]        2.891
| Data point added to dataset (x y): 
 -5.0000000000E+01 -5.0000000000E+01       3.1783900000E+01

| Total ensemble size: 1
| Next sampling location x_next:
  1.3000000000E+02  1.3000000000E+02

Iteration time [s]:    2.893        Total time [s]:    2.968

--------------------------------------------------------------------------------
                              INITIAL DATAPOINT 2                               
--------------------------------------------------------------------------------
| Evaluating objective function at x = 1.300E+02 1.300E+02
| Objective function evaluated, time [s]        0.946
| Data point added to dataset (x y): 
  1.3000000000E+02  1.3000000000E+02       2.3797900000E+01

| Total ensemble size: 2
| Best acquisition, x_best y_best:
  1.3000000000E+02  1.3000000000E+02       2.3797900000E+01
| Global minimum prediction, x_hat mu_hat +- nu_hat:
  1.3000000000E+02  1.3000000000E+02       2.3797900005E+01  1.0001999140E-08

| GP model hyperparameters (lengthscales variance):
  3.5431832903E-01  3.5431832903E-01       8.8471133007E+00
| Next sampling location x_next:
  8.3769390670E+01  1.1889801567E+02

Iteration time [s]:    1.401        Total time [s]:    4.369

--------------------------------------------------------------------------------
                                 BO ITERATION 1                                 
--------------------------------------------------------------------------------
| Evaluating objective function at x = 8.377E+01 1.189E+02
| Objective function evaluated, time [s]        0.401
| Data point added to dataset (x y): 
  8.3769390670E+01  1.1889801567E+02       2.7286500000E+01

| Total ensemble size: 3
| Best acquisition, x_best y_best:
  1.3000000000E+02  1.3000000000E+02       2.3797900000E+01
| Global minimum prediction, x_hat mu_hat +- nu_hat:
  1.3630187314E+02  1.3176484277E+02       2.3717010454E+01  1.7146445537E-01
| Global minimum convergence, d_xhat d_muhat:
  6.5443315251E+00  1.0128919436E-02

| GP model hyperparameters (lengthscales variance):
  3.1817984121E-01  3.5299332784E-01       7.4717118586E+00
| Next sampling location x_next:
  1.7020902572E+02  1.4937436892E+02

Iteration time [s]:    1.171        Total time [s]:    5.541

--------------------------------------------------------------------------------
                                 BO ITERATION 2                                 
--------------------------------------------------------------------------------
| Evaluating objective function at x = 1.702E+02 1.494E+02
| Objective function evaluated, time [s]        0.403
| Data point added to dataset (x y): 
  1.7020902572E+02  1.4937436892E+02       1.9329400000E+01

| Total ensemble size: 4
| Best acquisition, x_best y_best:
  1.7020902572E+02  1.4937436892E+02       1.9329400000E+01
| Global minimum prediction, x_hat mu_hat +- nu_hat:
  1.7695824847E+02  1.5303361615E+02       1.9202785317E+01  2.3846098868E-01
| Global minimum convergence, d_xhat d_muhat:
  4.5883565420E+01  3.6245735576E-01

| GP model hyperparameters (lengthscales variance):
  3.9237807574E-01  3.5322117995E-01       1.5408748568E+01
| Next sampling location x_next:
  1.6708200345E+02  1.9668486714E+02

Iteration time [s]:    1.102        Total time [s]:    6.643

--------------------------------------------------------------------------------
                                 BO ITERATION 3                                 
--------------------------------------------------------------------------------
| Evaluating objective function at x = 1.671E+02 1.967E+02
| Objective function evaluated, time [s]        1.283
| Data point added to dataset (x y): 
  1.6708200345E+02  1.9668486714E+02       1.7051100000E+01

| Total ensemble size: 5
| Best acquisition, x_best y_best:
  1.6708200345E+02  1.9668486714E+02       1.7051100000E+01
| Global minimum prediction, x_hat mu_hat +- nu_hat:
  1.7133150253E+02  1.9272116760E+02       1.7002994466E+01  1.5269246563E-01
| Global minimum convergence, d_xhat d_muhat:
  4.0084436016E+01  1.4931247626E-01

| GP model hyperparameters (lengthscales variance):
  4.2791479057E-01  4.2102162234E-01       1.9419949439E+01
| Next sampling location x_next:
  2.2478870537E+02  1.9404280614E+02

Iteration time [s]:    1.767        Total time [s]:    8.410

--------------------------------------------------------------------------------
                                 BO ITERATION 4                                 
--------------------------------------------------------------------------------
| Evaluating objective function at x = 2.248E+02 1.940E+02
| Objective function evaluated, time [s]        0.407
| Data point added to dataset (x y): 
  2.2478870537E+02  1.9404280614E+02       1.6734400000E+01

| Total ensemble size: 6
| Best acquisition, x_best y_best:
  2.2478870537E+02  1.9404280614E+02       1.6734400000E+01
| Global minimum prediction, x_hat mu_hat +- nu_hat:
  1.9972283993E+02  1.9099036497E+02       1.6241946983E+01  6.3540316804E-01
| Global minimum convergence, d_xhat d_muhat:
  2.8444045368E+01  5.0569619177E-02

| GP model hyperparameters (lengthscales variance):
  5.2979858405E-01  4.0158256706E-01       2.0798400130E+01
| Next sampling location x_next:
  1.9107917308E+02  2.4859863606E+02

Iteration time [s]:    0.899        Total time [s]:    9.309

--------------------------------------------------------------------------------
                                 BO ITERATION 5                                 
--------------------------------------------------------------------------------
| Evaluating objective function at x = 1.911E+02 2.486E+02
| Objective function evaluated, time [s]        0.401
| Data point added to dataset (x y): 
  1.9107917308E+02  2.4859863606E+02       2.7559000000E+01

| Total ensemble size: 7
| Best acquisition, x_best y_best:
  2.2478870537E+02  1.9404280614E+02       1.6734400000E+01
| Global minimum prediction, x_hat mu_hat +- nu_hat:
  1.9620291008E+02  1.8345182884E+02       1.5876909080E+01  1.0570205373E+00
| Global minimum convergence, d_xhat d_muhat:
  8.3198217064E+00  2.4255815956E-02

| GP model hyperparameters (lengthscales variance):
  5.9607080530E-01  3.1817088076E-01       2.1884520716E+01
| Next sampling location x_next:
 -2.9011734829E+01  1.8552370498E+02

Iteration time [s]:    1.033        Total time [s]:   10.343

--------------------------------------------------------------------------------
                                 BO ITERATION 6                                 
--------------------------------------------------------------------------------
| Evaluating objective function at x = -2.901E+01 1.855E+02
| Objective function evaluated, time [s]        0.403
| Data point added to dataset (x y): 
 -2.9011734829E+01  1.8552370498E+02       1.8348600000E+01

| Total ensemble size: 8
| Best acquisition, x_best y_best:
  2.2478870537E+02  1.9404280614E+02       1.6734400000E+01
| Global minimum prediction, x_hat mu_hat +- nu_hat:
  1.9646259192E+02  1.8271197226E+02       1.6030325409E+01  8.6865558485E-01
| Global minimum convergence, d_xhat d_muhat:
  7.8410611861E-01  1.0194114688E-02

| GP model hyperparameters (lengthscales variance):
  6.6948574358E-01  3.1950668350E-01       2.1247731685E+01
| Next sampling location x_next:
  7.0297589503E+01  1.9453605966E+02

Iteration time [s]:    1.031        Total time [s]:   11.375

--------------------------------------------------------------------------------
                                 BO ITERATION 7                                 
--------------------------------------------------------------------------------
| Evaluating objective function at x = 7.030E+01 1.945E+02
| Objective function evaluated, time [s]        0.553
| Data point added to dataset (x y): 
  7.0297589503E+01  1.9453605966E+02       1.8185700000E+01

| Total ensemble size: 9
| Best acquisition, x_best y_best:
  2.2478870537E+02  1.9404280614E+02       1.6734400000E+01
| Global minimum prediction, x_hat mu_hat +- nu_hat:
  1.9869345814E+02  1.8230515405E+02       1.6087762334E+01  6.2686720632E-01
| Global minimum convergence, d_xhat d_muhat:
  2.2676563086E+00  3.8165337325E-03

| GP model hyperparameters (lengthscales variance):
  7.8192104552E-01  3.2944466072E-01       2.0499593664E+01
| Next sampling location x_next:
  2.0547661080E+02  4.1878095909E+01

Iteration time [s]:    1.317        Total time [s]:   12.692

--------------------------------------------------------------------------------
                                 BO ITERATION 8                                 
--------------------------------------------------------------------------------
| Evaluating objective function at x = 2.055E+02 4.188E+01
| Objective function evaluated, time [s]        0.398
| Data point added to dataset (x y): 
  2.0547661080E+02  4.1878095909E+01       2.8071400000E+01

| Total ensemble size: 10
| Best acquisition, x_best y_best:
  2.2478870537E+02  1.9404280614E+02       1.6734400000E+01
| Global minimum prediction, x_hat mu_hat +- nu_hat:
  1.9866113611E+02  1.8204725937E+02       1.6082220323E+01  4.1732404499E-01
| Global minimum convergence, d_xhat d_muhat:
  2.5991225770E-01  3.6825217425E-04

| GP model hyperparameters (lengthscales variance):
  8.4359748227E-01  3.5618001328E-01       1.9815549084E+01
| Next sampling location x_next:
  2.6755539408E+02  1.6018903942E+02

Iteration time [s]:    1.165        Total time [s]:   13.858

--------------------------------------------------------------------------------
                                 BO ITERATION 9                                 
--------------------------------------------------------------------------------
| Evaluating objective function at x = 2.676E+02 1.602E+02
| Objective function evaluated, time [s]        0.402
| Data point added to dataset (x y): 
  2.6755539408E+02  1.6018903942E+02       1.9275400000E+01

| Total ensemble size: 11
| Best acquisition, x_best y_best:
  2.2478870537E+02  1.9404280614E+02       1.6734400000E+01
| Global minimum prediction, x_hat mu_hat +- nu_hat:
  1.9298363683E+02  1.8231742374E+02       1.6093893529E+01  2.7996257592E-01
| Global minimum convergence, d_xhat d_muhat:
  5.6839235418E+00  7.7565410860E-04

| GP model hyperparameters (lengthscales variance):
  9.4720764616E-01  3.7843630801E-01       1.9475219350E+01
| Next sampling location x_next:
  1.2439280907E+02  1.7433436126E+02

Iteration time [s]:    1.181        Total time [s]:   15.040

--------------------------------------------------------------------------------
                                BO ITERATION 10                                 
--------------------------------------------------------------------------------
| Evaluating objective function at x = 1.244E+02 1.743E+02
| Objective function evaluated, time [s]        0.902
| Data point added to dataset (x y): 
  1.2439280907E+02  1.7433436126E+02       1.6270200000E+01

| Total ensemble size: 12
| Best acquisition, x_best y_best:
  1.2439280907E+02  1.7433436126E+02       1.6270200000E+01
| Global minimum prediction, x_hat mu_hat +- nu_hat:
  1.6585303569E+02  1.7970518552E+02       1.5794165261E+01  1.2907336345E-01
| Global minimum convergence, d_xhat d_muhat:
  2.7256069176E+01  1.9320231017E-02

| GP model hyperparameters (lengthscales variance):
  1.0210037436E+00  3.8759061742E-01       2.0646458393E+01
| Next sampling location x_next:
  1.9250676655E+02  1.7835833526E+02

Iteration time [s]:    1.654        Total time [s]:   16.695

--------------------------------------------------------------------------------
                                BO ITERATION 11                                 
--------------------------------------------------------------------------------
| Evaluating objective function at x = 1.925E+02 1.784E+02
| Objective function evaluated, time [s]        0.404
| Data point added to dataset (x y): 
  1.9250676655E+02  1.7835833526E+02       1.5839900000E+01

| Total ensemble size: 13
| Best acquisition, x_best y_best:
  1.9250676655E+02  1.7835833526E+02       1.5839900000E+01
| Global minimum prediction, x_hat mu_hat +- nu_hat:
  1.7086723111E+02  1.7965884778E+02       1.5748748643E+01  9.0523454808E-03
| Global minimum convergence, d_xhat d_muhat:
  5.0144095302E+00  2.8485084461E-03

| GP model hyperparameters (lengthscales variance):
  1.1270545989E+00  4.2624846520E-01       2.1785944072E+01
| Next sampling location x_next:
  2.5377810845E+02  1.8417744082E+02

Iteration time [s]:    1.254        Total time [s]:   17.949

--------------------------------------------------------------------------------
                                BO ITERATION 12                                 
--------------------------------------------------------------------------------
| Evaluating objective function at x = 2.538E+02 1.842E+02
| Objective function evaluated, time [s]        0.402
| Data point added to dataset (x y): 
  2.5377810845E+02  1.8417744082E+02       1.7118300000E+01

| Total ensemble size: 14
| Best acquisition, x_best y_best:
  1.9250676655E+02  1.7835833526E+02       1.5839900000E+01
| Global minimum prediction, x_hat mu_hat +- nu_hat:
  1.7902052250E+02  1.8046106484E+02       1.5760910365E+01  5.6028792764E-03
| Global minimum convergence, d_xhat d_muhat:
  8.1926621214E+00  7.6277738858E-04

| GP model hyperparameters (lengthscales variance):
  1.0527970582E+00  4.2629910595E-01       2.3125944316E+01
| Next sampling location x_next:
  4.5901351673E+01  1.7071994849E+02

Iteration time [s]:    1.247        Total time [s]:   19.196

--------------------------------------------------------------------------------
                                BO ITERATION 13                                 
--------------------------------------------------------------------------------
| Evaluating objective function at x = 4.590E+01 1.707E+02
| Objective function evaluated, time [s]        0.792
| Data point added to dataset (x y): 
  4.5901351673E+01  1.7071994849E+02       1.7727400000E+01

| Total ensemble size: 15
| Best acquisition, x_best y_best:
  1.9250676655E+02  1.7835833526E+02       1.5839900000E+01
| Global minimum prediction, x_hat mu_hat +- nu_hat:
  1.8095276422E+02  1.8065566636E+02       1.5767415722E+01  2.8128791772E-03
| Global minimum convergence, d_xhat d_muhat:
  1.9420164326E+00  4.0801286349E-04

| GP model hyperparameters (lengthscales variance):
  1.1539032660E+00  4.3925018206E-01       2.3672799753E+01
| Next sampling location x_next:
  1.6583735751E+02  1.7942076961E+02

Iteration time [s]:    1.845        Total time [s]:   21.041

--------------------------------------------------------------------------------
                                BO ITERATION 14                                 
--------------------------------------------------------------------------------
| Evaluating objective function at x = 1.658E+02 1.794E+02
| Objective function evaluated, time [s]        0.398
| Data point added to dataset (x y): 
  1.6583735751E+02  1.7942076961E+02       1.5986300000E+01

| Total ensemble size: 16
| Best acquisition, x_best y_best:
  1.9250676655E+02  1.7835833526E+02       1.5839900000E+01
| Global minimum prediction, x_hat mu_hat +- nu_hat:
  1.9537645242E+02  1.8121766107E+02       1.5807077993E+01  2.9346778629E-04
| Global minimum convergence, d_xhat d_muhat:
  1.4434632634E+01  2.4875985354E-03

| GP model hyperparameters (lengthscales variance):
  1.0520563462E+00  4.5832800885E-01       2.6583142619E+01
| Next sampling location x_next:
  8.6174535302E+01 -1.1634423657E+00

Iteration time [s]:    1.367        Total time [s]:   22.409

--------------------------------------------------------------------------------
                                BO ITERATION 15                                 
--------------------------------------------------------------------------------
| Evaluating objective function at x = 8.617E+01 -1.163E+00
| Objective function evaluated, time [s]        0.405
| Data point added to dataset (x y): 
  8.6174535302E+01 -1.1634423657E+00       2.5705200000E+01

| Total ensemble size: 17
| Best acquisition, x_best y_best:
  1.9250676655E+02  1.7835833526E+02       1.5839900000E+01
| Global minimum prediction, x_hat mu_hat +- nu_hat:
  1.9532069889E+02  1.8124333032E+02       1.5806618854E+01  3.4671550357E-04
| Global minimum convergence, d_xhat d_muhat:
  6.1378872729E-02  2.8796977351E-05

| GP model hyperparameters (lengthscales variance):
  1.0346411316E+00  4.3692817240E-01       2.3562431625E+01
| Next sampling location x_next:
  1.9467260223E+02  1.8342554373E+02

Iteration time [s]:    1.720        Total time [s]:   24.130

--------------------------------------------------------------------------------
                                BO ITERATION 16                                 
--------------------------------------------------------------------------------
| Evaluating objective function at x = 1.947E+02 1.834E+02
| Objective function evaluated, time [s]        0.405
| Data point added to dataset (x y): 
  1.9467260223E+02  1.8342554373E+02       1.5865000000E+01

| Total ensemble size: 18
| Best acquisition, x_best y_best:
  1.9250676655E+02  1.7835833526E+02       1.5839900000E+01
| Global minimum prediction, x_hat mu_hat +- nu_hat:
  1.9571930989E+02  1.8021643316E+02       1.5825101434E+01  3.7061472339E-05
| Global minimum convergence, d_xhat d_muhat:
  1.1015482287E+00  1.1592184695E-03

| GP model hyperparameters (lengthscales variance):
  1.0471020732E+00  4.3916212584E-01       2.5062901063E+01
| Next sampling location x_next:
  1.3260588513E+02  1.8254506038E+02

Iteration time [s]:    1.444        Total time [s]:   25.574

--------------------------------------------------------------------------------
                                BO ITERATION 17                                 
--------------------------------------------------------------------------------
| Evaluating objective function at x = 1.326E+02 1.825E+02
| Objective function evaluated, time [s]        0.402
| Data point added to dataset (x y): 
  1.3260588513E+02  1.8254506038E+02       1.6122800000E+01

| Total ensemble size: 19
| Best acquisition, x_best y_best:
  1.9250676655E+02  1.7835833526E+02       1.5839900000E+01
| Global minimum prediction, x_hat mu_hat +- nu_hat:
  2.0033186366E+02  1.8015016376E+02       1.5810793192E+01  2.7891011648E-04
| Global minimum convergence, d_xhat d_muhat:
  4.6130297971E+00  8.9740602686E-04

| GP model hyperparameters (lengthscales variance):
  9.6468085020E-01  4.8839206074E-01       2.6898972273E+01
| Next sampling location x_next:
  2.1231629401E+02  1.7936921365E+02

Iteration time [s]:    1.481        Total time [s]:   27.055

--------------------------------------------------------------------------------
                                BO ITERATION 18                                 
--------------------------------------------------------------------------------
| Evaluating objective function at x = 2.123E+02 1.794E+02
| Objective function evaluated, time [s]        0.936
| Data point added to dataset (x y): 
  2.1231629401E+02  1.7936921365E+02       1.5817400000E+01

| Total ensemble size: 20
| Best acquisition, x_best y_best:
  2.1231629401E+02  1.7936921365E+02       1.5817400000E+01
| Global minimum prediction, x_hat mu_hat +- nu_hat:
  2.0436203220E+02  1.8001075725E+02       1.5788653498E+01  5.0186270374E-06
| Global minimum convergence, d_xhat d_muhat:
  4.0325789115E+00  1.3866341044E-03

| GP model hyperparameters (lengthscales variance):
  9.6254191678E-01  5.1926070857E-01       2.9025901771E+01
| Next sampling location x_next:
  2.0466318553E+02  1.8043063321E+02

Iteration time [s]:    2.045        Total time [s]:   29.101

--------------------------------------------------------------------------------
                                BO ITERATION 19                                 
--------------------------------------------------------------------------------
| Evaluating objective function at x = 2.047E+02 1.804E+02
| Objective function evaluated, time [s]        0.403
| Data point added to dataset (x y): 
  2.0466318553E+02  1.8043063321E+02       1.5793900000E+01

| Total ensemble size: 21
| Best acquisition, x_best y_best:
  2.0466318553E+02  1.8043063321E+02       1.5793900000E+01
| Global minimum prediction, x_hat mu_hat +- nu_hat:
  2.0432923067E+02  1.7976715388E+02       1.5792153670E+01  5.8298878782E-07
| Global minimum convergence, d_xhat d_muhat:
  2.4580183332E-01  2.1889754545E-04

| GP model hyperparameters (lengthscales variance):
  9.5484355576E-01  5.1158293635E-01       3.0831805703E+01
| Next sampling location x_next:
  2.0440802552E+02  1.7919897106E+02

Iteration time [s]:    1.646        Total time [s]:   30.748

--------------------------------------------------------------------------------
                                BO ITERATION 20                                 
--------------------------------------------------------------------------------
| Evaluating objective function at x = 2.044E+02 1.792E+02
| Objective function evaluated, time [s]        1.255
| Acquisition location too confident, doing pure exploration
| Data point added to dataset (x y): 
  2.0440802552E+02  1.7919897106E+02       1.5795500000E+01

| Total ensemble size: 22
| Best acquisition, x_best y_best:
  2.0466318553E+02  1.8043063321E+02       1.5793900000E+01
| Global minimum prediction, x_hat mu_hat +- nu_hat:
  2.0443609526E+02  1.7997879454E+02       1.5793069200E+01  6.3878839106E-09
| Global minimum convergence, d_xhat d_muhat:
  2.3709030125E-01  5.7256410487E-05

| GP model hyperparameters (lengthscales variance):
  9.1521425550E-01  5.3915737848E-01       3.2019468303E+01
| Next sampling location x_next:
 -1.9916878260E+01  4.4938819879E+01

Iteration time [s]:    2.664        Total time [s]:   33.412

--------------------------------------------------------------------------------
                                BO ITERATION 21                                 
--------------------------------------------------------------------------------
| Evaluating objective function at x = -1.992E+01 4.494E+01
| Objective function evaluated, time [s]        0.396
| Acquisition location too confident, doing pure exploration
| Data point added to dataset (x y): 
 -1.9916878260E+01  4.4938819879E+01       2.9847100000E+01

| Total ensemble size: 23
| Best acquisition, x_best y_best:
  2.0466318553E+02  1.8043063321E+02       1.5793900000E+01
| Global minimum prediction, x_hat mu_hat +- nu_hat:
  2.0443987368E+02  1.7997900702E+02       1.5793069273E+01  6.3590145593E-09
| Global minimum convergence, d_xhat d_muhat:
  3.7843886304E-03  4.5640881665E-09

| GP model hyperparameters (lengthscales variance):
  9.1006788181E-01  5.3442060700E-01       2.9588514361E+01
| Next sampling location x_next:
  5.4613476619E+01  2.8498651567E+02

Iteration time [s]:    1.823        Total time [s]:   35.236

--------------------------------------------------------------------------------
                                BO ITERATION 22                                 
--------------------------------------------------------------------------------
| Evaluating objective function at x = 5.461E+01 2.850E+02
| Objective function evaluated, time [s]        0.759
| Acquisition location too confident, doing pure exploration
| Data point added to dataset (x y): 
  5.4613476619E+01  2.8498651567E+02       3.2273800000E+01

| Total ensemble size: 24
| Best acquisition, x_best y_best:
  2.0466318553E+02  1.8043063321E+02       1.5793900000E+01
| Global minimum prediction, x_hat mu_hat +- nu_hat:
  2.0444650371E+02  1.7997896158E+02       1.5793072205E+01  6.2874700112E-09
| Global minimum convergence, d_xhat d_muhat:
  6.6301820802E-03  1.7789848686E-07

| GP model hyperparameters (lengthscales variance):
  9.2105047898E-01  5.3494556473E-01       2.8914365833E+01
| Next sampling location x_next:
  1.8724843342E+02 -3.1471573250E+01

Iteration time [s]:    2.473        Total time [s]:   37.710

--------------------------------------------------------------------------------
                                BO ITERATION 23                                 
--------------------------------------------------------------------------------
| Evaluating objective function at x = 1.872E+02 -3.147E+01
| Objective function evaluated, time [s]        0.400
| Acquisition location too confident, doing pure exploration
| Data point added to dataset (x y): 
  1.8724843342E+02 -3.1471573250E+01       2.6898200000E+01

| Total ensemble size: 25
| Best acquisition, x_best y_best:
  2.0466318553E+02  1.8043063321E+02       1.5793900000E+01
| Global minimum prediction, x_hat mu_hat +- nu_hat:
  2.0444897485E+02  1.7997901183E+02       1.5793072834E+01  6.2922342003E-09
| Global minimum convergence, d_xhat d_muhat:
  2.4716482980E-03  3.8167459445E-08

| GP model hyperparameters (lengthscales variance):
  9.1478044389E-01  5.2953840772E-01       2.7320892846E+01
| Next sampling location x_next:
  2.7117598367E+02  8.5270911859E+01

Iteration time [s]:    2.084        Total time [s]:   39.794

--------------------------------------------------------------------------------
                                BO ITERATION 24                                 
--------------------------------------------------------------------------------
| Evaluating objective function at x = 2.712E+02 8.527E+01
| Objective function evaluated, time [s]        0.408
| Acquisition location too confident, doing pure exploration
| Data point added to dataset (x y): 
  2.7117598367E+02  8.5270911859E+01       3.2564400000E+01

| Total ensemble size: 26
| Best acquisition, x_best y_best:
  2.0466318553E+02  1.8043063321E+02       1.5793900000E+01
| Global minimum prediction, x_hat mu_hat +- nu_hat:
  2.0445450006E+02  1.7998001728E+02       1.5793078342E+01  6.1765578429E-09
| Global minimum convergence, d_xhat d_muhat:
  5.6159477744E-03  3.2841136162E-07

| GP model hyperparameters (lengthscales variance):
  9.2805866476E-01  5.3903058262E-01       2.7889376022E+01
| Next sampling location x_next:
  2.7212089937E+02  4.6070448126E+00

Iteration time [s]:    1.965        Total time [s]:   41.760

--------------------------------------------------------------------------------
                                BO ITERATION 25                                 
--------------------------------------------------------------------------------
| Evaluating objective function at x = 2.721E+02 4.607E+00
| Objective function evaluated, time [s]        0.402
| Acquisition location too confident, doing pure exploration
| Data point added to dataset (x y): 
  2.7212089937E+02  4.6070448126E+00       2.6946100000E+01

| Total ensemble size: 27
| Best acquisition, x_best y_best:
  2.0466318553E+02  1.8043063321E+02       1.5793900000E+01
| Global minimum prediction, x_hat mu_hat +- nu_hat:
  2.0445307799E+02  1.7997993922E+02       1.5793078787E+01  6.1552486662E-09
| Global minimum convergence, d_xhat d_muhat:
  1.4242108983E-03  2.6550384310E-08

| GP model hyperparameters (lengthscales variance):
  9.3024952836E-01  5.3807127541E-01       2.6987835318E+01
| Next sampling location x_next:
 -2.1898195563E+01  2.5402462395E+02

Iteration time [s]:    2.130        Total time [s]:   43.890

--------------------------------------------------------------------------------
                                BO ITERATION 26                                 
--------------------------------------------------------------------------------
| Evaluating objective function at x = -2.190E+01 2.540E+02
| Objective function evaluated, time [s]        0.398
| Acquisition location too confident, doing pure exploration
| Data point added to dataset (x y): 
 -2.1898195563E+01  2.5402462395E+02       3.0516600000E+01

| Total ensemble size: 28
| Best acquisition, x_best y_best:
  2.0466318553E+02  1.8043063321E+02       1.5793900000E+01
| Global minimum prediction, x_hat mu_hat +- nu_hat:
  2.0445470050E+02  1.7997983341E+02       1.5793079382E+01  5.9877488744E-09
| Global minimum convergence, d_xhat d_muhat:
  1.6259573197E-03  3.5470831239E-08

| GP model hyperparameters (lengthscales variance):
  9.3387654880E-01  5.4720318638E-01       2.6612023098E+01
| Next sampling location x_next:
  1.0071785834E+02  5.7531488736E+01

Iteration time [s]:    2.229        Total time [s]:   46.120

--------------------------------------------------------------------------------
                                BO ITERATION 27                                 
--------------------------------------------------------------------------------
| Evaluating objective function at x = 1.007E+02 5.753E+01
| Objective function evaluated, time [s]        0.403
| Acquisition location too confident, doing pure exploration
| Data point added to dataset (x y): 
  1.0071785834E+02  5.7531488736E+01       3.0317900000E+01

| Total ensemble size: 29
| Best acquisition, x_best y_best:
  2.0466318553E+02  1.8043063321E+02       1.5793900000E+01
| Global minimum prediction, x_hat mu_hat +- nu_hat:
  2.0445061671E+02  1.7997963500E+02       1.5793076212E+01  5.9004729102E-09
| Global minimum convergence, d_xhat d_muhat:
  4.0886034998E-03  1.8901936895E-07

| GP model hyperparameters (lengthscales variance):
  9.3924394119E-01  5.6401408569E-01       2.7227244306E+01
| Next sampling location x_next:
  8.9866584107E+00 -1.6151033595E+01

Iteration time [s]:    2.328        Total time [s]:   48.449

--------------------------------------------------------------------------------
                                BO ITERATION 28                                 
--------------------------------------------------------------------------------
| Evaluating objective function at x = 8.987E+00 -1.615E+01
| Objective function evaluated, time [s]        0.398
| Acquisition location too confident, doing pure exploration
| Data point added to dataset (x y): 
  8.9866584107E+00 -1.6151033595E+01       2.5586700000E+01

| Total ensemble size: 30
| Best acquisition, x_best y_best:
  2.0466318553E+02  1.8043063321E+02       1.5793900000E+01
| Global minimum prediction, x_hat mu_hat +- nu_hat:
  2.0445070569E+02  1.7997967096E+02       1.5793078868E+01  5.8893635745E-09
| Global minimum convergence, d_xhat d_muhat:
  9.5971735845E-05  1.5837698172E-07

| GP model hyperparameters (lengthscales variance):
  9.4634653560E-01  5.6903355748E-01       2.8630437991E+01
| Next sampling location x_next:
  1.2839942362E+02  2.9874703656E+02

Iteration time [s]:    2.275        Total time [s]:   50.724

--------------------------------------------------------------------------------
                                BO ITERATION 29                                 
--------------------------------------------------------------------------------
| Evaluating objective function at x = 1.284E+02 2.987E+02
| Objective function evaluated, time [s]        0.405
| Acquisition location too confident, doing pure exploration
| Data point added to dataset (x y): 
  1.2839942362E+02  2.9874703656E+02       3.0590700000E+01

| Total ensemble size: 31
| Best acquisition, x_best y_best:
  2.0466318553E+02  1.8043063321E+02       1.5793900000E+01
| Global minimum prediction, x_hat mu_hat +- nu_hat:
  2.0445050421E+02  1.7997964664E+02       1.5793078840E+01  5.8567247939E-09
| Global minimum convergence, d_xhat d_muhat:
  2.0293993625E-04  1.6648126881E-09

| GP model hyperparameters (lengthscales variance):
  9.5166497720E-01  5.7502682856E-01       2.8310728668E+01
| Next sampling location x_next:
 -9.2170170195E+00  1.0386232172E+02

Iteration time [s]:    2.267        Total time [s]:   52.992

--------------------------------------------------------------------------------
                                BO ITERATION 30                                 
--------------------------------------------------------------------------------
| Evaluating objective function at x = -9.217E+00 1.039E+02
| Objective function evaluated, time [s]        0.409
| Acquisition location too confident, doing pure exploration
| Data point added to dataset (x y): 
 -9.2170170195E+00  1.0386232172E+02       3.0467700000E+01

| Total ensemble size: 32
| Best acquisition, x_best y_best:
  2.0466318553E+02  1.8043063321E+02       1.5793900000E+01
| Global minimum prediction, x_hat mu_hat +- nu_hat:
  2.0445019659E+02  1.7998084022E+02       1.5793076399E+01  5.8053170270E-09
| Global minimum convergence, d_xhat d_muhat:
  1.2325844337E-03  1.4556678625E-07

| GP model hyperparameters (lengthscales variance):
  9.5374873345E-01  5.8752094073E-01       2.8637409436E+01
| Next sampling location x_next:
  2.4487693077E+02  2.9379786409E+02

Iteration time [s]:    2.288        Total time [s]:   55.280

--------------------------------------------------------------------------------
                                BO ITERATION 31                                 
--------------------------------------------------------------------------------
| Evaluating objective function at x = 2.449E+02 2.938E+02
| Objective function evaluated, time [s]        0.899
| Acquisition location too confident, doing pure exploration
| Data point added to dataset (x y): 
  2.4487693077E+02  2.9379786409E+02       3.1295900000E+01

| Total ensemble size: 33
| Best acquisition, x_best y_best:
  2.0466318553E+02  1.8043063321E+02       1.5793900000E+01
| Global minimum prediction, x_hat mu_hat +- nu_hat:
  2.0444495291E+02  1.7997930699E+02       1.5793073721E+01  5.7470809444E-09
| Global minimum convergence, d_xhat d_muhat:
  5.4632392151E-03  1.5966004266E-07

| GP model hyperparameters (lengthscales variance):
  9.5656914860E-01  6.0302851399E-01       2.9404518938E+01
| Next sampling location x_next:
  1.7853307339E+02  8.3767442729E+01

Iteration time [s]:    2.702        Total time [s]:   57.983

--------------------------------------------------------------------------------
                                BO ITERATION 32                                 
--------------------------------------------------------------------------------
| Evaluating objective function at x = 1.785E+02 8.377E+01
| Objective function evaluated, time [s]        0.401
| Acquisition location too confident, doing pure exploration
| Data point added to dataset (x y): 
  1.7853307339E+02  8.3767442729E+01       3.0847600000E+01

| Total ensemble size: 34
| Best acquisition, x_best y_best:
  2.0466318553E+02  1.8043063321E+02       1.5793900000E+01
| Global minimum prediction, x_hat mu_hat +- nu_hat:
  2.0444338675E+02  1.7998028903E+02       1.5793077722E+01  5.6902730527E-09
| Global minimum convergence, d_xhat d_muhat:
  1.8485854320E-03  2.3858244378E-07

| GP model hyperparameters (lengthscales variance):
  9.7007294098E-01  6.4168425554E-01       3.3522390426E+01
| Next sampling location x_next:
  1.4716088045E+02  1.7382402130E+01

Iteration time [s]:    2.203        Total time [s]:   60.186

--------------------------------------------------------------------------------
                                BO ITERATION 33                                 
--------------------------------------------------------------------------------
| Evaluating objective function at x = 1.472E+02 1.738E+01
| Objective function evaluated, time [s]        0.398
| Acquisition location too confident, doing pure exploration
| Data point added to dataset (x y): 
  1.4716088045E+02  1.7382402130E+01       2.5512500000E+01

| Total ensemble size: 35
| Best acquisition, x_best y_best:
  2.0466318553E+02  1.8043063321E+02       1.5793900000E+01
| Global minimum prediction, x_hat mu_hat +- nu_hat:
  2.0444239805E+02  1.7998033476E+02       1.5793077477E+01  5.6610555354E-09
| Global minimum convergence, d_xhat d_muhat:
  9.8975073514E-04  1.4628096951E-08

| GP model hyperparameters (lengthscales variance):
  9.8410806928E-01  6.6100536712E-01       3.5426725732E+01
| Next sampling location x_next:
  2.9973644827E+01  2.3657175131E+02

Iteration time [s]:    2.419        Total time [s]:   62.605

--------------------------------------------------------------------------------
                                BO ITERATION 34                                 
--------------------------------------------------------------------------------
| Evaluating objective function at x = 2.997E+01 2.366E+02
| Objective function evaluated, time [s]        0.417
| Acquisition location too confident, doing pure exploration
| Data point added to dataset (x y): 
  2.9973644827E+01  2.3657175131E+02       2.6201900000E+01

| Total ensemble size: 36
| Best acquisition, x_best y_best:
  2.0466318553E+02  1.8043063321E+02       1.5793900000E+01
| Global minimum prediction, x_hat mu_hat +- nu_hat:
  2.0442114772E+02  1.7998175508E+02       1.5793080675E+01  5.6298342876E-09
| Global minimum convergence, d_xhat d_muhat:
  2.1297748992E-02  1.9070984378E-07

| GP model hyperparameters (lengthscales variance):
  9.9418400955E-01  7.2038606404E-01       4.3371220054E+01
| Next sampling location x_next:
  9.6079758441E+01  2.5428019926E+02

Iteration time [s]:    2.479        Total time [s]:   65.085

--------------------------------------------------------------------------------
                                BO ITERATION 35                                 
--------------------------------------------------------------------------------
| Evaluating objective function at x = 9.608E+01 2.543E+02
| Objective function evaluated, time [s]        0.402
| Acquisition location too confident, doing pure exploration
| Data point added to dataset (x y): 
  9.6079758441E+01  2.5428019926E+02       2.9369000000E+01

| Total ensemble size: 37
| Best acquisition, x_best y_best:
  2.0466318553E+02  1.8043063321E+02       1.5793900000E+01
| Global minimum prediction, x_hat mu_hat +- nu_hat:
  2.0442286676E+02  1.7998242770E+02       1.5793079700E+01  5.6089230148E-09
| Global minimum convergence, d_xhat d_muhat:
  1.8459494317E-03  5.8174672927E-08

| GP model hyperparameters (lengthscales variance):
  1.0091895561E+00  7.4307579582E-01       4.6382346847E+01
| Next sampling location x_next:
  3.6044881423E+01  5.2375264739E+01

Iteration time [s]:    2.450        Total time [s]:   67.535

--------------------------------------------------------------------------------
                                BO ITERATION 36                                 
--------------------------------------------------------------------------------
| Evaluating objective function at x = 3.604E+01 5.238E+01
| Objective function evaluated, time [s]        0.695
| Acquisition location too confident, doing pure exploration
| Data point added to dataset (x y): 
  3.6044881423E+01  5.2375264739E+01       3.0037100000E+01

| Total ensemble size: 38
| Best acquisition, x_best y_best:
  2.0466318553E+02  1.8043063321E+02       1.5793900000E+01
| Global minimum prediction, x_hat mu_hat +- nu_hat:
  2.0442373125E+02  1.7998260902E+02       1.5793079603E+01  5.5851127278E-09
| Global minimum convergence, d_xhat d_muhat:
  8.8329651158E-04  5.7617178737E-09

| GP model hyperparameters (lengthscales variance):
  1.0296296356E+00  7.7130691323E-01       5.0530619890E+01
| Next sampling location x_next:
  2.8085803660E+02  2.6088022193E+02

Iteration time [s]:    2.825        Total time [s]:   70.361

--------------------------------------------------------------------------------
                                BO ITERATION 37                                 
--------------------------------------------------------------------------------
| Evaluating objective function at x = 2.809E+02 2.609E+02
| Objective function evaluated, time [s]        0.399
| Acquisition location too confident, doing pure exploration
| Data point added to dataset (x y): 
  2.8085803660E+02  2.6088022193E+02       3.2189800000E+01

| Total ensemble size: 39
| Best acquisition, x_best y_best:
  2.0466318553E+02  1.8043063321E+02       1.5793900000E+01
| Global minimum prediction, x_hat mu_hat +- nu_hat:
  2.0442322245E+02  1.7998335689E+02       1.5793081417E+01  5.5502890283E-09
| Global minimum convergence, d_xhat d_muhat:
  9.0452919076E-04  1.0814675279E-07

| GP model hyperparameters (lengthscales variance):
  1.0734846634E+00  8.3978638978E-01       6.3847679998E+01
| Next sampling location x_next:
  2.2546010461E+02 -6.8338319848E+00

Iteration time [s]:    2.479        Total time [s]:   72.840

--------------------------------------------------------------------------------
                                BO ITERATION 38                                 
--------------------------------------------------------------------------------
| Evaluating objective function at x = 2.255E+02 -6.834E+00
| Objective function evaluated, time [s]        0.401
| Acquisition location too confident, doing pure exploration
| Data point added to dataset (x y): 
  2.2546010461E+02 -6.8338319848E+00       2.5255600000E+01

| Total ensemble size: 40
| Best acquisition, x_best y_best:
  2.0466318553E+02  1.8043063321E+02       1.5793900000E+01
| Global minimum prediction, x_hat mu_hat +- nu_hat:
  2.0442271449E+02  1.7998355080E+02       1.5793081150E+01  5.5359715922E-09
| Global minimum convergence, d_xhat d_muhat:
  5.4371986005E-04  1.5921555359E-08

| GP model hyperparameters (lengthscales variance):
  1.1062112215E+00  8.9215301768E-01       7.5135276379E+01
| Next sampling location x_next:
  2.2526496616E+02  9.7217767949E+01

Iteration time [s]:    2.724        Total time [s]:   75.565

--------------------------------------------------------------------------------
                                BO ITERATION 39                                 
--------------------------------------------------------------------------------
| Evaluating objective function at x = 2.253E+02 9.722E+01
| Objective function evaluated, time [s]        0.673
| Acquisition location too confident, doing pure exploration
| Data point added to dataset (x y): 
  2.2526496616E+02  9.7217767949E+01       2.9854500000E+01

| Total ensemble size: 41
| Best acquisition, x_best y_best:
  2.0466318553E+02  1.8043063321E+02       1.5793900000E+01
| Global minimum prediction, x_hat mu_hat +- nu_hat:
  2.0442226601E+02  1.7998361635E+02       1.5793080974E+01  5.4988244179E-09
| Global minimum convergence, d_xhat d_muhat:
  4.5323698680E-04  1.0494740781E-08

| GP model hyperparameters (lengthscales variance):
  1.1384152636E+00  9.4303120295E-01       8.7808759266E+01
| Next sampling location x_next:
  3.0563699624E+02  1.1290500471E+02

Iteration time [s]:    2.986        Total time [s]:   78.552

--------------------------------------------------------------------------------
                                BO ITERATION 40                                 
--------------------------------------------------------------------------------
| Evaluating objective function at x = 3.056E+02 1.129E+02
| Objective function evaluated, time [s]        0.401
| Acquisition location too confident, doing pure exploration
| Data point added to dataset (x y): 
  3.0563699624E+02  1.1290500471E+02       3.0210200000E+01

| Total ensemble size: 42
| Best acquisition, x_best y_best:
  2.0466318553E+02  1.8043063321E+02       1.5793900000E+01
| Global minimum prediction, x_hat mu_hat +- nu_hat:
  2.0442189063E+02  1.7998399158E+02       1.5793078456E+01  5.4610377553E-09
| Global minimum convergence, d_xhat d_muhat:
  5.3076691402E-04  1.5011998937E-07

| GP model hyperparameters (lengthscales variance):
  1.1505166956E+00  9.5976122352E-01       9.1439765380E+01
| Next sampling location x_next:
  1.3539200027E+00  2.9092496260E+02

Iteration time [s]:    2.878        Total time [s]:   81.430

--------------------------------------------------------------------------------
                                BO ITERATION 41                                 
--------------------------------------------------------------------------------
| Evaluating objective function at x = 1.354E+00 2.909E+02
| Objective function evaluated, time [s]        0.393
| Acquisition location too confident, doing pure exploration
| Data point added to dataset (x y): 
  1.3539200027E+00  2.9092496260E+02       3.1379800000E+01

| Total ensemble size: 43
| Best acquisition, x_best y_best:
  2.0466318553E+02  1.8043063321E+02       1.5793900000E+01
| Global minimum prediction, x_hat mu_hat +- nu_hat:
  2.0442447210E+02  1.7998694372E+02       1.5793073724E+01  5.4669636817E-09
| Global minimum convergence, d_xhat d_muhat:
  3.9216240597E-03  2.8219106074E-07

| GP model hyperparameters (lengthscales variance):
  1.1350727384E+00  9.5825101754E-01       9.1439832663E+01
| Next sampling location x_next:
  1.1688065986E+02 -2.5531765133E+01

Iteration time [s]:    2.774        Total time [s]:   84.205

--------------------------------------------------------------------------------
                                BO ITERATION 42                                 
--------------------------------------------------------------------------------
| Evaluating objective function at x = 1.169E+02 -2.553E+01
| Objective function evaluated, time [s]        0.399
| Acquisition location too confident, doing pure exploration
| Data point added to dataset (x y): 
  1.1688065986E+02 -2.5531765133E+01       2.6834100000E+01

| Total ensemble size: 44
| Best acquisition, x_best y_best:
  2.0466318553E+02  1.8043063321E+02       1.5793900000E+01
| Global minimum prediction, x_hat mu_hat +- nu_hat:
  2.0442522469E+02  1.7998763469E+02       1.5793072347E+01  5.4546428706E-09
| Global minimum convergence, d_xhat d_muhat:
  1.0216780478E-03  8.2069290903E-08

| GP model hyperparameters (lengthscales variance):
  1.1576881132E+00  1.0011646699E+00       1.0332634752E+02
| Next sampling location x_next:
 -3.5075873597E+01 -9.0377846917E-01

Iteration time [s]:    2.789        Total time [s]:   86.995

--------------------------------------------------------------------------------
                                BO ITERATION 43                                 
--------------------------------------------------------------------------------
| Evaluating objective function at x = -3.508E+01 -9.038E-01
| Objective function evaluated, time [s]        1.288
| Acquisition location too confident, doing pure exploration
| Data point added to dataset (x y): 
 -3.5075873597E+01 -9.0377846917E-01       2.6364000000E+01

| Total ensemble size: 45
| Best acquisition, x_best y_best:
  2.0466318553E+02  1.8043063321E+02       1.5793900000E+01
| Global minimum prediction, x_hat mu_hat +- nu_hat:
  2.0442021042E+02  1.7998508843E+02       1.5793075543E+01  5.4914347735E-09
| Global minimum convergence, d_xhat d_muhat:
  5.6237249686E-03  1.9054257548E-07

| GP model hyperparameters (lengthscales variance):
  1.0776123926E+00  8.7543303072E-01       7.0249227456E+01
| Next sampling location x_next:
 -1.1425727149E+01  1.4252104140E+02

Iteration time [s]:    3.800        Total time [s]:   90.796

--------------------------------------------------------------------------------
                                BO ITERATION 44                                 
--------------------------------------------------------------------------------
| Evaluating objective function at x = -1.143E+01 1.425E+02
| Objective function evaluated, time [s]        0.405
| Acquisition location too confident, doing pure exploration
| Data point added to dataset (x y): 
 -1.1425727149E+01  1.4252104140E+02       2.2356600000E+01

| Total ensemble size: 46
| Best acquisition, x_best y_best:
  2.0466318553E+02  1.8043063321E+02       1.5793900000E+01
| Global minimum prediction, x_hat mu_hat +- nu_hat:
  2.0442052546E+02  1.7998521650E+02       1.5793075154E+01  5.4786307934E-09
| Global minimum convergence, d_xhat d_muhat:
  3.4007016332E-04  2.3190334990E-08

| GP model hyperparameters (lengthscales variance):
  1.0916858788E+00  8.9632724792E-01       7.4971312359E+01
| Next sampling location x_next:
  6.4174120573E+01 -3.7473275283E+01

Iteration time [s]:    2.905        Total time [s]:   93.701

--------------------------------------------------------------------------------
                                BO ITERATION 45                                 
--------------------------------------------------------------------------------
| Evaluating objective function at x = 6.417E+01 -3.747E+01
| Objective function evaluated, time [s]        0.401
| Acquisition location too confident, doing pure exploration
| Data point added to dataset (x y): 
  6.4174120573E+01 -3.7473275283E+01       2.8445600000E+01

| Total ensemble size: 47
| Best acquisition, x_best y_best:
  2.0466318553E+02  1.8043063321E+02       1.5793900000E+01
| Global minimum prediction, x_hat mu_hat +- nu_hat:
  2.0440760722E+02  1.7998359686E+02       1.5793078294E+01  5.5865835512E-09
| Global minimum convergence, d_xhat d_muhat:
  1.3019369896E-02  1.8727121096E-07

| GP model hyperparameters (lengthscales variance):
  9.4132034424E-01  6.9801967008E-01       3.7746757648E+01
| Next sampling location x_next:
  3.0778326756E+02  2.2264043697E+02

Iteration time [s]:    2.951        Total time [s]:   96.652

--------------------------------------------------------------------------------
                                BO ITERATION 46                                 
--------------------------------------------------------------------------------
| Evaluating objective function at x = 3.078E+02 2.226E+02
| Objective function evaluated, time [s]        0.424
| Acquisition location too confident, doing pure exploration
| Data point added to dataset (x y): 
  3.0778326756E+02  2.2264043697E+02       2.4888300000E+01

| Total ensemble size: 48
| Best acquisition, x_best y_best:
  2.0466318553E+02  1.8043063321E+02       1.5793900000E+01
| Global minimum prediction, x_hat mu_hat +- nu_hat:
  2.0440669338E+02  1.7998349289E+02       1.5793077861E+01  5.5737511494E-09
| Global minimum convergence, d_xhat d_muhat:
  9.1973754981E-04  2.5816612879E-08

| GP model hyperparameters (lengthscales variance):
  9.4935478293E-01  7.1139307897E-01       3.9440320483E+01
| Next sampling location x_next:
  2.6881648907E+02 -2.9809174387E+01

Iteration time [s]:    3.012        Total time [s]:   99.665

--------------------------------------------------------------------------------
                                BO ITERATION 47                                 
--------------------------------------------------------------------------------
| Evaluating objective function at x = 2.688E+02 -2.981E+01
| Objective function evaluated, time [s]        0.626
| Acquisition location too confident, doing pure exploration
| Data point added to dataset (x y): 
  2.6881648907E+02 -2.9809174387E+01       2.8737400000E+01

| Total ensemble size: 49
| Best acquisition, x_best y_best:
  2.0466318553E+02  1.8043063321E+02       1.5793900000E+01
| Global minimum prediction, x_hat mu_hat +- nu_hat:
  2.0440571542E+02  1.7998342451E+02       1.5793077326E+01  5.5633701201E-09
| Global minimum convergence, d_xhat d_muhat:
  9.8034830360E-04  3.1949255097E-08

| GP model hyperparameters (lengthscales variance):
  9.5158670942E-01  7.3040342880E-01       4.1786586031E+01
| Next sampling location x_next:
  1.6229481929E+01  2.0156713515E+01

Iteration time [s]:    3.283        Total time [s]:  102.948

--------------------------------------------------------------------------------
                                BO ITERATION 48                                 
--------------------------------------------------------------------------------
| Evaluating objective function at x = 1.623E+01 2.016E+01
| Objective function evaluated, time [s]        1.355
| Acquisition location too confident, doing pure exploration
| Data point added to dataset (x y): 
  1.6229481929E+01  2.0156713515E+01       2.6492600000E+01

| Total ensemble size: 50
| Best acquisition, x_best y_best:
  2.0466318553E+02  1.8043063321E+02       1.5793900000E+01
| Global minimum prediction, x_hat mu_hat +- nu_hat:
  2.0440387274E+02  1.7998323616E+02       1.5793073504E+01  5.5618424532E-09
| Global minimum convergence, d_xhat d_muhat:
  1.8522786409E-03  2.2786116441E-07

| GP model hyperparameters (lengthscales variance):
  9.4426961785E-01  7.1869462158E-01       4.0091975841E+01
| Next sampling location x_next:
  7.8437819340E+01  8.5137555456E+01

Iteration time [s]:    3.878        Total time [s]:  106.826

--------------------------------------------------------------------------------
                                BO ITERATION 49                                 
--------------------------------------------------------------------------------
| Evaluating objective function at x = 7.844E+01 8.514E+01
| Objective function evaluated, time [s]        0.412
| Acquisition location too confident, doing pure exploration
| Data point added to dataset (x y): 
  7.8437819340E+01  8.5137555456E+01       3.2107600000E+01

| Total ensemble size: 51
| Best acquisition, x_best y_best:
  2.0466318553E+02  1.8043063321E+02       1.5793900000E+01
| Global minimum prediction, x_hat mu_hat +- nu_hat:
  2.0440680182E+02  1.7998310667E+02       1.5793071263E+01  5.5833576872E-09
| Global minimum convergence, d_xhat d_muhat:
  2.9319352162E-03  1.3363683261E-07

| GP model hyperparameters (lengthscales variance):
  9.4074134481E-01  6.7349366479E-01       3.5279194479E+01
| Next sampling location x_next:
  2.5317506231E+02  4.7940127601E+01

Iteration time [s]:    3.065        Total time [s]:  109.892

--------------------------------------------------------------------------------
                                BO ITERATION 50                                 
--------------------------------------------------------------------------------
| Evaluating objective function at x = 2.532E+02 4.794E+01
| Objective function evaluated, time [s]        0.414
| Acquisition location too confident, doing pure exploration
| Data point added to dataset (x y): 
  2.5317506231E+02  4.7940127601E+01       2.9768000000E+01

| Total ensemble size: 52
| Best acquisition, x_best y_best:
  2.0466318553E+02  1.8043063321E+02       1.5793900000E+01
| Global minimum prediction, x_hat mu_hat +- nu_hat:
  2.0440623778E+02  1.7998259293E+02       1.5793067648E+01  5.6006878245E-09
| Global minimum convergence, d_xhat d_muhat:
  7.6293352586E-04  2.1556017891E-07

| GP model hyperparameters (lengthscales variance):
  9.0566822270E-01  6.5913374066E-01       3.2375423200E+01
| Next sampling location x_next:
  9.4920579996E+00  2.0420124460E+02

Iteration time [s]:    3.085        Total time [s]:  112.977

|| Bayesian optimization completed, time [s]      112.921


--------------------------------------------------------------------------------
                        BOSS is done! Have a nice day :)                        

      Datetime 02-06-2020 09:40:52            Total time [s]      112.978       
--------------------------------------------------------------------------------
