
-----------------------------   Welcome to ....   ------------------------------
                      _______  _______ _______ _______ 
                     |   _   \|   _   |   _   |   _   |
                     |.  1   /|.  |   |   1___|   1___|
                     |.  _   \|.  |   |____   |____   |
                     |:  1    |:  1   |:  1   |:  1   |
                     |::.. .  |::.. . |::.. . |::.. . |
                     `-------'`-------`-------`-------'

                                 Version 0.9.15                                 
                              05-08-2020 18:39:32                               
--------------------------------------------------------------------------------

| Reading BOSS input file from: in_2D
| Initializing...

--------------------------------------------------------------------------------
                                   INPUT FILE                                   
--------------------------------------------------------------------------------
# input file for alanine 2D (d4-d13)

# optimization
userfn       userfn_2D.py
bounds       -50 310; -50 310
num_tasks    2
kernel       stdp
initpts      2 30
iterpts      50
verbosity    2
kappa_prior  gamma
kappa_priorparam 1 71.428
W_prior      gaussian
W_priorparam 0 8.451


RESULTS:
1.695830087639325E+02 1.711990493691546E+02 0 -2.030075740706801E+05 
2.079794988609916E+02 1.437502756508234E+02 0 -2.030009460319231E+05 
1.402731965702062E+02 2.881103674606512E+01 1 2.735560000000000E+01 
8.190713047580526E+01 2.395806895119643E+02 1 2.806070000000000E+01 
2.275302762436762E+02 -4.515169828545956E+00 1 2.008990000000000E+01 
1.940939021573061E+02 6.552630073871648E+00 1 1.828050000000000E+01 
1.496697407595871E+02 8.564719993611224E+01 1 3.183070000000000E+01 
-5.000000000000000E+01 2.312803907246463E+02 1 2.698470000000000E+01 
3.100000000000000E+02 1.516020609918721E+02 1 2.387370000000000E+01 
1.002739764218707E+02 2.972701896691829E+02 1 3.389770000000000E+01 
2.217023792750257E+02 2.776972856439786E+02 1 3.781220000000000E+01 
4.099514221136268E+01 1.027362496552000E+02 1 3.123360000000000E+01 
2.872879648180078E+02 -5.504132790932295E+00 1 1.850990000000000E+01 
2.782228398234434E+02 3.286334615642187E+01 1 2.652530000000000E+01 
6.280799551946197E+01 3.048686549957523E+02 1 3.066620000000000E+01 
3.918778327742484E+01 2.249652954224455E+01 1 2.698790000000000E+01 
1.916511339258181E+02 2.697213417732077E+02 1 3.610090000000000E+01 
2.465335460535102E+02 2.592449136666453E+02 1 3.760200000000000E+01 
-9.504720331979334E+00 1.100059752870993E+02 1 3.340490000000000E+01 
1.595150207241464E+02 2.447114648403948E+02 1 3.226750000000000E+01 
3.100000000000000E+02 3.308025536044001E+01 1 3.036260000000000E+01 
1.232641208581398E+01 7.761707834941781E+01 1 3.526240000000000E+01 
-1.879826539101761E+00 1.504148590083901E+02 1 2.397240000000000E+01 
1.831884314787457E+02 1.403522733911482E+01 1 1.869760000000000E+01 
2.497491105119776E+02 1.771609229165878E+02 1 2.662810000000000E+01 
4.518065056319171E+01 -1.384240666116872E+01 1 2.686130000000000E+01 
2.429494562450743E+01 2.937559173007650E+02 1 3.427530000000000E+01 
7.353923280570135E+01 3.854362135111045E+01 1 3.105470000000000E+01 
1.368996330330222E+02 1.693571437053210E+02 1 2.098690000000000E+01 
7.706243126662100E+01 1.379834887413072E+02 1 2.389350000000000E+01 
2.934179790056507E+01 2.298101820576522E+02 1 2.644240000000000E+01 
1.759618529296402E+02 3.100000000000000E+02 1 3.229350000000000E+01 
--------------------------------------------------------------------------------
                               SIMULATION OPTIONS                               
--------------------------------------------------------------------------------
|| File input/output 
ipfile         in_2D
userfn         userfn_2D.py
outfile        boss.out
rstfile        boss.rst

|| Key settings 
num_tasks         2
bounds         -5.000E+01 3.100E+02;    -5.000E+01 3.100E+02
kerntype       stdp stdp
yrange         -5.000E+01 3.100E+02;    -5.000E+01 3.100E+02
noise          1.000E-12
initpts    2 30    iterpts   50
gm_tol         none
verbosity      2

|| Data acquisition 
acqfn                elcb
acqtol               1.000E-03

|| GP hyperparameters 
thetainit       1.000E+00 3.142E-01
thetabounds     none
thetaprior      gamma
thetapriorpar   1.000E+00 1.000E+00;    3.368E+00 9.020E+00;    3.368E+00 9.020E+00

|| Hyperparameter optimization
updatefreq   1  initupdate      True
updateoffset 0  updaterestarts  2


--------------------------------------------------------------------------------
                              INITIAL DATAPOINT 1                               
--------------------------------------------------------------------------------
| Data point added to dataset (x i y): 
  1.6958300876E+02  1.7119904937E+02  0.0000000000E+00      -2.0300757407E+05

| Total ensemble size: 1
| Next sampling location (x_next, i_next):
  2.0797949886E+02  1.4375027565E+02  0.0000000000E+00

Iteration time [s]:    0.002        Total time [s]:    0.096

--------------------------------------------------------------------------------
                              INITIAL DATAPOINT 2                               
--------------------------------------------------------------------------------
| Data point added to dataset (x i y): 
  2.0797949886E+02  1.4375027565E+02  0.0000000000E+00      -2.0300094603E+05

| Total ensemble size: 2
| Next sampling location (x_next, i_next):
  1.4027319657E+02  2.8811036746E+01  1.0000000000E+00

Iteration time [s]:    0.002        Total time [s]:    0.102

--------------------------------------------------------------------------------
                              INITIAL DATAPOINT 3                               
--------------------------------------------------------------------------------
| Data point added to dataset (x i y): 
  1.4027319657E+02  2.8811036746E+01  1.0000000000E+00       2.7355600000E+01

| Total ensemble size: 3
| Next sampling location (x_next, i_next):
  8.1907130476E+01  2.3958068951E+02  1.0000000000E+00

Iteration time [s]:    0.002        Total time [s]:    0.108

--------------------------------------------------------------------------------
                              INITIAL DATAPOINT 4                               
--------------------------------------------------------------------------------
| Data point added to dataset (x i y): 
  8.1907130476E+01  2.3958068951E+02  1.0000000000E+00       2.8060700000E+01

| Total ensemble size: 4
| Next sampling location (x_next, i_next):
  2.2753027624E+02 -4.5151698285E+00  1.0000000000E+00

Iteration time [s]:    0.002        Total time [s]:    0.114

--------------------------------------------------------------------------------
                              INITIAL DATAPOINT 5                               
--------------------------------------------------------------------------------
| Data point added to dataset (x i y): 
  2.2753027624E+02 -4.5151698285E+00  1.0000000000E+00       2.0089900000E+01

| Total ensemble size: 5
| Next sampling location (x_next, i_next):
  1.9409390216E+02  6.5526300739E+00  1.0000000000E+00

Iteration time [s]:    0.002        Total time [s]:    0.120

--------------------------------------------------------------------------------
                              INITIAL DATAPOINT 6                               
--------------------------------------------------------------------------------
| Data point added to dataset (x i y): 
  1.9409390216E+02  6.5526300739E+00  1.0000000000E+00       1.8280500000E+01

| Total ensemble size: 6
| Next sampling location (x_next, i_next):
  1.4966974076E+02  8.5647199936E+01  1.0000000000E+00

Iteration time [s]:    0.002        Total time [s]:    0.127

--------------------------------------------------------------------------------
                              INITIAL DATAPOINT 7                               
--------------------------------------------------------------------------------
| Data point added to dataset (x i y): 
  1.4966974076E+02  8.5647199936E+01  1.0000000000E+00       3.1830700000E+01

| Total ensemble size: 7
| Next sampling location (x_next, i_next):
 -5.0000000000E+01  2.3128039072E+02  1.0000000000E+00

Iteration time [s]:    0.002        Total time [s]:    0.133

--------------------------------------------------------------------------------
                              INITIAL DATAPOINT 8                               
--------------------------------------------------------------------------------
| Data point added to dataset (x i y): 
 -5.0000000000E+01  2.3128039072E+02  1.0000000000E+00       2.6984700000E+01

| Total ensemble size: 8
| Next sampling location (x_next, i_next):
  3.1000000000E+02  1.5160206099E+02  1.0000000000E+00

Iteration time [s]:    0.002        Total time [s]:    0.139

--------------------------------------------------------------------------------
                              INITIAL DATAPOINT 9                               
--------------------------------------------------------------------------------
| Data point added to dataset (x i y): 
  3.1000000000E+02  1.5160206099E+02  1.0000000000E+00       2.3873700000E+01

| Total ensemble size: 9
| Next sampling location (x_next, i_next):
  1.0027397642E+02  2.9727018967E+02  1.0000000000E+00

Iteration time [s]:    0.002        Total time [s]:    0.145

--------------------------------------------------------------------------------
                              INITIAL DATAPOINT 10                              
--------------------------------------------------------------------------------
| Data point added to dataset (x i y): 
  1.0027397642E+02  2.9727018967E+02  1.0000000000E+00       3.3897700000E+01

| Total ensemble size: 10
| Next sampling location (x_next, i_next):
  2.2170237928E+02  2.7769728564E+02  1.0000000000E+00

Iteration time [s]:    0.002        Total time [s]:    0.151

--------------------------------------------------------------------------------
                              INITIAL DATAPOINT 11                              
--------------------------------------------------------------------------------
| Data point added to dataset (x i y): 
  2.2170237928E+02  2.7769728564E+02  1.0000000000E+00       3.7812200000E+01

| Total ensemble size: 11
| Next sampling location (x_next, i_next):
  4.0995142211E+01  1.0273624966E+02  1.0000000000E+00

Iteration time [s]:    0.002        Total time [s]:    0.157

--------------------------------------------------------------------------------
                              INITIAL DATAPOINT 12                              
--------------------------------------------------------------------------------
| Data point added to dataset (x i y): 
  4.0995142211E+01  1.0273624966E+02  1.0000000000E+00       3.1233600000E+01

| Total ensemble size: 12
| Next sampling location (x_next, i_next):
  2.8728796482E+02 -5.5041327909E+00  1.0000000000E+00

Iteration time [s]:    0.002        Total time [s]:    0.163

--------------------------------------------------------------------------------
                              INITIAL DATAPOINT 13                              
--------------------------------------------------------------------------------
| Data point added to dataset (x i y): 
  2.8728796482E+02 -5.5041327909E+00  1.0000000000E+00       1.8509900000E+01

| Total ensemble size: 13
| Next sampling location (x_next, i_next):
  2.7822283982E+02  3.2863346156E+01  1.0000000000E+00

Iteration time [s]:    0.002        Total time [s]:    0.169

--------------------------------------------------------------------------------
                              INITIAL DATAPOINT 14                              
--------------------------------------------------------------------------------
| Data point added to dataset (x i y): 
  2.7822283982E+02  3.2863346156E+01  1.0000000000E+00       2.6525300000E+01

| Total ensemble size: 14
| Next sampling location (x_next, i_next):
  6.2807995519E+01  3.0486865500E+02  1.0000000000E+00

Iteration time [s]:    0.002        Total time [s]:    0.175

--------------------------------------------------------------------------------
                              INITIAL DATAPOINT 15                              
--------------------------------------------------------------------------------
| Data point added to dataset (x i y): 
  6.2807995519E+01  3.0486865500E+02  1.0000000000E+00       3.0666200000E+01

| Total ensemble size: 15
| Next sampling location (x_next, i_next):
  3.9187783277E+01  2.2496529542E+01  1.0000000000E+00

Iteration time [s]:    0.002        Total time [s]:    0.181

--------------------------------------------------------------------------------
                              INITIAL DATAPOINT 16                              
--------------------------------------------------------------------------------
| Data point added to dataset (x i y): 
  3.9187783277E+01  2.2496529542E+01  1.0000000000E+00       2.6987900000E+01

| Total ensemble size: 16
| Next sampling location (x_next, i_next):
  1.9165113393E+02  2.6972134177E+02  1.0000000000E+00

Iteration time [s]:    0.002        Total time [s]:    0.187

--------------------------------------------------------------------------------
                              INITIAL DATAPOINT 17                              
--------------------------------------------------------------------------------
| Data point added to dataset (x i y): 
  1.9165113393E+02  2.6972134177E+02  1.0000000000E+00       3.6100900000E+01

| Total ensemble size: 17
| Next sampling location (x_next, i_next):
  2.4653354605E+02  2.5924491367E+02  1.0000000000E+00

Iteration time [s]:    0.002        Total time [s]:    0.193

--------------------------------------------------------------------------------
                              INITIAL DATAPOINT 18                              
--------------------------------------------------------------------------------
| Data point added to dataset (x i y): 
  2.4653354605E+02  2.5924491367E+02  1.0000000000E+00       3.7602000000E+01

| Total ensemble size: 18
| Next sampling location (x_next, i_next):
 -9.5047203320E+00  1.1000597529E+02  1.0000000000E+00

Iteration time [s]:    0.002        Total time [s]:    0.199

--------------------------------------------------------------------------------
                              INITIAL DATAPOINT 19                              
--------------------------------------------------------------------------------
| Data point added to dataset (x i y): 
 -9.5047203320E+00  1.1000597529E+02  1.0000000000E+00       3.3404900000E+01

| Total ensemble size: 19
| Next sampling location (x_next, i_next):
  1.5951502072E+02  2.4471146484E+02  1.0000000000E+00

Iteration time [s]:    0.002        Total time [s]:    0.205

--------------------------------------------------------------------------------
                              INITIAL DATAPOINT 20                              
--------------------------------------------------------------------------------
| Data point added to dataset (x i y): 
  1.5951502072E+02  2.4471146484E+02  1.0000000000E+00       3.2267500000E+01

| Total ensemble size: 20
| Next sampling location (x_next, i_next):
  3.1000000000E+02  3.3080255360E+01  1.0000000000E+00

Iteration time [s]:    0.002        Total time [s]:    0.211

--------------------------------------------------------------------------------
                              INITIAL DATAPOINT 21                              
--------------------------------------------------------------------------------
| Data point added to dataset (x i y): 
  3.1000000000E+02  3.3080255360E+01  1.0000000000E+00       3.0362600000E+01

| Total ensemble size: 21
| Next sampling location (x_next, i_next):
  1.2326412086E+01  7.7617078349E+01  1.0000000000E+00

Iteration time [s]:    0.002        Total time [s]:    0.217

--------------------------------------------------------------------------------
                              INITIAL DATAPOINT 22                              
--------------------------------------------------------------------------------
| Data point added to dataset (x i y): 
  1.2326412086E+01  7.7617078349E+01  1.0000000000E+00       3.5262400000E+01

| Total ensemble size: 22
| Next sampling location (x_next, i_next):
 -1.8798265391E+00  1.5041485901E+02  1.0000000000E+00

Iteration time [s]:    0.002        Total time [s]:    0.223

--------------------------------------------------------------------------------
                              INITIAL DATAPOINT 23                              
--------------------------------------------------------------------------------
| Data point added to dataset (x i y): 
 -1.8798265391E+00  1.5041485901E+02  1.0000000000E+00       2.3972400000E+01

| Total ensemble size: 23
| Next sampling location (x_next, i_next):
  1.8318843148E+02  1.4035227339E+01  1.0000000000E+00

Iteration time [s]:    0.002        Total time [s]:    0.229

--------------------------------------------------------------------------------
                              INITIAL DATAPOINT 24                              
--------------------------------------------------------------------------------
| Data point added to dataset (x i y): 
  1.8318843148E+02  1.4035227339E+01  1.0000000000E+00       1.8697600000E+01

| Total ensemble size: 24
| Next sampling location (x_next, i_next):
  2.4974911051E+02  1.7716092292E+02  1.0000000000E+00

Iteration time [s]:    0.002        Total time [s]:    0.235

--------------------------------------------------------------------------------
                              INITIAL DATAPOINT 25                              
--------------------------------------------------------------------------------
| Data point added to dataset (x i y): 
  2.4974911051E+02  1.7716092292E+02  1.0000000000E+00       2.6628100000E+01

| Total ensemble size: 25
| Next sampling location (x_next, i_next):
  4.5180650563E+01 -1.3842406661E+01  1.0000000000E+00

Iteration time [s]:    0.002        Total time [s]:    0.241

--------------------------------------------------------------------------------
                              INITIAL DATAPOINT 26                              
--------------------------------------------------------------------------------
| Data point added to dataset (x i y): 
  4.5180650563E+01 -1.3842406661E+01  1.0000000000E+00       2.6861300000E+01

| Total ensemble size: 26
| Next sampling location (x_next, i_next):
  2.4294945625E+01  2.9375591730E+02  1.0000000000E+00

Iteration time [s]:    0.002        Total time [s]:    0.247

--------------------------------------------------------------------------------
                              INITIAL DATAPOINT 27                              
--------------------------------------------------------------------------------
| Data point added to dataset (x i y): 
  2.4294945625E+01  2.9375591730E+02  1.0000000000E+00       3.4275300000E+01

| Total ensemble size: 27
| Next sampling location (x_next, i_next):
  7.3539232806E+01  3.8543621351E+01  1.0000000000E+00

Iteration time [s]:    0.002        Total time [s]:    0.253

--------------------------------------------------------------------------------
                              INITIAL DATAPOINT 28                              
--------------------------------------------------------------------------------
| Data point added to dataset (x i y): 
  7.3539232806E+01  3.8543621351E+01  1.0000000000E+00       3.1054700000E+01

| Total ensemble size: 28
| Next sampling location (x_next, i_next):
  1.3689963303E+02  1.6935714371E+02  1.0000000000E+00

Iteration time [s]:    0.002        Total time [s]:    0.258

--------------------------------------------------------------------------------
                              INITIAL DATAPOINT 29                              
--------------------------------------------------------------------------------
| Data point added to dataset (x i y): 
  1.3689963303E+02  1.6935714371E+02  1.0000000000E+00       2.0986900000E+01

| Total ensemble size: 29
| Next sampling location (x_next, i_next):
  7.7062431267E+01  1.3798348874E+02  1.0000000000E+00

Iteration time [s]:    0.002        Total time [s]:    0.264

--------------------------------------------------------------------------------
                              INITIAL DATAPOINT 30                              
--------------------------------------------------------------------------------
| Data point added to dataset (x i y): 
  7.7062431267E+01  1.3798348874E+02  1.0000000000E+00       2.3893500000E+01

| Total ensemble size: 30
| Next sampling location (x_next, i_next):
  2.9341797901E+01  2.2981018206E+02  1.0000000000E+00

Iteration time [s]:    0.002        Total time [s]:    0.270

--------------------------------------------------------------------------------
                              INITIAL DATAPOINT 31                              
--------------------------------------------------------------------------------
| Data point added to dataset (x i y): 
  2.9341797901E+01  2.2981018206E+02  1.0000000000E+00       2.6442400000E+01

| Total ensemble size: 31
| Next sampling location (x_next, i_next):
  1.7596185293E+02  3.1000000000E+02  1.0000000000E+00

Iteration time [s]:    0.002        Total time [s]:    0.276

--------------------------------------------------------------------------------
                              INITIAL DATAPOINT 32                              
--------------------------------------------------------------------------------
| Data point added to dataset (x i y): 
  1.7596185293E+02  3.1000000000E+02  1.0000000000E+00       3.2293500000E+01

| Total ensemble size: 32
| Best acquisition, x_best i_best y_best:
  1.6958300876E+02  1.7119904937E+02  0.0000000000E+00      -2.0300757407E+05
| Global minimum prediction, x_hat mu_hat +- nu_hat:
  1.0900764467E+02  1.7015349490E+02  0.0000000000E+00      -2.0301044529E+05  8.8331758141E-01

| GP model hyperparameters (lengthscales W kappa):
  5.8835553581E-01  2.2770567895E-01 -3.6499938645E+00 -4.9415668274E+00  1.3881068862E-02  1.3891555688E-02
| Next sampling location (x_next, i_next):
  6.9310903132E+01  1.8966586987E+02  0.0000000000E+00

Iteration time [s]:    2.121        Total time [s]:    2.400

--------------------------------------------------------------------------------
                                 BO ITERATION 1                                 
--------------------------------------------------------------------------------
| Evaluating objective function at 6.931E+01 1.897E+02 0.000E+00
| Objective function evaluated, time [s]       35.579
| Data point added to dataset (x i y): 
  6.9310903132E+01  1.8966586987E+02  0.0000000000E+00      -2.0300900106E+05

| Total ensemble size: 33
| Best acquisition, x_best i_best y_best:
  6.9310903132E+01  1.8966586987E+02  0.0000000000E+00      -2.0300900106E+05
| Global minimum prediction, x_hat mu_hat +- nu_hat:
  1.1191824726E+02  1.7079405492E+02  0.0000000000E+00      -2.0301133523E+05  3.7853394488E-01
| Global minimum convergence, d_xhat d_muhat:
  2.9802557845E+00  4.5564128814E-02

| GP model hyperparameters (lengthscales W kappa):
  5.2317958784E-01  2.6445295682E-01 -3.2419390034E+00 -5.1694238570E+00  1.3931983149E-02  1.3914913823E-02
| Next sampling location (x_next, i_next):
 -3.0065396684E+01  1.8869651678E+02  0.0000000000E+00

Iteration time [s]:   37.398        Total time [s]:   39.801

--------------------------------------------------------------------------------
                                 BO ITERATION 2                                 
--------------------------------------------------------------------------------
| Evaluating objective function at -3.007E+01 1.887E+02 0.000E+00
| Objective function evaluated, time [s]       23.531
| Data point added to dataset (x i y): 
 -3.0065396684E+01  1.8869651678E+02  0.0000000000E+00      -2.0300773677E+05

| Total ensemble size: 34
| Best acquisition, x_best i_best y_best:
  6.9310903132E+01  1.8966586987E+02  0.0000000000E+00      -2.0300900106E+05
| Global minimum prediction, x_hat mu_hat +- nu_hat:
  1.0937114524E+02  1.7035547757E+02  0.0000000000E+00      -2.0301160467E+05  4.1670238171E-01
| Global minimum convergence, d_xhat d_muhat:
  2.5845848312E+00  1.3794717054E-02

| GP model hyperparameters (lengthscales W kappa):
  5.2203963857E-01  2.4531879375E-01 -2.9679529385E+00 -5.1585862227E+00  1.4005352649E-02  1.3937877048E-02
| Next sampling location (x_next, i_next):
  3.0237957377E+02 -3.0696319333E+01  0.0000000000E+00

Iteration time [s]:   25.854        Total time [s]:   65.658

--------------------------------------------------------------------------------
                                 BO ITERATION 3                                 
--------------------------------------------------------------------------------
| Evaluating objective function at 3.024E+02 -3.070E+01 0.000E+00
| Objective function evaluated, time [s]       24.571
| Data point added to dataset (x i y): 
  3.0237957377E+02 -3.0696319333E+01  0.0000000000E+00      -2.0300487126E+05

| Total ensemble size: 35
| Best acquisition, x_best i_best y_best:
  6.9310903132E+01  1.8966586987E+02  0.0000000000E+00      -2.0300900106E+05
| Global minimum prediction, x_hat mu_hat +- nu_hat:
  2.6175990576E+02  6.0584477740E+00  0.0000000000E+00      -2.0301254104E+05  7.0888906148E-01
| Global minimum convergence, d_xhat d_muhat:
  2.2408892951E+02  4.7941196799E-02

| GP model hyperparameters (lengthscales W kappa):
  5.7113493656E-01  2.1889937999E-01 -2.9281314428E+00 -5.2351893323E+00  1.4010102805E-02  1.3937579208E-02
| Next sampling location (x_next, i_next):
  2.4879274539E+02  1.1681370489E+01  0.0000000000E+00

Iteration time [s]:   26.603        Total time [s]:   92.264

--------------------------------------------------------------------------------
                                 BO ITERATION 4                                 
--------------------------------------------------------------------------------
| Evaluating objective function at 2.488E+02 1.168E+01 0.000E+00
| Objective function evaluated, time [s]       23.648
| Data point added to dataset (x i y): 
  2.4879274539E+02  1.1681370489E+01  0.0000000000E+00      -2.0301060224E+05

| Total ensemble size: 36
| Best acquisition, x_best i_best y_best:
  2.4879274539E+02  1.1681370489E+01  0.0000000000E+00      -2.0301060224E+05
| Global minimum prediction, x_hat mu_hat +- nu_hat:
  2.7959156538E+02  7.1815544115E-01  0.0000000000E+00      -2.0301136166E+05  7.3833365879E-02
| Global minimum convergence, d_xhat d_muhat:
  1.8614156098E+01  6.0383064208E-02

| GP model hyperparameters (lengthscales W kappa):
  5.0306850315E-01  2.1467875248E-01 -2.4058809395E+00 -5.6077283279E+00  1.4252397315E-02  1.3967150933E-02
| Next sampling location (x_next, i_next):
  1.3829808030E+02  2.0016626674E+02  0.0000000000E+00

Iteration time [s]:   26.340        Total time [s]:  118.607

--------------------------------------------------------------------------------
                                 BO ITERATION 5                                 
--------------------------------------------------------------------------------
| Evaluating objective function at 1.383E+02 2.002E+02 0.000E+00
| Objective function evaluated, time [s]       23.097
| Data point added to dataset (x i y): 
  1.3829808030E+02  2.0016626674E+02  0.0000000000E+00      -2.0300562070E+05

| Total ensemble size: 37
| Best acquisition, x_best i_best y_best:
  2.4879274539E+02  1.1681370489E+01  0.0000000000E+00      -2.0301060224E+05
| Global minimum prediction, x_hat mu_hat +- nu_hat:
  2.8084666899E+02 -2.7414910630E-02  0.0000000000E+00      -2.0301134419E+05  7.9234813547E-02
| Global minimum convergence, d_xhat d_muhat:
  1.4598493791E+00  8.9445814638E-04

| GP model hyperparameters (lengthscales W kappa):
  5.2143345547E-01  1.9427909885E-01 -2.4451453848E+00 -5.4316580416E+00  1.4169887630E-02  1.3956481006E-02
| Next sampling location (x_next, i_next):
  6.9468217045E+01  1.6476912875E+02  0.0000000000E+00

Iteration time [s]:   25.472        Total time [s]:  144.082

--------------------------------------------------------------------------------
                                 BO ITERATION 6                                 
--------------------------------------------------------------------------------
| Evaluating objective function at 6.947E+01 1.648E+02 0.000E+00
| Objective function evaluated, time [s]       23.568
| Data point added to dataset (x i y): 
  6.9468217045E+01  1.6476912875E+02  0.0000000000E+00      -2.0300836572E+05

| Total ensemble size: 38
| Best acquisition, x_best i_best y_best:
  2.4879274539E+02  1.1681370489E+01  0.0000000000E+00      -2.0301060224E+05
| Global minimum prediction, x_hat mu_hat +- nu_hat:
  2.7917744734E+02 -2.1838044562E-01  0.0000000000E+00      -2.0301149741E+05  1.1279091860E-01
| Global minimum convergence, d_xhat d_muhat:
  1.6801097390E+00  7.8448347793E-03

| GP model hyperparameters (lengthscales W kappa):
  4.4987715722E-01  1.8279863791E-01  2.3483726733E+00  5.3313066958E+00  1.4227457525E-02  1.3964459286E-02
| Next sampling location (x_next, i_next):
  1.3525433117E+02 -4.5971200085E+00  0.0000000000E+00

Iteration time [s]:   26.457        Total time [s]:  170.543

--------------------------------------------------------------------------------
                                 BO ITERATION 7                                 
--------------------------------------------------------------------------------
| Evaluating objective function at 1.353E+02 -4.597E+00 0.000E+00
| Objective function evaluated, time [s]       24.214
| Data point added to dataset (x i y): 
  1.3525433117E+02 -4.5971200085E+00  0.0000000000E+00      -2.0299188120E+05

| Total ensemble size: 39
| Best acquisition, x_best i_best y_best:
  2.4879274539E+02  1.1681370489E+01  0.0000000000E+00      -2.0301060224E+05
| Global minimum prediction, x_hat mu_hat +- nu_hat:
  1.9477790934E+02  1.7116553558E+01  0.0000000000E+00      -2.0301536037E+05  1.5112795463E+00
| Global minimum convergence, d_xhat d_muhat:
  8.6161371578E+01  1.6492087225E-01

| GP model hyperparameters (lengthscales W kappa):
  3.2738574062E-01  2.3174599697E-01 -4.9787332464E+00 -5.3921190473E+00  1.3971846187E-02  1.3962952735E-02
| Next sampling location (x_next, i_next):
  2.0056563916E+02  4.2948957280E+01  0.0000000000E+00

Iteration time [s]:   27.370        Total time [s]:  197.915

--------------------------------------------------------------------------------
                                 BO ITERATION 8                                 
--------------------------------------------------------------------------------
| Evaluating objective function at 2.006E+02 4.295E+01 0.000E+00
| Objective function evaluated, time [s]       23.512
| Data point added to dataset (x i y): 
  2.0056563916E+02  4.2948957280E+01  0.0000000000E+00      -2.0300292042E+05

| Total ensemble size: 40
| Best acquisition, x_best i_best y_best:
  2.4879274539E+02  1.1681370489E+01  0.0000000000E+00      -2.0301060224E+05
| Global minimum prediction, x_hat mu_hat +- nu_hat:
  1.9544750721E+02  1.0487626452E+01  0.0000000000E+00      -2.0301482861E+05  3.2134890651E-01
| Global minimum convergence, d_xhat d_muhat:
  6.6626598205E+00  2.2923291410E-02

| GP model hyperparameters (lengthscales W kappa):
  3.2136175616E-01  1.9726417634E-01 -4.9232314582E+00 -5.1955899872E+00  1.3956343567E-02  1.3951784335E-02
| Next sampling location (x_next, i_next):
  1.3121815334E+02  1.3810534020E+02  0.0000000000E+00

Iteration time [s]:   26.867        Total time [s]:  224.785

--------------------------------------------------------------------------------
                                 BO ITERATION 9                                 
--------------------------------------------------------------------------------
| Evaluating objective function at 1.312E+02 1.381E+02 0.000E+00
| Objective function evaluated, time [s]       23.454
| Data point added to dataset (x i y): 
  1.3121815334E+02  1.3810534020E+02  0.0000000000E+00      -2.0300025664E+05

| Total ensemble size: 41
| Best acquisition, x_best i_best y_best:
  2.4879274539E+02  1.1681370489E+01  0.0000000000E+00      -2.0301060224E+05
| Global minimum prediction, x_hat mu_hat +- nu_hat:
  1.9815331662E+02  1.1118812210E+01  0.0000000000E+00      -2.0301442977E+05  6.5225737660E-01
| Global minimum convergence, d_xhat d_muhat:
  2.7784528094E+00  1.7515630689E-02

| GP model hyperparameters (lengthscales W kappa):
  3.3296560337E-01  1.7667810644E-01 -4.7691047187E+00 -5.1904613516E+00  1.3955559799E-02  1.3948023900E-02
| Next sampling location (x_next, i_next):
 -2.0698294533E+01 -2.7930910204E+00  0.0000000000E+00

Iteration time [s]:   26.713        Total time [s]:  251.502

--------------------------------------------------------------------------------
                                BO ITERATION 10                                 
--------------------------------------------------------------------------------
| Evaluating objective function at -2.070E+01 -2.793E+00 0.000E+00
| Objective function evaluated, time [s]       23.724
| Data point added to dataset (x i y): 
 -2.0698294533E+01 -2.7930910204E+00  0.0000000000E+00      -2.0299288025E+05

| Total ensemble size: 42
| Best acquisition, x_best i_best y_best:
  2.4879274539E+02  1.1681370489E+01  0.0000000000E+00      -2.0301060224E+05
| Global minimum prediction, x_hat mu_hat +- nu_hat:
  2.7311156551E+02 -5.9068754649E+00  0.0000000000E+00      -2.0301581767E+05  2.5612263500E+00
| Global minimum convergence, d_xhat d_muhat:
  7.6867503658E+01  6.3664500919E-02

| GP model hyperparameters (lengthscales W kappa):
  2.8600288519E-01  2.3082558242E-01 -5.6672739256E+00 -5.2878657595E+00  1.3942750706E-02  1.3948601668E-02
| Next sampling location (x_next, i_next):
  2.6158018402E+02 -2.3346938617E+01  0.0000000000E+00

Iteration time [s]:   26.731        Total time [s]:  278.236

--------------------------------------------------------------------------------
                                BO ITERATION 11                                 
--------------------------------------------------------------------------------
| Evaluating objective function at 2.616E+02 -2.335E+01 0.000E+00
| Objective function evaluated, time [s]       23.701
| Data point added to dataset (x i y): 
  2.6158018402E+02 -2.3346938617E+01  0.0000000000E+00      -2.0300900856E+05

| Total ensemble size: 43
| Best acquisition, x_best i_best y_best:
  2.4879274539E+02  1.1681370489E+01  0.0000000000E+00      -2.0301060224E+05
| Global minimum prediction, x_hat mu_hat +- nu_hat:
  2.7724174844E+02 -2.4782015839E+00  0.0000000000E+00      -2.0301502323E+05  1.0220384778E+00
| Global minimum convergence, d_xhat d_muhat:
  5.3678874428E+00  3.5753723064E-02

| GP model hyperparameters (lengthscales W kappa):
  2.7409329915E-01  2.1318119622E-01 -5.4072119872E+00 -5.3056616024E+00  1.3943716858E-02  1.3945821211E-02
| Next sampling location (x_next, i_next):
  2.1606990018E+01  1.8585719397E+02  0.0000000000E+00

Iteration time [s]:   26.702        Total time [s]:  304.941

--------------------------------------------------------------------------------
                                BO ITERATION 12                                 
--------------------------------------------------------------------------------
| Evaluating objective function at 2.161E+01 1.859E+02 0.000E+00
| Objective function evaluated, time [s]       23.568
| Data point added to dataset (x i y): 
  2.1606990018E+01  1.8585719397E+02  0.0000000000E+00      -2.0300832015E+05

| Total ensemble size: 44
| Best acquisition, x_best i_best y_best:
  2.4879274539E+02  1.1681370489E+01  0.0000000000E+00      -2.0301060224E+05
| Global minimum prediction, x_hat mu_hat +- nu_hat:
  2.7758257913E+02 -2.4050721456E+00  0.0000000000E+00      -2.0301519148E+05  1.0430823231E+00
| Global minimum convergence, d_xhat d_muhat:
  3.4858783013E-01  7.4678133064E-03

| GP model hyperparameters (lengthscales W kappa):
  2.7102713271E-01  2.0768434848E-01  5.3489152091E+00  5.3122642190E+00  1.3945675126E-02  1.3946276096E-02
| Next sampling location (x_next, i_next):
  2.7122437533E+02  1.1283704162E+02  0.0000000000E+00

Iteration time [s]:   26.792        Total time [s]:  331.737

--------------------------------------------------------------------------------
                                BO ITERATION 13                                 
--------------------------------------------------------------------------------
| Evaluating objective function at 2.712E+02 1.128E+02 0.000E+00
| Objective function evaluated, time [s]       23.841
| Data point added to dataset (x i y): 
  2.7122437533E+02  1.1283704162E+02  0.0000000000E+00      -2.0299192733E+05

| Total ensemble size: 45
| Best acquisition, x_best i_best y_best:
  2.4879274539E+02  1.1681370489E+01  0.0000000000E+00      -2.0301060224E+05
| Global minimum prediction, x_hat mu_hat +- nu_hat:
  2.7626198472E+02 -2.4008554519E+00  0.0000000000E+00      -2.0301477793E+05  8.3100056677E-01
| Global minimum convergence, d_xhat d_muhat:
  1.3206011491E+00  1.9052156024E-02

| GP model hyperparameters (lengthscales W kappa):
  3.0047484862E-01  2.3335877617E-01  5.7370471627E+00  5.5283018732E+00  1.3959944935E-02  1.3963893071E-02
| Next sampling location (x_next, i_next):
  2.1233843946E+02  2.0662105412E+02  0.0000000000E+00

Iteration time [s]:   27.156        Total time [s]:  358.897

--------------------------------------------------------------------------------
                                BO ITERATION 14                                 
--------------------------------------------------------------------------------
| Evaluating objective function at 2.123E+02 2.066E+02 0.000E+00
| Objective function evaluated, time [s]       22.238
| Data point added to dataset (x i y): 
  2.1233843946E+02  2.0662105412E+02  0.0000000000E+00      -2.0300344438E+05

| Total ensemble size: 46
| Best acquisition, x_best i_best y_best:
  2.4879274539E+02  1.1681370489E+01  0.0000000000E+00      -2.0301060224E+05
| Global minimum prediction, x_hat mu_hat +- nu_hat:
  2.7582773767E+02 -2.4076257125E+00  0.0000000000E+00      -2.0301459818E+05  8.2343752388E-01
| Global minimum convergence, d_xhat d_muhat:
  4.3429981586E-01  8.2814992400E-03

| GP model hyperparameters (lengthscales W kappa):
  3.0134731709E-01  2.3377588926E-01  5.6040706129E+00  5.5203978424E+00  1.3961386870E-02  1.3963062802E-02
| Next sampling location (x_next, i_next):
  2.8257372332E+02  2.0078489088E+02  0.0000000000E+00

Iteration time [s]:   25.699        Total time [s]:  384.600

--------------------------------------------------------------------------------
                                BO ITERATION 15                                 
--------------------------------------------------------------------------------
| Evaluating objective function at 2.826E+02 2.008E+02 0.000E+00
| Objective function evaluated, time [s]       22.317
| Data point added to dataset (x i y): 
  2.8257372332E+02  2.0078489088E+02  0.0000000000E+00      -2.0300572501E+05

| Total ensemble size: 47
| Best acquisition, x_best i_best y_best:
  2.4879274539E+02  1.1681370489E+01  0.0000000000E+00      -2.0301060224E+05
| Global minimum prediction, x_hat mu_hat +- nu_hat:
  2.7575059347E+02 -2.3459359962E+00  0.0000000000E+00      -2.0301456865E+05  8.1312088557E-01
| Global minimum convergence, d_xhat d_muhat:
  9.8776766324E-02  1.3519678710E-03

| GP model hyperparameters (lengthscales W kappa):
  3.0181870539E-01  2.3292169412E-01  5.5256724883E+00  5.5402223868E+00  1.3964718349E-02  1.3964344491E-02
| Next sampling location (x_next, i_next):
  1.0464396174E+02  1.7862958954E+02  0.0000000000E+00

Iteration time [s]:   25.780        Total time [s]:  410.384

--------------------------------------------------------------------------------
                                BO ITERATION 16                                 
--------------------------------------------------------------------------------
| Evaluating objective function at 1.046E+02 1.786E+02 0.000E+00
| Objective function evaluated, time [s]       23.458
| Data point added to dataset (x i y): 
  1.0464396174E+02  1.7862958954E+02  0.0000000000E+00      -2.0300826620E+05

| Total ensemble size: 48
| Best acquisition, x_best i_best y_best:
  2.4879274539E+02  1.1681370489E+01  0.0000000000E+00      -2.0301060224E+05
| Global minimum prediction, x_hat mu_hat +- nu_hat:
  2.7574079795E+02 -2.3068689204E+00  0.0000000000E+00      -2.0301453194E+05  8.8573907311E-01
| Global minimum convergence, d_xhat d_muhat:
  4.0276402736E-02  1.6616106269E-03

| GP model hyperparameters (lengthscales W kappa):
  2.9506471965E-01  2.2616246277E-01  5.3968417800E+00  5.5860505343E+00  1.3971092447E-02  1.3966629033E-02
| Next sampling location (x_next, i_next):
 -4.0705190880E+01  2.7398902549E+02  0.0000000000E+00

Iteration time [s]:   26.898        Total time [s]:  437.286

--------------------------------------------------------------------------------
                                BO ITERATION 17                                 
--------------------------------------------------------------------------------
| Evaluating objective function at -4.071E+01 2.740E+02 0.000E+00
| Objective function evaluated, time [s]       23.497
| Data point added to dataset (x i y): 
 -4.0705190880E+01  2.7398902549E+02  0.0000000000E+00      -2.0299192624E+05

| Total ensemble size: 49
| Best acquisition, x_best i_best y_best:
  2.4879274539E+02  1.1681370489E+01  0.0000000000E+00      -2.0301060224E+05
| Global minimum prediction, x_hat mu_hat +- nu_hat:
  2.7469211290E+02 -2.9458913068E+00  0.0000000000E+00      -2.0301411797E+05  6.6812849152E-01
| Global minimum convergence, d_xhat d_muhat:
  1.2280431320E+00  1.9280631828E-02

| GP model hyperparameters (lengthscales W kappa):
  3.2524517716E-01  2.4298264478E-01  5.6763394692E+00  5.7538791201E+00  1.3992232408E-02  1.3990503251E-02
| Next sampling location (x_next, i_next):
  3.8968337626E+01  1.4255516901E+02  0.0000000000E+00

Iteration time [s]:   26.747        Total time [s]:  464.037

--------------------------------------------------------------------------------
                                BO ITERATION 18                                 
--------------------------------------------------------------------------------
| Evaluating objective function at 3.897E+01 1.426E+02 0.000E+00
| Objective function evaluated, time [s]       24.490
| Data point added to dataset (x i y): 
  3.8968337626E+01  1.4255516901E+02  0.0000000000E+00      -2.0300232252E+05

| Total ensemble size: 50
| Best acquisition, x_best i_best y_best:
  2.4879274539E+02  1.1681370489E+01  0.0000000000E+00      -2.0301060224E+05
| Global minimum prediction, x_hat mu_hat +- nu_hat:
  2.7505672950E+02 -2.9501741871E+00  0.0000000000E+00      -2.0301399242E+05  7.2407606742E-01
| Global minimum convergence, d_xhat d_muhat:
  3.6464175398E-01  5.8601985505E-03

| GP model hyperparameters (lengthscales W kappa):
  3.0898016993E-01  2.4684719586E-01  5.6484092872E+00  5.7366121714E+00  1.3988272907E-02  1.3985580802E-02
| Next sampling location (x_next, i_next):
  9.1225621156E+01  9.2046532865E+01  0.0000000000E+00

Iteration time [s]:   27.948        Total time [s]:  491.990

--------------------------------------------------------------------------------
                                BO ITERATION 19                                 
--------------------------------------------------------------------------------
| Evaluating objective function at 9.123E+01 9.205E+01 0.000E+00
| Objective function evaluated, time [s]       23.392
| Data point added to dataset (x i y): 
  9.1225621156E+01  9.2046532865E+01  0.0000000000E+00      -2.0298967266E+05

| Total ensemble size: 51
| Best acquisition, x_best i_best y_best:
  2.4879274539E+02  1.1681370489E+01  0.0000000000E+00      -2.0301060224E+05
| Global minimum prediction, x_hat mu_hat +- nu_hat:
  2.7498139774E+02 -3.2095193144E+00  0.0000000000E+00      -2.0301413656E+05  7.6470460701E-01
| Global minimum convergence, d_xhat d_muhat:
  2.7006438008E-01  6.2697815106E-03

| GP model hyperparameters (lengthscales W kappa):
  3.1430613557E-01  2.4809670009E-01  6.0129970918E+00  5.6543726374E+00  1.3995698780E-02  1.4007905653E-02
| Next sampling location (x_next, i_next):
 -7.6926183566E+00  2.1484711577E+02  0.0000000000E+00

Iteration time [s]:   26.816        Total time [s]:  518.810

--------------------------------------------------------------------------------
                                BO ITERATION 20                                 
--------------------------------------------------------------------------------
| Evaluating objective function at -7.693E+00 2.148E+02 0.000E+00
| Objective function evaluated, time [s]       22.350
| Data point added to dataset (x i y): 
 -7.6926183566E+00  2.1484711577E+02  0.0000000000E+00      -2.0300221536E+05

| Total ensemble size: 52
| Best acquisition, x_best i_best y_best:
  2.4879274539E+02  1.1681370489E+01  0.0000000000E+00      -2.0301060224E+05
| Global minimum prediction, x_hat mu_hat +- nu_hat:
  2.7503338947E+02 -3.2286228000E+00  0.0000000000E+00      -2.0301410962E+05  7.5465404771E-01
| Global minimum convergence, d_xhat d_muhat:
  5.5390273319E-02  1.1726282598E-03

| GP model hyperparameters (lengthscales W kappa):
  3.1358138894E-01  2.4988085397E-01  6.0180831549E+00  5.6587100619E+00  1.3993887355E-02  1.4005696170E-02
| Next sampling location (x_next, i_next):
  2.0189886091E+02  9.5876556974E+01  0.0000000000E+00

Iteration time [s]:   26.058        Total time [s]:  544.872

--------------------------------------------------------------------------------
                                BO ITERATION 21                                 
--------------------------------------------------------------------------------
| Evaluating objective function at 2.019E+02 9.588E+01 0.000E+00
| Objective function evaluated, time [s]       24.001
| Data point added to dataset (x i y): 
  2.0189886091E+02  9.5876556974E+01  0.0000000000E+00      -2.0299066859E+05

| Total ensemble size: 53
| Best acquisition, x_best i_best y_best:
  2.4879274539E+02  1.1681370489E+01  0.0000000000E+00      -2.0301060224E+05
| Global minimum prediction, x_hat mu_hat +- nu_hat:
  2.7471856849E+02 -3.5490488227E+00  0.0000000000E+00      -2.0301366874E+05  5.4639777107E-01
| Global minimum convergence, d_xhat d_muhat:
  4.4920494614E-01  1.9628787309E-02

| GP model hyperparameters (lengthscales W kappa):
  3.2653176316E-01  2.8427743942E-01  6.2810301180E+00  5.8469309834E+00  1.4049978814E-02  1.4073004458E-02
| Next sampling location (x_next, i_next):
  2.6780179332E+02 -1.2538360718E+00  0.0000000000E+00

Iteration time [s]:   27.421        Total time [s]:  572.297

--------------------------------------------------------------------------------
                                BO ITERATION 22                                 
--------------------------------------------------------------------------------
| Evaluating objective function at 2.678E+02 -1.254E+00 0.000E+00
| Objective function evaluated, time [s]       23.653
| Data point added to dataset (x i y): 
  2.6780179332E+02 -1.2538360718E+00  0.0000000000E+00      -2.0301114490E+05

| Total ensemble size: 54
| Best acquisition, x_best i_best y_best:
  2.6780179332E+02 -1.2538360718E+00  0.0000000000E+00      -2.0301114490E+05
| Global minimum prediction, x_hat mu_hat +- nu_hat:
  1.9717118539E+02  1.0209604641E+01  0.0000000000E+00      -2.0301209463E+05  2.6537318649E-01
| Global minimum convergence, d_xhat d_muhat:
  7.8758473642E+01  6.8914830059E-02

| GP model hyperparameters (lengthscales W kappa):
  3.0193922629E-01  2.9052836497E-01  6.0015643747E+00  6.3807915088E+00  1.4085675366E-02  1.4062000075E-02
| Next sampling location (x_next, i_next):
  2.1535561997E+02  1.6204417318E+01  0.0000000000E+00

Iteration time [s]:   27.348        Total time [s]:  599.649

--------------------------------------------------------------------------------
                                BO ITERATION 23                                 
--------------------------------------------------------------------------------
| Evaluating objective function at 2.154E+02 1.620E+01 0.000E+00
| Objective function evaluated, time [s]       23.563
| Data point added to dataset (x i y): 
  2.1535561997E+02  1.6204417318E+01  0.0000000000E+00      -2.0301088534E+05

| Total ensemble size: 55
| Best acquisition, x_best i_best y_best:
  2.6780179332E+02 -1.2538360718E+00  0.0000000000E+00      -2.0301114490E+05
| Global minimum prediction, x_hat mu_hat +- nu_hat:
  1.9491193381E+02  9.3291013959E+00  0.0000000000E+00      -2.0301208397E+05  5.2993295447E-02
| Global minimum convergence, d_xhat d_muhat:
  2.4247687889E+00  4.5986051814E-04

| GP model hyperparameters (lengthscales W kappa):
  2.9697425532E-01  2.9670105045E-01  6.0515014343E+00  6.5957774234E+00  1.4087637621E-02  1.4058253980E-02
| Next sampling location (x_next, i_next):
  1.6235043281E+02  4.7551958964E+01  0.0000000000E+00

Iteration time [s]:   27.291        Total time [s]:  626.944

--------------------------------------------------------------------------------
                                BO ITERATION 24                                 
--------------------------------------------------------------------------------
| Evaluating objective function at 1.624E+02 4.755E+01 0.000E+00
| Objective function evaluated, time [s]       23.628
| Data point added to dataset (x i y): 
  1.6235043281E+02  4.7551958964E+01  0.0000000000E+00      -2.0299929284E+05

| Total ensemble size: 56
| Best acquisition, x_best i_best y_best:
  2.6780179332E+02 -1.2538360718E+00  0.0000000000E+00      -2.0301114490E+05
| Global minimum prediction, x_hat mu_hat +- nu_hat:
  1.9445523203E+02  1.0772414679E+01  0.0000000000E+00      -2.0301207514E+05  1.0002324692E-01
| Global minimum convergence, d_xhat d_muhat:
  1.5138460126E+00  3.8326966517E-04

| GP model hyperparameters (lengthscales W kappa):
  2.9451620972E-01  2.3010085979E-01 -5.6683446394E+00 -6.1726219735E+00  1.4081581603E-02  1.4053494439E-02
| Next sampling location (x_next, i_next):
  2.1832551805E+02 -3.4486842068E+01  0.0000000000E+00

Iteration time [s]:   28.302        Total time [s]:  655.250

--------------------------------------------------------------------------------
                                BO ITERATION 25                                 
--------------------------------------------------------------------------------
| Evaluating objective function at 2.183E+02 -3.449E+01 0.000E+00
| Objective function evaluated, time [s]       23.716
| Data point added to dataset (x i y): 
  2.1832551805E+02 -3.4486842068E+01  0.0000000000E+00      -2.0300157533E+05

| Total ensemble size: 57
| Best acquisition, x_best i_best y_best:
  2.6780179332E+02 -1.2538360718E+00  0.0000000000E+00      -2.0301114490E+05
| Global minimum prediction, x_hat mu_hat +- nu_hat:
  1.9593859806E+02  1.1130827749E+01  0.0000000000E+00      -2.0301179003E+05  1.1766937409E-01
| Global minimum convergence, d_xhat d_muhat:
  1.5260520009E+00  1.2389608372E-02

| GP model hyperparameters (lengthscales W kappa):
  2.9907502141E-01  2.3237556617E-01 -5.5754788319E+00 -6.2934811712E+00  1.4111948639E-02  1.4067336946E-02
| Next sampling location (x_next, i_next):
  2.9540039043E+02  1.7430756446E+02  0.0000000000E+00

Iteration time [s]:   28.452        Total time [s]:  683.706

--------------------------------------------------------------------------------
                                BO ITERATION 26                                 
--------------------------------------------------------------------------------
| Evaluating objective function at 2.954E+02 1.743E+02 0.000E+00
| Objective function evaluated, time [s]       23.562
| Data point added to dataset (x i y): 
  2.9540039043E+02  1.7430756446E+02  0.0000000000E+00      -2.0300837263E+05

| Total ensemble size: 58
| Best acquisition, x_best i_best y_best:
  2.6780179332E+02 -1.2538360718E+00  0.0000000000E+00      -2.0301114490E+05
| Global minimum prediction, x_hat mu_hat +- nu_hat:
  1.9494421335E+02  1.0824283816E+01  0.0000000000E+00      -2.0301196046E+05  1.0608227704E-01
| Global minimum convergence, d_xhat d_muhat:
  1.0405624085E+00  7.3400550136E-03

| GP model hyperparameters (lengthscales W kappa):
  2.9363655697E-01  2.3135957132E-01 -5.5998559232E+00 -6.3099999616E+00  1.4111925406E-02  1.4067598331E-02
| Next sampling location (x_next, i_next):
  2.4712306177E+02  5.6901841926E+01  0.0000000000E+00

Iteration time [s]:   28.527        Total time [s]:  712.237

--------------------------------------------------------------------------------
                                BO ITERATION 27                                 
--------------------------------------------------------------------------------
| Evaluating objective function at 2.471E+02 5.690E+01 0.000E+00
| Objective function evaluated, time [s]       23.753
| Data point added to dataset (x i y): 
  2.4712306177E+02  5.6901841926E+01  0.0000000000E+00      -2.0299453353E+05

| Total ensemble size: 59
| Best acquisition, x_best i_best y_best:
  2.6780179332E+02 -1.2538360718E+00  0.0000000000E+00      -2.0301114490E+05
| Global minimum prediction, x_hat mu_hat +- nu_hat:
  1.9850760555E+02  1.2376222461E+01  0.0000000000E+00      -2.0301159313E+05  1.3171806405E-01
| Global minimum convergence, d_xhat d_muhat:
  3.8866795004E+00  1.6016127952E-02

| GP model hyperparameters (lengthscales W kappa):
  3.1474621087E-01  2.3760402381E-01 -5.6088338161E+00 -6.5810189193E+00  1.4197513836E-02  1.4115518241E-02
| Next sampling location (x_next, i_next):
  5.2927368525E+01  2.6333887651E+02  0.0000000000E+00

Iteration time [s]:   27.886        Total time [s]:  740.126

--------------------------------------------------------------------------------
                                BO ITERATION 28                                 
--------------------------------------------------------------------------------
| Evaluating objective function at 5.293E+01 2.633E+02 0.000E+00
| Objective function evaluated, time [s]       23.607
| Data point added to dataset (x i y): 
  5.2927368525E+01  2.6333887651E+02  0.0000000000E+00      -2.0299084508E+05

| Total ensemble size: 60
| Best acquisition, x_best i_best y_best:
  2.6780179332E+02 -1.2538360718E+00  0.0000000000E+00      -2.0301114490E+05
| Global minimum prediction, x_hat mu_hat +- nu_hat:
  2.0110837006E+02  1.2422486378E+01  0.0000000000E+00      -2.0301142392E+05  9.9178304563E-02
| Global minimum convergence, d_xhat d_muhat:
  2.6011759578E+00  7.5046923100E-03

| GP model hyperparameters (lengthscales W kappa):
  3.4519471211E-01  2.2271199986E-01 -5.7242230594E+00 -6.6598336729E+00  1.4244375399E-02  1.4156748618E-02
| Next sampling location (x_next, i_next):
  8.9843431296E+01  2.1338527026E+02  0.0000000000E+00

Iteration time [s]:   27.746        Total time [s]:  767.876

--------------------------------------------------------------------------------
                                BO ITERATION 29                                 
--------------------------------------------------------------------------------
| Evaluating objective function at 8.984E+01 2.134E+02 0.000E+00
| Objective function evaluated, time [s]       22.451
| Data point added to dataset (x i y): 
  8.9843431296E+01  2.1338527026E+02  0.0000000000E+00      -2.0300313516E+05

| Total ensemble size: 61
| Best acquisition, x_best i_best y_best:
  2.6780179332E+02 -1.2538360718E+00  0.0000000000E+00      -2.0301114490E+05
| Global minimum prediction, x_hat mu_hat +- nu_hat:
  2.0034461921E+02  1.2061981955E+01  0.0000000000E+00      -2.0301153028E+05  1.1008607989E-01
| Global minimum convergence, d_xhat d_muhat:
  8.4455834105E-01  4.7100960601E-03

| GP model hyperparameters (lengthscales W kappa):
  3.3851080559E-01  2.1533579475E-01 -5.6946085983E+00 -6.5206809975E+00  1.4211963308E-02  1.4135809592E-02
| Next sampling location (x_next, i_next):
 -2.2229838380E+01  1.6860672160E+02  0.0000000000E+00

Iteration time [s]:   26.786        Total time [s]:  794.666

--------------------------------------------------------------------------------
                                BO ITERATION 30                                 
--------------------------------------------------------------------------------
| Evaluating objective function at -2.223E+01 1.686E+02 0.000E+00
| Objective function evaluated, time [s]       23.791
| Data point added to dataset (x i y): 
 -2.2229838380E+01  1.6860672160E+02  0.0000000000E+00      -2.0300734166E+05

| Total ensemble size: 62
| Best acquisition, x_best i_best y_best:
  2.6780179332E+02 -1.2538360718E+00  0.0000000000E+00      -2.0301114490E+05
| Global minimum prediction, x_hat mu_hat +- nu_hat:
  1.9910085542E+02  1.1901055507E+01  0.0000000000E+00      -2.0301166177E+05  1.3433467319E-01
| Global minimum convergence, d_xhat d_muhat:
  1.2541314491E+00  5.7816632049E-03

| GP model hyperparameters (lengthscales W kappa):
  3.2059754880E-01  2.1407074949E-01 -5.6734880910E+00 -6.4683358515E+00  1.4158192084E-02  1.4097945787E-02
| Next sampling location (x_next, i_next):
  4.3858512898E+01  2.0692875908E+02  0.0000000000E+00

Iteration time [s]:   28.672        Total time [s]:  823.342

--------------------------------------------------------------------------------
                                BO ITERATION 31                                 
--------------------------------------------------------------------------------
| Evaluating objective function at 4.386E+01 2.069E+02 0.000E+00
| Objective function evaluated, time [s]       23.561
| Data point added to dataset (x i y): 
  4.3858512898E+01  2.0692875908E+02  0.0000000000E+00      -2.0300562745E+05

| Total ensemble size: 63
| Best acquisition, x_best i_best y_best:
  2.6780179332E+02 -1.2538360718E+00  0.0000000000E+00      -2.0301114490E+05
| Global minimum prediction, x_hat mu_hat +- nu_hat:
  2.0087598165E+02  1.1800656671E+01  0.0000000000E+00      -2.0301156939E+05  1.2205489310E-01
| Global minimum convergence, d_xhat d_muhat:
  1.7779631718E+00  4.0440730955E-03

| GP model hyperparameters (lengthscales W kappa):
  3.3777684848E-01  1.9826473761E-01 -5.5886683635E+00 -6.5932309333E+00  1.4190478756E-02  1.4109054383E-02
| Next sampling location (x_next, i_next):
  2.5361522055E+02  2.2522979541E+02  0.0000000000E+00

Iteration time [s]:   28.417        Total time [s]:  851.762

--------------------------------------------------------------------------------
                                BO ITERATION 32                                 
--------------------------------------------------------------------------------
| Evaluating objective function at 2.536E+02 2.252E+02 0.000E+00
| Objective function evaluated, time [s]       22.457
| Data point added to dataset (x i y): 
  2.5361522055E+02  2.2522979541E+02  0.0000000000E+00      -2.0299752577E+05

| Total ensemble size: 64
| Best acquisition, x_best i_best y_best:
  2.6780179332E+02 -1.2538360718E+00  0.0000000000E+00      -2.0301114490E+05
| Global minimum prediction, x_hat mu_hat +- nu_hat:
  2.0066364209E+02  1.2035066760E+01  0.0000000000E+00      -2.0301153927E+05  1.2125345210E-01
| Global minimum convergence, d_xhat d_muhat:
  3.1628496085E-01  1.3267482625E-03

| GP model hyperparameters (lengthscales W kappa):
  3.3469400442E-01  2.0528408282E-01 -5.6005363144E+00 -6.5229643291E+00  1.4191804854E-02  1.4114742459E-02
| Next sampling location (x_next, i_next):
  2.7013407994E+02  3.0780899587E+02  0.0000000000E+00

Iteration time [s]:   27.463        Total time [s]:  879.228

--------------------------------------------------------------------------------
                                BO ITERATION 33                                 
--------------------------------------------------------------------------------
| Evaluating objective function at 2.701E+02 3.078E+02 0.000E+00
| Objective function evaluated, time [s]       23.939
| Data point added to dataset (x i y): 
  2.7013407994E+02  3.0780899587E+02  0.0000000000E+00      -2.0299920760E+05

| Total ensemble size: 65
| Best acquisition, x_best i_best y_best:
  2.6780179332E+02 -1.2538360718E+00  0.0000000000E+00      -2.0301114490E+05
| Global minimum prediction, x_hat mu_hat +- nu_hat:
  2.7636062715E+02 -9.5104334290E+00  0.0000000000E+00      -2.0301147955E+05  2.4337681589E-01
| Global minimum convergence, d_xhat d_muhat:
  7.8703507710E+01  2.6405203584E-03

| GP model hyperparameters (lengthscales W kappa):
  3.4167895479E-01  2.0659157292E-01 -5.5735109190E+00 -6.5161049016E+00  1.4204112315E-02  1.4122204935E-02
| Next sampling location (x_next, i_next):
  7.4042534749E+01  8.7557033018E+00  0.0000000000E+00

Iteration time [s]:   28.826        Total time [s]:  908.058

--------------------------------------------------------------------------------
                                BO ITERATION 34                                 
--------------------------------------------------------------------------------
| Evaluating objective function at 7.404E+01 8.756E+00 0.000E+00
| Objective function evaluated, time [s]       23.662
| Data point added to dataset (x i y): 
  7.4042534749E+01  8.7557033018E+00  0.0000000000E+00      -2.0300105887E+05

| Total ensemble size: 66
| Best acquisition, x_best i_best y_best:
  2.6780179332E+02 -1.2538360718E+00  0.0000000000E+00      -2.0301114490E+05
| Global minimum prediction, x_hat mu_hat +- nu_hat:
  2.7586016847E+02 -9.3850193253E+00  0.0000000000E+00      -2.0301144384E+05  2.2488649200E-01
| Global minimum convergence, d_xhat d_muhat:
  5.1593371167E-01  1.5813827337E-03

| GP model hyperparameters (lengthscales W kappa):
  3.4469434935E-01  2.0751788662E-01  5.5301831148E+00  6.5144342181E+00  1.4216624487E-02  1.4127511736E-02
| Next sampling location (x_next, i_next):
  1.7578841179E+02  1.9340021013E+02  0.0000000000E+00

Iteration time [s]:   28.365        Total time [s]:  936.427

--------------------------------------------------------------------------------
                                BO ITERATION 35                                 
--------------------------------------------------------------------------------
| Evaluating objective function at 1.758E+02 1.934E+02 0.000E+00
| Objective function evaluated, time [s]       22.301
| Data point added to dataset (x i y): 
  1.7578841179E+02  1.9340021013E+02  0.0000000000E+00      -2.0300704724E+05

| Total ensemble size: 67
| Best acquisition, x_best i_best y_best:
  2.6780179332E+02 -1.2538360718E+00  0.0000000000E+00      -2.0301114490E+05
| Global minimum prediction, x_hat mu_hat +- nu_hat:
  2.7600059319E+02 -9.4642251630E+00  0.0000000000E+00      -2.0301145752E+05  2.3146644993E-01
| Global minimum convergence, d_xhat d_muhat:
  1.6122241918E-01  6.0232364246E-04

| GP model hyperparameters (lengthscales W kappa):
  3.4572653709E-01  2.0656958315E-01  5.5334663256E+00  6.6009446385E+00  1.4239312378E-02  1.4139364411E-02
| Next sampling location (x_next, i_next):
  2.0593323887E+01 -3.8074478969E+01  0.0000000000E+00

Iteration time [s]:   26.995        Total time [s]:  963.426

--------------------------------------------------------------------------------
                                BO ITERATION 36                                 
--------------------------------------------------------------------------------
| Evaluating objective function at 2.059E+01 -3.807E+01 0.000E+00
| Objective function evaluated, time [s]       23.807
| Data point added to dataset (x i y): 
  2.0593323887E+01 -3.8074478969E+01  0.0000000000E+00      -2.0299165197E+05

| Total ensemble size: 68
| Best acquisition, x_best i_best y_best:
  2.6780179332E+02 -1.2538360718E+00  0.0000000000E+00      -2.0301114490E+05
| Global minimum prediction, x_hat mu_hat +- nu_hat:
  2.7911294241E+02 -1.0738584933E+01  0.0000000000E+00      -2.0301173297E+05  3.5147535249E-01
| Global minimum convergence, d_xhat d_muhat:
  3.3631399753E+00  1.2275809685E-02

| GP model hyperparameters (lengthscales W kappa):
  3.3126335300E-01  2.0559667976E-01  5.7099649160E+00  6.2169631686E+00  1.4177417137E-02  1.4130267021E-02
| Next sampling location (x_next, i_next):
  2.6444613541E+02  1.5090812071E+02  0.0000000000E+00

Iteration time [s]:   28.969        Total time [s]:  992.399

--------------------------------------------------------------------------------
                                BO ITERATION 37                                 
--------------------------------------------------------------------------------
| Evaluating objective function at 2.644E+02 1.509E+02 0.000E+00
| Objective function evaluated, time [s]       22.302
| Data point added to dataset (x i y): 
  2.6444613541E+02  1.5090812071E+02  0.0000000000E+00      -2.0300309482E+05

| Total ensemble size: 69
| Best acquisition, x_best i_best y_best:
  2.6780179332E+02 -1.2538360718E+00  0.0000000000E+00      -2.0301114490E+05
| Global minimum prediction, x_hat mu_hat +- nu_hat:
  2.7891901562E+02 -1.0767773775E+01  0.0000000000E+00      -2.0301171377E+05  3.4549803015E-01
| Global minimum convergence, d_xhat d_muhat:
  1.9611116417E-01  8.5443927762E-04

| GP model hyperparameters (lengthscales W kappa):
  3.3420347507E-01  2.0536636116E-01  5.6881964314E+00  6.2419890267E+00  1.4190896922E-02  1.4141674053E-02
| Next sampling location (x_next, i_next):
  8.1267441703E+01 -2.8391936085E+01  0.0000000000E+00

Iteration time [s]:   27.480        Total time [s]: 1019.883

--------------------------------------------------------------------------------
                                BO ITERATION 38                                 
--------------------------------------------------------------------------------
| Evaluating objective function at 8.127E+01 -2.839E+01 0.000E+00
| Objective function evaluated, time [s]       23.716
| Data point added to dataset (x i y): 
  8.1267441703E+01 -2.8391936085E+01  0.0000000000E+00      -2.0300049024E+05

| Total ensemble size: 70
| Best acquisition, x_best i_best y_best:
  2.6780179332E+02 -1.2538360718E+00  0.0000000000E+00      -2.0301114490E+05
| Global minimum prediction, x_hat mu_hat +- nu_hat:
  2.7850811345E+02 -1.0731488506E+01  0.0000000000E+00      -2.0301166704E+05  3.2576969824E-01
| Global minimum convergence, d_xhat d_muhat:
  4.1250117383E-01  2.0836851371E-03

| GP model hyperparameters (lengthscales W kappa):
  3.3691264616E-01  2.0660422743E-01  5.6496536581E+00  6.2336506027E+00  1.4203214702E-02  1.4148685042E-02
| Next sampling location (x_next, i_next):
  1.0212735505E+02  1.5634726656E+02  0.0000000000E+00

Iteration time [s]:   28.994        Total time [s]: 1048.881

--------------------------------------------------------------------------------
                                BO ITERATION 39                                 
--------------------------------------------------------------------------------
| Evaluating objective function at 1.021E+02 1.563E+02 0.000E+00
| Objective function evaluated, time [s]       23.651
| Data point added to dataset (x i y): 
  1.0212735505E+02  1.5634726656E+02  0.0000000000E+00      -2.0300574362E+05

| Total ensemble size: 71
| Best acquisition, x_best i_best y_best:
  2.6780179332E+02 -1.2538360718E+00  0.0000000000E+00      -2.0301114490E+05
| Global minimum prediction, x_hat mu_hat +- nu_hat:
  2.7826647382E+02 -1.0696330775E+01  0.0000000000E+00      -2.0301164465E+05  3.2745493445E-01
| Global minimum convergence, d_xhat d_muhat:
  2.4418389212E-01  9.9386448704E-04

| GP model hyperparameters (lengthscales W kappa):
  3.3430292263E-01  2.0673022963E-01  5.6318760790E+00  6.3106221084E+00  1.4213150011E-02  1.4150462772E-02
| Next sampling location (x_next, i_next):
 -4.8613738158E+01  7.1400107195E+01  0.0000000000E+00

Iteration time [s]:   28.998        Total time [s]: 1077.883

--------------------------------------------------------------------------------
                                BO ITERATION 40                                 
--------------------------------------------------------------------------------
| Evaluating objective function at -4.861E+01 7.140E+01 0.000E+00
| Objective function evaluated, time [s]       24.042
| Data point added to dataset (x i y): 
 -4.8613738158E+01  7.1400107195E+01  0.0000000000E+00      -2.0298917633E+05

| Total ensemble size: 72
| Best acquisition, x_best i_best y_best:
  2.6780179332E+02 -1.2538360718E+00  0.0000000000E+00      -2.0301114490E+05
| Global minimum prediction, x_hat mu_hat +- nu_hat:
  2.7700176332E+02 -1.0188486035E+01  0.0000000000E+00      -2.0301149248E+05  2.3740482313E-01
| Global minimum convergence, d_xhat d_muhat:
  1.3628642431E+00  6.7008604182E-03

| GP model hyperparameters (lengthscales W kappa):
  3.5116476282E-01  2.1483635795E-01  5.7393178228E+00  6.3668009162E+00  1.4281086150E-02  1.4210006233E-02
| Next sampling location (x_next, i_next):
  2.8464099980E+02  1.1426084580E+01  0.0000000000E+00

Iteration time [s]:   29.295        Total time [s]: 1107.182

--------------------------------------------------------------------------------
                                BO ITERATION 41                                 
--------------------------------------------------------------------------------
| Evaluating objective function at 2.846E+02 1.143E+01 0.000E+00
| Objective function evaluated, time [s]       23.679
| Data point added to dataset (x i y): 
  2.8464099980E+02  1.1426084580E+01  0.0000000000E+00      -2.0300593860E+05

| Total ensemble size: 73
| Best acquisition, x_best i_best y_best:
  2.6780179332E+02 -1.2538360718E+00  0.0000000000E+00      -2.0301114490E+05
| Global minimum prediction, x_hat mu_hat +- nu_hat:
  2.7671086523E+02 -1.2546637805E+01  0.0000000000E+00      -2.0301217771E+05  1.8394609728E-01
| Global minimum convergence, d_xhat d_muhat:
  2.3760264033E+00  3.0044854460E-02

| GP model hyperparameters (lengthscales W kappa):
  3.5756380573E-01  2.0233254353E-01  5.6715570185E+00  6.5870918028E+00  1.4344117416E-02  1.4231631453E-02
| Next sampling location (x_next, i_next):
  1.0629923141E+01  4.4537627702E+01  0.0000000000E+00

Iteration time [s]:   29.257        Total time [s]: 1136.443

--------------------------------------------------------------------------------
                                BO ITERATION 42                                 
--------------------------------------------------------------------------------
| Evaluating objective function at 1.063E+01 4.454E+01 0.000E+00
| Objective function evaluated, time [s]       23.571
| Data point added to dataset (x i y): 
  1.0629923141E+01  4.4537627702E+01  0.0000000000E+00      -2.0299461333E+05

| Total ensemble size: 74
| Best acquisition, x_best i_best y_best:
  2.6780179332E+02 -1.2538360718E+00  0.0000000000E+00      -2.0301114490E+05
| Global minimum prediction, x_hat mu_hat +- nu_hat:
  2.7676322004E+02 -1.2598692003E+01  0.0000000000E+00      -2.0301219579E+05  1.7856516398E-01
| Global minimum convergence, d_xhat d_muhat:
  7.3828625697E-02  7.9846471340E-04

| GP model hyperparameters (lengthscales W kappa):
  3.5135194926E-01  2.0609855854E-01  5.6627241544E+00  6.4287893200E+00  1.4383786542E-02  1.4273503609E-02
| Next sampling location (x_next, i_next):
  3.8387249563E+01  1.7267681370E+02  0.0000000000E+00

Iteration time [s]:   28.992        Total time [s]: 1165.439

--------------------------------------------------------------------------------
                                BO ITERATION 43                                 
--------------------------------------------------------------------------------
| Evaluating objective function at 3.839E+01 1.727E+02 0.000E+00
| Objective function evaluated, time [s]       23.343
| Data point added to dataset (x i y): 
  3.8387249563E+01  1.7267681370E+02  0.0000000000E+00      -2.0300886223E+05

| Total ensemble size: 75
| Best acquisition, x_best i_best y_best:
  2.6780179332E+02 -1.2538360718E+00  0.0000000000E+00      -2.0301114490E+05
| Global minimum prediction, x_hat mu_hat +- nu_hat:
  2.7694943802E+02 -1.2666216551E+01  0.0000000000E+00      -2.0301223747E+05  1.8736382835E-01
| Global minimum convergence, d_xhat d_muhat:
  1.9808256334E-01  1.8277511623E-03

| GP model hyperparameters (lengthscales W kappa):
  3.5395802880E-01  2.0388557891E-01  5.6871151728E+00  6.5510493611E+00  1.4410640604E-02  1.4285721445E-02
| Next sampling location (x_next, i_next):
  1.7646289736E+02  2.1815142083E+02  0.0000000000E+00

Iteration time [s]:   28.441        Total time [s]: 1193.884

--------------------------------------------------------------------------------
                                BO ITERATION 44                                 
--------------------------------------------------------------------------------
| Evaluating objective function at 1.765E+02 2.182E+02 0.000E+00
| Objective function evaluated, time [s]       23.130
| Data point added to dataset (x i y): 
  1.7646289736E+02  2.1815142083E+02  0.0000000000E+00      -2.0300105974E+05

| Total ensemble size: 76
| Best acquisition, x_best i_best y_best:
  2.6780179332E+02 -1.2538360718E+00  0.0000000000E+00      -2.0301114490E+05
| Global minimum prediction, x_hat mu_hat +- nu_hat:
  2.7686528123E+02 -1.2660027926E+01  0.0000000000E+00      -2.0301222481E+05  1.8003784260E-01
| Global minimum convergence, d_xhat d_muhat:
  8.4384037223E-02  5.5561482156E-04

| GP model hyperparameters (lengthscales W kappa):
  3.5388183922E-01  2.0539448185E-01  5.6702546938E+00  6.5317817837E+00  1.4425843885E-02  1.4293402276E-02
| Next sampling location (x_next, i_next):
  2.0546077730E+02  1.7784197052E+02  0.0000000000E+00

Iteration time [s]:   28.060        Total time [s]: 1221.947

--------------------------------------------------------------------------------
                                BO ITERATION 45                                 
--------------------------------------------------------------------------------
| Evaluating objective function at 2.055E+02 1.778E+02 0.000E+00
| Objective function evaluated, time [s]       23.092
| Data point added to dataset (x i y): 
  2.0546077730E+02  1.7784197052E+02  0.0000000000E+00      -2.0300740718E+05

| Total ensemble size: 77
| Best acquisition, x_best i_best y_best:
  2.6780179332E+02 -1.2538360718E+00  0.0000000000E+00      -2.0301114490E+05
| Global minimum prediction, x_hat mu_hat +- nu_hat:
  2.7699290603E+02 -1.2702207790E+01  0.0000000000E+00      -2.0301225629E+05  1.8618173060E-01
| Global minimum convergence, d_xhat d_muhat:
  1.3441439889E-01  1.3743583684E-03

| GP model hyperparameters (lengthscales W kappa):
  3.4552812834E-01  2.0793162199E-01  5.6960356772E+00  6.6175302873E+00  1.4444828961E-02  1.4303325625E-02
| Next sampling location (x_next, i_next):
  1.2362202376E+02  2.6351884918E+02  0.0000000000E+00

Iteration time [s]:   28.512        Total time [s]: 1250.463

--------------------------------------------------------------------------------
                                BO ITERATION 46                                 
--------------------------------------------------------------------------------
| Evaluating objective function at 1.236E+02 2.635E+02 0.000E+00
| Objective function evaluated, time [s]       24.103
| Data point added to dataset (x i y): 
  1.2362202376E+02  2.6351884918E+02  0.0000000000E+00      -2.0298997663E+05

| Total ensemble size: 78
| Best acquisition, x_best i_best y_best:
  2.6780179332E+02 -1.2538360718E+00  0.0000000000E+00      -2.0301114490E+05
| Global minimum prediction, x_hat mu_hat +- nu_hat:
  2.7670717606E+02 -1.2593586401E+01  0.0000000000E+00      -2.0301218455E+05  1.7382446644E-01
| Global minimum convergence, d_xhat d_muhat:
  3.0567992848E-01  3.1667371077E-03

| GP model hyperparameters (lengthscales W kappa):
  3.6091002842E-01  2.0557463933E-01  5.7723079684E+00  6.5823899111E+00  1.4488802253E-02  1.4349114762E-02
| Next sampling location (x_next, i_next):
  2.8022895354E+02 -1.6462210864E+01  0.0000000000E+00

Iteration time [s]:   29.409        Total time [s]: 1279.876

--------------------------------------------------------------------------------
                                BO ITERATION 47                                 
--------------------------------------------------------------------------------
| Evaluating objective function at 2.802E+02 -1.646E+01 0.000E+00
| Objective function evaluated, time [s]       23.408
| Data point added to dataset (x i y): 
  2.8022895354E+02 -1.6462210864E+01  0.0000000000E+00      -2.0300978814E+05

| Total ensemble size: 79
| Best acquisition, x_best i_best y_best:
  2.6780179332E+02 -1.2538360718E+00  0.0000000000E+00      -2.0301114490E+05
| Global minimum prediction, x_hat mu_hat +- nu_hat:
  2.6382017409E+02 -2.5763800202E+00  0.0000000000E+00      -2.0301126496E+05  1.3436465287E-02
| Global minimum convergence, d_xhat d_muhat:
  1.6322354106E+01  4.0299920044E-02

| GP model hyperparameters (lengthscales W kappa):
  3.7482734980E-01  1.8016979933E-01  5.5330447603E+00  7.4213164321E+00  1.4914187011E-02  1.4448040860E-02
| Next sampling location (x_next, i_next):
 -1.2596098835E+01  2.4484886333E+02  0.0000000000E+00

Iteration time [s]:   29.022        Total time [s]: 1308.902

--------------------------------------------------------------------------------
                                BO ITERATION 48                                 
--------------------------------------------------------------------------------
| Evaluating objective function at -1.260E+01 2.448E+02 0.000E+00
| Objective function evaluated, time [s]       23.439
| Data point added to dataset (x i y): 
 -1.2596098835E+01  2.4484886333E+02  0.0000000000E+00      -2.0299393360E+05

| Total ensemble size: 80
| Best acquisition, x_best i_best y_best:
  2.6780179332E+02 -1.2538360718E+00  0.0000000000E+00      -2.0301114490E+05
| Global minimum prediction, x_hat mu_hat +- nu_hat:
  2.6362336124E+02 -3.1951480520E+00  0.0000000000E+00      -2.0301130994E+05  1.9240707512E-02
| Global minimum convergence, d_xhat d_muhat:
  6.4931438864E-01  1.9850823562E-03

| GP model hyperparameters (lengthscales W kappa):
  3.6490862999E-01  1.8979610606E-01  5.5585178131E+00  7.3944281611E+00  1.5009226370E-02  1.4507743334E-02
| Next sampling location (x_next, i_next):
  2.3344941509E+02  2.8249364970E+01  0.0000000000E+00

Iteration time [s]:   29.098        Total time [s]: 1338.004

--------------------------------------------------------------------------------
                                BO ITERATION 49                                 
--------------------------------------------------------------------------------
| Evaluating objective function at 2.334E+02 2.825E+01 0.000E+00
| Objective function evaluated, time [s]       23.422
| Data point added to dataset (x i y): 
  2.3344941509E+02  2.8249364970E+01  0.0000000000E+00      -2.0300668676E+05

| Total ensemble size: 81
| Best acquisition, x_best i_best y_best:
  2.6780179332E+02 -1.2538360718E+00  0.0000000000E+00      -2.0301114490E+05
| Global minimum prediction, x_hat mu_hat +- nu_hat:
  2.6054589713E+02 -4.3671004297E-01  0.0000000000E+00      -2.0301128919E+05  1.8120123128E-02
| Global minimum convergence, d_xhat d_muhat:
  4.1327673057E+00  9.1177694823E-04

| GP model hyperparameters (lengthscales W kappa):
  3.7069613275E-01  1.8276235025E-01  5.5547366058E+00  7.4339144712E+00  1.5038326284E-02  1.4516373698E-02
| Next sampling location (x_next, i_next):
 -4.9685923251E+01  2.0888371083E+02  0.0000000000E+00

Iteration time [s]:   29.184        Total time [s]: 1367.192

--------------------------------------------------------------------------------
                                BO ITERATION 50                                 
--------------------------------------------------------------------------------
| Evaluating objective function at -4.969E+01 2.089E+02 0.000E+00
| Objective function evaluated, time [s]       22.828
| Data point added to dataset (x i y): 
 -4.9685923251E+01  2.0888371083E+02  0.0000000000E+00      -2.0300425076E+05

| Total ensemble size: 82
| Best acquisition, x_best i_best y_best:
  2.6780179332E+02 -1.2538360718E+00  0.0000000000E+00      -2.0301114490E+05
| Global minimum prediction, x_hat mu_hat +- nu_hat:
  2.6009124298E+02  1.4289622581E-01  0.0000000000E+00      -2.0301126895E+05  1.8492564771E-02
| Global minimum convergence, d_xhat d_muhat:
  7.3665040620E-01  8.8734586501E-04

| GP model hyperparameters (lengthscales W kappa):
  3.8195223117E-01  1.7528067772E-01 -5.5577116476E+00 -7.4619009477E+00  1.4902641328E-02  1.4438917424E-02
| Next sampling location (x_next, i_next):
  1.4479338226E+02  1.8340279476E+02  0.0000000000E+00

Iteration time [s]:   29.074        Total time [s]: 1396.270

|| Bayesian optimization completed, time [s]     1396.237


--------------------------------------------------------------------------------
                        BOSS is done! Have a nice day :)                        

      Datetime 05-08-2020 19:02:49            Total time [s]     1396.274       
--------------------------------------------------------------------------------
