-50.0000000000_-50.0000000000_-50.0000000000_-50.0000000000
130.0000000000_10.0000000000_130.0000000000_130.0000000000
220.0000000000_-20.0000000000_220.0000000000_40.0000000000
40.0000000000_40.0000000000_40.0000000000_220.0000000000
85.0000000000_-5.0000000000_175.0000000000_-5.0000000000
265.0000000000_55.0000000000_-5.0000000000_175.0000000000
175.0000000000_-35.0000000000_85.0000000000_85.0000000000
-5.0000000000_25.0000000000_265.0000000000_265.0000000000
17.5000000000_-12.5000000000_62.5000000000_197.5000000000
197.5000000000_47.5000000000_242.5000000000_17.5000000000
287.5000000000_-42.5000000000_152.5000000000_287.5000000000
107.5000000000_17.5000000000_-27.5000000000_107.5000000000
62.5000000000_-27.5000000000_287.5000000000_152.5000000000
242.5000000000_32.5000000000_107.5000000000_-27.5000000000
152.5000000000_2.5000000000_17.5000000000_242.5000000000
-27.5000000000_62.5000000000_197.5000000000_62.5000000000
-16.2500000000_6.2500000000_253.7500000000_96.2500000000
163.7500000000_66.2500000000_73.7500000000_276.2500000000
253.7500000000_-23.7500000000_-16.2500000000_6.2500000000
73.7500000000_36.2500000000_163.7500000000_186.2500000000
118.7500000000_-38.7500000000_118.7500000000_51.2500000000
298.7500000000_21.2500000000_298.7500000000_231.2500000000
208.7500000000_-8.7500000000_208.7500000000_-38.7500000000
28.7500000000_51.2500000000_28.7500000000_141.2500000000
6.2500000000_-31.2500000000_141.2500000000_253.7500000000
186.2500000000_28.7500000000_-38.7500000000_73.7500000000
276.2500000000_-1.2500000000_51.2500000000_163.7500000000
96.2500000000_58.7500000000_231.2500000000_-16.2500000000
51.2500000000_-16.2500000000_6.2500000000_298.7500000000
231.2500000000_43.7500000000_186.2500000000_118.7500000000
141.2500000000_-46.2500000000_276.2500000000_208.7500000000
-38.7500000000_13.7500000000_96.2500000000_28.7500000000
-33.1250000000_-18.1250000000_169.3750000000_158.1250000000
146.8750000000_41.8750000000_-10.6250000000_-21.8750000000
236.8750000000_-48.1250000000_79.3750000000_248.1250000000
56.8750000000_11.8750000000_259.3750000000_68.1250000000
101.8750000000_-33.1250000000_34.3750000000_203.1250000000
281.8750000000_26.8750000000_214.3750000000_23.1250000000
191.8750000000_-3.1250000000_304.3750000000_293.1250000000
11.8750000000_56.8750000000_124.3750000000_113.1250000000
34.3750000000_-40.6250000000_236.8750000000_.6250000000
214.3750000000_19.3750000000_56.8750000000_180.6250000000
304.3750000000_-10.6250000000_-33.1250000000_90.6250000000
124.3750000000_49.3750000000_146.8750000000_270.6250000000
79.3750000000_4.3750000000_101.8750000000_-44.3750000000
259.3750000000_64.3750000000_281.8750000000_135.6250000000
169.3750000000_-25.6250000000_191.8750000000_45.6250000000
-10.6250000000_34.3750000000_11.8750000000_225.6250000000
-21.8750000000_-21.8750000000_45.6250000000_304.3750000000
158.1250000000_38.1250000000_225.6250000000_124.3750000000
248.1250000000_8.1250000000_135.6250000000_214.3750000000
68.1250000000_68.1250000000_-44.3750000000_34.3750000000
113.1250000000_-6.8750000000_270.6250000000_259.3750000000
293.1250000000_53.1250000000_90.6250000000_79.3750000000
203.1250000000_-36.8750000000_.6250000000_169.3750000000
23.1250000000_23.1250000000_180.6250000000_-10.6250000000
.6250000000_.6250000000_-21.8750000000_56.8750000000
180.6250000000_60.6250000000_158.1250000000_236.8750000000
270.6250000000_-29.3750000000_248.1250000000_-33.1250000000
90.6250000000_30.6250000000_68.1250000000_146.8750000000
45.6250000000_-44.3750000000_203.1250000000_101.8750000000
225.6250000000_15.6250000000_23.1250000000_281.8750000000
135.6250000000_-14.3750000000_113.1250000000_11.8750000000
-44.3750000000_45.6250000000_293.1250000000_191.8750000000
-41.5625000000_-2.1875000000_110.3125000000_239.6875000000
138.4375000000_57.8125000000_290.3125000000_59.6875000000
228.4375000000_-32.1875000000_200.3125000000_149.6875000000
48.4375000000_27.8125000000_20.3125000000_-30.3125000000
93.4375000000_-47.1875000000_245.3125000000_284.6875000000
273.4375000000_12.8125000000_65.3125000000_104.6875000000
183.4375000000_-17.1875000000_-24.6875000000_194.6875000000
3.4375000000_42.8125000000_155.3125000000_14.6875000000
25.9375000000_-24.6875000000_-2.1875000000_127.1875000000
205.9375000000_35.3125000000_177.8125000000_307.1875000000
295.9375000000_5.3125000000_267.8125000000_37.1875000000
115.9375000000_65.3125000000_87.8125000000_217.1875000000
70.9375000000_-9.6875000000_132.8125000000_82.1875000000
250.9375000000_50.3125000000_-47.1875000000_262.1875000000
160.9375000000_-39.6875000000_42.8125000000_-7.8125000000
-19.0625000000_20.3125000000_222.8125000000_172.1875000000
-7.8125000000_-35.9375000000_189.0625000000_183.4375000000
172.1875000000_24.0625000000_9.0625000000_3.4375000000
262.1875000000_-5.9375000000_99.0625000000_273.4375000000
82.1875000000_54.0625000000_279.0625000000_93.4375000000
127.1875000000_9.0625000000_-35.9375000000_138.4375000000
307.1875000000_69.0625000000_144.0625000000_-41.5625000000
217.1875000000_-20.9375000000_234.0625000000_228.4375000000
37.1875000000_39.0625000000_54.0625000000_48.4375000000
14.6875000000_-13.4375000000_301.5625000000_-19.0625000000
194.6875000000_46.5625000000_121.5625000000_160.9375000000
284.6875000000_-43.4375000000_31.5625000000_70.9375000000
104.6875000000_16.5625000000_211.5625000000_250.9375000000
59.6875000000_-28.4375000000_76.5625000000_25.9375000000
239.6875000000_31.5625000000_256.5625000000_205.9375000000
149.6875000000_1.5625000000_166.5625000000_115.9375000000
-30.3125000000_61.5625000000_-13.4375000000_295.9375000000
-35.9375000000_-34.0625000000_284.6875000000_76.5625000000
144.0625000000_25.9375000000_104.6875000000_256.5625000000
234.0625000000_-4.0625000000_14.6875000000_-13.4375000000
54.0625000000_55.9375000000_194.6875000000_166.5625000000
99.0625000000_-19.0625000000_59.6875000000_121.5625000000
279.0625000000_40.9375000000_239.6875000000_301.5625000000
189.0625000000_-49.0625000000_149.6875000000_31.5625000000
9.0625000000_10.9375000000_-30.3125000000_211.5625000000
31.5625000000_3.4375000000_217.1875000000_279.0625000000
211.5625000000_63.4375000000_37.1875000000_99.0625000000
301.5625000000_-26.5625000000_127.1875000000_189.0625000000
121.5625000000_33.4375000000_307.1875000000_9.0625000000
76.5625000000_-41.5625000000_-7.8125000000_234.0625000000
256.5625000000_18.4375000000_172.1875000000_54.0625000000
166.5625000000_-11.5625000000_262.1875000000_144.0625000000
-13.4375000000_48.4375000000_82.1875000000_-35.9375000000
-24.6875000000_-7.8125000000_25.9375000000_20.3125000000
155.3125000000_52.1875000000_205.9375000000_200.3125000000
245.3125000000_-37.8125000000_295.9375000000_110.3125000000
65.3125000000_22.1875000000_115.9375000000_290.3125000000
110.3125000000_-22.8125000000_160.9375000000_-24.6875000000
290.3125000000_37.1875000000_-19.0625000000_155.3125000000
200.3125000000_7.1875000000_70.9375000000_65.3125000000
20.3125000000_67.1875000000_250.9375000000_245.3125000000
-2.1875000000_-45.3125000000_93.4375000000_132.8125000000
177.8125000000_14.6875000000_273.4375000000_-47.1875000000
267.8125000000_-15.3125000000_183.4375000000_222.8125000000
87.8125000000_44.6875000000_3.4375000000_42.8125000000
42.8125000000_-.3125000000_228.4375000000_177.8125000000
222.8125000000_59.6875000000_48.4375000000_-2.1875000000
132.8125000000_-30.3125000000_-41.5625000000_267.8125000000
-47.1875000000_29.6875000000_138.4375000000_87.8125000000
-45.7812500000_-10.1562500000_232.6562500000_288.9062500000
134.2187500000_49.8437500000_52.6562500000_108.9062500000
224.2187500000_-40.1562500000_-37.3437500000_198.9062500000
44.2187500000_19.8437500000_142.6562500000_18.9062500000
89.2187500000_-25.1562500000_97.6562500000_243.9062500000
269.2187500000_34.8437500000_277.6562500000_63.9062500000
179.2187500000_4.8437500000_187.6562500000_153.9062500000
-.7812500000_64.8437500000_7.6562500000_-26.0937500000
21.7187500000_-47.6562500000_165.1562500000_41.4062500000
201.7187500000_12.3437500000_-14.8437500000_221.4062500000
291.7187500000_-17.6562500000_75.1562500000_-48.5937500000
111.7187500000_42.3437500000_255.1562500000_131.4062500000
66.7187500000_-2.6562500000_30.1562500000_86.4062500000
246.7187500000_57.3437500000_210.1562500000_266.4062500000
156.7187500000_-32.6562500000_300.1562500000_-3.5937500000
-23.2812500000_27.3437500000_120.1562500000_176.4062500000
-12.0312500000_-28.9062500000_-26.0937500000_165.1562500000
167.9687500000_31.0937500000_153.9062500000_-14.8437500000
257.9687500000_1.0937500000_243.9062500000_255.1562500000
77.9687500000_61.0937500000_63.9062500000_75.1562500000
122.9687500000_-13.9062500000_198.9062500000_210.1562500000
302.9687500000_46.0937500000_18.9062500000_30.1562500000
212.9687500000_-43.9062500000_108.9062500000_300.1562500000
32.9687500000_16.0937500000_288.9062500000_120.1562500000
10.4687500000_8.5937500000_41.4062500000_7.6562500000
190.4687500000_68.5937500000_221.4062500000_187.6562500000
280.4687500000_-21.4062500000_131.4062500000_97.6562500000
100.4687500000_38.5937500000_-48.5937500000_277.6562500000
55.4687500000_-36.4062500000_266.4062500000_-37.3437500000
235.4687500000_23.5937500000_86.4062500000_142.6562500000
145.4687500000_-6.4062500000_-3.5937500000_52.6562500000
-34.5312500000_53.5937500000_176.4062500000_232.6562500000
-28.9062500000_-42.0312500000_69.5312500000_92.0312500000
151.0937500000_17.9687500000_249.5312500000_272.0312500000
241.0937500000_-12.0312500000_159.5312500000_2.0312500000
61.0937500000_47.9687500000_-20.4687500000_182.0312500000
106.0937500000_2.9687500000_294.5312500000_47.0312500000
286.0937500000_62.9687500000_114.5312500000_227.0312500000
196.0937500000_-27.0312500000_24.5312500000_-42.9687500000
16.0937500000_32.9687500000_204.5312500000_137.0312500000
38.5937500000_-19.5312500000_-42.9687500000_249.5312500000
218.5937500000_40.4687500000_137.0312500000_69.5312500000
308.5937500000_-49.5312500000_227.0312500000_159.5312500000
128.5937500000_10.4687500000_47.0312500000_-20.4687500000
83.5937500000_-34.5312500000_182.0312500000_294.5312500000
263.5937500000_25.4687500000_2.0312500000_114.5312500000
173.5937500000_-4.5312500000_92.0312500000_204.5312500000
-6.4062500000_55.4687500000_272.0312500000_24.5312500000
-17.6562500000_-.7812500000_148.2812500000_-31.7187500000
162.3437500000_59.2187500000_-31.7187500000_148.2812500000
252.3437500000_-30.7812500000_58.2812500000_58.2812500000
72.3437500000_29.2187500000_238.2812500000_238.2812500000
117.3437500000_-45.7812500000_13.2812500000_13.2812500000
297.3437500000_14.2187500000_193.2812500000_193.2812500000
207.3437500000_-15.7812500000_283.2812500000_103.2812500000
27.3437500000_44.2187500000_103.2812500000_283.2812500000
4.8437500000_-23.2812500000_260.7812500000_215.7812500000
184.8437500000_36.7187500000_80.7812500000_35.7812500000
274.8437500000_6.7187500000_-9.2187500000_305.7812500000
94.8437500000_66.7187500000_170.7812500000_125.7812500000
49.8437500000_-8.2812500000_125.7812500000_170.7812500000
229.8437500000_51.7187500000_305.7812500000_-9.2187500000
139.8437500000_-38.2812500000_215.7812500000_260.7812500000
-40.1562500000_21.7187500000_35.7812500000_80.7812500000
-42.9687500000_-26.0937500000_212.9687500000_38.5937500000
137.0312500000_33.9062500000_32.9687500000_218.5937500000
227.0312500000_3.9062500000_122.9687500000_128.5937500000
47.0312500000_63.9062500000_302.9687500000_308.5937500000
92.0312500000_-11.0937500000_-12.0312500000_-6.4062500000
272.0312500000_48.9062500000_167.9687500000_173.5937500000
182.0312500000_-41.0937500000_257.9687500000_83.5937500000
2.0312500000_18.9062500000_77.9687500000_263.5937500000
24.5312500000_-3.5937500000_280.4687500000_151.0937500000
204.5312500000_56.4062500000_100.4687500000_-28.9062500000
294.5312500000_-33.5937500000_10.4687500000_241.0937500000
114.5312500000_26.4062500000_190.4687500000_61.0937500000
69.5312500000_-48.5937500000_55.4687500000_196.0937500000
249.5312500000_11.4062500000_235.4687500000_16.0937500000
159.5312500000_-18.5937500000_145.4687500000_286.0937500000
-20.4687500000_41.4062500000_-34.5312500000_106.0937500000
-9.2187500000_-14.8437500000_89.2187500000_72.3437500000
170.7812500000_45.1562500000_269.2187500000_252.3437500000
260.7812500000_-44.8437500000_179.2187500000_-17.6562500000
80.7812500000_15.1562500000_-.7812500000_162.3437500000
125.7812500000_-29.8437500000_224.2187500000_117.3437500000
305.7812500000_30.1562500000_44.2187500000_297.3437500000
215.7812500000_.1562500000_-45.7812500000_27.3437500000
35.7812500000_60.1562500000_134.2187500000_207.3437500000
13.2812500000_-37.3437500000_21.7187500000_274.8437500000
193.2812500000_22.6562500000_201.7187500000_94.8437500000
283.2812500000_-7.3437500000_291.7187500000_184.8437500000
103.2812500000_52.6562500000_111.7187500000_4.8437500000
58.2812500000_7.6562500000_156.7187500000_229.8437500000
238.2812500000_67.6562500000_-23.2812500000_49.8437500000
148.2812500000_-22.3437500000_66.7187500000_139.8437500000
-31.7187500000_37.6562500000_246.7187500000_-40.1562500000
-37.3437500000_5.7812500000_4.8437500000_190.4687500000
142.6562500000_65.7812500000_184.8437500000_10.4687500000
232.6562500000_-24.2187500000_274.8437500000_280.4687500000
52.6562500000_35.7812500000_94.8437500000_100.4687500000
97.6562500000_-39.2187500000_139.8437500000_145.4687500000
277.6562500000_20.7812500000_-40.1562500000_-34.5312500000
187.6562500000_-9.2187500000_49.8437500000_235.4687500000
7.6562500000_50.7812500000_229.8437500000_55.4687500000
30.1562500000_-31.7187500000_117.3437500000_-12.0312500000
210.1562500000_28.2812500000_297.3437500000_167.9687500000
300.1562500000_-1.7187500000_207.3437500000_77.9687500000
120.1562500000_58.2812500000_27.3437500000_257.9687500000
75.1562500000_-16.7187500000_252.3437500000_32.9687500000
255.1562500000_43.2812500000_72.3437500000_212.9687500000
165.1562500000_-46.7187500000_-17.6562500000_122.9687500000
-14.8437500000_13.2812500000_162.3437500000_302.9687500000
-26.0937500000_-42.9687500000_308.5937500000_224.2187500000
153.9062500000_17.0312500000_128.5937500000_44.2187500000
243.9062500000_-12.9687500000_38.5937500000_134.2187500000
63.9062500000_47.0312500000_218.5937500000_-45.7812500000
108.9062500000_2.0312500000_83.5937500000_269.2187500000
288.9062500000_62.0312500000_263.5937500000_89.2187500000
198.9062500000_-27.9687500000_173.5937500000_179.2187500000
18.9062500000_32.0312500000_-6.4062500000_-.7812500000
-3.5937500000_-5.4687500000_196.0937500000_111.7187500000
176.4062500000_54.5312500000_16.0937500000_291.7187500000
266.4062500000_-35.4687500000_106.0937500000_21.7187500000
86.4062500000_24.5312500000_286.0937500000_201.7187500000
41.4062500000_-20.4687500000_-28.9062500000_66.7187500000
221.4062500000_39.5312500000_151.0937500000_246.7187500000
131.4062500000_9.5312500000_241.0937500000_-23.2812500000
-48.5937500000_69.5312500000_61.0937500000_156.7187500000
-47.8906250000_9.7656250000_185.5468750000_51.9531250000
132.1093750000_69.7656250000_5.5468750000_231.9531250000
222.1093750000_-20.2343750000_95.5468750000_-38.0468750000
42.1093750000_39.7656250000_275.5468750000_141.9531250000
87.1093750000_-35.2343750000_-39.4531250000_96.9531250000
267.1093750000_24.7656250000_140.5468750000_276.9531250000
177.1093750000_-5.2343750000_230.5468750000_6.9531250000
-2.8906250000_54.7656250000_50.5468750000_186.9531250000
19.6093750000_-27.7343750000_298.0468750000_299.4531250000
199.6093750000_32.2656250000_118.0468750000_119.4531250000
289.6093750000_2.2656250000_28.0468750000_209.4531250000
109.6093750000_62.2656250000_208.0468750000_29.4531250000
64.6093750000_-12.7343750000_73.0468750000_254.4531250000
244.6093750000_47.2656250000_253.0468750000_74.4531250000
154.6093750000_-42.7343750000_163.0468750000_164.4531250000
-25.3906250000_17.2656250000_-16.9531250000_-15.5468750000
-14.1406250000_-46.4843750000_129.2968750000_-4.2968750000
165.8593750000_13.5156250000_309.2968750000_175.7031250000
255.8593750000_-16.4843750000_219.2968750000_85.7031250000
75.8593750000_43.5156250000_39.2968750000_265.7031250000
120.8593750000_-1.4843750000_264.2968750000_-49.2968750000
300.8593750000_58.5156250000_84.2968750000_130.7031250000
210.8593750000_-31.4843750000_-5.7031250000_40.7031250000
30.8593750000_28.5156250000_174.2968750000_220.7031250000
8.3593750000_-8.9843750000_16.7968750000_153.2031250000
188.3593750000_51.0156250000_196.7968750000_-26.7968750000
278.3593750000_-38.9843750000_286.7968750000_243.2031250000
98.3593750000_21.0156250000_106.7968750000_63.2031250000
53.3593750000_-23.9843750000_151.7968750000_198.2031250000
233.3593750000_36.0156250000_-28.2031250000_18.2031250000
143.3593750000_6.0156250000_61.7968750000_288.2031250000
-36.6406250000_66.0156250000_241.7968750000_108.2031250000
-31.0156250000_-22.1093750000_33.6718750000_260.0781250000
148.9843750000_37.8906250000_213.6718750000_80.0781250000
238.9843750000_7.8906250000_303.6718750000_170.0781250000
58.9843750000_67.8906250000_123.6718750000_-9.9218750000
103.9843750000_-7.1093750000_168.6718750000_305.0781250000
283.9843750000_52.8906250000_-11.3281250000_125.0781250000
193.9843750000_-37.1093750000_78.6718750000_215.0781250000
13.9843750000_22.8906250000_258.6718750000_35.0781250000
36.4843750000_.3906250000_101.1718750000_102.5781250000
216.4843750000_60.3906250000_281.1718750000_282.5781250000
306.4843750000_-29.6093750000_191.1718750000_12.5781250000
126.4843750000_30.3906250000_11.1718750000_192.5781250000
warning in stationary: failed to import cython module: falling back to numpy
warning in coregionalize: failed to import cython module: falling back to numpy
warning in choleskies: failed to import cython module: falling back to numpy
warning: overwriting file 'boss.out'
warning: overwriting file 'boss.rst'
