
-----------------------------   Welcome to ....   ------------------------------
                      _______  _______ _______ _______ 
                     |   _   \|   _   |   _   |   _   |
                     |.  1   /|.  |   |   1___|   1___|
                     |.  _   \|.  |   |____   |____   |
                     |:  1    |:  1   |:  1   |:  1   |
                     |::.. .  |::.. . |::.. . |::.. . |
                     `-------'`-------`-------`-------'

                                 Version 0.9.15                                 
                              15-08-2020 00:24:10                               
--------------------------------------------------------------------------------

| Reading BOSS input file from: in_2D
| Initializing...

--------------------------------------------------------------------------------
                                   INPUT FILE                                   
--------------------------------------------------------------------------------
# input file for alanine 2D (d4-d13)

# optimization
userfn       userfn_2D.py
bounds       -50 310; -50 310
num_tasks    2
kernel       stdp
initpts      2 30
iterpts      50
verbosity    2
kappa_prior  gamma
kappa_priorparam 2 0.014
thetaprior gamma
thetapriorparam 2 0.019; 3.3678 9.0204; 3.3678 9.0204

RESULTS:
2.401282561055256E+02 -6.466276638382670E-01 0 -2.030123619777431E+05 
2.493774307151073E+02 1.205512543586238E+02 0 -2.029931620835791E+05 
-1.062575635326226E+01 3.856747546700373E+01 1 3.587790000000000E+01 
1.216461445223961E+02 9.779990747494458E+01 1 3.310320000000000E+01 
2.495787398558945E+02 2.177056335847218E+02 1 3.085940000000000E+01 
2.560502307845955E+02 2.473049162641166E+02 1 3.554630000000000E+01 
7.274924119373330E+01 1.930558694317788E+02 1 1.841370000000000E+01 
1.917559016877730E+02 1.766164404082297E+02 1 2.247480000000000E+01 
1.370118671100497E+02 -2.710857347091584E+01 1 3.474180000000000E+01 
2.575018250614841E+02 -1.285615633717814E+01 1 2.020530000000000E+01 
2.919794250417030E+02 1.157267436576196E+02 1 3.282500000000000E+01 
9.201744396799909E+01 4.379674902365499E+01 1 3.379790000000000E+01 
1.857001092187174E+02 2.106539090837375E+02 1 2.547910000000000E+01 
7.611704550190844E+00 2.476445853446563E+02 1 3.122300000000000E+01 
4.738125377814645E+01 -5.746357729475965E+00 1 2.564640000000000E+01 
-4.680766536509746E+01 1.424495793618115E+02 1 2.581610000000000E+01 
4.611708000716028E+01 2.610092476155326E+02 1 3.149290000000000E+01 
1.447289813881721E+02 1.278425542216132E+02 1 2.757070000000000E+01 
1.723444984329382E+02 1.277821069151062E+02 1 2.752520000000000E+01 
2.904688408273440E+02 7.860840529739279E+01 1 3.601750000000000E+01 
2.701634103738856E+02 1.961415049256395E+02 1 2.515480000000000E+01 
2.734887367671009E+02 1.685315552731292E+02 1 2.456740000000000E+01 
-2.260211000680513E+01 2.716566132957055E+02 1 3.247790000000000E+01 
-4.465197449190408E+01 2.928223419847322E+02 1 2.936080000000000E+01 
1.572292944970418E+02 9.680524018613606E+01 1 3.135100000000000E+01 
1.992658897732998E+02 1.342685749983372E+02 1 2.893730000000000E+01 
2.473700380246186E+02 6.536020293448449E+01 1 3.564850000000000E+01 
2.294387573551639E+02 -4.231037551239422E+01 1 2.940560000000000E+01 
2.310591303265941E+00 2.844580789030838E+02 1 3.431840000000000E+01 
1.261386170501462E+02 5.608629274900827E+01 1 3.218180000000000E+01 
6.277867035725995E+01 1.695653739404619E+02 1 1.793430000000000E+01 
1.577338077240780E+01 1.109021014132722E+02 1 3.180450000000000E+01 
--------------------------------------------------------------------------------
                               SIMULATION OPTIONS                               
--------------------------------------------------------------------------------
|| File input/output 
ipfile         in_2D
userfn         userfn_2D.py
outfile        boss.out
rstfile        boss.rst

|| Key settings 
num_tasks         2
bounds         -5.000E+01 3.100E+02;    -5.000E+01 3.100E+02
kerntype       stdp stdp
yrange         -5.000E+01 3.100E+02;    -5.000E+01 3.100E+02
noise          1.000E-12
initpts    2 30    iterpts   50
gm_tol         none
verbosity      2

|| Data acquisition 
acqfn                elcb
acqtol               1.000E-03

|| GP hyperparameters 
thetainit       1.000E+00 3.142E-01
thetabounds     none
thetaprior      gamma
thetapriorpar   2.000E+00 1.900E-02;    3.368E+00 9.020E+00;    3.368E+00 9.020E+00

|| Hyperparameter optimization
updatefreq   1  initupdate      True
updateoffset 0  updaterestarts  2


--------------------------------------------------------------------------------
                              INITIAL DATAPOINT 1                               
--------------------------------------------------------------------------------
| Data point added to dataset (x i y): 
  2.4012825611E+02 -6.4662766384E-01  0.0000000000E+00      -2.0301236198E+05

| Total ensemble size: 1
| Next sampling location (x_next, i_next):
  2.4937743072E+02  1.2055125436E+02  0.0000000000E+00

Iteration time [s]:    0.002        Total time [s]:    0.109

--------------------------------------------------------------------------------
                              INITIAL DATAPOINT 2                               
--------------------------------------------------------------------------------
| Data point added to dataset (x i y): 
  2.4937743072E+02  1.2055125436E+02  0.0000000000E+00      -2.0299316208E+05

| Total ensemble size: 2
| Next sampling location (x_next, i_next):
 -1.0625756353E+01  3.8567475467E+01  1.0000000000E+00

Iteration time [s]:    0.001        Total time [s]:    0.112

--------------------------------------------------------------------------------
                              INITIAL DATAPOINT 3                               
--------------------------------------------------------------------------------
| Data point added to dataset (x i y): 
 -1.0625756353E+01  3.8567475467E+01  1.0000000000E+00       3.5877900000E+01

| Total ensemble size: 3
| Next sampling location (x_next, i_next):
  1.2164614452E+02  9.7799907475E+01  1.0000000000E+00

Iteration time [s]:    0.018        Total time [s]:    0.132

--------------------------------------------------------------------------------
                              INITIAL DATAPOINT 4                               
--------------------------------------------------------------------------------
| Data point added to dataset (x i y): 
  1.2164614452E+02  9.7799907475E+01  1.0000000000E+00       3.3103200000E+01

| Total ensemble size: 4
| Next sampling location (x_next, i_next):
  2.4957873986E+02  2.1770563358E+02  1.0000000000E+00

Iteration time [s]:    0.001        Total time [s]:    0.136

--------------------------------------------------------------------------------
                              INITIAL DATAPOINT 5                               
--------------------------------------------------------------------------------
| Data point added to dataset (x i y): 
  2.4957873986E+02  2.1770563358E+02  1.0000000000E+00       3.0859400000E+01

| Total ensemble size: 5
| Next sampling location (x_next, i_next):
  2.5605023078E+02  2.4730491626E+02  1.0000000000E+00

Iteration time [s]:    0.002        Total time [s]:    0.139

--------------------------------------------------------------------------------
                              INITIAL DATAPOINT 6                               
--------------------------------------------------------------------------------
| Data point added to dataset (x i y): 
  2.5605023078E+02  2.4730491626E+02  1.0000000000E+00       3.5546300000E+01

| Total ensemble size: 6
| Next sampling location (x_next, i_next):
  7.2749241194E+01  1.9305586943E+02  1.0000000000E+00

Iteration time [s]:    0.001        Total time [s]:    0.142

--------------------------------------------------------------------------------
                              INITIAL DATAPOINT 7                               
--------------------------------------------------------------------------------
| Data point added to dataset (x i y): 
  7.2749241194E+01  1.9305586943E+02  1.0000000000E+00       1.8413700000E+01

| Total ensemble size: 7
| Next sampling location (x_next, i_next):
  1.9175590169E+02  1.7661644041E+02  1.0000000000E+00

Iteration time [s]:    0.001        Total time [s]:    0.145

--------------------------------------------------------------------------------
                              INITIAL DATAPOINT 8                               
--------------------------------------------------------------------------------
| Data point added to dataset (x i y): 
  1.9175590169E+02  1.7661644041E+02  1.0000000000E+00       2.2474800000E+01

| Total ensemble size: 8
| Next sampling location (x_next, i_next):
  1.3701186711E+02 -2.7108573471E+01  1.0000000000E+00

Iteration time [s]:    0.001        Total time [s]:    0.148

--------------------------------------------------------------------------------
                              INITIAL DATAPOINT 9                               
--------------------------------------------------------------------------------
| Data point added to dataset (x i y): 
  1.3701186711E+02 -2.7108573471E+01  1.0000000000E+00       3.4741800000E+01

| Total ensemble size: 9
| Next sampling location (x_next, i_next):
  2.5750182506E+02 -1.2856156337E+01  1.0000000000E+00

Iteration time [s]:    0.001        Total time [s]:    0.152

--------------------------------------------------------------------------------
                              INITIAL DATAPOINT 10                              
--------------------------------------------------------------------------------
| Data point added to dataset (x i y): 
  2.5750182506E+02 -1.2856156337E+01  1.0000000000E+00       2.0205300000E+01

| Total ensemble size: 10
| Next sampling location (x_next, i_next):
  2.9197942504E+02  1.1572674366E+02  1.0000000000E+00

Iteration time [s]:    0.001        Total time [s]:    0.156

--------------------------------------------------------------------------------
                              INITIAL DATAPOINT 11                              
--------------------------------------------------------------------------------
| Data point added to dataset (x i y): 
  2.9197942504E+02  1.1572674366E+02  1.0000000000E+00       3.2825000000E+01

| Total ensemble size: 11
| Next sampling location (x_next, i_next):
  9.2017443968E+01  4.3796749024E+01  1.0000000000E+00

Iteration time [s]:    0.001        Total time [s]:    0.159

--------------------------------------------------------------------------------
                              INITIAL DATAPOINT 12                              
--------------------------------------------------------------------------------
| Data point added to dataset (x i y): 
  9.2017443968E+01  4.3796749024E+01  1.0000000000E+00       3.3797900000E+01

| Total ensemble size: 12
| Next sampling location (x_next, i_next):
  1.8570010922E+02  2.1065390908E+02  1.0000000000E+00

Iteration time [s]:    0.002        Total time [s]:    0.163

--------------------------------------------------------------------------------
                              INITIAL DATAPOINT 13                              
--------------------------------------------------------------------------------
| Data point added to dataset (x i y): 
  1.8570010922E+02  2.1065390908E+02  1.0000000000E+00       2.5479100000E+01

| Total ensemble size: 13
| Next sampling location (x_next, i_next):
  7.6117045502E+00  2.4764458534E+02  1.0000000000E+00

Iteration time [s]:    0.001        Total time [s]:    0.166

--------------------------------------------------------------------------------
                              INITIAL DATAPOINT 14                              
--------------------------------------------------------------------------------
| Data point added to dataset (x i y): 
  7.6117045502E+00  2.4764458534E+02  1.0000000000E+00       3.1223000000E+01

| Total ensemble size: 14
| Next sampling location (x_next, i_next):
  4.7381253778E+01 -5.7463577295E+00  1.0000000000E+00

Iteration time [s]:    0.002        Total time [s]:    0.170

--------------------------------------------------------------------------------
                              INITIAL DATAPOINT 15                              
--------------------------------------------------------------------------------
| Data point added to dataset (x i y): 
  4.7381253778E+01 -5.7463577295E+00  1.0000000000E+00       2.5646400000E+01

| Total ensemble size: 15
| Next sampling location (x_next, i_next):
 -4.6807665365E+01  1.4244957936E+02  1.0000000000E+00

Iteration time [s]:    0.002        Total time [s]:    0.174

--------------------------------------------------------------------------------
                              INITIAL DATAPOINT 16                              
--------------------------------------------------------------------------------
| Data point added to dataset (x i y): 
 -4.6807665365E+01  1.4244957936E+02  1.0000000000E+00       2.5816100000E+01

| Total ensemble size: 16
| Next sampling location (x_next, i_next):
  4.6117080007E+01  2.6100924762E+02  1.0000000000E+00

Iteration time [s]:    0.002        Total time [s]:    0.178

--------------------------------------------------------------------------------
                              INITIAL DATAPOINT 17                              
--------------------------------------------------------------------------------
| Data point added to dataset (x i y): 
  4.6117080007E+01  2.6100924762E+02  1.0000000000E+00       3.1492900000E+01

| Total ensemble size: 17
| Next sampling location (x_next, i_next):
  1.4472898139E+02  1.2784255422E+02  1.0000000000E+00

Iteration time [s]:    0.001        Total time [s]:    0.181

--------------------------------------------------------------------------------
                              INITIAL DATAPOINT 18                              
--------------------------------------------------------------------------------
| Data point added to dataset (x i y): 
  1.4472898139E+02  1.2784255422E+02  1.0000000000E+00       2.7570700000E+01

| Total ensemble size: 18
| Next sampling location (x_next, i_next):
  1.7234449843E+02  1.2778210692E+02  1.0000000000E+00

Iteration time [s]:    0.001        Total time [s]:    0.184

--------------------------------------------------------------------------------
                              INITIAL DATAPOINT 19                              
--------------------------------------------------------------------------------
| Data point added to dataset (x i y): 
  1.7234449843E+02  1.2778210692E+02  1.0000000000E+00       2.7525200000E+01

| Total ensemble size: 19
| Next sampling location (x_next, i_next):
  2.9046884083E+02  7.8608405297E+01  1.0000000000E+00

Iteration time [s]:    0.001        Total time [s]:    0.188

--------------------------------------------------------------------------------
                              INITIAL DATAPOINT 20                              
--------------------------------------------------------------------------------
| Data point added to dataset (x i y): 
  2.9046884083E+02  7.8608405297E+01  1.0000000000E+00       3.6017500000E+01

| Total ensemble size: 20
| Next sampling location (x_next, i_next):
  2.7016341037E+02  1.9614150493E+02  1.0000000000E+00

Iteration time [s]:    0.002        Total time [s]:    0.192

--------------------------------------------------------------------------------
                              INITIAL DATAPOINT 21                              
--------------------------------------------------------------------------------
| Data point added to dataset (x i y): 
  2.7016341037E+02  1.9614150493E+02  1.0000000000E+00       2.5154800000E+01

| Total ensemble size: 21
| Next sampling location (x_next, i_next):
  2.7348873677E+02  1.6853155527E+02  1.0000000000E+00

Iteration time [s]:    0.001        Total time [s]:    0.195

--------------------------------------------------------------------------------
                              INITIAL DATAPOINT 22                              
--------------------------------------------------------------------------------
| Data point added to dataset (x i y): 
  2.7348873677E+02  1.6853155527E+02  1.0000000000E+00       2.4567400000E+01

| Total ensemble size: 22
| Next sampling location (x_next, i_next):
 -2.2602110007E+01  2.7165661330E+02  1.0000000000E+00

Iteration time [s]:    0.001        Total time [s]:    0.197

--------------------------------------------------------------------------------
                              INITIAL DATAPOINT 23                              
--------------------------------------------------------------------------------
| Data point added to dataset (x i y): 
 -2.2602110007E+01  2.7165661330E+02  1.0000000000E+00       3.2477900000E+01

| Total ensemble size: 23
| Next sampling location (x_next, i_next):
 -4.4651974492E+01  2.9282234198E+02  1.0000000000E+00

Iteration time [s]:    0.001        Total time [s]:    0.201

--------------------------------------------------------------------------------
                              INITIAL DATAPOINT 24                              
--------------------------------------------------------------------------------
| Data point added to dataset (x i y): 
 -4.4651974492E+01  2.9282234198E+02  1.0000000000E+00       2.9360800000E+01

| Total ensemble size: 24
| Next sampling location (x_next, i_next):
  1.5722929450E+02  9.6805240186E+01  1.0000000000E+00

Iteration time [s]:    0.001        Total time [s]:    0.203

--------------------------------------------------------------------------------
                              INITIAL DATAPOINT 25                              
--------------------------------------------------------------------------------
| Data point added to dataset (x i y): 
  1.5722929450E+02  9.6805240186E+01  1.0000000000E+00       3.1351000000E+01

| Total ensemble size: 25
| Next sampling location (x_next, i_next):
  1.9926588977E+02  1.3426857500E+02  1.0000000000E+00

Iteration time [s]:    0.002        Total time [s]:    0.207

--------------------------------------------------------------------------------
                              INITIAL DATAPOINT 26                              
--------------------------------------------------------------------------------
| Data point added to dataset (x i y): 
  1.9926588977E+02  1.3426857500E+02  1.0000000000E+00       2.8937300000E+01

| Total ensemble size: 26
| Next sampling location (x_next, i_next):
  2.4737003802E+02  6.5360202934E+01  1.0000000000E+00

Iteration time [s]:    0.002        Total time [s]:    0.212

--------------------------------------------------------------------------------
                              INITIAL DATAPOINT 27                              
--------------------------------------------------------------------------------
| Data point added to dataset (x i y): 
  2.4737003802E+02  6.5360202934E+01  1.0000000000E+00       3.5648500000E+01

| Total ensemble size: 27
| Next sampling location (x_next, i_next):
  2.2943875736E+02 -4.2310375512E+01  1.0000000000E+00

Iteration time [s]:    0.001        Total time [s]:    0.214

--------------------------------------------------------------------------------
                              INITIAL DATAPOINT 28                              
--------------------------------------------------------------------------------
| Data point added to dataset (x i y): 
  2.2943875736E+02 -4.2310375512E+01  1.0000000000E+00       2.9405600000E+01

| Total ensemble size: 28
| Next sampling location (x_next, i_next):
  2.3105913033E+00  2.8445807890E+02  1.0000000000E+00

Iteration time [s]:    0.001        Total time [s]:    0.217

--------------------------------------------------------------------------------
                              INITIAL DATAPOINT 29                              
--------------------------------------------------------------------------------
| Data point added to dataset (x i y): 
  2.3105913033E+00  2.8445807890E+02  1.0000000000E+00       3.4318400000E+01

| Total ensemble size: 29
| Next sampling location (x_next, i_next):
  1.2613861705E+02  5.6086292749E+01  1.0000000000E+00

Iteration time [s]:    0.002        Total time [s]:    0.221

--------------------------------------------------------------------------------
                              INITIAL DATAPOINT 30                              
--------------------------------------------------------------------------------
| Data point added to dataset (x i y): 
  1.2613861705E+02  5.6086292749E+01  1.0000000000E+00       3.2181800000E+01

| Total ensemble size: 30
| Next sampling location (x_next, i_next):
  6.2778670357E+01  1.6956537394E+02  1.0000000000E+00

Iteration time [s]:    0.002        Total time [s]:    0.224

--------------------------------------------------------------------------------
                              INITIAL DATAPOINT 31                              
--------------------------------------------------------------------------------
| Data point added to dataset (x i y): 
  6.2778670357E+01  1.6956537394E+02  1.0000000000E+00       1.7934300000E+01

| Total ensemble size: 31
| Next sampling location (x_next, i_next):
  1.5773380772E+01  1.1090210141E+02  1.0000000000E+00

Iteration time [s]:    0.001        Total time [s]:    0.227

--------------------------------------------------------------------------------
                              INITIAL DATAPOINT 32                              
--------------------------------------------------------------------------------
| Data point added to dataset (x i y): 
  1.5773380772E+01  1.1090210141E+02  1.0000000000E+00       3.1804500000E+01

| Total ensemble size: 32
| Best acquisition, x_best i_best y_best:
  2.4012825611E+02 -6.4662766384E-01  0.0000000000E+00      -2.0301236198E+05
| Global minimum prediction, x_hat mu_hat +- nu_hat:
  2.7075226124E+02 -1.0268095036E+01  0.0000000000E+00      -2.0301402801E+05  1.9124920770E+01

| GP model hyperparameters (lengthscales W kappa):
  5.9970994775E-01  3.6926268176E-01  7.4147381877E+00  3.7863409084E+00  4.3129028837E+01  2.0313880749E+01
| Next sampling location (x_next, i_next):
  4.0460782641E+01  1.8181514662E+02  0.0000000000E+00

Iteration time [s]:    1.769        Total time [s]:    1.997

--------------------------------------------------------------------------------
                                 BO ITERATION 1                                 
--------------------------------------------------------------------------------
| Evaluating objective function at 4.046E+01 1.818E+02 0.000E+00
| Objective function evaluated, time [s]       33.246
| Data point added to dataset (x i y): 
  4.0460782641E+01  1.8181514662E+02  0.0000000000E+00      -2.0300925508E+05

| Total ensemble size: 33
| Best acquisition, x_best i_best y_best:
  2.4012825611E+02 -6.4662766384E-01  0.0000000000E+00      -2.0301236198E+05
| Global minimum prediction, x_hat mu_hat +- nu_hat:
  2.6949079944E+02 -1.0301796898E+01  0.0000000000E+00      -2.0301355656E+05  1.3494942308E+01
| Global minimum convergence, d_xhat d_muhat:
  1.2619119136E+00  2.0302154398E-02

| GP model hyperparameters (lengthscales W kappa):
  6.0014733153E-01  3.7094886267E-01  5.7223896155E+00  3.5680438324E+00  3.8348018289E+01  2.2189965331E+01
| Next sampling location (x_next, i_next):
 -3.0849654557E+01 -2.1026472887E+01  0.0000000000E+00

Iteration time [s]:   34.713        Total time [s]:   36.710

--------------------------------------------------------------------------------
                                 BO ITERATION 2                                 
--------------------------------------------------------------------------------
| Evaluating objective function at -3.085E+01 -2.103E+01 0.000E+00
| Objective function evaluated, time [s]       23.567
| Data point added to dataset (x i y): 
 -3.0849654557E+01 -2.1026472887E+01  0.0000000000E+00      -2.0299892603E+05

| Total ensemble size: 34
| Best acquisition, x_best i_best y_best:
  2.4012825611E+02 -6.4662766384E-01  0.0000000000E+00      -2.0301236198E+05
| Global minimum prediction, x_hat mu_hat +- nu_hat:
  2.3837606760E+02 -2.4146321291E-01  0.0000000000E+00      -2.0301236907E+05  4.8845899003E-02
| Global minimum convergence, d_xhat d_muhat:
  3.2700716375E+01  5.4667661626E-02

| GP model hyperparameters (lengthscales W kappa):
  5.6808219006E-01  3.8489020391E-01  5.9600632285E+00  3.3494668235E+00  4.3492437276E+01  2.3545139072E+01
| Next sampling location (x_next, i_next):
  1.5033594443E+02  1.9393198882E+02  0.0000000000E+00

Iteration time [s]:   24.987        Total time [s]:   61.698

--------------------------------------------------------------------------------
                                 BO ITERATION 3                                 
--------------------------------------------------------------------------------
| Evaluating objective function at 1.503E+02 1.939E+02 0.000E+00
| Objective function evaluated, time [s]       21.815
| Data point added to dataset (x i y): 
  1.5033594443E+02  1.9393198882E+02  0.0000000000E+00      -2.0300684015E+05

| Total ensemble size: 35
| Best acquisition, x_best i_best y_best:
  2.4012825611E+02 -6.4662766384E-01  0.0000000000E+00      -2.0301236198E+05
| Global minimum prediction, x_hat mu_hat +- nu_hat:
  2.3646806808E+02  2.3422449512E-01  0.0000000000E+00      -2.0301239202E+05  1.8377367490E-01
| Global minimum convergence, d_xhat d_muhat:
  1.9664030571E+00  1.0240777592E-03

| GP model hyperparameters (lengthscales W kappa):
  5.6777769377E-01  3.8524357445E-01 -5.3044387618E+00 -3.4037910279E+00  3.8484648373E+01  2.3195574103E+01
| Next sampling location (x_next, i_next):
  1.5517392268E+02  2.8241131919E+01  0.0000000000E+00

Iteration time [s]:   23.255        Total time [s]:   84.954

--------------------------------------------------------------------------------
                                 BO ITERATION 4                                 
--------------------------------------------------------------------------------
| Evaluating objective function at 1.552E+02 2.824E+01 0.000E+00
| Objective function evaluated, time [s]       23.190
| Data point added to dataset (x i y): 
  1.5517392268E+02  2.8241131919E+01  0.0000000000E+00      -2.0300118785E+05

| Total ensemble size: 36
| Best acquisition, x_best i_best y_best:
  2.4012825611E+02 -6.4662766384E-01  0.0000000000E+00      -2.0301236198E+05
| Global minimum prediction, x_hat mu_hat +- nu_hat:
  2.4459935097E+02 -3.1600697753E+00  0.0000000000E+00      -2.0301244716E+05  2.7617244222E-01
| Global minimum convergence, d_xhat d_muhat:
  8.8112992876E+00  2.5159041375E-03

| GP model hyperparameters (lengthscales W kappa):
  5.5419283366E-01  3.9280122275E-01 -5.4626253306E+00 -3.9155415097E+00  3.0049065985E+01  1.9408347358E+01
| Next sampling location (x_next, i_next):
 -4.9759205197E+01  1.9824413854E+02  0.0000000000E+00

Iteration time [s]:   24.676        Total time [s]:  109.630

--------------------------------------------------------------------------------
                                 BO ITERATION 5                                 
--------------------------------------------------------------------------------
| Evaluating objective function at -4.976E+01 1.982E+02 0.000E+00
| Objective function evaluated, time [s]       23.115
| Data point added to dataset (x i y): 
 -4.9759205197E+01  1.9824413854E+02  0.0000000000E+00      -2.0300668656E+05

| Total ensemble size: 37
| Best acquisition, x_best i_best y_best:
  2.4012825611E+02 -6.4662766384E-01  0.0000000000E+00      -2.0301236198E+05
| Global minimum prediction, x_hat mu_hat +- nu_hat:
  2.4472190010E+02 -3.3584533982E+00  0.0000000000E+00      -2.0301245482E+05  2.7032380363E-01
| Global minimum convergence, d_xhat d_muhat:
  2.3318308146E-01  3.4262904713E-04

| GP model hyperparameters (lengthscales W kappa):
  5.5248270426E-01  3.9752567063E-01 -5.2867043879E+00 -4.0937631489E+00  2.6171841769E+01  1.8389606650E+01
| Next sampling location (x_next, i_next):
  9.2346737137E+01  2.4547675486E+02  0.0000000000E+00

Iteration time [s]:   24.515        Total time [s]:  134.148

--------------------------------------------------------------------------------
                                 BO ITERATION 6                                 
--------------------------------------------------------------------------------
| Evaluating objective function at 9.235E+01 2.455E+02 0.000E+00
| Objective function evaluated, time [s]       23.228
| Data point added to dataset (x i y): 
  9.2346737137E+01  2.4547675486E+02  0.0000000000E+00      -2.0299378304E+05

| Total ensemble size: 38
| Best acquisition, x_best i_best y_best:
  2.4012825611E+02 -6.4662766384E-01  0.0000000000E+00      -2.0301236198E+05
| Global minimum prediction, x_hat mu_hat +- nu_hat:
  2.5021628026E+02 -3.9928315009E+00  0.0000000000E+00      -2.0301269251E+05  9.7637429987E-01
| Global minimum convergence, d_xhat d_muhat:
  5.5308813891E+00  1.1280348282E-02

| GP model hyperparameters (lengthscales W kappa):
  5.5730257126E-01  4.3867936715E-01  6.8866260306E+00  5.1161914402E+00  2.1903957210E+01  1.4015399001E+01
| Next sampling location (x_next, i_next):
  9.0553698552E+01  1.5164358485E+02  0.0000000000E+00

Iteration time [s]:   24.673        Total time [s]:  158.824

--------------------------------------------------------------------------------
                                 BO ITERATION 7                                 
--------------------------------------------------------------------------------
| Evaluating objective function at 9.055E+01 1.516E+02 0.000E+00
| Objective function evaluated, time [s]       23.123
| Data point added to dataset (x i y): 
  9.0553698552E+01  1.5164358485E+02  0.0000000000E+00      -2.0300504267E+05

| Total ensemble size: 39
| Best acquisition, x_best i_best y_best:
  2.4012825611E+02 -6.4662766384E-01  0.0000000000E+00      -2.0301236198E+05
| Global minimum prediction, x_hat mu_hat +- nu_hat:
  2.5086105377E+02 -4.2884916679E+00  0.0000000000E+00      -2.0301273360E+05  9.7592310543E-01
| Global minimum convergence, d_xhat d_muhat:
  7.0932913209E-01  1.9273765450E-03

| GP model hyperparameters (lengthscales W kappa):
  5.6671654817E-01  4.6171382739E-01  7.0879814713E+00  5.5409826209E+00  1.9257099519E+01  1.3149445547E+01
| Next sampling location (x_next, i_next):
  2.6310948875E+02 -3.6486373392E+01  0.0000000000E+00

Iteration time [s]:   24.831        Total time [s]:  183.656

--------------------------------------------------------------------------------
                                 BO ITERATION 8                                 
--------------------------------------------------------------------------------
| Evaluating objective function at 2.631E+02 -3.649E+01 0.000E+00
| Objective function evaluated, time [s]       23.207
| Data point added to dataset (x i y): 
  2.6310948875E+02 -3.6486373392E+01  0.0000000000E+00      -2.0300468095E+05

| Total ensemble size: 40
| Best acquisition, x_best i_best y_best:
  2.4012825611E+02 -6.4662766384E-01  0.0000000000E+00      -2.0301236198E+05
| Global minimum prediction, x_hat mu_hat +- nu_hat:
  2.4537209388E+02  1.7934965123E+00  0.0000000000E+00      -2.0301249011E+05  3.4088705539E-01
| Global minimum convergence, d_xhat d_muhat:
  8.1926345537E+00  1.1331677811E-02

| GP model hyperparameters (lengthscales W kappa):
  5.7692351932E-01  4.3694527672E-01  6.6990352727E+00  5.2368691502E+00  2.0178287521E+01  1.3850931399E+01
| Next sampling location (x_next, i_next):
  2.7558500494E+02  2.1031751832E+01  0.0000000000E+00

Iteration time [s]:   24.668        Total time [s]:  208.326

--------------------------------------------------------------------------------
                                 BO ITERATION 9                                 
--------------------------------------------------------------------------------
| Evaluating objective function at 2.756E+02 2.103E+01 0.000E+00
| Objective function evaluated, time [s]       23.165
| Data point added to dataset (x i y): 
  2.7558500494E+02  2.1031751832E+01  0.0000000000E+00      -2.0300450516E+05

| Total ensemble size: 41
| Best acquisition, x_best i_best y_best:
  2.4012825611E+02 -6.4662766384E-01  0.0000000000E+00      -2.0301236198E+05
| Global minimum prediction, x_hat mu_hat +- nu_hat:
  2.3645373914E+02 -1.1094272072E+00  0.0000000000E+00      -2.0301240625E+05  4.3248158596E-02
| Global minimum convergence, d_xhat d_muhat:
  9.3789134402E+00  3.8810416394E-03

| GP model hyperparameters (lengthscales W kappa):
  5.8113297497E-01  4.2855413034E-01  6.6418327385E+00  5.2006358857E+00  1.9942857596E+01  1.3430490076E+01
| Next sampling location (x_next, i_next):
 -6.7577511719E+00  1.5345690287E+02  0.0000000000E+00

Iteration time [s]:   24.708        Total time [s]:  233.035

--------------------------------------------------------------------------------
                                BO ITERATION 10                                 
--------------------------------------------------------------------------------
| Evaluating objective function at -6.758E+00 1.535E+02 0.000E+00
| Objective function evaluated, time [s]       24.152
| Data point added to dataset (x i y): 
 -6.7577511719E+00  1.5345690287E+02  0.0000000000E+00      -2.0300425140E+05

| Total ensemble size: 42
| Best acquisition, x_best i_best y_best:
  2.4012825611E+02 -6.4662766384E-01  0.0000000000E+00      -2.0301236198E+05
| Global minimum prediction, x_hat mu_hat +- nu_hat:
  2.3600628146E+02 -6.5092330356E-01  0.0000000000E+00      -2.0301241221E+05  4.6048375871E-02
| Global minimum convergence, d_xhat d_muhat:
  6.4065919796E-01  2.7477541940E-04

| GP model hyperparameters (lengthscales W kappa):
  5.8634620624E-01  4.6396627016E-01  7.2069561264E+00  5.8108321558E+00  1.7361197996E+01  1.2336042517E+01
| Next sampling location (x_next, i_next):
  6.5337140841E+01 -1.3139612827E+01  0.0000000000E+00

Iteration time [s]:   25.704        Total time [s]:  258.742

--------------------------------------------------------------------------------
                                BO ITERATION 11                                 
--------------------------------------------------------------------------------
| Evaluating objective function at 6.534E+01 -1.314E+01 0.000E+00
| Objective function evaluated, time [s]       23.337
| Data point added to dataset (x i y): 
  6.5337140841E+01 -1.3139612827E+01  0.0000000000E+00      -2.0300318650E+05

| Total ensemble size: 43
| Best acquisition, x_best i_best y_best:
  2.4012825611E+02 -6.4662766384E-01  0.0000000000E+00      -2.0301236198E+05
| Global minimum prediction, x_hat mu_hat +- nu_hat:
  2.3632215148E+02 -6.2091048549E-01  0.0000000000E+00      -2.0301240582E+05  3.6289667377E-02
| Global minimum convergence, d_xhat d_muhat:
  3.1729266980E-01  2.9460922628E-04

| GP model hyperparameters (lengthscales W kappa):
  5.7932634911E-01  4.6682392946E-01  7.2281461159E+00  5.9517824942E+00  1.4692162225E+01  1.0671103137E+01
| Next sampling location (x_next, i_next):
  2.0523006849E+02  1.8243668486E+02  0.0000000000E+00

Iteration time [s]:   25.257        Total time [s]:  284.002

--------------------------------------------------------------------------------
                                BO ITERATION 12                                 
--------------------------------------------------------------------------------
| Evaluating objective function at 2.052E+02 1.824E+02 0.000E+00
| Objective function evaluated, time [s]       21.978
| Data point added to dataset (x i y): 
  2.0523006849E+02  1.8243668486E+02  0.0000000000E+00      -2.0300740961E+05

| Total ensemble size: 44
| Best acquisition, x_best i_best y_best:
  2.4012825611E+02 -6.4662766384E-01  0.0000000000E+00      -2.0301236198E+05
| Global minimum prediction, x_hat mu_hat +- nu_hat:
  2.3585630077E+02 -4.1629144123E-01  0.0000000000E+00      -2.0301241532E+05  4.2270466743E-02
| Global minimum convergence, d_xhat d_muhat:
  5.0880825537E-01  4.3259599331E-04

| GP model hyperparameters (lengthscales W kappa):
  5.8889970454E-01  4.8996783781E-01  7.6496979087E+00  6.3341747649E+00  1.4219204327E+01  1.0403686420E+01
| Next sampling location (x_next, i_next):
  2.0262150778E+02 -8.2452490847E+00  0.0000000000E+00

Iteration time [s]:   23.501        Total time [s]:  307.505

--------------------------------------------------------------------------------
                                BO ITERATION 13                                 
--------------------------------------------------------------------------------
| Evaluating objective function at 2.026E+02 -8.245E+00 0.000E+00
| Objective function evaluated, time [s]       23.211
| Data point added to dataset (x i y): 
  2.0262150778E+02 -8.2452490847E+00  0.0000000000E+00      -2.0300840226E+05

| Total ensemble size: 45
| Best acquisition, x_best i_best y_best:
  2.4012825611E+02 -6.4662766384E-01  0.0000000000E+00      -2.0301236198E+05
| Global minimum prediction, x_hat mu_hat +- nu_hat:
  2.3624634884E+02 -3.0846153944E-01  0.0000000000E+00      -2.0301240608E+05  1.3898722297E-02
| Global minimum convergence, d_xhat d_muhat:
  4.0467862304E-01  4.1501477784E-04

| GP model hyperparameters (lengthscales W kappa):
  6.0399226354E-01  5.0883530326E-01  8.0224410608E+00  6.6839619415E+00  1.4034776839E+01  1.0369640831E+01
| Next sampling location (x_next, i_next):
  2.1648292368E+02  2.0481202085E+01  0.0000000000E+00

Iteration time [s]:   24.879        Total time [s]:  332.385

--------------------------------------------------------------------------------
                                BO ITERATION 14                                 
--------------------------------------------------------------------------------
| Evaluating objective function at 2.165E+02 2.048E+01 0.000E+00
| Objective function evaluated, time [s]       23.525
| Data point added to dataset (x i y): 
  2.1648292368E+02  2.0481202085E+01  0.0000000000E+00      -2.0300998468E+05

| Total ensemble size: 46
| Best acquisition, x_best i_best y_best:
  2.4012825611E+02 -6.4662766384E-01  0.0000000000E+00      -2.0301236198E+05
| Global minimum prediction, x_hat mu_hat +- nu_hat:
  2.3410264114E+02  1.2890394256E+00  0.0000000000E+00      -2.0301247200E+05  9.3440282529E-03
| Global minimum convergence, d_xhat d_muhat:
  2.6734793897E+00  2.9106278187E-03

| GP model hyperparameters (lengthscales W kappa):
  6.1766805614E-01  5.4398067903E-01  8.6234907343E+00  7.2888552516E+00  1.3868560275E+01  1.0492640060E+01
| Next sampling location (x_next, i_next):
  1.6763114160E+02  1.5395266147E+02  0.0000000000E+00

Iteration time [s]:   25.250        Total time [s]:  357.636

--------------------------------------------------------------------------------
                                BO ITERATION 15                                 
--------------------------------------------------------------------------------
| Evaluating objective function at 1.676E+02 1.540E+02 0.000E+00
| Objective function evaluated, time [s]       23.250
| Data point added to dataset (x i y): 
  1.6763114160E+02  1.5395266147E+02  0.0000000000E+00      -2.0300454707E+05

| Total ensemble size: 47
| Best acquisition, x_best i_best y_best:
  2.4012825611E+02 -6.4662766384E-01  0.0000000000E+00      -2.0301236198E+05
| Global minimum prediction, x_hat mu_hat +- nu_hat:
  2.3400796386E+02  1.4320200558E+00  0.0000000000E+00      -2.0301248258E+05  1.0312868038E-02
| Global minimum convergence, d_xhat d_muhat:
  1.7148541371E-01  4.6663842753E-04

| GP model hyperparameters (lengthscales W kappa):
  6.1135904185E-01  5.1605819707E-01  7.7775845471E+00  6.7536662293E+00  1.4892684523E+01  1.1837573615E+01
| Next sampling location (x_next, i_next):
  2.7403365110E+02  1.8040391311E+02  0.0000000000E+00

Iteration time [s]:   25.207        Total time [s]:  382.844

--------------------------------------------------------------------------------
                                BO ITERATION 16                                 
--------------------------------------------------------------------------------
| Evaluating objective function at 2.740E+02 1.804E+02 0.000E+00
| Objective function evaluated, time [s]       23.382
| Data point added to dataset (x i y): 
  2.7403365110E+02  1.8040391311E+02  0.0000000000E+00      -2.0300781803E+05

| Total ensemble size: 48
| Best acquisition, x_best i_best y_best:
  2.4012825611E+02 -6.4662766384E-01  0.0000000000E+00      -2.0301236198E+05
| Global minimum prediction, x_hat mu_hat +- nu_hat:
  2.3395725932E+02  1.4271853627E+00  0.0000000000E+00      -2.0301247692E+05  9.6111013573E-03
| Global minimum convergence, d_xhat d_muhat:
  5.0934516236E-02  2.4735253373E-04

| GP model hyperparameters (lengthscales W kappa):
  6.3231286814E-01  5.3558709810E-01 -8.6029385288E+00 -7.2717229686E+00  1.4750018743E+01  1.1202308483E+01
| Next sampling location (x_next, i_next):
  4.6985703799E+01  1.5490644066E+02  0.0000000000E+00

Iteration time [s]:   25.355        Total time [s]:  408.199

--------------------------------------------------------------------------------
                                BO ITERATION 17                                 
--------------------------------------------------------------------------------
| Evaluating objective function at 4.699E+01 1.549E+02 0.000E+00
| Objective function evaluated, time [s]       23.215
| Data point added to dataset (x i y): 
  4.6985703799E+01  1.5490644066E+02  0.0000000000E+00      -2.0300609226E+05

| Total ensemble size: 49
| Best acquisition, x_best i_best y_best:
  2.4012825611E+02 -6.4662766384E-01  0.0000000000E+00      -2.0301236198E+05
| Global minimum prediction, x_hat mu_hat +- nu_hat:
  2.3402005622E+02  1.6449243648E+00  0.0000000000E+00      -2.0301248164E+05  1.1164268813E-02
| Global minimum convergence, d_xhat d_muhat:
  2.2661359870E-01  2.0568310769E-04

| GP model hyperparameters (lengthscales W kappa):
  6.2812692736E-01  4.7979297720E-01 -7.4639256728E+00 -6.4884804455E+00  1.4595132751E+01  1.1610402499E+01
| Next sampling location (x_next, i_next):
  8.0981359640E+01  1.8462016167E+02  0.0000000000E+00

Iteration time [s]:   25.066        Total time [s]:  433.269

--------------------------------------------------------------------------------
                                BO ITERATION 18                                 
--------------------------------------------------------------------------------
| Evaluating objective function at 8.098E+01 1.846E+02 0.000E+00
| Objective function evaluated, time [s]       23.139
| Data point added to dataset (x i y): 
  8.0981359640E+01  1.8462016167E+02  0.0000000000E+00      -2.0300910294E+05

| Total ensemble size: 50
| Best acquisition, x_best i_best y_best:
  2.4012825611E+02 -6.4662766384E-01  0.0000000000E+00      -2.0301236198E+05
| Global minimum prediction, x_hat mu_hat +- nu_hat:
  2.3399261545E+02  1.5558908492E+00  0.0000000000E+00      -2.0301247788E+05  9.7282919889E-03
| Global minimum convergence, d_xhat d_muhat:
  9.3166317287E-02  1.6241686116E-04

| GP model hyperparameters (lengthscales W kappa):
  6.4286371433E-01  5.0790402282E-01  8.1055598843E+00  7.0434761404E+00  1.4317112819E+01  1.1363201382E+01
| Next sampling location (x_next, i_next):
  2.2833112855E+02  3.0884709165E+00  0.0000000000E+00

Iteration time [s]:   25.000        Total time [s]:  458.272

--------------------------------------------------------------------------------
                                BO ITERATION 19                                 
--------------------------------------------------------------------------------
| Evaluating objective function at 2.283E+02 3.088E+00 0.000E+00
| Objective function evaluated, time [s]       23.192
| Data point added to dataset (x i y): 
  2.2833112855E+02  3.0884709165E+00  0.0000000000E+00      -2.0301228116E+05

| Total ensemble size: 51
| Best acquisition, x_best i_best y_best:
  2.4012825611E+02 -6.4662766384E-01  0.0000000000E+00      -2.0301236198E+05
| Global minimum prediction, x_hat mu_hat +- nu_hat:
  2.3555990591E+02  9.9540824791E-01  0.0000000000E+00      -2.0301242131E+05  3.9440090563E-04
| Global minimum convergence, d_xhat d_muhat:
  1.6644939597E+00  2.4059823622E-03

| GP model hyperparameters (lengthscales W kappa):
  6.5463318622E-01  5.2574560791E-01  8.4221026097E+00  7.2314568024E+00  1.5530974346E+01  1.2765354345E+01
| Next sampling location (x_next, i_next):
  2.3790520388E+02  6.2500002606E+00  0.0000000000E+00

Iteration time [s]:   25.020        Total time [s]:  483.296

--------------------------------------------------------------------------------
                                BO ITERATION 20                                 
--------------------------------------------------------------------------------
| Evaluating objective function at 2.379E+02 6.250E+00 0.000E+00
| Objective function evaluated, time [s]       23.254
| Data point added to dataset (x i y): 
  2.3790520388E+02  6.2500002606E+00  0.0000000000E+00      -2.0301208538E+05

| Total ensemble size: 52
| Best acquisition, x_best i_best y_best:
  2.4012825611E+02 -6.4662766384E-01  0.0000000000E+00      -2.0301236198E+05
| Global minimum prediction, x_hat mu_hat +- nu_hat:
  2.3533116408E+02  3.9419271710E-03  0.0000000000E+00      -2.0301241819E+05  5.8830793816E-04
| Global minimum convergence, d_xhat d_muhat:
  1.0175108299E+00  1.3117478373E-04

| GP model hyperparameters (lengthscales W kappa):
  6.7135423070E-01  5.5103150785E-01  9.2038145860E+00  7.7705832900E+00  1.6622103789E+01  1.2697108823E+01
| Next sampling location (x_next, i_next):
  2.4383322335E+02 -4.6589648593E-01  0.0000000000E+00

Iteration time [s]:   25.367        Total time [s]:  508.666

--------------------------------------------------------------------------------
                                BO ITERATION 21                                 
--------------------------------------------------------------------------------
| Evaluating objective function at 2.438E+02 -4.659E-01 0.000E+00
| Objective function evaluated, time [s]       23.451
| Data point added to dataset (x i y): 
  2.4383322335E+02 -4.6589648593E-01  0.0000000000E+00      -2.0301233742E+05

| Total ensemble size: 53
| Best acquisition, x_best i_best y_best:
  2.4012825611E+02 -6.4662766384E-01  0.0000000000E+00      -2.0301236198E+05
| Global minimum prediction, x_hat mu_hat +- nu_hat:
  2.3789124976E+02  6.3338067005E-01  0.0000000000E+00      -2.0301237208E+05  4.5688931659E-06
| Global minimum convergence, d_xhat d_muhat:
  2.6363292306E+00  1.9118043455E-03

| GP model hyperparameters (lengthscales W kappa):
  6.7669819835E-01  5.5932261415E-01  1.1323284335E+01  8.1619716674E+00  1.8045361663E+01  1.0673166227E+01
| Next sampling location (x_next, i_next):
 -5.0000000000E+01  1.7060963401E+02  0.0000000000E+00

Iteration time [s]:   25.596        Total time [s]:  534.263

--------------------------------------------------------------------------------
                                BO ITERATION 22                                 
--------------------------------------------------------------------------------
| Evaluating objective function at -5.000E+01 1.706E+02 0.000E+00
| Objective function evaluated, time [s]       23.075
| Data point added to dataset (x i y): 
 -5.0000000000E+01  1.7060963401E+02  0.0000000000E+00      -2.0300815482E+05

| Total ensemble size: 54
| Best acquisition, x_best i_best y_best:
  2.4012825611E+02 -6.4662766384E-01  0.0000000000E+00      -2.0301236198E+05
| Global minimum prediction, x_hat mu_hat +- nu_hat:
  2.3789774792E+02  6.3038904975E-01  0.0000000000E+00      -2.0301237203E+05  4.1730725452E-06
| Global minimum convergence, d_xhat d_muhat:
  7.1537299968E-03  2.1053404790E-06

| GP model hyperparameters (lengthscales W kappa):
  6.8577438762E-01  5.6778454184E-01 -1.1555880161E+01 -8.4002442349E+00  1.7694979843E+01  1.0589372881E+01
| Next sampling location (x_next, i_next):
  2.3761071390E+02  9.1153774518E-01  0.0000000000E+00

Iteration time [s]:   25.190        Total time [s]:  559.454

--------------------------------------------------------------------------------
                                BO ITERATION 23                                 
--------------------------------------------------------------------------------
| Evaluating objective function at 2.376E+02 9.115E-01 0.000E+00
| Objective function evaluated, time [s]       23.308
| Acquisition location too confident, doing pure exploration
| Data point added to dataset (x i y): 
  2.3761071390E+02  9.1153774518E-01  0.0000000000E+00      -2.0301237322E+05

| Total ensemble size: 55
| Best acquisition, x_best i_best y_best:
  2.3761071390E+02  9.1153774518E-01  0.0000000000E+00      -2.0301237322E+05
| Global minimum prediction, x_hat mu_hat +- nu_hat:
  2.3782931590E+02  6.9317494318E-01  0.0000000000E+00      -2.0301237354E+05  1.8407439040E-08
| Global minimum convergence, d_xhat d_muhat:
  9.2870928671E-02  6.1580595745E-05

| GP model hyperparameters (lengthscales W kappa):
  6.8896327160E-01  5.5764059203E-01 -1.1316584582E+01 -8.3333186194E+00  1.7217683684E+01  1.0491338278E+01
| Next sampling location (x_next, i_next):
  3.1508116176E+01  6.3823918127E+01  0.0000000000E+00

Iteration time [s]:   25.970        Total time [s]:  585.428

--------------------------------------------------------------------------------
                                BO ITERATION 24                                 
--------------------------------------------------------------------------------
| Evaluating objective function at 3.151E+01 6.382E+01 0.000E+00
| Objective function evaluated, time [s]       23.805
| Acquisition location too confident, doing pure exploration
| Data point added to dataset (x i y): 
  3.1508116176E+01  6.3823918127E+01  0.0000000000E+00      -2.0299271731E+05

| Total ensemble size: 56
| Best acquisition, x_best i_best y_best:
  2.3761071390E+02  9.1153774518E-01  0.0000000000E+00      -2.0301237322E+05
| Global minimum prediction, x_hat mu_hat +- nu_hat:
  2.3784058044E+02  6.9959096343E-01  0.0000000000E+00      -2.0301237351E+05  1.7286231024E-08
| Global minimum convergence, d_xhat d_muhat:
  1.2963608803E-02  9.2746639760E-07

| GP model hyperparameters (lengthscales W kappa):
  6.6332696084E-01  5.2365895624E-01  9.9375010441E+00  7.6439668421E+00  1.5121594975E+01  9.7988327341E+00
| Next sampling location (x_next, i_next):
  1.2241220971E+02 -5.0000000000E+01  0.0000000000E+00

Iteration time [s]:   26.690        Total time [s]:  612.119

--------------------------------------------------------------------------------
                                BO ITERATION 25                                 
--------------------------------------------------------------------------------
| Evaluating objective function at 1.224E+02 -5.000E+01 0.000E+00
| Objective function evaluated, time [s]       23.434
| Data point added to dataset (x i y): 
  1.2241220971E+02 -5.0000000000E+01  0.0000000000E+00      -2.0299212939E+05

| Total ensemble size: 57
| Best acquisition, x_best i_best y_best:
  2.3761071390E+02  9.1153774518E-01  0.0000000000E+00      -2.0301237322E+05
| Global minimum prediction, x_hat mu_hat +- nu_hat:
  2.3779305145E+02  7.1173927107E-01  0.0000000000E+00      -2.0301237349E+05  1.9836681542E-08
| Global minimum convergence, d_xhat d_muhat:
  4.9056968046E-02  1.0595093821E-06

| GP model hyperparameters (lengthscales W kappa):
  6.4572252163E-01  4.8171056852E-01  8.5696549139E+00  6.8215222382E+00  1.4126075811E+01  9.6568345600E+00
| Next sampling location (x_next, i_next):
  5.3827755310E+01  1.9957615752E+02  0.0000000000E+00

Iteration time [s]:   25.575        Total time [s]:  637.698

--------------------------------------------------------------------------------
                                BO ITERATION 26                                 
--------------------------------------------------------------------------------
| Evaluating objective function at 5.383E+01 1.996E+02 0.000E+00
| Objective function evaluated, time [s]       24.341
| Acquisition location too confident, doing pure exploration
| Data point added to dataset (x i y): 
  5.3827755310E+01  1.9957615752E+02  0.0000000000E+00      -2.0300749930E+05

| Total ensemble size: 58
| Best acquisition, x_best i_best y_best:
  2.3761071390E+02  9.1153774518E-01  0.0000000000E+00      -2.0301237322E+05
| Global minimum prediction, x_hat mu_hat +- nu_hat:
  2.3778862811E+02  7.1134524733E-01  0.0000000000E+00      -2.0301237349E+05  1.9780832883E-08
| Global minimum convergence, d_xhat d_muhat:
  4.4408589663E-03  9.8407766541E-08

| GP model hyperparameters (lengthscales W kappa):
  6.5018534730E-01  4.8993936987E-01 -8.7029645809E+00 -6.9688832448E+00  1.3989647117E+01  9.6539916234E+00
| Next sampling location (x_next, i_next):
  1.8951071928E+02  2.6650079138E+02  0.0000000000E+00

Iteration time [s]:   27.204        Total time [s]:  664.906

--------------------------------------------------------------------------------
                                BO ITERATION 27                                 
--------------------------------------------------------------------------------
| Evaluating objective function at 1.895E+02 2.665E+02 0.000E+00
| Objective function evaluated, time [s]       22.096
| Acquisition location too confident, doing pure exploration
| Data point added to dataset (x i y): 
  1.8951071928E+02  2.6650079138E+02  0.0000000000E+00      -2.0298876990E+05

| Total ensemble size: 59
| Best acquisition, x_best i_best y_best:
  2.3761071390E+02  9.1153774518E-01  0.0000000000E+00      -2.0301237322E+05
| Global minimum prediction, x_hat mu_hat +- nu_hat:
  2.3779573447E+02  7.1112842896E-01  0.0000000000E+00      -2.0301237349E+05  1.8540793700E-08
| Global minimum convergence, d_xhat d_muhat:
  7.1096656185E-03  4.6760395548E-08

| GP model hyperparameters (lengthscales W kappa):
  6.4840450154E-01  4.8802986167E-01  8.5682898898E+00  6.9456481603E+00  1.2504551071E+01  8.7532376211E+00
| Next sampling location (x_next, i_next):
  1.6665854205E+01  2.7379476248E+02  0.0000000000E+00

Iteration time [s]:   25.082        Total time [s]:  689.992

--------------------------------------------------------------------------------
                                BO ITERATION 28                                 
--------------------------------------------------------------------------------
| Evaluating objective function at 1.667E+01 2.738E+02 0.000E+00
| Objective function evaluated, time [s]       23.374
| Acquisition location too confident, doing pure exploration
| Data point added to dataset (x i y): 
  1.6665854205E+01  2.7379476248E+02  0.0000000000E+00      -2.0298906717E+05

| Total ensemble size: 60
| Best acquisition, x_best i_best y_best:
  2.3761071390E+02  9.1153774518E-01  0.0000000000E+00      -2.0301237322E+05
| Global minimum prediction, x_hat mu_hat +- nu_hat:
  2.3778968935E+02  7.1095617194E-01  0.0000000000E+00      -2.0301237349E+05  1.8657123757E-08
| Global minimum convergence, d_xhat d_muhat:
  6.0475712985E-03  9.6320073543E-08

| GP model hyperparameters (lengthscales W kappa):
  6.4818939365E-01  4.8877713542E-01  8.5822814837E+00  7.0072638790E+00  1.1006131917E+01  7.7582105720E+00
| Next sampling location (x_next, i_next):
  1.1978270893E+02  7.9949193686E+01  0.0000000000E+00

Iteration time [s]:   26.507        Total time [s]:  716.503

--------------------------------------------------------------------------------
                                BO ITERATION 29                                 
--------------------------------------------------------------------------------
| Evaluating objective function at 1.198E+02 7.995E+01 0.000E+00
| Objective function evaluated, time [s]       23.282
| Acquisition location too confident, doing pure exploration
| Data point added to dataset (x i y): 
  1.1978270893E+02  7.9949193686E+01  0.0000000000E+00      -2.0298993905E+05

| Total ensemble size: 61
| Best acquisition, x_best i_best y_best:
  2.3761071390E+02  9.1153774518E-01  0.0000000000E+00      -2.0301237322E+05
| Global minimum prediction, x_hat mu_hat +- nu_hat:
  2.3786241680E+02  7.0960304752E-01  0.0000000000E+00      -2.0301237348E+05  1.4364664036E-08
| Global minimum convergence, d_xhat d_muhat:
  7.2740040068E-02  5.2816983737E-07

| GP model hyperparameters (lengthscales W kappa):
  6.4777679335E-01  4.9659045208E-01  8.7401018533E+00  7.1445880143E+00  1.0529447565E+01  7.4284905885E+00
| Next sampling location (x_next, i_next):
  3.1000000000E+02  8.8641193753E+01  0.0000000000E+00

Iteration time [s]:   26.281        Total time [s]:  742.785

--------------------------------------------------------------------------------
                                BO ITERATION 30                                 
--------------------------------------------------------------------------------
| Evaluating objective function at 3.100E+02 8.864E+01 0.000E+00
| Objective function evaluated, time [s]       23.270
| Acquisition location too confident, doing pure exploration
| Data point added to dataset (x i y): 
  3.1000000000E+02  8.8641193753E+01  0.0000000000E+00      -2.0298897289E+05

| Total ensemble size: 62
| Best acquisition, x_best i_best y_best:
  2.3761071390E+02  9.1153774518E-01  0.0000000000E+00      -2.0301237322E+05
| Global minimum prediction, x_hat mu_hat +- nu_hat:
  2.3782036980E+02  7.0114944402E-01  0.0000000000E+00      -2.0301237351E+05  1.6928970137E-08
| Global minimum convergence, d_xhat d_muhat:
  4.2888385097E-02  1.3372355042E-06

| GP model hyperparameters (lengthscales W kappa):
  6.3063600876E-01  5.0838668249E-01  8.6902506949E+00  7.0676699709E+00  1.0634115982E+01  7.4345461774E+00
| Next sampling location (x_next, i_next):
 -5.0000000000E+01  2.5704992820E+02  0.0000000000E+00

Iteration time [s]:   26.416        Total time [s]:  769.204

--------------------------------------------------------------------------------
                                BO ITERATION 31                                 
--------------------------------------------------------------------------------
| Evaluating objective function at -5.000E+01 2.570E+02 0.000E+00
| Objective function evaluated, time [s]       23.256
| Acquisition location too confident, doing pure exploration
| Data point added to dataset (x i y): 
 -5.0000000000E+01  2.5704992820E+02  0.0000000000E+00      -2.0299247650E+05

| Total ensemble size: 63
| Best acquisition, x_best i_best y_best:
  2.3761071390E+02  9.1153774518E-01  0.0000000000E+00      -2.0301237322E+05
| Global minimum prediction, x_hat mu_hat +- nu_hat:
  2.3783087360E+02  7.0297468803E-01  0.0000000000E+00      -2.0301237350E+05  1.5599232039E-08
| Global minimum convergence, d_xhat d_muhat:
  1.0661206271E-02  3.4193989308E-07

| GP model hyperparameters (lengthscales W kappa):
  6.3444264642E-01  5.0738029976E-01  8.6288117613E+00  7.1004120522E+00  1.0180300625E+01  7.2601054966E+00
| Next sampling location (x_next, i_next):
  6.4039504806E+01  3.0164913706E+02  0.0000000000E+00

Iteration time [s]:   26.308        Total time [s]:  795.516

--------------------------------------------------------------------------------
                                BO ITERATION 32                                 
--------------------------------------------------------------------------------
| Evaluating objective function at 6.404E+01 3.016E+02 0.000E+00
| Objective function evaluated, time [s]       23.347
| Acquisition location too confident, doing pure exploration
| Data point added to dataset (x i y): 
  6.4039504806E+01  3.0164913706E+02  0.0000000000E+00      -2.0299388063E+05

| Total ensemble size: 64
| Best acquisition, x_best i_best y_best:
  2.3761071390E+02  9.1153774518E-01  0.0000000000E+00      -2.0301237322E+05
| Global minimum prediction, x_hat mu_hat +- nu_hat:
  2.3784209509E+02  7.1001275233E-01  0.0000000000E+00      -2.0301237348E+05  1.4304040530E-08
| Global minimum convergence, d_xhat d_muhat:
  1.3245984344E-02  9.2361402818E-07

| GP model hyperparameters (lengthscales W kappa):
  6.3713401538E-01  4.7937842302E-01  7.8582338675E+00  6.6504712293E+00  1.0333101122E+01  7.6565527762E+00
| Next sampling location (x_next, i_next):
  1.5521876859E+01  1.6849258314E+01  0.0000000000E+00

Iteration time [s]:   26.237        Total time [s]:  821.757

--------------------------------------------------------------------------------
                                BO ITERATION 33                                 
--------------------------------------------------------------------------------
| Evaluating objective function at 1.552E+01 1.685E+01 0.000E+00
| Objective function evaluated, time [s]       23.432
| Acquisition location too confident, doing pure exploration
| Data point added to dataset (x i y): 
  1.5521876859E+01  1.6849258314E+01  0.0000000000E+00      -2.0299674741E+05

| Total ensemble size: 65
| Best acquisition, x_best i_best y_best:
  2.3761071390E+02  9.1153774518E-01  0.0000000000E+00      -2.0301237322E+05
| Global minimum prediction, x_hat mu_hat +- nu_hat:
  2.3781276217E+02  7.0942122958E-01  0.0000000000E+00      -2.0301237349E+05  1.5480443505E-08
| Global minimum convergence, d_xhat d_muhat:
  2.9338883433E-02  2.9353203295E-07

| GP model hyperparameters (lengthscales W kappa):
  6.3807133451E-01  4.7766578320E-01 -7.8151520588E+00 -6.6294486668E+00  9.9819845063E+00  7.4989484433E+00
| Next sampling location (x_next, i_next):
  2.3772959226E+02  2.4129178715E+02  0.0000000000E+00

Iteration time [s]:   26.604        Total time [s]:  848.365

--------------------------------------------------------------------------------
                                BO ITERATION 34                                 
--------------------------------------------------------------------------------
| Evaluating objective function at 2.377E+02 2.413E+02 0.000E+00
| Objective function evaluated, time [s]       21.964
| Data point added to dataset (x i y): 
  2.3772959226E+02  2.4129178715E+02  0.0000000000E+00      -2.0299236994E+05

| Total ensemble size: 66
| Best acquisition, x_best i_best y_best:
  2.3761071390E+02  9.1153774518E-01  0.0000000000E+00      -2.0301237322E+05
| Global minimum prediction, x_hat mu_hat +- nu_hat:
  2.3782163109E+02  7.0879705598E-01  0.0000000000E+00      -2.0301237349E+05  1.4806621618E-08
| Global minimum convergence, d_xhat d_muhat:
  8.8908626407E-03  1.3520907626E-09

| GP model hyperparameters (lengthscales W kappa):
  6.4023649959E-01  4.7434678632E-01  7.6837284184E+00  6.6384761178E+00  9.3493420703E+00  7.2494021110E+00
| Next sampling location (x_next, i_next):
  1.1677447798E+02  1.7726869584E+02  0.0000000000E+00

Iteration time [s]:   24.884        Total time [s]:  873.253

--------------------------------------------------------------------------------
                                BO ITERATION 35                                 
--------------------------------------------------------------------------------
| Evaluating objective function at 1.168E+02 1.773E+02 0.000E+00
| Objective function evaluated, time [s]       23.418
| Acquisition location too confident, doing pure exploration
| Data point added to dataset (x i y): 
  1.1677447798E+02  1.7726869584E+02  0.0000000000E+00      -2.0300786306E+05

| Total ensemble size: 67
| Best acquisition, x_best i_best y_best:
  2.3761071390E+02  9.1153774518E-01  0.0000000000E+00      -2.0301237322E+05
| Global minimum prediction, x_hat mu_hat +- nu_hat:
  2.3782737278E+02  7.0957063255E-01  0.0000000000E+00      -2.0301237348E+05  1.3952051869E-08
| Global minimum convergence, d_xhat d_muhat:
  5.7935616200E-03  1.6629165667E-07

| GP model hyperparameters (lengthscales W kappa):
  6.5330466277E-01  4.7585015240E-01  7.7103275424E+00  6.7496706566E+00  9.6778849426E+00  7.7383487513E+00
| Next sampling location (x_next, i_next):
  2.0603409639E+02  9.0103646089E+01  0.0000000000E+00

Iteration time [s]:   26.733        Total time [s]:  899.986

--------------------------------------------------------------------------------
                                BO ITERATION 36                                 
--------------------------------------------------------------------------------
| Evaluating objective function at 2.060E+02 9.010E+01 0.000E+00
| Objective function evaluated, time [s]       23.129
| Acquisition location too confident, doing pure exploration
| Data point added to dataset (x i y): 
  2.0603409639E+02  9.0103646089E+01  0.0000000000E+00      -2.0299048419E+05

| Total ensemble size: 68
| Best acquisition, x_best i_best y_best:
  2.3761071390E+02  9.1153774518E-01  0.0000000000E+00      -2.0301237322E+05
| Global minimum prediction, x_hat mu_hat +- nu_hat:
  2.3785099705E+02  7.0957852398E-01  0.0000000000E+00      -2.0301237348E+05  1.3001700960E-08
| Global minimum convergence, d_xhat d_muhat:
  2.3624274433E-02  2.2323864895E-07

| GP model hyperparameters (lengthscales W kappa):
  6.5780637708E-01  4.7630570124E-01  7.7196528845E+00  6.8232320485E+00  9.4651860616E+00  7.5203035500E+00
| Next sampling location (x_next, i_next):
  8.5927151836E+01  3.6153297343E+01  0.0000000000E+00

Iteration time [s]:   26.233        Total time [s]:  926.223

--------------------------------------------------------------------------------
                                BO ITERATION 37                                 
--------------------------------------------------------------------------------
| Evaluating objective function at 8.593E+01 3.615E+01 0.000E+00
| Objective function evaluated, time [s]       23.247
| Data point added to dataset (x i y): 
  8.5927151836E+01  3.6153297343E+01  0.0000000000E+00      -2.0299287812E+05

| Total ensemble size: 69
| Best acquisition, x_best i_best y_best:
  2.3761071390E+02  9.1153774518E-01  0.0000000000E+00      -2.0301237322E+05
| Global minimum prediction, x_hat mu_hat +- nu_hat:
  2.3793632303E+02  7.0627700880E-01  0.0000000000E+00      -2.0301237349E+05  1.3663045717E-08
| Global minimum convergence, d_xhat d_muhat:
  8.5389828921E-02  3.2770389902E-07

| GP model hyperparameters (lengthscales W kappa):
  6.5790854960E-01  4.6116907153E-01 -7.8094466812E+00 -6.7764844009E+00  8.1242452144E+00  6.3483382870E+00
| Next sampling location (x_next, i_next):
 -1.0013169786E+01  1.8434950797E+02  0.0000000000E+00

Iteration time [s]:   26.538        Total time [s]:  952.762

--------------------------------------------------------------------------------
                                BO ITERATION 38                                 
--------------------------------------------------------------------------------
| Evaluating objective function at -1.001E+01 1.843E+02 0.000E+00
| Objective function evaluated, time [s]       23.139
| Acquisition location too confident, doing pure exploration
| Data point added to dataset (x i y): 
 -1.0013169786E+01  1.8434950797E+02  0.0000000000E+00      -2.0300769171E+05

| Total ensemble size: 70
| Best acquisition, x_best i_best y_best:
  2.3761071390E+02  9.1153774518E-01  0.0000000000E+00      -2.0301237322E+05
| Global minimum prediction, x_hat mu_hat +- nu_hat:
  2.3793330816E+02  7.0643311886E-01  0.0000000000E+00      -2.0301237348E+05  1.3342832528E-08
| Global minimum convergence, d_xhat d_muhat:
  3.0189132105E-03  3.9151835900E-08

| GP model hyperparameters (lengthscales W kappa):
  6.6418722666E-01  4.6603144810E-01  7.9133907066E+00  6.8908245422E+00  8.2889401713E+00  6.5158360747E+00
| Next sampling location (x_next, i_next):
  6.0129113453E+01  1.0275016445E+02  0.0000000000E+00

Iteration time [s]:   26.764        Total time [s]:  979.529

--------------------------------------------------------------------------------
                                BO ITERATION 39                                 
--------------------------------------------------------------------------------
| Evaluating objective function at 6.013E+01 1.028E+02 0.000E+00
| Objective function evaluated, time [s]       21.931
| Acquisition location too confident, doing pure exploration
| Data point added to dataset (x i y): 
  6.0129113453E+01  1.0275016445E+02  0.0000000000E+00      -2.0299173371E+05

| Total ensemble size: 71
| Best acquisition, x_best i_best y_best:
  2.3761071390E+02  9.1153774518E-01  0.0000000000E+00      -2.0301237322E+05
| Global minimum prediction, x_hat mu_hat +- nu_hat:
  2.3792827915E+02  7.0629137128E-01  0.0000000000E+00      -2.0301237348E+05  1.3405914512E-08
| Global minimum convergence, d_xhat d_muhat:
  5.0310041663E-03  1.7895103221E-08

| GP model hyperparameters (lengthscales W kappa):
  6.6087521418E-01  4.5426150997E-01 -7.8441533467E+00 -6.8071286545E+00  7.3219410654E+00  5.7339927556E+00
| Next sampling location (x_next, i_next):
  1.4699303039E+02  2.4638037332E+02  0.0000000000E+00

Iteration time [s]:   25.671        Total time [s]: 1005.203

--------------------------------------------------------------------------------
                                BO ITERATION 40                                 
--------------------------------------------------------------------------------
| Evaluating objective function at 1.470E+02 2.464E+02 0.000E+00
| Objective function evaluated, time [s]       24.214
| Acquisition location too confident, doing pure exploration
| Data point added to dataset (x i y): 
  1.4699303039E+02  2.4638037332E+02  0.0000000000E+00      -2.0299269020E+05

| Total ensemble size: 72
| Best acquisition, x_best i_best y_best:
  2.3761071390E+02  9.1153774518E-01  0.0000000000E+00      -2.0301237322E+05
| Global minimum prediction, x_hat mu_hat +- nu_hat:
  2.3792974959E+02  7.0629833188E-01  0.0000000000E+00      -2.0301237348E+05  1.3297613588E-08
| Global minimum convergence, d_xhat d_muhat:
  1.4704541022E-03  1.2605826088E-09

| GP model hyperparameters (lengthscales W kappa):
  6.6165279402E-01  4.5594258759E-01 -7.7975541417E+00 -6.8033738499E+00  7.1342536657E+00  5.6422911380E+00
| Next sampling location (x_next, i_next):
 -2.2576109709E+01  5.1370521643E+01  0.0000000000E+00

Iteration time [s]:   28.270        Total time [s]: 1033.476

--------------------------------------------------------------------------------
                                BO ITERATION 41                                 
--------------------------------------------------------------------------------
| Evaluating objective function at -2.258E+01 5.137E+01 0.000E+00
| Objective function evaluated, time [s]       23.045
| Acquisition location too confident, doing pure exploration
| Data point added to dataset (x i y): 
 -2.2576109709E+01  5.1370521643E+01  0.0000000000E+00      -2.0299059632E+05

| Total ensemble size: 73
| Best acquisition, x_best i_best y_best:
  2.3761071390E+02  9.1153774518E-01  0.0000000000E+00      -2.0301237322E+05
| Global minimum prediction, x_hat mu_hat +- nu_hat:
  2.3794910159E+02  7.1020248800E-01  0.0000000000E+00      -2.0301237348E+05  1.3089254036E-08
| Global minimum convergence, d_xhat d_muhat:
  1.9741892058E-02  3.6554671015E-07

| GP model hyperparameters (lengthscales W kappa):
  6.7190608110E-01  4.4727169644E-01 -7.5926720045E+00 -6.7707395812E+00  6.9375920530E+00  5.7007628010E+00
| Next sampling location (x_next, i_next):
  2.5988787244E+02  7.1681599183E+01  0.0000000000E+00

Iteration time [s]:   26.768        Total time [s]: 1060.245

--------------------------------------------------------------------------------
                                BO ITERATION 42                                 
--------------------------------------------------------------------------------
| Evaluating objective function at 2.599E+02 7.168E+01 0.000E+00
| Objective function evaluated, time [s]       23.350
| Acquisition location too confident, doing pure exploration
| Data point added to dataset (x i y): 
  2.5988787244E+02  7.1681599183E+01  0.0000000000E+00      -2.0299015376E+05

| Total ensemble size: 74
| Best acquisition, x_best i_best y_best:
  2.3761071390E+02  9.1153774518E-01  0.0000000000E+00      -2.0301237322E+05
| Global minimum prediction, x_hat mu_hat +- nu_hat:
  2.3796050829E+02  7.1057325618E-01  0.0000000000E+00      -2.0301237348E+05  1.3534259846E-08
| Global minimum convergence, d_xhat d_muhat:
  1.1412728503E-02  3.9636417976E-08

| GP model hyperparameters (lengthscales W kappa):
  6.7087735184E-01  4.4338890300E-01 -7.5339460763E+00 -6.7481749454E+00  6.4123379649E+00  5.3179756261E+00
| Next sampling location (x_next, i_next):
  1.8103449293E+01 -3.7449039528E+01  0.0000000000E+00

Iteration time [s]:   27.594        Total time [s]: 1087.840

--------------------------------------------------------------------------------
                                BO ITERATION 43                                 
--------------------------------------------------------------------------------
| Evaluating objective function at 1.810E+01 -3.745E+01 0.000E+00
| Objective function evaluated, time [s]       24.015
| Data point added to dataset (x i y): 
  1.8103449293E+01 -3.7449039528E+01  0.0000000000E+00      -2.0299142729E+05

| Total ensemble size: 75
| Best acquisition, x_best i_best y_best:
  2.3761071390E+02  9.1153774518E-01  0.0000000000E+00      -2.0301237322E+05
| Global minimum prediction, x_hat mu_hat +- nu_hat:
  2.3784974020E+02  7.1691592681E-01  0.0000000000E+00      -2.0301237346E+05  1.2090216739E-08
| Global minimum convergence, d_xhat d_muhat:
  1.1094953175E-01  8.1593187989E-07

| GP model hyperparameters (lengthscales W kappa):
  6.7194975899E-01  4.2748297585E-01  7.5947437370E+00  6.6396194287E+00  6.4040282989E+00  5.1010306793E+00
| Next sampling location (x_next, i_next):
  6.4920478015E+01  1.7616988261E+02  0.0000000000E+00

Iteration time [s]:   27.740        Total time [s]: 1115.584

--------------------------------------------------------------------------------
                                BO ITERATION 44                                 
--------------------------------------------------------------------------------
| Evaluating objective function at 6.492E+01 1.762E+02 0.000E+00
| Objective function evaluated, time [s]       24.294
| Acquisition location too confident, doing pure exploration
| Data point added to dataset (x i y): 
  6.4920478015E+01  1.7616988261E+02  0.0000000000E+00      -2.0300956436E+05

| Total ensemble size: 76
| Best acquisition, x_best i_best y_best:
  2.3761071390E+02  9.1153774518E-01  0.0000000000E+00      -2.0301237322E+05
| Global minimum prediction, x_hat mu_hat +- nu_hat:
  2.3784657267E+02  7.1726311144E-01  0.0000000000E+00      -2.0301237346E+05  1.1888706819E-08
| Global minimum convergence, d_xhat d_muhat:
  3.1865037891E-03  1.9453694000E-08

| GP model hyperparameters (lengthscales W kappa):
  6.8160104774E-01  4.3091960429E-01  7.7133778121E+00  6.7973310594E+00  6.5946562359E+00  5.3172009738E+00
| Next sampling location (x_next, i_next):
  1.2206595464E+02 -5.0711739422E+00  0.0000000000E+00

Iteration time [s]:   28.626        Total time [s]: 1144.213

--------------------------------------------------------------------------------
                                BO ITERATION 45                                 
--------------------------------------------------------------------------------
| Evaluating objective function at 1.221E+02 -5.071E+00 0.000E+00
| Objective function evaluated, time [s]       23.818
| Data point added to dataset (x i y): 
  1.2206595464E+02 -5.0711739422E+00  0.0000000000E+00      -2.0299056734E+05

| Total ensemble size: 77
| Best acquisition, x_best i_best y_best:
  2.3761071390E+02  9.1153774518E-01  0.0000000000E+00      -2.0301237322E+05
| Global minimum prediction, x_hat mu_hat +- nu_hat:
  2.3794558361E+02  6.9554192735E-01  0.0000000000E+00      -2.0301237352E+05  2.3112326186E-08
| Global minimum convergence, d_xhat d_muhat:
  1.0136555701E-01  2.7379014918E-06

| GP model hyperparameters (lengthscales W kappa):
  5.4976249555E-01  4.4068769350E-01 -8.3552502521E+00 -6.3038761551E+00  4.7374886970E+00  3.0614172626E+00
| Next sampling location (x_next, i_next):
  2.3651641172E+02  6.7355660800E-01  0.0000000000E+00

Iteration time [s]:   28.026        Total time [s]: 1172.243

--------------------------------------------------------------------------------
                                BO ITERATION 46                                 
--------------------------------------------------------------------------------
| Evaluating objective function at 2.365E+02 6.736E-01 0.000E+00
| Objective function evaluated, time [s]       24.001
| Acquisition location too confident, doing pure exploration
| Data point added to dataset (x i y): 
  2.3651641172E+02  6.7355660800E-01  0.0000000000E+00      -2.0301237200E+05

| Total ensemble size: 78
| Best acquisition, x_best i_best y_best:
  2.3761071390E+02  9.1153774518E-01  0.0000000000E+00      -2.0301237322E+05
| Global minimum prediction, x_hat mu_hat +- nu_hat:
  2.3758031313E+02  6.9520016921E-01  0.0000000000E+00      -2.0301237369E+05  9.1426012538E-09
| Global minimum convergence, d_xhat d_muhat:
  3.6527063985E-01  7.0181757764E-06

| GP model hyperparameters (lengthscales W kappa):
  5.4985929855E-01  4.4161756230E-01 -8.3488916187E+00 -6.2631706336E+00  5.1888418711E+00  3.2984953597E+00
| Next sampling location (x_next, i_next):
  2.3466343533E+02  2.8595013353E+02  0.0000000000E+00

Iteration time [s]:   28.709        Total time [s]: 1200.956

--------------------------------------------------------------------------------
                                BO ITERATION 47                                 
--------------------------------------------------------------------------------
| Evaluating objective function at 2.347E+02 2.860E+02 0.000E+00
| Objective function evaluated, time [s]       23.416
| Data point added to dataset (x i y): 
  2.3466343533E+02  2.8595013353E+02  0.0000000000E+00      -2.0299020541E+05

| Total ensemble size: 79
| Best acquisition, x_best i_best y_best:
  2.3761071390E+02  9.1153774518E-01  0.0000000000E+00      -2.0301237322E+05
| Global minimum prediction, x_hat mu_hat +- nu_hat:
  2.3758620039E+02  6.9320039281E-01  0.0000000000E+00      -2.0301237369E+05  8.8978903356E-09
| Global minimum convergence, d_xhat d_muhat:
  6.2176261972E-03  1.3326815033E-07

| GP model hyperparameters (lengthscales W kappa):
  5.4966293840E-01  4.4175817191E-01 -8.3023791845E+00 -6.2660603293E+00  4.8369659998E+00  3.1219442038E+00
| Next sampling location (x_next, i_next):
  1.7775758566E+02  1.8488484835E+02  0.0000000000E+00

Iteration time [s]:   27.839        Total time [s]: 1228.799

--------------------------------------------------------------------------------
                                BO ITERATION 48                                 
--------------------------------------------------------------------------------
| Evaluating objective function at 1.778E+02 1.849E+02 0.000E+00
| Objective function evaluated, time [s]       22.200
| Acquisition location too confident, doing pure exploration
| Data point added to dataset (x i y): 
  1.7775758566E+02  1.8488484835E+02  0.0000000000E+00      -2.0300787297E+05

| Total ensemble size: 80
| Best acquisition, x_best i_best y_best:
  2.3761071390E+02  9.1153774518E-01  0.0000000000E+00      -2.0301237322E+05
| Global minimum prediction, x_hat mu_hat +- nu_hat:
  2.3758137025E+02  6.9477834188E-01  0.0000000000E+00      -2.0301237369E+05  8.6534636345E-09
| Global minimum convergence, d_xhat d_muhat:
  5.0813555212E-03  8.4275788889E-08

| GP model hyperparameters (lengthscales W kappa):
  5.5333398501E-01  4.4261157419E-01 -8.3277911086E+00 -6.3003291302E+00  4.9158525583E+00  3.2518045120E+00
| Next sampling location (x_next, i_next):
  1.6767553050E+02  3.0118513469E+02  0.0000000000E+00

Iteration time [s]:   26.590        Total time [s]: 1255.393

--------------------------------------------------------------------------------
                                BO ITERATION 49                                 
--------------------------------------------------------------------------------
| Evaluating objective function at 1.677E+02 3.012E+02 0.000E+00
| Objective function evaluated, time [s]       23.404
| Acquisition location too confident, doing pure exploration
| Data point added to dataset (x i y): 
  1.6767553050E+02  3.0118513469E+02  0.0000000000E+00      -2.0299059527E+05

| Total ensemble size: 81
| Best acquisition, x_best i_best y_best:
  2.3761071390E+02  9.1153774518E-01  0.0000000000E+00      -2.0301237322E+05
| Global minimum prediction, x_hat mu_hat +- nu_hat:
  2.3759700402E+02  6.8913787500E-01  0.0000000000E+00      -2.0301237370E+05  8.5446084873E-09
| Global minimum convergence, d_xhat d_muhat:
  1.6620156200E-02  3.5007596493E-07

| GP model hyperparameters (lengthscales W kappa):
  5.5374623673E-01  4.4282576429E-01 -8.3028587602E+00 -6.3012578850E+00  4.7065094340E+00  3.0697714297E+00
| Next sampling location (x_next, i_next):
 -2.7777045378E+01  2.9796871228E+02  0.0000000000E+00

Iteration time [s]:   28.639        Total time [s]: 1284.036

--------------------------------------------------------------------------------
                                BO ITERATION 50                                 
--------------------------------------------------------------------------------
| Evaluating objective function at -2.778E+01 2.980E+02 0.000E+00
| Objective function evaluated, time [s]       23.030
| Acquisition location too confident, doing pure exploration
| Data point added to dataset (x i y): 
 -2.7777045378E+01  2.9796871228E+02  0.0000000000E+00      -2.0299407741E+05

| Total ensemble size: 82
| Best acquisition, x_best i_best y_best:
  2.3761071390E+02  9.1153774518E-01  0.0000000000E+00      -2.0301237322E+05
| Global minimum prediction, x_hat mu_hat +- nu_hat:
  2.3761359169E+02  6.8311127141E-01  0.0000000000E+00      -2.0301237371E+05  8.9947088887E-09
| Global minimum convergence, d_xhat d_muhat:
  1.7648536035E-02  4.5011863086E-07

| GP model hyperparameters (lengthscales W kappa):
  5.4502715682E-01  4.4793558260E-01 -8.3555955278E+00 -6.3710829152E+00  4.2151680115E+00  2.7903257807E+00
| Next sampling location (x_next, i_next):
  1.1631398608E+02  2.7629649878E+02  0.0000000000E+00

Iteration time [s]:   27.760        Total time [s]: 1311.800

|| Bayesian optimization completed, time [s]     1311.783


--------------------------------------------------------------------------------
                        BOSS is done! Have a nice day :)                        

      Datetime 15-08-2020 00:46:02            Total time [s]     1311.801       
--------------------------------------------------------------------------------
