-50.0000000000_52.0100000000_60.4000000000_-50.0000000000
130.0000000000_52.0100000000_60.4000000000_130.0000000000
259.3182896000_52.0100000000_60.4000000000_-25.0881335000
220.7639287000_52.0100000000_60.4000000000_-5.5173160000
254.5607201000_52.0100000000_60.4000000000_39.3230971000
197.3666061000_52.0100000000_60.4000000000_-40.8186025000
269.6108454000_52.0100000000_60.4000000000_.5849424000
30.0818596000_52.0100000000_60.4000000000_.2220154000
160.7841920000_52.0100000000_60.4000000000_13.6256818000
3.9100277000_52.0100000000_60.4000000000_211.9275891000
188.4889265000_52.0100000000_60.4000000000_205.5797616000
259.9115716000_52.0100000000_60.4000000000_175.6622883000
-41.2870839000_52.0100000000_60.4000000000_154.0000580000
102.5460403000_52.0100000000_60.4000000000_250.8961969000
-14.4958022000_52.0100000000_60.4000000000_94.4720476000
67.2759151000_52.0100000000_60.4000000000_176.4293191000
156.5573118000_52.0100000000_60.4000000000_172.3254441000
-7.9956769000_52.0100000000_60.4000000000_179.5713263000
272.0548594000_52.0100000000_60.4000000000_239.1338302000
105.4909266000_52.0100000000_60.4000000000_194.8570750000
239.1970873000_52.0100000000_60.4000000000_2.7372352000
221.2972869000_52.0100000000_60.4000000000_148.9864432000
245.6619707000_52.0100000000_60.4000000000_-4.7825092000
37.9452349000_52.0100000000_60.4000000000_153.8597254000
76.2881450000_52.0100000000_60.4000000000_62.2508838000
186.4938863000_52.0100000000_60.4000000000_82.8776144000
79.8288789000_52.0100000000_60.4000000000_-47.3576228000
16.9397360000_52.0100000000_60.4000000000_269.8627005000
203.1736353000_52.0100000000_60.4000000000_269.9223366000
-2.2234175000_52.0100000000_60.4000000000_43.0634013000
261.7168150000_52.0100000000_60.4000000000_104.3332241000
68.4717613000_52.0100000000_60.4000000000_103.7066061000
273.6004457000_52.0100000000_60.4000000000_280.8891099000
96.9105517000_52.0100000000_60.4000000000_169.3508050000
134.6315950000_52.0100000000_60.4000000000_286.7074356000
109.9373981000_52.0100000000_60.4000000000_-11.7131128000
137.0319451000_52.0100000000_60.4000000000_60.7465415000
301.3564576000_52.0100000000_60.4000000000_70.5311685000
157.7789519000_52.0100000000_60.4000000000_237.7622370000
82.0446297000_52.0100000000_60.4000000000_25.0305435000
52.7447213000_52.0100000000_60.4000000000_231.4508890000
-29.9553553000_52.0100000000_60.4000000000_250.2346282000
295.7350591000_52.0100000000_60.4000000000_206.2814528000
3.5149156000_52.0100000000_60.4000000000_-32.3753443000
245.9187385000_52.0100000000_60.4000000000_-.0066473000
29.8420811000_52.0100000000_60.4000000000_74.9613793000
214.0154026000_52.0100000000_60.4000000000_59.9543082000
-22.1856196000_52.0100000000_60.4000000000_1.1780250000
231.9230668000_52.0100000000_60.4000000000_221.5428745000
179.1711270000_52.0100000000_60.4000000000_131.5623817000
34.9532677000_52.0100000000_60.4000000000_184.4642538000
221.2946110000_52.0100000000_60.4000000000_102.0636161000
warning in stationary: failed to import cython module: falling back to numpy
warning in coregionalize: failed to import cython module: falling back to numpy
warning in choleskies: failed to import cython module: falling back to numpy
warning: overwriting file 'boss.out'
warning: overwriting file 'boss.rst'
