
-----------------------------   Welcome to ....   ------------------------------
                      _______  _______ _______ _______ 
                     |   _   \|   _   |   _   |   _   |
                     |.  1   /|.  |   |   1___|   1___|
                     |.  _   \|.  |   |____   |____   |
                     |:  1    |:  1   |:  1   |:  1   |
                     |::.. .  |::.. . |::.. . |::.. . |
                     `-------'`-------`-------`-------'

                                 Version 0.9.15                                 
                              05-08-2020 18:08:52                               
--------------------------------------------------------------------------------

| Reading BOSS input file from: in_2D
| Initializing...

--------------------------------------------------------------------------------
                                   INPUT FILE                                   
--------------------------------------------------------------------------------
# input file for alanine 2D (d4-d13)

# optimization
userfn       userfn_2D.py
bounds       -50 310; -50 310
num_tasks    2
kernel       stdp
initpts      2 30
iterpts      50
verbosity    2
W_prior      gaussian
W_priorparam 10.757 4.226


RESULTS:
2.082520492529164E+02 1.959277201368255E+02 0 -2.030059446801359E+05 
2.207306969513153E+02 2.314895050506346E+02 0 -2.029954798068073E+05 
-4.263385038824021E+01 1.061819087581337E+02 1 3.397190000000000E+01 
5.678705954582231E+01 2.180137553204469E+01 1 2.643000000000000E+01 
8.645373928815091E+01 1.868738738174772E+02 1 1.875830000000000E+01 
5.046952879218165E+01 1.003259883197338E+02 1 3.120060000000000E+01 
2.709292649679132E+02 1.665369293637799E+02 1 2.510120000000000E+01 
1.605429151905303E+02 1.255041689916126E+02 1 2.770920000000000E+01 
1.796174502259540E+02 -3.444543855229161E+01 1 2.815300000000000E+01 
1.054853432476085E+02 1.206799102848905E+02 1 2.940020000000000E+01 
8.609509590041813E+01 7.390870878975031E+00 1 2.978910000000000E+01 
2.388256711214379E+02 2.820498218588019E+02 1 3.740400000000000E+01 
4.812742234415651E+01 -4.245056429998154E+01 1 3.023990000000000E+01 
2.451838126877383E+02 -7.978686519305706E+00 1 2.035150000000000E+01 
7.138613320918250E+01 1.729778532351175E+02 1 1.791790000000000E+01 
2.868005246407056E+02 1.340227831928569E+02 1 2.926980000000000E+01 
1.265588292224571E+02 2.389143101845599E+02 1 3.102980000000000E+01 
1.552881184234113E+02 -1.955160730592957E+00 1 2.565240000000000E+01 
2.333640972997232E+02 -4.359785942198483E+01 1 2.971840000000000E+01 
-4.412752321650612E+00 1.109476315153236E+02 1 3.305760000000000E+01 
1.848185308167305E+02 1.877409180876138E+02 1 2.209650000000000E+01 
6.616636530700261E+01 -1.352118956155110E+01 1 2.517320000000000E+01 
1.553692735260168E+02 3.100000000000000E+02 1 3.475620000000000E+01 
9.111555523341598E+01 2.232546847808169E+02 1 2.503850000000000E+01 
5.910316696076880E+01 1.818825091770196E+02 1 1.749430000000000E+01 
3.100000000000000E+02 2.236362568902289E+02 1 2.551100000000000E+01 
-6.148280857310024E+00 2.245670789856085E+02 1 2.642630000000000E+01 
1.342116043347305E+02 -2.596138228621483E+01 1 3.494780000000000E+01 
2.241754333806405E+02 2.500124185740375E+02 1 3.696790000000000E+01 
2.492117344986850E+02 1.421085303537329E+02 1 3.124160000000000E+01 
-2.820322639596063E+01 3.675766601829044E+01 1 3.511860000000000E+01 
2.609855081107085E+02 2.559236478105779E+02 1 3.583530000000000E+01 
--------------------------------------------------------------------------------
                               SIMULATION OPTIONS                               
--------------------------------------------------------------------------------
|| File input/output 
ipfile         in_2D
userfn         userfn_2D.py
outfile        boss.out
rstfile        boss.rst

|| Key settings 
num_tasks         2
bounds         -5.000E+01 3.100E+02;    -5.000E+01 3.100E+02
kerntype       stdp stdp
yrange         -5.000E+01 3.100E+02;    -5.000E+01 3.100E+02
noise          1.000E-12
initpts    2 30    iterpts   50
gm_tol         none
verbosity      2

|| Data acquisition 
acqfn                elcb
acqtol               1.000E-03

|| GP hyperparameters 
thetainit       1.000E+00 3.142E-01
thetabounds     none
thetaprior      gamma
thetapriorpar   1.000E+00 1.000E+00;    3.368E+00 9.020E+00;    3.368E+00 9.020E+00

|| Hyperparameter optimization
updatefreq   1  initupdate      True
updateoffset 0  updaterestarts  2


--------------------------------------------------------------------------------
                              INITIAL DATAPOINT 1                               
--------------------------------------------------------------------------------
| Data point added to dataset (x i y): 
  2.0825204925E+02  1.9592772014E+02  0.0000000000E+00      -2.0300594468E+05

| Total ensemble size: 1
| Next sampling location (x_next, i_next):
  2.2073069695E+02  2.3148950505E+02  0.0000000000E+00

Iteration time [s]:    0.002        Total time [s]:    0.131

--------------------------------------------------------------------------------
                              INITIAL DATAPOINT 2                               
--------------------------------------------------------------------------------
| Data point added to dataset (x i y): 
  2.2073069695E+02  2.3148950505E+02  0.0000000000E+00      -2.0299547981E+05

| Total ensemble size: 2
| Next sampling location (x_next, i_next):
 -4.2633850388E+01  1.0618190876E+02  1.0000000000E+00

Iteration time [s]:    0.001        Total time [s]:    0.134

--------------------------------------------------------------------------------
                              INITIAL DATAPOINT 3                               
--------------------------------------------------------------------------------
| Data point added to dataset (x i y): 
 -4.2633850388E+01  1.0618190876E+02  1.0000000000E+00       3.3971900000E+01

| Total ensemble size: 3
| Next sampling location (x_next, i_next):
  5.6787059546E+01  2.1801375532E+01  1.0000000000E+00

Iteration time [s]:    0.002        Total time [s]:    0.137

--------------------------------------------------------------------------------
                              INITIAL DATAPOINT 4                               
--------------------------------------------------------------------------------
| Data point added to dataset (x i y): 
  5.6787059546E+01  2.1801375532E+01  1.0000000000E+00       2.6430000000E+01

| Total ensemble size: 4
| Next sampling location (x_next, i_next):
  8.6453739288E+01  1.8687387382E+02  1.0000000000E+00

Iteration time [s]:    0.002        Total time [s]:    0.141

--------------------------------------------------------------------------------
                              INITIAL DATAPOINT 5                               
--------------------------------------------------------------------------------
| Data point added to dataset (x i y): 
  8.6453739288E+01  1.8687387382E+02  1.0000000000E+00       1.8758300000E+01

| Total ensemble size: 5
| Next sampling location (x_next, i_next):
  5.0469528792E+01  1.0032598832E+02  1.0000000000E+00

Iteration time [s]:    0.002        Total time [s]:    0.144

--------------------------------------------------------------------------------
                              INITIAL DATAPOINT 6                               
--------------------------------------------------------------------------------
| Data point added to dataset (x i y): 
  5.0469528792E+01  1.0032598832E+02  1.0000000000E+00       3.1200600000E+01

| Total ensemble size: 6
| Next sampling location (x_next, i_next):
  2.7092926497E+02  1.6653692936E+02  1.0000000000E+00

Iteration time [s]:    0.001        Total time [s]:    0.147

--------------------------------------------------------------------------------
                              INITIAL DATAPOINT 7                               
--------------------------------------------------------------------------------
| Data point added to dataset (x i y): 
  2.7092926497E+02  1.6653692936E+02  1.0000000000E+00       2.5101200000E+01

| Total ensemble size: 7
| Next sampling location (x_next, i_next):
  1.6054291519E+02  1.2550416899E+02  1.0000000000E+00

Iteration time [s]:    0.002        Total time [s]:    0.150

--------------------------------------------------------------------------------
                              INITIAL DATAPOINT 8                               
--------------------------------------------------------------------------------
| Data point added to dataset (x i y): 
  1.6054291519E+02  1.2550416899E+02  1.0000000000E+00       2.7709200000E+01

| Total ensemble size: 8
| Next sampling location (x_next, i_next):
  1.7961745023E+02 -3.4445438552E+01  1.0000000000E+00

Iteration time [s]:    0.001        Total time [s]:    0.152

--------------------------------------------------------------------------------
                              INITIAL DATAPOINT 9                               
--------------------------------------------------------------------------------
| Data point added to dataset (x i y): 
  1.7961745023E+02 -3.4445438552E+01  1.0000000000E+00       2.8153000000E+01

| Total ensemble size: 9
| Next sampling location (x_next, i_next):
  1.0548534325E+02  1.2067991028E+02  1.0000000000E+00

Iteration time [s]:    0.002        Total time [s]:    0.154

--------------------------------------------------------------------------------
                              INITIAL DATAPOINT 10                              
--------------------------------------------------------------------------------
| Data point added to dataset (x i y): 
  1.0548534325E+02  1.2067991028E+02  1.0000000000E+00       2.9400200000E+01

| Total ensemble size: 10
| Next sampling location (x_next, i_next):
  8.6095095900E+01  7.3908708790E+00  1.0000000000E+00

Iteration time [s]:    0.001        Total time [s]:    0.156

--------------------------------------------------------------------------------
                              INITIAL DATAPOINT 11                              
--------------------------------------------------------------------------------
| Data point added to dataset (x i y): 
  8.6095095900E+01  7.3908708790E+00  1.0000000000E+00       2.9789100000E+01

| Total ensemble size: 11
| Next sampling location (x_next, i_next):
  2.3882567112E+02  2.8204982186E+02  1.0000000000E+00

Iteration time [s]:    0.001        Total time [s]:    0.158

--------------------------------------------------------------------------------
                              INITIAL DATAPOINT 12                              
--------------------------------------------------------------------------------
| Data point added to dataset (x i y): 
  2.3882567112E+02  2.8204982186E+02  1.0000000000E+00       3.7404000000E+01

| Total ensemble size: 12
| Next sampling location (x_next, i_next):
  4.8127422344E+01 -4.2450564300E+01  1.0000000000E+00

Iteration time [s]:    0.001        Total time [s]:    0.160

--------------------------------------------------------------------------------
                              INITIAL DATAPOINT 13                              
--------------------------------------------------------------------------------
| Data point added to dataset (x i y): 
  4.8127422344E+01 -4.2450564300E+01  1.0000000000E+00       3.0239900000E+01

| Total ensemble size: 13
| Next sampling location (x_next, i_next):
  2.4518381269E+02 -7.9786865193E+00  1.0000000000E+00

Iteration time [s]:    0.002        Total time [s]:    0.164

--------------------------------------------------------------------------------
                              INITIAL DATAPOINT 14                              
--------------------------------------------------------------------------------
| Data point added to dataset (x i y): 
  2.4518381269E+02 -7.9786865193E+00  1.0000000000E+00       2.0351500000E+01

| Total ensemble size: 14
| Next sampling location (x_next, i_next):
  7.1386133209E+01  1.7297785324E+02  1.0000000000E+00

Iteration time [s]:    0.001        Total time [s]:    0.168

--------------------------------------------------------------------------------
                              INITIAL DATAPOINT 15                              
--------------------------------------------------------------------------------
| Data point added to dataset (x i y): 
  7.1386133209E+01  1.7297785324E+02  1.0000000000E+00       1.7917900000E+01

| Total ensemble size: 15
| Next sampling location (x_next, i_next):
  2.8680052464E+02  1.3402278319E+02  1.0000000000E+00

Iteration time [s]:    0.002        Total time [s]:    0.171

--------------------------------------------------------------------------------
                              INITIAL DATAPOINT 16                              
--------------------------------------------------------------------------------
| Data point added to dataset (x i y): 
  2.8680052464E+02  1.3402278319E+02  1.0000000000E+00       2.9269800000E+01

| Total ensemble size: 16
| Next sampling location (x_next, i_next):
  1.2655882922E+02  2.3891431018E+02  1.0000000000E+00

Iteration time [s]:    0.001        Total time [s]:    0.174

--------------------------------------------------------------------------------
                              INITIAL DATAPOINT 17                              
--------------------------------------------------------------------------------
| Data point added to dataset (x i y): 
  1.2655882922E+02  2.3891431018E+02  1.0000000000E+00       3.1029800000E+01

| Total ensemble size: 17
| Next sampling location (x_next, i_next):
  1.5528811842E+02 -1.9551607306E+00  1.0000000000E+00

Iteration time [s]:    0.001        Total time [s]:    0.176

--------------------------------------------------------------------------------
                              INITIAL DATAPOINT 18                              
--------------------------------------------------------------------------------
| Data point added to dataset (x i y): 
  1.5528811842E+02 -1.9551607306E+00  1.0000000000E+00       2.5652400000E+01

| Total ensemble size: 18
| Next sampling location (x_next, i_next):
  2.3336409730E+02 -4.3597859422E+01  1.0000000000E+00

Iteration time [s]:    0.001        Total time [s]:    0.179

--------------------------------------------------------------------------------
                              INITIAL DATAPOINT 19                              
--------------------------------------------------------------------------------
| Data point added to dataset (x i y): 
  2.3336409730E+02 -4.3597859422E+01  1.0000000000E+00       2.9718400000E+01

| Total ensemble size: 19
| Next sampling location (x_next, i_next):
 -4.4127523217E+00  1.1094763152E+02  1.0000000000E+00

Iteration time [s]:    0.001        Total time [s]:    0.181

--------------------------------------------------------------------------------
                              INITIAL DATAPOINT 20                              
--------------------------------------------------------------------------------
| Data point added to dataset (x i y): 
 -4.4127523217E+00  1.1094763152E+02  1.0000000000E+00       3.3057600000E+01

| Total ensemble size: 20
| Next sampling location (x_next, i_next):
  1.8481853082E+02  1.8774091809E+02  1.0000000000E+00

Iteration time [s]:    0.001        Total time [s]:    0.183

--------------------------------------------------------------------------------
                              INITIAL DATAPOINT 21                              
--------------------------------------------------------------------------------
| Data point added to dataset (x i y): 
  1.8481853082E+02  1.8774091809E+02  1.0000000000E+00       2.2096500000E+01

| Total ensemble size: 21
| Next sampling location (x_next, i_next):
  6.6166365307E+01 -1.3521189562E+01  1.0000000000E+00

Iteration time [s]:    0.001        Total time [s]:    0.185

--------------------------------------------------------------------------------
                              INITIAL DATAPOINT 22                              
--------------------------------------------------------------------------------
| Data point added to dataset (x i y): 
  6.6166365307E+01 -1.3521189562E+01  1.0000000000E+00       2.5173200000E+01

| Total ensemble size: 22
| Next sampling location (x_next, i_next):
  1.5536927353E+02  3.1000000000E+02  1.0000000000E+00

Iteration time [s]:    0.001        Total time [s]:    0.187

--------------------------------------------------------------------------------
                              INITIAL DATAPOINT 23                              
--------------------------------------------------------------------------------
| Data point added to dataset (x i y): 
  1.5536927353E+02  3.1000000000E+02  1.0000000000E+00       3.4756200000E+01

| Total ensemble size: 23
| Next sampling location (x_next, i_next):
  9.1115555233E+01  2.2325468478E+02  1.0000000000E+00

Iteration time [s]:    0.001        Total time [s]:    0.189

--------------------------------------------------------------------------------
                              INITIAL DATAPOINT 24                              
--------------------------------------------------------------------------------
| Data point added to dataset (x i y): 
  9.1115555233E+01  2.2325468478E+02  1.0000000000E+00       2.5038500000E+01

| Total ensemble size: 24
| Next sampling location (x_next, i_next):
  5.9103166961E+01  1.8188250918E+02  1.0000000000E+00

Iteration time [s]:    0.001        Total time [s]:    0.192

--------------------------------------------------------------------------------
                              INITIAL DATAPOINT 25                              
--------------------------------------------------------------------------------
| Data point added to dataset (x i y): 
  5.9103166961E+01  1.8188250918E+02  1.0000000000E+00       1.7494300000E+01

| Total ensemble size: 25
| Next sampling location (x_next, i_next):
  3.1000000000E+02  2.2363625689E+02  1.0000000000E+00

Iteration time [s]:    0.002        Total time [s]:    0.196

--------------------------------------------------------------------------------
                              INITIAL DATAPOINT 26                              
--------------------------------------------------------------------------------
| Data point added to dataset (x i y): 
  3.1000000000E+02  2.2363625689E+02  1.0000000000E+00       2.5511000000E+01

| Total ensemble size: 26
| Next sampling location (x_next, i_next):
 -6.1482808573E+00  2.2456707899E+02  1.0000000000E+00

Iteration time [s]:    0.001        Total time [s]:    0.198

--------------------------------------------------------------------------------
                              INITIAL DATAPOINT 27                              
--------------------------------------------------------------------------------
| Data point added to dataset (x i y): 
 -6.1482808573E+00  2.2456707899E+02  1.0000000000E+00       2.6426300000E+01

| Total ensemble size: 27
| Next sampling location (x_next, i_next):
  1.3421160433E+02 -2.5961382286E+01  1.0000000000E+00

Iteration time [s]:    0.002        Total time [s]:    0.202

--------------------------------------------------------------------------------
                              INITIAL DATAPOINT 28                              
--------------------------------------------------------------------------------
| Data point added to dataset (x i y): 
  1.3421160433E+02 -2.5961382286E+01  1.0000000000E+00       3.4947800000E+01

| Total ensemble size: 28
| Next sampling location (x_next, i_next):
  2.2417543338E+02  2.5001241857E+02  1.0000000000E+00

Iteration time [s]:    0.001        Total time [s]:    0.204

--------------------------------------------------------------------------------
                              INITIAL DATAPOINT 29                              
--------------------------------------------------------------------------------
| Data point added to dataset (x i y): 
  2.2417543338E+02  2.5001241857E+02  1.0000000000E+00       3.6967900000E+01

| Total ensemble size: 29
| Next sampling location (x_next, i_next):
  2.4921173450E+02  1.4210853035E+02  1.0000000000E+00

Iteration time [s]:    0.001        Total time [s]:    0.206

--------------------------------------------------------------------------------
                              INITIAL DATAPOINT 30                              
--------------------------------------------------------------------------------
| Data point added to dataset (x i y): 
  2.4921173450E+02  1.4210853035E+02  1.0000000000E+00       3.1241600000E+01

| Total ensemble size: 30
| Next sampling location (x_next, i_next):
 -2.8203226396E+01  3.6757666018E+01  1.0000000000E+00

Iteration time [s]:    0.001        Total time [s]:    0.207

--------------------------------------------------------------------------------
                              INITIAL DATAPOINT 31                              
--------------------------------------------------------------------------------
| Data point added to dataset (x i y): 
 -2.8203226396E+01  3.6757666018E+01  1.0000000000E+00       3.5118600000E+01

| Total ensemble size: 31
| Next sampling location (x_next, i_next):
  2.6098550811E+02  2.5592364781E+02  1.0000000000E+00

Iteration time [s]:    0.001        Total time [s]:    0.209

--------------------------------------------------------------------------------
                              INITIAL DATAPOINT 32                              
--------------------------------------------------------------------------------
| Data point added to dataset (x i y): 
  2.6098550811E+02  2.5592364781E+02  1.0000000000E+00       3.5835300000E+01

| Total ensemble size: 32
| Best acquisition, x_best i_best y_best:
  2.0825204925E+02  1.9592772014E+02  0.0000000000E+00      -2.0300594468E+05
| Global minimum prediction, x_hat mu_hat +- nu_hat:
  1.6551670682E+02  1.8210967436E+02  0.0000000000E+00      -2.0300919363E+05  1.1826324486E+00

| GP model hyperparameters (lengthscales W kappa):
  5.1054814620E-01  4.6578510388E-01  9.2927650118E+00  7.6063670096E+00  3.1714932747E-07  2.3986167521E-08
| Next sampling location (x_next, i_next):
  2.0479939046E+02  4.0773945465E+01  0.0000000000E+00

Iteration time [s]:    1.155        Total time [s]:    1.366

--------------------------------------------------------------------------------
                                 BO ITERATION 1                                 
--------------------------------------------------------------------------------
| Evaluating objective function at 2.048E+02 4.077E+01 0.000E+00
| Objective function evaluated, time [s]       30.062
| Data point added to dataset (x i y): 
  2.0479939046E+02  4.0773945465E+01  0.0000000000E+00      -2.0300364318E+05

| Total ensemble size: 33
| Best acquisition, x_best i_best y_best:
  2.0825204925E+02  1.9592772014E+02  0.0000000000E+00      -2.0300594468E+05
| Global minimum prediction, x_hat mu_hat +- nu_hat:
  2.1039278060E+02  1.8186567292E+00  0.0000000000E+00      -2.0301283886E+05  5.0734487692E+00
| Global minimum convergence, d_xhat d_muhat:
  1.8579212318E+02  1.8308852286E-01

| GP model hyperparameters (lengthscales W kappa):
  4.9286207500E-01  4.2438987285E-01  8.7462149962E+00  7.0939732788E+00  3.1714888610E-07  2.3986163581E-08
| Next sampling location (x_next, i_next):
 -1.7632923241E+01  1.7563401936E+02  0.0000000000E+00

Iteration time [s]:   31.136        Total time [s]:   32.505

--------------------------------------------------------------------------------
                                 BO ITERATION 2                                 
--------------------------------------------------------------------------------
| Evaluating objective function at -1.763E+01 1.756E+02 0.000E+00
| Objective function evaluated, time [s]       23.561
| Data point added to dataset (x i y): 
 -1.7632923241E+01  1.7563401936E+02  0.0000000000E+00      -2.0300780032E+05

| Total ensemble size: 34
| Best acquisition, x_best i_best y_best:
 -1.7632923241E+01  1.7563401936E+02  0.0000000000E+00      -2.0300780032E+05
| Global minimum prediction, x_hat mu_hat +- nu_hat:
  2.3294676126E+02 -1.2105528905E+00  0.0000000000E+00      -2.0301437380E+05  2.1382060940E+00
| Global minimum convergence, d_xhat d_muhat:
  2.2756496972E+01  7.7094836769E-02

| GP model hyperparameters (lengthscales W kappa):
  4.5779063258E-01  4.1091590513E-01  8.7716712215E+00  6.7552757807E+00  3.1714865073E-07  2.3986161236E-08
| Next sampling location (x_next, i_next):
 -5.0000000000E+01 -2.3993884777E+01  0.0000000000E+00

Iteration time [s]:   24.874        Total time [s]:   57.382

--------------------------------------------------------------------------------
                                 BO ITERATION 3                                 
--------------------------------------------------------------------------------
| Evaluating objective function at -5.000E+01 -2.399E+01 0.000E+00
| Objective function evaluated, time [s]       23.450
| Data point added to dataset (x i y): 
 -5.0000000000E+01 -2.3993884777E+01  0.0000000000E+00      -2.0300431579E+05

| Total ensemble size: 35
| Best acquisition, x_best i_best y_best:
 -1.7632923241E+01  1.7563401936E+02  0.0000000000E+00      -2.0300780032E+05
| Global minimum prediction, x_hat mu_hat +- nu_hat:
  2.3064170018E+02 -1.6086648611E+00  0.0000000000E+00      -2.0301448178E+05  2.1794787339E+00
| Global minimum convergence, d_xhat d_muhat:
  2.3391878325E+00  5.4233448351E-03

| GP model hyperparameters (lengthscales W kappa):
  4.5262387363E-01  3.9788000367E-01  8.3962109489E+00  6.5334750315E+00  3.1714851204E-07  2.3986159870E-08
| Next sampling location (x_next, i_next):
  1.3782359411E+02  1.6923272264E+02  0.0000000000E+00

Iteration time [s]:   24.867        Total time [s]:   82.252

--------------------------------------------------------------------------------
                                 BO ITERATION 4                                 
--------------------------------------------------------------------------------
| Evaluating objective function at 1.378E+02 1.692E+02 0.000E+00
| Objective function evaluated, time [s]       23.221
| Data point added to dataset (x i y): 
  1.3782359411E+02  1.6923272264E+02  0.0000000000E+00      -2.0300714192E+05

| Total ensemble size: 36
| Best acquisition, x_best i_best y_best:
 -1.7632923241E+01  1.7563401936E+02  0.0000000000E+00      -2.0300780032E+05
| Global minimum prediction, x_hat mu_hat +- nu_hat:
  2.2691921947E+02 -2.0840787820E+00  0.0000000000E+00      -2.0301240737E+05  6.6825384939E+00
| Global minimum convergence, d_xhat d_muhat:
  3.7527164895E+00  1.0419065029E-01

| GP model hyperparameters (lengthscales W kappa):
  4.3497801778E-01  3.6461804046E-01  6.4309358024E+00  6.1480324815E+00  4.7161238651E+00  3.9196799829E-01
| Next sampling location (x_next, i_next):
  2.0805705985E+02 -2.0781762451E+00  0.0000000000E+00

Iteration time [s]:   24.845        Total time [s]:  107.100

--------------------------------------------------------------------------------
                                 BO ITERATION 5                                 
--------------------------------------------------------------------------------
| Evaluating objective function at 2.081E+02 -2.078E+00 0.000E+00
| Objective function evaluated, time [s]       23.383
| Data point added to dataset (x i y): 
  2.0805705985E+02 -2.0781762451E+00  0.0000000000E+00      -2.0301048206E+05

| Total ensemble size: 37
| Best acquisition, x_best i_best y_best:
  2.0805705985E+02 -2.0781762451E+00  0.0000000000E+00      -2.0301048206E+05
| Global minimum prediction, x_hat mu_hat +- nu_hat:
  2.4187988452E+02 -1.6895679424E+00  0.0000000000E+00      -2.0301094883E+05  4.4255248249E+00
| Global minimum convergence, d_xhat d_muhat:
  1.4965865751E+01  7.1065565325E-02

| GP model hyperparameters (lengthscales W kappa):
  4.4574411092E-01  3.8773992034E-01  6.1240453558E+00  6.3851076267E+00  8.4621573462E+00  1.0744695773E+00
| Next sampling location (x_next, i_next):
  6.4352278369E+01  1.8670780890E+02  0.0000000000E+00

Iteration time [s]:   25.033        Total time [s]:  132.136

--------------------------------------------------------------------------------
                                 BO ITERATION 6                                 
--------------------------------------------------------------------------------
| Evaluating objective function at 6.435E+01 1.867E+02 0.000E+00
| Objective function evaluated, time [s]       24.271
| Data point added to dataset (x i y): 
  6.4352278369E+01  1.8670780890E+02  0.0000000000E+00      -2.0300935692E+05

| Total ensemble size: 38
| Best acquisition, x_best i_best y_best:
  2.0805705985E+02 -2.0781762451E+00  0.0000000000E+00      -2.0301048206E+05
| Global minimum prediction, x_hat mu_hat +- nu_hat:
  2.1138545133E+02 -1.4403965607E+00  0.0000000000E+00      -2.0301049436E+05  5.7960751716E-02
| Global minimum convergence, d_xhat d_muhat:
  3.0495451171E+01  2.1567920920E-02

| GP model hyperparameters (lengthscales W kappa):
  4.8895939647E-01  3.7617656012E-01  5.6167497396E+00  6.0491991206E+00  7.6005456263E+00  8.5018333661E+00
| Next sampling location (x_next, i_next):
  3.2348577052E+01 -3.5045176563E+00  0.0000000000E+00

Iteration time [s]:   25.709        Total time [s]:  157.848

--------------------------------------------------------------------------------
                                 BO ITERATION 7                                 
--------------------------------------------------------------------------------
| Evaluating objective function at 3.235E+01 -3.505E+00 0.000E+00
| Objective function evaluated, time [s]       23.466
| Data point added to dataset (x i y): 
  3.2348577052E+01 -3.5045176563E+00  0.0000000000E+00      -2.0299939413E+05

| Total ensemble size: 39
| Best acquisition, x_best i_best y_best:
  2.0805705985E+02 -2.0781762451E+00  0.0000000000E+00      -2.0301048206E+05
| Global minimum prediction, x_hat mu_hat +- nu_hat:
  2.3360268601E+02 -2.2873421481E+00  0.0000000000E+00      -2.0301062770E+05  4.7159853566E+00
| Global minimum convergence, d_xhat d_muhat:
  2.2233372073E+01  6.5390553021E-03

| GP model hyperparameters (lengthscales W kappa):
  4.3313136878E-01  4.0211706973E-01  5.7954494803E+00  5.7924925140E+00  1.1351916125E+01  9.7129331091E+00
| Next sampling location (x_next, i_next):
  2.6601838263E+02  1.2801946878E+01  0.0000000000E+00

Iteration time [s]:   25.062        Total time [s]:  182.913

--------------------------------------------------------------------------------
                                 BO ITERATION 8                                 
--------------------------------------------------------------------------------
| Evaluating objective function at 2.660E+02 1.280E+01 0.000E+00
| Objective function evaluated, time [s]       23.448
| Data point added to dataset (x i y): 
  2.6601838263E+02  1.2801946878E+01  0.0000000000E+00      -2.0300856555E+05

| Total ensemble size: 40
| Best acquisition, x_best i_best y_best:
  2.0805705985E+02 -2.0781762451E+00  0.0000000000E+00      -2.0301048206E+05
| Global minimum prediction, x_hat mu_hat +- nu_hat:
  2.3605671273E+02 -2.3897231467E+00  0.0000000000E+00      -2.0301067579E+05  2.1966281813E+00
| Global minimum convergence, d_xhat d_muhat:
  2.4561614338E+00  2.3160795946E-03

| GP model hyperparameters (lengthscales W kappa):
  4.4654747440E-01  4.1233952397E-01  5.7942243382E+00  5.9436157848E+00  1.1901711858E+01  1.0254994461E+01
| Next sampling location (x_next, i_next):
  2.8587874298E+02  1.7925937644E+02  0.0000000000E+00

Iteration time [s]:   24.987        Total time [s]:  207.904

--------------------------------------------------------------------------------
                                 BO ITERATION 9                                 
--------------------------------------------------------------------------------
| Evaluating objective function at 2.859E+02 1.793E+02 0.000E+00
| Objective function evaluated, time [s]       23.223
| Data point added to dataset (x i y): 
  2.8587874298E+02  1.7925937644E+02  0.0000000000E+00      -2.0300827813E+05

| Total ensemble size: 41
| Best acquisition, x_best i_best y_best:
  2.0805705985E+02 -2.0781762451E+00  0.0000000000E+00      -2.0301048206E+05
| Global minimum prediction, x_hat mu_hat +- nu_hat:
  2.3587140791E+02 -2.3810041396E+00  0.0000000000E+00      -2.0301065742E+05  1.9600298329E+00
| Global minimum convergence, d_xhat d_muhat:
  1.8550983411E-01  8.7300755857E-04

| GP model hyperparameters (lengthscales W kappa):
  4.6069122390E-01  4.2272603961E-01  5.8793340793E+00  6.1856692477E+00  1.1874989368E+01  1.0250629965E+01
| Next sampling location (x_next, i_next):
  3.9157994005E+01  1.4150329900E+02  0.0000000000E+00

Iteration time [s]:   24.908        Total time [s]:  232.815

--------------------------------------------------------------------------------
                                BO ITERATION 10                                 
--------------------------------------------------------------------------------
| Evaluating objective function at 3.916E+01 1.415E+02 0.000E+00
| Objective function evaluated, time [s]       24.237
| Data point added to dataset (x i y): 
  3.9157994005E+01  1.4150329900E+02  0.0000000000E+00      -2.0300200662E+05

| Total ensemble size: 42
| Best acquisition, x_best i_best y_best:
  2.0805705985E+02 -2.0781762451E+00  0.0000000000E+00      -2.0301048206E+05
| Global minimum prediction, x_hat mu_hat +- nu_hat:
  2.4282207443E+02 -1.9424358209E+00  0.0000000000E+00      -2.0301056699E+05  1.8537513620E+00
| Global minimum convergence, d_xhat d_muhat:
  6.9644890184E+00  4.3574831232E-03

| GP model hyperparameters (lengthscales W kappa):
  4.8115177276E-01  4.7971892917E-01  7.3018173720E+00  7.1453453948E+00  1.0480241193E+01  8.7822507282E+00
| Next sampling location (x_next, i_next):
  1.8804982991E+02  1.5120630827E+02  0.0000000000E+00

Iteration time [s]:   25.806        Total time [s]:  258.625

--------------------------------------------------------------------------------
                                BO ITERATION 11                                 
--------------------------------------------------------------------------------
| Evaluating objective function at 1.880E+02 1.512E+02 0.000E+00
| Objective function evaluated, time [s]       22.113
| Data point added to dataset (x i y): 
  1.8804982991E+02  1.5120630827E+02  0.0000000000E+00      -2.0300364812E+05

| Total ensemble size: 43
| Best acquisition, x_best i_best y_best:
  2.0805705985E+02 -2.0781762451E+00  0.0000000000E+00      -2.0301048206E+05
| Global minimum prediction, x_hat mu_hat +- nu_hat:
  2.0398749171E+02  2.7119864911E+00  0.0000000000E+00      -2.0301061331E+05  1.4524243565E-01
| Global minimum convergence, d_xhat d_muhat:
  3.9112510303E+01  2.2448985636E-03

| GP model hyperparameters (lengthscales W kappa):
  5.0430978803E-01  5.0586242111E-01  8.0217023149E+00  7.8826953675E+00  1.5233083279E+01  4.5270063989E+00
| Next sampling location (x_next, i_next):
  1.6706640180E+02  8.6312339313E+00  0.0000000000E+00

Iteration time [s]:   23.733        Total time [s]:  282.363

--------------------------------------------------------------------------------
                                BO ITERATION 12                                 
--------------------------------------------------------------------------------
| Evaluating objective function at 1.671E+02 8.631E+00 0.000E+00
| Objective function evaluated, time [s]       23.504
| Data point added to dataset (x i y): 
  1.6706640180E+02  8.6312339313E+00  0.0000000000E+00      -2.0300375118E+05

| Total ensemble size: 44
| Best acquisition, x_best i_best y_best:
  2.0805705985E+02 -2.0781762451E+00  0.0000000000E+00      -2.0301048206E+05
| Global minimum prediction, x_hat mu_hat +- nu_hat:
  2.3334136653E+02 -3.1198178920E-01  0.0000000000E+00      -2.0301143473E+05  8.7857410483E-01
| Global minimum convergence, d_xhat d_muhat:
  2.9509224852E+01  3.9995861081E-02

| GP model hyperparameters (lengthscales W kappa):
  5.3110225544E-01  4.7792872698E-01  7.4809776881E+00  7.6405312002E+00  1.7212179672E+01  6.5035727039E+00
| Next sampling location (x_next, i_next):
 -3.0564138127E+01  2.2829398193E+02  0.0000000000E+00

Iteration time [s]:   25.121        Total time [s]:  307.487

--------------------------------------------------------------------------------
                                BO ITERATION 13                                 
--------------------------------------------------------------------------------
| Evaluating objective function at -3.056E+01 2.283E+02 0.000E+00
| Objective function evaluated, time [s]       23.398
| Data point added to dataset (x i y): 
 -3.0564138127E+01  2.2829398193E+02  0.0000000000E+00      -2.0299854653E+05

| Total ensemble size: 45
| Best acquisition, x_best i_best y_best:
  2.0805705985E+02 -2.0781762451E+00  0.0000000000E+00      -2.0301048206E+05
| Global minimum prediction, x_hat mu_hat +- nu_hat:
  2.3438192911E+02 -3.7771261424E-01  0.0000000000E+00      -2.0301136788E+05  8.2902354952E-01
| Global minimum convergence, d_xhat d_muhat:
  1.0426365707E+00  3.3242091329E-03

| GP model hyperparameters (lengthscales W kappa):
  5.5614097001E-01  4.9950882922E-01  8.2904955670E+00  8.2910102478E+00  1.9387879273E+01  4.6102458531E+00
| Next sampling location (x_next, i_next):
  2.5818268589E+02 -1.9772164529E+01  0.0000000000E+00

Iteration time [s]:   25.068        Total time [s]:  332.558

--------------------------------------------------------------------------------
                                BO ITERATION 14                                 
--------------------------------------------------------------------------------
| Evaluating objective function at 2.582E+02 -1.977E+01 0.000E+00
| Objective function evaluated, time [s]       23.508
| Data point added to dataset (x i y): 
  2.5818268589E+02 -1.9772164529E+01  0.0000000000E+00      -2.0300988851E+05

| Total ensemble size: 46
| Best acquisition, x_best i_best y_best:
  2.0805705985E+02 -2.0781762451E+00  0.0000000000E+00      -2.0301048206E+05
| Global minimum prediction, x_hat mu_hat +- nu_hat:
  2.3922864861E+02 -1.9208741489E+00  0.0000000000E+00      -2.0301147978E+05  4.6689738541E-01
| Global minimum convergence, d_xhat d_muhat:
  5.0864562776E+00  5.4738716956E-03

| GP model hyperparameters (lengthscales W kappa):
  5.7360494417E-01  5.2369888441E-01  8.8705533690E+00  8.7452927565E+00  1.9683973018E+01  4.8803119887E+00
| Next sampling location (x_next, i_next):
  1.5928316525E+02  2.0387942567E+02  0.0000000000E+00

Iteration time [s]:   25.352        Total time [s]:  357.914

--------------------------------------------------------------------------------
                                BO ITERATION 15                                 
--------------------------------------------------------------------------------
| Evaluating objective function at 1.593E+02 2.039E+02 0.000E+00
| Objective function evaluated, time [s]       22.624
| Data point added to dataset (x i y): 
  1.5928316525E+02  2.0387942567E+02  0.0000000000E+00      -2.0300504371E+05

| Total ensemble size: 47
| Best acquisition, x_best i_best y_best:
  2.0805705985E+02 -2.0781762451E+00  0.0000000000E+00      -2.0301048206E+05
| Global minimum prediction, x_hat mu_hat +- nu_hat:
  2.3867711254E+02 -1.9736878817E+00  0.0000000000E+00      -2.0301148568E+05  4.2341452431E-01
| Global minimum convergence, d_xhat d_muhat:
  5.5405895981E-01  2.8876842662E-04

| GP model hyperparameters (lengthscales W kappa):
  5.8212520966E-01  5.1163992492E-01  8.5259846123E+00  8.7102959347E+00  1.9059887810E+01  5.0290438878E+00
| Next sampling location (x_next, i_next):
 -4.8590581394E+01  1.4953564846E+02  0.0000000000E+00

Iteration time [s]:   24.600        Total time [s]:  382.518

--------------------------------------------------------------------------------
                                BO ITERATION 16                                 
--------------------------------------------------------------------------------
| Evaluating objective function at -4.859E+01 1.495E+02 0.000E+00
| Objective function evaluated, time [s]       23.770
| Data point added to dataset (x i y): 
 -4.8590581394E+01  1.4953564846E+02  0.0000000000E+00      -2.0300409082E+05

| Total ensemble size: 48
| Best acquisition, x_best i_best y_best:
  2.0805705985E+02 -2.0781762451E+00  0.0000000000E+00      -2.0301048206E+05
| Global minimum prediction, x_hat mu_hat +- nu_hat:
  2.4019356714E+02 -1.9084115836E+00  0.0000000000E+00      -2.0301145234E+05  3.8400973509E-01
| Global minimum convergence, d_xhat d_muhat:
  1.5178588758E+00  1.6340846416E-03

| GP model hyperparameters (lengthscales W kappa):
  6.0129555673E-01  5.3070945048E-01  9.2502731842E+00  9.2502884982E+00  2.0308892507E+01  3.1603955563E+00
| Next sampling location (x_next, i_next):
  2.3654804216E+02  3.0845670514E+00  0.0000000000E+00

Iteration time [s]:   25.912        Total time [s]:  408.434

--------------------------------------------------------------------------------
                                BO ITERATION 17                                 
--------------------------------------------------------------------------------
| Evaluating objective function at 2.365E+02 3.085E+00 0.000E+00
| Objective function evaluated, time [s]       23.829
| Data point added to dataset (x i y): 
  2.3654804216E+02  3.0845670514E+00  0.0000000000E+00      -2.0301233223E+05

| Total ensemble size: 49
| Best acquisition, x_best i_best y_best:
  2.3654804216E+02  3.0845670514E+00  0.0000000000E+00      -2.0301233223E+05
| Global minimum prediction, x_hat mu_hat +- nu_hat:
  2.3723445208E+02  3.6673832752E-01  0.0000000000E+00      -2.0301238098E+05  6.3796300040E-03
| Global minimum convergence, d_xhat d_muhat:
  3.7326490728E+00  4.4647801784E-02

| GP model hyperparameters (lengthscales W kappa):
  5.8467603959E-01  5.1532647695E-01  8.7803508469E+00  8.8141065727E+00  2.1448263611E+01  4.2478813432E+00
| Next sampling location (x_next, i_next):
  1.0033766404E+02  1.9393689464E+02  0.0000000000E+00

Iteration time [s]:   25.956        Total time [s]:  434.394

--------------------------------------------------------------------------------
                                BO ITERATION 18                                 
--------------------------------------------------------------------------------
| Evaluating objective function at 1.003E+02 1.939E+02 0.000E+00
| Objective function evaluated, time [s]       24.057
| Data point added to dataset (x i y): 
  1.0033766404E+02  1.9393689464E+02  0.0000000000E+00      -2.0300723152E+05

| Total ensemble size: 50
| Best acquisition, x_best i_best y_best:
  2.3654804216E+02  3.0845670514E+00  0.0000000000E+00      -2.0301233223E+05
| Global minimum prediction, x_hat mu_hat +- nu_hat:
  2.3732872353E+02  4.6205678639E-01  0.0000000000E+00      -2.0301237750E+05  5.5609389053E-03
| Global minimum convergence, d_xhat d_muhat:
  1.3406235911E-01  1.6641815972E-04

| GP model hyperparameters (lengthscales W kappa):
  5.9796221324E-01  5.2572397475E-01  9.1378195052E+00  9.1004060869E+00  2.1217649467E+01  4.0242314004E+00
| Next sampling location (x_next, i_next):
  2.3739151690E+02 -5.9438950028E+00  0.0000000000E+00

Iteration time [s]:   26.409        Total time [s]:  460.807

--------------------------------------------------------------------------------
                                BO ITERATION 19                                 
--------------------------------------------------------------------------------
| Evaluating objective function at 2.374E+02 -5.944E+00 0.000E+00
| Objective function evaluated, time [s]       23.867
| Data point added to dataset (x i y): 
  2.3739151690E+02 -5.9438950028E+00  0.0000000000E+00      -2.0301196592E+05

| Total ensemble size: 51
| Best acquisition, x_best i_best y_best:
  2.3654804216E+02  3.0845670514E+00  0.0000000000E+00      -2.0301233223E+05
| Global minimum prediction, x_hat mu_hat +- nu_hat:
  2.3676333766E+02  1.5031407840E+00  0.0000000000E+00      -2.0301234942E+05  1.6976560584E-04
| Global minimum convergence, d_xhat d_muhat:
  1.1847012590E+00  1.3235654834E-03

| GP model hyperparameters (lengthscales W kappa):
  6.1087865544E-01  5.6263148547E-01  1.0222473400E+01  9.7117446900E+00  2.1822815075E+01  3.8137333665E+00
| Next sampling location (x_next, i_next):
  2.5172328068E+02 -2.6201086049E+00  0.0000000000E+00

Iteration time [s]:   26.001        Total time [s]:  486.811

--------------------------------------------------------------------------------
                                BO ITERATION 20                                 
--------------------------------------------------------------------------------
| Evaluating objective function at 2.517E+02 -2.620E+00 0.000E+00
| Objective function evaluated, time [s]       23.627
| Data point added to dataset (x i y): 
  2.5172328068E+02 -2.6201086049E+00  0.0000000000E+00      -2.0301218128E+05

| Total ensemble size: 52
| Best acquisition, x_best i_best y_best:
  2.3654804216E+02  3.0845670514E+00  0.0000000000E+00      -2.0301233223E+05
| Global minimum prediction, x_hat mu_hat +- nu_hat:
  2.4034856414E+02  3.4749561494E-01  0.0000000000E+00      -2.0301238388E+05  1.6195025080E-04
| Global minimum convergence, d_xhat d_muhat:
  3.7668773123E+00  1.6018691639E-03

| GP model hyperparameters (lengthscales W kappa):
  6.3308412358E-01  5.7054158736E-01  1.1035917240E+01  1.0220095150E+01  2.7613318091E+01  2.6652720756E-04
| Next sampling location (x_next, i_next):
  8.2918339845E+01  1.6539442016E+02  0.0000000000E+00

Iteration time [s]:   25.975        Total time [s]:  512.790

--------------------------------------------------------------------------------
                                BO ITERATION 21                                 
--------------------------------------------------------------------------------
| Evaluating objective function at 8.292E+01 1.654E+02 0.000E+00
| Objective function evaluated, time [s]       23.852
| Data point added to dataset (x i y): 
  8.2918339845E+01  1.6539442016E+02  0.0000000000E+00      -2.0300815126E+05

| Total ensemble size: 53
| Best acquisition, x_best i_best y_best:
  2.3654804216E+02  3.0845670514E+00  0.0000000000E+00      -2.0301233223E+05
| Global minimum prediction, x_hat mu_hat +- nu_hat:
  2.4033852127E+02  3.4843629119E-01  0.0000000000E+00      -2.0301238370E+05  1.4986792556E-04
| Global minimum convergence, d_xhat d_muhat:
  1.0086832396E-02  8.4069686806E-06

| GP model hyperparameters (lengthscales W kappa):
  6.4096615741E-01  5.7870029307E-01  1.1275139140E+01  1.0425226574E+01  2.6834321618E+01  1.8737191172E-04
| Next sampling location (x_next, i_next):
  2.4284677375E+02  7.8054888091E-01  0.0000000000E+00

Iteration time [s]:   26.167        Total time [s]:  538.961

--------------------------------------------------------------------------------
                                BO ITERATION 22                                 
--------------------------------------------------------------------------------
| Evaluating objective function at 2.428E+02 7.805E-01 0.000E+00
| Objective function evaluated, time [s]       24.157
| Data point added to dataset (x i y): 
  2.4284677375E+02  7.8054888091E-01  0.0000000000E+00      -2.0301233207E+05

| Total ensemble size: 54
| Best acquisition, x_best i_best y_best:
  2.3654804216E+02  3.0845670514E+00  0.0000000000E+00      -2.0301233223E+05
| Global minimum prediction, x_hat mu_hat +- nu_hat:
  2.3786493577E+02  6.9570986021E-01  0.0000000000E+00      -2.0301237263E+05  3.8124986082E-05
| Global minimum convergence, d_xhat d_muhat:
  2.4978439026E+00  5.0590368476E-04

| GP model hyperparameters (lengthscales W kappa):
  6.5622298160E-01  5.5886582220E-01  1.0702223223E+01  1.0456721716E+01  3.0336247552E+01  1.8750105701E-04
| Next sampling location (x_next, i_next):
 -4.7719683664E+01  1.8761329212E+02  0.0000000000E+00

Iteration time [s]:   26.443        Total time [s]:  565.408

--------------------------------------------------------------------------------
                                BO ITERATION 23                                 
--------------------------------------------------------------------------------
| Evaluating objective function at -4.772E+01 1.876E+02 0.000E+00
| Objective function evaluated, time [s]       23.814
| Data point added to dataset (x i y): 
 -4.7719683664E+01  1.8761329212E+02  0.0000000000E+00      -2.0300817625E+05

| Total ensemble size: 55
| Best acquisition, x_best i_best y_best:
  2.3654804216E+02  3.0845670514E+00  0.0000000000E+00      -2.0301233223E+05
| Global minimum prediction, x_hat mu_hat +- nu_hat:
  2.3785947832E+02  7.0536770650E-01  0.0000000000E+00      -2.0301237213E+05  4.0565840782E-05
| Global minimum convergence, d_xhat d_muhat:
  1.1093137892E-02  2.3032868275E-05

| GP model hyperparameters (lengthscales W kappa):
  6.6269079561E-01  5.3439973601E-01  9.7013826992E+00  1.0270357669E+01  3.1805650324E+01  1.8755578965E-04
| Next sampling location (x_next, i_next):
  2.3617228124E+02  6.6339585325E-01  0.0000000000E+00

Iteration time [s]:   26.062        Total time [s]:  591.474

--------------------------------------------------------------------------------
                                BO ITERATION 24                                 
--------------------------------------------------------------------------------
| Evaluating objective function at 2.362E+02 6.634E-01 0.000E+00
| Objective function evaluated, time [s]       23.900
| Data point added to dataset (x i y): 
  2.3617228124E+02  6.6339585325E-01  0.0000000000E+00      -2.0301237084E+05

| Total ensemble size: 56
| Best acquisition, x_best i_best y_best:
  2.3617228124E+02  6.6339585325E-01  0.0000000000E+00      -2.0301237084E+05
| Global minimum prediction, x_hat mu_hat +- nu_hat:
  2.3770853928E+02  6.9024676218E-01  0.0000000000E+00      -2.0301237472E+05  3.3505609123E-07
| Global minimum convergence, d_xhat d_muhat:
  1.5169455069E-01  1.1683178865E-04

| GP model hyperparameters (lengthscales W kappa):
  6.6607816397E-01  5.4903430492E-01  1.0291004696E+01  1.0130261843E+01  2.5221639326E+01  7.6386419822E+00
| Next sampling location (x_next, i_next):
  2.5432658146E+01  1.8924430541E+02  0.0000000000E+00

Iteration time [s]:   26.269        Total time [s]:  617.747

--------------------------------------------------------------------------------
                                BO ITERATION 25                                 
--------------------------------------------------------------------------------
| Evaluating objective function at 2.543E+01 1.892E+02 0.000E+00
| Objective function evaluated, time [s]       23.949
| Acquisition location too confident, doing pure exploration
| Data point added to dataset (x i y): 
  2.5432658146E+01  1.8924430541E+02  0.0000000000E+00      -2.0300822893E+05

| Total ensemble size: 57
| Best acquisition, x_best i_best y_best:
  2.3617228124E+02  6.6339585325E-01  0.0000000000E+00      -2.0301237084E+05
| Global minimum prediction, x_hat mu_hat +- nu_hat:
  2.3769912010E+02  6.9250915526E-01  0.0000000000E+00      -2.0301237468E+05  2.9511796198E-07
| Global minimum convergence, d_xhat d_muhat:
  9.6870767157E-03  1.8621332977E-06

| GP model hyperparameters (lengthscales W kappa):
  6.8345174995E-01  5.4398133381E-01  1.0046239644E+01  1.0281388742E+01  2.5837457393E+01  8.3020609351E+00
| Next sampling location (x_next, i_next):
  8.7400518567E+01  2.8603774878E+02  0.0000000000E+00

Iteration time [s]:   26.450        Total time [s]:  644.201

--------------------------------------------------------------------------------
                                BO ITERATION 26                                 
--------------------------------------------------------------------------------
| Evaluating objective function at 8.740E+01 2.860E+02 0.000E+00
| Objective function evaluated, time [s]       23.616
| Acquisition location too confident, doing pure exploration
| Data point added to dataset (x i y): 
  8.7400518567E+01  2.8603774878E+02  0.0000000000E+00      -2.0299155329E+05

| Total ensemble size: 58
| Best acquisition, x_best i_best y_best:
  2.3617228124E+02  6.6339585325E-01  0.0000000000E+00      -2.0301237084E+05
| Global minimum prediction, x_hat mu_hat +- nu_hat:
  2.3769675307E+02  6.9520871067E-01  0.0000000000E+00      -2.0301237469E+05  3.1526353963E-07
| Global minimum convergence, d_xhat d_muhat:
  3.5903276506E-03  5.4861587265E-07

| GP model hyperparameters (lengthscales W kappa):
  6.6451984088E-01  5.1996459662E-01  9.6012567554E+00  9.2546196527E+00  1.4031302250E+01  1.6839628960E+01
| Next sampling location (x_next, i_next):
  9.1222889178E+01  6.9970572544E+01  0.0000000000E+00

Iteration time [s]:   26.429        Total time [s]:  670.634

--------------------------------------------------------------------------------
                                BO ITERATION 27                                 
--------------------------------------------------------------------------------
| Evaluating objective function at 9.122E+01 6.997E+01 0.000E+00
| Objective function evaluated, time [s]       23.542
| Acquisition location too confident, doing pure exploration
| Data point added to dataset (x i y): 
  9.1222889178E+01  6.9970572544E+01  0.0000000000E+00      -2.0298918844E+05

| Total ensemble size: 59
| Best acquisition, x_best i_best y_best:
  2.3617228124E+02  6.6339585325E-01  0.0000000000E+00      -2.0301237084E+05
| Global minimum prediction, x_hat mu_hat +- nu_hat:
  2.3770160103E+02  6.9424172131E-01  0.0000000000E+00      -2.0301237472E+05  3.1701831018E-07
| Global minimum convergence, d_xhat d_muhat:
  4.9434657976E-03  9.1906757382E-07

| GP model hyperparameters (lengthscales W kappa):
  6.5602041585E-01  5.1890919408E-01  9.4279547566E+00  9.2002204208E+00  1.3280198513E+01  1.4168592072E+01
| Next sampling location (x_next, i_next):
 -1.7210664806E-01  6.7184579126E+01  0.0000000000E+00

Iteration time [s]:   26.342        Total time [s]:  696.980

--------------------------------------------------------------------------------
                                BO ITERATION 28                                 
--------------------------------------------------------------------------------
| Evaluating objective function at -1.721E-01 6.718E+01 0.000E+00
| Objective function evaluated, time [s]       23.485
| Data point added to dataset (x i y): 
 -1.7210664806E-01  6.7184579126E+01  0.0000000000E+00      -2.0299046837E+05

| Total ensemble size: 60
| Best acquisition, x_best i_best y_best:
  2.3617228124E+02  6.6339585325E-01  0.0000000000E+00      -2.0301237084E+05
| Global minimum prediction, x_hat mu_hat +- nu_hat:
  2.3773234145E+02  6.8414325946E-01  0.0000000000E+00      -2.0301237482E+05  3.2507660377E-07
| Global minimum convergence, d_xhat d_muhat:
  3.2356635953E-02  3.9504670573E-06

| GP model hyperparameters (lengthscales W kappa):
  6.4501038367E-01  4.9772182727E-01  8.8252494852E+00  8.8560000002E+00  1.1615056615E+01  1.2621698370E+01
| Next sampling location (x_next, i_next):
  4.6630057550E+01  1.7446582360E+02  0.0000000000E+00

Iteration time [s]:   26.134        Total time [s]:  723.118

--------------------------------------------------------------------------------
                                BO ITERATION 29                                 
--------------------------------------------------------------------------------
| Evaluating objective function at 4.663E+01 1.745E+02 0.000E+00
| Objective function evaluated, time [s]       23.603
| Data point added to dataset (x i y): 
  4.6630057550E+01  1.7446582360E+02  0.0000000000E+00      -2.0300927930E+05

| Total ensemble size: 61
| Best acquisition, x_best i_best y_best:
  2.3617228124E+02  6.6339585325E-01  0.0000000000E+00      -2.0301237084E+05
| Global minimum prediction, x_hat mu_hat +- nu_hat:
  2.3772394699E+02  6.8635844643E-01  0.0000000000E+00      -2.0301237478E+05  2.8763088791E-07
| Global minimum convergence, d_xhat d_muhat:
  8.6818159042E-03  1.7171258573E-06

| GP model hyperparameters (lengthscales W kappa):
  6.6410817328E-01  4.9468988573E-01  8.7767182027E+00  9.0259351333E+00  1.2164965088E+01  1.3536683633E+01
| Next sampling location (x_next, i_next):
  1.7707852884E+02  1.7903753215E+02  0.0000000000E+00

Iteration time [s]:   26.301        Total time [s]:  749.425

--------------------------------------------------------------------------------
                                BO ITERATION 30                                 
--------------------------------------------------------------------------------
| Evaluating objective function at 1.771E+02 1.790E+02 0.000E+00
| Objective function evaluated, time [s]       23.963
| Data point added to dataset (x i y): 
  1.7707852884E+02  1.7903753215E+02  0.0000000000E+00      -2.0300799178E+05

| Total ensemble size: 62
| Best acquisition, x_best i_best y_best:
  2.3617228124E+02  6.6339585325E-01  0.0000000000E+00      -2.0301237084E+05
| Global minimum prediction, x_hat mu_hat +- nu_hat:
  2.3772083360E+02  6.8709668758E-01  0.0000000000E+00      -2.0301237477E+05  2.6563613700E-07
| Global minimum convergence, d_xhat d_muhat:
  3.1997164584E-03  2.9983670177E-07

| GP model hyperparameters (lengthscales W kappa):
  6.7338341481E-01  4.9900103992E-01  8.8094563960E+00  9.2038078547E+00  1.2453754565E+01  1.3873099116E+01
| Next sampling location (x_next, i_next):
  2.7332124355E+02  1.9652271969E+02  0.0000000000E+00

Iteration time [s]:   26.664        Total time [s]:  776.092

--------------------------------------------------------------------------------
                                BO ITERATION 31                                 
--------------------------------------------------------------------------------
| Evaluating objective function at 2.733E+02 1.965E+02 0.000E+00
| Objective function evaluated, time [s]       22.905
| Data point added to dataset (x i y): 
  2.7332124355E+02  1.9652271969E+02  0.0000000000E+00      -2.0300619480E+05

| Total ensemble size: 63
| Best acquisition, x_best i_best y_best:
  2.3617228124E+02  6.6339585325E-01  0.0000000000E+00      -2.0301237084E+05
| Global minimum prediction, x_hat mu_hat +- nu_hat:
  2.3771539965E+02  6.8845228360E-01  0.0000000000E+00      -2.0301237474E+05  2.4619276031E-07
| Global minimum convergence, d_xhat d_muhat:
  5.6004902411E-03  9.3398837891E-07

| GP model hyperparameters (lengthscales W kappa):
  6.8153769097E-01  5.0146994250E-01  8.7395069809E+00  9.3219006504E+00  1.3035489895E+01  1.4491858377E+01
| Next sampling location (x_next, i_next):
  6.5831701136E+01  1.7853304222E+02  0.0000000000E+00

Iteration time [s]:   25.291        Total time [s]:  801.387

--------------------------------------------------------------------------------
                                BO ITERATION 32                                 
--------------------------------------------------------------------------------
| Evaluating objective function at 6.583E+01 1.785E+02 0.000E+00
| Objective function evaluated, time [s]       23.305
| Acquisition location too confident, doing pure exploration
| Data point added to dataset (x i y): 
  6.5831701136E+01  1.7853304222E+02  0.0000000000E+00      -2.0300961700E+05

| Total ensemble size: 64
| Best acquisition, x_best i_best y_best:
  2.3617228124E+02  6.6339585325E-01  0.0000000000E+00      -2.0301237084E+05
| Global minimum prediction, x_hat mu_hat +- nu_hat:
  2.3771076295E+02  6.9083411195E-01  0.0000000000E+00      -2.0301237473E+05  2.2746340802E-07
| Global minimum convergence, d_xhat d_muhat:
  5.2126879383E-03  5.1032393933E-07

| GP model hyperparameters (lengthscales W kappa):
  6.9100510821E-01  5.0627150092E-01  8.7834435528E+00  9.5464924227E+00  1.3479827038E+01  1.5012669923E+01
| Next sampling location (x_next, i_next):
  2.5104938402E+02  9.2801958612E+01  0.0000000000E+00

Iteration time [s]:   26.162        Total time [s]:  827.553

--------------------------------------------------------------------------------
                                BO ITERATION 33                                 
--------------------------------------------------------------------------------
| Evaluating objective function at 2.510E+02 9.280E+01 0.000E+00
| Objective function evaluated, time [s]       22.172
| Acquisition location too confident, doing pure exploration
| Data point added to dataset (x i y): 
  2.5104938402E+02  9.2801958612E+01  0.0000000000E+00      -2.0298846847E+05

| Total ensemble size: 65
| Best acquisition, x_best i_best y_best:
  2.3617228124E+02  6.6339585325E-01  0.0000000000E+00      -2.0301237084E+05
| Global minimum prediction, x_hat mu_hat +- nu_hat:
  2.3769719797E+02  6.9482361058E-01  0.0000000000E+00      -2.0301237469E+05  2.1720820156E-07
| Global minimum convergence, d_xhat d_muhat:
  1.4139471499E-02  1.4846891364E-06

| GP model hyperparameters (lengthscales W kappa):
  6.7968824498E-01  5.1959490943E-01  9.5090729551E+00  9.0515645475E+00  2.9937370099E+00  2.3970572227E+01
| Next sampling location (x_next, i_next):
  1.1877272012E+01  2.7946750683E+02  0.0000000000E+00

Iteration time [s]:   25.202        Total time [s]:  852.759

--------------------------------------------------------------------------------
                                BO ITERATION 34                                 
--------------------------------------------------------------------------------
| Evaluating objective function at 1.188E+01 2.795E+02 0.000E+00
| Objective function evaluated, time [s]       23.983
| Acquisition location too confident, doing pure exploration
| Data point added to dataset (x i y): 
  1.1877272012E+01  2.7946750683E+02  0.0000000000E+00      -2.0298900828E+05

| Total ensemble size: 66
| Best acquisition, x_best i_best y_best:
  2.3617228124E+02  6.6339585325E-01  0.0000000000E+00      -2.0301237084E+05
| Global minimum prediction, x_hat mu_hat +- nu_hat:
  2.3768854790E+02  6.9727612595E-01  0.0000000000E+00      -2.0301237466E+05  2.0308333672E-07
| Global minimum convergence, d_xhat d_muhat:
  8.9910288602E-03  1.1857092476E-06

| GP model hyperparameters (lengthscales W kappa):
  6.8305666096E-01  5.1329594763E-01  9.2168319890E+00  8.9441914458E+00  2.9851624726E+00  2.3966187650E+01
| Next sampling location (x_next, i_next):
  1.4921396374E+02  9.5093198198E+01  0.0000000000E+00

Iteration time [s]:   26.922        Total time [s]:  879.685

--------------------------------------------------------------------------------
                                BO ITERATION 35                                 
--------------------------------------------------------------------------------
| Evaluating objective function at 1.492E+02 9.509E+01 0.000E+00
| Objective function evaluated, time [s]       23.414
| Acquisition location too confident, doing pure exploration
| Data point added to dataset (x i y): 
  1.4921396374E+02  9.5093198198E+01  0.0000000000E+00      -2.0299141308E+05

| Total ensemble size: 67
| Best acquisition, x_best i_best y_best:
  2.3617228124E+02  6.6339585325E-01  0.0000000000E+00      -2.0301237084E+05
| Global minimum prediction, x_hat mu_hat +- nu_hat:
  2.3770983060E+02  6.8862286215E-01  0.0000000000E+00      -2.0301237470E+05  1.9806855347E-07
| Global minimum convergence, d_xhat d_muhat:
  2.2974603327E-02  1.4816846833E-06

| GP model hyperparameters (lengthscales W kappa):
  6.8512558774E-01  5.1370186633E-01  9.0235307538E+00  8.9583259280E+00  3.9835656372E+00  2.3621691072E+01
| Next sampling location (x_next, i_next):
  1.6197995409E+02  2.7443372619E+02  0.0000000000E+00

Iteration time [s]:   26.654        Total time [s]:  906.343

--------------------------------------------------------------------------------
                                BO ITERATION 36                                 
--------------------------------------------------------------------------------
| Evaluating objective function at 1.620E+02 2.744E+02 0.000E+00
| Objective function evaluated, time [s]       23.394
| Acquisition location too confident, doing pure exploration
| Data point added to dataset (x i y): 
  1.6197995409E+02  2.7443372619E+02  0.0000000000E+00      -2.0298839658E+05

| Total ensemble size: 68
| Best acquisition, x_best i_best y_best:
  2.3617228124E+02  6.6339585325E-01  0.0000000000E+00      -2.0301237084E+05
| Global minimum prediction, x_hat mu_hat +- nu_hat:
  2.3771942723E+02  6.8335290194E-01  0.0000000000E+00      -2.0301237470E+05  2.0186083374E-07
| Global minimum convergence, d_xhat d_muhat:
  1.0948416740E-02  2.4655990312E-07

| GP model hyperparameters (lengthscales W kappa):
  6.7986138189E-01  5.1928054848E-01  9.0545209127E+00  9.0584064800E+00  3.9864554610E+00  2.2614428283E+01
| Next sampling location (x_next, i_next):
  9.8334212281E+01 -2.5580066945E+01  0.0000000000E+00

Iteration time [s]:   27.034        Total time [s]:  933.380

--------------------------------------------------------------------------------
                                BO ITERATION 37                                 
--------------------------------------------------------------------------------
| Evaluating objective function at 9.833E+01 -2.558E+01 0.000E+00
| Objective function evaluated, time [s]       23.564
| Acquisition location too confident, doing pure exploration
| Data point added to dataset (x i y): 
  9.8334212281E+01 -2.5580066945E+01  0.0000000000E+00      -2.0299798211E+05

| Total ensemble size: 69
| Best acquisition, x_best i_best y_best:
  2.3617228124E+02  6.6339585325E-01  0.0000000000E+00      -2.0301237084E+05
| Global minimum prediction, x_hat mu_hat +- nu_hat:
  2.3771834112E+02  6.8468472429E-01  0.0000000000E+00      -2.0301237474E+05  2.5401708639E-07
| Global minimum convergence, d_xhat d_muhat:
  1.7185459942E-03  1.3811728214E-06

| GP model hyperparameters (lengthscales W kappa):
  6.4173956583E-01  5.0832306832E-01  8.1472171410E+00  8.1674595707E+00  7.5223377022E+00  2.6525042651E+01
| Next sampling location (x_next, i_next):
  2.9852467028E+02  2.7433908680E+02  0.0000000000E+00

Iteration time [s]:   26.949        Total time [s]:  960.333

--------------------------------------------------------------------------------
                                BO ITERATION 38                                 
--------------------------------------------------------------------------------
| Evaluating objective function at 2.985E+02 2.743E+02 0.000E+00
| Objective function evaluated, time [s]       23.418
| Acquisition location too confident, doing pure exploration
| Data point added to dataset (x i y): 
  2.9852467028E+02  2.7433908680E+02  0.0000000000E+00      -2.0299216895E+05

| Total ensemble size: 70
| Best acquisition, x_best i_best y_best:
  2.3617228124E+02  6.6339585325E-01  0.0000000000E+00      -2.0301237084E+05
| Global minimum prediction, x_hat mu_hat +- nu_hat:
  2.3773478769E+02  6.7918155081E-01  0.0000000000E+00      -2.0301237479E+05  2.3202269075E-07
| Global minimum convergence, d_xhat d_muhat:
  1.7342862528E-02  1.8436925606E-06

| GP model hyperparameters (lengthscales W kappa):
  6.4614111021E-01  5.1025806389E-01  8.0625522271E+00  8.2330320974E+00  7.8159753295E+00  2.6860865599E+01
| Next sampling location (x_next, i_next):
  6.2798548393E+01  3.0681287333E+01  0.0000000000E+00

Iteration time [s]:   26.625        Total time [s]:  986.962

--------------------------------------------------------------------------------
                                BO ITERATION 39                                 
--------------------------------------------------------------------------------
| Evaluating objective function at 6.280E+01 3.068E+01 0.000E+00
| Objective function evaluated, time [s]       24.128
| Acquisition location too confident, doing pure exploration
| Data point added to dataset (x i y): 
  6.2798548393E+01  3.0681287333E+01  0.0000000000E+00      -2.0299874108E+05

| Total ensemble size: 71
| Best acquisition, x_best i_best y_best:
  2.3617228124E+02  6.6339585325E-01  0.0000000000E+00      -2.0301237084E+05
| Global minimum prediction, x_hat mu_hat +- nu_hat:
  2.3776512643E+02  6.7011944977E-01  0.0000000000E+00      -2.0301237492E+05  3.8762595080E-07
| Global minimum convergence, d_xhat d_muhat:
  3.1663238403E-02  5.3059925066E-06

| GP model hyperparameters (lengthscales W kappa):
  5.8471777649E-01  5.3297847434E-01  8.4529792755E+00  8.4524544019E+00  1.1264718244E+01  1.1849980212E+01
| Next sampling location (x_next, i_next):
  3.0298325720E+02  7.6499935700E+01  0.0000000000E+00

Iteration time [s]:   27.557        Total time [s]: 1014.523

--------------------------------------------------------------------------------
                                BO ITERATION 40                                 
--------------------------------------------------------------------------------
| Evaluating objective function at 3.030E+02 7.650E+01 0.000E+00
| Objective function evaluated, time [s]       23.425
| Acquisition location too confident, doing pure exploration
| Data point added to dataset (x i y): 
  3.0298325720E+02  7.6499935700E+01  0.0000000000E+00      -2.0298903622E+05

| Total ensemble size: 72
| Best acquisition, x_best i_best y_best:
  2.3617228124E+02  6.6339585325E-01  0.0000000000E+00      -2.0301237084E+05
| Global minimum prediction, x_hat mu_hat +- nu_hat:
  2.3777786518E+02  6.6566450378E-01  0.0000000000E+00      -2.0301237496E+05  3.7422917911E-07
| Global minimum convergence, d_xhat d_muhat:
  1.3495268113E-02  1.4353146503E-06

| GP model hyperparameters (lengthscales W kappa):
  5.8283972198E-01  5.3388161181E-01  8.4502183205E+00  8.4414323521E+00  1.0576004696E+01  1.1185644612E+01
| Next sampling location (x_next, i_next):
 -1.7785587064E+01  2.0472299612E+01  0.0000000000E+00

Iteration time [s]:   26.905        Total time [s]: 1041.432

--------------------------------------------------------------------------------
                                BO ITERATION 41                                 
--------------------------------------------------------------------------------
| Evaluating objective function at -1.779E+01 2.047E+01 0.000E+00
| Objective function evaluated, time [s]       23.470
| Acquisition location too confident, doing pure exploration
| Data point added to dataset (x i y): 
 -1.7785587064E+01  2.0472299612E+01  0.0000000000E+00      -2.0299105745E+05

| Total ensemble size: 73
| Best acquisition, x_best i_best y_best:
  2.3617228124E+02  6.6339585325E-01  0.0000000000E+00      -2.0301237084E+05
| Global minimum prediction, x_hat mu_hat +- nu_hat:
  2.3769887782E+02  6.9407980038E-01  0.0000000000E+00      -2.0301237472E+05  4.2537032199E-07
| Global minimum convergence, d_xhat d_muhat:
  8.3943029165E-02  9.6459417942E-06

| GP model hyperparameters (lengthscales W kappa):
  5.5978492350E-01  5.2078086587E-01  8.7801839145E+00  8.0157470247E+00  8.3757241531E+00  8.5614383544E+00
| Next sampling location (x_next, i_next):
  4.6018539287E+01  2.5268899261E+02  0.0000000000E+00

Iteration time [s]:   27.182        Total time [s]: 1068.618

--------------------------------------------------------------------------------
                                BO ITERATION 42                                 
--------------------------------------------------------------------------------
| Evaluating objective function at 4.602E+01 2.527E+02 0.000E+00
| Objective function evaluated, time [s]       23.563
| Acquisition location too confident, doing pure exploration
| Data point added to dataset (x i y): 
  4.6018539287E+01  2.5268899261E+02  0.0000000000E+00      -2.0299236402E+05

| Total ensemble size: 74
| Best acquisition, x_best i_best y_best:
  2.3617228124E+02  6.6339585325E-01  0.0000000000E+00      -2.0301237084E+05
| Global minimum prediction, x_hat mu_hat +- nu_hat:
  2.3769681107E+02  6.9396292293E-01  0.0000000000E+00      -2.0301237470E+05  4.2396400159E-07
| Global minimum convergence, d_xhat d_muhat:
  2.0700511185E-03  7.5783426620E-07

| GP model hyperparameters (lengthscales W kappa):
  5.5782383910E-01  5.2222306628E-01  8.2780154507E+00  8.4529383172E+00  1.6183183085E+01  7.2768492092E-01
| Next sampling location (x_next, i_next):
  5.1087140425E+01  3.1000000000E+02  0.0000000000E+00

Iteration time [s]:   27.338        Total time [s]: 1095.960

--------------------------------------------------------------------------------
                                BO ITERATION 43                                 
--------------------------------------------------------------------------------
| Evaluating objective function at 5.109E+01 3.100E+02 0.000E+00
| Objective function evaluated, time [s]       23.916
| Acquisition location too confident, doing pure exploration
| Data point added to dataset (x i y): 
  5.1087140425E+01  3.1000000000E+02  0.0000000000E+00      -2.0299444807E+05

| Total ensemble size: 75
| Best acquisition, x_best i_best y_best:
  2.3617228124E+02  6.6339585325E-01  0.0000000000E+00      -2.0301237084E+05
| Global minimum prediction, x_hat mu_hat +- nu_hat:
  2.3766237432E+02  7.0270600498E-01  0.0000000000E+00      -2.0301237454E+05  3.9173843005E-07
| Global minimum convergence, d_xhat d_muhat:
  3.5529303449E-02  6.2445081030E-06

| GP model hyperparameters (lengthscales W kappa):
  5.5843056616E-01  5.1157721457E-01  7.7875601462E+00  8.2175059509E+00  1.7270023617E+01  1.0555008264E+00
| Next sampling location (x_next, i_next):
  1.4867679056E+02 -4.2814480576E+01  0.0000000000E+00

Iteration time [s]:   27.526        Total time [s]: 1123.490

--------------------------------------------------------------------------------
                                BO ITERATION 44                                 
--------------------------------------------------------------------------------
| Evaluating objective function at 1.487E+02 -4.281E+01 0.000E+00
| Objective function evaluated, time [s]       24.339
| Acquisition location too confident, doing pure exploration
| Data point added to dataset (x i y): 
  1.4867679056E+02 -4.2814480576E+01  0.0000000000E+00      -2.0299172890E+05

| Total ensemble size: 76
| Best acquisition, x_best i_best y_best:
  2.3617228124E+02  6.6339585325E-01  0.0000000000E+00      -2.0301237084E+05
| Global minimum prediction, x_hat mu_hat +- nu_hat:
  2.3766677823E+02  7.0204032978E-01  0.0000000000E+00      -2.0301237457E+05  3.6489308810E-07
| Global minimum convergence, d_xhat d_muhat:
  4.4539417430E-03  1.1017245442E-06

| GP model hyperparameters (lengthscales W kappa):
  5.5870872249E-01  5.1099226955E-01  7.7368564593E+00  8.2082266495E+00  1.6722817646E+01  8.8237407778E-01
| Next sampling location (x_next, i_next):
  2.0270859834E+02  9.9178352006E+01  0.0000000000E+00

Iteration time [s]:   28.198        Total time [s]: 1151.692

--------------------------------------------------------------------------------
                                BO ITERATION 45                                 
--------------------------------------------------------------------------------
| Evaluating objective function at 2.027E+02 9.918E+01 0.000E+00
| Objective function evaluated, time [s]       23.305
| Data point added to dataset (x i y): 
  2.0270859834E+02  9.9178352006E+01  0.0000000000E+00      -2.0299076908E+05

| Total ensemble size: 77
| Best acquisition, x_best i_best y_best:
  2.3617228124E+02  6.6339585325E-01  0.0000000000E+00      -2.0301237084E+05
| Global minimum prediction, x_hat mu_hat +- nu_hat:
  2.3766415402E+02  7.0137558260E-01  0.0000000000E+00      -2.0301237454E+05  3.5137312251E-07
| Global minimum convergence, d_xhat d_muhat:
  2.7070986863E-03  1.2401643522E-06

| GP model hyperparameters (lengthscales W kappa):
  5.6076832461E-01  5.1186288202E-01  7.7295458822E+00  8.2302862365E+00  1.6531967813E+01  8.4265490751E-01
| Next sampling location (x_next, i_next):
  5.6241562873E+01  1.8035354429E+02  0.0000000000E+00

Iteration time [s]:   26.679        Total time [s]: 1178.374

--------------------------------------------------------------------------------
                                BO ITERATION 46                                 
--------------------------------------------------------------------------------
| Evaluating objective function at 5.624E+01 1.804E+02 0.000E+00
| Objective function evaluated, time [s]       23.568
| Acquisition location too confident, doing pure exploration
| Data point added to dataset (x i y): 
  5.6241562873E+01  1.8035354429E+02  0.0000000000E+00      -2.0300963160E+05

| Total ensemble size: 78
| Best acquisition, x_best i_best y_best:
  2.3617228124E+02  6.6339585325E-01  0.0000000000E+00      -2.0301237084E+05
| Global minimum prediction, x_hat mu_hat +- nu_hat:
  2.3765688999E+02  7.0300696669E-01  0.0000000000E+00      -2.0301237450E+05  3.0322697411E-07
| Global minimum convergence, d_xhat d_muhat:
  7.4449710470E-03  1.4894858253E-06

| GP model hyperparameters (lengthscales W kappa):
  5.7519901721E-01  5.1434054221E-01  7.9419337502E+00  8.2190177616E+00  1.4280433815E+01  4.8945887306E+00
| Next sampling location (x_next, i_next):
  1.2844877292E+02  4.6156515548E+01  0.0000000000E+00

Iteration time [s]:   27.402        Total time [s]: 1205.780

--------------------------------------------------------------------------------
                                BO ITERATION 47                                 
--------------------------------------------------------------------------------
| Evaluating objective function at 1.284E+02 4.616E+01 0.000E+00
| Objective function evaluated, time [s]       23.344
| Acquisition location too confident, doing pure exploration
| Data point added to dataset (x i y): 
  1.2844877292E+02  4.6156515548E+01  0.0000000000E+00      -2.0299359918E+05

| Total ensemble size: 79
| Best acquisition, x_best i_best y_best:
  2.3617228124E+02  6.6339585325E-01  0.0000000000E+00      -2.0301237084E+05
| Global minimum prediction, x_hat mu_hat +- nu_hat:
  2.3755319195E+02  7.3664875155E-01  0.0000000000E+00      -2.0301237417E+05  2.1790687823E-07
| Global minimum convergence, d_xhat d_muhat:
  1.0901858866E-01  1.3744842675E-05

| GP model hyperparameters (lengthscales W kappa):
  5.8006113171E-01  4.9762645144E-01  7.8049875348E+00  7.6000570005E+00  8.6659607442E+00  1.2588359947E+01
| Next sampling location (x_next, i_next):
  2.1514014246E+02  2.8993919063E+02  0.0000000000E+00

Iteration time [s]:   27.324        Total time [s]: 1233.108

--------------------------------------------------------------------------------
                                BO ITERATION 48                                 
--------------------------------------------------------------------------------
| Evaluating objective function at 2.151E+02 2.899E+02 0.000E+00
| Objective function evaluated, time [s]       23.706
| Acquisition location too confident, doing pure exploration
| Data point added to dataset (x i y): 
  2.1514014246E+02  2.8993919063E+02  0.0000000000E+00      -2.0299036412E+05

| Total ensemble size: 80
| Best acquisition, x_best i_best y_best:
  2.3617228124E+02  6.6339585325E-01  0.0000000000E+00      -2.0301237084E+05
| Global minimum prediction, x_hat mu_hat +- nu_hat:
  2.3749483780E+02  7.5877489737E-01  0.0000000000E+00      -2.0301237404E+05  1.9038056633E-07
| Global minimum convergence, d_xhat d_muhat:
  6.2408115963E-02  5.4140286624E-06

| GP model hyperparameters (lengthscales W kappa):
  5.7311003999E-01  4.8829450280E-01  7.6105437954E+00  7.6100392236E+00  9.2527336064E+00  9.4412666068E+00
| Next sampling location (x_next, i_next):
  1.1451941958E+02  2.4592151435E+02  0.0000000000E+00

Iteration time [s]:   27.899        Total time [s]: 1261.010

--------------------------------------------------------------------------------
                                BO ITERATION 49                                 
--------------------------------------------------------------------------------
| Evaluating objective function at 1.145E+02 2.459E+02 0.000E+00
| Objective function evaluated, time [s]       23.624
| Acquisition location too confident, doing pure exploration
| Data point added to dataset (x i y): 
  1.1451941958E+02  2.4592151435E+02  0.0000000000E+00      -2.0299322096E+05

| Total ensemble size: 81
| Best acquisition, x_best i_best y_best:
  2.3617228124E+02  6.6339585325E-01  0.0000000000E+00      -2.0301237084E+05
| Global minimum prediction, x_hat mu_hat +- nu_hat:
  2.3750035455E+02  7.5701259290E-01  0.0000000000E+00      -2.0301237405E+05  1.8414477223E-07
| Global minimum convergence, d_xhat d_muhat:
  5.7913881071E-03  6.3399143030E-07

| GP model hyperparameters (lengthscales W kappa):
  5.7547220037E-01  4.9164287680E-01  7.6513570002E+00  7.6630713870E+00  9.2491703889E+00  9.4386283807E+00
| Next sampling location (x_next, i_next):
  8.7247554229E+01  1.1155227484E+02  0.0000000000E+00

Iteration time [s]:   27.471        Total time [s]: 1288.485

--------------------------------------------------------------------------------
                                BO ITERATION 50                                 
--------------------------------------------------------------------------------
| Evaluating objective function at 8.725E+01 1.116E+02 0.000E+00
| Objective function evaluated, time [s]       24.170
| Acquisition location too confident, doing pure exploration
| Data point added to dataset (x i y): 
  8.7247554229E+01  1.1155227484E+02  0.0000000000E+00      -2.0299322470E+05

| Total ensemble size: 82
| Best acquisition, x_best i_best y_best:
  2.3617228124E+02  6.6339585325E-01  0.0000000000E+00      -2.0301237084E+05
| Global minimum prediction, x_hat mu_hat +- nu_hat:
  2.3749622192E+02  7.5823120134E-01  0.0000000000E+00      -2.0301237404E+05  1.7497493401E-07
| Global minimum convergence, d_xhat d_muhat:
  4.3085473007E-03  5.2478101948E-07

| GP model hyperparameters (lengthscales W kappa):
  5.7716000725E-01  4.9581777686E-01  7.6954557773E+00  7.7392656044E+00  9.2292297900E+00  9.4214074690E+00
| Next sampling location (x_next, i_next):
 -1.2283310890E+01  1.0754707411E+02  0.0000000000E+00

Iteration time [s]:   28.497        Total time [s]: 1316.986

|| Bayesian optimization completed, time [s]     1316.968


--------------------------------------------------------------------------------
                        BOSS is done! Have a nice day :)                        

      Datetime 05-08-2020 18:30:49            Total time [s]     1316.990       
--------------------------------------------------------------------------------
