
-----------------------------   Welcome to ....   ------------------------------
                      _______  _______ _______ _______ 
                     |   _   \|   _   |   _   |   _   |
                     |.  1   /|.  |   |   1___|   1___|
                     |.  _   \|.  |   |____   |____   |
                     |:  1    |:  1   |:  1   |:  1   |
                     |::.. .  |::.. . |::.. . |::.. . |
                     `-------'`-------`-------`-------'

                                 Version 0.9.15                                 
                              05-05-2020 08:33:32                               
--------------------------------------------------------------------------------

| Reading BOSS input file from: in_2D
| Initializing...

--------------------------------------------------------------------------------
                                   INPUT FILE                                   
--------------------------------------------------------------------------------
# input file for alanine 2D (d4-d13)
# optimize aims with rst data from amber
# optimization
userfn       userfn_2D.py

bounds       -50 310; -50 310
kernel       stdp
initpts 5 20
iterpts     50
verbosity    2
data_sources    2

RESULTS:
 -5.000000000000000E+01 -5.000000000000000E+01  0.0       2.585050000000000E+01
  1.300000000000000E+02  1.300000000000000E+02  0.0       2.753240000000000E+01
  2.200000000000000E+02  4.000000000000000E+01  0.0       2.664890000000000E+01
  4.000000000000000E+01  2.200000000000000E+02  0.0       2.348490000000000E+01
  8.500000000000000E+01  8.500000000000000E+01  0.0       3.377250000000000E+01
 -5.000000000000000E+01 -5.000000000000000E+01  1.0      -8.802709572377000E+03
  1.300000000000000E+02  1.300000000000000E+02  1.0      -8.802650771197999E+03
  2.200000000000000E+02  4.000000000000000E+01  1.0      -8.802878353898999E+03
  4.000000000000000E+01  2.200000000000000E+02  1.0      -8.802815554653000E+03
  8.500000000000000E+01  8.500000000000000E+01  1.0      -8.802274129588999E+03       9.206721643527993E-02       3.408401203296575E-01  3.432780236207922E-01
  1.948024995587753E+02 -2.436027930648538E+01  1.0      -8.802831081410999E+03       7.498018482814803E-02       3.421452818609912E-01  3.689241964694294E-01
  2.732083554891648E+02  9.087572030749888E+01  1.0      -8.802253872068000E+03       9.553827740282957E-02       3.187266266091244E-01  3.450671015805570E-01
  1.662085339227756E+02  3.154014708426204E+01  1.0      -8.802882474372000E+03       8.591271335684723E-02       4.236519993460945E-01  3.142303338645951E-01
  1.367321370886594E+02  2.537904674172013E+02  1.0      -8.802356344252999E+03       8.574236190686835E-02       3.567987215202909E-01  3.263378477118734E-01
 -3.391559801368791E+01  2.210567951638701E+02  1.0      -8.802770421351999E+03       7.430666348298531E-02       5.185995493376543E-01  2.577772383442761E-01
 -5.000000000000000E+01  8.953658406391025E+00  1.0      -8.802749103898999E+03       6.529383585126121E-02       5.721117086142025E-01  2.458685663798919E-01
  2.324480863577308E+01  1.747217259819917E+02  1.0      -8.803102503235001E+03       7.772528605013980E-02       6.121650261425872E-01  2.803823041141678E-01
  2.345070716952162E+02  1.762256838081470E+02  1.0      -8.803027378301000E+03       7.212738869045827E-02       7.548022415583836E-01  2.611969773036739E-01
  1.224524209402929E+02  1.832645501416577E+02  1.0      -8.803074174682000E+03       6.672804521539130E-02       8.652746990734099E-01  2.599961463480142E-01
 -4.559497813591349E+01  1.526844457649409E+02  1.0      -8.802952858281000E+03       6.369304997734794E-02       9.345418509418690E-01  2.700544248733838E-01
 -3.945557456937497E+01  1.873700619142944E+02  1.0      -8.803090388064000E+03       6.370987446459925E-02       1.016203375946131E+00  2.840427803437017E-01
  7.032663238448123E+01 -2.294500647374223E+01  1.0      -8.802823675825000E+03       5.856065790790271E-02       1.081404344176595E+00  2.755638934593732E-01
  1.912338698760337E+02  2.022987088524990E+02  1.0      -8.802965026284999E+03       5.602966837608632E-02       1.173472697601926E+00  2.760240253498823E-01
  2.746249157105337E+01  3.806449554625708E+01  1.0      -8.802643711320001E+03       5.636366104533722E-02       1.159974620585979E+00  2.929453012659989E-01
  8.342629797263415E+01  1.631066378804960E+02  1.0      -8.803077462183999E+03       5.953012673103307E-02       1.160115449957893E+00  2.976042435943123E-01
 -3.459399268141090E+01  1.729211794993227E+02  1.0      -8.803090738953000E+03       6.221851042068216E-02       1.208337180902092E+00  3.166565097257279E-01
--------------------------------------------------------------------------------
                               SIMULATION OPTIONS                               
--------------------------------------------------------------------------------
|| File input/output 
ipfile         in_2D
userfn         userfn_2D.py
outfile        boss.out
rstfile        boss.rst

|| Key settings 
data_sources         2
bounds         -5.000E+01 3.100E+02;    -5.000E+01 3.100E+02
kerntype       stdp stdp
yrange         none
noise          1.000E-12
initpts    5 20    iterpts   50
gm_tol         none
verbosity      2

|| Data acquisition 
acqfn                elcb
acqtol               1.000E-03

|| GP hyperparameters 
thetainit       1.000E+00 3.142E-01
thetabounds     none
thetaprior      gamma
thetapriorpar   1.000E+00 1.000E+00;    3.368E+00 9.020E+00;    3.368E+00 9.020E+00

|| Hyperparameter optimization
updatefreq   1  initupdate      True
updateoffset 0  updaterestarts  2


--------------------------------------------------------------------------------
                              INITIAL DATAPOINT 1                               
--------------------------------------------------------------------------------
| Data point added to dataset (x i y): 
 -5.0000000000E+01 -5.0000000000E+01  0.0000000000E+00       2.5850500000E+01

| Total ensemble size: 1
| Next sampling location (x_next, i_next):
  1.3000000000E+02  1.3000000000E+02  0.0000000000E+00

Iteration time [s]:    0.001        Total time [s]:    0.127

--------------------------------------------------------------------------------
                              INITIAL DATAPOINT 2                               
--------------------------------------------------------------------------------
| Data point added to dataset (x i y): 
  1.3000000000E+02  1.3000000000E+02  0.0000000000E+00       2.7532400000E+01

| Total ensemble size: 2
| Next sampling location (x_next, i_next):
  2.2000000000E+02  4.0000000000E+01  0.0000000000E+00

Iteration time [s]:    0.001        Total time [s]:    0.129

--------------------------------------------------------------------------------
                              INITIAL DATAPOINT 3                               
--------------------------------------------------------------------------------
| Data point added to dataset (x i y): 
  2.2000000000E+02  4.0000000000E+01  0.0000000000E+00       2.6648900000E+01

| Total ensemble size: 3
| Next sampling location (x_next, i_next):
  4.0000000000E+01  2.2000000000E+02  0.0000000000E+00

Iteration time [s]:    0.001        Total time [s]:    0.131

--------------------------------------------------------------------------------
                              INITIAL DATAPOINT 4                               
--------------------------------------------------------------------------------
| Data point added to dataset (x i y): 
  4.0000000000E+01  2.2000000000E+02  0.0000000000E+00       2.3484900000E+01

| Total ensemble size: 4
| Next sampling location (x_next, i_next):
  8.5000000000E+01  8.5000000000E+01  0.0000000000E+00

Iteration time [s]:    0.001        Total time [s]:    0.132

--------------------------------------------------------------------------------
                              INITIAL DATAPOINT 5                               
--------------------------------------------------------------------------------
| Data point added to dataset (x i y): 
  8.5000000000E+01  8.5000000000E+01  0.0000000000E+00       3.3772500000E+01

| Total ensemble size: 5
| Next sampling location (x_next, i_next):
 -5.0000000000E+01 -5.0000000000E+01  1.0000000000E+00

Iteration time [s]:    0.001        Total time [s]:    0.133

--------------------------------------------------------------------------------
                              INITIAL DATAPOINT 6                               
--------------------------------------------------------------------------------
| Data point added to dataset (x i y): 
 -5.0000000000E+01 -5.0000000000E+01  1.0000000000E+00      -8.8027095724E+03

| Total ensemble size: 6
| Next sampling location (x_next, i_next):
  1.3000000000E+02  1.3000000000E+02  1.0000000000E+00

Iteration time [s]:    0.001        Total time [s]:    0.134

--------------------------------------------------------------------------------
                              INITIAL DATAPOINT 7                               
--------------------------------------------------------------------------------
| Data point added to dataset (x i y): 
  1.3000000000E+02  1.3000000000E+02  1.0000000000E+00      -8.8026507712E+03

| Total ensemble size: 7
| Next sampling location (x_next, i_next):
  2.2000000000E+02  4.0000000000E+01  1.0000000000E+00

Iteration time [s]:    0.001        Total time [s]:    0.135

--------------------------------------------------------------------------------
                              INITIAL DATAPOINT 8                               
--------------------------------------------------------------------------------
| Data point added to dataset (x i y): 
  2.2000000000E+02  4.0000000000E+01  1.0000000000E+00      -8.8028783539E+03

| Total ensemble size: 8
| Next sampling location (x_next, i_next):
  4.0000000000E+01  2.2000000000E+02  1.0000000000E+00

Iteration time [s]:    0.001        Total time [s]:    0.136

--------------------------------------------------------------------------------
                              INITIAL DATAPOINT 9                               
--------------------------------------------------------------------------------
| Data point added to dataset (x i y): 
  4.0000000000E+01  2.2000000000E+02  1.0000000000E+00      -8.8028155547E+03

| Total ensemble size: 9
| Next sampling location (x_next, i_next):
  8.5000000000E+01  8.5000000000E+01  1.0000000000E+00

Iteration time [s]:    0.001        Total time [s]:    0.137

--------------------------------------------------------------------------------
                              INITIAL DATAPOINT 10                              
--------------------------------------------------------------------------------
| Data point added to dataset (x i y): 
  8.5000000000E+01  8.5000000000E+01  1.0000000000E+00      -8.8022741296E+03

| Total ensemble size: 10
| Next sampling location (x_next, i_next):
  1.9480249956E+02 -2.4360279306E+01  1.0000000000E+00

Iteration time [s]:    0.001        Total time [s]:    0.138

--------------------------------------------------------------------------------
                              INITIAL DATAPOINT 11                              
--------------------------------------------------------------------------------
| Data point added to dataset (x i y): 
  1.9480249956E+02 -2.4360279306E+01  1.0000000000E+00      -8.8028310814E+03

| Total ensemble size: 11
| Next sampling location (x_next, i_next):
  2.7320835549E+02  9.0875720307E+01  1.0000000000E+00

Iteration time [s]:    0.001        Total time [s]:    0.140

--------------------------------------------------------------------------------
                              INITIAL DATAPOINT 12                              
--------------------------------------------------------------------------------
| Data point added to dataset (x i y): 
  2.7320835549E+02  9.0875720307E+01  1.0000000000E+00      -8.8022538721E+03

| Total ensemble size: 12
| Next sampling location (x_next, i_next):
  1.6620853392E+02  3.1540147084E+01  1.0000000000E+00

Iteration time [s]:    0.001        Total time [s]:    0.141

--------------------------------------------------------------------------------
                              INITIAL DATAPOINT 13                              
--------------------------------------------------------------------------------
| Data point added to dataset (x i y): 
  1.6620853392E+02  3.1540147084E+01  1.0000000000E+00      -8.8028824744E+03

| Total ensemble size: 13
| Next sampling location (x_next, i_next):
  1.3673213709E+02  2.5379046742E+02  1.0000000000E+00

Iteration time [s]:    0.001        Total time [s]:    0.142

--------------------------------------------------------------------------------
                              INITIAL DATAPOINT 14                              
--------------------------------------------------------------------------------
| Data point added to dataset (x i y): 
  1.3673213709E+02  2.5379046742E+02  1.0000000000E+00      -8.8023563443E+03

| Total ensemble size: 14
| Next sampling location (x_next, i_next):
 -3.3915598014E+01  2.2105679516E+02  1.0000000000E+00

Iteration time [s]:    0.001        Total time [s]:    0.143

--------------------------------------------------------------------------------
                              INITIAL DATAPOINT 15                              
--------------------------------------------------------------------------------
| Data point added to dataset (x i y): 
 -3.3915598014E+01  2.2105679516E+02  1.0000000000E+00      -8.8027704214E+03

| Total ensemble size: 15
| Next sampling location (x_next, i_next):
 -5.0000000000E+01  8.9536584064E+00  1.0000000000E+00

Iteration time [s]:    0.001        Total time [s]:    0.144

--------------------------------------------------------------------------------
                              INITIAL DATAPOINT 16                              
--------------------------------------------------------------------------------
| Data point added to dataset (x i y): 
 -5.0000000000E+01  8.9536584064E+00  1.0000000000E+00      -8.8027491039E+03

| Total ensemble size: 16
| Next sampling location (x_next, i_next):
  2.3244808636E+01  1.7472172598E+02  1.0000000000E+00

Iteration time [s]:    0.001        Total time [s]:    0.145

--------------------------------------------------------------------------------
                              INITIAL DATAPOINT 17                              
--------------------------------------------------------------------------------
| Data point added to dataset (x i y): 
  2.3244808636E+01  1.7472172598E+02  1.0000000000E+00      -8.8031025032E+03

| Total ensemble size: 17
| Next sampling location (x_next, i_next):
  2.3450707170E+02  1.7622568381E+02  1.0000000000E+00

Iteration time [s]:    0.001        Total time [s]:    0.146

--------------------------------------------------------------------------------
                              INITIAL DATAPOINT 18                              
--------------------------------------------------------------------------------
| Data point added to dataset (x i y): 
  2.3450707170E+02  1.7622568381E+02  1.0000000000E+00      -8.8030273783E+03

| Total ensemble size: 18
| Next sampling location (x_next, i_next):
  1.2245242094E+02  1.8326455014E+02  1.0000000000E+00

Iteration time [s]:    0.001        Total time [s]:    0.147

--------------------------------------------------------------------------------
                              INITIAL DATAPOINT 19                              
--------------------------------------------------------------------------------
| Data point added to dataset (x i y): 
  1.2245242094E+02  1.8326455014E+02  1.0000000000E+00      -8.8030741747E+03

| Total ensemble size: 19
| Next sampling location (x_next, i_next):
 -4.5594978136E+01  1.5268444576E+02  1.0000000000E+00

Iteration time [s]:    0.001        Total time [s]:    0.148

--------------------------------------------------------------------------------
                              INITIAL DATAPOINT 20                              
--------------------------------------------------------------------------------
| Data point added to dataset (x i y): 
 -4.5594978136E+01  1.5268444576E+02  1.0000000000E+00      -8.8029528583E+03

| Total ensemble size: 20
| Next sampling location (x_next, i_next):
 -3.9455574569E+01  1.8737006191E+02  1.0000000000E+00

Iteration time [s]:    0.001        Total time [s]:    0.149

--------------------------------------------------------------------------------
                              INITIAL DATAPOINT 21                              
--------------------------------------------------------------------------------
| Data point added to dataset (x i y): 
 -3.9455574569E+01  1.8737006191E+02  1.0000000000E+00      -8.8030903881E+03

| Total ensemble size: 21
| Next sampling location (x_next, i_next):
  7.0326632384E+01 -2.2945006474E+01  1.0000000000E+00

Iteration time [s]:    0.000        Total time [s]:    0.150

--------------------------------------------------------------------------------
                              INITIAL DATAPOINT 22                              
--------------------------------------------------------------------------------
| Data point added to dataset (x i y): 
  7.0326632384E+01 -2.2945006474E+01  1.0000000000E+00      -8.8028236758E+03

| Total ensemble size: 22
| Next sampling location (x_next, i_next):
  1.9123386988E+02  2.0229870885E+02  1.0000000000E+00

Iteration time [s]:    0.000        Total time [s]:    0.151

--------------------------------------------------------------------------------
                              INITIAL DATAPOINT 23                              
--------------------------------------------------------------------------------
| Data point added to dataset (x i y): 
  1.9123386988E+02  2.0229870885E+02  1.0000000000E+00      -8.8029650263E+03

| Total ensemble size: 23
| Next sampling location (x_next, i_next):
  2.7462491571E+01  3.8064495546E+01  1.0000000000E+00

Iteration time [s]:    0.000        Total time [s]:    0.152

--------------------------------------------------------------------------------
                              INITIAL DATAPOINT 24                              
--------------------------------------------------------------------------------
| Data point added to dataset (x i y): 
  2.7462491571E+01  3.8064495546E+01  1.0000000000E+00      -8.8026437113E+03

| Total ensemble size: 24
| Next sampling location (x_next, i_next):
  8.3426297973E+01  1.6310663788E+02  1.0000000000E+00

Iteration time [s]:    0.000        Total time [s]:    0.153

--------------------------------------------------------------------------------
                              INITIAL DATAPOINT 25                              
--------------------------------------------------------------------------------
| Data point added to dataset (x i y): 
  8.3426297973E+01  1.6310663788E+02  1.0000000000E+00      -8.8030774622E+03

| Total ensemble size: 25
| Best acquisition, x_best i_best y_best:
  2.3244808636E+01  1.7472172598E+02  1.0000000000E+00      -8.8031025032E+03
| Global minimum prediction, x_hat mu_hat +- nu_hat:
  6.0159262981E+01  1.7639127105E+02  1.0000000000E+00      -8.8031075502E+03  3.5335479088E-04

| GP model hyperparameters (lengthscales W kappa):
  1.1472435035E+00  2.9220932592E-01 -2.9765487017E+00 -1.9850200388E-01  2.8043704924E+00  1.0092368768E-02
| Next sampling location (x_next, i_next):
 -3.4593992681E+01  1.7292117950E+02  1.0000000000E+00

Iteration time [s]:    1.724        Total time [s]:    1.878

--------------------------------------------------------------------------------
                                 BO ITERATION 1                                 
--------------------------------------------------------------------------------
| Data point added to dataset (x i y): 
 -3.4593992681E+01  1.7292117950E+02  1.0000000000E+00      -8.8030907390E+03

| Total ensemble size: 26
| Best acquisition, x_best i_best y_best:
  4.0000000000E+01  2.2000000000E+02  0.0000000000E+00       2.3484900000E+01
| Global minimum prediction, x_hat mu_hat +- nu_hat:
  4.8283682723E+01  1.8966489728E+02  0.0000000000E+00       2.1237622163E+01  2.3873515714E+00
| Global minimum convergence, d_xhat d_muhat:
  1.5385440702E+04  2.0643560022E+00

| GP model hyperparameters (lengthscales W kappa):
  1.1923616429E+00  3.1143846185E-01 -3.2703981013E+00 -1.8623940599E-01  1.4166083923E+00  1.7442208666E-02
| Next sampling location (x_next, i_next):
  3.1000000000E+02  1.8080399723E+02  0.0000000000E+00

Iteration time [s]:    1.104        Total time [s]:    2.983

--------------------------------------------------------------------------------
                                 BO ITERATION 2                                 
--------------------------------------------------------------------------------
| Evaluating objective function at 3.100E+02 1.808E+02 0.000E+00
| Objective function evaluated, time [s]       23.250
| Data point added to dataset (x i y): 
  3.1000000000E+02  1.8080399723E+02  0.0000000000E+00       2.0491800000E+01

| Total ensemble size: 27
| Best acquisition, x_best i_best y_best:
  3.1000000000E+02  1.8080399723E+02  0.0000000000E+00       2.0491800000E+01
| Global minimum prediction, x_hat mu_hat +- nu_hat:
  2.8155290307E+01  1.8477699328E+02  0.0000000000E+00       2.0238559494E+01  4.2573619076E-01
| Global minimum convergence, d_xhat d_muhat:
  1.6505761610E+02  1.3441466129E+00

| GP model hyperparameters (lengthscales W kappa):
  1.2156093888E+00  3.1715393533E-01 -3.2971389686E+00 -2.1604931570E-01  7.6069728450E-01  7.0189635962E-03
| Next sampling location (x_next, i_next):
  8.2191830367E+01  1.8250350189E+02  0.0000000000E+00

Iteration time [s]:   24.494        Total time [s]:   27.477

--------------------------------------------------------------------------------
                                 BO ITERATION 3                                 
--------------------------------------------------------------------------------
| Evaluating objective function at 8.219E+01 1.825E+02 0.000E+00
| Objective function evaluated, time [s]        0.560
| Data point added to dataset (x i y): 
  8.2191830367E+01  1.8250350189E+02  0.0000000000E+00       1.8311000000E+01

| Total ensemble size: 28
| Best acquisition, x_best i_best y_best:
  8.2191830367E+01  1.8250350189E+02  0.0000000000E+00       1.8311000000E+01
| Global minimum prediction, x_hat mu_hat +- nu_hat:
  7.6823034934E+01  1.8245409550E+02  0.0000000000E+00       1.8298455677E+01  4.6006526456E-03
| Global minimum convergence, d_xhat d_muhat:
  1.7298925479E+02  1.1559499069E+00

| GP model hyperparameters (lengthscales W kappa):
  1.0211178878E+00  3.1446665265E-01 -3.6456558502E+00 -2.1380732294E-01  7.4867670800E-01  5.8414855822E-03
| Next sampling location (x_next, i_next):
  1.5530322704E+02  1.7996176409E+02  0.0000000000E+00

Iteration time [s]:    1.845        Total time [s]:   29.323

--------------------------------------------------------------------------------
                                 BO ITERATION 4                                 
--------------------------------------------------------------------------------
| Evaluating objective function at 1.553E+02 1.800E+02 0.000E+00
| Objective function evaluated, time [s]        0.535
| Data point added to dataset (x i y): 
  1.5530322704E+02  1.7996176409E+02  0.0000000000E+00       2.0563500000E+01

| Total ensemble size: 29
| Best acquisition, x_best i_best y_best:
  8.2191830367E+01  1.8250350189E+02  0.0000000000E+00       1.8311000000E+01
| Global minimum prediction, x_hat mu_hat +- nu_hat:
  7.4666605311E+01  1.8269575014E+02  0.0000000000E+00       1.8283202633E+01  4.5800649570E-03
| Global minimum convergence, d_xhat d_muhat:
  1.7475317508E+02  1.1822010788E+00

| GP model hyperparameters (lengthscales W kappa):
  1.0354757357E+00  3.2066715974E-01  3.6368863653E+00  2.2116007753E-01  1.2885340901E+00  3.7529777495E-03
| Next sampling location (x_next, i_next):
  4.5831905455E+01  1.6727057445E+02  0.0000000000E+00

Iteration time [s]:    1.735        Total time [s]:   31.060

--------------------------------------------------------------------------------
                                 BO ITERATION 5                                 
--------------------------------------------------------------------------------
| Evaluating objective function at 4.583E+01 1.673E+02 0.000E+00
| Objective function evaluated, time [s]        0.556
| Data point added to dataset (x i y): 
  4.5831905455E+01  1.6727057445E+02  0.0000000000E+00       1.8453900000E+01

| Total ensemble size: 30
| Best acquisition, x_best i_best y_best:
  8.2191830367E+01  1.8250350189E+02  0.0000000000E+00       1.8311000000E+01
| Global minimum prediction, x_hat mu_hat +- nu_hat:
  6.4467854100E+01  1.7618151513E+02  0.0000000000E+00       1.8087956085E+01  1.3744910405E-02
| Global minimum convergence, d_xhat d_muhat:
  1.6552696040E+02  1.1695744928E+00

| GP model hyperparameters (lengthscales W kappa):
  1.1144281771E+00  3.2032567129E-01 -3.6142034588E+00 -2.2312059531E-01  2.9325041014E+00  2.0675229857E-03
| Next sampling location (x_next, i_next):
  2.9135418335E+01  1.8580945393E+02  0.0000000000E+00

Iteration time [s]:    1.866        Total time [s]:   32.933

--------------------------------------------------------------------------------
                                 BO ITERATION 6                                 
--------------------------------------------------------------------------------
| Evaluating objective function at 2.914E+01 1.858E+02 0.000E+00
| Objective function evaluated, time [s]        0.576
| Data point added to dataset (x i y): 
  2.9135418335E+01  1.8580945393E+02  0.0000000000E+00       1.8987000000E+01

| Total ensemble size: 31
| Best acquisition, x_best i_best y_best:
  8.2191830367E+01  1.8250350189E+02  0.0000000000E+00       1.8311000000E+01
| Global minimum prediction, x_hat mu_hat +- nu_hat:
  6.7475109201E+01  1.7536301059E+02  0.0000000000E+00       1.8106690141E+01  1.2022555311E-02
| Global minimum convergence, d_xhat d_muhat:
  1.6583638870E+02  1.1701933985E+00

| GP model hyperparameters (lengthscales W kappa):
  1.1758751162E+00  3.2984101301E-01 -3.7263934869E+00 -2.2805930209E-01  3.2947953768E+00  2.5686494767E-03
| Next sampling location (x_next, i_next):
  1.1642588623E+02  3.1000000000E+02  0.0000000000E+00

Iteration time [s]:    1.910        Total time [s]:   34.844

--------------------------------------------------------------------------------
                                 BO ITERATION 7                                 
--------------------------------------------------------------------------------
| Evaluating objective function at 1.164E+02 3.100E+02 0.000E+00
| Objective function evaluated, time [s]        0.532
| Data point added to dataset (x i y): 
  1.1642588623E+02  3.1000000000E+02  0.0000000000E+00       3.5072400000E+01

| Total ensemble size: 32
| Best acquisition, x_best i_best y_best:
  8.2191830367E+01  1.8250350189E+02  0.0000000000E+00       1.8311000000E+01
| Global minimum prediction, x_hat mu_hat +- nu_hat:
  6.5685105637E+01  1.7589732211E+02  0.0000000000E+00       1.8089187293E+01  2.5255185904E-02
| Global minimum convergence, d_xhat d_muhat:
  1.6579940105E+02  1.0784996920E+00

| GP model hyperparameters (lengthscales W kappa):
  8.5634422909E-01  3.4138577576E-01  4.9078173658E+00  2.5140500880E-01  7.8434889952E-01  7.3781644464E-03
| Next sampling location (x_next, i_next):
  2.2370149688E+02 -1.6364350105E+00  0.0000000000E+00

Iteration time [s]:    2.014        Total time [s]:   36.859

--------------------------------------------------------------------------------
                                 BO ITERATION 8                                 
--------------------------------------------------------------------------------
| Evaluating objective function at 2.237E+02 -1.636E+00 0.000E+00
| Objective function evaluated, time [s]        0.739
| Data point added to dataset (x i y): 
  2.2370149688E+02 -1.6364350105E+00  0.0000000000E+00       1.9753000000E+01

| Total ensemble size: 33
| Best acquisition, x_best i_best y_best:
  8.2191830367E+01  1.8250350189E+02  0.0000000000E+00       1.8311000000E+01
| Global minimum prediction, x_hat mu_hat +- nu_hat:
  6.4219506215E+01  1.7637441439E+02  0.0000000000E+00       1.8059296894E+01  3.4285919072E-02
| Global minimum convergence, d_xhat d_muhat:
  1.6585969414E+02  1.0759269338E+00

| GP model hyperparameters (lengthscales W kappa):
  7.6480887310E-01  3.7884665449E-01  5.4696509346E+00  2.8219691886E-01  7.9355231801E-01  6.7477510886E-03
| Next sampling location (x_next, i_next):
  7.6589496540E+01  7.2683792780E+00  0.0000000000E+00

Iteration time [s]:    2.083        Total time [s]:   38.943

--------------------------------------------------------------------------------
                                 BO ITERATION 9                                 
--------------------------------------------------------------------------------
| Evaluating objective function at 7.659E+01 7.268E+00 0.000E+00
| Objective function evaluated, time [s]        0.506
| Data point added to dataset (x i y): 
  7.6589496540E+01  7.2683792780E+00  0.0000000000E+00       2.7376400000E+01

| Total ensemble size: 34
| Best acquisition, x_best i_best y_best:
  8.2191830367E+01  1.8250350189E+02  0.0000000000E+00       1.8311000000E+01
| Global minimum prediction, x_hat mu_hat +- nu_hat:
  6.4642657384E+01  1.7622395827E+02  0.0000000000E+00       1.8060235684E+01  3.9343935686E-02
| Global minimum convergence, d_xhat d_muhat:
  1.6586804329E+02  1.0754441613E+00

| GP model hyperparameters (lengthscales W kappa):
  7.5114748023E-01  3.5272519552E-01 -5.0837604358E+00 -2.6925932898E-01  2.3511931850E+00  3.8869115609E-03
| Next sampling location (x_next, i_next):
  2.5854485459E+02 -2.1239143271E+01  0.0000000000E+00

Iteration time [s]:    1.901        Total time [s]:   40.850

--------------------------------------------------------------------------------
                                BO ITERATION 10                                 
--------------------------------------------------------------------------------
| Evaluating objective function at 2.585E+02 -2.124E+01 0.000E+00
| Objective function evaluated, time [s]        0.734
| Data point added to dataset (x i y): 
  2.5854485459E+02 -2.1239143271E+01  0.0000000000E+00       2.1594800000E+01

| Total ensemble size: 35
| Best acquisition, x_best i_best y_best:
  8.2191830367E+01  1.8250350189E+02  0.0000000000E+00       1.8311000000E+01
| Global minimum prediction, x_hat mu_hat +- nu_hat:
  6.4427438554E+01  1.7630405085E+02  0.0000000000E+00       1.8055385004E+01  3.5250573518E-02
| Global minimum convergence, d_xhat d_muhat:
  1.6588307525E+02  1.0748529996E+00

| GP model hyperparameters (lengthscales W kappa):
  7.6672624214E-01  3.7172614883E-01 -5.2608755892E+00 -2.6560646581E-01  1.2398143190E+00  8.1606891290E-03
| Next sampling location (x_next, i_next):
  2.4574368660E+02  2.0712190259E+02  0.0000000000E+00

Iteration time [s]:    2.200        Total time [s]:   43.052

--------------------------------------------------------------------------------
                                BO ITERATION 11                                 
--------------------------------------------------------------------------------
| Evaluating objective function at 2.457E+02 2.071E+02 0.000E+00
| Objective function evaluated, time [s]        0.519
| Data point added to dataset (x i y): 
  2.4574368660E+02  2.0712190259E+02  0.0000000000E+00       2.9190600000E+01

| Total ensemble size: 36
| Best acquisition, x_best i_best y_best:
  8.2191830367E+01  1.8250350189E+02  0.0000000000E+00       1.8311000000E+01
| Global minimum prediction, x_hat mu_hat +- nu_hat:
  6.4066899855E+01  1.7633515820E+02  0.0000000000E+00       1.7938810798E+01  7.0414313539E-02
| Global minimum convergence, d_xhat d_muhat:
  1.6581780070E+02  1.0681422927E+00

| GP model hyperparameters (lengthscales W kappa):
  6.4432223126E-01  3.6678012701E-01 -5.2366594233E+00 -2.8505295478E-01  4.3711738035E+00  1.6510237399E-06
| Next sampling location (x_next, i_next):
  1.0588509588E+01 -2.2136052790E+01  0.0000000000E+00

Iteration time [s]:    2.128        Total time [s]:   45.181

--------------------------------------------------------------------------------
                                BO ITERATION 12                                 
--------------------------------------------------------------------------------
| Evaluating objective function at 1.059E+01 -2.214E+01 0.000E+00
| Objective function evaluated, time [s]        0.508
| Data point added to dataset (x i y): 
  1.0588509588E+01 -2.2136052790E+01  0.0000000000E+00       3.3793100000E+01

| Total ensemble size: 37
| Best acquisition, x_best i_best y_best:
  8.2191830367E+01  1.8250350189E+02  0.0000000000E+00       1.8311000000E+01
| Global minimum prediction, x_hat mu_hat +- nu_hat:
  6.8334303389E+01  1.7479349547E+02  0.0000000000E+00       1.7987980783E+01  9.7701672739E-02
| Global minimum convergence, d_xhat d_muhat:
  1.6572537135E+02  1.0689779177E+00

| GP model hyperparameters (lengthscales W kappa):
  6.9057035973E-01  3.2993546433E-01 -5.5119756473E+00 -2.2293121820E-01  5.1642005245E+00  1.2823627508E-02
| Next sampling location (x_next, i_next):
  2.5030138688E+02  2.8564303706E+02  0.0000000000E+00

Iteration time [s]:    2.164        Total time [s]:   47.346

--------------------------------------------------------------------------------
                                BO ITERATION 13                                 
--------------------------------------------------------------------------------
| Evaluating objective function at 2.503E+02 2.856E+02 0.000E+00
| Objective function evaluated, time [s]        0.518
| Data point added to dataset (x i y): 
  2.5030138688E+02  2.8564303706E+02  0.0000000000E+00       3.6087200000E+01

| Total ensemble size: 38
| Best acquisition, x_best i_best y_best:
  8.2191830367E+01  1.8250350189E+02  0.0000000000E+00       1.8311000000E+01
| Global minimum prediction, x_hat mu_hat +- nu_hat:
  6.7121078473E+01  1.7495693061E+02  0.0000000000E+00       1.7981690709E+01  1.0295433081E-01
| Global minimum convergence, d_xhat d_muhat:
  1.6545960217E+02  1.0060636714E+00

| GP model hyperparameters (lengthscales W kappa):
  6.7196323792E-01  3.3774618930E-01 -6.3995109302E+00 -2.3349406297E-01  5.3818114821E-01  1.6526610356E-02
| Next sampling location (x_next, i_next):
  1.4120240777E+01  1.2950858849E+02  0.0000000000E+00

Iteration time [s]:    2.249        Total time [s]:   49.595

--------------------------------------------------------------------------------
                                BO ITERATION 14                                 
--------------------------------------------------------------------------------
| Evaluating objective function at 1.412E+01 1.295E+02 0.000E+00
| Objective function evaluated, time [s]        0.522
| Data point added to dataset (x i y): 
  1.4120240777E+01  1.2950858849E+02  0.0000000000E+00       2.7899100000E+01

| Total ensemble size: 39
| Best acquisition, x_best i_best y_best:
  8.2191830367E+01  1.8250350189E+02  0.0000000000E+00       1.8311000000E+01
| Global minimum prediction, x_hat mu_hat +- nu_hat:
  6.6154367467E+01  1.7464725347E+02  0.0000000000E+00       1.7873153700E+01  7.5797498148E-02
| Global minimum convergence, d_xhat d_muhat:
  1.6488798180E+02  9.9966243456E-01

| GP model hyperparameters (lengthscales W kappa):
  6.7073185371E-01  3.3879555462E-01 -6.3311938995E+00 -2.3362007809E-01  5.3701776590E-01  1.6251053875E-02
| Next sampling location (x_next, i_next):
  2.1882021366E+02  1.4793314390E+02  0.0000000000E+00

Iteration time [s]:    2.268        Total time [s]:   51.863

--------------------------------------------------------------------------------
                                BO ITERATION 15                                 
--------------------------------------------------------------------------------
| Evaluating objective function at 2.188E+02 1.479E+02 0.000E+00
| Objective function evaluated, time [s]        0.573
| Data point added to dataset (x i y): 
  2.1882021366E+02  1.4793314390E+02  0.0000000000E+00       2.8986800000E+01

| Total ensemble size: 40
| Best acquisition, x_best i_best y_best:
  8.2191830367E+01  1.8250350189E+02  0.0000000000E+00       1.8311000000E+01
| Global minimum prediction, x_hat mu_hat +- nu_hat:
  6.8474557433E+01  1.7378722600E+02  0.0000000000E+00       1.7881061529E+01  8.1455464945E-02
| Global minimum convergence, d_xhat d_muhat:
  1.6489132671E+02  1.0016349969E+00

| GP model hyperparameters (lengthscales W kappa):
  6.8797035196E-01  3.4867325967E-01 -6.5420779809E+00 -2.2764281602E-01  5.7936861872E-01  1.7761357074E-02
| Next sampling location (x_next, i_next):
  1.5726968611E+01  2.7220506072E+02  0.0000000000E+00

Iteration time [s]:    2.496        Total time [s]:   54.360

--------------------------------------------------------------------------------
                                BO ITERATION 16                                 
--------------------------------------------------------------------------------
| Evaluating objective function at 1.573E+01 2.722E+02 0.000E+00
| Objective function evaluated, time [s]        0.556
| Data point added to dataset (x i y): 
  1.5726968611E+01  2.7220506072E+02  0.0000000000E+00       3.4193000000E+01

| Total ensemble size: 41
| Best acquisition, x_best i_best y_best:
  8.2191830367E+01  1.8250350189E+02  0.0000000000E+00       1.8311000000E+01
| Global minimum prediction, x_hat mu_hat +- nu_hat:
  6.9883171454E+01  1.7328384383E+02  0.0000000000E+00       1.7916625243E+01  9.0706963182E-02
| Global minimum convergence, d_xhat d_muhat:
  1.6484531096E+02  1.0033173444E+00

| GP model hyperparameters (lengthscales W kappa):
  7.1221221518E-01  3.4414621429E-01 -6.5715914974E+00 -2.1668128045E-01  5.8046143650E-01  1.8728329289E-02
| Next sampling location (x_next, i_next):
  1.5839120709E+02 -2.0985563210E+00  0.0000000000E+00

Iteration time [s]:    2.588        Total time [s]:   56.950

--------------------------------------------------------------------------------
                                BO ITERATION 17                                 
--------------------------------------------------------------------------------
| Evaluating objective function at 1.584E+02 -2.099E+00 0.000E+00
| Objective function evaluated, time [s]        0.831
| Data point added to dataset (x i y): 
  1.5839120709E+02 -2.0985563210E+00  0.0000000000E+00       2.4710100000E+01

| Total ensemble size: 42
| Best acquisition, x_best i_best y_best:
  8.2191830367E+01  1.8250350189E+02  0.0000000000E+00       1.8311000000E+01
| Global minimum prediction, x_hat mu_hat +- nu_hat:
  6.7388153308E+01  1.7397612994E+02  0.0000000000E+00       1.7903254916E+01  7.0335394542E-02
| Global minimum convergence, d_xhat d_muhat:
  1.6469063894E+02  1.0020447538E+00

| GP model hyperparameters (lengthscales W kappa):
  6.8648895477E-01  3.5732979632E-01  6.4938456472E+00  2.3166855776E-01  6.2390198636E-01  1.7358605346E-02
| Next sampling location (x_next, i_next):
  1.2508636984E+02  2.0712860388E+02  0.0000000000E+00

Iteration time [s]:    2.876        Total time [s]:   59.828

--------------------------------------------------------------------------------
                                BO ITERATION 18                                 
--------------------------------------------------------------------------------
| Evaluating objective function at 1.251E+02 2.071E+02 0.000E+00
| Objective function evaluated, time [s]        0.505
| Data point added to dataset (x i y): 
  1.2508636984E+02  2.0712860388E+02  0.0000000000E+00       2.3647100000E+01

| Total ensemble size: 43
| Best acquisition, x_best i_best y_best:
  8.2191830367E+01  1.8250350189E+02  0.0000000000E+00       1.8311000000E+01
| Global minimum prediction, x_hat mu_hat +- nu_hat:
  6.7394441616E+01  1.7405807748E+02  0.0000000000E+00       1.7830671724E+01  3.8807254307E-02
| Global minimum convergence, d_xhat d_muhat:
  1.6478541412E+02  9.9910758934E-01

| GP model hyperparameters (lengthscales W kappa):
  6.8163627254E-01  3.6790189716E-01 -6.4510871899E+00 -2.3802565117E-01  1.3338681982E+00  1.6229190773E-02
| Next sampling location (x_next, i_next):
  1.0461581751E+02  1.6387668141E+02  0.0000000000E+00

Iteration time [s]:    2.379        Total time [s]:   62.208

--------------------------------------------------------------------------------
                                BO ITERATION 19                                 
--------------------------------------------------------------------------------
| Evaluating objective function at 1.046E+02 1.639E+02 0.000E+00
| Objective function evaluated, time [s]        0.541
| Data point added to dataset (x i y): 
  1.0461581751E+02  1.6387668141E+02  0.0000000000E+00       2.0761600000E+01

| Total ensemble size: 44
| Best acquisition, x_best i_best y_best:
  8.2191830367E+01  1.8250350189E+02  0.0000000000E+00       1.8311000000E+01
| Global minimum prediction, x_hat mu_hat +- nu_hat:
  5.9633739063E+01  1.7993095651E+02  0.0000000000E+00       1.7540582360E+01  5.6739429154E-02
| Global minimum convergence, d_xhat d_muhat:
  1.6835062109E+02  9.8456222959E-01

| GP model hyperparameters (lengthscales W kappa):
  6.0343632910E-01  3.9680812740E-01  6.2803694106E+00  2.7653991945E-01  2.1609075636E+00  1.1763874424E-02
| Next sampling location (x_next, i_next):
  2.5995956905E+02  1.0920428260E+01  0.0000000000E+00

Iteration time [s]:    2.496        Total time [s]:   64.711

--------------------------------------------------------------------------------
                                BO ITERATION 20                                 
--------------------------------------------------------------------------------
| Evaluating objective function at 2.600E+02 1.092E+01 0.000E+00
| Objective function evaluated, time [s]        1.069
| Data point added to dataset (x i y): 
  2.5995956905E+02  1.0920428260E+01  0.0000000000E+00       2.0631400000E+01

| Total ensemble size: 45
| Best acquisition, x_best i_best y_best:
  8.2191830367E+01  1.8250350189E+02  0.0000000000E+00       1.8311000000E+01
| Global minimum prediction, x_hat mu_hat +- nu_hat:
  5.9600417164E+01  1.8002251506E+02  0.0000000000E+00       1.7531524790E+01  5.4320506675E-02
| Global minimum convergence, d_xhat d_muhat:
  1.6875153388E+02  9.8304392170E-01

| GP model hyperparameters (lengthscales W kappa):
  6.0848238985E-01  4.0069042118E-01 -6.4550141579E+00 -2.7573179710E-01  4.5632403671E-01  1.4904090085E-02
| Next sampling location (x_next, i_next):
  5.6890353711E+01  1.8522991231E+02  0.0000000000E+00

Iteration time [s]:    3.140        Total time [s]:   67.852

--------------------------------------------------------------------------------
                                BO ITERATION 21                                 
--------------------------------------------------------------------------------
| Evaluating objective function at 5.689E+01 1.852E+02 0.000E+00
| Objective function evaluated, time [s]        0.549
| Data point added to dataset (x i y): 
  5.6890353711E+01  1.8522991231E+02  0.0000000000E+00       1.7598400000E+01

| Total ensemble size: 46
| Best acquisition, x_best i_best y_best:
  5.6890353711E+01  1.8522991231E+02  0.0000000000E+00       1.7598400000E+01
| Global minimum prediction, x_hat mu_hat +- nu_hat:
  5.9420231579E+01  1.8040747436E+02  0.0000000000E+00       1.7491557166E+01  4.3235597991E-03
| Global minimum convergence, d_xhat d_muhat:
  1.6908753078E+02  9.4312430551E-01

| GP model hyperparameters (lengthscales W kappa):
  6.3043507927E-01  4.2664738483E-01 -6.7632682300E+00 -2.8701313152E-01  4.6165902037E-01  1.6751096052E-02
| Next sampling location (x_next, i_next):
  6.3126977346E+01  1.7577743321E+02  0.0000000000E+00

Iteration time [s]:    2.571        Total time [s]:   70.424

--------------------------------------------------------------------------------
                                BO ITERATION 22                                 
--------------------------------------------------------------------------------
| Evaluating objective function at 6.313E+01 1.758E+02 0.000E+00
| Objective function evaluated, time [s]        0.522
| Data point added to dataset (x i y): 
  6.3126977346E+01  1.7577743321E+02  0.0000000000E+00       1.7576800000E+01

| Total ensemble size: 47
| Best acquisition, x_best i_best y_best:
  6.3126977346E+01  1.7577743321E+02  0.0000000000E+00       1.7576800000E+01
| Global minimum prediction, x_hat mu_hat +- nu_hat:
  5.9636632389E+01  1.8009591327E+02  0.0000000000E+00       1.7477137317E+01  3.1354459605E-04
| Global minimum convergence, d_xhat d_muhat:
  1.6888557831E+02  9.4394576870E-01

| GP model hyperparameters (lengthscales W kappa):
  6.4666962997E-01  4.4630674502E-01 -7.0109774420E+00 -2.9939053485E-01  4.6535905061E-01  1.8012840491E-02
| Next sampling location (x_next, i_next):
  5.5904026756E+01  1.7939283581E+02  0.0000000000E+00

Iteration time [s]:    2.614        Total time [s]:   73.039

--------------------------------------------------------------------------------
                                BO ITERATION 23                                 
--------------------------------------------------------------------------------
| Evaluating objective function at 5.590E+01 1.794E+02 0.000E+00
| Objective function evaluated, time [s]        0.915
| Data point added to dataset (x i y): 
  5.5904026756E+01  1.7939283581E+02  0.0000000000E+00       1.7510700000E+01

| Total ensemble size: 48
| Best acquisition, x_best i_best y_best:
  5.5904026756E+01  1.7939283581E+02  0.0000000000E+00       1.7510700000E+01
| Global minimum prediction, x_hat mu_hat +- nu_hat:
  5.9850619342E+01  1.8015624741E+02  0.0000000000E+00       1.7480637760E+01  2.3710950868E-05
| Global minimum convergence, d_xhat d_muhat:
  1.6901318046E+02  9.4099126400E-01

| GP model hyperparameters (lengthscales W kappa):
  6.6369319584E-01  4.7810218746E-01 -7.3913161026E+00 -3.1853913290E-01  4.7091595426E-01  2.0295041059E-02
| Next sampling location (x_next, i_next):
  6.1156280608E+01  1.8064088898E+02  0.0000000000E+00

Iteration time [s]:    2.975        Total time [s]:   76.014

--------------------------------------------------------------------------------
                                BO ITERATION 24                                 
--------------------------------------------------------------------------------
| Evaluating objective function at 6.116E+01 1.806E+02 0.000E+00
| Objective function evaluated, time [s]        0.545
| Acquisition location too confident, doing pure exploration
| Data point added to dataset (x i y): 
  6.1156280608E+01  1.8064088898E+02  0.0000000000E+00       1.7485800000E+01

| Total ensemble size: 49
| Best acquisition, x_best i_best y_best:
  6.1156280608E+01  1.8064088898E+02  0.0000000000E+00       1.7485800000E+01
| Global minimum prediction, x_hat mu_hat +- nu_hat:
  5.9791069465E+01  1.8013856873E+02  0.0000000000E+00       1.7481495063E+01  1.4369617487E-07
| Global minimum convergence, d_xhat d_muhat:
  1.6897735894E+02  9.3979331407E-01

| GP model hyperparameters (lengthscales W kappa):
  6.8567109453E-01  4.9605785307E-01  7.6939222619E+00  3.3108884828E-01  7.3628066976E-01  2.1686717351E-02
| Next sampling location (x_next, i_next):
 -3.0846305399E+01  6.1195172426E+01  0.0000000000E+00

Iteration time [s]:    2.964        Total time [s]:   78.979

--------------------------------------------------------------------------------
                                BO ITERATION 25                                 
--------------------------------------------------------------------------------
| Evaluating objective function at -3.085E+01 6.120E+01 0.000E+00
| Objective function evaluated, time [s]        0.488
| Acquisition location too confident, doing pure exploration
| Data point added to dataset (x i y): 
 -3.0846305399E+01  6.1195172426E+01  0.0000000000E+00       3.6741700000E+01

| Total ensemble size: 50
| Best acquisition, x_best i_best y_best:
  6.1156280608E+01  1.8064088898E+02  0.0000000000E+00       1.7485800000E+01
| Global minimum prediction, x_hat mu_hat +- nu_hat:
  5.9786320870E+01  1.8013948584E+02  0.0000000000E+00       1.7481453290E+01  1.3391553990E-07
| Global minimum convergence, d_xhat d_muhat:
  1.6897610162E+02  9.0784918631E-01

| GP model hyperparameters (lengthscales W kappa):
  6.8726719460E-01  5.0226236791E-01  7.6243822507E+00  3.3512147084E-01  1.7292081370E+00  1.9705525895E-02
| Next sampling location (x_next, i_next):
  1.8175176888E+02  2.7465076099E+02  0.0000000000E+00

Iteration time [s]:    3.043        Total time [s]:   82.023

--------------------------------------------------------------------------------
                                BO ITERATION 26                                 
--------------------------------------------------------------------------------
| Evaluating objective function at 1.818E+02 2.747E+02 0.000E+00
| Objective function evaluated, time [s]        0.499
| Data point added to dataset (x i y): 
  1.8175176888E+02  2.7465076099E+02  0.0000000000E+00       3.5825900000E+01

| Total ensemble size: 51
| Best acquisition, x_best i_best y_best:
  6.1156280608E+01  1.8064088898E+02  0.0000000000E+00       1.7485800000E+01
| Global minimum prediction, x_hat mu_hat +- nu_hat:
  5.9785531282E+01  1.8013807116E+02  0.0000000000E+00       1.7481417380E+01  1.7368590290E-07
| Global minimum convergence, d_xhat d_muhat:
  1.6897458851E+02  9.0784732193E-01

| GP model hyperparameters (lengthscales W kappa):
  6.3654642851E-01  4.8798236553E-01  7.0248083211E+00  3.2454364373E-01  1.4306033153E+00  1.8914933661E-02
| Next sampling location (x_next, i_next):
  2.8411421431E+02 -8.1696520363E+00  0.0000000000E+00

Iteration time [s]:    2.556        Total time [s]:   84.579

--------------------------------------------------------------------------------
                                BO ITERATION 27                                 
--------------------------------------------------------------------------------
| Evaluating objective function at 2.841E+02 -8.170E+00 0.000E+00
| Objective function evaluated, time [s]        1.363
| Acquisition location too confident, doing pure exploration
| Data point added to dataset (x i y): 
  2.8411421431E+02 -8.1696520363E+00  0.0000000000E+00       1.8421300000E+01

| Total ensemble size: 52
| Best acquisition, x_best i_best y_best:
  6.1156280608E+01  1.8064088898E+02  0.0000000000E+00       1.7485800000E+01
| Global minimum prediction, x_hat mu_hat +- nu_hat:
  5.9782936344E+01  1.8014395353E+02  0.0000000000E+00       1.7481437199E+01  2.9187466124E-07
| Global minimum convergence, d_xhat d_muhat:
  1.6897964116E+02  9.0784834910E-01

| GP model hyperparameters (lengthscales W kappa):
  5.8233697667E-01  4.7280844280E-01  6.9469303888E+00  2.8017288933E-01  1.4439682296E+00  2.5386757342E-02
| Next sampling location (x_next, i_next):
  2.7737152495E+02  1.1081554579E+02  0.0000000000E+00

Iteration time [s]:    3.896        Total time [s]:   88.475

--------------------------------------------------------------------------------
                                BO ITERATION 28                                 
--------------------------------------------------------------------------------
| Evaluating objective function at 2.774E+02 1.108E+02 0.000E+00
| Objective function evaluated, time [s]        1.526
| Data point added to dataset (x i y): 
  2.7737152495E+02  1.1081554579E+02  0.0000000000E+00       3.4918800000E+01

| Total ensemble size: 53
| Best acquisition, x_best i_best y_best:
  6.1156280608E+01  1.8064088898E+02  0.0000000000E+00       1.7485800000E+01
| Global minimum prediction, x_hat mu_hat +- nu_hat:
  5.9785082052E+01  1.8014392359E+02  0.0000000000E+00       1.7481456533E+01  3.1556344551E-07
| Global minimum convergence, d_xhat d_muhat:
  1.6898012751E+02  9.0784934700E-01

| GP model hyperparameters (lengthscales W kappa):
  5.6509022757E-01  4.6283944839E-01  6.6439813764E+00  2.9016520872E-01  1.4253853751E+00  2.1732520659E-02
| Next sampling location (x_next, i_next):
  1.9540362697E+02  1.1413201803E+01  0.0000000000E+00

Iteration time [s]:    3.854        Total time [s]:   92.330

--------------------------------------------------------------------------------
                                BO ITERATION 29                                 
--------------------------------------------------------------------------------
| Evaluating objective function at 1.954E+02 1.141E+01 0.000E+00
| Objective function evaluated, time [s]        1.623
| Data point added to dataset (x i y): 
  1.9540362697E+02  1.1413201803E+01  0.0000000000E+00       1.8389500000E+01

| Total ensemble size: 54
| Best acquisition, x_best i_best y_best:
  6.1156280608E+01  1.8064088898E+02  0.0000000000E+00       1.7485800000E+01
| Global minimum prediction, x_hat mu_hat +- nu_hat:
  5.9793847825E+01  1.8014916996E+02  0.0000000000E+00       1.7481565708E+01  3.7658266008E-07
| Global minimum convergence, d_xhat d_muhat:
  1.6898735092E+02  9.0785501546E-01

| GP model hyperparameters (lengthscales W kappa):
  5.3260670515E-01  5.0394418000E-01  7.3779982137E+00  3.5915125957E-01  1.4481772140E+00  1.4528333609E-02
| Next sampling location (x_next, i_next):
  2.7858159867E+02  1.7090394902E+02  0.0000000000E+00

Iteration time [s]:    3.911        Total time [s]:   96.242

--------------------------------------------------------------------------------
                                BO ITERATION 30                                 
--------------------------------------------------------------------------------
| Evaluating objective function at 2.786E+02 1.709E+02 0.000E+00
| Objective function evaluated, time [s]        0.516
| Acquisition location too confident, doing pure exploration
| Data point added to dataset (x i y): 
  2.7858159867E+02  1.7090394902E+02  0.0000000000E+00       2.3695200000E+01

| Total ensemble size: 55
| Best acquisition, x_best i_best y_best:
  6.1156280608E+01  1.8064088898E+02  0.0000000000E+00       1.7485800000E+01
| Global minimum prediction, x_hat mu_hat +- nu_hat:
  5.9787705492E+01  1.8014475663E+02  0.0000000000E+00       1.7481510322E+01  3.3542823799E-07
| Global minimum convergence, d_xhat d_muhat:
  1.6898144361E+02  9.0785213597E-01

| GP model hyperparameters (lengthscales W kappa):
  5.4088405151E-01  5.1981901065E-01  7.5283923222E+00  3.5819566006E-01  4.9470985914E-01  1.9880568339E-02
| Next sampling location (x_next, i_next):
  1.8402202414E+02  8.9683971237E+01  0.0000000000E+00

Iteration time [s]:    3.195        Total time [s]:   99.437

--------------------------------------------------------------------------------
                                BO ITERATION 31                                 
--------------------------------------------------------------------------------
| Evaluating objective function at 1.840E+02 8.968E+01 0.000E+00
| Objective function evaluated, time [s]        0.485
| Data point added to dataset (x i y): 
  1.8402202414E+02  8.9683971237E+01  0.0000000000E+00       3.2027300000E+01

| Total ensemble size: 56
| Best acquisition, x_best i_best y_best:
  6.1156280608E+01  1.8064088898E+02  0.0000000000E+00       1.7485800000E+01
| Global minimum prediction, x_hat mu_hat +- nu_hat:
  5.9790247818E+01  1.8014534098E+02  0.0000000000E+00       1.7481519274E+01  3.0614099513E-07
| Global minimum convergence, d_xhat d_muhat:
  1.6898270408E+02  9.0785260301E-01

| GP model hyperparameters (lengthscales W kappa):
  5.4544977893E-01  5.3841536886E-01  7.6300029823E+00  3.6374801301E-01  4.9752839369E-01  2.1924996859E-02
| Next sampling location (x_next, i_next):
  1.9602453535E+02 -2.2842933619E+00  0.0000000000E+00

Iteration time [s]:    2.839        Total time [s]:  102.278

--------------------------------------------------------------------------------
                                BO ITERATION 32                                 
--------------------------------------------------------------------------------
| Evaluating objective function at 1.960E+02 -2.284E+00 0.000E+00
| Objective function evaluated, time [s]        0.465
| Data point added to dataset (x i y): 
  1.9602453535E+02 -2.2842933619E+00  0.0000000000E+00       1.8874500000E+01

| Total ensemble size: 57
| Best acquisition, x_best i_best y_best:
  6.1156280608E+01  1.8064088898E+02  0.0000000000E+00       1.7485800000E+01
| Global minimum prediction, x_hat mu_hat +- nu_hat:
  5.9792231765E+01  1.8014706630E+02  0.0000000000E+00       1.7481541424E+01  2.7912785852E-07
| Global minimum convergence, d_xhat d_muhat:
  1.6898485168E+02  9.0785375483E-01

| GP model hyperparameters (lengthscales W kappa):
  5.5151267877E-01  5.5761712803E-01  7.8378587418E+00  3.8122869110E-01  8.2044165571E-01  2.1786233611E-02
| Next sampling location (x_next, i_next):
  2.0243136983E+02  7.0575980163E+00  0.0000000000E+00

Iteration time [s]:    2.939        Total time [s]:  105.219

--------------------------------------------------------------------------------
                                BO ITERATION 33                                 
--------------------------------------------------------------------------------
| Evaluating objective function at 2.024E+02 7.058E+00 0.000E+00
| Objective function evaluated, time [s]        0.969
| Data point added to dataset (x i y): 
  2.0243136983E+02  7.0575980163E+00  0.0000000000E+00       1.8475000000E+01

| Total ensemble size: 58
| Best acquisition, x_best i_best y_best:
  6.1156280608E+01  1.8064088898E+02  0.0000000000E+00       1.7485800000E+01
| Global minimum prediction, x_hat mu_hat +- nu_hat:
  5.9797930345E+01  1.8014897457E+02  0.0000000000E+00       1.7481603084E+01  3.3586515782E-07
| Global minimum convergence, d_xhat d_muhat:
  1.6898809091E+02  9.0785695837E-01

| GP model hyperparameters (lengthscales W kappa):
  5.2969595821E-01  5.6222944966E-01  7.8129635906E+00  3.6952019404E-01  9.5117905678E-01  2.3145250268E-02
| Next sampling location (x_next, i_next):
  2.8947596901E+02  2.3952076612E-01  0.0000000000E+00

Iteration time [s]:    3.387        Total time [s]:  108.606

--------------------------------------------------------------------------------
                                BO ITERATION 34                                 
--------------------------------------------------------------------------------
| Evaluating objective function at 2.895E+02 2.395E-01 0.000E+00
| Objective function evaluated, time [s]        1.628
| Data point added to dataset (x i y): 
  2.8947596901E+02  2.3952076612E-01  0.0000000000E+00       1.9054400000E+01

| Total ensemble size: 59
| Best acquisition, x_best i_best y_best:
  6.1156280608E+01  1.8064088898E+02  0.0000000000E+00       1.7485800000E+01
| Global minimum prediction, x_hat mu_hat +- nu_hat:
  5.9800380387E+01  1.8015014793E+02  0.0000000000E+00       1.7481632491E+01  3.3204758223E-07
| Global minimum convergence, d_xhat d_muhat:
  1.6898976549E+02  9.0785848262E-01

| GP model hyperparameters (lengthscales W kappa):
  5.2796633807E-01  5.7022317347E-01  7.9412465563E+00  3.8428548871E-01  9.5067510501E-01  2.1054417916E-02
| Next sampling location (x_next, i_next):
  1.9276494021E+02  7.1778922145E+00  0.0000000000E+00

Iteration time [s]:    4.070        Total time [s]:  112.677

--------------------------------------------------------------------------------
                                BO ITERATION 35                                 
--------------------------------------------------------------------------------
| Evaluating objective function at 1.928E+02 7.178E+00 0.000E+00
| Objective function evaluated, time [s]        1.473
| Acquisition location too confident, doing pure exploration
| Data point added to dataset (x i y): 
  1.9276494021E+02  7.1778922145E+00  0.0000000000E+00       1.8277100000E+01

| Total ensemble size: 60
| Best acquisition, x_best i_best y_best:
  6.1156280608E+01  1.8064088898E+02  0.0000000000E+00       1.7485800000E+01
| Global minimum prediction, x_hat mu_hat +- nu_hat:
  5.9802098732E+01  1.8015260246E+02  0.0000000000E+00       1.7481653810E+01  4.1602652869E-07
| Global minimum convergence, d_xhat d_muhat:
  1.6899252589E+02  9.0785958992E-01

| GP model hyperparameters (lengthscales W kappa):
  5.0700651124E-01  5.4277326272E-01 -7.7591787431E+00 -3.8299364489E-01  2.2340531233E-01  1.8209318938E-02
| Next sampling location (x_next, i_next):
  7.1239054495E+01  2.7816181533E+02  0.0000000000E+00

Iteration time [s]:    4.750        Total time [s]:  117.428

--------------------------------------------------------------------------------
                                BO ITERATION 36                                 
--------------------------------------------------------------------------------
| Evaluating objective function at 7.124E+01 2.782E+02 0.000E+00
| Objective function evaluated, time [s]        0.733
| Acquisition location too confident, doing pure exploration
| Data point added to dataset (x i y): 
  7.1239054495E+01  2.7816181533E+02  0.0000000000E+00       3.2279400000E+01

| Total ensemble size: 61
| Best acquisition, x_best i_best y_best:
  6.1156280608E+01  1.8064088898E+02  0.0000000000E+00       1.7485800000E+01
| Global minimum prediction, x_hat mu_hat +- nu_hat:
  5.9784605323E+01  1.8014213336E+02  0.0000000000E+00       1.7481454357E+01  4.3717954226E-07
| Global minimum convergence, d_xhat d_muhat:
  1.6897804454E+02  9.0784922759E-01

| GP model hyperparameters (lengthscales W kappa):
  5.0107701899E-01  5.0773847902E-01 -7.0651176788E+00 -3.5000480230E-01  1.5550698441E+00  1.5487278261E-02
| Next sampling location (x_next, i_next):
  1.2408949629E+02  5.3526260155E+01  0.0000000000E+00

Iteration time [s]:    4.021        Total time [s]:  121.450

--------------------------------------------------------------------------------
                                BO ITERATION 37                                 
--------------------------------------------------------------------------------
| Evaluating objective function at 1.241E+02 5.353E+01 0.000E+00
| Objective function evaluated, time [s]        0.799
| Acquisition location too confident, doing pure exploration
| Data point added to dataset (x i y): 
  1.2408949629E+02  5.3526260155E+01  0.0000000000E+00       3.2277100000E+01

| Total ensemble size: 62
| Best acquisition, x_best i_best y_best:
  6.1156280608E+01  1.8064088898E+02  0.0000000000E+00       1.7485800000E+01
| Global minimum prediction, x_hat mu_hat +- nu_hat:
  5.9786553282E+01  1.8013595650E+02  0.0000000000E+00       1.7481431736E+01  4.5102351534E-07
| Global minimum convergence, d_xhat d_muhat:
  1.6897280760E+02  9.0784805172E-01

| GP model hyperparameters (lengthscales W kappa):
  5.0011054934E-01  4.8526874083E-01  6.7393525348E+00  3.1735351794E-01  5.0850548116E-01  1.8976528825E-02
| Next sampling location (x_next, i_next):
  2.8966603838E+02  2.4965591506E+02  0.0000000000E+00

Iteration time [s]:    4.280        Total time [s]:  125.730

--------------------------------------------------------------------------------
                                BO ITERATION 38                                 
--------------------------------------------------------------------------------
| Evaluating objective function at 2.897E+02 2.497E+02 0.000E+00
| Objective function evaluated, time [s]        0.530
| Acquisition location too confident, doing pure exploration
| Data point added to dataset (x i y): 
  2.8966603838E+02  2.4965591506E+02  0.0000000000E+00       3.1286300000E+01

| Total ensemble size: 63
| Best acquisition, x_best i_best y_best:
  6.1156280608E+01  1.8064088898E+02  0.0000000000E+00       1.7485800000E+01
| Global minimum prediction, x_hat mu_hat +- nu_hat:
  5.9788948591E+01  1.8013766740E+02  0.0000000000E+00       1.7481454404E+01  4.2209764741E-07
| Global minimum convergence, d_xhat d_muhat:
  1.6897507934E+02  9.0784922818E-01

| GP model hyperparameters (lengthscales W kappa):
  5.0132300030E-01  4.8935145450E-01  6.6997338637E+00  3.2090062832E-01  7.4688148973E-01  1.8460962144E-02
| Next sampling location (x_next, i_next):
  3.2269606950E+01  7.2031801055E+01  0.0000000000E+00

Iteration time [s]:    4.143        Total time [s]:  129.873

--------------------------------------------------------------------------------
                                BO ITERATION 39                                 
--------------------------------------------------------------------------------
| Evaluating objective function at 3.227E+01 7.203E+01 0.000E+00
| Objective function evaluated, time [s]        0.473
| Acquisition location too confident, doing pure exploration
| Data point added to dataset (x i y): 
  3.2269606950E+01  7.2031801055E+01  0.0000000000E+00       3.3260800000E+01

| Total ensemble size: 64
| Best acquisition, x_best i_best y_best:
  6.1156280608E+01  1.8064088898E+02  0.0000000000E+00       1.7485800000E+01
| Global minimum prediction, x_hat mu_hat +- nu_hat:
  5.9790401430E+01  1.8014135517E+02  0.0000000000E+00       1.7481475428E+01  4.0037727969E-07
| Global minimum convergence, d_xhat d_muhat:
  1.6897896782E+02  9.0785032153E-01

| GP model hyperparameters (lengthscales W kappa):
  5.0399985966E-01  4.9002032718E-01  6.6375248766E+00  3.1745715702E-01  7.4680118951E-01  1.9112044127E-02
| Next sampling location (x_next, i_next):
 -1.3631877509E+00  2.4307304317E+01  0.0000000000E+00

Iteration time [s]:    4.044        Total time [s]:  133.918

--------------------------------------------------------------------------------
                                BO ITERATION 40                                 
--------------------------------------------------------------------------------
| Evaluating objective function at -1.363E+00 2.431E+01 0.000E+00
| Objective function evaluated, time [s]        9.436
| Acquisition location too confident, doing pure exploration
| Data point added to dataset (x i y): 
 -1.3631877509E+00  2.4307304317E+01  0.0000000000E+00       3.4846800000E+01

| Total ensemble size: 65
| Best acquisition, x_best i_best y_best:
  6.1156280608E+01  1.8064088898E+02  0.0000000000E+00       1.7485800000E+01
| Global minimum prediction, x_hat mu_hat +- nu_hat:
  5.9796248051E+01  1.8013965437E+02  0.0000000000E+00       1.7481511489E+01  4.0643053536E-07
| Global minimum convergence, d_xhat d_muhat:
  1.6897877128E+02  9.0785219534E-01

| GP model hyperparameters (lengthscales W kappa):
  4.9738110368E-01  5.0312927772E-01  6.6939297935E+00  3.2508652498E-01  7.4923836852E-01  1.9831441120E-02
| Next sampling location (x_next, i_next):
  2.0971804446E+02  2.4104035184E+02  0.0000000000E+00

Iteration time [s]:   13.194        Total time [s]:  147.112

--------------------------------------------------------------------------------
                                BO ITERATION 41                                 
--------------------------------------------------------------------------------
| Evaluating objective function at 2.097E+02 2.410E+02 0.000E+00
| Objective function evaluated, time [s]        0.464
| Acquisition location too confident, doing pure exploration
| Data point added to dataset (x i y): 
  2.0971804446E+02  2.4104035184E+02  0.0000000000E+00       3.4415100000E+01

| Total ensemble size: 66
| Best acquisition, x_best i_best y_best:
  6.1156280608E+01  1.8064088898E+02  0.0000000000E+00       1.7485800000E+01
| Global minimum prediction, x_hat mu_hat +- nu_hat:
  5.9796448364E+01  1.8013996898E+02  0.0000000000E+00       1.7481513639E+01  3.9221511186E-07
| Global minimum convergence, d_xhat d_muhat:
  1.6897908427E+02  9.0785230668E-01

| GP model hyperparameters (lengthscales W kappa):
  4.9837057429E-01  5.0800337879E-01  6.6947791266E+00  3.2823385860E-01  7.7175376916E-01  1.9696839960E-02
| Next sampling location (x_next, i_next):
  1.0709740577E+02  2.5463267441E+02  0.0000000000E+00

Iteration time [s]:    4.152        Total time [s]:  151.265

--------------------------------------------------------------------------------
                                BO ITERATION 42                                 
--------------------------------------------------------------------------------
| Evaluating objective function at 1.071E+02 2.546E+02 0.000E+00
| Objective function evaluated, time [s]        0.504
| Acquisition location too confident, doing pure exploration
| Data point added to dataset (x i y): 
  1.0709740577E+02  2.5463267441E+02  0.0000000000E+00       3.3008900000E+01

| Total ensemble size: 67
| Best acquisition, x_best i_best y_best:
  6.1156280608E+01  1.8064088898E+02  0.0000000000E+00       1.7485800000E+01
| Global minimum prediction, x_hat mu_hat +- nu_hat:
  5.9794538318E+01  1.8014001104E+02  0.0000000000E+00       1.7481486604E+01  3.7849259185E-07
| Global minimum convergence, d_xhat d_muhat:
  1.6897864407E+02  9.0785090343E-01

| GP model hyperparameters (lengthscales W kappa):
  4.9761905747E-01  5.1128193877E-01  6.7291588407E+00  3.2709022254E-01  2.9869063765E-01  2.0233168053E-02
| Next sampling location (x_next, i_next):
  2.3246897358E+02  1.0411770611E+02  0.0000000000E+00

Iteration time [s]:    4.136        Total time [s]:  155.401

--------------------------------------------------------------------------------
                                BO ITERATION 43                                 
--------------------------------------------------------------------------------
| Evaluating objective function at 2.325E+02 1.041E+02 0.000E+00
| Objective function evaluated, time [s]        0.546
| Acquisition location too confident, doing pure exploration
| Data point added to dataset (x i y): 
  2.3246897358E+02  1.0411770611E+02  0.0000000000E+00       3.7542300000E+01

| Total ensemble size: 68
| Best acquisition, x_best i_best y_best:
  6.1156280608E+01  1.8064088898E+02  0.0000000000E+00       1.7485800000E+01
| Global minimum prediction, x_hat mu_hat +- nu_hat:
  5.9791773486E+01  1.8013911051E+02  0.0000000000E+00       1.7481456844E+01  3.7060840965E-07
| Global minimum convergence, d_xhat d_muhat:
  1.6897711492E+02  8.7161052356E-01

| GP model hyperparameters (lengthscales W kappa):
  4.9831421992E-01  5.1672181340E-01  6.7908757995E+00  3.3296459194E-01  2.9890816329E-01  2.0007840621E-02
| Next sampling location (x_next, i_next):
  4.0267938506E+01  5.5576491684E+00  0.0000000000E+00

Iteration time [s]:    4.400        Total time [s]:  159.802

--------------------------------------------------------------------------------
                                BO ITERATION 44                                 
--------------------------------------------------------------------------------
| Evaluating objective function at 4.027E+01 5.558E+00 0.000E+00
| Objective function evaluated, time [s]        0.540
| Acquisition location too confident, doing pure exploration
| Data point added to dataset (x i y): 
  4.0267938506E+01  5.5576491684E+00  0.0000000000E+00       2.6198300000E+01

| Total ensemble size: 69
| Best acquisition, x_best i_best y_best:
  6.1156280608E+01  1.8064088898E+02  0.0000000000E+00       1.7485800000E+01
| Global minimum prediction, x_hat mu_hat +- nu_hat:
  5.9796131508E+01  1.8014657653E+02  0.0000000000E+00       1.7481495676E+01  4.3665474960E-07
| Global minimum convergence, d_xhat d_muhat:
  1.6898542596E+02  8.7161246009E-01

| GP model hyperparameters (lengthscales W kappa):
  4.8033113492E-01  5.3563534260E-01  7.1397195504E+00  3.7160545879E-01  4.9138318228E-01  1.5015374982E-02
| Next sampling location (x_next, i_next):
  6.7441087402E+01  4.6441709049E+01  0.0000000000E+00

Iteration time [s]:    4.190        Total time [s]:  163.993

--------------------------------------------------------------------------------
                                BO ITERATION 45                                 
--------------------------------------------------------------------------------
| Evaluating objective function at 6.744E+01 4.644E+01 0.000E+00
| Objective function evaluated, time [s]        0.541
| Acquisition location too confident, doing pure exploration
| Data point added to dataset (x i y): 
  6.7441087402E+01  4.6441709049E+01  0.0000000000E+00       3.1168400000E+01

| Total ensemble size: 70
| Best acquisition, x_best i_best y_best:
  6.1156280608E+01  1.8064088898E+02  0.0000000000E+00       1.7485800000E+01
| Global minimum prediction, x_hat mu_hat +- nu_hat:
  5.9798321231E+01  1.8015442819E+02  0.0000000000E+00       1.7481556533E+01  4.6573286552E-07
| Global minimum convergence, d_xhat d_muhat:
  1.6899348919E+02  8.7161549104E-01

| GP model hyperparameters (lengthscales W kappa):
  4.7190703226E-01  5.3865368377E-01  7.1119244977E+00  3.7083492781E-01  4.8990569073E-01  1.4386779870E-02
| Next sampling location (x_next, i_next):
 -2.2905182204E+01  2.5775113480E+02  0.0000000000E+00

Iteration time [s]:    4.177        Total time [s]:  168.174

--------------------------------------------------------------------------------
                                BO ITERATION 46                                 
--------------------------------------------------------------------------------
| Evaluating objective function at -2.291E+01 2.578E+02 0.000E+00
| Objective function evaluated, time [s]        0.531
| Acquisition location too confident, doing pure exploration
| Data point added to dataset (x i y): 
 -2.2905182204E+01  2.5775113480E+02  0.0000000000E+00       3.1666500000E+01

| Total ensemble size: 71
| Best acquisition, x_best i_best y_best:
  6.1156280608E+01  1.8064088898E+02  0.0000000000E+00       1.7485800000E+01
| Global minimum prediction, x_hat mu_hat +- nu_hat:
  5.9798987348E+01  1.8015518567E+02  0.0000000000E+00       1.7481562830E+01  4.4434454152E-07
| Global minimum convergence, d_xhat d_muhat:
  1.6899431761E+02  8.7161580359E-01

| GP model hyperparameters (lengthscales W kappa):
  4.7425282415E-01  5.4607578253E-01  7.0765975859E+00  3.8291100489E-01  2.1516584275E+00  9.6915534758E-03
| Next sampling location (x_next, i_next):
  1.6573722413E+02  2.3211964329E+02  0.0000000000E+00

Iteration time [s]:    4.260        Total time [s]:  172.435

--------------------------------------------------------------------------------
                                BO ITERATION 47                                 
--------------------------------------------------------------------------------
| Evaluating objective function at 1.657E+02 2.321E+02 0.000E+00
| Objective function evaluated, time [s]        0.525
| Acquisition location too confident, doing pure exploration
| Data point added to dataset (x i y): 
  1.6573722413E+02  2.3211964329E+02  0.0000000000E+00       2.9435900000E+01

| Total ensemble size: 72
| Best acquisition, x_best i_best y_best:
  6.1156280608E+01  1.8064088898E+02  0.0000000000E+00       1.7485800000E+01
| Global minimum prediction, x_hat mu_hat +- nu_hat:
  5.9796502885E+01  1.8015394650E+02  0.0000000000E+00       1.7481540158E+01  3.9684135613E-07
| Global minimum convergence, d_xhat d_muhat:
  1.6899249569E+02  8.7161467423E-01

| GP model hyperparameters (lengthscales W kappa):
  4.7740716383E-01  5.4980479255E-01  7.2043963111E+00  3.8093464710E-01  9.5434995313E-01  1.3170314737E-02
| Next sampling location (x_next, i_next):
  2.7897716650E+02  6.2293458173E+01  0.0000000000E+00

Iteration time [s]:    4.379        Total time [s]:  176.816

--------------------------------------------------------------------------------
                                BO ITERATION 48                                 
--------------------------------------------------------------------------------
| Evaluating objective function at 2.790E+02 6.229E+01 0.000E+00
| Objective function evaluated, time [s]        0.508
| Acquisition location too confident, doing pure exploration
| Data point added to dataset (x i y): 
  2.7897716650E+02  6.2293458173E+01  0.0000000000E+00       3.4333800000E+01

| Total ensemble size: 73
| Best acquisition, x_best i_best y_best:
  6.1156280608E+01  1.8064088898E+02  0.0000000000E+00       1.7485800000E+01
| Global minimum prediction, x_hat mu_hat +- nu_hat:
  5.9794327460E+01  1.8015223341E+02  0.0000000000E+00       1.7481520941E+01  3.8222368728E-07
| Global minimum convergence, d_xhat d_muhat:
  1.6899032711E+02  8.7161371846E-01

| GP model hyperparameters (lengthscales W kappa):
  4.8042028927E-01  5.5453722895E-01  7.2730966995E+00  3.8206115250E-01  9.5771869617E-01  1.3426267574E-02
| Next sampling location (x_next, i_next):
  5.0562132279E+01 -4.2269491154E+01  0.0000000000E+00

Iteration time [s]:    4.496        Total time [s]:  181.313

--------------------------------------------------------------------------------
                                BO ITERATION 49                                 
--------------------------------------------------------------------------------
| Evaluating objective function at 5.056E+01 -4.227E+01 0.000E+00
| Objective function evaluated, time [s]        1.267
| Acquisition location too confident, doing pure exploration
| Data point added to dataset (x i y): 
  5.0562132279E+01 -4.2269491154E+01  0.0000000000E+00       2.9922700000E+01

| Total ensemble size: 74
| Best acquisition, x_best i_best y_best:
  6.1156280608E+01  1.8064088898E+02  0.0000000000E+00       1.7485800000E+01
| Global minimum prediction, x_hat mu_hat +- nu_hat:
  5.9794816869E+01  1.8015472626E+02  0.0000000000E+00       1.7481543148E+01  3.7987751069E-07
| Global minimum convergence, d_xhat d_muhat:
  1.6899287061E+02  8.7161482638E-01

| GP model hyperparameters (lengthscales W kappa):
  4.8045318555E-01  5.4767619992E-01  7.1449666332E+00  3.7304118661E-01  9.5609920439E-01  1.3703402696E-02
| Next sampling location (x_next, i_next):
  1.8019650196E+02  1.3475351985E+02  0.0000000000E+00

Iteration time [s]:    5.721        Total time [s]:  187.035

--------------------------------------------------------------------------------
                                BO ITERATION 50                                 
--------------------------------------------------------------------------------
| Evaluating objective function at 1.802E+02 1.348E+02 0.000E+00
| Objective function evaluated, time [s]        0.461
| Acquisition location too confident, doing pure exploration
| Data point added to dataset (x i y): 
  1.8019650196E+02  1.3475351985E+02  0.0000000000E+00       2.6688300000E+01

| Total ensemble size: 75
| Best acquisition, x_best i_best y_best:
  6.1156280608E+01  1.8064088898E+02  0.0000000000E+00       1.7485800000E+01
| Global minimum prediction, x_hat mu_hat +- nu_hat:
  5.9791436114E+01  1.8015522451E+02  0.0000000000E+00       1.7481519891E+01  3.8583831765E-07
| Global minimum convergence, d_xhat d_muhat:
  1.6899247913E+02  8.7161366694E-01

| GP model hyperparameters (lengthscales W kappa):
  4.7642875100E-01  5.5880500516E-01 -7.2379509189E+00 -3.7514717668E-01  3.3385200898E-01  1.6013095914E-02
| Next sampling location (x_next, i_next):
  1.5488408974E+02 -5.0000000000E+01  0.0000000000E+00

Iteration time [s]:    4.464        Total time [s]:  191.499

|| Bayesian optimization completed, time [s]      191.490


--------------------------------------------------------------------------------
                        BOSS is done! Have a nice day :)                        

      Datetime 05-05-2020 08:36:44            Total time [s]      191.500       
--------------------------------------------------------------------------------
