-50.0000000000_-50.0000000000
130.0000000000_130.0000000000
252.9701252000_310.0000000000
7.4922867000_-50.0000000000
287.0271069000_252.3375136000
286.3585336000_-11.3253711000
291.0583102000_32.8879976000
243.0468533000_-1.8601013000
180.5732105000_-1.9766595000
-24.2307935000_164.9925731000
40.9578868000_189.3242512000
119.4408477000_203.5808226000
241.0335240000_179.9807008000
-30.6274552000_200.5416266000
279.0383621000_124.8527864000
95.0013882000_66.0224124000
57.8200548000_232.2763999000
157.8509655000_171.6102892000
71.1524418000_161.1635440000
197.4349890000_208.2154349000
211.7003033000_24.4762877000
249.7676268000_7.6570322000
24.4544028000_143.8288816000
225.4444165000_3.8980043000
233.4377531000_-1.8146605000
16.0213046000_176.7014660000
98.4558426000_178.7926603000
235.9623850000_2.4965729000
204.5950481000_157.5359716000
238.1902862000_.5514749000
129.2538925000_284.7720110000
-50.0000000000_181.0347996000
52.1415571000_14.4016686000
7.8386019000_78.1502058000
209.1627742000_90.4317926000
82.0372561000_310.0000000000
194.7715433000_263.0218764000
-1.3734317000_261.7040489000
112.0208771000_17.2623333000
151.0148792000_76.2087277000
-50.0000000000_89.7279040000
-5.5099481000_18.1748094000
62.2929206000_102.9261819000
239.6118519000_236.9252688000
69.6877248000_184.5791094000
259.2924337000_77.2464975000
168.7011978000_308.0371152000
49.8577655000_280.5667345000
97.4967524000_255.2238635000
44.3993097000_52.6608708000
123.8315705000_-24.0251436000
234.9409052000_123.6262092000
275.3095711000_213.3010744000
155.1149989000_242.1762395000
141.8794851000_39.7488098000
175.8663162000_120.5933127000
37.3317457000_-21.9431265000
-15.3178400000_115.7850523000
-20.9353311000_53.0336383000
-17.7681963000_-20.4976849000
110.9941484000_100.1361515000
267.2677474000_155.3003420000
8.8303586000_227.2735564000
-37.5443608000_239.0760693000
229.8481087000_279.9061057000
81.6264292000_-12.3710332000
-39.4618289000_277.9363130000
88.6699037000_128.4642261000
207.1309303000_305.2858970000
227.5214896000_59.7097022000
-48.8438746000_137.4238593000
160.6682579000_206.5787082000
181.0792542000_60.9272940000
-38.2740822000_14.4129952000
80.6326590000_35.8964787000
280.2564419000_286.5730900000
26.9800611000_109.5767523000
164.8102861000_276.2033432000
92.7416693000_221.9929613000
16.0338754000_41.6476561000
146.4669422000_7.6340306000
49.1639060000_-48.0756317000
30.2565491000_253.2526126000
286.6399203000_63.6076690000
169.6564046000_145.9984412000
124.9017035000_239.4483743000
257.2481649000_261.6297972000
187.7447706000_181.3512153000
302.9425854000_218.0474436000
53.5879633000_129.9318484000
157.3383425000_-22.6329396000
203.3459291000_125.2287381000
-18.2398601000_298.1378152000
275.5609204000_184.5660234000
258.9736874000_46.9710932000
19.7557526000_285.5156747000
231.6131452000_205.7262724000
121.8678880000_155.9217457000
52.4661845000_176.9058248000
120.4224683000_57.6705338000
15.9238019000_-.0562921000
95.0702734000_284.9068159000
warning in stationary: failed to import cython module: falling back to numpy
warning in coregionalize: failed to import cython module: falling back to numpy
warning in choleskies: failed to import cython module: falling back to numpy
