-50.0000000000_-50.0000000000
130.0000000000_130.0000000000
-50.0000000000_252.9830506000
-50.0000000000_-7.7729651000
2.2645996000_6.2882232000
277.9990973000_2.0133968000
272.5159476000_64.5826456000
245.0880184000_-22.3180261000
165.5899545000_310.0000000000
219.1463188000_12.8249441000
150.7102347000_33.1987554000
23.7072115000_172.2964784000
81.1911202000_205.0364447000
294.4208982000_166.2861925000
203.8648493000_190.1067713000
-6.4200583000_127.5494108000
-25.1100075000_199.0184773000
130.4837221000_177.2536046000
158.9698736000_226.7186912000
214.9097240000_152.0642553000
203.8492425000_-1.7343210000
240.4272825000_.5655967000
239.8132790000_6.7393713000
57.6694131000_272.0718543000
264.9520452000_196.2760250000
77.5763893000_167.6121746000
256.9407604000_-6.1435053000
48.0250967000_187.9700352000
233.2983661000_2.0569773000
237.3815268000_-.5297133000
55.2716590000_75.6432003000
86.9305568000_183.2204739000
-41.2114168000_178.7408917000
82.5579690000_-24.5249129000
192.4226356000_89.6214483000
222.1980665000_261.5450783000
75.6680615000_26.0816444000
-12.2482960000_59.7692157000
118.8044697000_268.8587032000
261.3661511000_112.9657502000
20.7285502000_-44.7011035000
115.3445816000_78.4393136000
310.0000000000_96.5114204000
64.6153930000_114.4985164000
58.6330467000_177.5048740000
5.7711607000_255.6827920000
127.7597307000_-7.1794150000
172.8215304000_171.1295568000
237.3199718000_.9079417000
108.7733289000_-50.0000000000
252.3155153000_234.4656766000
247.4915204000_174.6354091000
296.8327818000_184.6676511000
173.4394667000_264.9145286000
30.9160039000_40.0478243000
268.7274535000_279.7688592000
13.3618178000_92.8835927000
174.9134603000_118.7986291000
-10.4979328000_285.1841410000
161.9052570000_69.7737146000
44.0769587000_-3.4162442000
-46.5784437000_38.0359237000
204.8308876000_297.8215439000
233.3287617000_75.3934317000
201.5213051000_229.6115084000
52.9667408000_239.3861946000
112.4342457000_234.7815514000
108.7027815000_47.2366072000
33.8640678000_132.6950215000
-50.0000000000_129.4796538000
165.5016353000_188.5467927000
59.6015363000_-50.0000000000
-12.0201273000_-29.8335961000
222.0395629000_114.3921881000
299.0066395000_223.5164824000
11.8574019000_222.2575813000
146.0349806000_98.5989067000
105.7501137000_12.0646307000
144.5650605000_288.1639464000
84.4309944000_254.4824690000
254.9831775000_139.9111806000
66.5651805000_181.5635233000
200.0372610000_54.6267183000
100.3795048000_114.4544798000
-23.9998108000_236.1853829000
129.4615307000_207.5032034000
-48.1552248000_67.1037648000
273.8254531000_251.4405260000
83.9356018000_67.2764939000
238.5296393000_292.3921904000
88.8160313000_289.1474697000
229.2265376000_208.2024979000
-19.9775092000_92.1977142000
24.7338375000_287.7554232000
201.7424490000_-34.8272805000
-12.0650812000_28.6098165000
74.8102617000_135.8970065000
275.7507137000_307.3284639000
-16.3904369000_151.0641104000
236.7940998000_50.5666624000
156.1384664000_3.1906481000
143.4786425000_252.1946082000
warning in stationary: failed to import cython module: falling back to numpy
warning in coregionalize: failed to import cython module: falling back to numpy
warning in choleskies: failed to import cython module: falling back to numpy
