-50.0000000000_-50.0000000000
130.0000000000_130.0000000000
1.8758277000_287.9077513000
271.9757034000_-21.5890512000
273.6207302000_30.0429711000
229.4220840000_310.0000000000
303.6662584000_-2.4449102000
276.2258270000_166.6511007000
-36.6395156000_140.1305846000
227.6625237000_185.9887601000
231.6245363000_137.9724587000
-37.1757244000_194.7737125000
65.5916975000_180.0775427000
97.8755685000_213.4517049000
91.2488291000_-19.0211096000
58.0260873000_69.0396065000
203.2157909000_-1.2995315000
246.5323553000_234.6829069000
141.2989593000_174.7058746000
156.4678198000_27.0182279000
5.1036372000_170.8460708000
234.7106017000_78.7033015000
76.3290788000_159.1417767000
201.7538938000_-17.1570214000
243.5359972000_1.2574938000
222.4090639000_14.5712242000
233.4049572000_-2.9227064000
26.6499389000_204.1788646000
233.8507738000_3.2259135000
238.7048632000_.2723903000
34.8660627000_17.6159698000
133.6600068000_273.4164413000
172.5033368000_198.7118108000
183.8762602000_170.7043410000
-6.4251984000_85.0701156000
-40.5386730000_254.2126564000
163.6380260000_81.8441788000
69.2085327000_276.0432931000
282.6775707000_190.7499974000
27.5788832000_-29.4264839000
40.9796042000_113.6387455000
289.3808605000_99.1294733000
105.1285810000_87.0693999000
117.2685141000_-50.0000000000
193.8452060000_260.9894697000
91.1084274000_34.7603273000
237.8783133000_1.2146588000
270.1530299000_274.5940664000
-11.2164859000_41.2123398000
35.3507875000_246.4940109000
95.5502329000_179.4795006000
192.0698950000_111.9487612000
132.4179548000_-6.6851375000
235.4032817000_1.0488017000
-46.4405210000_173.5284206000
149.0132454000_235.9081160000
-6.2149618000_-9.8885832000
-45.5671694000_68.7016100000
98.7756476000_252.9961774000
125.2551704000_57.9468937000
-4.5216407000_235.7679893000
160.4552925000_-50.0000000000
205.1163231000_224.0920115000
10.0406690000_132.4685230000
230.7213628000_266.5006743000
295.5186155000_230.2315057000
255.2064279000_114.8990677000
85.4842407000_119.4484542000
22.2331905000_57.2923720000
62.2282982000_310.0000000000
266.6960620000_67.9498629000
-14.0048965000_-39.4781124000
64.4748054000_225.9754051000
193.6002856000_292.0157261000
191.1503195000_63.5034012000
63.3954241000_.6193439000
-26.3193377000_110.1317768000
168.1730434000_137.8328668000
112.1936258000_14.6475902000
-37.4367259000_22.0635093000
38.0754667000_151.1844517000
286.9422717000_132.5889155000
34.3241781000_292.9849283000
143.8964572000_107.4717815000
235.5563965000_50.5821371000
98.3743131000_287.3808005000
249.3173298000_208.8086816000
132.8261565000_205.5619181000
54.5994481000_38.6252819000
265.7891323000_301.5582373000
68.2429269000_95.9629690000
306.4902986000_281.8305645000
6.0678228000_262.9672300000
27.3081510000_90.7506079000
164.1956990000_51.9328723000
240.4620311000_162.6168608000
165.1898284000_274.5997521000
155.6222363000_-25.0782343000
113.8334700000_154.9106124000
41.0453032000_179.3121837000
202.7148956000_146.7330866000
221.4209900000_104.9402353000
warning in stationary: failed to import cython module: falling back to numpy
warning in coregionalize: failed to import cython module: falling back to numpy
warning in choleskies: failed to import cython module: falling back to numpy
