-50.0000000000_-50.0000000000
130.0000000000_130.0000000000
3.9657506000_-33.1227269000
270.9670712000_285.6789006000
-50.0000000000_6.5947111000
-49.8374945000_84.7331801000
276.0168141000_-.7746035000
237.7660705000_12.2562841000
204.7423678000_-20.9608551000
166.4195748000_33.8091099000
77.4152497000_217.5187266000
170.7262411000_214.2477373000
125.9464768000_276.5473775000
-8.0902492000_192.1926927000
265.2116748000_183.4879077000
305.5047098000_221.1877447000
43.9763744000_159.6626905000
207.5432752000_159.9009344000
310.0000000000_152.7390211000
116.4110594000_179.7975306000
78.1811858000_53.0865747000
213.3883069000_64.3377890000
249.7816504000_-12.9670687000
126.6159393000_.2705273000
57.8228980000_185.4780482000
221.9304239000_2.1758209000
243.6224828000_-.4357087000
211.3225898000_190.7941551000
82.6480594000_168.0967401000
257.5122298000_141.5795843000
166.9438520000_176.9648431000
235.1704725000_.6610837000
235.4644189000_2.2527151000
20.3828105000_265.9759601000
38.8564434000_99.5239556000
77.5764522000_309.6543023000
310.0000000000_182.7481250000
238.0344712000_.8087012000
210.2111939000_256.5836151000
45.7093253000_11.7969400000
-6.1922487000_166.6880724000
129.7691576000_82.2802589000
6.3005644000_54.5595341000
183.6918239000_110.0017327000
-9.3457525000_112.5851995000
138.4371217000_-42.8411627000
-28.6249048000_260.8178620000
249.2601656000_235.0186187000
255.0920551000_92.5337763000
173.0424538000_286.0449004000
86.6618830000_110.0196658000
27.8330214000_230.7691798000
70.4603525000_263.8028003000
306.1242243000_46.3351173000
80.4545019000_-13.8444235000
224.0880236000_295.6315988000
130.7080814000_239.3658616000
38.1846653000_-50.0000000000
223.0815980000_115.1173677000
291.9146335000_115.7032828000
108.6314261000_32.8807342000
-7.3295616000_294.7789216000
30.6784466000_182.6414566000
2.9506369000_14.6858840000
169.7340714000_72.9901988000
284.8232883000_253.5239254000
269.4731864000_61.1938848000
166.2295429000_251.3218368000
25.3152366000_129.4266357000
81.2621122000_183.1432631000
38.9493555000_41.6057068000
206.8604964000_225.7240779000
171.3213919000_140.5112791000
60.2343133000_177.4183890000
161.0476294000_-14.4979909000
79.5572925000_19.5328456000
9.8110393000_86.1194995000
-11.3567898000_234.6528665000
-33.5228400000_-20.6494618000
272.1799858000_210.6319386000
65.9816077000_130.5563171000
99.8208233000_252.3815427000
47.8947573000_71.8153025000
110.4958878000_-28.8874771000
137.2612714000_55.5750840000
18.3869080000_-10.7464085000
208.8652576000_89.6478067000
245.8450460000_267.8109847000
93.3279532000_286.0817946000
123.0535822000_207.4204746000
306.9898905000_280.2405157000
-25.0401294000_67.1416039000
193.3948153000_43.8396791000
52.0355477000_179.6790886000
150.1600665000_106.9935434000
236.0999470000_168.9119838000
48.9836262000_285.7973378000
238.3650374000_206.1509684000
-28.0891875000_134.9555292000
88.4632228000_79.8580434000
177.8212012000_-46.2731656000
50.1181329000_245.0226859000
warning in stationary: failed to import cython module: falling back to numpy
warning in coregionalize: failed to import cython module: falling back to numpy
warning in choleskies: failed to import cython module: falling back to numpy
