-50.0000000000_-50.0000000000
130.0000000000_130.0000000000
-50.0000000000_252.9874259000
309.6704063000_-7.7752178000
1.4339407000_7.3941857000
277.8219818000_1.8162635000
272.4440515000_64.4956653000
244.7424701000_-22.5352780000
197.5208282000_8.7448436000
146.7305473000_-25.4851522000
164.1615795000_47.6603394000
15.9841078000_166.3895470000
68.9479296000_200.0356606000
156.8772352000_209.2364988000
281.9895932000_168.8427935000
-34.3909388000_130.5798051000
209.1581552000_170.8507151000
250.2800403000_203.9846885000
90.7191936000_255.5458466000
105.7229641000_173.7174494000
-20.9586753000_193.7462215000
231.3711861000_15.9347319000
235.9270543000_-1.0324899000
249.1425229000_-2.1498581000
239.5415744000_2.5233053000
240.6623555000_-.4118257000
65.9238448000_163.1409346000
234.5578279000_135.4066859000
56.6281658000_88.6065506000
234.7920052000_1.7141683000
193.6367023000_268.7226762000
48.2595422000_309.7015489000
161.9921804000_175.7755480000
87.5790572000_22.9942151000
18.1743714000_256.1905327000
-6.0600153000_62.2289459000
253.4688861000_270.0679895000
194.0649584000_93.8277718000
128.8117846000_290.6257558000
24.2252694000_117.7980262000
309.2233291000_96.3154322000
73.4000283000_-14.7585667000
36.8259726000_187.0364589000
121.2700346000_84.6090415000
46.3773873000_45.7338799000
295.2435971000_188.7979442000
215.0043837000_236.6437953000
22.7423597000_225.7180534000
186.9772476000_306.6516413000
140.8802077000_246.5303176000
4.2454665000_-35.4578239000
247.3463385000_95.3252018000
84.3692553000_119.1655516000
-38.3239035000_38.4197675000
98.2410813000_-43.2794588000
182.7473226000_132.4691317000
132.3605073000_13.9662023000
96.7104804000_57.5877298000
-14.0744060000_284.1834063000
274.3195409000_232.8857894000
113.5988544000_218.5039746000
-22.8000070000_230.0663518000
219.0438229000_67.0107520000
281.2550316000_124.5088256000
57.8307470000_276.6377932000
59.3796972000_238.7344682000
40.0949223000_2.3932440000
-7.4641572000_101.6411104000
195.8918743000_205.6575216000
221.3679610000_291.4840294000
157.3999316000_101.4504764000
111.1595704000_-10.5024308000
-41.0445552000_163.4550024000
276.0438659000_-50.0000000000
127.1256542000_49.3611126000
24.3492364000_77.5038964000
160.9137993000_281.7026447000
177.5994647000_235.9932360000
19.6931239000_292.4026570000
64.7136444000_179.9289524000
13.0316400000_35.0326269000
293.7573287000_281.0119546000
244.4534850000_169.0578575000
88.7117335000_290.0094713000
128.7202682000_191.3634057000
-49.7068063000_65.8480501000
162.5289783000_74.4087090000
282.9351600000_38.8933106000
-2.6013299000_139.4527658000
51.7235145000_177.7215057000
306.9290141000_217.5256065000
145.6698467000_153.5145393000
177.5451849000_-16.9185905000
215.4589966000_114.8833331000
195.5546950000_51.5623057000
-16.5420569000_310.0000000000
53.6065796000_129.8161015000
154.3408864000_-50.0000000000
290.8089496000_-27.0262218000
37.3807095000_-22.6024335000
244.9533139000_238.2233220000
224.1609411000_194.2313469000
warning in stationary: failed to import cython module: falling back to numpy
warning in coregionalize: failed to import cython module: falling back to numpy
warning in choleskies: failed to import cython module: falling back to numpy
