-50.0000000000_-50.0000000000
130.0000000000_130.0000000000
-50.0000000000_6.9999001000
310.0000000000_57.9133655000
257.4483546000_-14.0850755000
210.4579651000_-10.4189388000
225.0757353000_302.6935755000
108.4156863000_-11.3363431000
236.5482536000_11.9138013000
15.3157648000_206.8464130000
288.0577395000_189.6791201000
210.5925327000_199.3338160000
-19.1707323000_153.1407148000
247.7957772000_148.9851053000
116.6413141000_225.9118385000
298.8825089000_233.9714337000
181.6197213000_40.2807903000
59.1886598000_172.2797068000
133.9631804000_179.0162695000
50.3182581000_276.6425046000
73.1687330000_79.9189623000
-.3111177000_179.7066348000
81.7615188000_190.7013918000
238.8976048000_-1.6452995000
250.2879334000_-.2104465000
236.0258805000_1.4542214000
182.2877817000_12.2390477000
193.9890385000_170.5499006000
217.4029963000_91.1794298000
240.1190721000_.7740794000
93.8319006000_166.3740917000
246.7701233000_180.8625523000
301.4419020000_170.2277646000
42.1243958000_25.5807267000
139.4621123000_287.2938278000
27.0442956000_-29.8193477000
9.5911844000_94.8099962000
195.3554729000_253.9301447000
291.7842172000_104.3227481000
111.6552740000_40.8431020000
-6.1104554000_265.9374037000
42.2958994000_185.2667901000
257.6883237000_263.1720214000
140.2306489000_84.4784017000
170.0715407000_189.9854995000
84.6747099000_-50.0000000000
53.0107322000_120.9463571000
1.9784351000_44.6742737000
75.5351484000_245.9227891000
182.0153811000_117.2430374000
144.8813804000_-35.9524010000
-16.5077356000_-23.9734613000
262.3761786000_71.1984190000
247.4939482000_228.4594801000
6.2844153000_301.1052102000
179.7097287000_295.2583930000
40.1784221000_61.5335017000
31.8143689000_242.3635382000
154.6344154000_245.9985214000
244.9348021000_111.9362215000
99.8509821000_109.3225896000
298.3128878000_277.3652800000
9.2679838000_4.9931148000
19.9974617000_140.9037112000
289.3680071000_134.1303184000
-23.5566245000_116.0136095000
66.2255220000_-5.4329348000
-32.5469826000_208.6090639000
103.9063901000_268.8091601000
141.6783503000_22.1460405000
-23.1762118000_77.4983190000
82.6363255000_25.9878328000
178.4253315000_81.2728607000
161.5656685000_151.5264915000
180.6176493000_224.8245076000
-18.4489955000_237.3371699000
214.3136972000_134.6205465000
219.1266696000_57.6312970000
267.4928241000_299.7163954000
81.1545238000_136.6025190000
-25.3912661000_27.2172669000
56.7284462000_218.3098562000
-27.8741276000_288.7888767000
51.2976282000_310.0000000000
225.5170477000_272.5327008000
149.0073076000_55.9168802000
282.1184620000_36.2707389000
151.5476331000_-8.9391302000
268.2446626000_213.6783706000
74.6483214000_51.7096708000
142.2846115000_209.5269379000
177.6913301000_-37.4454828000
108.3420397000_73.5823726000
79.0143838000_-28.1693615000
303.9679933000_-19.4085683000
64.0315261000_182.0366687000
166.7790204000_270.4219652000
-39.8849766000_256.8913310000
114.1666613000_310.0000000000
243.4816117000_84.8571439000
152.9228324000_112.8683891000
274.0772538000_163.1531679000
warning in stationary: failed to import cython module: falling back to numpy
warning in coregionalize: failed to import cython module: falling back to numpy
warning in choleskies: failed to import cython module: falling back to numpy
