
-----------------------------   Welcome to ....   ------------------------------
                      _______  _______ _______ _______ 
                     |   _   \|   _   |   _   |   _   |
                     |.  1   /|.  |   |   1___|   1___|
                     |.  _   \|.  |   |____   |____   |
                     |:  1    |:  1   |:  1   |:  1   |
                     |::.. .  |::.. . |::.. . |::.. . |
                     `-------'`-------`-------`-------'

                                 Version 0.9.15                                 
                              15-08-2020 00:24:10                               
--------------------------------------------------------------------------------

| Reading BOSS input file from: in_2D
| Initializing...

--------------------------------------------------------------------------------
                                   INPUT FILE                                   
--------------------------------------------------------------------------------
# input file for alanine 2D (d4-d13)

# optimization
userfn       userfn_2D.py
bounds       -50 310; -50 310
num_tasks    2
kernel       stdp
initpts      2 30
iterpts      50
verbosity    2
W_prior      gaussian
W_priorparam 10.757 4.226

thetaprior gamma
thetapriorparam 2 0.019; 3.3678 9.0204; 3.3678 9.0204
RESULTS:
1.437766142818462E+02 2.886209085838460E+02 0 -2.029888451999085E+05 
2.665768975523933E+02 1.636831879244285E+02 0 -2.030060931179815E+05 
-1.571298310598059E+01 1.060863187968415E+02 1 3.424280000000000E+01 
4.978995345457092E+01 1.738074312063821E+02 1 1.781260000000000E+01 
1.065555803175835E+02 3.928594146590076E+01 1 3.388270000000000E+01 
1.514670135335772E+02 1.651794717827517E+02 1 2.113100000000000E+01 
1.595671918578579E+02 8.672106624685831E+01 1 3.135640000000000E+01 
7.758008885333449E+01 1.081971526424419E+02 1 3.052780000000000E+01 
2.850918848917798E+01 3.054703361654334E+02 1 3.355280000000000E+01 
8.240034017995133E+01 2.357566626195629E+02 1 2.725570000000000E+01 
-2.979654086933299E+01 2.341127119248390E+02 1 2.770560000000000E+01 
2.142324318360558E+02 1.986258176225099E+02 1 2.669000000000000E+01 
1.515171164141604E+02 2.221648242414270E+02 1 2.705670000000000E+01 
6.334107242935384E+01 1.886227239437212E+02 1 1.778350000000000E+01 
1.872122579493702E+02 2.983499795123095E+02 1 3.387240000000000E+01 
1.013672127099172E+02 -4.905304792590726E+00 1 3.250120000000000E+01 
2.821897364639446E+02 1.149979017011972E+02 1 3.375670000000000E+01 
1.619851392471058E+02 1.866857657327407E+02 1 2.088380000000000E+01 
2.729925321899350E+02 -4.652949493435312E+01 1 2.673440000000000E+01 
-3.621554282310746E+00 1.867584556759756E+02 1 2.068610000000000E+01 
7.026872129298049E+01 1.782542109028080E+02 1 1.768820000000000E+01 
2.517783430588385E+01 2.158199956706542E+02 1 2.351790000000000E+01 
2.856726833674995E+02 -4.358530864618099E+00 1 1.851290000000000E+01 
1.274420964298336E+02 1.200477913875314E+02 1 2.960870000000000E+01 
1.480431691639071E+01 7.365515932215988E+01 1 3.496460000000000E+01 
1.522632539345551E+02 1.680807692666869E+01 1 2.411770000000000E+01 
2.622590325434911E+02 2.160718132984173E+02 1 2.921900000000000E+01 
-4.540804286791045E+01 2.828446107103952E+02 1 3.056040000000000E+01 
2.078958070131404E+02 -1.247015092663328E+01 1 2.067050000000000E+01 
1.487785116529356E+02 -4.354515427178805E+01 1 3.483150000000000E+01 
2.514626633410400E+02 1.199670257196447E+02 1 3.557610000000000E+01 
2.962288520797234E+02 2.534740176264748E+02 1 3.106050000000000E+01 
--------------------------------------------------------------------------------
                               SIMULATION OPTIONS                               
--------------------------------------------------------------------------------
|| File input/output 
ipfile         in_2D
userfn         userfn_2D.py
outfile        boss.out
rstfile        boss.rst

|| Key settings 
num_tasks         2
bounds         -5.000E+01 3.100E+02;    -5.000E+01 3.100E+02
kerntype       stdp stdp
yrange         -5.000E+01 3.100E+02;    -5.000E+01 3.100E+02
noise          1.000E-12
initpts    2 30    iterpts   50
gm_tol         none
verbosity      2

|| Data acquisition 
acqfn                elcb
acqtol               1.000E-03

|| GP hyperparameters 
thetainit       1.000E+00 3.142E-01
thetabounds     none
thetaprior      gamma
thetapriorpar   2.000E+00 1.900E-02;    3.368E+00 9.020E+00;    3.368E+00 9.020E+00

|| Hyperparameter optimization
updatefreq   1  initupdate      True
updateoffset 0  updaterestarts  2


--------------------------------------------------------------------------------
                              INITIAL DATAPOINT 1                               
--------------------------------------------------------------------------------
| Data point added to dataset (x i y): 
  1.4377661428E+02  2.8862090858E+02  0.0000000000E+00      -2.0298884520E+05

| Total ensemble size: 1
| Next sampling location (x_next, i_next):
  2.6657689755E+02  1.6368318792E+02  0.0000000000E+00

Iteration time [s]:    0.011        Total time [s]:    0.438

--------------------------------------------------------------------------------
                              INITIAL DATAPOINT 2                               
--------------------------------------------------------------------------------
| Data point added to dataset (x i y): 
  2.6657689755E+02  1.6368318792E+02  0.0000000000E+00      -2.0300609312E+05

| Total ensemble size: 2
| Next sampling location (x_next, i_next):
 -1.5712983106E+01  1.0608631880E+02  1.0000000000E+00

Iteration time [s]:    0.001        Total time [s]:    0.442

--------------------------------------------------------------------------------
                              INITIAL DATAPOINT 3                               
--------------------------------------------------------------------------------
| Data point added to dataset (x i y): 
 -1.5712983106E+01  1.0608631880E+02  1.0000000000E+00       3.4242800000E+01

| Total ensemble size: 3
| Next sampling location (x_next, i_next):
  4.9789953455E+01  1.7380743121E+02  1.0000000000E+00

Iteration time [s]:    0.023        Total time [s]:    0.467

--------------------------------------------------------------------------------
                              INITIAL DATAPOINT 4                               
--------------------------------------------------------------------------------
| Data point added to dataset (x i y): 
  4.9789953455E+01  1.7380743121E+02  1.0000000000E+00       1.7812600000E+01

| Total ensemble size: 4
| Next sampling location (x_next, i_next):
  1.0655558032E+02  3.9285941466E+01  1.0000000000E+00

Iteration time [s]:    0.001        Total time [s]:    0.470

--------------------------------------------------------------------------------
                              INITIAL DATAPOINT 5                               
--------------------------------------------------------------------------------
| Data point added to dataset (x i y): 
  1.0655558032E+02  3.9285941466E+01  1.0000000000E+00       3.3882700000E+01

| Total ensemble size: 5
| Next sampling location (x_next, i_next):
  1.5146701353E+02  1.6517947178E+02  1.0000000000E+00

Iteration time [s]:    0.002        Total time [s]:    0.475

--------------------------------------------------------------------------------
                              INITIAL DATAPOINT 6                               
--------------------------------------------------------------------------------
| Data point added to dataset (x i y): 
  1.5146701353E+02  1.6517947178E+02  1.0000000000E+00       2.1131000000E+01

| Total ensemble size: 6
| Next sampling location (x_next, i_next):
  1.5956719186E+02  8.6721066247E+01  1.0000000000E+00

Iteration time [s]:    0.002        Total time [s]:    0.478

--------------------------------------------------------------------------------
                              INITIAL DATAPOINT 7                               
--------------------------------------------------------------------------------
| Data point added to dataset (x i y): 
  1.5956719186E+02  8.6721066247E+01  1.0000000000E+00       3.1356400000E+01

| Total ensemble size: 7
| Next sampling location (x_next, i_next):
  7.7580088853E+01  1.0819715264E+02  1.0000000000E+00

Iteration time [s]:    0.002        Total time [s]:    0.482

--------------------------------------------------------------------------------
                              INITIAL DATAPOINT 8                               
--------------------------------------------------------------------------------
| Data point added to dataset (x i y): 
  7.7580088853E+01  1.0819715264E+02  1.0000000000E+00       3.0527800000E+01

| Total ensemble size: 8
| Next sampling location (x_next, i_next):
  2.8509188489E+01  3.0547033617E+02  1.0000000000E+00

Iteration time [s]:    0.001        Total time [s]:    0.484

--------------------------------------------------------------------------------
                              INITIAL DATAPOINT 9                               
--------------------------------------------------------------------------------
| Data point added to dataset (x i y): 
  2.8509188489E+01  3.0547033617E+02  1.0000000000E+00       3.3552800000E+01

| Total ensemble size: 9
| Next sampling location (x_next, i_next):
  8.2400340180E+01  2.3575666262E+02  1.0000000000E+00

Iteration time [s]:    0.001        Total time [s]:    0.487

--------------------------------------------------------------------------------
                              INITIAL DATAPOINT 10                              
--------------------------------------------------------------------------------
| Data point added to dataset (x i y): 
  8.2400340180E+01  2.3575666262E+02  1.0000000000E+00       2.7255700000E+01

| Total ensemble size: 10
| Next sampling location (x_next, i_next):
 -2.9796540869E+01  2.3411271192E+02  1.0000000000E+00

Iteration time [s]:    0.001        Total time [s]:    0.491

--------------------------------------------------------------------------------
                              INITIAL DATAPOINT 11                              
--------------------------------------------------------------------------------
| Data point added to dataset (x i y): 
 -2.9796540869E+01  2.3411271192E+02  1.0000000000E+00       2.7705600000E+01

| Total ensemble size: 11
| Next sampling location (x_next, i_next):
  2.1423243184E+02  1.9862581762E+02  1.0000000000E+00

Iteration time [s]:    0.002        Total time [s]:    0.496

--------------------------------------------------------------------------------
                              INITIAL DATAPOINT 12                              
--------------------------------------------------------------------------------
| Data point added to dataset (x i y): 
  2.1423243184E+02  1.9862581762E+02  1.0000000000E+00       2.6690000000E+01

| Total ensemble size: 12
| Next sampling location (x_next, i_next):
  1.5151711641E+02  2.2216482424E+02  1.0000000000E+00

Iteration time [s]:    0.002        Total time [s]:    0.500

--------------------------------------------------------------------------------
                              INITIAL DATAPOINT 13                              
--------------------------------------------------------------------------------
| Data point added to dataset (x i y): 
  1.5151711641E+02  2.2216482424E+02  1.0000000000E+00       2.7056700000E+01

| Total ensemble size: 13
| Next sampling location (x_next, i_next):
  6.3341072429E+01  1.8862272394E+02  1.0000000000E+00

Iteration time [s]:    0.001        Total time [s]:    0.504

--------------------------------------------------------------------------------
                              INITIAL DATAPOINT 14                              
--------------------------------------------------------------------------------
| Data point added to dataset (x i y): 
  6.3341072429E+01  1.8862272394E+02  1.0000000000E+00       1.7783500000E+01

| Total ensemble size: 14
| Next sampling location (x_next, i_next):
  1.8721225795E+02  2.9834997951E+02  1.0000000000E+00

Iteration time [s]:    0.002        Total time [s]:    0.508

--------------------------------------------------------------------------------
                              INITIAL DATAPOINT 15                              
--------------------------------------------------------------------------------
| Data point added to dataset (x i y): 
  1.8721225795E+02  2.9834997951E+02  1.0000000000E+00       3.3872400000E+01

| Total ensemble size: 15
| Next sampling location (x_next, i_next):
  1.0136721271E+02 -4.9053047926E+00  1.0000000000E+00

Iteration time [s]:    0.002        Total time [s]:    0.513

--------------------------------------------------------------------------------
                              INITIAL DATAPOINT 16                              
--------------------------------------------------------------------------------
| Data point added to dataset (x i y): 
  1.0136721271E+02 -4.9053047926E+00  1.0000000000E+00       3.2501200000E+01

| Total ensemble size: 16
| Next sampling location (x_next, i_next):
  2.8218973646E+02  1.1499790170E+02  1.0000000000E+00

Iteration time [s]:    0.002        Total time [s]:    0.517

--------------------------------------------------------------------------------
                              INITIAL DATAPOINT 17                              
--------------------------------------------------------------------------------
| Data point added to dataset (x i y): 
  2.8218973646E+02  1.1499790170E+02  1.0000000000E+00       3.3756700000E+01

| Total ensemble size: 17
| Next sampling location (x_next, i_next):
  1.6198513925E+02  1.8668576573E+02  1.0000000000E+00

Iteration time [s]:    0.001        Total time [s]:    0.520

--------------------------------------------------------------------------------
                              INITIAL DATAPOINT 18                              
--------------------------------------------------------------------------------
| Data point added to dataset (x i y): 
  1.6198513925E+02  1.8668576573E+02  1.0000000000E+00       2.0883800000E+01

| Total ensemble size: 18
| Next sampling location (x_next, i_next):
  2.7299253219E+02 -4.6529494934E+01  1.0000000000E+00

Iteration time [s]:    0.002        Total time [s]:    0.524

--------------------------------------------------------------------------------
                              INITIAL DATAPOINT 19                              
--------------------------------------------------------------------------------
| Data point added to dataset (x i y): 
  2.7299253219E+02 -4.6529494934E+01  1.0000000000E+00       2.6734400000E+01

| Total ensemble size: 19
| Next sampling location (x_next, i_next):
 -3.6215542823E+00  1.8675845568E+02  1.0000000000E+00

Iteration time [s]:    0.001        Total time [s]:    0.527

--------------------------------------------------------------------------------
                              INITIAL DATAPOINT 20                              
--------------------------------------------------------------------------------
| Data point added to dataset (x i y): 
 -3.6215542823E+00  1.8675845568E+02  1.0000000000E+00       2.0686100000E+01

| Total ensemble size: 20
| Next sampling location (x_next, i_next):
  7.0268721293E+01  1.7825421090E+02  1.0000000000E+00

Iteration time [s]:    0.001        Total time [s]:    0.530

--------------------------------------------------------------------------------
                              INITIAL DATAPOINT 21                              
--------------------------------------------------------------------------------
| Data point added to dataset (x i y): 
  7.0268721293E+01  1.7825421090E+02  1.0000000000E+00       1.7688200000E+01

| Total ensemble size: 21
| Next sampling location (x_next, i_next):
  2.5177834306E+01  2.1581999567E+02  1.0000000000E+00

Iteration time [s]:    0.002        Total time [s]:    0.533

--------------------------------------------------------------------------------
                              INITIAL DATAPOINT 22                              
--------------------------------------------------------------------------------
| Data point added to dataset (x i y): 
  2.5177834306E+01  2.1581999567E+02  1.0000000000E+00       2.3517900000E+01

| Total ensemble size: 22
| Next sampling location (x_next, i_next):
  2.8567268337E+02 -4.3585308646E+00  1.0000000000E+00

Iteration time [s]:    0.001        Total time [s]:    0.536

--------------------------------------------------------------------------------
                              INITIAL DATAPOINT 23                              
--------------------------------------------------------------------------------
| Data point added to dataset (x i y): 
  2.8567268337E+02 -4.3585308646E+00  1.0000000000E+00       1.8512900000E+01

| Total ensemble size: 23
| Next sampling location (x_next, i_next):
  1.2744209643E+02  1.2004779139E+02  1.0000000000E+00

Iteration time [s]:    0.001        Total time [s]:    0.538

--------------------------------------------------------------------------------
                              INITIAL DATAPOINT 24                              
--------------------------------------------------------------------------------
| Data point added to dataset (x i y): 
  1.2744209643E+02  1.2004779139E+02  1.0000000000E+00       2.9608700000E+01

| Total ensemble size: 24
| Next sampling location (x_next, i_next):
  1.4804316916E+01  7.3655159322E+01  1.0000000000E+00

Iteration time [s]:    0.001        Total time [s]:    0.542

--------------------------------------------------------------------------------
                              INITIAL DATAPOINT 25                              
--------------------------------------------------------------------------------
| Data point added to dataset (x i y): 
  1.4804316916E+01  7.3655159322E+01  1.0000000000E+00       3.4964600000E+01

| Total ensemble size: 25
| Next sampling location (x_next, i_next):
  1.5226325393E+02  1.6808076927E+01  1.0000000000E+00

Iteration time [s]:    0.001        Total time [s]:    0.545

--------------------------------------------------------------------------------
                              INITIAL DATAPOINT 26                              
--------------------------------------------------------------------------------
| Data point added to dataset (x i y): 
  1.5226325393E+02  1.6808076927E+01  1.0000000000E+00       2.4117700000E+01

| Total ensemble size: 26
| Next sampling location (x_next, i_next):
  2.6225903254E+02  2.1607181330E+02  1.0000000000E+00

Iteration time [s]:    0.002        Total time [s]:    0.549

--------------------------------------------------------------------------------
                              INITIAL DATAPOINT 27                              
--------------------------------------------------------------------------------
| Data point added to dataset (x i y): 
  2.6225903254E+02  2.1607181330E+02  1.0000000000E+00       2.9219000000E+01

| Total ensemble size: 27
| Next sampling location (x_next, i_next):
 -4.5408042868E+01  2.8284461071E+02  1.0000000000E+00

Iteration time [s]:    0.001        Total time [s]:    0.552

--------------------------------------------------------------------------------
                              INITIAL DATAPOINT 28                              
--------------------------------------------------------------------------------
| Data point added to dataset (x i y): 
 -4.5408042868E+01  2.8284461071E+02  1.0000000000E+00       3.0560400000E+01

| Total ensemble size: 28
| Next sampling location (x_next, i_next):
  2.0789580701E+02 -1.2470150927E+01  1.0000000000E+00

Iteration time [s]:    0.002        Total time [s]:    0.557

--------------------------------------------------------------------------------
                              INITIAL DATAPOINT 29                              
--------------------------------------------------------------------------------
| Data point added to dataset (x i y): 
  2.0789580701E+02 -1.2470150927E+01  1.0000000000E+00       2.0670500000E+01

| Total ensemble size: 29
| Next sampling location (x_next, i_next):
  1.4877851165E+02 -4.3545154272E+01  1.0000000000E+00

Iteration time [s]:    0.001        Total time [s]:    0.561

--------------------------------------------------------------------------------
                              INITIAL DATAPOINT 30                              
--------------------------------------------------------------------------------
| Data point added to dataset (x i y): 
  1.4877851165E+02 -4.3545154272E+01  1.0000000000E+00       3.4831500000E+01

| Total ensemble size: 30
| Next sampling location (x_next, i_next):
  2.5146266334E+02  1.1996702572E+02  1.0000000000E+00

Iteration time [s]:    0.002        Total time [s]:    0.564

--------------------------------------------------------------------------------
                              INITIAL DATAPOINT 31                              
--------------------------------------------------------------------------------
| Data point added to dataset (x i y): 
  2.5146266334E+02  1.1996702572E+02  1.0000000000E+00       3.5576100000E+01

| Total ensemble size: 31
| Next sampling location (x_next, i_next):
  2.9622885208E+02  2.5347401763E+02  1.0000000000E+00

Iteration time [s]:    0.001        Total time [s]:    0.568

--------------------------------------------------------------------------------
                              INITIAL DATAPOINT 32                              
--------------------------------------------------------------------------------
| Data point added to dataset (x i y): 
  2.9622885208E+02  2.5347401763E+02  1.0000000000E+00       3.1060500000E+01

| Total ensemble size: 32
| Best acquisition, x_best i_best y_best:
  2.6657689755E+02  1.6368318792E+02  0.0000000000E+00      -2.0300609312E+05
| Global minimum prediction, x_hat mu_hat +- nu_hat:
  2.4113818746E+02  8.1836390318E+00  0.0000000000E+00      -2.0301247855E+05  4.4055247311E+01

| GP model hyperparameters (lengthscales W kappa):
  6.9332197837E-01  4.3593267063E-01  8.5014298274E+00  6.5318854399E+00  4.0005493312E+01  2.6602791440E-05
| Next sampling location (x_next, i_next):
  2.4063018144E+02  2.1779933218E+01  0.0000000000E+00

Iteration time [s]:    1.441        Total time [s]:    2.010

--------------------------------------------------------------------------------
                                 BO ITERATION 1                                 
--------------------------------------------------------------------------------
| Evaluating objective function at 2.406E+02 2.178E+01 0.000E+00
| Objective function evaluated, time [s]       32.880
| Data point added to dataset (x i y): 
  2.4063018144E+02  2.1779933218E+01  0.0000000000E+00      -2.0300836633E+05

| Total ensemble size: 33
| Best acquisition, x_best i_best y_best:
  2.4063018144E+02  2.1779933218E+01  0.0000000000E+00      -2.0300836633E+05
| Global minimum prediction, x_hat mu_hat +- nu_hat:
  2.8095101972E+02 -9.5110180166E-01  0.0000000000E+00      -2.0301168982E+05  7.3547496515E-02
| Global minimum convergence, d_xhat d_muhat:
  4.0847338993E+01  3.5592250159E-02

| GP model hyperparameters (lengthscales W kappa):
  6.9104502567E-01  4.6203028350E-01  8.1668199472E+00  7.0638933111E+00  1.0576158028E-05  5.9474060133E-08
| Next sampling location (x_next, i_next):
  3.1000000000E+02  1.5741894933E+01  0.0000000000E+00

Iteration time [s]:   33.946        Total time [s]:   35.956

--------------------------------------------------------------------------------
                                 BO ITERATION 2                                 
--------------------------------------------------------------------------------
| Evaluating objective function at 3.100E+02 1.574E+01 0.000E+00
| Objective function evaluated, time [s]       23.245
| Data point added to dataset (x i y): 
  3.1000000000E+02  1.5741894933E+01  0.0000000000E+00      -2.0299854237E+05

| Total ensemble size: 34
| Best acquisition, x_best i_best y_best:
  2.4063018144E+02  2.1779933218E+01  0.0000000000E+00      -2.0300836633E+05
| Global minimum prediction, x_hat mu_hat +- nu_hat:
  2.1795878621E+02  1.2480896942E+01  0.0000000000E+00      -2.0300984806E+05  4.7123572405E+00
| Global minimum convergence, d_xhat d_muhat:
  6.4408385113E+01  8.5582454875E-02

| GP model hyperparameters (lengthscales W kappa):
  6.9092927563E-01  4.2576406245E-01  7.3825341636E+00  6.4298260444E+00  3.4387973013E+01  9.8632476239E-05
| Next sampling location (x_next, i_next):
  5.8755993880E+01  1.8093048352E+02  0.0000000000E+00

Iteration time [s]:   24.483        Total time [s]:   60.439

--------------------------------------------------------------------------------
                                 BO ITERATION 3                                 
--------------------------------------------------------------------------------
| Evaluating objective function at 5.876E+01 1.809E+02 0.000E+00
| Objective function evaluated, time [s]       23.290
| Data point added to dataset (x i y): 
  5.8755993880E+01  1.8093048352E+02  0.0000000000E+00      -2.0300964215E+05

| Total ensemble size: 35
| Best acquisition, x_best i_best y_best:
  5.8755993880E+01  1.8093048352E+02  0.0000000000E+00      -2.0300964215E+05
| Global minimum prediction, x_hat mu_hat +- nu_hat:
  5.2348331753E+01  1.7859708621E+02  0.0000000000E+00      -2.0300968725E+05  2.7375686357E-01
| Global minimum convergence, d_xhat d_muhat:
  2.3456643188E+02  6.8849362756E-03

| GP model hyperparameters (lengthscales W kappa):
  6.8540139779E-01  4.4881220301E-01  6.6001408976E+00  6.6002749791E+00  3.2196880931E+01  9.4258424323E-01
| Next sampling location (x_next, i_next):
  1.6095458040E+02  1.7728493453E+02  0.0000000000E+00

Iteration time [s]:   24.404        Total time [s]:   84.843

--------------------------------------------------------------------------------
                                 BO ITERATION 4                                 
--------------------------------------------------------------------------------
| Evaluating objective function at 1.610E+02 1.773E+02 0.000E+00
| Objective function evaluated, time [s]       21.842
| Data point added to dataset (x i y): 
  1.6095458040E+02  1.7728493453E+02  0.0000000000E+00      -2.0300792554E+05

| Total ensemble size: 36
| Best acquisition, x_best i_best y_best:
  5.8755993880E+01  1.8093048352E+02  0.0000000000E+00      -2.0300964215E+05
| Global minimum prediction, x_hat mu_hat +- nu_hat:
  4.6396150775E+01  1.7813911338E+02  0.0000000000E+00      -2.0300978307E+05  6.3597167133E-01
| Global minimum convergence, d_xhat d_muhat:
  5.9697736560E+00  3.9440217076E-03

| GP model hyperparameters (lengthscales W kappa):
  6.9129887427E-01  4.5917836710E-01  6.6203711965E+00  6.6006158293E+00  2.7462473425E+01  3.2324603007E+00
| Next sampling location (x_next, i_next):
 -3.6306118895E+01  2.0162325709E+02  0.0000000000E+00

Iteration time [s]:   23.219        Total time [s]:  108.063

--------------------------------------------------------------------------------
                                 BO ITERATION 5                                 
--------------------------------------------------------------------------------
| Evaluating objective function at -3.631E+01 2.016E+02 0.000E+00
| Objective function evaluated, time [s]       23.357
| Data point added to dataset (x i y): 
 -3.6306118895E+01  2.0162325709E+02  0.0000000000E+00      -2.0300582181E+05

| Total ensemble size: 37
| Best acquisition, x_best i_best y_best:
  5.8755993880E+01  1.8093048352E+02  0.0000000000E+00      -2.0300964215E+05
| Global minimum prediction, x_hat mu_hat +- nu_hat:
  5.2295239195E+01  1.7683003445E+02  0.0000000000E+00      -2.0300973604E+05  2.7723183949E-01
| Global minimum convergence, d_xhat d_muhat:
  6.0425931382E+00  1.9068939862E-03

| GP model hyperparameters (lengthscales W kappa):
  6.9846110389E-01  4.6690927416E-01  6.4807577325E+00  6.8579830284E+00  2.5675548732E+01  1.8373774663E+00
| Next sampling location (x_next, i_next):
  1.7758750586E+02  1.5990017361E+01  0.0000000000E+00

Iteration time [s]:   24.431        Total time [s]:  132.494

--------------------------------------------------------------------------------
                                 BO ITERATION 6                                 
--------------------------------------------------------------------------------
| Evaluating objective function at 1.776E+02 1.599E+01 0.000E+00
| Objective function evaluated, time [s]       23.129
| Data point added to dataset (x i y): 
  1.7758750586E+02  1.5990017361E+01  0.0000000000E+00      -2.0300687143E+05

| Total ensemble size: 38
| Best acquisition, x_best i_best y_best:
  5.8755993880E+01  1.8093048352E+02  0.0000000000E+00      -2.0300964215E+05
| Global minimum prediction, x_hat mu_hat +- nu_hat:
  5.3071881667E+01  1.7660569389E+02  0.0000000000E+00      -2.0300973525E+05  2.3300615794E-01
| Global minimum convergence, d_xhat d_muhat:
  8.0839483754E-01  3.1268224399E-05

| GP model hyperparameters (lengthscales W kappa):
  7.0592074484E-01  4.8045897627E-01  6.7606837989E+00  6.7621190286E+00  1.9698079695E+01  6.1863181791E+00
| Next sampling location (x_next, i_next):
  2.5783162228E+00  1.5368400948E+02  0.0000000000E+00

Iteration time [s]:   24.351        Total time [s]:  156.847

--------------------------------------------------------------------------------
                                 BO ITERATION 7                                 
--------------------------------------------------------------------------------
| Evaluating objective function at 2.578E+00 1.537E+02 0.000E+00
| Objective function evaluated, time [s]       24.383
| Data point added to dataset (x i y): 
  2.5783162228E+00  1.5368400948E+02  0.0000000000E+00      -2.0300427582E+05

| Total ensemble size: 39
| Best acquisition, x_best i_best y_best:
  5.8755993880E+01  1.8093048352E+02  0.0000000000E+00      -2.0300964215E+05
| Global minimum prediction, x_hat mu_hat +- nu_hat:
  6.2044939570E+01  1.8011379514E+02  0.0000000000E+00      -2.0300965762E+05  2.1417809658E-02
| Global minimum convergence, d_xhat d_muhat:
  9.6344456243E+00  3.0928108623E-03

| GP model hyperparameters (lengthscales W kappa):
  7.0811059654E-01  5.1538808530E-01  7.0977349499E+00  7.2784144992E+00  1.8812395497E+01  5.3783669027E+00
| Next sampling location (x_next, i_next):
  2.3886372028E+02 -1.3398378800E+01  0.0000000000E+00

Iteration time [s]:   25.469        Total time [s]:  182.318

--------------------------------------------------------------------------------
                                 BO ITERATION 8                                 
--------------------------------------------------------------------------------
| Evaluating objective function at 2.389E+02 -1.340E+01 0.000E+00
| Objective function evaluated, time [s]       23.193
| Data point added to dataset (x i y): 
  2.3886372028E+02 -1.3398378800E+01  0.0000000000E+00      -2.0301069093E+05

| Total ensemble size: 40
| Best acquisition, x_best i_best y_best:
  2.3886372028E+02 -1.3398378800E+01  0.0000000000E+00      -2.0301069093E+05
| Global minimum prediction, x_hat mu_hat +- nu_hat:
  2.3256329976E+02 -1.4732992616E+00  0.0000000000E+00      -2.0301138452E+05  3.0895909987E-01
| Global minimum convergence, d_xhat d_muhat:
  2.4909914495E+02  6.7022289933E-02

| GP model hyperparameters (lengthscales W kappa):
  6.9406181800E-01  4.6361861909E-01  7.0001238229E+00  6.8747252460E+00  2.7632181651E+01  8.9150105154E-01
| Next sampling location (x_next, i_next):
  9.8223762242E+01  1.4478935989E+02  0.0000000000E+00

Iteration time [s]:   24.589        Total time [s]:  206.907

--------------------------------------------------------------------------------
                                 BO ITERATION 9                                 
--------------------------------------------------------------------------------
| Evaluating objective function at 9.822E+01 1.448E+02 0.000E+00
| Objective function evaluated, time [s]       23.075
| Data point added to dataset (x i y): 
  9.8223762242E+01  1.4478935989E+02  0.0000000000E+00      -2.0300290833E+05

| Total ensemble size: 41
| Best acquisition, x_best i_best y_best:
  2.3886372028E+02 -1.3398378800E+01  0.0000000000E+00      -2.0301069093E+05
| Global minimum prediction, x_hat mu_hat +- nu_hat:
  2.3352708688E+02 -1.3602153125E+00  0.0000000000E+00      -2.0301143001E+05  2.6526366140E-01
| Global minimum convergence, d_xhat d_muhat:
  9.7039867093E-01  1.7765867402E-03

| GP model hyperparameters (lengthscales W kappa):
  7.0076301749E-01  4.6773817895E-01  7.2696232120E+00  7.0671556733E+00  2.4575660939E+01  1.4351269226E-03
| Next sampling location (x_next, i_next):
  1.0739104978E+02  2.0136537194E+02  0.0000000000E+00

Iteration time [s]:   24.503        Total time [s]:  231.411

--------------------------------------------------------------------------------
                                BO ITERATION 10                                 
--------------------------------------------------------------------------------
| Evaluating objective function at 1.074E+02 2.014E+02 0.000E+00
| Objective function evaluated, time [s]       23.159
| Data point added to dataset (x i y): 
  1.0739104978E+02  2.0136537194E+02  0.0000000000E+00      -2.0300558068E+05

| Total ensemble size: 42
| Best acquisition, x_best i_best y_best:
  2.3886372028E+02 -1.3398378800E+01  0.0000000000E+00      -2.0301069093E+05
| Global minimum prediction, x_hat mu_hat +- nu_hat:
  2.3273215090E+02 -1.3000154550E+00  0.0000000000E+00      -2.0301142442E+05  2.2892095780E-01
| Global minimum convergence, d_xhat d_muhat:
  7.9721216426E-01  2.1746960057E-04

| GP model hyperparameters (lengthscales W kappa):
  7.0954474877E-01  4.9456618536E-01  7.5946626732E+00  7.4241123594E+00  2.4266568761E+01  1.4343175751E-03
| Next sampling location (x_next, i_next):
  2.2881978217E+02  2.0081847065E+02  0.0000000000E+00

Iteration time [s]:   24.366        Total time [s]:  255.777

--------------------------------------------------------------------------------
                                BO ITERATION 11                                 
--------------------------------------------------------------------------------
| Evaluating objective function at 2.288E+02 2.008E+02 0.000E+00
| Objective function evaluated, time [s]       21.926
| Data point added to dataset (x i y): 
  2.2881978217E+02  2.0081847065E+02  0.0000000000E+00      -2.0300434160E+05

| Total ensemble size: 43
| Best acquisition, x_best i_best y_best:
  2.3886372028E+02 -1.3398378800E+01  0.0000000000E+00      -2.0301069093E+05
| Global minimum prediction, x_hat mu_hat +- nu_hat:
  2.3244805543E+02 -1.3742703250E+00  0.0000000000E+00      -2.0301140353E+05  1.9363589763E-01
| Global minimum convergence, d_xhat d_muhat:
  2.9363926861E-01  8.1390753645E-04

| GP model hyperparameters (lengthscales W kappa):
  7.1165717258E-01  5.1391526885E-01  7.7025783283E+00  7.6762298675E+00  2.2654814860E+01  1.4310353774E-03
| Next sampling location (x_next, i_next):
  2.1520323125E+02  9.7889005072E-01  0.0000000000E+00

Iteration time [s]:   23.430        Total time [s]:  279.208

--------------------------------------------------------------------------------
                                BO ITERATION 12                                 
--------------------------------------------------------------------------------
| Evaluating objective function at 2.152E+02 9.789E-01 0.000E+00
| Objective function evaluated, time [s]       23.161
| Data point added to dataset (x i y): 
  2.1520323125E+02  9.7889005072E-01  0.0000000000E+00      -2.0301156944E+05

| Total ensemble size: 44
| Best acquisition, x_best i_best y_best:
  2.1520323125E+02  9.7889005072E-01  0.0000000000E+00      -2.0301156944E+05
| Global minimum prediction, x_hat mu_hat +- nu_hat:
  2.2427825798E+02 -3.6327219190E-01  0.0000000000E+00      -2.0301172665E+05  1.6162661389E-02
| Global minimum convergence, d_xhat d_muhat:
  8.2321144051E+00  1.2350020922E-02

| GP model hyperparameters (lengthscales W kappa):
  7.3372015387E-01  5.7697994820E-01  8.4836017465E+00  8.4825776798E+00  2.6511277141E+01  7.2879924611E-01
| Next sampling location (x_next, i_next):
  2.3938329745E+02  9.3759623580E-01  0.0000000000E+00

Iteration time [s]:   24.606        Total time [s]:  303.814

--------------------------------------------------------------------------------
                                BO ITERATION 13                                 
--------------------------------------------------------------------------------
| Evaluating objective function at 2.394E+02 9.376E-01 0.000E+00
| Objective function evaluated, time [s]       23.171
| Data point added to dataset (x i y): 
  2.3938329745E+02  9.3759623580E-01  0.0000000000E+00      -2.0301236583E+05

| Total ensemble size: 45
| Best acquisition, x_best i_best y_best:
  2.3938329745E+02  9.3759623580E-01  0.0000000000E+00      -2.0301236583E+05
| Global minimum prediction, x_hat mu_hat +- nu_hat:
  2.3632706867E+02  7.4836212308E-01  0.0000000000E+00      -2.0301238684E+05  1.1618698237E-03
| Global minimum convergence, d_xhat d_muhat:
  1.2099982224E+01  2.4774402541E-02

| GP model hyperparameters (lengthscales W kappa):
  7.5501174750E-01  4.3815218899E-01  8.1020767945E+00  7.2063918934E+00  2.3630730775E+01  6.3148020542E-05
| Next sampling location (x_next, i_next):
  3.0432119445E+02 -2.5248342061E+01  0.0000000000E+00

Iteration time [s]:   24.917        Total time [s]:  328.731

--------------------------------------------------------------------------------
                                BO ITERATION 14                                 
--------------------------------------------------------------------------------
| Evaluating objective function at 3.043E+02 -2.525E+01 0.000E+00
| Objective function evaluated, time [s]       23.093
| Data point added to dataset (x i y): 
  3.0432119445E+02 -2.5248342061E+01  0.0000000000E+00      -2.0300537895E+05

| Total ensemble size: 46
| Best acquisition, x_best i_best y_best:
  2.3938329745E+02  9.3759623580E-01  0.0000000000E+00      -2.0301236583E+05
| Global minimum prediction, x_hat mu_hat +- nu_hat:
  2.3679759604E+02  7.2636992401E-01  0.0000000000E+00      -2.0301238080E+05  7.4099031506E-04
| Global minimum convergence, d_xhat d_muhat:
  4.7104104856E-01  2.2667974472E-04

| GP model hyperparameters (lengthscales W kappa):
  7.6871347438E-01  4.2332361634E-01  8.0066426163E+00  7.1236177416E+00  2.2068103743E+01  6.3138997399E-05
| Next sampling location (x_next, i_next):
  5.0582243140E+00  2.5666995318E+02  0.0000000000E+00

Iteration time [s]:   24.797        Total time [s]:  353.530

--------------------------------------------------------------------------------
                                BO ITERATION 15                                 
--------------------------------------------------------------------------------
| Evaluating objective function at 5.058E+00 2.567E+02 0.000E+00
| Objective function evaluated, time [s]       23.312
| Data point added to dataset (x i y): 
  5.0582243140E+00  2.5666995318E+02  0.0000000000E+00      -2.0299117072E+05

| Total ensemble size: 47
| Best acquisition, x_best i_best y_best:
  2.3938329745E+02  9.3759623580E-01  0.0000000000E+00      -2.0301236583E+05
| Global minimum prediction, x_hat mu_hat +- nu_hat:
  2.3709032716E+02  6.6702598108E-01  0.0000000000E+00      -2.0301237828E+05  6.6142977405E-04
| Global minimum convergence, d_xhat d_muhat:
  2.9868580309E-01  9.7867045634E-05

| GP model hyperparameters (lengthscales W kappa):
  7.5584417359E-01  4.4345268439E-01  8.5517315121E+00  7.2985099832E+00  2.2137180126E+01  9.6078249743E-05
| Next sampling location (x_next, i_next):
 -5.0000000000E+01  1.7579843807E+02  0.0000000000E+00

Iteration time [s]:   24.827        Total time [s]:  378.359

--------------------------------------------------------------------------------
                                BO ITERATION 16                                 
--------------------------------------------------------------------------------
| Evaluating objective function at -5.000E+01 1.758E+02 0.000E+00
| Objective function evaluated, time [s]       22.980
| Data point added to dataset (x i y): 
 -5.0000000000E+01  1.7579843807E+02  0.0000000000E+00      -2.0300850430E+05

| Total ensemble size: 48
| Best acquisition, x_best i_best y_best:
  2.3938329745E+02  9.3759623580E-01  0.0000000000E+00      -2.0301236583E+05
| Global minimum prediction, x_hat mu_hat +- nu_hat:
  2.3714712854E+02  6.8005452730E-01  0.0000000000E+00      -2.0301237752E+05  5.9846888577E-04
| Global minimum convergence, d_xhat d_muhat:
  5.8276406093E-02  2.9238141687E-05

| GP model hyperparameters (lengthscales W kappa):
  7.6733809990E-01  4.5372388263E-01  8.7673583351E+00  7.4920620297E+00  2.2268259745E+01  8.1953394196E-05
| Next sampling location (x_next, i_next):
  1.9777215120E+01  1.8169541002E+02  0.0000000000E+00

Iteration time [s]:   24.739        Total time [s]:  403.102

--------------------------------------------------------------------------------
                                BO ITERATION 17                                 
--------------------------------------------------------------------------------
| Evaluating objective function at 1.978E+01 1.817E+02 0.000E+00
| Objective function evaluated, time [s]       23.819
| Data point added to dataset (x i y): 
  1.9777215120E+01  1.8169541002E+02  0.0000000000E+00      -2.0300838235E+05

| Total ensemble size: 49
| Best acquisition, x_best i_best y_best:
  2.3938329745E+02  9.3759623580E-01  0.0000000000E+00      -2.0301236583E+05
| Global minimum prediction, x_hat mu_hat +- nu_hat:
  2.3722652139E+02  6.9452610377E-01  0.0000000000E+00      -2.0301237655E+05  5.3582280295E-04
| Global minimum convergence, d_xhat d_muhat:
  8.0700997547E-02  3.7067244638E-05

| GP model hyperparameters (lengthscales W kappa):
  7.7702430651E-01  4.6727199340E-01  9.0789141362E+00  7.7619326541E+00  2.1905468571E+01  7.8577739028E-05
| Next sampling location (x_next, i_next):
  2.2761308237E+02  5.5155610696E+00  0.0000000000E+00

Iteration time [s]:   25.684        Total time [s]:  428.787

--------------------------------------------------------------------------------
                                BO ITERATION 18                                 
--------------------------------------------------------------------------------
| Evaluating objective function at 2.276E+02 5.516E+00 0.000E+00
| Objective function evaluated, time [s]       23.210
| Data point added to dataset (x i y): 
  2.2761308237E+02  5.5155610696E+00  0.0000000000E+00      -2.0301221298E+05

| Total ensemble size: 50
| Best acquisition, x_best i_best y_best:
  2.3938329745E+02  9.3759623580E-01  0.0000000000E+00      -2.0301236583E+05
| Global minimum prediction, x_hat mu_hat +- nu_hat:
  2.3573939808E+02  1.1576843359E+00  0.0000000000E+00      -2.0301238958E+05  3.1016936005E-04
| Global minimum convergence, d_xhat d_muhat:
  1.5575786613E+00  4.9096679857E-04

| GP model hyperparameters (lengthscales W kappa):
  7.8746216452E-01  4.7248657460E-01  9.1479622690E+00  7.8841139333E+00  2.2944775764E+01  7.8584302186E-05
| Next sampling location (x_next, i_next):
  2.3346471917E+02  4.8085133559E-01  0.0000000000E+00

Iteration time [s]:   25.168        Total time [s]:  453.955

--------------------------------------------------------------------------------
                                BO ITERATION 19                                 
--------------------------------------------------------------------------------
| Evaluating objective function at 2.335E+02 4.809E-01 0.000E+00
| Objective function evaluated, time [s]       23.122
| Data point added to dataset (x i y): 
  2.3346471917E+02  4.8085133559E-01  0.0000000000E+00      -2.0301234455E+05

| Total ensemble size: 51
| Best acquisition, x_best i_best y_best:
  2.3938329745E+02  9.3759623580E-01  0.0000000000E+00      -2.0301236583E+05
| Global minimum prediction, x_hat mu_hat +- nu_hat:
  2.3671611794E+02  1.1836732777E+00  0.0000000000E+00      -2.0301237621E+05  6.7257381512E-06
| Global minimum convergence, d_xhat d_muhat:
  9.7706556221E-01  4.9769358043E-04

| GP model hyperparameters (lengthscales W kappa):
  7.9992249383E-01  4.9001109951E-01  9.6427871372E+00  8.1895746605E+00  2.4909405973E+01  5.0677533570E-05
| Next sampling location (x_next, i_next):
  2.3602895470E+02  2.3567610177E+00  0.0000000000E+00

Iteration time [s]:   24.966        Total time [s]:  478.922

--------------------------------------------------------------------------------
                                BO ITERATION 20                                 
--------------------------------------------------------------------------------
| Evaluating objective function at 2.360E+02 2.357E+00 0.000E+00
| Objective function evaluated, time [s]       23.078
| Data point added to dataset (x i y): 
  2.3602895470E+02  2.3567610177E+00  0.0000000000E+00      -2.0301235758E+05

| Total ensemble size: 52
| Best acquisition, x_best i_best y_best:
  2.3938329745E+02  9.3759623580E-01  0.0000000000E+00      -2.0301236583E+05
| Global minimum prediction, x_hat mu_hat +- nu_hat:
  2.3734250094E+02  7.5100506604E-01  0.0000000000E+00      -2.0301237477E+05  7.4498652749E-07
| Global minimum convergence, d_xhat d_muhat:
  7.6128670218E-01  5.3050491293E-05

| GP model hyperparameters (lengthscales W kappa):
  7.9784445979E-01  4.9302016832E-01  9.8289039871E+00  8.2298859478E+00  2.5366436252E+01  5.0677780294E-05
| Next sampling location (x_next, i_next):
  2.3753961645E+02  5.3282285541E-01  0.0000000000E+00

Iteration time [s]:   24.961        Total time [s]:  503.885

--------------------------------------------------------------------------------
                                BO ITERATION 21                                 
--------------------------------------------------------------------------------
| Evaluating objective function at 2.375E+02 5.328E-01 0.000E+00
| Objective function evaluated, time [s]       23.150
| Acquisition location too confident, doing pure exploration
| Data point added to dataset (x i y): 
  2.3753961645E+02  5.3282285541E-01  0.0000000000E+00      -2.0301237301E+05

| Total ensemble size: 53
| Best acquisition, x_best i_best y_best:
  2.3753961645E+02  5.3282285541E-01  0.0000000000E+00      -2.0301237301E+05
| Global minimum prediction, x_hat mu_hat +- nu_hat:
  2.3729540486E+02  8.2029888787E-01  0.0000000000E+00      -2.0301237358E+05  8.6998904968E-09
| Global minimum convergence, d_xhat d_muhat:
  8.3783496478E-02  4.3268307341E-05

| GP model hyperparameters (lengthscales W kappa):
  7.7450329996E-01  5.1458109292E-01  1.0215859253E+01  8.4069251992E+00  2.5881717397E+01  5.0677913042E-05
| Next sampling location (x_next, i_next):
  5.3240761882E+01  6.3274081275E+01  0.0000000000E+00

Iteration time [s]:   25.526        Total time [s]:  529.412

--------------------------------------------------------------------------------
                                BO ITERATION 22                                 
--------------------------------------------------------------------------------
| Evaluating objective function at 5.324E+01 6.327E+01 0.000E+00
| Objective function evaluated, time [s]       23.626
| Acquisition location too confident, doing pure exploration
| Data point added to dataset (x i y): 
  5.3240761882E+01  6.3274081275E+01  0.0000000000E+00      -2.0299247868E+05

| Total ensemble size: 54
| Best acquisition, x_best i_best y_best:
  2.3753961645E+02  5.3282285541E-01  0.0000000000E+00      -2.0301237301E+05
| Global minimum prediction, x_hat mu_hat +- nu_hat:
  2.3729737900E+02  8.1957776815E-01  0.0000000000E+00      -2.0301237358E+05  8.8547603915E-09
| Global minimum convergence, d_xhat d_muhat:
  2.1017211513E-03  1.9366357067E-07

| GP model hyperparameters (lengthscales W kappa):
  7.4492757687E-01  5.0187147409E-01  9.5980735984E+00  8.2132556871E+00  2.1092149856E+01  5.0659681863E-05
| Next sampling location (x_next, i_next):
  3.9353009666E+01 -1.8496432230E+00  0.0000000000E+00

Iteration time [s]:   26.346        Total time [s]:  555.760

--------------------------------------------------------------------------------
                                BO ITERATION 23                                 
--------------------------------------------------------------------------------
| Evaluating objective function at 3.935E+01 -1.850E+00 0.000E+00
| Objective function evaluated, time [s]       23.196
| Acquisition location too confident, doing pure exploration
| Data point added to dataset (x i y): 
  3.9353009666E+01 -1.8496432230E+00  0.0000000000E+00      -2.0300147842E+05

| Total ensemble size: 55
| Best acquisition, x_best i_best y_best:
  2.3753961645E+02  5.3282285541E-01  0.0000000000E+00      -2.0301237301E+05
| Global minimum prediction, x_hat mu_hat +- nu_hat:
  2.3730979406E+02  8.1457347467E-01  0.0000000000E+00      -2.0301237356E+05  9.1178317340E-09
| Global minimum convergence, d_xhat d_muhat:
  1.3385694180E-02  6.8546499952E-07

| GP model hyperparameters (lengthscales W kappa):
  6.9332273730E-01  5.2942124146E-01  9.7893432353E+00  8.2580076026E+00  2.3135753217E+01  5.0665801493E-05
| Next sampling location (x_next, i_next):
  2.0037151181E+02  1.0957871102E+02  0.0000000000E+00

Iteration time [s]:   25.920        Total time [s]:  581.680

--------------------------------------------------------------------------------
                                BO ITERATION 24                                 
--------------------------------------------------------------------------------
| Evaluating objective function at 2.004E+02 1.096E+02 0.000E+00
| Objective function evaluated, time [s]       23.536
| Acquisition location too confident, doing pure exploration
| Data point added to dataset (x i y): 
  2.0037151181E+02  1.0957871102E+02  0.0000000000E+00      -2.0299211016E+05

| Total ensemble size: 56
| Best acquisition, x_best i_best y_best:
  2.3753961645E+02  5.3282285541E-01  0.0000000000E+00      -2.0301237301E+05
| Global minimum prediction, x_hat mu_hat +- nu_hat:
  2.3731054994E+02  8.1422889518E-01  0.0000000000E+00      -2.0301237356E+05  8.9701241101E-09
| Global minimum convergence, d_xhat d_muhat:
  8.3071765944E-04  5.0877484699E-08

| GP model hyperparameters (lengthscales W kappa):
  6.9010934533E-01  5.3009482928E-01  9.8005144513E+00  8.2927732815E+00  1.9926034166E+01  5.0652882419E-05
| Next sampling location (x_next, i_next):
  7.5956175975E+01  3.0622886227E+02  0.0000000000E+00

Iteration time [s]:   26.175        Total time [s]:  607.856

--------------------------------------------------------------------------------
                                BO ITERATION 25                                 
--------------------------------------------------------------------------------
| Evaluating objective function at 7.596E+01 3.062E+02 0.000E+00
| Objective function evaluated, time [s]       23.192
| Acquisition location too confident, doing pure exploration
| Data point added to dataset (x i y): 
  7.5956175975E+01  3.0622886227E+02  0.0000000000E+00      -2.0299526145E+05

| Total ensemble size: 57
| Best acquisition, x_best i_best y_best:
  2.3753961645E+02  5.3282285541E-01  0.0000000000E+00      -2.0301237301E+05
| Global minimum prediction, x_hat mu_hat +- nu_hat:
  2.3731056434E+02  8.1417020205E-01  0.0000000000E+00      -2.0301237355E+05  9.0394020268E-09
| Global minimum convergence, d_xhat d_muhat:
  6.0432830870E-05  1.0099810274E-07

| GP model hyperparameters (lengthscales W kappa):
  6.7864485689E-01  5.3007430817E-01  9.3096492064E+00  8.0037525744E+00  2.1833579037E+01  5.0658642724E-05
| Next sampling location (x_next, i_next):
  3.1000000000E+02  8.6188053780E+01  0.0000000000E+00

Iteration time [s]:   25.783        Total time [s]:  633.639

--------------------------------------------------------------------------------
                                BO ITERATION 26                                 
--------------------------------------------------------------------------------
| Evaluating objective function at 3.100E+02 8.619E+01 0.000E+00
| Objective function evaluated, time [s]       23.018
| Data point added to dataset (x i y): 
  3.1000000000E+02  8.6188053780E+01  0.0000000000E+00      -2.0298885100E+05

| Total ensemble size: 58
| Best acquisition, x_best i_best y_best:
  2.3753961645E+02  5.3282285541E-01  0.0000000000E+00      -2.0301237301E+05
| Global minimum prediction, x_hat mu_hat +- nu_hat:
  2.3730601425E+02  8.1625437249E-01  0.0000000000E+00      -2.0301237356E+05  9.1689197567E-09
| Global minimum convergence, d_xhat d_muhat:
  5.0047073808E-03  3.7484645925E-07

| GP model hyperparameters (lengthscales W kappa):
  6.6481582505E-01  5.0905624489E-01  8.8171110189E+00  7.7021431429E+00  1.8014311000E+01  5.0644923666E-05
| Next sampling location (x_next, i_next):
  2.8307117642E+02  1.8722206311E+02  0.0000000000E+00

Iteration time [s]:   25.370        Total time [s]:  659.014

--------------------------------------------------------------------------------
                                BO ITERATION 27                                 
--------------------------------------------------------------------------------
| Evaluating objective function at 2.831E+02 1.872E+02 0.000E+00
| Objective function evaluated, time [s]       23.637
| Acquisition location too confident, doing pure exploration
| Data point added to dataset (x i y): 
  2.8307117642E+02  1.8722206311E+02  0.0000000000E+00      -2.0300784329E+05

| Total ensemble size: 59
| Best acquisition, x_best i_best y_best:
  2.3753961645E+02  5.3282285541E-01  0.0000000000E+00      -2.0301237301E+05
| Global minimum prediction, x_hat mu_hat +- nu_hat:
  2.3730647305E+02  8.1634794459E-01  0.0000000000E+00      -2.0301237356E+05  9.0696427257E-09
| Global minimum convergence, d_xhat d_muhat:
  4.6825082823E-04  7.3268237993E-09

| GP model hyperparameters (lengthscales W kappa):
  6.6776752179E-01  5.1341981079E-01  8.8734252565E+00  7.7884302502E+00  1.7887954081E+01  3.3641010081E-04
| Next sampling location (x_next, i_next):
  1.2350704957E+02  8.0814674470E+01  0.0000000000E+00

Iteration time [s]:   26.297        Total time [s]:  685.312

--------------------------------------------------------------------------------
                                BO ITERATION 28                                 
--------------------------------------------------------------------------------
| Evaluating objective function at 1.235E+02 8.081E+01 0.000E+00
| Objective function evaluated, time [s]       23.066
| Data point added to dataset (x i y): 
  1.2350704957E+02  8.0814674470E+01  0.0000000000E+00      -2.0299016382E+05

| Total ensemble size: 60
| Best acquisition, x_best i_best y_best:
  2.3753961645E+02  5.3282285541E-01  0.0000000000E+00      -2.0301237301E+05
| Global minimum prediction, x_hat mu_hat +- nu_hat:
  2.3730700989E+02  8.1603526052E-01  0.0000000000E+00      -2.0301237356E+05  8.9963573479E-09
| Global minimum convergence, d_xhat d_muhat:
  6.2126329519E-04  2.3200100062E-08

| GP model hyperparameters (lengthscales W kappa):
  6.6251886216E-01  5.2096011286E-01  9.0033523460E+00  7.8829958636E+00  1.5997334365E+01  1.0603020797E-04
| Next sampling location (x_next, i_next):
  1.9723616195E+02  1.7410033935E+02  0.0000000000E+00

Iteration time [s]:   25.356        Total time [s]:  710.668

--------------------------------------------------------------------------------
                                BO ITERATION 29                                 
--------------------------------------------------------------------------------
| Evaluating objective function at 1.972E+02 1.741E+02 0.000E+00
| Objective function evaluated, time [s]       21.823
| Acquisition location too confident, doing pure exploration
| Data point added to dataset (x i y): 
  1.9723616195E+02  1.7410033935E+02  0.0000000000E+00      -2.0300747478E+05

| Total ensemble size: 61
| Best acquisition, x_best i_best y_best:
  2.3753961645E+02  5.3282285541E-01  0.0000000000E+00      -2.0301237301E+05
| Global minimum prediction, x_hat mu_hat +- nu_hat:
  2.3730691105E+02  8.1596006417E-01  0.0000000000E+00      -2.0301237356E+05  8.8799988695E-09
| Global minimum convergence, d_xhat d_muhat:
  1.2419795231E-04  1.0238153914E-08

| GP model hyperparameters (lengthscales W kappa):
  6.7114534484E-01  5.2396280988E-01  9.0282389104E+00  7.9146626689E+00  1.7138515562E+01  7.2534931038E-05
| Next sampling location (x_next, i_next):
  2.2737363293E+02  2.6147413377E+02  0.0000000000E+00

Iteration time [s]:   24.521        Total time [s]:  735.192

--------------------------------------------------------------------------------
                                BO ITERATION 30                                 
--------------------------------------------------------------------------------
| Evaluating objective function at 2.274E+02 2.615E+02 0.000E+00
| Objective function evaluated, time [s]       21.821
| Acquisition location too confident, doing pure exploration
| Data point added to dataset (x i y): 
  2.2737363293E+02  2.6147413377E+02  0.0000000000E+00      -2.0298863339E+05

| Total ensemble size: 62
| Best acquisition, x_best i_best y_best:
  2.3753961645E+02  5.3282285541E-01  0.0000000000E+00      -2.0301237301E+05
| Global minimum prediction, x_hat mu_hat +- nu_hat:
  2.3731224398E+02  8.1327666519E-01  0.0000000000E+00      -2.0301237355E+05  8.7292501227E-09
| Global minimum convergence, d_xhat d_muhat:
  5.9699874560E-03  4.0762641826E-07

| GP model hyperparameters (lengthscales W kappa):
  6.7495463987E-01  5.2157053599E-01  8.9974987162E+00  7.9085271861E+00  1.7006895003E+01  3.6262288711E-05
| Next sampling location (x_next, i_next):
  2.6488756261E+01  1.0432049063E+02  0.0000000000E+00

Iteration time [s]:   24.802        Total time [s]:  759.995

--------------------------------------------------------------------------------
                                BO ITERATION 31                                 
--------------------------------------------------------------------------------
| Evaluating objective function at 2.649E+01 1.043E+02 0.000E+00
| Objective function evaluated, time [s]       24.001
| Acquisition location too confident, doing pure exploration
| Data point added to dataset (x i y): 
  2.6488756261E+01  1.0432049063E+02  0.0000000000E+00      -2.0299171180E+05

| Total ensemble size: 63
| Best acquisition, x_best i_best y_best:
  2.3753961645E+02  5.3282285541E-01  0.0000000000E+00      -2.0301237301E+05
| Global minimum prediction, x_hat mu_hat +- nu_hat:
  2.3730953107E+02  8.1450019281E-01  0.0000000000E+00      -2.0301237356E+05  9.0337176849E-09
| Global minimum convergence, d_xhat d_muhat:
  2.9760456963E-03  1.6922576812E-07

| GP model hyperparameters (lengthscales W kappa):
  6.5764743226E-01  5.0440966235E-01  8.5153582962E+00  7.5192479776E+00  1.6577729665E+01  3.6261359090E-05
| Next sampling location (x_next, i_next):
  1.1551645658E+02 -8.7226599904E+00  0.0000000000E+00

Iteration time [s]:   27.105        Total time [s]:  787.100

--------------------------------------------------------------------------------
                                BO ITERATION 32                                 
--------------------------------------------------------------------------------
| Evaluating objective function at 1.155E+02 -8.723E+00 0.000E+00
| Objective function evaluated, time [s]       23.167
| Acquisition location too confident, doing pure exploration
| Data point added to dataset (x i y): 
  1.1551645658E+02 -8.7226599904E+00  0.0000000000E+00      -2.0299179576E+05

| Total ensemble size: 64
| Best acquisition, x_best i_best y_best:
  2.3753961645E+02  5.3282285541E-01  0.0000000000E+00      -2.0301237301E+05
| Global minimum prediction, x_hat mu_hat +- nu_hat:
  2.3730387276E+02  8.1872716281E-01  0.0000000000E+00      -2.0301237358E+05  9.1374142918E-09
| Global minimum convergence, d_xhat d_muhat:
  7.0628497911E-03  7.5814791284E-07

| GP model hyperparameters (lengthscales W kappa):
  6.3169707057E-01  5.1173444826E-01  9.0777186498E+00  7.7091364024E+00  1.2899340836E+01  3.6254233186E-05
| Next sampling location (x_next, i_next):
  1.7883380315E+02  2.3770920123E+02  0.0000000000E+00

Iteration time [s]:   26.222        Total time [s]:  813.323

--------------------------------------------------------------------------------
                                BO ITERATION 33                                 
--------------------------------------------------------------------------------
| Evaluating objective function at 1.788E+02 2.377E+02 0.000E+00
| Objective function evaluated, time [s]       23.348
| Acquisition location too confident, doing pure exploration
| Data point added to dataset (x i y): 
  1.7883380315E+02  2.3770920123E+02  0.0000000000E+00      -2.0299481179E+05

| Total ensemble size: 65
| Best acquisition, x_best i_best y_best:
  2.3753961645E+02  5.3282285541E-01  0.0000000000E+00      -2.0301237301E+05
| Global minimum prediction, x_hat mu_hat +- nu_hat:
  2.3730510723E+02  8.1821988727E-01  0.0000000000E+00      -2.0301237357E+05  9.0382367367E-09
| Global minimum convergence, d_xhat d_muhat:
  1.3346344485E-03  9.0689805200E-08

| GP model hyperparameters (lengthscales W kappa):
  6.3018716956E-01  5.1339207739E-01  9.0656446343E+00  7.7334563646E+00  1.1929708921E+01  3.6252282474E-05
| Next sampling location (x_next, i_next):
  2.0321282617E+00 -4.2816636078E+01  0.0000000000E+00

Iteration time [s]:   26.736        Total time [s]:  840.061

--------------------------------------------------------------------------------
                                BO ITERATION 34                                 
--------------------------------------------------------------------------------
| Evaluating objective function at 2.032E+00 -4.282E+01 0.000E+00
| Objective function evaluated, time [s]       23.283
| Acquisition location too confident, doing pure exploration
| Data point added to dataset (x i y): 
  2.0321282617E+00 -4.2816636078E+01  0.0000000000E+00      -2.0299146543E+05

| Total ensemble size: 66
| Best acquisition, x_best i_best y_best:
  2.3753961645E+02  5.3282285541E-01  0.0000000000E+00      -2.0301237301E+05
| Global minimum prediction, x_hat mu_hat +- nu_hat:
  2.3732436994E+02  8.0588663104E-01  0.0000000000E+00      -2.0301237352E+05  8.9577748773E-09
| Global minimum convergence, d_xhat d_muhat:
  2.2872716912E-02  2.4179140346E-06

| GP model hyperparameters (lengthscales W kappa):
  6.0199818938E-01  5.3486226460E-01  9.6998053006E+00  8.2346857997E+00  9.2695502807E+00  3.6247156112E-05
| Next sampling location (x_next, i_next):
  5.7180707618E+01  2.6022507962E+02  0.0000000000E+00

Iteration time [s]:   26.593        Total time [s]:  866.654

--------------------------------------------------------------------------------
                                BO ITERATION 35                                 
--------------------------------------------------------------------------------
| Evaluating objective function at 5.718E+01 2.602E+02 0.000E+00
| Objective function evaluated, time [s]       23.100
| Acquisition location too confident, doing pure exploration
| Data point added to dataset (x i y): 
  5.7180707618E+01  2.6022507962E+02  0.0000000000E+00      -2.0299134018E+05

| Total ensemble size: 67
| Best acquisition, x_best i_best y_best:
  2.3753961645E+02  5.3282285541E-01  0.0000000000E+00      -2.0301237301E+05
| Global minimum prediction, x_hat mu_hat +- nu_hat:
  2.3732585357E+02  8.0535709019E-01  0.0000000000E+00      -2.0301237351E+05  9.4797253602E-09
| Global minimum convergence, d_xhat d_muhat:
  1.5753009487E-03  1.1359744012E-07

| GP model hyperparameters (lengthscales W kappa):
  5.8614538719E-01  5.0508830732E-01  9.2198538471E+00  7.7796933513E+00  8.5942870006E+00  3.6245795875E-05
| Next sampling location (x_next, i_next):
  3.2605281379E+00  3.7989709244E+01  0.0000000000E+00

Iteration time [s]:   26.428        Total time [s]:  893.083

--------------------------------------------------------------------------------
                                BO ITERATION 36                                 
--------------------------------------------------------------------------------
| Evaluating objective function at 3.261E+00 3.799E+01 0.000E+00
| Objective function evaluated, time [s]       24.102
| Acquisition location too confident, doing pure exploration
| Data point added to dataset (x i y): 
  3.2605281379E+00  3.7989709244E+01  0.0000000000E+00      -2.0299411093E+05

| Total ensemble size: 68
| Best acquisition, x_best i_best y_best:
  2.3753961645E+02  5.3282285541E-01  0.0000000000E+00      -2.0301237301E+05
| Global minimum prediction, x_hat mu_hat +- nu_hat:
  2.3733580992E+02  8.0159603034E-01  0.0000000000E+00      -2.0301237350E+05  9.7670262099E-09
| Global minimum convergence, d_xhat d_muhat:
  1.0643051590E-02  4.4956438250E-07

| GP model hyperparameters (lengthscales W kappa):
  5.7225283410E-01  4.8807830404E-01  8.8123762513E+00  7.5107625276E+00  7.5344873007E+00  3.6243796182E-05
| Next sampling location (x_next, i_next):
  2.8646809907E+02  2.8295364531E+02  0.0000000000E+00

Iteration time [s]:   27.569        Total time [s]:  920.655

--------------------------------------------------------------------------------
                                BO ITERATION 37                                 
--------------------------------------------------------------------------------
| Evaluating objective function at 2.865E+02 2.830E+02 0.000E+00
| Objective function evaluated, time [s]       23.162
| Data point added to dataset (x i y): 
  2.8646809907E+02  2.8295364531E+02  0.0000000000E+00      -2.0299297469E+05

| Total ensemble size: 69
| Best acquisition, x_best i_best y_best:
  2.3753961645E+02  5.3282285541E-01  0.0000000000E+00      -2.0301237301E+05
| Global minimum prediction, x_hat mu_hat +- nu_hat:
  2.3733796555E+02  8.0057735325E-01  0.0000000000E+00      -2.0301237350E+05  9.8086924360E-09
| Global minimum convergence, d_xhat d_muhat:
  2.3842019624E-03  1.0591557567E-07

| GP model hyperparameters (lengthscales W kappa):
  5.7307443529E-01  4.7889127710E-01  8.6787176843E+00  7.3448805742E+00  7.3806791925E+00  3.6243443452E-05
| Next sampling location (x_next, i_next):
  5.0611429709E+01  1.6876840439E+02  0.0000000000E+00

Iteration time [s]:   25.834        Total time [s]:  946.492

--------------------------------------------------------------------------------
                                BO ITERATION 38                                 
--------------------------------------------------------------------------------
| Evaluating objective function at 5.061E+01 1.688E+02 0.000E+00
| Objective function evaluated, time [s]       23.094
| Acquisition location too confident, doing pure exploration
| Data point added to dataset (x i y): 
  5.0611429709E+01  1.6876840439E+02  0.0000000000E+00      -2.0300883531E+05

| Total ensemble size: 70
| Best acquisition, x_best i_best y_best:
  2.3753961645E+02  5.3282285541E-01  0.0000000000E+00      -2.0301237301E+05
| Global minimum prediction, x_hat mu_hat +- nu_hat:
  2.3733734246E+02  8.0094931920E-01  0.0000000000E+00      -2.0301237350E+05  9.6467739573E-09
| Global minimum convergence, d_xhat d_muhat:
  7.2567119709E-04  6.1125132388E-08

| GP model hyperparameters (lengthscales W kappa):
  5.7785313782E-01  4.8572027926E-01  8.8448562688E+00  7.5003562671E+00  7.5129951547E+00  3.6243615270E-05
| Next sampling location (x_next, i_next):
  2.4976594490E+02  8.9287698702E+01  0.0000000000E+00

Iteration time [s]:   26.614        Total time [s]:  973.106

--------------------------------------------------------------------------------
                                BO ITERATION 39                                 
--------------------------------------------------------------------------------
| Evaluating objective function at 2.498E+02 8.929E+01 0.000E+00
| Objective function evaluated, time [s]       23.164
| Acquisition location too confident, doing pure exploration
| Data point added to dataset (x i y): 
  2.4976594490E+02  8.9287698702E+01  0.0000000000E+00      -2.0298844597E+05

| Total ensemble size: 71
| Best acquisition, x_best i_best y_best:
  2.3753961645E+02  5.3282285541E-01  0.0000000000E+00      -2.0301237301E+05
| Global minimum prediction, x_hat mu_hat +- nu_hat:
  2.3733739936E+02  8.0088642500E-01  0.0000000000E+00      -2.0301237350E+05  9.5202547178E-09
| Global minimum convergence, d_xhat d_muhat:
  8.4816955604E-05  9.8403294939E-09

| GP model hyperparameters (lengthscales W kappa):
  5.7550279891E-01  4.8656255419E-01  8.7708854457E+00  7.4786978220E+00  6.9076303421E+00  3.6242476896E-05
| Next sampling location (x_next, i_next):
 -7.1549613486E+00 -4.0649327953E+00  0.0000000000E+00

Iteration time [s]:   26.591        Total time [s]:  999.697

--------------------------------------------------------------------------------
                                BO ITERATION 40                                 
--------------------------------------------------------------------------------
| Evaluating objective function at -7.155E+00 -4.065E+00 0.000E+00
| Objective function evaluated, time [s]       23.180
| Acquisition location too confident, doing pure exploration
| Data point added to dataset (x i y): 
 -7.1549613486E+00 -4.0649327953E+00  0.0000000000E+00      -2.0299024239E+05

| Total ensemble size: 72
| Best acquisition, x_best i_best y_best:
  2.3753961645E+02  5.3282285541E-01  0.0000000000E+00      -2.0301237301E+05
| Global minimum prediction, x_hat mu_hat +- nu_hat:
  2.3734324233E+02  7.9243284045E-01  0.0000000000E+00      -2.0301237346E+05  1.3320763070E-08
| Global minimum convergence, d_xhat d_muhat:
  1.0276349861E-02  1.8777732734E-06

| GP model hyperparameters (lengthscales W kappa):
  4.9735504938E-01  4.4478044437E-01  8.2958634451E+00  7.0434567945E+00  5.5948453219E+00  3.6239996956E-05
| Next sampling location (x_next, i_next):
  1.6025639978E+02  1.2351756752E+02  0.0000000000E+00

Iteration time [s]:   27.025        Total time [s]: 1026.722

--------------------------------------------------------------------------------
                                BO ITERATION 41                                 
--------------------------------------------------------------------------------
| Evaluating objective function at 1.603E+02 1.235E+02 0.000E+00
| Objective function evaluated, time [s]       23.152
| Data point added to dataset (x i y): 
  1.6025639978E+02  1.2351756752E+02  0.0000000000E+00      -2.0299612598E+05

| Total ensemble size: 73
| Best acquisition, x_best i_best y_best:
  2.3753961645E+02  5.3282285541E-01  0.0000000000E+00      -2.0301237301E+05
| Global minimum prediction, x_hat mu_hat +- nu_hat:
  2.3734293965E+02  7.9264627093E-01  0.0000000000E+00      -2.0301237346E+05  1.3066289295E-08
| Global minimum convergence, d_xhat d_muhat:
  3.7036461547E-04  3.0017262207E-08

| GP model hyperparameters (lengthscales W kappa):
  4.9987271137E-01  4.4525915233E-01  8.2996774205E+00  7.0614648901E+00  5.3586734041E+00  3.6239520594E-05
| Next sampling location (x_next, i_next):
  2.6742520001E+02 -9.2260851781E+00  0.0000000000E+00

Iteration time [s]:   26.556        Total time [s]: 1053.281

--------------------------------------------------------------------------------
                                BO ITERATION 42                                 
--------------------------------------------------------------------------------
| Evaluating objective function at 2.674E+02 -9.226E+00 0.000E+00
| Objective function evaluated, time [s]       23.082
| Acquisition location too confident, doing pure exploration
| Data point added to dataset (x i y): 
  2.6742520001E+02 -9.2260851781E+00  0.0000000000E+00      -2.0301135070E+05

| Total ensemble size: 74
| Best acquisition, x_best i_best y_best:
  2.3753961645E+02  5.3282285541E-01  0.0000000000E+00      -2.0301237301E+05
| Global minimum prediction, x_hat mu_hat +- nu_hat:
  2.3731368252E+02  8.1145825622E-01  0.0000000000E+00      -2.0301237353E+05  8.5874826360E-09
| Global minimum convergence, d_xhat d_muhat:
  3.4783192188E-02  3.2254556601E-06

| GP model hyperparameters (lengthscales W kappa):
  5.0711567707E-01  4.4686628651E-01  8.3757630815E+00  7.1134540209E+00  6.0747720889E+00  3.6240777672E-05
| Next sampling location (x_next, i_next):
  1.1089780342E+02  2.6038831879E+02  0.0000000000E+00

Iteration time [s]:   27.159        Total time [s]: 1080.441

--------------------------------------------------------------------------------
                                BO ITERATION 43                                 
--------------------------------------------------------------------------------
| Evaluating objective function at 1.109E+02 2.604E+02 0.000E+00
| Objective function evaluated, time [s]       23.829
| Acquisition location too confident, doing pure exploration
| Data point added to dataset (x i y): 
  1.1089780342E+02  2.6038831879E+02  0.0000000000E+00      -2.0299072876E+05

| Total ensemble size: 75
| Best acquisition, x_best i_best y_best:
  2.3753961645E+02  5.3282285541E-01  0.0000000000E+00      -2.0301237301E+05
| Global minimum prediction, x_hat mu_hat +- nu_hat:
  2.3731352228E+02  8.1149964679E-01  0.0000000000E+00      -2.0301237353E+05  8.5107582314E-09
| Global minimum convergence, d_xhat d_muhat:
  1.6549959161E-04  1.5545044615E-09

| GP model hyperparameters (lengthscales W kappa):
  5.1072415313E-01  4.4615234019E-01  8.3606482112E+00  7.1496567751E+00  5.7837749069E+00  3.6240205946E-05
| Next sampling location (x_next, i_next):
  7.9810119264E+01  2.2491959564E+01  0.0000000000E+00

Iteration time [s]:   27.828        Total time [s]: 1108.273

--------------------------------------------------------------------------------
                                BO ITERATION 44                                 
--------------------------------------------------------------------------------
| Evaluating objective function at 7.981E+01 2.249E+01 0.000E+00
| Objective function evaluated, time [s]       23.982
| Acquisition location too confident, doing pure exploration
| Data point added to dataset (x i y): 
  7.9810119264E+01  2.2491959564E+01  0.0000000000E+00      -2.0299675799E+05

| Total ensemble size: 76
| Best acquisition, x_best i_best y_best:
  2.3753961645E+02  5.3282285541E-01  0.0000000000E+00      -2.0301237301E+05
| Global minimum prediction, x_hat mu_hat +- nu_hat:
  2.3731379924E+02  8.1136557677E-01  0.0000000000E+00      -2.0301237353E+05  8.4430292978E-09
| Global minimum convergence, d_xhat d_muhat:
  3.0770317879E-04  2.8443296030E-08

| GP model hyperparameters (lengthscales W kappa):
  5.1351797752E-01  4.4588765694E-01  8.3458948223E+00  7.1662639524E+00  5.6054671442E+00  3.6239843346E-05
| Next sampling location (x_next, i_next):
  1.9334171246E+02  6.6326272083E+01  0.0000000000E+00

Iteration time [s]:   28.074        Total time [s]: 1136.348

--------------------------------------------------------------------------------
                                BO ITERATION 45                                 
--------------------------------------------------------------------------------
| Evaluating objective function at 1.933E+02 6.633E+01 0.000E+00
| Objective function evaluated, time [s]       24.179
| Acquisition location too confident, doing pure exploration
| Data point added to dataset (x i y): 
  1.9334171246E+02  6.6326272083E+01  0.0000000000E+00      -2.0299516394E+05

| Total ensemble size: 77
| Best acquisition, x_best i_best y_best:
  2.3753961645E+02  5.3282285541E-01  0.0000000000E+00      -2.0301237301E+05
| Global minimum prediction, x_hat mu_hat +- nu_hat:
  2.3731410164E+02  8.1018874351E-01  0.0000000000E+00      -2.0301237353E+05  8.4064505578E-09
| Global minimum convergence, d_xhat d_muhat:
  1.2150653145E-03  2.2917993592E-07

| GP model hyperparameters (lengthscales W kappa):
  5.1296233889E-01  4.4675919475E-01  8.3678756335E+00  7.1766750649E+00  5.4157526905E+00  3.6239458057E-05
| Next sampling location (x_next, i_next):
  3.1000000000E+02  1.2568520029E+02  0.0000000000E+00

Iteration time [s]:   28.490        Total time [s]: 1164.838

--------------------------------------------------------------------------------
                                BO ITERATION 46                                 
--------------------------------------------------------------------------------
| Evaluating objective function at 3.100E+02 1.257E+02 0.000E+00
| Objective function evaluated, time [s]       23.570
| Acquisition location too confident, doing pure exploration
| Data point added to dataset (x i y): 
  3.1000000000E+02  1.2568520029E+02  0.0000000000E+00      -2.0299673213E+05

| Total ensemble size: 78
| Best acquisition, x_best i_best y_best:
  2.3753961645E+02  5.3282285541E-01  0.0000000000E+00      -2.0301237301E+05
| Global minimum prediction, x_hat mu_hat +- nu_hat:
  2.3731312992E+02  8.1073558353E-01  0.0000000000E+00      -2.0301237353E+05  8.3740782308E-09
| Global minimum convergence, d_xhat d_muhat:
  1.1150235481E-03  7.6645097907E-08

| GP model hyperparameters (lengthscales W kappa):
  5.1381169831E-01  4.4601361725E-01  8.3289796412E+00  7.1376338017E+00  5.3085775670E+00  3.6239225413E-05
| Next sampling location (x_next, i_next):
  1.4092977928E+02  4.8096427404E+01  0.0000000000E+00

Iteration time [s]:   27.884        Total time [s]: 1192.723

--------------------------------------------------------------------------------
                                BO ITERATION 47                                 
--------------------------------------------------------------------------------
| Evaluating objective function at 1.409E+02 4.810E+01 0.000E+00
| Objective function evaluated, time [s]       23.935
| Acquisition location too confident, doing pure exploration
| Data point added to dataset (x i y): 
  1.4092977928E+02  4.8096427404E+01  0.0000000000E+00      -2.0299582478E+05

| Total ensemble size: 79
| Best acquisition, x_best i_best y_best:
  2.3753961645E+02  5.3282285541E-01  0.0000000000E+00      -2.0301237301E+05
| Global minimum prediction, x_hat mu_hat +- nu_hat:
  2.3731989563E+02  8.0822202503E-01  0.0000000000E+00      -2.0301237352E+05  8.1754104818E-09
| Global minimum convergence, d_xhat d_muhat:
  7.2175414814E-03  4.0252542873E-07

| GP model hyperparameters (lengthscales W kappa):
  5.0927584754E-01  4.5020199657E-01  8.3388770592E+00  7.1831577819E+00  4.9730961315E+00  3.6238588324E-05
| Next sampling location (x_next, i_next):
  2.6856327363E+02  2.3686695093E+02  0.0000000000E+00

Iteration time [s]:   28.238        Total time [s]: 1220.962

--------------------------------------------------------------------------------
                                BO ITERATION 48                                 
--------------------------------------------------------------------------------
| Evaluating objective function at 2.686E+02 2.369E+02 0.000E+00
| Objective function evaluated, time [s]       23.713
| Acquisition location too confident, doing pure exploration
| Data point added to dataset (x i y): 
  2.6856327363E+02  2.3686695093E+02  0.0000000000E+00      -2.0299480110E+05

| Total ensemble size: 80
| Best acquisition, x_best i_best y_best:
  2.3753961645E+02  5.3282285541E-01  0.0000000000E+00      -2.0301237301E+05
| Global minimum prediction, x_hat mu_hat +- nu_hat:
  2.3731807961E+02  8.0897790740E-01  0.0000000000E+00      -2.0301237352E+05  8.1553447550E-09
| Global minimum convergence, d_xhat d_muhat:
  1.9670548727E-03  1.0393650370E-07

| GP model hyperparameters (lengthscales W kappa):
  5.0632935293E-01  4.5194682053E-01  8.2812348112E+00  7.1503567852E+00  4.8205280313E+00  3.6238295491E-05
| Next sampling location (x_next, i_next):
  1.7261113431E+02 -4.1668212470E+01  0.0000000000E+00

Iteration time [s]:   27.951        Total time [s]: 1248.914

--------------------------------------------------------------------------------
                                BO ITERATION 49                                 
--------------------------------------------------------------------------------
| Evaluating objective function at 1.726E+02 -4.167E+01 0.000E+00
| Objective function evaluated, time [s]       24.096
| Acquisition location too confident, doing pure exploration
| Data point added to dataset (x i y): 
  1.7261113431E+02 -4.1668212470E+01  0.0000000000E+00      -2.0299409987E+05

| Total ensemble size: 81
| Best acquisition, x_best i_best y_best:
  2.3753961645E+02  5.3282285541E-01  0.0000000000E+00      -2.0301237301E+05
| Global minimum prediction, x_hat mu_hat +- nu_hat:
  2.3731769654E+02  8.0919806454E-01  0.0000000000E+00      -2.0301237352E+05  8.0155383663E-09
| Global minimum convergence, d_xhat d_muhat:
  4.4182353275E-04  2.5588505756E-08

| GP model hyperparameters (lengthscales W kappa):
  5.0788328207E-01  4.5361618467E-01  8.3013858996E+00  7.1768211795E+00  4.6601622999E+00  3.6237976842E-05
| Next sampling location (x_next, i_next):
  2.8713463105E+02  5.4792196148E+01  0.0000000000E+00

Iteration time [s]:   28.478        Total time [s]: 1277.393

--------------------------------------------------------------------------------
                                BO ITERATION 50                                 
--------------------------------------------------------------------------------
| Evaluating objective function at 2.871E+02 5.479E+01 0.000E+00
| Objective function evaluated, time [s]       23.827
| Acquisition location too confident, doing pure exploration
| Data point added to dataset (x i y): 
  2.8713463105E+02  5.4792196148E+01  0.0000000000E+00      -2.0299280548E+05

| Total ensemble size: 82
| Best acquisition, x_best i_best y_best:
  2.3753961645E+02  5.3282285541E-01  0.0000000000E+00      -2.0301237301E+05
| Global minimum prediction, x_hat mu_hat +- nu_hat:
  2.3731454003E+02  8.1058750336E-01  0.0000000000E+00      -2.0301237353E+05  7.7794818586E-09
| Global minimum convergence, d_xhat d_muhat:
  3.4487802294E-03  1.8704289089E-07

| GP model hyperparameters (lengthscales W kappa):
  5.1053356723E-01  4.5482305190E-01  8.3109162220E+00  7.1989712262E+00  4.6037514667E+00  3.6237862843E-05
| Next sampling location (x_next, i_next):
 -1.0590780153E+01  7.1921753944E+01  0.0000000000E+00

Iteration time [s]:   28.089        Total time [s]: 1305.482

|| Bayesian optimization completed, time [s]     1305.471


--------------------------------------------------------------------------------
                        BOSS is done! Have a nice day :)                        

      Datetime 15-08-2020 00:45:55            Total time [s]     1305.483       
--------------------------------------------------------------------------------
