
-----------------------------   Welcome to ....   ------------------------------
                      _______  _______ _______ _______ 
                     |   _   \|   _   |   _   |   _   |
                     |.  1   /|.  |   |   1___|   1___|
                     |.  _   \|.  |   |____   |____   |
                     |:  1    |:  1   |:  1   |:  1   |
                     |::.. .  |::.. . |::.. . |::.. . |
                     `-------'`-------`-------`-------'

                                 Version 0.9.15                                 
                              15-08-2020 00:38:54                               
--------------------------------------------------------------------------------

| Reading BOSS input file from: in_2D
| Initializing...

--------------------------------------------------------------------------------
                                   INPUT FILE                                   
--------------------------------------------------------------------------------
# input file for alanine 2D (d4-d13)

# optimization
userfn       userfn_2D.py
bounds       -50 310; -50 310
num_tasks    2
kernel       stdp
initpts      2 30
iterpts      50
verbosity    2
kappa_fixto  0 0
W_rank       2
W_prior      gaussian
W_priorparam 7.606 4.226
thetaprior gamma
thetapriorparam 2 0.019; 3.3678 9.0204; 3.3678 9.0204

RESULTS:
-4.106199288810231E+00 2.940774601505155E+02 0 -2.029906749723015E+05 
2.613655880021154E+02 2.150405136704460E+02 0 -2.030010169608714E+05 
-2.945710356804431E+01 2.035408049474451E+00 1 2.892510000000000E+01 
1.726319838045582E+02 2.061540816355336E+02 1 2.375640000000000E+01 
6.134768295278533E+01 1.808705707926204E+02 1 1.748790000000000E+01 
9.456336857030340E+01 -4.851488535445272E+01 1 3.180790000000000E+01 
5.971720611476171E+01 -4.721820698607808E+01 1 2.979200000000000E+01 
-5.000000000000000E+01 2.732717867817134E+02 1 3.110700000000000E+01 
1.577842539333380E+02 1.314451648649854E+02 1 2.659050000000000E+01 
6.673541434631254E+01 1.760644673433216E+02 1 1.763330000000000E+01 
2.602404140819754E+02 1.835344763916025E+02 1 2.565790000000000E+01 
2.252271325366768E+02 1.662547418971414E+02 1 2.704430000000000E+01 
1.391700998197170E+02 2.032832414762433E+02 1 2.306110000000000E+01 
3.131654097968707E+01 1.689636830579990E+01 1 2.789380000000000E+01 
2.557408713053716E+02 1.226934003281716E+02 1 3.482270000000000E+01 
1.909579016438989E+02 2.696326092593157E+02 1 3.606090000000000E+01 
-5.637563819200381E+00 -4.673547151639524E+01 1 3.203530000000000E+01 
2.590826506244237E+02 1.510926123379678E+02 1 2.876600000000000E+01 
2.680606678472414E+02 2.544840291076413E+02 1 3.472370000000000E+01 
5.809729608769180E+01 9.075838805396394E+01 1 3.216780000000000E+01 
1.549245915438394E+02 -1.796754484789531E+01 1 2.935680000000000E+01 
3.613426682839248E+01 6.948981739631098E+01 1 3.285510000000000E+01 
4.582335379858628E+01 1.715361577480495E+02 1 1.810390000000000E+01 
2.801628168972437E+02 1.096990010064326E+02 1 3.483200000000000E+01 
2.471168345704219E+02 -3.019558909877228E+01 1 2.487750000000000E+01 
2.258986857741883E+01 1.959917332647574E+02 1 2.026970000000000E+01 
-6.017483003653727E+00 6.804564650821911E+01 1 3.672190000000000E+01 
1.299042366363517E+02 5.889316365623094E+00 1 3.246610000000000E+01 
1.903948409481227E+02 1.574281704765005E+02 1 2.377750000000000E+01 
2.022201354125872E+02 2.947982954545620E+02 1 3.471620000000000E+01 
5.680050455259595E+01 1.848216598619749E+02 1 1.758380000000000E+01 
7.717123712746884E+01 6.582786354849617E+01 1 3.354040000000000E+01 
--------------------------------------------------------------------------------
                               SIMULATION OPTIONS                               
--------------------------------------------------------------------------------
|| File input/output 
ipfile         in_2D
userfn         userfn_2D.py
outfile        boss.out
rstfile        boss.rst

|| Key settings 
num_tasks         2
W_rank         2
bounds         -5.000E+01 3.100E+02;    -5.000E+01 3.100E+02
kerntype       stdp stdp
yrange         -5.000E+01 3.100E+02;    -5.000E+01 3.100E+02
noise          1.000E-12
initpts    2 30    iterpts   50
gm_tol         none
verbosity      2

|| Data acquisition 
acqfn                elcb
acqtol               1.000E-03

|| GP hyperparameters 
thetainit       1.000E+00 3.142E-01
thetabounds     none
thetaprior      gamma
thetapriorpar   2.000E+00 1.900E-02;    3.368E+00 9.020E+00;    3.368E+00 9.020E+00

|| Hyperparameter optimization
updatefreq   1  initupdate      True
updateoffset 0  updaterestarts  2


--------------------------------------------------------------------------------
                              INITIAL DATAPOINT 1                               
--------------------------------------------------------------------------------
| Data point added to dataset (x i y): 
 -4.1061992888E+00  2.9407746015E+02  0.0000000000E+00      -2.0299067497E+05

| Total ensemble size: 1
| Next sampling location (x_next, i_next):
  2.6136558800E+02  2.1504051367E+02  0.0000000000E+00

Iteration time [s]:    0.001        Total time [s]:    0.030

--------------------------------------------------------------------------------
                              INITIAL DATAPOINT 2                               
--------------------------------------------------------------------------------
| Data point added to dataset (x i y): 
  2.6136558800E+02  2.1504051367E+02  0.0000000000E+00      -2.0300101696E+05

| Total ensemble size: 2
| Next sampling location (x_next, i_next):
 -2.9457103568E+01  2.0354080495E+00  1.0000000000E+00

Iteration time [s]:    0.001        Total time [s]:    0.031

--------------------------------------------------------------------------------
                              INITIAL DATAPOINT 3                               
--------------------------------------------------------------------------------
| Data point added to dataset (x i y): 
 -2.9457103568E+01  2.0354080495E+00  1.0000000000E+00       2.8925100000E+01

| Total ensemble size: 3
| Next sampling location (x_next, i_next):
  1.7263198380E+02  2.0615408164E+02  1.0000000000E+00

Iteration time [s]:    0.001        Total time [s]:    0.032

--------------------------------------------------------------------------------
                              INITIAL DATAPOINT 4                               
--------------------------------------------------------------------------------
| Data point added to dataset (x i y): 
  1.7263198380E+02  2.0615408164E+02  1.0000000000E+00       2.3756400000E+01

| Total ensemble size: 4
| Next sampling location (x_next, i_next):
  6.1347682953E+01  1.8087057079E+02  1.0000000000E+00

Iteration time [s]:    0.001        Total time [s]:    0.033

--------------------------------------------------------------------------------
                              INITIAL DATAPOINT 5                               
--------------------------------------------------------------------------------
| Data point added to dataset (x i y): 
  6.1347682953E+01  1.8087057079E+02  1.0000000000E+00       1.7487900000E+01

| Total ensemble size: 5
| Next sampling location (x_next, i_next):
  9.4563368570E+01 -4.8514885354E+01  1.0000000000E+00

Iteration time [s]:    0.001        Total time [s]:    0.034

--------------------------------------------------------------------------------
                              INITIAL DATAPOINT 6                               
--------------------------------------------------------------------------------
| Data point added to dataset (x i y): 
  9.4563368570E+01 -4.8514885354E+01  1.0000000000E+00       3.1807900000E+01

| Total ensemble size: 6
| Next sampling location (x_next, i_next):
  5.9717206115E+01 -4.7218206986E+01  1.0000000000E+00

Iteration time [s]:    0.001        Total time [s]:    0.036

--------------------------------------------------------------------------------
                              INITIAL DATAPOINT 7                               
--------------------------------------------------------------------------------
| Data point added to dataset (x i y): 
  5.9717206115E+01 -4.7218206986E+01  1.0000000000E+00       2.9792000000E+01

| Total ensemble size: 7
| Next sampling location (x_next, i_next):
 -5.0000000000E+01  2.7327178678E+02  1.0000000000E+00

Iteration time [s]:    0.001        Total time [s]:    0.037

--------------------------------------------------------------------------------
                              INITIAL DATAPOINT 8                               
--------------------------------------------------------------------------------
| Data point added to dataset (x i y): 
 -5.0000000000E+01  2.7327178678E+02  1.0000000000E+00       3.1107000000E+01

| Total ensemble size: 8
| Next sampling location (x_next, i_next):
  1.5778425393E+02  1.3144516486E+02  1.0000000000E+00

Iteration time [s]:    0.001        Total time [s]:    0.038

--------------------------------------------------------------------------------
                              INITIAL DATAPOINT 9                               
--------------------------------------------------------------------------------
| Data point added to dataset (x i y): 
  1.5778425393E+02  1.3144516486E+02  1.0000000000E+00       2.6590500000E+01

| Total ensemble size: 9
| Next sampling location (x_next, i_next):
  6.6735414346E+01  1.7606446734E+02  1.0000000000E+00

Iteration time [s]:    0.001        Total time [s]:    0.040

--------------------------------------------------------------------------------
                              INITIAL DATAPOINT 10                              
--------------------------------------------------------------------------------
| Data point added to dataset (x i y): 
  6.6735414346E+01  1.7606446734E+02  1.0000000000E+00       1.7633300000E+01

| Total ensemble size: 10
| Next sampling location (x_next, i_next):
  2.6024041408E+02  1.8353447639E+02  1.0000000000E+00

Iteration time [s]:    0.001        Total time [s]:    0.041

--------------------------------------------------------------------------------
                              INITIAL DATAPOINT 11                              
--------------------------------------------------------------------------------
| Data point added to dataset (x i y): 
  2.6024041408E+02  1.8353447639E+02  1.0000000000E+00       2.5657900000E+01

| Total ensemble size: 11
| Next sampling location (x_next, i_next):
  2.2522713254E+02  1.6625474190E+02  1.0000000000E+00

Iteration time [s]:    0.001        Total time [s]:    0.042

--------------------------------------------------------------------------------
                              INITIAL DATAPOINT 12                              
--------------------------------------------------------------------------------
| Data point added to dataset (x i y): 
  2.2522713254E+02  1.6625474190E+02  1.0000000000E+00       2.7044300000E+01

| Total ensemble size: 12
| Next sampling location (x_next, i_next):
  1.3917009982E+02  2.0328324148E+02  1.0000000000E+00

Iteration time [s]:    0.001        Total time [s]:    0.043

--------------------------------------------------------------------------------
                              INITIAL DATAPOINT 13                              
--------------------------------------------------------------------------------
| Data point added to dataset (x i y): 
  1.3917009982E+02  2.0328324148E+02  1.0000000000E+00       2.3061100000E+01

| Total ensemble size: 13
| Next sampling location (x_next, i_next):
  3.1316540980E+01  1.6896368306E+01  1.0000000000E+00

Iteration time [s]:    0.001        Total time [s]:    0.045

--------------------------------------------------------------------------------
                              INITIAL DATAPOINT 14                              
--------------------------------------------------------------------------------
| Data point added to dataset (x i y): 
  3.1316540980E+01  1.6896368306E+01  1.0000000000E+00       2.7893800000E+01

| Total ensemble size: 14
| Next sampling location (x_next, i_next):
  2.5574087131E+02  1.2269340033E+02  1.0000000000E+00

Iteration time [s]:    0.001        Total time [s]:    0.046

--------------------------------------------------------------------------------
                              INITIAL DATAPOINT 15                              
--------------------------------------------------------------------------------
| Data point added to dataset (x i y): 
  2.5574087131E+02  1.2269340033E+02  1.0000000000E+00       3.4822700000E+01

| Total ensemble size: 15
| Next sampling location (x_next, i_next):
  1.9095790164E+02  2.6963260926E+02  1.0000000000E+00

Iteration time [s]:    0.001        Total time [s]:    0.047

--------------------------------------------------------------------------------
                              INITIAL DATAPOINT 16                              
--------------------------------------------------------------------------------
| Data point added to dataset (x i y): 
  1.9095790164E+02  2.6963260926E+02  1.0000000000E+00       3.6060900000E+01

| Total ensemble size: 16
| Next sampling location (x_next, i_next):
 -5.6375638192E+00 -4.6735471516E+01  1.0000000000E+00

Iteration time [s]:    0.001        Total time [s]:    0.048

--------------------------------------------------------------------------------
                              INITIAL DATAPOINT 17                              
--------------------------------------------------------------------------------
| Data point added to dataset (x i y): 
 -5.6375638192E+00 -4.6735471516E+01  1.0000000000E+00       3.2035300000E+01

| Total ensemble size: 17
| Next sampling location (x_next, i_next):
  2.5908265062E+02  1.5109261234E+02  1.0000000000E+00

Iteration time [s]:    0.001        Total time [s]:    0.049

--------------------------------------------------------------------------------
                              INITIAL DATAPOINT 18                              
--------------------------------------------------------------------------------
| Data point added to dataset (x i y): 
  2.5908265062E+02  1.5109261234E+02  1.0000000000E+00       2.8766000000E+01

| Total ensemble size: 18
| Next sampling location (x_next, i_next):
  2.6806066785E+02  2.5448402911E+02  1.0000000000E+00

Iteration time [s]:    0.001        Total time [s]:    0.051

--------------------------------------------------------------------------------
                              INITIAL DATAPOINT 19                              
--------------------------------------------------------------------------------
| Data point added to dataset (x i y): 
  2.6806066785E+02  2.5448402911E+02  1.0000000000E+00       3.4723700000E+01

| Total ensemble size: 19
| Next sampling location (x_next, i_next):
  5.8097296088E+01  9.0758388054E+01  1.0000000000E+00

Iteration time [s]:    0.001        Total time [s]:    0.052

--------------------------------------------------------------------------------
                              INITIAL DATAPOINT 20                              
--------------------------------------------------------------------------------
| Data point added to dataset (x i y): 
  5.8097296088E+01  9.0758388054E+01  1.0000000000E+00       3.2167800000E+01

| Total ensemble size: 20
| Next sampling location (x_next, i_next):
  1.5492459154E+02 -1.7967544848E+01  1.0000000000E+00

Iteration time [s]:    0.001        Total time [s]:    0.053

--------------------------------------------------------------------------------
                              INITIAL DATAPOINT 21                              
--------------------------------------------------------------------------------
| Data point added to dataset (x i y): 
  1.5492459154E+02 -1.7967544848E+01  1.0000000000E+00       2.9356800000E+01

| Total ensemble size: 21
| Next sampling location (x_next, i_next):
  3.6134266828E+01  6.9489817396E+01  1.0000000000E+00

Iteration time [s]:    0.001        Total time [s]:    0.054

--------------------------------------------------------------------------------
                              INITIAL DATAPOINT 22                              
--------------------------------------------------------------------------------
| Data point added to dataset (x i y): 
  3.6134266828E+01  6.9489817396E+01  1.0000000000E+00       3.2855100000E+01

| Total ensemble size: 22
| Next sampling location (x_next, i_next):
  4.5823353799E+01  1.7153615775E+02  1.0000000000E+00

Iteration time [s]:    0.001        Total time [s]:    0.055

--------------------------------------------------------------------------------
                              INITIAL DATAPOINT 23                              
--------------------------------------------------------------------------------
| Data point added to dataset (x i y): 
  4.5823353799E+01  1.7153615775E+02  1.0000000000E+00       1.8103900000E+01

| Total ensemble size: 23
| Next sampling location (x_next, i_next):
  2.8016281690E+02  1.0969900101E+02  1.0000000000E+00

Iteration time [s]:    0.001        Total time [s]:    0.056

--------------------------------------------------------------------------------
                              INITIAL DATAPOINT 24                              
--------------------------------------------------------------------------------
| Data point added to dataset (x i y): 
  2.8016281690E+02  1.0969900101E+02  1.0000000000E+00       3.4832000000E+01

| Total ensemble size: 24
| Next sampling location (x_next, i_next):
  2.4711683457E+02 -3.0195589099E+01  1.0000000000E+00

Iteration time [s]:    0.001        Total time [s]:    0.058

--------------------------------------------------------------------------------
                              INITIAL DATAPOINT 25                              
--------------------------------------------------------------------------------
| Data point added to dataset (x i y): 
  2.4711683457E+02 -3.0195589099E+01  1.0000000000E+00       2.4877500000E+01

| Total ensemble size: 25
| Next sampling location (x_next, i_next):
  2.2589868577E+01  1.9599173326E+02  1.0000000000E+00

Iteration time [s]:    0.001        Total time [s]:    0.059

--------------------------------------------------------------------------------
                              INITIAL DATAPOINT 26                              
--------------------------------------------------------------------------------
| Data point added to dataset (x i y): 
  2.2589868577E+01  1.9599173326E+02  1.0000000000E+00       2.0269700000E+01

| Total ensemble size: 26
| Next sampling location (x_next, i_next):
 -6.0174830037E+00  6.8045646508E+01  1.0000000000E+00

Iteration time [s]:    0.001        Total time [s]:    0.060

--------------------------------------------------------------------------------
                              INITIAL DATAPOINT 27                              
--------------------------------------------------------------------------------
| Data point added to dataset (x i y): 
 -6.0174830037E+00  6.8045646508E+01  1.0000000000E+00       3.6721900000E+01

| Total ensemble size: 27
| Next sampling location (x_next, i_next):
  1.2990423664E+02  5.8893163656E+00  1.0000000000E+00

Iteration time [s]:    0.001        Total time [s]:    0.062

--------------------------------------------------------------------------------
                              INITIAL DATAPOINT 28                              
--------------------------------------------------------------------------------
| Data point added to dataset (x i y): 
  1.2990423664E+02  5.8893163656E+00  1.0000000000E+00       3.2466100000E+01

| Total ensemble size: 28
| Next sampling location (x_next, i_next):
  1.9039484095E+02  1.5742817048E+02  1.0000000000E+00

Iteration time [s]:    0.001        Total time [s]:    0.064

--------------------------------------------------------------------------------
                              INITIAL DATAPOINT 29                              
--------------------------------------------------------------------------------
| Data point added to dataset (x i y): 
  1.9039484095E+02  1.5742817048E+02  1.0000000000E+00       2.3777500000E+01

| Total ensemble size: 29
| Next sampling location (x_next, i_next):
  2.0222013541E+02  2.9479829545E+02  1.0000000000E+00

Iteration time [s]:    0.001        Total time [s]:    0.065

--------------------------------------------------------------------------------
                              INITIAL DATAPOINT 30                              
--------------------------------------------------------------------------------
| Data point added to dataset (x i y): 
  2.0222013541E+02  2.9479829545E+02  1.0000000000E+00       3.4716200000E+01

| Total ensemble size: 30
| Next sampling location (x_next, i_next):
  5.6800504553E+01  1.8482165986E+02  1.0000000000E+00

Iteration time [s]:    0.001        Total time [s]:    0.067

--------------------------------------------------------------------------------
                              INITIAL DATAPOINT 31                              
--------------------------------------------------------------------------------
| Data point added to dataset (x i y): 
  5.6800504553E+01  1.8482165986E+02  1.0000000000E+00       1.7583800000E+01

| Total ensemble size: 31
| Next sampling location (x_next, i_next):
  7.7171237127E+01  6.5827863548E+01  1.0000000000E+00

Iteration time [s]:    0.001        Total time [s]:    0.068

--------------------------------------------------------------------------------
                              INITIAL DATAPOINT 32                              
--------------------------------------------------------------------------------
| Data point added to dataset (x i y): 
  7.7171237127E+01  6.5827863548E+01  1.0000000000E+00       3.3540400000E+01

| Total ensemble size: 32
| Best acquisition, x_best i_best y_best:
  2.6136558800E+02  2.1504051367E+02  0.0000000000E+00      -2.0300101696E+05
| Global minimum prediction, x_hat mu_hat +- nu_hat:
  3.0914784565E+02  1.8494342995E+02  0.0000000000E+00      -2.0300995061E+05  1.7307228225E+01

| GP model hyperparameters (lengthscales W kappa):
  5.8618040400E-01  5.2501497186E-01  8.5670725083E+00  6.0802991002E+00  3.4052841626E+00  5.8920351780E+00  0.0000000000E+00  0.0000000000E+00
| Next sampling location (x_next, i_next):
  6.0070709200E+01  1.8000284561E+02  0.0000000000E+00

Iteration time [s]:    0.942        Total time [s]:    1.010

--------------------------------------------------------------------------------
                                 BO ITERATION 1                                 
--------------------------------------------------------------------------------
| Evaluating objective function at 6.007E+01 1.800E+02 0.000E+00
| Objective function evaluated, time [s]       25.930
| Data point added to dataset (x i y): 
  6.0070709200E+01  1.8000284561E+02  0.0000000000E+00      -2.0300965175E+05

| Total ensemble size: 33
| Best acquisition, x_best i_best y_best:
  6.0070709200E+01  1.8000284561E+02  0.0000000000E+00      -2.0300965175E+05
| Global minimum prediction, x_hat mu_hat +- nu_hat:
  6.1847143520E+01  1.7925829180E+02  0.0000000000E+00      -2.0300965972E+05  8.3701832229E-03
| Global minimum convergence, d_xhat d_muhat:
  2.4736604066E+02  1.4144497555E-02

| GP model hyperparameters (lengthscales W kappa):
  6.0544644521E-01  5.6851905515E-01  7.3196060721E+00  5.1341339457E+00  4.0798758687E+00  6.2645816332E+00  0.0000000000E+00  0.0000000000E+00
| Next sampling location (x_next, i_next):
  2.2250763946E+02  1.4709452389E+01  0.0000000000E+00

Iteration time [s]:   26.945        Total time [s]:   27.955

--------------------------------------------------------------------------------
                                 BO ITERATION 2                                 
--------------------------------------------------------------------------------
| Evaluating objective function at 2.225E+02 1.471E+01 0.000E+00
| Objective function evaluated, time [s]       23.152
| Data point added to dataset (x i y): 
  2.2250763946E+02  1.4709452389E+01  0.0000000000E+00      -2.0301115571E+05

| Total ensemble size: 34
| Best acquisition, x_best i_best y_best:
  2.2250763946E+02  1.4709452389E+01  0.0000000000E+00      -2.0301115571E+05
| Global minimum prediction, x_hat mu_hat +- nu_hat:
  2.3886015741E+02  1.5911520381E+00  0.0000000000E+00      -2.0301226101E+05  3.1641624271E+00
| Global minimum convergence, d_xhat d_muhat:
  2.5079716833E+02  1.1191658470E-01

| GP model hyperparameters (lengthscales W kappa):
  6.1190311879E-01  5.7999943087E-01  5.3645614954E+00  8.2912457250E+00  6.6214145626E+00  3.6946764155E+00  0.0000000000E+00  0.0000000000E+00
| Next sampling location (x_next, i_next):
  1.6533366243E+02  1.7287149747E+02  0.0000000000E+00

Iteration time [s]:   24.122        Total time [s]:   52.077

--------------------------------------------------------------------------------
                                 BO ITERATION 3                                 
--------------------------------------------------------------------------------
| Evaluating objective function at 1.653E+02 1.729E+02 0.000E+00
| Objective function evaluated, time [s]       21.765
| Data point added to dataset (x i y): 
  1.6533366243E+02  1.7287149747E+02  0.0000000000E+00      -2.0300770501E+05

| Total ensemble size: 35
| Best acquisition, x_best i_best y_best:
  2.2250763946E+02  1.4709452389E+01  0.0000000000E+00      -2.0301115571E+05
| Global minimum prediction, x_hat mu_hat +- nu_hat:
  2.3879902384E+02  1.8742397917E+00  0.0000000000E+00      -2.0301219976E+05  2.9337404001E+00
| Global minimum convergence, d_xhat d_muhat:
  2.8961351877E-01  2.5353066731E-03

| GP model hyperparameters (lengthscales W kappa):
  6.2114977012E-01  5.9097524531E-01  5.1297101682E+00  8.1820356818E+00  6.8261734305E+00  3.7744876158E+00  0.0000000000E+00  0.0000000000E+00
| Next sampling location (x_next, i_next):
  3.1000000000E+02  1.6853790200E+02  0.0000000000E+00

Iteration time [s]:   22.875        Total time [s]:   74.953

--------------------------------------------------------------------------------
                                 BO ITERATION 4                                 
--------------------------------------------------------------------------------
| Evaluating objective function at 3.100E+02 1.685E+02 0.000E+00
| Objective function evaluated, time [s]       22.893
| Data point added to dataset (x i y): 
  3.1000000000E+02  1.6853790200E+02  0.0000000000E+00      -2.0300793558E+05

| Total ensemble size: 36
| Best acquisition, x_best i_best y_best:
  2.2250763946E+02  1.4709452389E+01  0.0000000000E+00      -2.0301115571E+05
| Global minimum prediction, x_hat mu_hat +- nu_hat:
  2.3817395834E+02  2.1519312692E+00  0.0000000000E+00      -2.0301211134E+05  2.4765058171E+00
| Global minimum convergence, d_xhat d_muhat:
  6.8397327003E-01  3.5638968244E-03

| GP model hyperparameters (lengthscales W kappa):
  6.3597512596E-01  6.1080018231E-01  8.1342619589E+00  5.0407826192E+00  3.9908344149E+00  7.0795071240E+00  0.0000000000E+00  0.0000000000E+00
| Next sampling location (x_next, i_next):
  2.7181379050E+02 -5.0679336687E+00  0.0000000000E+00

Iteration time [s]:   23.887        Total time [s]:   98.841

--------------------------------------------------------------------------------
                                 BO ITERATION 5                                 
--------------------------------------------------------------------------------
| Evaluating objective function at 2.718E+02 -5.068E+00 0.000E+00
| Objective function evaluated, time [s]       23.039
| Data point added to dataset (x i y): 
  2.7181379050E+02 -5.0679336687E+00  0.0000000000E+00      -2.0301101261E+05

| Total ensemble size: 37
| Best acquisition, x_best i_best y_best:
  2.2250763946E+02  1.4709452389E+01  0.0000000000E+00      -2.0301115571E+05
| Global minimum prediction, x_hat mu_hat +- nu_hat:
  2.4431299821E+02  1.0648273522E+00  0.0000000000E+00      -2.0301247783E+05  6.1709374593E-01
| Global minimum convergence, d_xhat d_muhat:
  6.2345493423E+00  1.4253897076E-02

| GP model hyperparameters (lengthscales W kappa):
  6.5059838353E-01  6.3097073525E-01  8.3350192085E+00  5.1442655834E+00  4.1494161816E+00  7.3434154139E+00  0.0000000000E+00  0.0000000000E+00
| Next sampling location (x_next, i_next):
  1.9134954104E+02 -1.5243577046E+01  0.0000000000E+00

Iteration time [s]:   24.020        Total time [s]:  122.861

--------------------------------------------------------------------------------
                                 BO ITERATION 6                                 
--------------------------------------------------------------------------------
| Evaluating objective function at 1.913E+02 -1.524E+01 0.000E+00
| Objective function evaluated, time [s]       22.966
| Data point added to dataset (x i y): 
  1.9134954104E+02 -1.5243577046E+01  0.0000000000E+00      -2.0300436642E+05

| Total ensemble size: 38
| Best acquisition, x_best i_best y_best:
  2.2250763946E+02  1.4709452389E+01  0.0000000000E+00      -2.0301115571E+05
| Global minimum prediction, x_hat mu_hat +- nu_hat:
  2.5001796604E+02  8.2842619828E+00  0.0000000000E+00      -2.0301275324E+05  5.9187164191E-01
| Global minimum convergence, d_xhat d_muhat:
  9.2014615269E+00  1.0775761792E-02

| GP model hyperparameters (lengthscales W kappa):
  6.5224245660E-01  6.3447275027E-01  8.4672315467E+00  5.2799814183E+00  4.2257580138E+00  7.4110507480E+00  0.0000000000E+00  0.0000000000E+00
| Next sampling location (x_next, i_next):
  2.6716285478E+02  3.2827643962E+01  0.0000000000E+00

Iteration time [s]:   24.064        Total time [s]:  146.926

--------------------------------------------------------------------------------
                                 BO ITERATION 7                                 
--------------------------------------------------------------------------------
| Evaluating objective function at 2.672E+02 3.283E+01 0.000E+00
| Objective function evaluated, time [s]       22.970
| Data point added to dataset (x i y): 
  2.6716285478E+02  3.2827643962E+01  0.0000000000E+00      -2.0300141349E+05

| Total ensemble size: 39
| Best acquisition, x_best i_best y_best:
  2.2250763946E+02  1.4709452389E+01  0.0000000000E+00      -2.0301115571E+05
| Global minimum prediction, x_hat mu_hat +- nu_hat:
  2.4188515040E+02 -2.1139243225E+00  0.0000000000E+00      -2.0301295196E+05  1.4778175862E+00
| Global minimum convergence, d_xhat d_muhat:
  1.3200945749E+01  7.9135723888E-03

| GP model hyperparameters (lengthscales W kappa):
  6.0019914277E-01  5.5664632920E-01  6.1923680706E+00  9.4113607746E+00  6.4603270197E+00  3.2428833770E+00  0.0000000000E+00  0.0000000000E+00
| Next sampling location (x_next, i_next):
  5.4831874045E+01  8.0748570483E+00  0.0000000000E+00

Iteration time [s]:   24.238        Total time [s]:  171.165

--------------------------------------------------------------------------------
                                 BO ITERATION 8                                 
--------------------------------------------------------------------------------
| Evaluating objective function at 5.483E+01 8.075E+00 0.000E+00
| Objective function evaluated, time [s]       23.020
| Data point added to dataset (x i y): 
  5.4831874045E+01  8.0748570483E+00  0.0000000000E+00      -2.0300345436E+05

| Total ensemble size: 40
| Best acquisition, x_best i_best y_best:
  2.2250763946E+02  1.4709452389E+01  0.0000000000E+00      -2.0301115571E+05
| Global minimum prediction, x_hat mu_hat +- nu_hat:
  2.4175154467E+02 -1.7290036649E+00  0.0000000000E+00      -2.0301282832E+05  1.4064084164E+00
| Global minimum convergence, d_xhat d_muhat:
  4.0744864967E-01  4.9538068512E-03

| GP model hyperparameters (lengthscales W kappa):
  5.9229591196E-01  5.4413304774E-01  9.0487941212E+00  6.0107775277E+00  3.2502978182E+00  6.2880607382E+00  0.0000000000E+00  0.0000000000E+00
| Next sampling location (x_next, i_next):
  1.8171929675E+02  5.2203003334E+01  0.0000000000E+00

Iteration time [s]:   24.083        Total time [s]:  195.249

--------------------------------------------------------------------------------
                                 BO ITERATION 9                                 
--------------------------------------------------------------------------------
| Evaluating objective function at 1.817E+02 5.220E+01 0.000E+00
| Objective function evaluated, time [s]       22.891
| Data point added to dataset (x i y): 
  1.8171929675E+02  5.2203003334E+01  0.0000000000E+00      -2.0299948913E+05

| Total ensemble size: 41
| Best acquisition, x_best i_best y_best:
  2.2250763946E+02  1.4709452389E+01  0.0000000000E+00      -2.0301115571E+05
| Global minimum prediction, x_hat mu_hat +- nu_hat:
  2.4167027968E+02 -1.6051085518E+00  0.0000000000E+00      -2.0301278585E+05  8.1492690736E-01
| Global minimum convergence, d_xhat d_muhat:
  1.4816881584E-01  1.7358693340E-03

| GP model hyperparameters (lengthscales W kappa):
  5.9407245239E-01  5.4851672873E-01  8.8304340855E+00  5.9437078926E+00  3.3701516277E+00  6.2509147366E+00  0.0000000000E+00  0.0000000000E+00
| Next sampling location (x_next, i_next):
  8.5868100587E+01  2.2562532735E+02  0.0000000000E+00

Iteration time [s]:   24.025        Total time [s]:  219.274

--------------------------------------------------------------------------------
                                BO ITERATION 10                                 
--------------------------------------------------------------------------------
| Evaluating objective function at 8.587E+01 2.256E+02 0.000E+00
| Objective function evaluated, time [s]       22.944
| Data point added to dataset (x i y): 
  8.5868100587E+01  2.2562532735E+02  0.0000000000E+00      -2.0299954509E+05

| Total ensemble size: 42
| Best acquisition, x_best i_best y_best:
  2.2250763946E+02  1.4709452389E+01  0.0000000000E+00      -2.0301115571E+05
| Global minimum prediction, x_hat mu_hat +- nu_hat:
  2.4147111754E+02 -1.4279109618E+00  0.0000000000E+00      -2.0301271708E+05  7.2379519594E-01
| Global minimum convergence, d_xhat d_muhat:
  2.6657933570E-01  2.8569744904E-03

| GP model hyperparameters (lengthscales W kappa):
  6.0216824078E-01  5.6192118272E-01  8.8644042317E+00  6.1436443519E+00  3.6066360893E+00  6.3286744548E+00  0.0000000000E+00  0.0000000000E+00
| Next sampling location (x_next, i_next):
 -4.0898819187E+01  2.0694672861E+02  0.0000000000E+00

Iteration time [s]:   24.106        Total time [s]:  243.381

--------------------------------------------------------------------------------
                                BO ITERATION 11                                 
--------------------------------------------------------------------------------
| Evaluating objective function at -4.090E+01 2.069E+02 0.000E+00
| Objective function evaluated, time [s]       21.708
| Data point added to dataset (x i y): 
 -4.0898819187E+01  2.0694672861E+02  0.0000000000E+00      -2.0300466407E+05

| Total ensemble size: 43
| Best acquisition, x_best i_best y_best:
  2.2250763946E+02  1.4709452389E+01  0.0000000000E+00      -2.0301115571E+05
| Global minimum prediction, x_hat mu_hat +- nu_hat:
  2.4142801661E+02 -1.5646725209E+00  0.0000000000E+00      -2.0301270875E+05  6.8824906618E-01
| Global minimum convergence, d_xhat d_muhat:
  1.4339252060E-01  3.4541488030E-04

| GP model hyperparameters (lengthscales W kappa):
  6.0480805936E-01  5.6760056905E-01  6.0631782288E+00  8.7778135036E+00  6.3852520737E+00  3.6706641376E+00  0.0000000000E+00  0.0000000000E+00
| Next sampling location (x_next, i_next):
  8.8233401291E+00  1.5486819136E+02  0.0000000000E+00

Iteration time [s]:   22.950        Total time [s]:  266.332

--------------------------------------------------------------------------------
                                BO ITERATION 12                                 
--------------------------------------------------------------------------------
| Evaluating objective function at 8.823E+00 1.549E+02 0.000E+00
| Objective function evaluated, time [s]       22.913
| Data point added to dataset (x i y): 
  8.8233401291E+00  1.5486819136E+02  0.0000000000E+00      -2.0300464424E+05

| Total ensemble size: 44
| Best acquisition, x_best i_best y_best:
  2.2250763946E+02  1.4709452389E+01  0.0000000000E+00      -2.0301115571E+05
| Global minimum prediction, x_hat mu_hat +- nu_hat:
  2.4129079003E+02 -1.4527479849E+00  0.0000000000E+00      -2.0301267295E+05  6.2352213039E-01
| Global minimum convergence, d_xhat d_muhat:
  1.7708256783E-01  1.4809320037E-03

| GP model hyperparameters (lengthscales W kappa):
  6.1536001984E-01  5.7974223605E-01  8.8777479600E+00  6.2200689385E+00  3.8501865081E+00  6.5075102824E+00  0.0000000000E+00  0.0000000000E+00
| Next sampling location (x_next, i_next):
  2.4186740562E+02 -1.0047509740E+01  0.0000000000E+00

Iteration time [s]:   24.182        Total time [s]:  290.514

--------------------------------------------------------------------------------
                                BO ITERATION 13                                 
--------------------------------------------------------------------------------
| Evaluating objective function at 2.419E+02 -1.005E+01 0.000E+00
| Objective function evaluated, time [s]       23.085
| Data point added to dataset (x i y): 
  2.4186740562E+02 -1.0047509740E+01  0.0000000000E+00      -2.0301150306E+05

| Total ensemble size: 45
| Best acquisition, x_best i_best y_best:
  2.4186740562E+02 -1.0047509740E+01  0.0000000000E+00      -2.0301150306E+05
| Global minimum prediction, x_hat mu_hat +- nu_hat:
  2.3945135917E+02  5.1991014920E-01  0.0000000000E+00      -2.0301221372E+05  7.3956153182E-02
| Global minimum convergence, d_xhat d_muhat:
  2.6971996603E+00  1.8617258684E-02

| GP model hyperparameters (lengthscales W kappa):
  6.3649341117E-01  5.9607367703E-01  6.6323661555E+00  9.2911852213E+00  6.7979888853E+00  4.1384002436E+00  0.0000000000E+00  0.0000000000E+00
| Next sampling location (x_next, i_next):
  2.4643743101E+02  2.8007048557E+00  0.0000000000E+00

Iteration time [s]:   24.470        Total time [s]:  314.984

--------------------------------------------------------------------------------
                                BO ITERATION 14                                 
--------------------------------------------------------------------------------
| Evaluating objective function at 2.464E+02 2.801E+00 0.000E+00
| Objective function evaluated, time [s]       22.996
| Data point added to dataset (x i y): 
  2.4643743101E+02  2.8007048557E+00  0.0000000000E+00      -2.0301213963E+05

| Total ensemble size: 46
| Best acquisition, x_best i_best y_best:
  2.4643743101E+02  2.8007048557E+00  0.0000000000E+00      -2.0301213963E+05
| Global minimum prediction, x_hat mu_hat +- nu_hat:
  2.4039319682E+02  6.1800085561E-01  0.0000000000E+00      -2.0301229884E+05  4.6811969384E-03
| Global minimum convergence, d_xhat d_muhat:
  9.4693186761E-01  3.3858226460E-03

| GP model hyperparameters (lengthscales W kappa):
  6.5157619016E-01  6.0660471284E-01  6.7879119474E+00  9.5282601935E+00  6.9748178729E+00  4.2346152729E+00  0.0000000000E+00  0.0000000000E+00
| Next sampling location (x_next, i_next):
  9.9422665855E+01  1.6766228373E+02  0.0000000000E+00

Iteration time [s]:   24.414        Total time [s]:  339.398

--------------------------------------------------------------------------------
                                BO ITERATION 15                                 
--------------------------------------------------------------------------------
| Evaluating objective function at 9.942E+01 1.677E+02 0.000E+00
| Objective function evaluated, time [s]       22.815
| Data point added to dataset (x i y): 
  9.9422665855E+01  1.6766228373E+02  0.0000000000E+00      -2.0300779543E+05

| Total ensemble size: 47
| Best acquisition, x_best i_best y_best:
  2.4643743101E+02  2.8007048557E+00  0.0000000000E+00      -2.0301213963E+05
| Global minimum prediction, x_hat mu_hat +- nu_hat:
  2.4018656392E+02  6.8155133374E-01  0.0000000000E+00      -2.0301230164E+05  4.6704155179E-03
| Global minimum convergence, d_xhat d_muhat:
  2.1618468839E-01  1.1053741138E-04

| GP model hyperparameters (lengthscales W kappa):
  6.5938043207E-01  6.0804658308E-01  9.4631851792E+00  6.7450285236E+00  4.3650821794E+00  7.0833757008E+00  0.0000000000E+00  0.0000000000E+00
| Next sampling location (x_next, i_next):
  6.3462790833E+01  1.5347775034E+02  0.0000000000E+00

Iteration time [s]:   24.204        Total time [s]:  363.602

--------------------------------------------------------------------------------
                                BO ITERATION 16                                 
--------------------------------------------------------------------------------
| Evaluating objective function at 6.346E+01 1.535E+02 0.000E+00
| Objective function evaluated, time [s]       22.952
| Data point added to dataset (x i y): 
  6.3462790833E+01  1.5347775034E+02  0.0000000000E+00      -2.0300600538E+05

| Total ensemble size: 48
| Best acquisition, x_best i_best y_best:
  2.4643743101E+02  2.8007048557E+00  0.0000000000E+00      -2.0301213963E+05
| Global minimum prediction, x_hat mu_hat +- nu_hat:
  2.4055762590E+02  6.1569357712E-01  0.0000000000E+00      -2.0301229549E+05  4.1840533033E-03
| Global minimum convergence, d_xhat d_muhat:
  3.7686102829E-01  2.4238621841E-04

| GP model hyperparameters (lengthscales W kappa):
  6.6070819589E-01  6.0186055940E-01  6.8247487096E+00  9.4679748294E+00  7.0816301759E+00  4.4383063962E+00  0.0000000000E+00  0.0000000000E+00
| Next sampling location (x_next, i_next):
  2.8062378214E+02  1.7773623526E+02  0.0000000000E+00

Iteration time [s]:   24.415        Total time [s]:  388.018

--------------------------------------------------------------------------------
                                BO ITERATION 17                                 
--------------------------------------------------------------------------------
| Evaluating objective function at 2.806E+02 1.777E+02 0.000E+00
| Objective function evaluated, time [s]       22.827
| Data point added to dataset (x i y): 
  2.8062378214E+02  1.7773623526E+02  0.0000000000E+00      -2.0300807971E+05

| Total ensemble size: 49
| Best acquisition, x_best i_best y_best:
  2.4643743101E+02  2.8007048557E+00  0.0000000000E+00      -2.0301213963E+05
| Global minimum prediction, x_hat mu_hat +- nu_hat:
  2.4058735793E+02  5.6622943331E-01  0.0000000000E+00      -2.0301229772E+05  4.2299195243E-03
| Global minimum convergence, d_xhat d_muhat:
  5.7712177162E-02  8.7108556900E-05

| GP model hyperparameters (lengthscales W kappa):
  6.5426882728E-01  6.0728295143E-01  6.8719152154E+00  9.5247318244E+00  7.0392869935E+00  4.3859851946E+00  0.0000000000E+00  0.0000000000E+00
| Next sampling location (x_next, i_next):
  2.2852758795E+02  1.1301964465E+00  0.0000000000E+00

Iteration time [s]:   24.334        Total time [s]:  412.353

--------------------------------------------------------------------------------
                                BO ITERATION 18                                 
--------------------------------------------------------------------------------
| Evaluating objective function at 2.285E+02 1.130E+00 0.000E+00
| Objective function evaluated, time [s]       23.096
| Data point added to dataset (x i y): 
  2.2852758795E+02  1.1301964465E+00  0.0000000000E+00      -2.0301225702E+05

| Total ensemble size: 50
| Best acquisition, x_best i_best y_best:
  2.2852758795E+02  1.1301964465E+00  0.0000000000E+00      -2.0301225702E+05
| Global minimum prediction, x_hat mu_hat +- nu_hat:
  2.3662866595E+02  1.1330049768E+00  0.0000000000E+00      -2.0301238550E+05  4.8802988085E-04
| Global minimum convergence, d_xhat d_muhat:
  3.9990594816E+00  3.3966145062E-03

| GP model hyperparameters (lengthscales W kappa):
  6.6631717859E-01  6.0799394383E-01  9.6926375643E+00  6.9170806393E+00  4.3956736418E+00  7.1712267508E+00  0.0000000000E+00  0.0000000000E+00
| Next sampling location (x_next, i_next):
  2.3625470397E+02  1.8275238807E+00  0.0000000000E+00

Iteration time [s]:   24.610        Total time [s]:  436.963

--------------------------------------------------------------------------------
                                BO ITERATION 19                                 
--------------------------------------------------------------------------------
| Evaluating objective function at 2.363E+02 1.828E+00 0.000E+00
| Objective function evaluated, time [s]       23.004
| Data point added to dataset (x i y): 
  2.3625470397E+02  1.8275238807E+00  0.0000000000E+00      -2.0301236704E+05

| Total ensemble size: 51
| Best acquisition, x_best i_best y_best:
  2.3625470397E+02  1.8275238807E+00  0.0000000000E+00      -2.0301236704E+05
| Global minimum prediction, x_hat mu_hat +- nu_hat:
  2.3676417833E+02  1.0107222970E+00  0.0000000000E+00      -2.0301237164E+05  5.5969202942E-06
| Global minimum convergence, d_xhat d_muhat:
  1.8252851872E-01  5.2967159540E-04

| GP model hyperparameters (lengthscales W kappa):
  6.8301984071E-01  6.2341478707E-01  1.0065397944E+01  7.1939806819E+00  4.5192395777E+00  7.3976827177E+00  0.0000000000E+00  0.0000000000E+00
| Next sampling location (x_next, i_next):
  3.1703881594E+01  1.8286819373E+02  0.0000000000E+00

Iteration time [s]:   24.585        Total time [s]:  461.548

--------------------------------------------------------------------------------
                                BO ITERATION 20                                 
--------------------------------------------------------------------------------
| Evaluating objective function at 3.170E+01 1.829E+02 0.000E+00
| Objective function evaluated, time [s]       22.979
| Data point added to dataset (x i y): 
  3.1703881594E+01  1.8286819373E+02  0.0000000000E+00      -2.0300889065E+05

| Total ensemble size: 52
| Best acquisition, x_best i_best y_best:
  2.3625470397E+02  1.8275238807E+00  0.0000000000E+00      -2.0301236704E+05
| Global minimum prediction, x_hat mu_hat +- nu_hat:
  2.3675061783E+02  1.0273255243E+00  0.0000000000E+00      -2.0301237146E+05  5.5884262959E-06
| Global minimum convergence, d_xhat d_muhat:
  2.1437223559E-02  6.8747704699E-06

| GP model hyperparameters (lengthscales W kappa):
  6.7709746915E-01  6.1344368885E-01  9.7876516121E+00  6.8696625576E+00  4.4051024451E+00  7.3238900832E+00  0.0000000000E+00  0.0000000000E+00
| Next sampling location (x_next, i_next):
  2.3890595424E+02  3.1045939594E-02  0.0000000000E+00

Iteration time [s]:   24.945        Total time [s]:  486.494

--------------------------------------------------------------------------------
                                BO ITERATION 21                                 
--------------------------------------------------------------------------------
| Evaluating objective function at 2.389E+02 3.105E-02 0.000E+00
| Objective function evaluated, time [s]       23.829
| Data point added to dataset (x i y): 
  2.3890595424E+02  3.1045939594E-02  0.0000000000E+00      -2.0301237008E+05

| Total ensemble size: 53
| Best acquisition, x_best i_best y_best:
  2.3890595424E+02  3.1045939594E-02  0.0000000000E+00      -2.0301237008E+05
| Global minimum prediction, x_hat mu_hat +- nu_hat:
  2.3726728315E+02  7.6747581578E-01  0.0000000000E+00      -2.0301237438E+05  3.5725304839E-07
| Global minimum convergence, d_xhat d_muhat:
  5.7832943091E-01  1.1010473473E-04

| GP model hyperparameters (lengthscales W kappa):
  6.8202729910E-01  6.0384916952E-01  9.7706299559E+00  6.7982951482E+00  4.3122025822E+00  7.2946613019E+00  0.0000000000E+00  0.0000000000E+00
| Next sampling location (x_next, i_next):
  2.3668887450E+02  6.2606185317E-01  0.0000000000E+00

Iteration time [s]:   25.428        Total time [s]:  511.922

--------------------------------------------------------------------------------
                                BO ITERATION 22                                 
--------------------------------------------------------------------------------
| Evaluating objective function at 2.367E+02 6.261E-01 0.000E+00
| Objective function evaluated, time [s]       23.060
| Acquisition location too confident, doing pure exploration
| Data point added to dataset (x i y): 
  2.3668887450E+02  6.2606185317E-01  0.0000000000E+00      -2.0301237221E+05

| Total ensemble size: 54
| Best acquisition, x_best i_best y_best:
  2.3668887450E+02  6.2606185317E-01  0.0000000000E+00      -2.0301237221E+05
| Global minimum prediction, x_hat mu_hat +- nu_hat:
  2.3744743915E+02  7.8317125580E-01  0.0000000000E+00      -2.0301237384E+05  8.8974497991E-09
| Global minimum convergence, d_xhat d_muhat:
  1.8083840536E-01  2.0497127749E-05

| GP model hyperparameters (lengthscales W kappa):
  6.8768939215E-01  5.9846561995E-01  9.7638990830E+00  6.6925957569E+00  4.2415139039E+00  7.3129585997E+00  0.0000000000E+00  0.0000000000E+00
| Next sampling location (x_next, i_next):
  1.3771067615E+02  2.7819540330E+02  0.0000000000E+00

Iteration time [s]:   25.181        Total time [s]:  537.104

--------------------------------------------------------------------------------
                                BO ITERATION 23                                 
--------------------------------------------------------------------------------
| Evaluating objective function at 1.377E+02 2.782E+02 0.000E+00
| Objective function evaluated, time [s]       23.024
| Acquisition location too confident, doing pure exploration
| Data point added to dataset (x i y): 
  1.3771067615E+02  2.7819540330E+02  0.0000000000E+00      -2.0298866091E+05

| Total ensemble size: 55
| Best acquisition, x_best i_best y_best:
  2.3668887450E+02  6.2606185317E-01  0.0000000000E+00      -2.0301237221E+05
| Global minimum prediction, x_hat mu_hat +- nu_hat:
  2.3744175315E+02  7.8395984378E-01  0.0000000000E+00      -2.0301237383E+05  8.9504420763E-09
| Global minimum convergence, d_xhat d_muhat:
  5.7404212089E-03  2.3424415461E-07

| GP model hyperparameters (lengthscales W kappa):
  6.7693128456E-01  5.7510551857E-01  6.3568474791E+00  9.1914614720E+00  7.0111255776E+00  4.1775407150E+00  0.0000000000E+00  0.0000000000E+00
| Next sampling location (x_next, i_next):
  2.1013407753E+02  1.1315286055E+02  0.0000000000E+00

Iteration time [s]:   25.437        Total time [s]:  562.542

--------------------------------------------------------------------------------
                                BO ITERATION 24                                 
--------------------------------------------------------------------------------
| Evaluating objective function at 2.101E+02 1.132E+02 0.000E+00
| Objective function evaluated, time [s]       22.930
| Acquisition location too confident, doing pure exploration
| Data point added to dataset (x i y): 
  2.1013407753E+02  1.1315286055E+02  0.0000000000E+00      -2.0299228244E+05

| Total ensemble size: 56
| Best acquisition, x_best i_best y_best:
  2.3668887450E+02  6.2606185317E-01  0.0000000000E+00      -2.0301237221E+05
| Global minimum prediction, x_hat mu_hat +- nu_hat:
  2.3744216870E+02  7.8401757021E-01  0.0000000000E+00      -2.0301237383E+05  8.6258235220E-09
| Global minimum convergence, d_xhat d_muhat:
  4.1954059401E-04  8.0914464468E-08

| GP model hyperparameters (lengthscales W kappa):
  6.7546432442E-01  5.7512473326E-01  6.3800968806E+00  9.0617873920E+00  6.9289322433E+00  4.2473506949E+00  0.0000000000E+00  0.0000000000E+00
| Next sampling location (x_next, i_next):
 -4.3305165629E+00  8.1553661790E+01  0.0000000000E+00

Iteration time [s]:   25.294        Total time [s]:  587.836

--------------------------------------------------------------------------------
                                BO ITERATION 25                                 
--------------------------------------------------------------------------------
| Evaluating objective function at -4.331E+00 8.155E+01 0.000E+00
| Objective function evaluated, time [s]       22.912
| Data point added to dataset (x i y): 
 -4.3305165629E+00  8.1553661790E+01  0.0000000000E+00      -2.0298935670E+05

| Total ensemble size: 57
| Best acquisition, x_best i_best y_best:
  2.3668887450E+02  6.2606185317E-01  0.0000000000E+00      -2.0301237221E+05
| Global minimum prediction, x_hat mu_hat +- nu_hat:
  2.3744052137E+02  7.8406917307E-01  0.0000000000E+00      -2.0301237383E+05  8.7233099854E-09
| Global minimum convergence, d_xhat d_muhat:
  1.6481392501E-03  1.5881716029E-07

| GP model hyperparameters (lengthscales W kappa):
  6.6783524653E-01  5.8089413835E-01  9.0013647598E+00  6.4793524237E+00  4.2894426741E+00  6.8110564116E+00  0.0000000000E+00  0.0000000000E+00
| Next sampling location (x_next, i_next):
  7.8848967849E+01  1.8374683335E+02  0.0000000000E+00

Iteration time [s]:   24.728        Total time [s]:  612.565

--------------------------------------------------------------------------------
                                BO ITERATION 26                                 
--------------------------------------------------------------------------------
| Evaluating objective function at 7.885E+01 1.837E+02 0.000E+00
| Objective function evaluated, time [s]       24.028
| Acquisition location too confident, doing pure exploration
| Data point added to dataset (x i y): 
  7.8848967849E+01  1.8374683335E+02  0.0000000000E+00      -2.0300922429E+05

| Total ensemble size: 58
| Best acquisition, x_best i_best y_best:
  2.3668887450E+02  6.2606185317E-01  0.0000000000E+00      -2.0301237221E+05
| Global minimum prediction, x_hat mu_hat +- nu_hat:
  2.3743948894E+02  7.8424203274E-01  0.0000000000E+00      -2.0301237383E+05  8.6485040462E-09
| Global minimum convergence, d_xhat d_muhat:
  1.0468017184E-03  3.5575391480E-08

| GP model hyperparameters (lengthscales W kappa):
  6.6867976180E-01  5.9345603042E-01  9.1770752581E+00  6.6736472233E+00  4.4194704341E+00  6.9222582432E+00  0.0000000000E+00  0.0000000000E+00
| Next sampling location (x_next, i_next):
  1.1073439216E+02  8.1896072597E+01  0.0000000000E+00

Iteration time [s]:   26.416        Total time [s]:  638.981

--------------------------------------------------------------------------------
                                BO ITERATION 27                                 
--------------------------------------------------------------------------------
| Evaluating objective function at 1.107E+02 8.190E+01 0.000E+00
| Objective function evaluated, time [s]       22.941
| Acquisition location too confident, doing pure exploration
| Data point added to dataset (x i y): 
  1.1073439216E+02  8.1896072597E+01  0.0000000000E+00      -2.0298941595E+05

| Total ensemble size: 59
| Best acquisition, x_best i_best y_best:
  2.3668887450E+02  6.2606185317E-01  0.0000000000E+00      -2.0301237221E+05
| Global minimum prediction, x_hat mu_hat +- nu_hat:
  2.3744242768E+02  7.8443918377E-01  0.0000000000E+00      -2.0301237384E+05  8.4109553987E-09
| Global minimum convergence, d_xhat d_muhat:
  2.9453487677E-03  4.5088284652E-07

| GP model hyperparameters (lengthscales W kappa):
  6.6342203926E-01  6.0091717256E-01  9.1879525916E+00  6.8245377886E+00  4.5155929222E+00  6.8783194808E+00  0.0000000000E+00  0.0000000000E+00
| Next sampling location (x_next, i_next):
 -3.9475440692E+00  2.2175575270E+01  0.0000000000E+00

Iteration time [s]:   25.395        Total time [s]:  664.377

--------------------------------------------------------------------------------
                                BO ITERATION 28                                 
--------------------------------------------------------------------------------
| Evaluating objective function at -3.948E+00 2.218E+01 0.000E+00
| Objective function evaluated, time [s]       23.020
| Acquisition location too confident, doing pure exploration
| Data point added to dataset (x i y): 
 -3.9475440692E+00  2.2175575270E+01  0.0000000000E+00      -2.0299228040E+05

| Total ensemble size: 60
| Best acquisition, x_best i_best y_best:
  2.3668887450E+02  6.2606185317E-01  0.0000000000E+00      -2.0301237221E+05
| Global minimum prediction, x_hat mu_hat +- nu_hat:
  2.3743188206E+02  7.8478782570E-01  0.0000000000E+00      -2.0301237380E+05  9.0271380592E-09
| Global minimum convergence, d_xhat d_muhat:
  1.0551382865E-02  1.5429232160E-06

| GP model hyperparameters (lengthscales W kappa):
  6.4378187147E-01  5.9297691697E-01  6.8152421173E+00  9.1388974626E+00  6.7946100433E+00  4.4701373065E+00  0.0000000000E+00  0.0000000000E+00
| Next sampling location (x_next, i_next):
  2.2241958288E+01  2.5201682736E+02  0.0000000000E+00

Iteration time [s]:   25.602        Total time [s]:  689.980

--------------------------------------------------------------------------------
                                BO ITERATION 29                                 
--------------------------------------------------------------------------------
| Evaluating objective function at 2.224E+01 2.520E+02 0.000E+00
| Objective function evaluated, time [s]       24.196
| Acquisition location too confident, doing pure exploration
| Data point added to dataset (x i y): 
  2.2241958288E+01  2.5201682736E+02  0.0000000000E+00      -2.0299199732E+05

| Total ensemble size: 61
| Best acquisition, x_best i_best y_best:
  2.3668887450E+02  6.2606185317E-01  0.0000000000E+00      -2.0301237221E+05
| Global minimum prediction, x_hat mu_hat +- nu_hat:
  2.3743421167E+02  7.8481970603E-01  0.0000000000E+00      -2.0301237380E+05  8.6413986188E-09
| Global minimum convergence, d_xhat d_muhat:
  2.3298346930E-03  2.8205624717E-07

| GP model hyperparameters (lengthscales W kappa):
  6.4341235534E-01  5.9532413836E-01  9.0604835756E+00  6.8247863865E+00  4.5454089247E+00  6.7811319093E+00  0.0000000000E+00  0.0000000000E+00
| Next sampling location (x_next, i_next):
  1.0528099798E+02 -2.9236731324E+01  0.0000000000E+00

Iteration time [s]:   26.901        Total time [s]:  716.881

--------------------------------------------------------------------------------
                                BO ITERATION 30                                 
--------------------------------------------------------------------------------
| Evaluating objective function at 1.053E+02 -2.924E+01 0.000E+00
| Objective function evaluated, time [s]       23.034
| Acquisition location too confident, doing pure exploration
| Data point added to dataset (x i y): 
  1.0528099798E+02 -2.9236731324E+01  0.0000000000E+00      -2.0299637416E+05

| Total ensemble size: 62
| Best acquisition, x_best i_best y_best:
  2.3668887450E+02  6.2606185317E-01  0.0000000000E+00      -2.0301237221E+05
| Global minimum prediction, x_hat mu_hat +- nu_hat:
  2.3742961371E+02  7.8510402705E-01  0.0000000000E+00      -2.0301237380E+05  8.4264168087E-09
| Global minimum convergence, d_xhat d_muhat:
  4.6067503135E-03  3.5680018413E-07

| GP model hyperparameters (lengthscales W kappa):
  6.3998911105E-01  5.9456393329E-01  6.6739955150E+00  8.8997407171E+00  6.7356937091E+00  4.5094045755E+00  0.0000000000E+00  0.0000000000E+00
| Next sampling location (x_next, i_next):
  2.1568830339E+02  2.6165576544E+02  0.0000000000E+00

Iteration time [s]:   26.009        Total time [s]:  742.891

--------------------------------------------------------------------------------
                                BO ITERATION 31                                 
--------------------------------------------------------------------------------
| Evaluating objective function at 2.157E+02 2.617E+02 0.000E+00
| Objective function evaluated, time [s]       21.830
| Acquisition location too confident, doing pure exploration
| Data point added to dataset (x i y): 
  2.1568830339E+02  2.6165576544E+02  0.0000000000E+00      -2.0298873739E+05

| Total ensemble size: 63
| Best acquisition, x_best i_best y_best:
  2.3668887450E+02  6.2606185317E-01  0.0000000000E+00      -2.0301237221E+05
| Global minimum prediction, x_hat mu_hat +- nu_hat:
  2.3743004875E+02  7.8571668087E-01  0.0000000000E+00      -2.0301237380E+05  8.5479338273E-09
| Global minimum convergence, d_xhat d_muhat:
  7.5140483039E-04  2.6985666342E-07

| GP model hyperparameters (lengthscales W kappa):
  6.3273716147E-01  5.6906370077E-01  6.3385224042E+00  8.3858307665E+00  6.5019936630E+00  4.4546008406E+00  0.0000000000E+00  0.0000000000E+00
| Next sampling location (x_next, i_next):
  2.1722175718E+01 -2.3350035990E+01  0.0000000000E+00

Iteration time [s]:   24.616        Total time [s]:  767.507

--------------------------------------------------------------------------------
                                BO ITERATION 32                                 
--------------------------------------------------------------------------------
| Evaluating objective function at 2.172E+01 -2.335E+01 0.000E+00
| Objective function evaluated, time [s]       24.025
| Acquisition location too confident, doing pure exploration
| Data point added to dataset (x i y): 
  2.1722175718E+01 -2.3350035990E+01  0.0000000000E+00      -2.0299305480E+05

| Total ensemble size: 64
| Best acquisition, x_best i_best y_best:
  2.3668887450E+02  6.2606185317E-01  0.0000000000E+00      -2.0301237221E+05
| Global minimum prediction, x_hat mu_hat +- nu_hat:
  2.3742726703E+02  7.8646518800E-01  0.0000000000E+00      -2.0301237381E+05  9.9557037280E-09
| Global minimum convergence, d_xhat d_muhat:
  2.8806627306E-03  3.0215474399E-07

| GP model hyperparameters (lengthscales W kappa):
  6.0888418312E-01  5.6443553174E-01  6.2091764217E+00  8.3707420127E+00  6.3813562978E+00  4.2198765446E+00  0.0000000000E+00  0.0000000000E+00
| Next sampling location (x_next, i_next):
  2.8018645475E+02  1.1575833208E+02  0.0000000000E+00

Iteration time [s]:   27.022        Total time [s]:  794.530

--------------------------------------------------------------------------------
                                BO ITERATION 33                                 
--------------------------------------------------------------------------------
| Evaluating objective function at 2.802E+02 1.158E+02 0.000E+00
| Objective function evaluated, time [s]       22.786
| Acquisition location too confident, doing pure exploration
| Data point added to dataset (x i y): 
  2.8018645475E+02  1.1575833208E+02  0.0000000000E+00      -2.0299306058E+05

| Total ensemble size: 65
| Best acquisition, x_best i_best y_best:
  2.3668887450E+02  6.2606185317E-01  0.0000000000E+00      -2.0301237221E+05
| Global minimum prediction, x_hat mu_hat +- nu_hat:
  2.3742386429E+02  7.8660460889E-01  0.0000000000E+00      -2.0301237380E+05  1.0143969131E-08
| Global minimum convergence, d_xhat d_muhat:
  3.4056001007E-03  3.4828567689E-07

| GP model hyperparameters (lengthscales W kappa):
  6.0425317511E-01  5.5440498407E-01  6.0842635390E+00  8.1761649605E+00  6.1980591419E+00  4.1055668206E+00  0.0000000000E+00  0.0000000000E+00
| Next sampling location (x_next, i_next):
  7.1143564487E+01  2.8248765850E+02  0.0000000000E+00

Iteration time [s]:   25.770        Total time [s]:  820.301

--------------------------------------------------------------------------------
                                BO ITERATION 34                                 
--------------------------------------------------------------------------------
| Evaluating objective function at 7.114E+01 2.825E+02 0.000E+00
| Objective function evaluated, time [s]       24.044
| Acquisition location too confident, doing pure exploration
| Data point added to dataset (x i y): 
  7.1143564487E+01  2.8248765850E+02  0.0000000000E+00      -2.0299122240E+05

| Total ensemble size: 66
| Best acquisition, x_best i_best y_best:
  2.3668887450E+02  6.2606185317E-01  0.0000000000E+00      -2.0301237221E+05
| Global minimum prediction, x_hat mu_hat +- nu_hat:
  2.3742250218E+02  7.8671802577E-01  0.0000000000E+00      -2.0301237380E+05  1.0246187809E-08
| Global minimum convergence, d_xhat d_muhat:
  1.3668260514E-03  6.2169970431E-08

| GP model hyperparameters (lengthscales W kappa):
  5.9923600404E-01  5.5379564842E-01  6.0201454422E+00  8.0398442657E+00  6.1275226168E+00  4.1079678997E+00  0.0000000000E+00  0.0000000000E+00
| Next sampling location (x_next, i_next):
  2.8626654301E+02  2.7141352264E+02  0.0000000000E+00

Iteration time [s]:   26.987        Total time [s]:  847.288

--------------------------------------------------------------------------------
                                BO ITERATION 35                                 
--------------------------------------------------------------------------------
| Evaluating objective function at 2.863E+02 2.714E+02 0.000E+00
| Objective function evaluated, time [s]       22.991
| Acquisition location too confident, doing pure exploration
| Data point added to dataset (x i y): 
  2.8626654301E+02  2.7141352264E+02  0.0000000000E+00      -2.0299157087E+05

| Total ensemble size: 67
| Best acquisition, x_best i_best y_best:
  2.3668887450E+02  6.2606185317E-01  0.0000000000E+00      -2.0301237221E+05
| Global minimum prediction, x_hat mu_hat +- nu_hat:
  2.3741518945E+02  7.8559214873E-01  0.0000000000E+00      -2.0301237377E+05  1.2825912687E-08
| Global minimum convergence, d_xhat d_muhat:
  7.3988895227E-03  1.0305889211E-06

| GP model hyperparameters (lengthscales W kappa):
  5.6588847311E-01  5.1828137719E-01  7.4705454477E+00  5.5361194895E+00  3.6848286101E+00  5.6180303750E+00  0.0000000000E+00  0.0000000000E+00
| Next sampling location (x_next, i_next):
  2.3747082881E+02  7.6659224471E+01  0.0000000000E+00

Iteration time [s]:   26.146        Total time [s]:  873.434

--------------------------------------------------------------------------------
                                BO ITERATION 36                                 
--------------------------------------------------------------------------------
| Evaluating objective function at 2.375E+02 7.666E+01 0.000E+00
| Objective function evaluated, time [s]       23.421
| Acquisition location too confident, doing pure exploration
| Data point added to dataset (x i y): 
  2.3747082881E+02  7.6659224471E+01  0.0000000000E+00      -2.0299000373E+05

| Total ensemble size: 68
| Best acquisition, x_best i_best y_best:
  2.3668887450E+02  6.2606185317E-01  0.0000000000E+00      -2.0301237221E+05
| Global minimum prediction, x_hat mu_hat +- nu_hat:
  2.3741460917E+02  7.8530395350E-01  0.0000000000E+00      -2.0301237377E+05  1.2318755704E-08
| Global minimum convergence, d_xhat d_muhat:
  6.4790320433E-04  3.9950952301E-07

| GP model hyperparameters (lengthscales W kappa):
  5.6623796381E-01  5.1208526753E-01  5.4085570369E+00  7.3010183495E+00  5.5346092934E+00  3.6419663600E+00  0.0000000000E+00  0.0000000000E+00
| Next sampling location (x_next, i_next):
  1.5867713121E+02  2.3192066999E+02  0.0000000000E+00

Iteration time [s]:   26.702        Total time [s]:  900.137

--------------------------------------------------------------------------------
                                BO ITERATION 37                                 
--------------------------------------------------------------------------------
| Evaluating objective function at 1.587E+02 2.319E+02 0.000E+00
| Objective function evaluated, time [s]       23.086
| Acquisition location too confident, doing pure exploration
| Data point added to dataset (x i y): 
  1.5867713121E+02  2.3192066999E+02  0.0000000000E+00      -2.0299680497E+05

| Total ensemble size: 69
| Best acquisition, x_best i_best y_best:
  2.3668887450E+02  6.2606185317E-01  0.0000000000E+00      -2.0301237221E+05
| Global minimum prediction, x_hat mu_hat +- nu_hat:
  2.3741365276E+02  7.8546881194E-01  0.0000000000E+00      -2.0301237377E+05  1.2178835629E-08
| Global minimum convergence, d_xhat d_muhat:
  9.7051501427E-04  1.2840088729E-08

| GP model hyperparameters (lengthscales W kappa):
  5.6591014491E-01  5.1403633112E-01  5.4216826528E+00  7.2693313243E+00  5.5284458026E+00  3.6807683292E+00  0.0000000000E+00  0.0000000000E+00
| Next sampling location (x_next, i_next):
  1.1906334984E+02  3.4341054576E+01  0.0000000000E+00

Iteration time [s]:   26.134        Total time [s]:  926.272

--------------------------------------------------------------------------------
                                BO ITERATION 38                                 
--------------------------------------------------------------------------------
| Evaluating objective function at 1.191E+02 3.434E+01 0.000E+00
| Objective function evaluated, time [s]       23.048
| Acquisition location too confident, doing pure exploration
| Data point added to dataset (x i y): 
  1.1906334984E+02  3.4341054576E+01  0.0000000000E+00      -2.0299192839E+05

| Total ensemble size: 70
| Best acquisition, x_best i_best y_best:
  2.3668887450E+02  6.2606185317E-01  0.0000000000E+00      -2.0301237221E+05
| Global minimum prediction, x_hat mu_hat +- nu_hat:
  2.3741310708E+02  7.8548597451E-01  0.0000000000E+00      -2.0301237376E+05  1.2119292148E-08
| Global minimum convergence, d_xhat d_muhat:
  5.4595192369E-04  4.5849218469E-08

| GP model hyperparameters (lengthscales W kappa):
  5.6405204099E-01  5.1406126462E-01  5.3916954151E+00  7.1851296232E+00  5.4839406191E+00  3.6927321700E+00  0.0000000000E+00  0.0000000000E+00
| Next sampling location (x_next, i_next):
  6.1130927897E+01  6.9851238507E+01  0.0000000000E+00

Iteration time [s]:   26.194        Total time [s]:  952.467

--------------------------------------------------------------------------------
                                BO ITERATION 39                                 
--------------------------------------------------------------------------------
| Evaluating objective function at 6.113E+01 6.985E+01 0.000E+00
| Objective function evaluated, time [s]       23.075
| Acquisition location too confident, doing pure exploration
| Data point added to dataset (x i y): 
  6.1130927897E+01  6.9851238507E+01  0.0000000000E+00      -2.0299103360E+05

| Total ensemble size: 71
| Best acquisition, x_best i_best y_best:
  2.3668887450E+02  6.2606185317E-01  0.0000000000E+00      -2.0301237221E+05
| Global minimum prediction, x_hat mu_hat +- nu_hat:
  2.3741205240E+02  7.8506994366E-01  0.0000000000E+00      -2.0301237375E+05  1.5211034121E-08
| Global minimum convergence, d_xhat d_muhat:
  1.1337727916E-03  4.1260368863E-07

| GP model hyperparameters (lengthscales W kappa):
  5.3487356270E-01  4.9630190620E-01  6.8811843849E+00  5.1478859700E+00  3.4722799070E+00  5.2051374496E+00  0.0000000000E+00  0.0000000000E+00
| Next sampling location (x_next, i_next):
 -4.6253208575E+01  6.8436311867E+01  0.0000000000E+00

Iteration time [s]:   26.684        Total time [s]:  979.151

--------------------------------------------------------------------------------
                                BO ITERATION 40                                 
--------------------------------------------------------------------------------
| Evaluating objective function at -4.625E+01 6.844E+01 0.000E+00
| Objective function evaluated, time [s]       22.956
| Acquisition location too confident, doing pure exploration
| Data point added to dataset (x i y): 
 -4.6253208575E+01  6.8436311867E+01  0.0000000000E+00      -2.0298935978E+05

| Total ensemble size: 72
| Best acquisition, x_best i_best y_best:
  2.3668887450E+02  6.2606185317E-01  0.0000000000E+00      -2.0301237221E+05
| Global minimum prediction, x_hat mu_hat +- nu_hat:
  2.3741153226E+02  7.8509359528E-01  0.0000000000E+00      -2.0301237375E+05  1.4874322129E-08
| Global minimum convergence, d_xhat d_muhat:
  5.2067705543E-04  3.7598470315E-08

| GP model hyperparameters (lengthscales W kappa):
  5.3567222681E-01  4.9546364257E-01  5.1112586762E+00  6.8067109052E+00  5.1695481926E+00  3.4742892607E+00  0.0000000000E+00  0.0000000000E+00
| Next sampling location (x_next, i_next):
 -3.6353382170E+01 -3.7888035267E+01  0.0000000000E+00

Iteration time [s]:   26.448        Total time [s]: 1005.599

--------------------------------------------------------------------------------
                                BO ITERATION 41                                 
--------------------------------------------------------------------------------
| Evaluating objective function at -3.635E+01 -3.789E+01 0.000E+00
| Objective function evaluated, time [s]       24.179
| Acquisition location too confident, doing pure exploration
| Data point added to dataset (x i y): 
 -3.6353382170E+01 -3.7888035267E+01  0.0000000000E+00      -2.0299974987E+05

| Total ensemble size: 73
| Best acquisition, x_best i_best y_best:
  2.3668887450E+02  6.2606185317E-01  0.0000000000E+00      -2.0301237221E+05
| Global minimum prediction, x_hat mu_hat +- nu_hat:
  2.3743016486E+02  7.8421474804E-01  0.0000000000E+00      -2.0301237380E+05  1.3167854274E-08
| Global minimum convergence, d_xhat d_muhat:
  1.8653316701E-02  1.7627842491E-06

| GP model hyperparameters (lengthscales W kappa):
  5.3083868821E-01  5.1027517916E-01  5.2499012094E+00  6.9356910658E+00  5.2667109729E+00  3.5810001492E+00  0.0000000000E+00  0.0000000000E+00
| Next sampling location (x_next, i_next):
  2.0888543194E+02  2.0375613805E+02  0.0000000000E+00

Iteration time [s]:   27.953        Total time [s]: 1033.552

--------------------------------------------------------------------------------
                                BO ITERATION 42                                 
--------------------------------------------------------------------------------
| Evaluating objective function at 2.089E+02 2.038E+02 0.000E+00
| Objective function evaluated, time [s]       21.958
| Acquisition location too confident, doing pure exploration
| Data point added to dataset (x i y): 
  2.0888543194E+02  2.0375613805E+02  0.0000000000E+00      -2.0300429346E+05

| Total ensemble size: 74
| Best acquisition, x_best i_best y_best:
  2.3668887450E+02  6.2606185317E-01  0.0000000000E+00      -2.0301237221E+05
| Global minimum prediction, x_hat mu_hat +- nu_hat:
  2.3743075889E+02  7.8417066924E-01  0.0000000000E+00      -2.0301237380E+05  1.2782455894E-08
| Global minimum convergence, d_xhat d_muhat:
  5.9566783170E-04  2.9983528103E-08

| GP model hyperparameters (lengthscales W kappa):
  5.3498005244E-01  5.1659422066E-01  5.3440846015E+00  7.0533828149E+00  5.3294484261E+00  3.6214997655E+00  0.0000000000E+00  0.0000000000E+00
| Next sampling location (x_next, i_next):
 -2.4002080429E+01  2.4890729975E+02  0.0000000000E+00

Iteration time [s]:   25.425        Total time [s]: 1058.977

--------------------------------------------------------------------------------
                                BO ITERATION 43                                 
--------------------------------------------------------------------------------
| Evaluating objective function at -2.400E+01 2.489E+02 0.000E+00
| Objective function evaluated, time [s]       23.279
| Acquisition location too confident, doing pure exploration
| Data point added to dataset (x i y): 
 -2.4002080429E+01  2.4890729975E+02  0.0000000000E+00      -2.0299331616E+05

| Total ensemble size: 75
| Best acquisition, x_best i_best y_best:
  2.3668887450E+02  6.2606185317E-01  0.0000000000E+00      -2.0301237221E+05
| Global minimum prediction, x_hat mu_hat +- nu_hat:
  2.3743136473E+02  7.8466883399E-01  0.0000000000E+00      -2.0301237380E+05  1.2332227595E-08
| Global minimum convergence, d_xhat d_muhat:
  7.8435424348E-04  2.2825065099E-07

| GP model hyperparameters (lengthscales W kappa):
  5.3892670718E-01  5.0726727774E-01  5.2161512634E+00  6.9227692658E+00  5.2961228941E+00  3.5895193176E+00  0.0000000000E+00  0.0000000000E+00
| Next sampling location (x_next, i_next):
  1.5420952801E+02  1.1520609989E+01  0.0000000000E+00

Iteration time [s]:   26.807        Total time [s]: 1085.785

--------------------------------------------------------------------------------
                                BO ITERATION 44                                 
--------------------------------------------------------------------------------
| Evaluating objective function at 1.542E+02 1.152E+01 0.000E+00
| Objective function evaluated, time [s]       23.159
| Acquisition location too confident, doing pure exploration
| Data point added to dataset (x i y): 
  1.5420952801E+02  1.1520609989E+01  0.0000000000E+00      -2.0300015941E+05

| Total ensemble size: 76
| Best acquisition, x_best i_best y_best:
  2.3668887450E+02  6.2606185317E-01  0.0000000000E+00      -2.0301237221E+05
| Global minimum prediction, x_hat mu_hat +- nu_hat:
  2.3744352212E+02  7.8461983084E-01  0.0000000000E+00      -2.0301237385E+05  1.1250781551E-08
| Global minimum convergence, d_xhat d_muhat:
  1.2157480303E-02  1.9744560761E-06

| GP model hyperparameters (lengthscales W kappa):
  5.4225050371E-01  5.0209072954E-01  5.1406415560E+00  6.9036425865E+00  5.2786294021E+00  3.5139174629E+00  0.0000000000E+00  0.0000000000E+00
| Next sampling location (x_next, i_next):
 -2.8998991227E+01  1.1909563207E+02  0.0000000000E+00

Iteration time [s]:   26.660        Total time [s]: 1112.445

--------------------------------------------------------------------------------
                                BO ITERATION 45                                 
--------------------------------------------------------------------------------
| Evaluating objective function at -2.900E+01 1.191E+02 0.000E+00
| Objective function evaluated, time [s]       23.823
| Acquisition location too confident, doing pure exploration
| Data point added to dataset (x i y): 
 -2.8998991227E+01  1.1909563207E+02  0.0000000000E+00      -2.0299467948E+05

| Total ensemble size: 77
| Best acquisition, x_best i_best y_best:
  2.3668887450E+02  6.2606185317E-01  0.0000000000E+00      -2.0301237221E+05
| Global minimum prediction, x_hat mu_hat +- nu_hat:
  2.3744263591E+02  7.8473525228E-01  0.0000000000E+00      -2.0301237385E+05  1.1156790958E-08
| Global minimum convergence, d_xhat d_muhat:
  8.9368908100E-04  1.0717503371E-07

| GP model hyperparameters (lengthscales W kappa):
  5.4259166334E-01  5.0583236048E-01  5.1675835090E+00  6.9262232606E+00  5.3187924938E+00  3.5604087712E+00  0.0000000000E+00  0.0000000000E+00
| Next sampling location (x_next, i_next):
  1.1150637925E+02  1.2293260056E+02  0.0000000000E+00

Iteration time [s]:   27.719        Total time [s]: 1140.165

--------------------------------------------------------------------------------
                                BO ITERATION 46                                 
--------------------------------------------------------------------------------
| Evaluating objective function at 1.115E+02 1.229E+02 0.000E+00
| Objective function evaluated, time [s]       23.049
| Acquisition location too confident, doing pure exploration
| Data point added to dataset (x i y): 
  1.1150637925E+02  1.2293260056E+02  0.0000000000E+00      -2.0299609232E+05

| Total ensemble size: 78
| Best acquisition, x_best i_best y_best:
  2.3668887450E+02  6.2606185317E-01  0.0000000000E+00      -2.0301237221E+05
| Global minimum prediction, x_hat mu_hat +- nu_hat:
  2.3744024588E+02  7.8467568044E-01  0.0000000000E+00      -2.0301237384E+05  1.1173275549E-08
| Global minimum convergence, d_xhat d_muhat:
  2.3907756059E-03  3.2038114139E-07

| GP model hyperparameters (lengthscales W kappa):
  5.4154552075E-01  5.0000480754E-01  5.1431457010E+00  6.8601363502E+00  5.2561719557E+00  3.5389580057E+00  0.0000000000E+00  0.0000000000E+00
| Next sampling location (x_next, i_next):
  1.6106957598E+02  1.0261806064E+02  0.0000000000E+00

Iteration time [s]:   27.011        Total time [s]: 1167.177

--------------------------------------------------------------------------------
                                BO ITERATION 47                                 
--------------------------------------------------------------------------------
| Evaluating objective function at 1.611E+02 1.026E+02 0.000E+00
| Objective function evaluated, time [s]       23.124
| Acquisition location too confident, doing pure exploration
| Data point added to dataset (x i y): 
  1.6106957598E+02  1.0261806064E+02  0.0000000000E+00      -2.0299211827E+05

| Total ensemble size: 79
| Best acquisition, x_best i_best y_best:
  2.3668887450E+02  6.2606185317E-01  0.0000000000E+00      -2.0301237221E+05
| Global minimum prediction, x_hat mu_hat +- nu_hat:
  2.3744626598E+02  7.8569698073E-01  0.0000000000E+00      -2.0301237387E+05  1.2239444924E-08
| Global minimum convergence, d_xhat d_muhat:
  6.1061210485E-03  1.3060202783E-06

| GP model hyperparameters (lengthscales W kappa):
  5.2927803960E-01  4.8504771401E-01  4.9410109658E+00  6.6438497144E+00  5.1064969685E+00  3.4037300562E+00  0.0000000000E+00  0.0000000000E+00
| Next sampling location (x_next, i_next):
  2.3008417040E+02  1.5157950133E+02  0.0000000000E+00

Iteration time [s]:   26.921        Total time [s]: 1194.098

--------------------------------------------------------------------------------
                                BO ITERATION 48                                 
--------------------------------------------------------------------------------
| Evaluating objective function at 2.301E+02 1.516E+02 0.000E+00
| Objective function evaluated, time [s]       21.822
| Acquisition location too confident, doing pure exploration
| Data point added to dataset (x i y): 
  2.3008417040E+02  1.5157950133E+02  0.0000000000E+00      -2.0300253349E+05

| Total ensemble size: 80
| Best acquisition, x_best i_best y_best:
  2.3668887450E+02  6.2606185317E-01  0.0000000000E+00      -2.0301237221E+05
| Global minimum prediction, x_hat mu_hat +- nu_hat:
  2.3745180053E+02  7.8517388825E-01  0.0000000000E+00      -2.0301237388E+05  1.1421425494E-08
| Global minimum convergence, d_xhat d_muhat:
  5.5592105200E-03  2.9910373597E-07

| GP model hyperparameters (lengthscales W kappa):
  5.3765197058E-01  4.8161080777E-01  6.6565171026E+00  4.7304614554E+00  3.3067141288E+00  5.2326486330E+00  0.0000000000E+00  0.0000000000E+00
| Next sampling location (x_next, i_next):
  1.7736886738E+02  2.9169572860E+02  0.0000000000E+00

Iteration time [s]:   26.028        Total time [s]: 1220.126

--------------------------------------------------------------------------------
                                BO ITERATION 49                                 
--------------------------------------------------------------------------------
| Evaluating objective function at 1.774E+02 2.917E+02 0.000E+00
| Objective function evaluated, time [s]       23.237
| Acquisition location too confident, doing pure exploration
| Data point added to dataset (x i y): 
  1.7736886738E+02  2.9169572860E+02  0.0000000000E+00      -2.0298963062E+05

| Total ensemble size: 81
| Best acquisition, x_best i_best y_best:
  2.3668887450E+02  6.2606185317E-01  0.0000000000E+00      -2.0301237221E+05
| Global minimum prediction, x_hat mu_hat +- nu_hat:
  2.3744400564E+02  7.8600614857E-01  0.0000000000E+00      -2.0301237386E+05  1.0998894151E-08
| Global minimum convergence, d_xhat d_muhat:
  7.8391906150E-03  6.2511507399E-07

| GP model hyperparameters (lengthscales W kappa):
  5.3658239087E-01  4.6499526357E-01  6.4240063086E+00  4.6130824911E+00  3.2978959734E+00  5.1087368692E+00  0.0000000000E+00  0.0000000000E+00
| Next sampling location (x_next, i_next):
  3.0016855229E+01  1.1452759197E+02  0.0000000000E+00

Iteration time [s]:   27.490        Total time [s]: 1247.617

--------------------------------------------------------------------------------
                                BO ITERATION 50                                 
--------------------------------------------------------------------------------
| Evaluating objective function at 3.002E+01 1.145E+02 0.000E+00
| Objective function evaluated, time [s]       22.954
| Acquisition location too confident, doing pure exploration
| Data point added to dataset (x i y): 
  3.0016855229E+01  1.1452759197E+02  0.0000000000E+00      -2.0299381094E+05

| Total ensemble size: 82
| Best acquisition, x_best i_best y_best:
  2.3668887450E+02  6.2606185317E-01  0.0000000000E+00      -2.0301237221E+05
| Global minimum prediction, x_hat mu_hat +- nu_hat:
  2.3744555210E+02  7.8571567931E-01  0.0000000000E+00      -2.0301237386E+05  1.0457467692E-08
| Global minimum convergence, d_xhat d_muhat:
  1.5735012415E-03  1.7261272135E-08

| GP model hyperparameters (lengthscales W kappa):
  5.4282108317E-01  4.6857162133E-01  4.5900556998E+00  6.4860871629E+00  5.1807830456E+00  3.2848249698E+00  0.0000000000E+00  0.0000000000E+00
| Next sampling location (x_next, i_next):
  2.4716397100E+02  2.8884989406E+02  0.0000000000E+00

Iteration time [s]:   27.083        Total time [s]: 1274.700

|| Bayesian optimization completed, time [s]     1274.692


--------------------------------------------------------------------------------
                        BOSS is done! Have a nice day :)                        

      Datetime 15-08-2020 01:00:08            Total time [s]     1274.701       
--------------------------------------------------------------------------------
