
-----------------------------   Welcome to ....   ------------------------------
                      _______  _______ _______ _______ 
                     |   _   \|   _   |   _   |   _   |
                     |.  1   /|.  |   |   1___|   1___|
                     |.  _   \|.  |   |____   |____   |
                     |:  1    |:  1   |:  1   |:  1   |
                     |::.. .  |::.. . |::.. . |::.. . |
                     `-------'`-------`-------`-------'

                                 Version 0.9.15                                 
                              15-08-2020 00:38:54                               
--------------------------------------------------------------------------------

| Reading BOSS input file from: in_2D
| Initializing...

--------------------------------------------------------------------------------
                                   INPUT FILE                                   
--------------------------------------------------------------------------------
# input file for alanine 2D (d4-d13)

# optimization
userfn       userfn_2D.py
bounds       -50 310; -50 310
num_tasks    2
kernel       stdp
initpts      2 30
iterpts      50
verbosity    2
kappa_fixto  0 0
W_rank       2
W_prior      gaussian
W_priorparam 7.606 4.226
thetaprior gamma
thetapriorparam 2 0.019; 3.3678 9.0204; 3.3678 9.0204

RESULTS:
5.270873363473046E+01 2.850774490960151E+02 0 -2.029906679419481E+05 
2.532991423531904E+02 7.102044034544864E+00 0 -2.030112119752312E+05 
2.776194683580972E+01 4.926358234060832E+01 1 3.154760000000000E+01 
1.347063051302113E+02 1.177018702151152E+02 1 2.982950000000000E+01 
2.932416513087815E+02 -6.538766872361735E+00 1 1.877860000000000E+01 
1.697272561134881E+02 1.827646615571398E+02 1 2.085340000000000E+01 
2.045042458164112E+02 1.495335125365718E+01 1 1.912580000000000E+01 
2.037617165362886E+02 1.784799086580802E+02 1 2.398550000000000E+01 
1.853511661348939E+02 2.736327032652637E+02 1 3.589990000000000E+01 
1.894716748937049E+02 7.659701256162015E+01 1 3.151890000000000E+01 
2.450199137941228E+02 1.300633165062841E+02 1 3.385580000000000E+01 
-1.602654984114017E+01 1.571807312927918E+02 1 2.287780000000000E+01 
4.233215696349819E+01 1.851900090280153E+02 1 1.809680000000000E+01 
1.553241627286023E+02 -1.438877170987668E+01 1 2.842660000000000E+01 
2.015017222346084E+02 2.461088467466661E+02 1 3.448050000000000E+01 
8.165677742246244E+01 1.897182030476089E+02 1 1.861430000000000E+01 
1.878809094598860E+01 2.922786635984482E+02 1 3.449710000000000E+01 
1.109364799070528E+02 1.628521990501410E+02 1 2.119850000000000E+01 
2.025167546710502E+02 5.240415853776171E+01 1 2.801730000000000E+01 
1.036487761480338E+01 -3.632617120435923E+01 1 3.353940000000000E+01 
1.107541790748198E+02 -2.395411648070976E+01 1 3.342780000000000E+01 
2.331936278492194E+02 2.618088136373752E+02 1 3.824470000000000E+01 
1.347019208582439E+01 2.587363888394996E+02 1 3.289610000000000E+01 
2.275749808149610E+02 -2.714733981125174E+01 1 2.475010000000000E+01 
2.304591494103473E+02 8.525461744973920E+01 1 3.760640000000000E+01 
4.324343485514642E+01 -4.495408721579302E+01 1 3.116290000000000E+01 
3.082076494036428E+02 2.757274999973092E+02 1 3.100870000000000E+01 
1.466687515048170E+02 -4.567491205369816E+01 1 3.528660000000000E+01 
1.094926650317851E+02 3.844257081052228E+01 1 3.367050000000000E+01 
-2.732392870129872E+01 2.471523559541074E+02 1 3.009030000000000E+01 
1.619505265501636E+02 2.441707844145066E+02 1 3.213680000000000E+01 
-2.110759030345206E+01 -2.176838189030511E+01 1 2.817360000000000E+01 
--------------------------------------------------------------------------------
                               SIMULATION OPTIONS                               
--------------------------------------------------------------------------------
|| File input/output 
ipfile         in_2D
userfn         userfn_2D.py
outfile        boss.out
rstfile        boss.rst

|| Key settings 
num_tasks         2
W_rank         2
bounds         -5.000E+01 3.100E+02;    -5.000E+01 3.100E+02
kerntype       stdp stdp
yrange         -5.000E+01 3.100E+02;    -5.000E+01 3.100E+02
noise          1.000E-12
initpts    2 30    iterpts   50
gm_tol         none
verbosity      2

|| Data acquisition 
acqfn                elcb
acqtol               1.000E-03

|| GP hyperparameters 
thetainit       1.000E+00 3.142E-01
thetabounds     none
thetaprior      gamma
thetapriorpar   2.000E+00 1.900E-02;    3.368E+00 9.020E+00;    3.368E+00 9.020E+00

|| Hyperparameter optimization
updatefreq   1  initupdate      True
updateoffset 0  updaterestarts  2


--------------------------------------------------------------------------------
                              INITIAL DATAPOINT 1                               
--------------------------------------------------------------------------------
| Data point added to dataset (x i y): 
  5.2708733635E+01  2.8507744910E+02  0.0000000000E+00      -2.0299066794E+05

| Total ensemble size: 1
| Next sampling location (x_next, i_next):
  2.5329914235E+02  7.1020440345E+00  0.0000000000E+00

Iteration time [s]:    0.001        Total time [s]:    0.030

--------------------------------------------------------------------------------
                              INITIAL DATAPOINT 2                               
--------------------------------------------------------------------------------
| Data point added to dataset (x i y): 
  2.5329914235E+02  7.1020440345E+00  0.0000000000E+00      -2.0301121198E+05

| Total ensemble size: 2
| Next sampling location (x_next, i_next):
  2.7761946836E+01  4.9263582341E+01  1.0000000000E+00

Iteration time [s]:    0.001        Total time [s]:    0.031

--------------------------------------------------------------------------------
                              INITIAL DATAPOINT 3                               
--------------------------------------------------------------------------------
| Data point added to dataset (x i y): 
  2.7761946836E+01  4.9263582341E+01  1.0000000000E+00       3.1547600000E+01

| Total ensemble size: 3
| Next sampling location (x_next, i_next):
  1.3470630513E+02  1.1770187022E+02  1.0000000000E+00

Iteration time [s]:    0.001        Total time [s]:    0.032

--------------------------------------------------------------------------------
                              INITIAL DATAPOINT 4                               
--------------------------------------------------------------------------------
| Data point added to dataset (x i y): 
  1.3470630513E+02  1.1770187022E+02  1.0000000000E+00       2.9829500000E+01

| Total ensemble size: 4
| Next sampling location (x_next, i_next):
  2.9324165131E+02 -6.5387668724E+00  1.0000000000E+00

Iteration time [s]:    0.001        Total time [s]:    0.033

--------------------------------------------------------------------------------
                              INITIAL DATAPOINT 5                               
--------------------------------------------------------------------------------
| Data point added to dataset (x i y): 
  2.9324165131E+02 -6.5387668724E+00  1.0000000000E+00       1.8778600000E+01

| Total ensemble size: 5
| Next sampling location (x_next, i_next):
  1.6972725611E+02  1.8276466156E+02  1.0000000000E+00

Iteration time [s]:    0.001        Total time [s]:    0.035

--------------------------------------------------------------------------------
                              INITIAL DATAPOINT 6                               
--------------------------------------------------------------------------------
| Data point added to dataset (x i y): 
  1.6972725611E+02  1.8276466156E+02  1.0000000000E+00       2.0853400000E+01

| Total ensemble size: 6
| Next sampling location (x_next, i_next):
  2.0450424582E+02  1.4953351254E+01  1.0000000000E+00

Iteration time [s]:    0.001        Total time [s]:    0.036

--------------------------------------------------------------------------------
                              INITIAL DATAPOINT 7                               
--------------------------------------------------------------------------------
| Data point added to dataset (x i y): 
  2.0450424582E+02  1.4953351254E+01  1.0000000000E+00       1.9125800000E+01

| Total ensemble size: 7
| Next sampling location (x_next, i_next):
  2.0376171654E+02  1.7847990866E+02  1.0000000000E+00

Iteration time [s]:    0.001        Total time [s]:    0.037

--------------------------------------------------------------------------------
                              INITIAL DATAPOINT 8                               
--------------------------------------------------------------------------------
| Data point added to dataset (x i y): 
  2.0376171654E+02  1.7847990866E+02  1.0000000000E+00       2.3985500000E+01

| Total ensemble size: 8
| Next sampling location (x_next, i_next):
  1.8535116613E+02  2.7363270327E+02  1.0000000000E+00

Iteration time [s]:    0.001        Total time [s]:    0.038

--------------------------------------------------------------------------------
                              INITIAL DATAPOINT 9                               
--------------------------------------------------------------------------------
| Data point added to dataset (x i y): 
  1.8535116613E+02  2.7363270327E+02  1.0000000000E+00       3.5899900000E+01

| Total ensemble size: 9
| Next sampling location (x_next, i_next):
  1.8947167489E+02  7.6597012562E+01  1.0000000000E+00

Iteration time [s]:    0.001        Total time [s]:    0.039

--------------------------------------------------------------------------------
                              INITIAL DATAPOINT 10                              
--------------------------------------------------------------------------------
| Data point added to dataset (x i y): 
  1.8947167489E+02  7.6597012562E+01  1.0000000000E+00       3.1518900000E+01

| Total ensemble size: 10
| Next sampling location (x_next, i_next):
  2.4501991379E+02  1.3006331651E+02  1.0000000000E+00

Iteration time [s]:    0.001        Total time [s]:    0.040

--------------------------------------------------------------------------------
                              INITIAL DATAPOINT 11                              
--------------------------------------------------------------------------------
| Data point added to dataset (x i y): 
  2.4501991379E+02  1.3006331651E+02  1.0000000000E+00       3.3855800000E+01

| Total ensemble size: 11
| Next sampling location (x_next, i_next):
 -1.6026549841E+01  1.5718073129E+02  1.0000000000E+00

Iteration time [s]:    0.001        Total time [s]:    0.042

--------------------------------------------------------------------------------
                              INITIAL DATAPOINT 12                              
--------------------------------------------------------------------------------
| Data point added to dataset (x i y): 
 -1.6026549841E+01  1.5718073129E+02  1.0000000000E+00       2.2877800000E+01

| Total ensemble size: 12
| Next sampling location (x_next, i_next):
  4.2332156963E+01  1.8519000903E+02  1.0000000000E+00

Iteration time [s]:    0.001        Total time [s]:    0.043

--------------------------------------------------------------------------------
                              INITIAL DATAPOINT 13                              
--------------------------------------------------------------------------------
| Data point added to dataset (x i y): 
  4.2332156963E+01  1.8519000903E+02  1.0000000000E+00       1.8096800000E+01

| Total ensemble size: 13
| Next sampling location (x_next, i_next):
  1.5532416273E+02 -1.4388771710E+01  1.0000000000E+00

Iteration time [s]:    0.001        Total time [s]:    0.044

--------------------------------------------------------------------------------
                              INITIAL DATAPOINT 14                              
--------------------------------------------------------------------------------
| Data point added to dataset (x i y): 
  1.5532416273E+02 -1.4388771710E+01  1.0000000000E+00       2.8426600000E+01

| Total ensemble size: 14
| Next sampling location (x_next, i_next):
  2.0150172223E+02  2.4610884675E+02  1.0000000000E+00

Iteration time [s]:    0.001        Total time [s]:    0.045

--------------------------------------------------------------------------------
                              INITIAL DATAPOINT 15                              
--------------------------------------------------------------------------------
| Data point added to dataset (x i y): 
  2.0150172223E+02  2.4610884675E+02  1.0000000000E+00       3.4480500000E+01

| Total ensemble size: 15
| Next sampling location (x_next, i_next):
  8.1656777422E+01  1.8971820305E+02  1.0000000000E+00

Iteration time [s]:    0.001        Total time [s]:    0.046

--------------------------------------------------------------------------------
                              INITIAL DATAPOINT 16                              
--------------------------------------------------------------------------------
| Data point added to dataset (x i y): 
  8.1656777422E+01  1.8971820305E+02  1.0000000000E+00       1.8614300000E+01

| Total ensemble size: 16
| Next sampling location (x_next, i_next):
  1.8788090946E+01  2.9227866360E+02  1.0000000000E+00

Iteration time [s]:    0.001        Total time [s]:    0.047

--------------------------------------------------------------------------------
                              INITIAL DATAPOINT 17                              
--------------------------------------------------------------------------------
| Data point added to dataset (x i y): 
  1.8788090946E+01  2.9227866360E+02  1.0000000000E+00       3.4497100000E+01

| Total ensemble size: 17
| Next sampling location (x_next, i_next):
  1.1093647991E+02  1.6285219905E+02  1.0000000000E+00

Iteration time [s]:    0.001        Total time [s]:    0.049

--------------------------------------------------------------------------------
                              INITIAL DATAPOINT 18                              
--------------------------------------------------------------------------------
| Data point added to dataset (x i y): 
  1.1093647991E+02  1.6285219905E+02  1.0000000000E+00       2.1198500000E+01

| Total ensemble size: 18
| Next sampling location (x_next, i_next):
  2.0251675467E+02  5.2404158538E+01  1.0000000000E+00

Iteration time [s]:    0.001        Total time [s]:    0.050

--------------------------------------------------------------------------------
                              INITIAL DATAPOINT 19                              
--------------------------------------------------------------------------------
| Data point added to dataset (x i y): 
  2.0251675467E+02  5.2404158538E+01  1.0000000000E+00       2.8017300000E+01

| Total ensemble size: 19
| Next sampling location (x_next, i_next):
  1.0364877615E+01 -3.6326171204E+01  1.0000000000E+00

Iteration time [s]:    0.001        Total time [s]:    0.051

--------------------------------------------------------------------------------
                              INITIAL DATAPOINT 20                              
--------------------------------------------------------------------------------
| Data point added to dataset (x i y): 
  1.0364877615E+01 -3.6326171204E+01  1.0000000000E+00       3.3539400000E+01

| Total ensemble size: 20
| Next sampling location (x_next, i_next):
  1.1075417907E+02 -2.3954116481E+01  1.0000000000E+00

Iteration time [s]:    0.001        Total time [s]:    0.052

--------------------------------------------------------------------------------
                              INITIAL DATAPOINT 21                              
--------------------------------------------------------------------------------
| Data point added to dataset (x i y): 
  1.1075417907E+02 -2.3954116481E+01  1.0000000000E+00       3.3427800000E+01

| Total ensemble size: 21
| Next sampling location (x_next, i_next):
  2.3319362785E+02  2.6180881364E+02  1.0000000000E+00

Iteration time [s]:    0.001        Total time [s]:    0.053

--------------------------------------------------------------------------------
                              INITIAL DATAPOINT 22                              
--------------------------------------------------------------------------------
| Data point added to dataset (x i y): 
  2.3319362785E+02  2.6180881364E+02  1.0000000000E+00       3.8244700000E+01

| Total ensemble size: 22
| Next sampling location (x_next, i_next):
  1.3470192086E+01  2.5873638884E+02  1.0000000000E+00

Iteration time [s]:    0.001        Total time [s]:    0.055

--------------------------------------------------------------------------------
                              INITIAL DATAPOINT 23                              
--------------------------------------------------------------------------------
| Data point added to dataset (x i y): 
  1.3470192086E+01  2.5873638884E+02  1.0000000000E+00       3.2896100000E+01

| Total ensemble size: 23
| Next sampling location (x_next, i_next):
  2.2757498081E+02 -2.7147339811E+01  1.0000000000E+00

Iteration time [s]:    0.001        Total time [s]:    0.056

--------------------------------------------------------------------------------
                              INITIAL DATAPOINT 24                              
--------------------------------------------------------------------------------
| Data point added to dataset (x i y): 
  2.2757498081E+02 -2.7147339811E+01  1.0000000000E+00       2.4750100000E+01

| Total ensemble size: 24
| Next sampling location (x_next, i_next):
  2.3045914941E+02  8.5254617450E+01  1.0000000000E+00

Iteration time [s]:    0.001        Total time [s]:    0.057

--------------------------------------------------------------------------------
                              INITIAL DATAPOINT 25                              
--------------------------------------------------------------------------------
| Data point added to dataset (x i y): 
  2.3045914941E+02  8.5254617450E+01  1.0000000000E+00       3.7606400000E+01

| Total ensemble size: 25
| Next sampling location (x_next, i_next):
  4.3243434855E+01 -4.4954087216E+01  1.0000000000E+00

Iteration time [s]:    0.001        Total time [s]:    0.059

--------------------------------------------------------------------------------
                              INITIAL DATAPOINT 26                              
--------------------------------------------------------------------------------
| Data point added to dataset (x i y): 
  4.3243434855E+01 -4.4954087216E+01  1.0000000000E+00       3.1162900000E+01

| Total ensemble size: 26
| Next sampling location (x_next, i_next):
  3.0820764940E+02  2.7572750000E+02  1.0000000000E+00

Iteration time [s]:    0.001        Total time [s]:    0.061

--------------------------------------------------------------------------------
                              INITIAL DATAPOINT 27                              
--------------------------------------------------------------------------------
| Data point added to dataset (x i y): 
  3.0820764940E+02  2.7572750000E+02  1.0000000000E+00       3.1008700000E+01

| Total ensemble size: 27
| Next sampling location (x_next, i_next):
  1.4666875150E+02 -4.5674912054E+01  1.0000000000E+00

Iteration time [s]:    0.001        Total time [s]:    0.062

--------------------------------------------------------------------------------
                              INITIAL DATAPOINT 28                              
--------------------------------------------------------------------------------
| Data point added to dataset (x i y): 
  1.4666875150E+02 -4.5674912054E+01  1.0000000000E+00       3.5286600000E+01

| Total ensemble size: 28
| Next sampling location (x_next, i_next):
  1.0949266503E+02  3.8442570811E+01  1.0000000000E+00

Iteration time [s]:    0.001        Total time [s]:    0.063

--------------------------------------------------------------------------------
                              INITIAL DATAPOINT 29                              
--------------------------------------------------------------------------------
| Data point added to dataset (x i y): 
  1.0949266503E+02  3.8442570811E+01  1.0000000000E+00       3.3670500000E+01

| Total ensemble size: 29
| Next sampling location (x_next, i_next):
 -2.7323928701E+01  2.4715235595E+02  1.0000000000E+00

Iteration time [s]:    0.001        Total time [s]:    0.064

--------------------------------------------------------------------------------
                              INITIAL DATAPOINT 30                              
--------------------------------------------------------------------------------
| Data point added to dataset (x i y): 
 -2.7323928701E+01  2.4715235595E+02  1.0000000000E+00       3.0090300000E+01

| Total ensemble size: 30
| Next sampling location (x_next, i_next):
  1.6195052655E+02  2.4417078441E+02  1.0000000000E+00

Iteration time [s]:    0.000        Total time [s]:    0.065

--------------------------------------------------------------------------------
                              INITIAL DATAPOINT 31                              
--------------------------------------------------------------------------------
| Data point added to dataset (x i y): 
  1.6195052655E+02  2.4417078441E+02  1.0000000000E+00       3.2136800000E+01

| Total ensemble size: 31
| Next sampling location (x_next, i_next):
 -2.1107590303E+01 -2.1768381890E+01  1.0000000000E+00

Iteration time [s]:    0.001        Total time [s]:    0.066

--------------------------------------------------------------------------------
                              INITIAL DATAPOINT 32                              
--------------------------------------------------------------------------------
| Data point added to dataset (x i y): 
 -2.1107590303E+01 -2.1768381890E+01  1.0000000000E+00       2.8173600000E+01

| Total ensemble size: 32
| Best acquisition, x_best i_best y_best:
  2.5329914235E+02  7.1020440345E+00  0.0000000000E+00      -2.0301121198E+05
| Global minimum prediction, x_hat mu_hat +- nu_hat:
  2.8726618677E+02  2.1903679868E+00  0.0000000000E+00      -2.0301300421E+05  7.9784108703E+00

| GP model hyperparameters (lengthscales W kappa):
  5.3134098207E-01  5.0769032769E-01  8.9964184247E+00  6.1814038850E+00  3.5722219610E+00  6.3872246264E+00  0.0000000000E+00  0.0000000000E+00
| Next sampling location (x_next, i_next):
  3.0053585130E+02  1.8589950586E+02  0.0000000000E+00

Iteration time [s]:    1.168        Total time [s]:    1.235

--------------------------------------------------------------------------------
                                 BO ITERATION 1                                 
--------------------------------------------------------------------------------
| Evaluating objective function at 3.005E+02 1.859E+02 0.000E+00
| Objective function evaluated, time [s]       25.284
| Data point added to dataset (x i y): 
  3.0053585130E+02  1.8589950586E+02  0.0000000000E+00      -2.0300833778E+05

| Total ensemble size: 33
| Best acquisition, x_best i_best y_best:
  2.5329914235E+02  7.1020440345E+00  0.0000000000E+00      -2.0301121198E+05
| Global minimum prediction, x_hat mu_hat +- nu_hat:
  2.8790971717E+02  2.8914264988E+00  0.0000000000E+00      -2.0301289361E+05  1.0463375322E+01
| Global minimum convergence, d_xhat d_muhat:
  9.5163775307E-01  4.6545297496E-03

| GP model hyperparameters (lengthscales W kappa):
  5.3797030060E-01  5.1891642919E-01  9.1336931148E+00  5.6292240596E+00  3.2286580933E+00  6.7330536749E+00  0.0000000000E+00  0.0000000000E+00
| Next sampling location (x_next, i_next):
  5.4441904015E+01  1.5337708954E+02  0.0000000000E+00

Iteration time [s]:   26.203        Total time [s]:   27.438

--------------------------------------------------------------------------------
                                 BO ITERATION 2                                 
--------------------------------------------------------------------------------
| Evaluating objective function at 5.444E+01 1.534E+02 0.000E+00
| Objective function evaluated, time [s]       22.812
| Data point added to dataset (x i y): 
  5.4441904015E+01  1.5337708954E+02  0.0000000000E+00      -2.0300588879E+05

| Total ensemble size: 34
| Best acquisition, x_best i_best y_best:
  2.5329914235E+02  7.1020440345E+00  0.0000000000E+00      -2.0301121198E+05
| Global minimum prediction, x_hat mu_hat +- nu_hat:
  2.8398674992E+02  3.7761561302E+00  0.0000000000E+00      -2.0301218181E+05  7.9986040478E+00
| Global minimum convergence, d_xhat d_muhat:
  4.0214945681E+00  2.9193916555E-02

| GP model hyperparameters (lengthscales W kappa):
  5.5400000333E-01  5.4080001654E-01  8.5471266664E+00  4.5360168059E+00  3.2043884369E+00  7.2157862417E+00  0.0000000000E+00  0.0000000000E+00
| Next sampling location (x_next, i_next):
  1.7103164581E+02  1.7210320099E+02  0.0000000000E+00

Iteration time [s]:   23.664        Total time [s]:   51.103

--------------------------------------------------------------------------------
                                 BO ITERATION 3                                 
--------------------------------------------------------------------------------
| Evaluating objective function at 1.710E+02 1.721E+02 0.000E+00
| Objective function evaluated, time [s]       21.642
| Data point added to dataset (x i y): 
  1.7103164581E+02  1.7210320099E+02  0.0000000000E+00      -2.0300765943E+05

| Total ensemble size: 35
| Best acquisition, x_best i_best y_best:
  2.5329914235E+02  7.1020440345E+00  0.0000000000E+00      -2.0301121198E+05
| Global minimum prediction, x_hat mu_hat +- nu_hat:
  2.8336460069E+02  4.3175778169E+00  0.0000000000E+00      -2.0301209730E+05  6.9220846599E+00
| Global minimum convergence, d_xhat d_muhat:
  8.2474669168E-01  3.3659720246E-03

| GP model hyperparameters (lengthscales W kappa):
  5.6363664778E-01  5.5427774515E-01  8.2359497854E+00  4.1443952648E+00  3.3450976456E+00  7.4368192966E+00  0.0000000000E+00  0.0000000000E+00
| Next sampling location (x_next, i_next):
  3.1000000000E+02  3.6130984321E+01  0.0000000000E+00

Iteration time [s]:   22.586        Total time [s]:   73.689

--------------------------------------------------------------------------------
                                 BO ITERATION 4                                 
--------------------------------------------------------------------------------
| Evaluating objective function at 3.100E+02 3.613E+01 0.000E+00
| Objective function evaluated, time [s]       23.571
| Data point added to dataset (x i y): 
  3.1000000000E+02  3.6130984321E+01  0.0000000000E+00      -2.0299427152E+05

| Total ensemble size: 36
| Best acquisition, x_best i_best y_best:
  2.5329914235E+02  7.1020440345E+00  0.0000000000E+00      -2.0301121198E+05
| Global minimum prediction, x_hat mu_hat +- nu_hat:
  2.1123459952E+02  5.1110300547E+00  0.0000000000E+00      -2.0301356033E+05  1.4588072784E+01
| Global minimum convergence, d_xhat d_muhat:
  7.2134365147E+01  6.2626162991E-02

| GP model hyperparameters (lengthscales W kappa):
  5.4738189340E-01  4.8708246831E-01  9.0312300329E+00  5.1349528506E+00  2.8997647212E+00  6.7959462398E+00  0.0000000000E+00  0.0000000000E+00
| Next sampling location (x_next, i_next):
  1.8662145641E+02  1.0049379475E+01  0.0000000000E+00

Iteration time [s]:   24.930        Total time [s]:   98.620

--------------------------------------------------------------------------------
                                 BO ITERATION 5                                 
--------------------------------------------------------------------------------
| Evaluating objective function at 1.866E+02 1.005E+01 0.000E+00
| Objective function evaluated, time [s]       23.011
| Data point added to dataset (x i y): 
  1.8662145641E+02  1.0049379475E+01  0.0000000000E+00      -2.0300851631E+05

| Total ensemble size: 37
| Best acquisition, x_best i_best y_best:
  2.5329914235E+02  7.1020440345E+00  0.0000000000E+00      -2.0301121198E+05
| Global minimum prediction, x_hat mu_hat +- nu_hat:
  2.4230125383E+02 -5.8832809006E-01  0.0000000000E+00      -2.0301207416E+05  1.0881685534E+00
| Global minimum convergence, d_xhat d_muhat:
  3.1585118229E+01  6.1542814419E-02

| GP model hyperparameters (lengthscales W kappa):
  5.5874817343E-01  4.9903046815E-01  4.9623709903E+00  9.0258330137E+00  7.0399809648E+00  2.9764970230E+00  0.0000000000E+00  0.0000000000E+00
| Next sampling location (x_next, i_next):
  4.2184503429E+00  1.9266116347E+02  0.0000000000E+00

Iteration time [s]:   24.251        Total time [s]:  122.871

--------------------------------------------------------------------------------
                                 BO ITERATION 6                                 
--------------------------------------------------------------------------------
| Evaluating objective function at 4.218E+00 1.927E+02 0.000E+00
| Objective function evaluated, time [s]       22.879
| Data point added to dataset (x i y): 
  4.2184503429E+00  1.9266116347E+02  0.0000000000E+00      -2.0300709979E+05

| Total ensemble size: 38
| Best acquisition, x_best i_best y_best:
  2.5329914235E+02  7.1020440345E+00  0.0000000000E+00      -2.0301121198E+05
| Global minimum prediction, x_hat mu_hat +- nu_hat:
  2.4000480193E+02 -2.6001258801E-01  0.0000000000E+00      -2.0301210358E+05  1.0711202760E+00
| Global minimum convergence, d_xhat d_muhat:
  2.3198022366E+00  1.1977917580E-03

| GP model hyperparameters (lengthscales W kappa):
  5.7213991937E-01  5.2006281658E-01  4.9000407872E+00  9.0179300660E+00  7.3069337913E+00  3.1889238633E+00  0.0000000000E+00  0.0000000000E+00
| Next sampling location (x_next, i_next):
  2.8845657910E+02 -3.0368673822E+01  0.0000000000E+00

Iteration time [s]:   24.011        Total time [s]:  146.882

--------------------------------------------------------------------------------
                                 BO ITERATION 7                                 
--------------------------------------------------------------------------------
| Evaluating objective function at 2.885E+02 -3.037E+01 0.000E+00
| Objective function evaluated, time [s]       22.989
| Data point added to dataset (x i y): 
  2.8845657910E+02 -3.0368673822E+01  0.0000000000E+00      -2.0300649128E+05

| Total ensemble size: 39
| Best acquisition, x_best i_best y_best:
  2.5329914235E+02  7.1020440345E+00  0.0000000000E+00      -2.0301121198E+05
| Global minimum prediction, x_hat mu_hat +- nu_hat:
  2.3639788026E+02  9.8921952612E-01  0.0000000000E+00      -2.0301209617E+05  1.0526238973E+00
| Global minimum convergence, d_xhat d_muhat:
  3.8171278176E+00  2.9859414136E-04

| GP model hyperparameters (lengthscales W kappa):
  5.8512253174E-01  5.3916500053E-01  4.9862347980E+00  9.0408641055E+00  7.5414959766E+00  3.4822713643E+00  0.0000000000E+00  0.0000000000E+00
| Next sampling location (x_next, i_next):
  1.0581315065E+02  1.9352461906E+02  0.0000000000E+00

Iteration time [s]:   24.105        Total time [s]:  170.987

--------------------------------------------------------------------------------
                                 BO ITERATION 8                                 
--------------------------------------------------------------------------------
| Evaluating objective function at 1.058E+02 1.935E+02 0.000E+00
| Objective function evaluated, time [s]       22.915
| Data point added to dataset (x i y): 
  1.0581315065E+02  1.9352461906E+02  0.0000000000E+00      -2.0300708761E+05

| Total ensemble size: 40
| Best acquisition, x_best i_best y_best:
  2.5329914235E+02  7.1020440345E+00  0.0000000000E+00      -2.0301121198E+05
| Global minimum prediction, x_hat mu_hat +- nu_hat:
  2.3669636287E+02  1.0344656951E+00  0.0000000000E+00      -2.0301206751E+05  9.1205294220E-01
| Global minimum convergence, d_xhat d_muhat:
  3.0189249532E-01  1.1430744679E-03

| GP model hyperparameters (lengthscales W kappa):
  5.9589672041E-01  5.4632645758E-01  5.1110247982E+00  9.0412123722E+00  7.6595999762E+00  3.7325884067E+00  0.0000000000E+00  0.0000000000E+00
| Next sampling location (x_next, i_next):
  2.2000091410E+02 -1.4024636990E+01  0.0000000000E+00

Iteration time [s]:   24.193        Total time [s]:  195.181

--------------------------------------------------------------------------------
                                 BO ITERATION 9                                 
--------------------------------------------------------------------------------
| Evaluating objective function at 2.200E+02 -1.402E+01 0.000E+00
| Objective function evaluated, time [s]       23.208
| Data point added to dataset (x i y): 
  2.2000091410E+02 -1.4024636990E+01  0.0000000000E+00      -2.0300903787E+05

| Total ensemble size: 41
| Best acquisition, x_best i_best y_best:
  2.5329914235E+02  7.1020440345E+00  0.0000000000E+00      -2.0301121198E+05
| Global minimum prediction, x_hat mu_hat +- nu_hat:
  2.4071321211E+02  1.4133260017E+00  0.0000000000E+00      -2.0301184242E+05  1.3014000658E-01
| Global minimum convergence, d_xhat d_muhat:
  4.0346763161E+00  8.8372634151E-03

| GP model hyperparameters (lengthscales W kappa):
  6.1139668350E-01  5.6255501323E-01  9.2747017694E+00  5.4796984578E+00  4.1060719280E+00  7.9014447139E+00  0.0000000000E+00  0.0000000000E+00
| Next sampling location (x_next, i_next):
  2.4025303616E+02  1.9425776253E+02  0.0000000000E+00

Iteration time [s]:   24.520        Total time [s]:  219.702

--------------------------------------------------------------------------------
                                BO ITERATION 10                                 
--------------------------------------------------------------------------------
| Evaluating objective function at 2.403E+02 1.943E+02 0.000E+00
| Objective function evaluated, time [s]       21.594
| Data point added to dataset (x i y): 
  2.4025303616E+02  1.9425776253E+02  0.0000000000E+00      -2.0300550023E+05

| Total ensemble size: 42
| Best acquisition, x_best i_best y_best:
  2.5329914235E+02  7.1020440345E+00  0.0000000000E+00      -2.0301121198E+05
| Global minimum prediction, x_hat mu_hat +- nu_hat:
  2.4069263484E+02  1.5793319533E+00  0.0000000000E+00      -2.0301183716E+05  1.2327652713E-01
| Global minimum convergence, d_xhat d_muhat:
  1.6727641757E-01  2.0624051877E-04

| GP model hyperparameters (lengthscales W kappa):
  6.1030430288E-01  5.5415637764E-01  5.0336404055E+00  8.8506249578E+00  7.8623839381E+00  4.0454996557E+00  0.0000000000E+00  0.0000000000E+00
| Next sampling location (x_next, i_next):
  1.7410714938E+02  2.0977427629E+02  0.0000000000E+00

Iteration time [s]:   22.814        Total time [s]:  242.516

--------------------------------------------------------------------------------
                                BO ITERATION 11                                 
--------------------------------------------------------------------------------
| Evaluating objective function at 1.741E+02 2.098E+02 0.000E+00
| Objective function evaluated, time [s]       21.692
| Data point added to dataset (x i y): 
  1.7410714938E+02  2.0977427629E+02  0.0000000000E+00      -2.0300355127E+05

| Total ensemble size: 43
| Best acquisition, x_best i_best y_best:
  2.5329914235E+02  7.1020440345E+00  0.0000000000E+00      -2.0301121198E+05
| Global minimum prediction, x_hat mu_hat +- nu_hat:
  2.3983628867E+02  1.7746295148E+00  0.0000000000E+00      -2.0301184474E+05  1.1996044691E-01
| Global minimum convergence, d_xhat d_muhat:
  8.7833359858E-01  2.9864596100E-04

| GP model hyperparameters (lengthscales W kappa):
  6.1710692412E-01  5.6922423464E-01  8.9243441878E+00  5.2512241579E+00  4.3337812130E+00  8.0068687898E+00  0.0000000000E+00  0.0000000000E+00
| Next sampling location (x_next, i_next):
  2.9664417537E+02  2.2569758029E+02  0.0000000000E+00

Iteration time [s]:   23.002        Total time [s]:  265.519

--------------------------------------------------------------------------------
                                BO ITERATION 12                                 
--------------------------------------------------------------------------------
| Evaluating objective function at 2.966E+02 2.257E+02 0.000E+00
| Objective function evaluated, time [s]       22.915
| Data point added to dataset (x i y): 
  2.9664417537E+02  2.2569758029E+02  0.0000000000E+00      -2.0299928601E+05

| Total ensemble size: 44
| Best acquisition, x_best i_best y_best:
  2.5329914235E+02  7.1020440345E+00  0.0000000000E+00      -2.0301121198E+05
| Global minimum prediction, x_hat mu_hat +- nu_hat:
  2.4226878108E+02  8.1760414431E-01  0.0000000000E+00      -2.0301187667E+05  1.0904488099E-01
| Global minimum convergence, d_xhat d_muhat:
  2.6139848708E+00  1.2788914571E-03

| GP model hyperparameters (lengthscales W kappa):
  6.1222605345E-01  5.3711203703E-01  5.3617368410E+00  8.8274996240E+00  7.6711753427E+00  4.2055128190E+00  0.0000000000E+00  0.0000000000E+00
| Next sampling location (x_next, i_next):
  3.1000000000E+02  1.4416074864E+02  0.0000000000E+00

Iteration time [s]:   24.537        Total time [s]:  290.056

--------------------------------------------------------------------------------
                                BO ITERATION 13                                 
--------------------------------------------------------------------------------
| Evaluating objective function at 3.100E+02 1.442E+02 0.000E+00
| Objective function evaluated, time [s]       22.817
| Data point added to dataset (x i y): 
  3.1000000000E+02  1.4416074864E+02  0.0000000000E+00      -2.0300255302E+05

| Total ensemble size: 45
| Best acquisition, x_best i_best y_best:
  2.5329914235E+02  7.1020440345E+00  0.0000000000E+00      -2.0301121198E+05
| Global minimum prediction, x_hat mu_hat +- nu_hat:
  2.4213043621E+02  9.0717699863E-01  0.0000000000E+00      -2.0301186330E+05  9.9067503176E-02
| Global minimum convergence, d_xhat d_muhat:
  1.6481079739E-01  5.3820440640E-04

| GP model hyperparameters (lengthscales W kappa):
  6.1944580102E-01  5.4827989530E-01  8.8435412782E+00  5.4966231343E+00  4.4331906158E+00  7.7801144362E+00  0.0000000000E+00  0.0000000000E+00
| Next sampling location (x_next, i_next):
  2.6421667915E+02 -7.2477282597E+00  0.0000000000E+00

Iteration time [s]:   24.386        Total time [s]:  314.443

--------------------------------------------------------------------------------
                                BO ITERATION 14                                 
--------------------------------------------------------------------------------
| Evaluating objective function at 2.642E+02 -7.248E+00 0.000E+00
| Objective function evaluated, time [s]       22.977
| Data point added to dataset (x i y): 
  2.6421667915E+02 -7.2477282597E+00  0.0000000000E+00      -2.0301161077E+05

| Total ensemble size: 46
| Best acquisition, x_best i_best y_best:
  2.6421667915E+02 -7.2477282597E+00  0.0000000000E+00      -2.0301161077E+05
| Global minimum prediction, x_hat mu_hat +- nu_hat:
  2.4990026961E+02 -1.3547280784E+00  0.0000000000E+00      -2.0301190896E+05  4.2606658669E-02
| Global minimum convergence, d_xhat d_muhat:
  8.0923745359E+00  1.8062469842E-03

| GP model hyperparameters (lengthscales W kappa):
  6.3591145173E-01  5.6420382386E-01  9.1952407541E+00  5.7839277619E+00  4.6289704834E+00  8.0410543287E+00  0.0000000000E+00  0.0000000000E+00
| Next sampling location (x_next, i_next):
  5.4780615795E+00  1.6322150324E+02  0.0000000000E+00

Iteration time [s]:   24.616        Total time [s]:  339.059

--------------------------------------------------------------------------------
                                BO ITERATION 15                                 
--------------------------------------------------------------------------------
| Evaluating objective function at 5.478E+00 1.632E+02 0.000E+00
| Objective function evaluated, time [s]       22.872
| Data point added to dataset (x i y): 
  5.4780615795E+00  1.6322150324E+02  0.0000000000E+00      -2.0300633219E+05

| Total ensemble size: 47
| Best acquisition, x_best i_best y_best:
  2.6421667915E+02 -7.2477282597E+00  0.0000000000E+00      -2.0301161077E+05
| Global minimum prediction, x_hat mu_hat +- nu_hat:
  2.4988173150E+02 -1.4131647306E+00  0.0000000000E+00      -2.0301191198E+05  4.0231499783E-02
| Global minimum convergence, d_xhat d_muhat:
  6.1306638556E-02  1.1891712581E-04

| GP model hyperparameters (lengthscales W kappa):
  6.4220458356E-01  5.7037532390E-01  9.1924374868E+00  5.7762630411E+00  4.7263239028E+00  8.1430435346E+00  0.0000000000E+00  0.0000000000E+00
| Next sampling location (x_next, i_next):
  2.2183525726E+02  7.7736464074E+00  0.0000000000E+00

Iteration time [s]:   24.359        Total time [s]:  363.418

--------------------------------------------------------------------------------
                                BO ITERATION 16                                 
--------------------------------------------------------------------------------
| Evaluating objective function at 2.218E+02 7.774E+00 0.000E+00
| Objective function evaluated, time [s]       23.052
| Data point added to dataset (x i y): 
  2.2183525726E+02  7.7736464074E+00  0.0000000000E+00      -2.0301200317E+05

| Total ensemble size: 48
| Best acquisition, x_best i_best y_best:
  2.2183525726E+02  7.7736464074E+00  0.0000000000E+00      -2.0301200317E+05
| Global minimum prediction, x_hat mu_hat +- nu_hat:
  2.3203970374E+02  2.7595147260E+00  0.0000000000E+00      -2.0301217050E+05  2.4694112443E-02
| Global minimum convergence, d_xhat d_muhat:
  1.8323460602E+01  1.0039491944E-02

| GP model hyperparameters (lengthscales W kappa):
  6.5238058462E-01  5.7197979468E-01  9.7021855236E+00  6.2845766744E+00  4.7662913609E+00  8.1842204181E+00  0.0000000000E+00  0.0000000000E+00
| Next sampling location (x_next, i_next):
  5.6282967159E+01  1.8825613530E+02  0.0000000000E+00

Iteration time [s]:   24.685        Total time [s]:  388.104

--------------------------------------------------------------------------------
                                BO ITERATION 17                                 
--------------------------------------------------------------------------------
| Evaluating objective function at 5.628E+01 1.883E+02 0.000E+00
| Objective function evaluated, time [s]       22.873
| Data point added to dataset (x i y): 
  5.6282967159E+01  1.8825613530E+02  0.0000000000E+00      -2.0300923879E+05

| Total ensemble size: 49
| Best acquisition, x_best i_best y_best:
  2.2183525726E+02  7.7736464074E+00  0.0000000000E+00      -2.0301200317E+05
| Global minimum prediction, x_hat mu_hat +- nu_hat:
  2.3204036190E+02  2.7760900899E+00  0.0000000000E+00      -2.0301216808E+05  2.2804131552E-02
| Global minimum convergence, d_xhat d_muhat:
  1.6588425668E-02  9.2980237949E-05

| GP model hyperparameters (lengthscales W kappa):
  6.6222802309E-01  5.7953360317E-01  9.7771981387E+00  6.3664007746E+00  4.9277407240E+00  8.3385945999E+00  0.0000000000E+00  0.0000000000E+00
| Next sampling location (x_next, i_next):
  5.8282850660E+01  1.6665451298E+01  0.0000000000E+00

Iteration time [s]:   24.690        Total time [s]:  412.795

--------------------------------------------------------------------------------
                                BO ITERATION 18                                 
--------------------------------------------------------------------------------
| Evaluating objective function at 5.828E+01 1.667E+01 0.000E+00
| Objective function evaluated, time [s]       23.050
| Data point added to dataset (x i y): 
  5.8282850660E+01  1.6665451298E+01  0.0000000000E+00      -2.0300224460E+05

| Total ensemble size: 50
| Best acquisition, x_best i_best y_best:
  2.2183525726E+02  7.7736464074E+00  0.0000000000E+00      -2.0301200317E+05
| Global minimum prediction, x_hat mu_hat +- nu_hat:
  2.3288918738E+02  2.6127760983E+00  0.0000000000E+00      -2.0301219541E+05  2.7386940859E-02
| Global minimum convergence, d_xhat d_muhat:
  8.6439351553E-01  1.0599573099E-03

| GP model hyperparameters (lengthscales W kappa):
  6.4423989802E-01  5.5902265987E-01  9.3544508441E+00  6.0653791355E+00  4.8341057799E+00  8.1233420865E+00  0.0000000000E+00  0.0000000000E+00
| Next sampling location (x_next, i_next):
  5.8926504992E+01  8.0488212591E+01  0.0000000000E+00

Iteration time [s]:   24.861        Total time [s]:  437.656

--------------------------------------------------------------------------------
                                BO ITERATION 19                                 
--------------------------------------------------------------------------------
| Evaluating objective function at 5.893E+01 8.049E+01 0.000E+00
| Objective function evaluated, time [s]       22.536
| Data point added to dataset (x i y): 
  5.8926504992E+01  8.0488212591E+01  0.0000000000E+00      -2.0299028861E+05

| Total ensemble size: 51
| Best acquisition, x_best i_best y_best:
  2.2183525726E+02  7.7736464074E+00  0.0000000000E+00      -2.0301200317E+05
| Global minimum prediction, x_hat mu_hat +- nu_hat:
  2.3221437937E+02  2.6883362184E+00  0.0000000000E+00      -2.0301219875E+05  2.6730927571E-02
| Global minimum convergence, d_xhat d_muhat:
  6.7902516440E-01  1.3121759820E-04

| GP model hyperparameters (lengthscales W kappa):
  6.4271987022E-01  5.5224654335E-01  6.3389103718E+00  9.4479603694E+00  7.9688366415E+00  4.8604810892E+00  0.0000000000E+00  0.0000000000E+00
| Next sampling location (x_next, i_next):
  2.4064701883E+02 -1.5842539083E+00  0.0000000000E+00

Iteration time [s]:   24.402        Total time [s]:  462.059

--------------------------------------------------------------------------------
                                BO ITERATION 20                                 
--------------------------------------------------------------------------------
| Evaluating objective function at 2.406E+02 -1.584E+00 0.000E+00
| Objective function evaluated, time [s]       24.052
| Data point added to dataset (x i y): 
  2.4064701883E+02 -1.5842539083E+00  0.0000000000E+00      -2.0301234249E+05

| Total ensemble size: 52
| Best acquisition, x_best i_best y_best:
  2.4064701883E+02 -1.5842539083E+00  0.0000000000E+00      -2.0301234249E+05
| Global minimum prediction, x_hat mu_hat +- nu_hat:
  2.3703893718E+02  1.0574273906E+00  0.0000000000E+00      -2.0301238580E+05  5.3265194122E-04
| Global minimum convergence, d_xhat d_muhat:
  5.0927616913E+00  7.2525321098E-03

| GP model hyperparameters (lengthscales W kappa):
  6.4214732493E-01  5.3916874731E-01  5.8771373037E+00  9.1529697378E+00  7.9122954894E+00  4.6376654580E+00  0.0000000000E+00  0.0000000000E+00
| Next sampling location (x_next, i_next):
  2.1797922078E+02  1.5519343811E+02  0.0000000000E+00

Iteration time [s]:   25.921        Total time [s]:  487.981

--------------------------------------------------------------------------------
                                BO ITERATION 21                                 
--------------------------------------------------------------------------------
| Evaluating objective function at 2.180E+02 1.552E+02 0.000E+00
| Objective function evaluated, time [s]       21.700
| Data point added to dataset (x i y): 
  2.1797922078E+02  1.5519343811E+02  0.0000000000E+00      -2.0300374442E+05

| Total ensemble size: 53
| Best acquisition, x_best i_best y_best:
  2.4064701883E+02 -1.5842539083E+00  0.0000000000E+00      -2.0301234249E+05
| Global minimum prediction, x_hat mu_hat +- nu_hat:
  2.3699144316E+02  1.0713241028E+00  0.0000000000E+00      -2.0301238658E+05  5.0100004679E-04
| Global minimum convergence, d_xhat d_muhat:
  4.9485362309E-02  3.0582312624E-05

| GP model hyperparameters (lengthscales W kappa):
  6.4748192750E-01  5.4306018986E-01  9.1706609195E+00  6.0018389782E+00  4.8033971798E+00  7.9722156238E+00  0.0000000000E+00  0.0000000000E+00
| Next sampling location (x_next, i_next):
  2.3154191702E+02  1.5985420119E+00  0.0000000000E+00

Iteration time [s]:   23.742        Total time [s]:  511.723

--------------------------------------------------------------------------------
                                BO ITERATION 22                                 
--------------------------------------------------------------------------------
| Evaluating objective function at 2.315E+02 1.599E+00 0.000E+00
| Objective function evaluated, time [s]       23.005
| Data point added to dataset (x i y): 
  2.3154191702E+02  1.5985420119E+00  0.0000000000E+00      -2.0301233369E+05

| Total ensemble size: 54
| Best acquisition, x_best i_best y_best:
  2.4064701883E+02 -1.5842539083E+00  0.0000000000E+00      -2.0301234249E+05
| Global minimum prediction, x_hat mu_hat +- nu_hat:
  2.3749705121E+02  9.4669569297E-01  0.0000000000E+00      -2.0301238015E+05  5.5333213359E-05
| Global minimum convergence, d_xhat d_muhat:
  5.2074153804E-01  2.4702375787E-04

| GP model hyperparameters (lengthscales W kappa):
  6.5459967787E-01  5.5416204975E-01  6.0663423177E+00  9.2864045325E+00  8.1789794313E+00  4.9597958160E+00  0.0000000000E+00  0.0000000000E+00
| Next sampling location (x_next, i_next):
  8.5597605017E+01  1.7204249923E+02  0.0000000000E+00

Iteration time [s]:   25.086        Total time [s]:  536.810

--------------------------------------------------------------------------------
                                BO ITERATION 23                                 
--------------------------------------------------------------------------------
| Evaluating objective function at 8.560E+01 1.720E+02 0.000E+00
| Objective function evaluated, time [s]       22.956
| Data point added to dataset (x i y): 
  8.5597605017E+01  1.7204249923E+02  0.0000000000E+00      -2.0300881117E+05

| Total ensemble size: 55
| Best acquisition, x_best i_best y_best:
  2.4064701883E+02 -1.5842539083E+00  0.0000000000E+00      -2.0301234249E+05
| Global minimum prediction, x_hat mu_hat +- nu_hat:
  2.3749165852E+02  9.4517717097E-01  0.0000000000E+00      -2.0301238007E+05  5.1483755618E-05
| Global minimum convergence, d_xhat d_muhat:
  5.6024188451E-03  3.1678348709E-06

| GP model hyperparameters (lengthscales W kappa):
  6.6306251274E-01  5.6008867760E-01  9.3633885630E+00  6.1342235124E+00  5.0735965726E+00  8.3023131693E+00  0.0000000000E+00  0.0000000000E+00
| Next sampling location (x_next, i_next):
  2.3727053998E+02  1.9870559355E+00  0.0000000000E+00

Iteration time [s]:   24.725        Total time [s]:  561.535

--------------------------------------------------------------------------------
                                BO ITERATION 24                                 
--------------------------------------------------------------------------------
| Evaluating objective function at 2.373E+02 1.987E+00 0.000E+00
| Objective function evaluated, time [s]       23.104
| Acquisition location too confident, doing pure exploration
| Data point added to dataset (x i y): 
  2.3727053998E+02  1.9870559355E+00  0.0000000000E+00      -2.0301236064E+05

| Total ensemble size: 56
| Best acquisition, x_best i_best y_best:
  2.3727053998E+02  1.9870559355E+00  0.0000000000E+00      -2.0301236064E+05
| Global minimum prediction, x_hat mu_hat +- nu_hat:
  2.3748526287E+02  7.2669529113E-01  0.0000000000E+00      -2.0301237384E+05  6.1038264745E-07
| Global minimum convergence, d_xhat d_muhat:
  2.1857547000E-01  2.3538824335E-04

| GP model hyperparameters (lengthscales W kappa):
  6.7124467090E-01  5.7476017022E-01  9.7102994838E+00  6.2800952416E+00  4.9956889931E+00  8.4282449741E+00  0.0000000000E+00  0.0000000000E+00
| Next sampling location (x_next, i_next):
  1.4058369542E+02  8.3187219259E+01  0.0000000000E+00

Iteration time [s]:   25.475        Total time [s]:  587.011

--------------------------------------------------------------------------------
                                BO ITERATION 25                                 
--------------------------------------------------------------------------------
| Evaluating objective function at 1.406E+02 8.319E+01 0.000E+00
| Objective function evaluated, time [s]       22.949
| Acquisition location too confident, doing pure exploration
| Data point added to dataset (x i y): 
  1.4058369542E+02  8.3187219259E+01  0.0000000000E+00      -2.0299110704E+05

| Total ensemble size: 57
| Best acquisition, x_best i_best y_best:
  2.3727053998E+02  1.9870559355E+00  0.0000000000E+00      -2.0301236064E+05
| Global minimum prediction, x_hat mu_hat +- nu_hat:
  2.3751541551E+02  7.2377189252E-01  0.0000000000E+00      -2.0301237382E+05  5.6249925775E-07
| Global minimum convergence, d_xhat d_muhat:
  3.0294024287E-02  1.0279255067E-06

| GP model hyperparameters (lengthscales W kappa):
  6.7023754701E-01  5.7873523164E-01  9.6556271157E+00  6.4163136094E+00  5.1480742358E+00  8.3871044085E+00  0.0000000000E+00  0.0000000000E+00
| Next sampling location (x_next, i_next):
 -7.7893065026E+00  9.4108627591E+01  0.0000000000E+00

Iteration time [s]:   25.462        Total time [s]:  612.474

--------------------------------------------------------------------------------
                                BO ITERATION 26                                 
--------------------------------------------------------------------------------
| Evaluating objective function at -7.789E+00 9.411E+01 0.000E+00
| Objective function evaluated, time [s]       24.179
| Acquisition location too confident, doing pure exploration
| Data point added to dataset (x i y): 
 -7.7893065026E+00  9.4108627591E+01  0.0000000000E+00      -2.0298978074E+05

| Total ensemble size: 58
| Best acquisition, x_best i_best y_best:
  2.3727053998E+02  1.9870559355E+00  0.0000000000E+00      -2.0301236064E+05
| Global minimum prediction, x_hat mu_hat +- nu_hat:
  2.3755277549E+02  7.1876558785E-01  0.0000000000E+00      -2.0301237381E+05  5.6291407260E-07
| Global minimum convergence, d_xhat d_muhat:
  3.7693908627E-02  4.3901137308E-07

| GP model hyperparameters (lengthscales W kappa):
  6.6574917403E-01  5.7194900834E-01  9.3949320638E+00  6.2863551798E+00  5.0956242730E+00  8.2031032975E+00  0.0000000000E+00  0.0000000000E+00
| Next sampling location (x_next, i_next):
  1.1847598733E+02  2.6969552713E+02  0.0000000000E+00

Iteration time [s]:   26.752        Total time [s]:  639.226

--------------------------------------------------------------------------------
                                BO ITERATION 27                                 
--------------------------------------------------------------------------------
| Evaluating objective function at 1.185E+02 2.697E+02 0.000E+00
| Objective function evaluated, time [s]       23.007
| Acquisition location too confident, doing pure exploration
| Data point added to dataset (x i y): 
  1.1847598733E+02  2.6969552713E+02  0.0000000000E+00      -2.0298968382E+05

| Total ensemble size: 59
| Best acquisition, x_best i_best y_best:
  2.3727053998E+02  1.9870559355E+00  0.0000000000E+00      -2.0301236064E+05
| Global minimum prediction, x_hat mu_hat +- nu_hat:
  2.3752601145E+02  7.2402419100E-01  0.0000000000E+00      -2.0301237375E+05  5.9861533499E-07
| Global minimum convergence, d_xhat d_muhat:
  2.7275752655E-02  2.3193879650E-06

| GP model hyperparameters (lengthscales W kappa):
  6.4935971408E-01  5.5704780759E-01  5.9239307423E+00  8.8928381290E+00  7.9149292199E+00  4.9457133189E+00  0.0000000000E+00  0.0000000000E+00
| Next sampling location (x_next, i_next):
  2.7461442593E+02  8.8288340833E+01  0.0000000000E+00

Iteration time [s]:   25.867        Total time [s]:  665.094

--------------------------------------------------------------------------------
                                BO ITERATION 28                                 
--------------------------------------------------------------------------------
| Evaluating objective function at 2.746E+02 8.829E+01 0.000E+00
| Objective function evaluated, time [s]       22.873
| Acquisition location too confident, doing pure exploration
| Data point added to dataset (x i y): 
  2.7461442593E+02  8.8288340833E+01  0.0000000000E+00      -2.0298874123E+05

| Total ensemble size: 60
| Best acquisition, x_best i_best y_best:
  2.3727053998E+02  1.9870559355E+00  0.0000000000E+00      -2.0301236064E+05
| Global minimum prediction, x_hat mu_hat +- nu_hat:
  2.3750482134E+02  7.2723504719E-01  0.0000000000E+00      -2.0301237371E+05  5.7362811914E-07
| Global minimum convergence, d_xhat d_muhat:
  2.1431989001E-02  1.5195524379E-06

| GP model hyperparameters (lengthscales W kappa):
  6.4743670999E-01  5.5376782079E-01  8.6783266730E+00  5.8521642155E+00  5.0339465242E+00  7.8567571105E+00  0.0000000000E+00  0.0000000000E+00
| Next sampling location (x_next, i_next):
  2.8061018925E+00  4.5948164932E+00  0.0000000000E+00

Iteration time [s]:   25.680        Total time [s]:  690.775

--------------------------------------------------------------------------------
                                BO ITERATION 29                                 
--------------------------------------------------------------------------------
| Evaluating objective function at 2.806E+00 4.595E+00 0.000E+00
| Objective function evaluated, time [s]       23.436
| Acquisition location too confident, doing pure exploration
| Data point added to dataset (x i y): 
  2.8061018925E+00  4.5948164932E+00  0.0000000000E+00      -2.0299132113E+05

| Total ensemble size: 61
| Best acquisition, x_best i_best y_best:
  2.3727053998E+02  1.9870559355E+00  0.0000000000E+00      -2.0301236064E+05
| Global minimum prediction, x_hat mu_hat +- nu_hat:
  2.3746950498E+02  7.4026134275E-01  0.0000000000E+00      -2.0301237353E+05  6.1701684286E-07
| Global minimum convergence, d_xhat d_muhat:
  3.7642125680E-02  6.8356174454E-06

| GP model hyperparameters (lengthscales W kappa):
  6.2039742516E-01  5.8654523956E-01  9.2980393931E+00  6.5816064763E+00  5.1688492333E+00  7.8853668931E+00  0.0000000000E+00  0.0000000000E+00
| Next sampling location (x_next, i_next):
 -1.7084754319E+01  2.7091897750E+02  0.0000000000E+00

Iteration time [s]:   26.288        Total time [s]:  717.064

--------------------------------------------------------------------------------
                                BO ITERATION 30                                 
--------------------------------------------------------------------------------
| Evaluating objective function at -1.708E+01 2.709E+02 0.000E+00
| Objective function evaluated, time [s]       23.060
| Data point added to dataset (x i y): 
 -1.7084754319E+01  2.7091897750E+02  0.0000000000E+00      -2.0299069938E+05

| Total ensemble size: 62
| Best acquisition, x_best i_best y_best:
  2.3727053998E+02  1.9870559355E+00  0.0000000000E+00      -2.0301236064E+05
| Global minimum prediction, x_hat mu_hat +- nu_hat:
  2.3750749292E+02  7.3010375331E-01  0.0000000000E+00      -2.0301237368E+05  5.9862954584E-07
| Global minimum convergence, d_xhat d_muhat:
  3.9322514837E-02  5.7114210724E-06

| GP model hyperparameters (lengthscales W kappa):
  6.1126361095E-01  5.8244601896E-01  9.0528970406E+00  6.5571496264E+00  5.2978298153E+00  7.7930889142E+00  0.0000000000E+00  0.0000000000E+00
| Next sampling location (x_next, i_next):
  2.3886927712E+02  5.0953414159E-01  0.0000000000E+00

Iteration time [s]:   25.476        Total time [s]:  742.541

--------------------------------------------------------------------------------
                                BO ITERATION 31                                 
--------------------------------------------------------------------------------
| Evaluating objective function at 2.389E+02 5.095E-01 0.000E+00
| Objective function evaluated, time [s]       23.052
| Acquisition location too confident, doing pure exploration
| Data point added to dataset (x i y): 
  2.3886927712E+02  5.0953414159E-01  0.0000000000E+00      -2.0301237126E+05

| Total ensemble size: 63
| Best acquisition, x_best i_best y_best:
  2.3886927712E+02  5.0953414159E-01  0.0000000000E+00      -2.0301237126E+05
| Global minimum prediction, x_hat mu_hat +- nu_hat:
  2.3741607652E+02  7.4719822565E-01  0.0000000000E+00      -2.0301237355E+05  4.5905469461E-07
| Global minimum convergence, d_xhat d_muhat:
  9.3000960046E-02  4.8748860591E-06

| GP model hyperparameters (lengthscales W kappa):
  6.2032157609E-01  5.9133836908E-01  9.2215889306E+00  6.6402004066E+00  5.3902593691E+00  7.9734860504E+00  0.0000000000E+00  0.0000000000E+00
| Next sampling location (x_next, i_next):
  1.1212945268E+02 -2.6704176042E+01  0.0000000000E+00

Iteration time [s]:   25.952        Total time [s]:  768.493

--------------------------------------------------------------------------------
                                BO ITERATION 32                                 
--------------------------------------------------------------------------------
| Evaluating objective function at 1.121E+02 -2.670E+01 0.000E+00
| Objective function evaluated, time [s]       23.163
| Data point added to dataset (x i y): 
  1.1212945268E+02 -2.6704176042E+01  0.0000000000E+00      -2.0299481415E+05

| Total ensemble size: 64
| Best acquisition, x_best i_best y_best:
  2.3886927712E+02  5.0953414159E-01  0.0000000000E+00      -2.0301237126E+05
| Global minimum prediction, x_hat mu_hat +- nu_hat:
  2.3744017038E+02  7.4852939338E-01  0.0000000000E+00      -2.0301237343E+05  4.4616480990E-07
| Global minimum convergence, d_xhat d_muhat:
  2.4130597858E-02  4.6972729737E-06

| GP model hyperparameters (lengthscales W kappa):
  6.1090129293E-01  5.8555017905E-01  8.9072642285E+00  6.2855411487E+00  5.1628441642E+00  7.7844353846E+00  0.0000000000E+00  0.0000000000E+00
| Next sampling location (x_next, i_next):
 -3.0711277311E+01  1.8203375567E+02  0.0000000000E+00

Iteration time [s]:   25.762        Total time [s]:  794.256

--------------------------------------------------------------------------------
                                BO ITERATION 33                                 
--------------------------------------------------------------------------------
| Evaluating objective function at -3.071E+01 1.820E+02 0.000E+00
| Objective function evaluated, time [s]       22.796
| Acquisition location too confident, doing pure exploration
| Data point added to dataset (x i y): 
 -3.0711277311E+01  1.8203375567E+02  0.0000000000E+00      -2.0300816794E+05

| Total ensemble size: 65
| Best acquisition, x_best i_best y_best:
  2.3886927712E+02  5.0953414159E-01  0.0000000000E+00      -2.0301237126E+05
| Global minimum prediction, x_hat mu_hat +- nu_hat:
  2.3744537428E+02  7.4813661410E-01  0.0000000000E+00      -2.0301237342E+05  4.3216541270E-07
| Global minimum convergence, d_xhat d_muhat:
  5.2187063959E-03  6.7214415413E-07

| GP model hyperparameters (lengthscales W kappa):
  6.1614987976E-01  5.8332367513E-01  8.9000749910E+00  6.2443796509E+00  5.1398942182E+00  7.7959133567E+00  0.0000000000E+00  0.0000000000E+00
| Next sampling location (x_next, i_next):
  2.2171757957E+02  2.6343157154E+02  0.0000000000E+00

Iteration time [s]:   25.995        Total time [s]:  820.251

--------------------------------------------------------------------------------
                                BO ITERATION 34                                 
--------------------------------------------------------------------------------
| Evaluating objective function at 2.217E+02 2.634E+02 0.000E+00
| Objective function evaluated, time [s]       23.001
| Acquisition location too confident, doing pure exploration
| Data point added to dataset (x i y): 
  2.2171757957E+02  2.6343157154E+02  0.0000000000E+00      -2.0298850634E+05

| Total ensemble size: 66
| Best acquisition, x_best i_best y_best:
  2.3886927712E+02  5.0953414159E-01  0.0000000000E+00      -2.0301237126E+05
| Global minimum prediction, x_hat mu_hat +- nu_hat:
  2.3746216347E+02  7.4695128440E-01  0.0000000000E+00      -2.0301237335E+05  4.1141496423E-07
| Global minimum convergence, d_xhat d_muhat:
  1.6830982539E-02  2.5837523333E-06

| GP model hyperparameters (lengthscales W kappa):
  6.1397741699E-01  5.8386439610E-01  6.2274751141E+00  8.8211055512E+00  7.7106853179E+00  5.1170688648E+00  0.0000000000E+00  0.0000000000E+00
| Next sampling location (x_next, i_next):
  1.8570179205E+02  1.1329652290E+02  0.0000000000E+00

Iteration time [s]:   26.096        Total time [s]:  846.347

--------------------------------------------------------------------------------
                                BO ITERATION 35                                 
--------------------------------------------------------------------------------
| Evaluating objective function at 1.857E+02 1.133E+02 0.000E+00
| Objective function evaluated, time [s]       22.918
| Acquisition location too confident, doing pure exploration
| Data point added to dataset (x i y): 
  1.8570179205E+02  1.1329652290E+02  0.0000000000E+00      -2.0299337770E+05

| Total ensemble size: 67
| Best acquisition, x_best i_best y_best:
  2.3886927712E+02  5.0953414159E-01  0.0000000000E+00      -2.0301237126E+05
| Global minimum prediction, x_hat mu_hat +- nu_hat:
  2.3752462013E+02  7.4664357287E-01  0.0000000000E+00      -2.0301237310E+05  4.1017081811E-07
| Global minimum convergence, d_xhat d_muhat:
  6.2457418405E-02  1.0001274930E-05

| GP model hyperparameters (lengthscales W kappa):
  6.0901138730E-01  5.6510907184E-01  8.6395647128E+00  5.8033831643E+00  4.5775318029E+00  7.4136532391E+00  0.0000000000E+00  0.0000000000E+00
| Next sampling location (x_next, i_next):
  9.7928443929E+01  1.1376099371E+02  0.0000000000E+00

Iteration time [s]:   25.897        Total time [s]:  872.244

--------------------------------------------------------------------------------
                                BO ITERATION 36                                 
--------------------------------------------------------------------------------
| Evaluating objective function at 9.793E+01 1.138E+02 0.000E+00
| Objective function evaluated, time [s]       22.903
| Acquisition location too confident, doing pure exploration
| Data point added to dataset (x i y): 
  9.7928443929E+01  1.1376099371E+02  0.0000000000E+00      -2.0299368649E+05

| Total ensemble size: 68
| Best acquisition, x_best i_best y_best:
  2.3886927712E+02  5.0953414159E-01  0.0000000000E+00      -2.0301237126E+05
| Global minimum prediction, x_hat mu_hat +- nu_hat:
  2.3752839223E+02  7.4662500683E-01  0.0000000000E+00      -2.0301237309E+05  3.9827611955E-07
| Global minimum convergence, d_xhat d_muhat:
  3.7721457423E-03  5.2727644310E-07

| GP model hyperparameters (lengthscales W kappa):
  6.0978758720E-01  5.6316581227E-01  5.7274968361E+00  8.5312926454E+00  7.3835144336E+00  4.5793422693E+00  0.0000000000E+00  0.0000000000E+00
| Next sampling location (x_next, i_next):
  1.1309631192E+02  3.3778249787E+01  0.0000000000E+00

Iteration time [s]:   25.957        Total time [s]:  898.202

--------------------------------------------------------------------------------
                                BO ITERATION 37                                 
--------------------------------------------------------------------------------
| Evaluating objective function at 1.131E+02 3.378E+01 0.000E+00
| Objective function evaluated, time [s]       23.028
| Data point added to dataset (x i y): 
  1.1309631192E+02  3.3778249787E+01  0.0000000000E+00      -2.0299105980E+05

| Total ensemble size: 69
| Best acquisition, x_best i_best y_best:
  2.3886927712E+02  5.0953414159E-01  0.0000000000E+00      -2.0301237126E+05
| Global minimum prediction, x_hat mu_hat +- nu_hat:
  2.3758146971E+02  7.4437206216E-01  0.0000000000E+00      -2.0301237293E+05  4.7874150324E-07
| Global minimum convergence, d_xhat d_muhat:
  5.3125268502E-02  6.7829722050E-06

| GP model hyperparameters (lengthscales W kappa):
  5.8384753261E-01  5.3899408661E-01  8.4504831453E+00  6.0107893113E+00  4.6028645994E+00  7.0425716474E+00  0.0000000000E+00  0.0000000000E+00
| Next sampling location (x_next, i_next):
  2.3699347685E+02  7.1317952279E-01  0.0000000000E+00

Iteration time [s]:   25.828        Total time [s]:  924.030

--------------------------------------------------------------------------------
                                BO ITERATION 38                                 
--------------------------------------------------------------------------------
| Evaluating objective function at 2.370E+02 7.132E-01 0.000E+00
| Objective function evaluated, time [s]       23.148
| Acquisition location too confident, doing pure exploration
| Data point added to dataset (x i y): 
  2.3699347685E+02  7.1317952279E-01  0.0000000000E+00      -2.0301237308E+05

| Total ensemble size: 70
| Best acquisition, x_best i_best y_best:
  2.3699347685E+02  7.1317952279E-01  0.0000000000E+00      -2.0301237308E+05
| Global minimum prediction, x_hat mu_hat +- nu_hat:
  2.3744234639E+02  7.4632933100E-01  0.0000000000E+00      -2.0301237347E+05  6.1226667291E-09
| Global minimum convergence, d_xhat d_muhat:
  1.3913708238E-01  2.2036369227E-05

| GP model hyperparameters (lengthscales W kappa):
  5.8886248102E-01  5.4523200411E-01  6.0822056276E+00  8.5922910243E+00  7.1500470234E+00  4.6399624129E+00  0.0000000000E+00  0.0000000000E+00
| Next sampling location (x_next, i_next):
  7.6897546025E+01  2.3972386973E+02  0.0000000000E+00

Iteration time [s]:   26.439        Total time [s]:  950.469

--------------------------------------------------------------------------------
                                BO ITERATION 39                                 
--------------------------------------------------------------------------------
| Evaluating objective function at 7.690E+01 2.397E+02 0.000E+00
| Objective function evaluated, time [s]       23.052
| Acquisition location too confident, doing pure exploration
| Data point added to dataset (x i y): 
  7.6897546025E+01  2.3972386973E+02  0.0000000000E+00      -2.0299559725E+05

| Total ensemble size: 71
| Best acquisition, x_best i_best y_best:
  2.3699347685E+02  7.1317952279E-01  0.0000000000E+00      -2.0301237308E+05
| Global minimum prediction, x_hat mu_hat +- nu_hat:
  2.3744231296E+02  7.4643289853E-01  0.0000000000E+00      -2.0301237347E+05  6.1200377210E-09
| Global minimum convergence, d_xhat d_muhat:
  1.0883118697E-04  4.9838667704E-09

| GP model hyperparameters (lengthscales W kappa):
  5.8629983292E-01  5.4778562758E-01  8.5147749810E+00  6.0335675396E+00  4.6374762799E+00  7.1186191089E+00  0.0000000000E+00  0.0000000000E+00
| Next sampling location (x_next, i_next):
  2.7404618074E+02  2.7657744442E+02  0.0000000000E+00

Iteration time [s]:   26.342        Total time [s]:  976.812

--------------------------------------------------------------------------------
                                BO ITERATION 40                                 
--------------------------------------------------------------------------------
| Evaluating objective function at 2.740E+02 2.766E+02 0.000E+00
| Objective function evaluated, time [s]       23.057
| Acquisition location too confident, doing pure exploration
| Data point added to dataset (x i y): 
  2.7404618074E+02  2.7657744442E+02  0.0000000000E+00      -2.0299132474E+05

| Total ensemble size: 72
| Best acquisition, x_best i_best y_best:
  2.3699347685E+02  7.1317952279E-01  0.0000000000E+00      -2.0301237308E+05
| Global minimum prediction, x_hat mu_hat +- nu_hat:
  2.3744240621E+02  7.4593050098E-01  0.0000000000E+00      -2.0301237347E+05  6.1224251446E-09
| Global minimum convergence, d_xhat d_muhat:
  5.1097844986E-04  1.1193481144E-08

| GP model hyperparameters (lengthscales W kappa):
  5.8496733327E-01  5.4694247280E-01  8.4245240415E+00  6.0246127466E+00  4.6794842843E+00  7.0797622359E+00  0.0000000000E+00  0.0000000000E+00
| Next sampling location (x_next, i_next):
  1.6390507229E+02  2.8563859933E+02  0.0000000000E+00

Iteration time [s]:   26.792        Total time [s]: 1003.604

--------------------------------------------------------------------------------
                                BO ITERATION 41                                 
--------------------------------------------------------------------------------
| Evaluating objective function at 1.639E+02 2.856E+02 0.000E+00
| Objective function evaluated, time [s]       23.107
| Acquisition location too confident, doing pure exploration
| Data point added to dataset (x i y): 
  1.6390507229E+02  2.8563859933E+02  0.0000000000E+00      -2.0298868068E+05

| Total ensemble size: 73
| Best acquisition, x_best i_best y_best:
  2.3699347685E+02  7.1317952279E-01  0.0000000000E+00      -2.0301237308E+05
| Global minimum prediction, x_hat mu_hat +- nu_hat:
  2.3744400126E+02  7.4462949286E-01  0.0000000000E+00      -2.0301237347E+05  6.1213024870E-09
| Global minimum convergence, d_xhat d_muhat:
  2.0583490373E-03  3.6732454012E-08

| GP model hyperparameters (lengthscales W kappa):
  5.8472078880E-01  5.4988694280E-01  5.9977043944E+00  8.4097647508E+00  7.0371332943E+00  4.6236847830E+00  0.0000000000E+00  0.0000000000E+00
| Next sampling location (x_next, i_next):
  1.4330300141E+01  5.1538757924E+01  0.0000000000E+00

Iteration time [s]:   26.633        Total time [s]: 1030.238

--------------------------------------------------------------------------------
                                BO ITERATION 42                                 
--------------------------------------------------------------------------------
| Evaluating objective function at 1.433E+01 5.154E+01 0.000E+00
| Objective function evaluated, time [s]       23.691
| Acquisition location too confident, doing pure exploration
| Data point added to dataset (x i y): 
  1.4330300141E+01  5.1538757924E+01  0.0000000000E+00      -2.0299395968E+05

| Total ensemble size: 74
| Best acquisition, x_best i_best y_best:
  2.3699347685E+02  7.1317952279E-01  0.0000000000E+00      -2.0301237308E+05
| Global minimum prediction, x_hat mu_hat +- nu_hat:
  2.3744427614E+02  7.4346410789E-01  0.0000000000E+00      -2.0301237346E+05  6.1575685883E-09
| Global minimum convergence, d_xhat d_muhat:
  1.1973649770E-03  2.8773317831E-07

| GP model hyperparameters (lengthscales W kappa):
  5.6396234482E-01  5.0769201415E-01  5.3693039678E+00  7.8063085914E+00  6.5071056177E+00  4.0683667560E+00  0.0000000000E+00  0.0000000000E+00
| Next sampling location (x_next, i_next):
  2.2346847615E+02  8.0667693839E+01  0.0000000000E+00

Iteration time [s]:   27.462        Total time [s]: 1057.700

--------------------------------------------------------------------------------
                                BO ITERATION 43                                 
--------------------------------------------------------------------------------
| Evaluating objective function at 2.235E+02 8.067E+01 0.000E+00
| Objective function evaluated, time [s]       23.096
| Acquisition location too confident, doing pure exploration
| Data point added to dataset (x i y): 
  2.2346847615E+02  8.0667693839E+01  0.0000000000E+00      -2.0299020758E+05

| Total ensemble size: 75
| Best acquisition, x_best i_best y_best:
  2.3699347685E+02  7.1317952279E-01  0.0000000000E+00      -2.0301237308E+05
| Global minimum prediction, x_hat mu_hat +- nu_hat:
  2.3744314244E+02  7.4474350901E-01  0.0000000000E+00      -2.0301237346E+05  6.1502357872E-09
| Global minimum convergence, d_xhat d_muhat:
  1.7094287383E-03  3.9855868654E-08

| GP model hyperparameters (lengthscales W kappa):
  5.6132713540E-01  5.0890503916E-01  5.3523180676E+00  7.7500220527E+00  6.4237990134E+00  4.0369224930E+00  0.0000000000E+00  0.0000000000E+00
| Next sampling location (x_next, i_next):
  7.0604459448E+00 -4.1852224956E+01  0.0000000000E+00

Iteration time [s]:   26.841        Total time [s]: 1084.542

--------------------------------------------------------------------------------
                                BO ITERATION 44                                 
--------------------------------------------------------------------------------
| Evaluating objective function at 7.060E+00 -4.185E+01 0.000E+00
| Objective function evaluated, time [s]       23.232
| Acquisition location too confident, doing pure exploration
| Data point added to dataset (x i y): 
  7.0604459448E+00 -4.1852224956E+01  0.0000000000E+00      -2.0299106647E+05

| Total ensemble size: 76
| Best acquisition, x_best i_best y_best:
  2.3699347685E+02  7.1317952279E-01  0.0000000000E+00      -2.0301237308E+05
| Global minimum prediction, x_hat mu_hat +- nu_hat:
  2.3744425143E+02  7.4361534616E-01  0.0000000000E+00      -2.0301237346E+05  6.1952131424E-09
| Global minimum convergence, d_xhat d_muhat:
  1.5819633194E-03  3.1861281856E-08

| GP model hyperparameters (lengthscales W kappa):
  5.3244105511E-01  4.7363413959E-01  7.0662940725E+00  4.8733025995E+00  3.8529668576E+00  6.0463193391E+00  0.0000000000E+00  0.0000000000E+00
| Next sampling location (x_next, i_next):
  2.5430807405E+02  1.2046836569E+02  0.0000000000E+00

Iteration time [s]:   26.912        Total time [s]: 1111.454

--------------------------------------------------------------------------------
                                BO ITERATION 45                                 
--------------------------------------------------------------------------------
| Evaluating objective function at 2.543E+02 1.205E+02 0.000E+00
| Objective function evaluated, time [s]       21.864
| Acquisition location too confident, doing pure exploration
| Data point added to dataset (x i y): 
  2.5430807405E+02  1.2046836569E+02  0.0000000000E+00      -2.0299326803E+05

| Total ensemble size: 77
| Best acquisition, x_best i_best y_best:
  2.3699347685E+02  7.1317952279E-01  0.0000000000E+00      -2.0301237308E+05
| Global minimum prediction, x_hat mu_hat +- nu_hat:
  2.3744423569E+02  7.4313046584E-01  0.0000000000E+00      -2.0301237346E+05  6.1963215891E-09
| Global minimum convergence, d_xhat d_muhat:
  4.8513576630E-04  2.5064175875E-08

| GP model hyperparameters (lengthscales W kappa):
  5.3140765704E-01  4.7206369216E-01  4.8552357867E+00  6.9890004832E+00  6.0005464750E+00  3.8661833029E+00  0.0000000000E+00  0.0000000000E+00
| Next sampling location (x_next, i_next):
  1.3592799881E+02  1.3940284866E+02  0.0000000000E+00

Iteration time [s]:   25.763        Total time [s]: 1137.218

--------------------------------------------------------------------------------
                                BO ITERATION 46                                 
--------------------------------------------------------------------------------
| Evaluating objective function at 1.359E+02 1.394E+02 0.000E+00
| Objective function evaluated, time [s]       23.101
| Acquisition location too confident, doing pure exploration
| Data point added to dataset (x i y): 
  1.3592799881E+02  1.3940284866E+02  0.0000000000E+00      -2.0300060011E+05

| Total ensemble size: 78
| Best acquisition, x_best i_best y_best:
  2.3699347685E+02  7.1317952279E-01  0.0000000000E+00      -2.0301237308E+05
| Global minimum prediction, x_hat mu_hat +- nu_hat:
  2.3744463371E+02  7.4301636623E-01  0.0000000000E+00      -2.0301237346E+05  6.1902819758E-09
| Global minimum convergence, d_xhat d_muhat:
  4.1405533509E-04  6.0044761122E-09

| GP model hyperparameters (lengthscales W kappa):
  5.3318070408E-01  4.7514571157E-01  4.8802203006E+00  7.0064015367E+00  6.0257455573E+00  3.8995438995E+00  0.0000000000E+00  0.0000000000E+00
| Next sampling location (x_next, i_next):
  8.9419818863E+01  6.1509636061E+01  0.0000000000E+00

Iteration time [s]:   27.219        Total time [s]: 1164.437

--------------------------------------------------------------------------------
                                BO ITERATION 47                                 
--------------------------------------------------------------------------------
| Evaluating objective function at 8.942E+01 6.151E+01 0.000E+00
| Objective function evaluated, time [s]       24.144
| Acquisition location too confident, doing pure exploration
| Data point added to dataset (x i y): 
  8.9419818863E+01  6.1509636061E+01  0.0000000000E+00      -2.0298978921E+05

| Total ensemble size: 79
| Best acquisition, x_best i_best y_best:
  2.3699347685E+02  7.1317952279E-01  0.0000000000E+00      -2.0301237308E+05
| Global minimum prediction, x_hat mu_hat +- nu_hat:
  2.3744553684E+02  7.4249393416E-01  0.0000000000E+00      -2.0301237346E+05  6.1888040469E-09
| Global minimum convergence, d_xhat d_muhat:
  1.0433465684E-03  1.0609045933E-09

| GP model hyperparameters (lengthscales W kappa):
  5.3254290516E-01  4.7389962137E-01  6.9260103204E+00  4.8466892748E+00  3.9008871751E+00  5.9799677657E+00  0.0000000000E+00  0.0000000000E+00
| Next sampling location (x_next, i_next):
  2.5036921693E+01  2.3730186578E+02  0.0000000000E+00

Iteration time [s]:   28.343        Total time [s]: 1192.780

--------------------------------------------------------------------------------
                                BO ITERATION 48                                 
--------------------------------------------------------------------------------
| Evaluating objective function at 2.504E+01 2.373E+02 0.000E+00
| Objective function evaluated, time [s]       23.948
| Acquisition location too confident, doing pure exploration
| Data point added to dataset (x i y): 
  2.5036921693E+01  2.3730186578E+02  0.0000000000E+00      -2.0299593348E+05

| Total ensemble size: 80
| Best acquisition, x_best i_best y_best:
  2.3699347685E+02  7.1317952279E-01  0.0000000000E+00      -2.0301237308E+05
| Global minimum prediction, x_hat mu_hat +- nu_hat:
  2.3744645404E+02  7.4249309444E-01  0.0000000000E+00      -2.0301237346E+05  6.1854929178E-09
| Global minimum convergence, d_xhat d_muhat:
  9.1720393594E-04  3.5570789641E-09

| GP model hyperparameters (lengthscales W kappa):
  5.2997582433E-01  4.7203402108E-01  6.8348857386E+00  4.8019788196E+00  3.9171810498E+00  5.9498762300E+00  0.0000000000E+00  0.0000000000E+00
| Next sampling location (x_next, i_next):
  2.3003187620E+01  1.1841338319E+02  0.0000000000E+00

Iteration time [s]:   28.073        Total time [s]: 1220.854

--------------------------------------------------------------------------------
                                BO ITERATION 49                                 
--------------------------------------------------------------------------------
| Evaluating objective function at 2.300E+01 1.184E+02 0.000E+00
| Objective function evaluated, time [s]       23.890
| Acquisition location too confident, doing pure exploration
| Data point added to dataset (x i y): 
  2.3003187620E+01  1.1841338319E+02  0.0000000000E+00      -2.0299458399E+05

| Total ensemble size: 81
| Best acquisition, x_best i_best y_best:
  2.3699347685E+02  7.1317952279E-01  0.0000000000E+00      -2.0301237308E+05
| Global minimum prediction, x_hat mu_hat +- nu_hat:
  2.3744645916E+02  7.4228140309E-01  0.0000000000E+00      -2.0301237346E+05  6.1868713707E-09
| Global minimum convergence, d_xhat d_muhat:
  2.1175317346E-04  3.6932893584E-08

| GP model hyperparameters (lengthscales W kappa):
  5.2742105313E-01  4.7250872366E-01  6.7779966362E+00  4.7645739412E+00  3.8877373810E+00  5.9012201234E+00  0.0000000000E+00  0.0000000000E+00
| Next sampling location (x_next, i_next):
  6.7555343218E+01 -2.4694186118E+01  0.0000000000E+00

Iteration time [s]:   28.404        Total time [s]: 1249.259

--------------------------------------------------------------------------------
                                BO ITERATION 50                                 
--------------------------------------------------------------------------------
| Evaluating objective function at 6.756E+01 -2.469E+01 0.000E+00
| Objective function evaluated, time [s]       23.739
| Acquisition location too confident, doing pure exploration
| Data point added to dataset (x i y): 
  6.7555343218E+01 -2.4694186118E+01  0.0000000000E+00      -2.0300162103E+05

| Total ensemble size: 82
| Best acquisition, x_best i_best y_best:
  2.3699347685E+02  7.1317952279E-01  0.0000000000E+00      -2.0301237308E+05
| Global minimum prediction, x_hat mu_hat +- nu_hat:
  2.3744706507E+02  7.4215265449E-01  0.0000000000E+00      -2.0301237346E+05  6.1798796302E-09
| Global minimum convergence, d_xhat d_muhat:
  6.1944337618E-04  5.3715916479E-09

| GP model hyperparameters (lengthscales W kappa):
  5.2976823262E-01  4.7790876835E-01  6.8582114310E+00  4.8381007571E+00  3.9372947192E+00  5.9494307297E+00  0.0000000000E+00  0.0000000000E+00
| Next sampling location (x_next, i_next):
  2.5347299507E+02  2.3534679701E+02  0.0000000000E+00

Iteration time [s]:   27.719        Total time [s]: 1276.978

|| Bayesian optimization completed, time [s]     1276.970


--------------------------------------------------------------------------------
                        BOSS is done! Have a nice day :)                        

      Datetime 15-08-2020 01:00:11            Total time [s]     1276.979       
--------------------------------------------------------------------------------
