
-----------------------------   Welcome to ....   ------------------------------
                      _______  _______ _______ _______ 
                     |   _   \|   _   |   _   |   _   |
                     |.  1   /|.  |   |   1___|   1___|
                     |.  _   \|.  |   |____   |____   |
                     |:  1    |:  1   |:  1   |:  1   |
                     |::.. .  |::.. . |::.. . |::.. . |
                     `-------'`-------`-------`-------'

                                 Version 0.9.15                                 
                              05-05-2020 08:21:45                               
--------------------------------------------------------------------------------

| Reading BOSS input file from: in_2D
| Initializing...

--------------------------------------------------------------------------------
                                   INPUT FILE                                   
--------------------------------------------------------------------------------
# input file for alanine 2D (d4-d13)
# optimize aims with rst data from amber
# optimization
userfn       userfn_2D.py

bounds       -50 310; -50 310
kernel       stdp
initpts 5 10
iterpts     50
verbosity    2
data_sources    2


RESULTS:
 -5.000000000000000E+01 -5.000000000000000E+01  0.0      -8.802709572377000E+03
  1.300000000000000E+02  1.300000000000000E+02  0.0      -8.802650771197999E+03
  2.200000000000000E+02  4.000000000000000E+01  0.0      -8.802878353898999E+03
  4.000000000000000E+01  2.200000000000000E+02  0.0      -8.802815554653000E+03
  8.500000000000000E+01  8.500000000000000E+01  0.0      -8.802274129588999E+03 
 -5.000000000000000E+01 -5.000000000000000E+01  1.0       2.585050000000000E+01
  1.300000000000000E+02  1.300000000000000E+02  1.0       2.753240000000000E+01
  2.200000000000000E+02  4.000000000000000E+01  1.0       2.664890000000000E+01
  4.000000000000000E+01  2.200000000000000E+02  1.0       2.348490000000000E+01
  8.500000000000000E+01  8.500000000000000E+01  1.0       3.377250000000000E+01       1.858632913705087E+00       2.811340538945101E-01  2.631344927091030E-01
  2.146483478659151E+01  2.366442607599583E+02  1.0       2.848460000000000E+01       1.868530665788992E+00       9.296718642621515E-02  3.388346882584720E-01
  4.251918494426133E+01 -5.000000000000000E+01  1.0       3.176260000000000E+01       2.065245823739045E+00       1.086701778622251E-01  2.359868530980971E-01
  2.039256783126901E+02  5.713739193124337E+01  1.0       2.945160000000000E+01       2.059066454159776E+00       9.698775741453020E-02  2.351190466741620E-01
 -3.721347792381110E+01  3.100000000000000E+02  1.0       2.708670000000000E+01       2.040562707548977E+00       9.953835448128570E-02  2.325805530338459E-01
  4.671943190741666E+01  2.066637951096940E+02  1.0       2.036570000000000E+01       2.579944716723248E+00       2.077062015365611E-01  1.377919791035628E-01
--------------------------------------------------------------------------------
                               SIMULATION OPTIONS                               
--------------------------------------------------------------------------------
|| File input/output 
ipfile         in_2D
userfn         userfn_2D.py
outfile        boss.out
rstfile        boss.rst

|| Key settings 
data_sources         2
bounds         -5.000E+01 3.100E+02;    -5.000E+01 3.100E+02
kerntype       stdp stdp
yrange         none
noise          1.000E-12
initpts    5 10    iterpts   50
gm_tol         none
verbosity      2

|| Data acquisition 
acqfn                elcb
acqtol               1.000E-03

|| GP hyperparameters 
thetainit       1.000E+00 3.142E-01
thetabounds     none
thetaprior      gamma
thetapriorpar   1.000E+00 1.000E+00;    3.368E+00 9.020E+00;    3.368E+00 9.020E+00

|| Hyperparameter optimization
updatefreq   1  initupdate      True
updateoffset 0  updaterestarts  2


--------------------------------------------------------------------------------
                              INITIAL DATAPOINT 1                               
--------------------------------------------------------------------------------
| Data point added to dataset (x i y): 
 -5.0000000000E+01 -5.0000000000E+01  0.0000000000E+00      -8.8027095724E+03

| Total ensemble size: 1
| Next sampling location (x_next, i_next):
  1.3000000000E+02  1.3000000000E+02  0.0000000000E+00

Iteration time [s]:    0.001        Total time [s]:    0.182

--------------------------------------------------------------------------------
                              INITIAL DATAPOINT 2                               
--------------------------------------------------------------------------------
| Data point added to dataset (x i y): 
  1.3000000000E+02  1.3000000000E+02  0.0000000000E+00      -8.8026507712E+03

| Total ensemble size: 2
| Next sampling location (x_next, i_next):
  2.2000000000E+02  4.0000000000E+01  0.0000000000E+00

Iteration time [s]:    0.000        Total time [s]:    0.183

--------------------------------------------------------------------------------
                              INITIAL DATAPOINT 3                               
--------------------------------------------------------------------------------
| Data point added to dataset (x i y): 
  2.2000000000E+02  4.0000000000E+01  0.0000000000E+00      -8.8028783539E+03

| Total ensemble size: 3
| Next sampling location (x_next, i_next):
  4.0000000000E+01  2.2000000000E+02  0.0000000000E+00

Iteration time [s]:    0.001        Total time [s]:    0.184

--------------------------------------------------------------------------------
                              INITIAL DATAPOINT 4                               
--------------------------------------------------------------------------------
| Data point added to dataset (x i y): 
  4.0000000000E+01  2.2000000000E+02  0.0000000000E+00      -8.8028155547E+03

| Total ensemble size: 4
| Next sampling location (x_next, i_next):
  8.5000000000E+01  8.5000000000E+01  0.0000000000E+00

Iteration time [s]:    0.001        Total time [s]:    0.185

--------------------------------------------------------------------------------
                              INITIAL DATAPOINT 5                               
--------------------------------------------------------------------------------
| Data point added to dataset (x i y): 
  8.5000000000E+01  8.5000000000E+01  0.0000000000E+00      -8.8022741296E+03

| Total ensemble size: 5
| Next sampling location (x_next, i_next):
 -5.0000000000E+01 -5.0000000000E+01  1.0000000000E+00

Iteration time [s]:    0.000        Total time [s]:    0.186

--------------------------------------------------------------------------------
                              INITIAL DATAPOINT 6                               
--------------------------------------------------------------------------------
| Data point added to dataset (x i y): 
 -5.0000000000E+01 -5.0000000000E+01  1.0000000000E+00       2.5850500000E+01

| Total ensemble size: 6
| Next sampling location (x_next, i_next):
  1.3000000000E+02  1.3000000000E+02  1.0000000000E+00

Iteration time [s]:    0.000        Total time [s]:    0.187

--------------------------------------------------------------------------------
                              INITIAL DATAPOINT 7                               
--------------------------------------------------------------------------------
| Data point added to dataset (x i y): 
  1.3000000000E+02  1.3000000000E+02  1.0000000000E+00       2.7532400000E+01

| Total ensemble size: 7
| Next sampling location (x_next, i_next):
  2.2000000000E+02  4.0000000000E+01  1.0000000000E+00

Iteration time [s]:    0.000        Total time [s]:    0.188

--------------------------------------------------------------------------------
                              INITIAL DATAPOINT 8                               
--------------------------------------------------------------------------------
| Data point added to dataset (x i y): 
  2.2000000000E+02  4.0000000000E+01  1.0000000000E+00       2.6648900000E+01

| Total ensemble size: 8
| Next sampling location (x_next, i_next):
  4.0000000000E+01  2.2000000000E+02  1.0000000000E+00

Iteration time [s]:    0.000        Total time [s]:    0.189

--------------------------------------------------------------------------------
                              INITIAL DATAPOINT 9                               
--------------------------------------------------------------------------------
| Data point added to dataset (x i y): 
  4.0000000000E+01  2.2000000000E+02  1.0000000000E+00       2.3484900000E+01

| Total ensemble size: 9
| Next sampling location (x_next, i_next):
  8.5000000000E+01  8.5000000000E+01  1.0000000000E+00

Iteration time [s]:    0.001        Total time [s]:    0.190

--------------------------------------------------------------------------------
                              INITIAL DATAPOINT 10                              
--------------------------------------------------------------------------------
| Data point added to dataset (x i y): 
  8.5000000000E+01  8.5000000000E+01  1.0000000000E+00       3.3772500000E+01

| Total ensemble size: 10
| Next sampling location (x_next, i_next):
  2.1464834787E+01  2.3664426076E+02  1.0000000000E+00

Iteration time [s]:    0.000        Total time [s]:    0.191

--------------------------------------------------------------------------------
                              INITIAL DATAPOINT 11                              
--------------------------------------------------------------------------------
| Data point added to dataset (x i y): 
  2.1464834787E+01  2.3664426076E+02  1.0000000000E+00       2.8484600000E+01

| Total ensemble size: 11
| Next sampling location (x_next, i_next):
  4.2519184944E+01 -5.0000000000E+01  1.0000000000E+00

Iteration time [s]:    0.001        Total time [s]:    0.191

--------------------------------------------------------------------------------
                              INITIAL DATAPOINT 12                              
--------------------------------------------------------------------------------
| Data point added to dataset (x i y): 
  4.2519184944E+01 -5.0000000000E+01  1.0000000000E+00       3.1762600000E+01

| Total ensemble size: 12
| Next sampling location (x_next, i_next):
  2.0392567831E+02  5.7137391931E+01  1.0000000000E+00

Iteration time [s]:    0.001        Total time [s]:    0.192

--------------------------------------------------------------------------------
                              INITIAL DATAPOINT 13                              
--------------------------------------------------------------------------------
| Data point added to dataset (x i y): 
  2.0392567831E+02  5.7137391931E+01  1.0000000000E+00       2.9451600000E+01

| Total ensemble size: 13
| Next sampling location (x_next, i_next):
 -3.7213477924E+01  3.1000000000E+02  1.0000000000E+00

Iteration time [s]:    0.000        Total time [s]:    0.193

--------------------------------------------------------------------------------
                              INITIAL DATAPOINT 14                              
--------------------------------------------------------------------------------
| Data point added to dataset (x i y): 
 -3.7213477924E+01  3.1000000000E+02  1.0000000000E+00       2.7086700000E+01

| Total ensemble size: 14
| Next sampling location (x_next, i_next):
  4.6719431907E+01  2.0666379511E+02  1.0000000000E+00

Iteration time [s]:    0.001        Total time [s]:    0.194

--------------------------------------------------------------------------------
                              INITIAL DATAPOINT 15                              
--------------------------------------------------------------------------------
| Data point added to dataset (x i y): 
  4.6719431907E+01  2.0666379511E+02  1.0000000000E+00       2.0365700000E+01

| Total ensemble size: 15
| Best acquisition, x_best i_best y_best:
  2.2000000000E+02  4.0000000000E+01  0.0000000000E+00      -8.8028783539E+03
| Global minimum prediction, x_hat mu_hat +- nu_hat:
  5.8038824905E+01  1.9083277072E+02  0.0000000000E+00      -8.8030937437E+03  7.8908578218E-03

| GP model hyperparameters (lengthscales W kappa):
  4.6919459445E-01  3.0237385058E-01 -2.6785053654E-01 -4.1720356177E+00  5.1977204191E-54  2.0526517925E+00
| Next sampling location (x_next, i_next):
  1.2001556572E+02  1.9748653192E+02  0.0000000000E+00

Iteration time [s]:    1.435        Total time [s]:    1.629

--------------------------------------------------------------------------------
                                 BO ITERATION 1                                 
--------------------------------------------------------------------------------
| Evaluating objective function at 1.200E+02 1.975E+02 0.000E+00
| Objective function evaluated, time [s]       45.180
| Data point added to dataset (x i y): 
  1.2001556572E+02  1.9748653192E+02  0.0000000000E+00      -8.8030052196E+03

| Total ensemble size: 16
| Best acquisition, x_best i_best y_best:
  1.2001556572E+02  1.9748653192E+02  0.0000000000E+00      -8.8030052196E+03
| Global minimum prediction, x_hat mu_hat +- nu_hat:
  6.7383989547E+01  1.8947712549E+02  0.0000000000E+00      -8.8031146190E+03  8.1007065397E-03
| Global minimum convergence, d_xhat d_muhat:
  1.5396303632E+04  6.5661623280E+02

| GP model hyperparameters (lengthscales W kappa):
  5.1862336649E-01  3.2525007627E-01 -2.6282101978E-01 -4.0886757802E+00  5.1977204191E-54  2.7972850287E+00
| Next sampling location (x_next, i_next):
 -3.7875501666E+01  1.6942232266E+02  0.0000000000E+00

Iteration time [s]:   46.338        Total time [s]:   47.968

--------------------------------------------------------------------------------
                                 BO ITERATION 2                                 
--------------------------------------------------------------------------------
| Evaluating objective function at -3.788E+01 1.694E+02 0.000E+00
| Objective function evaluated, time [s]        2.901
| Data point added to dataset (x i y): 
 -3.7875501666E+01  1.6942232266E+02  0.0000000000E+00      -8.8030806982E+03

| Total ensemble size: 17
| Best acquisition, x_best i_best y_best:
 -3.7875501666E+01  1.6942232266E+02  0.0000000000E+00      -8.8030806982E+03
| Global minimum prediction, x_hat mu_hat +- nu_hat:
  4.4650085007E+01  1.8237408308E+02  0.0000000000E+00      -8.8031282115E+03  1.1892603566E-02
| Global minimum convergence, d_xhat d_muhat:
  1.5379101875E+04  6.5661726230E+02

| GP model hyperparameters (lengthscales W kappa):
  5.8439881723E-01  3.5270152986E-01 -2.7615815384E-01 -4.0979144253E+00  5.1977204191E-54  4.3381038462E+00
| Next sampling location (x_next, i_next):
  2.3476408524E+02  1.9147564375E+02  0.0000000000E+00

Iteration time [s]:    3.938        Total time [s]:   51.907

--------------------------------------------------------------------------------
                                 BO ITERATION 3                                 
--------------------------------------------------------------------------------
| Evaluating objective function at 2.348E+02 1.915E+02 0.000E+00
| Objective function evaluated, time [s]        2.804
| Data point added to dataset (x i y): 
  2.3476408524E+02  1.9147564375E+02  0.0000000000E+00      -8.8029969927E+03

| Total ensemble size: 18
| Best acquisition, x_best i_best y_best:
 -3.7875501666E+01  1.6942232266E+02  0.0000000000E+00      -8.8030806982E+03
| Global minimum prediction, x_hat mu_hat +- nu_hat:
  3.9830784909E+01  1.8194558042E+02  0.0000000000E+00      -8.8031060760E+03  1.1599776446E-02
| Global minimum convergence, d_xhat d_muhat:
  1.5376102925E+04  6.5661589407E+02

| GP model hyperparameters (lengthscales W kappa):
  6.2208292626E-01  3.5901447642E-01 -2.6312205066E-01 -3.8779693305E+00  5.1977204191E-54  5.8498168660E+00
| Next sampling location (x_next, i_next):
  1.9260835248E+02 -1.8750188195E+01  0.0000000000E+00

Iteration time [s]:    4.014        Total time [s]:   55.921

--------------------------------------------------------------------------------
                                 BO ITERATION 4                                 
--------------------------------------------------------------------------------
| Evaluating objective function at 1.926E+02 -1.875E+01 0.000E+00
| Objective function evaluated, time [s]        2.994
| Data point added to dataset (x i y): 
  1.9260835248E+02 -1.8750188195E+01  0.0000000000E+00      -8.8028929847E+03

| Total ensemble size: 19
| Best acquisition, x_best i_best y_best:
 -3.7875501666E+01  1.6942232266E+02  0.0000000000E+00      -8.8030806982E+03
| Global minimum prediction, x_hat mu_hat +- nu_hat:
  3.2961096019E+01  1.8042652632E+02  0.0000000000E+00      -8.8030920251E+03  1.1149414143E-02
| Global minimum convergence, d_xhat d_muhat:
  1.5371226941E+04  6.5661482418E+02

| GP model hyperparameters (lengthscales W kappa):
  6.3698842320E-01  3.6689854115E-01 -2.5066722493E-01 -3.7367313049E+00  5.1977204191E-54  6.6437829522E+00
| Next sampling location (x_next, i_next):
  3.0606700739E+02  1.5518958705E+01  0.0000000000E+00

Iteration time [s]:    4.101        Total time [s]:   60.022

--------------------------------------------------------------------------------
                                 BO ITERATION 5                                 
--------------------------------------------------------------------------------
| Evaluating objective function at 3.061E+02 1.552E+01 0.000E+00
| Objective function evaluated, time [s]        2.861
| Data point added to dataset (x i y): 
  3.0606700739E+02  1.5518958705E+01  0.0000000000E+00      -8.8027266905E+03

| Total ensemble size: 20
| Best acquisition, x_best i_best y_best:
 -3.7875501666E+01  1.6942232266E+02  0.0000000000E+00      -8.8030806982E+03
| Global minimum prediction, x_hat mu_hat +- nu_hat:
 -2.2702934748E+01  1.7447639465E+02  0.0000000000E+00      -8.8030855506E+03  2.0603514139E-03
| Global minimum convergence, d_xhat d_muhat:
  1.5335788096E+04  6.5661430767E+02

| GP model hyperparameters (lengthscales W kappa):
  6.1864913951E-01  3.6411120724E-01  2.1333871430E-01  4.1012348984E+00  1.1818222820E-02  3.1396110192E+00
| Next sampling location (x_next, i_next):
  2.0018887898E+02  2.6262530460E+02  0.0000000000E+00

Iteration time [s]:    4.016        Total time [s]:   64.039

--------------------------------------------------------------------------------
                                 BO ITERATION 6                                 
--------------------------------------------------------------------------------
| Evaluating objective function at 2.002E+02 2.626E+02 0.000E+00
| Objective function evaluated, time [s]        2.865
| Data point added to dataset (x i y): 
  2.0018887898E+02  2.6262530460E+02  0.0000000000E+00      -8.8022616648E+03

| Total ensemble size: 21
| Best acquisition, x_best i_best y_best:
 -3.7875501666E+01  1.6942232266E+02  0.0000000000E+00      -8.8030806982E+03
| Global minimum prediction, x_hat mu_hat +- nu_hat:
  4.0753518177E+01  1.8445446451E+02  0.0000000000E+00      -8.8031372380E+03  9.4188358179E-03
| Global minimum convergence, d_xhat d_muhat:
  1.5378025888E+04  6.5661748504E+02

| GP model hyperparameters (lengthscales W kappa):
  6.8772901783E-01  3.2864172745E-01  2.5756197053E-01  4.5364907545E+00  1.1983498039E-02  3.7982609802E-01
| Next sampling location (x_next, i_next):
  2.5261160341E+02  1.4223604359E+02  0.0000000000E+00

Iteration time [s]:    4.277        Total time [s]:   68.317

--------------------------------------------------------------------------------
                                 BO ITERATION 7                                 
--------------------------------------------------------------------------------
| Evaluating objective function at 2.526E+02 1.422E+02 0.000E+00
| Objective function evaluated, time [s]        2.892
| Data point added to dataset (x i y): 
  2.5261160341E+02  1.4223604359E+02  0.0000000000E+00      -8.8027416476E+03

| Total ensemble size: 22
| Best acquisition, x_best i_best y_best:
 -3.7875501666E+01  1.6942232266E+02  0.0000000000E+00      -8.8030806982E+03
| Global minimum prediction, x_hat mu_hat +- nu_hat:
  1.9354804952E+01  1.8339125464E+02  0.0000000000E+00      -8.8031519181E+03  8.4132063892E-03
| Global minimum convergence, d_xhat d_muhat:
  1.5365197214E+04  6.5661912887E+02

| GP model hyperparameters (lengthscales W kappa):
  7.1130728776E-01  3.1851807085E-01  2.5065908178E-01  4.4428185222E+00  1.1771699071E-02  3.7832894582E-01
| Next sampling location (x_next, i_next):
  1.2222179660E+02  1.4663792117E+01  0.0000000000E+00

Iteration time [s]:    4.307        Total time [s]:   72.625

--------------------------------------------------------------------------------
                                 BO ITERATION 8                                 
--------------------------------------------------------------------------------
| Evaluating objective function at 1.222E+02 1.466E+01 0.000E+00
| Objective function evaluated, time [s]        2.886
| Data point added to dataset (x i y): 
  1.2222179660E+02  1.4663792117E+01  0.0000000000E+00      -8.8023473793E+03

| Total ensemble size: 23
| Best acquisition, x_best i_best y_best:
 -3.7875501666E+01  1.6942232266E+02  0.0000000000E+00      -8.8030806982E+03
| Global minimum prediction, x_hat mu_hat +- nu_hat:
  3.4920067188E+01  1.8329853927E+02  0.0000000000E+00      -8.8031578677E+03  8.2429075595E-03
| Global minimum convergence, d_xhat d_muhat:
  1.5374111094E+04  6.5661949763E+02

| GP model hyperparameters (lengthscales W kappa):
  6.7741194411E-01  3.5818838822E-01  2.8678950179E-01  4.7328607965E+00  8.7926647658E-03  3.7215496576E-01
| Next sampling location (x_next, i_next):
  3.0662983508E+02  2.0287839115E+02  0.0000000000E+00

Iteration time [s]:    4.218        Total time [s]:   76.844

--------------------------------------------------------------------------------
                                 BO ITERATION 9                                 
--------------------------------------------------------------------------------
| Evaluating objective function at 3.066E+02 2.029E+02 0.000E+00
| Objective function evaluated, time [s]        2.894
| Data point added to dataset (x i y): 
  3.0662983508E+02  2.0287839115E+02  0.0000000000E+00      -8.8029888847E+03

| Total ensemble size: 24
| Best acquisition, x_best i_best y_best:
 -3.7875501666E+01  1.6942232266E+02  0.0000000000E+00      -8.8030806982E+03
| Global minimum prediction, x_hat mu_hat +- nu_hat:
  3.5607082113E+01  1.8269859527E+02  0.0000000000E+00      -8.8031629830E+03  6.7030023929E-03
| Global minimum convergence, d_xhat d_muhat:
  1.5374165690E+04  6.5661986648E+02

| GP model hyperparameters (lengthscales W kappa):
  7.3075884317E-01  3.8183010942E-01  2.9181652206E-01  4.8559349362E+00  1.0366561505E-02  3.7990364104E-01
| Next sampling location (x_next, i_next):
  4.7988991258E+01  1.6165287586E+02  0.0000000000E+00

Iteration time [s]:    4.169        Total time [s]:   81.014

--------------------------------------------------------------------------------
                                BO ITERATION 10                                 
--------------------------------------------------------------------------------
| Evaluating objective function at 4.799E+01 1.617E+02 0.000E+00
| Objective function evaluated, time [s]        2.966
| Data point added to dataset (x i y): 
  4.7988991258E+01  1.6165287586E+02  0.0000000000E+00      -8.8030712588E+03

| Total ensemble size: 25
| Best acquisition, x_best i_best y_best:
 -3.7875501666E+01  1.6942232266E+02  0.0000000000E+00      -8.8030806982E+03
| Global minimum prediction, x_hat mu_hat +- nu_hat:
  3.7586138219E+01  1.8210748548E+02  0.0000000000E+00      -8.8031700502E+03  2.0592222960E-03
| Global minimum convergence, d_xhat d_muhat:
  1.5374966957E+04  6.5662027876E+02

| GP model hyperparameters (lengthscales W kappa):
  7.9175532711E-01  4.1269261999E-01  3.0989309713E-01  4.9984090495E+00  9.0632135255E-03  1.2224344686E+00
| Next sampling location (x_next, i_next):
  2.5095851700E+02 -1.0542302164E+01  0.0000000000E+00

Iteration time [s]:    4.287        Total time [s]:   85.301

--------------------------------------------------------------------------------
                                BO ITERATION 11                                 
--------------------------------------------------------------------------------
| Evaluating objective function at 2.510E+02 -1.054E+01 0.000E+00
| Objective function evaluated, time [s]        2.952
| Data point added to dataset (x i y): 
  2.5095851700E+02 -1.0542302164E+01  0.0000000000E+00      -8.8032443401E+03

| Total ensemble size: 26
| Best acquisition, x_best i_best y_best:
  2.5095851700E+02 -1.0542302164E+01  0.0000000000E+00      -8.8032443401E+03
| Global minimum prediction, x_hat mu_hat +- nu_hat:
  2.4797232917E+02 -1.0661737108E+01  0.0000000000E+00      -8.8032455250E+03  1.3390683268E-05
| Global minimum convergence, d_xhat d_muhat:
  1.5385941107E+04  6.5662556197E+02

| GP model hyperparameters (lengthscales W kappa):
  8.3453552729E-01  4.7701328252E-01 -3.7657419623E-01 -5.6462230275E+00  9.5386920737E-03  1.6947226035E+00
| Next sampling location (x_next, i_next):
  9.3362127679E+00  1.8518640898E+02  0.0000000000E+00

Iteration time [s]:    4.435        Total time [s]:   89.736

--------------------------------------------------------------------------------
                                BO ITERATION 12                                 
--------------------------------------------------------------------------------
| Evaluating objective function at 9.336E+00 1.852E+02 0.000E+00
| Objective function evaluated, time [s]        2.854
| Data point added to dataset (x i y): 
  9.3362127679E+00  1.8518640898E+02  0.0000000000E+00      -8.8030828350E+03

| Total ensemble size: 27
| Best acquisition, x_best i_best y_best:
  2.5095851700E+02 -1.0542302164E+01  0.0000000000E+00      -8.8032443401E+03
| Global minimum prediction, x_hat mu_hat +- nu_hat:
  2.4737880191E+02 -1.0165901154E+01  0.0000000000E+00      -8.8032459538E+03  1.9918814321E-05
| Global minimum convergence, d_xhat d_muhat:
  1.5386006036E+04  6.5662544136E+02

| GP model hyperparameters (lengthscales W kappa):
  8.0337100990E-01  4.9369651177E-01  3.7526566720E-01  5.8103456417E+00  9.6673848824E-03  2.1950329657E+00
| Next sampling location (x_next, i_next):
  2.4366195200E+02 -2.9632895299E+01  0.0000000000E+00

Iteration time [s]:    4.385        Total time [s]:   94.122

--------------------------------------------------------------------------------
                                BO ITERATION 13                                 
--------------------------------------------------------------------------------
| Evaluating objective function at 2.437E+02 -2.963E+01 0.000E+00
| Objective function evaluated, time [s]        3.504
| Data point added to dataset (x i y): 
  2.4366195200E+02 -2.9632895299E+01  0.0000000000E+00      -8.8029965469E+03

| Total ensemble size: 28
| Best acquisition, x_best i_best y_best:
  2.5095851700E+02 -1.0542302164E+01  0.0000000000E+00      -8.8032443401E+03
| Global minimum prediction, x_hat mu_hat +- nu_hat:
  2.4517467663E+02 -7.2303747957E-01  0.0000000000E+00      -8.8032770967E+03  5.8931152040E-04
| Global minimum convergence, d_xhat d_muhat:
  1.5390109321E+04  6.5662776476E+02

| GP model hyperparameters (lengthscales W kappa):
  6.5385879353E-01  3.9563547424E-01  3.1705416269E-01  5.1955540936E+00  1.9908873771E-02  9.6207846697E-01
| Next sampling location (x_next, i_next):
 -1.6710533891E+01  1.1762160021E+02  0.0000000000E+00

Iteration time [s]:    5.069        Total time [s]:   99.192

--------------------------------------------------------------------------------
                                BO ITERATION 14                                 
--------------------------------------------------------------------------------
| Evaluating objective function at -1.671E+01 1.176E+02 0.000E+00
| Objective function evaluated, time [s]        2.806
| Data point added to dataset (x i y): 
 -1.6710533891E+01  1.1762160021E+02  0.0000000000E+00      -8.8024878170E+03

| Total ensemble size: 29
| Best acquisition, x_best i_best y_best:
  2.5095851700E+02 -1.0542302164E+01  0.0000000000E+00      -8.8032443401E+03
| Global minimum prediction, x_hat mu_hat +- nu_hat:
  2.4568194208E+02 -7.6965894737E-01  0.0000000000E+00      -8.8032764778E+03  4.9828674092E-04
| Global minimum convergence, d_xhat d_muhat:
  1.5390434839E+04  6.5662776107E+02

| GP model hyperparameters (lengthscales W kappa):
  6.6995956599E-01  4.0334748802E-01  3.2527804470E-01  5.2694402346E+00  1.6477246497E-02  9.5067207494E-01
| Next sampling location (x_next, i_next):
  8.0344110905E+01  1.8085963145E+02  0.0000000000E+00

Iteration time [s]:    4.551        Total time [s]:  103.743

--------------------------------------------------------------------------------
                                BO ITERATION 15                                 
--------------------------------------------------------------------------------
| Evaluating objective function at 8.034E+01 1.809E+02 0.000E+00
| Objective function evaluated, time [s]        2.963
| Data point added to dataset (x i y): 
  8.0344110905E+01  1.8085963145E+02  0.0000000000E+00      -8.8031426625E+03

| Total ensemble size: 30
| Best acquisition, x_best i_best y_best:
  2.5095851700E+02 -1.0542302164E+01  0.0000000000E+00      -8.8032443401E+03
| Global minimum prediction, x_hat mu_hat +- nu_hat:
  2.4595099879E+02 -8.4822875813E-01  0.0000000000E+00      -8.8032756644E+03  4.0403708113E-04
| Global minimum convergence, d_xhat d_muhat:
  1.5390547026E+04  6.5662769361E+02

| GP model hyperparameters (lengthscales W kappa):
  7.0509971095E-01  4.2059860590E-01  3.3408476663E-01  5.5067534819E+00  1.8369365990E-02  9.6908300611E-01
| Next sampling location (x_next, i_next):
  1.7585855672E+02  1.7106372728E+02  0.0000000000E+00

Iteration time [s]:    4.732        Total time [s]:  108.476

--------------------------------------------------------------------------------
                                BO ITERATION 16                                 
--------------------------------------------------------------------------------
| Evaluating objective function at 1.759E+02 1.711E+02 0.000E+00
| Objective function evaluated, time [s]        2.700
| Data point added to dataset (x i y): 
  1.7585855672E+02  1.7106372728E+02  0.0000000000E+00      -8.8030679363E+03

| Total ensemble size: 31
| Best acquisition, x_best i_best y_best:
  2.5095851700E+02 -1.0542302164E+01  0.0000000000E+00      -8.8032443401E+03
| Global minimum prediction, x_hat mu_hat +- nu_hat:
  2.4563293886E+02 -8.0372420070E-01  0.0000000000E+00      -8.8032762610E+03  4.4510138368E-04
| Global minimum convergence, d_xhat d_muhat:
  1.5390384062E+04  6.5662773108E+02

| GP model hyperparameters (lengthscales W kappa):
  6.9192509883E-01  4.1620383602E-01 -3.2452859824E-01 -5.4814160075E+00  2.1395351891E-02  8.6048247592E-01
| Next sampling location (x_next, i_next):
  2.2755440777E+02  4.3778499693E+00  0.0000000000E+00

Iteration time [s]:    4.369        Total time [s]:  112.845

--------------------------------------------------------------------------------
                                BO ITERATION 17                                 
--------------------------------------------------------------------------------
| Evaluating objective function at 2.276E+02 4.378E+00 0.000E+00
| Objective function evaluated, time [s]        2.854
| Data point added to dataset (x i y): 
  2.2755440777E+02  4.3778499693E+00  0.0000000000E+00      -8.8032717790E+03

| Total ensemble size: 32
| Best acquisition, x_best i_best y_best:
  2.2755440777E+02  4.3778499693E+00  0.0000000000E+00      -8.8032717790E+03
| Global minimum prediction, x_hat mu_hat +- nu_hat:
  2.4047363817E+02  8.4923549077E-01  0.0000000000E+00      -8.8032931497E+03  1.1052113558E-04
| Global minimum convergence, d_xhat d_muhat:
  1.5388297857E+04  6.5662899385E+02

| GP model hyperparameters (lengthscales W kappa):
  7.1190466599E-01  4.1972516515E-01 -3.2168097686E-01 -5.4647230114E+00  2.6713826357E-02  8.7225202798E-01
| Next sampling location (x_next, i_next):
  2.4959334973E+02  8.1487121929E+00  0.0000000000E+00

Iteration time [s]:    4.594        Total time [s]:  117.439

--------------------------------------------------------------------------------
                                BO ITERATION 18                                 
--------------------------------------------------------------------------------
| Evaluating objective function at 2.496E+02 8.149E+00 0.000E+00
| Objective function evaluated, time [s]        2.929
| Data point added to dataset (x i y): 
  2.4959334973E+02  8.1487121929E+00  0.0000000000E+00      -8.8032297347E+03

| Total ensemble size: 33
| Best acquisition, x_best i_best y_best:
  2.2755440777E+02  4.3778499693E+00  0.0000000000E+00      -8.8032717790E+03
| Global minimum prediction, x_hat mu_hat +- nu_hat:
  2.3761428218E+02 -2.0674908203E-01  0.0000000000E+00      -8.8032860660E+03  2.3692875586E-05
| Global minimum convergence, d_xhat d_muhat:
  1.5386042625E+04  6.5662844053E+02

| GP model hyperparameters (lengthscales W kappa):
  7.3432776438E-01  4.2707098637E-01 -3.4853180418E-01 -5.3835018820E+00  1.5902347198E-02  4.3381998621E+00
| Next sampling location (x_next, i_next):
  2.3647639939E+02 -2.3725449597E+00  0.0000000000E+00

Iteration time [s]:    4.587        Total time [s]:  122.026

--------------------------------------------------------------------------------
                                BO ITERATION 19                                 
--------------------------------------------------------------------------------
| Evaluating objective function at 2.365E+02 -2.373E+00 0.000E+00
| Objective function evaluated, time [s]        3.884
| Data point added to dataset (x i y): 
  2.3647639939E+02 -2.3725449597E+00  0.0000000000E+00      -8.8032726646E+03

| Total ensemble size: 34
| Best acquisition, x_best i_best y_best:
  2.3647639939E+02 -2.3725449597E+00  0.0000000000E+00      -8.8032726646E+03
| Global minimum prediction, x_hat mu_hat +- nu_hat:
  2.3741505236E+02  9.7092419952E-01  0.0000000000E+00      -8.8032777425E+03  9.9273711467E-07
| Global minimum convergence, d_xhat d_muhat:
  1.5386587127E+04  6.5662781322E+02

| GP model hyperparameters (lengthscales W kappa):
  7.3652879260E-01  4.6945117080E-01 -4.0837934647E-01 -5.7977465217E+00  1.4567334046E-02  4.3469421169E+00
| Next sampling location (x_next, i_next):
  1.8246691655E+02  1.9819715864E+02  0.0000000000E+00

Iteration time [s]:    5.649        Total time [s]:  127.676

--------------------------------------------------------------------------------
                                BO ITERATION 20                                 
--------------------------------------------------------------------------------
| Evaluating objective function at 1.825E+02 1.982E+02 0.000E+00
| Objective function evaluated, time [s]        2.798
| Data point added to dataset (x i y): 
  1.8246691655E+02  1.9819715864E+02  0.0000000000E+00      -8.8030091250E+03

| Total ensemble size: 35
| Best acquisition, x_best i_best y_best:
  2.3647639939E+02 -2.3725449597E+00  0.0000000000E+00      -8.8032726646E+03
| Global minimum prediction, x_hat mu_hat +- nu_hat:
  2.3734928490E+02  9.5649461187E-01  0.0000000000E+00      -8.8032776287E+03  8.7583559071E-07
| Global minimum convergence, d_xhat d_muhat:
  1.5386525812E+04  6.5662780303E+02

| GP model hyperparameters (lengthscales W kappa):
  7.4775535146E-01  4.8835493238E-01 -4.0380908671E-01 -6.2459617510E+00  2.9045833526E-02  1.1699635648E+00
| Next sampling location (x_next, i_next):
  2.3859161521E+02  1.5253675199E+00  0.0000000000E+00

Iteration time [s]:    4.599        Total time [s]:  132.276

--------------------------------------------------------------------------------
                                BO ITERATION 21                                 
--------------------------------------------------------------------------------
| Evaluating objective function at 2.386E+02 1.525E+00 0.000E+00
| Objective function evaluated, time [s]        2.845
| Data point added to dataset (x i y): 
  2.3859161521E+02  1.5253675199E+00  0.0000000000E+00      -8.8032766140E+03

| Total ensemble size: 36
| Best acquisition, x_best i_best y_best:
  2.3859161521E+02  1.5253675199E+00  0.0000000000E+00      -8.8032766140E+03
| Global minimum prediction, x_hat mu_hat +- nu_hat:
  2.3701088386E+02  8.9399027967E-01  0.0000000000E+00      -8.8032771303E+03  9.5344934669E-09
| Global minimum convergence, d_xhat d_muhat:
  1.5386291018E+04  6.5662776585E+02

| GP model hyperparameters (lengthscales W kappa):
  7.7177151237E-01  5.1157873365E-01 -4.2487181178E-01 -6.5580653800E+00  3.1761718574E-02  1.1887124913E+00
| Next sampling location (x_next, i_next):
  5.2403521495E+01  1.8593691568E+02  0.0000000000E+00

Iteration time [s]:    4.750        Total time [s]:  137.026

--------------------------------------------------------------------------------
                                BO ITERATION 22                                 
--------------------------------------------------------------------------------
| Evaluating objective function at 5.240E+01 1.859E+02 0.000E+00
| Objective function evaluated, time [s]        2.933
| Acquisition location too confident, doing pure exploration
| Data point added to dataset (x i y): 
  5.2403521495E+01  1.8593691568E+02  0.0000000000E+00      -8.8031474363E+03

| Total ensemble size: 37
| Best acquisition, x_best i_best y_best:
  2.3859161521E+02  1.5253675199E+00  0.0000000000E+00      -8.8032766140E+03
| Global minimum prediction, x_hat mu_hat +- nu_hat:
  2.3701421658E+02  8.9499228307E-01  0.0000000000E+00      -8.8032771291E+03  9.2010182750E-09
| Global minimum convergence, d_xhat d_muhat:
  1.5386292687E+04  6.5662776570E+02

| GP model hyperparameters (lengthscales W kappa):
  7.9451474995E-01  5.1357781881E-01 -4.6180183654E-01 -6.1499274260E+00  1.3062190019E-04  8.4790118987E+00
| Next sampling location (x_next, i_next):
  1.0565254778E+02  2.8137557497E+02  0.0000000000E+00

Iteration time [s]:    5.354        Total time [s]:  142.380

--------------------------------------------------------------------------------
                                BO ITERATION 23                                 
--------------------------------------------------------------------------------
| Evaluating objective function at 1.057E+02 2.814E+02 0.000E+00
| Objective function evaluated, time [s]        3.599
| Data point added to dataset (x i y): 
  1.0565254778E+02  2.8137557497E+02  0.0000000000E+00      -8.8023233229E+03

| Total ensemble size: 38
| Best acquisition, x_best i_best y_best:
  2.3859161521E+02  1.5253675199E+00  0.0000000000E+00      -8.8032766140E+03
| Global minimum prediction, x_hat mu_hat +- nu_hat:
  2.3699491371E+02  9.0069885287E-01  0.0000000000E+00      -8.8032771333E+03  9.4428856622E-09
| Global minimum convergence, d_xhat d_muhat:
  1.5386284608E+04  6.5662776601E+02

| GP model hyperparameters (lengthscales W kappa):
  7.7790420139E-01  5.0225912767E-01  4.0945609320E-01  6.5392934548E+00  2.7645322324E-02  1.3509406753E+00
| Next sampling location (x_next, i_next):
  2.8541440515E+02  1.7871287098E+02  0.0000000000E+00

Iteration time [s]:    5.501        Total time [s]:  147.882

--------------------------------------------------------------------------------
                                BO ITERATION 24                                 
--------------------------------------------------------------------------------
| Evaluating objective function at 2.854E+02 1.787E+02 0.000E+00
| Objective function evaluated, time [s]        2.807
| Acquisition location too confident, doing pure exploration
| Data point added to dataset (x i y): 
  2.8541440515E+02  1.7871287098E+02  0.0000000000E+00      -8.8030987886E+03

| Total ensemble size: 39
| Best acquisition, x_best i_best y_best:
  2.3859161521E+02  1.5253675199E+00  0.0000000000E+00      -8.8032766140E+03
| Global minimum prediction, x_hat mu_hat +- nu_hat:
  2.3697757149E+02  8.9702800565E-01  0.0000000000E+00      -8.8032771346E+03  9.3183571358E-09
| Global minimum convergence, d_xhat d_muhat:
  1.5386272326E+04  6.5662776611E+02

| GP model hyperparameters (lengthscales W kappa):
  7.9604917412E-01  5.0034208758E-01  4.0837317289E-01  6.5597689424E+00  2.9731879259E-02  1.3575526273E+00
| Next sampling location (x_next, i_next):
  4.1113396268E+01  6.0390455069E+00  0.0000000000E+00

Iteration time [s]:    5.313        Total time [s]:  153.195

--------------------------------------------------------------------------------
                                BO ITERATION 25                                 
--------------------------------------------------------------------------------
| Evaluating objective function at 4.111E+01 6.039E+00 0.000E+00
| Objective function evaluated, time [s]        2.856
| Acquisition location too confident, doing pure exploration
| Data point added to dataset (x i y): 
  4.1113396268E+01  6.0390455069E+00  0.0000000000E+00      -8.8028454685E+03

| Total ensemble size: 40
| Best acquisition, x_best i_best y_best:
  2.3859161521E+02  1.5253675199E+00  0.0000000000E+00      -8.8032766140E+03
| Global minimum prediction, x_hat mu_hat +- nu_hat:
  2.3674282908E+02  9.8376811760E-01  0.0000000000E+00      -8.8032771497E+03  1.6228409250E-08
| Global minimum convergence, d_xhat d_muhat:
  1.5386184040E+04  6.5662776723E+02

| GP model hyperparameters (lengthscales W kappa):
  6.5167480365E-01  4.9027735561E-01  3.7985980272E-01  6.0885605098E+00  3.2469085960E-02  1.3460463038E+00
| Next sampling location (x_next, i_next):
  1.1130359017E+01  5.9088658333E+01  0.0000000000E+00

Iteration time [s]:    5.137        Total time [s]:  158.332

--------------------------------------------------------------------------------
                                BO ITERATION 26                                 
--------------------------------------------------------------------------------
| Evaluating objective function at 1.113E+01 5.909E+01 0.000E+00
| Objective function evaluated, time [s]        3.764
| Acquisition location too confident, doing pure exploration
| Data point added to dataset (x i y): 
  1.1130359017E+01  5.9088658333E+01  0.0000000000E+00      -8.8024118415E+03

| Total ensemble size: 41
| Best acquisition, x_best i_best y_best:
  2.3859161521E+02  1.5253675199E+00  0.0000000000E+00      -8.8032766140E+03
| Global minimum prediction, x_hat mu_hat +- nu_hat:
  2.3681268128E+02  9.6627867590E-01  0.0000000000E+00      -8.8032771433E+03  1.5095085010E-08
| Global minimum convergence, d_xhat d_muhat:
  1.5386215099E+04  6.5662776676E+02

| GP model hyperparameters (lengthscales W kappa):
  6.4172510059E-01  4.9065882885E-01  3.8393213249E-01  5.8512201491E+00  2.0676160973E-02  3.2682837294E+00
| Next sampling location (x_next, i_next):
  2.8745144439E+02  8.3657190449E+01  0.0000000000E+00

Iteration time [s]:    6.058        Total time [s]:  164.391

--------------------------------------------------------------------------------
                                BO ITERATION 27                                 
--------------------------------------------------------------------------------
| Evaluating objective function at 2.875E+02 8.366E+01 0.000E+00
| Objective function evaluated, time [s]        2.928
| Acquisition location too confident, doing pure exploration
| Data point added to dataset (x i y): 
  2.8745144439E+02  8.3657190449E+01  0.0000000000E+00      -8.8022588370E+03

| Total ensemble size: 42
| Best acquisition, x_best i_best y_best:
  2.3859161521E+02  1.5253675199E+00  0.0000000000E+00      -8.8032766140E+03
| Global minimum prediction, x_hat mu_hat +- nu_hat:
  2.3677010805E+02  9.7427254314E-01  0.0000000000E+00      -8.8032771535E+03  1.5435082651E-08
| Global minimum convergence, d_xhat d_muhat:
  1.5386194649E+04  6.5662776751E+02

| GP model hyperparameters (lengthscales W kappa):
  6.3420330815E-01  4.7827358304E-01  3.6123112336E-01  5.7627871592E+00  2.2915779856E-02  1.8821399352E+00
| Next sampling location (x_next, i_next):
  2.7112137975E+02  2.5590783638E+02  0.0000000000E+00

Iteration time [s]:    5.430        Total time [s]:  169.821

--------------------------------------------------------------------------------
                                BO ITERATION 28                                 
--------------------------------------------------------------------------------
| Evaluating objective function at 2.711E+02 2.559E+02 0.000E+00
| Objective function evaluated, time [s]        2.868
| Data point added to dataset (x i y): 
  2.7112137975E+02  2.5590783638E+02  0.0000000000E+00      -8.8023545297E+03

| Total ensemble size: 43
| Best acquisition, x_best i_best y_best:
  2.3859161521E+02  1.5253675199E+00  0.0000000000E+00      -8.8032766140E+03
| Global minimum prediction, x_hat mu_hat +- nu_hat:
  2.3668984308E+02  1.0000205646E+00  0.0000000000E+00      -8.8032771608E+03  1.5962815036E-08
| Global minimum convergence, d_xhat d_muhat:
  1.5386162241E+04  6.5662776806E+02

| GP model hyperparameters (lengthscales W kappa):
  6.4002030651E-01  4.7851870941E-01  3.6325890377E-01  5.7949339118E+00  2.0259659982E-02  1.8686166196E+00
| Next sampling location (x_next, i_next):
  1.3398948022E+02  1.7366278393E+02  0.0000000000E+00

Iteration time [s]:    4.745        Total time [s]:  174.567

--------------------------------------------------------------------------------
                                BO ITERATION 29                                 
--------------------------------------------------------------------------------
| Evaluating objective function at 1.340E+02 1.737E+02 0.000E+00
| Objective function evaluated, time [s]        3.579
| Data point added to dataset (x i y): 
  1.3398948022E+02  1.7366278393E+02  0.0000000000E+00      -8.8030667061E+03

| Total ensemble size: 44
| Best acquisition, x_best i_best y_best:
  2.3859161521E+02  1.5253675199E+00  0.0000000000E+00      -8.8032766140E+03
| Global minimum prediction, x_hat mu_hat +- nu_hat:
  2.3666215755E+02  1.0119456122E+00  0.0000000000E+00      -8.8032771637E+03  1.5822487759E-08
| Global minimum convergence, d_xhat d_muhat:
  1.5386152811E+04  6.5662776827E+02

| GP model hyperparameters (lengthscales W kappa):
  6.5115844773E-01  4.8097072526E-01  3.6216396572E-01  5.8091213162E+00  2.2461357894E-02  1.8839104791E+00
| Next sampling location (x_next, i_next):
  6.3657196233E+01  1.7586928554E+02  0.0000000000E+00

Iteration time [s]:    5.713        Total time [s]:  180.280

--------------------------------------------------------------------------------
                                BO ITERATION 30                                 
--------------------------------------------------------------------------------
| Evaluating objective function at 6.366E+01 1.759E+02 0.000E+00
| Objective function evaluated, time [s]        2.940
| Acquisition location too confident, doing pure exploration
| Data point added to dataset (x i y): 
  6.3657196233E+01  1.7586928554E+02  0.0000000000E+00      -8.8031550936E+03

| Total ensemble size: 45
| Best acquisition, x_best i_best y_best:
  2.3859161521E+02  1.5253675199E+00  0.0000000000E+00      -8.8032766140E+03
| Global minimum prediction, x_hat mu_hat +- nu_hat:
  2.3667364516E+02  1.0114732716E+00  0.0000000000E+00      -8.8032771613E+03  1.4806609128E-08
| Global minimum convergence, d_xhat d_muhat:
  1.5386159295E+04  6.5662776810E+02

| GP model hyperparameters (lengthscales W kappa):
  6.6527004966E-01  4.9156811041E-01  3.6964051051E-01  5.9700398308E+00  2.4334248209E-02  1.9046192723E+00
| Next sampling location (x_next, i_next):
  2.0073841181E+02  1.0255424605E+02  0.0000000000E+00

Iteration time [s]:    5.540        Total time [s]:  185.820

--------------------------------------------------------------------------------
                                BO ITERATION 31                                 
--------------------------------------------------------------------------------
| Evaluating objective function at 2.007E+02 1.026E+02 0.000E+00
| Objective function evaluated, time [s]        2.923
| Acquisition location too confident, doing pure exploration
| Data point added to dataset (x i y): 
  2.0073841181E+02  1.0255424605E+02  0.0000000000E+00      -8.8023567014E+03

| Total ensemble size: 46
| Best acquisition, x_best i_best y_best:
  2.3859161521E+02  1.5253675199E+00  0.0000000000E+00      -8.8032766140E+03
| Global minimum prediction, x_hat mu_hat +- nu_hat:
  2.3663232421E+02  1.0421898413E+00  0.0000000000E+00      -8.8032771619E+03  1.5403509879E-08
| Global minimum convergence, d_xhat d_muhat:
  1.5386152590E+04  6.5662776814E+02

| GP model hyperparameters (lengthscales W kappa):
  6.6522851223E-01  4.9469704520E-01  3.6491328629E-01  5.8326168183E+00  2.5772836026E-02  1.9033235594E+00
| Next sampling location (x_next, i_next):
  1.4601424247E+02  6.4599357462E+01  0.0000000000E+00

Iteration time [s]:    5.665        Total time [s]:  191.486

--------------------------------------------------------------------------------
                                BO ITERATION 32                                 
--------------------------------------------------------------------------------
| Evaluating objective function at 1.460E+02 6.460E+01 0.000E+00
| Objective function evaluated, time [s]        3.001
| Data point added to dataset (x i y): 
  1.4601424247E+02  6.4599357462E+01  0.0000000000E+00      -8.8024681421E+03

| Total ensemble size: 47
| Best acquisition, x_best i_best y_best:
  2.3859161521E+02  1.5253675199E+00  0.0000000000E+00      -8.8032766140E+03
| Global minimum prediction, x_hat mu_hat +- nu_hat:
  2.3711387751E+02  8.7902645585E-01  0.0000000000E+00      -8.8032771133E+03  1.0071781098E-08
| Global minimum convergence, d_xhat d_muhat:
  1.5386342162E+04  6.5662776451E+02

| GP model hyperparameters (lengthscales W kappa):
  6.4043926221E-01  4.8301589844E-01  3.6734704628E-01  6.0953652354E+00  1.9040545808E-02  1.1991083616E+00
| Next sampling location (x_next, i_next):
  6.5751487630E+01  1.8362419904E+02  0.0000000000E+00

Iteration time [s]:    5.403        Total time [s]:  196.889

--------------------------------------------------------------------------------
                                BO ITERATION 33                                 
--------------------------------------------------------------------------------
| Evaluating objective function at 6.575E+01 1.836E+02 0.000E+00
| Objective function evaluated, time [s]        3.020
| Acquisition location too confident, doing pure exploration
| Data point added to dataset (x i y): 
  6.5751487630E+01  1.8362419904E+02  0.0000000000E+00      -8.8031539635E+03

| Total ensemble size: 48
| Best acquisition, x_best i_best y_best:
  2.3859161521E+02  1.5253675199E+00  0.0000000000E+00      -8.8032766140E+03
| Global minimum prediction, x_hat mu_hat +- nu_hat:
  2.3709984465E+02  8.8510163234E-01  0.0000000000E+00      -8.8032771139E+03  9.9341038950E-09
| Global minimum convergence, d_xhat d_muhat:
  1.5386337309E+04  6.5662776456E+02

| GP model hyperparameters (lengthscales W kappa):
  6.5562453642E-01  4.8467065506E-01  3.7196582285E-01  6.1807757120E+00  2.0451167040E-02  1.2094247698E+00
| Next sampling location (x_next, i_next):
  9.1627729373E+01 -3.0544417297E+01  0.0000000000E+00

Iteration time [s]:    5.969        Total time [s]:  202.859

--------------------------------------------------------------------------------
                                BO ITERATION 34                                 
--------------------------------------------------------------------------------
| Evaluating objective function at 9.163E+01 -3.054E+01 0.000E+00
| Objective function evaluated, time [s]        3.460
| Acquisition location too confident, doing pure exploration
| Data point added to dataset (x i y): 
  9.1627729373E+01 -3.0544417297E+01  0.0000000000E+00      -8.8026934815E+03

| Total ensemble size: 49
| Best acquisition, x_best i_best y_best:
  2.3859161521E+02  1.5253675199E+00  0.0000000000E+00      -8.8032766140E+03
| Global minimum prediction, x_hat mu_hat +- nu_hat:
  2.3649725885E+02  1.0765449232E+00  0.0000000000E+00      -8.8032771851E+03  2.2685430570E-08
| Global minimum convergence, d_xhat d_muhat:
  1.5386092811E+04  6.5662776987E+02

| GP model hyperparameters (lengthscales W kappa):
  6.2542237476E-01  4.2025620479E-01  3.1632407532E-01  5.3978139526E+00  2.4512951677E-02  1.2007709652E+00
| Next sampling location (x_next, i_next):
  2.8672763852E+01  2.8594004272E+02  0.0000000000E+00

Iteration time [s]:    6.527        Total time [s]:  209.387

--------------------------------------------------------------------------------
                                BO ITERATION 35                                 
--------------------------------------------------------------------------------
| Evaluating objective function at 2.867E+01 2.859E+02 0.000E+00
| Objective function evaluated, time [s]        2.900
| Acquisition location too confident, doing pure exploration
| Data point added to dataset (x i y): 
  2.8672763852E+01  2.8594004272E+02  0.0000000000E+00      -8.8022734130E+03

| Total ensemble size: 50
| Best acquisition, x_best i_best y_best:
  2.3859161521E+02  1.5253675199E+00  0.0000000000E+00      -8.8032766140E+03
| Global minimum prediction, x_hat mu_hat +- nu_hat:
  2.3649743550E+02  1.0724009855E+00  0.0000000000E+00      -8.8032771866E+03  2.1727999880E-08
| Global minimum convergence, d_xhat d_muhat:
  1.5386090667E+04  6.5662776998E+02

| GP model hyperparameters (lengthscales W kappa):
  6.2404529872E-01  4.1982451486E-01  3.1808297811E-01  5.4908901433E+00  2.1608658150E-02  5.4311760579E-01
| Next sampling location (x_next, i_next):
  1.5630540591E+02  2.9441015960E+02  0.0000000000E+00

Iteration time [s]:    6.046        Total time [s]:  215.433

--------------------------------------------------------------------------------
                                BO ITERATION 36                                 
--------------------------------------------------------------------------------
| Evaluating objective function at 1.563E+02 2.944E+02 0.000E+00
| Objective function evaluated, time [s]        2.830
| Acquisition location too confident, doing pure exploration
| Data point added to dataset (x i y): 
  1.5630540591E+02  2.9441015960E+02  0.0000000000E+00      -8.8022781718E+03

| Total ensemble size: 51
| Best acquisition, x_best i_best y_best:
  2.3859161521E+02  1.5253675199E+00  0.0000000000E+00      -8.8032766140E+03
| Global minimum prediction, x_hat mu_hat +- nu_hat:
  2.3654833208E+02  1.0633013486E+00  0.0000000000E+00      -8.8032771870E+03  2.0737255116E-08
| Global minimum convergence, d_xhat d_muhat:
  1.5386115366E+04  6.5662777001E+02

| GP model hyperparameters (lengthscales W kappa):
  6.2025851438E-01  4.1718990794E-01 -3.1620905740E-01 -5.3659156052E+00  1.7465628338E-02  1.1734974110E+00
| Next sampling location (x_next, i_next):
  4.8377046136E+00 -2.3778563873E+01  0.0000000000E+00

Iteration time [s]:    5.971        Total time [s]:  221.405

--------------------------------------------------------------------------------
                                BO ITERATION 37                                 
--------------------------------------------------------------------------------
| Evaluating objective function at 4.838E+00 -2.378E+01 0.000E+00
| Objective function evaluated, time [s]        2.926
| Data point added to dataset (x i y): 
  4.8377046136E+00 -2.3778563873E+01  0.0000000000E+00      -8.8023451838E+03

| Total ensemble size: 52
| Best acquisition, x_best i_best y_best:
  2.3859161521E+02  1.5253675199E+00  0.0000000000E+00      -8.8032766140E+03
| Global minimum prediction, x_hat mu_hat +- nu_hat:
  2.3686517783E+02  9.3957044500E-01  0.0000000000E+00      -8.8032771479E+03  2.3124457774E-08
| Global minimum convergence, d_xhat d_muhat:
  1.5386230725E+04  6.5662776709E+02

| GP model hyperparameters (lengthscales W kappa):
  5.3905259899E-01  3.9626203626E-01 -3.2047338443E-01 -4.9769298778E+00  1.3539721867E-02  1.4759594699E+00
| Next sampling location (x_next, i_next):
  2.4714415942E+02 -1.3911295048E+00  0.0000000000E+00

Iteration time [s]:    5.966        Total time [s]:  227.371

--------------------------------------------------------------------------------
                                BO ITERATION 38                                 
--------------------------------------------------------------------------------
| Evaluating objective function at 2.471E+02 -1.391E+00 0.000E+00
| Objective function evaluated, time [s]        3.110
| Acquisition location too confident, doing pure exploration
| Data point added to dataset (x i y): 
  2.4714415942E+02 -1.3911295048E+00  0.0000000000E+00      -8.8032734289E+03

| Total ensemble size: 53
| Best acquisition, x_best i_best y_best:
  2.3859161521E+02  1.5253675199E+00  0.0000000000E+00      -8.8032766140E+03
| Global minimum prediction, x_hat mu_hat +- nu_hat:
  2.3773296758E+02  6.4085407661E-01  0.0000000000E+00      -8.8032771172E+03  8.1956993913E-09
| Global minimum convergence, d_xhat d_muhat:
  1.5386569619E+04  6.5662776480E+02

| GP model hyperparameters (lengthscales W kappa):
  5.4200475725E-01  4.1603375564E-01 -3.3413350625E-01 -5.2618683651E+00  1.3951529975E-02  1.5002099129E+00
| Next sampling location (x_next, i_next):
  7.8251760496E+01  4.3518363639E+01  0.0000000000E+00

Iteration time [s]:    6.700        Total time [s]:  234.072

--------------------------------------------------------------------------------
                                BO ITERATION 39                                 
--------------------------------------------------------------------------------
| Evaluating objective function at 7.825E+01 4.352E+01 0.000E+00
| Objective function evaluated, time [s]        2.933
| Data point added to dataset (x i y): 
  7.8251760496E+01  4.3518363639E+01  0.0000000000E+00      -8.8024463902E+03

| Total ensemble size: 54
| Best acquisition, x_best i_best y_best:
  2.3859161521E+02  1.5253675199E+00  0.0000000000E+00      -8.8032766140E+03
| Global minimum prediction, x_hat mu_hat +- nu_hat:
  2.3780282362E+02  6.1961189698E-01  0.0000000000E+00      -8.8032771174E+03  8.0289105724E-09
| Global minimum convergence, d_xhat d_muhat:
  1.5386598458E+04  6.5662776482E+02

| GP model hyperparameters (lengthscales W kappa):
  5.4085722107E-01  4.1388814756E-01 -3.2618148197E-01 -5.2556780119E+00  1.5133547869E-02  9.0790842424E-01
| Next sampling location (x_next, i_next):
  2.6546209904E+02 -6.1175076052E+00  0.0000000000E+00

Iteration time [s]:    5.974        Total time [s]:  240.047

--------------------------------------------------------------------------------
                                BO ITERATION 40                                 
--------------------------------------------------------------------------------
| Evaluating objective function at 2.655E+02 -6.118E+00 0.000E+00
| Objective function evaluated, time [s]        2.895
| Acquisition location too confident, doing pure exploration
| Data point added to dataset (x i y): 
  2.6546209904E+02 -6.1175076052E+00  0.0000000000E+00      -8.8032415865E+03

| Total ensemble size: 55
| Best acquisition, x_best i_best y_best:
  2.3859161521E+02  1.5253675199E+00  0.0000000000E+00      -8.8032766140E+03
| Global minimum prediction, x_hat mu_hat +- nu_hat:
  2.3728379021E+02  7.7366514518E-01  0.0000000000E+00      -8.8032771333E+03  8.9167022737E-09
| Global minimum convergence, d_xhat d_muhat:
  1.5386381632E+04  6.5662776601E+02

| GP model hyperparameters (lengthscales W kappa):
  5.4771075054E-01  4.1730886275E-01 -3.2294172328E-01 -5.2980768828E+00  1.9673101495E-02  3.6417606639E-01
| Next sampling location (x_next, i_next):
  1.4648593086E+02  2.4645971942E+02  0.0000000000E+00

Iteration time [s]:    6.433        Total time [s]:  246.480

--------------------------------------------------------------------------------
                                BO ITERATION 41                                 
--------------------------------------------------------------------------------
| Evaluating objective function at 1.465E+02 2.465E+02 0.000E+00
| Objective function evaluated, time [s]        2.919
| Acquisition location too confident, doing pure exploration
| Data point added to dataset (x i y): 
  1.4648593086E+02  2.4645971942E+02  0.0000000000E+00      -8.8024228828E+03

| Total ensemble size: 56
| Best acquisition, x_best i_best y_best:
  2.3859161521E+02  1.5253675199E+00  0.0000000000E+00      -8.8032766140E+03
| Global minimum prediction, x_hat mu_hat +- nu_hat:
  2.3729067653E+02  7.7261121640E-01  0.0000000000E+00      -8.8032771316E+03  8.7769967765E-09
| Global minimum convergence, d_xhat d_muhat:
  1.5386385102E+04  6.5662776588E+02

| GP model hyperparameters (lengthscales W kappa):
  5.4721935548E-01  4.2169947288E-01  3.4801576127E-01  4.9519366578E+00  2.0033961586E-03  4.2010760809E+00
| Next sampling location (x_next, i_next):
 -3.0572010549E+01  2.5770661762E+02  0.0000000000E+00

Iteration time [s]:    6.596        Total time [s]:  253.077

--------------------------------------------------------------------------------
                                BO ITERATION 42                                 
--------------------------------------------------------------------------------
| Evaluating objective function at -3.057E+01 2.577E+02 0.000E+00
| Objective function evaluated, time [s]        2.869
| Acquisition location too confident, doing pure exploration
| Data point added to dataset (x i y): 
 -3.0572010549E+01  2.5770661762E+02  0.0000000000E+00      -8.8023991479E+03

| Total ensemble size: 57
| Best acquisition, x_best i_best y_best:
  2.3859161521E+02  1.5253675199E+00  0.0000000000E+00      -8.8032766140E+03
| Global minimum prediction, x_hat mu_hat +- nu_hat:
  2.3729491429E+02  7.6979143061E-01  0.0000000000E+00      -8.8032771334E+03  8.6784939595E-09
| Global minimum convergence, d_xhat d_muhat:
  1.5386385976E+04  6.5662776601E+02

| GP model hyperparameters (lengthscales W kappa):
  5.5011993171E-01  4.2136643434E-01  3.4996915788E-01  4.9569108528E+00  2.7463883748E-05  4.2177020301E+00
| Next sampling location (x_next, i_next):
  3.7335341171E+01  1.0124524869E+02  0.0000000000E+00

Iteration time [s]:    6.691        Total time [s]:  259.768

--------------------------------------------------------------------------------
                                BO ITERATION 43                                 
--------------------------------------------------------------------------------
| Evaluating objective function at 3.734E+01 1.012E+02 0.000E+00
| Objective function evaluated, time [s]        2.933
| Acquisition location too confident, doing pure exploration
| Data point added to dataset (x i y): 
  3.7335341171E+01  1.0124524869E+02  0.0000000000E+00      -8.8023705751E+03

| Total ensemble size: 58
| Best acquisition, x_best i_best y_best:
  2.3859161521E+02  1.5253675199E+00  0.0000000000E+00      -8.8032766140E+03
| Global minimum prediction, x_hat mu_hat +- nu_hat:
  2.3728877964E+02  7.7167283188E-01  0.0000000000E+00      -8.8032771337E+03  8.6507142365E-09
| Global minimum convergence, d_xhat d_muhat:
  1.5386383451E+04  6.5662776603E+02

| GP model hyperparameters (lengthscales W kappa):
  5.5225360213E-01  4.2006102152E-01  3.4673183319E-01  4.9562894154E+00  2.7425836658E-05  3.9772312775E+00
| Next sampling location (x_next, i_next):
  2.3255833207E+02  2.3025499641E+02  0.0000000000E+00

Iteration time [s]:    6.893        Total time [s]:  266.662

--------------------------------------------------------------------------------
                                BO ITERATION 44                                 
--------------------------------------------------------------------------------
| Evaluating objective function at 2.326E+02 2.303E+02 0.000E+00
| Objective function evaluated, time [s]        2.826
| Acquisition location too confident, doing pure exploration
| Data point added to dataset (x i y): 
  2.3255833207E+02  2.3025499641E+02  0.0000000000E+00      -8.8025509675E+03

| Total ensemble size: 59
| Best acquisition, x_best i_best y_best:
  2.3859161521E+02  1.5253675199E+00  0.0000000000E+00      -8.8032766140E+03
| Global minimum prediction, x_hat mu_hat +- nu_hat:
  2.3729789064E+02  7.7014204717E-01  0.0000000000E+00      -8.8032771319E+03  8.5069559674E-09
| Global minimum convergence, d_xhat d_muhat:
  1.5386387929E+04  6.5662776590E+02

| GP model hyperparameters (lengthscales W kappa):
  5.5311920329E-01  4.2512635195E-01 -3.4711293567E-01 -5.0159772554E+00  2.5708632378E-04  3.8209964337E+00
| Next sampling location (x_next, i_next):
  7.3216620864E+01  2.5109282441E+02  0.0000000000E+00

Iteration time [s]:    6.828        Total time [s]:  273.490

--------------------------------------------------------------------------------
                                BO ITERATION 45                                 
--------------------------------------------------------------------------------
| Evaluating objective function at 7.322E+01 2.511E+02 0.000E+00
| Objective function evaluated, time [s]        2.880
| Acquisition location too confident, doing pure exploration
| Data point added to dataset (x i y): 
  7.3216620864E+01  2.5109282441E+02  0.0000000000E+00      -8.8024345691E+03

| Total ensemble size: 60
| Best acquisition, x_best i_best y_best:
  2.3859161521E+02  1.5253675199E+00  0.0000000000E+00      -8.8032766140E+03
| Global minimum prediction, x_hat mu_hat +- nu_hat:
  2.3730025522E+02  7.6967109616E-01  0.0000000000E+00      -8.8032771310E+03  8.4341250733E-09
| Global minimum convergence, d_xhat d_muhat:
  1.5386389046E+04  6.5662776584E+02

| GP model hyperparameters (lengthscales W kappa):
  5.5491540446E-01  4.2708183958E-01  3.3613988367E-01  5.2119273984E+00  7.4326679361E-03  1.9987966120E+00
| Next sampling location (x_next, i_next):
  2.4501493686E+02  9.1116480664E+01  0.0000000000E+00

Iteration time [s]:    6.996        Total time [s]:  280.487

--------------------------------------------------------------------------------
                                BO ITERATION 46                                 
--------------------------------------------------------------------------------
| Evaluating objective function at 2.450E+02 9.112E+01 0.000E+00
| Objective function evaluated, time [s]        2.843
| Acquisition location too confident, doing pure exploration
| Data point added to dataset (x i y): 
  2.4501493686E+02  9.1116480664E+01  0.0000000000E+00      -8.8022414149E+03

| Total ensemble size: 61
| Best acquisition, x_best i_best y_best:
  2.3859161521E+02  1.5253675199E+00  0.0000000000E+00      -8.8032766140E+03
| Global minimum prediction, x_hat mu_hat +- nu_hat:
  2.3730152185E+02  7.6973397508E-01  0.0000000000E+00      -8.8032771305E+03  8.3565464631E-09
| Global minimum convergence, d_xhat d_muhat:
  1.5386389824E+04  6.5662776579E+02

| GP model hyperparameters (lengthscales W kappa):
  5.5654513533E-01  4.2658216990E-01 -3.2896501551E-01 -5.2999143664E+00  1.0412150659E-02  9.5188131273E-01
| Next sampling location (x_next, i_next):
  1.3594520000E+02 -2.6998844766E+01  0.0000000000E+00

Iteration time [s]:    6.929        Total time [s]:  287.416

--------------------------------------------------------------------------------
                                BO ITERATION 47                                 
--------------------------------------------------------------------------------
| Evaluating objective function at 1.359E+02 -2.700E+01 0.000E+00
| Objective function evaluated, time [s]        3.343
| Acquisition location too confident, doing pure exploration
| Data point added to dataset (x i y): 
  1.3594520000E+02 -2.6998844766E+01  0.0000000000E+00      -8.8023926102E+03

| Total ensemble size: 62
| Best acquisition, x_best i_best y_best:
  2.3859161521E+02  1.5253675199E+00  0.0000000000E+00      -8.8032766140E+03
| Global minimum prediction, x_hat mu_hat +- nu_hat:
  2.3727342962E+02  7.7304101336E-01  0.0000000000E+00      -8.8032771166E+03  8.1645611049E-09
| Global minimum convergence, d_xhat d_muhat:
  1.5386375209E+04  6.5662776476E+02

| GP model hyperparameters (lengthscales W kappa):
  5.5141181654E-01  4.3721226985E-01 -3.3634441504E-01 -5.3507577787E+00  8.3782053937E-03  1.4455590527E+00
| Next sampling location (x_next, i_next):
  2.9377440283E+02  1.2409851041E+02  0.0000000000E+00

Iteration time [s]:    7.451        Total time [s]:  294.868

--------------------------------------------------------------------------------
                                BO ITERATION 48                                 
--------------------------------------------------------------------------------
| Evaluating objective function at 2.938E+02 1.241E+02 0.000E+00
| Objective function evaluated, time [s]        3.922
| Acquisition location too confident, doing pure exploration
| Data point added to dataset (x i y): 
  2.9377440283E+02  1.2409851041E+02  0.0000000000E+00      -8.8025660056E+03

| Total ensemble size: 63
| Best acquisition, x_best i_best y_best:
  2.3859161521E+02  1.5253675199E+00  0.0000000000E+00      -8.8032766140E+03
| Global minimum prediction, x_hat mu_hat +- nu_hat:
  2.3726796877E+02  7.7302471854E-01  0.0000000000E+00      -8.8032771181E+03  8.1116676236E-09
| Global minimum convergence, d_xhat d_muhat:
  1.5386371967E+04  6.5662776487E+02

| GP model hyperparameters (lengthscales W kappa):
  5.5305708616E-01  4.3716312692E-01  3.4660512124E-01  5.1426010391E+00  1.6909832470E-06  3.3652316532E+00
| Next sampling location (x_next, i_next):
  7.8935110470E+01  1.2543470068E+02  0.0000000000E+00

Iteration time [s]:    7.967        Total time [s]:  302.835

--------------------------------------------------------------------------------
                                BO ITERATION 49                                 
--------------------------------------------------------------------------------
| Evaluating objective function at 7.894E+01 1.254E+02 0.000E+00
| Objective function evaluated, time [s]        2.931
| Acquisition location too confident, doing pure exploration
| Data point added to dataset (x i y): 
  7.8935110470E+01  1.2543470068E+02  0.0000000000E+00      -8.8026241971E+03

| Total ensemble size: 64
| Best acquisition, x_best i_best y_best:
  2.3859161521E+02  1.5253675199E+00  0.0000000000E+00      -8.8032766140E+03
| Global minimum prediction, x_hat mu_hat +- nu_hat:
  2.3733381934E+02  7.6757028257E-01  0.0000000000E+00      -8.8032771172E+03  7.9371497929E-09
| Global minimum convergence, d_xhat d_muhat:
  1.5386407541E+04  6.5662776481E+02

| GP model hyperparameters (lengthscales W kappa):
  5.5440449054E-01  4.4319526949E-01 -3.3239985387E-01 -5.4586247551E+00  1.1379498281E-02  5.5481374231E-01
| Next sampling location (x_next, i_next):
 -3.6373503982E-01  1.7414445539E+01  0.0000000000E+00

Iteration time [s]:    7.317        Total time [s]:  310.152

--------------------------------------------------------------------------------
                                BO ITERATION 50                                 
--------------------------------------------------------------------------------
| Evaluating objective function at -3.637E-01 1.741E+01 0.000E+00
| Objective function evaluated, time [s]        2.896
| Acquisition location too confident, doing pure exploration
| Data point added to dataset (x i y): 
 -3.6373503982E-01  1.7414445539E+01  0.0000000000E+00      -8.8024124664E+03

| Total ensemble size: 65
| Best acquisition, x_best i_best y_best:
  2.3859161521E+02  1.5253675199E+00  0.0000000000E+00      -8.8032766140E+03
| Global minimum prediction, x_hat mu_hat +- nu_hat:
  2.3736138642E+02  7.5054304556E-01  0.0000000000E+00      -8.8032771163E+03  7.8084841037E-09
| Global minimum convergence, d_xhat d_muhat:
  1.5386413994E+04  6.5662776474E+02

| GP model hyperparameters (lengthscales W kappa):
  5.4541037018E-01  4.5724112807E-01  3.4532584145E-01  5.5901286362E+00  8.2901965705E-03  1.2451687049E+00
| Next sampling location (x_next, i_next):
  1.6318589119E+02  2.9081291353E+01  0.0000000000E+00

Iteration time [s]:    7.204        Total time [s]:  317.357

|| Bayesian optimization completed, time [s]      317.349


--------------------------------------------------------------------------------
                        BOSS is done! Have a nice day :)                        

      Datetime 05-05-2020 08:27:03            Total time [s]      317.358       
--------------------------------------------------------------------------------
