
-----------------------------   Welcome to ....   ------------------------------
                      _______  _______ _______ _______ 
                     |   _   \|   _   |   _   |   _   |
                     |.  1   /|.  |   |   1___|   1___|
                     |.  _   \|.  |   |____   |____   |
                     |:  1    |:  1   |:  1   |:  1   |
                     |::.. .  |::.. . |::.. . |::.. . |
                     `-------'`-------`-------`-------'

                                 Version 0.9.15                                 
                              05-08-2020 18:39:32                               
--------------------------------------------------------------------------------

| Reading BOSS input file from: in_2D
| Initializing...

--------------------------------------------------------------------------------
                                   INPUT FILE                                   
--------------------------------------------------------------------------------
# input file for alanine 2D (d4-d13)

# optimization
userfn       userfn_2D.py
bounds       -50 310; -50 310
num_tasks    2
kernel       stdp
initpts      2 30
iterpts      50
verbosity    2
kappa_prior  gamma
kappa_priorparam 1 71.428
W_prior      gaussian
W_priorparam 0 8.451


RESULTS:
2.659935232926834E+02 3.034065863952937E+02 0 -2.029973727397279E+05 
1.728853789886323E+02 -3.032145429220239E+01 0 -2.029965966937002E+05 
3.038710590884260E+02 9.123015157556183E+01 1 3.572320000000000E+01 
7.771748789757106E+01 9.442417511151184E+01 1 3.255690000000000E+01 
1.602683481668193E+02 1.695384254101807E+02 1 2.078830000000000E+01 
1.196260770035338E+02 2.418983979829737E+02 1 3.142210000000000E+01 
1.398836107038717E+02 8.647437170422381E+01 1 3.254920000000000E+01 
2.431417965240016E+02 5.654759057913252E+00 1 2.027280000000000E+01 
5.985639770482140E+01 1.795029150666571E+02 1 1.748320000000000E+01 
6.126601281764799E+01 1.833575711865334E+02 1 1.752590000000000E+01 
-2.255388926783187E+01 5.195868984465002E+01 1 3.661160000000000E+01 
1.781928166072374E+02 2.291640259228298E+02 1 2.910750000000000E+01 
-1.642601364288725E+01 2.918690258922488E+02 1 3.228210000000000E+01 
-7.808683439130826E+00 1.470592739108153E+02 1 2.482590000000000E+01 
1.321882248746057E+02 2.071136017879941E+01 1 2.993010000000000E+01 
1.053113317840520E+02 2.117584663604421E+02 1 2.360020000000000E+01 
2.853600847218684E+02 -1.390246537894426E+01 1 1.866350000000000E+01 
2.224131257183822E+02 2.803772674602718E+01 1 2.342820000000000E+01 
7.852345101684844E+01 2.330403052505111E+02 1 2.639070000000000E+01 
-5.000000000000000E+01 1.857131742384609E+02 1 2.051750000000000E+01 
1.112761874425955E+02 1.201302870704072E+02 1 2.965760000000000E+01 
6.311711727107973E+01 5.164914294212529E+01 1 3.133730000000000E+01 
-4.095290028124982E+01 1.826255515706072E+02 1 2.033110000000000E+01 
8.715083530392322E+01 -3.743150944123740E+01 1 2.951320000000000E+01 
3.100000000000000E+02 2.611151639228758E+01 1 2.861550000000000E+01 
-4.075143789672831E+01 1.108510620619677E+02 1 3.313550000000000E+01 
1.443194924306831E+01 1.773855280033091E+02 1 1.990820000000000E+01 
5.822110231662220E+01 1.803757565021788E+02 1 1.748620000000000E+01 
-4.017797310803539E+01 2.715918269205589E+02 1 3.134740000000000E+01 
1.975305200604487E+02 6.852937122109144E+00 1 1.831510000000000E+01 
2.981218787716898E+02 6.514211552628140E+01 1 3.494990000000000E+01 
2.352326819272014E+02 1.691843394039169E+02 1 2.733440000000000E+01 
--------------------------------------------------------------------------------
                               SIMULATION OPTIONS                               
--------------------------------------------------------------------------------
|| File input/output 
ipfile         in_2D
userfn         userfn_2D.py
outfile        boss.out
rstfile        boss.rst

|| Key settings 
num_tasks         2
bounds         -5.000E+01 3.100E+02;    -5.000E+01 3.100E+02
kerntype       stdp stdp
yrange         -5.000E+01 3.100E+02;    -5.000E+01 3.100E+02
noise          1.000E-12
initpts    2 30    iterpts   50
gm_tol         none
verbosity      2

|| Data acquisition 
acqfn                elcb
acqtol               1.000E-03

|| GP hyperparameters 
thetainit       1.000E+00 3.142E-01
thetabounds     none
thetaprior      gamma
thetapriorpar   1.000E+00 1.000E+00;    3.368E+00 9.020E+00;    3.368E+00 9.020E+00

|| Hyperparameter optimization
updatefreq   1  initupdate      True
updateoffset 0  updaterestarts  2


--------------------------------------------------------------------------------
                              INITIAL DATAPOINT 1                               
--------------------------------------------------------------------------------
| Data point added to dataset (x i y): 
  2.6599352329E+02  3.0340658640E+02  0.0000000000E+00      -2.0299737274E+05

| Total ensemble size: 1
| Next sampling location (x_next, i_next):
  1.7288537899E+02 -3.0321454292E+01  0.0000000000E+00

Iteration time [s]:    0.001        Total time [s]:    0.237

--------------------------------------------------------------------------------
                              INITIAL DATAPOINT 2                               
--------------------------------------------------------------------------------
| Data point added to dataset (x i y): 
  1.7288537899E+02 -3.0321454292E+01  0.0000000000E+00      -2.0299659669E+05

| Total ensemble size: 2
| Next sampling location (x_next, i_next):
  3.0387105909E+02  9.1230151576E+01  1.0000000000E+00

Iteration time [s]:    0.000        Total time [s]:    0.238

--------------------------------------------------------------------------------
                              INITIAL DATAPOINT 3                               
--------------------------------------------------------------------------------
| Data point added to dataset (x i y): 
  3.0387105909E+02  9.1230151576E+01  1.0000000000E+00       3.5723200000E+01

| Total ensemble size: 3
| Next sampling location (x_next, i_next):
  7.7717487898E+01  9.4424175112E+01  1.0000000000E+00

Iteration time [s]:    0.001        Total time [s]:    0.239

--------------------------------------------------------------------------------
                              INITIAL DATAPOINT 4                               
--------------------------------------------------------------------------------
| Data point added to dataset (x i y): 
  7.7717487898E+01  9.4424175112E+01  1.0000000000E+00       3.2556900000E+01

| Total ensemble size: 4
| Next sampling location (x_next, i_next):
  1.6026834817E+02  1.6953842541E+02  1.0000000000E+00

Iteration time [s]:    0.001        Total time [s]:    0.240

--------------------------------------------------------------------------------
                              INITIAL DATAPOINT 5                               
--------------------------------------------------------------------------------
| Data point added to dataset (x i y): 
  1.6026834817E+02  1.6953842541E+02  1.0000000000E+00       2.0788300000E+01

| Total ensemble size: 5
| Next sampling location (x_next, i_next):
  1.1962607700E+02  2.4189839798E+02  1.0000000000E+00

Iteration time [s]:    0.001        Total time [s]:    0.241

--------------------------------------------------------------------------------
                              INITIAL DATAPOINT 6                               
--------------------------------------------------------------------------------
| Data point added to dataset (x i y): 
  1.1962607700E+02  2.4189839798E+02  1.0000000000E+00       3.1422100000E+01

| Total ensemble size: 6
| Next sampling location (x_next, i_next):
  1.3988361070E+02  8.6474371704E+01  1.0000000000E+00

Iteration time [s]:    0.001        Total time [s]:    0.242

--------------------------------------------------------------------------------
                              INITIAL DATAPOINT 7                               
--------------------------------------------------------------------------------
| Data point added to dataset (x i y): 
  1.3988361070E+02  8.6474371704E+01  1.0000000000E+00       3.2549200000E+01

| Total ensemble size: 7
| Next sampling location (x_next, i_next):
  2.4314179652E+02  5.6547590579E+00  1.0000000000E+00

Iteration time [s]:    0.001        Total time [s]:    0.243

--------------------------------------------------------------------------------
                              INITIAL DATAPOINT 8                               
--------------------------------------------------------------------------------
| Data point added to dataset (x i y): 
  2.4314179652E+02  5.6547590579E+00  1.0000000000E+00       2.0272800000E+01

| Total ensemble size: 8
| Next sampling location (x_next, i_next):
  5.9856397705E+01  1.7950291507E+02  1.0000000000E+00

Iteration time [s]:    0.001        Total time [s]:    0.244

--------------------------------------------------------------------------------
                              INITIAL DATAPOINT 9                               
--------------------------------------------------------------------------------
| Data point added to dataset (x i y): 
  5.9856397705E+01  1.7950291507E+02  1.0000000000E+00       1.7483200000E+01

| Total ensemble size: 9
| Next sampling location (x_next, i_next):
  6.1266012818E+01  1.8335757119E+02  1.0000000000E+00

Iteration time [s]:    0.000        Total time [s]:    0.245

--------------------------------------------------------------------------------
                              INITIAL DATAPOINT 10                              
--------------------------------------------------------------------------------
| Data point added to dataset (x i y): 
  6.1266012818E+01  1.8335757119E+02  1.0000000000E+00       1.7525900000E+01

| Total ensemble size: 10
| Next sampling location (x_next, i_next):
 -2.2553889268E+01  5.1958689845E+01  1.0000000000E+00

Iteration time [s]:    0.001        Total time [s]:    0.246

--------------------------------------------------------------------------------
                              INITIAL DATAPOINT 11                              
--------------------------------------------------------------------------------
| Data point added to dataset (x i y): 
 -2.2553889268E+01  5.1958689845E+01  1.0000000000E+00       3.6611600000E+01

| Total ensemble size: 11
| Next sampling location (x_next, i_next):
  1.7819281661E+02  2.2916402592E+02  1.0000000000E+00

Iteration time [s]:    0.001        Total time [s]:    0.247

--------------------------------------------------------------------------------
                              INITIAL DATAPOINT 12                              
--------------------------------------------------------------------------------
| Data point added to dataset (x i y): 
  1.7819281661E+02  2.2916402592E+02  1.0000000000E+00       2.9107500000E+01

| Total ensemble size: 12
| Next sampling location (x_next, i_next):
 -1.6426013643E+01  2.9186902589E+02  1.0000000000E+00

Iteration time [s]:    0.001        Total time [s]:    0.248

--------------------------------------------------------------------------------
                              INITIAL DATAPOINT 13                              
--------------------------------------------------------------------------------
| Data point added to dataset (x i y): 
 -1.6426013643E+01  2.9186902589E+02  1.0000000000E+00       3.2282100000E+01

| Total ensemble size: 13
| Next sampling location (x_next, i_next):
 -7.8086834391E+00  1.4705927391E+02  1.0000000000E+00

Iteration time [s]:    0.001        Total time [s]:    0.249

--------------------------------------------------------------------------------
                              INITIAL DATAPOINT 14                              
--------------------------------------------------------------------------------
| Data point added to dataset (x i y): 
 -7.8086834391E+00  1.4705927391E+02  1.0000000000E+00       2.4825900000E+01

| Total ensemble size: 14
| Next sampling location (x_next, i_next):
  1.3218822487E+02  2.0711360179E+01  1.0000000000E+00

Iteration time [s]:    0.000        Total time [s]:    0.250

--------------------------------------------------------------------------------
                              INITIAL DATAPOINT 15                              
--------------------------------------------------------------------------------
| Data point added to dataset (x i y): 
  1.3218822487E+02  2.0711360179E+01  1.0000000000E+00       2.9930100000E+01

| Total ensemble size: 15
| Next sampling location (x_next, i_next):
  1.0531133178E+02  2.1175846636E+02  1.0000000000E+00

Iteration time [s]:    0.000        Total time [s]:    0.251

--------------------------------------------------------------------------------
                              INITIAL DATAPOINT 16                              
--------------------------------------------------------------------------------
| Data point added to dataset (x i y): 
  1.0531133178E+02  2.1175846636E+02  1.0000000000E+00       2.3600200000E+01

| Total ensemble size: 16
| Next sampling location (x_next, i_next):
  2.8536008472E+02 -1.3902465379E+01  1.0000000000E+00

Iteration time [s]:    0.001        Total time [s]:    0.252

--------------------------------------------------------------------------------
                              INITIAL DATAPOINT 17                              
--------------------------------------------------------------------------------
| Data point added to dataset (x i y): 
  2.8536008472E+02 -1.3902465379E+01  1.0000000000E+00       1.8663500000E+01

| Total ensemble size: 17
| Next sampling location (x_next, i_next):
  2.2241312572E+02  2.8037726746E+01  1.0000000000E+00

Iteration time [s]:    0.000        Total time [s]:    0.253

--------------------------------------------------------------------------------
                              INITIAL DATAPOINT 18                              
--------------------------------------------------------------------------------
| Data point added to dataset (x i y): 
  2.2241312572E+02  2.8037726746E+01  1.0000000000E+00       2.3428200000E+01

| Total ensemble size: 18
| Next sampling location (x_next, i_next):
  7.8523451017E+01  2.3304030525E+02  1.0000000000E+00

Iteration time [s]:    0.001        Total time [s]:    0.254

--------------------------------------------------------------------------------
                              INITIAL DATAPOINT 19                              
--------------------------------------------------------------------------------
| Data point added to dataset (x i y): 
  7.8523451017E+01  2.3304030525E+02  1.0000000000E+00       2.6390700000E+01

| Total ensemble size: 19
| Next sampling location (x_next, i_next):
 -5.0000000000E+01  1.8571317424E+02  1.0000000000E+00

Iteration time [s]:    0.001        Total time [s]:    0.255

--------------------------------------------------------------------------------
                              INITIAL DATAPOINT 20                              
--------------------------------------------------------------------------------
| Data point added to dataset (x i y): 
 -5.0000000000E+01  1.8571317424E+02  1.0000000000E+00       2.0517500000E+01

| Total ensemble size: 20
| Next sampling location (x_next, i_next):
  1.1127618744E+02  1.2013028707E+02  1.0000000000E+00

Iteration time [s]:    0.001        Total time [s]:    0.256

--------------------------------------------------------------------------------
                              INITIAL DATAPOINT 21                              
--------------------------------------------------------------------------------
| Data point added to dataset (x i y): 
  1.1127618744E+02  1.2013028707E+02  1.0000000000E+00       2.9657600000E+01

| Total ensemble size: 21
| Next sampling location (x_next, i_next):
  6.3117117271E+01  5.1649142942E+01  1.0000000000E+00

Iteration time [s]:    0.001        Total time [s]:    0.257

--------------------------------------------------------------------------------
                              INITIAL DATAPOINT 22                              
--------------------------------------------------------------------------------
| Data point added to dataset (x i y): 
  6.3117117271E+01  5.1649142942E+01  1.0000000000E+00       3.1337300000E+01

| Total ensemble size: 22
| Next sampling location (x_next, i_next):
 -4.0952900281E+01  1.8262555157E+02  1.0000000000E+00

Iteration time [s]:    0.001        Total time [s]:    0.258

--------------------------------------------------------------------------------
                              INITIAL DATAPOINT 23                              
--------------------------------------------------------------------------------
| Data point added to dataset (x i y): 
 -4.0952900281E+01  1.8262555157E+02  1.0000000000E+00       2.0331100000E+01

| Total ensemble size: 23
| Next sampling location (x_next, i_next):
  8.7150835304E+01 -3.7431509441E+01  1.0000000000E+00

Iteration time [s]:    0.001        Total time [s]:    0.259

--------------------------------------------------------------------------------
                              INITIAL DATAPOINT 24                              
--------------------------------------------------------------------------------
| Data point added to dataset (x i y): 
  8.7150835304E+01 -3.7431509441E+01  1.0000000000E+00       2.9513200000E+01

| Total ensemble size: 24
| Next sampling location (x_next, i_next):
  3.1000000000E+02  2.6111516392E+01  1.0000000000E+00

Iteration time [s]:    0.001        Total time [s]:    0.260

--------------------------------------------------------------------------------
                              INITIAL DATAPOINT 25                              
--------------------------------------------------------------------------------
| Data point added to dataset (x i y): 
  3.1000000000E+02  2.6111516392E+01  1.0000000000E+00       2.8615500000E+01

| Total ensemble size: 25
| Next sampling location (x_next, i_next):
 -4.0751437897E+01  1.1085106206E+02  1.0000000000E+00

Iteration time [s]:    0.001        Total time [s]:    0.261

--------------------------------------------------------------------------------
                              INITIAL DATAPOINT 26                              
--------------------------------------------------------------------------------
| Data point added to dataset (x i y): 
 -4.0751437897E+01  1.1085106206E+02  1.0000000000E+00       3.3135500000E+01

| Total ensemble size: 26
| Next sampling location (x_next, i_next):
  1.4431949243E+01  1.7738552800E+02  1.0000000000E+00

Iteration time [s]:    0.001        Total time [s]:    0.262

--------------------------------------------------------------------------------
                              INITIAL DATAPOINT 27                              
--------------------------------------------------------------------------------
| Data point added to dataset (x i y): 
  1.4431949243E+01  1.7738552800E+02  1.0000000000E+00       1.9908200000E+01

| Total ensemble size: 27
| Next sampling location (x_next, i_next):
  5.8221102317E+01  1.8037575650E+02  1.0000000000E+00

Iteration time [s]:    0.001        Total time [s]:    0.263

--------------------------------------------------------------------------------
                              INITIAL DATAPOINT 28                              
--------------------------------------------------------------------------------
| Data point added to dataset (x i y): 
  5.8221102317E+01  1.8037575650E+02  1.0000000000E+00       1.7486200000E+01

| Total ensemble size: 28
| Next sampling location (x_next, i_next):
 -4.0177973108E+01  2.7159182692E+02  1.0000000000E+00

Iteration time [s]:    0.001        Total time [s]:    0.264

--------------------------------------------------------------------------------
                              INITIAL DATAPOINT 29                              
--------------------------------------------------------------------------------
| Data point added to dataset (x i y): 
 -4.0177973108E+01  2.7159182692E+02  1.0000000000E+00       3.1347400000E+01

| Total ensemble size: 29
| Next sampling location (x_next, i_next):
  1.9753052006E+02  6.8529371221E+00  1.0000000000E+00

Iteration time [s]:    0.001        Total time [s]:    0.265

--------------------------------------------------------------------------------
                              INITIAL DATAPOINT 30                              
--------------------------------------------------------------------------------
| Data point added to dataset (x i y): 
  1.9753052006E+02  6.8529371221E+00  1.0000000000E+00       1.8315100000E+01

| Total ensemble size: 30
| Next sampling location (x_next, i_next):
  2.9812187877E+02  6.5142115526E+01  1.0000000000E+00

Iteration time [s]:    0.001        Total time [s]:    0.266

--------------------------------------------------------------------------------
                              INITIAL DATAPOINT 31                              
--------------------------------------------------------------------------------
| Data point added to dataset (x i y): 
  2.9812187877E+02  6.5142115526E+01  1.0000000000E+00       3.4949900000E+01

| Total ensemble size: 31
| Next sampling location (x_next, i_next):
  2.3523268193E+02  1.6918433940E+02  1.0000000000E+00

Iteration time [s]:    0.001        Total time [s]:    0.267

--------------------------------------------------------------------------------
                              INITIAL DATAPOINT 32                              
--------------------------------------------------------------------------------
| Data point added to dataset (x i y): 
  2.3523268193E+02  1.6918433940E+02  1.0000000000E+00       2.7334400000E+01

| Total ensemble size: 32
| Best acquisition, x_best i_best y_best:
  2.6599352329E+02  3.0340658640E+02  0.0000000000E+00      -2.0299737274E+05
| Global minimum prediction, x_hat mu_hat +- nu_hat:
  2.4973221831E+02  2.7915847853E+02  0.0000000000E+00      -2.0299766920E+05  4.9014652468E-02

| GP model hyperparameters (lengthscales W kappa):
  5.2186780575E-01  3.6087307353E-01 -4.7736940862E-01  5.3320019905E+00  1.5308360191E-02  1.3914899752E-02
| Next sampling location (x_next, i_next):
  2.3181992173E+02  1.0577831454E+02  0.0000000000E+00

Iteration time [s]:    1.570        Total time [s]:    1.838

--------------------------------------------------------------------------------
                                 BO ITERATION 1                                 
--------------------------------------------------------------------------------
| Evaluating objective function at 2.318E+02 1.058E+02 0.000E+00
| Objective function evaluated, time [s]       35.786
| Data point added to dataset (x i y): 
  2.3181992173E+02  1.0577831454E+02  0.0000000000E+00      -2.0298994722E+05

| Total ensemble size: 33
| Best acquisition, x_best i_best y_best:
  2.6599352329E+02  3.0340658640E+02  0.0000000000E+00      -2.0299737274E+05
| Global minimum prediction, x_hat mu_hat +- nu_hat:
  1.4336092629E+02  2.7415842079E+02  0.0000000000E+00      -2.0300276012E+05  1.3006453316E+01
| Global minimum convergence, d_xhat d_muhat:
  1.0648874281E+02  2.6614443947E-01

| GP model hyperparameters (lengthscales W kappa):
  4.6309415038E-01  3.0222141190E-01 -5.5096046075E+00  5.0754670128E+00  1.3930598994E-02  1.3934594966E-02
| Next sampling location (x_next, i_next):
  1.6587044980E+02  2.8277972959E+02  0.0000000000E+00

Iteration time [s]:   37.464        Total time [s]:   39.303

--------------------------------------------------------------------------------
                                 BO ITERATION 2                                 
--------------------------------------------------------------------------------
| Evaluating objective function at 1.659E+02 2.828E+02 0.000E+00
| Objective function evaluated, time [s]       23.318
| Data point added to dataset (x i y): 
  1.6587044980E+02  2.8277972959E+02  0.0000000000E+00      -2.0298853864E+05

| Total ensemble size: 34
| Best acquisition, x_best i_best y_best:
  2.6599352329E+02  3.0340658640E+02  0.0000000000E+00      -2.0299737274E+05
| Global minimum prediction, x_hat mu_hat +- nu_hat:
  1.3370867833E+02 -3.0934303970E+01  0.0000000000E+00      -2.0299841854E+05  7.4708128479E+00
| Global minimum convergence, d_xhat d_muhat:
  3.0524537112E+02  2.2697001169E-01

| GP model hyperparameters (lengthscales W kappa):
  4.4531547889E-01  2.3693610457E-01  5.8961214871E+00 -4.7998101271E+00  1.3912399205E-02  1.3931691144E-02
| Next sampling location (x_next, i_next):
 -6.1129011864E-01  8.2645226948E+01  0.0000000000E+00

Iteration time [s]:   25.575        Total time [s]:   64.878

--------------------------------------------------------------------------------
                                 BO ITERATION 3                                 
--------------------------------------------------------------------------------
| Evaluating objective function at -6.113E-01 8.265E+01 0.000E+00
| Objective function evaluated, time [s]       23.152
| Data point added to dataset (x i y): 
 -6.1129011864E-01  8.2645226948E+01  0.0000000000E+00      -2.0298949533E+05

| Total ensemble size: 35
| Best acquisition, x_best i_best y_best:
  2.6599352329E+02  3.0340658640E+02  0.0000000000E+00      -2.0299737274E+05
| Global minimum prediction, x_hat mu_hat +- nu_hat:
 -2.8520052168E+01  4.9712216496E+01  0.0000000000E+00      -2.0300339085E+05  3.3515328884E-01
| Global minimum convergence, d_xhat d_muhat:
  1.8116849136E+02  2.5994374237E-01

| GP model hyperparameters (lengthscales W kappa):
  3.6474966360E-01  2.0538690173E-01  5.2899734626E+00 -4.9779017633E+00  1.3938313440E-02  1.3943073748E-02
| Next sampling location (x_next, i_next):
  1.6572885169E+01  2.8998051280E+01  0.0000000000E+00

Iteration time [s]:   25.558        Total time [s]:   90.437

--------------------------------------------------------------------------------
                                 BO ITERATION 4                                 
--------------------------------------------------------------------------------
| Evaluating objective function at 1.657E+01 2.900E+01 0.000E+00
| Objective function evaluated, time [s]       23.813
| Data point added to dataset (x i y): 
  1.6572885169E+01  2.8998051280E+01  0.0000000000E+00      -2.0299721367E+05

| Total ensemble size: 36
| Best acquisition, x_best i_best y_best:
  2.6599352329E+02  3.0340658640E+02  0.0000000000E+00      -2.0299737274E+05
| Global minimum prediction, x_hat mu_hat +- nu_hat:
 -3.0478420224E+01  5.0207255435E+01  0.0000000000E+00      -2.0300336171E+05  4.0437093115E-01
| Global minimum convergence, d_xhat d_muhat:
  2.0199675722E+00  1.5235959528E-03

| GP model hyperparameters (lengthscales W kappa):
  3.5098583861E-01  2.0258371761E-01  4.8592074691E+00 -4.9931744473E+00  1.3941864330E-02  1.3940927121E-02
| Next sampling location (x_next, i_next):
  1.2252655847E+02  5.6288334319E+01  0.0000000000E+00

Iteration time [s]:   26.340        Total time [s]:  116.777

--------------------------------------------------------------------------------
                                 BO ITERATION 5                                 
--------------------------------------------------------------------------------
| Evaluating objective function at 1.225E+02 5.629E+01 0.000E+00
| Objective function evaluated, time [s]       23.203
| Data point added to dataset (x i y): 
  1.2252655847E+02  5.6288334319E+01  0.0000000000E+00      -2.0299180601E+05

| Total ensemble size: 37
| Best acquisition, x_best i_best y_best:
  2.6599352329E+02  3.0340658640E+02  0.0000000000E+00      -2.0299737274E+05
| Global minimum prediction, x_hat mu_hat +- nu_hat:
  2.0195448201E+02 -1.3117196273E+01  0.0000000000E+00      -2.0299963653E+05  1.4513105830E+00
| Global minimum convergence, d_xhat d_muhat:
  2.4090462890E+02  1.9474579879E-01

| GP model hyperparameters (lengthscales W kappa):
  3.3680541046E-01  3.2767913435E-01 -3.6151500442E+00 -5.4051719230E+00  1.4135203010E-02  1.4006664926E-02
| Next sampling location (x_next, i_next):
  2.1946036826E+02 -3.4783471144E+01  0.0000000000E+00

Iteration time [s]:   25.186        Total time [s]:  141.964

--------------------------------------------------------------------------------
                                 BO ITERATION 6                                 
--------------------------------------------------------------------------------
| Evaluating objective function at 2.195E+02 -3.478E+01 0.000E+00
| Objective function evaluated, time [s]       23.170
| Data point added to dataset (x i y): 
  2.1946036826E+02 -3.4783471144E+01  0.0000000000E+00      -2.0300158203E+05

| Total ensemble size: 38
| Best acquisition, x_best i_best y_best:
  2.1946036826E+02 -3.4783471144E+01  0.0000000000E+00      -2.0300158203E+05
| Global minimum prediction, x_hat mu_hat +- nu_hat:
  2.1778099529E+02 -2.3258372629E+01  0.0000000000E+00      -2.0300205705E+05  2.0405860363E-01
| Global minimum convergence, d_xhat d_muhat:
  1.8796860926E+01  1.2654070919E-01

| GP model hyperparameters (lengthscales W kappa):
  3.9320489842E-01  3.5038566734E-01  3.6842729991E+00  5.5708495122E+00  1.4243660029E-02  1.4050897818E-02
| Next sampling location (x_next, i_next):
  2.3081734198E+01 -1.0878354425E+01  0.0000000000E+00

Iteration time [s]:   25.244        Total time [s]:  167.209

--------------------------------------------------------------------------------
                                 BO ITERATION 7                                 
--------------------------------------------------------------------------------
| Evaluating objective function at 2.308E+01 -1.088E+01 0.000E+00
| Objective function evaluated, time [s]       23.466
| Data point added to dataset (x i y): 
  2.3081734198E+01 -1.0878354425E+01  0.0000000000E+00      -2.0299507822E+05

| Total ensemble size: 39
| Best acquisition, x_best i_best y_best:
  2.1946036826E+02 -3.4783471144E+01  0.0000000000E+00      -2.0300158203E+05
| Global minimum prediction, x_hat mu_hat +- nu_hat:
  2.1714564477E+02 -2.2375323199E+01  0.0000000000E+00      -2.0300210460E+05  2.7673093318E-01
| Global minimum convergence, d_xhat d_muhat:
  1.0878633091E+00  2.4856515525E-03

| GP model hyperparameters (lengthscales W kappa):
  3.6782888174E-01  3.3941748993E-01  3.6014670359E+00  5.3221526879E+00  1.4148742461E-02  1.4015277070E-02
| Next sampling location (x_next, i_next):
  2.5255411602E+02  2.3229137208E+02  0.0000000000E+00

Iteration time [s]:   25.367        Total time [s]:  192.577

--------------------------------------------------------------------------------
                                 BO ITERATION 8                                 
--------------------------------------------------------------------------------
| Evaluating objective function at 2.526E+02 2.323E+02 0.000E+00
| Objective function evaluated, time [s]       21.984
| Data point added to dataset (x i y): 
  2.5255411602E+02  2.3229137208E+02  0.0000000000E+00      -2.0299529476E+05

| Total ensemble size: 40
| Best acquisition, x_best i_best y_best:
  2.1946036826E+02 -3.4783471144E+01  0.0000000000E+00      -2.0300158203E+05
| Global minimum prediction, x_hat mu_hat +- nu_hat:
  2.1770737332E+02 -2.2621206362E+01  0.0000000000E+00      -2.0300209366E+05  2.4843272946E-01
| Global minimum convergence, d_xhat d_muhat:
  6.1318634167E-01  5.7204871580E-04

| GP model hyperparameters (lengthscales W kappa):
  3.7241790791E-01  3.3833993596E-01  3.4918891860E+00  5.2889030368E+00  1.4161338981E-02  1.4015414837E-02
| Next sampling location (x_next, i_next):
  1.9897662607E+00  2.2107826348E+02  0.0000000000E+00

Iteration time [s]:   23.908        Total time [s]:  216.486

--------------------------------------------------------------------------------
                                 BO ITERATION 9                                 
--------------------------------------------------------------------------------
| Evaluating objective function at 1.990E+00 2.211E+02 0.000E+00
| Objective function evaluated, time [s]       23.147
| Data point added to dataset (x i y): 
  1.9897662607E+00  2.2107826348E+02  0.0000000000E+00      -2.0300050104E+05

| Total ensemble size: 41
| Best acquisition, x_best i_best y_best:
  2.1946036826E+02 -3.4783471144E+01  0.0000000000E+00      -2.0300158203E+05
| Global minimum prediction, x_hat mu_hat +- nu_hat:
  2.1783460361E+02 -1.8861434392E+01  0.0000000000E+00      -2.0300245831E+05  3.5042138193E-01
| Global minimum convergence, d_xhat d_muhat:
  3.7619240832E+00  1.9063249977E-02

| GP model hyperparameters (lengthscales W kappa):
  3.8821227993E-01  3.4004940962E-01  3.7075699197E+00  5.2637304646E+00  1.4131189754E-02  1.4015467474E-02
| Next sampling location (x_next, i_next):
  1.1846886794E+02  1.7225601158E+02  0.0000000000E+00

Iteration time [s]:   24.894        Total time [s]:  241.381

--------------------------------------------------------------------------------
                                BO ITERATION 10                                 
--------------------------------------------------------------------------------
| Evaluating objective function at 1.185E+02 1.723E+02 0.000E+00
| Objective function evaluated, time [s]       23.089
| Data point added to dataset (x i y): 
  1.1846886794E+02  1.7225601158E+02  0.0000000000E+00      -2.0300758943E+05

| Total ensemble size: 42
| Best acquisition, x_best i_best y_best:
  1.1846886794E+02  1.7225601158E+02  0.0000000000E+00      -2.0300758943E+05
| Global minimum prediction, x_hat mu_hat +- nu_hat:
  1.1699098214E+02  1.7345786740E+02  0.0000000000E+00      -2.0300760914E+05  7.9526963861E-03
| Global minimum convergence, d_xhat d_muhat:
  2.1715466800E+02  2.3668141730E-01

| GP model hyperparameters (lengthscales W kappa):
  3.8184411281E-01  3.3207251079E-01 -4.9980848666E+00 -4.9333028658E+00  1.4046318693E-02  1.4050168763E-02
| Next sampling location (x_next, i_next):
  1.3467808350E+02  1.8598298639E+02  0.0000000000E+00

Iteration time [s]:   25.201        Total time [s]:  266.582

--------------------------------------------------------------------------------
                                BO ITERATION 11                                 
--------------------------------------------------------------------------------
| Evaluating objective function at 1.347E+02 1.860E+02 0.000E+00
| Objective function evaluated, time [s]       23.310
| Data point added to dataset (x i y): 
  1.3467808350E+02  1.8598298639E+02  0.0000000000E+00      -2.0300751042E+05

| Total ensemble size: 43
| Best acquisition, x_best i_best y_best:
  1.1846886794E+02  1.7225601158E+02  0.0000000000E+00      -2.0300758943E+05
| Global minimum prediction, x_hat mu_hat +- nu_hat:
  1.2536150793E+02  1.7930352479E+02  0.0000000000E+00      -2.0300803473E+05  2.3118755676E-02
| Global minimum convergence, d_xhat d_muhat:
  1.0209672497E+01  2.0391630984E-02

| GP model hyperparameters (lengthscales W kappa):
  4.0179140630E-01  3.4046759975E-01 -5.1643081998E+00 -4.9621250761E+00  1.4090464057E-02  1.4106648314E-02
| Next sampling location (x_next, i_next):
  1.1191264152E+02  1.8212576551E+02  0.0000000000E+00

Iteration time [s]:   25.220        Total time [s]:  291.802

--------------------------------------------------------------------------------
                                BO ITERATION 12                                 
--------------------------------------------------------------------------------
| Evaluating objective function at 1.119E+02 1.821E+02 0.000E+00
| Objective function evaluated, time [s]       23.434
| Data point added to dataset (x i y): 
  1.1191264152E+02  1.8212576551E+02  0.0000000000E+00      -2.0300795438E+05

| Total ensemble size: 44
| Best acquisition, x_best i_best y_best:
  1.1191264152E+02  1.8212576551E+02  0.0000000000E+00      -2.0300795438E+05
| Global minimum prediction, x_hat mu_hat +- nu_hat:
  1.2034160376E+02  1.8015150461E+02  0.0000000000E+00      -2.0300811530E+05  6.1778406095E-03
| Global minimum convergence, d_xhat d_muhat:
  5.0910222623E+00  3.9417424756E-03

| GP model hyperparameters (lengthscales W kappa):
  4.3492319882E-01  3.2684142824E-01 -5.1123140741E+00 -4.8614115957E+00  1.4071710558E-02  1.4089943184E-02
| Next sampling location (x_next, i_next):
  2.1564013304E+02 -7.3632525473E+00  0.0000000000E+00

Iteration time [s]:   25.621        Total time [s]:  317.424

--------------------------------------------------------------------------------
                                BO ITERATION 13                                 
--------------------------------------------------------------------------------
| Evaluating objective function at 2.156E+02 -7.363E+00 0.000E+00
| Objective function evaluated, time [s]       23.272
| Data point added to dataset (x i y): 
  2.1564013304E+02 -7.3632525473E+00  0.0000000000E+00      -2.0301029704E+05

| Total ensemble size: 45
| Best acquisition, x_best i_best y_best:
  2.1564013304E+02 -7.3632525473E+00  0.0000000000E+00      -2.0301029704E+05
| Global minimum prediction, x_hat mu_hat +- nu_hat:
  2.1340272612E+02 -4.2814997023E+00  0.0000000000E+00      -2.0301039448E+05  1.2317055835E-02
| Global minimum convergence, d_xhat d_muhat:
  2.0658147442E+02  1.0389947242E-01

| GP model hyperparameters (lengthscales W kappa):
  4.6270676415E-01  2.9345346009E-01 -5.7755378272E+00 -4.6147349373E+00  1.3950980257E-02  1.3977553974E-02
| Next sampling location (x_next, i_next):
  2.5379766461E+02 -1.8427473978E+01  0.0000000000E+00

Iteration time [s]:   25.540        Total time [s]:  342.964

--------------------------------------------------------------------------------
                                BO ITERATION 14                                 
--------------------------------------------------------------------------------
| Evaluating objective function at 2.538E+02 -1.843E+01 0.000E+00
| Objective function evaluated, time [s]       23.277
| Data point added to dataset (x i y): 
  2.5379766461E+02 -1.8427473978E+01  0.0000000000E+00      -2.0301011245E+05

| Total ensemble size: 46
| Best acquisition, x_best i_best y_best:
  2.1564013304E+02 -7.3632525473E+00  0.0000000000E+00      -2.0301029704E+05
| Global minimum prediction, x_hat mu_hat +- nu_hat:
  2.1785329296E+02 -5.2756971385E+00  0.0000000000E+00      -2.0301038933E+05  8.9035129331E-03
| Global minimum convergence, d_xhat d_muhat:
  4.5602602723E+00  2.3696258779E-04

| GP model hyperparameters (lengthscales W kappa):
  4.9298595584E-01  2.8593357259E-01 -5.7473851094E+00 -4.6909096205E+00  1.3884752596E-02  1.3874614273E-02
| Next sampling location (x_next, i_next):
  5.4927270311E+01  1.4643439860E+02  0.0000000000E+00

Iteration time [s]:   25.512        Total time [s]:  368.477

--------------------------------------------------------------------------------
                                BO ITERATION 15                                 
--------------------------------------------------------------------------------
| Evaluating objective function at 5.493E+01 1.464E+02 0.000E+00
| Objective function evaluated, time [s]       23.227
| Data point added to dataset (x i y): 
  5.4927270311E+01  1.4643439860E+02  0.0000000000E+00      -2.0300396033E+05

| Total ensemble size: 47
| Best acquisition, x_best i_best y_best:
  2.1564013304E+02 -7.3632525473E+00  0.0000000000E+00      -2.0301029704E+05
| Global minimum prediction, x_hat mu_hat +- nu_hat:
  2.1664856241E+02 -4.4731439431E+00  0.0000000000E+00      -2.0301041076E+05  9.1986711824E-03
| Global minimum convergence, d_xhat d_muhat:
  1.4475729164E+00  9.8505681074E-04

| GP model hyperparameters (lengthscales W kappa):
  4.9460670565E-01  2.9650268019E-01 -5.7497819888E+00 -4.7528423633E+00  1.3875092854E-02  1.3861470834E-02
| Next sampling location (x_next, i_next):
  1.9235740833E+02  1.9350104905E+02  0.0000000000E+00

Iteration time [s]:   25.534        Total time [s]:  394.011

--------------------------------------------------------------------------------
                                BO ITERATION 16                                 
--------------------------------------------------------------------------------
| Evaluating objective function at 1.924E+02 1.935E+02 0.000E+00
| Objective function evaluated, time [s]       21.907
| Data point added to dataset (x i y): 
  1.9235740833E+02  1.9350104905E+02  0.0000000000E+00      -2.0300680140E+05

| Total ensemble size: 48
| Best acquisition, x_best i_best y_best:
  2.1564013304E+02 -7.3632525473E+00  0.0000000000E+00      -2.0301029704E+05
| Global minimum prediction, x_hat mu_hat +- nu_hat:
  6.0414333808E+01  1.8041701886E+02  0.0000000000E+00      -2.0301071076E+05  3.2973600096E-02
| Global minimum convergence, d_xhat d_muhat:
  2.4206095614E+02  1.3787945081E-02

| GP model hyperparameters (lengthscales W kappa):
  5.0615506843E-01  3.0107656628E-01 -5.8842549509E+00 -4.9002218384E+00  1.3798999776E-02  1.3752299678E-02
| Next sampling location (x_next, i_next):
  2.8570275569E+02 -2.7508183684E+01  0.0000000000E+00

Iteration time [s]:   24.295        Total time [s]:  418.307

--------------------------------------------------------------------------------
                                BO ITERATION 17                                 
--------------------------------------------------------------------------------
| Evaluating objective function at 2.857E+02 -2.751E+01 0.000E+00
| Objective function evaluated, time [s]       23.169
| Data point added to dataset (x i y): 
  2.8570275569E+02 -2.7508183684E+01  0.0000000000E+00      -2.0300738853E+05

| Total ensemble size: 49
| Best acquisition, x_best i_best y_best:
  2.1564013304E+02 -7.3632525473E+00  0.0000000000E+00      -2.0301029704E+05
| Global minimum prediction, x_hat mu_hat +- nu_hat:
  6.0413072989E+01  1.8043794590E+02  0.0000000000E+00      -2.0301079883E+05  3.1713192762E-02
| Global minimum convergence, d_xhat d_muhat:
  2.0964983331E-02  4.0472986444E-03

| GP model hyperparameters (lengthscales W kappa):
  5.0684349398E-01  3.1158184920E-01  5.8731189083E+00  5.0311535963E+00  1.3736066700E-02  1.3675303572E-02
| Next sampling location (x_next, i_next):
  6.0343799666E+01  1.8047498107E+02  0.0000000000E+00

Iteration time [s]:   25.630        Total time [s]:  443.938

--------------------------------------------------------------------------------
                                BO ITERATION 18                                 
--------------------------------------------------------------------------------
| Evaluating objective function at 6.034E+01 1.805E+02 0.000E+00
| Objective function evaluated, time [s]       23.110
| Data point added to dataset (x i y): 
  6.0343799666E+01  1.8047498107E+02  0.0000000000E+00      -2.0300964918E+05

| Total ensemble size: 50
| Best acquisition, x_best i_best y_best:
  2.1564013304E+02 -7.3632525473E+00  0.0000000000E+00      -2.0301029704E+05
| Global minimum prediction, x_hat mu_hat +- nu_hat:
  2.2937480016E+02 -9.6136415920E+00  0.0000000000E+00      -2.0301046484E+05  2.3441774790E-02
| Global minimum convergence, d_xhat d_muhat:
  2.5429839000E+02  1.5349794593E-02

| GP model hyperparameters (lengthscales W kappa):
  5.2132996151E-01  2.9635326175E-01  5.5238162752E+00  5.5539466814E+00  1.1409919076E-02  1.1432143547E-02
| Next sampling location (x_next, i_next):
  5.9571510940E+01  2.7796424666E+02  0.0000000000E+00

Iteration time [s]:   25.829        Total time [s]:  469.767

--------------------------------------------------------------------------------
                                BO ITERATION 19                                 
--------------------------------------------------------------------------------
| Evaluating objective function at 5.957E+01 2.780E+02 0.000E+00
| Objective function evaluated, time [s]       23.407
| Data point added to dataset (x i y): 
  5.9571510940E+01  2.7796424666E+02  0.0000000000E+00      -2.0299056923E+05

| Total ensemble size: 51
| Best acquisition, x_best i_best y_best:
  2.1564013304E+02 -7.3632525473E+00  0.0000000000E+00      -2.0301029704E+05
| Global minimum prediction, x_hat mu_hat +- nu_hat:
  2.3015918912E+02 -1.0010557740E+01  0.0000000000E+00      -2.0301046639E+05  2.6644804184E-02
| Global minimum convergence, d_xhat d_muhat:
  8.7909525689E-01  7.1423819696E-05

| GP model hyperparameters (lengthscales W kappa):
  5.2241576609E-01  2.8165874448E-01  5.4958215916E+00  5.2566001333E+00  1.0983058664E-02  1.0773258715E-02
| Next sampling location (x_next, i_next):
  3.0078458789E+02  1.6451345998E+02  0.0000000000E+00

Iteration time [s]:   26.125        Total time [s]:  495.893

--------------------------------------------------------------------------------
                                BO ITERATION 20                                 
--------------------------------------------------------------------------------
| Evaluating objective function at 3.008E+02 1.645E+02 0.000E+00
| Objective function evaluated, time [s]       23.115
| Data point added to dataset (x i y): 
  3.0078458789E+02  1.6451345998E+02  0.0000000000E+00      -2.0300738006E+05

| Total ensemble size: 52
| Best acquisition, x_best i_best y_best:
  2.1564013304E+02 -7.3632525473E+00  0.0000000000E+00      -2.0301029704E+05
| Global minimum prediction, x_hat mu_hat +- nu_hat:
  2.2996798743E+02 -9.7749867410E+00  0.0000000000E+00      -2.0301048688E+05  3.0689317919E-02
| Global minimum convergence, d_xhat d_muhat:
  3.0340036570E-01  9.4131435541E-04

| GP model hyperparameters (lengthscales W kappa):
  5.0074802361E-01  2.9415530908E-01  5.6243882506E+00  5.5568019429E+00  1.1405528688E-02  1.1355069019E-02
| Next sampling location (x_next, i_next):
  2.3439108566E+02 -1.0594810618E+01  0.0000000000E+00

Iteration time [s]:   25.836        Total time [s]:  521.730

--------------------------------------------------------------------------------
                                BO ITERATION 21                                 
--------------------------------------------------------------------------------
| Evaluating objective function at 2.344E+02 -1.059E+01 0.000E+00
| Objective function evaluated, time [s]       23.156
| Data point added to dataset (x i y): 
  2.3439108566E+02 -1.0594810618E+01  0.0000000000E+00      -2.0301106765E+05

| Total ensemble size: 53
| Best acquisition, x_best i_best y_best:
  2.3439108566E+02 -1.0594810618E+01  0.0000000000E+00      -2.0301106765E+05
| Global minimum prediction, x_hat mu_hat +- nu_hat:
  2.3394941138E+02 -1.0516692946E+01  0.0000000000E+00      -2.0301106809E+05  5.7313845136E-06
| Global minimum convergence, d_xhat d_muhat:
  4.0499215723E+00  2.5798526203E-02

| GP model hyperparameters (lengthscales W kappa):
  4.5699402176E-01  2.9788776312E-01 -5.6408807448E+00 -5.8725102319E+00  1.1195842443E-02  1.1368788515E-02
| Next sampling location (x_next, i_next):
  1.8859710093E+02  5.2089882130E+01  0.0000000000E+00

Iteration time [s]:   26.227        Total time [s]:  547.958

--------------------------------------------------------------------------------
                                BO ITERATION 22                                 
--------------------------------------------------------------------------------
| Evaluating objective function at 1.886E+02 5.209E+01 0.000E+00
| Objective function evaluated, time [s]       23.096
| Data point added to dataset (x i y): 
  1.8859710093E+02  5.2089882130E+01  0.0000000000E+00      -2.0299969057E+05

| Total ensemble size: 54
| Best acquisition, x_best i_best y_best:
  2.3439108566E+02 -1.0594810618E+01  0.0000000000E+00      -2.0301106765E+05
| Global minimum prediction, x_hat mu_hat +- nu_hat:
  2.3392733201E+02 -1.0556182810E+01  0.0000000000E+00      -2.0301106821E+05  6.5496847820E-06
| Global minimum convergence, d_xhat d_muhat:
  4.5243209802E-02  5.2147648828E-06

| GP model hyperparameters (lengthscales W kappa):
  4.6007853847E-01  2.8869969381E-01 -5.5197553415E+00 -5.7140956374E+00  1.1087058036E-02  1.1238130444E-02
| Next sampling location (x_next, i_next):
 -3.7269652776E+01 -1.3413758927E+01  0.0000000000E+00

Iteration time [s]:   26.216        Total time [s]:  574.174

--------------------------------------------------------------------------------
                                BO ITERATION 23                                 
--------------------------------------------------------------------------------
| Evaluating objective function at -3.727E+01 -1.341E+01 0.000E+00
| Objective function evaluated, time [s]       23.177
| Data point added to dataset (x i y): 
 -3.7269652776E+01 -1.3413758927E+01  0.0000000000E+00      -2.0300033065E+05

| Total ensemble size: 55
| Best acquisition, x_best i_best y_best:
  2.3439108566E+02 -1.0594810618E+01  0.0000000000E+00      -2.0301106765E+05
| Global minimum prediction, x_hat mu_hat +- nu_hat:
  2.3294996448E+02 -1.0171973734E+01  0.0000000000E+00      -2.0301107233E+05  1.0761325247E-04
| Global minimum convergence, d_xhat d_muhat:
  1.0501732659E+00  1.8281861537E-04

| GP model hyperparameters (lengthscales W kappa):
  4.1846788461E-01  2.9086734618E-01 -5.4952521449E+00 -5.6829306941E+00  1.0821208704E-02  1.0976652185E-02
| Next sampling location (x_next, i_next):
  7.5692322426E+01  4.3570803497E+00  0.0000000000E+00

Iteration time [s]:   26.628        Total time [s]:  600.803

--------------------------------------------------------------------------------
                                BO ITERATION 24                                 
--------------------------------------------------------------------------------
| Evaluating objective function at 7.569E+01 4.357E+00 0.000E+00
| Objective function evaluated, time [s]       23.175
| Data point added to dataset (x i y): 
  7.5692322426E+01  4.3570803497E+00  0.0000000000E+00      -2.0300138631E+05

| Total ensemble size: 56
| Best acquisition, x_best i_best y_best:
  2.3439108566E+02 -1.0594810618E+01  0.0000000000E+00      -2.0301106765E+05
| Global minimum prediction, x_hat mu_hat +- nu_hat:
  2.3290167866E+02 -1.0129135578E+01  0.0000000000E+00      -2.0301107267E+05  1.1788320603E-04
| Global minimum convergence, d_xhat d_muhat:
  6.4549426200E-02  1.5235122958E-05

| GP model hyperparameters (lengthscales W kappa):
  4.1927342684E-01  2.9444489970E-01 -5.5079656207E+00 -5.7080049370E+00  1.0800671443E-02  1.0969286090E-02
| Next sampling location (x_next, i_next):
  2.2317717805E+02 -1.8927053724E+00  0.0000000000E+00

Iteration time [s]:   26.316        Total time [s]:  627.120

--------------------------------------------------------------------------------
                                BO ITERATION 25                                 
--------------------------------------------------------------------------------
| Evaluating objective function at 2.232E+02 -1.893E+00 0.000E+00
| Objective function evaluated, time [s]       23.211
| Data point added to dataset (x i y): 
  2.2317717805E+02 -1.8927053724E+00  0.0000000000E+00      -2.0301181927E+05

| Total ensemble size: 57
| Best acquisition, x_best i_best y_best:
  2.2317717805E+02 -1.8927053724E+00  0.0000000000E+00      -2.0301181927E+05
| Global minimum prediction, x_hat mu_hat +- nu_hat:
  2.2034742718E+02  1.6103178280E+00  0.0000000000E+00      -2.0301190331E+05  2.4188596608E-03
| Global minimum convergence, d_xhat d_muhat:
  1.7187902624E+01  3.5679357903E-02

| GP model hyperparameters (lengthscales W kappa):
  3.4764042024E-01  2.8421212952E-01 -5.6222671842E+00 -6.0444499261E+00  1.3697256061E-02  1.3728131157E-02
| Next sampling location (x_next, i_next):
  1.7159030577E+02  1.2892589924E+02  0.0000000000E+00

Iteration time [s]:   27.346        Total time [s]:  654.467

--------------------------------------------------------------------------------
                                BO ITERATION 26                                 
--------------------------------------------------------------------------------
| Evaluating objective function at 1.716E+02 1.289E+02 0.000E+00
| Objective function evaluated, time [s]       23.086
| Data point added to dataset (x i y): 
  1.7159030577E+02  1.2892589924E+02  0.0000000000E+00      -2.0299751584E+05

| Total ensemble size: 58
| Best acquisition, x_best i_best y_best:
  2.2317717805E+02 -1.8927053724E+00  0.0000000000E+00      -2.0301181927E+05
| Global minimum prediction, x_hat mu_hat +- nu_hat:
  2.2037931476E+02  1.5244191284E+00  0.0000000000E+00      -2.0301190020E+05  2.2821443997E-03
| Global minimum convergence, d_xhat d_muhat:
  9.1626439034E-02  1.3367506928E-04

| GP model hyperparameters (lengthscales W kappa):
  3.4969115070E-01  2.8200407621E-01 -5.5790430325E+00 -5.9018988567E+00  1.3690261522E-02  1.3712557002E-02
| Next sampling location (x_next, i_next):
  1.2186360426E+02 -1.6399140395E+01  0.0000000000E+00

Iteration time [s]:   27.092        Total time [s]:  681.559

--------------------------------------------------------------------------------
                                BO ITERATION 27                                 
--------------------------------------------------------------------------------
| Evaluating objective function at 1.219E+02 -1.640E+01 0.000E+00
| Objective function evaluated, time [s]       24.118
| Data point added to dataset (x i y): 
  1.2186360426E+02 -1.6399140395E+01  0.0000000000E+00      -2.0299189386E+05

| Total ensemble size: 59
| Best acquisition, x_best i_best y_best:
  2.2317717805E+02 -1.8927053724E+00  0.0000000000E+00      -2.0301181927E+05
| Global minimum prediction, x_hat mu_hat +- nu_hat:
  2.2101601531E+02  6.4664021443E-01  0.0000000000E+00      -2.0301186892E+05  2.0572649190E-03
| Global minimum convergence, d_xhat d_muhat:
  1.0843815835E+00  1.3435347086E-03

| GP model hyperparameters (lengthscales W kappa):
  3.5999823188E-01  2.4176695461E-01 -5.5029629577E+00 -5.6175405426E+00  1.3103388310E-02  1.3133537550E-02
| Next sampling location (x_next, i_next):
  2.7870639524E+02  1.4115133076E+02  0.0000000000E+00

Iteration time [s]:   28.211        Total time [s]:  709.770

--------------------------------------------------------------------------------
                                BO ITERATION 28                                 
--------------------------------------------------------------------------------
| Evaluating objective function at 2.787E+02 1.412E+02 0.000E+00
| Objective function evaluated, time [s]       22.893
| Data point added to dataset (x i y): 
  2.7870639524E+02  1.4115133076E+02  0.0000000000E+00      -2.0300088506E+05

| Total ensemble size: 60
| Best acquisition, x_best i_best y_best:
  2.2317717805E+02 -1.8927053724E+00  0.0000000000E+00      -2.0301181927E+05
| Global minimum prediction, x_hat mu_hat +- nu_hat:
  2.2094715185E+02  7.7017506687E-01  0.0000000000E+00      -2.0301187297E+05  2.0885792897E-03
| Global minimum convergence, d_xhat d_muhat:
  1.4143208813E-01  1.7385558197E-04

| GP model hyperparameters (lengthscales W kappa):
  3.5629737112E-01  2.4717280667E-01 -5.4878667834E+00 -5.6003002261E+00  1.3173657878E-02  1.3201295811E-02
| Next sampling location (x_next, i_next):
  2.5355807495E+02  1.9607667715E+02  0.0000000000E+00

Iteration time [s]:   27.036        Total time [s]:  736.806

--------------------------------------------------------------------------------
                                BO ITERATION 29                                 
--------------------------------------------------------------------------------
| Evaluating objective function at 2.536E+02 1.961E+02 0.000E+00
| Objective function evaluated, time [s]       22.021
| Data point added to dataset (x i y): 
  2.5355807495E+02  1.9607667715E+02  0.0000000000E+00      -2.0300544436E+05

| Total ensemble size: 61
| Best acquisition, x_best i_best y_best:
  2.2317717805E+02 -1.8927053724E+00  0.0000000000E+00      -2.0301181927E+05
| Global minimum prediction, x_hat mu_hat +- nu_hat:
  2.3368081321E+02 -4.9987484271E+00  0.0000000000E+00      -2.0301197767E+05  1.7282405349E-02
| Global minimum convergence, d_xhat d_muhat:
  1.3979506779E+01  4.4974964782E-03

| GP model hyperparameters (lengthscales W kappa):
  5.4105205134E-01  1.4750880840E-01 -5.3517638388E+00 -5.5891271809E+00  1.1585743591E-02  1.1746798812E-02
| Next sampling location (x_next, i_next):
  1.3939880764E+02  1.5060349476E+02  0.0000000000E+00

Iteration time [s]:   27.171        Total time [s]:  763.978

--------------------------------------------------------------------------------
                                BO ITERATION 30                                 
--------------------------------------------------------------------------------
| Evaluating objective function at 1.394E+02 1.506E+02 0.000E+00
| Objective function evaluated, time [s]       23.057
| Data point added to dataset (x i y): 
  1.3939880764E+02  1.5060349476E+02  0.0000000000E+00      -2.0300363569E+05

| Total ensemble size: 62
| Best acquisition, x_best i_best y_best:
  2.2317717805E+02 -1.8927053724E+00  0.0000000000E+00      -2.0301181927E+05
| Global minimum prediction, x_hat mu_hat +- nu_hat:
  2.3337016033E+02 -4.9307110546E+00  0.0000000000E+00      -2.0301197127E+05  1.6011890403E-02
| Global minimum convergence, d_xhat d_muhat:
  3.1801618993E-01  2.7496914673E-04

| GP model hyperparameters (lengthscales W kappa):
  5.3765000376E-01  1.4882727953E-01 -5.3145845146E+00 -5.6001067972E+00  1.1648000375E-02  1.1834257011E-02
| Next sampling location (x_next, i_next):
  3.6621662495E+00  2.4726022115E+02  0.0000000000E+00

Iteration time [s]:   27.862        Total time [s]:  791.840

--------------------------------------------------------------------------------
                                BO ITERATION 31                                 
--------------------------------------------------------------------------------
| Evaluating objective function at 3.662E+00 2.473E+02 0.000E+00
| Objective function evaluated, time [s]       23.148
| Data point added to dataset (x i y): 
  3.6621662495E+00  2.4726022115E+02  0.0000000000E+00      -2.0299312177E+05

| Total ensemble size: 63
| Best acquisition, x_best i_best y_best:
  2.2317717805E+02 -1.8927053724E+00  0.0000000000E+00      -2.0301181927E+05
| Global minimum prediction, x_hat mu_hat +- nu_hat:
  2.3300852844E+02 -4.8729607127E+00  0.0000000000E+00      -2.0301196590E+05  1.4670765133E-02
| Global minimum convergence, d_xhat d_muhat:
  3.6621403491E-01  2.3075389327E-04

| GP model hyperparameters (lengthscales W kappa):
  5.3995772059E-01  1.4943843305E-01 -5.3581837356E+00 -5.4913091990E+00  1.1683525264E-02  1.1795060343E-02
| Next sampling location (x_next, i_next):
 -6.3707149936E-01  1.9971983985E+02  0.0000000000E+00

Iteration time [s]:   28.414        Total time [s]:  820.255

--------------------------------------------------------------------------------
                                BO ITERATION 32                                 
--------------------------------------------------------------------------------
| Evaluating objective function at -6.371E-01 1.997E+02 0.000E+00
| Objective function evaluated, time [s]       23.074
| Data point added to dataset (x i y): 
 -6.3707149936E-01  1.9971983985E+02  0.0000000000E+00      -2.0300589120E+05

| Total ensemble size: 64
| Best acquisition, x_best i_best y_best:
  2.2317717805E+02 -1.8927053724E+00  0.0000000000E+00      -2.0301181927E+05
| Global minimum prediction, x_hat mu_hat +- nu_hat:
  2.3306680647E+02 -4.8735999769E+00  0.0000000000E+00      -2.0301196577E+05  1.4354773398E-02
| Global minimum convergence, d_xhat d_muhat:
  5.8281530614E-02  5.3735708002E-06

| GP model hyperparameters (lengthscales W kappa):
  5.4151321390E-01  1.5064873592E-01 -5.3506375147E+00 -5.5729187041E+00  1.1764691215E-02  1.1899293316E-02
| Next sampling location (x_next, i_next):
  1.9828359004E+02  2.0911080283E+02  0.0000000000E+00

Iteration time [s]:   28.061        Total time [s]:  848.316

--------------------------------------------------------------------------------
                                BO ITERATION 33                                 
--------------------------------------------------------------------------------
| Evaluating objective function at 1.983E+02 2.091E+02 0.000E+00
| Objective function evaluated, time [s]       21.895
| Data point added to dataset (x i y): 
  1.9828359004E+02  2.0911080283E+02  0.0000000000E+00      -2.0300327215E+05

| Total ensemble size: 65
| Best acquisition, x_best i_best y_best:
  2.2317717805E+02 -1.8927053724E+00  0.0000000000E+00      -2.0301181927E+05
| Global minimum prediction, x_hat mu_hat +- nu_hat:
  2.3284892457E+02 -4.8237017656E+00  0.0000000000E+00      -2.0301196122E+05  1.3500141639E-02
| Global minimum convergence, d_xhat d_muhat:
  2.2352260190E-01  1.9540966768E-04

| GP model hyperparameters (lengthscales W kappa):
  5.3952250371E-01  1.5172086923E-01 -5.3232934745E+00 -5.5833285590E+00  1.1890813337E-02  1.2051883788E-02
| Next sampling location (x_next, i_next):
  5.0082043656E+01  2.0758447173E+02  0.0000000000E+00

Iteration time [s]:   27.157        Total time [s]:  875.473

--------------------------------------------------------------------------------
                                BO ITERATION 34                                 
--------------------------------------------------------------------------------
| Evaluating objective function at 5.008E+01 2.076E+02 0.000E+00
| Objective function evaluated, time [s]       23.597
| Data point added to dataset (x i y): 
  5.0082043656E+01  2.0758447173E+02  0.0000000000E+00      -2.0300556060E+05

| Total ensemble size: 66
| Best acquisition, x_best i_best y_best:
  2.2317717805E+02 -1.8927053724E+00  0.0000000000E+00      -2.0301181927E+05
| Global minimum prediction, x_hat mu_hat +- nu_hat:
  2.3326707639E+02 -4.8999436787E+00  0.0000000000E+00      -2.0301196798E+05  1.4172104271E-02
| Global minimum convergence, d_xhat d_muhat:
  4.2504561510E-01  2.9032437031E-04

| GP model hyperparameters (lengthscales W kappa):
  5.4485213889E-01  1.5187283501E-01 -5.3181412915E+00 -5.6580829351E+00  1.1923701573E-02  1.2116884757E-02
| Next sampling location (x_next, i_next):
  2.5151923141E+02  4.3827434815E+01  0.0000000000E+00

Iteration time [s]:   28.468        Total time [s]:  903.942

--------------------------------------------------------------------------------
                                BO ITERATION 35                                 
--------------------------------------------------------------------------------
| Evaluating objective function at 2.515E+02 4.383E+01 0.000E+00
| Objective function evaluated, time [s]       23.376
| Data point added to dataset (x i y): 
  2.5151923141E+02  4.3827434815E+01  0.0000000000E+00      -2.0299883746E+05

| Total ensemble size: 67
| Best acquisition, x_best i_best y_best:
  2.2317717805E+02 -1.8927053724E+00  0.0000000000E+00      -2.0301181927E+05
| Global minimum prediction, x_hat mu_hat +- nu_hat:
  2.2209766887E+02 -6.3578803803E-01  0.0000000000E+00      -2.0301183467E+05  5.4529247103E-04
| Global minimum convergence, d_xhat d_muhat:
  1.1955696869E+01  5.7262410303E-03

| GP model hyperparameters (lengthscales W kappa):
  3.9980852984E-01  2.1377742238E-01 -5.3148089022E+00 -5.5751665120E+00  1.4162882743E-02  1.4138906840E-02
| Next sampling location (x_next, i_next):
 -5.0000000000E+01  2.1321544065E+02  0.0000000000E+00

Iteration time [s]:   28.187        Total time [s]:  932.130

--------------------------------------------------------------------------------
                                BO ITERATION 36                                 
--------------------------------------------------------------------------------
| Evaluating objective function at -5.000E+01 2.132E+02 0.000E+00
| Objective function evaluated, time [s]       21.960
| Data point added to dataset (x i y): 
 -5.0000000000E+01  2.1321544065E+02  0.0000000000E+00      -2.0300308155E+05

| Total ensemble size: 68
| Best acquisition, x_best i_best y_best:
  2.2317717805E+02 -1.8927053724E+00  0.0000000000E+00      -2.0301181927E+05
| Global minimum prediction, x_hat mu_hat +- nu_hat:
  2.2205171000E+02 -5.7815232754E-01  0.0000000000E+00      -2.0301183593E+05  5.7742169042E-04
| Global minimum convergence, d_xhat d_muhat:
  7.3716301840E-02  5.3911817672E-05

| GP model hyperparameters (lengthscales W kappa):
  3.9974149979E-01  2.1510706591E-01 -5.3007535224E+00 -5.5893189279E+00  1.4415165577E-02  1.4361431651E-02
| Next sampling location (x_next, i_next):
  2.1627918544E+02  5.8635244557E+00  0.0000000000E+00

Iteration time [s]:   26.776        Total time [s]:  958.906

--------------------------------------------------------------------------------
                                BO ITERATION 37                                 
--------------------------------------------------------------------------------
| Evaluating objective function at 2.163E+02 5.864E+00 0.000E+00
| Objective function evaluated, time [s]       23.212
| Data point added to dataset (x i y): 
  2.1627918544E+02  5.8635244557E+00  0.0000000000E+00      -2.0301185753E+05

| Total ensemble size: 69
| Best acquisition, x_best i_best y_best:
  2.1627918544E+02  5.8635244557E+00  0.0000000000E+00      -2.0301185753E+05
| Global minimum prediction, x_hat mu_hat +- nu_hat:
  2.1886957053E+02  2.5116851146E+00  0.0000000000E+00      -2.0301195162E+05  2.5903194501E-04
| Global minimum convergence, d_xhat d_muhat:
  4.4354376382E+00  4.9615696891E-03

| GP model hyperparameters (lengthscales W kappa):
  3.7972920460E-01  2.2739569718E-01 -5.3567088598E+00 -5.7518846847E+00  2.0995789884E-02  1.9652534111E-02
| Next sampling location (x_next, i_next):
  9.0057348652E+01  1.5596435578E+02  0.0000000000E+00

Iteration time [s]:   28.158        Total time [s]:  987.065

--------------------------------------------------------------------------------
                                BO ITERATION 38                                 
--------------------------------------------------------------------------------
| Evaluating objective function at 9.006E+01 1.560E+02 0.000E+00
| Objective function evaluated, time [s]       23.050
| Data point added to dataset (x i y): 
  9.0057348652E+01  1.5596435578E+02  0.0000000000E+00      -2.0300610671E+05

| Total ensemble size: 70
| Best acquisition, x_best i_best y_best:
  2.1627918544E+02  5.8635244557E+00  0.0000000000E+00      -2.0301185753E+05
| Global minimum prediction, x_hat mu_hat +- nu_hat:
  2.1890180409E+02  2.5116595141E+00  0.0000000000E+00      -2.0301194984E+05  2.3921142381E-04
| Global minimum convergence, d_xhat d_muhat:
  3.2233576337E-02  7.6340718922E-05

| GP model hyperparameters (lengthscales W kappa):
  3.8495438512E-01  2.2861450193E-01 -5.3687588523E+00 -5.8328881779E+00  2.2232415947E-02  2.0350091647E-02
| Next sampling location (x_next, i_next):
  1.6249236659E+02  2.0197115386E+02  0.0000000000E+00

Iteration time [s]:   28.012        Total time [s]: 1015.077

--------------------------------------------------------------------------------
                                BO ITERATION 39                                 
--------------------------------------------------------------------------------
| Evaluating objective function at 1.625E+02 2.020E+02 0.000E+00
| Objective function evaluated, time [s]       22.139
| Data point added to dataset (x i y): 
  1.6249236659E+02  2.0197115386E+02  0.0000000000E+00      -2.0300548783E+05

| Total ensemble size: 71
| Best acquisition, x_best i_best y_best:
  2.1627918544E+02  5.8635244557E+00  0.0000000000E+00      -2.0301185753E+05
| Global minimum prediction, x_hat mu_hat +- nu_hat:
  2.1892148253E+02  2.5120157521E+00  0.0000000000E+00      -2.0301194818E+05  2.2300367795E-04
| Global minimum convergence, d_xhat d_muhat:
  1.9681665002E-02  7.1155169473E-05

| GP model hyperparameters (lengthscales W kappa):
  3.9150091491E-01  2.2886267046E-01 -5.3789121131E+00 -5.8950748815E+00  2.3753556992E-02  2.1218164447E-02
| Next sampling location (x_next, i_next):
  2.1721550114E+02  2.4988816440E+00  0.0000000000E+00

Iteration time [s]:   27.282        Total time [s]: 1042.359

--------------------------------------------------------------------------------
                                BO ITERATION 40                                 
--------------------------------------------------------------------------------
| Evaluating objective function at 2.172E+02 2.499E+00 0.000E+00
| Objective function evaluated, time [s]       23.344
| Data point added to dataset (x i y): 
  2.1721550114E+02  2.4988816440E+00  0.0000000000E+00      -2.0301182030E+05

| Total ensemble size: 72
| Best acquisition, x_best i_best y_best:
  2.1627918544E+02  5.8635244557E+00  0.0000000000E+00      -2.0301185753E+05
| Global minimum prediction, x_hat mu_hat +- nu_hat:
  2.2043500872E+02  2.8371210523E+00  0.0000000000E+00      -2.0301192531E+05  7.3879796371E-04
| Global minimum convergence, d_xhat d_muhat:
  1.5480487643E+00  9.8097804176E-04

| GP model hyperparameters (lengthscales W kappa):
  3.4962905560E-01  2.1060729854E-01  5.2925821249E+00  6.1083420344E+00  1.4476507716E-02  1.4329992909E-02
| Next sampling location (x_next, i_next):
  3.5830141874E+01 -4.5133908722E+01  0.0000000000E+00

Iteration time [s]:   28.742        Total time [s]: 1071.102

--------------------------------------------------------------------------------
                                BO ITERATION 41                                 
--------------------------------------------------------------------------------
| Evaluating objective function at 3.583E+01 -4.513E+01 0.000E+00
| Objective function evaluated, time [s]       23.250
| Data point added to dataset (x i y): 
  3.5830141874E+01 -4.5133908722E+01  0.0000000000E+00      -2.0299309680E+05

| Total ensemble size: 73
| Best acquisition, x_best i_best y_best:
  2.1627918544E+02  5.8635244557E+00  0.0000000000E+00      -2.0301185753E+05
| Global minimum prediction, x_hat mu_hat +- nu_hat:
  2.2039575410E+02  2.8608836754E+00  0.0000000000E+00      -2.0301192563E+05  7.6670981996E-04
| Global minimum convergence, d_xhat d_muhat:
  4.5886680364E-02  1.3640229749E-05

| GP model hyperparameters (lengthscales W kappa):
  3.4363841712E-01  2.1273941342E-01  5.2921293764E+00  5.9490824116E+00  1.4622750209E-02  1.4469006624E-02
| Next sampling location (x_next, i_next):
  1.8001890788E+02  2.7695943224E+01  0.0000000000E+00

Iteration time [s]:   28.550        Total time [s]: 1099.652

--------------------------------------------------------------------------------
                                BO ITERATION 42                                 
--------------------------------------------------------------------------------
| Evaluating objective function at 1.800E+02 2.770E+01 0.000E+00
| Objective function evaluated, time [s]       23.188
| Data point added to dataset (x i y): 
  1.8001890788E+02  2.7695943224E+01  0.0000000000E+00      -2.0300617279E+05

| Total ensemble size: 74
| Best acquisition, x_best i_best y_best:
  2.1627918544E+02  5.8635244557E+00  0.0000000000E+00      -2.0301185753E+05
| Global minimum prediction, x_hat mu_hat +- nu_hat:
  2.2043483560E+02  2.8975700208E+00  0.0000000000E+00      -2.0301192900E+05  7.0175820322E-04
| Global minimum convergence, d_xhat d_muhat:
  5.3602715265E-02  1.4475779790E-04

| GP model hyperparameters (lengthscales W kappa):
  3.4503959247E-01  2.1270454239E-01  5.2706418758E+00  6.0088271297E+00  1.4070482436E-02  1.4030514524E-02
| Next sampling location (x_next, i_next):
  2.9452881315E+01  1.1953715745E+02  0.0000000000E+00

Iteration time [s]:   28.479        Total time [s]: 1128.132

--------------------------------------------------------------------------------
                                BO ITERATION 43                                 
--------------------------------------------------------------------------------
| Evaluating objective function at 2.945E+01 1.195E+02 0.000E+00
| Objective function evaluated, time [s]       23.035
| Data point added to dataset (x i y): 
  2.9452881315E+01  1.1953715745E+02  0.0000000000E+00      -2.0299505348E+05

| Total ensemble size: 75
| Best acquisition, x_best i_best y_best:
  2.1627918544E+02  5.8635244557E+00  0.0000000000E+00      -2.0301185753E+05
| Global minimum prediction, x_hat mu_hat +- nu_hat:
  2.2041312411E+02  2.8963170747E+00  0.0000000000E+00      -2.0301192839E+05  6.9314889812E-04
| Global minimum convergence, d_xhat d_muhat:
  2.1747605866E-02  2.6397900042E-05

| GP model hyperparameters (lengthscales W kappa):
  3.4491593912E-01  2.1248852427E-01  5.2604576548E+00  5.8835756581E+00  1.4148789403E-02  1.4099904493E-02
| Next sampling location (x_next, i_next):
  2.3458315740E+02  2.6862406639E+02  0.0000000000E+00

Iteration time [s]:   28.404        Total time [s]: 1156.536

--------------------------------------------------------------------------------
                                BO ITERATION 44                                 
--------------------------------------------------------------------------------
| Evaluating objective function at 2.346E+02 2.686E+02 0.000E+00
| Objective function evaluated, time [s]       23.116
| Data point added to dataset (x i y): 
  2.3458315740E+02  2.6862406639E+02  0.0000000000E+00      -2.0298842308E+05

| Total ensemble size: 76
| Best acquisition, x_best i_best y_best:
  2.1627918544E+02  5.8635244557E+00  0.0000000000E+00      -2.0301185753E+05
| Global minimum prediction, x_hat mu_hat +- nu_hat:
  2.2035830989E+02  2.9081663384E+00  0.0000000000E+00      -2.0301192751E+05  6.8776245952E-04
| Global minimum convergence, d_xhat d_muhat:
  5.6080336377E-02  3.7648955356E-05

| GP model hyperparameters (lengthscales W kappa):
  3.4321908639E-01  2.1452294696E-01  5.3293013643E+00  5.7554107889E+00  1.4295662882E-02  1.4240112927E-02
| Next sampling location (x_next, i_next):
 -4.3732094820E+01  1.4855831103E+02  0.0000000000E+00

Iteration time [s]:   28.388        Total time [s]: 1184.924

--------------------------------------------------------------------------------
                                BO ITERATION 45                                 
--------------------------------------------------------------------------------
| Evaluating objective function at -4.373E+01 1.486E+02 0.000E+00
| Objective function evaluated, time [s]       22.931
| Data point added to dataset (x i y): 
 -4.3732094820E+01  1.4855831103E+02  0.0000000000E+00      -2.0300378310E+05

| Total ensemble size: 77
| Best acquisition, x_best i_best y_best:
  2.1627918544E+02  5.8635244557E+00  0.0000000000E+00      -2.0301185753E+05
| Global minimum prediction, x_hat mu_hat +- nu_hat:
  2.2036954710E+02  2.9000203002E+00  0.0000000000E+00      -2.0301192734E+05  6.7972123288E-04
| Global minimum convergence, d_xhat d_muhat:
  1.3879226458E-02  7.2286903273E-06

| GP model hyperparameters (lengthscales W kappa):
  3.4439725714E-01  2.1406499998E-01  5.3163810550E+00  5.7745478870E+00  1.4354633495E-02  1.4285800203E-02
| Next sampling location (x_next, i_next):
  2.7359301591E+02  1.7792215341E+02  0.0000000000E+00

Iteration time [s]:   28.119        Total time [s]: 1213.044

--------------------------------------------------------------------------------
                                BO ITERATION 46                                 
--------------------------------------------------------------------------------
| Evaluating objective function at 2.736E+02 1.779E+02 0.000E+00
| Objective function evaluated, time [s]       23.294
| Data point added to dataset (x i y): 
  2.7359301591E+02  1.7792215341E+02  0.0000000000E+00      -2.0300779235E+05

| Total ensemble size: 78
| Best acquisition, x_best i_best y_best:
  2.1627918544E+02  5.8635244557E+00  0.0000000000E+00      -2.0301185753E+05
| Global minimum prediction, x_hat mu_hat +- nu_hat:
  2.2039658189E+02  2.9350110971E+00  0.0000000000E+00      -2.0301193031E+05  6.9672600919E-04
| Global minimum convergence, d_xhat d_muhat:
  4.4218046398E-02  1.2699683447E-04

| GP model hyperparameters (lengthscales W kappa):
  3.3929594331E-01  2.2016288697E-01  5.3376810352E+00  5.8873562428E+00  1.4765238687E-02  1.4601917620E-02
| Next sampling location (x_next, i_next):
  2.2163115179E+02  4.1153715403E+00  0.0000000000E+00

Iteration time [s]:   28.650        Total time [s]: 1241.694

--------------------------------------------------------------------------------
                                BO ITERATION 47                                 
--------------------------------------------------------------------------------
| Evaluating objective function at 2.216E+02 4.115E+00 0.000E+00
| Objective function evaluated, time [s]       23.183
| Data point added to dataset (x i y): 
  2.2163115179E+02  4.1153715403E+00  0.0000000000E+00      -2.0301209549E+05

| Total ensemble size: 79
| Best acquisition, x_best i_best y_best:
  2.2163115179E+02  4.1153715403E+00  0.0000000000E+00      -2.0301209549E+05
| Global minimum prediction, x_hat mu_hat +- nu_hat:
  2.2171726701E+02  4.3494725861E+00  0.0000000000E+00      -2.0301209626E+05  6.1054397618E-07
| Global minimum convergence, d_xhat d_muhat:
  1.9351771206E+00  7.0103296352E-03

| GP model hyperparameters (lengthscales W kappa):
  3.0093985842E-01  2.2503203333E-01 -5.4732962566E+00 -6.1895924415E+00  1.5917155639E-02  1.5431679855E-02
| Next sampling location (x_next, i_next):
  1.9295368376E+02  1.6215346913E+02  0.0000000000E+00

Iteration time [s]:   28.612        Total time [s]: 1270.307

--------------------------------------------------------------------------------
                                BO ITERATION 48                                 
--------------------------------------------------------------------------------
| Evaluating objective function at 1.930E+02 1.622E+02 0.000E+00
| Objective function evaluated, time [s]       21.803
| Data point added to dataset (x i y): 
  1.9295368376E+02  1.6215346913E+02  0.0000000000E+00      -2.0300603428E+05

| Total ensemble size: 80
| Best acquisition, x_best i_best y_best:
  2.2163115179E+02  4.1153715403E+00  0.0000000000E+00      -2.0301209549E+05
| Global minimum prediction, x_hat mu_hat +- nu_hat:
  2.2173083324E+02  4.3601107961E+00  0.0000000000E+00      -2.0301209636E+05  6.4785383982E-07
| Global minimum convergence, d_xhat d_muhat:
  1.7239896903E-02  4.2210704969E-06

| GP model hyperparameters (lengthscales W kappa):
  2.9813220759E-01  2.2771598142E-01 -5.4853240792E+00 -6.2606857247E+00  1.6453422568E-02  1.5776555442E-02
| Next sampling location (x_next, i_next):
  1.1049839424E+02  2.9312277740E+02  0.0000000000E+00

Iteration time [s]:   27.186        Total time [s]: 1297.493

--------------------------------------------------------------------------------
                                BO ITERATION 49                                 
--------------------------------------------------------------------------------
| Evaluating objective function at 1.105E+02 2.931E+02 0.000E+00
| Objective function evaluated, time [s]       23.119
| Data point added to dataset (x i y): 
  1.1049839424E+02  2.9312277740E+02  0.0000000000E+00      -2.0299118265E+05

| Total ensemble size: 81
| Best acquisition, x_best i_best y_best:
  2.2163115179E+02  4.1153715403E+00  0.0000000000E+00      -2.0301209549E+05
| Global minimum prediction, x_hat mu_hat +- nu_hat:
  2.2170890449E+02  4.3482039992E+00  0.0000000000E+00      -2.0301209623E+05  5.9390979770E-07
| Global minimum convergence, d_xhat d_muhat:
  2.4952793901E-02  5.5762160788E-06

| GP model hyperparameters (lengthscales W kappa):
  2.9857297519E-01  2.2611726809E-01 -5.4840202703E+00 -6.0975082786E+00  1.6447722835E-02  1.5901812370E-02
| Next sampling location (x_next, i_next):
  2.7912780542E+02  2.0337907019E+02  0.0000000000E+00

Iteration time [s]:   28.495        Total time [s]: 1325.989

--------------------------------------------------------------------------------
                                BO ITERATION 50                                 
--------------------------------------------------------------------------------
| Evaluating objective function at 2.791E+02 2.034E+02 0.000E+00
| Objective function evaluated, time [s]       21.783
| Data point added to dataset (x i y): 
  2.7912780542E+02  2.0337907019E+02  0.0000000000E+00      -2.0300500046E+05

| Total ensemble size: 82
| Best acquisition, x_best i_best y_best:
  2.2163115179E+02  4.1153715403E+00  0.0000000000E+00      -2.0301209549E+05
| Global minimum prediction, x_hat mu_hat +- nu_hat:
  2.2172464888E+02  4.3471197617E+00  0.0000000000E+00      -2.0301209628E+05  5.8101936231E-07
| Global minimum convergence, d_xhat d_muhat:
  1.5781683849E-02  1.8720801807E-06

| GP model hyperparameters (lengthscales W kappa):
  3.0064106535E-01  2.2673674010E-01 -5.4733061806E+00 -6.1307255052E+00  1.6841932405E-02  1.6143353387E-02
| Next sampling location (x_next, i_next):
  1.8365035164E+02  8.6244836077E+01  0.0000000000E+00

Iteration time [s]:   27.875        Total time [s]: 1353.865

|| Bayesian optimization completed, time [s]     1353.856


--------------------------------------------------------------------------------
                        BOSS is done! Have a nice day :)                        

      Datetime 05-08-2020 19:02:06            Total time [s]     1353.865       
--------------------------------------------------------------------------------
