305.0730029000_-22.7337155000_-5.0744220000_219.3830921000
-10.1141619000_70.0000000000_2.2554047000_196.0486566000
11.6879218000_61.3550184000_13.7397686000_158.1854143000
22.1678590000_-28.6181087000_-10.8009611000_163.8749889000
8.6844088000_17.1619527000_7.7055291000_175.4697327000
.3976583000_2.2083757000_-7.2954854000_108.5269748000
73.3085416000_65.7907148000_18.1830630000_178.1653467000
48.5076621000_49.0482546000_104.7532801000_181.2295505000
169.7505008000_53.3923252000_174.2914091000_18.9487058000
86.9812185000_4.5842338000_83.2194549000_-26.5702406000
54.2003045000_63.0615762000_235.4177702000_185.6274951000
275.8061943000_-37.7806960000_108.1771696000_37.3749288000
70.1036574000_63.6375658000_267.5571761000_37.5682920000
206.9467422000_25.6529305000_193.7493970000_295.4046318000
172.6058345000_-50.0000000000_194.9593212000_188.1662937000
178.8757492000_54.8548856000_-26.8450061000_63.8565590000
-.8986601000_35.8819205000_192.0948257000_9.6852093000
52.0209486000_.7304660000_186.5966515000_187.0057256000
16.0784979000_-44.0665384000_177.9695227000_192.4421243000
75.4301465000_.8806670000_20.0532285000_200.8949658000
64.5157534000_52.3027293000_187.6119590000_165.5346582000
68.6322382000_-48.3066768000_226.6813015000_-24.5101912000
141.5513779000_-22.9891228000_265.4730696000_-1.0289102000
56.7119480000_70.0000000000_125.6508058000_18.7124407000
57.9924973000_37.8316149000_310.0000000000_176.4082619000
184.9454948000_8.5262008000_192.6091136000_185.1976554000
27.1496259000_-50.0000000000_152.5457794000_279.4879896000
35.3551154000_61.3675901000_-13.5872295000_-3.1486975000
63.8577796000_-42.8985999000_170.7685739000_183.9377421000
47.5573776000_-50.0000000000_-25.4240803000_184.9728278000
26.0303862000_-21.7708422000_252.8180205000_3.0086955000
59.4904633000_47.1896189000_189.0964849000_191.9203572000
66.7721437000_-32.9646161000_245.3950842000_171.0801717000
49.5743826000_70.0000000000_63.6108741000_167.0586510000
300.9240894000_49.9702284000_71.5501425000_173.2356557000
309.4335311000_51.1817950000_264.0315861000_169.2293036000
308.6677454000_-9.1061732000_162.8572060000_172.6492036000
281.8779817000_46.3199047000_152.7113343000_135.4691455000
250.9148850000_30.1265719000_-50.0000000000_2.3468015000
310.0000000000_59.2418585000_165.4746095000_187.0859268000
291.1854471000_70.0000000000_-5.0342132000_169.8268222000
296.9980433000_31.5800936000_-16.1396308000_181.3678692000
81.5528611000_32.9654122000_226.8387117000_5.1867090000
23.1706379000_46.7404122000_229.0345208000_169.9219483000
108.4029501000_-50.0000000000_-37.2173211000_276.6430298000
-9.1829802000_-47.5930793000_262.4172554000_172.6401950000
68.6591707000_64.6648671000_67.1649134000_198.7032009000
42.8452582000_-49.2769356000_214.7867632000_172.7815457000
217.0885715000_70.0000000000_90.2962570000_-12.8350532000
261.0811619000_-30.0085049000_129.7251841000_-20.2288741000
203.0774722000_70.0000000000_38.6718060000_310.0000000000
201.4315268000_-20.5281366000_69.9265861000_7.9689880000
186.8584357000_38.5628197000_72.8552495000_-5.9077061000
179.2289549000_-41.8810784000_117.8183563000_-11.7995512000
202.4287063000_66.3256244000_38.4733963000_5.7196296000
220.7424344000_29.2507607000_115.4523333000_6.6656940000
111.4595421000_-1.0827085000_92.3412767000_46.4661607000
214.9384105000_-3.5005943000_52.0342204000_-16.1335533000
-30.1382298000_57.1135446000_64.0865899000_-7.3644058000
210.7055052000_39.8125098000_29.8533668000_158.5957901000
248.0827645000_-14.0978063000_56.1265975000_181.6403218000
30.9202940000_30.6021583000_277.1240680000_-32.4811058000
228.5240272000_53.7485238000_-16.9073181000_200.9087514000
121.8115039000_62.7164085000_63.7496283000_4.4833085000
206.5468695000_59.1034920000_220.4900171000_-13.6665910000
28.9019166000_43.1318323000_172.3030255000_64.3193945000
276.7518608000_46.7761943000_85.4597788000_245.4092211000
222.4475756000_-22.4344231000_77.8136893000_95.6787138000
-25.3118467000_-47.2831284000_298.5985087000_36.8264451000
28.7653765000_7.4806330000_22.2164533000_27.2389901000
74.6200375000_19.4254562000_57.2037092000_167.3490105000
104.0437750000_.0650510000_310.0000000000_166.8261345000
-19.1042022000_31.7841077000_131.8316742000_169.2751666000
254.9637994000_52.8779363000_56.1790947000_180.1173211000
281.4102271000_65.9176114000_260.5729860000_206.1787091000
210.8451393000_-38.5999506000_123.3649830000_8.3113462000
161.6549180000_-39.6161383000_36.2326378000_172.7188918000
76.1296112000_-22.4958414000_187.3299404000_16.3492801000
188.8731964000_32.0773352000_269.6424692000_220.9077883000
-39.5211144000_.8666611000_260.2597828000_182.3982026000
275.3899149000_27.7596318000_239.8893291000_69.5590225000
139.6273713000_36.6582815000_16.3204856000_183.8762536000
128.3063483000_43.3365680000_177.9726402000_-30.3260799000
126.8993613000_58.6130625000_15.3680934000_142.0318798000
305.4521828000_-21.1042990000_216.4884540000_247.5950735000
33.4076602000_4.5734778000_268.1796666000_175.8663240000
28.0257859000_-39.0907443000_147.0339981000_-16.7953029000
-20.0949747000_46.9069460000_293.2778675000_188.6148088000
43.9620351000_43.2476995000_35.9200091000_186.4559789000
293.8151038000_-42.7660004000_101.0838459000_190.2528050000
303.5032147000_69.2611024000_241.2191767000_-3.9729333000
-32.8823825000_-36.4250363000_80.0052980000_162.5551075000
244.5231254000_60.8432996000_64.3042905000_3.1834815000
220.7957464000_48.6637093000_65.7139866000_23.8809707000
272.3260387000_70.0000000000_23.7634347000_23.1020188000
262.4044022000_-27.4985696000_49.5617799000_8.4465261000
252.5522603000_36.8246302000_300.4928910000_171.8532900000
125.3197064000_57.7090362000_225.6396786000_91.1259941000
272.2835592000_30.7569630000_44.5226771000_18.8724218000
184.4993470000_-7.6897082000_-10.2807485000_177.5680224000
warning in stationary: failed to import cython module: falling back to numpy
warning in coregionalize: failed to import cython module: falling back to numpy
warning in choleskies: failed to import cython module: falling back to numpy
