242.2612281000_46.7989772000_-29.1412697000_254.5503017000
253.2177766000_-21.4537626000_284.9678768000_156.2219865000
-45.1607154000_-31.8020948000_268.5763738000_150.7213965000
-26.5759501000_1.1910385000_301.1880404000_159.6036825000
310.0000000000_-30.5869231000_-37.0740318000_115.8865707000
-34.5568251000_-18.5049231000_247.6678794000_187.2756063000
23.4098252000_-34.2479713000_245.3150209000_174.2753855000
-14.3614790000_58.5019238000_208.2894175000_176.3203162000
.4700267000_-15.3487068000_194.6543399000_158.0517741000
6.9743354000_52.3207561000_269.3324376000_196.6804388000
36.4671566000_45.2625380000_248.2018624000_140.0252480000
11.3208303000_23.7768057000_203.1004688000_225.7249756000
48.7704648000_-27.3476831000_310.0000000000_204.0596617000
-4.2325416000_-50.0000000000_66.0772587000_187.3746665000
161.7178721000_57.5650838000_195.1454036000_19.9382690000
299.7949267000_-37.2375253000_132.3514937000_197.9848563000
33.6394757000_23.1149904000_73.5904578000_10.8910188000
-34.7569198000_-46.4216421000_-29.3254326000_189.0431278000
136.3091603000_-6.0659436000_106.2565152000_-35.7008202000
288.8716974000_22.9730509000_180.9196547000_35.6136270000
80.3480113000_61.8820281000_-42.9345105000_40.4678616000
49.7116396000_53.5663849000_7.6086764000_172.9646905000
51.0087980000_51.4273351000_115.5833461000_184.1904136000
42.1556679000_22.8848772000_45.8801416000_185.9174355000
64.4330471000_53.9356225000_48.9932894000_222.9559116000
284.9886433000_34.2319731000_97.7208013000_171.9802678000
234.3534586000_6.4426928000_146.9396224000_195.5383475000
34.9453229000_62.9928663000_82.5263810000_145.7634983000
201.4178296000_-22.9999416000_32.1994515000_40.4488515000
52.2291860000_43.6039484000_220.5752305000_-35.1390421000
185.4603275000_50.1465604000_250.2300147000_80.0883131000
216.8364143000_44.7875258000_21.3395145000_-3.9015391000
219.4497756000_-20.0756275000_261.7292676000_-4.6190038000
278.1328922000_41.4185896000_246.0028765000_181.5948852000
66.4157315000_60.0817371000_250.3079134000_176.5670718000
-7.7565195000_70.0000000000_124.1798974000_-4.5212204000
21.7687142000_-13.9458566000_82.3952783000_288.1706262000
167.0182217000_64.5897497000_196.4863473000_186.7960116000
118.5369976000_50.7807064000_-3.6581924000_-10.4117741000
65.5374188000_-21.1720887000_183.1813065000_17.4786769000
54.6451324000_29.5181958000_281.8842868000_178.0973419000
147.9554661000_19.2196101000_72.3075660000_29.0487998000
47.2774780000_-49.3465434000_195.7540982000_195.8902178000
5.6772153000_44.4485380000_279.9925667000_5.8397569000
279.4085187000_59.8336576000_160.4172528000_157.2521898000
274.1452878000_-47.1065206000_49.7769043000_18.4583702000
-22.6487863000_-25.0943750000_37.2079052000_33.5520349000
254.6496240000_65.3537834000_120.0298010000_-10.2801506000
239.6304957000_57.5609894000_75.3410390000_41.1667047000
293.3025607000_30.7698159000_33.6165493000_-7.6631835000
278.0462097000_55.3269121000_-29.8444091000_6.3799834000
-50.0000000000_23.8478141000_40.2407143000_203.6526962000
263.0883566000_-6.5002518000_46.8286448000_-.8268008000
66.1699712000_-33.3384068000_55.9577758000_178.2988933000
99.7282650000_23.1360929000_235.4673405000_4.5991110000
219.6734829000_32.7760096000_28.1838402000_164.7437977000
278.0046555000_-25.3652266000_49.3758724000_175.7966505000
93.3614028000_42.1675368000_36.3744204000_170.1750652000
78.5776872000_-39.2346701000_-43.3781113000_147.6553393000
84.9070528000_54.2595596000_133.7953665000_3.9656804000
283.5085876000_-35.8562758000_41.9841143000_-15.7671913000
119.7477403000_50.7817926000_255.4622211000_280.5093945000
168.7751472000_15.5776817000_238.5907234000_177.3282014000
-33.3158175000_13.7735792000_186.4368768000_-22.3256954000
263.3971354000_54.5927979000_55.9307035000_188.9098404000
61.7093846000_66.0278603000_186.4181908000_165.8011112000
46.2235205000_42.2186140000_206.2698940000_179.9280207000
68.1133076000_-9.8285098000_206.3714312000_182.1165064000
293.1366755000_47.9703936000_18.6446601000_162.4528354000
48.4603450000_-47.8045023000_-3.4006494000_-14.6127457000
171.6205360000_68.3043042000_43.4211294000_156.2965406000
296.8112101000_-50.0000000000_234.3021606000_208.9874993000
52.6034511000_58.9305171000_52.3201784000_183.2414988000
31.3093057000_-21.6439620000_130.9771679000_186.4202246000
183.4557383000_-33.5119160000_61.9962907000_3.5640390000
78.3512267000_47.7679203000_179.5762308000_187.2860711000
146.6098692000_-26.3200342000_310.0000000000_14.8762604000
158.8503854000_-11.4022584000_23.9534858000_187.4507122000
57.4096795000_42.0955624000_192.4043596000_52.5046208000
83.2461743000_65.2422665000_-13.1335142000_186.8916529000
-14.4741388000_37.1856457000_121.7260617000_180.7655502000
39.7204485000_63.6257462000_301.5059335000_175.4901667000
188.3511123000_35.0495773000_163.9869928000_166.5833223000
199.4928912000_-12.5682674000_128.7931903000_14.1765598000
77.8428028000_-1.1736791000_-2.9365696000_177.1603944000
295.8153283000_50.6837746000_71.7240858000_-2.6041669000
61.5506681000_-50.0000000000_230.8949388000_-1.3686061000
52.8282758000_18.7501296000_-26.3588364000_-18.3663851000
241.8606241000_-34.8186997000_31.2572351000_-.5779991000
264.5526221000_14.4161765000_42.8359088000_-43.3191241000
184.4224592000_-50.0000000000_183.4414098000_-37.7845054000
293.1701567000_-2.3867771000_3.9054217000_-1.7156051000
92.6388172000_-37.5023293000_58.9582269000_11.1716243000
267.1756686000_20.5412358000_27.0154423000_29.7848416000
253.5110684000_9.7935743000_66.4539137000_120.7784848000
295.9824139000_16.3576013000_196.0833028000_178.6469628000
268.4574094000_15.8160519000_310.0000000000_193.8421232000
204.3805756000_-41.9642929000_8.2789715000_189.9919981000
58.6092879000_18.3127342000_135.8706092000_170.2955792000
4.4639364000_44.4829159000_23.7756012000_-23.2898457000
warning in stationary: failed to import cython module: falling back to numpy
warning in coregionalize: failed to import cython module: falling back to numpy
warning in choleskies: failed to import cython module: falling back to numpy
