254.8604275000_42.3003161000_266.0624339000_59.1338991000
26.2704037000_63.6683669000_240.8188364000_189.8022696000
307.4210636000_58.4647566000_130.3214578000_182.6096403000
55.7114740000_63.7957278000_27.7058507000_186.0131521000
198.8762070000_61.1749038000_74.5217485000_4.0501001000
280.9205846000_-50.0000000000_38.8735060000_.1757408000
61.2288044000_61.9563935000_188.8739940000_180.8191589000
179.7016717000_56.2392221000_5.2352851000_179.9087610000
299.2258537000_45.0697220000_11.3147804000_24.2420070000
174.9162681000_61.9431197000_194.8942662000_184.9477682000
68.8797012000_65.4204284000_258.1558114000_178.3584352000
-40.9151282000_43.3087325000_284.2117662000_173.1952197000
79.1724558000_45.1462791000_201.4664481000_6.7945858000
234.2630087000_62.6543479000_62.9240272000_15.2151738000
185.4040230000_-27.6353847000_-24.9995538000_161.7373328000
178.1444449000_33.9657385000_-24.0698337000_228.5940005000
92.5986925000_-47.4003789000_-12.2497515000_192.1429353000
160.6501470000_32.4466227000_119.9643798000_-21.6109066000
198.5556872000_39.4582549000_66.5766359000_19.5571156000
45.3133285000_58.4893793000_227.0722782000_167.8357664000
216.4048201000_-50.0000000000_111.5368400000_262.6843270000
303.9952883000_-44.7338511000_244.3355541000_179.8547504000
56.6433187000_62.4623845000_110.9762870000_180.0062017000
288.1746193000_-50.0000000000_-18.8673069000_176.9020578000
209.1534244000_-44.1659923000_55.3420506000_15.4742327000
58.3349233000_55.3572085000_231.9293609000_191.5178562000
37.3322257000_60.3736229000_-22.1649439000_181.2970990000
261.7394020000_60.3714579000_17.3122629000_5.9842532000
74.3862557000_65.6940497000_-26.6083612000_153.9834856000
310.0000000000_21.8166473000_32.3937658000_-26.8434664000
52.9060616000_-35.8142510000_223.4992206000_181.4473167000
-42.0155972000_45.4028109000_44.3043552000_176.3071003000
-34.0814628000_67.5380119000_-12.6559757000_142.2557385000
-45.4422685000_-50.0000000000_236.2003488000_-.9359700000
92.7130221000_-31.9008055000_174.8657329000_30.3522411000
23.7713454000_66.8990121000_218.9148364000_17.0479216000
56.2909741000_-47.1165384000_-50.0000000000_191.4555361000
145.0882303000_70.0000000000_39.6657705000_177.8495430000
120.1550163000_62.0087737000_258.5201467000_150.5079556000
23.3776453000_54.9249237000_45.9816493000_183.2082780000
68.3454428000_-38.9405317000_238.3445373000_-9.2969916000
60.0133737000_65.9658579000_-6.2070551000_11.8319317000
60.1859825000_-17.7929935000_74.3911116000_-6.5504598000
221.7900090000_-47.7081703000_68.4944268000_-3.2094689000
266.5857427000_53.6505804000_68.0099340000_-6.9801998000
-16.7680411000_-25.3964288000_219.3124032000_181.5278585000
247.6843952000_44.7218838000_40.8000042000_173.5562511000
254.4679741000_-50.0000000000_170.2995540000_163.8797449000
257.4265136000_-39.9049742000_69.0889642000_-5.0617084000
63.0844343000_69.0081345000_139.3280202000_-29.6187228000
201.2836451000_-45.7098252000_42.3983830000_183.5988743000
-13.4462423000_-50.0000000000_-50.0000000000_196.3711019000
213.8531315000_57.2366469000_57.3133793000_-.8157963000
197.6938144000_-32.8043911000_85.9811632000_-16.1331530000
282.4726654000_50.1752186000_16.0276538000_200.2016086000
259.3333717000_64.3726939000_52.2952747000_-13.5640716000
214.8439970000_61.4464679000_82.2174820000_.8247161000
277.1017670000_28.4065512000_53.6234671000_5.8098115000
264.8579937000_24.1013065000_310.0000000000_170.8012478000
182.2501280000_49.1027716000_69.7835181000_164.4470616000
66.6044317000_38.2230121000_-10.9474776000_179.4610173000
131.2138401000_3.1124796000_14.9501055000_185.6340565000
210.6916940000_-50.0000000000_72.1417826000_2.9017152000
41.4270764000_43.4766689000_14.1144818000_199.2635768000
-.0584869000_-19.2414992000_211.1449575000_-26.9204968000
210.0174928000_65.6867153000_75.7525248000_-13.6125021000
60.4122289000_53.7999250000_273.1016435000_42.0883938000
162.1421344000_42.3742276000_246.7208922000_177.5826279000
55.7107292000_44.0866062000_32.9656075000_166.8847932000
272.0022612000_55.5244201000_49.6342286000_5.2388027000
38.8961701000_-50.0000000000_194.0872884000_183.1295762000
-13.9856439000_57.6326183000_225.7388562000_177.7765568000
242.0227942000_-50.0000000000_58.1383821000_.2737871000
170.0833234000_8.2233895000_70.5592479000_13.5538998000
57.9468207000_-23.4162109000_.2292944000_274.3084481000
65.5895899000_50.4516904000_77.6577429000_28.3347438000
-29.7429053000_35.1577221000_216.7979519000_85.3821547000
-12.9771892000_-34.7575373000_310.0000000000_8.9763208000
245.8905347000_60.9050411000_61.7596263000_-.4685930000
246.3576817000_70.0000000000_-45.9146574000_194.2676652000
247.5787191000_57.5275411000_-19.2055451000_149.3726178000
287.8985966000_-50.0000000000_263.7154364000_151.4305353000
128.7450592000_68.1718214000_124.8203194000_276.3538750000
247.8051634000_45.2634599000_57.3206870000_.5965646000
170.9634117000_70.0000000000_228.8313429000_1.4735266000
190.5793044000_68.9245593000_175.8962729000_-38.9161063000
152.1902310000_45.2122170000_13.9338987000_151.6010042000
232.5478398000_21.6325814000_72.4270981000_-12.4024571000
168.6199322000_-41.8324982000_118.0210842000_187.9704031000
245.1861696000_49.0994735000_62.3033597000_-5.7444178000
239.2843761000_53.5933170000_113.3100306000_183.6057884000
132.8772892000_-50.0000000000_215.9121916000_186.5902406000
143.9506523000_36.0642908000_195.3600663000_172.5022172000
46.9196037000_67.4957823000_131.6020162000_152.8791109000
104.3880302000_59.7912473000_103.7688262000_178.6900062000
310.0000000000_40.7181446000_259.2268464000_208.2329169000
273.6868766000_39.4828143000_111.5399537000_163.5457395000
243.5116427000_54.4752525000_56.5552592000_-.8196056000
306.8542089000_60.2760267000_186.9359179000_-46.8078391000
95.0627377000_60.4227490000_232.0714025000_178.8753135000
warning in stationary: failed to import cython module: falling back to numpy
warning in coregionalize: failed to import cython module: falling back to numpy
warning in choleskies: failed to import cython module: falling back to numpy
