273.9271475000_18.7440131000_18.6485305000_54.3145104000
3.1469948000_-9.7829467000_293.4913644000_88.4773568000
201.1701305000_37.5170750000_98.1532496000_-16.9218364000
217.2668290000_55.2027024000_128.4893727000_221.1873032000
108.1525705000_57.4725925000_68.1160557000_-22.5195357000
213.6598573000_-40.5332730000_201.6486002000_18.5690544000
309.7232330000_48.5064695000_99.3518032000_180.0668051000
50.4393096000_59.9185978000_203.6595018000_189.1758815000
57.1293505000_58.9885857000_27.2190678000_182.5130441000
160.6327199000_60.2357476000_236.5349546000_183.3925472000
295.3218205000_52.7644458000_282.4564030000_180.5798739000
272.0693849000_32.1368025000_85.0019006000_-10.1193833000
225.3434365000_46.2305798000_14.9261514000_1.4060829000
89.6652763000_-47.3156189000_-50.0000000000_171.9695573000
279.8275666000_-50.0000000000_170.1318105000_168.3040746000
218.3535659000_4.7711914000_92.8886777000_15.9061412000
225.7021675000_26.3117913000_177.3045015000_-33.3188492000
-37.5001429000_-50.0000000000_67.2931984000_12.5438766000
175.0368013000_-45.5695568000_118.6343857000_-6.7761616000
68.0459532000_65.9228539000_123.8614796000_176.4864345000
219.4747791000_43.3959906000_-2.4604717000_175.9468217000
184.1279863000_47.7776354000_124.5243779000_169.9272916000
286.1156493000_55.0264262000_.7685060000_197.5989825000
177.8664137000_44.5531867000_78.8323174000_21.7202759000
219.6009957000_54.4885638000_104.0606018000_9.6294788000
266.6034966000_31.2029416000_310.0000000000_150.5073620000
183.6093359000_-26.7852426000_17.2226363000_178.9936854000
173.8493358000_24.5108189000_-18.0996472000_198.8575411000
41.4786418000_70.0000000000_232.8342511000_-9.9440600000
38.6516946000_31.6817361000_306.2209611000_-3.1398179000
286.0962494000_36.4883972000_-50.0000000000_12.9319744000
59.9018616000_-11.1809227000_185.5588474000_13.4117105000
-24.7697839000_54.6167928000_-46.6385399000_177.6689926000
222.1134756000_10.5317050000_61.8727819000_176.7588564000
236.9673665000_49.4783019000_67.7264501000_-50.0000000000
48.8601213000_-23.0293730000_254.0534535000_302.6611448000
158.8632259000_28.6959283000_128.2820518000_-4.2935261000
34.0278684000_41.5478003000_122.9345973000_-8.4323134000
-50.0000000000_-16.1914818000_242.5209053000_183.8276356000
310.0000000000_43.1163831000_173.5605498000_190.5907996000
-40.9604319000_17.7427686000_30.3920815000_-21.2493174000
180.1971960000_40.8935021000_15.3471307000_149.0415834000
55.8853955000_-42.9094851000_228.0366490000_169.2529875000
182.7527400000_51.8558185000_61.1724725000_-11.9599139000
69.8484090000_-45.8400612000_151.3401542000_4.1186515000
290.7707556000_-34.0027225000_-40.5463228000_173.3688956000
-41.8364385000_-47.5069211000_246.2135122000_168.6718256000
174.9207898000_68.3992335000_183.2177275000_182.0195732000
65.6808800000_48.9343694000_232.9523066000_176.0221368000
214.7708091000_28.2701114000_63.3503993000_1.5675628000
65.4152516000_26.0473239000_60.5016027000_28.4961113000
14.1099181000_-31.1678758000_154.9280499000_-26.3245799000
183.7488872000_37.8427599000_226.8955708000_171.1120798000
63.9724200000_-35.2373178000_4.4041419000_195.3942383000
184.8317656000_-13.2865827000_127.9282002000_193.9815637000
255.3433139000_17.4781730000_34.2178356000_-6.2017285000
200.7127317000_-35.0877650000_310.0000000000_193.7245596000
308.2634493000_-42.8145065000_113.3746858000_182.8365103000
222.9966182000_25.9018329000_79.5570493000_-13.1850974000
55.3026044000_47.4352422000_72.8788980000_178.1276469000
64.0503252000_-50.0000000000_241.7047088000_186.2303975000
57.0543340000_45.3031533000_-11.6314225000_175.9450551000
45.2492054000_-50.0000000000_-4.1291825000_175.7335607000
62.3708805000_55.5211659000_-6.3060782000_153.9188801000
24.9694555000_42.7531187000_11.0312816000_197.8700963000
54.4395132000_62.4381088000_290.3641789000_179.9522376000
262.1057598000_19.4446547000_-37.2238627000_197.0490953000
87.0008041000_19.2487822000_-.3285670000_173.2644920000
61.2950583000_-50.0000000000_211.0499670000_178.6975341000
194.6348419000_24.6556964000_79.0883174000_-3.2596216000
209.5390741000_32.4958208000_88.2026670000_2.0157005000
191.2019861000_21.6980490000_17.8821906000_28.4238362000
152.5568390000_-42.7782386000_141.6446147000_50.9840151000
33.7956019000_59.2788763000_233.9500088000_33.7326931000
183.4464703000_-13.1436807000_116.9511093000_-50.0000000000
290.2018184000_70.0000000000_240.6540645000_188.6502056000
202.6006311000_63.3428411000_50.9214671000_174.5702632000
44.1556574000_-7.2371571000_84.3500829000_-15.3773321000
63.4494990000_42.7558018000_209.0969479000_2.1594099000
48.6165997000_60.6366679000_230.6679925000_177.0162848000
65.1435285000_60.7405266000_-12.2951851000_184.2597321000
78.4731476000_53.7154904000_274.4537435000_172.2849112000
214.2564832000_-30.3020326000_61.9491696000_3.6790579000
229.4784702000_-36.4251563000_35.3546752000_30.0164369000
190.6480224000_-33.4159903000_63.7751014000_22.9165339000
240.0691236000_-28.8779504000_278.4765378000_-4.0225366000
-7.9420874000_37.6765418000_250.1433335000_-31.1248969000
222.1077434000_-37.8081345000_14.1455599000_153.7664400000
228.5804518000_64.5100173000_63.0746545000_.0334865000
257.3239490000_55.9581763000_46.2845632000_7.5518113000
281.2818136000_-50.0000000000_249.8114761000_55.3375996000
138.3102881000_68.5106949000_281.7035683000_244.4837236000
263.9675875000_-45.3029744000_49.3021868000_-7.6551725000
-16.4560375000_43.3842294000_10.7608806000_258.7652886000
249.0934969000_51.9761035000_57.3722390000_-7.5266586000
-20.8966433000_-28.5300505000_276.9959822000_.8043370000
282.6406815000_66.9382089000_13.9135743000_7.6852376000
247.9644493000_-49.1779094000_57.0246862000_4.7878874000
243.6166497000_63.6445250000_46.0918628000_1.5757674000
50.3621259000_69.7994369000_101.4331160000_268.6513895000
warning in stationary: failed to import cython module: falling back to numpy
warning in coregionalize: failed to import cython module: falling back to numpy
warning in choleskies: failed to import cython module: falling back to numpy
