275.9930707000_-1.6362053000
189.4673453000_7.1823594000
-49.2830007000_178.3193487000
67.2072623000_175.3156097000
188.8774177000_182.4201335000
19.0112760000_168.8084691000
150.7768706000_189.7858883000
232.3282793000_-2.2554481000
60.7512335000_4.1932960000
272.9912326000_177.2954701000
254.6149316000_-18.1498586000
248.0149294000_2.9139666000
227.5915942000_195.8776042000
224.0807280000_5.4844801000
290.8294853000_206.2677102000
101.2538343000_189.4697169000
237.3451811000_1.3433047000
242.8335363000_-1.4405806000
120.3941091000_279.5271174000
-20.4365241000_75.1826204000
273.3214240000_98.0128113000
36.9122357000_72.8038620000
215.7487184000_254.4079917000
168.9921586000_301.5513136000
16.3153470000_291.1592557000
199.6378204000_111.4892917000
104.5257853000_-35.4310530000
-6.5179399000_17.3459411000
145.9965518000_61.3397362000
83.9137888000_38.3126698000
-29.3865714000_251.0692245000
65.4527784000_299.0021390000
174.0847234000_237.1466767000
-26.4556397000_127.7337325000
234.0165004000_145.4936266000
125.8603047000_18.7440580000
263.8158149000_265.4797425000
52.5929256000_116.5456261000
306.9548519000_47.5908808000
97.9651206000_241.8468187000
18.6775604000_-26.0890953000
-9.7886592000_211.2217860000
209.8019074000_294.0545106000
237.0111465000_81.9453834000
165.6778450000_140.1294986000
-28.8495627000_-12.3006686000
50.2463339000_262.2617214000
178.6854510000_75.9193334000
147.2818374000_-24.1082880000
13.0107810000_110.6908351000
warning in stationary: failed to import cython module: falling back to numpy
warning in coregionalize: failed to import cython module: falling back to numpy
warning in choleskies: failed to import cython module: falling back to numpy
