193.1874173000_-35.7848117000
303.5131378000_36.4217284000
196.0126186000_204.4658964000
-39.7758714000_170.1787622000
54.7517370000_171.4325602000
283.6842581000_121.5998169000
253.0564852000_-8.8775792000
192.3908836000_161.9658370000
140.6090156000_12.0779678000
247.2375721000_-27.1613082000
285.0625414000_-8.7262321000
299.1354806000_209.7877751000
146.4238295000_187.5181839000
219.4476001000_2.5604784000
29.4327053000_8.0753943000
240.8310445000_4.8866287000
234.3384249000_-2.7635385000
234.2532692000_2.0792512000
235.8356107000_258.9741926000
3.8671968000_91.2777534000
117.1383405000_283.1766751000
222.8016056000_107.8850726000
90.1343664000_-20.2924794000
163.9745979000_251.7151955000
82.6604470000_185.0117672000
143.6472192000_67.9050374000
75.0240618000_36.8007752000
-19.0888539000_187.8692290000
41.3897555000_286.4653396000
23.4207220000_53.8076845000
55.5046430000_184.9964514000
274.3754052000_77.3622488000
307.1116726000_258.9522913000
250.7814696000_165.5957922000
10.0422480000_-33.8705993000
117.0423023000_232.0748020000
251.5807134000_222.4864739000
-14.5943871000_15.3134234000
44.9650219000_102.8979811000
177.3130606000_99.4072813000
.7691019000_138.5987014000
-5.2518971000_273.0331961000
-40.4935581000_99.8156120000
200.6222602000_283.8521266000
79.9326666000_261.8358169000
138.0429090000_-32.7955240000
273.0525761000_279.2755550000
171.9857061000_39.3859310000
-22.3266715000_60.0071335000
87.8836480000_122.6376866000
warning in stationary: failed to import cython module: falling back to numpy
warning in coregionalize: failed to import cython module: falling back to numpy
warning in choleskies: failed to import cython module: falling back to numpy
