189.3366810000_7.8520975000
270.3898888000_-.9026278000
307.5926999000_178.8299921000
182.8741488000_185.2482330000
83.3693166000_181.3098754000
22.1480157000_163.6797537000
135.1280789000_197.0475948000
60.2566584000_-11.7224622000
232.8654319000_-7.4140552000
254.9805438000_178.8527653000
292.1896106000_143.5420866000
284.2438395000_210.6839081000
-14.1854146000_187.9522353000
257.1644412000_-18.6079853000
246.5774160000_2.9217178000
55.7853267000_175.3450115000
227.6233514000_4.5127832000
204.9217383000_157.9220644000
238.4267577000_.2928899000
32.3118068000_27.2663308000
244.5382299000_-1.7757361000
125.6644222000_287.4563679000
-23.7462333000_76.9770855000
210.7248416000_255.1904437000
18.2626300000_297.6122996000
119.1216738000_26.6629520000
165.4226146000_83.5934033000
-13.0608026000_-1.6753340000
249.1997868000_101.0049949000
75.8469373000_271.1710611000
-22.4185510000_249.1521964000
30.5876872000_100.2478790000
165.4210560000_258.6905852000
260.5249284000_266.7768647000
107.5556241000_-24.7876050000
290.5838303000_68.6255375000
159.2979010000_-37.4948222000
-21.5949814000_127.6801552000
104.5150890000_233.4635921000
231.6678712000_217.0732055000
73.9815915000_39.4945256000
74.1227519000_132.7140503000
-42.5764186000_32.1304291000
190.0024949000_115.1580046000
191.6518672000_295.4430685000
302.8278909000_265.5667785000
148.5333750000_11.6357904000
159.4840165000_156.1557247000
62.4843376000_308.4293034000
25.1462729000_-22.0550692000
warning in stationary: failed to import cython module: falling back to numpy
warning in coregionalize: failed to import cython module: falling back to numpy
warning in choleskies: failed to import cython module: falling back to numpy
