144.2610576000_4.7994025000
280.8377417000_1.2272948000
192.9710365000_162.1441222000
250.3074354000_-10.3171067000
60.0890411000_175.1726098000
230.0579742000_-.2138321000
149.8921807000_186.6901637000
-46.1737571000_181.0968905000
245.4213348000_4.4766056000
306.2206136000_152.6653447000
197.2029579000_196.2065623000
-1.7713843000_172.5997991000
238.6812071000_-1.6584868000
232.5876879000_-5.6506697000
233.8648587000_3.3030992000
123.3432861000_-50.0000000000
5.5706855000_66.8792274000
241.2775359000_108.1945193000
79.5617866000_-6.6479070000
135.1477004000_247.0070891000
128.5788404000_54.3379806000
8.1277521000_112.3225556000
248.9167801000_273.4887649000
7.1488484000_-10.8295653000
-49.0782549000_246.6357140000
64.0701421000_43.6434959000
78.7587326000_279.5169064000
180.0032232000_102.4656278000
-50.0000000000_52.4896224000
174.1865275000_298.0074672000
16.3113746000_284.7134918000
275.3564247000_79.8127316000
206.6748400000_244.0238058000
89.4844572000_184.1038180000
251.2580849000_161.7603325000
278.5157159000_186.5005289000
-8.9367072000_24.4430471000
169.6966596000_40.1989448000
-39.4425976000_103.4468069000
57.0045347000_310.0000000000
243.8880899000_220.6774000000
65.6575265000_120.9825327000
-13.6035980000_223.2099218000
141.5305589000_85.8591043000
165.8414057000_224.6808471000
37.6003152000_13.0789431000
276.9821167000_123.3625155000
163.4149515000_-27.4776677000
60.2478996000_186.7601772000
-25.8438886000_272.7963476000
warning in stationary: failed to import cython module: falling back to numpy
warning in coregionalize: failed to import cython module: falling back to numpy
warning in choleskies: failed to import cython module: falling back to numpy
