
-----------------------------   Welcome to ....   ------------------------------
                      _______  _______ _______ _______ 
                     |   _   \|   _   |   _   |   _   |
                     |.  1   /|.  |   |   1___|   1___|
                     |.  _   \|.  |   |____   |____   |
                     |:  1    |:  1   |:  1   |:  1   |
                     |::.. .  |::.. . |::.. . |::.. . |
                     `-------'`-------`-------`-------'

                                 Version 0.9.15                                 
                              05-08-2020 18:08:29                               
--------------------------------------------------------------------------------

| Reading BOSS input file from: in_2D
| Initializing...

--------------------------------------------------------------------------------
                                   INPUT FILE                                   
--------------------------------------------------------------------------------
# input file for alanine 2D (d4-d13)

# optimization
userfn       userfn_2D.py
bounds       -50 310; -50 310
num_tasks    2
kernel       stdp
initpts      2 30
iterpts      50
verbosity    2
kappa_prior  gamma
kappa_priorparam 2 0.014


RESULTS:
-3.568237242591091E+01 4.224042425519531E+01 0 -2.029916801235990E+05 
2.751536410545652E+02 2.192465489243480E+02 0 -2.030004150963985E+05 
3.527499891593654E+01 2.451995636740749E+02 1 2.948030000000000E+01 
5.842700649841421E+01 1.804041243106341E+02 1 1.748520000000000E+01 
1.956146371067288E+02 2.700867825149462E+02 1 3.634580000000000E+01 
3.513053037657939E+00 -2.148101372934257E+01 1 3.360870000000000E+01 
2.098388445006096E+02 4.784432140970143E+01 1 2.769610000000000E+01 
1.871632917680068E+02 -5.000000000000000E+01 1 3.151050000000000E+01 
1.397980471037044E+02 1.423475282669510E+01 1 2.820200000000000E+01 
-3.581707212137231E+01 2.099032121448610E+02 1 2.289830000000000E+01 
7.643658534423039E+01 3.419250258625958E+01 1 3.101950000000000E+01 
6.469127407539936E+01 1.852448512095972E+02 1 1.762570000000000E+01 
4.082124710276335E+01 -7.433623008328212E-01 1 2.639670000000000E+01 
1.570811620485387E+02 1.922020868536578E+02 1 2.134580000000000E+01 
8.437131076532074E+01 2.177011435200982E+02 1 2.326460000000000E+01 
2.218357763432955E+02 2.808334572972367E+02 1 3.755540000000000E+01 
5.870646521132165E+01 6.988000957782010E+01 1 3.253630000000000E+01 
1.268834069739327E+02 -2.620774999330444E+01 1 3.521480000000000E+01 
3.488598499221446E+01 1.962883085336485E+02 1 1.945710000000000E+01 
2.494583715894764E+02 1.343374527377835E+01 1 2.129380000000000E+01 
7.590145082795541E+01 2.535068046829810E+02 1 3.033060000000000E+01 
2.284294060015965E+02 1.245155777244794E+02 1 3.441600000000000E+01 
2.910636168684762E+02 2.189648715809818E+02 1 2.590880000000000E+01 
2.917387563676889E+02 -1.707577416064792E+01 1 1.899000000000000E+01 
2.977858808280365E+02 3.082193371971534E+02 1 2.603470000000000E+01 
5.346085620261473E+01 -4.314669715483494E+01 1 2.972780000000000E+01 
1.161153762461188E+02 2.656417416828926E+02 1 3.516820000000000E+01 
-1.822916639989490E+01 3.344821243156442E+01 1 3.576170000000000E+01 
1.602061018718389E+01 3.267805276943778E+01 1 3.170250000000000E+01 
2.311687890633063E+02 8.041819076830168E+01 1 3.726360000000000E+01 
2.313715005652739E+02 2.283409881766376E+02 1 3.346050000000000E+01 
2.311283250953151E+01 1.559190835883686E+02 1 2.150540000000000E+01 
--------------------------------------------------------------------------------
                               SIMULATION OPTIONS                               
--------------------------------------------------------------------------------
|| File input/output 
ipfile         in_2D
userfn         userfn_2D.py
outfile        boss.out
rstfile        boss.rst

|| Key settings 
num_tasks         2
bounds         -5.000E+01 3.100E+02;    -5.000E+01 3.100E+02
kerntype       stdp stdp
yrange         -5.000E+01 3.100E+02;    -5.000E+01 3.100E+02
noise          1.000E-12
initpts    2 30    iterpts   50
gm_tol         none
verbosity      2

|| Data acquisition 
acqfn                elcb
acqtol               1.000E-03

|| GP hyperparameters 
thetainit       1.000E+00 3.142E-01
thetabounds     none
thetaprior      gamma
thetapriorpar   1.000E+00 1.000E+00;    3.368E+00 9.020E+00;    3.368E+00 9.020E+00

|| Hyperparameter optimization
updatefreq   1  initupdate      True
updateoffset 0  updaterestarts  2


--------------------------------------------------------------------------------
                              INITIAL DATAPOINT 1                               
--------------------------------------------------------------------------------
| Data point added to dataset (x i y): 
 -3.5682372426E+01  4.2240424255E+01  0.0000000000E+00      -2.0299168012E+05

| Total ensemble size: 1
| Next sampling location (x_next, i_next):
  2.7515364105E+02  2.1924654892E+02  0.0000000000E+00

Iteration time [s]:    0.007        Total time [s]:    0.171

--------------------------------------------------------------------------------
                              INITIAL DATAPOINT 2                               
--------------------------------------------------------------------------------
| Data point added to dataset (x i y): 
  2.7515364105E+02  2.1924654892E+02  0.0000000000E+00      -2.0300041510E+05

| Total ensemble size: 2
| Next sampling location (x_next, i_next):
  3.5274998916E+01  2.4519956367E+02  1.0000000000E+00

Iteration time [s]:    0.001        Total time [s]:    0.175

--------------------------------------------------------------------------------
                              INITIAL DATAPOINT 3                               
--------------------------------------------------------------------------------
| Data point added to dataset (x i y): 
  3.5274998916E+01  2.4519956367E+02  1.0000000000E+00       2.9480300000E+01

| Total ensemble size: 3
| Next sampling location (x_next, i_next):
  5.8427006498E+01  1.8040412431E+02  1.0000000000E+00

Iteration time [s]:    0.003        Total time [s]:    0.179

--------------------------------------------------------------------------------
                              INITIAL DATAPOINT 4                               
--------------------------------------------------------------------------------
| Data point added to dataset (x i y): 
  5.8427006498E+01  1.8040412431E+02  1.0000000000E+00       1.7485200000E+01

| Total ensemble size: 4
| Next sampling location (x_next, i_next):
  1.9561463711E+02  2.7008678251E+02  1.0000000000E+00

Iteration time [s]:    0.001        Total time [s]:    0.183

--------------------------------------------------------------------------------
                              INITIAL DATAPOINT 5                               
--------------------------------------------------------------------------------
| Data point added to dataset (x i y): 
  1.9561463711E+02  2.7008678251E+02  1.0000000000E+00       3.6345800000E+01

| Total ensemble size: 5
| Next sampling location (x_next, i_next):
  3.5130530377E+00 -2.1481013729E+01  1.0000000000E+00

Iteration time [s]:    0.001        Total time [s]:    0.186

--------------------------------------------------------------------------------
                              INITIAL DATAPOINT 6                               
--------------------------------------------------------------------------------
| Data point added to dataset (x i y): 
  3.5130530377E+00 -2.1481013729E+01  1.0000000000E+00       3.3608700000E+01

| Total ensemble size: 6
| Next sampling location (x_next, i_next):
  2.0983884450E+02  4.7844321410E+01  1.0000000000E+00

Iteration time [s]:    0.001        Total time [s]:    0.188

--------------------------------------------------------------------------------
                              INITIAL DATAPOINT 7                               
--------------------------------------------------------------------------------
| Data point added to dataset (x i y): 
  2.0983884450E+02  4.7844321410E+01  1.0000000000E+00       2.7696100000E+01

| Total ensemble size: 7
| Next sampling location (x_next, i_next):
  1.8716329177E+02 -5.0000000000E+01  1.0000000000E+00

Iteration time [s]:    0.001        Total time [s]:    0.190

--------------------------------------------------------------------------------
                              INITIAL DATAPOINT 8                               
--------------------------------------------------------------------------------
| Data point added to dataset (x i y): 
  1.8716329177E+02 -5.0000000000E+01  1.0000000000E+00       3.1510500000E+01

| Total ensemble size: 8
| Next sampling location (x_next, i_next):
  1.3979804710E+02  1.4234752827E+01  1.0000000000E+00

Iteration time [s]:    0.001        Total time [s]:    0.193

--------------------------------------------------------------------------------
                              INITIAL DATAPOINT 9                               
--------------------------------------------------------------------------------
| Data point added to dataset (x i y): 
  1.3979804710E+02  1.4234752827E+01  1.0000000000E+00       2.8202000000E+01

| Total ensemble size: 9
| Next sampling location (x_next, i_next):
 -3.5817072121E+01  2.0990321214E+02  1.0000000000E+00

Iteration time [s]:    0.001        Total time [s]:    0.197

--------------------------------------------------------------------------------
                              INITIAL DATAPOINT 10                              
--------------------------------------------------------------------------------
| Data point added to dataset (x i y): 
 -3.5817072121E+01  2.0990321214E+02  1.0000000000E+00       2.2898300000E+01

| Total ensemble size: 10
| Next sampling location (x_next, i_next):
  7.6436585344E+01  3.4192502586E+01  1.0000000000E+00

Iteration time [s]:    0.002        Total time [s]:    0.200

--------------------------------------------------------------------------------
                              INITIAL DATAPOINT 11                              
--------------------------------------------------------------------------------
| Data point added to dataset (x i y): 
  7.6436585344E+01  3.4192502586E+01  1.0000000000E+00       3.1019500000E+01

| Total ensemble size: 11
| Next sampling location (x_next, i_next):
  6.4691274075E+01  1.8524485121E+02  1.0000000000E+00

Iteration time [s]:    0.002        Total time [s]:    0.205

--------------------------------------------------------------------------------
                              INITIAL DATAPOINT 12                              
--------------------------------------------------------------------------------
| Data point added to dataset (x i y): 
  6.4691274075E+01  1.8524485121E+02  1.0000000000E+00       1.7625700000E+01

| Total ensemble size: 12
| Next sampling location (x_next, i_next):
  4.0821247103E+01 -7.4336230083E-01  1.0000000000E+00

Iteration time [s]:    0.002        Total time [s]:    0.208

--------------------------------------------------------------------------------
                              INITIAL DATAPOINT 13                              
--------------------------------------------------------------------------------
| Data point added to dataset (x i y): 
  4.0821247103E+01 -7.4336230083E-01  1.0000000000E+00       2.6396700000E+01

| Total ensemble size: 13
| Next sampling location (x_next, i_next):
  1.5708116205E+02  1.9220208685E+02  1.0000000000E+00

Iteration time [s]:    0.001        Total time [s]:    0.210

--------------------------------------------------------------------------------
                              INITIAL DATAPOINT 14                              
--------------------------------------------------------------------------------
| Data point added to dataset (x i y): 
  1.5708116205E+02  1.9220208685E+02  1.0000000000E+00       2.1345800000E+01

| Total ensemble size: 14
| Next sampling location (x_next, i_next):
  8.4371310765E+01  2.1770114352E+02  1.0000000000E+00

Iteration time [s]:    0.002        Total time [s]:    0.214

--------------------------------------------------------------------------------
                              INITIAL DATAPOINT 15                              
--------------------------------------------------------------------------------
| Data point added to dataset (x i y): 
  8.4371310765E+01  2.1770114352E+02  1.0000000000E+00       2.3264600000E+01

| Total ensemble size: 15
| Next sampling location (x_next, i_next):
  2.2183577634E+02  2.8083345730E+02  1.0000000000E+00

Iteration time [s]:    0.002        Total time [s]:    0.217

--------------------------------------------------------------------------------
                              INITIAL DATAPOINT 16                              
--------------------------------------------------------------------------------
| Data point added to dataset (x i y): 
  2.2183577634E+02  2.8083345730E+02  1.0000000000E+00       3.7555400000E+01

| Total ensemble size: 16
| Next sampling location (x_next, i_next):
  5.8706465211E+01  6.9880009578E+01  1.0000000000E+00

Iteration time [s]:    0.001        Total time [s]:    0.219

--------------------------------------------------------------------------------
                              INITIAL DATAPOINT 17                              
--------------------------------------------------------------------------------
| Data point added to dataset (x i y): 
  5.8706465211E+01  6.9880009578E+01  1.0000000000E+00       3.2536300000E+01

| Total ensemble size: 17
| Next sampling location (x_next, i_next):
  1.2688340697E+02 -2.6207749993E+01  1.0000000000E+00

Iteration time [s]:    0.002        Total time [s]:    0.222

--------------------------------------------------------------------------------
                              INITIAL DATAPOINT 18                              
--------------------------------------------------------------------------------
| Data point added to dataset (x i y): 
  1.2688340697E+02 -2.6207749993E+01  1.0000000000E+00       3.5214800000E+01

| Total ensemble size: 18
| Next sampling location (x_next, i_next):
  3.4885984992E+01  1.9628830853E+02  1.0000000000E+00

Iteration time [s]:    0.001        Total time [s]:    0.224

--------------------------------------------------------------------------------
                              INITIAL DATAPOINT 19                              
--------------------------------------------------------------------------------
| Data point added to dataset (x i y): 
  3.4885984992E+01  1.9628830853E+02  1.0000000000E+00       1.9457100000E+01

| Total ensemble size: 19
| Next sampling location (x_next, i_next):
  2.4945837159E+02  1.3433745274E+01  1.0000000000E+00

Iteration time [s]:    0.002        Total time [s]:    0.227

--------------------------------------------------------------------------------
                              INITIAL DATAPOINT 20                              
--------------------------------------------------------------------------------
| Data point added to dataset (x i y): 
  2.4945837159E+02  1.3433745274E+01  1.0000000000E+00       2.1293800000E+01

| Total ensemble size: 20
| Next sampling location (x_next, i_next):
  7.5901450828E+01  2.5350680468E+02  1.0000000000E+00

Iteration time [s]:    0.002        Total time [s]:    0.230

--------------------------------------------------------------------------------
                              INITIAL DATAPOINT 21                              
--------------------------------------------------------------------------------
| Data point added to dataset (x i y): 
  7.5901450828E+01  2.5350680468E+02  1.0000000000E+00       3.0330600000E+01

| Total ensemble size: 21
| Next sampling location (x_next, i_next):
  2.2842940600E+02  1.2451557772E+02  1.0000000000E+00

Iteration time [s]:    0.001        Total time [s]:    0.232

--------------------------------------------------------------------------------
                              INITIAL DATAPOINT 22                              
--------------------------------------------------------------------------------
| Data point added to dataset (x i y): 
  2.2842940600E+02  1.2451557772E+02  1.0000000000E+00       3.4416000000E+01

| Total ensemble size: 22
| Next sampling location (x_next, i_next):
  2.9106361687E+02  2.1896487158E+02  1.0000000000E+00

Iteration time [s]:    0.001        Total time [s]:    0.235

--------------------------------------------------------------------------------
                              INITIAL DATAPOINT 23                              
--------------------------------------------------------------------------------
| Data point added to dataset (x i y): 
  2.9106361687E+02  2.1896487158E+02  1.0000000000E+00       2.5908800000E+01

| Total ensemble size: 23
| Next sampling location (x_next, i_next):
  2.9173875637E+02 -1.7075774161E+01  1.0000000000E+00

Iteration time [s]:    0.001        Total time [s]:    0.237

--------------------------------------------------------------------------------
                              INITIAL DATAPOINT 24                              
--------------------------------------------------------------------------------
| Data point added to dataset (x i y): 
  2.9173875637E+02 -1.7075774161E+01  1.0000000000E+00       1.8990000000E+01

| Total ensemble size: 24
| Next sampling location (x_next, i_next):
  2.9778588083E+02  3.0821933720E+02  1.0000000000E+00

Iteration time [s]:    0.001        Total time [s]:    0.240

--------------------------------------------------------------------------------
                              INITIAL DATAPOINT 25                              
--------------------------------------------------------------------------------
| Data point added to dataset (x i y): 
  2.9778588083E+02  3.0821933720E+02  1.0000000000E+00       2.6034700000E+01

| Total ensemble size: 25
| Next sampling location (x_next, i_next):
  5.3460856203E+01 -4.3146697155E+01  1.0000000000E+00

Iteration time [s]:    0.002        Total time [s]:    0.243

--------------------------------------------------------------------------------
                              INITIAL DATAPOINT 26                              
--------------------------------------------------------------------------------
| Data point added to dataset (x i y): 
  5.3460856203E+01 -4.3146697155E+01  1.0000000000E+00       2.9727800000E+01

| Total ensemble size: 26
| Next sampling location (x_next, i_next):
  1.1611537625E+02  2.6564174168E+02  1.0000000000E+00

Iteration time [s]:    0.001        Total time [s]:    0.245

--------------------------------------------------------------------------------
                              INITIAL DATAPOINT 27                              
--------------------------------------------------------------------------------
| Data point added to dataset (x i y): 
  1.1611537625E+02  2.6564174168E+02  1.0000000000E+00       3.5168200000E+01

| Total ensemble size: 27
| Next sampling location (x_next, i_next):
 -1.8229166400E+01  3.3448212432E+01  1.0000000000E+00

Iteration time [s]:    0.001        Total time [s]:    0.247

--------------------------------------------------------------------------------
                              INITIAL DATAPOINT 28                              
--------------------------------------------------------------------------------
| Data point added to dataset (x i y): 
 -1.8229166400E+01  3.3448212432E+01  1.0000000000E+00       3.5761700000E+01

| Total ensemble size: 28
| Next sampling location (x_next, i_next):
  1.6020610187E+01  3.2678052769E+01  1.0000000000E+00

Iteration time [s]:    0.001        Total time [s]:    0.250

--------------------------------------------------------------------------------
                              INITIAL DATAPOINT 29                              
--------------------------------------------------------------------------------
| Data point added to dataset (x i y): 
  1.6020610187E+01  3.2678052769E+01  1.0000000000E+00       3.1702500000E+01

| Total ensemble size: 29
| Next sampling location (x_next, i_next):
  2.3116878906E+02  8.0418190768E+01  1.0000000000E+00

Iteration time [s]:    0.001        Total time [s]:    0.253

--------------------------------------------------------------------------------
                              INITIAL DATAPOINT 30                              
--------------------------------------------------------------------------------
| Data point added to dataset (x i y): 
  2.3116878906E+02  8.0418190768E+01  1.0000000000E+00       3.7263600000E+01

| Total ensemble size: 30
| Next sampling location (x_next, i_next):
  2.3137150057E+02  2.2834098818E+02  1.0000000000E+00

Iteration time [s]:    0.001        Total time [s]:    0.256

--------------------------------------------------------------------------------
                              INITIAL DATAPOINT 31                              
--------------------------------------------------------------------------------
| Data point added to dataset (x i y): 
  2.3137150057E+02  2.2834098818E+02  1.0000000000E+00       3.3460500000E+01

| Total ensemble size: 31
| Next sampling location (x_next, i_next):
  2.3112832510E+01  1.5591908359E+02  1.0000000000E+00

Iteration time [s]:    0.001        Total time [s]:    0.258

--------------------------------------------------------------------------------
                              INITIAL DATAPOINT 32                              
--------------------------------------------------------------------------------
| Data point added to dataset (x i y): 
  2.3112832510E+01  1.5591908359E+02  1.0000000000E+00       2.1505400000E+01

| Total ensemble size: 32
| Best acquisition, x_best i_best y_best:
  2.7515364105E+02  2.1924654892E+02  0.0000000000E+00      -2.0300041510E+05
| Global minimum prediction, x_hat mu_hat +- nu_hat:
  2.7344024234E+02  2.1869207821E+02  0.0000000000E+00      -2.0300041804E+05  4.7906764281E-02

| GP model hyperparameters (lengthscales W kappa):
  4.4102131839E-01  4.5547717088E-01 -5.9924254577E-01 -7.8730153244E-01  3.7700175564E+01  4.6918864807E+01
| Next sampling location (x_next, i_next):
  1.7235154128E+02  1.9443198100E+02  0.0000000000E+00

Iteration time [s]:    1.886        Total time [s]:    2.147

--------------------------------------------------------------------------------
                                 BO ITERATION 1                                 
--------------------------------------------------------------------------------
| Evaluating objective function at 1.724E+02 1.944E+02 0.000E+00
| Objective function evaluated, time [s]       30.932
| Data point added to dataset (x i y): 
  1.7235154128E+02  1.9443198100E+02  0.0000000000E+00      -2.0300690914E+05

| Total ensemble size: 33
| Best acquisition, x_best i_best y_best:
  1.7235154128E+02  1.9443198100E+02  0.0000000000E+00      -2.0300690914E+05
| Global minimum prediction, x_hat mu_hat +- nu_hat:
  1.5670435757E+02  1.8266173331E+02  0.0000000000E+00      -2.0300756937E+05  5.6992731159E+00
| Global minimum convergence, d_xhat d_muhat:
  1.2216976937E+02  3.5631596135E-01

| GP model hyperparameters (lengthscales W kappa):
  4.4861635784E-01  4.6198813346E-01 -5.4025574910E+00 -5.2227097159E+00  2.2835829595E+01  2.1796948526E+01
| Next sampling location (x_next, i_next):
  6.3435410658E+01  1.7939191445E+02  0.0000000000E+00

Iteration time [s]:   32.537        Total time [s]:   34.687

--------------------------------------------------------------------------------
                                 BO ITERATION 2                                 
--------------------------------------------------------------------------------
| Evaluating objective function at 6.344E+01 1.794E+02 0.000E+00
| Objective function evaluated, time [s]       23.521
| Data point added to dataset (x i y): 
  6.3435410658E+01  1.7939191445E+02  0.0000000000E+00      -2.0300964156E+05

| Total ensemble size: 34
| Best acquisition, x_best i_best y_best:
  6.3435410658E+01  1.7939191445E+02  0.0000000000E+00      -2.0300964156E+05
| Global minimum prediction, x_hat mu_hat +- nu_hat:
  6.4906806851E+01  1.7977388315E+02  0.0000000000E+00      -2.0300964447E+05  2.1892648094E-02
| Global minimum convergence, d_xhat d_muhat:
  9.1842963788E+01  9.6802524175E-02

| GP model hyperparameters (lengthscales W kappa):
  4.5381326341E-01  4.6346658452E-01 -5.8767940249E+00 -5.8636306076E+00  1.5343577589E+01  1.5290695562E+01
| Next sampling location (x_next, i_next):
  1.3304931679E+02  1.3304539166E+02  0.0000000000E+00

Iteration time [s]:   25.129        Total time [s]:   59.819

--------------------------------------------------------------------------------
                                 BO ITERATION 3                                 
--------------------------------------------------------------------------------
| Evaluating objective function at 1.330E+02 1.330E+02 0.000E+00
| Objective function evaluated, time [s]       24.272
| Data point added to dataset (x i y): 
  1.3304931679E+02  1.3304539166E+02  0.0000000000E+00      -2.0299878150E+05

| Total ensemble size: 35
| Best acquisition, x_best i_best y_best:
  6.3435410658E+01  1.7939191445E+02  0.0000000000E+00      -2.0300964156E+05
| Global minimum prediction, x_hat mu_hat +- nu_hat:
  5.7088156223E+01  1.8323009261E+02  0.0000000000E+00      -2.0300977990E+05  4.2903043415E-01
| Global minimum convergence, d_xhat d_muhat:
  8.5484900100E+00  6.5236775517E-03

| GP model hyperparameters (lengthscales W kappa):
  4.4831880518E-01  4.4397315659E-01 -5.9783544061E+00 -5.9259202145E+00  1.1669062394E+01  1.1497855216E+01
| Next sampling location (x_next, i_next):
  2.0196716012E+02  2.1822075721E+00  0.0000000000E+00

Iteration time [s]:   25.930        Total time [s]:   85.752

--------------------------------------------------------------------------------
                                 BO ITERATION 4                                 
--------------------------------------------------------------------------------
| Evaluating objective function at 2.020E+02 2.182E+00 0.000E+00
| Objective function evaluated, time [s]       23.541
| Data point added to dataset (x i y): 
  2.0196716012E+02  2.1822075721E+00  0.0000000000E+00      -2.0301031373E+05

| Total ensemble size: 36
| Best acquisition, x_best i_best y_best:
  2.0196716012E+02  2.1822075721E+00  0.0000000000E+00      -2.0301031373E+05
| Global minimum prediction, x_hat mu_hat +- nu_hat:
  2.0150359162E+02  4.9339410303E+00  0.0000000000E+00      -2.0301034040E+05  7.8880915722E-02
| Global minimum convergence, d_xhat d_muhat:
  2.2944571394E+02  2.5211512247E-02

| GP model hyperparameters (lengthscales W kappa):
  4.5996984960E-01  4.5970808287E-01  6.4372515380E+00  6.1359866913E+00  1.3251024623E+01  1.2246646725E+01
| Next sampling location (x_next, i_next):
  2.6790619227E+02 -2.0027634150E+01  0.0000000000E+00

Iteration time [s]:   25.198        Total time [s]:  110.953

--------------------------------------------------------------------------------
                                 BO ITERATION 5                                 
--------------------------------------------------------------------------------
| Evaluating objective function at 2.679E+02 -2.003E+01 0.000E+00
| Objective function evaluated, time [s]       23.697
| Data point added to dataset (x i y): 
  2.6790619227E+02 -2.0027634150E+01  0.0000000000E+00      -2.0300986181E+05

| Total ensemble size: 37
| Best acquisition, x_best i_best y_best:
  2.0196716012E+02  2.1822075721E+00  0.0000000000E+00      -2.0301031373E+05
| Global minimum prediction, x_hat mu_hat +- nu_hat:
  1.9936013460E+02  5.1010794182E+00  0.0000000000E+00      -2.0301034078E+05  1.1760494152E-01
| Global minimum convergence, d_xhat d_muhat:
  2.1499635383E+00  1.6295155032E-05

| GP model hyperparameters (lengthscales W kappa):
  4.7655379715E-01  4.8381314278E-01  6.5070215479E+00  6.4974989070E+00  1.3225930112E+01  1.3194455796E+01
| Next sampling location (x_next, i_next):
 -4.3551181813E+01  1.6101158352E+02  0.0000000000E+00

Iteration time [s]:   25.297        Total time [s]:  136.253

--------------------------------------------------------------------------------
                                 BO ITERATION 6                                 
--------------------------------------------------------------------------------
| Evaluating objective function at -4.355E+01 1.610E+02 0.000E+00
| Objective function evaluated, time [s]       23.914
| Data point added to dataset (x i y): 
 -4.3551181813E+01  1.6101158352E+02  0.0000000000E+00      -2.0300671278E+05

| Total ensemble size: 38
| Best acquisition, x_best i_best y_best:
  2.0196716012E+02  2.1822075721E+00  0.0000000000E+00      -2.0301031373E+05
| Global minimum prediction, x_hat mu_hat +- nu_hat:
  1.9883714417E+02  5.2618424146E+00  0.0000000000E+00      -2.0301034484E+05  1.4357681368E-01
| Global minimum convergence, d_xhat d_muhat:
  5.4714141638E-01  1.7237340521E-04

| GP model hyperparameters (lengthscales W kappa):
  4.7876050944E-01  4.8569873966E-01  6.5089878632E+00  6.5307837751E+00  1.2899266036E+01  1.2966323925E+01
| Next sampling location (x_next, i_next):
  1.9456127971E+00  1.9610059414E+02  0.0000000000E+00

Iteration time [s]:   25.574        Total time [s]:  161.830

--------------------------------------------------------------------------------
                                 BO ITERATION 7                                 
--------------------------------------------------------------------------------
| Evaluating objective function at 1.946E+00 1.961E+02 0.000E+00
| Objective function evaluated, time [s]       23.591
| Data point added to dataset (x i y): 
  1.9456127971E+00  1.9610059414E+02  0.0000000000E+00      -2.0300656385E+05

| Total ensemble size: 39
| Best acquisition, x_best i_best y_best:
  2.0196716012E+02  2.1822075721E+00  0.0000000000E+00      -2.0301031373E+05
| Global minimum prediction, x_hat mu_hat +- nu_hat:
  1.9742222674E+02  5.5782277309E+00  0.0000000000E+00      -2.0301036088E+05  1.9165576684E-01
| Global minimum convergence, d_xhat d_muhat:
  1.4498589597E+00  6.7340312361E-04

| GP model hyperparameters (lengthscales W kappa):
  5.0184446232E-01  5.1564453759E-01 -6.9347737842E+00 -7.2395811523E+00  1.0870425720E+01  1.1680954500E+01
| Next sampling location (x_next, i_next):
  5.8559054272E+01 -8.4144268694E+00  0.0000000000E+00

Iteration time [s]:   25.109        Total time [s]:  186.943

--------------------------------------------------------------------------------
                                 BO ITERATION 8                                 
--------------------------------------------------------------------------------
| Evaluating objective function at 5.856E+01 -8.414E+00 0.000E+00
| Objective function evaluated, time [s]       23.590
| Data point added to dataset (x i y): 
  5.8559054272E+01 -8.4144268694E+00  0.0000000000E+00      -2.0300347180E+05

| Total ensemble size: 40
| Best acquisition, x_best i_best y_best:
  2.0196716012E+02  2.1822075721E+00  0.0000000000E+00      -2.0301031373E+05
| Global minimum prediction, x_hat mu_hat +- nu_hat:
  1.9678016822E+02  5.9356002843E+00  0.0000000000E+00      -2.0301037610E+05  1.9771181562E-01
| Global minimum convergence, d_xhat d_muhat:
  7.3481581623E-01  6.4199435864E-04

| GP model hyperparameters (lengthscales W kappa):
  5.1473691428E-01  5.3314999618E-01 -7.2209491741E+00 -7.7460624303E+00  8.3550002531E+00  9.4368473314E+00
| Next sampling location (x_next, i_next):
  1.6797731286E+02  4.0857704304E+01  0.0000000000E+00

Iteration time [s]:   25.104        Total time [s]:  212.050

--------------------------------------------------------------------------------
                                 BO ITERATION 9                                 
--------------------------------------------------------------------------------
| Evaluating objective function at 1.680E+02 4.086E+01 0.000E+00
| Objective function evaluated, time [s]       23.416
| Data point added to dataset (x i y): 
  1.6797731286E+02  4.0857704304E+01  0.0000000000E+00      -2.0300166309E+05

| Total ensemble size: 41
| Best acquisition, x_best i_best y_best:
  2.0196716012E+02  2.1822075721E+00  0.0000000000E+00      -2.0301031373E+05
| Global minimum prediction, x_hat mu_hat +- nu_hat:
  2.1282617775E+02 -2.8954572392E+00  0.0000000000E+00      -2.0301055776E+05  4.2042016252E-01
| Global minimum convergence, d_xhat d_muhat:
  1.8315621715E+01  7.7439385661E-03

| GP model hyperparameters (lengthscales W kappa):
  5.0902159172E-01  5.0429799665E-01  6.7905713196E+00  7.3698420279E+00  8.6717523946E+00  9.9888307204E+00
| Next sampling location (x_next, i_next):
  1.1939675760E+02  1.9675409068E+02  0.0000000000E+00

Iteration time [s]:   25.074        Total time [s]:  237.128

--------------------------------------------------------------------------------
                                BO ITERATION 10                                 
--------------------------------------------------------------------------------
| Evaluating objective function at 1.194E+02 1.968E+02 0.000E+00
| Objective function evaluated, time [s]       23.655
| Data point added to dataset (x i y): 
  1.1939675760E+02  1.9675409068E+02  0.0000000000E+00      -2.0300624045E+05

| Total ensemble size: 42
| Best acquisition, x_best i_best y_best:
  2.0196716012E+02  2.1822075721E+00  0.0000000000E+00      -2.0301031373E+05
| Global minimum prediction, x_hat mu_hat +- nu_hat:
  2.1251634140E+02 -3.0116942243E+00  0.0000000000E+00      -2.0301055037E+05  3.5274961731E-01
| Global minimum convergence, d_xhat d_muhat:
  3.3092235299E-01  3.1275767558E-04

| GP model hyperparameters (lengthscales W kappa):
  5.2452926880E-01  5.2600786534E-01  7.0686215494E+00  7.8044833708E+00  8.1618731757E+00  9.7766705437E+00
| Next sampling location (x_next, i_next):
  2.5342971152E+02  1.6828575441E+02  0.0000000000E+00

Iteration time [s]:   25.090        Total time [s]:  262.222

--------------------------------------------------------------------------------
                                BO ITERATION 11                                 
--------------------------------------------------------------------------------
| Evaluating objective function at 2.534E+02 1.683E+02 0.000E+00
| Objective function evaluated, time [s]       22.147
| Data point added to dataset (x i y): 
  2.5342971152E+02  1.6828575441E+02  0.0000000000E+00      -2.0300621982E+05

| Total ensemble size: 43
| Best acquisition, x_best i_best y_best:
  2.0196716012E+02  2.1822075721E+00  0.0000000000E+00      -2.0301031373E+05
| Global minimum prediction, x_hat mu_hat +- nu_hat:
  2.1585517896E+02 -3.9164763258E+00  0.0000000000E+00      -2.0301065353E+05  5.5368333552E-01
| Global minimum convergence, d_xhat d_muhat:
  3.4592581488E+00  4.3395510598E-03

| GP model hyperparameters (lengthscales W kappa):
  5.2533508480E-01  5.0848562091E-01  6.6598587605E+00  7.5409053492E+00  8.8958129095E+00  1.1007705654E+01
| Next sampling location (x_next, i_next):
  3.7624955413E+01  1.3334947171E+02  0.0000000000E+00

Iteration time [s]:   24.003        Total time [s]:  286.229

--------------------------------------------------------------------------------
                                BO ITERATION 12                                 
--------------------------------------------------------------------------------
| Evaluating objective function at 3.762E+01 1.333E+02 0.000E+00
| Objective function evaluated, time [s]       22.322
| Data point added to dataset (x i y): 
  3.7624955413E+01  1.3334947171E+02  0.0000000000E+00      -2.0299939044E+05

| Total ensemble size: 44
| Best acquisition, x_best i_best y_best:
  2.0196716012E+02  2.1822075721E+00  0.0000000000E+00      -2.0301031373E+05
| Global minimum prediction, x_hat mu_hat +- nu_hat:
  2.1319480826E+02 -2.3297069022E+00  0.0000000000E+00      -2.0301054769E+05  4.2131841345E-01
| Global minimum convergence, d_xhat d_muhat:
  3.0976457927E+00  4.5213454214E-03

| GP model hyperparameters (lengthscales W kappa):
  5.2338639035E-01  5.2265527234E-01  7.2592048410E+00  7.6464687770E+00  9.8558497325E+00  1.0769373486E+01
| Next sampling location (x_next, i_next):
  5.8485235681E+01  2.2083540486E+02  0.0000000000E+00

Iteration time [s]:   24.116        Total time [s]:  310.349

--------------------------------------------------------------------------------
                                BO ITERATION 13                                 
--------------------------------------------------------------------------------
| Evaluating objective function at 5.849E+01 2.208E+02 0.000E+00
| Objective function evaluated, time [s]       22.351
| Data point added to dataset (x i y): 
  5.8485235681E+01  2.2083540486E+02  0.0000000000E+00      -2.0300166853E+05

| Total ensemble size: 45
| Best acquisition, x_best i_best y_best:
  2.0196716012E+02  2.1822075721E+00  0.0000000000E+00      -2.0301031373E+05
| Global minimum prediction, x_hat mu_hat +- nu_hat:
  2.0959370248E+02 -5.2613802038E-01  0.0000000000E+00      -2.0301042758E+05  2.4459918346E-01
| Global minimum convergence, d_xhat d_muhat:
  4.0275083562E+00  5.1675809456E-03

| GP model hyperparameters (lengthscales W kappa):
  5.1966062880E-01  4.8828062115E-01 -7.6516142082E+00 -7.3114330771E+00  1.0233850394E+01  9.4657765179E+00
| Next sampling location (x_next, i_next):
  2.4651391845E+02  1.2611768934E+01  0.0000000000E+00

Iteration time [s]:   24.429        Total time [s]:  334.782

--------------------------------------------------------------------------------
                                BO ITERATION 14                                 
--------------------------------------------------------------------------------
| Evaluating objective function at 2.465E+02 1.261E+01 0.000E+00
| Objective function evaluated, time [s]       23.451
| Data point added to dataset (x i y): 
  2.4651391845E+02  1.2611768934E+01  0.0000000000E+00      -2.0301055290E+05

| Total ensemble size: 46
| Best acquisition, x_best i_best y_best:
  2.4651391845E+02  1.2611768934E+01  0.0000000000E+00      -2.0301055290E+05
| Global minimum prediction, x_hat mu_hat +- nu_hat:
  2.5461484401E+02 -1.5361359775E+00  0.0000000000E+00      -2.0301146176E+05  2.4359836677E-01
| Global minimum convergence, d_xhat d_muhat:
  4.5032469174E+01  4.3718774406E-02

| GP model hyperparameters (lengthscales W kappa):
  5.1594180568E-01  5.1740775865E-01  8.0488098446E+00  7.4037884816E+00  1.2642803642E+01  1.0998704871E+01
| Next sampling location (x_next, i_next):
  1.9635097170E+02  1.5847127509E+02  0.0000000000E+00

Iteration time [s]:   25.416        Total time [s]:  360.202

--------------------------------------------------------------------------------
                                BO ITERATION 15                                 
--------------------------------------------------------------------------------
| Evaluating objective function at 1.964E+02 1.585E+02 0.000E+00
| Objective function evaluated, time [s]       22.348
| Data point added to dataset (x i y): 
  1.9635097170E+02  1.5847127509E+02  0.0000000000E+00      -2.0300520345E+05

| Total ensemble size: 47
| Best acquisition, x_best i_best y_best:
  2.4651391845E+02  1.2611768934E+01  0.0000000000E+00      -2.0301055290E+05
| Global minimum prediction, x_hat mu_hat +- nu_hat:
  2.5515948913E+02 -1.6165356895E+00  0.0000000000E+00      -2.0301146942E+05  2.1561987057E-01
| Global minimum convergence, d_xhat d_muhat:
  5.5054738860E-01  3.2299216489E-04

| GP model hyperparameters (lengthscales W kappa):
  5.2575309251E-01  5.3102738890E-01  8.2059816866E+00  7.6334941626E+00  1.2439454302E+01  1.1020144455E+01
| Next sampling location (x_next, i_next):
  2.8626819603E+02 -6.1697326365E-01  0.0000000000E+00

Iteration time [s]:   24.321        Total time [s]:  384.527

--------------------------------------------------------------------------------
                                BO ITERATION 16                                 
--------------------------------------------------------------------------------
| Evaluating objective function at 2.863E+02 -6.170E-01 0.000E+00
| Objective function evaluated, time [s]       23.547
| Data point added to dataset (x i y): 
  2.8626819603E+02 -6.1697326365E-01  0.0000000000E+00      -2.0300842818E+05

| Total ensemble size: 48
| Best acquisition, x_best i_best y_best:
  2.4651391845E+02  1.2611768934E+01  0.0000000000E+00      -2.0301055290E+05
| Global minimum prediction, x_hat mu_hat +- nu_hat:
  2.4296943499E+02 -7.0021767859E-01  0.0000000000E+00      -2.0301158414E+05  3.2484908020E-01
| Global minimum convergence, d_xhat d_muhat:
  1.2224445133E+01  4.7947282931E-03

| GP model hyperparameters (lengthscales W kappa):
  5.3080265198E-01  5.2995432109E-01  7.7777000117E+00  7.5683772519E+00  1.3099510617E+01  1.2526482566E+01
| Next sampling location (x_next, i_next):
  2.3096570649E+02 -9.0411501542E+00  0.0000000000E+00

Iteration time [s]:   25.409        Total time [s]:  409.940

--------------------------------------------------------------------------------
                                BO ITERATION 17                                 
--------------------------------------------------------------------------------
| Evaluating objective function at 2.310E+02 -9.041E+00 0.000E+00
| Objective function evaluated, time [s]       23.838
| Data point added to dataset (x i y): 
  2.3096570649E+02 -9.0411501542E+00  0.0000000000E+00      -2.0301118264E+05

| Total ensemble size: 49
| Best acquisition, x_best i_best y_best:
  2.3096570649E+02 -9.0411501542E+00  0.0000000000E+00      -2.0301118264E+05
| Global minimum prediction, x_hat mu_hat +- nu_hat:
  2.4141415325E+02 -1.2410937392E+00  0.0000000000E+00      -2.0301171679E+05  4.7242913855E-02
| Global minimum convergence, d_xhat d_muhat:
  1.6466475613E+00  5.4657297233E-03

| GP model hyperparameters (lengthscales W kappa):
  5.4812848244E-01  5.5409286831E-01  8.0911103410E+00  7.9710944738E+00  1.4139204491E+01  1.3820135565E+01
| Next sampling location (x_next, i_next):
  3.0362143458E+02  1.8646315699E+02  0.0000000000E+00

Iteration time [s]:   25.927        Total time [s]:  435.871

--------------------------------------------------------------------------------
                                BO ITERATION 18                                 
--------------------------------------------------------------------------------
| Evaluating objective function at 3.036E+02 1.865E+02 0.000E+00
| Objective function evaluated, time [s]       23.488
| Data point added to dataset (x i y): 
  3.0362143458E+02  1.8646315699E+02  0.0000000000E+00      -2.0300831135E+05

| Total ensemble size: 50
| Best acquisition, x_best i_best y_best:
  2.3096570649E+02 -9.0411501542E+00  0.0000000000E+00      -2.0301118264E+05
| Global minimum prediction, x_hat mu_hat +- nu_hat:
  2.4212256417E+02 -1.4158385763E+00  0.0000000000E+00      -2.0301172325E+05  4.3851167307E-02
| Global minimum convergence, d_xhat d_muhat:
  7.2964497359E-01  2.6450960102E-04

| GP model hyperparameters (lengthscales W kappa):
  5.6263164387E-01  5.7858196748E-01 -8.5238594147E+00 -8.4190311634E+00  1.4545497760E+01  1.4260946524E+01
| Next sampling location (x_next, i_next):
  2.2063506866E+02  1.1704078478E+01  0.0000000000E+00

Iteration time [s]:   25.550        Total time [s]:  461.425

--------------------------------------------------------------------------------
                                BO ITERATION 19                                 
--------------------------------------------------------------------------------
| Evaluating objective function at 2.206E+02 1.170E+01 0.000E+00
| Objective function evaluated, time [s]       24.729
| Data point added to dataset (x i y): 
  2.2063506866E+02  1.1704078478E+01  0.0000000000E+00      -2.0301161773E+05

| Total ensemble size: 51
| Best acquisition, x_best i_best y_best:
  2.2063506866E+02  1.1704078478E+01  0.0000000000E+00      -2.0301161773E+05
| Global minimum prediction, x_hat mu_hat +- nu_hat:
  2.2854268549E+02  3.3721150059E+00  0.0000000000E+00      -2.0301194083E+05  1.4389876878E-02
| Global minimum convergence, d_xhat d_muhat:
  1.4399222358E+01  8.7936298104E-03

| GP model hyperparameters (lengthscales W kappa):
  5.5647791325E-01  5.7120953878E-01 -8.7087258663E+00 -8.3777615804E+00  1.4062016659E+01  1.3205541656E+01
| Next sampling location (x_next, i_next):
  8.9449188380E+01  1.6501971081E+02  0.0000000000E+00

Iteration time [s]:   26.708        Total time [s]:  488.137

--------------------------------------------------------------------------------
                                BO ITERATION 20                                 
--------------------------------------------------------------------------------
| Evaluating objective function at 8.945E+01 1.650E+02 0.000E+00
| Objective function evaluated, time [s]       23.444
| Data point added to dataset (x i y): 
  8.9449188380E+01  1.6501971081E+02  0.0000000000E+00      -2.0300785618E+05

| Total ensemble size: 52
| Best acquisition, x_best i_best y_best:
  2.2063506866E+02  1.1704078478E+01  0.0000000000E+00      -2.0301161773E+05
| Global minimum prediction, x_hat mu_hat +- nu_hat:
  2.2860447013E+02  3.3477878027E+00  0.0000000000E+00      -2.0301194224E+05  1.3474952951E-02
| Global minimum convergence, d_xhat d_muhat:
  6.6401472235E-02  5.6732261595E-05

| GP model hyperparameters (lengthscales W kappa):
  5.6661358378E-01  5.8070120346E-01  8.8429020342E+00  8.5861611684E+00  1.4246490317E+01  1.3586654567E+01
| Next sampling location (x_next, i_next):
  2.4364479015E+02 -1.1699452739E+00  0.0000000000E+00

Iteration time [s]:   25.771        Total time [s]:  513.912

--------------------------------------------------------------------------------
                                BO ITERATION 21                                 
--------------------------------------------------------------------------------
| Evaluating objective function at 2.436E+02 -1.170E+00 0.000E+00
| Objective function evaluated, time [s]       24.518
| Data point added to dataset (x i y): 
  2.4364479015E+02 -1.1699452739E+00  0.0000000000E+00      -2.0301233905E+05

| Total ensemble size: 53
| Best acquisition, x_best i_best y_best:
  2.4364479015E+02 -1.1699452739E+00  0.0000000000E+00      -2.0301233905E+05
| Global minimum prediction, x_hat mu_hat +- nu_hat:
  2.4030835247E+02 -1.7737630416E-01  0.0000000000E+00      -2.0301234964E+05  7.2607908073E-04
| Global minimum convergence, d_xhat d_muhat:
  1.2223241950E+01  1.6201704084E-02

| GP model hyperparameters (lengthscales W kappa):
  5.8293073550E-01  5.3633883080E-01  9.5383085680E+00  8.4135423855E+00  1.5889489884E+01  1.3004532223E+01
| Next sampling location (x_next, i_next):
  2.3313600721E+02  2.2332201507E+00  0.0000000000E+00

Iteration time [s]:   26.770        Total time [s]:  540.686

--------------------------------------------------------------------------------
                                BO ITERATION 22                                 
--------------------------------------------------------------------------------
| Evaluating objective function at 2.331E+02 2.233E+00 0.000E+00
| Objective function evaluated, time [s]       23.495
| Data point added to dataset (x i y): 
  2.3313600721E+02  2.2332201507E+00  0.0000000000E+00      -2.0301235366E+05

| Total ensemble size: 54
| Best acquisition, x_best i_best y_best:
  2.3313600721E+02  2.2332201507E+00  0.0000000000E+00      -2.0301235366E+05
| Global minimum prediction, x_hat mu_hat +- nu_hat:
  2.3767800563E+02  7.1212953090E-01  0.0000000000E+00      -2.0301237820E+05  3.5870071349E-05
| Global minimum convergence, d_xhat d_muhat:
  2.7766788008E+00  1.1236808784E-03

| GP model hyperparameters (lengthscales W kappa):
  5.8601205531E-01  5.3190154832E-01 -9.3714736422E+00 -8.4133771106E+00  1.5976338964E+01  1.3466730213E+01
| Next sampling location (x_next, i_next):
  2.3808162370E+02  8.1061568772E-01  0.0000000000E+00

Iteration time [s]:   25.958        Total time [s]:  566.648

--------------------------------------------------------------------------------
                                BO ITERATION 23                                 
--------------------------------------------------------------------------------
| Evaluating objective function at 2.381E+02 8.106E-01 0.000E+00
| Objective function evaluated, time [s]       24.219
| Data point added to dataset (x i y): 
  2.3808162370E+02  8.1061568772E-01  0.0000000000E+00      -2.0301237258E+05

| Total ensemble size: 55
| Best acquisition, x_best i_best y_best:
  2.3808162370E+02  8.1061568772E-01  0.0000000000E+00      -2.0301237258E+05
| Global minimum prediction, x_hat mu_hat +- nu_hat:
  2.3744804888E+02  7.1290728022E-01  0.0000000000E+00      -2.0301237351E+05  6.6721002225E-07
| Global minimum convergence, d_xhat d_muhat:
  2.2995806063E-01  1.8271996129E-04

| GP model hyperparameters (lengthscales W kappa):
  6.0097634306E-01  5.4242397014E-01  9.8827093387E+00  8.7244965531E+00  1.6822604087E+01  1.3829374121E+01
| Next sampling location (x_next, i_next):
  2.3721086875E+02  1.9336671220E-01  0.0000000000E+00

Iteration time [s]:   26.294        Total time [s]:  592.946

--------------------------------------------------------------------------------
                                BO ITERATION 24                                 
--------------------------------------------------------------------------------
| Evaluating objective function at 2.372E+02 1.934E-01 0.000E+00
| Objective function evaluated, time [s]       23.408
| Acquisition location too confident, doing pure exploration
| Data point added to dataset (x i y): 
  2.3721086875E+02  1.9336671220E-01  0.0000000000E+00      -2.0301237032E+05

| Total ensemble size: 56
| Best acquisition, x_best i_best y_best:
  2.3808162370E+02  8.1061568772E-01  0.0000000000E+00      -2.0301237258E+05
| Global minimum prediction, x_hat mu_hat +- nu_hat:
  2.3745143772E+02  7.1762156318E-01  0.0000000000E+00      -2.0301237348E+05  6.6226045980E-09
| Global minimum convergence, d_xhat d_muhat:
  5.8059171383E-03  1.1547119542E-06

| GP model hyperparameters (lengthscales W kappa):
  6.0934354510E-01  5.5808206507E-01 -1.0241503839E+01 -9.0361896834E+00  1.7231844986E+01  1.4169293466E+01
| Next sampling location (x_next, i_next):
 -8.4721245860E+00  2.8086424826E+02  0.0000000000E+00

Iteration time [s]:   26.446        Total time [s]:  619.396

--------------------------------------------------------------------------------
                                BO ITERATION 25                                 
--------------------------------------------------------------------------------
| Evaluating objective function at -8.472E+00 2.809E+02 0.000E+00
| Objective function evaluated, time [s]       23.715
| Data point added to dataset (x i y): 
 -8.4721245860E+00  2.8086424826E+02  0.0000000000E+00      -2.0299021651E+05

| Total ensemble size: 57
| Best acquisition, x_best i_best y_best:
  2.3808162370E+02  8.1061568772E-01  0.0000000000E+00      -2.0301237258E+05
| Global minimum prediction, x_hat mu_hat +- nu_hat:
  2.3745323934E+02  7.1663982533E-01  0.0000000000E+00      -2.0301237348E+05  6.5533124704E-09
| Global minimum convergence, d_xhat d_muhat:
  2.0517444362E-03  6.9332980961E-08

| GP model hyperparameters (lengthscales W kappa):
  6.0226461881E-01  5.3672255223E-01 -9.4858863586E+00 -8.6791928495E+00  1.4914267397E+01  1.2930802775E+01
| Next sampling location (x_next, i_next):
  1.4949089134E+02  1.7259889398E+02  0.0000000000E+00

Iteration time [s]:   26.097        Total time [s]:  645.497

--------------------------------------------------------------------------------
                                BO ITERATION 26                                 
--------------------------------------------------------------------------------
| Evaluating objective function at 1.495E+02 1.726E+02 0.000E+00
| Objective function evaluated, time [s]       22.344
| Acquisition location too confident, doing pure exploration
| Data point added to dataset (x i y): 
  1.4949089134E+02  1.7259889398E+02  0.0000000000E+00      -2.0300755310E+05

| Total ensemble size: 58
| Best acquisition, x_best i_best y_best:
  2.3808162370E+02  8.1061568772E-01  0.0000000000E+00      -2.0301237258E+05
| Global minimum prediction, x_hat mu_hat +- nu_hat:
  2.3745352406E+02  7.1646648290E-01  0.0000000000E+00      -2.0301237348E+05  6.4738169491E-09
| Global minimum convergence, d_xhat d_muhat:
  3.3333421751E-04  3.4847222957E-08

| GP model hyperparameters (lengthscales W kappa):
  6.0961903748E-01  5.4374918060E-01  9.6540495185E+00  8.8615918633E+00  1.4890698208E+01  1.2973594767E+01
| Next sampling location (x_next, i_next):
  2.8919066678E+02  1.0154694963E+02  0.0000000000E+00

Iteration time [s]:   25.584        Total time [s]:  671.085

--------------------------------------------------------------------------------
                                BO ITERATION 27                                 
--------------------------------------------------------------------------------
| Evaluating objective function at 2.892E+02 1.015E+02 0.000E+00
| Objective function evaluated, time [s]       24.189
| Acquisition location too confident, doing pure exploration
| Data point added to dataset (x i y): 
  2.8919066678E+02  1.0154694963E+02  0.0000000000E+00      -2.0299025149E+05

| Total ensemble size: 59
| Best acquisition, x_best i_best y_best:
  2.3808162370E+02  8.1061568772E-01  0.0000000000E+00      -2.0301237258E+05
| Global minimum prediction, x_hat mu_hat +- nu_hat:
  2.3745449084E+02  7.1646337467E-01  0.0000000000E+00      -2.0301237348E+05  6.4366555640E-09
| Global minimum convergence, d_xhat d_muhat:
  9.6679257989E-04  7.9462726450E-10

| GP model hyperparameters (lengthscales W kappa):
  6.0896502445E-01  5.4053421847E-01 -9.4983379336E+00 -8.7974475243E+00  1.3654450970E+01  1.2036234088E+01
| Next sampling location (x_next, i_next):
  1.2729593830E+02  2.9235430244E+02  0.0000000000E+00

Iteration time [s]:   27.434        Total time [s]:  698.523

--------------------------------------------------------------------------------
                                BO ITERATION 28                                 
--------------------------------------------------------------------------------
| Evaluating objective function at 1.273E+02 2.924E+02 0.000E+00
| Objective function evaluated, time [s]       23.851
| Acquisition location too confident, doing pure exploration
| Data point added to dataset (x i y): 
  1.2729593830E+02  2.9235430244E+02  0.0000000000E+00      -2.0298982949E+05

| Total ensemble size: 60
| Best acquisition, x_best i_best y_best:
  2.3808162370E+02  8.1061568772E-01  0.0000000000E+00      -2.0301237258E+05
| Global minimum prediction, x_hat mu_hat +- nu_hat:
  2.3745095168E+02  7.1803145062E-01  0.0000000000E+00      -2.0301237349E+05  6.4771280782E-09
| Global minimum convergence, d_xhat d_muhat:
  3.8709908248E-03  3.2036642507E-07

| GP model hyperparameters (lengthscales W kappa):
  5.9513340442E-01  5.0877884311E-01 -8.5938132988E+00 -8.2587419791E+00  1.1354324173E+01  1.0616382147E+01
| Next sampling location (x_next, i_next):
  8.9436152965E+01  7.2876309802E+01  0.0000000000E+00

Iteration time [s]:   27.314        Total time [s]:  725.841

--------------------------------------------------------------------------------
                                BO ITERATION 29                                 
--------------------------------------------------------------------------------
| Evaluating objective function at 8.944E+01 7.288E+01 0.000E+00
| Objective function evaluated, time [s]       23.552
| Acquisition location too confident, doing pure exploration
| Data point added to dataset (x i y): 
  8.9436152965E+01  7.2876309802E+01  0.0000000000E+00      -2.0298911588E+05

| Total ensemble size: 61
| Best acquisition, x_best i_best y_best:
  2.3808162370E+02  8.1061568772E-01  0.0000000000E+00      -2.0301237258E+05
| Global minimum prediction, x_hat mu_hat +- nu_hat:
  2.3744728201E+02  7.1882374425E-01  0.0000000000E+00      -2.0301237349E+05  6.4885109729E-09
| Global minimum convergence, d_xhat d_muhat:
  3.7542191933E-03  8.5313206081E-09

| GP model hyperparameters (lengthscales W kappa):
  5.9173750735E-01  5.1605801475E-01  8.7451856655E+00  8.2060694911E+00  1.1188537842E+01  1.0042238523E+01
| Next sampling location (x_next, i_next):
 -4.2798611652E+00  9.1539245511E+01  0.0000000000E+00

Iteration time [s]:   27.014        Total time [s]:  752.859

--------------------------------------------------------------------------------
                                BO ITERATION 30                                 
--------------------------------------------------------------------------------
| Evaluating objective function at -4.280E+00 9.154E+01 0.000E+00
| Objective function evaluated, time [s]       23.939
| Acquisition location too confident, doing pure exploration
| Data point added to dataset (x i y): 
 -4.2798611652E+00  9.1539245511E+01  0.0000000000E+00      -2.0298965194E+05

| Total ensemble size: 62
| Best acquisition, x_best i_best y_best:
  2.3808162370E+02  8.1061568772E-01  0.0000000000E+00      -2.0301237258E+05
| Global minimum prediction, x_hat mu_hat +- nu_hat:
  2.3744914729E+02  7.1817800086E-01  0.0000000000E+00      -2.0301237349E+05  6.4334723326E-09
| Global minimum convergence, d_xhat d_muhat:
  1.9738908191E-03  1.8869695971E-08

| GP model hyperparameters (lengthscales W kappa):
  5.9098006853E-01  5.1485618057E-01 -8.5856228832E+00 -8.1415388600E+00  1.0447683993E+01  9.5546792036E+00
| Next sampling location (x_next, i_next):
  2.0060342145E+02  9.6262906380E+01  0.0000000000E+00

Iteration time [s]:   27.193        Total time [s]:  780.056

--------------------------------------------------------------------------------
                                BO ITERATION 31                                 
--------------------------------------------------------------------------------
| Evaluating objective function at 2.006E+02 9.626E+01 0.000E+00
| Objective function evaluated, time [s]       23.868
| Acquisition location too confident, doing pure exploration
| Data point added to dataset (x i y): 
  2.0060342145E+02  9.6262906380E+01  0.0000000000E+00      -2.0299074860E+05

| Total ensemble size: 63
| Best acquisition, x_best i_best y_best:
  2.3808162370E+02  8.1061568772E-01  0.0000000000E+00      -2.0301237258E+05
| Global minimum prediction, x_hat mu_hat +- nu_hat:
  2.3745195726E+02  7.1768213735E-01  0.0000000000E+00      -2.0301237349E+05  6.5218780597E-09
| Global minimum convergence, d_xhat d_muhat:
  2.8533883699E-03  8.2763004617E-08

| GP model hyperparameters (lengthscales W kappa):
  5.8329055879E-01  5.0344907557E-01 -8.4217267380E+00 -7.8144281497E+00  9.9679979173E+00  8.8303991671E+00
| Next sampling location (x_next, i_next):
  2.1300444709E+02  2.5913414677E+02  0.0000000000E+00

Iteration time [s]:   26.881        Total time [s]:  806.941

--------------------------------------------------------------------------------
                                BO ITERATION 32                                 
--------------------------------------------------------------------------------
| Evaluating objective function at 2.130E+02 2.591E+02 0.000E+00
| Objective function evaluated, time [s]       22.423
| Acquisition location too confident, doing pure exploration
| Data point added to dataset (x i y): 
  2.1300444709E+02  2.5913414677E+02  0.0000000000E+00      -2.0298907546E+05

| Total ensemble size: 64
| Best acquisition, x_best i_best y_best:
  2.3808162370E+02  8.1061568772E-01  0.0000000000E+00      -2.0301237258E+05
| Global minimum prediction, x_hat mu_hat +- nu_hat:
  2.3745001845E+02  7.1830949722E-01  0.0000000000E+00      -2.0301237349E+05  6.5157389705E-09
| Global minimum convergence, d_xhat d_muhat:
  2.0377878032E-03  8.3266327028E-08

| GP model hyperparameters (lengthscales W kappa):
  5.8100412906E-01  4.9716546448E-01 -8.2856352751E+00 -7.7488542742E+00  8.7230659553E+00  7.7625132280E+00
| Next sampling location (x_next, i_next):
  3.0335561658E+02  2.5998709974E+02  0.0000000000E+00

Iteration time [s]:   26.436        Total time [s]:  833.381

--------------------------------------------------------------------------------
                                BO ITERATION 33                                 
--------------------------------------------------------------------------------
| Evaluating objective function at 3.034E+02 2.600E+02 0.000E+00
| Objective function evaluated, time [s]       23.595
| Acquisition location too confident, doing pure exploration
| Data point added to dataset (x i y): 
  3.0335561658E+02  2.5998709974E+02  0.0000000000E+00      -2.0299217094E+05

| Total ensemble size: 65
| Best acquisition, x_best i_best y_best:
  2.3808162370E+02  8.1061568772E-01  0.0000000000E+00      -2.0301237258E+05
| Global minimum prediction, x_hat mu_hat +- nu_hat:
  2.3745146686E+02  7.1804764874E-01  0.0000000000E+00      -2.0301237349E+05  6.5029634121E-09
| Global minimum convergence, d_xhat d_muhat:
  1.4718876231E-03  3.1651588482E-08

| GP model hyperparameters (lengthscales W kappa):
  5.7986826778E-01  4.9200275056E-01  8.0973982363E+00  7.6613087045E+00  8.3258440206E+00  7.5588930298E+00
| Next sampling location (x_next, i_next):
  1.4970675130E+02  2.4597923198E+02  0.0000000000E+00

Iteration time [s]:   27.274        Total time [s]:  860.659

--------------------------------------------------------------------------------
                                BO ITERATION 34                                 
--------------------------------------------------------------------------------
| Evaluating objective function at 1.497E+02 2.460E+02 0.000E+00
| Objective function evaluated, time [s]       23.716
| Acquisition location too confident, doing pure exploration
| Data point added to dataset (x i y): 
  1.4970675130E+02  2.4597923198E+02  0.0000000000E+00      -2.0299276950E+05

| Total ensemble size: 66
| Best acquisition, x_best i_best y_best:
  2.3808162370E+02  8.1061568772E-01  0.0000000000E+00      -2.0301237258E+05
| Global minimum prediction, x_hat mu_hat +- nu_hat:
  2.3745276814E+02  7.1731404810E-01  0.0000000000E+00      -2.0301237349E+05  6.5197322207E-09
| Global minimum convergence, d_xhat d_muhat:
  1.4938199577E-03  3.2187100887E-08

| GP model hyperparameters (lengthscales W kappa):
  5.7734684818E-01  4.8194592890E-01  7.9262751384E+00  7.5863911118E+00  7.6687439859E+00  7.1050318511E+00
| Next sampling location (x_next, i_next):
  1.1424660132E+02  8.1591999735E+00  0.0000000000E+00

Iteration time [s]:   27.499        Total time [s]:  888.162

--------------------------------------------------------------------------------
                                BO ITERATION 35                                 
--------------------------------------------------------------------------------
| Evaluating objective function at 1.142E+02 8.159E+00 0.000E+00
| Objective function evaluated, time [s]       24.511
| Acquisition location too confident, doing pure exploration
| Data point added to dataset (x i y): 
  1.1424660132E+02  8.1591999735E+00  0.0000000000E+00      -2.0299017100E+05

| Total ensemble size: 67
| Best acquisition, x_best i_best y_best:
  2.3808162370E+02  8.1061568772E-01  0.0000000000E+00      -2.0301237258E+05
| Global minimum prediction, x_hat mu_hat +- nu_hat:
  2.3746027214E+02  7.1365384611E-01  0.0000000000E+00      -2.0301237348E+05  6.7890279175E-09
| Global minimum convergence, d_xhat d_muhat:
  8.3490807498E-03  5.2838372055E-07

| GP model hyperparameters (lengthscales W kappa):
  5.4822792846E-01  5.0247847142E-01  8.5927407964E+00  7.4076010291E+00  8.9170120484E+00  6.8859526222E+00
| Next sampling location (x_next, i_next):
  8.4500333763E-01  4.7956521408E+00  0.0000000000E+00

Iteration time [s]:   28.498        Total time [s]:  916.664

--------------------------------------------------------------------------------
                                BO ITERATION 36                                 
--------------------------------------------------------------------------------
| Evaluating objective function at 8.450E-01 4.796E+00 0.000E+00
| Objective function evaluated, time [s]       24.135
| Data point added to dataset (x i y): 
  8.4500333763E-01  4.7956521408E+00  0.0000000000E+00      -2.0299095330E+05

| Total ensemble size: 68
| Best acquisition, x_best i_best y_best:
  2.3808162370E+02  8.1061568772E-01  0.0000000000E+00      -2.0301237258E+05
| Global minimum prediction, x_hat mu_hat +- nu_hat:
  2.3743132069E+02  7.2319786616E-01  0.0000000000E+00      -2.0301237350E+05  7.7424199495E-09
| Global minimum convergence, d_xhat d_muhat:
  3.0484012050E-02  1.0065735325E-06

| GP model hyperparameters (lengthscales W kappa):
  5.1197904446E-01  4.9159915696E-01  8.7575416249E+00  7.0219976292E+00  7.9996663224E+00  5.4674596019E+00
| Next sampling location (x_next, i_next):
  2.1861308509E+02  1.8525868143E+02  0.0000000000E+00

Iteration time [s]:   27.957        Total time [s]:  944.625

--------------------------------------------------------------------------------
                                BO ITERATION 37                                 
--------------------------------------------------------------------------------
| Evaluating objective function at 2.186E+02 1.853E+02 0.000E+00
| Objective function evaluated, time [s]       22.172
| Data point added to dataset (x i y): 
  2.1861308509E+02  1.8525868143E+02  0.0000000000E+00      -2.0300684032E+05

| Total ensemble size: 69
| Best acquisition, x_best i_best y_best:
  2.3808162370E+02  8.1061568772E-01  0.0000000000E+00      -2.0301237258E+05
| Global minimum prediction, x_hat mu_hat +- nu_hat:
  2.3743184175E+02  7.2302489105E-01  0.0000000000E+00      -2.0301237350E+05  7.5999134984E-09
| Global minimum convergence, d_xhat d_muhat:
  5.4902096201E-04  3.4866052445E-08

| GP model hyperparameters (lengthscales W kappa):
  5.1725271825E-01  4.9730136017E-01  8.8548036695E+00  7.1083244949E+00  8.2284687372E+00  5.6286686039E+00
| Next sampling location (x_next, i_next):
  2.3654381735E+01  1.7266844898E+02  0.0000000000E+00

Iteration time [s]:   25.741        Total time [s]:  970.370

--------------------------------------------------------------------------------
                                BO ITERATION 38                                 
--------------------------------------------------------------------------------
| Evaluating objective function at 2.365E+01 1.727E+02 0.000E+00
| Objective function evaluated, time [s]       24.730
| Acquisition location too confident, doing pure exploration
| Data point added to dataset (x i y): 
  2.3654381735E+01  1.7266844898E+02  0.0000000000E+00      -2.0300820723E+05

| Total ensemble size: 70
| Best acquisition, x_best i_best y_best:
  2.3808162370E+02  8.1061568772E-01  0.0000000000E+00      -2.0301237258E+05
| Global minimum prediction, x_hat mu_hat +- nu_hat:
  2.3743221438E+02  7.2304655018E-01  0.0000000000E+00      -2.0301237350E+05  7.5204321880E-09
| Global minimum convergence, d_xhat d_muhat:
  3.7326187016E-04  6.2306396957E-09

| GP model hyperparameters (lengthscales W kappa):
  5.1990989802E-01  5.0359361627E-01  8.9459223675E+00  7.1743478372E+00  8.4349775206E+00  5.7557545875E+00
| Next sampling location (x_next, i_next):
  4.4676433078E+01  5.2255760299E+01  0.0000000000E+00

Iteration time [s]:   28.820        Total time [s]:  999.195

--------------------------------------------------------------------------------
                                BO ITERATION 39                                 
--------------------------------------------------------------------------------
| Evaluating objective function at 4.468E+01 5.226E+01 0.000E+00
| Objective function evaluated, time [s]       23.766
| Acquisition location too confident, doing pure exploration
| Data point added to dataset (x i y): 
  4.4676433078E+01  5.2255760299E+01  0.0000000000E+00      -2.0299511887E+05

| Total ensemble size: 71
| Best acquisition, x_best i_best y_best:
  2.3808162370E+02  8.1061568772E-01  0.0000000000E+00      -2.0301237258E+05
| Global minimum prediction, x_hat mu_hat +- nu_hat:
  2.3743551600E+02  7.2152132100E-01  0.0000000000E+00      -2.0301237350E+05  7.4551617323E-09
| Global minimum convergence, d_xhat d_muhat:
  3.6368984440E-03  1.7403305429E-07

| GP model hyperparameters (lengthscales W kappa):
  5.2070478956E-01  4.9393542139E-01 -8.6301148270E+00 -6.9867728445E+00  8.4543002071E+00  5.8628575121E+00
| Next sampling location (x_next, i_next):
  4.5955592028E+01  2.8574331377E+02  0.0000000000E+00

Iteration time [s]:   27.837        Total time [s]: 1027.036

--------------------------------------------------------------------------------
                                BO ITERATION 40                                 
--------------------------------------------------------------------------------
| Evaluating objective function at 4.596E+01 2.857E+02 0.000E+00
| Objective function evaluated, time [s]       24.278
| Acquisition location too confident, doing pure exploration
| Data point added to dataset (x i y): 
  4.5955592028E+01  2.8574331377E+02  0.0000000000E+00      -2.0299027176E+05

| Total ensemble size: 72
| Best acquisition, x_best i_best y_best:
  2.3808162370E+02  8.1061568772E-01  0.0000000000E+00      -2.0301237258E+05
| Global minimum prediction, x_hat mu_hat +- nu_hat:
  2.3743470464E+02  7.2149286174E-01  0.0000000000E+00      -2.0301237350E+05  8.1536252416E-09
| Global minimum convergence, d_xhat d_muhat:
  8.1185810259E-04  9.4402592241E-08

| GP model hyperparameters (lengthscales W kappa):
  4.9834163901E-01  4.5741698872E-01 -8.1498879450E+00 -6.6334617222E+00  7.0610191444E+00  4.9738894491E+00
| Next sampling location (x_next, i_next):
  2.4316060294E+02  1.1532801527E+02  0.0000000000E+00

Iteration time [s]:   28.618        Total time [s]: 1055.658

--------------------------------------------------------------------------------
                                BO ITERATION 41                                 
--------------------------------------------------------------------------------
| Evaluating objective function at 2.432E+02 1.153E+02 0.000E+00
| Objective function evaluated, time [s]       23.588
| Acquisition location too confident, doing pure exploration
| Data point added to dataset (x i y): 
  2.4316060294E+02  1.1532801527E+02  0.0000000000E+00      -2.0299170285E+05

| Total ensemble size: 73
| Best acquisition, x_best i_best y_best:
  2.3808162370E+02  8.1061568772E-01  0.0000000000E+00      -2.0301237258E+05
| Global minimum prediction, x_hat mu_hat +- nu_hat:
  2.3743334097E+02  7.2197802944E-01  0.0000000000E+00      -2.0301237350E+05  8.1088184166E-09
| Global minimum convergence, d_xhat d_muhat:
  1.4474109505E-03  5.7372152420E-08

| GP model hyperparameters (lengthscales W kappa):
  4.9761477671E-01  4.5368770214E-01 -8.0260734555E+00 -6.5955458389E+00  6.5171657579E+00  4.6862076691E+00
| Next sampling location (x_next, i_next):
  1.4189049733E+02  8.4869373413E+01  0.0000000000E+00

Iteration time [s]:   28.696        Total time [s]: 1084.358

--------------------------------------------------------------------------------
                                BO ITERATION 42                                 
--------------------------------------------------------------------------------
| Evaluating objective function at 1.419E+02 8.487E+01 0.000E+00
| Objective function evaluated, time [s]       23.578
| Acquisition location too confident, doing pure exploration
| Data point added to dataset (x i y): 
  1.4189049733E+02  8.4869373413E+01  0.0000000000E+00      -2.0299110352E+05

| Total ensemble size: 74
| Best acquisition, x_best i_best y_best:
  2.3808162370E+02  8.1061568772E-01  0.0000000000E+00      -2.0301237258E+05
| Global minimum prediction, x_hat mu_hat +- nu_hat:
  2.3742441964E+02  7.2406362510E-01  0.0000000000E+00      -2.0301237350E+05  8.1383343619E-09
| Global minimum convergence, d_xhat d_muhat:
  9.1618705149E-03  8.2637601184E-08

| GP model hyperparameters (lengthscales W kappa):
  4.9693519367E-01  4.4997666572E-01 -7.8949819954E+00 -6.5275825940E+00  6.2049922441E+00  4.5205693240E+00
| Next sampling location (x_next, i_next):
  1.7160775961E+02  2.9595998183E+02  0.0000000000E+00

Iteration time [s]:   28.693        Total time [s]: 1113.055

--------------------------------------------------------------------------------
                                BO ITERATION 43                                 
--------------------------------------------------------------------------------
| Evaluating objective function at 1.716E+02 2.960E+02 0.000E+00
| Objective function evaluated, time [s]       23.642
| Acquisition location too confident, doing pure exploration
| Data point added to dataset (x i y): 
  1.7160775961E+02  2.9595998183E+02  0.0000000000E+00      -2.0299000811E+05

| Total ensemble size: 75
| Best acquisition, x_best i_best y_best:
  2.3808162370E+02  8.1061568772E-01  0.0000000000E+00      -2.0301237258E+05
| Global minimum prediction, x_hat mu_hat +- nu_hat:
  2.3743347469E+02  7.2099849757E-01  0.0000000000E+00      -2.0301237349E+05  7.9775101191E-09
| Global minimum convergence, d_xhat d_muhat:
  9.5597586932E-03  5.4631636942E-07

| GP model hyperparameters (lengthscales W kappa):
  4.9110611046E-01  4.6002857606E-01  7.8434687174E+00  6.5365244094E+00  6.6887777562E+00  4.9137401506E+00
| Next sampling location (x_next, i_next):
  2.6116592339E+02  2.7951787590E+02  0.0000000000E+00

Iteration time [s]:   28.928        Total time [s]: 1141.987

--------------------------------------------------------------------------------
                                BO ITERATION 44                                 
--------------------------------------------------------------------------------
| Evaluating objective function at 2.612E+02 2.795E+02 0.000E+00
| Objective function evaluated, time [s]       23.671
| Acquisition location too confident, doing pure exploration
| Data point added to dataset (x i y): 
  2.6116592339E+02  2.7951787590E+02  0.0000000000E+00      -2.0299076987E+05

| Total ensemble size: 76
| Best acquisition, x_best i_best y_best:
  2.3808162370E+02  8.1061568772E-01  0.0000000000E+00      -2.0301237258E+05
| Global minimum prediction, x_hat mu_hat +- nu_hat:
  2.3744822104E+02  7.1596721440E-01  0.0000000000E+00      -2.0301237348E+05  7.8434591266E-09
| Global minimum convergence, d_xhat d_muhat:
  1.5581036209E-02  4.3776566527E-07

| GP model hyperparameters (lengthscales W kappa):
  4.8255818665E-01  4.5906098972E-01  7.5519380022E+00  6.4022413053E+00  6.7375166287E+00  5.0891257207E+00
| Next sampling location (x_next, i_next):
 -2.8340186733E+01 -3.9912942309E+01  0.0000000000E+00

Iteration time [s]:   29.093        Total time [s]: 1171.084

--------------------------------------------------------------------------------
                                BO ITERATION 45                                 
--------------------------------------------------------------------------------
| Evaluating objective function at -2.834E+01 -3.991E+01 0.000E+00
| Objective function evaluated, time [s]       23.623
| Acquisition location too confident, doing pure exploration
| Data point added to dataset (x i y): 
 -2.8340186733E+01 -3.9912942309E+01  0.0000000000E+00      -2.0299771885E+05

| Total ensemble size: 77
| Best acquisition, x_best i_best y_best:
  2.3808162370E+02  8.1061568772E-01  0.0000000000E+00      -2.0301237258E+05
| Global minimum prediction, x_hat mu_hat +- nu_hat:
  2.3746886124E+02  7.0577201999E-01  0.0000000000E+00      -2.0301237345E+05  7.4242815450E-09
| Global minimum convergence, d_xhat d_muhat:
  2.3020860913E-02  1.3762302450E-06

| GP model hyperparameters (lengthscales W kappa):
  4.8614630436E-01  4.2950267346E-01 -7.2375625575E+00 -6.3314498648E+00  6.0184836040E+00  4.8120301923E+00
| Next sampling location (x_next, i_next):
  8.2742189350E+01  1.1181342467E+02  0.0000000000E+00

Iteration time [s]:   29.013        Total time [s]: 1200.101

--------------------------------------------------------------------------------
                                BO ITERATION 46                                 
--------------------------------------------------------------------------------
| Evaluating objective function at 8.274E+01 1.118E+02 0.000E+00
| Objective function evaluated, time [s]       24.077
| Acquisition location too confident, doing pure exploration
| Data point added to dataset (x i y): 
  8.2742189350E+01  1.1181342467E+02  0.0000000000E+00      -2.0299335140E+05

| Total ensemble size: 78
| Best acquisition, x_best i_best y_best:
  2.3808162370E+02  8.1061568772E-01  0.0000000000E+00      -2.0301237258E+05
| Global minimum prediction, x_hat mu_hat +- nu_hat:
  2.3747054488E+02  7.0536041337E-01  0.0000000000E+00      -2.0301237345E+05  7.3727032478E-09
| Global minimum convergence, d_xhat d_muhat:
  1.7332197978E-03  3.1668377778E-09

| GP model hyperparameters (lengthscales W kappa):
  4.8555850544E-01  4.3106043540E-01  7.1899382637E+00  6.3196014958E+00  5.8880404564E+00  4.7489292744E+00
| Next sampling location (x_next, i_next):
  8.8517413442E+01 -4.4103839422E+01  0.0000000000E+00

Iteration time [s]:   29.570        Total time [s]: 1229.675

--------------------------------------------------------------------------------
                                BO ITERATION 47                                 
--------------------------------------------------------------------------------
| Evaluating objective function at 8.852E+01 -4.410E+01 0.000E+00
| Objective function evaluated, time [s]       23.637
| Acquisition location too confident, doing pure exploration
| Data point added to dataset (x i y): 
  8.8517413442E+01 -4.4103839422E+01  0.0000000000E+00      -2.0299699286E+05

| Total ensemble size: 79
| Best acquisition, x_best i_best y_best:
  2.3808162370E+02  8.1061568772E-01  0.0000000000E+00      -2.0301237258E+05
| Global minimum prediction, x_hat mu_hat +- nu_hat:
  2.3747226826E+02  7.0468810023E-01  0.0000000000E+00      -2.0301237345E+05  7.2667684314E-09
| Global minimum convergence, d_xhat d_muhat:
  1.8498725907E-03  3.7964575963E-08

| GP model hyperparameters (lengthscales W kappa):
  4.9002569483E-01  4.3080858281E-01 -7.2143397169E+00 -6.3873752857E+00  5.7613142905E+00  4.7068349674E+00
| Next sampling location (x_next, i_next):
  9.8651551677E+01  2.5324507388E+02  0.0000000000E+00

Iteration time [s]:   29.226        Total time [s]: 1258.905

--------------------------------------------------------------------------------
                                BO ITERATION 48                                 
--------------------------------------------------------------------------------
| Evaluating objective function at 9.865E+01 2.532E+02 0.000E+00
| Objective function evaluated, time [s]       23.759
| Acquisition location too confident, doing pure exploration
| Data point added to dataset (x i y): 
  9.8651551677E+01  2.5324507388E+02  0.0000000000E+00      -2.0299206782E+05

| Total ensemble size: 80
| Best acquisition, x_best i_best y_best:
  2.3808162370E+02  8.1061568772E-01  0.0000000000E+00      -2.0301237258E+05
| Global minimum prediction, x_hat mu_hat +- nu_hat:
  2.3747393385E+02  7.0409958422E-01  0.0000000000E+00      -2.0301237344E+05  7.2176770337E-09
| Global minimum convergence, d_xhat d_muhat:
  1.7665130263E-03  7.7917951036E-08

| GP model hyperparameters (lengthscales W kappa):
  4.9354445980E-01  4.2584123940E-01  7.1154438114E+00  6.3252507048E+00  5.8736481514E+00  4.8256451291E+00
| Next sampling location (x_next, i_next):
 -8.4706583529E+00  2.3867867795E+02  0.0000000000E+00

Iteration time [s]:   29.743        Total time [s]: 1288.651

--------------------------------------------------------------------------------
                                BO ITERATION 49                                 
--------------------------------------------------------------------------------
| Evaluating objective function at -8.471E+00 2.387E+02 0.000E+00
| Objective function evaluated, time [s]       23.841
| Acquisition location too confident, doing pure exploration
| Data point added to dataset (x i y): 
 -8.4706583529E+00  2.3867867795E+02  0.0000000000E+00      -2.0299540782E+05

| Total ensemble size: 81
| Best acquisition, x_best i_best y_best:
  2.3808162370E+02  8.1061568772E-01  0.0000000000E+00      -2.0301237258E+05
| Global minimum prediction, x_hat mu_hat +- nu_hat:
  2.3747386863E+02  7.0416914313E-01  0.0000000000E+00      -2.0301237344E+05  7.1220379815E-09
| Global minimum convergence, d_xhat d_muhat:
  9.5355556698E-05  1.1513048111E-08

| GP model hyperparameters (lengthscales W kappa):
  4.9524710353E-01  4.2907977635E-01  7.1283971789E+00  6.3547110698E+00  5.8659321635E+00  4.8197499493E+00
| Next sampling location (x_next, i_next):
 -2.3591280755E+01  1.2268997778E+02  0.0000000000E+00

Iteration time [s]:   29.014        Total time [s]: 1317.669

--------------------------------------------------------------------------------
                                BO ITERATION 50                                 
--------------------------------------------------------------------------------
| Evaluating objective function at -2.359E+01 1.227E+02 0.000E+00
| Objective function evaluated, time [s]       23.390
| Acquisition location too confident, doing pure exploration
| Data point added to dataset (x i y): 
 -2.3591280755E+01  1.2268997778E+02  0.0000000000E+00      -2.0299565863E+05

| Total ensemble size: 82
| Best acquisition, x_best i_best y_best:
  2.3808162370E+02  8.1061568772E-01  0.0000000000E+00      -2.0301237258E+05
| Global minimum prediction, x_hat mu_hat +- nu_hat:
  2.3747547588E+02  7.0382853044E-01  0.0000000000E+00      -2.0301237344E+05  7.0734084367E-09
| Global minimum convergence, d_xhat d_muhat:
  1.6429413532E-03  8.4648886716E-09

| GP model hyperparameters (lengthscales W kappa):
  4.9477662905E-01  4.3300105109E-01  7.1232332187E+00  6.3495582457E+00  5.8740974222E+00  4.8481845777E+00
| Next sampling location (x_next, i_next):
  2.2449867700E+01 -3.7502911319E+01  0.0000000000E+00

Iteration time [s]:   29.025        Total time [s]: 1346.698

|| Bayesian optimization completed, time [s]     1346.676


--------------------------------------------------------------------------------
                        BOSS is done! Have a nice day :)                        

      Datetime 05-08-2020 18:30:55            Total time [s]     1346.701       
--------------------------------------------------------------------------------
