
-----------------------------   Welcome to ....   ------------------------------
                      _______  _______ _______ _______ 
                     |   _   \|   _   |   _   |   _   |
                     |.  1   /|.  |   |   1___|   1___|
                     |.  _   \|.  |   |____   |____   |
                     |:  1    |:  1   |:  1   |:  1   |
                     |::.. .  |::.. . |::.. . |::.. . |
                     `-------'`-------`-------`-------'

                                 Version 0.9.15                                 
                              05-08-2020 18:08:52                               
--------------------------------------------------------------------------------

| Reading BOSS input file from: in_2D
| Initializing...

--------------------------------------------------------------------------------
                                   INPUT FILE                                   
--------------------------------------------------------------------------------
# input file for alanine 2D (d4-d13)

# optimization
userfn       userfn_2D.py
bounds       -50 310; -50 310
num_tasks    2
kernel       stdp
initpts      2 30
iterpts      50
verbosity    2
W_prior      gaussian
W_priorparam 10.757 4.226


RESULTS:
3.267356702723325E+00 2.325313611287204E+02 0 -2.029970940638470E+05 
1.308785573064376E+02 2.176000113074143E+01 0 -2.029937920711951E+05 
3.100000000000000E+02 2.611151639228758E+01 1 2.861550000000000E+01 
4.162747798598108E+01 2.966761872338008E+01 1 2.760470000000000E+01 
3.002884254313221E+02 -5.000000000000000E+01 1 2.558090000000000E+01 
1.644088050584112E+02 1.978660795747394E+02 1 2.212680000000000E+01 
1.398836107038717E+02 8.647437170422381E+01 1 3.254920000000000E+01 
2.362343391787839E+02 6.429624009489771E+01 1 3.499530000000000E+01 
6.230041074946610E+00 1.224552500260191E+02 1 3.006910000000000E+01 
2.464132414162570E+02 1.421212452536395E+02 1 3.135160000000000E+01 
2.001466776752657E+02 5.641610682800868E+01 1 2.877610000000000E+01 
1.807453231672429E+02 3.058138477955972E+02 1 3.274910000000000E+01 
1.485329969684782E+02 -2.173803958679677E+01 1 3.187330000000000E+01 
8.990522006291351E+01 1.094356298995927E+01 1 3.125340000000000E+01 
2.802146241698185E+02 2.740615221917437E+02 1 3.327400000000000E+01 
2.524104827342886E+02 2.004390040880432E+02 1 2.774150000000000E+01 
7.834869178706947E+01 2.920351679383054E+02 1 3.215610000000000E+01 
5.985639770482140E+01 1.795029150666571E+02 1 1.748320000000000E+01 
1.975305200604487E+02 6.852937122109144E+00 1 1.831510000000000E+01 
2.183344820498116E+02 9.271424852210846E+01 1 3.655110000000000E+01 
2.981218787716898E+02 6.514211552628140E+01 1 3.494990000000000E+01 
1.475028756224859E+02 5.080588003750972E+01 1 2.816130000000000E+01 
-7.808683439130826E+00 1.470592739108153E+02 1 2.482590000000000E+01 
2.431417965240016E+02 5.654759057913252E+00 1 2.027280000000000E+01 
1.521787733476594E+02 2.922794157494639E+02 1 3.650080000000000E+01 
7.622341799918075E+01 2.623428803584661E+02 1 3.153330000000000E+01 
1.027093313847989E+02 1.756698692532779E+02 1 1.977720000000000E+01 
-1.642601364288725E+01 2.918690258922488E+02 1 3.228210000000000E+01 
-2.255388926783187E+01 5.195868984465002E+01 1 3.661160000000000E+01 
7.771748789757106E+01 9.442417511151184E+01 1 3.255690000000000E+01 
-4.095290028124982E+01 1.826255515706072E+02 1 2.033110000000000E+01 
-5.000000000000000E+01 1.857131742384609E+02 1 2.051750000000000E+01 
--------------------------------------------------------------------------------
                               SIMULATION OPTIONS                               
--------------------------------------------------------------------------------
|| File input/output 
ipfile         in_2D
userfn         userfn_2D.py
outfile        boss.out
rstfile        boss.rst

|| Key settings 
num_tasks         2
bounds         -5.000E+01 3.100E+02;    -5.000E+01 3.100E+02
kerntype       stdp stdp
yrange         -5.000E+01 3.100E+02;    -5.000E+01 3.100E+02
noise          1.000E-12
initpts    2 30    iterpts   50
gm_tol         none
verbosity      2

|| Data acquisition 
acqfn                elcb
acqtol               1.000E-03

|| GP hyperparameters 
thetainit       1.000E+00 3.142E-01
thetabounds     none
thetaprior      gamma
thetapriorpar   1.000E+00 1.000E+00;    3.368E+00 9.020E+00;    3.368E+00 9.020E+00

|| Hyperparameter optimization
updatefreq   1  initupdate      True
updateoffset 0  updaterestarts  2


--------------------------------------------------------------------------------
                              INITIAL DATAPOINT 1                               
--------------------------------------------------------------------------------
| Data point added to dataset (x i y): 
  3.2673567027E+00  2.3253136113E+02  0.0000000000E+00      -2.0299709406E+05

| Total ensemble size: 1
| Next sampling location (x_next, i_next):
  1.3087855731E+02  2.1760001131E+01  0.0000000000E+00

Iteration time [s]:    0.003        Total time [s]:    0.134

--------------------------------------------------------------------------------
                              INITIAL DATAPOINT 2                               
--------------------------------------------------------------------------------
| Data point added to dataset (x i y): 
  1.3087855731E+02  2.1760001131E+01  0.0000000000E+00      -2.0299379207E+05

| Total ensemble size: 2
| Next sampling location (x_next, i_next):
  3.1000000000E+02  2.6111516392E+01  1.0000000000E+00

Iteration time [s]:    0.001        Total time [s]:    0.135

--------------------------------------------------------------------------------
                              INITIAL DATAPOINT 3                               
--------------------------------------------------------------------------------
| Data point added to dataset (x i y): 
  3.1000000000E+02  2.6111516392E+01  1.0000000000E+00       2.8615500000E+01

| Total ensemble size: 3
| Next sampling location (x_next, i_next):
  4.1627477986E+01  2.9667618723E+01  1.0000000000E+00

Iteration time [s]:    0.002        Total time [s]:    0.138

--------------------------------------------------------------------------------
                              INITIAL DATAPOINT 4                               
--------------------------------------------------------------------------------
| Data point added to dataset (x i y): 
  4.1627477986E+01  2.9667618723E+01  1.0000000000E+00       2.7604700000E+01

| Total ensemble size: 4
| Next sampling location (x_next, i_next):
  3.0028842543E+02 -5.0000000000E+01  1.0000000000E+00

Iteration time [s]:    0.001        Total time [s]:    0.139

--------------------------------------------------------------------------------
                              INITIAL DATAPOINT 5                               
--------------------------------------------------------------------------------
| Data point added to dataset (x i y): 
  3.0028842543E+02 -5.0000000000E+01  1.0000000000E+00       2.5580900000E+01

| Total ensemble size: 5
| Next sampling location (x_next, i_next):
  1.6440880506E+02  1.9786607957E+02  1.0000000000E+00

Iteration time [s]:    0.001        Total time [s]:    0.140

--------------------------------------------------------------------------------
                              INITIAL DATAPOINT 6                               
--------------------------------------------------------------------------------
| Data point added to dataset (x i y): 
  1.6440880506E+02  1.9786607957E+02  1.0000000000E+00       2.2126800000E+01

| Total ensemble size: 6
| Next sampling location (x_next, i_next):
  1.3988361070E+02  8.6474371704E+01  1.0000000000E+00

Iteration time [s]:    0.001        Total time [s]:    0.141

--------------------------------------------------------------------------------
                              INITIAL DATAPOINT 7                               
--------------------------------------------------------------------------------
| Data point added to dataset (x i y): 
  1.3988361070E+02  8.6474371704E+01  1.0000000000E+00       3.2549200000E+01

| Total ensemble size: 7
| Next sampling location (x_next, i_next):
  2.3623433918E+02  6.4296240095E+01  1.0000000000E+00

Iteration time [s]:    0.000        Total time [s]:    0.142

--------------------------------------------------------------------------------
                              INITIAL DATAPOINT 8                               
--------------------------------------------------------------------------------
| Data point added to dataset (x i y): 
  2.3623433918E+02  6.4296240095E+01  1.0000000000E+00       3.4995300000E+01

| Total ensemble size: 8
| Next sampling location (x_next, i_next):
  6.2300410749E+00  1.2245525003E+02  1.0000000000E+00

Iteration time [s]:    0.000        Total time [s]:    0.143

--------------------------------------------------------------------------------
                              INITIAL DATAPOINT 9                               
--------------------------------------------------------------------------------
| Data point added to dataset (x i y): 
  6.2300410749E+00  1.2245525003E+02  1.0000000000E+00       3.0069100000E+01

| Total ensemble size: 9
| Next sampling location (x_next, i_next):
  2.4641324142E+02  1.4212124525E+02  1.0000000000E+00

Iteration time [s]:    0.001        Total time [s]:    0.145

--------------------------------------------------------------------------------
                              INITIAL DATAPOINT 10                              
--------------------------------------------------------------------------------
| Data point added to dataset (x i y): 
  2.4641324142E+02  1.4212124525E+02  1.0000000000E+00       3.1351600000E+01

| Total ensemble size: 10
| Next sampling location (x_next, i_next):
  2.0014667768E+02  5.6416106828E+01  1.0000000000E+00

Iteration time [s]:    0.001        Total time [s]:    0.146

--------------------------------------------------------------------------------
                              INITIAL DATAPOINT 11                              
--------------------------------------------------------------------------------
| Data point added to dataset (x i y): 
  2.0014667768E+02  5.6416106828E+01  1.0000000000E+00       2.8776100000E+01

| Total ensemble size: 11
| Next sampling location (x_next, i_next):
  1.8074532317E+02  3.0581384780E+02  1.0000000000E+00

Iteration time [s]:    0.001        Total time [s]:    0.147

--------------------------------------------------------------------------------
                              INITIAL DATAPOINT 12                              
--------------------------------------------------------------------------------
| Data point added to dataset (x i y): 
  1.8074532317E+02  3.0581384780E+02  1.0000000000E+00       3.2749100000E+01

| Total ensemble size: 12
| Next sampling location (x_next, i_next):
  1.4853299697E+02 -2.1738039587E+01  1.0000000000E+00

Iteration time [s]:    0.001        Total time [s]:    0.148

--------------------------------------------------------------------------------
                              INITIAL DATAPOINT 13                              
--------------------------------------------------------------------------------
| Data point added to dataset (x i y): 
  1.4853299697E+02 -2.1738039587E+01  1.0000000000E+00       3.1873300000E+01

| Total ensemble size: 13
| Next sampling location (x_next, i_next):
  8.9905220063E+01  1.0943562990E+01  1.0000000000E+00

Iteration time [s]:    0.001        Total time [s]:    0.149

--------------------------------------------------------------------------------
                              INITIAL DATAPOINT 14                              
--------------------------------------------------------------------------------
| Data point added to dataset (x i y): 
  8.9905220063E+01  1.0943562990E+01  1.0000000000E+00       3.1253400000E+01

| Total ensemble size: 14
| Next sampling location (x_next, i_next):
  2.8021462417E+02  2.7406152219E+02  1.0000000000E+00

Iteration time [s]:    0.001        Total time [s]:    0.150

--------------------------------------------------------------------------------
                              INITIAL DATAPOINT 15                              
--------------------------------------------------------------------------------
| Data point added to dataset (x i y): 
  2.8021462417E+02  2.7406152219E+02  1.0000000000E+00       3.3274000000E+01

| Total ensemble size: 15
| Next sampling location (x_next, i_next):
  2.5241048273E+02  2.0043900409E+02  1.0000000000E+00

Iteration time [s]:    0.001        Total time [s]:    0.151

--------------------------------------------------------------------------------
                              INITIAL DATAPOINT 16                              
--------------------------------------------------------------------------------
| Data point added to dataset (x i y): 
  2.5241048273E+02  2.0043900409E+02  1.0000000000E+00       2.7741500000E+01

| Total ensemble size: 16
| Next sampling location (x_next, i_next):
  7.8348691787E+01  2.9203516794E+02  1.0000000000E+00

Iteration time [s]:    0.001        Total time [s]:    0.153

--------------------------------------------------------------------------------
                              INITIAL DATAPOINT 17                              
--------------------------------------------------------------------------------
| Data point added to dataset (x i y): 
  7.8348691787E+01  2.9203516794E+02  1.0000000000E+00       3.2156100000E+01

| Total ensemble size: 17
| Next sampling location (x_next, i_next):
  5.9856397705E+01  1.7950291507E+02  1.0000000000E+00

Iteration time [s]:    0.001        Total time [s]:    0.154

--------------------------------------------------------------------------------
                              INITIAL DATAPOINT 18                              
--------------------------------------------------------------------------------
| Data point added to dataset (x i y): 
  5.9856397705E+01  1.7950291507E+02  1.0000000000E+00       1.7483200000E+01

| Total ensemble size: 18
| Next sampling location (x_next, i_next):
  1.9753052006E+02  6.8529371221E+00  1.0000000000E+00

Iteration time [s]:    0.001        Total time [s]:    0.155

--------------------------------------------------------------------------------
                              INITIAL DATAPOINT 19                              
--------------------------------------------------------------------------------
| Data point added to dataset (x i y): 
  1.9753052006E+02  6.8529371221E+00  1.0000000000E+00       1.8315100000E+01

| Total ensemble size: 19
| Next sampling location (x_next, i_next):
  2.1833448205E+02  9.2714248522E+01  1.0000000000E+00

Iteration time [s]:    0.001        Total time [s]:    0.156

--------------------------------------------------------------------------------
                              INITIAL DATAPOINT 20                              
--------------------------------------------------------------------------------
| Data point added to dataset (x i y): 
  2.1833448205E+02  9.2714248522E+01  1.0000000000E+00       3.6551100000E+01

| Total ensemble size: 20
| Next sampling location (x_next, i_next):
  2.9812187877E+02  6.5142115526E+01  1.0000000000E+00

Iteration time [s]:    0.001        Total time [s]:    0.157

--------------------------------------------------------------------------------
                              INITIAL DATAPOINT 21                              
--------------------------------------------------------------------------------
| Data point added to dataset (x i y): 
  2.9812187877E+02  6.5142115526E+01  1.0000000000E+00       3.4949900000E+01

| Total ensemble size: 21
| Next sampling location (x_next, i_next):
  1.4750287562E+02  5.0805880038E+01  1.0000000000E+00

Iteration time [s]:    0.001        Total time [s]:    0.159

--------------------------------------------------------------------------------
                              INITIAL DATAPOINT 22                              
--------------------------------------------------------------------------------
| Data point added to dataset (x i y): 
  1.4750287562E+02  5.0805880038E+01  1.0000000000E+00       2.8161300000E+01

| Total ensemble size: 22
| Next sampling location (x_next, i_next):
 -7.8086834391E+00  1.4705927391E+02  1.0000000000E+00

Iteration time [s]:    0.001        Total time [s]:    0.160

--------------------------------------------------------------------------------
                              INITIAL DATAPOINT 23                              
--------------------------------------------------------------------------------
| Data point added to dataset (x i y): 
 -7.8086834391E+00  1.4705927391E+02  1.0000000000E+00       2.4825900000E+01

| Total ensemble size: 23
| Next sampling location (x_next, i_next):
  2.4314179652E+02  5.6547590579E+00  1.0000000000E+00

Iteration time [s]:    0.001        Total time [s]:    0.161

--------------------------------------------------------------------------------
                              INITIAL DATAPOINT 24                              
--------------------------------------------------------------------------------
| Data point added to dataset (x i y): 
  2.4314179652E+02  5.6547590579E+00  1.0000000000E+00       2.0272800000E+01

| Total ensemble size: 24
| Next sampling location (x_next, i_next):
  1.5217877335E+02  2.9227941575E+02  1.0000000000E+00

Iteration time [s]:    0.000        Total time [s]:    0.162

--------------------------------------------------------------------------------
                              INITIAL DATAPOINT 25                              
--------------------------------------------------------------------------------
| Data point added to dataset (x i y): 
  1.5217877335E+02  2.9227941575E+02  1.0000000000E+00       3.6500800000E+01

| Total ensemble size: 25
| Next sampling location (x_next, i_next):
  7.6223417999E+01  2.6234288036E+02  1.0000000000E+00

Iteration time [s]:    0.001        Total time [s]:    0.163

--------------------------------------------------------------------------------
                              INITIAL DATAPOINT 26                              
--------------------------------------------------------------------------------
| Data point added to dataset (x i y): 
  7.6223417999E+01  2.6234288036E+02  1.0000000000E+00       3.1533300000E+01

| Total ensemble size: 26
| Next sampling location (x_next, i_next):
  1.0270933138E+02  1.7566986925E+02  1.0000000000E+00

Iteration time [s]:    0.001        Total time [s]:    0.164

--------------------------------------------------------------------------------
                              INITIAL DATAPOINT 27                              
--------------------------------------------------------------------------------
| Data point added to dataset (x i y): 
  1.0270933138E+02  1.7566986925E+02  1.0000000000E+00       1.9777200000E+01

| Total ensemble size: 27
| Next sampling location (x_next, i_next):
 -1.6426013643E+01  2.9186902589E+02  1.0000000000E+00

Iteration time [s]:    0.001        Total time [s]:    0.165

--------------------------------------------------------------------------------
                              INITIAL DATAPOINT 28                              
--------------------------------------------------------------------------------
| Data point added to dataset (x i y): 
 -1.6426013643E+01  2.9186902589E+02  1.0000000000E+00       3.2282100000E+01

| Total ensemble size: 28
| Next sampling location (x_next, i_next):
 -2.2553889268E+01  5.1958689845E+01  1.0000000000E+00

Iteration time [s]:    0.001        Total time [s]:    0.166

--------------------------------------------------------------------------------
                              INITIAL DATAPOINT 29                              
--------------------------------------------------------------------------------
| Data point added to dataset (x i y): 
 -2.2553889268E+01  5.1958689845E+01  1.0000000000E+00       3.6611600000E+01

| Total ensemble size: 29
| Next sampling location (x_next, i_next):
  7.7717487898E+01  9.4424175112E+01  1.0000000000E+00

Iteration time [s]:    0.001        Total time [s]:    0.167

--------------------------------------------------------------------------------
                              INITIAL DATAPOINT 30                              
--------------------------------------------------------------------------------
| Data point added to dataset (x i y): 
  7.7717487898E+01  9.4424175112E+01  1.0000000000E+00       3.2556900000E+01

| Total ensemble size: 30
| Next sampling location (x_next, i_next):
 -4.0952900281E+01  1.8262555157E+02  1.0000000000E+00

Iteration time [s]:    0.001        Total time [s]:    0.168

--------------------------------------------------------------------------------
                              INITIAL DATAPOINT 31                              
--------------------------------------------------------------------------------
| Data point added to dataset (x i y): 
 -4.0952900281E+01  1.8262555157E+02  1.0000000000E+00       2.0331100000E+01

| Total ensemble size: 31
| Next sampling location (x_next, i_next):
 -5.0000000000E+01  1.8571317424E+02  1.0000000000E+00

Iteration time [s]:    0.001        Total time [s]:    0.170

--------------------------------------------------------------------------------
                              INITIAL DATAPOINT 32                              
--------------------------------------------------------------------------------
| Data point added to dataset (x i y): 
 -5.0000000000E+01  1.8571317424E+02  1.0000000000E+00       2.0517500000E+01

| Total ensemble size: 32
| Best acquisition, x_best i_best y_best:
  3.2673567027E+00  2.3253136113E+02  0.0000000000E+00      -2.0299709406E+05
| Global minimum prediction, x_hat mu_hat +- nu_hat:
  5.4985294264E+01  1.8255334029E+02  0.0000000000E+00      -2.0300875282E+05  1.6384299370E-01

| GP model hyperparameters (lengthscales W kappa):
  5.2319369950E-01  4.3566982745E-01  7.9774872307E+00  6.7751754235E+00  1.9474744518E-14  9.3080899412E-07
| Next sampling location (x_next, i_next):
  8.7181548082E+01  2.0436736857E+02  0.0000000000E+00

Iteration time [s]:    1.215        Total time [s]:    1.386

--------------------------------------------------------------------------------
                                 BO ITERATION 1                                 
--------------------------------------------------------------------------------
| Evaluating objective function at 8.718E+01 2.044E+02 0.000E+00
| Objective function evaluated, time [s]       25.943
| Data point added to dataset (x i y): 
  8.7181548082E+01  2.0436736857E+02  0.0000000000E+00      -2.0300568042E+05

| Total ensemble size: 33
| Best acquisition, x_best i_best y_best:
  8.7181548082E+01  2.0436736857E+02  0.0000000000E+00      -2.0300568042E+05
| Global minimum prediction, x_hat mu_hat +- nu_hat:
  5.5777206212E+01  1.7801463043E+02  0.0000000000E+00      -2.0300951196E+05  5.9336699412E+00
| Global minimum convergence, d_xhat d_muhat:
  4.6072781342E+00  3.9686426212E-02

| GP model hyperparameters (lengthscales W kappa):
  5.1850337339E-01  4.3277667035E-01  7.2768203614E+00  6.6054133559E+00  5.3798631595E+00  2.7676454035E+00
| Next sampling location (x_next, i_next):
  5.5853301345E+01  1.5907912223E+02  0.0000000000E+00

Iteration time [s]:   26.976        Total time [s]:   28.362

--------------------------------------------------------------------------------
                                 BO ITERATION 2                                 
--------------------------------------------------------------------------------
| Evaluating objective function at 5.585E+01 1.591E+02 0.000E+00
| Objective function evaluated, time [s]       23.925
| Data point added to dataset (x i y): 
  5.5853301345E+01  1.5907912223E+02  0.0000000000E+00      -2.0300726849E+05

| Total ensemble size: 34
| Best acquisition, x_best i_best y_best:
  5.5853301345E+01  1.5907912223E+02  0.0000000000E+00      -2.0300726849E+05
| Global minimum prediction, x_hat mu_hat +- nu_hat:
  5.7537659303E+01  1.7816731945E+02  0.0000000000E+00      -2.0300870730E+05  1.3640536645E+00
| Global minimum convergence, d_xhat d_muhat:
  1.7670622587E+00  4.2065968219E-02

| GP model hyperparameters (lengthscales W kappa):
  5.2878886144E-01  4.4665277818E-01  6.7771093615E+00  6.7806279476E+00  1.2104739821E+01  3.8246675923E+00
| Next sampling location (x_next, i_next):
  2.7687790488E+02 -1.5125275421E+01  0.0000000000E+00

Iteration time [s]:   25.047        Total time [s]:   53.410

--------------------------------------------------------------------------------
                                 BO ITERATION 3                                 
--------------------------------------------------------------------------------
| Evaluating objective function at 2.769E+02 -1.513E+01 0.000E+00
| Objective function evaluated, time [s]       23.011
| Data point added to dataset (x i y): 
  2.7687790488E+02 -1.5125275421E+01  0.0000000000E+00      -2.0301022424E+05

| Total ensemble size: 35
| Best acquisition, x_best i_best y_best:
  2.7687790488E+02 -1.5125275421E+01  0.0000000000E+00      -2.0301022424E+05
| Global minimum prediction, x_hat mu_hat +- nu_hat:
  2.7331295712E+02 -1.3480883599E+01  0.0000000000E+00      -2.0301024196E+05  1.0502683521E-01
| Global minimum convergence, d_xhat d_muhat:
  2.8859662659E+02  7.5787690502E-02

| GP model hyperparameters (lengthscales W kappa):
  5.3458007281E-01  4.5559759685E-01  6.9921609412E+00  6.9927480488E+00  1.9488803901E+01  3.0584826441E+00
| Next sampling location (x_next, i_next):
  3.0141047573E+02  1.7022076432E+02  0.0000000000E+00

Iteration time [s]:   24.298        Total time [s]:   77.708

--------------------------------------------------------------------------------
                                 BO ITERATION 4                                 
--------------------------------------------------------------------------------
| Evaluating objective function at 3.014E+02 1.702E+02 0.000E+00
| Objective function evaluated, time [s]       22.925
| Data point added to dataset (x i y): 
  3.0141047573E+02  1.7022076432E+02  0.0000000000E+00      -2.0300812217E+05

| Total ensemble size: 36
| Best acquisition, x_best i_best y_best:
  2.7687790488E+02 -1.5125275421E+01  0.0000000000E+00      -2.0301022424E+05
| Global minimum prediction, x_hat mu_hat +- nu_hat:
  2.7391140322E+02 -1.3554640459E+01  0.0000000000E+00      -2.0301023830E+05  7.3150619445E-02
| Global minimum convergence, d_xhat d_muhat:
  6.0297413188E-01  1.7343463690E-04

| GP model hyperparameters (lengthscales W kappa):
  5.4339479999E-01  4.6749825573E-01  7.0218401152E+00  7.0217930343E+00  1.7138021899E+01  5.8006900788E+00
| Next sampling location (x_next, i_next):
  1.7215748964E+02  1.6701977569E+02  0.0000000000E+00

Iteration time [s]:   24.075        Total time [s]:  101.785

--------------------------------------------------------------------------------
                                 BO ITERATION 5                                 
--------------------------------------------------------------------------------
| Evaluating objective function at 1.722E+02 1.670E+02 0.000E+00
| Objective function evaluated, time [s]       21.717
| Data point added to dataset (x i y): 
  1.7215748964E+02  1.6701977569E+02  0.0000000000E+00      -2.0300708127E+05

| Total ensemble size: 37
| Best acquisition, x_best i_best y_best:
  2.7687790488E+02 -1.5125275421E+01  0.0000000000E+00      -2.0301022424E+05
| Global minimum prediction, x_hat mu_hat +- nu_hat:
  2.7410155615E+02 -1.3585754139E+01  0.0000000000E+00      -2.0301023720E+05  6.1657689874E-02
| Global minimum convergence, d_xhat d_muhat:
  1.9268159922E-01  5.1007596724E-05

| GP model hyperparameters (lengthscales W kappa):
  5.4837108110E-01  4.7565419071E-01  6.8170447230E+00  7.1493244498E+00  1.6980156805E+01  5.7430461529E+00
| Next sampling location (x_next, i_next):
  1.4671706983E+01 -1.6672888411E+01  0.0000000000E+00

Iteration time [s]:   22.928        Total time [s]:  124.713

--------------------------------------------------------------------------------
                                 BO ITERATION 6                                 
--------------------------------------------------------------------------------
| Evaluating objective function at 1.467E+01 -1.667E+01 0.000E+00
| Objective function evaluated, time [s]       23.817
| Data point added to dataset (x i y): 
  1.4671706983E+01 -1.6672888411E+01  0.0000000000E+00      -2.0299196021E+05

| Total ensemble size: 38
| Best acquisition, x_best i_best y_best:
  2.7687790488E+02 -1.5125275421E+01  0.0000000000E+00      -2.0301022424E+05
| Global minimum prediction, x_hat mu_hat +- nu_hat:
  2.2384003194E+02 -2.5923024282E+00  0.0000000000E+00      -2.0301103428E+05  1.2587651891E+01
| Global minimum convergence, d_xhat d_muhat:
  5.1449750208E+01  3.6359223604E-02

| GP model hyperparameters (lengthscales W kappa):
  5.2874895877E-01  4.6976111084E-01  7.5435071932E+00  7.3305261735E+00  2.3101084314E+01  1.4490694795E-01
| Next sampling location (x_next, i_next):
  2.1347998322E+02 -1.7121816774E+00  0.0000000000E+00

Iteration time [s]:   25.455        Total time [s]:  150.168

--------------------------------------------------------------------------------
                                 BO ITERATION 7                                 
--------------------------------------------------------------------------------
| Evaluating objective function at 2.135E+02 -1.712E+00 0.000E+00
| Objective function evaluated, time [s]       22.987
| Data point added to dataset (x i y): 
  2.1347998322E+02 -1.7121816774E+00  0.0000000000E+00      -2.0301111162E+05

| Total ensemble size: 39
| Best acquisition, x_best i_best y_best:
  2.1347998322E+02 -1.7121816774E+00  0.0000000000E+00      -2.0301111162E+05
| Global minimum prediction, x_hat mu_hat +- nu_hat:
  2.2435935675E+02 -2.7502628030E+00  0.0000000000E+00      -2.0301128699E+05  3.3892897371E-01
| Global minimum convergence, d_xhat d_muhat:
  5.4281648957E-01  1.1053804334E-02

| GP model hyperparameters (lengthscales W kappa):
  5.4685267180E-01  4.8923795956E-01  7.7084782342E+00  7.7065413758E+00  2.4467669595E+01  2.3568412043E-01
| Next sampling location (x_next, i_next):
  1.8736436893E+02  2.2211719727E+02  0.0000000000E+00

Iteration time [s]:   24.563        Total time [s]:  174.732

--------------------------------------------------------------------------------
                                 BO ITERATION 8                                 
--------------------------------------------------------------------------------
| Evaluating objective function at 1.874E+02 2.221E+02 0.000E+00
| Objective function evaluated, time [s]       21.655
| Data point added to dataset (x i y): 
  1.8736436893E+02  2.2211719727E+02  0.0000000000E+00      -2.0299961536E+05

| Total ensemble size: 40
| Best acquisition, x_best i_best y_best:
  2.1347998322E+02 -1.7121816774E+00  0.0000000000E+00      -2.0301111162E+05
| Global minimum prediction, x_hat mu_hat +- nu_hat:
  2.2251148113E+02 -1.8337564429E+00  0.0000000000E+00      -2.0301125409E+05  2.0786202368E-01
| Global minimum convergence, d_xhat d_muhat:
  2.0626750160E+00  1.4643935997E-03

| GP model hyperparameters (lengthscales W kappa):
  5.5659654517E-01  5.0179211622E-01  8.1766287181E+00  7.9321243671E+00  2.0694563321E+01  3.5202889439E-04
| Next sampling location (x_next, i_next):
  2.4233738481E+02 -3.4826110185E+01  0.0000000000E+00

Iteration time [s]:   23.131        Total time [s]:  197.863

--------------------------------------------------------------------------------
                                 BO ITERATION 9                                 
--------------------------------------------------------------------------------
| Evaluating objective function at 2.423E+02 -3.483E+01 0.000E+00
| Objective function evaluated, time [s]       22.994
| Data point added to dataset (x i y): 
  2.4233738481E+02 -3.4826110185E+01  0.0000000000E+00      -2.0300378171E+05

| Total ensemble size: 41
| Best acquisition, x_best i_best y_best:
  2.1347998322E+02 -1.7121816774E+00  0.0000000000E+00      -2.0301111162E+05
| Global minimum prediction, x_hat mu_hat +- nu_hat:
  2.1268346479E+02  4.7831383206E+00  0.0000000000E+00      -2.0301139171E+05  1.8451779085E-01
| Global minimum convergence, d_xhat d_muhat:
  1.1847919715E+01  6.1113079628E-03

| GP model hyperparameters (lengthscales W kappa):
  5.6417734497E-01  5.2664927561E-01  9.2806554351E+00  8.2561621208E+00  2.0105520222E+01  1.2008194366E-04
| Next sampling location (x_next, i_next):
  1.5821444824E+01  1.8037614094E+02  0.0000000000E+00

Iteration time [s]:   24.501        Total time [s]:  222.365

--------------------------------------------------------------------------------
                                BO ITERATION 10                                 
--------------------------------------------------------------------------------
| Evaluating objective function at 1.582E+01 1.804E+02 0.000E+00
| Objective function evaluated, time [s]       22.866
| Data point added to dataset (x i y): 
  1.5821444824E+01  1.8037614094E+02  0.0000000000E+00      -2.0300822392E+05

| Total ensemble size: 42
| Best acquisition, x_best i_best y_best:
  2.1347998322E+02 -1.7121816774E+00  0.0000000000E+00      -2.0301111162E+05
| Global minimum prediction, x_hat mu_hat +- nu_hat:
  2.1287584187E+02  4.8665255506E+00  0.0000000000E+00      -2.0301139975E+05  1.7462394703E-01
| Global minimum convergence, d_xhat d_muhat:
  2.0967206192E-01  3.5065339404E-04

| GP model hyperparameters (lengthscales W kappa):
  5.8054318213E-01  5.4351926754E-01  9.5871068059E+00  8.5915646753E+00  2.0489282564E+01  1.2008359891E-04
| Next sampling location (x_next, i_next):
  1.3665400560E+02  1.8635138602E+02  0.0000000000E+00

Iteration time [s]:   24.559        Total time [s]:  246.924

--------------------------------------------------------------------------------
                                BO ITERATION 11                                 
--------------------------------------------------------------------------------
| Evaluating objective function at 1.367E+02 1.864E+02 0.000E+00
| Objective function evaluated, time [s]       21.593
| Data point added to dataset (x i y): 
  1.3665400560E+02  1.8635138602E+02  0.0000000000E+00      -2.0300749863E+05

| Total ensemble size: 43
| Best acquisition, x_best i_best y_best:
  2.1347998322E+02 -1.7121816774E+00  0.0000000000E+00      -2.0301111162E+05
| Global minimum prediction, x_hat mu_hat +- nu_hat:
  2.1338539861E+02  5.0316792224E+00  0.0000000000E+00      -2.0301141977E+05  1.7609003637E-01
| Global minimum convergence, d_xhat d_muhat:
  5.3565268666E-01  8.6209932260E-04

| GP model hyperparameters (lengthscales W kappa):
  5.9354364248E-01  5.5403974444E-01  9.7022171029E+00  8.8401012950E+00  2.0430962247E+01  2.8701966868E-04
| Next sampling location (x_next, i_next):
  1.9729410683E+02  2.4758276262E+01  0.0000000000E+00

Iteration time [s]:   23.013        Total time [s]:  269.938

--------------------------------------------------------------------------------
                                BO ITERATION 12                                 
--------------------------------------------------------------------------------
| Evaluating objective function at 1.973E+02 2.476E+01 0.000E+00
| Objective function evaluated, time [s]       23.044
| Data point added to dataset (x i y): 
  1.9729410683E+02  2.4758276262E+01  0.0000000000E+00      -2.0300850619E+05

| Total ensemble size: 44
| Best acquisition, x_best i_best y_best:
  2.1347998322E+02 -1.7121816774E+00  0.0000000000E+00      -2.0301111162E+05
| Global minimum prediction, x_hat mu_hat +- nu_hat:
  2.1503330741E+02  3.2027737665E+00  0.0000000000E+00      -2.0301130219E+05  5.8113389696E-02
| Global minimum convergence, d_xhat d_muhat:
  2.4618079912E+00  4.9922585369E-03

| GP model hyperparameters (lengthscales W kappa):
  6.0302105201E-01  5.7122246723E-01  1.0076292635E+01  9.1839760904E+00  1.9582688017E+01  1.8137453724E-04
| Next sampling location (x_next, i_next):
 -5.0000000000E+01  2.0514950576E+02  0.0000000000E+00

Iteration time [s]:   24.631        Total time [s]:  294.570

--------------------------------------------------------------------------------
                                BO ITERATION 13                                 
--------------------------------------------------------------------------------
| Evaluating objective function at -5.000E+01 2.051E+02 0.000E+00
| Objective function evaluated, time [s]       21.609
| Data point added to dataset (x i y): 
 -5.0000000000E+01  2.0514950576E+02  0.0000000000E+00      -2.0300518719E+05

| Total ensemble size: 45
| Best acquisition, x_best i_best y_best:
  2.1347998322E+02 -1.7121816774E+00  0.0000000000E+00      -2.0301111162E+05
| Global minimum prediction, x_hat mu_hat +- nu_hat:
  2.1581253780E+02  3.2435249655E+00  0.0000000000E+00      -2.0301131677E+05  7.3267638894E-02
| Global minimum convergence, d_xhat d_muhat:
  7.8029523496E-01  6.1742417065E-04

| GP model hyperparameters (lengthscales W kappa):
  6.0496091801E-01  5.7229240355E-01  9.8711245832E+00  9.2104205117E+00  1.9415784579E+01  1.8136240445E-04
| Next sampling location (x_next, i_next):
  2.5775549054E+02  1.2477756724E+01  0.0000000000E+00

Iteration time [s]:   23.357        Total time [s]:  317.927

--------------------------------------------------------------------------------
                                BO ITERATION 14                                 
--------------------------------------------------------------------------------
| Evaluating objective function at 2.578E+02 1.248E+01 0.000E+00
| Objective function evaluated, time [s]       23.181
| Data point added to dataset (x i y): 
  2.5775549054E+02  1.2477756724E+01  0.0000000000E+00      -2.0300960534E+05

| Total ensemble size: 46
| Best acquisition, x_best i_best y_best:
  2.1347998322E+02 -1.7121816774E+00  0.0000000000E+00      -2.0301111162E+05
| Global minimum prediction, x_hat mu_hat +- nu_hat:
  2.1581251724E+02  3.2112621186E+00  0.0000000000E+00      -2.0301131349E+05  3.1824278212E-02
| Global minimum convergence, d_xhat d_muhat:
  3.2262853406E-02  1.3715942843E-04

| GP model hyperparameters (lengthscales W kappa):
  6.1662660482E-01  5.8677440350E-01  1.0189127844E+01  9.5436976004E+00  1.9003165605E+01  1.5010177854E-04
| Next sampling location (x_next, i_next):
  2.2910539781E+02  4.3783377455E+00  0.0000000000E+00

Iteration time [s]:   24.998        Total time [s]:  342.926

--------------------------------------------------------------------------------
                                BO ITERATION 15                                 
--------------------------------------------------------------------------------
| Evaluating objective function at 2.291E+02 4.378E+00 0.000E+00
| Objective function evaluated, time [s]       23.069
| Data point added to dataset (x i y): 
  2.2910539781E+02  4.3783377455E+00  0.0000000000E+00      -2.0301227254E+05

| Total ensemble size: 47
| Best acquisition, x_best i_best y_best:
  2.2910539781E+02  4.3783377455E+00  0.0000000000E+00      -2.0301227254E+05
| Global minimum prediction, x_hat mu_hat +- nu_hat:
  2.2855451573E+02  3.7002075789E+00  0.0000000000E+00      -2.0301227833E+05  1.7407613237E-04
| Global minimum convergence, d_xhat d_muhat:
  1.2751376129E+01  3.9561028854E-02

| GP model hyperparameters (lengthscales W kappa):
  5.7931968960E-01  5.3822658750E-01  9.3150956265E+00  8.4451224972E+00  2.9951835691E+01  1.3253470842E-04
| Next sampling location (x_next, i_next):
 -4.7605557466E+01  1.2653818961E+02  0.0000000000E+00

Iteration time [s]:   24.826        Total time [s]:  367.753

--------------------------------------------------------------------------------
                                BO ITERATION 16                                 
--------------------------------------------------------------------------------
| Evaluating objective function at -4.761E+01 1.265E+02 0.000E+00
| Objective function evaluated, time [s]       22.754
| Data point added to dataset (x i y): 
 -4.7605557466E+01  1.2653818961E+02  0.0000000000E+00      -2.0299700849E+05

| Total ensemble size: 48
| Best acquisition, x_best i_best y_best:
  2.2910539781E+02  4.3783377455E+00  0.0000000000E+00      -2.0301227254E+05
| Global minimum prediction, x_hat mu_hat +- nu_hat:
  2.2867727647E+02  3.6310139497E+00  0.0000000000E+00      -2.0301227874E+05  2.3529726926E-04
| Global minimum convergence, d_xhat d_muhat:
  1.4091826719E-01  1.7335035082E-05

| GP model hyperparameters (lengthscales W kappa):
  5.7821968405E-01  5.4869558558E-01  9.7487028928E+00  8.4798709557E+00  2.8181586273E+01  7.8195027948E-05
| Next sampling location (x_next, i_next):
  2.3243180194E+02  1.7620637386E+02  0.0000000000E+00

Iteration time [s]:   24.472        Total time [s]:  392.225

--------------------------------------------------------------------------------
                                BO ITERATION 17                                 
--------------------------------------------------------------------------------
| Evaluating objective function at 2.324E+02 1.762E+02 0.000E+00
| Objective function evaluated, time [s]       21.657
| Data point added to dataset (x i y): 
  2.3243180194E+02  1.7620637386E+02  0.0000000000E+00      -2.0300662948E+05

| Total ensemble size: 49
| Best acquisition, x_best i_best y_best:
  2.2910539781E+02  4.3783377455E+00  0.0000000000E+00      -2.0301227254E+05
| Global minimum prediction, x_hat mu_hat +- nu_hat:
  2.2852822079E+02  3.7232816614E+00  0.0000000000E+00      -2.0301227817E+05  1.4762025289E-04
| Global minimum convergence, d_xhat d_muhat:
  1.7530238748E-01  2.3730095808E-05

| GP model hyperparameters (lengthscales W kappa):
  5.7811529198E-01  5.4824271939E-01  9.4177379826E+00  8.5296229961E+00  2.9532676662E+01  7.8202770910E-05
| Next sampling location (x_next, i_next):
  4.8992714724E+01  1.9070611275E+02  0.0000000000E+00

Iteration time [s]:   23.469        Total time [s]:  415.695

--------------------------------------------------------------------------------
                                BO ITERATION 18                                 
--------------------------------------------------------------------------------
| Evaluating objective function at 4.899E+01 1.907E+02 0.000E+00
| Objective function evaluated, time [s]       22.942
| Data point added to dataset (x i y): 
  4.8992714724E+01  1.9070611275E+02  0.0000000000E+00      -2.0300888182E+05

| Total ensemble size: 50
| Best acquisition, x_best i_best y_best:
  2.2910539781E+02  4.3783377455E+00  0.0000000000E+00      -2.0301227254E+05
| Global minimum prediction, x_hat mu_hat +- nu_hat:
  2.2865533263E+02  3.6615550363E+00  0.0000000000E+00      -2.0301227832E+05  1.9439385770E-04
| Global minimum convergence, d_xhat d_muhat:
  1.4130674848E-01  6.1621892664E-06

| GP model hyperparameters (lengthscales W kappa):
  5.8589015378E-01  5.5418903628E-01  9.4428958045E+00  8.6678892662E+00  2.9576775008E+01  4.2948084685E-04
| Next sampling location (x_next, i_next):
  5.4580666194E+01  5.4885914778E+01  0.0000000000E+00

Iteration time [s]:   24.700        Total time [s]:  440.395

--------------------------------------------------------------------------------
                                BO ITERATION 19                                 
--------------------------------------------------------------------------------
| Evaluating objective function at 5.458E+01 5.489E+01 0.000E+00
| Objective function evaluated, time [s]       22.934
| Data point added to dataset (x i y): 
  5.4580666194E+01  5.4885914778E+01  0.0000000000E+00      -2.0299402885E+05

| Total ensemble size: 51
| Best acquisition, x_best i_best y_best:
  2.2910539781E+02  4.3783377455E+00  0.0000000000E+00      -2.0301227254E+05
| Global minimum prediction, x_hat mu_hat +- nu_hat:
  2.2855059840E+02  3.7410376426E+00  0.0000000000E+00      -2.0301227781E+05  1.2276588288E-04
| Global minimum convergence, d_xhat d_muhat:
  1.3147906235E-01  2.1303090720E-05

| GP model hyperparameters (lengthscales W kappa):
  5.8377954622E-01  5.5605106960E-01  9.3986727785E+00  8.6373041344E+00  2.6437255405E+01  8.3206461081E-05
| Next sampling location (x_next, i_next):
  2.4825110183E+02 -4.6565125947E+00  0.0000000000E+00

Iteration time [s]:   24.794        Total time [s]:  465.189

--------------------------------------------------------------------------------
                                BO ITERATION 20                                 
--------------------------------------------------------------------------------
| Evaluating objective function at 2.483E+02 -4.657E+00 0.000E+00
| Objective function evaluated, time [s]       22.949
| Data point added to dataset (x i y): 
  2.4825110183E+02 -4.6565125947E+00  0.0000000000E+00      -2.0301219574E+05

| Total ensemble size: 52
| Best acquisition, x_best i_best y_best:
  2.2910539781E+02  4.3783377455E+00  0.0000000000E+00      -2.0301227254E+05
| Global minimum prediction, x_hat mu_hat +- nu_hat:
  2.3625034406E+02  2.9268857868E-01  0.0000000000E+00      -2.0301238139E+05  1.3365441279E-03
| Global minimum convergence, d_xhat d_muhat:
  8.4366577737E+00  4.3016204269E-03

| GP model hyperparameters (lengthscales W kappa):
  6.0887341800E-01  5.5016182256E-01  9.4690495159E+00  8.7252708824E+00  3.1739431345E+01  8.3248390635E-05
| Next sampling location (x_next, i_next):
  9.7100744204E+01  1.7022340255E+02  0.0000000000E+00

Iteration time [s]:   24.892        Total time [s]:  490.082

--------------------------------------------------------------------------------
                                BO ITERATION 21                                 
--------------------------------------------------------------------------------
| Evaluating objective function at 9.710E+01 1.702E+02 0.000E+00
| Objective function evaluated, time [s]       22.813
| Data point added to dataset (x i y): 
  9.7100744204E+01  1.7022340255E+02  0.0000000000E+00      -2.0300816643E+05

| Total ensemble size: 53
| Best acquisition, x_best i_best y_best:
  2.2910539781E+02  4.3783377455E+00  0.0000000000E+00      -2.0301227254E+05
| Global minimum prediction, x_hat mu_hat +- nu_hat:
  2.3623440703E+02  2.9629403064E-01  0.0000000000E+00      -2.0301238060E+05  1.2952932107E-03
| Global minimum convergence, d_xhat d_muhat:
  1.6339772452E-02  3.2270778793E-05

| GP model hyperparameters (lengthscales W kappa):
  6.1097831792E-01  5.5626421969E-01  9.5293308938E+00  8.8323011038E+00  3.1745007896E+01  8.3248338730E-05
| Next sampling location (x_next, i_next):
  2.3444494699E+02 -1.9280493621E+00  0.0000000000E+00

Iteration time [s]:   24.706        Total time [s]:  514.789

--------------------------------------------------------------------------------
                                BO ITERATION 22                                 
--------------------------------------------------------------------------------
| Evaluating objective function at 2.344E+02 -1.928E+00 0.000E+00
| Objective function evaluated, time [s]       23.597
| Data point added to dataset (x i y): 
  2.3444494699E+02 -1.9280493621E+00  0.0000000000E+00      -2.0301226039E+05

| Total ensemble size: 54
| Best acquisition, x_best i_best y_best:
  2.2910539781E+02  4.3783377455E+00  0.0000000000E+00      -2.0301227254E+05
| Global minimum prediction, x_hat mu_hat +- nu_hat:
  2.3676691896E+02  6.8428218170E-01  0.0000000000E+00      -2.0301235522E+05  3.3750037112E-04
| Global minimum convergence, d_xhat d_muhat:
  6.5886551142E-01  1.0347838493E-03

| GP model hyperparameters (lengthscales W kappa):
  6.1904768154E-01  5.6105814985E-01  9.6034931283E+00  8.9649571803E+00  3.3659473280E+01  8.3261741527E-05
| Next sampling location (x_next, i_next):
  2.7303003467E+02  1.8403387990E+02  0.0000000000E+00

Iteration time [s]:   25.576        Total time [s]:  540.365

--------------------------------------------------------------------------------
                                BO ITERATION 23                                 
--------------------------------------------------------------------------------
| Evaluating objective function at 2.730E+02 1.840E+02 0.000E+00
| Objective function evaluated, time [s]       22.795
| Data point added to dataset (x i y): 
  2.7303003467E+02  1.8403387990E+02  0.0000000000E+00      -2.0300766178E+05

| Total ensemble size: 55
| Best acquisition, x_best i_best y_best:
  2.2910539781E+02  4.3783377455E+00  0.0000000000E+00      -2.0301227254E+05
| Global minimum prediction, x_hat mu_hat +- nu_hat:
  2.3676630614E+02  6.8340920024E-01  0.0000000000E+00      -2.0301235511E+05  3.1317556490E-04
| Global minimum convergence, d_xhat d_muhat:
  1.0666038125E-03  4.6143615458E-06

| GP model hyperparameters (lengthscales W kappa):
  6.2784724002E-01  5.6450226089E-01  9.6770540365E+00  9.0840953077E+00  3.3609022666E+01  1.1991164494E-04
| Next sampling location (x_next, i_next):
  2.3932486516E+02  1.0096743381E+00  0.0000000000E+00

Iteration time [s]:   24.821        Total time [s]:  565.187

--------------------------------------------------------------------------------
                                BO ITERATION 24                                 
--------------------------------------------------------------------------------
| Evaluating objective function at 2.393E+02 1.010E+00 0.000E+00
| Objective function evaluated, time [s]       22.982
| Acquisition location too confident, doing pure exploration
| Data point added to dataset (x i y): 
  2.3932486516E+02  1.0096743381E+00  0.0000000000E+00      -2.0301236526E+05

| Total ensemble size: 56
| Best acquisition, x_best i_best y_best:
  2.3932486516E+02  1.0096743381E+00  0.0000000000E+00      -2.0301236526E+05
| Global minimum prediction, x_hat mu_hat +- nu_hat:
  2.3762226130E+02  6.9361462939E-01  0.0000000000E+00      -2.0301237292E+05  7.2877904769E-07
| Global minimum convergence, d_xhat d_muhat:
  8.5601599674E-01  7.1569092604E-04

| GP model hyperparameters (lengthscales W kappa):
  6.3179958271E-01  5.5705446320E-01  9.4362769211E+00  9.0856342416E+00  3.4192166233E+01  1.1991858420E-04
| Next sampling location (x_next, i_next):
  1.0224327382E+02  2.9162901680E+02  0.0000000000E+00

Iteration time [s]:   25.565        Total time [s]:  590.752

--------------------------------------------------------------------------------
                                BO ITERATION 25                                 
--------------------------------------------------------------------------------
| Evaluating objective function at 1.022E+02 2.916E+02 0.000E+00
| Objective function evaluated, time [s]       22.925
| Data point added to dataset (x i y): 
  1.0224327382E+02  2.9162901680E+02  0.0000000000E+00      -2.0299159557E+05

| Total ensemble size: 57
| Best acquisition, x_best i_best y_best:
  2.3932486516E+02  1.0096743381E+00  0.0000000000E+00      -2.0301236526E+05
| Global minimum prediction, x_hat mu_hat +- nu_hat:
  2.3762735627E+02  6.9358379326E-01  0.0000000000E+00      -2.0301237290E+05  7.9675884548E-07
| Global minimum convergence, d_xhat d_muhat:
  5.0950652081E-03  8.2141696150E-07

| GP model hyperparameters (lengthscales W kappa):
  6.1372507165E-01  5.3252074929E-01  8.8182595765E+00  8.5928330225E+00  2.9800241986E+01  1.1985154995E-04
| Next sampling location (x_next, i_next):
  2.3744816903E+02  5.8535424314E-01  0.0000000000E+00

Iteration time [s]:   25.207        Total time [s]:  615.960

--------------------------------------------------------------------------------
                                BO ITERATION 26                                 
--------------------------------------------------------------------------------
| Evaluating objective function at 2.374E+02 5.854E-01 0.000E+00
| Objective function evaluated, time [s]       23.132
| Acquisition location too confident, doing pure exploration
| Data point added to dataset (x i y): 
  2.3744816903E+02  5.8535424314E-01  0.0000000000E+00      -2.0301237329E+05

| Total ensemble size: 58
| Best acquisition, x_best i_best y_best:
  2.3744816903E+02  5.8535424314E-01  0.0000000000E+00      -2.0301237329E+05
| Global minimum prediction, x_hat mu_hat +- nu_hat:
  2.3760893751E+02  6.6995250230E-01  0.0000000000E+00      -2.0301237345E+05  1.2100462765E-08
| Global minimum convergence, d_xhat d_muhat:
  2.9961451325E-02  2.1629858521E-05

| GP model hyperparameters (lengthscales W kappa):
  6.1712269407E-01  5.3212884254E-01  8.9514097210E+00  8.6253011186E+00  2.9496982321E+01  2.4476380822E-04
| Next sampling location (x_next, i_next):
  1.2036937554E+02  9.8564752222E+01  0.0000000000E+00

Iteration time [s]:   25.705        Total time [s]:  641.665

--------------------------------------------------------------------------------
                                BO ITERATION 27                                 
--------------------------------------------------------------------------------
| Evaluating objective function at 1.204E+02 9.856E+01 0.000E+00
| Objective function evaluated, time [s]       22.822
| Acquisition location too confident, doing pure exploration
| Data point added to dataset (x i y): 
  1.2036937554E+02  9.8564752222E+01  0.0000000000E+00      -2.0299092439E+05

| Total ensemble size: 59
| Best acquisition, x_best i_best y_best:
  2.3744816903E+02  5.8535424314E-01  0.0000000000E+00      -2.0301237329E+05
| Global minimum prediction, x_hat mu_hat +- nu_hat:
  2.3761745508E+02  6.6948500016E-01  0.0000000000E+00      -2.0301237345E+05  1.1821318946E-08
| Global minimum convergence, d_xhat d_muhat:
  8.5303861901E-03  2.9780001661E-07

| GP model hyperparameters (lengthscales W kappa):
  6.1097269824E-01  5.4297454414E-01  9.2744356096E+00  8.6622726209E+00  2.6913717515E+01  1.9305710802E-04
| Next sampling location (x_next, i_next):
  3.5166079707E+01  2.8678667724E+02  0.0000000000E+00

Iteration time [s]:   25.781        Total time [s]:  667.447

--------------------------------------------------------------------------------
                                BO ITERATION 28                                 
--------------------------------------------------------------------------------
| Evaluating objective function at 3.517E+01 2.868E+02 0.000E+00
| Objective function evaluated, time [s]       23.962
| Acquisition location too confident, doing pure exploration
| Data point added to dataset (x i y): 
  3.5166079707E+01  2.8678667724E+02  0.0000000000E+00      -2.0298961062E+05

| Total ensemble size: 60
| Best acquisition, x_best i_best y_best:
  2.3744816903E+02  5.8535424314E-01  0.0000000000E+00      -2.0301237329E+05
| Global minimum prediction, x_hat mu_hat +- nu_hat:
  2.3763341011E+02  6.6139588811E-01  0.0000000000E+00      -2.0301237345E+05  1.1424466617E-08
| Global minimum convergence, d_xhat d_muhat:
  1.7888452703E-02  1.3903409524E-07

| GP model hyperparameters (lengthscales W kappa):
  6.0246740609E-01  5.3258703037E-01  8.9432458283E+00  8.3862897515E+00  2.5508627405E+01  8.9128933065E-05
| Next sampling location (x_next, i_next):
  2.4328152290E+02  1.0374996404E+02  0.0000000000E+00

Iteration time [s]:   26.987        Total time [s]:  694.434

--------------------------------------------------------------------------------
                                BO ITERATION 29                                 
--------------------------------------------------------------------------------
| Evaluating objective function at 2.433E+02 1.037E+02 0.000E+00
| Objective function evaluated, time [s]       22.999
| Acquisition location too confident, doing pure exploration
| Data point added to dataset (x i y): 
  2.4328152290E+02  1.0374996404E+02  0.0000000000E+00      -2.0298942628E+05

| Total ensemble size: 61
| Best acquisition, x_best i_best y_best:
  2.3744816903E+02  5.8535424314E-01  0.0000000000E+00      -2.0301237329E+05
| Global minimum prediction, x_hat mu_hat +- nu_hat:
  2.3766011836E+02  6.4247704890E-01  0.0000000000E+00      -2.0301237343E+05  1.0432477904E-08
| Global minimum convergence, d_xhat d_muhat:
  3.2730006312E-02  5.6930524882E-07

| GP model hyperparameters (lengthscales W kappa):
  6.0219184611E-01  5.2315492374E-01  8.9716386871E+00  8.2295204832E+00  2.3403501354E+01  8.9107731489E-05
| Next sampling location (x_next, i_next):
 -4.5092633235E+01  2.7428588624E+02  0.0000000000E+00

Iteration time [s]:   25.664        Total time [s]:  720.099

--------------------------------------------------------------------------------
                                BO ITERATION 30                                 
--------------------------------------------------------------------------------
| Evaluating objective function at -4.509E+01 2.743E+02 0.000E+00
| Objective function evaluated, time [s]       23.669
| Acquisition location too confident, doing pure exploration
| Data point added to dataset (x i y): 
 -4.5092633235E+01  2.7428588624E+02  0.0000000000E+00      -2.0299207615E+05

| Total ensemble size: 62
| Best acquisition, x_best i_best y_best:
  2.3744816903E+02  5.8535424314E-01  0.0000000000E+00      -2.0301237329E+05
| Global minimum prediction, x_hat mu_hat +- nu_hat:
  2.3765547193E+02  6.4506917914E-01  0.0000000000E+00      -2.0301237344E+05  1.0452870480E-08
| Global minimum convergence, d_xhat d_muhat:
  5.3205735732E-03  3.8612561335E-08

| GP model hyperparameters (lengthscales W kappa):
  6.0150599569E-01  5.2374239468E-01  8.9472539588E+00  8.1671326502E+00  2.2143414045E+01  7.6858221104E-05
| Next sampling location (x_next, i_next):
  2.3347438151E+02  2.5664654925E+02  0.0000000000E+00

Iteration time [s]:   26.954        Total time [s]:  747.053

--------------------------------------------------------------------------------
                                BO ITERATION 31                                 
--------------------------------------------------------------------------------
| Evaluating objective function at 2.335E+02 2.566E+02 0.000E+00
| Objective function evaluated, time [s]       21.834
| Acquisition location too confident, doing pure exploration
| Data point added to dataset (x i y): 
  2.3347438151E+02  2.5664654925E+02  0.0000000000E+00      -2.0298919672E+05

| Total ensemble size: 63
| Best acquisition, x_best i_best y_best:
  2.3744816903E+02  5.8535424314E-01  0.0000000000E+00      -2.0301237329E+05
| Global minimum prediction, x_hat mu_hat +- nu_hat:
  2.3766080283E+02  6.4128246772E-01  0.0000000000E+00      -2.0301237343E+05  1.0131833061E-08
| Global minimum convergence, d_xhat d_muhat:
  6.5389362589E-03  1.1421746520E-07

| GP model hyperparameters (lengthscales W kappa):
  5.9856116603E-01  5.1944037502E-01  8.7066370573E+00  8.0446439577E+00  2.0595818929E+01  7.6846884676E-05
| Next sampling location (x_next, i_next):
  1.4998821085E+02  2.5738236089E+02  0.0000000000E+00

Iteration time [s]:   24.983        Total time [s]:  772.036

--------------------------------------------------------------------------------
                                BO ITERATION 32                                 
--------------------------------------------------------------------------------
| Evaluating objective function at 1.500E+02 2.574E+02 0.000E+00
| Objective function evaluated, time [s]       23.911
| Acquisition location too confident, doing pure exploration
| Data point added to dataset (x i y): 
  1.4998821085E+02  2.5738236089E+02  0.0000000000E+00      -2.0299025376E+05

| Total ensemble size: 64
| Best acquisition, x_best i_best y_best:
  2.3744816903E+02  5.8535424314E-01  0.0000000000E+00      -2.0301237329E+05
| Global minimum prediction, x_hat mu_hat +- nu_hat:
  2.3766312340E+02  6.4037609365E-01  0.0000000000E+00      -2.0301237343E+05  1.0040869380E-08
| Global minimum convergence, d_xhat d_muhat:
  2.4912957739E-03  2.3236511784E-08

| GP model hyperparameters (lengthscales W kappa):
  5.9559875227E-01  5.2122873313E-01  8.7409045385E+00  8.0041494061E+00  1.8977778624E+01  7.6834829535E-05
| Next sampling location (x_next, i_next):
  5.1623111026E-01  8.2468404503E+01  0.0000000000E+00

Iteration time [s]:   27.348        Total time [s]:  799.385

--------------------------------------------------------------------------------
                                BO ITERATION 33                                 
--------------------------------------------------------------------------------
| Evaluating objective function at 5.162E-01 8.247E+01 0.000E+00
| Objective function evaluated, time [s]       22.994
| Acquisition location too confident, doing pure exploration
| Data point added to dataset (x i y): 
  5.1623111026E-01  8.2468404503E+01  0.0000000000E+00      -2.0298954273E+05

| Total ensemble size: 65
| Best acquisition, x_best i_best y_best:
  2.3744816903E+02  5.8535424314E-01  0.0000000000E+00      -2.0301237329E+05
| Global minimum prediction, x_hat mu_hat +- nu_hat:
  2.3767460987E+02  6.3383210168E-01  0.0000000000E+00      -2.0301237343E+05  1.0118318539E-08
| Global minimum convergence, d_xhat d_muhat:
  1.3219786375E-02  1.0572619465E-08

| GP model hyperparameters (lengthscales W kappa):
  5.8826874505E-01  4.9251087833E-01  7.8528024921E+00  7.6543912793E+00  1.7660004259E+01  7.6826748413E-05
| Next sampling location (x_next, i_next):
  7.2089403671E+01 -2.0635087946E+01  0.0000000000E+00

Iteration time [s]:   26.496        Total time [s]:  825.881

--------------------------------------------------------------------------------
                                BO ITERATION 34                                 
--------------------------------------------------------------------------------
| Evaluating objective function at 7.209E+01 -2.064E+01 0.000E+00
| Objective function evaluated, time [s]       23.120
| Acquisition location too confident, doing pure exploration
| Data point added to dataset (x i y): 
  7.2089403671E+01 -2.0635087946E+01  0.0000000000E+00      -2.0300219039E+05

| Total ensemble size: 66
| Best acquisition, x_best i_best y_best:
  2.3744816903E+02  5.8535424314E-01  0.0000000000E+00      -2.0301237329E+05
| Global minimum prediction, x_hat mu_hat +- nu_hat:
  2.3757137194E+02  6.9616597238E-01  0.0000000000E+00      -2.0301237348E+05  1.5792584929E-08
| Global minimum convergence, d_xhat d_muhat:
  1.2059677236E-01  1.9943817692E-06

| GP model hyperparameters (lengthscales W kappa):
  5.2369722951E-01  5.2449303905E-01  8.5626532448E+00  7.6466335936E+00  2.0369294554E+01  7.6845885087E-05
| Next sampling location (x_next, i_next):
  1.7759025135E+02  1.0531638340E+02  0.0000000000E+00

Iteration time [s]:   26.611        Total time [s]:  852.492

--------------------------------------------------------------------------------
                                BO ITERATION 35                                 
--------------------------------------------------------------------------------
| Evaluating objective function at 1.776E+02 1.053E+02 0.000E+00
| Objective function evaluated, time [s]       23.700
| Acquisition location too confident, doing pure exploration
| Data point added to dataset (x i y): 
  1.7759025135E+02  1.0531638340E+02  0.0000000000E+00      -2.0299228797E+05

| Total ensemble size: 67
| Best acquisition, x_best i_best y_best:
  2.3744816903E+02  5.8535424314E-01  0.0000000000E+00      -2.0301237329E+05
| Global minimum prediction, x_hat mu_hat +- nu_hat:
  2.3759096069E+02  6.8670280232E-01  0.0000000000E+00      -2.0301237348E+05  1.4203854004E-08
| Global minimum convergence, d_xhat d_muhat:
  2.1754790189E-02  2.1415214718E-07

| GP model hyperparameters (lengthscales W kappa):
  5.2337327888E-01  5.2351572656E-01  8.6071337659E+00  7.6479337947E+00  1.8904534861E+01  7.6833992525E-05
| Next sampling location (x_next, i_next):
 -1.4495672317E+01  2.6275926995E+01  0.0000000000E+00

Iteration time [s]:   27.244        Total time [s]:  879.737

--------------------------------------------------------------------------------
                                BO ITERATION 36                                 
--------------------------------------------------------------------------------
| Evaluating objective function at -1.450E+01 2.628E+01 0.000E+00
| Objective function evaluated, time [s]       23.036
| Data point added to dataset (x i y): 
 -1.4495672317E+01  2.6275926995E+01  0.0000000000E+00      -2.0299138424E+05

| Total ensemble size: 68
| Best acquisition, x_best i_best y_best:
  2.3744816903E+02  5.8535424314E-01  0.0000000000E+00      -2.0301237329E+05
| Global minimum prediction, x_hat mu_hat +- nu_hat:
  2.3761949417E+02  6.7346995762E-01  0.0000000000E+00      -2.0301237347E+05  1.2892774759E-08
| Global minimum convergence, d_xhat d_muhat:
  3.1452627740E-02  1.1168562163E-07

| GP model hyperparameters (lengthscales W kappa):
  5.1456423271E-01  5.1314711736E-01  8.3288401776E+00  7.4658090015E+00  1.7049346395E+01  7.6819753961E-05
| Next sampling location (x_next, i_next):
  1.9261469399E+02  1.8381221924E+02  0.0000000000E+00

Iteration time [s]:   25.864        Total time [s]:  905.601

--------------------------------------------------------------------------------
                                BO ITERATION 37                                 
--------------------------------------------------------------------------------
| Evaluating objective function at 1.926E+02 1.838E+02 0.000E+00
| Objective function evaluated, time [s]       21.693
| Acquisition location too confident, doing pure exploration
| Data point added to dataset (x i y): 
  1.9261469399E+02  1.8381221924E+02  0.0000000000E+00      -2.0300771106E+05

| Total ensemble size: 69
| Best acquisition, x_best i_best y_best:
  2.3744816903E+02  5.8535424314E-01  0.0000000000E+00      -2.0301237329E+05
| Global minimum prediction, x_hat mu_hat +- nu_hat:
  2.3761758663E+02  6.7576813697E-01  0.0000000000E+00      -2.0301237348E+05  1.2707308894E-08
| Global minimum convergence, d_xhat d_muhat:
  2.9866933244E-03  1.4077746727E-07

| GP model hyperparameters (lengthscales W kappa):
  5.1926036213E-01  5.2462581668E-01  8.4513756425E+00  7.6043655031E+00  1.7862274996E+01  7.6825039168E-05
| Next sampling location (x_next, i_next):
  5.1214402195E+01  1.0543175910E+02  0.0000000000E+00

Iteration time [s]:   25.227        Total time [s]:  930.829

--------------------------------------------------------------------------------
                                BO ITERATION 38                                 
--------------------------------------------------------------------------------
| Evaluating objective function at 5.121E+01 1.054E+02 0.000E+00
| Objective function evaluated, time [s]       22.790
| Acquisition location too confident, doing pure exploration
| Data point added to dataset (x i y): 
  5.1214402195E+01  1.0543175910E+02  0.0000000000E+00      -2.0299224683E+05

| Total ensemble size: 70
| Best acquisition, x_best i_best y_best:
  2.3744816903E+02  5.8535424314E-01  0.0000000000E+00      -2.0301237329E+05
| Global minimum prediction, x_hat mu_hat +- nu_hat:
  2.3761951920E+02  6.7426298153E-01  0.0000000000E+00      -2.0301237348E+05  1.2778064740E-08
| Global minimum convergence, d_xhat d_muhat:
  2.4495563372E-03  7.2114342548E-08

| GP model hyperparameters (lengthscales W kappa):
  5.1333684353E-01  5.1895729212E-01  8.3595880554E+00  7.4521283287E+00  1.7120911822E+01  7.6818796923E-05
| Next sampling location (x_next, i_next):
  1.5687532279E+02  3.0877113899E+02  0.0000000000E+00

Iteration time [s]:   26.388        Total time [s]:  957.217

--------------------------------------------------------------------------------
                                BO ITERATION 39                                 
--------------------------------------------------------------------------------
| Evaluating objective function at 1.569E+02 3.088E+02 0.000E+00
| Objective function evaluated, time [s]       23.052
| Acquisition location too confident, doing pure exploration
| Data point added to dataset (x i y): 
  1.5687532279E+02  3.0877113899E+02  0.0000000000E+00      -2.0299114879E+05

| Total ensemble size: 71
| Best acquisition, x_best i_best y_best:
  2.3744816903E+02  5.8535424314E-01  0.0000000000E+00      -2.0301237329E+05
| Global minimum prediction, x_hat mu_hat +- nu_hat:
  2.3760607185E+02  6.8342531040E-01  0.0000000000E+00      -2.0301237348E+05  1.4102246393E-08
| Global minimum convergence, d_xhat d_muhat:
  1.6272050279E-02  4.0343899696E-07

| GP model hyperparameters (lengthscales W kappa):
  5.1078480620E-01  4.9800152208E-01  7.9366809866E+00  7.2840180421E+00  1.5462425078E+01  7.6806949304E-05
| Next sampling location (x_next, i_next):
 -1.7186690474E+01  3.1000000000E+02  0.0000000000E+00

Iteration time [s]:   26.739        Total time [s]:  983.956

--------------------------------------------------------------------------------
                                BO ITERATION 40                                 
--------------------------------------------------------------------------------
| Evaluating objective function at -1.719E+01 3.100E+02 0.000E+00
| Objective function evaluated, time [s]       23.016
| Acquisition location too confident, doing pure exploration
| Data point added to dataset (x i y): 
 -1.7186690474E+01  3.1000000000E+02  0.0000000000E+00      -2.0299422768E+05

| Total ensemble size: 72
| Best acquisition, x_best i_best y_best:
  2.3744816903E+02  5.8535424314E-01  0.0000000000E+00      -2.0301237329E+05
| Global minimum prediction, x_hat mu_hat +- nu_hat:
  2.3772860434E+02  6.2313803673E-01  0.0000000000E+00      -2.0301237348E+05  1.2182985198E-08
| Global minimum convergence, d_xhat d_muhat:
  1.3656048994E-01  3.3049470982E-07

| GP model hyperparameters (lengthscales W kappa):
  4.8620064536E-01  4.5199165660E-01  7.2358009234E+00  6.6428067539E+00  1.2898963285E+01  7.6789126770E-05
| Next sampling location (x_next, i_next):
  1.9638367480E+02  2.7739577185E+02  0.0000000000E+00

Iteration time [s]:   26.640        Total time [s]: 1010.597

--------------------------------------------------------------------------------
                                BO ITERATION 41                                 
--------------------------------------------------------------------------------
| Evaluating objective function at 1.964E+02 2.774E+02 0.000E+00
| Objective function evaluated, time [s]       22.854
| Acquisition location too confident, doing pure exploration
| Data point added to dataset (x i y): 
  1.9638367480E+02  2.7739577185E+02  0.0000000000E+00      -2.0298861750E+05

| Total ensemble size: 73
| Best acquisition, x_best i_best y_best:
  2.3744816903E+02  5.8535424314E-01  0.0000000000E+00      -2.0301237329E+05
| Global minimum prediction, x_hat mu_hat +- nu_hat:
  2.3771843187E+02  6.3135130006E-01  0.0000000000E+00      -2.0301237348E+05  1.1855169202E-08
| Global minimum convergence, d_xhat d_muhat:
  1.3074286645E-02  3.1741915398E-07

| GP model hyperparameters (lengthscales W kappa):
  4.8184043791E-01  4.5766174929E-01  7.2460332269E+00  6.6402274790E+00  1.2146511736E+01  7.6783655075E-05
| Next sampling location (x_next, i_next):
  3.1000000000E+02  7.0058546677E+01  0.0000000000E+00

Iteration time [s]:   26.820        Total time [s]: 1037.417

--------------------------------------------------------------------------------
                                BO ITERATION 42                                 
--------------------------------------------------------------------------------
| Evaluating objective function at 3.100E+02 7.006E+01 0.000E+00
| Objective function evaluated, time [s]       22.940
| Acquisition location too confident, doing pure exploration
| Data point added to dataset (x i y): 
  3.1000000000E+02  7.0058546677E+01  0.0000000000E+00      -2.0298932774E+05

| Total ensemble size: 74
| Best acquisition, x_best i_best y_best:
  2.3744816903E+02  5.8535424314E-01  0.0000000000E+00      -2.0301237329E+05
| Global minimum prediction, x_hat mu_hat +- nu_hat:
  2.3771805862E+02  6.2936493367E-01  0.0000000000E+00      -2.0301237348E+05  1.1542942513E-08
| Global minimum convergence, d_xhat d_muhat:
  2.0211294724E-03  2.5298119495E-07

| GP model hyperparameters (lengthscales W kappa):
  4.8011602280E-01  4.5826719155E-01  7.2353862531E+00  6.5993420792E+00  1.1479671190E+01  7.6778724840E-05
| Next sampling location (x_next, i_next):
  1.3088035664E+02  1.3410181027E+02  0.0000000000E+00

Iteration time [s]:   26.857        Total time [s]: 1064.275

--------------------------------------------------------------------------------
                                BO ITERATION 43                                 
--------------------------------------------------------------------------------
| Evaluating objective function at 1.309E+02 1.341E+02 0.000E+00
| Objective function evaluated, time [s]       22.927
| Acquisition location too confident, doing pure exploration
| Data point added to dataset (x i y): 
  1.3088035664E+02  1.3410181027E+02  0.0000000000E+00      -2.0299910024E+05

| Total ensemble size: 75
| Best acquisition, x_best i_best y_best:
  2.3744816903E+02  5.8535424314E-01  0.0000000000E+00      -2.0301237329E+05
| Global minimum prediction, x_hat mu_hat +- nu_hat:
  2.3771193145E+02  6.3400494303E-01  0.0000000000E+00      -2.0301237348E+05  1.1224079355E-08
| Global minimum convergence, d_xhat d_muhat:
  7.6858277750E-03  1.5786730277E-07

| GP model hyperparameters (lengthscales W kappa):
  4.7975860144E-01  4.7075961926E-01  7.3455358805E+00  6.6926377805E+00  1.1661456334E+01  7.6779779297E-05
| Next sampling location (x_next, i_next):
  5.8217353889E+01  2.4618241763E+02  0.0000000000E+00

Iteration time [s]:   27.068        Total time [s]: 1091.343

--------------------------------------------------------------------------------
                                BO ITERATION 44                                 
--------------------------------------------------------------------------------
| Evaluating objective function at 5.822E+01 2.462E+02 0.000E+00
| Objective function evaluated, time [s]       22.920
| Acquisition location too confident, doing pure exploration
| Data point added to dataset (x i y): 
  5.8217353889E+01  2.4618241763E+02  0.0000000000E+00      -2.0299406104E+05

| Total ensemble size: 76
| Best acquisition, x_best i_best y_best:
  2.3744816903E+02  5.8535424314E-01  0.0000000000E+00      -2.0301237329E+05
| Global minimum prediction, x_hat mu_hat +- nu_hat:
  2.3770818485E+02  6.3499609889E-01  0.0000000000E+00      -2.0301237348E+05  1.1212980677E-08
| Global minimum convergence, d_xhat d_muhat:
  3.8754847849E-03  1.2499349335E-07

| GP model hyperparameters (lengthscales W kappa):
  4.8643899877E-01  4.6387752201E-01  7.1038703755E+00  6.5729313400E+00  1.2519410853E+01  7.6785639105E-05
| Next sampling location (x_next, i_next):
  2.0974930465E+02  1.3444794505E+02  0.0000000000E+00

Iteration time [s]:   26.958        Total time [s]: 1118.302

--------------------------------------------------------------------------------
                                BO ITERATION 45                                 
--------------------------------------------------------------------------------
| Evaluating objective function at 2.097E+02 1.344E+02 0.000E+00
| Objective function evaluated, time [s]       21.674
| Acquisition location too confident, doing pure exploration
| Data point added to dataset (x i y): 
  2.0974930465E+02  1.3444794505E+02  0.0000000000E+00      -2.0299803839E+05

| Total ensemble size: 77
| Best acquisition, x_best i_best y_best:
  2.3744816903E+02  5.8535424314E-01  0.0000000000E+00      -2.0301237329E+05
| Global minimum prediction, x_hat mu_hat +- nu_hat:
  2.3770637432E+02  6.3646373362E-01  0.0000000000E+00      -2.0301237348E+05  1.1025930302E-08
| Global minimum convergence, d_xhat d_muhat:
  2.3306618967E-03  5.8541426964E-08

| GP model hyperparameters (lengthscales W kappa):
  4.8798424751E-01  4.6842559378E-01  7.1212553412E+00  6.6045692520E+00  1.2523868437E+01  7.6785652867E-05
| Next sampling location (x_next, i_next):
  2.7787778087E+02  2.4027458110E+02  0.0000000000E+00

Iteration time [s]:   25.770        Total time [s]: 1144.073

--------------------------------------------------------------------------------
                                BO ITERATION 46                                 
--------------------------------------------------------------------------------
| Evaluating objective function at 2.779E+02 2.403E+02 0.000E+00
| Objective function evaluated, time [s]       23.672
| Acquisition location too confident, doing pure exploration
| Data point added to dataset (x i y): 
  2.7787778087E+02  2.4027458110E+02  0.0000000000E+00      -2.0299444524E+05

| Total ensemble size: 78
| Best acquisition, x_best i_best y_best:
  2.3744816903E+02  5.8535424314E-01  0.0000000000E+00      -2.0301237329E+05
| Global minimum prediction, x_hat mu_hat +- nu_hat:
  2.3769442146E+02  6.4493792083E-01  0.0000000000E+00      -2.0301237349E+05  1.0981109266E-08
| Global minimum convergence, d_xhat d_muhat:
  1.4652048314E-02  2.3958444073E-07

| GP model hyperparameters (lengthscales W kappa):
  4.8624380407E-01  4.7593008058E-01  7.1691135714E+00  6.6642323441E+00  1.2369665518E+01  7.6784427646E-05
| Next sampling location (x_next, i_next):
  9.8837574447E+01  5.3156381785E+01  0.0000000000E+00

Iteration time [s]:   28.075        Total time [s]: 1172.148

--------------------------------------------------------------------------------
                                BO ITERATION 47                                 
--------------------------------------------------------------------------------
| Evaluating objective function at 9.884E+01 5.316E+01 0.000E+00
| Objective function evaluated, time [s]       23.847
| Acquisition location too confident, doing pure exploration
| Data point added to dataset (x i y): 
  9.8837574447E+01  5.3156381785E+01  0.0000000000E+00      -2.0299007161E+05

| Total ensemble size: 79
| Best acquisition, x_best i_best y_best:
  2.3744816903E+02  5.8535424314E-01  0.0000000000E+00      -2.0301237329E+05
| Global minimum prediction, x_hat mu_hat +- nu_hat:
  2.3769099344E+02  6.4682675003E-01  0.0000000000E+00      -2.0301237349E+05  1.0915860127E-08
| Global minimum convergence, d_xhat d_muhat:
  3.9139495863E-03  3.6137545437E-08

| GP model hyperparameters (lengthscales W kappa):
  4.8564617871E-01  4.7939706873E-01  7.2087281127E+00  6.6749376140E+00  1.1930892312E+01  7.6781229142E-05
| Next sampling location (x_next, i_next):
  1.1458848706E+02 -2.5608194655E+01  0.0000000000E+00

Iteration time [s]:   28.176        Total time [s]: 1200.325

--------------------------------------------------------------------------------
                                BO ITERATION 48                                 
--------------------------------------------------------------------------------
| Evaluating objective function at 1.146E+02 -2.561E+01 0.000E+00
| Objective function evaluated, time [s]       23.779
| Acquisition location too confident, doing pure exploration
| Data point added to dataset (x i y): 
  1.1458848706E+02 -2.5608194655E+01  0.0000000000E+00      -2.0299422063E+05

| Total ensemble size: 80
| Best acquisition, x_best i_best y_best:
  2.3744816903E+02  5.8535424314E-01  0.0000000000E+00      -2.0301237329E+05
| Global minimum prediction, x_hat mu_hat +- nu_hat:
  2.3769247131E+02  6.4578132718E-01  0.0000000000E+00      -2.0301237349E+05  1.0814536733E-08
| Global minimum convergence, d_xhat d_muhat:
  1.8102490231E-03  2.6258128330E-08

| GP model hyperparameters (lengthscales W kappa):
  4.8854940535E-01  4.7931822139E-01  7.1603492633E+00  6.6705108892E+00  1.1925385594E+01  7.6781193654E-05
| Next sampling location (x_next, i_next):
 -3.6713895271E+00  1.3303032861E+02  0.0000000000E+00

Iteration time [s]:   28.009        Total time [s]: 1228.334

--------------------------------------------------------------------------------
                                BO ITERATION 49                                 
--------------------------------------------------------------------------------
| Evaluating objective function at -3.671E+00 1.330E+02 0.000E+00
| Objective function evaluated, time [s]       23.746
| Acquisition location too confident, doing pure exploration
| Data point added to dataset (x i y): 
 -3.6713895271E+00  1.3303032861E+02  0.0000000000E+00      -2.0299845580E+05

| Total ensemble size: 81
| Best acquisition, x_best i_best y_best:
  2.3744816903E+02  5.8535424314E-01  0.0000000000E+00      -2.0301237329E+05
| Global minimum prediction, x_hat mu_hat +- nu_hat:
  2.3769466215E+02  6.4444410053E-01  0.0000000000E+00      -2.0301237349E+05  1.0702320718E-08
| Global minimum convergence, d_xhat d_muhat:
  2.5666986733E-03  3.3368760385E-08

| GP model hyperparameters (lengthscales W kappa):
  4.8973880996E-01  4.8094001311E-01  7.1599844852E+00  6.6815803524E+00  1.1813842056E+01  3.4075976276E-04
| Next sampling location (x_next, i_next):
  2.1463753275E+02  7.2335934581E+01  0.0000000000E+00

Iteration time [s]:   28.607        Total time [s]: 1256.942

--------------------------------------------------------------------------------
                                BO ITERATION 50                                 
--------------------------------------------------------------------------------
| Evaluating objective function at 2.146E+02 7.234E+01 0.000E+00
| Objective function evaluated, time [s]       23.356
| Data point added to dataset (x i y): 
  2.1463753275E+02  7.2335934581E+01  0.0000000000E+00      -2.0299243061E+05

| Total ensemble size: 82
| Best acquisition, x_best i_best y_best:
  2.3744816903E+02  5.8535424314E-01  0.0000000000E+00      -2.0301237329E+05
| Global minimum prediction, x_hat mu_hat +- nu_hat:
  2.3768922021E+02  6.4826250315E-01  0.0000000000E+00      -2.0301237349E+05  1.0595369826E-08
| Global minimum convergence, d_xhat d_muhat:
  6.6479218058E-03  1.1192384780E-07

| GP model hyperparameters (lengthscales W kappa):
  4.8952136226E-01  4.8589295470E-01  7.1888543804E+00  6.7184712231E+00  1.1634718697E+01  3.4073286059E-04
| Next sampling location (x_next, i_next):
  6.9156000982E+01  1.7971913989E+02  0.0000000000E+00

Iteration time [s]:   26.947        Total time [s]: 1283.889

|| Bayesian optimization completed, time [s]     1283.878


--------------------------------------------------------------------------------
                        BOSS is done! Have a nice day :)                        

      Datetime 05-08-2020 18:30:16            Total time [s]     1283.890       
--------------------------------------------------------------------------------
