
-----------------------------   Welcome to ....   ------------------------------
                      _______  _______ _______ _______ 
                     |   _   \|   _   |   _   |   _   |
                     |.  1   /|.  |   |   1___|   1___|
                     |.  _   \|.  |   |____   |____   |
                     |:  1    |:  1   |:  1   |:  1   |
                     |::.. .  |::.. . |::.. . |::.. . |
                     `-------'`-------`-------`-------'

                                 Version 0.9.15                                 
                              15-08-2020 00:24:10                               
--------------------------------------------------------------------------------

| Reading BOSS input file from: in_2D
| Initializing...

--------------------------------------------------------------------------------
                                   INPUT FILE                                   
--------------------------------------------------------------------------------
# input file for alanine 2D (d4-d13)

# optimization
userfn       userfn_2D.py
bounds       -50 310; -50 310
num_tasks    2
kernel       stdp
initpts      2 30
iterpts      50
verbosity    2
thetaprior gamma
thetapriorparam 2 0.019; 3.3678 9.0204; 3.3678 9.0204


RESULTS:
-1.731045812384361E+01 7.231610224752797E+01 0 -2.029891150806469E+05 
2.513711105819778E+02 8.458058816512582E+01 0 -2.029886161625765E+05 
9.535195289752163E+01 9.362325058290719E+01 1 3.352860000000000E+01 
2.958466431629870E+02 1.525226319844324E+02 1 2.442340000000000E+01 
1.899785080563634E+02 1.212068544797526E+02 1 3.011620000000000E+01 
1.857323585826049E+02 9.321555158960901E+01 1 3.222880000000000E+01 
1.735279288454316E+02 1.426764225651730E+02 1 2.474960000000000E+01 
1.290744215095624E+02 8.710376543386481E+01 1 3.334680000000000E+01 
-4.552810335369462E+01 7.290141985596355E+01 1 3.633720000000000E+01 
1.489093081395198E+02 1.779534723896613E+02 1 2.058740000000000E+01 
2.785170533460302E+02 7.907880141194310E+01 1 3.648850000000000E+01 
9.295878856896694E+01 -2.159110856281889E+01 1 2.946530000000000E+01 
1.948152216076925E+02 1.026851864976776E+01 1 1.832810000000000E+01 
-3.083824177921333E+01 1.666496350258881E+02 1 2.133760000000000E+01 
6.911664835552371E+01 2.962837693348714E+02 1 3.149640000000000E+01 
-1.821589081786139E+01 2.469247646877106E+02 1 3.049290000000000E+01 
7.967382728082804E+01 2.335409650036240E+02 1 2.657540000000000E+01 
7.038508063570383E+01 5.397699830164958E+01 1 3.224680000000000E+01 
1.471972552006192E+02 1.168547171603728E+02 1 2.950430000000000E+01 
1.013008340476364E+02 1.230840850332828E+02 1 2.871920000000000E+01 
-3.471437206533042E+01 1.130732867542828E+02 1 3.276710000000000E+01 
6.433500954892426E+01 -2.643006932436930E+01 1 2.653880000000000E+01 
1.811612416385816E+02 2.020143606572878E+02 1 2.351650000000000E+01 
2.120352743328889E+02 1.261155500224713E+01 1 1.942460000000000E+01 
1.456592500004814E+02 3.766391465802172E+01 1 2.665690000000000E+01 
-5.000000000000000E+01 3.590683755241385E+01 1 3.101870000000000E+01 
1.394449909031842E+01 1.281390604960042E+02 1 2.823450000000000E+01 
2.695232065877370E+02 1.867877004042351E+02 1 2.458320000000000E+01 
4.741851257792921E+01 3.082097672695140E+02 1 3.139020000000000E+01 
2.705904831507142E+02 2.203053354781061E+02 1 2.887760000000000E+01 
2.386517866333347E+02 1.849273380875971E+02 1 2.704320000000000E+01 
1.709141040864109E+01 2.352476355141600E+02 1 2.839050000000000E+01 
--------------------------------------------------------------------------------
                               SIMULATION OPTIONS                               
--------------------------------------------------------------------------------
|| File input/output 
ipfile         in_2D
userfn         userfn_2D.py
outfile        boss.out
rstfile        boss.rst

|| Key settings 
num_tasks         2
bounds         -5.000E+01 3.100E+02;    -5.000E+01 3.100E+02
kerntype       stdp stdp
yrange         -5.000E+01 3.100E+02;    -5.000E+01 3.100E+02
noise          1.000E-12
initpts    2 30    iterpts   50
gm_tol         none
verbosity      2

|| Data acquisition 
acqfn                elcb
acqtol               1.000E-03

|| GP hyperparameters 
thetainit       1.000E+00 3.142E-01
thetabounds     none
thetaprior      gamma
thetapriorpar   2.000E+00 1.900E-02;    3.368E+00 9.020E+00;    3.368E+00 9.020E+00

|| Hyperparameter optimization
updatefreq   1  initupdate      True
updateoffset 0  updaterestarts  2


--------------------------------------------------------------------------------
                              INITIAL DATAPOINT 1                               
--------------------------------------------------------------------------------
| Data point added to dataset (x i y): 
 -1.7310458124E+01  7.2316102248E+01  0.0000000000E+00      -2.0298911508E+05

| Total ensemble size: 1
| Next sampling location (x_next, i_next):
  2.5137111058E+02  8.4580588165E+01  0.0000000000E+00

Iteration time [s]:    0.002        Total time [s]:    0.109

--------------------------------------------------------------------------------
                              INITIAL DATAPOINT 2                               
--------------------------------------------------------------------------------
| Data point added to dataset (x i y): 
  2.5137111058E+02  8.4580588165E+01  0.0000000000E+00      -2.0298861616E+05

| Total ensemble size: 2
| Next sampling location (x_next, i_next):
  9.5351952898E+01  9.3623250583E+01  1.0000000000E+00

Iteration time [s]:    0.001        Total time [s]:    0.113

--------------------------------------------------------------------------------
                              INITIAL DATAPOINT 3                               
--------------------------------------------------------------------------------
| Data point added to dataset (x i y): 
  9.5351952898E+01  9.3623250583E+01  1.0000000000E+00       3.3528600000E+01

| Total ensemble size: 3
| Next sampling location (x_next, i_next):
  2.9584664316E+02  1.5252263198E+02  1.0000000000E+00

Iteration time [s]:    0.018        Total time [s]:    0.132

--------------------------------------------------------------------------------
                              INITIAL DATAPOINT 4                               
--------------------------------------------------------------------------------
| Data point added to dataset (x i y): 
  2.9584664316E+02  1.5252263198E+02  1.0000000000E+00       2.4423400000E+01

| Total ensemble size: 4
| Next sampling location (x_next, i_next):
  1.8997850806E+02  1.2120685448E+02  1.0000000000E+00

Iteration time [s]:    0.002        Total time [s]:    0.137

--------------------------------------------------------------------------------
                              INITIAL DATAPOINT 5                               
--------------------------------------------------------------------------------
| Data point added to dataset (x i y): 
  1.8997850806E+02  1.2120685448E+02  1.0000000000E+00       3.0116200000E+01

| Total ensemble size: 5
| Next sampling location (x_next, i_next):
  1.8573235858E+02  9.3215551590E+01  1.0000000000E+00

Iteration time [s]:    0.001        Total time [s]:    0.140

--------------------------------------------------------------------------------
                              INITIAL DATAPOINT 6                               
--------------------------------------------------------------------------------
| Data point added to dataset (x i y): 
  1.8573235858E+02  9.3215551590E+01  1.0000000000E+00       3.2228800000E+01

| Total ensemble size: 6
| Next sampling location (x_next, i_next):
  1.7352792885E+02  1.4267642257E+02  1.0000000000E+00

Iteration time [s]:    0.001        Total time [s]:    0.144

--------------------------------------------------------------------------------
                              INITIAL DATAPOINT 7                               
--------------------------------------------------------------------------------
| Data point added to dataset (x i y): 
  1.7352792885E+02  1.4267642257E+02  1.0000000000E+00       2.4749600000E+01

| Total ensemble size: 7
| Next sampling location (x_next, i_next):
  1.2907442151E+02  8.7103765434E+01  1.0000000000E+00

Iteration time [s]:    0.001        Total time [s]:    0.148

--------------------------------------------------------------------------------
                              INITIAL DATAPOINT 8                               
--------------------------------------------------------------------------------
| Data point added to dataset (x i y): 
  1.2907442151E+02  8.7103765434E+01  1.0000000000E+00       3.3346800000E+01

| Total ensemble size: 8
| Next sampling location (x_next, i_next):
 -4.5528103354E+01  7.2901419856E+01  1.0000000000E+00

Iteration time [s]:    0.001        Total time [s]:    0.150

--------------------------------------------------------------------------------
                              INITIAL DATAPOINT 9                               
--------------------------------------------------------------------------------
| Data point added to dataset (x i y): 
 -4.5528103354E+01  7.2901419856E+01  1.0000000000E+00       3.6337200000E+01

| Total ensemble size: 9
| Next sampling location (x_next, i_next):
  1.4890930814E+02  1.7795347239E+02  1.0000000000E+00

Iteration time [s]:    0.001        Total time [s]:    0.154

--------------------------------------------------------------------------------
                              INITIAL DATAPOINT 10                              
--------------------------------------------------------------------------------
| Data point added to dataset (x i y): 
  1.4890930814E+02  1.7795347239E+02  1.0000000000E+00       2.0587400000E+01

| Total ensemble size: 10
| Next sampling location (x_next, i_next):
  2.7851705335E+02  7.9078801412E+01  1.0000000000E+00

Iteration time [s]:    0.002        Total time [s]:    0.158

--------------------------------------------------------------------------------
                              INITIAL DATAPOINT 11                              
--------------------------------------------------------------------------------
| Data point added to dataset (x i y): 
  2.7851705335E+02  7.9078801412E+01  1.0000000000E+00       3.6488500000E+01

| Total ensemble size: 11
| Next sampling location (x_next, i_next):
  9.2958788569E+01 -2.1591108563E+01  1.0000000000E+00

Iteration time [s]:    0.001        Total time [s]:    0.162

--------------------------------------------------------------------------------
                              INITIAL DATAPOINT 12                              
--------------------------------------------------------------------------------
| Data point added to dataset (x i y): 
  9.2958788569E+01 -2.1591108563E+01  1.0000000000E+00       2.9465300000E+01

| Total ensemble size: 12
| Next sampling location (x_next, i_next):
  1.9481522161E+02  1.0268518650E+01  1.0000000000E+00

Iteration time [s]:    0.001        Total time [s]:    0.165

--------------------------------------------------------------------------------
                              INITIAL DATAPOINT 13                              
--------------------------------------------------------------------------------
| Data point added to dataset (x i y): 
  1.9481522161E+02  1.0268518650E+01  1.0000000000E+00       1.8328100000E+01

| Total ensemble size: 13
| Next sampling location (x_next, i_next):
 -3.0838241779E+01  1.6664963503E+02  1.0000000000E+00

Iteration time [s]:    0.001        Total time [s]:    0.167

--------------------------------------------------------------------------------
                              INITIAL DATAPOINT 14                              
--------------------------------------------------------------------------------
| Data point added to dataset (x i y): 
 -3.0838241779E+01  1.6664963503E+02  1.0000000000E+00       2.1337600000E+01

| Total ensemble size: 14
| Next sampling location (x_next, i_next):
  6.9116648356E+01  2.9628376933E+02  1.0000000000E+00

Iteration time [s]:    0.001        Total time [s]:    0.170

--------------------------------------------------------------------------------
                              INITIAL DATAPOINT 15                              
--------------------------------------------------------------------------------
| Data point added to dataset (x i y): 
  6.9116648356E+01  2.9628376933E+02  1.0000000000E+00       3.1496400000E+01

| Total ensemble size: 15
| Next sampling location (x_next, i_next):
 -1.8215890818E+01  2.4692476469E+02  1.0000000000E+00

Iteration time [s]:    0.001        Total time [s]:    0.174

--------------------------------------------------------------------------------
                              INITIAL DATAPOINT 16                              
--------------------------------------------------------------------------------
| Data point added to dataset (x i y): 
 -1.8215890818E+01  2.4692476469E+02  1.0000000000E+00       3.0492900000E+01

| Total ensemble size: 16
| Next sampling location (x_next, i_next):
  7.9673827281E+01  2.3354096500E+02  1.0000000000E+00

Iteration time [s]:    0.002        Total time [s]:    0.177

--------------------------------------------------------------------------------
                              INITIAL DATAPOINT 17                              
--------------------------------------------------------------------------------
| Data point added to dataset (x i y): 
  7.9673827281E+01  2.3354096500E+02  1.0000000000E+00       2.6575400000E+01

| Total ensemble size: 17
| Next sampling location (x_next, i_next):
  7.0385080636E+01  5.3976998302E+01  1.0000000000E+00

Iteration time [s]:    0.001        Total time [s]:    0.179

--------------------------------------------------------------------------------
                              INITIAL DATAPOINT 18                              
--------------------------------------------------------------------------------
| Data point added to dataset (x i y): 
  7.0385080636E+01  5.3976998302E+01  1.0000000000E+00       3.2246800000E+01

| Total ensemble size: 18
| Next sampling location (x_next, i_next):
  1.4719725520E+02  1.1685471716E+02  1.0000000000E+00

Iteration time [s]:    0.002        Total time [s]:    0.183

--------------------------------------------------------------------------------
                              INITIAL DATAPOINT 19                              
--------------------------------------------------------------------------------
| Data point added to dataset (x i y): 
  1.4719725520E+02  1.1685471716E+02  1.0000000000E+00       2.9504300000E+01

| Total ensemble size: 19
| Next sampling location (x_next, i_next):
  1.0130083405E+02  1.2308408503E+02  1.0000000000E+00

Iteration time [s]:    0.002        Total time [s]:    0.187

--------------------------------------------------------------------------------
                              INITIAL DATAPOINT 20                              
--------------------------------------------------------------------------------
| Data point added to dataset (x i y): 
  1.0130083405E+02  1.2308408503E+02  1.0000000000E+00       2.8719200000E+01

| Total ensemble size: 20
| Next sampling location (x_next, i_next):
 -3.4714372065E+01  1.1307328675E+02  1.0000000000E+00

Iteration time [s]:    0.001        Total time [s]:    0.189

--------------------------------------------------------------------------------
                              INITIAL DATAPOINT 21                              
--------------------------------------------------------------------------------
| Data point added to dataset (x i y): 
 -3.4714372065E+01  1.1307328675E+02  1.0000000000E+00       3.2767100000E+01

| Total ensemble size: 21
| Next sampling location (x_next, i_next):
  6.4335009549E+01 -2.6430069324E+01  1.0000000000E+00

Iteration time [s]:    0.002        Total time [s]:    0.193

--------------------------------------------------------------------------------
                              INITIAL DATAPOINT 22                              
--------------------------------------------------------------------------------
| Data point added to dataset (x i y): 
  6.4335009549E+01 -2.6430069324E+01  1.0000000000E+00       2.6538800000E+01

| Total ensemble size: 22
| Next sampling location (x_next, i_next):
  1.8116124164E+02  2.0201436066E+02  1.0000000000E+00

Iteration time [s]:    0.001        Total time [s]:    0.196

--------------------------------------------------------------------------------
                              INITIAL DATAPOINT 23                              
--------------------------------------------------------------------------------
| Data point added to dataset (x i y): 
  1.8116124164E+02  2.0201436066E+02  1.0000000000E+00       2.3516500000E+01

| Total ensemble size: 23
| Next sampling location (x_next, i_next):
  2.1203527433E+02  1.2611555002E+01  1.0000000000E+00

Iteration time [s]:    0.001        Total time [s]:    0.201

--------------------------------------------------------------------------------
                              INITIAL DATAPOINT 24                              
--------------------------------------------------------------------------------
| Data point added to dataset (x i y): 
  2.1203527433E+02  1.2611555002E+01  1.0000000000E+00       1.9424600000E+01

| Total ensemble size: 24
| Next sampling location (x_next, i_next):
  1.4565925000E+02  3.7663914658E+01  1.0000000000E+00

Iteration time [s]:    0.002        Total time [s]:    0.204

--------------------------------------------------------------------------------
                              INITIAL DATAPOINT 25                              
--------------------------------------------------------------------------------
| Data point added to dataset (x i y): 
  1.4565925000E+02  3.7663914658E+01  1.0000000000E+00       2.6656900000E+01

| Total ensemble size: 25
| Next sampling location (x_next, i_next):
 -5.0000000000E+01  3.5906837552E+01  1.0000000000E+00

Iteration time [s]:    0.001        Total time [s]:    0.208

--------------------------------------------------------------------------------
                              INITIAL DATAPOINT 26                              
--------------------------------------------------------------------------------
| Data point added to dataset (x i y): 
 -5.0000000000E+01  3.5906837552E+01  1.0000000000E+00       3.1018700000E+01

| Total ensemble size: 26
| Next sampling location (x_next, i_next):
  1.3944499090E+01  1.2813906050E+02  1.0000000000E+00

Iteration time [s]:    0.001        Total time [s]:    0.211

--------------------------------------------------------------------------------
                              INITIAL DATAPOINT 27                              
--------------------------------------------------------------------------------
| Data point added to dataset (x i y): 
  1.3944499090E+01  1.2813906050E+02  1.0000000000E+00       2.8234500000E+01

| Total ensemble size: 27
| Next sampling location (x_next, i_next):
  2.6952320659E+02  1.8678770040E+02  1.0000000000E+00

Iteration time [s]:    0.001        Total time [s]:    0.215

--------------------------------------------------------------------------------
                              INITIAL DATAPOINT 28                              
--------------------------------------------------------------------------------
| Data point added to dataset (x i y): 
  2.6952320659E+02  1.8678770040E+02  1.0000000000E+00       2.4583200000E+01

| Total ensemble size: 28
| Next sampling location (x_next, i_next):
  4.7418512578E+01  3.0820976727E+02  1.0000000000E+00

Iteration time [s]:    0.001        Total time [s]:    0.219

--------------------------------------------------------------------------------
                              INITIAL DATAPOINT 29                              
--------------------------------------------------------------------------------
| Data point added to dataset (x i y): 
  4.7418512578E+01  3.0820976727E+02  1.0000000000E+00       3.1390200000E+01

| Total ensemble size: 29
| Next sampling location (x_next, i_next):
  2.7059048315E+02  2.2030533548E+02  1.0000000000E+00

Iteration time [s]:    0.002        Total time [s]:    0.223

--------------------------------------------------------------------------------
                              INITIAL DATAPOINT 30                              
--------------------------------------------------------------------------------
| Data point added to dataset (x i y): 
  2.7059048315E+02  2.2030533548E+02  1.0000000000E+00       2.8877600000E+01

| Total ensemble size: 30
| Next sampling location (x_next, i_next):
  2.3865178663E+02  1.8492733809E+02  1.0000000000E+00

Iteration time [s]:    0.001        Total time [s]:    0.227

--------------------------------------------------------------------------------
                              INITIAL DATAPOINT 31                              
--------------------------------------------------------------------------------
| Data point added to dataset (x i y): 
  2.3865178663E+02  1.8492733809E+02  1.0000000000E+00       2.7043200000E+01

| Total ensemble size: 31
| Next sampling location (x_next, i_next):
  1.7091410409E+01  2.3524763551E+02  1.0000000000E+00

Iteration time [s]:    0.001        Total time [s]:    0.229

--------------------------------------------------------------------------------
                              INITIAL DATAPOINT 32                              
--------------------------------------------------------------------------------
| Data point added to dataset (x i y): 
  1.7091410409E+01  2.3524763551E+02  1.0000000000E+00       2.8390500000E+01

| Total ensemble size: 32
| Best acquisition, x_best i_best y_best:
 -1.7310458124E+01  7.2316102248E+01  0.0000000000E+00      -2.0298911508E+05
| Global minimum prediction, x_hat mu_hat +- nu_hat:
 -4.4746113352E+00  6.7713059379E+01  0.0000000000E+00      -2.0298913142E+05  5.4346103341E-03

| GP model hyperparameters (lengthscales W kappa):
  4.7659004008E-01  3.6216145892E-01  7.4026255959E-03  4.5195886965E+00  9.0165891458E-02  1.8197047093E+00
| Next sampling location (x_next, i_next):
  2.5822142334E+01  8.2152512479E+00  0.0000000000E+00

Iteration time [s]:    1.173        Total time [s]:    1.403

--------------------------------------------------------------------------------
                                 BO ITERATION 1                                 
--------------------------------------------------------------------------------
| Evaluating objective function at 2.582E+01 8.215E+00 0.000E+00
| Objective function evaluated, time [s]       33.645
| Data point added to dataset (x i y): 
  2.5822142334E+01  8.2152512479E+00  0.0000000000E+00      -2.0299898615E+05

| Total ensemble size: 33
| Best acquisition, x_best i_best y_best:
  2.5822142334E+01  8.2152512479E+00  0.0000000000E+00      -2.0299898615E+05
| Global minimum prediction, x_hat mu_hat +- nu_hat:
  2.2085919024E+01  4.5583253363E+00  0.0000000000E+00      -2.0299907927E+05  5.6252797889E-02
| Global minimum convergence, d_xhat d_muhat:
  6.8512642665E+01  5.4777742120E-01

| GP model hyperparameters (lengthscales W kappa):
  5.3639828644E-01  3.5526163217E-01 -3.0978441530E+00 -5.2218682652E+00  5.5986174861E-13  3.8170036037E-07
| Next sampling location (x_next, i_next):
  2.1519252683E+02 -3.6772917428E+01  0.0000000000E+00

Iteration time [s]:   35.103        Total time [s]:   36.506

--------------------------------------------------------------------------------
                                 BO ITERATION 2                                 
--------------------------------------------------------------------------------
| Evaluating objective function at 2.152E+02 -3.677E+01 0.000E+00
| Objective function evaluated, time [s]       23.604
| Data point added to dataset (x i y): 
  2.1519252683E+02 -3.6772917428E+01  0.0000000000E+00      -2.0300039289E+05

| Total ensemble size: 34
| Best acquisition, x_best i_best y_best:
  2.1519252683E+02 -3.6772917428E+01  0.0000000000E+00      -2.0300039289E+05
| Global minimum prediction, x_hat mu_hat +- nu_hat:
  1.9876268931E+02 -3.6306411925E+00  0.0000000000E+00      -2.0300231476E+05  2.7001108063E-01
| Global minimum convergence, d_xhat d_muhat:
  1.7686644773E+02  1.7816157563E-01

| GP model hyperparameters (lengthscales W kappa):
  5.2690509495E-01  3.9708505876E-01 -3.8687669234E+00 -5.0488715825E+00  5.5986174861E-13  3.8170007313E-07
| Next sampling location (x_next, i_next):
  1.7427067098E+02  2.7307152062E+02  0.0000000000E+00

Iteration time [s]:   24.777        Total time [s]:   61.284

--------------------------------------------------------------------------------
                                 BO ITERATION 3                                 
--------------------------------------------------------------------------------
| Evaluating objective function at 1.743E+02 2.731E+02 0.000E+00
| Objective function evaluated, time [s]       23.192
| Data point added to dataset (x i y): 
  1.7427067098E+02  2.7307152062E+02  0.0000000000E+00      -2.0298847547E+05

| Total ensemble size: 35
| Best acquisition, x_best i_best y_best:
  2.1519252683E+02 -3.6772917428E+01  0.0000000000E+00      -2.0300039289E+05
| Global minimum prediction, x_hat mu_hat +- nu_hat:
  2.0641412085E+02 -1.2342219966E+01  0.0000000000E+00      -2.0300216450E+05  8.1986189741E-01
| Global minimum convergence, d_xhat d_muhat:
  1.1594654340E+01  8.2736997217E-03

| GP model hyperparameters (lengthscales W kappa):
  4.8712263120E-01  3.4725999679E-01 -3.9233031861E+00 -4.9644146081E+00  5.5986174861E-13  3.8170002692E-07
| Next sampling location (x_next, i_next):
  2.7719225608E+02 -2.6082238406E+01  0.0000000000E+00

Iteration time [s]:   24.710        Total time [s]:   85.994

--------------------------------------------------------------------------------
                                 BO ITERATION 4                                 
--------------------------------------------------------------------------------
| Evaluating objective function at 2.772E+02 -2.608E+01 0.000E+00
| Objective function evaluated, time [s]       23.190
| Data point added to dataset (x i y): 
  2.7719225608E+02 -2.6082238406E+01  0.0000000000E+00      -2.0300819557E+05

| Total ensemble size: 36
| Best acquisition, x_best i_best y_best:
  2.7719225608E+02 -2.6082238406E+01  0.0000000000E+00      -2.0300819557E+05
| Global minimum prediction, x_hat mu_hat +- nu_hat:
  2.7726896886E+02 -2.1134522844E+01  0.0000000000E+00      -2.0300838495E+05  3.1546541666E-01
| Global minimum convergence, d_xhat d_muhat:
  7.1398277833E+01  2.9944349492E-01

| GP model hyperparameters (lengthscales W kappa):
  4.9651132302E-01  3.1667703908E-01 -5.2259548904E+00 -4.8681847145E+00  5.5986174861E-13  3.8169986729E-07
| Next sampling location (x_next, i_next):
  5.5206814057E+01  1.8044885601E+02  0.0000000000E+00

Iteration time [s]:   25.100        Total time [s]:  111.095

--------------------------------------------------------------------------------
                                 BO ITERATION 5                                 
--------------------------------------------------------------------------------
| Evaluating objective function at 5.521E+01 1.804E+02 0.000E+00
| Objective function evaluated, time [s]       23.013
| Data point added to dataset (x i y): 
  5.5206814057E+01  1.8044885601E+02  0.0000000000E+00      -2.0300961994E+05

| Total ensemble size: 37
| Best acquisition, x_best i_best y_best:
  5.5206814057E+01  1.8044885601E+02  0.0000000000E+00      -2.0300961994E+05
| Global minimum prediction, x_hat mu_hat +- nu_hat:
  1.9550425894E+02  5.2989887220E+00  0.0000000000E+00      -2.0301099346E+05  4.8459952982E-01
| Global minimum convergence, d_xhat d_muhat:
  8.5931358204E+01  1.2336571656E-01

| GP model hyperparameters (lengthscales W kappa):
  5.5822015190E-01  2.4752718190E-01 -5.9454750592E+00 -4.5184152872E+00  5.5986174861E-13  3.8169921872E-07
| Next sampling location (x_next, i_next):
  1.0208304042E+02  1.9884009065E+02  0.0000000000E+00

Iteration time [s]:   25.048        Total time [s]:  136.144

--------------------------------------------------------------------------------
                                 BO ITERATION 6                                 
--------------------------------------------------------------------------------
| Evaluating objective function at 1.021E+02 1.988E+02 0.000E+00
| Objective function evaluated, time [s]       23.043
| Data point added to dataset (x i y): 
  1.0208304042E+02  1.9884009065E+02  0.0000000000E+00      -2.0300629124E+05

| Total ensemble size: 38
| Best acquisition, x_best i_best y_best:
  5.5206814057E+01  1.8044885601E+02  0.0000000000E+00      -2.0300961994E+05
| Global minimum prediction, x_hat mu_hat +- nu_hat:
  1.9250882634E+02  1.0356422968E+01  0.0000000000E+00      -2.0301074293E+05  1.8363806611E-03
| Global minimum convergence, d_xhat d_muhat:
  5.8779467159E+00  1.1848328169E-02

| GP model hyperparameters (lengthscales W kappa):
  5.3508577827E-01  4.9683901114E-01 -7.8875470247E+00 -6.5356583865E+00  2.8884232936E-07  2.3339723381E-29
| Next sampling location (x_next, i_next):
 -4.7022720946E+01 -2.3839816778E+01  0.0000000000E+00

Iteration time [s]:   24.378        Total time [s]:  160.523

--------------------------------------------------------------------------------
                                 BO ITERATION 7                                 
--------------------------------------------------------------------------------
| Evaluating objective function at -4.702E+01 -2.384E+01 0.000E+00
| Objective function evaluated, time [s]       24.193
| Data point added to dataset (x i y): 
 -4.7022720946E+01 -2.3839816778E+01  0.0000000000E+00      -2.0300362507E+05

| Total ensemble size: 39
| Best acquisition, x_best i_best y_best:
  5.5206814057E+01  1.8044885601E+02  0.0000000000E+00      -2.0300961994E+05
| Global minimum prediction, x_hat mu_hat +- nu_hat:
  1.9230177813E+02  1.0406256701E+01  0.0000000000E+00      -2.0301112099E+05  1.5127869102E-03
| Global minimum convergence, d_xhat d_muhat:
  2.1296093859E-01  1.7879723818E-02

| GP model hyperparameters (lengthscales W kappa):
  5.6283424249E-01  5.5062734175E-01 -8.7291802971E+00 -7.3375287395E+00  2.8884176561E-07  2.3339723381E-29
| Next sampling location (x_next, i_next):
  1.2840820184E+01  1.8462686498E+02  0.0000000000E+00

Iteration time [s]:   25.451        Total time [s]:  185.974

--------------------------------------------------------------------------------
                                 BO ITERATION 8                                 
--------------------------------------------------------------------------------
| Evaluating objective function at 1.284E+01 1.846E+02 0.000E+00
| Objective function evaluated, time [s]       22.993
| Data point added to dataset (x i y): 
  1.2840820184E+01  1.8462686498E+02  0.0000000000E+00      -2.0300802985E+05

| Total ensemble size: 40
| Best acquisition, x_best i_best y_best:
  5.5206814057E+01  1.8044885601E+02  0.0000000000E+00      -2.0300961994E+05
| Global minimum prediction, x_hat mu_hat +- nu_hat:
  1.9240919771E+02  1.0643659244E+01  0.0000000000E+00      -2.0301204514E+05  1.4863822640E-03
| Global minimum convergence, d_xhat d_muhat:
  2.6057423598E-01  4.2761677912E-02

| GP model hyperparameters (lengthscales W kappa):
  5.6462539739E-01  5.5873537914E-01 -9.0681400254E+00 -7.5910572424E+00  2.8884146489E-07  2.3339723381E-29
| Next sampling location (x_next, i_next):
  3.1000000000E+02  1.9508905957E+02  0.0000000000E+00

Iteration time [s]:   24.449        Total time [s]:  210.423

--------------------------------------------------------------------------------
                                 BO ITERATION 9                                 
--------------------------------------------------------------------------------
| Evaluating objective function at 3.100E+02 1.951E+02 0.000E+00
| Objective function evaluated, time [s]       22.971
| Data point added to dataset (x i y): 
  3.1000000000E+02  1.9508905957E+02  0.0000000000E+00      -2.0300724445E+05

| Total ensemble size: 41
| Best acquisition, x_best i_best y_best:
  5.5206814057E+01  1.8044885601E+02  0.0000000000E+00      -2.0300961994E+05
| Global minimum prediction, x_hat mu_hat +- nu_hat:
  1.9238812132E+02  1.0593490893E+01  0.0000000000E+00      -2.0301142979E+05  1.1778340661E+00
| Global minimum convergence, d_xhat d_muhat:
  5.4415785457E-02  2.7646161538E-02

| GP model hyperparameters (lengthscales W kappa):
  5.7012612837E-01  5.6694087497E-01 -8.9935424480E+00 -7.8138546419E+00  6.9477396960E-01  4.7584559658E-01
| Next sampling location (x_next, i_next):
  1.9077255960E+02  1.4695732484E+01  0.0000000000E+00

Iteration time [s]:   24.132        Total time [s]:  234.556

--------------------------------------------------------------------------------
                                BO ITERATION 10                                 
--------------------------------------------------------------------------------
| Evaluating objective function at 1.908E+02 1.470E+01 0.000E+00
| Objective function evaluated, time [s]       23.085
| Data point added to dataset (x i y): 
  1.9077255960E+02  1.4695732484E+01  0.0000000000E+00      -2.0300921238E+05

| Total ensemble size: 42
| Best acquisition, x_best i_best y_best:
  5.5206814057E+01  1.8044885601E+02  0.0000000000E+00      -2.0300961994E+05
| Global minimum prediction, x_hat mu_hat +- nu_hat:
  5.6711028298E+01  1.7850378897E+02  0.0000000000E+00      -2.0300963505E+05  8.7562453743E-03
| Global minimum convergence, d_xhat d_muhat:
  2.1587529217E+02  7.8166121741E-02

| GP model hyperparameters (lengthscales W kappa):
  5.9518898293E-01  6.0989003186E-01  9.4344086938E+00  8.6747979437E+00  1.7157984850E+00  1.2980568717E+00
| Next sampling location (x_next, i_next):
  1.6536433218E+02  1.7752839762E+02  0.0000000000E+00

Iteration time [s]:   24.257        Total time [s]:  258.815

--------------------------------------------------------------------------------
                                BO ITERATION 11                                 
--------------------------------------------------------------------------------
| Evaluating objective function at 1.654E+02 1.775E+02 0.000E+00
| Objective function evaluated, time [s]       22.086
| Data point added to dataset (x i y): 
  1.6536433218E+02  1.7752839762E+02  0.0000000000E+00      -2.0300795664E+05

| Total ensemble size: 43
| Best acquisition, x_best i_best y_best:
  5.5206814057E+01  1.8044885601E+02  0.0000000000E+00      -2.0300961994E+05
| Global minimum prediction, x_hat mu_hat +- nu_hat:
  5.6515486286E+01  1.7864150347E+02  0.0000000000E+00      -2.0300963256E+05  6.8429831088E-03
| Global minimum convergence, d_xhat d_muhat:
  2.3916931971E-01  1.0618627830E-04

| GP model hyperparameters (lengthscales W kappa):
  6.1136403757E-01  6.3672654715E-01  1.0070992884E+01  9.2283639929E+00  9.1845252500E-01  2.3115700989E+00
| Next sampling location (x_next, i_next):
  2.6637621866E+02 -9.7943041835E-01  0.0000000000E+00

Iteration time [s]:   23.460        Total time [s]:  282.275

--------------------------------------------------------------------------------
                                BO ITERATION 12                                 
--------------------------------------------------------------------------------
| Evaluating objective function at 2.664E+02 -9.794E-01 0.000E+00
| Objective function evaluated, time [s]       23.109
| Data point added to dataset (x i y): 
  2.6637621866E+02 -9.7943041835E-01  0.0000000000E+00      -2.0301125209E+05

| Total ensemble size: 44
| Best acquisition, x_best i_best y_best:
  2.6637621866E+02 -9.7943041835E-01  0.0000000000E+00      -2.0301125209E+05
| Global minimum prediction, x_hat mu_hat +- nu_hat:
  2.6695446589E+02 -3.3321791700E+00  0.0000000000E+00      -2.0301128828E+05  4.7738634936E-03
| Global minimum convergence, d_xhat d_muhat:
  2.7820673125E+02  6.8643076740E-02

| GP model hyperparameters (lengthscales W kappa):
  5.8472370299E-01  5.8727857651E-01  9.6103100755E+00  7.8550056357E+00  2.0156122229E+00  4.8700677041E+00
| Next sampling location (x_next, i_next):
  6.2192020955E+01  1.5176936931E+02  0.0000000000E+00

Iteration time [s]:   24.785        Total time [s]:  307.060

--------------------------------------------------------------------------------
                                BO ITERATION 13                                 
--------------------------------------------------------------------------------
| Evaluating objective function at 6.219E+01 1.518E+02 0.000E+00
| Objective function evaluated, time [s]       23.082
| Data point added to dataset (x i y): 
  6.2192020955E+01  1.5176936931E+02  0.0000000000E+00      -2.0300555484E+05

| Total ensemble size: 45
| Best acquisition, x_best i_best y_best:
  2.6637621866E+02 -9.7943041835E-01  0.0000000000E+00      -2.0301125209E+05
| Global minimum prediction, x_hat mu_hat +- nu_hat:
  2.6686637920E+02 -2.8715934013E+00  0.0000000000E+00      -2.0301127471E+05  2.9242104149E-03
| Global minimum convergence, d_xhat d_muhat:
  4.6893338201E-01  5.5792044623E-04

| GP model hyperparameters (lengthscales W kappa):
  5.9330505061E-01  6.1222136532E-01  1.0141342235E+01  8.1489097677E+00  2.4261598280E+00  5.6450050610E+00
| Next sampling location (x_next, i_next):
  2.4033376110E+02 -1.3911206564E+00  0.0000000000E+00

Iteration time [s]:   24.596        Total time [s]:  331.657

--------------------------------------------------------------------------------
                                BO ITERATION 14                                 
--------------------------------------------------------------------------------
| Evaluating objective function at 2.403E+02 -1.391E+00 0.000E+00
| Objective function evaluated, time [s]       23.169
| Data point added to dataset (x i y): 
  2.4033376110E+02 -1.3911206564E+00  0.0000000000E+00      -2.0301234719E+05

| Total ensemble size: 46
| Best acquisition, x_best i_best y_best:
  2.4033376110E+02 -1.3911206564E+00  0.0000000000E+00      -2.0301234719E+05
| Global minimum prediction, x_hat mu_hat +- nu_hat:
  2.4093134610E+02 -3.8541939860E-01  0.0000000000E+00      -2.0301235747E+05  2.9272854019E-03
| Global minimum convergence, d_xhat d_muhat:
  2.6053924900E+01  4.3468478595E-02

| GP model hyperparameters (lengthscales W kappa):
  5.4200048450E-01  4.8220076259E-01  8.1410665389E+00  5.3526272048E+00  4.3167588832E+00  1.0437454753E+01
| Next sampling location (x_next, i_next):
  5.2543128736E+01  2.3135048205E+02  0.0000000000E+00

Iteration time [s]:   24.805        Total time [s]:  356.462

--------------------------------------------------------------------------------
                                BO ITERATION 15                                 
--------------------------------------------------------------------------------
| Evaluating objective function at 5.254E+01 2.314E+02 0.000E+00
| Objective function evaluated, time [s]       23.168
| Data point added to dataset (x i y): 
  5.2543128736E+01  2.3135048205E+02  0.0000000000E+00      -2.0299828050E+05

| Total ensemble size: 47
| Best acquisition, x_best i_best y_best:
  2.4033376110E+02 -1.3911206564E+00  0.0000000000E+00      -2.0301234719E+05
| Global minimum prediction, x_hat mu_hat +- nu_hat:
  2.4037007716E+02 -4.0912933654E-01  0.0000000000E+00      -2.0301235489E+05  2.7312342988E-03
| Global minimum convergence, d_xhat d_muhat:
  5.6176951540E-01  1.0495893758E-04

| GP model hyperparameters (lengthscales W kappa):
  5.5117709533E-01  4.8382163319E-01  8.4997238261E+00  5.4234676747E+00  4.7483287216E+00  1.0260973709E+01
| Next sampling location (x_next, i_next):
  3.1000000000E+02  1.6119478463E+02  0.0000000000E+00

Iteration time [s]:   24.962        Total time [s]:  381.425

--------------------------------------------------------------------------------
                                BO ITERATION 16                                 
--------------------------------------------------------------------------------
| Evaluating objective function at 3.100E+02 1.612E+02 0.000E+00
| Objective function evaluated, time [s]       23.084
| Data point added to dataset (x i y): 
  3.1000000000E+02  1.6119478463E+02  0.0000000000E+00      -2.0300681522E+05

| Total ensemble size: 48
| Best acquisition, x_best i_best y_best:
  2.4033376110E+02 -1.3911206564E+00  0.0000000000E+00      -2.0301234719E+05
| Global minimum prediction, x_hat mu_hat +- nu_hat:
  2.4040340057E+02 -3.6072437424E-01  0.0000000000E+00      -2.0301235576E+05  2.6574580833E-03
| Global minimum convergence, d_xhat d_muhat:
  5.8766402052E-02  3.4947587080E-05

| GP model hyperparameters (lengthscales W kappa):
  5.5700903376E-01  5.0701728125E-01 -9.0121896353E+00 -5.7525400481E+00  2.8725714149E+00  1.0414752502E+01
| Next sampling location (x_next, i_next):
  2.3007005142E+02  1.7741795825E+01  0.0000000000E+00

Iteration time [s]:   24.796        Total time [s]:  406.222

--------------------------------------------------------------------------------
                                BO ITERATION 17                                 
--------------------------------------------------------------------------------
| Evaluating objective function at 2.301E+02 1.774E+01 0.000E+00
| Objective function evaluated, time [s]       23.155
| Data point added to dataset (x i y): 
  2.3007005142E+02  1.7741795825E+01  0.0000000000E+00      -2.0301027141E+05

| Total ensemble size: 49
| Best acquisition, x_best i_best y_best:
  2.4033376110E+02 -1.3911206564E+00  0.0000000000E+00      -2.0301234719E+05
| Global minimum prediction, x_hat mu_hat +- nu_hat:
  2.4036982864E+02 -2.3188866652E-01  0.0000000000E+00      -2.0301235781E+05  3.5131073834E-04
| Global minimum convergence, d_xhat d_muhat:
  1.3313794985E-01  8.1554558456E-05

| GP model hyperparameters (lengthscales W kappa):
  5.6843863743E-01  5.3704884794E-01 -9.5204148582E+00 -6.2030430449E+00  2.9964047725E+00  1.0716192390E+01
| Next sampling location (x_next, i_next):
  2.6347115747E+02  1.7923739872E+02  0.0000000000E+00

Iteration time [s]:   24.740        Total time [s]:  430.963

--------------------------------------------------------------------------------
                                BO ITERATION 18                                 
--------------------------------------------------------------------------------
| Evaluating objective function at 2.635E+02 1.792E+02 0.000E+00
| Objective function evaluated, time [s]       22.863
| Data point added to dataset (x i y): 
  2.6347115747E+02  1.7923739872E+02  0.0000000000E+00      -2.0300734395E+05

| Total ensemble size: 50
| Best acquisition, x_best i_best y_best:
  2.4033376110E+02 -1.3911206564E+00  0.0000000000E+00      -2.0301234719E+05
| Global minimum prediction, x_hat mu_hat +- nu_hat:
  2.4039466028E+02 -1.9999753964E-01  0.0000000000E+00      -2.0301235851E+05  4.0130334638E-04
| Global minimum convergence, d_xhat d_muhat:
  4.0418489888E-02  2.7735707225E-05

| GP model hyperparameters (lengthscales W kappa):
  5.6306185843E-01  5.2342006639E-01  9.2836990635E+00  5.8284454536E+00  6.1370273395E-01  1.2760897047E+01
| Next sampling location (x_next, i_next):
  2.0052856483E+02  1.9237207504E+02  0.0000000000E+00

Iteration time [s]:   24.448        Total time [s]:  455.412

--------------------------------------------------------------------------------
                                BO ITERATION 19                                 
--------------------------------------------------------------------------------
| Evaluating objective function at 2.005E+02 1.924E+02 0.000E+00
| Objective function evaluated, time [s]       22.617
| Data point added to dataset (x i y): 
  2.0052856483E+02  1.9237207504E+02  0.0000000000E+00      -2.0300674234E+05

| Total ensemble size: 51
| Best acquisition, x_best i_best y_best:
  2.4033376110E+02 -1.3911206564E+00  0.0000000000E+00      -2.0301234719E+05
| Global minimum prediction, x_hat mu_hat +- nu_hat:
  2.3982104306E+02 -1.4442658841E-01  0.0000000000E+00      -2.0301235781E+05  3.9213514606E-04
| Global minimum convergence, d_xhat d_muhat:
  5.7630274477E-01  2.7699955128E-05

| GP model hyperparameters (lengthscales W kappa):
  5.7222101829E-01  5.2469576980E-01  9.2386004469E+00  5.9668120883E+00  6.6307025866E-01  1.3323137820E+01
| Next sampling location (x_next, i_next):
  2.1702809700E+02  1.9530699155E+00  0.0000000000E+00

Iteration time [s]:   24.289        Total time [s]:  479.703

--------------------------------------------------------------------------------
                                BO ITERATION 20                                 
--------------------------------------------------------------------------------
| Evaluating objective function at 2.170E+02 1.953E+00 0.000E+00
| Objective function evaluated, time [s]       24.190
| Data point added to dataset (x i y): 
  2.1702809700E+02  1.9530699155E+00  0.0000000000E+00      -2.0301177494E+05

| Total ensemble size: 52
| Best acquisition, x_best i_best y_best:
  2.4033376110E+02 -1.3911206564E+00  0.0000000000E+00      -2.0301234719E+05
| Global minimum prediction, x_hat mu_hat +- nu_hat:
  2.3932433297E+02 -6.9411237757E-02  0.0000000000E+00      -2.0301235829E+05  3.0048603953E-04
| Global minimum convergence, d_xhat d_muhat:
  5.0234272492E-01  1.8583702662E-05

| GP model hyperparameters (lengthscales W kappa):
  5.8874626307E-01  5.3878032279E-01 -8.6262305265E+00 -6.9151539918E+00  1.7065346243E+01  5.5470722496E+00
| Next sampling location (x_next, i_next):
  2.4328949482E+02  2.8044970946E+00  0.0000000000E+00

Iteration time [s]:   26.067        Total time [s]:  505.770

--------------------------------------------------------------------------------
                                BO ITERATION 21                                 
--------------------------------------------------------------------------------
| Evaluating objective function at 2.433E+02 2.804E+00 0.000E+00
| Objective function evaluated, time [s]       23.148
| Data point added to dataset (x i y): 
  2.4328949482E+02  2.8044970946E+00  0.0000000000E+00      -2.0301223487E+05

| Total ensemble size: 53
| Best acquisition, x_best i_best y_best:
  2.4033376110E+02 -1.3911206564E+00  0.0000000000E+00      -2.0301234719E+05
| Global minimum prediction, x_hat mu_hat +- nu_hat:
  2.3934326298E+02 -8.0442705067E-02  0.0000000000E+00      -2.0301235809E+05  6.5051159288E-05
| Global minimum convergence, d_xhat d_muhat:
  2.1909780992E-02  7.6108960409E-06

| GP model hyperparameters (lengthscales W kappa):
  6.0167448652E-01  5.6365192942E-01 -9.1339941678E+00 -7.3379938472E+00  1.7307617669E+01  5.9020796478E+00
| Next sampling location (x_next, i_next):
  9.4312823425E+01  1.7171146817E+02  0.0000000000E+00

Iteration time [s]:   24.790        Total time [s]:  530.560

--------------------------------------------------------------------------------
                                BO ITERATION 22                                 
--------------------------------------------------------------------------------
| Evaluating objective function at 9.431E+01 1.717E+02 0.000E+00
| Objective function evaluated, time [s]       23.011
| Data point added to dataset (x i y): 
  9.4312823425E+01  1.7171146817E+02  0.0000000000E+00      -2.0300841904E+05

| Total ensemble size: 54
| Best acquisition, x_best i_best y_best:
  2.4033376110E+02 -1.3911206564E+00  0.0000000000E+00      -2.0301234719E+05
| Global minimum prediction, x_hat mu_hat +- nu_hat:
  2.3934416804E+02 -7.4986534597E-02  0.0000000000E+00      -2.0301235819E+05  6.3515991462E-05
| Global minimum convergence, d_xhat d_muhat:
  5.5307254316E-03  3.7457148122E-06

| GP model hyperparameters (lengthscales W kappa):
  6.0379192763E-01  5.6648339101E-01  9.6728354046E+00  7.0202704990E+00  7.6223068229E+00  1.1438693391E+01
| Next sampling location (x_next, i_next):
  2.3424885169E+02  1.5858906338E+00  0.0000000000E+00

Iteration time [s]:   24.786        Total time [s]:  555.347

--------------------------------------------------------------------------------
                                BO ITERATION 23                                 
--------------------------------------------------------------------------------
| Evaluating objective function at 2.342E+02 1.586E+00 0.000E+00
| Objective function evaluated, time [s]       23.104
| Data point added to dataset (x i y): 
  2.3424885169E+02  1.5858906338E+00  0.0000000000E+00      -2.0301236425E+05

| Total ensemble size: 55
| Best acquisition, x_best i_best y_best:
  2.3424885169E+02  1.5858906338E+00  0.0000000000E+00      -2.0301236425E+05
| Global minimum prediction, x_hat mu_hat +- nu_hat:
  2.3709205843E+02  6.2381137913E-01  0.0000000000E+00      -2.0301237585E+05  1.7812004582E-06
| Global minimum convergence, d_xhat d_muhat:
  2.3580322713E+00  6.6310920572E-04

| GP model hyperparameters (lengthscales W kappa):
  5.9662329550E-01  5.5158161646E-01  9.2377819501E+00  6.6193009991E+00  8.2105471959E+00  1.2595732485E+01
| Next sampling location (x_next, i_next):
  2.3633280063E+02  1.5054085908E-01  0.0000000000E+00

Iteration time [s]:   24.960        Total time [s]:  580.308

--------------------------------------------------------------------------------
                                BO ITERATION 24                                 
--------------------------------------------------------------------------------
| Evaluating objective function at 2.363E+02 1.505E-01 0.000E+00
| Objective function evaluated, time [s]       23.202
| Data point added to dataset (x i y): 
  2.3633280063E+02  1.5054085908E-01  0.0000000000E+00      -2.0301236608E+05

| Total ensemble size: 56
| Best acquisition, x_best i_best y_best:
  2.3633280063E+02  1.5054085908E-01  0.0000000000E+00      -2.0301236608E+05
| Global minimum prediction, x_hat mu_hat +- nu_hat:
  2.3738682109E+02  7.9072068306E-01  0.0000000000E+00      -2.0301237436E+05  1.1599270716E-06
| Global minimum convergence, d_xhat d_muhat:
  3.3873845605E-01  5.5436620983E-05

| GP model hyperparameters (lengthscales W kappa):
  6.1013456256E-01  4.9398888371E-01  8.3219505781E+00  5.6663350618E+00  9.6207632282E+00  1.5643151339E+01
| Next sampling location (x_next, i_next):
  2.0168941160E+02  1.5752454543E+02  0.0000000000E+00

Iteration time [s]:   25.014        Total time [s]:  605.326

--------------------------------------------------------------------------------
                                BO ITERATION 25                                 
--------------------------------------------------------------------------------
| Evaluating objective function at 2.017E+02 1.575E+02 0.000E+00
| Objective function evaluated, time [s]       22.815
| Data point added to dataset (x i y): 
  2.0168941160E+02  1.5752454543E+02  0.0000000000E+00      -2.0300483722E+05

| Total ensemble size: 57
| Best acquisition, x_best i_best y_best:
  2.3633280063E+02  1.5054085908E-01  0.0000000000E+00      -2.0301236608E+05
| Global minimum prediction, x_hat mu_hat +- nu_hat:
  2.3738404586E+02  7.9067038996E-01  0.0000000000E+00      -2.0301237434E+05  1.0993071323E-06
| Global minimum convergence, d_xhat d_muhat:
  2.7756905862E-03  7.6626954255E-07

| GP model hyperparameters (lengthscales W kappa):
  6.1423560402E-01  5.0127317653E-01 -8.4401808301E+00 -5.8941260022E+00  9.3925332574E+00  1.4974607985E+01
| Next sampling location (x_next, i_next):
  6.8356477678E+01 -2.2104831825E+01  0.0000000000E+00

Iteration time [s]:   24.788        Total time [s]:  630.116

--------------------------------------------------------------------------------
                                BO ITERATION 26                                 
--------------------------------------------------------------------------------
| Evaluating objective function at 6.836E+01 -2.210E+01 0.000E+00
| Objective function evaluated, time [s]       23.701
| Data point added to dataset (x i y): 
  6.8356477678E+01 -2.2104831825E+01  0.0000000000E+00      -2.0300206197E+05

| Total ensemble size: 58
| Best acquisition, x_best i_best y_best:
  2.3633280063E+02  1.5054085908E-01  0.0000000000E+00      -2.0301236608E+05
| Global minimum prediction, x_hat mu_hat +- nu_hat:
  2.3738802208E+02  7.9101554587E-01  0.0000000000E+00      -2.0301237438E+05  1.3479259361E-06
| Global minimum convergence, d_xhat d_muhat:
  3.9911749130E-03  1.4646123428E-06

| GP model hyperparameters (lengthscales W kappa):
  5.8320857611E-01  4.8902356129E-01  7.6525873209E+00  5.9151227035E+00  1.5010851106E+01  9.6036966210E+00
| Next sampling location (x_next, i_next):
  2.3933444337E+01  1.6646663899E+02  0.0000000000E+00

Iteration time [s]:   25.627        Total time [s]:  655.743

--------------------------------------------------------------------------------
                                BO ITERATION 27                                 
--------------------------------------------------------------------------------
| Evaluating objective function at 2.393E+01 1.665E+02 0.000E+00
| Objective function evaluated, time [s]       23.133
| Data point added to dataset (x i y): 
  2.3933444337E+01  1.6646663899E+02  0.0000000000E+00      -2.0300747741E+05

| Total ensemble size: 59
| Best acquisition, x_best i_best y_best:
  2.3633280063E+02  1.5054085908E-01  0.0000000000E+00      -2.0301236608E+05
| Global minimum prediction, x_hat mu_hat +- nu_hat:
  2.3738441985E+02  7.9092140215E-01  0.0000000000E+00      -2.0301237435E+05  1.2703217375E-06
| Global minimum convergence, d_xhat d_muhat:
  3.6034546892E-03  1.0788579196E-06

| GP model hyperparameters (lengthscales W kappa):
  5.8830299708E-01  4.9911761172E-01  7.8312308510E+00  6.1050187266E+00  1.4945195682E+01  9.4924973850E+00
| Next sampling location (x_next, i_next):
  2.3778322330E+02  8.5056329302E-01  0.0000000000E+00

Iteration time [s]:   25.322        Total time [s]:  681.065

--------------------------------------------------------------------------------
                                BO ITERATION 28                                 
--------------------------------------------------------------------------------
| Evaluating objective function at 2.378E+02 8.506E-01 0.000E+00
| Objective function evaluated, time [s]       23.175
| Acquisition location too confident, doing pure exploration
| Data point added to dataset (x i y): 
  2.3778322330E+02  8.5056329302E-01  0.0000000000E+00      -2.0301237298E+05

| Total ensemble size: 60
| Best acquisition, x_best i_best y_best:
  2.3778322330E+02  8.5056329302E-01  0.0000000000E+00      -2.0301237298E+05
| Global minimum prediction, x_hat mu_hat +- nu_hat:
  2.3729686184E+02  7.7942585649E-01  0.0000000000E+00      -2.0301237354E+05  7.3234128982E-09
| Global minimum convergence, d_xhat d_muhat:
  8.8309420100E-02  3.0091898095E-05

| GP model hyperparameters (lengthscales W kappa):
  5.9470926788E-01  5.0919924505E-01  8.1595212615E+00  6.2534130816E+00  1.3800117966E+01  1.0517575600E+01
| Next sampling location (x_next, i_next):
  9.7701236015E+01  6.2952059899E+01  0.0000000000E+00

Iteration time [s]:   25.835        Total time [s]:  706.902

--------------------------------------------------------------------------------
                                BO ITERATION 29                                 
--------------------------------------------------------------------------------
| Evaluating objective function at 9.770E+01 6.295E+01 0.000E+00
| Objective function evaluated, time [s]       24.072
| Acquisition location too confident, doing pure exploration
| Data point added to dataset (x i y): 
  9.7701236015E+01  6.2952059899E+01  0.0000000000E+00      -2.0298947547E+05

| Total ensemble size: 61
| Best acquisition, x_best i_best y_best:
  2.3778322330E+02  8.5056329302E-01  0.0000000000E+00      -2.0301237298E+05
| Global minimum prediction, x_hat mu_hat +- nu_hat:
  2.3729295783E+02  7.8108008770E-01  0.0000000000E+00      -2.0301237354E+05  7.2941527484E-09
| Global minimum convergence, d_xhat d_muhat:
  4.2400150163E-03  1.1240585818E-07

| GP model hyperparameters (lengthscales W kappa):
  5.9358864125E-01  5.1607648197E-01  8.3517688926E+00  6.4495837627E+00  1.2875381077E+01  8.9600035085E+00
| Next sampling location (x_next, i_next):
  2.5551301553E+02  2.6120998799E+02  0.0000000000E+00

Iteration time [s]:   26.745        Total time [s]:  733.647

--------------------------------------------------------------------------------
                                BO ITERATION 30                                 
--------------------------------------------------------------------------------
| Evaluating objective function at 2.555E+02 2.612E+02 0.000E+00
| Objective function evaluated, time [s]       23.070
| Acquisition location too confident, doing pure exploration
| Data point added to dataset (x i y): 
  2.5551301553E+02  2.6120998799E+02  0.0000000000E+00      -2.0298956847E+05

| Total ensemble size: 62
| Best acquisition, x_best i_best y_best:
  2.3778322330E+02  8.5056329302E-01  0.0000000000E+00      -2.0301237298E+05
| Global minimum prediction, x_hat mu_hat +- nu_hat:
  2.3728468800E+02  7.8622341857E-01  0.0000000000E+00      -2.0301237354E+05  7.3797589372E-09
| Global minimum convergence, d_xhat d_muhat:
  9.7387883115E-03  3.9934130584E-08

| GP model hyperparameters (lengthscales W kappa):
  5.9469310302E-01  4.8598703158E-01  8.4441774355E+00  5.5660068678E+00  4.0632151169E+00  1.3696726396E+01
| Next sampling location (x_next, i_next):
  1.2026338770E+02  2.9656774071E+02  0.0000000000E+00

Iteration time [s]:   25.901        Total time [s]:  759.549

--------------------------------------------------------------------------------
                                BO ITERATION 31                                 
--------------------------------------------------------------------------------
| Evaluating objective function at 1.203E+02 2.966E+02 0.000E+00
| Objective function evaluated, time [s]       24.209
| Acquisition location too confident, doing pure exploration
| Data point added to dataset (x i y): 
  1.2026338770E+02  2.9656774071E+02  0.0000000000E+00      -2.0299078821E+05

| Total ensemble size: 63
| Best acquisition, x_best i_best y_best:
  2.3778322330E+02  8.5056329302E-01  0.0000000000E+00      -2.0301237298E+05
| Global minimum prediction, x_hat mu_hat +- nu_hat:
  2.3728196471E+02  7.8757435007E-01  0.0000000000E+00      -2.0301237354E+05  7.3731082572E-09
| Global minimum convergence, d_xhat d_muhat:
  3.0399601938E-03  5.5551469506E-08

| GP model hyperparameters (lengthscales W kappa):
  5.9389847984E-01  4.7671524024E-01  8.1051792342E+00  5.4579434563E+00  3.8319952028E+00  1.3203502976E+01
| Next sampling location (x_next, i_next):
 -1.0361847509E+00  2.7790083110E+02  0.0000000000E+00

Iteration time [s]:   27.177        Total time [s]:  786.726

--------------------------------------------------------------------------------
                                BO ITERATION 32                                 
--------------------------------------------------------------------------------
| Evaluating objective function at -1.036E+00 2.779E+02 0.000E+00
| Objective function evaluated, time [s]       23.104
| Acquisition location too confident, doing pure exploration
| Data point added to dataset (x i y): 
 -1.0361847509E+00  2.7790083110E+02  0.0000000000E+00      -2.0298962594E+05

| Total ensemble size: 64
| Best acquisition, x_best i_best y_best:
  2.3778322330E+02  8.5056329302E-01  0.0000000000E+00      -2.0301237298E+05
| Global minimum prediction, x_hat mu_hat +- nu_hat:
  2.3728209907E+02  7.8733087029E-01  0.0000000000E+00      -2.0301237354E+05  7.3500582508E-09
| Global minimum convergence, d_xhat d_muhat:
  2.7809469747E-04  4.4981266311E-09

| GP model hyperparameters (lengthscales W kappa):
  5.8918744027E-01  4.7224006583E-01  7.8807575414E+00  5.4225282868E+00  3.4341923684E+00  1.2349711403E+01
| Next sampling location (x_next, i_next):
  1.6109478070E+02  9.7905727067E+01  0.0000000000E+00

Iteration time [s]:   26.072        Total time [s]:  812.799

--------------------------------------------------------------------------------
                                BO ITERATION 33                                 
--------------------------------------------------------------------------------
| Evaluating objective function at 1.611E+02 9.791E+01 0.000E+00
| Objective function evaluated, time [s]       23.539
| Acquisition location too confident, doing pure exploration
| Data point added to dataset (x i y): 
  1.6109478070E+02  9.7905727067E+01  0.0000000000E+00      -2.0299172405E+05

| Total ensemble size: 65
| Best acquisition, x_best i_best y_best:
  2.3778322330E+02  8.5056329302E-01  0.0000000000E+00      -2.0301237298E+05
| Global minimum prediction, x_hat mu_hat +- nu_hat:
  2.3728138237E+02  7.8760809680E-01  0.0000000000E+00      -2.0301237354E+05  7.3291825053E-09
| Global minimum convergence, d_xhat d_muhat:
  7.6845354897E-04  2.9770296539E-08

| GP model hyperparameters (lengthscales W kappa):
  5.8560192164E-01  4.7348663308E-01  7.9824199501E+00  5.4037805748E+00  8.5501324581E-01  1.2396384840E+01
| Next sampling location (x_next, i_next):
  1.2959122419E+02  2.4511972402E+02  0.0000000000E+00

Iteration time [s]:   26.545        Total time [s]:  839.345

--------------------------------------------------------------------------------
                                BO ITERATION 34                                 
--------------------------------------------------------------------------------
| Evaluating objective function at 1.296E+02 2.451E+02 0.000E+00
| Objective function evaluated, time [s]       23.126
| Acquisition location too confident, doing pure exploration
| Data point added to dataset (x i y): 
  1.2959122419E+02  2.4511972402E+02  0.0000000000E+00      -2.0299319248E+05

| Total ensemble size: 66
| Best acquisition, x_best i_best y_best:
  2.3778322330E+02  8.5056329302E-01  0.0000000000E+00      -2.0301237298E+05
| Global minimum prediction, x_hat mu_hat +- nu_hat:
  2.3728734158E+02  7.8489000445E-01  0.0000000000E+00      -2.0301237354E+05  7.2904010827E-09
| Global minimum convergence, d_xhat d_muhat:
  6.5498311650E-03  5.3757723951E-09

| GP model hyperparameters (lengthscales W kappa):
  5.8360262831E-01  4.8183944369E-01 -8.0353147688E+00 -5.4717984260E+00  3.4221237001E-01  1.2429904108E+01
| Next sampling location (x_next, i_next):
  3.7677687327E+01  8.6428828782E+01  0.0000000000E+00

Iteration time [s]:   26.043        Total time [s]:  865.390

--------------------------------------------------------------------------------
                                BO ITERATION 35                                 
--------------------------------------------------------------------------------
| Evaluating objective function at 3.768E+01 8.643E+01 0.000E+00
| Objective function evaluated, time [s]       22.116
| Acquisition location too confident, doing pure exploration
| Data point added to dataset (x i y): 
  3.7677687327E+01  8.6428828782E+01  0.0000000000E+00      -2.0299052096E+05

| Total ensemble size: 67
| Best acquisition, x_best i_best y_best:
  2.3778322330E+02  8.5056329302E-01  0.0000000000E+00      -2.0301237298E+05
| Global minimum prediction, x_hat mu_hat +- nu_hat:
  2.3728607738E+02  7.8546066382E-01  0.0000000000E+00      -2.0301237354E+05  7.2749467782E-09
| Global minimum convergence, d_xhat d_muhat:
  1.3870322812E-03  3.6389746089E-08

| GP model hyperparameters (lengthscales W kappa):
  5.8350044835E-01  4.7930792842E-01 -7.8924985865E+00 -5.4529549095E+00  3.2322017378E-01  1.1958279625E+01
| Next sampling location (x_next, i_next):
  1.1390645345E+02  8.9026947261E+00  0.0000000000E+00

Iteration time [s]:   25.245        Total time [s]:  890.636

--------------------------------------------------------------------------------
                                BO ITERATION 36                                 
--------------------------------------------------------------------------------
| Evaluating objective function at 1.139E+02 8.903E+00 0.000E+00
| Objective function evaluated, time [s]       23.150
| Acquisition location too confident, doing pure exploration
| Data point added to dataset (x i y): 
  1.1390645345E+02  8.9026947261E+00  0.0000000000E+00      -2.0299017083E+05

| Total ensemble size: 68
| Best acquisition, x_best i_best y_best:
  2.3778322330E+02  8.5056329302E-01  0.0000000000E+00      -2.0301237298E+05
| Global minimum prediction, x_hat mu_hat +- nu_hat:
  2.3730330486E+02  7.7624815064E-01  0.0000000000E+00      -2.0301237354E+05  7.3015850254E-09
| Global minimum convergence, d_xhat d_muhat:
  1.9536031365E-02  2.1425867095E-07

| GP model hyperparameters (lengthscales W kappa):
  5.6782099609E-01  4.8298080312E-01 -8.6252619724E+00 -5.6335469945E+00  2.4744326596E-01  9.1162947149E+00
| Next sampling location (x_next, i_next):
  3.0556637932E+02  2.5878896396E+02  0.0000000000E+00

Iteration time [s]:   26.486        Total time [s]:  917.125

--------------------------------------------------------------------------------
                                BO ITERATION 37                                 
--------------------------------------------------------------------------------
| Evaluating objective function at 3.056E+02 2.588E+02 0.000E+00
| Objective function evaluated, time [s]       24.007
| Acquisition location too confident, doing pure exploration
| Data point added to dataset (x i y): 
  3.0556637932E+02  2.5878896396E+02  0.0000000000E+00      -2.0299229004E+05

| Total ensemble size: 69
| Best acquisition, x_best i_best y_best:
  2.3778322330E+02  8.5056329302E-01  0.0000000000E+00      -2.0301237298E+05
| Global minimum prediction, x_hat mu_hat +- nu_hat:
  2.3730010550E+02  7.7772203997E-01  0.0000000000E+00      -2.0301237354E+05  7.2932432537E-09
| Global minimum convergence, d_xhat d_muhat:
  3.5225385929E-03  4.5303195539E-08

| GP model hyperparameters (lengthscales W kappa):
  5.6865727735E-01  4.8074802839E-01 -8.4948378301E+00 -5.5924801173E+00  2.4324181781E-01  8.9261723970E+00
| Next sampling location (x_next, i_next):
  2.9722312917E+02  1.0686588878E+02  0.0000000000E+00

Iteration time [s]:   27.473        Total time [s]:  944.598

--------------------------------------------------------------------------------
                                BO ITERATION 38                                 
--------------------------------------------------------------------------------
| Evaluating objective function at 2.972E+02 1.069E+02 0.000E+00
| Objective function evaluated, time [s]       23.045
| Acquisition location too confident, doing pure exploration
| Data point added to dataset (x i y): 
  2.9722312917E+02  1.0686588878E+02  0.0000000000E+00      -2.0299142288E+05

| Total ensemble size: 70
| Best acquisition, x_best i_best y_best:
  2.3778322330E+02  8.5056329302E-01  0.0000000000E+00      -2.0301237298E+05
| Global minimum prediction, x_hat mu_hat +- nu_hat:
  2.3730115720E+02  7.7706504025E-01  0.0000000000E+00      -2.0301237354E+05  7.3080225426E-09
| Global minimum convergence, d_xhat d_muhat:
  1.2400534064E-03  3.4941637765E-08

| GP model hyperparameters (lengthscales W kappa):
  5.6454078330E-01  4.6384985596E-01 -7.7552270261E+00 -5.5887781648E+00  6.3886381186E+00  5.4296299760E+00
| Next sampling location (x_next, i_next):
  2.1036136149E+02  2.3811669758E+02  0.0000000000E+00

Iteration time [s]:   26.593        Total time [s]:  971.192

--------------------------------------------------------------------------------
                                BO ITERATION 39                                 
--------------------------------------------------------------------------------
| Evaluating objective function at 2.104E+02 2.381E+02 0.000E+00
| Objective function evaluated, time [s]       21.857
| Acquisition location too confident, doing pure exploration
| Data point added to dataset (x i y): 
  2.1036136149E+02  2.3811669758E+02  0.0000000000E+00      -2.0299380211E+05

| Total ensemble size: 71
| Best acquisition, x_best i_best y_best:
  2.3778322330E+02  8.5056329302E-01  0.0000000000E+00      -2.0301237298E+05
| Global minimum prediction, x_hat mu_hat +- nu_hat:
  2.3730172588E+02  7.7677888298E-01  0.0000000000E+00      -2.0301237354E+05  7.2864646760E-09
| Global minimum convergence, d_xhat d_muhat:
  6.3661630601E-04  6.5204255199E-09

| GP model hyperparameters (lengthscales W kappa):
  5.6499781022E-01  4.6692402300E-01 -8.0510416201E+00 -5.3738980727E+00  1.2047232210E+00  7.8015613525E+00
| Next sampling location (x_next, i_next):
  6.7786018138E+01  2.7729760238E+02  0.0000000000E+00

Iteration time [s]:   25.433        Total time [s]:  996.625

--------------------------------------------------------------------------------
                                BO ITERATION 40                                 
--------------------------------------------------------------------------------
| Evaluating objective function at 6.779E+01 2.773E+02 0.000E+00
| Objective function evaluated, time [s]       23.177
| Acquisition location too confident, doing pure exploration
| Data point added to dataset (x i y): 
  6.7786018138E+01  2.7729760238E+02  0.0000000000E+00      -2.0299081201E+05

| Total ensemble size: 72
| Best acquisition, x_best i_best y_best:
  2.3778322330E+02  8.5056329302E-01  0.0000000000E+00      -2.0301237298E+05
| Global minimum prediction, x_hat mu_hat +- nu_hat:
  2.3729695336E+02  7.7881876572E-01  0.0000000000E+00      -2.0301237354E+05  7.3789631293E-09
| Global minimum convergence, d_xhat d_muhat:
  5.1901936577E-03  5.7306429369E-08

| GP model hyperparameters (lengthscales W kappa):
  5.4652964525E-01  4.5861988333E-01 -7.4840217217E+00 -5.5236768622E+00  7.0959354426E+00  3.8103655053E+00
| Next sampling location (x_next, i_next):
  2.5071546803E+02  1.2928128179E+02  0.0000000000E+00

Iteration time [s]:   26.414        Total time [s]: 1023.040

--------------------------------------------------------------------------------
                                BO ITERATION 41                                 
--------------------------------------------------------------------------------
| Evaluating objective function at 2.507E+02 1.293E+02 0.000E+00
| Objective function evaluated, time [s]       21.869
| Acquisition location too confident, doing pure exploration
| Data point added to dataset (x i y): 
  2.5071546803E+02  1.2928128179E+02  0.0000000000E+00      -2.0299582799E+05

| Total ensemble size: 73
| Best acquisition, x_best i_best y_best:
  2.3778322330E+02  8.5056329302E-01  0.0000000000E+00      -2.0301237298E+05
| Global minimum prediction, x_hat mu_hat +- nu_hat:
  2.3729681867E+02  7.7871170865E-01  0.0000000000E+00      -2.0301237354E+05  7.3573128922E-09
| Global minimum convergence, d_xhat d_muhat:
  1.7205451972E-04  3.6658821176E-08

| GP model hyperparameters (lengthscales W kappa):
  5.4895326386E-01  4.5820401335E-01 -7.7027865287E+00 -5.3517231488E+00  3.1941692371E+00  5.6681440252E+00
| Next sampling location (x_next, i_next):
  1.1118623659E+02  1.1618422964E+02  0.0000000000E+00

Iteration time [s]:   25.423        Total time [s]: 1048.466

--------------------------------------------------------------------------------
                                BO ITERATION 42                                 
--------------------------------------------------------------------------------
| Evaluating objective function at 1.112E+02 1.162E+02 0.000E+00
| Objective function evaluated, time [s]       23.026
| Data point added to dataset (x i y): 
  1.1118623659E+02  1.1618422964E+02  0.0000000000E+00      -2.0299426391E+05

| Total ensemble size: 74
| Best acquisition, x_best i_best y_best:
  2.3778322330E+02  8.5056329302E-01  0.0000000000E+00      -2.0301237298E+05
| Global minimum prediction, x_hat mu_hat +- nu_hat:
  2.3729634279E+02  7.7893868573E-01  0.0000000000E+00      -2.0301237354E+05  7.3475429296E-09
| Global minimum convergence, d_xhat d_muhat:
  5.2723817039E-04  1.3179687145E-08

| GP model hyperparameters (lengthscales W kappa):
  5.4831377941E-01  4.5975009573E-01 -7.6801255840E+00 -5.3740840150E+00  3.0831047978E+00  5.4277552210E+00
| Next sampling location (x_next, i_next):
  2.9301286470E+02  1.7831267360E+02  0.0000000000E+00

Iteration time [s]:   26.145        Total time [s]: 1074.612

--------------------------------------------------------------------------------
                                BO ITERATION 43                                 
--------------------------------------------------------------------------------
| Evaluating objective function at 2.930E+02 1.783E+02 0.000E+00
| Objective function evaluated, time [s]       23.123
| Acquisition location too confident, doing pure exploration
| Data point added to dataset (x i y): 
  2.9301286470E+02  1.7831267360E+02  0.0000000000E+00      -2.0300846119E+05

| Total ensemble size: 75
| Best acquisition, x_best i_best y_best:
  2.3778322330E+02  8.5056329302E-01  0.0000000000E+00      -2.0301237298E+05
| Global minimum prediction, x_hat mu_hat +- nu_hat:
  2.3729561612E+02  7.7923033930E-01  0.0000000000E+00      -2.0301237354E+05  7.3203078265E-09
| Global minimum convergence, d_xhat d_muhat:
  7.8301421418E-04  2.8219047389E-08

| GP model hyperparameters (lengthscales W kappa):
  5.5581406967E-01  4.5953992967E-01 -7.6865515191E+00 -5.4425200101E+00  3.2069727466E+00  5.7018274788E+00
| Next sampling location (x_next, i_next):
  1.4765074959E+02 -2.7335873291E+01  0.0000000000E+00

Iteration time [s]:   26.950        Total time [s]: 1101.563

--------------------------------------------------------------------------------
                                BO ITERATION 44                                 
--------------------------------------------------------------------------------
| Evaluating objective function at 1.477E+02 -2.734E+01 0.000E+00
| Objective function evaluated, time [s]       23.174
| Acquisition location too confident, doing pure exploration
| Data point added to dataset (x i y): 
  1.4765074959E+02 -2.7335873291E+01  0.0000000000E+00      -2.0299288109E+05

| Total ensemble size: 76
| Best acquisition, x_best i_best y_best:
  2.3778322330E+02  8.5056329302E-01  0.0000000000E+00      -2.0301237298E+05
| Global minimum prediction, x_hat mu_hat +- nu_hat:
  2.3728561539E+02  7.8413619613E-01  0.0000000000E+00      -2.0301237355E+05  7.2937193173E-09
| Global minimum convergence, d_xhat d_muhat:
  1.1139208096E-02  2.6861863564E-07

| GP model hyperparameters (lengthscales W kappa):
  5.5270620479E-01  4.5495937729E-01  7.5510923287E+00  5.3122171380E+00  2.1690823973E+00  6.1126452641E+00
| Next sampling location (x_next, i_next):
 -2.5022560145E+01  2.7728205220E+01  0.0000000000E+00

Iteration time [s]:   26.929        Total time [s]: 1128.493

--------------------------------------------------------------------------------
                                BO ITERATION 45                                 
--------------------------------------------------------------------------------
| Evaluating objective function at -2.502E+01 2.773E+01 0.000E+00
| Objective function evaluated, time [s]       23.519
| Acquisition location too confident, doing pure exploration
| Data point added to dataset (x i y): 
 -2.5022560145E+01  2.7728205220E+01  0.0000000000E+00      -2.0299160587E+05

| Total ensemble size: 77
| Best acquisition, x_best i_best y_best:
  2.3778322330E+02  8.5056329302E-01  0.0000000000E+00      -2.0301237298E+05
| Global minimum prediction, x_hat mu_hat +- nu_hat:
  2.3732850279E+02  7.6513369292E-01  0.0000000000E+00      -2.0301237353E+05  7.2286762353E-09
| Global minimum convergence, d_xhat d_muhat:
  4.6908678523E-02  9.0482778229E-07

| GP model hyperparameters (lengthscales W kappa):
  5.3244012662E-01  4.4441683795E-01 -7.5160420061E+00 -4.8087907318E+00  2.5825034340E-01  7.5799545991E+00
| Next sampling location (x_next, i_next):
  1.5029665248E+01 -3.5065948426E+01  0.0000000000E+00

Iteration time [s]:   27.743        Total time [s]: 1156.237

--------------------------------------------------------------------------------
                                BO ITERATION 46                                 
--------------------------------------------------------------------------------
| Evaluating objective function at 1.503E+01 -3.507E+01 0.000E+00
| Objective function evaluated, time [s]       23.967
| Acquisition location too confident, doing pure exploration
| Data point added to dataset (x i y): 
  1.5029665248E+01 -3.5065948426E+01  0.0000000000E+00      -2.0299127804E+05

| Total ensemble size: 78
| Best acquisition, x_best i_best y_best:
  2.3778322330E+02  8.5056329302E-01  0.0000000000E+00      -2.0301237298E+05
| Global minimum prediction, x_hat mu_hat +- nu_hat:
  2.3734307154E+02  7.5856864667E-01  0.0000000000E+00      -2.0301237352E+05  7.4495058121E-09
| Global minimum convergence, d_xhat d_muhat:
  1.5979620238E-02  1.5038873100E-07

| GP model hyperparameters (lengthscales W kappa):
  4.8129509907E-01  4.5448527741E-01 -7.9381312446E+00 -4.7968119242E+00  2.3154996459E-01  5.9474180029E+00
| Next sampling location (x_next, i_next):
  1.6721630144E+00  1.1825641556E+02  0.0000000000E+00

Iteration time [s]:   28.169        Total time [s]: 1184.407

--------------------------------------------------------------------------------
                                BO ITERATION 47                                 
--------------------------------------------------------------------------------
| Evaluating objective function at 1.672E+00 1.183E+02 0.000E+00
| Objective function evaluated, time [s]       23.761
| Acquisition location too confident, doing pure exploration
| Data point added to dataset (x i y): 
  1.6721630144E+00  1.1825641556E+02  0.0000000000E+00      -2.0299425789E+05

| Total ensemble size: 79
| Best acquisition, x_best i_best y_best:
  2.3778322330E+02  8.5056329302E-01  0.0000000000E+00      -2.0301237298E+05
| Global minimum prediction, x_hat mu_hat +- nu_hat:
  2.3734380727E+02  7.5843612792E-01  0.0000000000E+00      -2.0301237352E+05  7.4374265856E-09
| Global minimum convergence, d_xhat d_muhat:
  7.4756714496E-04  1.0825562653E-08

| GP model hyperparameters (lengthscales W kappa):
  4.8276115246E-01  4.5431607218E-01 -7.0652199904E+00 -5.3795744128E+00  1.3007310946E+01  5.6328943980E-02
| Next sampling location (x_next, i_next):
  6.6600251776E+01  2.7655747848E+01  0.0000000000E+00

Iteration time [s]:   28.052        Total time [s]: 1212.459

--------------------------------------------------------------------------------
                                BO ITERATION 48                                 
--------------------------------------------------------------------------------
| Evaluating objective function at 6.660E+01 2.766E+01 0.000E+00
| Objective function evaluated, time [s]       24.090
| Acquisition location too confident, doing pure exploration
| Data point added to dataset (x i y): 
  6.6600251776E+01  2.7655747848E+01  0.0000000000E+00      -2.0299878779E+05

| Total ensemble size: 80
| Best acquisition, x_best i_best y_best:
  2.3778322330E+02  8.5056329302E-01  0.0000000000E+00      -2.0301237298E+05
| Global minimum prediction, x_hat mu_hat +- nu_hat:
  2.3734417846E+02  7.5828856061E-01  0.0000000000E+00      -2.0301237352E+05  7.4191514265E-09
| Global minimum convergence, d_xhat d_muhat:
  3.9944690099E-04  4.0189398983E-10

| GP model hyperparameters (lengthscales W kappa):
  4.8394779362E-01  4.5633666703E-01 -7.8596670214E+00 -4.8612588310E+00  1.1570410741E+00  5.5371768782E+00
| Next sampling location (x_next, i_next):
  2.9612872809E+02  5.4834406973E+01  0.0000000000E+00

Iteration time [s]:   28.248        Total time [s]: 1240.708

--------------------------------------------------------------------------------
                                BO ITERATION 49                                 
--------------------------------------------------------------------------------
| Evaluating objective function at 2.961E+02 5.483E+01 0.000E+00
| Objective function evaluated, time [s]       23.646
| Acquisition location too confident, doing pure exploration
| Data point added to dataset (x i y): 
  2.9612872809E+02  5.4834406973E+01  0.0000000000E+00      -2.0299219415E+05

| Total ensemble size: 81
| Best acquisition, x_best i_best y_best:
  2.3778322330E+02  8.5056329302E-01  0.0000000000E+00      -2.0301237298E+05
| Global minimum prediction, x_hat mu_hat +- nu_hat:
  2.3733738857E+02  7.6015607189E-01  0.0000000000E+00      -2.0301237353E+05  7.3364655683E-09
| Global minimum convergence, d_xhat d_muhat:
  7.0420236014E-03  2.3764600549E-07

| GP model hyperparameters (lengthscales W kappa):
  4.8401422054E-01  4.5386381411E-01 -7.5442252314E+00 -5.0066028086E+00  4.7790758833E+00  3.8461411934E+00
| Next sampling location (x_next, i_next):
 -9.2051637523E+00  2.3512096845E+02  0.0000000000E+00

Iteration time [s]:   27.971        Total time [s]: 1268.681

--------------------------------------------------------------------------------
                                BO ITERATION 50                                 
--------------------------------------------------------------------------------
| Evaluating objective function at -9.205E+00 2.351E+02 0.000E+00
| Objective function evaluated, time [s]       24.018
| Acquisition location too confident, doing pure exploration
| Data point added to dataset (x i y): 
 -9.2051637523E+00  2.3512096845E+02  0.0000000000E+00      -2.0299638088E+05

| Total ensemble size: 82
| Best acquisition, x_best i_best y_best:
  2.3778322330E+02  8.5056329302E-01  0.0000000000E+00      -2.0301237298E+05
| Global minimum prediction, x_hat mu_hat +- nu_hat:
  2.3734206794E+02  7.5823429550E-01  0.0000000000E+00      -2.0301237353E+05  7.3149503343E-09
| Global minimum convergence, d_xhat d_muhat:
  5.0586214436E-03  3.2078447552E-08

| GP model hyperparameters (lengthscales W kappa):
  4.8410052059E-01  4.5365889480E-01  7.4117770194E+00  5.0825762459E+00  6.2897097440E+00  3.0527965967E+00
| Next sampling location (x_next, i_next):
  2.0137811634E+01  4.7999061638E+01  0.0000000000E+00

Iteration time [s]:   28.623        Total time [s]: 1297.304

|| Bayesian optimization completed, time [s]     1297.284


--------------------------------------------------------------------------------
                        BOSS is done! Have a nice day :)                        

      Datetime 15-08-2020 00:45:47            Total time [s]     1297.304       
--------------------------------------------------------------------------------
