95.0199405000_-13.7084485000_273.2141788000_289.3574868000
295.3575561000_-50.0000000000_128.5147880000_192.2773223000
43.4219363000_62.2209469000_215.5372715000_183.4666883000
57.7385995000_60.3057169000_22.6216689000_185.1662471000
189.4039675000_56.0220480000_89.8922633000_-2.6201905000
-39.4248051000_23.1720727000_31.1494140000_-13.6757129000
171.6709244000_66.7905435000_151.5633334000_-20.1602725000
310.0000000000_68.2044005000_44.9428539000_2.2438584000
167.7998310000_64.6617512000_202.1532162000_190.8344916000
62.7624593000_60.5883806000_149.6856987000_186.4461920000
296.9200786000_16.4873693000_310.0000000000_23.9846956000
68.5306442000_62.3763478000_239.4568816000_178.8636158000
295.2930577000_50.1338019000_-11.8475342000_170.0779464000
212.0012405000_-38.6085603000_68.4382980000_-31.3082718000
290.4953888000_59.5198594000_270.5571146000_181.4561608000
-50.0000000000_-38.7636828000_304.2034703000_167.1210985000
251.9313014000_69.9188061000_4.3559284000_172.1241638000
45.9355338000_54.5859616000_187.7613423000_274.0846080000
310.0000000000_51.2706190000_216.1672457000_179.4371358000
167.4314972000_56.4874075000_14.1450614000_169.1556689000
197.3819710000_53.2528522000_-6.7691694000_197.5739849000
46.1057834000_56.9962686000_262.4957958000_169.3825598000
61.4752239000_57.4114702000_283.3583325000_21.0727715000
182.5490798000_-26.8589577000_-2.3233560000_176.6427780000
189.4430600000_50.0535128000_157.8637639000_181.9676671000
54.9449245000_-26.4807134000_192.0687951000_-2.4844431000
57.3645608000_-36.3696320000_228.4541202000_184.7879129000
190.3716317000_59.1930477000_233.2671731000_161.7965147000
179.0328074000_-31.3558508000_99.7753751000_6.2268839000
62.0374677000_51.0085459000_9.5759042000_161.3580443000
57.9144028000_44.6090429000_205.1322383000_174.2398751000
157.6310846000_69.0738344000_44.2410366000_196.1819132000
55.3985908000_57.4753342000_241.3146708000_193.8270236000
67.4351401000_69.0342104000_199.7928879000_174.9450491000
70.0648728000_56.0580326000_-26.7006861000_183.5205183000
186.2426732000_44.2788320000_42.6095446000_-3.3754050000
295.3588551000_64.0192544000_43.1232797000_257.6155178000
216.0695741000_58.7027015000_103.2032577000_-5.6435095000
72.0061539000_-50.0000000000_-12.5803666000_70.7857822000
80.1013063000_70.0000000000_85.2833103000_15.1634813000
70.4624541000_47.6807120000_192.7040985000_-4.4716970000
301.8098332000_37.9907941000_107.1949942000_167.9949485000
275.8312020000_54.8052470000_-50.0000000000_145.8893802000
60.0271917000_62.6240141000_107.7698375000_170.6133603000
-23.5470604000_-33.7750977000_128.9110519000_-39.5787454000
249.3025222000_-39.4558955000_297.7915849000_187.7392925000
303.3840222000_-10.6090330000_49.6602560000_178.1236032000
272.6294067000_-43.8731786000_88.1960625000_173.8557031000
185.5109606000_44.1236033000_116.6635596000_7.4836549000
285.2591508000_66.9653938000_240.3913373000_-12.0653983000
221.0405792000_-48.0513840000_213.0491485000_282.5710166000
178.4548925000_-40.7256201000_62.3066212000_159.6188414000
167.7122950000_67.5983144000_300.0648927000_188.3738156000
-.8196947000_58.6810924000_243.0458733000_8.9083876000
310.0000000000_70.0000000000_289.0842210000_206.2583125000
37.2539747000_52.6597129000_-6.9536418000_196.2006530000
-31.0951876000_-40.6505266000_86.4508884000_167.8032493000
-46.4873743000_-50.0000000000_22.4346994000_182.4094248000
52.3487330000_-46.6114584000_-13.6913386000_177.1619237000
45.5089926000_-22.6561195000_164.6785038000_175.3127801000
205.3486402000_-50.0000000000_73.5429040000_7.2265020000
218.2567098000_-49.3956428000_273.1928857000_29.2069427000
224.3150768000_-12.7972884000_58.0477466000_12.0061037000
218.5620177000_46.5310774000_70.8450191000_8.3102226000
43.1344179000_21.1263418000_232.0840271000_31.4745667000
65.1558951000_-46.9603723000_86.5899602000_191.5148961000
247.0540872000_-50.0000000000_40.1957571000_20.0805041000
280.7699367000_-30.2640534000_16.1580026000_47.2513741000
242.6096000000_61.1465054000_60.7100990000_-1.0110654000
262.5471194000_-30.1672070000_61.3590088000_-5.3785083000
267.9719940000_45.9990301000_49.4818360000_6.2597066000
262.4474516000_41.1570481000_70.4099100000_-10.8564647000
264.5021651000_55.7723285000_43.5029945000_-5.0975993000
100.3376987000_-46.7243466000_240.8842080000_86.2837639000
-20.3085118000_63.1708841000_250.9435236000_173.1188830000
74.6160289000_-1.7023242000_5.7019857000_186.5796357000
94.6330810000_-42.6120251000_288.1423475000_163.0102823000
30.2319445000_52.1085735000_155.5225804000_171.7288404000
76.6931071000_33.4062005000_75.9696758000_178.0163046000
308.1359790000_-31.8115779000_241.7750605000_176.1159049000
230.3970384000_56.0127992000_60.2984085000_.2247807000
174.8693601000_45.5304651000_83.6904990000_186.0922915000
282.5868088000_47.4954041000_56.7339357000_184.3333768000
213.3084943000_36.7475894000_22.7704328000_149.3778184000
246.2601007000_47.8203726000_54.8264751000_2.6769379000
241.0967662000_56.4498914000_59.3933172000_5.2218225000
263.9058853000_-50.0000000000_2.2378702000_12.3331122000
166.8949760000_-46.7435716000_223.0759973000_-6.6839423000
-12.9760832000_24.2609351000_245.5091381000_-30.3592398000
-45.9501140000_28.7824497000_267.4605590000_178.4251085000
170.3774369000_-11.8167190000_200.8535433000_171.8759098000
225.9025418000_46.3375129000_69.9846479000_-5.0260414000
47.8940702000_68.3902161000_221.3725888000_167.7500964000
-23.0243714000_39.1283300000_95.0255337000_191.6153365000
253.8463653000_23.0007707000_57.6459714000_1.8667159000
140.1067126000_57.4167631000_231.5066320000_167.9916793000
55.6282276000_-21.9060121000_47.9386520000_159.7149751000
59.9229436000_29.9094969000_136.4202854000_181.1648489000
235.7720036000_-49.2223303000_56.7678367000_1.8106475000
-35.7233522000_51.3939860000_248.8109896000_146.6434079000
warning in stationary: failed to import cython module: falling back to numpy
warning in coregionalize: failed to import cython module: falling back to numpy
warning in choleskies: failed to import cython module: falling back to numpy
