-50.0000000000_-50.0000000000
130.0000000000_130.0000000000
310.0000000000_7.0103816000
-50.0000000000_57.9394763000
257.4420552000_-14.0812215000
210.4539532000_-10.3894941000
225.0297740000_302.7005761000
108.5129939000_-11.3054783000
236.5598225000_11.9488431000
15.6468505000_207.3072275000
288.0806998000_189.5527810000
210.9890298000_199.1756417000
-18.9315148000_153.2187925000
248.0908800000_148.8515969000
295.7075000000_234.6370551000
112.3126012000_206.7508447000
179.4283779000_42.5571763000
74.7891875000_257.6974650000
62.2566653000_172.5424061000
151.7223438000_174.5428981000
.8227592000_180.0292700000
56.3022076000_89.6221226000
101.9798319000_175.9969434000
60.4414884000_189.0081774000
239.2378624000_-1.9890745000
226.9686572000_3.5119969000
246.0245428000_-.2346505000
237.3223723000_1.3654745000
230.6919711000_92.9245821000
175.4409977000_13.1146540000
48.0501382000_31.0254384000
200.8026838000_168.4556273000
28.5662983000_-24.4650923000
236.8914828000_.7044192000
250.6401445000_181.2499152000
155.9895845000_269.2058704000
6.6041501000_271.4234724000
-50.0000000000_171.6674445000
99.4096497000_301.2816621000
-49.5282080000_105.3080659000
109.5558376000_66.8407456000
227.6656072000_250.3476061000
168.0809579000_97.8438911000
277.3943202000_277.0372570000
74.0979860000_180.9140755000
6.2713152000_70.0194796000
150.8938350000_-47.7044431000
41.5859596000_298.1195943000
23.1121466000_118.4573306000
169.7566666000_232.0409180000
103.1016868000_28.8946940000
195.7787217000_126.6828353000
270.2046540000_74.9091054000
1.0308887000_23.0089026000
84.5772224000_120.0724943000
-7.8593054000_-36.6164928000
120.6875650000_250.8844207000
256.1055507000_225.2456858000
275.6486810000_119.6795208000
36.4321989000_241.6957619000
-30.5224009000_211.7481053000
68.8104567000_-.2495661000
-33.2550494000_263.4897699000
207.7700271000_67.9252058000
190.3946016000_287.0566631000
76.0736825000_55.7163481000
79.3662531000_226.4537030000
110.8068432000_99.2767730000
-8.9230085000_100.3417615000
-10.5993805000_-7.9983480000
73.2532074000_-35.3641024000
283.9687202000_37.7961416000
288.8686301000_147.8489486000
-7.8697677000_239.8363609000
166.2576321000_145.7078740000
147.7198711000_69.0036552000
150.7643934000_-16.5509700000
138.3522327000_31.2800927000
169.7814634000_201.8070571000
-16.6850357000_293.1675168000
23.9876376000_149.7842853000
243.1913244000_56.9231621000
204.3022220000_231.2630347000
265.6347613000_-50.0000000000
119.8070513000_-37.3509867000
-21.1011091000_43.0153884000
-26.9062377000_125.8588901000
239.0095702000_280.2356684000
55.9781482000_136.4586423000
125.4939985000_283.5894022000
97.5602388000_146.9648187000
36.3282968000_58.3319208000
-43.9155022000_-20.6409651000
193.1879327000_258.2044843000
56.4527038000_278.1214263000
30.3123265000_4.6227162000
141.3477725000_217.7836124000
185.7783543000_-39.7603423000
265.9171685000_252.1593829000
232.6998985000_122.9268234000
41.1416962000_180.7664052000
95.0681616000_274.1423814000
warning in stationary: failed to import cython module: falling back to numpy
warning in coregionalize: failed to import cython module: falling back to numpy
warning in choleskies: failed to import cython module: falling back to numpy
