-50.0000000000_-50.0000000000
130.0000000000_130.0000000000
-50.0000000000_7.0262111000
-50.0000000000_57.9894075000
257.4290985000_-14.0809498000
210.4426125000_-10.3960355000
225.0440674000_302.6760855000
108.4373455000_-11.3214442000
236.5402218000_11.9436204000
15.0545612000_206.7032435000
287.9819132000_189.5954076000
210.4928858000_199.3472199000
-19.2526164000_153.0603670000
114.6244782000_226.5390165000
246.9146465000_150.7760620000
299.7050886000_234.1981496000
181.3798828000_40.8506954000
59.0298122000_172.1452782000
133.7651222000_179.3007260000
49.8033469000_277.4727278000
71.4937427000_80.9994482000
81.6132646000_191.3123570000
239.3936615000_-1.6208430000
.0811607000_179.9626218000
226.4957665000_3.6844540000
245.3366359000_-.1705182000
237.1883205000_1.4052344000
233.4821118000_94.0448079000
49.9349114000_31.4219698000
187.9615229000_167.9643581000
160.1829452000_16.3880236000
94.3161144000_165.9190906000
27.7455062000_-15.9979143000
141.0645319000_286.4904341000
236.6531766000_.7380610000
196.2037054000_251.2697806000
246.5417741000_182.2401078000
8.4617343000_100.1512675000
301.9942777000_170.6155459000
296.8696732000_107.5216727000
-6.0981831000_263.8648318000
265.5416807000_269.6882576000
138.3080708000_83.2115631000
59.8727490000_122.1317950000
44.8472578000_184.4262826000
80.8592310000_-48.5392686000
105.1091073000_43.2575647000
90.4971079000_261.2057404000
187.0390674000_113.5319271000
2.8818015000_45.1476984000
243.9499468000_232.9383319000
52.6329983000_237.5102343000
168.9236771000_188.2103545000
-37.9189818000_185.1872929000
4.8994163000_-48.8723130000
141.3110953000_-35.0272211000
-20.2791063000_-19.0144097000
267.9881869000_71.2374183000
4.9764768000_12.5951675000
206.3892260000_70.8542666000
23.2389037000_137.2436637000
64.0522868000_180.9838433000
180.9449544000_296.6800459000
102.2132149000_103.3777801000
71.7723812000_4.3199497000
-27.9980951000_87.2293731000
160.0428652000_239.3296201000
-23.1320600000_229.8417857000
-44.0819512000_271.5690521000
31.7844733000_73.3892808000
109.7466080000_298.5636507000
272.1376825000_299.9031013000
213.0982909000_134.5861976000
163.5953940000_146.0789302000
265.2314372000_122.9681152000
138.1828998000_48.8969307000
-37.1975212000_125.2776422000
69.2771250000_178.5258008000
119.3115148000_17.2303467000
127.5749350000_257.6430151000
226.5904163000_270.7976780000
283.9387948000_35.1334694000
19.4853494000_245.8556533000
40.9102424000_310.0000000000
170.7536134000_77.8579080000
-27.3730913000_30.9165023000
172.8137424000_268.4390338000
238.9924850000_57.2097402000
84.9363242000_136.0381112000
138.8957334000_208.4378457000
265.6874399000_213.8259807000
158.3405615000_-12.5196954000
291.0034031000_140.1587145000
66.9126658000_52.0475332000
16.5036304000_283.9651156000
62.2690034000_-23.2261724000
-22.6960626000_292.8823459000
153.2682027000_108.8128039000
80.1069146000_286.7149638000
187.2058357000_219.6083381000
103.0923294000_70.3812563000
-7.1612135000_122.4164725000
warning in stationary: failed to import cython module: falling back to numpy
warning in coregionalize: failed to import cython module: falling back to numpy
warning in choleskies: failed to import cython module: falling back to numpy
