
-----------------------------   Welcome to ....   ------------------------------
                      _______  _______ _______ _______ 
                     |   _   \|   _   |   _   |   _   |
                     |.  1   /|.  |   |   1___|   1___|
                     |.  _   \|.  |   |____   |____   |
                     |:  1    |:  1   |:  1   |:  1   |
                     |::.. .  |::.. . |::.. . |::.. . |
                     `-------'`-------`-------`-------'

                                 Version 0.9.17                                 
                              02-07-2020 11:23:51                               
--------------------------------------------------------------------------------

| Reading BOSS input file from: in_2D
| Initializing...

--------------------------------------------------------------------------------
                                   INPUT FILE                                   
--------------------------------------------------------------------------------
# input file for alanine 2D (d4-d13)

# optimization
userfn       userfn_2D.py
bounds       -50 310; -50 310
kernel       stdp
yrange       -10 10
initpts      100
iterpts      0
verbosity    2

thetaprior gamma
thetapriorparam 2 8; 3.3678 9.0204; 3.3678 9.0204

--------------------------------------------------------------------------------
                               SIMULATION OPTIONS                               
--------------------------------------------------------------------------------
|| File input/output 
ipfile         in_2D
userfn         userfn_2D.py
outfile        boss.out
rstfile        boss.rst

|| Key settings 
bounds         -5.000E+01 3.100E+02;    -5.000E+01 3.100E+02
kerntype       stdp stdp
yrange         -1.000E+01 1.000E+01
noise          1.000E-12
inittype       sobol
initpts   100    iterpts   0
gm_tol         none
verbosity      2

|| Data acquisition 
acqfn                elcb
acqtol               1.000E-03

|| GP hyperparameters 
thetainit       1.000E+01 3.142E-01
thetabounds     none
thetaprior      gamma
thetapriorpar   2.000E+00 8.000E+00;    3.368E+00 9.020E+00;    3.368E+00 9.020E+00

|| Hyperparameter optimization
updatefreq   1  initupdate      True
updateoffset 0  updaterestarts  2


--------------------------------------------------------------------------------
                              INITIAL DATAPOINT 1                               
--------------------------------------------------------------------------------
| Evaluating objective function at x = -5.000E+01 -5.000E+01
| Objective function evaluated, time [s]        8.928
| Data point added to dataset (x y): 
 -5.0000000000E+01 -5.0000000000E+01       2.5850500000E+01

| Total ensemble size: 1
| Next sampling location x_next:
  1.3000000000E+02  1.3000000000E+02

Iteration time [s]:    8.929        Total time [s]:    9.018

--------------------------------------------------------------------------------
                              INITIAL DATAPOINT 2                               
--------------------------------------------------------------------------------
| Evaluating objective function at x = 1.300E+02 1.300E+02
| Objective function evaluated, time [s]        0.387
| Data point added to dataset (x y): 
  1.3000000000E+02  1.3000000000E+02       2.7532400000E+01

| Total ensemble size: 2
| Next sampling location x_next:
  2.2000000000E+02  4.0000000000E+01

Iteration time [s]:    0.388        Total time [s]:    9.406

--------------------------------------------------------------------------------
                              INITIAL DATAPOINT 3                               
--------------------------------------------------------------------------------
| Evaluating objective function at x = 2.200E+02 4.000E+01
| Objective function evaluated, time [s]        0.386
| Data point added to dataset (x y): 
  2.2000000000E+02  4.0000000000E+01       2.6648900000E+01

| Total ensemble size: 3
| Next sampling location x_next:
  4.0000000000E+01  2.2000000000E+02

Iteration time [s]:    0.388        Total time [s]:    9.794

--------------------------------------------------------------------------------
                              INITIAL DATAPOINT 4                               
--------------------------------------------------------------------------------
| Evaluating objective function at x = 4.000E+01 2.200E+02
| Objective function evaluated, time [s]        0.407
| Data point added to dataset (x y): 
  4.0000000000E+01  2.2000000000E+02       2.3484900000E+01

| Total ensemble size: 4
| Next sampling location x_next:
  8.5000000000E+01  8.5000000000E+01

Iteration time [s]:    0.408        Total time [s]:   10.203

--------------------------------------------------------------------------------
                              INITIAL DATAPOINT 5                               
--------------------------------------------------------------------------------
| Evaluating objective function at x = 8.500E+01 8.500E+01
| Objective function evaluated, time [s]        0.393
| Data point added to dataset (x y): 
  8.5000000000E+01  8.5000000000E+01       3.3772500000E+01

| Total ensemble size: 5
| Next sampling location x_next:
  2.6500000000E+02  2.6500000000E+02

Iteration time [s]:    0.395        Total time [s]:   10.598

--------------------------------------------------------------------------------
                              INITIAL DATAPOINT 6                               
--------------------------------------------------------------------------------
| Evaluating objective function at x = 2.650E+02 2.650E+02
| Objective function evaluated, time [s]        0.381
| Data point added to dataset (x y): 
  2.6500000000E+02  2.6500000000E+02       3.5684600000E+01

| Total ensemble size: 6
| Next sampling location x_next:
  1.7500000000E+02 -5.0000000000E+00

Iteration time [s]:    0.382        Total time [s]:   10.981

--------------------------------------------------------------------------------
                              INITIAL DATAPOINT 7                               
--------------------------------------------------------------------------------
| Evaluating objective function at x = 1.750E+02 -5.000E+00
| Objective function evaluated, time [s]        0.385
| Data point added to dataset (x y): 
  1.7500000000E+02 -5.0000000000E+00       2.1203200000E+01

| Total ensemble size: 7
| Next sampling location x_next:
 -5.0000000000E+00  1.7500000000E+02

Iteration time [s]:    0.386        Total time [s]:   11.367

--------------------------------------------------------------------------------
                              INITIAL DATAPOINT 8                               
--------------------------------------------------------------------------------
| Evaluating objective function at x = -5.000E+00 1.750E+02
| Objective function evaluated, time [s]        1.313
| Data point added to dataset (x y): 
 -5.0000000000E+00  1.7500000000E+02       2.0753700000E+01

| Total ensemble size: 8
| Next sampling location x_next:
  1.7500000000E+01  6.2500000000E+01

Iteration time [s]:    1.315        Total time [s]:   12.682

--------------------------------------------------------------------------------
                              INITIAL DATAPOINT 9                               
--------------------------------------------------------------------------------
| Evaluating objective function at x = 1.750E+01 6.250E+01
| Objective function evaluated, time [s]        0.392
| Data point added to dataset (x y): 
  1.7500000000E+01  6.2500000000E+01       3.4094000000E+01

| Total ensemble size: 9
| Next sampling location x_next:
  1.9750000000E+02  2.4250000000E+02

Iteration time [s]:    0.393        Total time [s]:   13.076

--------------------------------------------------------------------------------
                              INITIAL DATAPOINT 10                              
--------------------------------------------------------------------------------
| Evaluating objective function at x = 1.975E+02 2.425E+02
| Objective function evaluated, time [s]        0.397
| Data point added to dataset (x y): 
  1.9750000000E+02  2.4250000000E+02       3.3450400000E+01

| Total ensemble size: 10
| Next sampling location x_next:
  2.8750000000E+02 -2.7500000000E+01

Iteration time [s]:    0.398        Total time [s]:   13.474

--------------------------------------------------------------------------------
                              INITIAL DATAPOINT 11                              
--------------------------------------------------------------------------------
| Evaluating objective function at x = 2.875E+02 -2.750E+01
| Objective function evaluated, time [s]        0.388
| Data point added to dataset (x y): 
  2.8750000000E+02 -2.7500000000E+01       2.0587900000E+01

| Total ensemble size: 11
| Next sampling location x_next:
  1.0750000000E+02  1.5250000000E+02

Iteration time [s]:    0.389        Total time [s]:   13.864

--------------------------------------------------------------------------------
                              INITIAL DATAPOINT 12                              
--------------------------------------------------------------------------------
| Evaluating objective function at x = 1.075E+02 1.525E+02
| Objective function evaluated, time [s]        0.395
| Data point added to dataset (x y): 
  1.0750000000E+02  1.5250000000E+02       2.2608500000E+01

| Total ensemble size: 12
| Next sampling location x_next:
  6.2500000000E+01  1.7500000000E+01

Iteration time [s]:    0.396        Total time [s]:   14.261

--------------------------------------------------------------------------------
                              INITIAL DATAPOINT 13                              
--------------------------------------------------------------------------------
| Evaluating objective function at x = 6.250E+01 1.750E+01
| Objective function evaluated, time [s]        0.394
| Data point added to dataset (x y): 
  6.2500000000E+01  1.7500000000E+01       2.6321100000E+01

| Total ensemble size: 13
| Next sampling location x_next:
  2.4250000000E+02  1.9750000000E+02

Iteration time [s]:    0.395        Total time [s]:   14.657

--------------------------------------------------------------------------------
                              INITIAL DATAPOINT 14                              
--------------------------------------------------------------------------------
| Evaluating objective function at x = 2.425E+02 1.975E+02
| Objective function evaluated, time [s]        0.396
| Data point added to dataset (x y): 
  2.4250000000E+02  1.9750000000E+02       2.7955800000E+01

| Total ensemble size: 14
| Next sampling location x_next:
  1.5250000000E+02  1.0750000000E+02

Iteration time [s]:    0.397        Total time [s]:   15.055

--------------------------------------------------------------------------------
                              INITIAL DATAPOINT 15                              
--------------------------------------------------------------------------------
| Evaluating objective function at x = 1.525E+02 1.075E+02
| Objective function evaluated, time [s]        0.384
| Data point added to dataset (x y): 
  1.5250000000E+02  1.0750000000E+02       3.0640800000E+01

| Total ensemble size: 15
| Next sampling location x_next:
 -2.7500000000E+01  2.8750000000E+02

Iteration time [s]:    0.385        Total time [s]:   15.440

--------------------------------------------------------------------------------
                              INITIAL DATAPOINT 16                              
--------------------------------------------------------------------------------
| Evaluating objective function at x = -2.750E+01 2.875E+02
| Objective function evaluated, time [s]        1.251
| Data point added to dataset (x y): 
 -2.7500000000E+01  2.8750000000E+02       3.1408600000E+01

| Total ensemble size: 16
| Next sampling location x_next:
 -1.6250000000E+01  1.1875000000E+02

Iteration time [s]:    1.252        Total time [s]:   16.693

--------------------------------------------------------------------------------
                              INITIAL DATAPOINT 17                              
--------------------------------------------------------------------------------
| Evaluating objective function at x = -1.625E+01 1.188E+02
| Objective function evaluated, time [s]        0.387
| Data point added to dataset (x y): 
 -1.6250000000E+01  1.1875000000E+02       3.1664600000E+01

| Total ensemble size: 17
| Next sampling location x_next:
  1.6375000000E+02  2.9875000000E+02

Iteration time [s]:    0.389        Total time [s]:   17.083

--------------------------------------------------------------------------------
                              INITIAL DATAPOINT 18                              
--------------------------------------------------------------------------------
| Evaluating objective function at x = 1.638E+02 2.988E+02
| Objective function evaluated, time [s]        0.385
| Data point added to dataset (x y): 
  1.6375000000E+02  2.9875000000E+02       3.5153500000E+01

| Total ensemble size: 18
| Next sampling location x_next:
  2.5375000000E+02  2.8750000000E+01

Iteration time [s]:    0.386        Total time [s]:   17.469

--------------------------------------------------------------------------------
                              INITIAL DATAPOINT 19                              
--------------------------------------------------------------------------------
| Evaluating objective function at x = 2.538E+02 2.875E+01
| Objective function evaluated, time [s]        0.390
| Data point added to dataset (x y): 
  2.5375000000E+02  2.8750000000E+01       2.5191400000E+01

| Total ensemble size: 19
| Next sampling location x_next:
  7.3750000000E+01  2.0875000000E+02

Iteration time [s]:    0.391        Total time [s]:   17.861

--------------------------------------------------------------------------------
                              INITIAL DATAPOINT 20                              
--------------------------------------------------------------------------------
| Evaluating objective function at x = 7.375E+01 2.088E+02
| Objective function evaluated, time [s]        0.405
| Data point added to dataset (x y): 
  7.3750000000E+01  2.0875000000E+02       2.0773200000E+01

| Total ensemble size: 20
| Next sampling location x_next:
  1.1875000000E+02 -1.6250000000E+01

Iteration time [s]:    0.406        Total time [s]:   18.268

--------------------------------------------------------------------------------
                              INITIAL DATAPOINT 21                              
--------------------------------------------------------------------------------
| Evaluating objective function at x = 1.188E+02 -1.625E+01
| Objective function evaluated, time [s]        0.393
| Data point added to dataset (x y): 
  1.1875000000E+02 -1.6250000000E+01       3.4857600000E+01

| Total ensemble size: 21
| Next sampling location x_next:
  2.9875000000E+02  1.6375000000E+02

Iteration time [s]:    0.395        Total time [s]:   18.663

--------------------------------------------------------------------------------
                              INITIAL DATAPOINT 22                              
--------------------------------------------------------------------------------
| Evaluating objective function at x = 2.988E+02 1.638E+02
| Objective function evaluated, time [s]        0.387
| Data point added to dataset (x y): 
  2.9875000000E+02  1.6375000000E+02       2.2350000000E+01

| Total ensemble size: 22
| Next sampling location x_next:
  2.0875000000E+02  7.3750000000E+01

Iteration time [s]:    0.389        Total time [s]:   19.052

--------------------------------------------------------------------------------
                              INITIAL DATAPOINT 23                              
--------------------------------------------------------------------------------
| Evaluating objective function at x = 2.088E+02 7.375E+01
| Objective function evaluated, time [s]        0.381
| Data point added to dataset (x y): 
  2.0875000000E+02  7.3750000000E+01       3.3628400000E+01

| Total ensemble size: 23
| Next sampling location x_next:
  2.8750000000E+01  2.5375000000E+02

Iteration time [s]:    0.382        Total time [s]:   19.434

--------------------------------------------------------------------------------
                              INITIAL DATAPOINT 24                              
--------------------------------------------------------------------------------
| Evaluating objective function at x = 2.875E+01 2.538E+02
| Objective function evaluated, time [s]        1.243
| Data point added to dataset (x y): 
  2.8750000000E+01  2.5375000000E+02       3.1471600000E+01

| Total ensemble size: 24
| Next sampling location x_next:
  6.2500000000E+00  6.2500000000E+00

Iteration time [s]:    1.244        Total time [s]:   20.679

--------------------------------------------------------------------------------
                              INITIAL DATAPOINT 25                              
--------------------------------------------------------------------------------
| Evaluating objective function at x = 6.250E+00 6.250E+00
| Objective function evaluated, time [s]        0.387
| Data point added to dataset (x y): 
  6.2500000000E+00  6.2500000000E+00       3.4242200000E+01

| Total ensemble size: 25
| Next sampling location x_next:
  1.8625000000E+02  1.8625000000E+02

Iteration time [s]:    0.388        Total time [s]:   21.068

--------------------------------------------------------------------------------
                              INITIAL DATAPOINT 26                              
--------------------------------------------------------------------------------
| Evaluating objective function at x = 1.862E+02 1.862E+02
| Objective function evaluated, time [s]        0.390
| Data point added to dataset (x y): 
  1.8625000000E+02  1.8625000000E+02       2.2131500000E+01

| Total ensemble size: 26
| Next sampling location x_next:
  2.7625000000E+02  9.6250000000E+01

Iteration time [s]:    0.391        Total time [s]:   21.460

--------------------------------------------------------------------------------
                              INITIAL DATAPOINT 27                              
--------------------------------------------------------------------------------
| Evaluating objective function at x = 2.762E+02 9.625E+01
| Objective function evaluated, time [s]        0.390
| Data point added to dataset (x y): 
  2.7625000000E+02  9.6250000000E+01       3.6648100000E+01

| Total ensemble size: 27
| Next sampling location x_next:
  9.6250000000E+01  2.7625000000E+02

Iteration time [s]:    0.391        Total time [s]:   21.851

--------------------------------------------------------------------------------
                              INITIAL DATAPOINT 28                              
--------------------------------------------------------------------------------
| Evaluating objective function at x = 9.625E+01 2.762E+02
| Objective function evaluated, time [s]        0.385
| Data point added to dataset (x y): 
  9.6250000000E+01  2.7625000000E+02       3.4048000000E+01

| Total ensemble size: 28
| Next sampling location x_next:
  5.1250000000E+01  5.1250000000E+01

Iteration time [s]:    0.386        Total time [s]:   22.238

--------------------------------------------------------------------------------
                              INITIAL DATAPOINT 29                              
--------------------------------------------------------------------------------
| Evaluating objective function at x = 5.125E+01 5.125E+01
| Objective function evaluated, time [s]        0.387
| Data point added to dataset (x y): 
  5.1250000000E+01  5.1250000000E+01       3.0642900000E+01

| Total ensemble size: 29
| Next sampling location x_next:
  2.3125000000E+02  2.3125000000E+02

Iteration time [s]:    0.388        Total time [s]:   22.626

--------------------------------------------------------------------------------
                              INITIAL DATAPOINT 30                              
--------------------------------------------------------------------------------
| Evaluating objective function at x = 2.312E+02 2.312E+02
| Objective function evaluated, time [s]        0.386
| Data point added to dataset (x y): 
  2.3125000000E+02  2.3125000000E+02       3.4042400000E+01

| Total ensemble size: 30
| Next sampling location x_next:
  1.4125000000E+02 -3.8750000000E+01

Iteration time [s]:    0.387        Total time [s]:   23.014

--------------------------------------------------------------------------------
                              INITIAL DATAPOINT 31                              
--------------------------------------------------------------------------------
| Evaluating objective function at x = 1.412E+02 -3.875E+01
| Objective function evaluated, time [s]        0.392
| Data point added to dataset (x y): 
  1.4125000000E+02 -3.8750000000E+01       3.5204400000E+01

| Total ensemble size: 31
| Next sampling location x_next:
 -3.8750000000E+01  1.4125000000E+02

Iteration time [s]:    0.394        Total time [s]:   23.408

--------------------------------------------------------------------------------
                              INITIAL DATAPOINT 32                              
--------------------------------------------------------------------------------
| Evaluating objective function at x = -3.875E+01 1.412E+02
| Objective function evaluated, time [s]        1.309
| Data point added to dataset (x y): 
 -3.8750000000E+01  1.4125000000E+02       2.6061000000E+01

| Total ensemble size: 32
| Next sampling location x_next:
 -3.3125000000E+01  4.5625000000E+01

Iteration time [s]:    1.310        Total time [s]:   24.718

--------------------------------------------------------------------------------
                              INITIAL DATAPOINT 33                              
--------------------------------------------------------------------------------
| Evaluating objective function at x = -3.312E+01 4.562E+01
| Objective function evaluated, time [s]        0.385
| Data point added to dataset (x y): 
 -3.3125000000E+01  4.5625000000E+01       3.5393800000E+01

| Total ensemble size: 33
| Next sampling location x_next:
  1.4687500000E+02  2.2562500000E+02

Iteration time [s]:    0.386        Total time [s]:   25.105

--------------------------------------------------------------------------------
                              INITIAL DATAPOINT 34                              
--------------------------------------------------------------------------------
| Evaluating objective function at x = 1.469E+02 2.256E+02
| Objective function evaluated, time [s]        0.387
| Data point added to dataset (x y): 
  1.4687500000E+02  2.2562500000E+02       2.7943600000E+01

| Total ensemble size: 34
| Next sampling location x_next:
  2.3687500000E+02 -4.4375000000E+01

Iteration time [s]:    0.388        Total time [s]:   25.494

--------------------------------------------------------------------------------
                              INITIAL DATAPOINT 35                              
--------------------------------------------------------------------------------
| Evaluating objective function at x = 2.369E+02 -4.438E+01
| Objective function evaluated, time [s]        0.389
| Data point added to dataset (x y): 
  2.3687500000E+02 -4.4375000000E+01       2.9829100000E+01

| Total ensemble size: 35
| Next sampling location x_next:
  5.6875000000E+01  1.3562500000E+02

Iteration time [s]:    0.391        Total time [s]:   25.885

--------------------------------------------------------------------------------
                              INITIAL DATAPOINT 36                              
--------------------------------------------------------------------------------
| Evaluating objective function at x = 5.688E+01 1.356E+02
| Objective function evaluated, time [s]        0.387
| Data point added to dataset (x y): 
  5.6875000000E+01  1.3562500000E+02       2.3944500000E+01

| Total ensemble size: 36
| Next sampling location x_next:
  1.0187500000E+02  6.2500000000E-01

Iteration time [s]:    0.388        Total time [s]:   26.273

--------------------------------------------------------------------------------
                              INITIAL DATAPOINT 37                              
--------------------------------------------------------------------------------
| Evaluating objective function at x = 1.019E+02 6.250E-01
| Objective function evaluated, time [s]        0.388
| Data point added to dataset (x y): 
  1.0187500000E+02  6.2500000000E-01       3.3138700000E+01

| Total ensemble size: 37
| Next sampling location x_next:
  2.8187500000E+02  1.8062500000E+02

Iteration time [s]:    0.389        Total time [s]:   26.663

--------------------------------------------------------------------------------
                              INITIAL DATAPOINT 38                              
--------------------------------------------------------------------------------
| Evaluating objective function at x = 2.819E+02 1.806E+02
| Objective function evaluated, time [s]        0.385
| Data point added to dataset (x y): 
  2.8187500000E+02  1.8062500000E+02       2.2836400000E+01

| Total ensemble size: 38
| Next sampling location x_next:
  1.9187500000E+02  9.0625000000E+01

Iteration time [s]:    0.386        Total time [s]:   27.049

--------------------------------------------------------------------------------
                              INITIAL DATAPOINT 39                              
--------------------------------------------------------------------------------
| Evaluating objective function at x = 1.919E+02 9.062E+01
| Objective function evaluated, time [s]        0.388
| Data point added to dataset (x y): 
  1.9187500000E+02  9.0625000000E+01       3.2852100000E+01

| Total ensemble size: 39
| Next sampling location x_next:
  1.1875000000E+01  2.7062500000E+02

Iteration time [s]:    0.389        Total time [s]:   27.439

--------------------------------------------------------------------------------
                              INITIAL DATAPOINT 40                              
--------------------------------------------------------------------------------
| Evaluating objective function at x = 1.188E+01 2.706E+02
| Objective function evaluated, time [s]        1.296
| Data point added to dataset (x y): 
  1.1875000000E+01  2.7062500000E+02       3.4136000000E+01

| Total ensemble size: 40
| Next sampling location x_next:
  3.4375000000E+01 -2.1875000000E+01

Iteration time [s]:    1.297        Total time [s]:   28.736

--------------------------------------------------------------------------------
                              INITIAL DATAPOINT 41                              
--------------------------------------------------------------------------------
| Evaluating objective function at x = 3.438E+01 -2.188E+01
| Objective function evaluated, time [s]        0.388
| Data point added to dataset (x y): 
  3.4375000000E+01 -2.1875000000E+01       3.0160700000E+01

| Total ensemble size: 41
| Next sampling location x_next:
  2.1437500000E+02  1.5812500000E+02

Iteration time [s]:    0.389        Total time [s]:   29.126

--------------------------------------------------------------------------------
                              INITIAL DATAPOINT 42                              
--------------------------------------------------------------------------------
| Evaluating objective function at x = 2.144E+02 1.581E+02
| Objective function evaluated, time [s]        0.381
| Data point added to dataset (x y): 
  2.1437500000E+02  1.5812500000E+02       2.6835900000E+01

| Total ensemble size: 42
| Next sampling location x_next:
  3.0437500000E+02  6.8125000000E+01

Iteration time [s]:    0.382        Total time [s]:   29.508

--------------------------------------------------------------------------------
                              INITIAL DATAPOINT 43                              
--------------------------------------------------------------------------------
| Evaluating objective function at x = 3.044E+02 6.812E+01
| Objective function evaluated, time [s]        0.383
| Data point added to dataset (x y): 
  3.0437500000E+02  6.8125000000E+01       3.5534900000E+01

| Total ensemble size: 43
| Next sampling location x_next:
  1.2437500000E+02  2.4812500000E+02

Iteration time [s]:    0.384        Total time [s]:   29.892

--------------------------------------------------------------------------------
                              INITIAL DATAPOINT 44                              
--------------------------------------------------------------------------------
| Evaluating objective function at x = 1.244E+02 2.481E+02
| Objective function evaluated, time [s]        0.392
| Data point added to dataset (x y): 
  1.2437500000E+02  2.4812500000E+02       3.2933300000E+01

| Total ensemble size: 44
| Next sampling location x_next:
  7.9375000000E+01  1.1312500000E+02

Iteration time [s]:    0.394        Total time [s]:   30.286

--------------------------------------------------------------------------------
                              INITIAL DATAPOINT 45                              
--------------------------------------------------------------------------------
| Evaluating objective function at x = 7.938E+01 1.131E+02
| Objective function evaluated, time [s]        0.389
| Data point added to dataset (x y): 
  7.9375000000E+01  1.1312500000E+02       2.9682000000E+01

| Total ensemble size: 45
| Next sampling location x_next:
  2.5937500000E+02  2.9312500000E+02

Iteration time [s]:    0.391        Total time [s]:   30.677

--------------------------------------------------------------------------------
                              INITIAL DATAPOINT 46                              
--------------------------------------------------------------------------------
| Evaluating objective function at x = 2.594E+02 2.931E+02
| Objective function evaluated, time [s]        0.406
| Data point added to dataset (x y): 
  2.5937500000E+02  2.9312500000E+02       3.3696100000E+01

| Total ensemble size: 46
| Next sampling location x_next:
  1.6937500000E+02  2.3125000000E+01

Iteration time [s]:    0.407        Total time [s]:   31.085

--------------------------------------------------------------------------------
                              INITIAL DATAPOINT 47                              
--------------------------------------------------------------------------------
| Evaluating objective function at x = 1.694E+02 2.312E+01
| Objective function evaluated, time [s]        0.381
| Data point added to dataset (x y): 
  1.6937500000E+02  2.3125000000E+01       2.0692700000E+01

| Total ensemble size: 47
| Next sampling location x_next:
 -1.0625000000E+01  2.0312500000E+02

Iteration time [s]:    0.382        Total time [s]:   31.468

--------------------------------------------------------------------------------
                              INITIAL DATAPOINT 48                              
--------------------------------------------------------------------------------
| Evaluating objective function at x = -1.062E+01 2.031E+02
| Objective function evaluated, time [s]        1.261
| Data point added to dataset (x y): 
 -1.0625000000E+01  2.0312500000E+02       2.2304000000E+01

| Total ensemble size: 48
| Next sampling location x_next:
 -2.1875000000E+01  3.4375000000E+01

Iteration time [s]:    1.262        Total time [s]:   32.730

--------------------------------------------------------------------------------
                              INITIAL DATAPOINT 49                              
--------------------------------------------------------------------------------
| Evaluating objective function at x = -2.188E+01 3.438E+01
| Objective function evaluated, time [s]        0.394
| Data point added to dataset (x y): 
 -2.1875000000E+01  3.4375000000E+01       3.5591500000E+01

| Total ensemble size: 49
| Next sampling location x_next:
  1.5812500000E+02  2.1437500000E+02

Iteration time [s]:    0.395        Total time [s]:   33.126

--------------------------------------------------------------------------------
                              INITIAL DATAPOINT 50                              
--------------------------------------------------------------------------------
| Evaluating objective function at x = 1.581E+02 2.144E+02
| Objective function evaluated, time [s]        0.390
| Data point added to dataset (x y): 
  1.5812500000E+02  2.1437500000E+02       2.5197700000E+01

| Total ensemble size: 50
| Next sampling location x_next:
  2.4812500000E+02  1.2437500000E+02

Iteration time [s]:    0.391        Total time [s]:   33.517

--------------------------------------------------------------------------------
                              INITIAL DATAPOINT 51                              
--------------------------------------------------------------------------------
| Evaluating objective function at x = 2.481E+02 1.244E+02
| Objective function evaluated, time [s]        0.384
| Data point added to dataset (x y): 
  2.4812500000E+02  1.2437500000E+02       3.4895700000E+01

| Total ensemble size: 51
| Next sampling location x_next:
  6.8125000000E+01  3.0437500000E+02

Iteration time [s]:    0.385        Total time [s]:   33.903

--------------------------------------------------------------------------------
                              INITIAL DATAPOINT 52                              
--------------------------------------------------------------------------------
| Evaluating objective function at x = 6.812E+01 3.044E+02
| Objective function evaluated, time [s]        0.390
| Data point added to dataset (x y): 
  6.8125000000E+01  3.0437500000E+02       3.0646900000E+01

| Total ensemble size: 52
| Next sampling location x_next:
  1.1312500000E+02  7.9375000000E+01

Iteration time [s]:    0.392        Total time [s]:   34.295

--------------------------------------------------------------------------------
                              INITIAL DATAPOINT 53                              
--------------------------------------------------------------------------------
| Evaluating objective function at x = 1.131E+02 7.938E+01
| Objective function evaluated, time [s]        0.392
| Data point added to dataset (x y): 
  1.1312500000E+02  7.9375000000E+01       3.4381600000E+01

| Total ensemble size: 53
| Next sampling location x_next:
  2.9312500000E+02  2.5937500000E+02

Iteration time [s]:    0.393        Total time [s]:   34.689

--------------------------------------------------------------------------------
                              INITIAL DATAPOINT 54                              
--------------------------------------------------------------------------------
| Evaluating objective function at x = 2.931E+02 2.594E+02
| Objective function evaluated, time [s]        0.387
| Data point added to dataset (x y): 
  2.9312500000E+02  2.5937500000E+02       3.1778900000E+01

| Total ensemble size: 54
| Next sampling location x_next:
  2.0312500000E+02 -1.0625000000E+01

Iteration time [s]:    0.388        Total time [s]:   35.078

--------------------------------------------------------------------------------
                              INITIAL DATAPOINT 55                              
--------------------------------------------------------------------------------
| Evaluating objective function at x = 2.031E+02 -1.062E+01
| Objective function evaluated, time [s]        0.388
| Data point added to dataset (x y): 
  2.0312500000E+02 -1.0625000000E+01       2.0222400000E+01

| Total ensemble size: 55
| Next sampling location x_next:
  2.3125000000E+01  1.6937500000E+02

Iteration time [s]:    0.389        Total time [s]:   35.467

--------------------------------------------------------------------------------
                              INITIAL DATAPOINT 56                              
--------------------------------------------------------------------------------
| Evaluating objective function at x = 2.312E+01 1.694E+02
| Objective function evaluated, time [s]        1.287
| Data point added to dataset (x y): 
  2.3125000000E+01  1.6937500000E+02       1.9761100000E+01

| Total ensemble size: 56
| Next sampling location x_next:
  6.2500000000E-01  1.0187500000E+02

Iteration time [s]:    1.288        Total time [s]:   36.756

--------------------------------------------------------------------------------
                              INITIAL DATAPOINT 57                              
--------------------------------------------------------------------------------
| Evaluating objective function at x = 6.250E-01 1.019E+02
| Objective function evaluated, time [s]        0.387
| Data point added to dataset (x y): 
  6.2500000000E-01  1.0187500000E+02       3.4377600000E+01

| Total ensemble size: 57
| Next sampling location x_next:
  1.8062500000E+02  2.8187500000E+02

Iteration time [s]:    0.388        Total time [s]:   37.144

--------------------------------------------------------------------------------
                              INITIAL DATAPOINT 58                              
--------------------------------------------------------------------------------
| Evaluating objective function at x = 1.806E+02 2.819E+02
| Objective function evaluated, time [s]        0.389
| Data point added to dataset (x y): 
  1.8062500000E+02  2.8187500000E+02       3.5683800000E+01

| Total ensemble size: 58
| Next sampling location x_next:
  2.7062500000E+02  1.1875000000E+01

Iteration time [s]:    0.391        Total time [s]:   37.535

--------------------------------------------------------------------------------
                              INITIAL DATAPOINT 59                              
--------------------------------------------------------------------------------
| Evaluating objective function at x = 2.706E+02 1.188E+01
| Objective function evaluated, time [s]        0.383
| Data point added to dataset (x y): 
  2.7062500000E+02  1.1875000000E+01       2.0569900000E+01

| Total ensemble size: 59
| Next sampling location x_next:
  9.0625000000E+01  1.9187500000E+02

Iteration time [s]:    0.384        Total time [s]:   37.920

--------------------------------------------------------------------------------
                              INITIAL DATAPOINT 60                              
--------------------------------------------------------------------------------
| Evaluating objective function at x = 9.062E+01 1.919E+02
| Objective function evaluated, time [s]        0.397
| Data point added to dataset (x y): 
  9.0625000000E+01  1.9187500000E+02       1.9423900000E+01

| Total ensemble size: 60
| Next sampling location x_next:
  4.5625000000E+01 -3.3125000000E+01

Iteration time [s]:    0.398        Total time [s]:   38.318

--------------------------------------------------------------------------------
                              INITIAL DATAPOINT 61                              
--------------------------------------------------------------------------------
| Evaluating objective function at x = 4.562E+01 -3.312E+01
| Objective function evaluated, time [s]        0.385
| Data point added to dataset (x y): 
  4.5625000000E+01 -3.3125000000E+01       2.9383900000E+01

| Total ensemble size: 61
| Next sampling location x_next:
  2.2562500000E+02  1.4687500000E+02

Iteration time [s]:    0.386        Total time [s]:   38.705

--------------------------------------------------------------------------------
                              INITIAL DATAPOINT 62                              
--------------------------------------------------------------------------------
| Evaluating objective function at x = 2.256E+02 1.469E+02
| Objective function evaluated, time [s]        0.383
| Data point added to dataset (x y): 
  2.2562500000E+02  1.4687500000E+02       2.9860500000E+01

| Total ensemble size: 62
| Next sampling location x_next:
  1.3562500000E+02  5.6875000000E+01

Iteration time [s]:    0.385        Total time [s]:   39.090

--------------------------------------------------------------------------------
                              INITIAL DATAPOINT 63                              
--------------------------------------------------------------------------------
| Evaluating objective function at x = 1.356E+02 5.688E+01
| Objective function evaluated, time [s]        0.387
| Data point added to dataset (x y): 
  1.3562500000E+02  5.6875000000E+01       3.0842600000E+01

| Total ensemble size: 63
| Next sampling location x_next:
 -4.4375000000E+01  2.3687500000E+02

Iteration time [s]:    0.389        Total time [s]:   39.479

--------------------------------------------------------------------------------
                              INITIAL DATAPOINT 64                              
--------------------------------------------------------------------------------
| Evaluating objective function at x = -4.438E+01 2.369E+02
| Objective function evaluated, time [s]        1.301
| Data point added to dataset (x y): 
 -4.4375000000E+01  2.3687500000E+02       2.7942400000E+01

| Total ensemble size: 64
| Next sampling location x_next:
 -4.1562500000E+01  9.3437500000E+01

Iteration time [s]:    1.302        Total time [s]:   40.782

--------------------------------------------------------------------------------
                              INITIAL DATAPOINT 65                              
--------------------------------------------------------------------------------
| Evaluating objective function at x = -4.156E+01 9.344E+01
| Objective function evaluated, time [s]        0.389
| Data point added to dataset (x y): 
 -4.1562500000E+01  9.3437500000E+01       3.5740900000E+01

| Total ensemble size: 65
| Next sampling location x_next:
  1.3843750000E+02  2.7343750000E+02

Iteration time [s]:    0.390        Total time [s]:   41.173

--------------------------------------------------------------------------------
                              INITIAL DATAPOINT 66                              
--------------------------------------------------------------------------------
| Evaluating objective function at x = 1.384E+02 2.734E+02
| Objective function evaluated, time [s]        0.394
| Data point added to dataset (x y): 
  1.3843750000E+02  2.7343750000E+02       3.6665000000E+01

| Total ensemble size: 66
| Next sampling location x_next:
  2.2843750000E+02  3.4375000000E+00

Iteration time [s]:    0.396        Total time [s]:   41.570

--------------------------------------------------------------------------------
                              INITIAL DATAPOINT 67                              
--------------------------------------------------------------------------------
| Evaluating objective function at x = 2.284E+02 3.438E+00
| Objective function evaluated, time [s]        0.381
| Data point added to dataset (x y): 
  2.2843750000E+02  3.4375000000E+00       1.9866700000E+01

| Total ensemble size: 67
| Next sampling location x_next:
  4.8437500000E+01  1.8343750000E+02

Iteration time [s]:    0.382        Total time [s]:   41.952

--------------------------------------------------------------------------------
                              INITIAL DATAPOINT 68                              
--------------------------------------------------------------------------------
| Evaluating objective function at x = 4.844E+01 1.834E+02
| Objective function evaluated, time [s]        0.389
| Data point added to dataset (x y): 
  4.8437500000E+01  1.8343750000E+02       1.7750600000E+01

| Total ensemble size: 68
| Next sampling location x_next:
  9.3437500000E+01 -4.1562500000E+01

Iteration time [s]:    0.390        Total time [s]:   42.343

--------------------------------------------------------------------------------
                              INITIAL DATAPOINT 69                              
--------------------------------------------------------------------------------
| Evaluating objective function at x = 9.344E+01 -4.156E+01
| Objective function evaluated, time [s]        0.393
| Data point added to dataset (x y): 
  9.3437500000E+01 -4.1562500000E+01       3.0894800000E+01

| Total ensemble size: 69
| Next sampling location x_next:
  2.7343750000E+02  1.3843750000E+02

Iteration time [s]:    0.395        Total time [s]:   42.738

--------------------------------------------------------------------------------
                              INITIAL DATAPOINT 70                              
--------------------------------------------------------------------------------
| Evaluating objective function at x = 2.734E+02 1.384E+02
| Objective function evaluated, time [s]        0.390
| Data point added to dataset (x y): 
  2.7343750000E+02  1.3843750000E+02       2.9749700000E+01

| Total ensemble size: 70
| Next sampling location x_next:
  1.8343750000E+02  4.8437500000E+01

Iteration time [s]:    0.391        Total time [s]:   43.130

--------------------------------------------------------------------------------
                              INITIAL DATAPOINT 71                              
--------------------------------------------------------------------------------
| Evaluating objective function at x = 1.834E+02 4.844E+01
| Objective function evaluated, time [s]        0.391
| Data point added to dataset (x y): 
  1.8343750000E+02  4.8437500000E+01       2.5253400000E+01

| Total ensemble size: 71
| Next sampling location x_next:
  3.4375000000E+00  2.2843750000E+02

Iteration time [s]:    0.392        Total time [s]:   43.522

--------------------------------------------------------------------------------
                              INITIAL DATAPOINT 72                              
--------------------------------------------------------------------------------
| Evaluating objective function at x = 3.438E+00 2.284E+02
| Objective function evaluated, time [s]        1.319
| Data point added to dataset (x y): 
  3.4375000000E+00  2.2843750000E+02       2.7268200000E+01

| Total ensemble size: 72
| Next sampling location x_next:
  2.5937500000E+01  2.5937500000E+01

Iteration time [s]:    1.320        Total time [s]:   44.843

--------------------------------------------------------------------------------
                              INITIAL DATAPOINT 73                              
--------------------------------------------------------------------------------
| Evaluating objective function at x = 2.594E+01 2.594E+01
| Objective function evaluated, time [s]        0.390
| Data point added to dataset (x y): 
  2.5937500000E+01  2.5937500000E+01       2.9341600000E+01

| Total ensemble size: 73
| Next sampling location x_next:
  2.0593750000E+02  2.0593750000E+02

Iteration time [s]:    0.392        Total time [s]:   45.235

--------------------------------------------------------------------------------
                              INITIAL DATAPOINT 74                              
--------------------------------------------------------------------------------
| Evaluating objective function at x = 2.059E+02 2.059E+02
| Objective function evaluated, time [s]        0.396
| Data point added to dataset (x y): 
  2.0593750000E+02  2.0593750000E+02       2.6836500000E+01

| Total ensemble size: 74
| Next sampling location x_next:
  2.9593750000E+02  1.1593750000E+02

Iteration time [s]:    0.398        Total time [s]:   45.634

--------------------------------------------------------------------------------
                              INITIAL DATAPOINT 75                              
--------------------------------------------------------------------------------
| Evaluating objective function at x = 2.959E+02 1.159E+02
| Objective function evaluated, time [s]        0.385
| Data point added to dataset (x y): 
  2.9593750000E+02  1.1593750000E+02       3.2539900000E+01

| Total ensemble size: 75
| Next sampling location x_next:
  1.1593750000E+02  2.9593750000E+02

Iteration time [s]:    0.387        Total time [s]:   46.021

--------------------------------------------------------------------------------
                              INITIAL DATAPOINT 76                              
--------------------------------------------------------------------------------
| Evaluating objective function at x = 1.159E+02 2.959E+02
| Objective function evaluated, time [s]        0.384
| Data point added to dataset (x y): 
  1.1593750000E+02  2.9593750000E+02       3.5813000000E+01

| Total ensemble size: 76
| Next sampling location x_next:
  7.0937500000E+01  7.0937500000E+01

Iteration time [s]:    0.385        Total time [s]:   46.407

--------------------------------------------------------------------------------
                              INITIAL DATAPOINT 77                              
--------------------------------------------------------------------------------
| Evaluating objective function at x = 7.094E+01 7.094E+01
| Objective function evaluated, time [s]        0.383
| Data point added to dataset (x y): 
  7.0937500000E+01  7.0937500000E+01       3.3215400000E+01

| Total ensemble size: 77
| Next sampling location x_next:
  2.5093750000E+02  2.5093750000E+02

Iteration time [s]:    0.384        Total time [s]:   46.792

--------------------------------------------------------------------------------
                              INITIAL DATAPOINT 78                              
--------------------------------------------------------------------------------
| Evaluating objective function at x = 2.509E+02 2.509E+02
| Objective function evaluated, time [s]        0.393
| Data point added to dataset (x y): 
  2.5093750000E+02  2.5093750000E+02       3.6521600000E+01

| Total ensemble size: 78
| Next sampling location x_next:
  1.6093750000E+02 -1.9062500000E+01

Iteration time [s]:    0.394        Total time [s]:   47.186

--------------------------------------------------------------------------------
                              INITIAL DATAPOINT 79                              
--------------------------------------------------------------------------------
| Evaluating objective function at x = 1.609E+02 -1.906E+01
| Objective function evaluated, time [s]        0.387
| Data point added to dataset (x y): 
  1.6093750000E+02 -1.9062500000E+01       2.7915100000E+01

| Total ensemble size: 79
| Next sampling location x_next:
 -1.9062500000E+01  1.6093750000E+02

Iteration time [s]:    0.389        Total time [s]:   47.575

--------------------------------------------------------------------------------
                              INITIAL DATAPOINT 80                              
--------------------------------------------------------------------------------
| Evaluating objective function at x = -1.906E+01 1.609E+02
| Objective function evaluated, time [s]        1.284
| Data point added to dataset (x y): 
 -1.9062500000E+01  1.6093750000E+02       2.2247000000E+01

| Total ensemble size: 80
| Next sampling location x_next:
 -7.8125000000E+00 -7.8125000000E+00

Iteration time [s]:    1.285        Total time [s]:   48.861

--------------------------------------------------------------------------------
                              INITIAL DATAPOINT 81                              
--------------------------------------------------------------------------------
| Evaluating objective function at x = -7.812E+00 -7.812E+00
| Objective function evaluated, time [s]        0.391
| Data point added to dataset (x y): 
 -7.8125000000E+00 -7.8125000000E+00       3.3420100000E+01

| Total ensemble size: 81
| Next sampling location x_next:
  1.7218750000E+02  1.7218750000E+02

Iteration time [s]:    0.392        Total time [s]:   49.254

--------------------------------------------------------------------------------
                              INITIAL DATAPOINT 82                              
--------------------------------------------------------------------------------
| Evaluating objective function at x = 1.722E+02 1.722E+02
| Objective function evaluated, time [s]        0.398
| Data point added to dataset (x y): 
  1.7218750000E+02  1.7218750000E+02       2.0963000000E+01

| Total ensemble size: 82
| Next sampling location x_next:
  2.6218750000E+02  8.2187500000E+01

Iteration time [s]:    0.399        Total time [s]:   49.654

--------------------------------------------------------------------------------
                              INITIAL DATAPOINT 83                              
--------------------------------------------------------------------------------
| Evaluating objective function at x = 2.622E+02 8.219E+01
| Objective function evaluated, time [s]        0.391
| Data point added to dataset (x y): 
  2.6218750000E+02  8.2187500000E+01       3.7638500000E+01

| Total ensemble size: 83
| Next sampling location x_next:
  8.2187500000E+01  2.6218750000E+02

Iteration time [s]:    0.392        Total time [s]:   50.046

--------------------------------------------------------------------------------
                              INITIAL DATAPOINT 84                              
--------------------------------------------------------------------------------
| Evaluating objective function at x = 8.219E+01 2.622E+02
| Objective function evaluated, time [s]        0.384
| Data point added to dataset (x y): 
  8.2187500000E+01  2.6218750000E+02       3.1881700000E+01

| Total ensemble size: 84
| Next sampling location x_next:
  1.2718750000E+02  1.2718750000E+02

Iteration time [s]:    0.385        Total time [s]:   50.432

--------------------------------------------------------------------------------
                              INITIAL DATAPOINT 85                              
--------------------------------------------------------------------------------
| Evaluating objective function at x = 1.272E+02 1.272E+02
| Objective function evaluated, time [s]        0.395
| Data point added to dataset (x y): 
  1.2718750000E+02  1.2718750000E+02       2.8171700000E+01

| Total ensemble size: 85
| Next sampling location x_next:
  3.0718750000E+02  3.0718750000E+02

Iteration time [s]:    0.396        Total time [s]:   50.829

--------------------------------------------------------------------------------
                              INITIAL DATAPOINT 86                              
--------------------------------------------------------------------------------
| Evaluating objective function at x = 3.072E+02 3.072E+02
| Objective function evaluated, time [s]        0.388
| Data point added to dataset (x y): 
  3.0718750000E+02  3.0718750000E+02       2.6322000000E+01

| Total ensemble size: 86
| Next sampling location x_next:
  2.1718750000E+02  3.7187500000E+01

Iteration time [s]:    0.390        Total time [s]:   51.219

--------------------------------------------------------------------------------
                              INITIAL DATAPOINT 87                              
--------------------------------------------------------------------------------
| Evaluating objective function at x = 2.172E+02 3.719E+01
| Objective function evaluated, time [s]        0.384
| Data point added to dataset (x y): 
  2.1718750000E+02  3.7187500000E+01       2.5470800000E+01

| Total ensemble size: 87
| Next sampling location x_next:
  3.7187500000E+01  2.1718750000E+02

Iteration time [s]:    0.386        Total time [s]:   51.606

--------------------------------------------------------------------------------
                              INITIAL DATAPOINT 88                              
--------------------------------------------------------------------------------
| Evaluating objective function at x = 3.719E+01 2.172E+02
| Objective function evaluated, time [s]        1.267
| Data point added to dataset (x y): 
  3.7187500000E+01  2.1718750000E+02       2.3025900000E+01

| Total ensemble size: 88
| Next sampling location x_next:
  1.4687500000E+01  5.9687500000E+01

Iteration time [s]:    1.268        Total time [s]:   52.874

--------------------------------------------------------------------------------
                              INITIAL DATAPOINT 89                              
--------------------------------------------------------------------------------
| Evaluating objective function at x = 1.469E+01 5.969E+01
| Objective function evaluated, time [s]        0.390
| Data point added to dataset (x y): 
  1.4687500000E+01  5.9687500000E+01       3.4208500000E+01

| Total ensemble size: 89
| Next sampling location x_next:
  1.9468750000E+02  2.3968750000E+02

Iteration time [s]:    0.391        Total time [s]:   53.266

--------------------------------------------------------------------------------
                              INITIAL DATAPOINT 90                              
--------------------------------------------------------------------------------
| Evaluating objective function at x = 1.947E+02 2.397E+02
| Objective function evaluated, time [s]        0.386
| Data point added to dataset (x y): 
  1.9468750000E+02  2.3968750000E+02       3.2639400000E+01

| Total ensemble size: 90
| Next sampling location x_next:
  2.8468750000E+02 -3.0312500000E+01

Iteration time [s]:    0.388        Total time [s]:   53.654

--------------------------------------------------------------------------------
                              INITIAL DATAPOINT 91                              
--------------------------------------------------------------------------------
| Evaluating objective function at x = 2.847E+02 -3.031E+01
| Objective function evaluated, time [s]        0.390
| Data point added to dataset (x y): 
  2.8468750000E+02 -3.0312500000E+01       2.1319000000E+01

| Total ensemble size: 91
| Next sampling location x_next:
  1.0468750000E+02  1.4968750000E+02

Iteration time [s]:    0.391        Total time [s]:   54.046

--------------------------------------------------------------------------------
                              INITIAL DATAPOINT 92                              
--------------------------------------------------------------------------------
| Evaluating objective function at x = 1.047E+02 1.497E+02
| Objective function evaluated, time [s]        0.393
| Data point added to dataset (x y): 
  1.0468750000E+02  1.4968750000E+02       2.2996900000E+01

| Total ensemble size: 92
| Next sampling location x_next:
  5.9687500000E+01  1.4687500000E+01

Iteration time [s]:    0.394        Total time [s]:   54.440

--------------------------------------------------------------------------------
                              INITIAL DATAPOINT 93                              
--------------------------------------------------------------------------------
| Evaluating objective function at x = 5.969E+01 1.469E+01
| Objective function evaluated, time [s]        0.387
| Data point added to dataset (x y): 
  5.9687500000E+01  1.4687500000E+01       2.5682200000E+01

| Total ensemble size: 93
| Next sampling location x_next:
  2.3968750000E+02  1.9468750000E+02

Iteration time [s]:    0.388        Total time [s]:   54.829

--------------------------------------------------------------------------------
                              INITIAL DATAPOINT 94                              
--------------------------------------------------------------------------------
| Evaluating objective function at x = 2.397E+02 1.947E+02
| Objective function evaluated, time [s]        0.397
| Data point added to dataset (x y): 
  2.3968750000E+02  1.9468750000E+02       2.7706700000E+01

| Total ensemble size: 94
| Next sampling location x_next:
  1.4968750000E+02  1.0468750000E+02

Iteration time [s]:    0.398        Total time [s]:   55.228

--------------------------------------------------------------------------------
                              INITIAL DATAPOINT 95                              
--------------------------------------------------------------------------------
| Evaluating objective function at x = 1.497E+02 1.047E+02
| Objective function evaluated, time [s]        0.388
| Data point added to dataset (x y): 
  1.4968750000E+02  1.0468750000E+02       3.1054800000E+01

| Total ensemble size: 95
| Next sampling location x_next:
 -3.0312500000E+01  2.8468750000E+02

Iteration time [s]:    0.389        Total time [s]:   55.618

--------------------------------------------------------------------------------
                              INITIAL DATAPOINT 96                              
--------------------------------------------------------------------------------
| Evaluating objective function at x = -3.031E+01 2.847E+02
| Objective function evaluated, time [s]        1.286
| Data point added to dataset (x y): 
 -3.0312500000E+01  2.8468750000E+02       3.1375000000E+01

| Total ensemble size: 96
| Next sampling location x_next:
 -3.5937500000E+01 -2.1875000000E+00

Iteration time [s]:    1.287        Total time [s]:   56.905

--------------------------------------------------------------------------------
                              INITIAL DATAPOINT 97                              
--------------------------------------------------------------------------------
| Evaluating objective function at x = -3.594E+01 -2.188E+00
| Objective function evaluated, time [s]        0.386
| Data point added to dataset (x y): 
 -3.5937500000E+01 -2.1875000000E+00       2.5841400000E+01

| Total ensemble size: 97
| Next sampling location x_next:
  1.4406250000E+02  1.7781250000E+02

Iteration time [s]:    0.387        Total time [s]:   57.293

--------------------------------------------------------------------------------
                              INITIAL DATAPOINT 98                              
--------------------------------------------------------------------------------
| Evaluating objective function at x = 1.441E+02 1.778E+02
| Objective function evaluated, time [s]        0.385
| Data point added to dataset (x y): 
  1.4406250000E+02  1.7781250000E+02       2.0640300000E+01

| Total ensemble size: 98
| Next sampling location x_next:
  2.3406250000E+02  8.7812500000E+01

Iteration time [s]:    0.386        Total time [s]:   57.680

--------------------------------------------------------------------------------
                              INITIAL DATAPOINT 99                              
--------------------------------------------------------------------------------
| Evaluating objective function at x = 2.341E+02 8.781E+01
| Objective function evaluated, time [s]        0.380
| Data point added to dataset (x y): 
  2.3406250000E+02  8.7812500000E+01       3.8008900000E+01

| Total ensemble size: 99
| Next sampling location x_next:
  5.4062500000E+01  2.6781250000E+02

Iteration time [s]:    0.381        Total time [s]:   58.061

--------------------------------------------------------------------------------
                             INITIAL DATAPOINT 100                              
--------------------------------------------------------------------------------
| Evaluating objective function at x = 5.406E+01 2.678E+02
| Objective function evaluated, time [s]        0.386
| Data point added to dataset (x y): 
  5.4062500000E+01  2.6781250000E+02       3.1862100000E+01

| Total ensemble size: 100
| Best acquisition, x_best y_best:
  4.8437500000E+01  1.8343750000E+02       1.7750600000E+01
| Global minimum prediction, x_hat mu_hat +- nu_hat:
  5.8994369271E+01  1.8101028012E+02       1.7536460498E+01  2.5881515953E-02

| GP model hyperparameters (lengthscales variance):
  3.6263007437E-01  3.4982413855E-01       6.9551555208E+00
| Next sampling location x_next:
  6.8239257094E+01  1.7706978930E+02

Iteration time [s]:    5.200        Total time [s]:   63.261

|| Bayesian optimization completed, time [s]       63.225


--------------------------------------------------------------------------------
                        BOSS is done! Have a nice day :)                        

      Datetime 02-07-2020 11:24:55            Total time [s]       63.262       
--------------------------------------------------------------------------------
