
-----------------------------   Welcome to ....   ------------------------------
                      _______  _______ _______ _______ 
                     |   _   \|   _   |   _   |   _   |
                     |.  1   /|.  |   |   1___|   1___|
                     |.  _   \|.  |   |____   |____   |
                     |:  1    |:  1   |:  1   |:  1   |
                     |::.. .  |::.. . |::.. . |::.. . |
                     `-------'`-------`-------`-------'

                                 Version 0.9.17                                 
                              02-06-2020 14:23:44                               
--------------------------------------------------------------------------------

| Reading BOSS input file from: in_4D
| Initializing...

--------------------------------------------------------------------------------
                                   INPUT FILE                                   
--------------------------------------------------------------------------------
# input file for alanine 4D

# optimization
userfn       userfn_4D.py
bounds       -50 310; -50 70
kernel       stdp
yrange       0 1
initpts      2
iterpts      50
verbosity    2

pp_iters 50
pp_models 1
pp_model_slice 1 2 50
--------------------------------------------------------------------------------
                               SIMULATION OPTIONS                               
--------------------------------------------------------------------------------
|| File input/output 
ipfile         in_4D
userfn         userfn_4D.py
outfile        boss.out
rstfile        boss.rst

|| Key settings 
bounds         -5.000E+01 3.100E+02;    -5.000E+01 7.000E+01
kerntype       stdp stdp
yrange         0.000E+00 1.000E+00
noise          1.000E-12
inittype       sobol
initpts   2    iterpts   50
gm_tol         none
verbosity      2

|| Data acquisition 
acqfn                elcb
acqtol               1.000E-03

|| GP hyperparameters 
thetainit       5.000E-01 3.142E-01
thetabounds     none
thetaprior      gamma
thetapriorpar   2.038E-01 3.554E-01;    3.368E+00 9.020E+00;    3.368E+00 9.020E+00

|| Hyperparameter optimization
updatefreq   1  initupdate      True
updateoffset 0  updaterestarts  2


--------------------------------------------------------------------------------
                              INITIAL DATAPOINT 1                               
--------------------------------------------------------------------------------
| Evaluating objective function at x = -5.000E+01 -5.000E+01
| Objective function evaluated, time [s]       22.015
| Data point added to dataset (x y): 
 -5.0000000000E+01 -5.0000000000E+01      -8.8028087139E+03

| Total ensemble size: 1
| Next sampling location x_next:
  1.3000000000E+02  1.0000000000E+01

Iteration time [s]:   22.016        Total time [s]:   22.848

--------------------------------------------------------------------------------
                              INITIAL DATAPOINT 2                               
--------------------------------------------------------------------------------
| Evaluating objective function at x = 1.300E+02 1.000E+01
| Objective function evaluated, time [s]        2.994
| Data point added to dataset (x y): 
  1.3000000000E+02  1.0000000000E+01      -8.8021999260E+03

| Total ensemble size: 2
| Best acquisition, x_best y_best:
 -5.0000000000E+01 -5.0000000000E+01      -8.8028087139E+03
| Global minimum prediction, x_hat mu_hat +- nu_hat:
 -5.0000000000E+01 -5.0000000000E+01      -8.8028087139E+03  1.0001999071E-08

| GP model hyperparameters (lengthscales variance):
  3.5458379278E-01  3.5458408803E-01       1.0474514597E-01
| Next sampling location x_next:
  7.8897071558E+00  7.0000000000E+01

Iteration time [s]:    3.331        Total time [s]:   26.180

--------------------------------------------------------------------------------
                                 BO ITERATION 1                                 
--------------------------------------------------------------------------------
| Evaluating objective function at x = 7.890E+00 7.000E+01
| Objective function evaluated, time [s]        3.547
| Data point added to dataset (x y): 
  7.8897071558E+00  7.0000000000E+01      -8.8023916519E+03

| Total ensemble size: 3
| Best acquisition, x_best y_best:
 -5.0000000000E+01 -5.0000000000E+01      -8.8028087139E+03
| Global minimum prediction, x_hat mu_hat +- nu_hat:
  1.3000000000E+02  1.0000000000E+01      -8.8021999261E+03  1.0001998751E-08
| Global minimum convergence, d_xhat d_muhat:
  1.8973665961E+02  9.9999989821E-01

| GP model hyperparameters (lengthscales variance):
  3.0806993602E-01  3.5491471511E-01       8.1115223806E-02
| Next sampling location x_next:
  2.6481135569E+02 -5.0000000000E+01

Iteration time [s]:    4.029        Total time [s]:   30.209

--------------------------------------------------------------------------------
                                 BO ITERATION 2                                 
--------------------------------------------------------------------------------
| Evaluating objective function at x = 2.648E+02 -5.000E+01
| Objective function evaluated, time [s]        3.640
| Data point added to dataset (x y): 
  2.6481135569E+02 -5.0000000000E+01      -8.8032008852E+03

| Total ensemble size: 4
| Best acquisition, x_best y_best:
  2.6481135569E+02 -5.0000000000E+01      -8.8032008852E+03
| Global minimum prediction, x_hat mu_hat +- nu_hat:
  2.5805008795E+02 -5.0000000000E+01      -8.8032093199E+03  1.9749754886E-03
| Global minimum convergence, d_xhat d_muhat:
  1.4141013055E+02  1.0084265292E+00

| GP model hyperparameters (lengthscales variance):
  3.9136729965E-01  3.5430990574E-01       1.6170246277E-01
| Next sampling location x_next:
  2.4799720152E+02 -3.3647267891E+01

Iteration time [s]:    4.095        Total time [s]:   34.304

--------------------------------------------------------------------------------
                                 BO ITERATION 3                                 
--------------------------------------------------------------------------------
| Evaluating objective function at x = 2.480E+02 -3.365E+01
| Objective function evaluated, time [s]        3.590
| Data point added to dataset (x y): 
  2.4799720152E+02 -3.3647267891E+01      -8.8031829388E+03

| Total ensemble size: 5
| Best acquisition, x_best y_best:
  2.6481135569E+02 -5.0000000000E+01      -8.8032008852E+03
| Global minimum prediction, x_hat mu_hat +- nu_hat:
  2.5260562846E+02 -4.3904451022E+01      -8.8032453367E+03  6.7318197622E-03
| Global minimum convergence, d_xhat d_muhat:
  8.1729955587E+00  3.5982350524E-02

| GP model hyperparameters (lengthscales variance):
  3.9977844745E-01  4.3798416305E-01       1.5191317837E-01
| Next sampling location x_next:
  1.9987073052E+02  7.0000000000E+01

Iteration time [s]:    4.138        Total time [s]:   38.443

--------------------------------------------------------------------------------
                                 BO ITERATION 4                                 
--------------------------------------------------------------------------------
| Evaluating objective function at x = 1.999E+02 7.000E+01
| Objective function evaluated, time [s]        3.374
| Data point added to dataset (x y): 
  1.9987073052E+02  7.0000000000E+01      -8.8031588169E+03

| Total ensemble size: 6
| Best acquisition, x_best y_best:
  2.6481135569E+02 -5.0000000000E+01      -8.8032008852E+03
| Global minimum prediction, x_hat mu_hat +- nu_hat:
  2.3982859541E+02 -4.6122672865E+01      -8.8032746585E+03  7.4083491199E-03
| Global minimum convergence, d_xhat d_muhat:
  1.2968156455E+01  2.9293618291E-02

| GP model hyperparameters (lengthscales variance):
  4.6597451764E-01  4.2808516356E-01       1.4857658443E-01
| Next sampling location x_next:
  2.4111013034E+02  4.4988494064E+01

Iteration time [s]:    4.030        Total time [s]:   42.474

--------------------------------------------------------------------------------
                                 BO ITERATION 5                                 
--------------------------------------------------------------------------------
| Evaluating objective function at x = 2.411E+02 4.499E+01
| Objective function evaluated, time [s]        3.379
| Data point added to dataset (x y): 
  2.4111013034E+02  4.4988494064E+01      -8.8032686398E+03

| Total ensemble size: 7
| Best acquisition, x_best y_best:
  2.4111013034E+02  4.4988494064E+01      -8.8032686398E+03
| Global minimum prediction, x_hat mu_hat +- nu_hat:
  2.3925207792E+02  5.5886269785E+01      -8.8033007662E+03  1.3498892134E-02
| Global minimum convergence, d_xhat d_muhat:
  1.0201057177E+02  2.4429162701E-02

| GP model hyperparameters (lengthscales variance):
  4.5244512444E-01  5.0645288800E-01       1.4787250668E-01
| Next sampling location x_next:
  2.8030520257E+02  1.7545388228E+01

Iteration time [s]:    3.983        Total time [s]:   46.457

--------------------------------------------------------------------------------
                                 BO ITERATION 6                                 
--------------------------------------------------------------------------------
| Evaluating objective function at x = 2.803E+02 1.755E+01
| Objective function evaluated, time [s]        3.433
| Data point added to dataset (x y): 
  2.8030520257E+02  1.7545388228E+01      -8.8030427145E+03

| Total ensemble size: 8
| Best acquisition, x_best y_best:
  2.4111013034E+02  4.4988494064E+01      -8.8032686398E+03
| Global minimum prediction, x_hat mu_hat +- nu_hat:
  2.3979524835E+02  5.7086275161E+01      -8.8032972979E+03  9.0398798785E-03
| Global minimum convergence, d_xhat d_muhat:
  1.3172118326E+00  3.2453096658E-03

| GP model hyperparameters (lengthscales variance):
  4.4749917944E-01  5.5938916301E-01       1.3165307589E-01
| Next sampling location x_next:
  2.3400582925E+02 -4.9007120404E+00

Iteration time [s]:    4.042        Total time [s]:   50.500

--------------------------------------------------------------------------------
                                 BO ITERATION 7                                 
--------------------------------------------------------------------------------
| Evaluating objective function at x = 2.340E+02 -4.901E+00
| Objective function evaluated, time [s]        3.447
| Data point added to dataset (x y): 
  2.3400582925E+02 -4.9007120404E+00      -8.8031064204E+03

| Total ensemble size: 9
| Best acquisition, x_best y_best:
  2.4111013034E+02  4.4988494064E+01      -8.8032686398E+03
| Global minimum prediction, x_hat mu_hat +- nu_hat:
  2.3854056506E+02  5.8597581338E+01      -8.8033054982E+03  5.4808356582E-03
| Global minimum convergence, d_xhat d_muhat:
  1.9642496039E+00  7.6729809552E-03

| GP model hyperparameters (lengthscales variance):
  4.5399639495E-01  6.7918296806E-01       1.2213082031E-01
| Next sampling location x_next:
  2.9509880123E+02 -1.1818289191E+01

Iteration time [s]:    4.017        Total time [s]:   54.518

--------------------------------------------------------------------------------
                                 BO ITERATION 8                                 
--------------------------------------------------------------------------------
| Evaluating objective function at x = 2.951E+02 -1.182E+01
| Objective function evaluated, time [s]        3.515
| Data point added to dataset (x y): 
  2.9509880123E+02 -1.1818289191E+01      -8.8028764357E+03

| Total ensemble size: 10
| Best acquisition, x_best y_best:
  2.4111013034E+02  4.4988494064E+01      -8.8032686398E+03
| Global minimum prediction, x_hat mu_hat +- nu_hat:
  2.3804989394E+02  5.9954628339E+01      -8.8033057602E+03  3.2679565422E-03
| Global minimum convergence, d_xhat d_muhat:
  1.4430296996E+00  2.4516642389E-04

| GP model hyperparameters (lengthscales variance):
  4.8395260127E-01  8.1044476928E-01       1.1280055799E-01
| Next sampling location x_next:
  2.1606885800E+02  2.6123124252E+01

Iteration time [s]:    4.199        Total time [s]:   58.717

--------------------------------------------------------------------------------
                                 BO ITERATION 9                                 
--------------------------------------------------------------------------------
| Evaluating objective function at x = 2.161E+02 2.612E+01
| Objective function evaluated, time [s]        3.318
| Data point added to dataset (x y): 
  2.1606885800E+02  2.6123124252E+01      -8.8031593570E+03

| Total ensemble size: 11
| Best acquisition, x_best y_best:
  2.4111013034E+02  4.4988494064E+01      -8.8032686398E+03
| Global minimum prediction, x_hat mu_hat +- nu_hat:
  2.3558605804E+02  6.0932124248E+01      -8.8032976203E+03  2.4586125569E-03
| Global minimum convergence, d_xhat d_muhat:
  2.6506575746E+00  7.6165188131E-03

| GP model hyperparameters (lengthscales variance):
  5.0226656078E-01  9.2086368442E-01       1.1064443382E-01
| Next sampling location x_next:
  2.3026591840E+02  6.3730678759E+01

Iteration time [s]:    4.050        Total time [s]:   62.767

--------------------------------------------------------------------------------
                                BO ITERATION 10                                 
--------------------------------------------------------------------------------
| Evaluating objective function at x = 2.303E+02 6.373E+01
| Objective function evaluated, time [s]        3.327
| Data point added to dataset (x y): 
  2.3026591840E+02  6.3730678759E+01      -8.8032696368E+03

| Total ensemble size: 12
| Best acquisition, x_best y_best:
  2.3026591840E+02  6.3730678759E+01      -8.8032696368E+03
| Global minimum prediction, x_hat mu_hat +- nu_hat:
  2.3876721019E+02  5.7372396032E+01      -8.8032782940E+03  9.6964090841E-05
| Global minimum convergence, d_xhat d_muhat:
  4.7740332992E+00  1.8066834230E-02

| GP model hyperparameters (lengthscales variance):
  5.4173366745E-01  9.8540770944E-01       1.1287577476E-01
| Next sampling location x_next:
  2.0108264439E+02  4.8481048809E+01

Iteration time [s]:    3.966        Total time [s]:   66.734

--------------------------------------------------------------------------------
                                BO ITERATION 11                                 
--------------------------------------------------------------------------------
| Evaluating objective function at x = 2.011E+02 4.848E+01
| Objective function evaluated, time [s]        3.401
| Data point added to dataset (x y): 
  2.0108264439E+02  4.8481048809E+01      -8.8031712696E+03

| Total ensemble size: 13
| Best acquisition, x_best y_best:
  2.3026591840E+02  6.3730678759E+01      -8.8032696368E+03
| Global minimum prediction, x_hat mu_hat +- nu_hat:
  2.3751010263E+02  5.6071657115E+01      -8.8032797366E+03  4.6218995076E-05
| Global minimum convergence, d_xhat d_muhat:
  1.8089337037E+00  1.3485442858E-03

| GP model hyperparameters (lengthscales variance):
  5.6065027666E-01  1.1098015644E+00       1.1084898714E-01
| Next sampling location x_next:
  2.5853708354E+02  5.2327728521E+01

Iteration time [s]:    4.089        Total time [s]:   70.823

--------------------------------------------------------------------------------
                                BO ITERATION 12                                 
--------------------------------------------------------------------------------
| Evaluating objective function at x = 2.585E+02 5.233E+01
| Objective function evaluated, time [s]        3.352
| Data point added to dataset (x y): 
  2.5853708354E+02  5.2327728521E+01      -8.8032473143E+03

| Total ensemble size: 14
| Best acquisition, x_best y_best:
  2.3026591840E+02  6.3730678759E+01      -8.8032696368E+03
| Global minimum prediction, x_hat mu_hat +- nu_hat:
  2.3837461474E+02  5.6122226880E+01      -8.8032806337E+03  2.0524685909E-05
| Global minimum convergence, d_xhat d_muhat:
  8.6598989427E-01  8.3863738286E-04

| GP model hyperparameters (lengthscales variance):
  5.7739920389E-01  1.2628954219E+00       1.1003283646E-01
| Next sampling location x_next:
  2.4032195262E+02 -5.0000000000E+01

Iteration time [s]:    4.127        Total time [s]:   74.951

--------------------------------------------------------------------------------
                                BO ITERATION 13                                 
--------------------------------------------------------------------------------
| Evaluating objective function at x = 2.403E+02 -5.000E+01
| Objective function evaluated, time [s]        3.362
| Data point added to dataset (x y): 
  2.4032195262E+02 -5.0000000000E+01      -8.8032548798E+03

| Total ensemble size: 15
| Best acquisition, x_best y_best:
  2.3026591840E+02  6.3730678759E+01      -8.8032696368E+03
| Global minimum prediction, x_hat mu_hat +- nu_hat:
  2.3703348358E+02  5.5235681964E+01      -8.8032810842E+03  1.2863802588E-05
| Global minimum convergence, d_xhat d_muhat:
  1.6076674675E+00  4.2122515061E-04

| GP model hyperparameters (lengthscales variance):
  5.8361289427E-01  1.3886209460E+00       1.0960759285E-01
| Next sampling location x_next:
  2.3941779778E+02  5.5785636147E+01

Iteration time [s]:    4.056        Total time [s]:   79.008

--------------------------------------------------------------------------------
                                BO ITERATION 14                                 
--------------------------------------------------------------------------------
| Evaluating objective function at x = 2.394E+02 5.579E+01
| Objective function evaluated, time [s]        3.166
| Data point added to dataset (x y): 
  2.3941779778E+02  5.5785636147E+01      -8.8032791661E+03

| Total ensemble size: 16
| Best acquisition, x_best y_best:
  2.3941779778E+02  5.5785636147E+01      -8.8032791661E+03
| Global minimum prediction, x_hat mu_hat +- nu_hat:
  2.3653685831E+02  5.5125394823E+01      -8.8032797380E+03  2.3111202926E-07
| Global minimum convergence, d_xhat d_muhat:
  5.0872380624E-01  1.2473818530E-03

| GP model hyperparameters (lengthscales variance):
  5.9122448011E-01  1.5428228385E+00       1.0853601593E-01
| Next sampling location x_next:
  2.3296440497E+02  5.2337314712E+01

Iteration time [s]:    3.839        Total time [s]:   82.847

--------------------------------------------------------------------------------
                                BO ITERATION 15                                 
--------------------------------------------------------------------------------
| Evaluating objective function at x = 2.330E+02 5.234E+01
| Objective function evaluated, time [s]        3.310
| Acquisition location too confident, doing pure exploration
| Data point added to dataset (x y): 
  2.3296440497E+02  5.2337314712E+01      -8.8032782360E+03

| Total ensemble size: 17
| Best acquisition, x_best y_best:
  2.3941779778E+02  5.5785636147E+01      -8.8032791661E+03
| Global minimum prediction, x_hat mu_hat +- nu_hat:
  2.3635255502E+02  5.4969356204E+01      -8.8032798272E+03  9.8199903430E-09
| Global minimum convergence, d_xhat d_muhat:
  2.4148654603E-01  8.2650634252E-05

| GP model hyperparameters (lengthscales variance):
  6.0015096176E-01  1.6841129715E+00       1.0731327845E-01
| Next sampling location x_next:
  8.4266478946E+01  6.1897062948E+01

Iteration time [s]:    4.242        Total time [s]:   87.090

--------------------------------------------------------------------------------
                                BO ITERATION 16                                 
--------------------------------------------------------------------------------
| Evaluating objective function at x = 8.427E+01 6.190E+01
| Objective function evaluated, time [s]        3.151
| Acquisition location too confident, doing pure exploration
| Data point added to dataset (x y): 
  8.4266478946E+01  6.1897062948E+01      -8.8027168574E+03

| Total ensemble size: 18
| Best acquisition, x_best y_best:
  2.3941779778E+02  5.5785636147E+01      -8.8032791661E+03
| Global minimum prediction, x_hat mu_hat +- nu_hat:
  2.3629877716E+02  5.5098657527E+01      -8.8032798384E+03  1.5769414297E-08
| Global minimum convergence, d_xhat d_muhat:
  1.4003889071E-01  1.0371949959E-05

| GP model hyperparameters (lengthscales variance):
  5.6862681554E-01  1.4008345743E+00       1.1254444182E-01
| Next sampling location x_next:
  4.4053707403E+01  1.0243707670E+01

Iteration time [s]:    4.031        Total time [s]:   91.121

--------------------------------------------------------------------------------
                                BO ITERATION 17                                 
--------------------------------------------------------------------------------
| Evaluating objective function at x = 4.405E+01 1.024E+01
| Objective function evaluated, time [s]        3.204
| Acquisition location too confident, doing pure exploration
| Data point added to dataset (x y): 
  4.4053707403E+01  1.0243707670E+01      -8.8027389415E+03

| Total ensemble size: 19
| Best acquisition, x_best y_best:
  2.3941779778E+02  5.5785636147E+01      -8.8032791661E+03
| Global minimum prediction, x_hat mu_hat +- nu_hat:
  2.3634089357E+02  5.5010975888E+01      -8.8032798083E+03  2.1457367599E-08
| Global minimum convergence, d_xhat d_muhat:
  9.7272104188E-02  2.7875398188E-05

| GP model hyperparameters (lengthscales variance):
  4.7402141384E-01  1.4287682586E+00       9.2593851249E-02
| Next sampling location x_next:
  8.0995187415E+01 -1.9617451886E+01

Iteration time [s]:    4.333        Total time [s]:   95.455

--------------------------------------------------------------------------------
                                BO ITERATION 18                                 
--------------------------------------------------------------------------------
| Evaluating objective function at x = 8.100E+01 -1.962E+01
| Objective function evaluated, time [s]        2.915
| Acquisition location too confident, doing pure exploration
| Data point added to dataset (x y): 
  8.0995187415E+01 -1.9617451886E+01      -8.8026546066E+03

| Total ensemble size: 20
| Best acquisition, x_best y_best:
  2.3941779778E+02  5.5785636147E+01      -8.8032791661E+03
| Global minimum prediction, x_hat mu_hat +- nu_hat:
  2.3644763677E+02  5.4955047529E+01      -8.8032798000E+03  2.0231338293E-08
| Global minimum convergence, d_xhat d_muhat:
  1.2050763950E-01  7.7086587474E-06

| GP model hyperparameters (lengthscales variance):
  4.5760207072E-01  1.5098693446E+00       8.4185308957E-02
| Next sampling location x_next:
 -1.1504917423E+01  1.9901219611E+01

Iteration time [s]:    3.886        Total time [s]:   99.341

--------------------------------------------------------------------------------
                                BO ITERATION 19                                 
--------------------------------------------------------------------------------
| Evaluating objective function at x = -1.150E+01 1.990E+01
| Objective function evaluated, time [s]        2.972
| Acquisition location too confident, doing pure exploration
| Data point added to dataset (x y): 
 -1.1504917423E+01  1.9901219611E+01      -8.8022230289E+03

| Total ensemble size: 21
| Best acquisition, x_best y_best:
  2.3941779778E+02  5.5785636147E+01      -8.8032791661E+03
| Global minimum prediction, x_hat mu_hat +- nu_hat:
  2.3647217199E+02  5.4846394359E+01      -8.8032798460E+03  2.9616174313E-08
| Global minimum convergence, d_xhat d_muhat:
  1.1138890716E-01  4.2657073970E-05

| GP model hyperparameters (lengthscales variance):
  4.1261514246E-01  1.6435286972E+00       8.8720281040E-02
| Next sampling location x_next:
  1.3572820404E+02  7.0000000000E+01

Iteration time [s]:    4.024        Total time [s]:  103.366

--------------------------------------------------------------------------------
                                BO ITERATION 20                                 
--------------------------------------------------------------------------------
| Evaluating objective function at x = 1.357E+02 7.000E+01
| Objective function evaluated, time [s]        3.005
| Acquisition location too confident, doing pure exploration
| Data point added to dataset (x y): 
  1.3572820404E+02  7.0000000000E+01      -8.8024114166E+03

| Total ensemble size: 22
| Best acquisition, x_best y_best:
  2.3941779778E+02  5.5785636147E+01      -8.8032791661E+03
| Global minimum prediction, x_hat mu_hat +- nu_hat:
  2.3651746913E+02  5.4805816606E+01      -8.8032798397E+03  2.7528725419E-08
| Global minimum convergence, d_xhat d_muhat:
  6.0814342606E-02  5.9235568770E-06

| GP model hyperparameters (lengthscales variance):
  4.0781205130E-01  1.7157564394E+00       8.2813476681E-02
| Next sampling location x_next:
  1.6506286522E+02 -8.3563241136E+00

Iteration time [s]:    4.028        Total time [s]:  107.394

--------------------------------------------------------------------------------
                                BO ITERATION 21                                 
--------------------------------------------------------------------------------
| Evaluating objective function at x = 1.651E+02 -8.356E+00
| Objective function evaluated, time [s]        3.027
| Acquisition location too confident, doing pure exploration
| Data point added to dataset (x y): 
  1.6506286522E+02 -8.3563241136E+00      -8.8026660509E+03

| Total ensemble size: 23
| Best acquisition, x_best y_best:
  2.3941779778E+02  5.5785636147E+01      -8.8032791661E+03
| Global minimum prediction, x_hat mu_hat +- nu_hat:
  2.3645985246E+02  5.4827765888E+01      -8.8032799018E+03  2.4430290049E-08
| Global minimum convergence, d_xhat d_muhat:
  6.1655908675E-02  5.7588121459E-05

| GP model hyperparameters (lengthscales variance):
  4.0241966170E-01  1.7460328309E+00       8.0188359921E-02
| Next sampling location x_next:
 -8.1096263369E-01 -1.5913601868E+01

Iteration time [s]:    4.107        Total time [s]:  111.501

--------------------------------------------------------------------------------
                                BO ITERATION 22                                 
--------------------------------------------------------------------------------
| Evaluating objective function at x = -8.110E-01 -1.591E+01
| Objective function evaluated, time [s]        2.985
| Acquisition location too confident, doing pure exploration
| Data point added to dataset (x y): 
 -8.1096263369E-01 -1.5913601868E+01      -8.8022075139E+03

| Total ensemble size: 24
| Best acquisition, x_best y_best:
  2.3941779778E+02  5.5785636147E+01      -8.8032791661E+03
| Global minimum prediction, x_hat mu_hat +- nu_hat:
  2.3649948742E+02  5.4786259362E+01      -8.8032799119E+03  2.3897249340E-08
| Global minimum convergence, d_xhat d_muhat:
  5.7390957354E-02  9.3781920022E-06

| GP model hyperparameters (lengthscales variance):
  3.9998948942E-01  1.8060333237E+00       7.8784811505E-02
| Next sampling location x_next:
  1.5241883494E+02  3.7192223456E+01

Iteration time [s]:    4.008        Total time [s]:  115.509

--------------------------------------------------------------------------------
                                BO ITERATION 23                                 
--------------------------------------------------------------------------------
| Evaluating objective function at x = 1.524E+02 3.719E+01
| Objective function evaluated, time [s]        2.931
| Acquisition location too confident, doing pure exploration
| Data point added to dataset (x y): 
  1.5241883494E+02  3.7192223456E+01      -8.8026024718E+03

| Total ensemble size: 25
| Best acquisition, x_best y_best:
  2.3941779778E+02  5.5785636147E+01      -8.8032791661E+03
| Global minimum prediction, x_hat mu_hat +- nu_hat:
  2.3653219924E+02  5.4707387067E+01      -8.8032799745E+03  2.2435024444E-08
| Global minimum convergence, d_xhat d_muhat:
  8.5386776723E-02  5.7938882464E-05

| GP model hyperparameters (lengthscales variance):
  3.9564872063E-01  1.8505103718E+00       7.9004888434E-02
| Next sampling location x_next:
  4.7661225307E+01 -3.8898625680E+01

Iteration time [s]:    4.054        Total time [s]:  119.564

--------------------------------------------------------------------------------
                                BO ITERATION 24                                 
--------------------------------------------------------------------------------
| Evaluating objective function at x = 4.766E+01 -3.890E+01
| Objective function evaluated, time [s]        2.880
| Acquisition location too confident, doing pure exploration
| Data point added to dataset (x y): 
  4.7661225307E+01 -3.8898625680E+01      -8.8028383252E+03

| Total ensemble size: 26
| Best acquisition, x_best y_best:
  2.3941779778E+02  5.5785636147E+01      -8.8032791661E+03
| Global minimum prediction, x_hat mu_hat +- nu_hat:
  2.3653427313E+02  5.4708543722E+01      -8.8032799737E+03  1.9883040056E-08
| Global minimum convergence, d_xhat d_muhat:
  2.3746298888E-03  6.6180978125E-07

| GP model hyperparameters (lengthscales variance):
  4.0238510751E-01  1.9094716755E+00       7.9015091489E-02
| Next sampling location x_next:
  8.0087520331E+01  2.3804310989E+01

Iteration time [s]:    3.959        Total time [s]:  123.524

--------------------------------------------------------------------------------
                                BO ITERATION 25                                 
--------------------------------------------------------------------------------
| Evaluating objective function at x = 8.009E+01 2.380E+01
| Objective function evaluated, time [s]        2.956
| Acquisition location too confident, doing pure exploration
| Data point added to dataset (x y): 
  8.0087520331E+01  2.3804310989E+01      -8.8026783116E+03

| Total ensemble size: 27
| Best acquisition, x_best y_best:
  2.3941779778E+02  5.5785636147E+01      -8.8032791661E+03
| Global minimum prediction, x_hat mu_hat +- nu_hat:
  2.3653219636E+02  5.4712622633E+01      -8.8032799749E+03  1.7947262740E-08
| Global minimum convergence, d_xhat d_muhat:
  4.5771702571E-03  1.0625692249E-06

| GP model hyperparameters (lengthscales variance):
  4.0783602473E-01  1.9772548050E+00       7.8585929909E-02
| Next sampling location x_next:
  1.1208500703E+02  4.2102377218E+01

Iteration time [s]:    4.075        Total time [s]:  127.599

--------------------------------------------------------------------------------
                                BO ITERATION 26                                 
--------------------------------------------------------------------------------
| Evaluating objective function at x = 1.121E+02 4.210E+01
| Objective function evaluated, time [s]        2.885
| Acquisition location too confident, doing pure exploration
| Data point added to dataset (x y): 
  1.1208500703E+02  4.2102377218E+01      -8.8023092398E+03

| Total ensemble size: 28
| Best acquisition, x_best y_best:
  2.3941779778E+02  5.5785636147E+01      -8.8032791661E+03
| Global minimum prediction, x_hat mu_hat +- nu_hat:
  2.3649169702E+02  5.4761314295E+01      -8.8032799703E+03  1.8045648262E-08
| Global minimum convergence, d_xhat d_muhat:
  6.3333040178E-02  4.2417014044E-06

| GP model hyperparameters (lengthscales variance):
  4.0429061477E-01  2.0440919389E+00       7.7583495157E-02
| Next sampling location x_next:
  2.9993478968E+01  4.1224914141E+01

Iteration time [s]:    4.032        Total time [s]:  131.632

--------------------------------------------------------------------------------
                                BO ITERATION 27                                 
--------------------------------------------------------------------------------
| Evaluating objective function at x = 2.999E+01 4.122E+01
| Objective function evaluated, time [s]        2.896
| Acquisition location too confident, doing pure exploration
| Data point added to dataset (x y): 
  2.9993478968E+01  4.1224914141E+01      -8.8026955679E+03

| Total ensemble size: 29
| Best acquisition, x_best y_best:
  2.3941779778E+02  5.5785636147E+01      -8.8032791661E+03
| Global minimum prediction, x_hat mu_hat +- nu_hat:
  2.3649672992E+02  5.4760800691E+01      -8.8032799813E+03  1.7035933145E-08
| Global minimum convergence, d_xhat d_muhat:
  5.0590380453E-03  1.0148358421E-05

| GP model hyperparameters (lengthscales variance):
  4.0660762238E-01  2.0905246035E+00       7.7759866091E-02
| Next sampling location x_next:
 -2.5034063063E+01 -3.1796936723E+01

Iteration time [s]:    4.029        Total time [s]:  135.661

--------------------------------------------------------------------------------
                                BO ITERATION 28                                 
--------------------------------------------------------------------------------
| Evaluating objective function at x = -2.503E+01 -3.180E+01
| Objective function evaluated, time [s]        2.924
| Acquisition location too confident, doing pure exploration
| Data point added to dataset (x y): 
 -2.5034063063E+01 -3.1796936723E+01      -8.8023930387E+03

| Total ensemble size: 30
| Best acquisition, x_best y_best:
  2.3941779778E+02  5.5785636147E+01      -8.8032791661E+03
| Global minimum prediction, x_hat mu_hat +- nu_hat:
  2.3646783040E+02  5.4781405073E+01      -8.8032799717E+03  1.3885962000E-08
| Global minimum convergence, d_xhat d_muhat:
  3.5492576754E-02  8.8616330383E-06

| GP model hyperparameters (lengthscales variance):
  4.1592046784E-01  2.1311966815E+00       7.9276609913E-02
| Next sampling location x_next:
 -4.3659208942E+01  3.0673181949E+01

Iteration time [s]:    4.069        Total time [s]:  139.731

--------------------------------------------------------------------------------
                                BO ITERATION 29                                 
--------------------------------------------------------------------------------
| Evaluating objective function at x = -4.366E+01 3.067E+01
| Objective function evaluated, time [s]        2.867
| Acquisition location too confident, doing pure exploration
| Data point added to dataset (x y): 
 -4.3659208942E+01  3.0673181949E+01      -8.8026767039E+03

| Total ensemble size: 31
| Best acquisition, x_best y_best:
  2.3941779778E+02  5.5785636147E+01      -8.8032791661E+03
| Global minimum prediction, x_hat mu_hat +- nu_hat:
  2.3643494496E+02  5.4812511975E+01      -8.8032799693E+03  1.3739193957E-08
| Global minimum convergence, d_xhat d_muhat:
  4.5266889556E-02  2.2089955995E-06

| GP model hyperparameters (lengthscales variance):
  4.1680181588E-01  2.1530701165E+00       7.9637013167E-02
| Next sampling location x_next:
  1.1516624157E+02 -2.4572418566E+01

Iteration time [s]:    4.083        Total time [s]:  143.814

--------------------------------------------------------------------------------
                                BO ITERATION 30                                 
--------------------------------------------------------------------------------
| Evaluating objective function at x = 1.152E+02 -2.457E+01
| Objective function evaluated, time [s]        2.903
| Acquisition location too confident, doing pure exploration
| Data point added to dataset (x y): 
  1.1516624157E+02 -2.4572418566E+01      -8.8022288876E+03

| Total ensemble size: 32
| Best acquisition, x_best y_best:
  2.3941779778E+02  5.5785636147E+01      -8.8032791661E+03
| Global minimum prediction, x_hat mu_hat +- nu_hat:
  2.3639939901E+02  5.4839038137E+01      -8.8032799637E+03  1.3346302932E-08
| Global minimum convergence, d_xhat d_muhat:
  4.4352589799E-02  5.1817007152E-06

| GP model hyperparameters (lengthscales variance):
  4.1860402194E-01  2.1978592888E+00       8.0248356203E-02
| Next sampling location x_next:
  2.0099139562E+02 -1.2529699466E+01

Iteration time [s]:    4.016        Total time [s]:  147.831

--------------------------------------------------------------------------------
                                BO ITERATION 31                                 
--------------------------------------------------------------------------------
| Evaluating objective function at x = 2.010E+02 -1.253E+01
| Objective function evaluated, time [s]        2.921
| Acquisition location too confident, doing pure exploration
| Data point added to dataset (x y): 
  2.0099139562E+02 -1.2529699466E+01      -8.8030248813E+03

| Total ensemble size: 33
| Best acquisition, x_best y_best:
  2.3941779778E+02  5.5785636147E+01      -8.8032791661E+03
| Global minimum prediction, x_hat mu_hat +- nu_hat:
  2.3643920160E+02  5.4804757503E+01      -8.8032799637E+03  1.2275778680E-08
| Global minimum convergence, d_xhat d_muhat:
  5.2530072080E-02  5.2022647118E-08

| GP model hyperparameters (lengthscales variance):
  4.2494290424E-01  2.2642185766E+00       8.1953139540E-02
| Next sampling location x_next:
 -3.4206433867E+01  3.1269663196E+00

Iteration time [s]:    4.223        Total time [s]:  152.054

--------------------------------------------------------------------------------
                                BO ITERATION 32                                 
--------------------------------------------------------------------------------
| Evaluating objective function at x = -3.421E+01 3.127E+00
| Objective function evaluated, time [s]        2.893
| Acquisition location too confident, doing pure exploration
| Data point added to dataset (x y): 
 -3.4206433867E+01  3.1269663196E+00      -8.8024585818E+03

| Total ensemble size: 34
| Best acquisition, x_best y_best:
  2.3941779778E+02  5.5785636147E+01      -8.8032791661E+03
| Global minimum prediction, x_hat mu_hat +- nu_hat:
  2.3641405843E+02  5.4809271385E+01      -8.8032799353E+03  1.2992049098E-08
| Global minimum convergence, d_xhat d_muhat:
  2.5545137332E-02  2.6258942662E-05

| GP model hyperparameters (lengthscales variance):
  4.1100107267E-01  2.2921082710E+00       7.6224350304E-02
| Next sampling location x_next:
 -1.9105190347E+01  5.2027448372E+01

Iteration time [s]:    4.201        Total time [s]:  156.255

--------------------------------------------------------------------------------
                                BO ITERATION 33                                 
--------------------------------------------------------------------------------
| Evaluating objective function at x = -1.911E+01 5.203E+01
| Objective function evaluated, time [s]        2.883
| Acquisition location too confident, doing pure exploration
| Data point added to dataset (x y): 
 -1.9105190347E+01  5.2027448372E+01      -8.8023783033E+03

| Total ensemble size: 35
| Best acquisition, x_best y_best:
  2.3941779778E+02  5.5785636147E+01      -8.8032791661E+03
| Global minimum prediction, x_hat mu_hat +- nu_hat:
  2.3640394198E+02  5.4811303565E+01      -8.8032799341E+03  1.2638866365E-08
| Global minimum convergence, d_xhat d_muhat:
  1.0318548736E-02  1.1629891477E-06

| GP model hyperparameters (lengthscales variance):
  4.0769559147E-01  2.3852863764E+00       7.4116669168E-02
| Next sampling location x_next:
  2.7996451769E+01 -1.6754014276E+01

Iteration time [s]:    4.097        Total time [s]:  160.353

--------------------------------------------------------------------------------
                                BO ITERATION 34                                 
--------------------------------------------------------------------------------
| Evaluating objective function at x = 2.800E+01 -1.675E+01
| Objective function evaluated, time [s]        2.991
| Acquisition location too confident, doing pure exploration
| Data point added to dataset (x y): 
  2.7996451769E+01 -1.6754014276E+01      -8.8025771620E+03

| Total ensemble size: 36
| Best acquisition, x_best y_best:
  2.3941779778E+02  5.5785636147E+01      -8.8032791661E+03
| Global minimum prediction, x_hat mu_hat +- nu_hat:
  2.3642238346E+02  5.4851866354E+01      -8.8032798790E+03  2.2790806028E-08
| Global minimum convergence, d_xhat d_muhat:
  4.4558142130E-02  5.1016620878E-05

| GP model hyperparameters (lengthscales variance):
  3.5370899346E-01  2.2896735770E+00       5.9840950188E-02
| Next sampling location x_next:
  1.6657976460E+02 -5.0000000000E+01

Iteration time [s]:    4.346        Total time [s]:  164.699

--------------------------------------------------------------------------------
                                BO ITERATION 35                                 
--------------------------------------------------------------------------------
| Evaluating objective function at x = 1.666E+02 -5.000E+01
| Objective function evaluated, time [s]        2.888
| Acquisition location too confident, doing pure exploration
| Data point added to dataset (x y): 
  1.6657976460E+02 -5.0000000000E+01      -8.8028356900E+03

| Total ensemble size: 37
| Best acquisition, x_best y_best:
  2.3941779778E+02  5.5785636147E+01      -8.8032791661E+03
| Global minimum prediction, x_hat mu_hat +- nu_hat:
  2.3648709643E+02  5.4841099830E+01      -8.8032798510E+03  2.0074804258E-08
| Global minimum convergence, d_xhat d_muhat:
  6.5602485464E-02  2.5928481041E-05

| GP model hyperparameters (lengthscales variance):
  3.5427201419E-01  2.3261829732E+00       5.9592377975E-02
| Next sampling location x_next:
  9.9090490971E+01  3.7043050444E+00

Iteration time [s]:    4.174        Total time [s]:  168.873

--------------------------------------------------------------------------------
                                BO ITERATION 36                                 
--------------------------------------------------------------------------------
| Evaluating objective function at x = 9.909E+01 3.704E+00
| Objective function evaluated, time [s]        2.913
| Acquisition location too confident, doing pure exploration
| Data point added to dataset (x y): 
  9.9090490971E+01  3.7043050444E+00      -8.8023475496E+03

| Total ensemble size: 38
| Best acquisition, x_best y_best:
  2.3941779778E+02  5.5785636147E+01      -8.8032791661E+03
| Global minimum prediction, x_hat mu_hat +- nu_hat:
  2.3648673767E+02  5.4845201540E+01      -8.8032798491E+03  1.9351483313E-08
| Global minimum convergence, d_xhat d_muhat:
  4.1173691761E-03  1.8335412820E-06

| GP model hyperparameters (lengthscales variance):
  3.5449203192E-01  2.3795618940E+00       5.8990197032E-02
| Next sampling location x_next:
  1.7836493579E+02  1.7145077256E+01

Iteration time [s]:    4.334        Total time [s]:  173.208

--------------------------------------------------------------------------------
                                BO ITERATION 37                                 
--------------------------------------------------------------------------------
| Evaluating objective function at x = 1.784E+02 1.715E+01
| Objective function evaluated, time [s]        2.949
| Acquisition location too confident, doing pure exploration
| Data point added to dataset (x y): 
  1.7836493579E+02  1.7145077256E+01      -8.8028600462E+03

| Total ensemble size: 39
| Best acquisition, x_best y_best:
  2.3941779778E+02  5.5785636147E+01      -8.8032791661E+03
| Global minimum prediction, x_hat mu_hat +- nu_hat:
  2.3650256763E+02  5.4847492487E+01      -8.8032798603E+03  1.3654147439E-08
| Global minimum convergence, d_xhat d_muhat:
  1.5994877963E-02  1.0405456413E-05

| GP model hyperparameters (lengthscales variance):
  3.5689892563E-01  2.4339004294E+00       5.9243594754E-02
| Next sampling location x_next:
  5.8928577488E+01  4.7460702634E+01

Iteration time [s]:    4.309        Total time [s]:  177.517

--------------------------------------------------------------------------------
                                BO ITERATION 38                                 
--------------------------------------------------------------------------------
| Evaluating objective function at x = 5.893E+01 4.746E+01
| Objective function evaluated, time [s]        2.958
| Acquisition location too confident, doing pure exploration
| Data point added to dataset (x y): 
  5.8928577488E+01  4.7460702634E+01      -8.8028916484E+03

| Total ensemble size: 40
| Best acquisition, x_best y_best:
  2.3941779778E+02  5.5785636147E+01      -8.8032791661E+03
| Global minimum prediction, x_hat mu_hat +- nu_hat:
  2.3645369277E+02  5.4845830708E+01      -8.8032798647E+03  1.3083942459E-08
| Global minimum convergence, d_xhat d_muhat:
  4.8903106295E-02  4.1030322120E-06

| GP model hyperparameters (lengthscales variance):
  3.5727033601E-01  2.5271320248E+00       5.9303317044E-02
| Next sampling location x_next:
  2.5887360666E+02  3.5349556308E+00

Iteration time [s]:    4.351        Total time [s]:  181.869

--------------------------------------------------------------------------------
                                BO ITERATION 39                                 
--------------------------------------------------------------------------------
| Evaluating objective function at x = 2.589E+02 3.535E+00
| Objective function evaluated, time [s]        2.888
| Acquisition location too confident, doing pure exploration
| Data point added to dataset (x y): 
  2.5887360666E+02  3.5349556308E+00      -8.8030975042E+03

| Total ensemble size: 41
| Best acquisition, x_best y_best:
  2.3941779778E+02  5.5785636147E+01      -8.8032791661E+03
| Global minimum prediction, x_hat mu_hat +- nu_hat:
  2.3647138468E+02  5.4864257146E+01      -8.8032798592E+03  1.1728864797E-08
| Global minimum convergence, d_xhat d_muhat:
  2.5544809823E-02  5.0664118819E-06

| GP model hyperparameters (lengthscales variance):
  3.5975833288E-01  2.5981494239E+00       6.0062256310E-02
| Next sampling location x_next:
  1.5119817583E+01  1.2877416659E+01

Iteration time [s]:    4.264        Total time [s]:  186.133

--------------------------------------------------------------------------------
                                BO ITERATION 40                                 
--------------------------------------------------------------------------------
| Evaluating objective function at x = 1.512E+01 1.288E+01
| Objective function evaluated, time [s]        2.894
| Acquisition location too confident, doing pure exploration
| Data point added to dataset (x y): 
  1.5119817583E+01  1.2877416659E+01      -8.8023853684E+03

| Total ensemble size: 42
| Best acquisition, x_best y_best:
  2.3941779778E+02  5.5785636147E+01      -8.8032791661E+03
| Global minimum prediction, x_hat mu_hat +- nu_hat:
  2.3649428159E+02  5.4860708094E+01      -8.8032798563E+03  1.1177012352E-08
| Global minimum convergence, d_xhat d_muhat:
  2.3170332744E-02  2.7143683290E-06

| GP model hyperparameters (lengthscales variance):
  3.6084857484E-01  2.6543703926E+00       6.0033531616E-02
| Next sampling location x_next:
  2.9241538295E+02  4.9798752191E+01

Iteration time [s]:    4.276        Total time [s]:  190.409

--------------------------------------------------------------------------------
                                BO ITERATION 41                                 
--------------------------------------------------------------------------------
| Evaluating objective function at x = 2.924E+02 4.980E+01
| Objective function evaluated, time [s]        2.913
| Acquisition location too confident, doing pure exploration
| Data point added to dataset (x y): 
  2.9241538295E+02  4.9798752191E+01      -8.8030295403E+03

| Total ensemble size: 43
| Best acquisition, x_best y_best:
  2.3941779778E+02  5.5785636147E+01      -8.8032791661E+03
| Global minimum prediction, x_hat mu_hat +- nu_hat:
  2.3642717547E+02  5.4865790009E+01      -8.8032798752E+03  9.3054890542E-09
| Global minimum convergence, d_xhat d_muhat:
  6.7298273563E-02  1.7466864170E-05

| GP model hyperparameters (lengthscales variance):
  3.6268483742E-01  2.7101490214E+00       6.0568604630E-02
| Next sampling location x_next:
  6.0590414616E+01 -9.7533030776E+00

Iteration time [s]:    4.313        Total time [s]:  194.723

--------------------------------------------------------------------------------
                                BO ITERATION 42                                 
--------------------------------------------------------------------------------
| Evaluating objective function at x = 6.059E+01 -9.753E+00
| Objective function evaluated, time [s]        2.902
| Acquisition location too confident, doing pure exploration
| Data point added to dataset (x y): 
  6.0590414616E+01 -9.7533030776E+00      -8.8027734499E+03

| Total ensemble size: 44
| Best acquisition, x_best y_best:
  2.3941779778E+02  5.5785636147E+01      -8.8032791661E+03
| Global minimum prediction, x_hat mu_hat +- nu_hat:
  2.3643391021E+02  5.4880693905E+01      -8.8032798812E+03  9.0965383364E-09
| Global minimum convergence, d_xhat d_muhat:
  1.6354901769E-02  5.6104602961E-06

| GP model hyperparameters (lengthscales variance):
  3.6294592860E-01  2.7975716449E+00       6.0808141427E-02
| Next sampling location x_next:
 -4.8034373753E+01 -2.3453950376E+01

Iteration time [s]:    4.287        Total time [s]:  199.010

--------------------------------------------------------------------------------
                                BO ITERATION 43                                 
--------------------------------------------------------------------------------
| Evaluating objective function at x = -4.803E+01 -2.345E+01
| Objective function evaluated, time [s]        2.900
| Acquisition location too confident, doing pure exploration
| Data point added to dataset (x y): 
 -4.8034373753E+01 -2.3453950376E+01      -8.8027011993E+03

| Total ensemble size: 45
| Best acquisition, x_best y_best:
  2.3941779778E+02  5.5785636147E+01      -8.8032791661E+03
| Global minimum prediction, x_hat mu_hat +- nu_hat:
  2.3647935322E+02  5.4852921190E+01      -8.8032798806E+03  8.8916368656E-09
| Global minimum convergence, d_xhat d_muhat:
  5.3257778938E-02  5.3237003278E-07

| GP model hyperparameters (lengthscales variance):
  3.6344465019E-01  2.8535356996E+00       6.1006943053E-02
| Next sampling location x_next:
  1.0638575772E+02 -4.6104988974E+01

Iteration time [s]:    4.392        Total time [s]:  203.402

--------------------------------------------------------------------------------
                                BO ITERATION 44                                 
--------------------------------------------------------------------------------
| Evaluating objective function at x = 1.064E+02 -4.610E+01
| Objective function evaluated, time [s]        3.698
| Acquisition location too confident, doing pure exploration
| Data point added to dataset (x y): 
  1.0638575772E+02 -4.6104988974E+01      -8.8023849090E+03

| Total ensemble size: 46
| Best acquisition, x_best y_best:
  2.3941779778E+02  5.5785636147E+01      -8.8032791661E+03
| Global minimum prediction, x_hat mu_hat +- nu_hat:
  2.3648140679E+02  5.4856201649E+01      -8.8032798820E+03  8.6219602790E-09
| Global minimum convergence, d_xhat d_muhat:
  3.8702134496E-03  1.2874231532E-06

| GP model hyperparameters (lengthscales variance):
  3.6541353919E-01  2.9177255657E+00       6.1476967475E-02
| Next sampling location x_next:
  3.2474098913E+01 -5.0000000000E+01

Iteration time [s]:    5.210        Total time [s]:  208.613

--------------------------------------------------------------------------------
                                BO ITERATION 45                                 
--------------------------------------------------------------------------------
| Evaluating objective function at x = 3.247E+01 -5.000E+01
| Objective function evaluated, time [s]        2.954
| Acquisition location too confident, doing pure exploration
| Data point added to dataset (x y): 
  3.2474098913E+01 -5.0000000000E+01      -8.8027372220E+03

| Total ensemble size: 47
| Best acquisition, x_best y_best:
  2.3941779778E+02  5.5785636147E+01      -8.8032791661E+03
| Global minimum prediction, x_hat mu_hat +- nu_hat:
  2.3648231360E+02  5.4861754064E+01      -8.8032798860E+03  8.3568165873E-09
| Global minimum convergence, d_xhat d_muhat:
  5.6259779409E-03  3.6607571252E-06

| GP model hyperparameters (lengthscales variance):
  3.6649622577E-01  2.9996767867E+00       6.1845264528E-02
| Next sampling location x_next:
  1.4264765007E+02 -2.0547089994E+00

Iteration time [s]:    4.543        Total time [s]:  213.156

--------------------------------------------------------------------------------
                                BO ITERATION 46                                 
--------------------------------------------------------------------------------
| Evaluating objective function at x = 1.426E+02 -2.055E+00
| Objective function evaluated, time [s]        2.912
| Acquisition location too confident, doing pure exploration
| Data point added to dataset (x y): 
  1.4264765007E+02 -2.0547089994E+00      -8.8023366021E+03

| Total ensemble size: 48
| Best acquisition, x_best y_best:
  2.3941779778E+02  5.5785636147E+01      -8.8032791661E+03
| Global minimum prediction, x_hat mu_hat +- nu_hat:
  2.3651726684E+02  5.4830248068E+01      -8.8032798893E+03  8.3595076222E-09
| Global minimum convergence, d_xhat d_muhat:
  4.7056952495E-02  3.0814831124E-06

| GP model hyperparameters (lengthscales variance):
  3.6588912180E-01  2.9845460381E+00       6.1361179364E-02
| Next sampling location x_next:
  2.1616157091E+02 -2.3612423385E+01

Iteration time [s]:    4.399        Total time [s]:  217.555

--------------------------------------------------------------------------------
                                BO ITERATION 47                                 
--------------------------------------------------------------------------------
| Evaluating objective function at x = 2.162E+02 -2.361E+01
| Objective function evaluated, time [s]        2.911
| Acquisition location too confident, doing pure exploration
| Data point added to dataset (x y): 
  2.1616157091E+02 -2.3612423385E+01      -8.8031246347E+03

| Total ensemble size: 49
| Best acquisition, x_best y_best:
  2.3941779778E+02  5.5785636147E+01      -8.8032791661E+03
| Global minimum prediction, x_hat mu_hat +- nu_hat:
  2.3650247325E+02  5.4843755526E+01      -8.8032799009E+03  7.7078228119E-09
| Global minimum convergence, d_xhat d_muhat:
  2.0032517831E-02  1.0767159264E-05

| GP model hyperparameters (lengthscales variance):
  3.6666061011E-01  3.0621534378E+00       6.1791229694E-02
| Next sampling location x_next:
  1.7960816180E+02 -3.1764073008E+01

Iteration time [s]:    4.511        Total time [s]:  222.067

--------------------------------------------------------------------------------
                                BO ITERATION 48                                 
--------------------------------------------------------------------------------
| Evaluating objective function at x = 1.796E+02 -3.176E+01
| Objective function evaluated, time [s]        2.971
| Acquisition location too confident, doing pure exploration
| Data point added to dataset (x y): 
  1.7960816180E+02 -3.1764073008E+01      -8.8029233940E+03

| Total ensemble size: 50
| Best acquisition, x_best y_best:
  2.3941779778E+02  5.5785636147E+01      -8.8032791661E+03
| Global minimum prediction, x_hat mu_hat +- nu_hat:
  2.3647521076E+02  5.4864781031E+01      -8.8032799194E+03  7.1285650451E-09
| Global minimum convergence, d_xhat d_muhat:
  3.4428407674E-02  1.7140796478E-05

| GP model hyperparameters (lengthscales variance):
  3.6579114784E-01  3.1405918152E+00       6.1834449734E-02
| Next sampling location x_next:
  1.7495073192E+02  4.5958831474E+01

Iteration time [s]:    4.576        Total time [s]:  226.644

--------------------------------------------------------------------------------
                                BO ITERATION 49                                 
--------------------------------------------------------------------------------
| Evaluating objective function at x = 1.750E+02 4.596E+01
| Objective function evaluated, time [s]        2.925
| Acquisition location too confident, doing pure exploration
| Data point added to dataset (x y): 
  1.7495073192E+02  4.5958831474E+01      -8.8029343863E+03

| Total ensemble size: 51
| Best acquisition, x_best y_best:
  2.3941779778E+02  5.5785636147E+01      -8.8032791661E+03
| Global minimum prediction, x_hat mu_hat +- nu_hat:
  2.3645560254E+02  5.4872532265E+01      -8.8032799175E+03  6.9298601037E-09
| Global minimum convergence, d_xhat d_muhat:
  2.1084685121E-02  1.8149998079E-06

| GP model hyperparameters (lengthscales variance):
  3.6728834373E-01  3.1954198066E+00       6.2392910571E-02
| Next sampling location x_next:
  2.9571644292E+02 -4.5209334861E+01

Iteration time [s]:    4.619        Total time [s]:  231.263

--------------------------------------------------------------------------------
                                BO ITERATION 50                                 
--------------------------------------------------------------------------------
| Evaluating objective function at x = 2.957E+02 -4.521E+01
| Objective function evaluated, time [s]        2.919
| Acquisition location too confident, doing pure exploration
| Data point added to dataset (x y): 
  2.9571644292E+02 -4.5209334861E+01      -8.8029688715E+03

| Total ensemble size: 52
| Best acquisition, x_best y_best:
  2.3941779778E+02  5.5785636147E+01      -8.8032791661E+03
| Global minimum prediction, x_hat mu_hat +- nu_hat:
  2.3645492143E+02  5.4829583848E+01      -8.8032799250E+03  6.8793692839E-09
| Global minimum convergence, d_xhat d_muhat:
  4.2953816672E-02  6.9841322318E-06

| GP model hyperparameters (lengthscales variance):
  3.6680603330E-01  3.2302183052E+00       6.2473432993E-02
| Next sampling location x_next:
  1.2915737074E+02  5.2908287827E+01

Iteration time [s]:    4.479        Total time [s]:  235.743

|| Bayesian optimization completed, time [s]      235.547


--------------------------------------------------------------------------------
                        BOSS is done! Have a nice day :)                        

      Datetime 02-06-2020 14:27:40            Total time [s]      235.744       
--------------------------------------------------------------------------------
