-50.0000000000_-50.0000000000
130.0000000000_130.0000000000
-14.3700982000_276.1099798000
298.9267593000_310.0000000000
299.3161213000_-20.4751222000
279.3405683000_-14.4997393000
278.5968207000_-2.7684882000
255.6607951000_-9.1300279000
235.7989340000_-19.2823299000
241.0858991000_4.4139482000
239.1415112000_24.5595933000
209.2625037000_3.8433813000
230.9638636000_-1.6360110000
138.3439815000_1.9668192000
210.0803551000_213.3989075000
249.1035452000_-.5604706000
2.7018989000_77.6020078000
-28.2092530000_174.5238611000
18.8356780000_183.2588010000
8.6944925000_154.0135792000
-14.6511141000_203.8490119000
67.2830080000_193.8976479000
279.9741400000_164.0993112000
90.0108312000_225.9006352000
68.0366487000_171.6456430000
109.5757839000_180.9101986000
256.6838702000_122.2502590000
284.2500898000_189.6177955000
165.6228034000_285.2218410000
200.5173717000_173.6163149000
229.2804905000_4.0018828000
238.1243512000_.5380172000
236.4814593000_1.1797932000
120.2327484000_67.4527574000
70.9811232000_-47.9998665000
42.7141180000_25.8446697000
259.0558327000_253.1952969000
196.4398977000_88.1273627000
60.4890297000_107.1894382000
285.8289356000_78.8500967000
240.8881478000_180.5887074000
75.6423908000_269.1152161000
-29.7370278000_114.6139431000
38.5949333000_-12.8128607000
160.4080729000_245.6552643000
-29.7763772000_42.9205172000
24.7019912000_240.3603524000
140.1850317000_-37.5530831000
-48.9193667000_238.8917284000
194.9469934000_132.1456298000
158.9340385000_45.5659399000
60.5556015000_60.5422566000
226.5015736000_284.6730924000
150.7998163000_207.8820516000
99.8324082000_31.4894002000
146.7641905000_100.7672138000
22.6554324000_301.8769423000
117.2987964000_285.6374450000
-4.6975450000_8.7395732000
90.7816286000_-10.0945601000
154.2069507000_160.8037801000
207.6406034000_252.3453243000
241.1356699000_80.2515383000
18.3567965000_115.5603168000
260.7580309000_221.2047626000
75.9447419000_136.7187377000
297.0739709000_274.3531625000
186.8281583000_-43.2805837000
101.6009465000_99.1028450000
283.9980865000_45.7479747000
-.7460015000_-30.2727856000
232.2591225000_147.8007968000
118.9898895000_251.9731167000
306.1320952000_137.6640295000
14.8303439000_46.9771720000
199.6415921000_58.1479519000
41.8918775000_217.5705202000
-37.1181344000_73.7965824000
35.6543399000_272.1851086000
222.6689906000_111.5427016000
41.9725984000_143.6557142000
295.3859676000_106.9847025000
60.3992021000_244.1222790000
105.7362964000_-38.1761273000
260.8616822000_290.6780572000
161.6337019000_73.0113863000
176.1994665000_193.1847481000
-16.0795126000_243.4196205000
110.9785964000_153.8607357000
37.8508071000_81.8927233000
182.0536002000_225.8307411000
166.3254022000_-17.8389778000
-48.8467958000_210.4976936000
83.1317454000_77.9239098000
190.9654117000_272.6689785000
70.1625016000_10.6740088000
-39.0043426000_16.7201579000
171.2047690000_115.9427465000
125.4327336000_225.8465230000
165.2553710000_18.7786231000
131.1445815000_30.6692705000
-18.9401822000_140.7406434000
warning in stationary: failed to import cython module: falling back to numpy
warning in coregionalize: failed to import cython module: falling back to numpy
warning in choleskies: failed to import cython module: falling back to numpy
