-50.0000000000_-50.0000000000
130.0000000000_130.0000000000
310.0000000000_-.0508463000
310.0000000000_18.3102162000
-49.1284947000_-6.1920490000
130.3763078000_234.6833845000
-18.8000319000_-7.8928084000
303.6675951000_-11.3115384000
294.8250653000_-13.3762261000
218.8044700000_-12.2987407000
167.0133739000_299.7336239000
285.9456495000_-24.6485710000
232.0990830000_-13.3648793000
259.7939173000_-12.2579115000
242.6478012000_2.0385513000
221.7972412000_12.3707199000
240.5177405000_24.1774572000
191.9687721000_11.1687985000
227.1258338000_1.4598483000
183.3439265000_45.9714233000
130.0975513000_6.4833124000
212.2355071000_5.6242421000
307.9430753000_175.5749380000
-12.4017636000_179.5493110000
-32.1608523000_146.5726591000
-41.5731147000_204.8900533000
264.7769532000_177.1566561000
36.5288969000_185.4590210000
24.8794175000_213.3319040000
39.9590254000_158.9970696000
75.3550027000_182.3924058000
205.0000191000_181.4873394000
232.4910569000_212.0274434000
224.5165915000_151.5812626000
159.5760847000_181.4698336000
114.2893184000_180.3310562000
33.2555127000_80.1931536000
260.9338961000_94.1887750000
239.5739802000_-.5346675000
236.6570568000_1.3401749000
61.2018601000_282.9216471000
252.8411423000_263.5188170000
70.1466001000_40.3160473000
115.4881694000_83.6126768000
-15.3507502000_257.0439227000
81.2710967000_-34.0006512000
188.5934053000_102.9020958000
43.8368593000_116.9340913000
-40.0705837000_71.2501179000
183.3195394000_257.7342729000
-28.9771722000_107.0349844000
66.6681564000_247.1589006000
120.8362073000_273.5189931000
58.1307986000_3.7583888000
16.3311647000_307.0504312000
10.7691386000_38.4730619000
277.7293934000_131.4481400000
290.3800539000_241.2395329000
135.8254488000_-32.4610647000
219.5179591000_292.0686527000
128.0801312000_46.5948669000
179.2647162000_217.4780861000
86.0001916000_135.8323754000
221.2071515000_73.4061852000
176.9273142000_143.7952329000
91.2097273000_214.6190352000
290.0491790000_278.6746149000
24.8869053000_264.7975106000
74.9196950000_90.7636363000
277.2712012000_61.0557672000
158.8543657000_79.8503696000
37.5326396000_-25.2233257000
230.3179151000_117.8260382000
216.9440799000_241.7581703000
5.5603662000_130.1675955000
275.9609926000_209.7722848000
107.7836636000_301.9550478000
-2.9486088000_83.8822211000
95.9383446000_18.7784734000
131.7313120000_155.9892484000
-15.6202622000_284.6687437000
22.8496709000_12.7257469000
258.4996112000_299.3767682000
-10.0187387000_225.4107533000
91.1640967000_62.5790942000
98.0117120000_253.6932889000
103.5375882000_-13.5535431000
138.0068742000_206.7975407000
295.5941566000_98.3566702000
153.9363587000_109.1849224000
164.6201887000_-16.6071285000
254.4560797000_234.3419016000
-15.2577238000_25.5711325000
-11.7785478000_-40.1009286000
284.4306897000_155.1542714000
193.3508796000_-45.7079833000
100.4685634000_110.6217082000
57.4392940000_212.5141131000
25.5713687000_239.0673732000
-15.0079121000_55.3957092000
152.7402394000_257.3246135000
6.9083313000_158.9478559000
warning in stationary: failed to import cython module: falling back to numpy
warning in coregionalize: failed to import cython module: falling back to numpy
warning in choleskies: failed to import cython module: falling back to numpy
