-50.0000000000_-50.0000000000
130.0000000000_130.0000000000
-50.0000000000_259.9935872000
308.2008175000_-35.1205134000
-35.7191459000_-28.7352311000
-38.1790095000_-38.5887195000
214.1477370000_-41.3558756000
-47.3333105000_41.5045745000
-50.0000000000_-23.1391371000
-50.0000000000_-11.9345286000
56.0331575000_302.8497619000
295.7947104000_-18.1285879000
209.3385765000_186.7200115000
279.0255901000_-18.3690449000
268.9613109000_-30.4709142000
270.2998582000_-2.0205038000
257.6328300000_-2.3959597000
245.1017803000_13.8325973000
241.6656250000_-.6043183000
210.1114871000_8.6801238000
166.6653888000_4.7401129000
209.3101099000_28.7961405000
227.3158493000_6.7506392000
220.0275459000_-2.0844527000
257.3508106000_165.8702817000
168.7708727000_218.6529618000
212.0889737000_150.1796410000
249.9772312000_202.4601007000
-36.6318179000_157.4192952000
26.0251423000_181.2305312000
59.5579489000_202.4261274000
30.1322524000_147.7693037000
-3.4715549000_199.9316075000
80.0443085000_64.1725198000
84.5102242000_177.7166422000
133.5445063000_181.9126506000
237.4880480000_1.7632663000
235.9240914000_.7600485000
270.4075035000_98.3287815000
129.3188639000_269.5388842000
61.8961749000_11.0061083000
4.1519024000_92.9125109000
174.8646931000_88.6720406000
222.3418184000_260.5926009000
38.3161632000_253.8878584000
118.9452400000_-36.8553734000
74.4677571000_106.1019923000
20.6645225000_42.7772867000
103.0822699000_234.8067908000
127.9869289000_41.9902747000
310.0000000000_122.9433521000
237.5813478000_68.7672914000
218.0537941000_113.9321884000
300.9089877000_224.9223406000
172.3520114000_289.6684762000
59.4372079000_-22.4294234000
121.4905972000_87.1697457000
4.9919576000_278.8451987000
-43.9518408000_78.2622139000
300.8918410000_189.3286323000
-5.3020861000_238.3608923000
106.6423907000_.8010099000
261.9026435000_275.0485028000
13.9714077000_5.8606775000
84.7527912000_274.4573865000
172.6311709000_131.9641738000
252.3311608000_238.4828038000
80.6351997000_142.6966420000
171.9207094000_251.8859549000
265.1127063000_133.6357276000
-5.1706631000_126.4608571000
209.8827753000_224.9615152000
166.7098943000_164.4739866000
42.0031727000_77.2414552000
161.5011977000_-35.8141821000
278.9882578000_60.2600093000
161.2260256000_59.5067489000
20.4727742000_310.0000000000
-8.3726745000_61.4183632000
37.4881494000_116.2105315000
110.7234658000_206.9177453000
108.2919352000_297.1390812000
26.5197048000_220.4409730000
-12.4331827000_26.0728863000
86.3549985000_33.1791934000
116.8458895000_156.3245762000
137.8151886000_232.8902767000
201.1989747000_72.2971316000
290.1510587000_154.1152671000
230.8051156000_291.7255029000
141.4390001000_300.0320219000
64.8419545000_234.7043903000
55.2540983000_45.3218917000
-2.0225025000_165.6067913000
86.4450105000_-33.5583696000
158.2825666000_30.2752794000
103.2753472000_117.3627707000
-31.9184044000_215.5058060000
39.8230470000_281.9733339000
-27.7036477000_103.2440551000
174.7592966000_191.7169254000
147.5093807000_107.1340225000
warning in stationary: failed to import cython module: falling back to numpy
warning in coregionalize: failed to import cython module: falling back to numpy
warning in choleskies: failed to import cython module: falling back to numpy
