114.7817819000_51.8822059000
203.6533956000_194.4683782000
256.9526088000_214.1998386000
163.1104714000_237.0909372000
222.0931799000_150.4067799000
2.7722042000_175.5682922000
-14.0736761000_123.1972269000
60.4248405000_186.0997857000
125.4474078000_167.4135323000
-35.3901750000_-36.8113296000
155.7511422000_-22.6345365000
11.7463646000_207.7896191000
27.8658754000_282.2983514000
303.6120432000_12.2044079000
283.6709949000_179.2580596000
116.9778879000_193.4660875000
63.6005924000_164.6427776000
26.1287632000_-3.0496728000
79.6234256000_177.6430698000
49.1258252000_178.7967194000
240.0511612000_178.7198329000
249.8363486000_-16.3358364000
241.0337886000_310.0000000000
222.5745184000_12.6028348000
232.2196204000_65.5132033000
219.9091909000_-3.5911510000
243.9047773000_3.0736906000
234.5958731000_.8000342000
243.7403428000_-1.3857674000
238.5344438000_-.1894528000
237.3474055000_1.1050292000
28.9244211000_70.1752750000
151.2715063000_100.8962866000
-49.7616976000_261.7216363000
106.0248074000_279.8912436000
-43.1942924000_192.8879526000
305.8254459000_77.8284250000
81.2400148000_100.4767271000
74.5967087000_-36.0903308000
92.9191260000_11.1688918000
266.0048208000_113.9271886000
175.2179874000_288.3676907000
65.5520971000_245.7004114000
53.6782874000_37.6521003000
226.4671201000_257.0353449000
172.9268292000_175.1657708000
-7.6192385000_42.6523347000
173.9283752000_66.7074376000
205.6909083000_106.2804084000
148.7131212000_20.7128410000
-4.6083041000_248.5492675000
307.8047645000_142.6460033000
165.2019327000_134.1041221000
18.3130099000_-41.1890022000
36.1324568000_117.5614176000
-21.6791438000_288.2409814000
116.1872364000_241.5468888000
274.6228868000_283.5577484000
122.0885116000_-48.6978778000
107.6166068000_127.2805070000
286.4061544000_50.8594178000
304.2216889000_226.9764321000
189.3788524000_-44.7584121000
-12.1508036000_-4.3631732000
114.7532142000_-14.4465669000
-8.0705777000_87.0488941000
204.7256405000_232.4675059000
76.4905609000_64.2179605000
260.4477730000_145.1093607000
65.9597169000_292.7192788000
266.8248685000_247.9387679000
34.1739454000_232.5524837000
264.5220561000_81.1639452000
158.9776748000_207.8665366000
116.0403223000_83.8965595000
140.6170550000_271.1268468000
305.9805594000_109.5042235000
294.6956600000_-50.0000000000
85.4979671000_219.2468886000
18.5849879000_145.1861244000
14.6018332000_22.8035601000
233.7971126000_117.8527633000
302.9214381000_-14.8723803000
151.0761567000_50.1250098000
192.8851427000_264.0703514000
72.7353864000_131.7360769000
213.3715476000_288.7737745000
-22.3497964000_224.2905418000
61.9122262000_-2.3722035000
226.1561906000_89.3012304000
-31.4111675000_162.5907740000
46.0314931000_-35.9041831000
184.9984759000_42.2029094000
50.0990347000_88.5480135000
45.7917602000_263.9000044000
176.2599355000_11.0204515000
13.9515188000_101.6572477000
132.9979757000_220.9315055000
191.2972715000_143.6192971000
229.7647097000_217.9460917000
83.8263265000_35.2725887000
-39.3302371000_43.8294195000
warning in stationary: failed to import cython module: falling back to numpy
warning in coregionalize: failed to import cython module: falling back to numpy
warning in choleskies: failed to import cython module: falling back to numpy
