139.6460808000_164.4799671000
113.4508692000_61.7474820000
182.6883466000_196.0196032000
115.6181194000_226.0538852000
207.9794989000_143.7502757000
251.3280587000_227.2511101000
51.8813668000_160.3742132000
310.0000000000_154.0659558000
9.4676650000_119.9358735000
-1.3361632000_188.3902839000
-30.6762615000_-32.5437529000
146.5233188000_295.6454732000
264.3657431000_13.7973726000
5.9202881000_14.4014304000
256.6512593000_57.8871990000
205.9619630000_-4.9858357000
253.0972520000_-15.7630768000
260.0085655000_180.2765380000
81.9254912000_187.4250596000
34.3715104000_177.0789349000
237.7844309000_-.1365157000
202.3432767000_175.6313473000
224.3143667000_10.3049210000
232.4160620000_-.2096481000
235.9028038000_2.6535313000
15.2038239000_267.5920743000
73.8959217000_-33.3295440000
8.2648437000_65.5154932000
236.9849581000_.8891793000
162.5176747000_97.2677534000
226.2448657000_274.3109483000
303.6852926000_267.7694944000
285.4547450000_104.5812907000
98.7967423000_14.4641106000
84.3302066000_105.1223391000
85.3151583000_273.2982159000
33.8907118000_228.4040242000
55.9005302000_43.0047711000
304.0836644000_188.1274857000
239.9948420000_.2428287000
135.9342451000_186.7209662000
171.2181655000_252.8667868000
220.5341189000_92.0219574000
26.0155530000_-48.7411638000
-30.5904612000_233.2121206000
-40.4530210000_75.1290707000
128.9989655000_-23.6250975000
153.7108134000_41.8688125000
47.3039160000_87.7827460000
190.0344908000_64.8138040000
41.0672434000_-8.1850469000
194.5478572000_-50.0000000000
120.3208131000_129.6240402000
255.6599485000_135.8910726000
-25.5249973000_293.0106893000
209.7664550000_230.5997100000
-32.5023022000_36.9361204000
69.3980923000_241.4669532000
94.8312920000_171.9312237000
-1.9499727000_152.9200138000
266.0599824000_291.6501116000
-30.8772963000_116.7457893000
124.3801923000_261.5853741000
143.5715977000_7.2516237000
49.1309292000_284.5474047000
-43.8964582000_1.6465910000
128.0339417000_88.8856655000
60.7323520000_179.7485442000
155.6356061000_226.5076025000
229.6455908000_201.3055783000
107.9252441000_304.3097442000
291.1722596000_223.7946106000
53.4964802000_184.7694609000
-1.3926579000_-16.1807023000
171.8547473000_137.1095007000
79.4997903000_70.8263034000
297.6941390000_-50.0000000000
231.9248980000_306.6872405000
-8.2891237000_91.3410161000
267.3183314000_254.4569242000
162.4772262000_-29.7647836000
69.2680878000_5.8022017000
292.0129956000_54.1406933000
252.8927876000_97.8663362000
81.6576271000_137.2318258000
-13.3751530000_255.6096999000
198.4474167000_113.7673980000
51.1716138000_119.6365907000
236.9486345000_162.0827024000
.9340216000_219.0490244000
190.2066327000_280.4875032000
221.6154839000_53.0331808000
46.9431074000_257.5581301000
150.0729946000_68.5074843000
279.1181342000_157.9096953000
85.2597283000_37.3985887000
295.0008979000_-16.0890147000
-32.6670997000_205.4690615000
169.5830088000_171.1990494000
36.1413756000_20.9352593000
-28.4361798000_172.1891874000
96.0948661000_-16.5356625000
warning in stationary: failed to import cython module: falling back to numpy
warning in coregionalize: failed to import cython module: falling back to numpy
warning in choleskies: failed to import cython module: falling back to numpy
