112.7172645000_116.6528198000
-43.4481629000_-36.8859788000
252.5411329000_300.3326906000
-4.6264070000_1.4669941000
-39.0460607000_277.9984397000
197.0692823000_194.5411559000
238.7655167000_178.7075135000
253.9408967000_211.5543823000
-34.7885541000_174.4293501000
61.5121303000_185.2914878000
88.8727936000_218.0895371000
129.3609120000_166.6376418000
239.4772088000_63.6040640000
27.0470569000_155.7955443000
107.8627311000_-38.3179148000
1.5354199000_196.6332128000
277.5721668000_141.4640490000
117.3768830000_187.7730731000
22.5704357000_176.8121350000
-1.5205972000_86.9192403000
217.0402705000_-8.2658979000
165.4793288000_16.8888002000
185.1087469000_-19.5478619000
257.7375667000_9.3980903000
261.6037077000_-13.5725952000
225.5942882000_10.6708985000
191.8085012000_158.1345089000
241.0915845000_-.7225091000
230.9839370000_2.4063756000
236.6300038000_1.3532126000
79.8355506000_169.4296905000
236.8999150000_-.0748319000
70.0705349000_52.7328573000
160.9953814000_266.3758687000
43.1569192000_280.8581759000
161.7797488000_78.6283845000
65.8357961000_-3.0251949000
292.0544767000_185.3713653000
-50.0000000000_95.4972047000
215.0610110000_109.6272060000
217.0549113000_254.6186964000
-17.0279818000_48.0165243000
306.3679663000_238.5728136000
18.0834758000_245.3108500000
28.6246924000_-37.6841466000
102.9901495000_268.6630877000
59.9300036000_99.2957528000
152.9036312000_229.6714981000
117.2445172000_56.2644939000
-20.9000113000_125.4394645000
195.4382061000_298.5858271000
111.6395463000_8.0015396000
162.3266421000_183.3428833000
27.9860456000_33.4678224000
163.1842418000_122.2747355000
.1470857000_290.9219524000
269.3126111000_260.0367057000
261.8689756000_102.1280563000
139.8695456000_299.6322311000
190.5851967000_56.6630845000
-44.4856777000_7.9249664000
291.4849450000_58.6776399000
74.8836681000_303.4666472000
59.1948429000_242.8009828000
97.0749905000_83.6168040000
235.8840893000_137.6912962000
33.8236710000_69.1367406000
189.2961992000_233.4142737000
72.4038248000_133.8639646000
289.5329278000_-50.0000000000
138.9390747000_-13.2584440000
23.3472949000_115.7143120000
35.0312430000_216.7118986000
-18.5090253000_235.2109847000
310.0000000000_208.3598857000
119.2731958000_243.0363131000
227.0165460000_227.0890827000
195.5303923000_86.1061993000
310.0000000000_141.4311562000
76.9694114000_24.1220066000
31.8479072000_-.5591086000
134.5598643000_96.6188831000
309.4810653000_35.2929638000
140.5748496000_34.7385420000
262.0677752000_236.2694424000
-8.6609497000_264.1002529000
-35.7649147000_70.6243548000
-5.3944824000_153.0607078000
-4.7888687000_-27.9385857000
143.9589087000_140.6428607000
219.2425378000_-44.1230060000
288.0460449000_119.2964270000
164.8265360000_310.0000000000
231.6742116000_280.5397498000
135.0066105000_209.3321178000
261.0972285000_45.0079889000
64.7867857000_-29.7281857000
-22.7764339000_306.1275511000
196.7668085000_131.9358276000
74.3645475000_266.1728009000
105.9620943000_145.7643880000
73.8526245000_182.0584331000
warning in stationary: failed to import cython module: falling back to numpy
warning in coregionalize: failed to import cython module: falling back to numpy
warning in choleskies: failed to import cython module: falling back to numpy
