-23.4521724000_80.7510196000
3.0870250000_-23.9477810000
69.2410915000_290.2144638000
124.3148811000_-25.4877888000
153.2873761000_265.7208350000
78.8704570000_6.7886568000
87.4495897000_51.4245041000
43.2278331000_14.7028763000
-21.9515855000_20.8632723000
54.4342273000_-10.8006087000
230.1206201000_16.7320788000
221.5348123000_72.5961488000
238.6480860000_-20.1576694000
198.3046761000_-3.5328476000
269.2808535000_211.2702363000
-10.5458909000_196.7497895000
53.9409704000_175.5111658000
123.9621521000_166.9663174000
202.2546775000_171.2260274000
289.5900488000_155.8174217000
15.8811781000_145.8466005000
83.0228382000_211.6668332000
164.2869982000_132.3322460000
167.8856333000_199.0174640000
255.1212730000_277.6184933000
78.7919525000_141.2245306000
31.0589998000_211.4987138000
254.8261621000_3.3226719000
232.0873592000_-.3984597000
248.4434235000_12.2757258000
249.2766154000_176.4205708000
173.1654223000_27.2098331000
303.8453778000_182.7799090000
212.9407266000_202.2180570000
245.2286179000_-2.3868330000
85.9144728000_180.0490321000
238.3399107000_1.5290520000
239.2390924000_-.2122557000
236.4763233000_1.0417915000
-28.5680033000_268.0988201000
129.1306250000_90.2592059000
121.8925981000_191.2362487000
38.5680564000_88.0655402000
272.7324321000_100.7752351000
21.9033382000_273.2684141000
-46.7941954000_-50.0000000000
229.6008518000_126.8228086000
203.0355573000_263.4802994000
-28.4128927000_169.8704623000
168.0976172000_302.4784641000
-32.1790309000_118.7512962000
103.2948570000_263.0232843000
23.4412080000_180.8230999000
126.1863423000_24.6922792000
299.0436265000_244.1564507000
14.7347155000_53.2910787000
58.1405886000_252.0258396000
175.0608580000_81.8177407000
302.2755021000_58.2985173000
140.4937076000_231.4848715000
84.8873158000_96.7680264000
-2.6154913000_240.6701843000
27.7847383000_-49.1012025000
119.9553115000_298.8286597000
239.3676218000_241.8698123000
-42.0648917000_-13.9308641000
118.5362946000_123.2712608000
199.5814380000_107.1978789000
140.8236935000_55.6969702000
289.7017797000_283.6017993000
7.2915117000_106.6918296000
88.3370109000_-37.1913570000
185.1105133000_234.0336977000
213.5215083000_296.7904746000
-40.1843855000_220.3737831000
263.8918244000_68.9958533000
151.2873339000_-1.2002377000
-10.1074311000_-50.0000000000
60.9620006000_184.8012908000
-50.0000000000_93.5303233000
47.0017640000_119.8564639000
53.9196557000_49.8045394000
237.8209757000_97.2284326000
164.2538798000_166.3347126000
269.8291528000_307.1222560000
159.5170846000_-31.7390218000
194.6152514000_142.6789188000
5.9119681000_7.0691928000
191.3167079000_53.8482270000
258.8789225000_143.7486641000
306.0817103000_20.5232026000
294.8704640000_126.9708132000
105.8717944000_72.9355597000
193.2014728000_-39.1443731000
109.4439577000_236.9119598000
69.4894688000_74.3279321000
57.3086720000_-42.1077391000
268.1515058000_247.9268204000
291.0430223000_-27.4257913000
106.0446533000_-3.4423081000
-25.5473574000_49.2043464000
-32.7233691000_143.1332230000
warning in stationary: failed to import cython module: falling back to numpy
warning in coregionalize: failed to import cython module: falling back to numpy
warning in choleskies: failed to import cython module: falling back to numpy
