-1.8517658000_212.5806231000
52.6578653000_95.5283826000
304.1753037000_237.0570545000
45.3089760000_239.8738913000
-19.5269277000_166.0630774000
299.7494912000_125.3178377000
13.4792735000_163.4414776000
158.1210661000_178.5796544000
242.6589346000_187.6216278000
203.2390525000_-10.9169241000
20.7282717000_-22.2770797000
209.8293021000_35.0190471000
184.2466193000_297.5935929000
134.6316908000_13.1712967000
267.1971950000_5.6395389000
187.9051399000_142.0481920000
87.1940040000_187.1278365000
296.2560124000_46.3840924000
266.0726417000_-27.9286618000
153.2382829000_214.1379860000
237.0693980000_.8290679000
245.8943832000_-7.2011325000
104.1229416000_157.8155472000
242.1501582000_3.0583255000
238.6563677000_-.3451347000
236.7382310000_.2326089000
88.9462519000_298.1261015000
299.1668487000_187.5645239000
38.7598959000_38.8550227000
266.5768976000_163.6831879000
40.2952163000_184.5189971000
139.7093939000_88.3323547000
-3.0584726000_283.2402320000
237.4616811000_92.4281332000
228.1623348000_257.3134445000
-9.2545809000_85.0779651000
127.3566048000_260.7266446000
83.3047560000_-10.3900171000
95.8005699000_55.7810392000
42.9326583000_296.9406995000
-15.9073665000_19.6682243000
194.9612445000_185.0365600000
63.4889815000_169.6094001000
134.8839932000_-36.9516090000
184.1832884000_247.0478908000
276.5199179000_277.5185277000
5.2121687000_122.1740116000
63.1401940000_184.4045335000
-29.7030788000_-32.2589667000
188.5258531000_94.5693447000
94.7483212000_113.2328943000
92.6513261000_235.3054189000
235.2181886000_129.0028082000
260.0983901000_227.9628064000
156.5661605000_48.1134217000
223.0573001000_4.4207007000
290.2222144000_87.2665395000
69.9688139000_19.5112765000
147.8592499000_124.3831579000
235.3732194000_298.9205860000
69.8421839000_267.5286711000
213.9586955000_220.4337890000
-43.9103273000_291.0176443000
-6.9010191000_52.3974934000
-10.8547827000_251.3558444000
71.6000267000_177.9915302000
255.2511145000_60.5251500000
267.0426420000_114.4068109000
31.0592675000_7.3170829000
53.8684846000_127.0196870000
143.7766143000_288.6209086000
194.5038403000_68.6291203000
26.4877267000_71.5724000000
-.0159058000_-49.2569160000
60.3397318000_-33.6947837000
221.8061840000_161.6562326000
113.7521759000_33.5253216000
200.3154601000_275.2492577000
-32.5889179000_109.9740601000
-35.0942792000_208.8273079000
-22.8632511000_140.6393287000
25.1344621000_262.4128171000
128.0244455000_228.3990275000
61.8094364000_65.1887338000
-47.2939449000_263.7288345000
-42.7042118000_-.0316256000
161.4948206000_265.9491758000
-6.3541259000_-6.6052882000
127.9685483000_187.0739454000
-39.0363834000_67.5232840000
127.3356689000_61.3955299000
160.2212991000_-16.2603010000
171.5049207000_17.6510839000
96.5569108000_85.5352895000
-50.0000000000_159.5225298000
121.6059748000_111.6613951000
54.5009389000_178.2953131000
278.0919192000_208.4289675000
297.9557913000_-23.5431460000
141.3640052000_152.6740457000
211.1763709000_-44.0429762000
115.8620855000_-10.3181072000
warning in stationary: failed to import cython module: falling back to numpy
warning in coregionalize: failed to import cython module: falling back to numpy
warning in choleskies: failed to import cython module: falling back to numpy
