234.3199234000_23.5256137000
237.2466440000_-49.5689174000
212.0399474000_72.4405484000
284.2043260000_14.3412918000
176.6623945000_5.0337464000
70.6260337000_20.4488336000
45.4489997000_211.4299780000
309.4679825000_193.0329004000
-.0015943000_162.4844150000
251.8516742000_163.9453221000
226.1284168000_213.6389498000
111.6051116000_166.1078749000
76.8181569000_128.7615348000
-13.2991935000_254.4401801000
134.0030538000_193.8183084000
68.5183451000_-36.2870141000
51.6177579000_183.3923156000
4.5902623000_187.6078139000
234.8106465000_-1.9797297000
130.6435078000_259.8754561000
-20.1153786000_-21.3379057000
304.2158189000_117.3168968000
183.8233482000_173.3410483000
212.2885541000_-11.8217983000
252.7994383000_-8.0252138000
247.1298625000_1.8204614000
242.3302671000_-3.9214104000
29.7859951000_71.1024374000
86.7811614000_190.5746448000
171.1991844000_139.2228081000
235.9832966000_1.9428991000
238.6312277000_.5089340000
43.0490856000_280.0120243000
273.4577032000_254.1442382000
194.1989324000_259.9688882000
122.4360859000_71.8575571000
-43.3342134000_71.3097691000
65.0950900000_169.9577152000
306.5157484000_171.2146969000
129.4921906000_307.2881521000
310.0000000000_294.4707302000
1.8358781000_106.0606504000
10.5075431000_22.7325896000
240.5596441000_110.5405741000
113.1307622000_-7.3684998000
149.0407844000_102.0350279000
81.8165242000_257.8834467000
159.0517676000_48.9557320000
270.1760161000_80.4082004000
11.7541745000_-49.3807558000
68.9197065000_89.3295064000
277.4045412000_183.8344027000
171.7460042000_225.9724239000
115.3371054000_31.5236663000
33.4164370000_-10.8434394000
172.8676765000_292.7533399000
35.2016020000_127.3149639000
199.7319559000_117.0070344000
66.8101256000_181.7420802000
308.1133460000_233.8427401000
73.7411482000_54.1513666000
95.5205718000_288.4024580000
-19.1403561000_45.1322545000
58.0929331000_178.8823688000
117.0200688000_228.9908760000
260.1080400000_227.0642577000
272.7521285000_136.6307730000
234.6439599000_265.5432197000
23.1715667000_246.4935377000
60.2931123000_180.4480670000
152.9577489000_-24.8040299000
285.5369394000_48.1126795000
119.8142526000_119.9845814000
214.3375158000_146.7799022000
-9.4218693000_222.6774137000
40.1023050000_37.6752649000
-27.8558402000_134.9600005000
-26.7493836000_10.4537995000
62.3031036000_179.2117569000
-8.4909805000_288.4631990000
207.2326586000_296.3782173000
269.0714866000_288.5213897000
306.7011292000_-33.2357937000
212.7223228000_236.4317650000
178.9230374000_76.9143837000
140.8957932000_11.9100071000
99.8667248000_94.2882759000
215.9662541000_180.2169132000
190.8138932000_204.7886055000
146.2843211000_159.1592487000
194.9911683000_45.4953514000
-8.7335365000_75.4649866000
74.2991461000_-9.6653323000
100.4929782000_-36.8605560000
247.1213961000_62.7016918000
-50.0000000000_-8.5921925000
77.8097111000_228.9605298000
35.6686644000_100.0779667000
308.3604212000_267.4903682000
-31.3205833000_99.3737743000
179.8105783000_-43.0174048000
13.7821014000_274.2968599000
warning in stationary: failed to import cython module: falling back to numpy
warning in coregionalize: failed to import cython module: falling back to numpy
warning in choleskies: failed to import cython module: falling back to numpy
