56.3906862000_129.1645439000
37.8897397000_88.0012992000
90.0627591000_173.6094123000
145.3007464000_161.9990055000
115.5529804000_234.3856978000
17.1125115000_188.9804880000
278.0019060000_175.8138548000
263.9734255000_-24.8158892000
166.8732674000_-6.1435363000
-34.2742708000_299.6439907000
-50.0000000000_12.5660696000
-50.0000000000_215.1271809000
242.9599340000_136.4697664000
190.3778029000_191.3659735000
188.2268401000_-42.9833523000
6.0153175000_-19.8257674000
232.9736405000_22.0341644000
171.1603591000_58.5911450000
235.8355788000_234.4781513000
-23.5865556000_160.4948664000
236.6517997000_-3.7523460000
255.3047336000_.3905700000
127.6986681000_190.8329304000
65.2692481000_196.4016975000
241.3196713000_1.4315352000
245.1984901000_-3.0682298000
234.0792593000_1.7659721000
221.6647874000_173.7413164000
44.5522270000_171.7738919000
237.6998509000_.4858568000
75.1364675000_295.7023060000
76.1608774000_30.2754502000
303.3541409000_87.4358005000
21.2915050000_253.4876389000
122.9795910000_99.8557280000
266.2738068000_273.5536588000
204.0263841000_97.9842216000
175.6768325000_264.1016822000
6.4206141000_48.0642297000
86.6880030000_-19.2703154000
-40.2588621000_183.5471719000
128.7035733000_294.5065149000
-7.9485934000_109.6528358000
125.9777789000_31.2693012000
251.3711106000_84.5805882000
27.5454250000_-50.0000000000
93.3785302000_67.4857325000
222.1680607000_285.2138934000
-29.4605867000_254.8227466000
176.5374915000_129.8316041000
33.8561486000_8.2874275000
297.1822623000_124.1491445000
295.2290691000_50.4690347000
166.1630333000_226.7899275000
72.0083633000_255.7255146000
111.7759698000_133.4173381000
253.8888049000_192.2462664000
175.1779930000_175.8749343000
-17.3104581000_72.3161022000
-2.4415128000_224.7033681000
126.9503549000_-32.4598266000
80.2806836000_101.3534006000
47.4942264000_229.1542464000
51.7610441000_-29.0256034000
-39.6333415000_-25.5435363000
16.4538894000_141.0404742000
277.0815239000_238.7046344000
49.2066113000_54.2532138000
135.9587646000_259.0623777000
164.9096911000_94.4596253000
117.4155068000_2.2689991000
201.3839783000_13.7423713000
215.4780851000_65.9689102000
-2.4751463000_281.3236432000
204.3100350000_248.7835862000
-8.7962591000_13.4788038000
-30.3340193000_42.5138973000
45.0930094000_279.1373045000
207.5993009000_142.4178875000
103.0202991000_272.8485625000
241.9547249000_-50.0000000000
299.1181769000_278.4247972000
-50.0000000000_149.7182804000
155.0291777000_21.7248499000
136.1567612000_68.3747541000
158.4405629000_306.2889299000
65.0771012000_176.8324303000
256.6527954000_56.0312708000
-31.3845295000_125.6096059000
213.8952766000_215.9569982000
280.7808830000_206.8852480000
79.1794073000_146.1090254000
283.0384859000_302.1263835000
230.9680279000_112.8386098000
88.4506396000_217.6764198000
268.9375340000_108.0230119000
-9.7369232000_-43.1252658000
157.4967653000_200.3120360000
67.0932208000_1.2743516000
-16.9947676000_200.2981749000
143.7070760000_122.5381831000
14.5929573000_75.8625779000
warning in stationary: failed to import cython module: falling back to numpy
warning in coregionalize: failed to import cython module: falling back to numpy
warning in choleskies: failed to import cython module: falling back to numpy
