
-----------------------------   Welcome to ....   ------------------------------
                      _______  _______ _______ _______ 
                     |   _   \|   _   |   _   |   _   |
                     |.  1   /|.  |   |   1___|   1___|
                     |.  _   \|.  |   |____   |____   |
                     |:  1    |:  1   |:  1   |:  1   |
                     |::.. .  |::.. . |::.. . |::.. . |
                     `-------'`-------`-------`-------'

                                 Version 0.9.15                                 
                              15-08-2020 00:24:10                               
--------------------------------------------------------------------------------

| Reading BOSS input file from: in_2D
| Initializing...

--------------------------------------------------------------------------------
                                   INPUT FILE                                   
--------------------------------------------------------------------------------
# input file for alanine 2D (d4-d13)

# optimization
userfn       userfn_2D.py
bounds       -50 310; -50 310
num_tasks    2
kernel       stdp
initpts      2 30
iterpts      50
verbosity    2
thetaprior gamma
thetapriorparam 2 0.019; 3.3678 9.0204; 3.3678 9.0204


RESULTS:
1.476788796773477E+01 1.691324134078546E+02 0 -2.030074612983083E+05 
2.217733976071117E+02 1.718408654308260E+02 0 -2.030065336629418E+05 
1.492410964958195E+02 1.954690414775294E+02 1 2.177570000000000E+01 
1.629512122196039E+02 2.851543540378261E+02 1 3.611650000000000E+01 
1.878735011016292E+02 1.067163480118763E+00 1 1.876890000000000E+01 
3.100000000000000E+02 -4.532895330430266E+01 1 2.485810000000000E+01 
2.872378545415767E+02 -1.111618707095639E+01 1 1.851110000000000E+01 
1.895304276351486E+02 1.451119248364764E+01 1 1.853840000000000E+01 
1.766500614102141E+02 3.100000000000000E+02 1 3.222910000000000E+01 
1.381593269517349E+01 2.260467228129731E+01 1 3.191390000000000E+01 
-4.284049297172493E+01 3.537391371227170E+01 1 3.233890000000000E+01 
9.498755542820837E+01 2.635039321813874E+02 1 3.309100000000000E+01 
2.703132774936251E+02 2.977330839567059E+02 1 3.118240000000000E+01 
2.870282014805371E+02 5.529087103386201E+01 1 3.294270000000000E+01 
2.496807789418974E+01 2.697763432018356E+02 1 3.368460000000000E+01 
2.936457869500266E+02 2.709391428670286E+02 1 3.189680000000000E+01 
3.064064817541659E+02 1.710344524334055E+02 1 2.111110000000000E+01 
-1.316114412582158E+01 1.127307975118676E+02 1 3.293630000000000E+01 
1.151934034842294E+01 1.649592532721507E+02 1 2.098140000000000E+01 
-8.841149674570910E-01 -1.104393330079668E+01 1 3.405610000000000E+01 
-1.880645155551236E+00 3.095580122936368E+02 1 3.277830000000000E+01 
6.341340678076474E+01 1.754452681489767E+02 1 1.759240000000000E+01 
5.353179895888383E+01 1.798649196740286E+01 1 2.578790000000000E+01 
1.698818941620858E+02 5.751995949475202E+01 1 2.729850000000000E+01 
-5.000000000000000E+01 2.271407652957551E+02 1 2.619080000000000E+01 
1.183109676449566E+02 -4.697503579346434E+01 1 3.512160000000000E+01 
1.021593845103812E+02 6.059392566527104E+01 1 3.449300000000000E+01 
-6.892811198738104E+00 2.013687713204838E+02 1 2.206600000000000E+01 
-4.333577617715368E+01 1.326416345788285E+02 1 2.815350000000000E+01 
-3.825394203948839E+01 8.243854918649900E+01 1 3.660850000000000E+01 
5.442413462127345E+01 5.412174262342409E+01 1 3.109290000000000E+01 
2.059206924001954E+02 -3.325004310021485E+01 1 2.641470000000000E+01 
--------------------------------------------------------------------------------
                               SIMULATION OPTIONS                               
--------------------------------------------------------------------------------
|| File input/output 
ipfile         in_2D
userfn         userfn_2D.py
outfile        boss.out
rstfile        boss.rst

|| Key settings 
num_tasks         2
bounds         -5.000E+01 3.100E+02;    -5.000E+01 3.100E+02
kerntype       stdp stdp
yrange         -5.000E+01 3.100E+02;    -5.000E+01 3.100E+02
noise          1.000E-12
initpts    2 30    iterpts   50
gm_tol         none
verbosity      2

|| Data acquisition 
acqfn                elcb
acqtol               1.000E-03

|| GP hyperparameters 
thetainit       1.000E+00 3.142E-01
thetabounds     none
thetaprior      gamma
thetapriorpar   2.000E+00 1.900E-02;    3.368E+00 9.020E+00;    3.368E+00 9.020E+00

|| Hyperparameter optimization
updatefreq   1  initupdate      True
updateoffset 0  updaterestarts  2


--------------------------------------------------------------------------------
                              INITIAL DATAPOINT 1                               
--------------------------------------------------------------------------------
| Data point added to dataset (x i y): 
  1.4767887968E+01  1.6913241341E+02  0.0000000000E+00      -2.0300746130E+05

| Total ensemble size: 1
| Next sampling location (x_next, i_next):
  2.2177339761E+02  1.7184086543E+02  0.0000000000E+00

Iteration time [s]:    0.002        Total time [s]:    0.110

--------------------------------------------------------------------------------
                              INITIAL DATAPOINT 2                               
--------------------------------------------------------------------------------
| Data point added to dataset (x i y): 
  2.2177339761E+02  1.7184086543E+02  0.0000000000E+00      -2.0300653366E+05

| Total ensemble size: 2
| Next sampling location (x_next, i_next):
  1.4924109650E+02  1.9546904148E+02  1.0000000000E+00

Iteration time [s]:    0.001        Total time [s]:    0.112

--------------------------------------------------------------------------------
                              INITIAL DATAPOINT 3                               
--------------------------------------------------------------------------------
| Data point added to dataset (x i y): 
  1.4924109650E+02  1.9546904148E+02  1.0000000000E+00       2.1775700000E+01

| Total ensemble size: 3
| Next sampling location (x_next, i_next):
  1.6295121222E+02  2.8515435404E+02  1.0000000000E+00

Iteration time [s]:    0.017        Total time [s]:    0.132

--------------------------------------------------------------------------------
                              INITIAL DATAPOINT 4                               
--------------------------------------------------------------------------------
| Data point added to dataset (x i y): 
  1.6295121222E+02  2.8515435404E+02  1.0000000000E+00       3.6116500000E+01

| Total ensemble size: 4
| Next sampling location (x_next, i_next):
  1.8787350110E+02  1.0671634801E+00  1.0000000000E+00

Iteration time [s]:    0.001        Total time [s]:    0.137

--------------------------------------------------------------------------------
                              INITIAL DATAPOINT 5                               
--------------------------------------------------------------------------------
| Data point added to dataset (x i y): 
  1.8787350110E+02  1.0671634801E+00  1.0000000000E+00       1.8768900000E+01

| Total ensemble size: 5
| Next sampling location (x_next, i_next):
  3.1000000000E+02 -4.5328953304E+01  1.0000000000E+00

Iteration time [s]:    0.002        Total time [s]:    0.141

--------------------------------------------------------------------------------
                              INITIAL DATAPOINT 6                               
--------------------------------------------------------------------------------
| Data point added to dataset (x i y): 
  3.1000000000E+02 -4.5328953304E+01  1.0000000000E+00       2.4858100000E+01

| Total ensemble size: 6
| Next sampling location (x_next, i_next):
  2.8723785454E+02 -1.1116187071E+01  1.0000000000E+00

Iteration time [s]:    0.001        Total time [s]:    0.142

--------------------------------------------------------------------------------
                              INITIAL DATAPOINT 7                               
--------------------------------------------------------------------------------
| Data point added to dataset (x i y): 
  2.8723785454E+02 -1.1116187071E+01  1.0000000000E+00       1.8511100000E+01

| Total ensemble size: 7
| Next sampling location (x_next, i_next):
  1.8953042764E+02  1.4511192484E+01  1.0000000000E+00

Iteration time [s]:    0.002        Total time [s]:    0.146

--------------------------------------------------------------------------------
                              INITIAL DATAPOINT 8                               
--------------------------------------------------------------------------------
| Data point added to dataset (x i y): 
  1.8953042764E+02  1.4511192484E+01  1.0000000000E+00       1.8538400000E+01

| Total ensemble size: 8
| Next sampling location (x_next, i_next):
  1.7665006141E+02  3.1000000000E+02  1.0000000000E+00

Iteration time [s]:    0.002        Total time [s]:    0.150

--------------------------------------------------------------------------------
                              INITIAL DATAPOINT 9                               
--------------------------------------------------------------------------------
| Data point added to dataset (x i y): 
  1.7665006141E+02  3.1000000000E+02  1.0000000000E+00       3.2229100000E+01

| Total ensemble size: 9
| Next sampling location (x_next, i_next):
  1.3815932695E+01  2.2604672281E+01  1.0000000000E+00

Iteration time [s]:    0.001        Total time [s]:    0.154

--------------------------------------------------------------------------------
                              INITIAL DATAPOINT 10                              
--------------------------------------------------------------------------------
| Data point added to dataset (x i y): 
  1.3815932695E+01  2.2604672281E+01  1.0000000000E+00       3.1913900000E+01

| Total ensemble size: 10
| Next sampling location (x_next, i_next):
 -4.2840492972E+01  3.5373913712E+01  1.0000000000E+00

Iteration time [s]:    0.002        Total time [s]:    0.157

--------------------------------------------------------------------------------
                              INITIAL DATAPOINT 11                              
--------------------------------------------------------------------------------
| Data point added to dataset (x i y): 
 -4.2840492972E+01  3.5373913712E+01  1.0000000000E+00       3.2338900000E+01

| Total ensemble size: 11
| Next sampling location (x_next, i_next):
  9.4987555428E+01  2.6350393218E+02  1.0000000000E+00

Iteration time [s]:    0.001        Total time [s]:    0.161

--------------------------------------------------------------------------------
                              INITIAL DATAPOINT 12                              
--------------------------------------------------------------------------------
| Data point added to dataset (x i y): 
  9.4987555428E+01  2.6350393218E+02  1.0000000000E+00       3.3091000000E+01

| Total ensemble size: 12
| Next sampling location (x_next, i_next):
  2.7031327749E+02  2.9773308396E+02  1.0000000000E+00

Iteration time [s]:    0.002        Total time [s]:    0.165

--------------------------------------------------------------------------------
                              INITIAL DATAPOINT 13                              
--------------------------------------------------------------------------------
| Data point added to dataset (x i y): 
  2.7031327749E+02  2.9773308396E+02  1.0000000000E+00       3.1182400000E+01

| Total ensemble size: 13
| Next sampling location (x_next, i_next):
  2.8702820148E+02  5.5290871034E+01  1.0000000000E+00

Iteration time [s]:    0.002        Total time [s]:    0.169

--------------------------------------------------------------------------------
                              INITIAL DATAPOINT 14                              
--------------------------------------------------------------------------------
| Data point added to dataset (x i y): 
  2.8702820148E+02  5.5290871034E+01  1.0000000000E+00       3.2942700000E+01

| Total ensemble size: 14
| Next sampling location (x_next, i_next):
  2.4968077894E+01  2.6977634320E+02  1.0000000000E+00

Iteration time [s]:    0.002        Total time [s]:    0.173

--------------------------------------------------------------------------------
                              INITIAL DATAPOINT 15                              
--------------------------------------------------------------------------------
| Data point added to dataset (x i y): 
  2.4968077894E+01  2.6977634320E+02  1.0000000000E+00       3.3684600000E+01

| Total ensemble size: 15
| Next sampling location (x_next, i_next):
  2.9364578695E+02  2.7093914287E+02  1.0000000000E+00

Iteration time [s]:    0.002        Total time [s]:    0.177

--------------------------------------------------------------------------------
                              INITIAL DATAPOINT 16                              
--------------------------------------------------------------------------------
| Data point added to dataset (x i y): 
  2.9364578695E+02  2.7093914287E+02  1.0000000000E+00       3.1896800000E+01

| Total ensemble size: 16
| Next sampling location (x_next, i_next):
  3.0640648175E+02  1.7103445243E+02  1.0000000000E+00

Iteration time [s]:    0.001        Total time [s]:    0.180

--------------------------------------------------------------------------------
                              INITIAL DATAPOINT 17                              
--------------------------------------------------------------------------------
| Data point added to dataset (x i y): 
  3.0640648175E+02  1.7103445243E+02  1.0000000000E+00       2.1111100000E+01

| Total ensemble size: 17
| Next sampling location (x_next, i_next):
 -1.3161144126E+01  1.1273079751E+02  1.0000000000E+00

Iteration time [s]:    0.001        Total time [s]:    0.183

--------------------------------------------------------------------------------
                              INITIAL DATAPOINT 18                              
--------------------------------------------------------------------------------
| Data point added to dataset (x i y): 
 -1.3161144126E+01  1.1273079751E+02  1.0000000000E+00       3.2936300000E+01

| Total ensemble size: 18
| Next sampling location (x_next, i_next):
  1.1519340348E+01  1.6495925327E+02  1.0000000000E+00

Iteration time [s]:    0.001        Total time [s]:    0.186

--------------------------------------------------------------------------------
                              INITIAL DATAPOINT 19                              
--------------------------------------------------------------------------------
| Data point added to dataset (x i y): 
  1.1519340348E+01  1.6495925327E+02  1.0000000000E+00       2.0981400000E+01

| Total ensemble size: 19
| Next sampling location (x_next, i_next):
 -8.8411496746E-01 -1.1043933301E+01  1.0000000000E+00

Iteration time [s]:    0.002        Total time [s]:    0.191

--------------------------------------------------------------------------------
                              INITIAL DATAPOINT 20                              
--------------------------------------------------------------------------------
| Data point added to dataset (x i y): 
 -8.8411496746E-01 -1.1043933301E+01  1.0000000000E+00       3.4056100000E+01

| Total ensemble size: 20
| Next sampling location (x_next, i_next):
 -1.8806451556E+00  3.0955801229E+02  1.0000000000E+00

Iteration time [s]:    0.002        Total time [s]:    0.194

--------------------------------------------------------------------------------
                              INITIAL DATAPOINT 21                              
--------------------------------------------------------------------------------
| Data point added to dataset (x i y): 
 -1.8806451556E+00  3.0955801229E+02  1.0000000000E+00       3.2778300000E+01

| Total ensemble size: 21
| Next sampling location (x_next, i_next):
  6.3413406781E+01  1.7544526815E+02  1.0000000000E+00

Iteration time [s]:    0.001        Total time [s]:    0.196

--------------------------------------------------------------------------------
                              INITIAL DATAPOINT 22                              
--------------------------------------------------------------------------------
| Data point added to dataset (x i y): 
  6.3413406781E+01  1.7544526815E+02  1.0000000000E+00       1.7592400000E+01

| Total ensemble size: 22
| Next sampling location (x_next, i_next):
  5.3531798959E+01  1.7986491967E+01  1.0000000000E+00

Iteration time [s]:    0.002        Total time [s]:    0.199

--------------------------------------------------------------------------------
                              INITIAL DATAPOINT 23                              
--------------------------------------------------------------------------------
| Data point added to dataset (x i y): 
  5.3531798959E+01  1.7986491967E+01  1.0000000000E+00       2.5787900000E+01

| Total ensemble size: 23
| Next sampling location (x_next, i_next):
  1.6988189416E+02  5.7519959495E+01  1.0000000000E+00

Iteration time [s]:    0.002        Total time [s]:    0.203

--------------------------------------------------------------------------------
                              INITIAL DATAPOINT 24                              
--------------------------------------------------------------------------------
| Data point added to dataset (x i y): 
  1.6988189416E+02  5.7519959495E+01  1.0000000000E+00       2.7298500000E+01

| Total ensemble size: 24
| Next sampling location (x_next, i_next):
 -5.0000000000E+01  2.2714076530E+02  1.0000000000E+00

Iteration time [s]:    0.001        Total time [s]:    0.206

--------------------------------------------------------------------------------
                              INITIAL DATAPOINT 25                              
--------------------------------------------------------------------------------
| Data point added to dataset (x i y): 
 -5.0000000000E+01  2.2714076530E+02  1.0000000000E+00       2.6190800000E+01

| Total ensemble size: 25
| Next sampling location (x_next, i_next):
  1.1831096764E+02 -4.6975035793E+01  1.0000000000E+00

Iteration time [s]:    0.001        Total time [s]:    0.209

--------------------------------------------------------------------------------
                              INITIAL DATAPOINT 26                              
--------------------------------------------------------------------------------
| Data point added to dataset (x i y): 
  1.1831096764E+02 -4.6975035793E+01  1.0000000000E+00       3.5121600000E+01

| Total ensemble size: 26
| Next sampling location (x_next, i_next):
  1.0215938451E+02  6.0593925665E+01  1.0000000000E+00

Iteration time [s]:    0.002        Total time [s]:    0.213

--------------------------------------------------------------------------------
                              INITIAL DATAPOINT 27                              
--------------------------------------------------------------------------------
| Data point added to dataset (x i y): 
  1.0215938451E+02  6.0593925665E+01  1.0000000000E+00       3.4493000000E+01

| Total ensemble size: 27
| Next sampling location (x_next, i_next):
 -6.8928111987E+00  2.0136877132E+02  1.0000000000E+00

Iteration time [s]:    0.001        Total time [s]:    0.217

--------------------------------------------------------------------------------
                              INITIAL DATAPOINT 28                              
--------------------------------------------------------------------------------
| Data point added to dataset (x i y): 
 -6.8928111987E+00  2.0136877132E+02  1.0000000000E+00       2.2066000000E+01

| Total ensemble size: 28
| Next sampling location (x_next, i_next):
 -4.3335776177E+01  1.3264163458E+02  1.0000000000E+00

Iteration time [s]:    0.001        Total time [s]:    0.219

--------------------------------------------------------------------------------
                              INITIAL DATAPOINT 29                              
--------------------------------------------------------------------------------
| Data point added to dataset (x i y): 
 -4.3335776177E+01  1.3264163458E+02  1.0000000000E+00       2.8153500000E+01

| Total ensemble size: 29
| Next sampling location (x_next, i_next):
 -3.8253942039E+01  8.2438549186E+01  1.0000000000E+00

Iteration time [s]:    0.001        Total time [s]:    0.221

--------------------------------------------------------------------------------
                              INITIAL DATAPOINT 30                              
--------------------------------------------------------------------------------
| Data point added to dataset (x i y): 
 -3.8253942039E+01  8.2438549186E+01  1.0000000000E+00       3.6608500000E+01

| Total ensemble size: 30
| Next sampling location (x_next, i_next):
  5.4424134621E+01  5.4121742623E+01  1.0000000000E+00

Iteration time [s]:    0.002        Total time [s]:    0.225

--------------------------------------------------------------------------------
                              INITIAL DATAPOINT 31                              
--------------------------------------------------------------------------------
| Data point added to dataset (x i y): 
  5.4424134621E+01  5.4121742623E+01  1.0000000000E+00       3.1092900000E+01

| Total ensemble size: 31
| Next sampling location (x_next, i_next):
  2.0592069240E+02 -3.3250043100E+01  1.0000000000E+00

Iteration time [s]:    0.001        Total time [s]:    0.228

--------------------------------------------------------------------------------
                              INITIAL DATAPOINT 32                              
--------------------------------------------------------------------------------
| Data point added to dataset (x i y): 
  2.0592069240E+02 -3.3250043100E+01  1.0000000000E+00       2.6414700000E+01

| Total ensemble size: 32
| Best acquisition, x_best i_best y_best:
  1.4767887968E+01  1.6913241341E+02  0.0000000000E+00      -2.0300746130E+05
| Global minimum prediction, x_hat mu_hat +- nu_hat:
  8.5889372818E+01  1.8318698772E+02  0.0000000000E+00      -2.0300766675E+05  8.1871114770E-03

| GP model hyperparameters (lengthscales W kappa):
  4.8900305967E-01  4.0234377492E-01 -3.9813520921E-01 -6.7586387420E+00  8.4482143038E-48  4.9817758683E-08
| Next sampling location (x_next, i_next):
  1.2098302848E+02  1.5120217723E+02  0.0000000000E+00

Iteration time [s]:    1.824        Total time [s]:    2.055

--------------------------------------------------------------------------------
                                 BO ITERATION 1                                 
--------------------------------------------------------------------------------
| Evaluating objective function at 1.210E+02 1.512E+02 0.000E+00
| Objective function evaluated, time [s]       33.293
| Data point added to dataset (x i y): 
  1.2098302848E+02  1.5120217723E+02  0.0000000000E+00      -2.0300397967E+05

| Total ensemble size: 33
| Best acquisition, x_best i_best y_best:
  1.4767887968E+01  1.6913241341E+02  0.0000000000E+00      -2.0300746130E+05
| Global minimum prediction, x_hat mu_hat +- nu_hat:
 -3.4649410997E-01  1.7979298913E+02  0.0000000000E+00      -2.0300760533E+05  3.3167285574E-01
| Global minimum convergence, d_xhat d_muhat:
  8.6302630152E+01  3.2299940661E-03

| GP model hyperparameters (lengthscales W kappa):
  5.0064608099E-01  3.6795824427E-01 -4.9480227467E-01 -6.0335687113E+00  2.7771083986E+00  9.0331497022E-01
| Next sampling location (x_next, i_next):
  2.5898323021E+02 -2.6811846665E+00  0.0000000000E+00

Iteration time [s]:   34.769        Total time [s]:   36.824

--------------------------------------------------------------------------------
                                 BO ITERATION 2                                 
--------------------------------------------------------------------------------
| Evaluating objective function at 2.590E+02 -2.681E+00 0.000E+00
| Objective function evaluated, time [s]       23.779
| Data point added to dataset (x i y): 
  2.5898323021E+02 -2.6811846665E+00  0.0000000000E+00      -2.0301188744E+05

| Total ensemble size: 34
| Best acquisition, x_best i_best y_best:
  2.5898323021E+02 -2.6811846665E+00  0.0000000000E+00      -2.0301188744E+05
| Global minimum prediction, x_hat mu_hat +- nu_hat:
  2.5981449030E+02 -3.1442848853E+00  0.0000000000E+00      -2.0301188805E+05  2.0033722408E-03
| Global minimum convergence, d_xhat d_muhat:
  3.1804053834E+02  2.2521546747E-01

| GP model hyperparameters (lengthscales W kappa):
  5.2084345322E-01  3.7200638617E-01  1.2054574474E+00  6.1041682764E+00  6.0297932837E+00  2.0001490748E+00
| Next sampling location (x_next, i_next):
  1.7464492541E+02  1.1187999919E+01  0.0000000000E+00

Iteration time [s]:   25.097        Total time [s]:   61.922

--------------------------------------------------------------------------------
                                 BO ITERATION 3                                 
--------------------------------------------------------------------------------
| Evaluating objective function at 1.746E+02 1.119E+01 0.000E+00
| Objective function evaluated, time [s]       23.151
| Data point added to dataset (x i y): 
  1.7464492541E+02  1.1187999919E+01  0.0000000000E+00      -2.0300603041E+05

| Total ensemble size: 35
| Best acquisition, x_best i_best y_best:
  2.5898323021E+02 -2.6811846665E+00  0.0000000000E+00      -2.0301188744E+05
| Global minimum prediction, x_hat mu_hat +- nu_hat:
  2.7093619028E+02 -6.6541907895E+00  0.0000000000E+00      -2.0301207408E+05  3.6641593635E-01
| Global minimum convergence, d_xhat d_muhat:
  1.1662403271E+01  9.7826458049E-03

| GP model hyperparameters (lengthscales W kappa):
  4.9920496471E-01  3.7096275704E-01  6.7586482594E-01  5.9565617561E+00  8.0326195158E+00  2.0271555070E+00
| Next sampling location (x_next, i_next):
 -5.0000000000E+01 -4.0552780143E+01  0.0000000000E+00

Iteration time [s]:   24.497        Total time [s]:   86.419

--------------------------------------------------------------------------------
                                 BO ITERATION 4                                 
--------------------------------------------------------------------------------
| Evaluating objective function at -5.000E+01 -4.055E+01 0.000E+00
| Objective function evaluated, time [s]       24.168
| Data point added to dataset (x i y): 
 -5.0000000000E+01 -4.0552780143E+01  0.0000000000E+00      -2.0300166539E+05

| Total ensemble size: 36
| Best acquisition, x_best i_best y_best:
  2.5898323021E+02 -2.6811846665E+00  0.0000000000E+00      -2.0301188744E+05
| Global minimum prediction, x_hat mu_hat +- nu_hat:
  2.5374676090E+02  6.6045731855E+00  0.0000000000E+00      -2.0301228987E+05  7.5254389142E-01
| Global minimum convergence, d_xhat d_muhat:
  2.1708784045E+01  1.1348044538E-02

| GP model hyperparameters (lengthscales W kappa):
  4.8618724276E-01  3.5468983645E-01  1.2372134532E+00  5.6970296732E+00  1.6964545897E+01  2.3982270018E+00
| Next sampling location (x_next, i_next):
  2.5301076710E+02  5.0504423432E+01  0.0000000000E+00

Iteration time [s]:   25.684        Total time [s]:  112.104

--------------------------------------------------------------------------------
                                 BO ITERATION 5                                 
--------------------------------------------------------------------------------
| Evaluating objective function at 2.530E+02 5.050E+01 0.000E+00
| Objective function evaluated, time [s]       23.089
| Data point added to dataset (x i y): 
  2.5301076710E+02  5.0504423432E+01  0.0000000000E+00      -2.0299626770E+05

| Total ensemble size: 37
| Best acquisition, x_best i_best y_best:
  2.5898323021E+02 -2.6811846665E+00  0.0000000000E+00      -2.0301188744E+05
| Global minimum prediction, x_hat mu_hat +- nu_hat:
  2.5444856448E+02 -6.3245068515E+00  0.0000000000E+00      -2.0301204945E+05  3.4900892139E-01
| Global minimum convergence, d_xhat d_muhat:
  1.2948113332E+01  1.2442161641E-02

| GP model hyperparameters (lengthscales W kappa):
  5.0919786551E-01  3.5462369063E-01  3.7926149133E+00  5.8921741746E+00  2.7417937652E+01  1.2892633313E+00
| Next sampling location (x_next, i_next):
  8.8418816335E+01  2.1180992407E+02  0.0000000000E+00

Iteration time [s]:   24.609        Total time [s]:  136.713

--------------------------------------------------------------------------------
                                 BO ITERATION 6                                 
--------------------------------------------------------------------------------
| Evaluating objective function at 8.842E+01 2.118E+02 0.000E+00
| Objective function evaluated, time [s]       22.799
| Data point added to dataset (x i y): 
  8.8418816335E+01  2.1180992407E+02  0.0000000000E+00      -2.0300364741E+05

| Total ensemble size: 38
| Best acquisition, x_best i_best y_best:
  2.5898323021E+02 -2.6811846665E+00  0.0000000000E+00      -2.0301188744E+05
| Global minimum prediction, x_hat mu_hat +- nu_hat:
  2.5372304583E+02 -6.6201361647E+00  0.0000000000E+00      -2.0301207778E+05  4.1422048597E-01
| Global minimum convergence, d_xhat d_muhat:
  7.8343729803E-01  1.4774343458E-03

| GP model hyperparameters (lengthscales W kappa):
  5.0348425395E-01  3.4817859259E-01  3.8381021071E+00  4.9611053997E+00  2.1612453268E+01  1.0294515171E+01
| Next sampling location (x_next, i_next):
  2.9656740027E+02  2.0050170285E+02  0.0000000000E+00

Iteration time [s]:   24.497        Total time [s]:  161.211

--------------------------------------------------------------------------------
                                 BO ITERATION 7                                 
--------------------------------------------------------------------------------
| Evaluating objective function at 2.966E+02 2.005E+02 0.000E+00
| Objective function evaluated, time [s]       22.322
| Data point added to dataset (x i y): 
  2.9656740027E+02  2.0050170285E+02  0.0000000000E+00      -2.0300616896E+05

| Total ensemble size: 39
| Best acquisition, x_best i_best y_best:
  2.5898323021E+02 -2.6811846665E+00  0.0000000000E+00      -2.0301188744E+05
| Global minimum prediction, x_hat mu_hat +- nu_hat:
  2.5332892678E+02 -6.7270050258E+00  0.0000000000E+00      -2.0301209065E+05  4.2018133825E-01
| Global minimum convergence, d_xhat d_muhat:
  4.0835129471E-01  6.6565546683E-04

| GP model hyperparameters (lengthscales W kappa):
  5.0561996155E-01  3.4603853291E-01  3.5924139472E+00  5.0193686242E+00  2.0281974046E+01  9.6286245828E+00
| Next sampling location (x_next, i_next):
  6.7577651968E+01  1.5048349463E+01  0.0000000000E+00

Iteration time [s]:   23.866        Total time [s]:  185.078

--------------------------------------------------------------------------------
                                 BO ITERATION 8                                 
--------------------------------------------------------------------------------
| Evaluating objective function at 6.758E+01 1.505E+01 0.000E+00
| Objective function evaluated, time [s]       23.790
| Data point added to dataset (x i y): 
  6.7577651968E+01  1.5048349463E+01  0.0000000000E+00      -2.0300127588E+05

| Total ensemble size: 40
| Best acquisition, x_best i_best y_best:
  2.5898323021E+02 -2.6811846665E+00  0.0000000000E+00      -2.0301188744E+05
| Global minimum prediction, x_hat mu_hat +- nu_hat:
  2.5203092968E+02 -6.5967672713E+00  0.0000000000E+00      -2.0301212430E+05  4.4285804291E-01
| Global minimum convergence, d_xhat d_muhat:
  1.3045145995E+00  1.7696167014E-03

| GP model hyperparameters (lengthscales W kappa):
  5.1329687883E-01  3.5157947109E-01 -3.5649712286E+00 -5.5845914642E+00  1.9813198166E+01  4.6442728843E+00
| Next sampling location (x_next, i_next):
  2.0100169063E+02  2.2574919147E+02  0.0000000000E+00

Iteration time [s]:   25.215        Total time [s]:  210.294

--------------------------------------------------------------------------------
                                 BO ITERATION 9                                 
--------------------------------------------------------------------------------
| Evaluating objective function at 2.010E+02 2.257E+02 0.000E+00
| Objective function evaluated, time [s]       21.954
| Data point added to dataset (x i y): 
  2.0100169063E+02  2.2574919147E+02  0.0000000000E+00      -2.0299804428E+05

| Total ensemble size: 41
| Best acquisition, x_best i_best y_best:
  2.5898323021E+02 -2.6811846665E+00  0.0000000000E+00      -2.0301188744E+05
| Global minimum prediction, x_hat mu_hat +- nu_hat:
  2.5335751374E+02 -5.6124257926E+00  0.0000000000E+00      -2.0301204568E+05  2.2826355692E-01
| Global minimum convergence, d_xhat d_muhat:
  1.6518938890E+00  4.1347855044E-03

| GP model hyperparameters (lengthscales W kappa):
  5.3338066695E-01  3.7393466797E-01 -4.5732750300E+00 -6.0338965014E+00  1.7301023499E+01  3.2231743963E+00
| Next sampling location (x_next, i_next):
  1.9835657486E+02  1.2202744574E+02  0.0000000000E+00

Iteration time [s]:   23.376        Total time [s]:  233.678

--------------------------------------------------------------------------------
                                BO ITERATION 10                                 
--------------------------------------------------------------------------------
| Evaluating objective function at 1.984E+02 1.220E+02 0.000E+00
| Objective function evaluated, time [s]       23.513
| Data point added to dataset (x i y): 
  1.9835657486E+02  1.2202744574E+02  0.0000000000E+00      -2.0299493293E+05

| Total ensemble size: 42
| Best acquisition, x_best i_best y_best:
  2.5898323021E+02 -2.6811846665E+00  0.0000000000E+00      -2.0301188744E+05
| Global minimum prediction, x_hat mu_hat +- nu_hat:
  2.5517471229E+02 -4.4823803064E+00  0.0000000000E+00      -2.0301195929E+05  8.3758511532E-02
| Global minimum convergence, d_xhat d_muhat:
  2.1399096642E+00  4.5430517793E-03

| GP model hyperparameters (lengthscales W kappa):
  5.4819535483E-01  3.9004750644E-01  6.2572374107E+00  5.7601862956E+00  6.6811345221E+00  1.0382481887E+01
| Next sampling location (x_next, i_next):
  2.8022932993E+02  1.5739457744E+02  0.0000000000E+00

Iteration time [s]:   25.231        Total time [s]:  258.910

--------------------------------------------------------------------------------
                                BO ITERATION 11                                 
--------------------------------------------------------------------------------
| Evaluating objective function at 2.802E+02 1.574E+02 0.000E+00
| Objective function evaluated, time [s]       22.985
| Data point added to dataset (x i y): 
  2.8022932993E+02  1.5739457744E+02  0.0000000000E+00      -2.0300545929E+05

| Total ensemble size: 43
| Best acquisition, x_best i_best y_best:
  2.5898323021E+02 -2.6811846665E+00  0.0000000000E+00      -2.0301188744E+05
| Global minimum prediction, x_hat mu_hat +- nu_hat:
  2.5497407166E+02 -4.4054859064E+00  0.0000000000E+00      -2.0301196068E+05  8.0389648387E-02
| Global minimum convergence, d_xhat d_muhat:
  2.1487068191E-01  7.2576976699E-05

| GP model hyperparameters (lengthscales W kappa):
  5.5842190164E-01  3.9963653098E-01  6.3633227192E+00  5.9740696733E+00  6.5148166811E+00  1.0201616232E+01
| Next sampling location (x_next, i_next):
  5.9676993391E+01  1.4371446191E+02  0.0000000000E+00

Iteration time [s]:   24.706        Total time [s]:  283.616

--------------------------------------------------------------------------------
                                BO ITERATION 12                                 
--------------------------------------------------------------------------------
| Evaluating objective function at 5.968E+01 1.437E+02 0.000E+00
| Objective function evaluated, time [s]       23.135
| Data point added to dataset (x i y): 
  5.9676993391E+01  1.4371446191E+02  0.0000000000E+00      -2.0300320656E+05

| Total ensemble size: 44
| Best acquisition, x_best i_best y_best:
  2.5898323021E+02 -2.6811846665E+00  0.0000000000E+00      -2.0301188744E+05
| Global minimum prediction, x_hat mu_hat +- nu_hat:
  2.5481827948E+02 -4.3332635010E+00  0.0000000000E+00      -2.0301196144E+05  7.6899375435E-02
| Global minimum convergence, d_xhat d_muhat:
  1.7171860319E-01  3.9903641319E-05

| GP model hyperparameters (lengthscales W kappa):
  5.7051276571E-01  4.0218209750E-01  5.8761745557E+00  6.6033691821E+00  1.2502712747E+01  3.4888620561E+00
| Next sampling location (x_next, i_next):
  2.2278166164E+02 -6.2125819646E+00  0.0000000000E+00

Iteration time [s]:   25.174        Total time [s]:  308.791

--------------------------------------------------------------------------------
                                BO ITERATION 13                                 
--------------------------------------------------------------------------------
| Evaluating objective function at 2.228E+02 -6.213E+00 0.000E+00
| Objective function evaluated, time [s]       23.232
| Data point added to dataset (x i y): 
  2.2278166164E+02 -6.2125819646E+00  0.0000000000E+00      -2.0301116692E+05

| Total ensemble size: 45
| Best acquisition, x_best i_best y_best:
  2.5898323021E+02 -2.6811846665E+00  0.0000000000E+00      -2.0301188744E+05
| Global minimum prediction, x_hat mu_hat +- nu_hat:
  2.4832579455E+02 -4.7361374272E+00  0.0000000000E+00      -2.0301218055E+05  6.0637084367E-02
| Global minimum convergence, d_xhat d_muhat:
  6.5049725658E+00  1.1136744371E-02

| GP model hyperparameters (lengthscales W kappa):
  5.8242635559E-01  4.0439113119E-01  5.7315847430E+00  6.6948907881E+00  1.3578735406E+01  4.2510822965E+00
| Next sampling location (x_next, i_next):
  1.5827216121E+02  1.8300346383E+02  0.0000000000E+00

Iteration time [s]:   24.884        Total time [s]:  333.676

--------------------------------------------------------------------------------
                                BO ITERATION 14                                 
--------------------------------------------------------------------------------
| Evaluating objective function at 1.583E+02 1.830E+02 0.000E+00
| Objective function evaluated, time [s]       22.626
| Data point added to dataset (x i y): 
  1.5827216121E+02  1.8300346383E+02  0.0000000000E+00      -2.0300790325E+05

| Total ensemble size: 46
| Best acquisition, x_best i_best y_best:
  2.5898323021E+02 -2.6811846665E+00  0.0000000000E+00      -2.0301188744E+05
| Global minimum prediction, x_hat mu_hat +- nu_hat:
  2.4833249224E+02 -4.7019593980E+00  0.0000000000E+00      -2.0301217994E+05  5.7299627299E-02
| Global minimum convergence, d_xhat d_muhat:
  3.4828103692E-02  3.0536160571E-05

| GP model hyperparameters (lengthscales W kappa):
  5.9289178206E-01  4.1058483419E-01 -5.9740315768E+00 -6.8526964219E+00  1.3295893051E+01  4.4620054017E+00
| Next sampling location (x_next, i_next):
  2.5300912322E+02 -2.0483537665E+01  0.0000000000E+00

Iteration time [s]:   24.426        Total time [s]:  358.106

--------------------------------------------------------------------------------
                                BO ITERATION 15                                 
--------------------------------------------------------------------------------
| Evaluating objective function at 2.530E+02 -2.048E+01 0.000E+00
| Objective function evaluated, time [s]       24.013
| Data point added to dataset (x i y): 
  2.5300912322E+02 -2.0483537665E+01  0.0000000000E+00      -2.0300954178E+05

| Total ensemble size: 47
| Best acquisition, x_best i_best y_best:
  2.5898323021E+02 -2.6811846665E+00  0.0000000000E+00      -2.0301188744E+05
| Global minimum prediction, x_hat mu_hat +- nu_hat:
  2.4636406142E+02 -2.1280261989E+00  0.0000000000E+00      -2.0301216648E+05  6.8447683980E-02
| Global minimum convergence, d_xhat d_muhat:
  3.2403475134E+00  6.6455423998E-04

| GP model hyperparameters (lengthscales W kappa):
  6.0534434157E-01  4.2456950152E-01  6.3566460820E+00  7.2903742993E+00  1.4802090273E+01  2.5091081380E+00
| Next sampling location (x_next, i_next):
  8.5576621216E+01  1.7732077673E+02  0.0000000000E+00

Iteration time [s]:   25.683        Total time [s]:  383.790

--------------------------------------------------------------------------------
                                BO ITERATION 16                                 
--------------------------------------------------------------------------------
| Evaluating objective function at 8.558E+01 1.773E+02 0.000E+00
| Objective function evaluated, time [s]       23.090
| Data point added to dataset (x i y): 
  8.5576621216E+01  1.7732077673E+02  0.0000000000E+00      -2.0300907282E+05

| Total ensemble size: 48
| Best acquisition, x_best i_best y_best:
  2.5898323021E+02 -2.6811846665E+00  0.0000000000E+00      -2.0301188744E+05
| Global minimum prediction, x_hat mu_hat +- nu_hat:
  2.4631711650E+02 -2.0707875333E+00  0.0000000000E+00      -2.0301216810E+05  6.4008332807E-02
| Global minimum convergence, d_xhat d_muhat:
  7.4027634952E-02  7.8963020371E-05

| GP model hyperparameters (lengthscales W kappa):
  6.2234097553E-01  4.3822024606E-01 -7.0505298087E+00 -7.4055775035E+00  1.1822558853E+01  5.9107212759E+00
| Next sampling location (x_next, i_next):
  4.4383183596E+01  1.8937488469E+02  0.0000000000E+00

Iteration time [s]:   24.735        Total time [s]:  408.527

--------------------------------------------------------------------------------
                                BO ITERATION 17                                 
--------------------------------------------------------------------------------
| Evaluating objective function at 4.438E+01 1.894E+02 0.000E+00
| Objective function evaluated, time [s]       23.079
| Data point added to dataset (x i y): 
  4.4383183596E+01  1.8937488469E+02  0.0000000000E+00      -2.0300892473E+05

| Total ensemble size: 49
| Best acquisition, x_best i_best y_best:
  2.5898323021E+02 -2.6811846665E+00  0.0000000000E+00      -2.0301188744E+05
| Global minimum prediction, x_hat mu_hat +- nu_hat:
  2.4632920836E+02 -2.0298981748E+00  0.0000000000E+00      -2.0301216772E+05  6.3251059362E-02
| Global minimum convergence, d_xhat d_muhat:
  4.2639801766E-02  1.8443132101E-05

| GP model hyperparameters (lengthscales W kappa):
  6.2685715178E-01  4.4320308807E-01  7.5439460850E+00  7.1469240758E+00  6.5777968700E+00  1.1403031981E+01
| Next sampling location (x_next, i_next):
 -1.2529081540E+01  2.2331411214E+02  0.0000000000E+00

Iteration time [s]:   25.057        Total time [s]:  433.586

--------------------------------------------------------------------------------
                                BO ITERATION 18                                 
--------------------------------------------------------------------------------
| Evaluating objective function at -1.253E+01 2.233E+02 0.000E+00
| Objective function evaluated, time [s]       23.129
| Data point added to dataset (x i y): 
 -1.2529081540E+01  2.2331411214E+02  0.0000000000E+00      -2.0299979541E+05

| Total ensemble size: 50
| Best acquisition, x_best i_best y_best:
  2.5898323021E+02 -2.6811846665E+00  0.0000000000E+00      -2.0301188744E+05
| Global minimum prediction, x_hat mu_hat +- nu_hat:
  2.4621087370E+02 -1.9037414306E+00  0.0000000000E+00      -2.0301216348E+05  6.0239503822E-02
| Global minimum convergence, d_xhat d_muhat:
  1.7296998147E-01  2.0687072594E-04

| GP model hyperparameters (lengthscales W kappa):
  6.3443798606E-01  4.6660160578E-01  8.2011663812E+00  7.6678201334E+00  5.6277410171E+00  1.0309325295E+01
| Next sampling location (x_next, i_next):
  2.3894279560E+02  3.7827445248E+00  0.0000000000E+00

Iteration time [s]:   24.903        Total time [s]:  458.490

--------------------------------------------------------------------------------
                                BO ITERATION 19                                 
--------------------------------------------------------------------------------
| Evaluating objective function at 2.389E+02 3.783E+00 0.000E+00
| Objective function evaluated, time [s]       23.229
| Data point added to dataset (x i y): 
  2.3894279560E+02  3.7827445248E+00  0.0000000000E+00      -2.0301226618E+05

| Total ensemble size: 51
| Best acquisition, x_best i_best y_best:
  2.3894279560E+02  3.7827445248E+00  0.0000000000E+00      -2.0301226618E+05
| Global minimum prediction, x_hat mu_hat +- nu_hat:
  2.4323665638E+02 -4.3319062350E-01  0.0000000000E+00      -2.0301241599E+05  4.7849942187E-03
| Global minimum convergence, d_xhat d_muhat:
  3.3179042113E+00  1.2118505313E-02

| GP model hyperparameters (lengthscales W kappa):
  6.4379996659E-01  4.8770643971E-01  8.8812756479E+00  8.2158271250E+00  5.7031211248E+00  1.0383971071E+01
| Next sampling location (x_next, i_next):
  2.2334301969E+02  6.6102643147E+00  0.0000000000E+00

Iteration time [s]:   25.154        Total time [s]:  483.645

--------------------------------------------------------------------------------
                                BO ITERATION 20                                 
--------------------------------------------------------------------------------
| Evaluating objective function at 2.233E+02 6.610E+00 0.000E+00
| Objective function evaluated, time [s]       24.288
| Data point added to dataset (x i y): 
  2.2334301969E+02  6.6102643147E+00  0.0000000000E+00      -2.0301209698E+05

| Total ensemble size: 52
| Best acquisition, x_best i_best y_best:
  2.3894279560E+02  3.7827445248E+00  0.0000000000E+00      -2.0301226618E+05
| Global minimum prediction, x_hat mu_hat +- nu_hat:
  2.3769228100E+02  1.5340711044E+00  0.0000000000E+00      -2.0301232100E+05  1.1572935691E-03
| Global minimum convergence, d_xhat d_muhat:
  5.8830448752E+00  4.4896728407E-03

| GP model hyperparameters (lengthscales W kappa):
  6.1777021438E-01  5.0048963311E-01  9.7047070113E+00  7.9973256917E+00  6.1583288865E+00  1.0966506100E+01
| Next sampling location (x_next, i_next):
  2.5550672663E+02  1.9044167658E+02  0.0000000000E+00

Iteration time [s]:   26.165        Total time [s]:  509.811

--------------------------------------------------------------------------------
                                BO ITERATION 21                                 
--------------------------------------------------------------------------------
| Evaluating objective function at 2.555E+02 1.904E+02 0.000E+00
| Objective function evaluated, time [s]       21.869
| Data point added to dataset (x i y): 
  2.5550672663E+02  1.9044167658E+02  0.0000000000E+00      -2.0300635453E+05

| Total ensemble size: 53
| Best acquisition, x_best i_best y_best:
  2.3894279560E+02  3.7827445248E+00  0.0000000000E+00      -2.0301226618E+05
| Global minimum prediction, x_hat mu_hat +- nu_hat:
  2.3767843267E+02  1.5611160302E+00  0.0000000000E+00      -2.0301231985E+05  1.0817025166E-03
| Global minimum convergence, d_xhat d_muhat:
  3.0384280707E-02  5.4155071300E-05

| GP model hyperparameters (lengthscales W kappa):
  6.2442971775E-01  5.0368857377E-01 -9.1657695988E+00 -8.5864650044E+00  1.7078675103E+01  2.5397060954E+00
| Next sampling location (x_next, i_next):
  2.3993535530E+02 -1.2220764964E+00  0.0000000000E+00

Iteration time [s]:   23.813        Total time [s]:  533.624

--------------------------------------------------------------------------------
                                BO ITERATION 22                                 
--------------------------------------------------------------------------------
| Evaluating objective function at 2.399E+02 -1.222E+00 0.000E+00
| Objective function evaluated, time [s]       23.231
| Data point added to dataset (x i y): 
  2.3993535530E+02 -1.2220764964E+00  0.0000000000E+00      -2.0301235076E+05

| Total ensemble size: 54
| Best acquisition, x_best i_best y_best:
  2.3993535530E+02 -1.2220764964E+00  0.0000000000E+00      -2.0301235076E+05
| Global minimum prediction, x_hat mu_hat +- nu_hat:
  2.3835445213E+02  5.3915704692E-01  0.0000000000E+00      -2.0301236968E+05  1.7736815357E-05
| Global minimum convergence, d_xhat d_muhat:
  1.2253172969E+00  2.3183528695E-03

| GP model hyperparameters (lengthscales W kappa):
  6.2975554174E-01  4.9220896542E-01 -9.2788570485E+00 -8.3733124340E+00  1.7710718481E+01  3.1926111681E+00
| Next sampling location (x_next, i_next):
  2.3457438412E+02  1.4022512292E+00  0.0000000000E+00

Iteration time [s]:   25.121        Total time [s]:  558.746

--------------------------------------------------------------------------------
                                BO ITERATION 23                                 
--------------------------------------------------------------------------------
| Evaluating objective function at 2.346E+02 1.402E+00 0.000E+00
| Objective function evaluated, time [s]       23.216
| Data point added to dataset (x i y): 
  2.3457438412E+02  1.4022512292E+00  0.0000000000E+00      -2.0301236628E+05

| Total ensemble size: 55
| Best acquisition, x_best i_best y_best:
  2.3457438412E+02  1.4022512292E+00  0.0000000000E+00      -2.0301236628E+05
| Global minimum prediction, x_hat mu_hat +- nu_hat:
  2.3732415611E+02  7.8916105974E-01  0.0000000000E+00      -2.0301237394E+05  4.7946628525E-07
| Global minimum convergence, d_xhat d_muhat:
  1.0601942730E+00  1.9584920583E-04

| GP model hyperparameters (lengthscales W kappa):
  6.3405106300E-01  4.8030103806E-01  9.2932528910E+00  7.7028767835E+00  9.4456340200E+00  1.1015571731E+01
| Next sampling location (x_next, i_next):
 -3.8471839871E+01  1.7273092716E+02  0.0000000000E+00

Iteration time [s]:   25.437        Total time [s]:  584.184

--------------------------------------------------------------------------------
                                BO ITERATION 24                                 
--------------------------------------------------------------------------------
| Evaluating objective function at -3.847E+01 1.727E+02 0.000E+00
| Objective function evaluated, time [s]       23.008
| Data point added to dataset (x i y): 
 -3.8471839871E+01  1.7273092716E+02  0.0000000000E+00      -2.0300815352E+05

| Total ensemble size: 56
| Best acquisition, x_best i_best y_best:
  2.3457438412E+02  1.4022512292E+00  0.0000000000E+00      -2.0301236628E+05
| Global minimum prediction, x_hat mu_hat +- nu_hat:
  2.3731990682E+02  7.8945242377E-01  0.0000000000E+00      -2.0301237392E+05  4.5813832186E-07
| Global minimum convergence, d_xhat d_muhat:
  4.2592616048E-03  8.8161631037E-07

| GP model hyperparameters (lengthscales W kappa):
  6.3896468118E-01  4.8361120979E-01 -9.8334159141E+00 -7.4275644632E+00  6.1622161873E-01  1.6584407119E+01
| Next sampling location (x_next, i_next):
  2.3834785286E+02  6.6150699792E-01  0.0000000000E+00

Iteration time [s]:   25.094        Total time [s]:  609.279

--------------------------------------------------------------------------------
                                BO ITERATION 25                                 
--------------------------------------------------------------------------------
| Evaluating objective function at 2.383E+02 6.615E-01 0.000E+00
| Objective function evaluated, time [s]       24.267
| Data point added to dataset (x i y): 
  2.3834785286E+02  6.6150699792E-01  0.0000000000E+00      -2.0301237239E+05

| Total ensemble size: 57
| Best acquisition, x_best i_best y_best:
  2.3834785286E+02  6.6150699792E-01  0.0000000000E+00      -2.0301237239E+05
| Global minimum prediction, x_hat mu_hat +- nu_hat:
  2.3726569390E+02  7.9455835665E-01  0.0000000000E+00      -2.0301237373E+05  3.0175788890E-08
| Global minimum convergence, d_xhat d_muhat:
  5.4452834194E-02  8.6383727130E-06

| GP model hyperparameters (lengthscales W kappa):
  6.4396520883E-01  5.0064946030E-01  9.0612795803E+00  8.7625797023E+00  2.2910223016E+01  5.1775139578E-01
| Next sampling location (x_next, i_next):
  5.7335921343E+01  1.7454107154E+02  0.0000000000E+00

Iteration time [s]:   26.350        Total time [s]:  635.631

--------------------------------------------------------------------------------
                                BO ITERATION 26                                 
--------------------------------------------------------------------------------
| Evaluating objective function at 5.734E+01 1.745E+02 0.000E+00
| Objective function evaluated, time [s]       23.211
| Acquisition location too confident, doing pure exploration
| Data point added to dataset (x i y): 
  5.7335921343E+01  1.7454107154E+02  0.0000000000E+00      -2.0300948335E+05

| Total ensemble size: 58
| Best acquisition, x_best i_best y_best:
  2.3834785286E+02  6.6150699792E-01  0.0000000000E+00      -2.0301237239E+05
| Global minimum prediction, x_hat mu_hat +- nu_hat:
  2.3726359892E+02  7.9330916757E-01  0.0000000000E+00      -2.0301237375E+05  2.9483421837E-08
| Global minimum convergence, d_xhat d_muhat:
  2.4391466164E-03  5.9860393537E-07

| GP model hyperparameters (lengthscales W kappa):
  6.5094391789E-01  4.9824321933E-01 -8.8371377367E+00 -8.7500366826E+00  2.3244474844E+01  9.5408627196E-01
| Next sampling location (x_next, i_next):
  6.7845580592E+01  2.9546203937E+02  0.0000000000E+00

Iteration time [s]:   25.892        Total time [s]:  661.525

--------------------------------------------------------------------------------
                                BO ITERATION 27                                 
--------------------------------------------------------------------------------
| Evaluating objective function at 6.785E+01 2.955E+02 0.000E+00
| Objective function evaluated, time [s]       23.232
| Acquisition location too confident, doing pure exploration
| Data point added to dataset (x i y): 
  6.7845580592E+01  2.9546203937E+02  0.0000000000E+00      -2.0299288381E+05

| Total ensemble size: 59
| Best acquisition, x_best i_best y_best:
  2.3834785286E+02  6.6150699792E-01  0.0000000000E+00      -2.0301237239E+05
| Global minimum prediction, x_hat mu_hat +- nu_hat:
  2.3726213976E+02  7.9491014158E-01  0.0000000000E+00      -2.0301237375E+05  2.9795236411E-08
| Global minimum convergence, d_xhat d_muhat:
  2.1661612564E-03  1.3242139066E-07

| GP model hyperparameters (lengthscales W kappa):
  6.3502366854E-01  4.9156465087E-01 -8.4272992006E+00 -8.5047044449E+00  2.0707771584E+01  3.3439291548E-01
| Next sampling location (x_next, i_next):
  2.3188269083E+02  2.6839123155E+02  0.0000000000E+00

Iteration time [s]:   25.839        Total time [s]:  687.366

--------------------------------------------------------------------------------
                                BO ITERATION 28                                 
--------------------------------------------------------------------------------
| Evaluating objective function at 2.319E+02 2.684E+02 0.000E+00
| Objective function evaluated, time [s]       21.985
| Acquisition location too confident, doing pure exploration
| Data point added to dataset (x i y): 
  2.3188269083E+02  2.6839123155E+02  0.0000000000E+00      -2.0298836729E+05

| Total ensemble size: 60
| Best acquisition, x_best i_best y_best:
  2.3834785286E+02  6.6150699792E-01  0.0000000000E+00      -2.0301237239E+05
| Global minimum prediction, x_hat mu_hat +- nu_hat:
  2.3725553527E+02  7.9407665795E-01  0.0000000000E+00      -2.0301237378E+05  2.8181409117E-08
| Global minimum convergence, d_xhat d_muhat:
  6.6568778967E-03  1.1877588320E-06

| GP model hyperparameters (lengthscales W kappa):
  6.2897618101E-01  4.7319232345E-01 -7.7171593077E+00 -8.0841236241E+00  1.8738370230E+01  2.1964525739E-01
| Next sampling location (x_next, i_next):
  4.9834424320E+00  7.3451715012E+01  0.0000000000E+00

Iteration time [s]:   24.809        Total time [s]:  712.176

--------------------------------------------------------------------------------
                                BO ITERATION 29                                 
--------------------------------------------------------------------------------
| Evaluating objective function at 4.983E+00 7.345E+01 0.000E+00
| Objective function evaluated, time [s]       23.147
| Acquisition location too confident, doing pure exploration
| Data point added to dataset (x i y): 
  4.9834424320E+00  7.3451715012E+01  0.0000000000E+00      -2.0299020104E+05

| Total ensemble size: 61
| Best acquisition, x_best i_best y_best:
  2.3834785286E+02  6.6150699792E-01  0.0000000000E+00      -2.0301237239E+05
| Global minimum prediction, x_hat mu_hat +- nu_hat:
  2.3725668317E+02  7.9580560953E-01  0.0000000000E+00      -2.0301237377E+05  2.7115936074E-08
| Global minimum convergence, d_xhat d_muhat:
  2.0753202991E-03  2.7527282313E-07

| GP model hyperparameters (lengthscales W kappa):
  6.2526150329E-01  4.7148342496E-01 -8.1376303940E+00 -7.6391197232E+00  1.0246821208E+01  5.8212970657E+00
| Next sampling location (x_next, i_next):
  1.2537467148E+02  8.7926233723E+01  0.0000000000E+00

Iteration time [s]:   25.928        Total time [s]:  738.106

--------------------------------------------------------------------------------
                                BO ITERATION 30                                 
--------------------------------------------------------------------------------
| Evaluating objective function at 1.254E+02 8.793E+01 0.000E+00
| Objective function evaluated, time [s]       23.052
| Acquisition location too confident, doing pure exploration
| Data point added to dataset (x i y): 
  1.2537467148E+02  8.7926233723E+01  0.0000000000E+00      -2.0299029220E+05

| Total ensemble size: 62
| Best acquisition, x_best i_best y_best:
  2.3834785286E+02  6.6150699792E-01  0.0000000000E+00      -2.0301237239E+05
| Global minimum prediction, x_hat mu_hat +- nu_hat:
  2.3725787473E+02  7.9705896500E-01  0.0000000000E+00      -2.0301237377E+05  2.5985576268E-08
| Global minimum convergence, d_xhat d_muhat:
  1.7293691763E-03  3.0571823799E-07

| GP model hyperparameters (lengthscales W kappa):
  6.2145390306E-01  4.7064268050E-01 -8.0705625901E+00 -7.5978416562E+00  9.3199631935E+00  4.7955125191E+00
| Next sampling location (x_next, i_next):
  1.3559200911E+02  2.7652465278E+02  0.0000000000E+00

Iteration time [s]:   26.003        Total time [s]:  764.109

--------------------------------------------------------------------------------
                                BO ITERATION 31                                 
--------------------------------------------------------------------------------
| Evaluating objective function at 1.356E+02 2.765E+02 0.000E+00
| Objective function evaluated, time [s]       23.929
| Acquisition location too confident, doing pure exploration
| Data point added to dataset (x i y): 
  1.3559200911E+02  2.7652465278E+02  0.0000000000E+00      -2.0298874753E+05

| Total ensemble size: 63
| Best acquisition, x_best i_best y_best:
  2.3834785286E+02  6.6150699792E-01  0.0000000000E+00      -2.0301237239E+05
| Global minimum prediction, x_hat mu_hat +- nu_hat:
  2.3726154885E+02  7.9572096533E-01  0.0000000000E+00      -2.0301237375E+05  2.4659518782E-08
| Global minimum convergence, d_xhat d_muhat:
  3.9101584986E-03  4.8698952122E-07

| GP model hyperparameters (lengthscales W kappa):
  6.1734165217E-01  4.7640149895E-01  8.2535151531E+00  7.6228290214E+00  7.4767301212E+00  4.5982233892E+00
| Next sampling location (x_next, i_next):
  1.0922532289E+02 -1.8576923466E+01  0.0000000000E+00

Iteration time [s]:   27.251        Total time [s]:  791.361

--------------------------------------------------------------------------------
                                BO ITERATION 32                                 
--------------------------------------------------------------------------------
| Evaluating objective function at 1.092E+02 -1.858E+01 0.000E+00
| Objective function evaluated, time [s]       23.187
| Acquisition location too confident, doing pure exploration
| Data point added to dataset (x i y): 
  1.0922532289E+02 -1.8576923466E+01  0.0000000000E+00      -2.0299485450E+05

| Total ensemble size: 64
| Best acquisition, x_best i_best y_best:
  2.3834785286E+02  6.6150699792E-01  0.0000000000E+00      -2.0301237239E+05
| Global minimum prediction, x_hat mu_hat +- nu_hat:
  2.3726248987E+02  7.9815421620E-01  0.0000000000E+00      -2.0301237374E+05  2.3109185587E-08
| Global minimum convergence, d_xhat d_muhat:
  2.6088763336E-03  4.0379618648E-07

| GP model hyperparameters (lengthscales W kappa):
  6.1470451132E-01  4.7531358397E-01  8.1600353128E+00  7.5788535390E+00  6.9780873071E+00  4.0405617534E+00
| Next sampling location (x_next, i_next):
  2.5543538534E+02  1.0691470167E+02  0.0000000000E+00

Iteration time [s]:   26.154        Total time [s]:  817.516

--------------------------------------------------------------------------------
                                BO ITERATION 33                                 
--------------------------------------------------------------------------------
| Evaluating objective function at 2.554E+02 1.069E+02 0.000E+00
| Objective function evaluated, time [s]       23.028
| Acquisition location too confident, doing pure exploration
| Data point added to dataset (x i y): 
  2.5543538534E+02  1.0691470167E+02  0.0000000000E+00      -2.0299006127E+05

| Total ensemble size: 65
| Best acquisition, x_best i_best y_best:
  2.3834785286E+02  6.6150699792E-01  0.0000000000E+00      -2.0301237239E+05
| Global minimum prediction, x_hat mu_hat +- nu_hat:
  2.3726453761E+02  7.9857384378E-01  0.0000000000E+00      -2.0301237373E+05  2.2028961677E-08
| Global minimum convergence, d_xhat d_muhat:
  2.0902976363E-03  4.2356325559E-07

| GP model hyperparameters (lengthscales W kappa):
  6.1333916090E-01  4.7640994598E-01  8.1572685646E+00  7.5952703938E+00  6.3749394201E+00  3.3806413387E+00
| Next sampling location (x_next, i_next):
  3.6128451800E+01 -2.3322610363E+01  0.0000000000E+00

Iteration time [s]:   26.056        Total time [s]:  843.572

--------------------------------------------------------------------------------
                                BO ITERATION 34                                 
--------------------------------------------------------------------------------
| Evaluating objective function at 3.613E+01 -2.332E+01 0.000E+00
| Objective function evaluated, time [s]       23.269
| Acquisition location too confident, doing pure exploration
| Data point added to dataset (x i y): 
  3.6128451800E+01 -2.3322610363E+01  0.0000000000E+00      -2.0299695395E+05

| Total ensemble size: 66
| Best acquisition, x_best i_best y_best:
  2.3834785286E+02  6.6150699792E-01  0.0000000000E+00      -2.0301237239E+05
| Global minimum prediction, x_hat mu_hat +- nu_hat:
  2.3726272143E+02  7.9576615763E-01  0.0000000000E+00      -2.0301237375E+05  2.3047524689E-08
| Global minimum convergence, d_xhat d_muhat:
  3.3438923258E-03  5.1451330987E-07

| GP model hyperparameters (lengthscales W kappa):
  5.9747299244E-01  4.8157372878E-01 -8.3104743280E+00 -7.2228225363E+00  3.9207167919E-01  8.2587106380E+00
| Next sampling location (x_next, i_next):
  3.1000000000E+02  1.0147057763E+02  0.0000000000E+00

Iteration time [s]:   26.551        Total time [s]:  870.125

--------------------------------------------------------------------------------
                                BO ITERATION 35                                 
--------------------------------------------------------------------------------
| Evaluating objective function at 3.100E+02 1.015E+02 0.000E+00
| Objective function evaluated, time [s]       23.132
| Acquisition location too confident, doing pure exploration
| Data point added to dataset (x i y): 
  3.1000000000E+02  1.0147057763E+02  0.0000000000E+00      -2.0299049593E+05

| Total ensemble size: 67
| Best acquisition, x_best i_best y_best:
  2.3834785286E+02  6.6150699792E-01  0.0000000000E+00      -2.0301237239E+05
| Global minimum prediction, x_hat mu_hat +- nu_hat:
  2.3726217298E+02  8.0056323023E-01  0.0000000000E+00      -2.0301237373E+05  2.2486750151E-08
| Global minimum convergence, d_xhat d_muhat:
  4.8283237053E-03  4.1202015358E-07

| GP model hyperparameters (lengthscales W kappa):
  5.9696788709E-01  4.7983926467E-01 -8.1504120242E+00 -7.3138872366E+00  2.6082455487E+00  5.6011434953E+00
| Next sampling location (x_next, i_next):
  6.6180351313E+01  9.0894886200E+01  0.0000000000E+00

Iteration time [s]:   26.486        Total time [s]:  896.611

--------------------------------------------------------------------------------
                                BO ITERATION 36                                 
--------------------------------------------------------------------------------
| Evaluating objective function at 6.618E+01 9.089E+01 0.000E+00
| Objective function evaluated, time [s]       21.954
| Acquisition location too confident, doing pure exploration
| Data point added to dataset (x i y): 
  6.6180351313E+01  9.0894886200E+01  0.0000000000E+00      -2.0299017953E+05

| Total ensemble size: 68
| Best acquisition, x_best i_best y_best:
  2.3834785286E+02  6.6150699792E-01  0.0000000000E+00      -2.0301237239E+05
| Global minimum prediction, x_hat mu_hat +- nu_hat:
  2.3726332277E+02  8.0155232303E-01  0.0000000000E+00      -2.0301237373E+05  2.1933024197E-08
| Global minimum convergence, d_xhat d_muhat:
  1.5166845666E-03  3.0595595747E-07

| GP model hyperparameters (lengthscales W kappa):
  5.9414264889E-01  4.8231496608E-01 -8.1857240986E+00 -7.3319159658E+00  2.1853797516E+00  4.9876779322E+00
| Next sampling location (x_next, i_next):
  1.2000580999E+02  4.4440489207E+01  0.0000000000E+00

Iteration time [s]:   25.353        Total time [s]:  921.966

--------------------------------------------------------------------------------
                                BO ITERATION 37                                 
--------------------------------------------------------------------------------
| Evaluating objective function at 1.200E+02 4.444E+01 0.000E+00
| Objective function evaluated, time [s]       23.225
| Acquisition location too confident, doing pure exploration
| Data point added to dataset (x i y): 
  1.2000580999E+02  4.4440489207E+01  0.0000000000E+00      -2.0299212303E+05

| Total ensemble size: 69
| Best acquisition, x_best i_best y_best:
  2.3834785286E+02  6.6150699792E-01  0.0000000000E+00      -2.0301237239E+05
| Global minimum prediction, x_hat mu_hat +- nu_hat:
  2.3726013316E+02  8.0537496047E-01  0.0000000000E+00      -2.0301237374E+05  2.2164447966E-08
| Global minimum convergence, d_xhat d_muhat:
  4.9785745154E-03  3.6093415746E-07

| GP model hyperparameters (lengthscales W kappa):
  5.8999761200E-01  4.8544353732E-01 -8.3897442682E+00 -7.3657029058E+00  2.7158546200E+00  3.7149599458E+00
| Next sampling location (x_next, i_next):
  1.4471404580E+02  2.3180204807E+02  0.0000000000E+00

Iteration time [s]:   26.368        Total time [s]:  948.334

--------------------------------------------------------------------------------
                                BO ITERATION 38                                 
--------------------------------------------------------------------------------
| Evaluating objective function at 1.447E+02 2.318E+02 0.000E+00
| Objective function evaluated, time [s]       23.138
| Acquisition location too confident, doing pure exploration
| Data point added to dataset (x i y): 
  1.4471404580E+02  2.3180204807E+02  0.0000000000E+00      -2.0299686040E+05

| Total ensemble size: 70
| Best acquisition, x_best i_best y_best:
  2.3834785286E+02  6.6150699792E-01  0.0000000000E+00      -2.0301237239E+05
| Global minimum prediction, x_hat mu_hat +- nu_hat:
  2.3725902962E+02  8.0568206339E-01  0.0000000000E+00      -2.0301237374E+05  2.1843765818E-08
| Global minimum convergence, d_xhat d_muhat:
  1.1454725489E-03  1.5943825223E-07

| GP model hyperparameters (lengthscales W kappa):
  5.8801338604E-01  4.8589658882E-01 -8.1206882003E+00 -7.4720341470E+00  5.8075203511E+00  9.6618246593E-01
| Next sampling location (x_next, i_next):
  5.0229908363E+01  2.4852805792E+02  0.0000000000E+00

Iteration time [s]:   26.777        Total time [s]:  975.112

--------------------------------------------------------------------------------
                                BO ITERATION 39                                 
--------------------------------------------------------------------------------
| Evaluating objective function at 5.023E+01 2.485E+02 0.000E+00
| Objective function evaluated, time [s]       23.180
| Acquisition location too confident, doing pure exploration
| Data point added to dataset (x i y): 
  5.0229908363E+01  2.4852805792E+02  0.0000000000E+00      -2.0299338478E+05

| Total ensemble size: 71
| Best acquisition, x_best i_best y_best:
  2.3834785286E+02  6.6150699792E-01  0.0000000000E+00      -2.0301237239E+05
| Global minimum prediction, x_hat mu_hat +- nu_hat:
  2.3725573256E+02  8.0841303171E-01  0.0000000000E+00      -2.0301237375E+05  2.1906492531E-08
| Global minimum convergence, d_xhat d_muhat:
  4.2812159946E-03  3.8785832002E-07

| GP model hyperparameters (lengthscales W kappa):
  5.8380889691E-01  4.9064936826E-01  8.5527282224E+00  7.2030806025E+00  1.9943889237E-01  4.9589779538E+00
| Next sampling location (x_next, i_next):
 -1.1280037319E+01  2.7587477194E+02  0.0000000000E+00

Iteration time [s]:   27.322        Total time [s]: 1002.436

--------------------------------------------------------------------------------
                                BO ITERATION 40                                 
--------------------------------------------------------------------------------
| Evaluating objective function at -1.128E+01 2.759E+02 0.000E+00
| Objective function evaluated, time [s]       23.184
| Acquisition location too confident, doing pure exploration
| Data point added to dataset (x i y): 
 -1.1280037319E+01  2.7587477194E+02  0.0000000000E+00      -2.0299030624E+05

| Total ensemble size: 72
| Best acquisition, x_best i_best y_best:
  2.3834785286E+02  6.6150699792E-01  0.0000000000E+00      -2.0301237239E+05
| Global minimum prediction, x_hat mu_hat +- nu_hat:
  2.3725167648E+02  8.1327266104E-01  0.0000000000E+00      -2.0301237376E+05  2.1057507649E-08
| Global minimum convergence, d_xhat d_muhat:
  6.3299059774E-03  2.4231548276E-07

| GP model hyperparameters (lengthscales W kappa):
  5.8674176524E-01  4.9105637220E-01  8.6727370086E+00  7.2963881905E+00  1.8793036069E-01  4.4565471857E+00
| Next sampling location (x_next, i_next):
  2.6385399143E+02  2.3968848260E+02  0.0000000000E+00

Iteration time [s]:   26.636        Total time [s]: 1029.072

--------------------------------------------------------------------------------
                                BO ITERATION 41                                 
--------------------------------------------------------------------------------
| Evaluating objective function at 2.639E+02 2.397E+02 0.000E+00
| Objective function evaluated, time [s]       23.241
| Acquisition location too confident, doing pure exploration
| Data point added to dataset (x i y): 
  2.6385399143E+02  2.3968848260E+02  0.0000000000E+00      -2.0299376708E+05

| Total ensemble size: 73
| Best acquisition, x_best i_best y_best:
  2.3834785286E+02  6.6150699792E-01  0.0000000000E+00      -2.0301237239E+05
| Global minimum prediction, x_hat mu_hat +- nu_hat:
  2.3724517660E+02  8.1401576896E-01  0.0000000000E+00      -2.0301237378E+05  2.1267188810E-08
| Global minimum convergence, d_xhat d_muhat:
  6.5422218623E-03  1.0977268184E-06

| GP model hyperparameters (lengthscales W kappa):
  5.8004812922E-01  4.9251450530E-01  8.3243492897E+00  7.4063823517E+00  4.3250538134E+00  1.2752973770E+00
| Next sampling location (x_next, i_next):
  2.0744655985E+02  8.0385818918E+01  0.0000000000E+00

Iteration time [s]:   26.922        Total time [s]: 1055.994

--------------------------------------------------------------------------------
                                BO ITERATION 42                                 
--------------------------------------------------------------------------------
| Evaluating objective function at 2.074E+02 8.039E+01 0.000E+00
| Objective function evaluated, time [s]       23.665
| Acquisition location too confident, doing pure exploration
| Data point added to dataset (x i y): 
  2.0744655985E+02  8.0385818918E+01  0.0000000000E+00      -2.0299135004E+05

| Total ensemble size: 74
| Best acquisition, x_best i_best y_best:
  2.3834785286E+02  6.6150699792E-01  0.0000000000E+00      -2.0301237239E+05
| Global minimum prediction, x_hat mu_hat +- nu_hat:
  2.3726391440E+02  8.1140888686E-01  0.0000000000E+00      -2.0301237371E+05  2.1119793825E-08
| Global minimum convergence, d_xhat d_muhat:
  1.8918272738E-02  3.1717911450E-06

| GP model hyperparameters (lengthscales W kappa):
  5.7410941973E-01  4.7511862521E-01  7.9732299496E+00  7.1470232944E+00  4.2993155449E+00  1.1126092905E+00
| Next sampling location (x_next, i_next):
  1.8256656005E+02  2.6933320658E+02  0.0000000000E+00

Iteration time [s]:   27.272        Total time [s]: 1083.267

--------------------------------------------------------------------------------
                                BO ITERATION 43                                 
--------------------------------------------------------------------------------
| Evaluating objective function at 1.826E+02 2.693E+02 0.000E+00
| Objective function evaluated, time [s]       23.209
| Acquisition location too confident, doing pure exploration
| Data point added to dataset (x i y): 
  1.8256656005E+02  2.6933320658E+02  0.0000000000E+00      -2.0298863386E+05

| Total ensemble size: 75
| Best acquisition, x_best i_best y_best:
  2.3834785286E+02  6.6150699792E-01  0.0000000000E+00      -2.0301237239E+05
| Global minimum prediction, x_hat mu_hat +- nu_hat:
  2.3726620727E+02  8.0721566228E-01  0.0000000000E+00      -2.0301237371E+05  2.2243900855E-08
| Global minimum convergence, d_xhat d_muhat:
  4.7791592530E-03  6.1092929074E-09

| GP model hyperparameters (lengthscales W kappa):
  5.6440223279E-01  4.7390968549E-01 -7.9762648920E+00 -6.8905812024E+00  1.9455674493E+00  2.5665447753E+00
| Next sampling location (x_next, i_next):
  1.5835133143E+02  1.1376662111E+02  0.0000000000E+00

Iteration time [s]:   27.192        Total time [s]: 1110.460

--------------------------------------------------------------------------------
                                BO ITERATION 44                                 
--------------------------------------------------------------------------------
| Evaluating objective function at 1.584E+02 1.138E+02 0.000E+00
| Objective function evaluated, time [s]       23.048
| Acquisition location too confident, doing pure exploration
| Data point added to dataset (x i y): 
  1.5835133143E+02  1.1376662111E+02  0.0000000000E+00      -2.0299385982E+05

| Total ensemble size: 76
| Best acquisition, x_best i_best y_best:
  2.3834785286E+02  6.6150699792E-01  0.0000000000E+00      -2.0301237239E+05
| Global minimum prediction, x_hat mu_hat +- nu_hat:
  2.3726641583E+02  8.0818801667E-01  0.0000000000E+00      -2.0301237370E+05  2.2615891293E-08
| Global minimum convergence, d_xhat d_muhat:
  9.9446954775E-04  1.4969889326E-07

| GP model hyperparameters (lengthscales W kappa):
  5.6388243245E-01  4.6413145000E-01 -7.8153925330E+00 -6.7696057179E+00  1.8535800721E+00  2.4282338030E+00
| Next sampling location (x_next, i_next):
 -1.7454628969E+01  1.4644048675E+01  0.0000000000E+00

Iteration time [s]:   26.882        Total time [s]: 1137.342

--------------------------------------------------------------------------------
                                BO ITERATION 45                                 
--------------------------------------------------------------------------------
| Evaluating objective function at -1.745E+01 1.464E+01 0.000E+00
| Objective function evaluated, time [s]       23.182
| Acquisition location too confident, doing pure exploration
| Data point added to dataset (x i y): 
 -1.7454628969E+01  1.4644048675E+01  0.0000000000E+00      -2.0299086768E+05

| Total ensemble size: 77
| Best acquisition, x_best i_best y_best:
  2.3834785286E+02  6.6150699792E-01  0.0000000000E+00      -2.0301237239E+05
| Global minimum prediction, x_hat mu_hat +- nu_hat:
  2.3726758651E+02  8.1241497539E-01  0.0000000000E+00      -2.0301237368E+05  2.2265373456E-08
| Global minimum convergence, d_xhat d_muhat:
  4.3860778024E-03  8.2136709174E-07

| GP model hyperparameters (lengthscales W kappa):
  5.6005587177E-01  4.7280935923E-01  8.2776566887E+00  6.8872675762E+00  4.6260726646E-01  2.6060062675E+00
| Next sampling location (x_next, i_next):
  1.4764470240E+02 -3.6069888531E+01  0.0000000000E+00

Iteration time [s]:   27.477        Total time [s]: 1164.823

--------------------------------------------------------------------------------
                                BO ITERATION 46                                 
--------------------------------------------------------------------------------
| Evaluating objective function at 1.476E+02 -3.607E+01 0.000E+00
| Objective function evaluated, time [s]       23.386
| Acquisition location too confident, doing pure exploration
| Data point added to dataset (x i y): 
  1.4764470240E+02 -3.6069888531E+01  0.0000000000E+00      -2.0299226173E+05

| Total ensemble size: 78
| Best acquisition, x_best i_best y_best:
  2.3834785286E+02  6.6150699792E-01  0.0000000000E+00      -2.0301237239E+05
| Global minimum prediction, x_hat mu_hat +- nu_hat:
  2.3727025676E+02  8.0473332157E-01  0.0000000000E+00      -2.0301237369E+05  2.3224151402E-08
| Global minimum convergence, d_xhat d_muhat:
  8.1325286673E-03  4.9067115153E-07

| GP model hyperparameters (lengthscales W kappa):
  5.5517571006E-01  4.6716663953E-01  7.9077798280E+00  6.6842146314E+00  1.7111810828E+00  1.9999125655E+00
| Next sampling location (x_next, i_next):
 -5.0000000000E+01  5.4273931111E+01  0.0000000000E+00

Iteration time [s]:   27.553        Total time [s]: 1192.376

--------------------------------------------------------------------------------
                                BO ITERATION 47                                 
--------------------------------------------------------------------------------
| Evaluating objective function at -5.000E+01 5.427E+01 0.000E+00
| Objective function evaluated, time [s]       24.016
| Acquisition location too confident, doing pure exploration
| Data point added to dataset (x i y): 
 -5.0000000000E+01  5.4273931111E+01  0.0000000000E+00      -2.0299128059E+05

| Total ensemble size: 79
| Best acquisition, x_best i_best y_best:
  2.3834785286E+02  6.6150699792E-01  0.0000000000E+00      -2.0301237239E+05
| Global minimum prediction, x_hat mu_hat +- nu_hat:
  2.3727120191E+02  8.0308549011E-01  0.0000000000E+00      -2.0301237370E+05  2.3343693112E-08
| Global minimum convergence, d_xhat d_muhat:
  1.8996492879E-03  2.1963386901E-07

| GP model hyperparameters (lengthscales W kappa):
  5.5235493131E-01  4.6562937063E-01 -7.8954008731E+00 -6.6901763256E+00  1.4389915601E+00  1.7752160123E+00
| Next sampling location (x_next, i_next):
  9.8760667988E+01  1.1863691437E+02  0.0000000000E+00

Iteration time [s]:   28.479        Total time [s]: 1220.856

--------------------------------------------------------------------------------
                                BO ITERATION 48                                 
--------------------------------------------------------------------------------
| Evaluating objective function at 9.876E+01 1.186E+02 0.000E+00
| Objective function evaluated, time [s]       23.637
| Acquisition location too confident, doing pure exploration
| Data point added to dataset (x i y): 
  9.8760667988E+01  1.1863691437E+02  0.0000000000E+00      -2.0299499782E+05

| Total ensemble size: 80
| Best acquisition, x_best i_best y_best:
  2.3834785286E+02  6.6150699792E-01  0.0000000000E+00      -2.0301237239E+05
| Global minimum prediction, x_hat mu_hat +- nu_hat:
  2.3726975166E+02  8.0385638563E-01  0.0000000000E+00      -2.0301237370E+05  2.2947693434E-08
| Global minimum convergence, d_xhat d_muhat:
  1.6424107724E-03  1.3589812304E-08

| GP model hyperparameters (lengthscales W kappa):
  5.5238586816E-01  4.6665791150E-01  7.9136213792E+00  6.6069451891E+00  4.1800815557E-01  2.4253075299E+00
| Next sampling location (x_next, i_next):
  2.8444099982E+01  1.1225475465E+02  0.0000000000E+00

Iteration time [s]:   28.131        Total time [s]: 1248.988

--------------------------------------------------------------------------------
                                BO ITERATION 49                                 
--------------------------------------------------------------------------------
| Evaluating objective function at 2.844E+01 1.123E+02 0.000E+00
| Objective function evaluated, time [s]       23.615
| Acquisition location too confident, doing pure exploration
| Data point added to dataset (x i y): 
  2.8444099982E+01  1.1225475465E+02  0.0000000000E+00      -2.0299325223E+05

| Total ensemble size: 81
| Best acquisition, x_best i_best y_best:
  2.3834785286E+02  6.6150699792E-01  0.0000000000E+00      -2.0301237239E+05
| Global minimum prediction, x_hat mu_hat +- nu_hat:
  2.3727197342E+02  8.0337541492E-01  0.0000000000E+00      -2.0301237370E+05  2.2698214774E-08
| Global minimum convergence, d_xhat d_muhat:
  2.2732282248E-03  1.6824015471E-07

| GP model hyperparameters (lengthscales W kappa):
  5.5183501948E-01  4.6595243125E-01  7.8211411323E+00  6.6369239442E+00  1.2769523077E+00  1.6295534335E+00
| Next sampling location (x_next, i_next):
  1.7670577096E+02  1.5270211889E+02  0.0000000000E+00

Iteration time [s]:   28.105        Total time [s]: 1277.094

--------------------------------------------------------------------------------
                                BO ITERATION 50                                 
--------------------------------------------------------------------------------
| Evaluating objective function at 1.767E+02 1.527E+02 0.000E+00
| Objective function evaluated, time [s]       22.656
| Acquisition location too confident, doing pure exploration
| Data point added to dataset (x i y): 
  1.7670577096E+02  1.5270211889E+02  0.0000000000E+00      -2.0300420062E+05

| Total ensemble size: 82
| Best acquisition, x_best i_best y_best:
  2.3834785286E+02  6.6150699792E-01  0.0000000000E+00      -2.0301237239E+05
| Global minimum prediction, x_hat mu_hat +- nu_hat:
  2.3726878299E+02  8.0293475619E-01  0.0000000000E+00      -2.0301237371E+05  2.1648601045E-08
| Global minimum convergence, d_xhat d_muhat:
  3.2207227317E-03  5.0067467917E-07

| GP model hyperparameters (lengthscales W kappa):
  5.5415603981E-01  4.7126939206E-01  7.8236886580E+00  6.7561604037E+00  2.3709894547E+00  9.4637728909E-01
| Next sampling location (x_next, i_next):
  2.6677126227E+01  2.9172115789E+02  0.0000000000E+00

Iteration time [s]:   26.891        Total time [s]: 1303.986

|| Bayesian optimization completed, time [s]     1303.965


--------------------------------------------------------------------------------
                        BOSS is done! Have a nice day :)                        

      Datetime 15-08-2020 00:45:54            Total time [s]     1303.986       
--------------------------------------------------------------------------------
