
-----------------------------   Welcome to ....   ------------------------------
                      _______  _______ _______ _______ 
                     |   _   \|   _   |   _   |   _   |
                     |.  1   /|.  |   |   1___|   1___|
                     |.  _   \|.  |   |____   |____   |
                     |:  1    |:  1   |:  1   |:  1   |
                     |::.. .  |::.. . |::.. . |::.. . |
                     `-------'`-------`-------`-------'

                                 Version 0.9.15                                 
                              15-08-2020 00:24:10                               
--------------------------------------------------------------------------------

| Reading BOSS input file from: in_2D
| Initializing...

--------------------------------------------------------------------------------
                                   INPUT FILE                                   
--------------------------------------------------------------------------------
# input file for alanine 2D (d4-d13)

# optimization
userfn       userfn_2D.py
bounds       -50 310; -50 310
num_tasks    2
kernel       stdp
initpts      2 30
iterpts      50
verbosity    2
thetaprior gamma
thetapriorparam 2 0.019; 3.3678 9.0204; 3.3678 9.0204


RESULTS:
5.386848461750923E+01 1.270196869902474E+02 0 -2.029978358019098E+05 
3.105926753128406E+01 7.317082903910843E+00 0 -2.030003610257791E+05 
2.760562305107370E+02 2.804321111715113E+02 1 3.331940000000000E+01 
2.281904657290328E+02 1.522348193753018E+02 1 2.911910000000000E+01 
2.643794753524328E+02 1.528387400997453E+02 1 2.789010000000000E+01 
-2.979654086933299E+01 2.341127119248390E+02 1 2.770560000000000E+01 
1.963933376543733E+02 1.694214316071672E+02 1 2.330870000000000E+01 
6.334107242935384E+01 1.886227239437212E+02 1 1.778350000000000E+01 
1.487785116529356E+02 -4.354515427178805E+01 1 3.483150000000000E+01 
1.480431691639071E+01 7.365515932215988E+01 1 3.496460000000000E+01 
1.851874028815431E+02 5.992735151955551E+01 1 2.813640000000000E+01 
1.274420964298336E+02 1.200477913875314E+02 1 2.960870000000000E+01 
1.756623384997188E+02 1.456156994045213E+02 1 2.433270000000000E+01 
1.328010721583365E+02 2.815891971405799E+02 1 3.698370000000000E+01 
1.522632539345551E+02 1.680807692666869E+01 1 2.411770000000000E+01 
6.431072237727011E+01 2.941041539371270E+02 1 3.167820000000000E+01 
2.071033238614121E+02 1.271795095805358E+02 1 3.138730000000000E+01 
5.726480562480419E+01 1.326807461748597E+02 1 2.463600000000000E+01 
2.514626633410400E+02 1.199670257196447E+02 1 3.557610000000000E+01 
-3.621554282310746E+00 1.867584556759756E+02 1 2.068610000000000E+01 
-1.352783220910458E+01 6.530984272514567E+01 1 3.704680000000000E+01 
-2.582017057445141E+01 -1.560758150911999E+01 1 2.720390000000000E+01 
2.912230492518177E+02 4.705760166013745E+01 1 3.123790000000000E+01 
3.767437128597185E+01 1.070877177451054E+02 1 3.076140000000000E+01 
7.758008885333449E+01 1.081971526424419E+02 1 3.052780000000000E+01 
-2.490038421660887E+01 3.996054586159985E+01 1 3.573960000000000E+01 
9.082060664929421E+01 1.604422231876978E+02 1 2.031910000000000E+01 
1.929276420630127E+02 1.228473941563877E+01 1 1.839890000000000E+01 
1.952023289645304E+02 9.572099550607614E+01 1 3.328220000000000E+01 
2.704950100027121E+02 8.641539229970100E+01 1 3.729670000000000E+01 
-2.346777122884263E+01 2.598520628693993E+02 1 3.182770000000000E+01 
2.907284004850648E+02 1.922363225347410E+02 1 2.215780000000000E+01 
--------------------------------------------------------------------------------
                               SIMULATION OPTIONS                               
--------------------------------------------------------------------------------
|| File input/output 
ipfile         in_2D
userfn         userfn_2D.py
outfile        boss.out
rstfile        boss.rst

|| Key settings 
num_tasks         2
bounds         -5.000E+01 3.100E+02;    -5.000E+01 3.100E+02
kerntype       stdp stdp
yrange         -5.000E+01 3.100E+02;    -5.000E+01 3.100E+02
noise          1.000E-12
initpts    2 30    iterpts   50
gm_tol         none
verbosity      2

|| Data acquisition 
acqfn                elcb
acqtol               1.000E-03

|| GP hyperparameters 
thetainit       1.000E+00 3.142E-01
thetabounds     none
thetaprior      gamma
thetapriorpar   2.000E+00 1.900E-02;    3.368E+00 9.020E+00;    3.368E+00 9.020E+00

|| Hyperparameter optimization
updatefreq   1  initupdate      True
updateoffset 0  updaterestarts  2


--------------------------------------------------------------------------------
                              INITIAL DATAPOINT 1                               
--------------------------------------------------------------------------------
| Data point added to dataset (x i y): 
  5.3868484618E+01  1.2701968699E+02  0.0000000000E+00      -2.0299783580E+05

| Total ensemble size: 1
| Next sampling location (x_next, i_next):
  3.1059267531E+01  7.3170829039E+00  0.0000000000E+00

Iteration time [s]:    0.002        Total time [s]:    0.110

--------------------------------------------------------------------------------
                              INITIAL DATAPOINT 2                               
--------------------------------------------------------------------------------
| Data point added to dataset (x i y): 
  3.1059267531E+01  7.3170829039E+00  0.0000000000E+00      -2.0300036103E+05

| Total ensemble size: 2
| Next sampling location (x_next, i_next):
  2.7605623051E+02  2.8043211117E+02  1.0000000000E+00

Iteration time [s]:    0.001        Total time [s]:    0.113

--------------------------------------------------------------------------------
                              INITIAL DATAPOINT 3                               
--------------------------------------------------------------------------------
| Data point added to dataset (x i y): 
  2.7605623051E+02  2.8043211117E+02  1.0000000000E+00       3.3319400000E+01

| Total ensemble size: 3
| Next sampling location (x_next, i_next):
  2.2819046573E+02  1.5223481938E+02  1.0000000000E+00

Iteration time [s]:    0.018        Total time [s]:    0.132

--------------------------------------------------------------------------------
                              INITIAL DATAPOINT 4                               
--------------------------------------------------------------------------------
| Data point added to dataset (x i y): 
  2.2819046573E+02  1.5223481938E+02  1.0000000000E+00       2.9119100000E+01

| Total ensemble size: 4
| Next sampling location (x_next, i_next):
  2.6437947535E+02  1.5283874010E+02  1.0000000000E+00

Iteration time [s]:    0.002        Total time [s]:    0.136

--------------------------------------------------------------------------------
                              INITIAL DATAPOINT 5                               
--------------------------------------------------------------------------------
| Data point added to dataset (x i y): 
  2.6437947535E+02  1.5283874010E+02  1.0000000000E+00       2.7890100000E+01

| Total ensemble size: 5
| Next sampling location (x_next, i_next):
 -2.9796540869E+01  2.3411271192E+02  1.0000000000E+00

Iteration time [s]:    0.002        Total time [s]:    0.140

--------------------------------------------------------------------------------
                              INITIAL DATAPOINT 6                               
--------------------------------------------------------------------------------
| Data point added to dataset (x i y): 
 -2.9796540869E+01  2.3411271192E+02  1.0000000000E+00       2.7705600000E+01

| Total ensemble size: 6
| Next sampling location (x_next, i_next):
  1.9639333765E+02  1.6942143161E+02  1.0000000000E+00

Iteration time [s]:    0.001        Total time [s]:    0.142

--------------------------------------------------------------------------------
                              INITIAL DATAPOINT 7                               
--------------------------------------------------------------------------------
| Data point added to dataset (x i y): 
  1.9639333765E+02  1.6942143161E+02  1.0000000000E+00       2.3308700000E+01

| Total ensemble size: 7
| Next sampling location (x_next, i_next):
  6.3341072429E+01  1.8862272394E+02  1.0000000000E+00

Iteration time [s]:    0.001        Total time [s]:    0.146

--------------------------------------------------------------------------------
                              INITIAL DATAPOINT 8                               
--------------------------------------------------------------------------------
| Data point added to dataset (x i y): 
  6.3341072429E+01  1.8862272394E+02  1.0000000000E+00       1.7783500000E+01

| Total ensemble size: 8
| Next sampling location (x_next, i_next):
  1.4877851165E+02 -4.3545154272E+01  1.0000000000E+00

Iteration time [s]:    0.001        Total time [s]:    0.148

--------------------------------------------------------------------------------
                              INITIAL DATAPOINT 9                               
--------------------------------------------------------------------------------
| Data point added to dataset (x i y): 
  1.4877851165E+02 -4.3545154272E+01  1.0000000000E+00       3.4831500000E+01

| Total ensemble size: 9
| Next sampling location (x_next, i_next):
  1.4804316916E+01  7.3655159322E+01  1.0000000000E+00

Iteration time [s]:    0.001        Total time [s]:    0.151

--------------------------------------------------------------------------------
                              INITIAL DATAPOINT 10                              
--------------------------------------------------------------------------------
| Data point added to dataset (x i y): 
  1.4804316916E+01  7.3655159322E+01  1.0000000000E+00       3.4964600000E+01

| Total ensemble size: 10
| Next sampling location (x_next, i_next):
  1.8518740288E+02  5.9927351520E+01  1.0000000000E+00

Iteration time [s]:    0.002        Total time [s]:    0.155

--------------------------------------------------------------------------------
                              INITIAL DATAPOINT 11                              
--------------------------------------------------------------------------------
| Data point added to dataset (x i y): 
  1.8518740288E+02  5.9927351520E+01  1.0000000000E+00       2.8136400000E+01

| Total ensemble size: 11
| Next sampling location (x_next, i_next):
  1.2744209643E+02  1.2004779139E+02  1.0000000000E+00

Iteration time [s]:    0.002        Total time [s]:    0.159

--------------------------------------------------------------------------------
                              INITIAL DATAPOINT 12                              
--------------------------------------------------------------------------------
| Data point added to dataset (x i y): 
  1.2744209643E+02  1.2004779139E+02  1.0000000000E+00       2.9608700000E+01

| Total ensemble size: 12
| Next sampling location (x_next, i_next):
  1.7566233850E+02  1.4561569940E+02  1.0000000000E+00

Iteration time [s]:    0.001        Total time [s]:    0.162

--------------------------------------------------------------------------------
                              INITIAL DATAPOINT 13                              
--------------------------------------------------------------------------------
| Data point added to dataset (x i y): 
  1.7566233850E+02  1.4561569940E+02  1.0000000000E+00       2.4332700000E+01

| Total ensemble size: 13
| Next sampling location (x_next, i_next):
  1.3280107216E+02  2.8158919714E+02  1.0000000000E+00

Iteration time [s]:    0.001        Total time [s]:    0.166

--------------------------------------------------------------------------------
                              INITIAL DATAPOINT 14                              
--------------------------------------------------------------------------------
| Data point added to dataset (x i y): 
  1.3280107216E+02  2.8158919714E+02  1.0000000000E+00       3.6983700000E+01

| Total ensemble size: 14
| Next sampling location (x_next, i_next):
  1.5226325393E+02  1.6808076927E+01  1.0000000000E+00

Iteration time [s]:    0.002        Total time [s]:    0.170

--------------------------------------------------------------------------------
                              INITIAL DATAPOINT 15                              
--------------------------------------------------------------------------------
| Data point added to dataset (x i y): 
  1.5226325393E+02  1.6808076927E+01  1.0000000000E+00       2.4117700000E+01

| Total ensemble size: 15
| Next sampling location (x_next, i_next):
  6.4310722377E+01  2.9410415394E+02  1.0000000000E+00

Iteration time [s]:    0.002        Total time [s]:    0.173

--------------------------------------------------------------------------------
                              INITIAL DATAPOINT 16                              
--------------------------------------------------------------------------------
| Data point added to dataset (x i y): 
  6.4310722377E+01  2.9410415394E+02  1.0000000000E+00       3.1678200000E+01

| Total ensemble size: 16
| Next sampling location (x_next, i_next):
  2.0710332386E+02  1.2717950958E+02  1.0000000000E+00

Iteration time [s]:    0.002        Total time [s]:    0.176

--------------------------------------------------------------------------------
                              INITIAL DATAPOINT 17                              
--------------------------------------------------------------------------------
| Data point added to dataset (x i y): 
  2.0710332386E+02  1.2717950958E+02  1.0000000000E+00       3.1387300000E+01

| Total ensemble size: 17
| Next sampling location (x_next, i_next):
  5.7264805625E+01  1.3268074617E+02  1.0000000000E+00

Iteration time [s]:    0.001        Total time [s]:    0.180

--------------------------------------------------------------------------------
                              INITIAL DATAPOINT 18                              
--------------------------------------------------------------------------------
| Data point added to dataset (x i y): 
  5.7264805625E+01  1.3268074617E+02  1.0000000000E+00       2.4636000000E+01

| Total ensemble size: 18
| Next sampling location (x_next, i_next):
  2.5146266334E+02  1.1996702572E+02  1.0000000000E+00

Iteration time [s]:    0.001        Total time [s]:    0.183

--------------------------------------------------------------------------------
                              INITIAL DATAPOINT 19                              
--------------------------------------------------------------------------------
| Data point added to dataset (x i y): 
  2.5146266334E+02  1.1996702572E+02  1.0000000000E+00       3.5576100000E+01

| Total ensemble size: 19
| Next sampling location (x_next, i_next):
 -3.6215542823E+00  1.8675845568E+02  1.0000000000E+00

Iteration time [s]:    0.001        Total time [s]:    0.187

--------------------------------------------------------------------------------
                              INITIAL DATAPOINT 20                              
--------------------------------------------------------------------------------
| Data point added to dataset (x i y): 
 -3.6215542823E+00  1.8675845568E+02  1.0000000000E+00       2.0686100000E+01

| Total ensemble size: 20
| Next sampling location (x_next, i_next):
 -1.3527832209E+01  6.5309842725E+01  1.0000000000E+00

Iteration time [s]:    0.001        Total time [s]:    0.190

--------------------------------------------------------------------------------
                              INITIAL DATAPOINT 21                              
--------------------------------------------------------------------------------
| Data point added to dataset (x i y): 
 -1.3527832209E+01  6.5309842725E+01  1.0000000000E+00       3.7046800000E+01

| Total ensemble size: 21
| Next sampling location (x_next, i_next):
 -2.5820170574E+01 -1.5607581509E+01  1.0000000000E+00

Iteration time [s]:    0.002        Total time [s]:    0.194

--------------------------------------------------------------------------------
                              INITIAL DATAPOINT 22                              
--------------------------------------------------------------------------------
| Data point added to dataset (x i y): 
 -2.5820170574E+01 -1.5607581509E+01  1.0000000000E+00       2.7203900000E+01

| Total ensemble size: 22
| Next sampling location (x_next, i_next):
  2.9122304925E+02  4.7057601660E+01  1.0000000000E+00

Iteration time [s]:    0.001        Total time [s]:    0.198

--------------------------------------------------------------------------------
                              INITIAL DATAPOINT 23                              
--------------------------------------------------------------------------------
| Data point added to dataset (x i y): 
  2.9122304925E+02  4.7057601660E+01  1.0000000000E+00       3.1237900000E+01

| Total ensemble size: 23
| Next sampling location (x_next, i_next):
  3.7674371286E+01  1.0708771775E+02  1.0000000000E+00

Iteration time [s]:    0.002        Total time [s]:    0.202

--------------------------------------------------------------------------------
                              INITIAL DATAPOINT 24                              
--------------------------------------------------------------------------------
| Data point added to dataset (x i y): 
  3.7674371286E+01  1.0708771775E+02  1.0000000000E+00       3.0761400000E+01

| Total ensemble size: 24
| Next sampling location (x_next, i_next):
  7.7580088853E+01  1.0819715264E+02  1.0000000000E+00

Iteration time [s]:    0.002        Total time [s]:    0.206

--------------------------------------------------------------------------------
                              INITIAL DATAPOINT 25                              
--------------------------------------------------------------------------------
| Data point added to dataset (x i y): 
  7.7580088853E+01  1.0819715264E+02  1.0000000000E+00       3.0527800000E+01

| Total ensemble size: 25
| Next sampling location (x_next, i_next):
 -2.4900384217E+01  3.9960545862E+01  1.0000000000E+00

Iteration time [s]:    0.001        Total time [s]:    0.209

--------------------------------------------------------------------------------
                              INITIAL DATAPOINT 26                              
--------------------------------------------------------------------------------
| Data point added to dataset (x i y): 
 -2.4900384217E+01  3.9960545862E+01  1.0000000000E+00       3.5739600000E+01

| Total ensemble size: 26
| Next sampling location (x_next, i_next):
  9.0820606649E+01  1.6044222319E+02  1.0000000000E+00

Iteration time [s]:    0.001        Total time [s]:    0.212

--------------------------------------------------------------------------------
                              INITIAL DATAPOINT 27                              
--------------------------------------------------------------------------------
| Data point added to dataset (x i y): 
  9.0820606649E+01  1.6044222319E+02  1.0000000000E+00       2.0319100000E+01

| Total ensemble size: 27
| Next sampling location (x_next, i_next):
  1.9292764206E+02  1.2284739416E+01  1.0000000000E+00

Iteration time [s]:    0.001        Total time [s]:    0.216

--------------------------------------------------------------------------------
                              INITIAL DATAPOINT 28                              
--------------------------------------------------------------------------------
| Data point added to dataset (x i y): 
  1.9292764206E+02  1.2284739416E+01  1.0000000000E+00       1.8398900000E+01

| Total ensemble size: 28
| Next sampling location (x_next, i_next):
  1.9520232896E+02  9.5720995506E+01  1.0000000000E+00

Iteration time [s]:    0.001        Total time [s]:    0.219

--------------------------------------------------------------------------------
                              INITIAL DATAPOINT 29                              
--------------------------------------------------------------------------------
| Data point added to dataset (x i y): 
  1.9520232896E+02  9.5720995506E+01  1.0000000000E+00       3.3282200000E+01

| Total ensemble size: 29
| Next sampling location (x_next, i_next):
  2.7049501000E+02  8.6415392300E+01  1.0000000000E+00

Iteration time [s]:    0.001        Total time [s]:    0.222

--------------------------------------------------------------------------------
                              INITIAL DATAPOINT 30                              
--------------------------------------------------------------------------------
| Data point added to dataset (x i y): 
  2.7049501000E+02  8.6415392300E+01  1.0000000000E+00       3.7296700000E+01

| Total ensemble size: 30
| Next sampling location (x_next, i_next):
 -2.3467771229E+01  2.5985206287E+02  1.0000000000E+00

Iteration time [s]:    0.001        Total time [s]:    0.225

--------------------------------------------------------------------------------
                              INITIAL DATAPOINT 31                              
--------------------------------------------------------------------------------
| Data point added to dataset (x i y): 
 -2.3467771229E+01  2.5985206287E+02  1.0000000000E+00       3.1827700000E+01

| Total ensemble size: 31
| Next sampling location (x_next, i_next):
  2.9072840049E+02  1.9223632253E+02  1.0000000000E+00

Iteration time [s]:    0.001        Total time [s]:    0.228

--------------------------------------------------------------------------------
                              INITIAL DATAPOINT 32                              
--------------------------------------------------------------------------------
| Data point added to dataset (x i y): 
  2.9072840049E+02  1.9223632253E+02  1.0000000000E+00       2.2157800000E+01

| Total ensemble size: 32
| Best acquisition, x_best i_best y_best:
  3.1059267531E+01  7.3170829039E+00  0.0000000000E+00      -2.0300036103E+05
| Global minimum prediction, x_hat mu_hat +- nu_hat:
 -4.4276496981E+01  8.1910191479E+01  0.0000000000E+00      -2.0300261655E+05  1.4389065306E-01

| GP model hyperparameters (lengthscales W kappa):
  6.0457903388E-01  4.3714877847E-01 -2.5640038507E+00  6.1117543030E+00  4.5033896135E-47  3.9130016653E-09
| Next sampling location (x_next, i_next):
  1.9928923233E+02  2.7258542792E+02  0.0000000000E+00

Iteration time [s]:    1.373        Total time [s]:    1.602

--------------------------------------------------------------------------------
                                 BO ITERATION 1                                 
--------------------------------------------------------------------------------
| Evaluating objective function at 1.993E+02 2.726E+02 0.000E+00
| Objective function evaluated, time [s]       31.963
| Data point added to dataset (x i y): 
  1.9928923233E+02  2.7258542792E+02  0.0000000000E+00      -2.0298848880E+05

| Total ensemble size: 33
| Best acquisition, x_best i_best y_best:
  3.1059267531E+01  7.3170829039E+00  0.0000000000E+00      -2.0300036103E+05
| Global minimum prediction, x_hat mu_hat +- nu_hat:
  5.8007074874E+01  1.8088100910E+02  0.0000000000E+00      -2.0300419849E+05  1.0553186272E-01
| Global minimum convergence, d_xhat d_muhat:
  1.4232762139E+02  8.1070276154E-02

| GP model hyperparameters (lengthscales W kappa):
  5.7095045782E-01  4.2808223432E-01  4.8261673700E+00  6.4279625256E+00  6.2946043643E-09  1.1233814164E-17
| Next sampling location (x_next, i_next):
  2.4674508363E+02 -3.0388593200E+00  0.0000000000E+00

Iteration time [s]:   33.177        Total time [s]:   34.779

--------------------------------------------------------------------------------
                                 BO ITERATION 2                                 
--------------------------------------------------------------------------------
| Evaluating objective function at 2.467E+02 -3.039E+00 0.000E+00
| Objective function evaluated, time [s]       23.653
| Data point added to dataset (x i y): 
  2.4674508363E+02 -3.0388593200E+00  0.0000000000E+00      -2.0301227471E+05

| Total ensemble size: 34
| Best acquisition, x_best i_best y_best:
  2.4674508363E+02 -3.0388593200E+00  0.0000000000E+00      -2.0301227471E+05
| Global minimum prediction, x_hat mu_hat +- nu_hat:
  2.2764280205E+02  8.4594888260E+00  0.0000000000E+00      -2.0301341282E+05  2.7948013196E+00
| Global minimum convergence, d_xhat d_muhat:
  2.4187902056E+02  3.8738606158E-01

| GP model hyperparameters (lengthscales W kappa):
  6.0299373767E-01  4.2253308413E-01  7.0013007519E+00  5.5093039743E+00  5.2597556307E+00  6.4515967859E+00
| Next sampling location (x_next, i_next):
  1.3437417499E+02  1.9869149103E+02  0.0000000000E+00

Iteration time [s]:   24.676        Total time [s]:   59.456

--------------------------------------------------------------------------------
                                 BO ITERATION 3                                 
--------------------------------------------------------------------------------
| Evaluating objective function at 1.344E+02 1.987E+02 0.000E+00
| Objective function evaluated, time [s]       21.914
| Data point added to dataset (x i y): 
  1.3437417499E+02  1.9869149103E+02  0.0000000000E+00      -2.0300587107E+05

| Total ensemble size: 35
| Best acquisition, x_best i_best y_best:
  2.4674508363E+02 -3.0388593200E+00  0.0000000000E+00      -2.0301227471E+05
| Global minimum prediction, x_hat mu_hat +- nu_hat:
  2.2872821168E+02  8.6467371152E+00  0.0000000000E+00      -2.0301327956E+05  2.7712284528E+00
| Global minimum convergence, d_xhat d_muhat:
  1.1014426878E+00  5.6024481970E-03

| GP model hyperparameters (lengthscales W kappa):
  6.0763636111E-01  4.2900676429E-01 -6.7098863018E+00 -5.4690904421E+00  6.2346309409E+00  8.0508258001E+00
| Next sampling location (x_next, i_next):
  2.0042085543E+02  2.1113100824E+01  0.0000000000E+00

Iteration time [s]:   23.148        Total time [s]:   82.605

--------------------------------------------------------------------------------
                                 BO ITERATION 4                                 
--------------------------------------------------------------------------------
| Evaluating objective function at 2.004E+02 2.111E+01 0.000E+00
| Objective function evaluated, time [s]       23.791
| Data point added to dataset (x i y): 
  2.0042085543E+02  2.1113100824E+01  0.0000000000E+00      -2.0300945334E+05

| Total ensemble size: 36
| Best acquisition, x_best i_best y_best:
  2.4674508363E+02 -3.0388593200E+00  0.0000000000E+00      -2.0301227471E+05
| Global minimum prediction, x_hat mu_hat +- nu_hat:
  2.4215749640E+02  4.0975226117E+00  0.0000000000E+00      -2.0301254331E+05  3.0997146606E-01
| Global minimum convergence, d_xhat d_muhat:
  1.4178894197E+01  2.9250517019E-02

| GP model hyperparameters (lengthscales W kappa):
  6.1941418474E-01  4.4351382255E-01  7.1802911228E+00  5.1031398399E+00  3.6118775111E-01  1.5367827279E+01
| Next sampling location (x_next, i_next):
 -4.7911048147E+01  1.8554825344E+02  0.0000000000E+00

Iteration time [s]:   24.979        Total time [s]:  107.585

--------------------------------------------------------------------------------
                                 BO ITERATION 5                                 
--------------------------------------------------------------------------------
| Evaluating objective function at -4.791E+01 1.855E+02 0.000E+00
| Objective function evaluated, time [s]       22.935
| Data point added to dataset (x i y): 
 -4.7911048147E+01  1.8554825344E+02  0.0000000000E+00      -2.0300834023E+05

| Total ensemble size: 37
| Best acquisition, x_best i_best y_best:
  2.4674508363E+02 -3.0388593200E+00  0.0000000000E+00      -2.0301227471E+05
| Global minimum prediction, x_hat mu_hat +- nu_hat:
  2.4343272264E+02  3.9855896245E+00  0.0000000000E+00      -2.0301252845E+05  3.1436652332E-01
| Global minimum convergence, d_xhat d_muhat:
  1.2801292813E+00  5.7096895046E-04

| GP model hyperparameters (lengthscales W kappa):
  6.2112462048E-01  4.4803991940E-01  7.2637626799E+00  5.1503773049E+00  3.8332149615E-01  1.5821373816E+01
| Next sampling location (x_next, i_next):
  4.1772781256E+01  2.1683026712E+02  0.0000000000E+00

Iteration time [s]:   24.211        Total time [s]:  131.797

--------------------------------------------------------------------------------
                                 BO ITERATION 6                                 
--------------------------------------------------------------------------------
| Evaluating objective function at 4.177E+01 2.168E+02 0.000E+00
| Objective function evaluated, time [s]       21.990
| Data point added to dataset (x i y): 
  4.1772781256E+01  2.1683026712E+02  0.0000000000E+00      -2.0300275482E+05

| Total ensemble size: 38
| Best acquisition, x_best i_best y_best:
  2.4674508363E+02 -3.0388593200E+00  0.0000000000E+00      -2.0301227471E+05
| Global minimum prediction, x_hat mu_hat +- nu_hat:
  2.4364382601E+02  4.1285021707E+00  0.0000000000E+00      -2.0301253774E+05  3.0517997142E-01
| Global minimum convergence, d_xhat d_muhat:
  2.5492866579E-01  3.5780624293E-04

| GP model hyperparameters (lengthscales W kappa):
  6.2552288702E-01  4.5521669804E-01 -6.7223021353E+00 -5.5947986147E+00  6.2689620179E+00  1.2756086462E+01
| Next sampling location (x_next, i_next):
  3.0217089546E+02 -2.6888199751E+01  0.0000000000E+00

Iteration time [s]:   23.099        Total time [s]:  154.897

--------------------------------------------------------------------------------
                                 BO ITERATION 7                                 
--------------------------------------------------------------------------------
| Evaluating objective function at 3.022E+02 -2.689E+01 0.000E+00
| Objective function evaluated, time [s]       23.173
| Data point added to dataset (x i y): 
  3.0217089546E+02 -2.6888199751E+01  0.0000000000E+00      -2.0300554590E+05

| Total ensemble size: 39
| Best acquisition, x_best i_best y_best:
  2.4674508363E+02 -3.0388593200E+00  0.0000000000E+00      -2.0301227471E+05
| Global minimum prediction, x_hat mu_hat +- nu_hat:
  2.4150657233E+02  5.0166973366E+00  0.0000000000E+00      -2.0301263479E+05  2.5862508822E-01
| Global minimum convergence, d_xhat d_muhat:
  2.3144640653E+00  3.7005226710E-03

| GP model hyperparameters (lengthscales W kappa):
  6.3598250899E-01  4.6131715113E-01  6.4697911220E+00  5.9797084284E+00  9.4417370234E+00  1.0085619324E+01
| Next sampling location (x_next, i_next):
  1.8255109824E+02  1.6448620748E+02  0.0000000000E+00

Iteration time [s]:   24.419        Total time [s]:  179.317

--------------------------------------------------------------------------------
                                 BO ITERATION 8                                 
--------------------------------------------------------------------------------
| Evaluating objective function at 1.826E+02 1.645E+02 0.000E+00
| Objective function evaluated, time [s]       21.783
| Data point added to dataset (x i y): 
  1.8255109824E+02  1.6448620748E+02  0.0000000000E+00      -2.0300662844E+05

| Total ensemble size: 40
| Best acquisition, x_best i_best y_best:
  2.4674508363E+02 -3.0388593200E+00  0.0000000000E+00      -2.0301227471E+05
| Global minimum prediction, x_hat mu_hat +- nu_hat:
  2.4180441308E+02  5.0231542747E+00  0.0000000000E+00      -2.0301263047E+05  2.4365831098E-01
| Global minimum convergence, d_xhat d_muhat:
  2.9791072779E-01  1.6249249000E-04

| GP model hyperparameters (lengthscales W kappa):
  6.4373315805E-01  4.6995527038E-01  6.4998081683E+00  6.2012058581E+00  9.0894291167E+00  9.7109640755E+00
| Next sampling location (x_next, i_next):
  2.5722996381E+02  2.0320153005E+02  0.0000000000E+00

Iteration time [s]:   23.027        Total time [s]:  202.344

--------------------------------------------------------------------------------
                                 BO ITERATION 9                                 
--------------------------------------------------------------------------------
| Evaluating objective function at 2.572E+02 2.032E+02 0.000E+00
| Objective function evaluated, time [s]       21.873
| Data point added to dataset (x i y): 
  2.5722996381E+02  2.0320153005E+02  0.0000000000E+00      -2.0300407963E+05

| Total ensemble size: 41
| Best acquisition, x_best i_best y_best:
  2.4674508363E+02 -3.0388593200E+00  0.0000000000E+00      -2.0301227471E+05
| Global minimum prediction, x_hat mu_hat +- nu_hat:
  2.4188734849E+02  4.9575720535E+00  0.0000000000E+00      -2.0301262181E+05  2.1458247866E-01
| Global minimum convergence, d_xhat d_muhat:
  1.0573225549E-01  3.2598386339E-04

| GP model hyperparameters (lengthscales W kappa):
  6.5433250654E-01  4.7902403735E-01  6.5082072982E+00  6.4482275581E+00  8.5022690072E+00  9.1248034196E+00
| Next sampling location (x_next, i_next):
  2.5612182449E+02  2.2584965730E+01  0.0000000000E+00

Iteration time [s]:   23.134        Total time [s]:  225.479

--------------------------------------------------------------------------------
                                BO ITERATION 10                                 
--------------------------------------------------------------------------------
| Evaluating objective function at 2.561E+02 2.258E+01 0.000E+00
| Objective function evaluated, time [s]       23.470
| Data point added to dataset (x i y): 
  2.5612182449E+02  2.2584965730E+01  0.0000000000E+00      -2.0300655494E+05

| Total ensemble size: 42
| Best acquisition, x_best i_best y_best:
  2.4674508363E+02 -3.0388593200E+00  0.0000000000E+00      -2.0301227471E+05
| Global minimum prediction, x_hat mu_hat +- nu_hat:
  2.3027389227E+02 -2.6787315492E+00  0.0000000000E+00      -2.0301275299E+05  2.7555053564E-01
| Global minimum convergence, d_xhat d_muhat:
  1.3899118604E+01  4.8938508990E-03

| GP model hyperparameters (lengthscales W kappa):
  6.5450031568E-01  4.6779501365E-01  7.1904881408E+00  6.2088897870E+00  9.4458483556E+00  1.0277429836E+01
| Next sampling location (x_next, i_next):
  2.0399736444E+02 -9.7403210628E+00  0.0000000000E+00

Iteration time [s]:   24.749        Total time [s]:  250.229

--------------------------------------------------------------------------------
                                BO ITERATION 11                                 
--------------------------------------------------------------------------------
| Evaluating objective function at 2.040E+02 -9.740E+00 0.000E+00
| Objective function evaluated, time [s]       23.179
| Data point added to dataset (x i y): 
  2.0399736444E+02 -9.7403210628E+00  0.0000000000E+00      -2.0300821952E+05

| Total ensemble size: 43
| Best acquisition, x_best i_best y_best:
  2.4674508363E+02 -3.0388593200E+00  0.0000000000E+00      -2.0301227471E+05
| Global minimum prediction, x_hat mu_hat +- nu_hat:
  2.4051763798E+02 -2.1147231982E+00  0.0000000000E+00      -2.0301235017E+05  3.6319428055E-02
| Global minimum convergence, d_xhat d_muhat:
  1.0259260770E+01  1.4848562165E-02

| GP model hyperparameters (lengthscales W kappa):
  6.4904778173E-01  4.8310678774E-01  7.9392813642E+00  6.2968976064E+00  1.0251660483E+01  1.1460547677E+01
| Next sampling location (x_next, i_next):
  1.0334111409E+02  2.5843945505E+01  0.0000000000E+00

Iteration time [s]:   24.535        Total time [s]:  274.765

--------------------------------------------------------------------------------
                                BO ITERATION 12                                 
--------------------------------------------------------------------------------
| Evaluating objective function at 1.033E+02 2.584E+01 0.000E+00
| Objective function evaluated, time [s]       23.097
| Data point added to dataset (x i y): 
  1.0334111409E+02  2.5843945505E+01  0.0000000000E+00      -2.0299080539E+05

| Total ensemble size: 44
| Best acquisition, x_best i_best y_best:
  2.4674508363E+02 -3.0388593200E+00  0.0000000000E+00      -2.0301227471E+05
| Global minimum prediction, x_hat mu_hat +- nu_hat:
  2.3705809953E+02 -2.1038258696E-01  0.0000000000E+00      -2.0301243220E+05  1.3582379281E-01
| Global minimum convergence, d_xhat d_muhat:
  3.9490403251E+00  3.1354040513E-03

| GP model hyperparameters (lengthscales W kappa):
  6.0914075157E-01  4.7311525333E-01  8.7206103847E+00  5.8538345473E+00  1.0174057066E+01  1.1150676812E+01
| Next sampling location (x_next, i_next):
  5.8558399357E+01  1.7632974017E+02  0.0000000000E+00

Iteration time [s]:   24.760        Total time [s]:  299.526

--------------------------------------------------------------------------------
                                BO ITERATION 13                                 
--------------------------------------------------------------------------------
| Evaluating objective function at 5.856E+01 1.763E+02 0.000E+00
| Objective function evaluated, time [s]       23.058
| Data point added to dataset (x i y): 
  5.8558399357E+01  1.7632974017E+02  0.0000000000E+00      -2.0300958100E+05

| Total ensemble size: 45
| Best acquisition, x_best i_best y_best:
  2.4674508363E+02 -3.0388593200E+00  0.0000000000E+00      -2.0301227471E+05
| Global minimum prediction, x_hat mu_hat +- nu_hat:
  2.3695107663E+02  1.2032761360E-01  0.0000000000E+00      -2.0301243123E+05  1.4220099982E-01
| Global minimum convergence, d_xhat d_muhat:
  3.4759622716E-01  3.6375347635E-05

| GP model hyperparameters (lengthscales W kappa):
  6.2047407039E-01  4.8553162436E-01 -9.6061162208E+00 -6.0316404505E+00  5.8325491699E+00  1.2189152105E+01
| Next sampling location (x_next, i_next):
  1.9490228609E+01  3.1000000000E+02  0.0000000000E+00

Iteration time [s]:   24.455        Total time [s]:  323.982

--------------------------------------------------------------------------------
                                BO ITERATION 14                                 
--------------------------------------------------------------------------------
| Evaluating objective function at 1.949E+01 3.100E+02 0.000E+00
| Objective function evaluated, time [s]       23.237
| Data point added to dataset (x i y): 
  1.9490228609E+01  3.1000000000E+02  0.0000000000E+00      -2.0299064400E+05

| Total ensemble size: 46
| Best acquisition, x_best i_best y_best:
  2.4674508363E+02 -3.0388593200E+00  0.0000000000E+00      -2.0301227471E+05
| Global minimum prediction, x_hat mu_hat +- nu_hat:
  2.4155147611E+02 -1.5165962975E+00  0.0000000000E+00      -2.0301230255E+05  5.2801943110E-02
| Global minimum convergence, d_xhat d_muhat:
  4.8829494470E+00  4.9962635851E-03

| GP model hyperparameters (lengthscales W kappa):
  5.9815194824E-01  4.5976523040E-01 -8.8277375619E+00 -5.7369757869E+00  1.6913822688E+01  9.5652458105E+00
| Next sampling location (x_next, i_next):
 -3.4125754901E+00  1.5929376407E+02  0.0000000000E+00

Iteration time [s]:   24.948        Total time [s]:  348.930

--------------------------------------------------------------------------------
                                BO ITERATION 15                                 
--------------------------------------------------------------------------------
| Evaluating objective function at -3.413E+00 1.593E+02 0.000E+00
| Objective function evaluated, time [s]       23.089
| Data point added to dataset (x i y): 
 -3.4125754901E+00  1.5929376407E+02  0.0000000000E+00      -2.0300552651E+05

| Total ensemble size: 47
| Best acquisition, x_best i_best y_best:
  2.4674508363E+02 -3.0388593200E+00  0.0000000000E+00      -2.0301227471E+05
| Global minimum prediction, x_hat mu_hat +- nu_hat:
  2.4188165184E+02 -1.5892102095E+00  0.0000000000E+00      -2.0301229907E+05  4.3866596711E-02
| Global minimum convergence, d_xhat d_muhat:
  3.3806624906E-01  1.3446143411E-04

| GP model hyperparameters (lengthscales W kappa):
  6.0560103028E-01  4.6703546320E-01 -8.5198810608E+00 -6.1547391028E+00  2.3211305092E+01  6.2372336708E+00
| Next sampling location (x_next, i_next):
  2.7980538873E+02 -2.1594526066E+00  0.0000000000E+00

Iteration time [s]:   24.623        Total time [s]:  373.554

--------------------------------------------------------------------------------
                                BO ITERATION 16                                 
--------------------------------------------------------------------------------
| Evaluating objective function at 2.798E+02 -2.159E+00 0.000E+00
| Objective function evaluated, time [s]       23.066
| Data point added to dataset (x i y): 
  2.7980538873E+02 -2.1594526066E+00  0.0000000000E+00      -2.0300976077E+05

| Total ensemble size: 48
| Best acquisition, x_best i_best y_best:
  2.4674508363E+02 -3.0388593200E+00  0.0000000000E+00      -2.0301227471E+05
| Global minimum prediction, x_hat mu_hat +- nu_hat:
  2.4010183687E+02 -1.1106203746E+00  0.0000000000E+00      -2.0301232279E+05  3.8110035439E-02
| Global minimum convergence, d_xhat d_muhat:
  1.8430381307E+00  9.0295162306E-04

| GP model hyperparameters (lengthscales W kappa):
  6.1623636366E-01  4.7726877900E-01 -9.8381154513E+00 -5.4897539455E+00  1.3167882746E+00  1.6080325173E+01
| Next sampling location (x_next, i_next):
  2.8833285346E+02  1.5790136897E+02  0.0000000000E+00

Iteration time [s]:   24.640        Total time [s]:  398.196

--------------------------------------------------------------------------------
                                BO ITERATION 17                                 
--------------------------------------------------------------------------------
| Evaluating objective function at 2.883E+02 1.579E+02 0.000E+00
| Objective function evaluated, time [s]       23.060
| Data point added to dataset (x i y): 
  2.8833285346E+02  1.5790136897E+02  0.0000000000E+00      -2.0300586694E+05

| Total ensemble size: 49
| Best acquisition, x_best i_best y_best:
  2.4674508363E+02 -3.0388593200E+00  0.0000000000E+00      -2.0301227471E+05
| Global minimum prediction, x_hat mu_hat +- nu_hat:
  2.4077130436E+02 -1.4769688023E+00  0.0000000000E+00      -2.0301231360E+05  2.8105969877E-02
| Global minimum convergence, d_xhat d_muhat:
  7.6314997990E-01  3.4843296552E-04

| GP model hyperparameters (lengthscales W kappa):
  6.1705344115E-01  4.7861570224E-01 -9.7325742247E+00 -5.5589693626E+00  1.2832548100E+00  1.5909087975E+01
| Next sampling location (x_next, i_next):
  1.8481535950E+02  2.0392463985E+02  0.0000000000E+00

Iteration time [s]:   24.721        Total time [s]:  422.918

--------------------------------------------------------------------------------
                                BO ITERATION 18                                 
--------------------------------------------------------------------------------
| Evaluating objective function at 1.848E+02 2.039E+02 0.000E+00
| Objective function evaluated, time [s]       22.848
| Data point added to dataset (x i y): 
  1.8481535950E+02  2.0392463985E+02  0.0000000000E+00      -2.0300492482E+05

| Total ensemble size: 50
| Best acquisition, x_best i_best y_best:
  2.4674508363E+02 -3.0388593200E+00  0.0000000000E+00      -2.0301227471E+05
| Global minimum prediction, x_hat mu_hat +- nu_hat:
  2.4109593045E+02 -1.6045008378E+00  0.0000000000E+00      -2.0301230959E+05  2.3205312144E-02
| Global minimum convergence, d_xhat d_muhat:
  3.4877860576E-01  1.5136430809E-04

| GP model hyperparameters (lengthscales W kappa):
  6.2262581113E-01  4.8513642066E-01 -9.2537166039E+00 -5.9896967188E+00  1.0422911287E+01  1.2484477195E+01
| Next sampling location (x_next, i_next):
  2.2548781512E+02  6.0032860411E+00  0.0000000000E+00

Iteration time [s]:   24.425        Total time [s]:  447.344

--------------------------------------------------------------------------------
                                BO ITERATION 19                                 
--------------------------------------------------------------------------------
| Evaluating objective function at 2.255E+02 6.003E+00 0.000E+00
| Objective function evaluated, time [s]       24.090
| Data point added to dataset (x i y): 
  2.2548781512E+02  6.0032860411E+00  0.0000000000E+00      -2.0301216267E+05

| Total ensemble size: 51
| Best acquisition, x_best i_best y_best:
  2.4674508363E+02 -3.0388593200E+00  0.0000000000E+00      -2.0301227471E+05
| Global minimum prediction, x_hat mu_hat +- nu_hat:
  2.3712818383E+02  1.4310060630E-01  0.0000000000E+00      -2.0301237839E+05  2.6394207525E-03
| Global minimum convergence, d_xhat d_muhat:
  4.3355650182E+00  2.5605661549E-03

| GP model hyperparameters (lengthscales W kappa):
  6.3801389810E-01  4.9216468739E-01 -9.4474934269E+00 -6.0746788843E+00  1.0867091810E+01  1.3531189301E+01
| Next sampling location (x_next, i_next):
  1.2335645229E+02  1.6265121460E+02  0.0000000000E+00

Iteration time [s]:   25.703        Total time [s]:  473.048

--------------------------------------------------------------------------------
                                BO ITERATION 20                                 
--------------------------------------------------------------------------------
| Evaluating objective function at 1.234E+02 1.627E+02 0.000E+00
| Objective function evaluated, time [s]       23.000
| Data point added to dataset (x i y): 
  1.2335645229E+02  1.6265121460E+02  0.0000000000E+00      -2.0300633108E+05

| Total ensemble size: 52
| Best acquisition, x_best i_best y_best:
  2.4674508363E+02 -3.0388593200E+00  0.0000000000E+00      -2.0301227471E+05
| Global minimum prediction, x_hat mu_hat +- nu_hat:
  2.3716220321E+02  1.6652479305E-01  0.0000000000E+00      -2.0301237775E+05  2.4496266238E-03
| Global minimum convergence, d_xhat d_muhat:
  4.1303887746E-02  2.3622217081E-05

| GP model hyperparameters (lengthscales W kappa):
  6.4543369455E-01  4.9640585923E-01 -9.4303727599E+00 -6.2718837462E+00  1.2421818622E+01  1.2655664240E+01
| Next sampling location (x_next, i_next):
  2.4450258279E+01  1.8412845425E+02  0.0000000000E+00

Iteration time [s]:   24.693        Total time [s]:  497.743

--------------------------------------------------------------------------------
                                BO ITERATION 21                                 
--------------------------------------------------------------------------------
| Evaluating objective function at 2.445E+01 1.841E+02 0.000E+00
| Objective function evaluated, time [s]       23.147
| Data point added to dataset (x i y): 
  2.4450258279E+01  1.8412845425E+02  0.0000000000E+00      -2.0300852652E+05

| Total ensemble size: 53
| Best acquisition, x_best i_best y_best:
  2.4674508363E+02 -3.0388593200E+00  0.0000000000E+00      -2.0301227471E+05
| Global minimum prediction, x_hat mu_hat +- nu_hat:
  2.3713405967E+02  1.4760102445E-01  0.0000000000E+00      -2.0301237897E+05  2.3110088130E-03
| Global minimum convergence, d_xhat d_muhat:
  3.3914131878E-02  4.4846644526E-05

| GP model hyperparameters (lengthscales W kappa):
  6.5576168482E-01  4.9641503009E-01 -9.3380397361E+00 -6.2755867563E+00  1.2771671933E+01  1.3438082106E+01
| Next sampling location (x_next, i_next):
  2.3589888306E+02 -6.8553185708E+00  0.0000000000E+00

Iteration time [s]:   24.858        Total time [s]:  522.603

--------------------------------------------------------------------------------
                                BO ITERATION 22                                 
--------------------------------------------------------------------------------
| Evaluating objective function at 2.359E+02 -6.855E+00 0.000E+00
| Objective function evaluated, time [s]       23.260
| Data point added to dataset (x i y): 
  2.3589888306E+02 -6.8553185708E+00  0.0000000000E+00      -2.0301179693E+05

| Total ensemble size: 54
| Best acquisition, x_best i_best y_best:
  2.4674508363E+02 -3.0388593200E+00  0.0000000000E+00      -2.0301227471E+05
| Global minimum prediction, x_hat mu_hat +- nu_hat:
  2.3823952013E+02  6.6260206145E-01  0.0000000000E+00      -2.0301236707E+05  1.6523209932E-03
| Global minimum convergence, d_xhat d_muhat:
  1.2195363509E+00  4.3328513202E-04

| GP model hyperparameters (lengthscales W kappa):
  6.7144599582E-01  5.0461197198E-01  9.7477598326E+00  6.5964865977E+00  1.3562002794E+01  1.3101837480E+01
| Next sampling location (x_next, i_next):
  8.1594161120E+01  1.8929468489E+02  0.0000000000E+00

Iteration time [s]:   24.990        Total time [s]:  547.595

--------------------------------------------------------------------------------
                                BO ITERATION 23                                 
--------------------------------------------------------------------------------
| Evaluating objective function at 8.159E+01 1.893E+02 0.000E+00
| Objective function evaluated, time [s]       23.081
| Data point added to dataset (x i y): 
  8.1594161120E+01  1.8929468489E+02  0.0000000000E+00      -2.0300867731E+05

| Total ensemble size: 55
| Best acquisition, x_best i_best y_best:
  2.4674508363E+02 -3.0388593200E+00  0.0000000000E+00      -2.0301227471E+05
| Global minimum prediction, x_hat mu_hat +- nu_hat:
  2.3822756969E+02  6.7086156319E-01  0.0000000000E+00      -2.0301236866E+05  1.5670570662E-03
| Global minimum convergence, d_xhat d_muhat:
  1.4526953163E-02  5.7428583898E-05

| GP model hyperparameters (lengthscales W kappa):
  6.7635414696E-01  5.0568881596E-01  9.5895989929E+00  6.5900409723E+00  1.3916687722E+01  1.3867328257E+01
| Next sampling location (x_next, i_next):
  2.3810816326E+02  1.3325284600E+00  0.0000000000E+00

Iteration time [s]:   24.897        Total time [s]:  572.496

--------------------------------------------------------------------------------
                                BO ITERATION 24                                 
--------------------------------------------------------------------------------
| Evaluating objective function at 2.381E+02 1.333E+00 0.000E+00
| Objective function evaluated, time [s]       23.186
| Data point added to dataset (x i y): 
  2.3810816326E+02  1.3325284600E+00  0.0000000000E+00      -2.0301236787E+05

| Total ensemble size: 56
| Best acquisition, x_best i_best y_best:
  2.3810816326E+02  1.3325284600E+00  0.0000000000E+00      -2.0301236787E+05
| Global minimum prediction, x_hat mu_hat +- nu_hat:
  2.3821796309E+02  6.9110643838E-01  0.0000000000E+00      -2.0301237113E+05  6.3890722880E-06
| Global minimum convergence, d_xhat d_muhat:
  2.2408520626E-02  8.8469544258E-05

| GP model hyperparameters (lengthscales W kappa):
  6.9115988177E-01  5.1172132125E-01 -9.5758504325E+00 -6.8282317084E+00  1.6741992704E+01  1.3688859716E+01
| Next sampling location (x_next, i_next):
  2.3649271315E+02  3.4521747082E-01  0.0000000000E+00

Iteration time [s]:   25.139        Total time [s]:  597.636

--------------------------------------------------------------------------------
                                BO ITERATION 25                                 
--------------------------------------------------------------------------------
| Evaluating objective function at 2.365E+02 3.452E-01 0.000E+00
| Objective function evaluated, time [s]       23.684
| Acquisition location too confident, doing pure exploration
| Data point added to dataset (x i y): 
  2.3649271315E+02  3.4521747082E-01  0.0000000000E+00      -2.0301236934E+05

| Total ensemble size: 57
| Best acquisition, x_best i_best y_best:
  2.3649271315E+02  3.4521747082E-01  0.0000000000E+00      -2.0301236934E+05
| Global minimum prediction, x_hat mu_hat +- nu_hat:
  2.3789087420E+02  5.5969787007E-01  0.0000000000E+00      -2.0301237415E+05  1.0269953590E-07
| Global minimum convergence, d_xhat d_muhat:
  3.5249873323E-01  1.0737736375E-04

| GP model hyperparameters (lengthscales W kappa):
  6.9166573822E-01  5.0919879977E-01  9.3292098265E+00  7.1381256003E+00  2.2930480762E+01  9.6756440830E+00
| Next sampling location (x_next, i_next):
  1.0681441665E+02  2.9873231562E+02  0.0000000000E+00

Iteration time [s]:   26.478        Total time [s]:  624.115

--------------------------------------------------------------------------------
                                BO ITERATION 26                                 
--------------------------------------------------------------------------------
| Evaluating objective function at 1.068E+02 2.987E+02 0.000E+00
| Objective function evaluated, time [s]       23.134
| Data point added to dataset (x i y): 
  1.0681441665E+02  2.9873231562E+02  0.0000000000E+00      -2.0299225967E+05

| Total ensemble size: 58
| Best acquisition, x_best i_best y_best:
  2.3649271315E+02  3.4521747082E-01  0.0000000000E+00      -2.0301236934E+05
| Global minimum prediction, x_hat mu_hat +- nu_hat:
  2.3785760426E+02  5.6429722314E-01  0.0000000000E+00      -2.0301237423E+05  1.1794877777E-07
| Global minimum convergence, d_xhat d_muhat:
  3.3586342187E-02  2.7297453495E-06

| GP model hyperparameters (lengthscales W kappa):
  6.5449889734E-01  4.7662774231E-01  8.3006439628E+00  6.8277169687E+00  2.0785009817E+01  6.4156297998E+00
| Next sampling location (x_next, i_next):
  2.9830780286E+02  2.3027745897E+02  0.0000000000E+00

Iteration time [s]:   25.145        Total time [s]:  649.261

--------------------------------------------------------------------------------
                                BO ITERATION 27                                 
--------------------------------------------------------------------------------
| Evaluating objective function at 2.983E+02 2.303E+02 0.000E+00
| Objective function evaluated, time [s]       23.059
| Acquisition location too confident, doing pure exploration
| Data point added to dataset (x i y): 
  2.9830780286E+02  2.3027745897E+02  0.0000000000E+00      -2.0299797888E+05

| Total ensemble size: 59
| Best acquisition, x_best i_best y_best:
  2.3649271315E+02  3.4521747082E-01  0.0000000000E+00      -2.0301236934E+05
| Global minimum prediction, x_hat mu_hat +- nu_hat:
  2.3785457696E+02  5.6430778549E-01  0.0000000000E+00      -2.0301237424E+05  1.1420941872E-07
| Global minimum convergence, d_xhat d_muhat:
  3.0273242585E-03  3.7905040603E-07

| GP model hyperparameters (lengthscales W kappa):
  6.5940028405E-01  4.7370896996E-01 -9.2011576843E+00 -6.0816116650E+00  4.7346271938E+00  1.5019767880E+01
| Next sampling location (x_next, i_next):
  1.3525219186E+02  8.4304920927E+01  0.0000000000E+00

Iteration time [s]:   25.737        Total time [s]:  675.001

--------------------------------------------------------------------------------
                                BO ITERATION 28                                 
--------------------------------------------------------------------------------
| Evaluating objective function at 1.353E+02 8.430E+01 0.000E+00
| Objective function evaluated, time [s]       23.338
| Acquisition location too confident, doing pure exploration
| Data point added to dataset (x i y): 
  1.3525219186E+02  8.4304920927E+01  0.0000000000E+00      -2.0299078792E+05

| Total ensemble size: 60
| Best acquisition, x_best i_best y_best:
  2.3649271315E+02  3.4521747082E-01  0.0000000000E+00      -2.0301236934E+05
| Global minimum prediction, x_hat mu_hat +- nu_hat:
  2.3782320398E+02  5.7611472549E-01  0.0000000000E+00      -2.0301237420E+05  9.6911980574E-08
| Global minimum convergence, d_xhat d_muhat:
  3.3521152439E-02  1.4801912506E-06

| GP model hyperparameters (lengthscales W kappa):
  6.5137184456E-01  4.6701454492E-01 -8.8204858286E+00 -5.9708948994E+00  4.3003627548E+00  1.4088266395E+01
| Next sampling location (x_next, i_next):
 -3.4030534509E+01  9.2279507433E+01  0.0000000000E+00

Iteration time [s]:   26.080        Total time [s]:  701.082

--------------------------------------------------------------------------------
                                BO ITERATION 29                                 
--------------------------------------------------------------------------------
| Evaluating objective function at -3.403E+01 9.228E+01 0.000E+00
| Objective function evaluated, time [s]       23.133
| Acquisition location too confident, doing pure exploration
| Data point added to dataset (x i y): 
 -3.4030534509E+01  9.2279507433E+01  0.0000000000E+00      -2.0298924525E+05

| Total ensemble size: 61
| Best acquisition, x_best i_best y_best:
  2.3649271315E+02  3.4521747082E-01  0.0000000000E+00      -2.0301236934E+05
| Global minimum prediction, x_hat mu_hat +- nu_hat:
  2.3782076364E+02  5.7759202181E-01  0.0000000000E+00      -2.0301237419E+05  9.4345358104E-08
| Global minimum convergence, d_xhat d_muhat:
  2.8526544775E-03  3.4044223859E-07

| GP model hyperparameters (lengthscales W kappa):
  6.4699504677E-01  4.6641336352E-01 -8.8590323661E+00 -5.9746251672E+00  1.3135729075E+00  1.3717529240E+01
| Next sampling location (x_next, i_next):
  2.2587136345E+02  9.5388622985E+01  0.0000000000E+00

Iteration time [s]:   25.900        Total time [s]:  726.982

--------------------------------------------------------------------------------
                                BO ITERATION 30                                 
--------------------------------------------------------------------------------
| Evaluating objective function at 2.259E+02 9.539E+01 0.000E+00
| Objective function evaluated, time [s]       22.981
| Acquisition location too confident, doing pure exploration
| Data point added to dataset (x i y): 
  2.2587136345E+02  9.5388622985E+01  0.0000000000E+00      -2.0298922865E+05

| Total ensemble size: 62
| Best acquisition, x_best i_best y_best:
  2.3649271315E+02  3.4521747082E-01  0.0000000000E+00      -2.0301236934E+05
| Global minimum prediction, x_hat mu_hat +- nu_hat:
  2.3782568725E+02  5.7812299562E-01  0.0000000000E+00      -2.0301237417E+05  9.7052028547E-08
| Global minimum convergence, d_xhat d_muhat:
  4.9521531514E-03  8.7060511743E-07

| GP model hyperparameters (lengthscales W kappa):
  6.3969101270E-01  4.7077031115E-01 -8.9413770127E+00 -6.1699644599E+00  8.9445034682E-01  1.1836453219E+01
| Next sampling location (x_next, i_next):
  9.8396218398E+01  2.5036932564E+02  0.0000000000E+00

Iteration time [s]:   25.893        Total time [s]:  752.875

--------------------------------------------------------------------------------
                                BO ITERATION 31                                 
--------------------------------------------------------------------------------
| Evaluating objective function at 9.840E+01 2.504E+02 0.000E+00
| Objective function evaluated, time [s]       23.169
| Acquisition location too confident, doing pure exploration
| Data point added to dataset (x i y): 
  9.8396218398E+01  2.5036932564E+02  0.0000000000E+00      -2.0299259909E+05

| Total ensemble size: 63
| Best acquisition, x_best i_best y_best:
  2.3649271315E+02  3.4521747082E-01  0.0000000000E+00      -2.0301236934E+05
| Global minimum prediction, x_hat mu_hat +- nu_hat:
  2.3783272184E+02  5.7515764725E-01  0.0000000000E+00      -2.0301237419E+05  9.8003630011E-08
| Global minimum convergence, d_xhat d_muhat:
  7.6340479922E-03  8.9241148672E-07

| GP model hyperparameters (lengthscales W kappa):
  6.4239859310E-01  4.6063223924E-01 -8.8019859735E+00 -6.2240761665E+00  1.4264185419E+00  1.0525200834E+01
| Next sampling location (x_next, i_next):
  8.4441040915E+01 -1.8856925793E+01  0.0000000000E+00

Iteration time [s]:   25.995        Total time [s]:  778.870

--------------------------------------------------------------------------------
                                BO ITERATION 32                                 
--------------------------------------------------------------------------------
| Evaluating objective function at 8.444E+01 -1.886E+01 0.000E+00
| Objective function evaluated, time [s]       23.140
| Acquisition location too confident, doing pure exploration
| Data point added to dataset (x i y): 
  8.4441040915E+01 -1.8856925793E+01  0.0000000000E+00      -2.0300100894E+05

| Total ensemble size: 64
| Best acquisition, x_best i_best y_best:
  2.3649271315E+02  3.4521747082E-01  0.0000000000E+00      -2.0301236934E+05
| Global minimum prediction, x_hat mu_hat +- nu_hat:
  2.3783183511E+02  5.7470883364E-01  0.0000000000E+00      -2.0301237419E+05  9.3574021331E-08
| Global minimum convergence, d_xhat d_muhat:
  9.9384001363E-04  8.8531962400E-08

| GP model hyperparameters (lengthscales W kappa):
  6.5272465226E-01  4.6582469275E-01 -9.1965108381E+00 -6.5341294063E+00  1.2798844143E+00  9.9793629250E+00
| Next sampling location (x_next, i_next):
  5.2759584286E+01  6.3678693243E+01  0.0000000000E+00

Iteration time [s]:   26.133        Total time [s]:  805.005

--------------------------------------------------------------------------------
                                BO ITERATION 33                                 
--------------------------------------------------------------------------------
| Evaluating objective function at 5.276E+01 6.368E+01 0.000E+00
| Objective function evaluated, time [s]       23.219
| Acquisition location too confident, doing pure exploration
| Data point added to dataset (x i y): 
  5.2759584286E+01  6.3678693243E+01  0.0000000000E+00      -2.0299243387E+05

| Total ensemble size: 65
| Best acquisition, x_best i_best y_best:
  2.3649271315E+02  3.4521747082E-01  0.0000000000E+00      -2.0301236934E+05
| Global minimum prediction, x_hat mu_hat +- nu_hat:
  2.3784132577E+02  5.6964084574E-01  0.0000000000E+00      -2.0301237423E+05  9.7382331443E-08
| Global minimum convergence, d_xhat d_muhat:
  1.0759049410E-02  1.4691904407E-06

| GP model hyperparameters (lengthscales W kappa):
  6.5044097705E-01  4.5747350030E-01  8.5361559325E+00  6.7789460732E+00  9.8814479371E+00  4.4050531938E+00
| Next sampling location (x_next, i_next):
  1.7117711805E+01  2.6336746100E+02  0.0000000000E+00

Iteration time [s]:   26.112        Total time [s]:  831.117

--------------------------------------------------------------------------------
                                BO ITERATION 34                                 
--------------------------------------------------------------------------------
| Evaluating objective function at 1.712E+01 2.634E+02 0.000E+00
| Objective function evaluated, time [s]       23.298
| Acquisition location too confident, doing pure exploration
| Data point added to dataset (x i y): 
  1.7117711805E+01  2.6336746100E+02  0.0000000000E+00      -2.0298997816E+05

| Total ensemble size: 66
| Best acquisition, x_best i_best y_best:
  2.3649271315E+02  3.4521747082E-01  0.0000000000E+00      -2.0301236934E+05
| Global minimum prediction, x_hat mu_hat +- nu_hat:
  2.3783339893E+02  5.7106898558E-01  0.0000000000E+00      -2.0301237425E+05  9.6996478316E-08
| Global minimum convergence, d_xhat d_muhat:
  8.0544629231E-03  7.0033488242E-07

| GP model hyperparameters (lengthscales W kappa):
  6.4675941993E-01  4.4515471106E-01  8.2705701894E+00  6.7399786146E+00  9.1126302422E+00  3.2863112425E+00
| Next sampling location (x_next, i_next):
  2.4090680412E+02  2.4918830993E+02  0.0000000000E+00

Iteration time [s]:   26.546        Total time [s]:  857.667

--------------------------------------------------------------------------------
                                BO ITERATION 35                                 
--------------------------------------------------------------------------------
| Evaluating objective function at 2.409E+02 2.492E+02 0.000E+00
| Objective function evaluated, time [s]       23.102
| Acquisition location too confident, doing pure exploration
| Data point added to dataset (x i y): 
  2.4090680412E+02  2.4918830993E+02  0.0000000000E+00      -2.0299056224E+05

| Total ensemble size: 67
| Best acquisition, x_best i_best y_best:
  2.3649271315E+02  3.4521747082E-01  0.0000000000E+00      -2.0301236934E+05
| Global minimum prediction, x_hat mu_hat +- nu_hat:
  2.3781969739E+02  5.7788112084E-01  0.0000000000E+00      -2.0301237422E+05  9.6862199950E-08
| Global minimum convergence, d_xhat d_muhat:
  1.5301551031E-02  1.2484318666E-06

| GP model hyperparameters (lengthscales W kappa):
  6.3907999861E-01  4.4172636359E-01  8.1757620816E+00  6.7161441676E+00  8.6959183680E+00  2.7201314795E+00
| Next sampling location (x_next, i_next):
  2.9012772085E+02  2.8371217132E+02  0.0000000000E+00

Iteration time [s]:   26.266        Total time [s]:  883.935

--------------------------------------------------------------------------------
                                BO ITERATION 36                                 
--------------------------------------------------------------------------------
| Evaluating objective function at 2.901E+02 2.837E+02 0.000E+00
| Objective function evaluated, time [s]       23.090
| Acquisition location too confident, doing pure exploration
| Data point added to dataset (x i y): 
  2.9012772085E+02  2.8371217132E+02  0.0000000000E+00      -2.0299323948E+05

| Total ensemble size: 68
| Best acquisition, x_best i_best y_best:
  2.3649271315E+02  3.4521747082E-01  0.0000000000E+00      -2.0301236934E+05
| Global minimum prediction, x_hat mu_hat +- nu_hat:
  2.3781494867E+02  5.8063058395E-01  0.0000000000E+00      -2.0301237420E+05  9.4037138876E-08
| Global minimum convergence, d_xhat d_muhat:
  5.4872427838E-03  7.0140340556E-07

| GP model hyperparameters (lengthscales W kappa):
  6.3622834299E-01  4.4451205812E-01 -8.0826027903E+00 -6.8790745826E+00  9.8475154312E+00  1.0882189508E+00
| Next sampling location (x_next, i_next):
  1.5655409111E+02  2.4690433731E+02  0.0000000000E+00

Iteration time [s]:   26.361        Total time [s]:  910.297

--------------------------------------------------------------------------------
                                BO ITERATION 37                                 
--------------------------------------------------------------------------------
| Evaluating objective function at 1.566E+02 2.469E+02 0.000E+00
| Objective function evaluated, time [s]       23.128
| Acquisition location too confident, doing pure exploration
| Data point added to dataset (x i y): 
  1.5655409111E+02  2.4690433731E+02  0.0000000000E+00      -2.0299247671E+05

| Total ensemble size: 69
| Best acquisition, x_best i_best y_best:
  2.3649271315E+02  3.4521747082E-01  0.0000000000E+00      -2.0301236934E+05
| Global minimum prediction, x_hat mu_hat +- nu_hat:
  2.3780679995E+02  5.8378896924E-01  0.0000000000E+00      -2.0301237419E+05  9.0446226419E-08
| Global minimum convergence, d_xhat d_muhat:
  8.7393954125E-03  5.3371655112E-07

| GP model hyperparameters (lengthscales W kappa):
  6.3395083705E-01  4.4695959847E-01  8.4577268941E+00  6.5345492820E+00  2.3921164463E+00  5.5839340948E+00
| Next sampling location (x_next, i_next):
 -7.5696570106E+00  4.8984282715E+01  0.0000000000E+00

Iteration time [s]:   26.362        Total time [s]:  936.659

--------------------------------------------------------------------------------
                                BO ITERATION 38                                 
--------------------------------------------------------------------------------
| Evaluating objective function at -7.570E+00 4.898E+01 0.000E+00
| Objective function evaluated, time [s]       23.101
| Acquisition location too confident, doing pure exploration
| Data point added to dataset (x i y): 
 -7.5696570106E+00  4.8984282715E+01  0.0000000000E+00      -2.0299178267E+05

| Total ensemble size: 70
| Best acquisition, x_best i_best y_best:
  2.3649271315E+02  3.4521747082E-01  0.0000000000E+00      -2.0301236934E+05
| Global minimum prediction, x_hat mu_hat +- nu_hat:
  2.3783015849E+02  5.7191142190E-01  0.0000000000E+00      -2.0301237428E+05  9.2049495048E-08
| Global minimum convergence, d_xhat d_muhat:
  2.6204913587E-02  3.7459157395E-06

| GP model hyperparameters (lengthscales W kappa):
  6.3342269236E-01  4.3454847298E-01  7.9550269755E+00  6.2851046995E+00  2.5329766494E+00  5.8787933397E+00
| Next sampling location (x_next, i_next):
  1.5978507565E+02  3.0014532365E+02  0.0000000000E+00

Iteration time [s]:   26.538        Total time [s]:  963.199

--------------------------------------------------------------------------------
                                BO ITERATION 39                                 
--------------------------------------------------------------------------------
| Evaluating objective function at 1.598E+02 3.001E+02 0.000E+00
| Objective function evaluated, time [s]       23.118
| Acquisition location too confident, doing pure exploration
| Data point added to dataset (x i y): 
  1.5978507565E+02  3.0014532365E+02  0.0000000000E+00      -2.0299010676E+05

| Total ensemble size: 71
| Best acquisition, x_best i_best y_best:
  2.3649271315E+02  3.4521747082E-01  0.0000000000E+00      -2.0301236934E+05
| Global minimum prediction, x_hat mu_hat +- nu_hat:
  2.3781327236E+02  5.7511383742E-01  0.0000000000E+00      -2.0301237432E+05  8.7439451146E-08
| Global minimum convergence, d_xhat d_muhat:
  1.7187118072E-02  1.7380268690E-06

| GP model hyperparameters (lengthscales W kappa):
  6.3389156682E-01  4.2595950802E-01  7.3304966249E+00  6.4619631006E+00  7.7968832999E+00  2.1494678280E+00
| Next sampling location (x_next, i_next):
  1.6708740569E+02  1.1813490565E+02  0.0000000000E+00

Iteration time [s]:   26.718        Total time [s]:  989.918

--------------------------------------------------------------------------------
                                BO ITERATION 40                                 
--------------------------------------------------------------------------------
| Evaluating objective function at 1.671E+02 1.181E+02 0.000E+00
| Objective function evaluated, time [s]       23.511
| Acquisition location too confident, doing pure exploration
| Data point added to dataset (x i y): 
  1.6708740569E+02  1.1813490565E+02  0.0000000000E+00      -2.0299476100E+05

| Total ensemble size: 72
| Best acquisition, x_best i_best y_best:
  2.3649271315E+02  3.4521747082E-01  0.0000000000E+00      -2.0301236934E+05
| Global minimum prediction, x_hat mu_hat +- nu_hat:
  2.3782010537E+02  5.6987804100E-01  0.0000000000E+00      -2.0301237437E+05  9.1460959606E-08
| Global minimum convergence, d_xhat d_muhat:
  8.6083493933E-03  2.1925956361E-06

| GP model hyperparameters (lengthscales W kappa):
  6.3520865665E-01  4.0452082151E-01  7.2777722970E+00  5.8303202269E+00  2.0569632815E+00  6.3844199257E+00
| Next sampling location (x_next, i_next):
  1.3454314132E+02 -1.0726139557E+01  0.0000000000E+00

Iteration time [s]:   27.139        Total time [s]: 1017.059

--------------------------------------------------------------------------------
                                BO ITERATION 41                                 
--------------------------------------------------------------------------------
| Evaluating objective function at 1.345E+02 -1.073E+01 0.000E+00
| Objective function evaluated, time [s]       23.299
| Data point added to dataset (x i y): 
  1.3454314132E+02 -1.0726139557E+01  0.0000000000E+00      -2.0299153543E+05

| Total ensemble size: 73
| Best acquisition, x_best i_best y_best:
  2.3649271315E+02  3.4521747082E-01  0.0000000000E+00      -2.0301236934E+05
| Global minimum prediction, x_hat mu_hat +- nu_hat:
  2.3785966598E+02  5.7688898998E-01  0.0000000000E+00      -2.0301237408E+05  2.2039402650E-07
| Global minimum convergence, d_xhat d_muhat:
  4.0177041498E-02  1.2321103937E-05

| GP model hyperparameters (lengthscales W kappa):
  5.3573721007E-01  4.2845256393E-01 -7.3827953245E+00 -5.6276016773E+00  5.5210079680E+00  5.0564596924E+00
| Next sampling location (x_next, i_next):
  2.3900963180E+02  1.9066157136E-01  0.0000000000E+00

Iteration time [s]:   26.841        Total time [s]: 1043.900

--------------------------------------------------------------------------------
                                BO ITERATION 42                                 
--------------------------------------------------------------------------------
| Evaluating objective function at 2.390E+02 1.907E-01 0.000E+00
| Objective function evaluated, time [s]       23.193
| Acquisition location too confident, doing pure exploration
| Data point added to dataset (x i y): 
  2.3900963180E+02  1.9066157136E-01  0.0000000000E+00      -2.0301237060E+05

| Total ensemble size: 74
| Best acquisition, x_best i_best y_best:
  2.3900963180E+02  1.9066157136E-01  0.0000000000E+00      -2.0301237060E+05
| Global minimum prediction, x_hat mu_hat +- nu_hat:
  2.3732242185E+02  7.7210570686E-01  0.0000000000E+00      -2.0301237364E+05  4.3706568942E-08
| Global minimum convergence, d_xhat d_muhat:
  5.7161247467E-01  1.8453095440E-05

| GP model hyperparameters (lengthscales W kappa):
  5.3429342245E-01  4.3035406285E-01 -7.8586461746E+00 -5.4938654434E+00  9.0506671735E-01  7.8054028021E+00
| Next sampling location (x_next, i_next):
  5.9442148391E+01  2.7995523056E+02  0.0000000000E+00

Iteration time [s]:   26.898        Total time [s]: 1070.799

--------------------------------------------------------------------------------
                                BO ITERATION 43                                 
--------------------------------------------------------------------------------
| Evaluating objective function at 5.944E+01 2.800E+02 0.000E+00
| Objective function evaluated, time [s]       23.118
| Acquisition location too confident, doing pure exploration
| Data point added to dataset (x i y): 
  5.9442148391E+01  2.7995523056E+02  0.0000000000E+00      -2.0299065708E+05

| Total ensemble size: 75
| Best acquisition, x_best i_best y_best:
  2.3900963180E+02  1.9066157136E-01  0.0000000000E+00      -2.0301237060E+05
| Global minimum prediction, x_hat mu_hat +- nu_hat:
  2.3732322569E+02  7.7189128051E-01  0.0000000000E+00      -2.0301237362E+05  4.3243891934E-08
| Global minimum convergence, d_xhat d_muhat:
  8.3194757386E-04  5.1641633907E-07

| GP model hyperparameters (lengthscales W kappa):
  5.3419368936E-01  4.2274025703E-01  7.1163529761E+00  5.8856901933E+00  9.3947506020E+00  2.3330578140E+00
| Next sampling location (x_next, i_next):
  2.7828844288E+02  1.0827609743E+02  0.0000000000E+00

Iteration time [s]:   27.134        Total time [s]: 1097.933

--------------------------------------------------------------------------------
                                BO ITERATION 44                                 
--------------------------------------------------------------------------------
| Evaluating objective function at 2.783E+02 1.083E+02 0.000E+00
| Objective function evaluated, time [s]       23.011
| Acquisition location too confident, doing pure exploration
| Data point added to dataset (x i y): 
  2.7828844288E+02  1.0827609743E+02  0.0000000000E+00      -2.0299116819E+05

| Total ensemble size: 76
| Best acquisition, x_best i_best y_best:
  2.3900963180E+02  1.9066157136E-01  0.0000000000E+00      -2.0301237060E+05
| Global minimum prediction, x_hat mu_hat +- nu_hat:
  2.3732207456E+02  7.7244856558E-01  0.0000000000E+00      -2.0301237362E+05  4.4241756836E-08
| Global minimum convergence, d_xhat d_muhat:
  1.2789260913E-03  4.8133473062E-08

| GP model hyperparameters (lengthscales W kappa):
  5.2953845377E-01  4.2092404145E-01  7.0184606884E+00  5.9231659013E+00  8.9956824580E+00  1.8936973884E+00
| Next sampling location (x_next, i_next):
 -9.6967851218E+00 -7.1810921859E+00  0.0000000000E+00

Iteration time [s]:   27.005        Total time [s]: 1124.939

--------------------------------------------------------------------------------
                                BO ITERATION 45                                 
--------------------------------------------------------------------------------
| Evaluating objective function at -9.697E+00 -7.181E+00 0.000E+00
| Objective function evaluated, time [s]       23.211
| Acquisition location too confident, doing pure exploration
| Data point added to dataset (x i y): 
 -9.6967851218E+00 -7.1810921859E+00  0.0000000000E+00      -2.0299082759E+05

| Total ensemble size: 77
| Best acquisition, x_best i_best y_best:
  2.3900963180E+02  1.9066157136E-01  0.0000000000E+00      -2.0301237060E+05
| Global minimum prediction, x_hat mu_hat +- nu_hat:
  2.3732638347E+02  7.7084255278E-01  0.0000000000E+00      -2.0301237360E+05  5.9076716763E-08
| Global minimum convergence, d_xhat d_muhat:
  4.5984730379E-03  7.3835897051E-07

| GP model hyperparameters (lengthscales W kappa):
  5.0671257063E-01  4.3639489781E-01  7.6669917597E+00  6.2032010533E+00  9.8653480239E+00  2.8698223350E+00
| Next sampling location (x_next, i_next):
 -2.2544111378E+01  2.9012161080E+02  0.0000000000E+00

Iteration time [s]:   27.116        Total time [s]: 1152.056

--------------------------------------------------------------------------------
                                BO ITERATION 46                                 
--------------------------------------------------------------------------------
| Evaluating objective function at -2.254E+01 2.901E+02 0.000E+00
| Objective function evaluated, time [s]       24.203
| Acquisition location too confident, doing pure exploration
| Data point added to dataset (x i y): 
 -2.2544111378E+01  2.9012161080E+02  0.0000000000E+00      -2.0299229134E+05

| Total ensemble size: 78
| Best acquisition, x_best i_best y_best:
  2.3900963180E+02  1.9066157136E-01  0.0000000000E+00      -2.0301237060E+05
| Global minimum prediction, x_hat mu_hat +- nu_hat:
  2.3732967487E+02  7.6964994674E-01  0.0000000000E+00      -2.0301237357E+05  5.7730820924E-08
| Global minimum convergence, d_xhat d_muhat:
  3.5008067376E-03  1.5150509383E-06

| GP model hyperparameters (lengthscales W kappa):
  5.0550898793E-01  4.3267999815E-01 -7.9501606180E+00 -5.9105973277E+00  3.8224033740E+00  6.0651066932E+00
| Next sampling location (x_next, i_next):
  1.0206766225E+02  1.1291301085E+02  0.0000000000E+00

Iteration time [s]:   28.526        Total time [s]: 1180.583

--------------------------------------------------------------------------------
                                BO ITERATION 47                                 
--------------------------------------------------------------------------------
| Evaluating objective function at 1.021E+02 1.129E+02 0.000E+00
| Objective function evaluated, time [s]       23.627
| Acquisition location too confident, doing pure exploration
| Data point added to dataset (x i y): 
  1.0206766225E+02  1.1291301085E+02  0.0000000000E+00      -2.0299345541E+05

| Total ensemble size: 79
| Best acquisition, x_best i_best y_best:
  2.3900963180E+02  1.9066157136E-01  0.0000000000E+00      -2.0301237060E+05
| Global minimum prediction, x_hat mu_hat +- nu_hat:
  2.3732898937E+02  7.6990293914E-01  0.0000000000E+00      -2.0301237358E+05  5.8670968439E-08
| Global minimum convergence, d_xhat d_muhat:
  7.3069438061E-04  3.1265613713E-07

| GP model hyperparameters (lengthscales W kappa):
  5.0192265582E-01  4.3037038193E-01 -7.8153922978E+00 -5.8813767512E+00  3.6680376822E+00  5.7920570460E+00
| Next sampling location (x_next, i_next):
 -3.9197977371E+01  1.2948853483E+02  0.0000000000E+00

Iteration time [s]:   27.699        Total time [s]: 1208.283

--------------------------------------------------------------------------------
                                BO ITERATION 48                                 
--------------------------------------------------------------------------------
| Evaluating objective function at -3.920E+01 1.295E+02 0.000E+00
| Objective function evaluated, time [s]       23.905
| Acquisition location too confident, doing pure exploration
| Data point added to dataset (x i y): 
 -3.9197977371E+01  1.2948853483E+02  0.0000000000E+00      -2.0299790902E+05

| Total ensemble size: 80
| Best acquisition, x_best i_best y_best:
  2.3900963180E+02  1.9066157136E-01  0.0000000000E+00      -2.0301237060E+05
| Global minimum prediction, x_hat mu_hat +- nu_hat:
  2.3732974166E+02  7.6959410116E-01  0.0000000000E+00      -2.0301237357E+05  5.7257386299E-08
| Global minimum convergence, d_xhat d_muhat:
  8.1321359109E-04  1.2491524054E-07

| GP model hyperparameters (lengthscales W kappa):
  5.0281209854E-01  4.3197595194E-01 -7.9238835642E+00 -5.7906085109E+00  1.6387645206E+00  6.8956458034E+00
| Next sampling location (x_next, i_next):
 -1.1064899597E+01  2.2840963020E+02  0.0000000000E+00

Iteration time [s]:   28.012        Total time [s]: 1236.300

--------------------------------------------------------------------------------
                                BO ITERATION 49                                 
--------------------------------------------------------------------------------
| Evaluating objective function at -1.106E+01 2.284E+02 0.000E+00
| Objective function evaluated, time [s]       24.066
| Acquisition location too confident, doing pure exploration
| Data point added to dataset (x i y): 
 -1.1064899597E+01  2.2840963020E+02  0.0000000000E+00      -2.0299830094E+05

| Total ensemble size: 81
| Best acquisition, x_best i_best y_best:
  2.3900963180E+02  1.9066157136E-01  0.0000000000E+00      -2.0301237060E+05
| Global minimum prediction, x_hat mu_hat +- nu_hat:
  2.3733237573E+02  7.6866705789E-01  0.0000000000E+00      -2.0301237356E+05  5.5811588151E-08
| Global minimum convergence, d_xhat d_muhat:
  2.7924414854E-03  7.5668520207E-07

| GP model hyperparameters (lengthscales W kappa):
  5.0556492068E-01  4.2901632149E-01  7.5987230075E+00  5.9403922732E+00  5.8900372493E+00  4.5696024935E+00
| Next sampling location (x_next, i_next):
  7.7857632146E+00  1.0246131008E+02  0.0000000000E+00

Iteration time [s]:   28.366        Total time [s]: 1264.666

--------------------------------------------------------------------------------
                                BO ITERATION 50                                 
--------------------------------------------------------------------------------
| Evaluating objective function at 7.786E+00 1.025E+02 0.000E+00
| Objective function evaluated, time [s]       24.048
| Acquisition location too confident, doing pure exploration
| Data point added to dataset (x i y): 
  7.7857632146E+00  1.0246131008E+02  0.0000000000E+00      -2.0299106868E+05

| Total ensemble size: 82
| Best acquisition, x_best i_best y_best:
  2.3900963180E+02  1.9066157136E-01  0.0000000000E+00      -2.0301237060E+05
| Global minimum prediction, x_hat mu_hat +- nu_hat:
  2.3733105916E+02  7.6924501278E-01  0.0000000000E+00      -2.0301237356E+05  5.4236108848E-08
| Global minimum convergence, d_xhat d_muhat:
  1.4378391538E-03  8.5261214164E-08

| GP model hyperparameters (lengthscales W kappa):
  5.0823769911E-01  4.2669251669E-01 -7.4642842116E+00 -6.0719698510E+00  7.4113046325E+00  3.1714204283E+00
| Next sampling location (x_next, i_next):
  2.4210428761E+02  2.9220260935E+02  0.0000000000E+00

Iteration time [s]:   28.534        Total time [s]: 1293.203

|| Bayesian optimization completed, time [s]     1293.182


--------------------------------------------------------------------------------
                        BOSS is done! Have a nice day :)                        

      Datetime 15-08-2020 00:45:43            Total time [s]     1293.203       
--------------------------------------------------------------------------------
