
-----------------------------   Welcome to ....   ------------------------------
                      _______  _______ _______ _______ 
                     |   _   \|   _   |   _   |   _   |
                     |.  1   /|.  |   |   1___|   1___|
                     |.  _   \|.  |   |____   |____   |
                     |:  1    |:  1   |:  1   |:  1   |
                     |::.. .  |::.. . |::.. . |::.. . |
                     `-------'`-------`-------`-------'

                                 Version 0.9.15                                 
                              05-08-2020 18:08:52                               
--------------------------------------------------------------------------------

| Reading BOSS input file from: in_2D
| Initializing...

--------------------------------------------------------------------------------
                                   INPUT FILE                                   
--------------------------------------------------------------------------------
# input file for alanine 2D (d4-d13)

# optimization
userfn       userfn_2D.py
bounds       -50 310; -50 310
num_tasks    2
kernel       stdp
initpts      2 30
iterpts      50
verbosity    2
W_prior      gaussian
W_priorparam 10.757 4.226


RESULTS:
2.120399473675357E+02 7.244054838462000E+01 0 -2.029925936227109E+05 
2.471213961069188E+02 6.270169177661720E+01 0 -2.029927587914504E+05 
5.964863579001960E+01 1.728344066604136E+02 1 1.769080000000000E+01 
7.614085870943920E+01 2.962353865826581E+02 1 3.170650000000000E+01 
2.028854431949985E+02 3.026712275820855E+02 1 3.314530000000000E+01 
1.693397539061550E+02 2.430244793415673E+02 1 3.192160000000000E+01 
3.826133504210929E+01 3.100000000000000E+02 1 3.226670000000000E+01 
1.575765485777356E+01 7.384361967804293E+01 1 3.487190000000000E+01 
5.946125463372807E+01 1.851838384132380E+02 1 1.758130000000000E+01 
-3.515609876680251E+01 -4.438237042614692E+01 1 2.643190000000000E+01 
2.961417757782329E+01 1.223358782585900E+02 1 2.834020000000000E+01 
3.034076538224907E+02 1.673065217168750E+02 1 2.162390000000000E+01 
4.063480400519816E+01 4.702418509481857E+01 1 3.018460000000000E+01 
4.348145249724380E+01 8.637874909414411E+01 1 3.264560000000000E+01 
-9.741131247373168E+00 2.645461604782208E+02 1 3.306190000000000E+01 
1.199369078907878E+02 -2.441800755071722E+01 1 3.480180000000000E+01 
1.783698210948857E+02 5.380937899145418E+01 1 2.642730000000000E+01 
2.832101937145396E+02 -1.265766181337779E+01 1 1.860000000000000E+01 
2.374043050189940E+02 9.290890541595290E+01 1 3.829220000000000E+01 
6.707674934640112E+01 1.788049917127202E+02 1 1.758300000000000E+01 
1.266974999587272E+02 2.672379227355507E+02 1 3.591980000000000E+01 
8.527343502388125E+01 1.894647692347940E+02 1 1.883870000000000E+01 
2.740919877454170E+02 7.756278878486172E+00 1 1.975950000000000E+01 
2.631305901292192E+02 2.114294722350390E+02 1 2.826560000000000E+01 
2.726735694831085E+02 2.758788244849761E+02 1 3.422140000000000E+01 
2.868780541216817E+02 -6.923674801556252E+00 1 1.846140000000000E+01 
1.935836864396379E+02 8.918340005122062E+00 1 1.828150000000000E+01 
1.222751587794796E+02 3.008320590720907E+02 1 3.616050000000000E+01 
1.371019424698663E+01 4.909535228654843E+01 1 3.340800000000000E+01 
1.630874054133698E+02 2.896364617798967E+02 1 3.592550000000000E+01 
1.772451807301819E+02 1.393245313282928E+02 1 2.559920000000000E+01 
1.493217983071479E+02 6.369776391344668E+01 1 2.991860000000000E+01 
--------------------------------------------------------------------------------
                               SIMULATION OPTIONS                               
--------------------------------------------------------------------------------
|| File input/output 
ipfile         in_2D
userfn         userfn_2D.py
outfile        boss.out
rstfile        boss.rst

|| Key settings 
num_tasks         2
bounds         -5.000E+01 3.100E+02;    -5.000E+01 3.100E+02
kerntype       stdp stdp
yrange         -5.000E+01 3.100E+02;    -5.000E+01 3.100E+02
noise          1.000E-12
initpts    2 30    iterpts   50
gm_tol         none
verbosity      2

|| Data acquisition 
acqfn                elcb
acqtol               1.000E-03

|| GP hyperparameters 
thetainit       1.000E+00 3.142E-01
thetabounds     none
thetaprior      gamma
thetapriorpar   1.000E+00 1.000E+00;    3.368E+00 9.020E+00;    3.368E+00 9.020E+00

|| Hyperparameter optimization
updatefreq   1  initupdate      True
updateoffset 0  updaterestarts  2


--------------------------------------------------------------------------------
                              INITIAL DATAPOINT 1                               
--------------------------------------------------------------------------------
| Data point added to dataset (x i y): 
  2.1203994737E+02  7.2440548385E+01  0.0000000000E+00      -2.0299259362E+05

| Total ensemble size: 1
| Next sampling location (x_next, i_next):
  2.4712139611E+02  6.2701691777E+01  0.0000000000E+00

Iteration time [s]:    0.003        Total time [s]:    0.134

--------------------------------------------------------------------------------
                              INITIAL DATAPOINT 2                               
--------------------------------------------------------------------------------
| Data point added to dataset (x i y): 
  2.4712139611E+02  6.2701691777E+01  0.0000000000E+00      -2.0299275879E+05

| Total ensemble size: 2
| Next sampling location (x_next, i_next):
  5.9648635790E+01  1.7283440666E+02  1.0000000000E+00

Iteration time [s]:    0.001        Total time [s]:    0.135

--------------------------------------------------------------------------------
                              INITIAL DATAPOINT 3                               
--------------------------------------------------------------------------------
| Data point added to dataset (x i y): 
  5.9648635790E+01  1.7283440666E+02  1.0000000000E+00       1.7690800000E+01

| Total ensemble size: 3
| Next sampling location (x_next, i_next):
  7.6140858709E+01  2.9623538658E+02  1.0000000000E+00

Iteration time [s]:    0.002        Total time [s]:    0.138

--------------------------------------------------------------------------------
                              INITIAL DATAPOINT 4                               
--------------------------------------------------------------------------------
| Data point added to dataset (x i y): 
  7.6140858709E+01  2.9623538658E+02  1.0000000000E+00       3.1706500000E+01

| Total ensemble size: 4
| Next sampling location (x_next, i_next):
  2.0288544319E+02  3.0267122758E+02  1.0000000000E+00

Iteration time [s]:    0.001        Total time [s]:    0.139

--------------------------------------------------------------------------------
                              INITIAL DATAPOINT 5                               
--------------------------------------------------------------------------------
| Data point added to dataset (x i y): 
  2.0288544319E+02  3.0267122758E+02  1.0000000000E+00       3.3145300000E+01

| Total ensemble size: 5
| Next sampling location (x_next, i_next):
  1.6933975391E+02  2.4302447934E+02  1.0000000000E+00

Iteration time [s]:    0.001        Total time [s]:    0.140

--------------------------------------------------------------------------------
                              INITIAL DATAPOINT 6                               
--------------------------------------------------------------------------------
| Data point added to dataset (x i y): 
  1.6933975391E+02  2.4302447934E+02  1.0000000000E+00       3.1921600000E+01

| Total ensemble size: 6
| Next sampling location (x_next, i_next):
  3.8261335042E+01  3.1000000000E+02  1.0000000000E+00

Iteration time [s]:    0.001        Total time [s]:    0.141

--------------------------------------------------------------------------------
                              INITIAL DATAPOINT 7                               
--------------------------------------------------------------------------------
| Data point added to dataset (x i y): 
  3.8261335042E+01  3.1000000000E+02  1.0000000000E+00       3.2266700000E+01

| Total ensemble size: 7
| Next sampling location (x_next, i_next):
  1.5757654858E+01  7.3843619678E+01  1.0000000000E+00

Iteration time [s]:    0.001        Total time [s]:    0.142

--------------------------------------------------------------------------------
                              INITIAL DATAPOINT 8                               
--------------------------------------------------------------------------------
| Data point added to dataset (x i y): 
  1.5757654858E+01  7.3843619678E+01  1.0000000000E+00       3.4871900000E+01

| Total ensemble size: 8
| Next sampling location (x_next, i_next):
  5.9461254634E+01  1.8518383841E+02  1.0000000000E+00

Iteration time [s]:    0.000        Total time [s]:    0.144

--------------------------------------------------------------------------------
                              INITIAL DATAPOINT 9                               
--------------------------------------------------------------------------------
| Data point added to dataset (x i y): 
  5.9461254634E+01  1.8518383841E+02  1.0000000000E+00       1.7581300000E+01

| Total ensemble size: 9
| Next sampling location (x_next, i_next):
 -3.5156098767E+01 -4.4382370426E+01  1.0000000000E+00

Iteration time [s]:    0.001        Total time [s]:    0.145

--------------------------------------------------------------------------------
                              INITIAL DATAPOINT 10                              
--------------------------------------------------------------------------------
| Data point added to dataset (x i y): 
 -3.5156098767E+01 -4.4382370426E+01  1.0000000000E+00       2.6431900000E+01

| Total ensemble size: 10
| Next sampling location (x_next, i_next):
  2.9614177578E+01  1.2233587826E+02  1.0000000000E+00

Iteration time [s]:    0.001        Total time [s]:    0.146

--------------------------------------------------------------------------------
                              INITIAL DATAPOINT 11                              
--------------------------------------------------------------------------------
| Data point added to dataset (x i y): 
  2.9614177578E+01  1.2233587826E+02  1.0000000000E+00       2.8340200000E+01

| Total ensemble size: 11
| Next sampling location (x_next, i_next):
  3.0340765382E+02  1.6730652172E+02  1.0000000000E+00

Iteration time [s]:    0.001        Total time [s]:    0.147

--------------------------------------------------------------------------------
                              INITIAL DATAPOINT 12                              
--------------------------------------------------------------------------------
| Data point added to dataset (x i y): 
  3.0340765382E+02  1.6730652172E+02  1.0000000000E+00       2.1623900000E+01

| Total ensemble size: 12
| Next sampling location (x_next, i_next):
  4.0634804005E+01  4.7024185095E+01  1.0000000000E+00

Iteration time [s]:    0.001        Total time [s]:    0.148

--------------------------------------------------------------------------------
                              INITIAL DATAPOINT 13                              
--------------------------------------------------------------------------------
| Data point added to dataset (x i y): 
  4.0634804005E+01  4.7024185095E+01  1.0000000000E+00       3.0184600000E+01

| Total ensemble size: 13
| Next sampling location (x_next, i_next):
  4.3481452497E+01  8.6378749094E+01  1.0000000000E+00

Iteration time [s]:    0.001        Total time [s]:    0.149

--------------------------------------------------------------------------------
                              INITIAL DATAPOINT 14                              
--------------------------------------------------------------------------------
| Data point added to dataset (x i y): 
  4.3481452497E+01  8.6378749094E+01  1.0000000000E+00       3.2645600000E+01

| Total ensemble size: 14
| Next sampling location (x_next, i_next):
 -9.7411312474E+00  2.6454616048E+02  1.0000000000E+00

Iteration time [s]:    0.001        Total time [s]:    0.151

--------------------------------------------------------------------------------
                              INITIAL DATAPOINT 15                              
--------------------------------------------------------------------------------
| Data point added to dataset (x i y): 
 -9.7411312474E+00  2.6454616048E+02  1.0000000000E+00       3.3061900000E+01

| Total ensemble size: 15
| Next sampling location (x_next, i_next):
  1.1993690789E+02 -2.4418007551E+01  1.0000000000E+00

Iteration time [s]:    0.001        Total time [s]:    0.152

--------------------------------------------------------------------------------
                              INITIAL DATAPOINT 16                              
--------------------------------------------------------------------------------
| Data point added to dataset (x i y): 
  1.1993690789E+02 -2.4418007551E+01  1.0000000000E+00       3.4801800000E+01

| Total ensemble size: 16
| Next sampling location (x_next, i_next):
  1.7836982109E+02  5.3809378991E+01  1.0000000000E+00

Iteration time [s]:    0.001        Total time [s]:    0.153

--------------------------------------------------------------------------------
                              INITIAL DATAPOINT 17                              
--------------------------------------------------------------------------------
| Data point added to dataset (x i y): 
  1.7836982109E+02  5.3809378991E+01  1.0000000000E+00       2.6427300000E+01

| Total ensemble size: 17
| Next sampling location (x_next, i_next):
  2.8321019371E+02 -1.2657661813E+01  1.0000000000E+00

Iteration time [s]:    0.001        Total time [s]:    0.154

--------------------------------------------------------------------------------
                              INITIAL DATAPOINT 18                              
--------------------------------------------------------------------------------
| Data point added to dataset (x i y): 
  2.8321019371E+02 -1.2657661813E+01  1.0000000000E+00       1.8600000000E+01

| Total ensemble size: 18
| Next sampling location (x_next, i_next):
  2.3740430502E+02  9.2908905416E+01  1.0000000000E+00

Iteration time [s]:    0.001        Total time [s]:    0.155

--------------------------------------------------------------------------------
                              INITIAL DATAPOINT 19                              
--------------------------------------------------------------------------------
| Data point added to dataset (x i y): 
  2.3740430502E+02  9.2908905416E+01  1.0000000000E+00       3.8292200000E+01

| Total ensemble size: 19
| Next sampling location (x_next, i_next):
  6.7076749346E+01  1.7880499171E+02  1.0000000000E+00

Iteration time [s]:    0.001        Total time [s]:    0.157

--------------------------------------------------------------------------------
                              INITIAL DATAPOINT 20                              
--------------------------------------------------------------------------------
| Data point added to dataset (x i y): 
  6.7076749346E+01  1.7880499171E+02  1.0000000000E+00       1.7583000000E+01

| Total ensemble size: 20
| Next sampling location (x_next, i_next):
  1.2669749996E+02  2.6723792274E+02  1.0000000000E+00

Iteration time [s]:    0.001        Total time [s]:    0.158

--------------------------------------------------------------------------------
                              INITIAL DATAPOINT 21                              
--------------------------------------------------------------------------------
| Data point added to dataset (x i y): 
  1.2669749996E+02  2.6723792274E+02  1.0000000000E+00       3.5919800000E+01

| Total ensemble size: 21
| Next sampling location (x_next, i_next):
  8.5273435024E+01  1.8946476923E+02  1.0000000000E+00

Iteration time [s]:    0.001        Total time [s]:    0.159

--------------------------------------------------------------------------------
                              INITIAL DATAPOINT 22                              
--------------------------------------------------------------------------------
| Data point added to dataset (x i y): 
  8.5273435024E+01  1.8946476923E+02  1.0000000000E+00       1.8838700000E+01

| Total ensemble size: 22
| Next sampling location (x_next, i_next):
  2.7409198775E+02  7.7562788785E+00  1.0000000000E+00

Iteration time [s]:    0.001        Total time [s]:    0.160

--------------------------------------------------------------------------------
                              INITIAL DATAPOINT 23                              
--------------------------------------------------------------------------------
| Data point added to dataset (x i y): 
  2.7409198775E+02  7.7562788785E+00  1.0000000000E+00       1.9759500000E+01

| Total ensemble size: 23
| Next sampling location (x_next, i_next):
  2.6313059013E+02  2.1142947224E+02  1.0000000000E+00

Iteration time [s]:    0.001        Total time [s]:    0.161

--------------------------------------------------------------------------------
                              INITIAL DATAPOINT 24                              
--------------------------------------------------------------------------------
| Data point added to dataset (x i y): 
  2.6313059013E+02  2.1142947224E+02  1.0000000000E+00       2.8265600000E+01

| Total ensemble size: 24
| Next sampling location (x_next, i_next):
  2.7267356948E+02  2.7587882448E+02  1.0000000000E+00

Iteration time [s]:    0.001        Total time [s]:    0.162

--------------------------------------------------------------------------------
                              INITIAL DATAPOINT 25                              
--------------------------------------------------------------------------------
| Data point added to dataset (x i y): 
  2.7267356948E+02  2.7587882448E+02  1.0000000000E+00       3.4221400000E+01

| Total ensemble size: 25
| Next sampling location (x_next, i_next):
  2.8687805412E+02 -6.9236748016E+00  1.0000000000E+00

Iteration time [s]:    0.001        Total time [s]:    0.163

--------------------------------------------------------------------------------
                              INITIAL DATAPOINT 26                              
--------------------------------------------------------------------------------
| Data point added to dataset (x i y): 
  2.8687805412E+02 -6.9236748016E+00  1.0000000000E+00       1.8461400000E+01

| Total ensemble size: 26
| Next sampling location (x_next, i_next):
  1.9358368644E+02  8.9183400051E+00  1.0000000000E+00

Iteration time [s]:    0.001        Total time [s]:    0.165

--------------------------------------------------------------------------------
                              INITIAL DATAPOINT 27                              
--------------------------------------------------------------------------------
| Data point added to dataset (x i y): 
  1.9358368644E+02  8.9183400051E+00  1.0000000000E+00       1.8281500000E+01

| Total ensemble size: 27
| Next sampling location (x_next, i_next):
  1.2227515878E+02  3.0083205907E+02  1.0000000000E+00

Iteration time [s]:    0.001        Total time [s]:    0.166

--------------------------------------------------------------------------------
                              INITIAL DATAPOINT 28                              
--------------------------------------------------------------------------------
| Data point added to dataset (x i y): 
  1.2227515878E+02  3.0083205907E+02  1.0000000000E+00       3.6160500000E+01

| Total ensemble size: 28
| Next sampling location (x_next, i_next):
  1.3710194247E+01  4.9095352287E+01  1.0000000000E+00

Iteration time [s]:    0.001        Total time [s]:    0.167

--------------------------------------------------------------------------------
                              INITIAL DATAPOINT 29                              
--------------------------------------------------------------------------------
| Data point added to dataset (x i y): 
  1.3710194247E+01  4.9095352287E+01  1.0000000000E+00       3.3408000000E+01

| Total ensemble size: 29
| Next sampling location (x_next, i_next):
  1.6308740541E+02  2.8963646178E+02  1.0000000000E+00

Iteration time [s]:    0.001        Total time [s]:    0.168

--------------------------------------------------------------------------------
                              INITIAL DATAPOINT 30                              
--------------------------------------------------------------------------------
| Data point added to dataset (x i y): 
  1.6308740541E+02  2.8963646178E+02  1.0000000000E+00       3.5925500000E+01

| Total ensemble size: 30
| Next sampling location (x_next, i_next):
  1.7724518073E+02  1.3932453133E+02  1.0000000000E+00

Iteration time [s]:    0.001        Total time [s]:    0.169

--------------------------------------------------------------------------------
                              INITIAL DATAPOINT 31                              
--------------------------------------------------------------------------------
| Data point added to dataset (x i y): 
  1.7724518073E+02  1.3932453133E+02  1.0000000000E+00       2.5599200000E+01

| Total ensemble size: 31
| Next sampling location (x_next, i_next):
  1.4932179831E+02  6.3697763913E+01  1.0000000000E+00

Iteration time [s]:    0.001        Total time [s]:    0.171

--------------------------------------------------------------------------------
                              INITIAL DATAPOINT 32                              
--------------------------------------------------------------------------------
| Data point added to dataset (x i y): 
  1.4932179831E+02  6.3697763913E+01  1.0000000000E+00       2.9918600000E+01

| Total ensemble size: 32
| Best acquisition, x_best i_best y_best:
  2.4712139611E+02  6.2701691777E+01  0.0000000000E+00      -2.0299275879E+05
| Global minimum prediction, x_hat mu_hat +- nu_hat:
  2.8944230529E+02  5.3873853275E+01  0.0000000000E+00      -2.0299284794E+05  1.0422366088E-02

| GP model hyperparameters (lengthscales W kappa):
  5.9002335841E-01  3.4290975039E-01 -2.1469029056E-02  6.0235172888E+00  4.4834273852E-02  6.9708457503E-06
| Next sampling location (x_next, i_next):
 -2.5503683389E+00  3.2775717105E+01  0.0000000000E+00

Iteration time [s]:    1.369        Total time [s]:    1.540

--------------------------------------------------------------------------------
                                 BO ITERATION 1                                 
--------------------------------------------------------------------------------
| Evaluating objective function at -2.550E+00 3.278E+01 0.000E+00
| Objective function evaluated, time [s]       25.875
| Data point added to dataset (x i y): 
 -2.5503683389E+00  3.2775717105E+01  0.0000000000E+00      -2.0299319791E+05

| Total ensemble size: 33
| Best acquisition, x_best i_best y_best:
 -2.5503683389E+00  3.2775717105E+01  0.0000000000E+00      -2.0299319791E+05
| Global minimum prediction, x_hat mu_hat +- nu_hat:
 -1.8415591546E+01  1.9730682065E+01  0.0000000000E+00      -2.0299322121E+05  1.2626094038E-02
| Global minimum convergence, d_xhat d_muhat:
  3.0974544514E+02  1.8023155118E-02

| GP model hyperparameters (lengthscales W kappa):
  6.2341046414E-01  3.2691200236E-01  7.3028599936E-02  6.0205926578E+00  8.0753392007E-02  6.9708418182E-06
| Next sampling location (x_next, i_next):
  2.8999643468E+02 -1.0174448829E+01  0.0000000000E+00

Iteration time [s]:   27.108        Total time [s]:   28.649

--------------------------------------------------------------------------------
                                 BO ITERATION 2                                 
--------------------------------------------------------------------------------
| Evaluating objective function at 2.900E+02 -1.017E+01 0.000E+00
| Objective function evaluated, time [s]       23.477
| Data point added to dataset (x i y): 
  2.8999643468E+02 -1.0174448829E+01  0.0000000000E+00      -2.0300870173E+05

| Total ensemble size: 34
| Best acquisition, x_best i_best y_best:
  2.8999643468E+02 -1.0174448829E+01  0.0000000000E+00      -2.0300870173E+05
| Global minimum prediction, x_hat mu_hat +- nu_hat:
  2.1286554978E+02  1.0125835750E+01  0.0000000000E+00      -2.0301000573E+05  1.0768626328E+00
| Global minimum convergence, d_xhat d_muhat:
  2.3148049465E+02  7.5891787778E-01

| GP model hyperparameters (lengthscales W kappa):
  5.8168898875E-01  3.7364285600E-01  7.9144370903E+00  6.3984761286E+00  1.6029085377E-09  2.1672361382E-09
| Next sampling location (x_next, i_next):
  1.8373083200E+02  1.8232698326E+02  0.0000000000E+00

Iteration time [s]:   24.970        Total time [s]:   53.619

--------------------------------------------------------------------------------
                                 BO ITERATION 3                                 
--------------------------------------------------------------------------------
| Evaluating objective function at 1.837E+02 1.823E+02 0.000E+00
| Objective function evaluated, time [s]       21.647
| Data point added to dataset (x i y): 
  1.8373083200E+02  1.8232698326E+02  0.0000000000E+00      -2.0300791245E+05

| Total ensemble size: 35
| Best acquisition, x_best i_best y_best:
  2.8999643468E+02 -1.0174448829E+01  0.0000000000E+00      -2.0300870173E+05
| Global minimum prediction, x_hat mu_hat +- nu_hat:
  1.9984584350E+02  1.2952494545E+01  0.0000000000E+00      -2.0300921957E+05  1.5115773089E-01
| Global minimum convergence, d_xhat d_muhat:
  1.3323015856E+01  3.7958766078E-02

| GP model hyperparameters (lengthscales W kappa):
  5.9967387178E-01  4.0021962832E-01  7.0073799482E+00  6.9095298080E+00  1.7351606063E-09  2.2152291690E-13
| Next sampling location (x_next, i_next):
 -9.3608509168E+00  1.9003382013E+02  0.0000000000E+00

Iteration time [s]:   22.958        Total time [s]:   76.578

--------------------------------------------------------------------------------
                                 BO ITERATION 4                                 
--------------------------------------------------------------------------------
| Evaluating objective function at -9.361E+00 1.900E+02 0.000E+00
| Objective function evaluated, time [s]       23.656
| Data point added to dataset (x i y): 
 -9.3608509168E+00  1.9003382013E+02  0.0000000000E+00      -2.0300726660E+05

| Total ensemble size: 36
| Best acquisition, x_best i_best y_best:
  2.8999643468E+02 -1.0174448829E+01  0.0000000000E+00      -2.0300870173E+05
| Global minimum prediction, x_hat mu_hat +- nu_hat:
  5.7094483771E+01  1.8013806378E+02  0.0000000000E+00      -2.0301133475E+05  2.2124182756E+00
| Global minimum convergence, d_xhat d_muhat:
  2.1983849814E+02  1.0212903218E-01

| GP model hyperparameters (lengthscales W kappa):
  6.3135490309E-01  3.9074022934E-01  7.1131108881E+00  6.7112185377E+00  2.0367736052E+00  5.0660062449E-01
| Next sampling location (x_next, i_next):
  2.4042625076E+02  1.6236057394E+02  0.0000000000E+00

Iteration time [s]:   25.014        Total time [s]:  101.593

--------------------------------------------------------------------------------
                                 BO ITERATION 5                                 
--------------------------------------------------------------------------------
| Evaluating objective function at 2.404E+02 1.624E+02 0.000E+00
| Objective function evaluated, time [s]       21.618
| Data point added to dataset (x i y): 
  2.4042625076E+02  1.6236057394E+02  0.0000000000E+00      -2.0300500108E+05

| Total ensemble size: 37
| Best acquisition, x_best i_best y_best:
  2.8999643468E+02 -1.0174448829E+01  0.0000000000E+00      -2.0300870173E+05
| Global minimum prediction, x_hat mu_hat +- nu_hat:
  5.8520544870E+01  1.8021478974E+02  0.0000000000E+00      -2.0301143564E+05  3.1005672555E+00
| Global minimum convergence, d_xhat d_muhat:
  1.4281236403E+00  4.8712445287E-03

| GP model hyperparameters (lengthscales W kappa):
  6.3448179259E-01  3.9647793754E-01  7.0257998109E+00  6.7411155062E+00  3.1020083371E+00  7.8705577662E-01
| Next sampling location (x_next, i_next):
  6.4290432416E+01  1.8012378387E+02  0.0000000000E+00

Iteration time [s]:   22.971        Total time [s]:  124.564

--------------------------------------------------------------------------------
                                 BO ITERATION 6                                 
--------------------------------------------------------------------------------
| Evaluating objective function at 6.429E+01 1.801E+02 0.000E+00
| Objective function evaluated, time [s]       23.930
| Data point added to dataset (x i y): 
  6.4290432416E+01  1.8012378387E+02  0.0000000000E+00      -2.0300963482E+05

| Total ensemble size: 38
| Best acquisition, x_best i_best y_best:
  6.4290432416E+01  1.8012378387E+02  0.0000000000E+00      -2.0300963482E+05
| Global minimum prediction, x_hat mu_hat +- nu_hat:
  5.4695154003E+01  1.8079754914E+02  0.0000000000E+00      -2.0300969812E+05  8.3457133156E-02
| Global minimum convergence, d_xhat d_muhat:
  3.8695250093E+00  8.3894050362E-02

| GP model hyperparameters (lengthscales W kappa):
  6.5679495457E-01  3.9251564733E-01  6.6191050119E+00  6.8240090959E+00  5.3864264360E+00  1.7281513513E+00
| Next sampling location (x_next, i_next):
  1.7012064003E+02  1.9889321985E+01  0.0000000000E+00

Iteration time [s]:   25.163        Total time [s]:  149.727

--------------------------------------------------------------------------------
                                 BO ITERATION 7                                 
--------------------------------------------------------------------------------
| Evaluating objective function at 1.701E+02 1.989E+01 0.000E+00
| Objective function evaluated, time [s]       22.903
| Data point added to dataset (x i y): 
  1.7012064003E+02  1.9889321985E+01  0.0000000000E+00      -2.0300518389E+05

| Total ensemble size: 39
| Best acquisition, x_best i_best y_best:
  6.4290432416E+01  1.8012378387E+02  0.0000000000E+00      -2.0300963482E+05
| Global minimum prediction, x_hat mu_hat +- nu_hat:
  5.6565751378E+01  1.8105072293E+02  0.0000000000E+00      -2.0300968129E+05  6.1341004886E-02
| Global minimum convergence, d_xhat d_muhat:
  1.8876523806E+00  8.1227181521E-04

| GP model hyperparameters (lengthscales W kappa):
  6.4651881260E-01  4.2589413115E-01  6.8491996644E+00  6.9163918044E+00  2.8419715873E+00  5.6746650001E+00
| Next sampling location (x_next, i_next):
  1.2695661177E+02  1.5644548272E+02  0.0000000000E+00

Iteration time [s]:   24.291        Total time [s]:  174.019

--------------------------------------------------------------------------------
                                 BO ITERATION 8                                 
--------------------------------------------------------------------------------
| Evaluating objective function at 1.270E+02 1.564E+02 0.000E+00
| Objective function evaluated, time [s]       22.771
| Data point added to dataset (x i y): 
  1.2695661177E+02  1.5644548272E+02  0.0000000000E+00      -2.0300508377E+05

| Total ensemble size: 40
| Best acquisition, x_best i_best y_best:
  6.4290432416E+01  1.8012378387E+02  0.0000000000E+00      -2.0300963482E+05
| Global minimum prediction, x_hat mu_hat +- nu_hat:
  5.4416804860E+01  1.8220553040E+02  0.0000000000E+00      -2.0300975360E+05  7.7748693691E-02
| Global minimum convergence, d_xhat d_muhat:
  2.4395801780E+00  3.4914162751E-03

| GP model hyperparameters (lengthscales W kappa):
  6.5489482722E-01  4.4833035891E-01  7.1866068375E+00  7.1871201083E+00  1.7130391825E+00  7.1738106511E+00
| Next sampling location (x_next, i_next):
  5.1148934421E+01  2.2629673798E+02  0.0000000000E+00

Iteration time [s]:   24.080        Total time [s]:  198.099

--------------------------------------------------------------------------------
                                 BO ITERATION 9                                 
--------------------------------------------------------------------------------
| Evaluating objective function at 5.115E+01 2.263E+02 0.000E+00
| Objective function evaluated, time [s]       21.716
| Data point added to dataset (x i y): 
  5.1148934421E+01  2.2629673798E+02  0.0000000000E+00      -2.0299988779E+05

| Total ensemble size: 41
| Best acquisition, x_best i_best y_best:
  6.4290432416E+01  1.8012378387E+02  0.0000000000E+00      -2.0300963482E+05
| Global minimum prediction, x_hat mu_hat +- nu_hat:
  4.4950906157E+01  1.7815464173E+02  0.0000000000E+00      -2.0300989328E+05  2.7509499674E-01
| Global minimum convergence, d_xhat d_muhat:
  1.0296258413E+01  6.7440268238E-03

| GP model hyperparameters (lengthscales W kappa):
  7.0162753167E-01  3.7874805856E-01  6.7233930710E+00  6.5663493007E+00  1.5539305085E+00  6.9038814330E+00
| Next sampling location (x_next, i_next):
 -1.3508770944E+01  1.5422839957E+02  0.0000000000E+00

Iteration time [s]:   23.116        Total time [s]:  221.216

--------------------------------------------------------------------------------
                                BO ITERATION 10                                 
--------------------------------------------------------------------------------
| Evaluating objective function at -1.351E+01 1.542E+02 0.000E+00
| Objective function evaluated, time [s]       23.470
| Data point added to dataset (x i y): 
 -1.3508770944E+01  1.5422839957E+02  0.0000000000E+00      -2.0300454675E+05

| Total ensemble size: 42
| Best acquisition, x_best i_best y_best:
  6.4290432416E+01  1.8012378387E+02  0.0000000000E+00      -2.0300963482E+05
| Global minimum prediction, x_hat mu_hat +- nu_hat:
  5.0402745557E+01  1.8087626511E+02  0.0000000000E+00      -2.0300977293E+05  9.6154618537E-02
| Global minimum convergence, d_xhat d_muhat:
  6.0934215907E+00  5.8106926450E-03

| GP model hyperparameters (lengthscales W kappa):
  7.4457312542E-01  3.5657214655E-01  6.4916684168E+00  6.4800775265E+00  1.8333378750E+00  7.3475810999E+00
| Next sampling location (x_next, i_next):
  2.2298790727E+02 -4.8703392833E+00  0.0000000000E+00

Iteration time [s]:   24.970        Total time [s]:  246.186

--------------------------------------------------------------------------------
                                BO ITERATION 11                                 
--------------------------------------------------------------------------------
| Evaluating objective function at 2.230E+02 -4.870E+00 0.000E+00
| Objective function evaluated, time [s]       22.966
| Data point added to dataset (x i y): 
  2.2298790727E+02 -4.8703392833E+00  0.0000000000E+00      -2.0301140995E+05

| Total ensemble size: 43
| Best acquisition, x_best i_best y_best:
  2.2298790727E+02 -4.8703392833E+00  0.0000000000E+00      -2.0301140995E+05
| Global minimum prediction, x_hat mu_hat +- nu_hat:
  2.2653688736E+02 -2.1199155652E+00  0.0000000000E+00      -2.0301150741E+05  7.9625013175E-02
| Global minimum convergence, d_xhat d_muhat:
  2.5398983848E+02  8.1771939762E-02

| GP model hyperparameters (lengthscales W kappa):
  6.8186269511E-01  3.8142549882E-01  6.8203853140E+00  6.3652465682E+00  3.1928231437E+00  9.2843938620E+00
| Next sampling location (x_next, i_next):
  1.9749317251E+02 -1.7621511116E+01  0.0000000000E+00

Iteration time [s]:   24.543        Total time [s]:  270.730

--------------------------------------------------------------------------------
                                BO ITERATION 12                                 
--------------------------------------------------------------------------------
| Evaluating objective function at 1.975E+02 -1.762E+01 0.000E+00
| Objective function evaluated, time [s]       22.916
| Data point added to dataset (x i y): 
  1.9749317251E+02 -1.7621511116E+01  0.0000000000E+00      -2.0300475786E+05

| Total ensemble size: 44
| Best acquisition, x_best i_best y_best:
  2.2298790727E+02 -4.8703392833E+00  0.0000000000E+00      -2.0301140995E+05
| Global minimum prediction, x_hat mu_hat +- nu_hat:
  2.2849112623E+02  3.8797311141E+00  0.0000000000E+00      -2.0301229330E+05  1.8562617160E-01
| Global minimum convergence, d_xhat d_muhat:
  6.3098977652E+00  3.6872916756E-02

| GP model hyperparameters (lengthscales W kappa):
  6.7307651326E-01  4.0342951325E-01  7.3520223090E+00  7.0395926700E+00  1.0529769983E+01  3.0661407327E+00
| Next sampling location (x_next, i_next):
  2.2121668150E+02  1.5560399955E+01  0.0000000000E+00

Iteration time [s]:   24.491        Total time [s]:  295.222

--------------------------------------------------------------------------------
                                BO ITERATION 13                                 
--------------------------------------------------------------------------------
| Evaluating objective function at 2.212E+02 1.556E+01 0.000E+00
| Objective function evaluated, time [s]       22.927
| Data point added to dataset (x i y): 
  2.2121668150E+02  1.5560399955E+01  0.0000000000E+00      -2.0301101087E+05

| Total ensemble size: 45
| Best acquisition, x_best i_best y_best:
  2.2298790727E+02 -4.8703392833E+00  0.0000000000E+00      -2.0301140995E+05
| Global minimum prediction, x_hat mu_hat +- nu_hat:
  2.3077687628E+02  2.3621106049E+00  0.0000000000E+00      -2.0301219500E+05  4.2101091443E-02
| Global minimum convergence, d_xhat d_muhat:
  2.7436882722E+00  4.5055396297E-03

| GP model hyperparameters (lengthscales W kappa):
  6.9269336063E-01  4.1141414576E-01  7.3120646736E+00  7.4057663858E+00  1.3845344883E+01  1.3796027551E+00
| Next sampling location (x_next, i_next):
  2.8970578042E+02  1.8560357059E+02  0.0000000000E+00

Iteration time [s]:   24.423        Total time [s]:  319.646

--------------------------------------------------------------------------------
                                BO ITERATION 14                                 
--------------------------------------------------------------------------------
| Evaluating objective function at 2.897E+02 1.856E+02 0.000E+00
| Objective function evaluated, time [s]       22.783
| Data point added to dataset (x i y): 
  2.8970578042E+02  1.8560357059E+02  0.0000000000E+00      -2.0300817168E+05

| Total ensemble size: 46
| Best acquisition, x_best i_best y_best:
  2.2298790727E+02 -4.8703392833E+00  0.0000000000E+00      -2.0301140995E+05
| Global minimum prediction, x_hat mu_hat +- nu_hat:
  2.3084278848E+02  2.3256351827E+00  0.0000000000E+00      -2.0301218753E+05  4.6466675379E-02
| Global minimum convergence, d_xhat d_muhat:
  7.5331760113E-02  3.3815914258E-04

| GP model hyperparameters (lengthscales W kappa):
  6.7322601003E-01  4.2140786438E-01  7.3464247437E+00  7.3746592017E+00  1.4482679373E+01  1.7512801647E+00
| Next sampling location (x_next, i_next):
  2.1811512936E+02  2.1588701122E+02  0.0000000000E+00

Iteration time [s]:   24.413        Total time [s]:  344.059

--------------------------------------------------------------------------------
                                BO ITERATION 15                                 
--------------------------------------------------------------------------------
| Evaluating objective function at 2.181E+02 2.159E+02 0.000E+00
| Objective function evaluated, time [s]       21.636
| Data point added to dataset (x i y): 
  2.1811512936E+02  2.1588701122E+02  0.0000000000E+00      -2.0300056746E+05

| Total ensemble size: 47
| Best acquisition, x_best i_best y_best:
  2.2298790727E+02 -4.8703392833E+00  0.0000000000E+00      -2.0301140995E+05
| Global minimum prediction, x_hat mu_hat +- nu_hat:
  2.2964441969E+02  2.5518564599E+00  0.0000000000E+00      -2.0301215130E+05  3.4954160660E-02
| Global minimum convergence, d_xhat d_muhat:
  1.2195342628E+00  1.6564410112E-03

| GP model hyperparameters (lengthscales W kappa):
  6.6575866514E-01  4.3941168853E-01  7.7572636127E+00  7.6381630514E+00  1.3303051619E+01  1.0125472359E+00
| Next sampling location (x_next, i_next):
  1.3316570867E+02  1.9274973521E+02  0.0000000000E+00

Iteration time [s]:   23.281        Total time [s]:  367.341

--------------------------------------------------------------------------------
                                BO ITERATION 16                                 
--------------------------------------------------------------------------------
| Evaluating objective function at 1.332E+02 1.927E+02 0.000E+00
| Objective function evaluated, time [s]       21.633
| Data point added to dataset (x i y): 
  1.3316570867E+02  1.9274973521E+02  0.0000000000E+00      -2.0300681761E+05

| Total ensemble size: 48
| Best acquisition, x_best i_best y_best:
  2.2298790727E+02 -4.8703392833E+00  0.0000000000E+00      -2.0301140995E+05
| Global minimum prediction, x_hat mu_hat +- nu_hat:
  2.2976822272E+02  2.5285888336E+00  0.0000000000E+00      -2.0301215322E+05  3.3043733481E-02
| Global minimum convergence, d_xhat d_muhat:
  1.2597051937E-01  8.7093381374E-05

| GP model hyperparameters (lengthscales W kappa):
  6.7709975137E-01  4.4731242594E-01  7.9196045835E+00  7.8373175126E+00  1.3195038710E+01  9.6683951573E-01
| Next sampling location (x_next, i_next):
  3.2951687674E+01  1.7895546471E+02  0.0000000000E+00

Iteration time [s]:   23.628        Total time [s]:  390.969

--------------------------------------------------------------------------------
                                BO ITERATION 17                                 
--------------------------------------------------------------------------------
| Evaluating objective function at 3.295E+01 1.790E+02 0.000E+00
| Objective function evaluated, time [s]       22.749
| Data point added to dataset (x i y): 
  3.2951687674E+01  1.7895546471E+02  0.0000000000E+00      -2.0300896262E+05

| Total ensemble size: 49
| Best acquisition, x_best i_best y_best:
  2.2298790727E+02 -4.8703392833E+00  0.0000000000E+00      -2.0301140995E+05
| Global minimum prediction, x_hat mu_hat +- nu_hat:
  2.3012105474E+02  2.4759851928E+00  0.0000000000E+00      -2.0301216414E+05  3.2842770766E-02
| Global minimum convergence, d_xhat d_muhat:
  3.5673179941E-01  4.9017298401E-04

| GP model hyperparameters (lengthscales W kappa):
  6.9492833915E-01  4.5279608040E-01  8.0494542241E+00  8.0475758796E+00  1.3835422861E+01  8.9355677843E-01
| Next sampling location (x_next, i_next):
  2.4892709979E+02  1.8110705767E+00  0.0000000000E+00

Iteration time [s]:   24.719        Total time [s]:  415.688

--------------------------------------------------------------------------------
                                BO ITERATION 18                                 
--------------------------------------------------------------------------------
| Evaluating objective function at 2.489E+02 1.811E+00 0.000E+00
| Objective function evaluated, time [s]       22.950
| Data point added to dataset (x i y): 
  2.4892709979E+02  1.8110705767E+00  0.0000000000E+00      -2.0301211848E+05

| Total ensemble size: 50
| Best acquisition, x_best i_best y_best:
  2.4892709979E+02  1.8110705767E+00  0.0000000000E+00      -2.0301211848E+05
| Global minimum prediction, x_hat mu_hat +- nu_hat:
  2.3641317703E+02  1.6587417860E+00  0.0000000000E+00      -2.0301240648E+05  3.3309772715E-03
| Global minimum convergence, d_xhat d_muhat:
  6.3449735828E+00  1.0690320906E-02

| GP model hyperparameters (lengthscales W kappa):
  7.1497179678E-01  4.5929425918E-01  7.8965363252E+00  8.2341039645E+00  1.6044618441E+01  1.7836193081E+00
| Next sampling location (x_next, i_next):
  2.4826514027E+02 -9.6986642008E+00  0.0000000000E+00

Iteration time [s]:   24.607        Total time [s]:  440.295

--------------------------------------------------------------------------------
                                BO ITERATION 19                                 
--------------------------------------------------------------------------------
| Evaluating objective function at 2.483E+02 -9.699E+00 0.000E+00
| Objective function evaluated, time [s]       22.953
| Data point added to dataset (x i y): 
  2.4826514027E+02 -9.6986642008E+00  0.0000000000E+00      -2.0301170919E+05

| Total ensemble size: 51
| Best acquisition, x_best i_best y_best:
  2.4892709979E+02  1.8110705767E+00  0.0000000000E+00      -2.0301211848E+05
| Global minimum prediction, x_hat mu_hat +- nu_hat:
  2.3778616525E+02  7.8574424693E-01  0.0000000000E+00      -2.0301240255E+05  2.9358863908E-03
| Global minimum convergence, d_xhat d_muhat:
  1.6270283776E+00  1.7092545186E-04

| GP model hyperparameters (lengthscales W kappa):
  7.1435600019E-01  4.7735109661E-01  8.3386187635E+00  8.1832581095E+00  1.1387257168E+01  7.6232238548E+00
| Next sampling location (x_next, i_next):
  2.3659478006E+02  1.3948329098E+00  0.0000000000E+00

Iteration time [s]:   24.640        Total time [s]:  464.936

--------------------------------------------------------------------------------
                                BO ITERATION 20                                 
--------------------------------------------------------------------------------
| Evaluating objective function at 2.366E+02 1.395E+00 0.000E+00
| Objective function evaluated, time [s]       22.886
| Data point added to dataset (x i y): 
  2.3659478006E+02  1.3948329098E+00  0.0000000000E+00      -2.0301237131E+05

| Total ensemble size: 52
| Best acquisition, x_best i_best y_best:
  2.3659478006E+02  1.3948329098E+00  0.0000000000E+00      -2.0301237131E+05
| Global minimum prediction, x_hat mu_hat +- nu_hat:
  2.3804595735E+02  6.9668951683E-01  0.0000000000E+00      -2.0301237559E+05  9.9698796045E-06
| Global minimum convergence, d_xhat d_muhat:
  2.7463190109E-01  1.1554083571E-03

| GP model hyperparameters (lengthscales W kappa):
  7.3312511840E-01  4.9568577153E-01  8.7500663855E+00  8.5728542344E+00  1.2184881720E+01  8.4355806948E+00
| Next sampling location (x_next, i_next):
  2.3944623336E+02 -3.2227308650E-01  0.0000000000E+00

Iteration time [s]:   24.721        Total time [s]:  489.657

--------------------------------------------------------------------------------
                                BO ITERATION 21                                 
--------------------------------------------------------------------------------
| Evaluating objective function at 2.394E+02 -3.223E-01 0.000E+00
| Objective function evaluated, time [s]       22.920
| Data point added to dataset (x i y): 
  2.3944623336E+02 -3.2227308650E-01  0.0000000000E+00      -2.0301236659E+05

| Total ensemble size: 53
| Best acquisition, x_best i_best y_best:
  2.3659478006E+02  1.3948329098E+00  0.0000000000E+00      -2.0301237131E+05
| Global minimum prediction, x_hat mu_hat +- nu_hat:
  2.3792159393E+02  7.8731046114E-01  0.0000000000E+00      -2.0301237472E+05  1.9058463421E-07
| Global minimum convergence, d_xhat d_muhat:
  1.5387792592E-01  3.6980085432E-05

| GP model hyperparameters (lengthscales W kappa):
  7.4397850944E-01  5.1433469774E-01  9.0058158975E+00  8.9800748600E+00  1.2745867046E+01  9.0057764702E+00
| Next sampling location (x_next, i_next):
  5.8678686370E+01  1.5903762379E+02  0.0000000000E+00

Iteration time [s]:   24.819        Total time [s]:  514.476

--------------------------------------------------------------------------------
                                BO ITERATION 22                                 
--------------------------------------------------------------------------------
| Evaluating objective function at 5.868E+01 1.590E+02 0.000E+00
| Objective function evaluated, time [s]       23.712
| Acquisition location too confident, doing pure exploration
| Data point added to dataset (x i y): 
  5.8678686370E+01  1.5903762379E+02  0.0000000000E+00      -2.0300729520E+05

| Total ensemble size: 54
| Best acquisition, x_best i_best y_best:
  2.3659478006E+02  1.3948329098E+00  0.0000000000E+00      -2.0301237131E+05
| Global minimum prediction, x_hat mu_hat +- nu_hat:
  2.3792312487E+02  7.8783070323E-01  0.0000000000E+00      -2.0301237472E+05  1.7712019043E-07
| Global minimum convergence, d_xhat d_muhat:
  1.6169188175E-03  1.5723470110E-07

| GP model hyperparameters (lengthscales W kappa):
  7.5417096495E-01  5.2133453580E-01  9.1503320522E+00  9.1920579016E+00  1.2721356485E+01  8.9857065756E+00
| Next sampling location (x_next, i_next):
  6.9345341751E+01 -2.3393524961E+01  0.0000000000E+00

Iteration time [s]:   26.048        Total time [s]:  540.525

--------------------------------------------------------------------------------
                                BO ITERATION 23                                 
--------------------------------------------------------------------------------
| Evaluating objective function at 6.935E+01 -2.339E+01 0.000E+00
| Objective function evaluated, time [s]       22.961
| Data point added to dataset (x i y): 
  6.9345341751E+01 -2.3393524961E+01  0.0000000000E+00      -2.0300185555E+05

| Total ensemble size: 55
| Best acquisition, x_best i_best y_best:
  2.3659478006E+02  1.3948329098E+00  0.0000000000E+00      -2.0301237131E+05
| Global minimum prediction, x_hat mu_hat +- nu_hat:
  2.3789945551E+02  7.8140410724E-01  0.0000000000E+00      -2.0301237465E+05  2.1673988284E-07
| Global minimum convergence, d_xhat d_muhat:
  2.4526299605E-02  3.0330528159E-06

| GP model hyperparameters (lengthscales W kappa):
  6.7632458170E-01  5.2177063456E-01  8.5970402278E+00  8.5968517174E+00  1.4888544031E+01  6.6277117432E+00
| Next sampling location (x_next, i_next):
  8.7726999395E+01  3.2377817763E+01  0.0000000000E+00

Iteration time [s]:   25.117        Total time [s]:  565.642

--------------------------------------------------------------------------------
                                BO ITERATION 24                                 
--------------------------------------------------------------------------------
| Evaluating objective function at 8.773E+01 3.238E+01 0.000E+00
| Objective function evaluated, time [s]       22.796
| Data point added to dataset (x i y): 
  8.7726999395E+01  3.2377817763E+01  0.0000000000E+00      -2.0299300070E+05

| Total ensemble size: 56
| Best acquisition, x_best i_best y_best:
  2.3659478006E+02  1.3948329098E+00  0.0000000000E+00      -2.0301237131E+05
| Global minimum prediction, x_hat mu_hat +- nu_hat:
  2.3788701713E+02  7.7497663001E-01  0.0000000000E+00      -2.0301237452E+05  3.5855247473E-07
| Global minimum convergence, d_xhat d_muhat:
  1.4000919931E-02  5.7577237903E-06

| GP model hyperparameters (lengthscales W kappa):
  6.3878178181E-01  4.5986002048E-01  7.4405670775E+00  7.4403787977E+00  1.6685991748E+01  7.4573611588E+00
| Next sampling location (x_next, i_next):
 -5.0000000000E+01  2.2758328008E+02  0.0000000000E+00

Iteration time [s]:   24.946        Total time [s]:  590.589

--------------------------------------------------------------------------------
                                BO ITERATION 25                                 
--------------------------------------------------------------------------------
| Evaluating objective function at -5.000E+01 2.276E+02 0.000E+00
| Objective function evaluated, time [s]       22.918
| Data point added to dataset (x i y): 
 -5.0000000000E+01  2.2758328008E+02  0.0000000000E+00      -2.0299889665E+05

| Total ensemble size: 57
| Best acquisition, x_best i_best y_best:
  2.3659478006E+02  1.3948329098E+00  0.0000000000E+00      -2.0301237131E+05
| Global minimum prediction, x_hat mu_hat +- nu_hat:
  2.3787574414E+02  7.7261516259E-01  0.0000000000E+00      -2.0301237448E+05  3.4037726051E-07
| Global minimum convergence, d_xhat d_muhat:
  1.1517677722E-02  1.6594376999E-06

| GP model hyperparameters (lengthscales W kappa):
  6.5126337867E-01  4.4958719844E-01  7.2779486749E+00  7.2651450962E+00  1.5851707530E+01  8.3821589214E+00
| Next sampling location (x_next, i_next):
  5.6603240101E+01  2.9235545867E+02  0.0000000000E+00

Iteration time [s]:   25.171        Total time [s]:  615.761

--------------------------------------------------------------------------------
                                BO ITERATION 26                                 
--------------------------------------------------------------------------------
| Evaluating objective function at 5.660E+01 2.924E+02 0.000E+00
| Objective function evaluated, time [s]       23.434
| Data point added to dataset (x i y): 
  5.6603240101E+01  2.9235545867E+02  0.0000000000E+00      -2.0299177637E+05

| Total ensemble size: 58
| Best acquisition, x_best i_best y_best:
  2.3659478006E+02  1.3948329098E+00  0.0000000000E+00      -2.0301237131E+05
| Global minimum prediction, x_hat mu_hat +- nu_hat:
  2.3787156368E+02  7.7206880006E-01  0.0000000000E+00      -2.0301237443E+05  3.3855190464E-07
| Global minimum convergence, d_xhat d_muhat:
  4.2160131955E-03  2.1272186336E-06

| GP model hyperparameters (lengthscales W kappa):
  5.7225815435E-01  5.0918296064E-01  8.9412444687E+00  8.0648801421E+00  1.3048392950E+01  4.7973956407E+00
| Next sampling location (x_next, i_next):
  2.3850717578E+02  1.1561429535E+00  0.0000000000E+00

Iteration time [s]:   25.595        Total time [s]:  641.357

--------------------------------------------------------------------------------
                                BO ITERATION 27                                 
--------------------------------------------------------------------------------
| Evaluating objective function at 2.385E+02 1.156E+00 0.000E+00
| Objective function evaluated, time [s]       23.054
| Data point added to dataset (x i y): 
  2.3850717578E+02  1.1561429535E+00  0.0000000000E+00      -2.0301236826E+05

| Total ensemble size: 59
| Best acquisition, x_best i_best y_best:
  2.3659478006E+02  1.3948329098E+00  0.0000000000E+00      -2.0301237131E+05
| Global minimum prediction, x_hat mu_hat +- nu_hat:
  2.3734868130E+02  7.4616827284E-01  0.0000000000E+00      -2.0301237387E+05  1.3436959092E-07
| Global minimum convergence, d_xhat d_muhat:
  5.2352346451E-01  2.3968090995E-05

| GP model hyperparameters (lengthscales W kappa):
  5.7038062879E-01  4.7667371523E-01  7.8886725901E+00  7.8169499682E+00  2.1356680571E+01  4.5367794567E-03
| Next sampling location (x_next, i_next):
  2.9053059014E+02  1.3830601315E+02  0.0000000000E+00

Iteration time [s]:   25.758        Total time [s]:  667.115

--------------------------------------------------------------------------------
                                BO ITERATION 28                                 
--------------------------------------------------------------------------------
| Evaluating objective function at 2.905E+02 1.383E+02 0.000E+00
| Objective function evaluated, time [s]       22.800
| Data point added to dataset (x i y): 
  2.9053059014E+02  1.3830601315E+02  0.0000000000E+00      -2.0300043873E+05

| Total ensemble size: 60
| Best acquisition, x_best i_best y_best:
  2.3659478006E+02  1.3948329098E+00  0.0000000000E+00      -2.0301237131E+05
| Global minimum prediction, x_hat mu_hat +- nu_hat:
  2.3734883788E+02  7.5775986714E-01  0.0000000000E+00      -2.0301237375E+05  1.1377841771E-07
| Global minimum convergence, d_xhat d_muhat:
  1.1592651803E-02  4.9868890496E-06

| GP model hyperparameters (lengthscales W kappa):
  6.0285667448E-01  4.4084736715E-01  7.2177032997E+00  7.2164754092E+00  1.9854200964E+01  4.0866114193E+00
| Next sampling location (x_next, i_next):
  1.8104544685E+02  1.5191024033E+02  0.0000000000E+00

Iteration time [s]:   25.284        Total time [s]:  692.400

--------------------------------------------------------------------------------
                                BO ITERATION 29                                 
--------------------------------------------------------------------------------
| Evaluating objective function at 1.810E+02 1.519E+02 0.000E+00
| Objective function evaluated, time [s]       21.844
| Acquisition location too confident, doing pure exploration
| Data point added to dataset (x i y): 
  1.8104544685E+02  1.5191024033E+02  0.0000000000E+00      -2.0300395386E+05

| Total ensemble size: 61
| Best acquisition, x_best i_best y_best:
  2.3659478006E+02  1.3948329098E+00  0.0000000000E+00      -2.0301237131E+05
| Global minimum prediction, x_hat mu_hat +- nu_hat:
  2.3734911875E+02  7.5925173292E-01  0.0000000000E+00      -2.0301237374E+05  1.0460364832E-07
| Global minimum convergence, d_xhat d_muhat:
  1.5180738718E-03  5.7304109647E-07

| GP model hyperparameters (lengthscales W kappa):
  6.1490274607E-01  4.4057831309E-01  7.2068533437E+00  7.2067051491E+00  1.9340197809E+01  5.3708682700E+00
| Next sampling location (x_next, i_next):
  1.0955542424E+02  9.6992603733E+01  0.0000000000E+00

Iteration time [s]:   24.886        Total time [s]:  717.286

--------------------------------------------------------------------------------
                                BO ITERATION 30                                 
--------------------------------------------------------------------------------
| Evaluating objective function at 1.096E+02 9.699E+01 0.000E+00
| Objective function evaluated, time [s]       22.942
| Acquisition location too confident, doing pure exploration
| Data point added to dataset (x i y): 
  1.0955542424E+02  9.6992603733E+01  0.0000000000E+00      -2.0299044359E+05

| Total ensemble size: 62
| Best acquisition, x_best i_best y_best:
  2.3659478006E+02  1.3948329098E+00  0.0000000000E+00      -2.0301237131E+05
| Global minimum prediction, x_hat mu_hat +- nu_hat:
  2.3734915612E+02  7.5568020195E-01  0.0000000000E+00      -2.0301237378E+05  1.0791965179E-07
| Global minimum convergence, d_xhat d_muhat:
  3.5717264565E-03  1.5058924257E-06

| GP model hyperparameters (lengthscales W kappa):
  5.9760429600E-01  4.5164629033E-01  7.4124783939E+00  7.4086791129E+00  1.7216942131E+01  3.3450808854E+00
| Next sampling location (x_next, i_next):
  1.9449392055E+02  2.7202684699E+02  0.0000000000E+00

Iteration time [s]:   26.051        Total time [s]:  743.337

--------------------------------------------------------------------------------
                                BO ITERATION 31                                 
--------------------------------------------------------------------------------
| Evaluating objective function at 1.945E+02 2.720E+02 0.000E+00
| Objective function evaluated, time [s]       21.990
| Acquisition location too confident, doing pure exploration
| Data point added to dataset (x i y): 
  1.9449392055E+02  2.7202684699E+02  0.0000000000E+00      -2.0298851943E+05

| Total ensemble size: 63
| Best acquisition, x_best i_best y_best:
  2.3659478006E+02  1.3948329098E+00  0.0000000000E+00      -2.0301237131E+05
| Global minimum prediction, x_hat mu_hat +- nu_hat:
  2.3735088984E+02  7.2433347317E-01  0.0000000000E+00      -2.0301237407E+05  1.3112852129E-07
| Global minimum convergence, d_xhat d_muhat:
  3.1394636260E-02  1.1503349934E-05

| GP model hyperparameters (lengthscales W kappa):
  5.4277253448E-01  5.3280853696E-01  8.9075385341E+00  8.2328512619E+00  1.6299804483E+01  2.6566715243E-04
| Next sampling location (x_next, i_next):
 -4.3137796251E+01  7.7116827986E+01  0.0000000000E+00

Iteration time [s]:   25.312        Total time [s]:  768.649

--------------------------------------------------------------------------------
                                BO ITERATION 32                                 
--------------------------------------------------------------------------------
| Evaluating objective function at -4.314E+01 7.712E+01 0.000E+00
| Objective function evaluated, time [s]       23.256
| Acquisition location too confident, doing pure exploration
| Data point added to dataset (x i y): 
 -4.3137796251E+01  7.7116827986E+01  0.0000000000E+00      -2.0298875924E+05

| Total ensemble size: 64
| Best acquisition, x_best i_best y_best:
  2.3659478006E+02  1.3948329098E+00  0.0000000000E+00      -2.0301237131E+05
| Global minimum prediction, x_hat mu_hat +- nu_hat:
  2.3735145691E+02  7.2608123233E-01  0.0000000000E+00      -2.0301237405E+05  1.2493948089E-07
| Global minimum convergence, d_xhat d_muhat:
  1.8374535928E-03  7.8088759809E-07

| GP model hyperparameters (lengthscales W kappa):
  5.3975824970E-01  5.2869402082E-01  8.7782464257E+00  8.1280700244E+00  1.4643972698E+01  2.6552604689E-04
| Next sampling location (x_next, i_next):
 -1.0320552842E+01  2.8622353719E+02  0.0000000000E+00

Iteration time [s]:   26.560        Total time [s]:  795.210

--------------------------------------------------------------------------------
                                BO ITERATION 33                                 
--------------------------------------------------------------------------------
| Evaluating objective function at -1.032E+01 2.862E+02 0.000E+00
| Objective function evaluated, time [s]       23.068
| Data point added to dataset (x i y): 
 -1.0320552842E+01  2.8622353719E+02  0.0000000000E+00      -2.0299067443E+05

| Total ensemble size: 65
| Best acquisition, x_best i_best y_best:
  2.3659478006E+02  1.3948329098E+00  0.0000000000E+00      -2.0301237131E+05
| Global minimum prediction, x_hat mu_hat +- nu_hat:
  2.3735114235E+02  7.2705700123E-01  0.0000000000E+00      -2.0301237404E+05  1.2366466775E-07
| Global minimum convergence, d_xhat d_muhat:
  1.0252181205E-03  3.1301766777E-07

| GP model hyperparameters (lengthscales W kappa):
  5.3034686489E-01  5.1878059663E-01  8.6117833624E+00  8.0094604311E+00  1.1927224320E+01  2.6530619925E-04
| Next sampling location (x_next, i_next):
 -4.3936743116E+01  1.7812058056E+02  0.0000000000E+00

Iteration time [s]:   25.568        Total time [s]:  820.778

--------------------------------------------------------------------------------
                                BO ITERATION 34                                 
--------------------------------------------------------------------------------
| Evaluating objective function at -4.394E+01 1.781E+02 0.000E+00
| Objective function evaluated, time [s]       23.336
| Acquisition location too confident, doing pure exploration
| Data point added to dataset (x i y): 
 -4.3936743116E+01  1.7812058056E+02  0.0000000000E+00      -2.0300849031E+05

| Total ensemble size: 66
| Best acquisition, x_best i_best y_best:
  2.3659478006E+02  1.3948329098E+00  0.0000000000E+00      -2.0301237131E+05
| Global minimum prediction, x_hat mu_hat +- nu_hat:
  2.3735098281E+02  7.3353329075E-01  0.0000000000E+00      -2.0301237398E+05  1.1683412096E-07
| Global minimum convergence, d_xhat d_muhat:
  6.4782543474E-03  2.4016148619E-06

| GP model hyperparameters (lengthscales W kappa):
  5.4073694963E-01  5.1145997223E-01  8.4576724940E+00  7.9700170775E+00  1.2561673009E+01  2.6535393914E-04
| Next sampling location (x_next, i_next):
  6.5179183696E+00 -1.5861215506E+01  0.0000000000E+00

Iteration time [s]:   26.678        Total time [s]:  847.456

--------------------------------------------------------------------------------
                                BO ITERATION 35                                 
--------------------------------------------------------------------------------
| Evaluating objective function at 6.518E+00 -1.586E+01 0.000E+00
| Objective function evaluated, time [s]       23.043
| Acquisition location too confident, doing pure exploration
| Data point added to dataset (x i y): 
  6.5179183696E+00 -1.5861215506E+01  0.0000000000E+00      -2.0299069816E+05

| Total ensemble size: 67
| Best acquisition, x_best i_best y_best:
  2.3659478006E+02  1.3948329098E+00  0.0000000000E+00      -2.0301237131E+05
| Global minimum prediction, x_hat mu_hat +- nu_hat:
  2.3735014063E+02  6.9443562466E-01  0.0000000000E+00      -2.0301237436E+05  1.6162680607E-07
| Global minimum convergence, d_xhat d_muhat:
  3.9106735374E-02  1.5293248919E-05

| GP model hyperparameters (lengthscales W kappa):
  5.0443953375E-01  5.2347271843E-01  8.9631792369E+00  8.1502255736E+00  1.1371459717E+01  2.6524706033E-04
| Next sampling location (x_next, i_next):
  1.5826741064E+02  1.0119954330E+02  0.0000000000E+00

Iteration time [s]:   26.677        Total time [s]:  874.133

--------------------------------------------------------------------------------
                                BO ITERATION 36                                 
--------------------------------------------------------------------------------
| Evaluating objective function at 1.583E+02 1.012E+02 0.000E+00
| Objective function evaluated, time [s]       22.828
| Acquisition location too confident, doing pure exploration
| Data point added to dataset (x i y): 
  1.5826741064E+02  1.0119954330E+02  0.0000000000E+00      -2.0299196738E+05

| Total ensemble size: 68
| Best acquisition, x_best i_best y_best:
  2.3659478006E+02  1.3948329098E+00  0.0000000000E+00      -2.0301237131E+05
| Global minimum prediction, x_hat mu_hat +- nu_hat:
  2.3735072635E+02  6.9916814075E-01  0.0000000000E+00      -2.0301237432E+05  1.6737299360E-07
| Global minimum convergence, d_xhat d_muhat:
  4.7686236479E-03  1.5604110484E-06

| GP model hyperparameters (lengthscales W kappa):
  5.0746872117E-01  4.9939576661E-01  8.4112992997E+00  7.7841794805E+00  1.1920167826E+01  2.6528996363E-04
| Next sampling location (x_next, i_next):
  1.0563489212E+02  2.5517119613E+02  0.0000000000E+00

Iteration time [s]:   26.149        Total time [s]:  900.282

--------------------------------------------------------------------------------
                                BO ITERATION 37                                 
--------------------------------------------------------------------------------
| Evaluating objective function at 1.056E+02 2.552E+02 0.000E+00
| Objective function evaluated, time [s]       22.990
| Acquisition location too confident, doing pure exploration
| Data point added to dataset (x i y): 
  1.0563489212E+02  2.5517119613E+02  0.0000000000E+00      -2.0299159087E+05

| Total ensemble size: 69
| Best acquisition, x_best i_best y_best:
  2.3659478006E+02  1.3948329098E+00  0.0000000000E+00      -2.0301237131E+05
| Global minimum prediction, x_hat mu_hat +- nu_hat:
  2.3735118548E+02  6.9799417684E-01  0.0000000000E+00      -2.0301237433E+05  1.6215010659E-07
| Global minimum convergence, d_xhat d_muhat:
  1.2605521318E-03  3.8394593500E-07

| GP model hyperparameters (lengthscales W kappa):
  5.0612785757E-01  4.9954603210E-01  8.4370700217E+00  7.7930131933E+00  1.0653077887E+01  2.6518238810E-04
| Next sampling location (x_next, i_next):
  3.4599872064E+01  8.1906981456E+01  0.0000000000E+00

Iteration time [s]:   26.302        Total time [s]:  926.585

--------------------------------------------------------------------------------
                                BO ITERATION 38                                 
--------------------------------------------------------------------------------
| Evaluating objective function at 3.460E+01 8.191E+01 0.000E+00
| Objective function evaluated, time [s]       22.837
| Acquisition location too confident, doing pure exploration
| Data point added to dataset (x i y): 
  3.4599872064E+01  8.1906981456E+01  0.0000000000E+00      -2.0299062064E+05

| Total ensemble size: 70
| Best acquisition, x_best i_best y_best:
  2.3659478006E+02  1.3948329098E+00  0.0000000000E+00      -2.0301237131E+05
| Global minimum prediction, x_hat mu_hat +- nu_hat:
  2.3735068009E+02  6.9681382213E-01  0.0000000000E+00      -2.0301237434E+05  1.6484867684E-07
| Global minimum convergence, d_xhat d_muhat:
  1.2839995709E-03  4.2246030643E-07

| GP model hyperparameters (lengthscales W kappa):
  5.0459494366E-01  4.9404290367E-01  8.2721690445E+00  7.6278828463E+00  1.0526481950E+01  2.6516935320E-04
| Next sampling location (x_next, i_next):
  2.5271363221E+02  2.5427116053E+02  0.0000000000E+00

Iteration time [s]:   26.059        Total time [s]:  952.644

--------------------------------------------------------------------------------
                                BO ITERATION 39                                 
--------------------------------------------------------------------------------
| Evaluating objective function at 2.527E+02 2.543E+02 0.000E+00
| Objective function evaluated, time [s]       22.856
| Acquisition location too confident, doing pure exploration
| Data point added to dataset (x i y): 
  2.5271363221E+02  2.5427116053E+02  0.0000000000E+00      -2.0299012920E+05

| Total ensemble size: 71
| Best acquisition, x_best i_best y_best:
  2.3659478006E+02  1.3948329098E+00  0.0000000000E+00      -2.0301237131E+05
| Global minimum prediction, x_hat mu_hat +- nu_hat:
  2.3735102357E+02  6.9579460350E-01  0.0000000000E+00      -2.0301237435E+05  1.6240769254E-07
| Global minimum convergence, d_xhat d_muhat:
  1.0755394773E-03  3.1906872118E-07

| GP model hyperparameters (lengthscales W kappa):
  5.0307442291E-01  4.9104491853E-01  8.2491896499E+00  7.5732493797E+00  9.5270863654E+00  2.6508377686E-04
| Next sampling location (x_next, i_next):
  3.0002366495E+02  2.8161231386E+02  0.0000000000E+00

Iteration time [s]:   26.696        Total time [s]:  979.341

--------------------------------------------------------------------------------
                                BO ITERATION 40                                 
--------------------------------------------------------------------------------
| Evaluating objective function at 3.000E+02 2.816E+02 0.000E+00
| Objective function evaluated, time [s]       23.576
| Acquisition location too confident, doing pure exploration
| Data point added to dataset (x i y): 
  3.0002366495E+02  2.8161231386E+02  0.0000000000E+00      -2.0299304824E+05

| Total ensemble size: 72
| Best acquisition, x_best i_best y_best:
  2.3659478006E+02  1.3948329098E+00  0.0000000000E+00      -2.0301237131E+05
| Global minimum prediction, x_hat mu_hat +- nu_hat:
  2.3735200491E+02  6.8812825683E-01  0.0000000000E+00      -2.0301237440E+05  1.6993884868E-07
| Global minimum convergence, d_xhat d_muhat:
  7.7288994847E-03  2.0541070072E-06

| GP model hyperparameters (lengthscales W kappa):
  4.9259544033E-01  5.0123405844E-01  8.4022162484E+00  7.5846834759E+00  8.8740785402E+00  1.8205474162E-04
| Next sampling location (x_next, i_next):
  2.4061759413E+02  1.1575092252E+02  0.0000000000E+00

Iteration time [s]:   27.485        Total time [s]: 1006.826

--------------------------------------------------------------------------------
                                BO ITERATION 41                                 
--------------------------------------------------------------------------------
| Evaluating objective function at 2.406E+02 1.158E+02 0.000E+00
| Objective function evaluated, time [s]       21.724
| Acquisition location too confident, doing pure exploration
| Data point added to dataset (x i y): 
  2.4061759413E+02  1.1575092252E+02  0.0000000000E+00      -2.0299180482E+05

| Total ensemble size: 73
| Best acquisition, x_best i_best y_best:
  2.3659478006E+02  1.3948329098E+00  0.0000000000E+00      -2.0301237131E+05
| Global minimum prediction, x_hat mu_hat +- nu_hat:
  2.3735214308E+02  6.8763147958E-01  0.0000000000E+00      -2.0301237440E+05  1.6799760330E-07
| Global minimum convergence, d_xhat d_muhat:
  5.1563388323E-04  1.2578207301E-07

| GP model hyperparameters (lengthscales W kappa):
  4.9004950165E-01  5.0134588692E-01  8.3837764748E+00  7.5212598984E+00  8.2336068271E+00  1.8202707445E-04
| Next sampling location (x_next, i_next):
  1.2780868845E+02 -3.0863798849E+01  0.0000000000E+00

Iteration time [s]:   25.592        Total time [s]: 1032.419

--------------------------------------------------------------------------------
                                BO ITERATION 42                                 
--------------------------------------------------------------------------------
| Evaluating objective function at 1.278E+02 -3.086E+01 0.000E+00
| Objective function evaluated, time [s]       22.919
| Acquisition location too confident, doing pure exploration
| Data point added to dataset (x i y): 
  1.2780868845E+02 -3.0863798849E+01  0.0000000000E+00      -2.0299241288E+05

| Total ensemble size: 74
| Best acquisition, x_best i_best y_best:
  2.3659478006E+02  1.3948329098E+00  0.0000000000E+00      -2.0301237131E+05
| Global minimum prediction, x_hat mu_hat +- nu_hat:
  2.3735145754E+02  6.8717902569E-01  0.0000000000E+00      -2.0301237440E+05  1.6225408741E-07
| Global minimum convergence, d_xhat d_muhat:
  8.2138218400E-04  1.4126384460E-07

| GP model hyperparameters (lengthscales W kappa):
  4.9218038364E-01  4.9469418340E-01  8.1673091684E+00  7.4317809832E+00  8.0041991621E+00  1.8201730798E-04
| Next sampling location (x_next, i_next):
  1.5387010934E+02  2.4132780581E+02  0.0000000000E+00

Iteration time [s]:   26.828        Total time [s]: 1059.247

--------------------------------------------------------------------------------
                                BO ITERATION 43                                 
--------------------------------------------------------------------------------
| Evaluating objective function at 1.539E+02 2.413E+02 0.000E+00
| Objective function evaluated, time [s]       22.846
| Acquisition location too confident, doing pure exploration
| Data point added to dataset (x i y): 
  1.5387010934E+02  2.4132780581E+02  0.0000000000E+00      -2.0299399741E+05

| Total ensemble size: 75
| Best acquisition, x_best i_best y_best:
  2.3659478006E+02  1.3948329098E+00  0.0000000000E+00      -2.0301237131E+05
| Global minimum prediction, x_hat mu_hat +- nu_hat:
  2.3735175994E+02  6.8985459669E-01  0.0000000000E+00      -2.0301237438E+05  1.5462445004E-07
| Global minimum convergence, d_xhat d_muhat:
  2.6926053252E-03  1.0626684113E-06

| GP model hyperparameters (lengthscales W kappa):
  4.9223706449E-01  4.9455387430E-01  8.1416522320E+00  7.4197762563E+00  7.6519491847E+00  1.8200274575E-04
| Next sampling location (x_next, i_next):
  1.3005622765E+02  5.4615251749E+01  0.0000000000E+00

Iteration time [s]:   26.807        Total time [s]: 1086.055

--------------------------------------------------------------------------------
                                BO ITERATION 44                                 
--------------------------------------------------------------------------------
| Evaluating objective function at 1.301E+02 5.462E+01 0.000E+00
| Objective function evaluated, time [s]       22.841
| Acquisition location too confident, doing pure exploration
| Data point added to dataset (x i y): 
  1.3005622765E+02  5.4615251749E+01  0.0000000000E+00      -2.0299310715E+05

| Total ensemble size: 76
| Best acquisition, x_best i_best y_best:
  2.3659478006E+02  1.3948329098E+00  0.0000000000E+00      -2.0301237131E+05
| Global minimum prediction, x_hat mu_hat +- nu_hat:
  2.3735156475E+02  6.8506804204E-01  0.0000000000E+00      -2.0301237442E+05  1.5679572654E-07
| Global minimum convergence, d_xhat d_muhat:
  4.7905327464E-03  1.8724719540E-06

| GP model hyperparameters (lengthscales W kappa):
  4.8662941267E-01  4.9206526124E-01  8.0590112693E+00  7.3960517921E+00  6.8920395243E+00  1.8197255182E-04
| Next sampling location (x_next, i_next):
 -2.1208355225E+01  1.0925985404E+02  0.0000000000E+00

Iteration time [s]:   26.857        Total time [s]: 1112.913

--------------------------------------------------------------------------------
                                BO ITERATION 45                                 
--------------------------------------------------------------------------------
| Evaluating objective function at -2.121E+01 1.093E+02 0.000E+00
| Objective function evaluated, time [s]       22.770
| Acquisition location too confident, doing pure exploration
| Data point added to dataset (x i y): 
 -2.1208355225E+01  1.0925985404E+02  0.0000000000E+00      -2.0299211474E+05

| Total ensemble size: 77
| Best acquisition, x_best i_best y_best:
  2.3659478006E+02  1.3948329098E+00  0.0000000000E+00      -2.0301237131E+05
| Global minimum prediction, x_hat mu_hat +- nu_hat:
  2.3735176843E+02  6.8538362962E-01  0.0000000000E+00      -2.0301237442E+05  1.5243300835E-07
| Global minimum convergence, d_xhat d_muhat:
  3.7560489529E-04  1.7081562787E-07

| GP model hyperparameters (lengthscales W kappa):
  4.8598178149E-01  4.9290205565E-01  8.0191152670E+00  7.3728254238E+00  6.5800519701E+00  1.8196000068E-04
| Next sampling location (x_next, i_next):
  1.0464081054E+01  2.4162950480E+02  0.0000000000E+00

Iteration time [s]:   26.614        Total time [s]: 1139.527

--------------------------------------------------------------------------------
                                BO ITERATION 46                                 
--------------------------------------------------------------------------------
| Evaluating objective function at 1.046E+01 2.416E+02 0.000E+00
| Objective function evaluated, time [s]       22.880
| Acquisition location too confident, doing pure exploration
| Data point added to dataset (x i y): 
  1.0464081054E+01  2.4162950480E+02  0.0000000000E+00      -2.0299452156E+05

| Total ensemble size: 78
| Best acquisition, x_best i_best y_best:
  2.3659478006E+02  1.3948329098E+00  0.0000000000E+00      -2.0301237131E+05
| Global minimum prediction, x_hat mu_hat +- nu_hat:
  2.3735187455E+02  6.8448262829E-01  0.0000000000E+00      -2.0301237443E+05  1.4810280460E-07
| Global minimum convergence, d_xhat d_muhat:
  9.0722936895E-04  2.9629997450E-07

| GP model hyperparameters (lengthscales W kappa):
  4.8643743051E-01  4.9648929735E-01  8.0490161196E+00  7.4017493118E+00  6.3685391837E+00  1.8195114213E-04
| Next sampling location (x_next, i_next):
  2.8200012670E+02  9.5768260161E+01  0.0000000000E+00

Iteration time [s]:   27.046        Total time [s]: 1166.574

--------------------------------------------------------------------------------
                                BO ITERATION 47                                 
--------------------------------------------------------------------------------
| Evaluating objective function at 2.820E+02 9.577E+01 0.000E+00
| Objective function evaluated, time [s]       22.815
| Acquisition location too confident, doing pure exploration
| Data point added to dataset (x i y): 
  2.8200012670E+02  9.5768260161E+01  0.0000000000E+00      -2.0298931771E+05

| Total ensemble size: 79
| Best acquisition, x_best i_best y_best:
  2.3659478006E+02  1.3948329098E+00  0.0000000000E+00      -2.0301237131E+05
| Global minimum prediction, x_hat mu_hat +- nu_hat:
  2.3735150064E+02  6.8781934581E-01  0.0000000000E+00      -2.0301237440E+05  1.4346732327E-07
| Global minimum convergence, d_xhat d_muhat:
  3.3576022873E-03  1.0727044746E-06

| GP model hyperparameters (lengthscales W kappa):
  4.8711133776E-01  4.9173830540E-01  7.9128780987E+00  7.3154730948E+00  6.1209020467E+00  1.8194115344E-04
| Next sampling location (x_next, i_next):
  4.0833262996E+01  1.1289882385E+01  0.0000000000E+00

Iteration time [s]:   27.113        Total time [s]: 1193.687

--------------------------------------------------------------------------------
                                BO ITERATION 48                                 
--------------------------------------------------------------------------------
| Evaluating objective function at 4.083E+01 1.129E+01 0.000E+00
| Objective function evaluated, time [s]       22.856
| Acquisition location too confident, doing pure exploration
| Data point added to dataset (x i y): 
  4.0833262996E+01  1.1289882385E+01  0.0000000000E+00      -2.0300239483E+05

| Total ensemble size: 80
| Best acquisition, x_best i_best y_best:
  2.3659478006E+02  1.3948329098E+00  0.0000000000E+00      -2.0301237131E+05
| Global minimum prediction, x_hat mu_hat +- nu_hat:
  2.3735000451E+02  6.7573597913E-01  0.0000000000E+00      -2.0301237451E+05  1.7095586271E-07
| Global minimum convergence, d_xhat d_muhat:
  1.2175636879E-02  4.5229859033E-06

| GP model hyperparameters (lengthscales W kappa):
  4.7554429077E-01  4.9735778789E-01  8.1260603715E+00  7.2840228890E+00  6.8274665982E+00  1.8196915088E-04
| Next sampling location (x_next, i_next):
  7.6075809168E+01  6.8781396987E+01  0.0000000000E+00

Iteration time [s]:   27.331        Total time [s]: 1221.018

--------------------------------------------------------------------------------
                                BO ITERATION 49                                 
--------------------------------------------------------------------------------
| Evaluating objective function at 7.608E+01 6.878E+01 0.000E+00
| Objective function evaluated, time [s]       23.086
| Acquisition location too confident, doing pure exploration
| Data point added to dataset (x i y): 
  7.6075809168E+01  6.8781396987E+01  0.0000000000E+00      -2.0299005804E+05

| Total ensemble size: 81
| Best acquisition, x_best i_best y_best:
  2.3659478006E+02  1.3948329098E+00  0.0000000000E+00      -2.0301237131E+05
| Global minimum prediction, x_hat mu_hat +- nu_hat:
  2.3734964359E+02  6.7581129902E-01  0.0000000000E+00      -2.0301237451E+05  1.6845705444E-07
| Global minimum convergence, d_xhat d_muhat:
  3.6869756824E-04  3.9825783643E-08

| GP model hyperparameters (lengthscales W kappa):
  4.7440941495E-01  4.9776700521E-01  8.1062106626E+00  7.2535608744E+00  6.4866864621E+00  1.8195419753E-04
| Next sampling location (x_next, i_next):
  2.9918507257E+02  3.7684356040E+01  0.0000000000E+00

Iteration time [s]:   27.460        Total time [s]: 1248.479

--------------------------------------------------------------------------------
                                BO ITERATION 50                                 
--------------------------------------------------------------------------------
| Evaluating objective function at 2.992E+02 3.768E+01 0.000E+00
| Objective function evaluated, time [s]       23.803
| Acquisition location too confident, doing pure exploration
| Data point added to dataset (x i y): 
  2.9918507257E+02  3.7684356040E+01  0.0000000000E+00      -2.0299560551E+05

| Total ensemble size: 82
| Best acquisition, x_best i_best y_best:
  2.3659478006E+02  1.3948329098E+00  0.0000000000E+00      -2.0301237131E+05
| Global minimum prediction, x_hat mu_hat +- nu_hat:
  2.3735666037E+02  7.3853123231E-01  0.0000000000E+00      -2.0301237393E+05  1.2053356881E-07
| Global minimum convergence, d_xhat d_muhat:
  6.3111212943E-02  2.4137967099E-05

| GP model hyperparameters (lengthscales W kappa):
  4.8013315371E-01  4.3686006634E-01  7.2053973521E+00  6.5798877837E+00  6.6683304632E+00  1.8196174684E-04
| Next sampling location (x_next, i_next):
  2.3922642783E+02  2.9247380652E+02  0.0000000000E+00

Iteration time [s]:   28.478        Total time [s]: 1276.958

|| Bayesian optimization completed, time [s]     1276.949


--------------------------------------------------------------------------------
                        BOSS is done! Have a nice day :)                        

      Datetime 05-08-2020 18:30:09            Total time [s]     1276.958       
--------------------------------------------------------------------------------
