
-----------------------------   Welcome to ....   ------------------------------
                      _______  _______ _______ _______ 
                     |   _   \|   _   |   _   |   _   |
                     |.  1   /|.  |   |   1___|   1___|
                     |.  _   \|.  |   |____   |____   |
                     |:  1    |:  1   |:  1   |:  1   |
                     |::.. .  |::.. . |::.. . |::.. . |
                     `-------'`-------`-------`-------'

                                 Version 0.9.15                                 
                              15-08-2020 00:24:10                               
--------------------------------------------------------------------------------

| Reading BOSS input file from: in_2D
| Initializing...

--------------------------------------------------------------------------------
                                   INPUT FILE                                   
--------------------------------------------------------------------------------
# input file for alanine 2D (d4-d13)

# optimization
userfn       userfn_2D.py
bounds       -50 310; -50 310
num_tasks    2
kernel       stdp
initpts      2 30
iterpts      50
verbosity    2
kappa_prior  gamma
kappa_priorparam 2 0.014
thetaprior gamma
thetapriorparam 2 0.019; 3.3678 9.0204; 3.3678 9.0204

RESULTS:
2.513711105819778E+02 8.458058816512582E+01 0 -2.029886161625765E+05 
1.711251150015878E+01 1.889804880273771E+02 0 -2.030079041209805E+05 
2.108303535080151E+02 5.960288124753692E+01 1 3.102740000000000E+01 
4.741851257792921E+01 3.082097672695140E+02 1 3.139020000000000E+01 
2.334095496349594E+02 2.303397091965310E+02 1 3.390170000000000E+01 
2.472397766627217E+02 1.142055513451913E+02 1 3.667550000000000E+01 
7.038508063570383E+01 5.397699830164958E+01 1 3.224680000000000E+01 
-1.821589081786139E+01 2.469247646877106E+02 1 3.049290000000000E+01 
7.967382728082804E+01 2.335409650036240E+02 1 2.657540000000000E+01 
6.099302503812792E+01 1.810488460011108E+02 1 1.748730000000000E+01 
1.112476070976817E+02 2.132004068766179E+02 1 2.429470000000000E+01 
1.154384127941445E+02 1.520009733441055E+02 1 2.299080000000000E+01 
-3.083824177921333E+01 1.666496350258881E+02 1 2.133760000000000E+01 
1.683941531299871E+02 3.064343069377829E+02 1 3.370360000000000E+01 
2.695232065877370E+02 1.867877004042351E+02 1 2.458320000000000E+01 
1.483195358879608E+02 -5.978009895125582E+00 1 2.880920000000000E+01 
2.025815105955089E+02 2.243562295346665E+02 1 3.019070000000000E+01 
2.310402917346773E+02 2.954846522219121E+02 1 3.538280000000000E+01 
2.221901386537770E+02 2.575241623641577E+02 1 3.766980000000000E+01 
5.923422495580991E+01 1.788882059338692E+02 1 1.748830000000000E+01 
3.040363334332150E+02 1.923562253008032E+02 1 2.108820000000000E+01 
1.201823921595454E+01 2.639491136079426E+02 1 3.354940000000000E+01 
1.290744215095624E+02 8.710376543386481E+01 1 3.334680000000000E+01 
-3.593884190545193E+01 2.175285808875671E+02 1 2.427680000000000E+01 
2.062219807059611E+02 -2.867939864491301E+01 1 2.500580000000000E+01 
2.705904831507142E+02 2.203053354781061E+02 1 2.887760000000000E+01 
9.535195289752163E+01 9.362325058290719E+01 1 3.352860000000000E+01 
7.858799758015824E+01 1.205673279363753E+01 1 2.848970000000000E+01 
2.821823404743726E+02 -2.171875724459500E+01 1 1.972670000000000E+01 
5.690302550476195E+01 9.887075090445246E+01 1 3.132680000000000E+01 
1.293693329795548E+02 -3.533405483061249E+01 1 3.548630000000000E+01 
3.066409865886363E+02 2.481645833325868E+02 1 2.986280000000000E+01 
--------------------------------------------------------------------------------
                               SIMULATION OPTIONS                               
--------------------------------------------------------------------------------
|| File input/output 
ipfile         in_2D
userfn         userfn_2D.py
outfile        boss.out
rstfile        boss.rst

|| Key settings 
num_tasks         2
bounds         -5.000E+01 3.100E+02;    -5.000E+01 3.100E+02
kerntype       stdp stdp
yrange         -5.000E+01 3.100E+02;    -5.000E+01 3.100E+02
noise          1.000E-12
initpts    2 30    iterpts   50
gm_tol         none
verbosity      2

|| Data acquisition 
acqfn                elcb
acqtol               1.000E-03

|| GP hyperparameters 
thetainit       1.000E+00 3.142E-01
thetabounds     none
thetaprior      gamma
thetapriorpar   2.000E+00 1.900E-02;    3.368E+00 9.020E+00;    3.368E+00 9.020E+00

|| Hyperparameter optimization
updatefreq   1  initupdate      True
updateoffset 0  updaterestarts  2


--------------------------------------------------------------------------------
                              INITIAL DATAPOINT 1                               
--------------------------------------------------------------------------------
| Data point added to dataset (x i y): 
  2.5137111058E+02  8.4580588165E+01  0.0000000000E+00      -2.0298861616E+05

| Total ensemble size: 1
| Next sampling location (x_next, i_next):
  1.7112511500E+01  1.8898048803E+02  0.0000000000E+00

Iteration time [s]:    0.001        Total time [s]:    0.109

--------------------------------------------------------------------------------
                              INITIAL DATAPOINT 2                               
--------------------------------------------------------------------------------
| Data point added to dataset (x i y): 
  1.7112511500E+01  1.8898048803E+02  0.0000000000E+00      -2.0300790412E+05

| Total ensemble size: 2
| Next sampling location (x_next, i_next):
  2.1083035351E+02  5.9602881248E+01  1.0000000000E+00

Iteration time [s]:    0.001        Total time [s]:    0.111

--------------------------------------------------------------------------------
                              INITIAL DATAPOINT 3                               
--------------------------------------------------------------------------------
| Data point added to dataset (x i y): 
  2.1083035351E+02  5.9602881248E+01  1.0000000000E+00       3.1027400000E+01

| Total ensemble size: 3
| Next sampling location (x_next, i_next):
  4.7418512578E+01  3.0820976727E+02  1.0000000000E+00

Iteration time [s]:    0.019        Total time [s]:    0.132

--------------------------------------------------------------------------------
                              INITIAL DATAPOINT 4                               
--------------------------------------------------------------------------------
| Data point added to dataset (x i y): 
  4.7418512578E+01  3.0820976727E+02  1.0000000000E+00       3.1390200000E+01

| Total ensemble size: 4
| Next sampling location (x_next, i_next):
  2.3340954963E+02  2.3033970920E+02  1.0000000000E+00

Iteration time [s]:    0.002        Total time [s]:    0.137

--------------------------------------------------------------------------------
                              INITIAL DATAPOINT 5                               
--------------------------------------------------------------------------------
| Data point added to dataset (x i y): 
  2.3340954963E+02  2.3033970920E+02  1.0000000000E+00       3.3901700000E+01

| Total ensemble size: 5
| Next sampling location (x_next, i_next):
  2.4723977666E+02  1.1420555135E+02  1.0000000000E+00

Iteration time [s]:    0.001        Total time [s]:    0.140

--------------------------------------------------------------------------------
                              INITIAL DATAPOINT 6                               
--------------------------------------------------------------------------------
| Data point added to dataset (x i y): 
  2.4723977666E+02  1.1420555135E+02  1.0000000000E+00       3.6675500000E+01

| Total ensemble size: 6
| Next sampling location (x_next, i_next):
  7.0385080636E+01  5.3976998302E+01  1.0000000000E+00

Iteration time [s]:    0.001        Total time [s]:    0.143

--------------------------------------------------------------------------------
                              INITIAL DATAPOINT 7                               
--------------------------------------------------------------------------------
| Data point added to dataset (x i y): 
  7.0385080636E+01  5.3976998302E+01  1.0000000000E+00       3.2246800000E+01

| Total ensemble size: 7
| Next sampling location (x_next, i_next):
 -1.8215890818E+01  2.4692476469E+02  1.0000000000E+00

Iteration time [s]:    0.001        Total time [s]:    0.147

--------------------------------------------------------------------------------
                              INITIAL DATAPOINT 8                               
--------------------------------------------------------------------------------
| Data point added to dataset (x i y): 
 -1.8215890818E+01  2.4692476469E+02  1.0000000000E+00       3.0492900000E+01

| Total ensemble size: 8
| Next sampling location (x_next, i_next):
  7.9673827281E+01  2.3354096500E+02  1.0000000000E+00

Iteration time [s]:    0.001        Total time [s]:    0.151

--------------------------------------------------------------------------------
                              INITIAL DATAPOINT 9                               
--------------------------------------------------------------------------------
| Data point added to dataset (x i y): 
  7.9673827281E+01  2.3354096500E+02  1.0000000000E+00       2.6575400000E+01

| Total ensemble size: 9
| Next sampling location (x_next, i_next):
  6.0993025038E+01  1.8104884600E+02  1.0000000000E+00

Iteration time [s]:    0.003        Total time [s]:    0.154

--------------------------------------------------------------------------------
                              INITIAL DATAPOINT 10                              
--------------------------------------------------------------------------------
| Data point added to dataset (x i y): 
  6.0993025038E+01  1.8104884600E+02  1.0000000000E+00       1.7487300000E+01

| Total ensemble size: 10
| Next sampling location (x_next, i_next):
  1.1124760710E+02  2.1320040688E+02  1.0000000000E+00

Iteration time [s]:    0.002        Total time [s]:    0.159

--------------------------------------------------------------------------------
                              INITIAL DATAPOINT 11                              
--------------------------------------------------------------------------------
| Data point added to dataset (x i y): 
  1.1124760710E+02  2.1320040688E+02  1.0000000000E+00       2.4294700000E+01

| Total ensemble size: 11
| Next sampling location (x_next, i_next):
  1.1543841279E+02  1.5200097334E+02  1.0000000000E+00

Iteration time [s]:    0.002        Total time [s]:    0.162

--------------------------------------------------------------------------------
                              INITIAL DATAPOINT 12                              
--------------------------------------------------------------------------------
| Data point added to dataset (x i y): 
  1.1543841279E+02  1.5200097334E+02  1.0000000000E+00       2.2990800000E+01

| Total ensemble size: 12
| Next sampling location (x_next, i_next):
 -3.0838241779E+01  1.6664963503E+02  1.0000000000E+00

Iteration time [s]:    0.002        Total time [s]:    0.166

--------------------------------------------------------------------------------
                              INITIAL DATAPOINT 13                              
--------------------------------------------------------------------------------
| Data point added to dataset (x i y): 
 -3.0838241779E+01  1.6664963503E+02  1.0000000000E+00       2.1337600000E+01

| Total ensemble size: 13
| Next sampling location (x_next, i_next):
  1.6839415313E+02  3.0643430694E+02  1.0000000000E+00

Iteration time [s]:    0.001        Total time [s]:    0.170

--------------------------------------------------------------------------------
                              INITIAL DATAPOINT 14                              
--------------------------------------------------------------------------------
| Data point added to dataset (x i y): 
  1.6839415313E+02  3.0643430694E+02  1.0000000000E+00       3.3703600000E+01

| Total ensemble size: 14
| Next sampling location (x_next, i_next):
  2.6952320659E+02  1.8678770040E+02  1.0000000000E+00

Iteration time [s]:    0.001        Total time [s]:    0.173

--------------------------------------------------------------------------------
                              INITIAL DATAPOINT 15                              
--------------------------------------------------------------------------------
| Data point added to dataset (x i y): 
  2.6952320659E+02  1.8678770040E+02  1.0000000000E+00       2.4583200000E+01

| Total ensemble size: 15
| Next sampling location (x_next, i_next):
  1.4831953589E+02 -5.9780098951E+00  1.0000000000E+00

Iteration time [s]:    0.001        Total time [s]:    0.177

--------------------------------------------------------------------------------
                              INITIAL DATAPOINT 16                              
--------------------------------------------------------------------------------
| Data point added to dataset (x i y): 
  1.4831953589E+02 -5.9780098951E+00  1.0000000000E+00       2.8809200000E+01

| Total ensemble size: 16
| Next sampling location (x_next, i_next):
  2.0258151060E+02  2.2435622953E+02  1.0000000000E+00

Iteration time [s]:    0.002        Total time [s]:    0.180

--------------------------------------------------------------------------------
                              INITIAL DATAPOINT 17                              
--------------------------------------------------------------------------------
| Data point added to dataset (x i y): 
  2.0258151060E+02  2.2435622953E+02  1.0000000000E+00       3.0190700000E+01

| Total ensemble size: 17
| Next sampling location (x_next, i_next):
  2.3104029173E+02  2.9548465222E+02  1.0000000000E+00

Iteration time [s]:    0.001        Total time [s]:    0.184

--------------------------------------------------------------------------------
                              INITIAL DATAPOINT 18                              
--------------------------------------------------------------------------------
| Data point added to dataset (x i y): 
  2.3104029173E+02  2.9548465222E+02  1.0000000000E+00       3.5382800000E+01

| Total ensemble size: 18
| Next sampling location (x_next, i_next):
  2.2219013865E+02  2.5752416236E+02  1.0000000000E+00

Iteration time [s]:    0.001        Total time [s]:    0.187

--------------------------------------------------------------------------------
                              INITIAL DATAPOINT 19                              
--------------------------------------------------------------------------------
| Data point added to dataset (x i y): 
  2.2219013865E+02  2.5752416236E+02  1.0000000000E+00       3.7669800000E+01

| Total ensemble size: 19
| Next sampling location (x_next, i_next):
  5.9234224956E+01  1.7888820593E+02  1.0000000000E+00

Iteration time [s]:    0.001        Total time [s]:    0.190

--------------------------------------------------------------------------------
                              INITIAL DATAPOINT 20                              
--------------------------------------------------------------------------------
| Data point added to dataset (x i y): 
  5.9234224956E+01  1.7888820593E+02  1.0000000000E+00       1.7488300000E+01

| Total ensemble size: 20
| Next sampling location (x_next, i_next):
  3.0403633343E+02  1.9235622530E+02  1.0000000000E+00

Iteration time [s]:    0.002        Total time [s]:    0.194

--------------------------------------------------------------------------------
                              INITIAL DATAPOINT 21                              
--------------------------------------------------------------------------------
| Data point added to dataset (x i y): 
  3.0403633343E+02  1.9235622530E+02  1.0000000000E+00       2.1088200000E+01

| Total ensemble size: 21
| Next sampling location (x_next, i_next):
  1.2018239216E+01  2.6394911361E+02  1.0000000000E+00

Iteration time [s]:    0.001        Total time [s]:    0.197

--------------------------------------------------------------------------------
                              INITIAL DATAPOINT 22                              
--------------------------------------------------------------------------------
| Data point added to dataset (x i y): 
  1.2018239216E+01  2.6394911361E+02  1.0000000000E+00       3.3549400000E+01

| Total ensemble size: 22
| Next sampling location (x_next, i_next):
  1.2907442151E+02  8.7103765434E+01  1.0000000000E+00

Iteration time [s]:    0.001        Total time [s]:    0.201

--------------------------------------------------------------------------------
                              INITIAL DATAPOINT 23                              
--------------------------------------------------------------------------------
| Data point added to dataset (x i y): 
  1.2907442151E+02  8.7103765434E+01  1.0000000000E+00       3.3346800000E+01

| Total ensemble size: 23
| Next sampling location (x_next, i_next):
 -3.5938841905E+01  2.1752858089E+02  1.0000000000E+00

Iteration time [s]:    0.001        Total time [s]:    0.204

--------------------------------------------------------------------------------
                              INITIAL DATAPOINT 24                              
--------------------------------------------------------------------------------
| Data point added to dataset (x i y): 
 -3.5938841905E+01  2.1752858089E+02  1.0000000000E+00       2.4276800000E+01

| Total ensemble size: 24
| Next sampling location (x_next, i_next):
  2.0622198071E+02 -2.8679398645E+01  1.0000000000E+00

Iteration time [s]:    0.001        Total time [s]:    0.207

--------------------------------------------------------------------------------
                              INITIAL DATAPOINT 25                              
--------------------------------------------------------------------------------
| Data point added to dataset (x i y): 
  2.0622198071E+02 -2.8679398645E+01  1.0000000000E+00       2.5005800000E+01

| Total ensemble size: 25
| Next sampling location (x_next, i_next):
  2.7059048315E+02  2.2030533548E+02  1.0000000000E+00

Iteration time [s]:    0.002        Total time [s]:    0.210

--------------------------------------------------------------------------------
                              INITIAL DATAPOINT 26                              
--------------------------------------------------------------------------------
| Data point added to dataset (x i y): 
  2.7059048315E+02  2.2030533548E+02  1.0000000000E+00       2.8877600000E+01

| Total ensemble size: 26
| Next sampling location (x_next, i_next):
  9.5351952898E+01  9.3623250583E+01  1.0000000000E+00

Iteration time [s]:    0.002        Total time [s]:    0.213

--------------------------------------------------------------------------------
                              INITIAL DATAPOINT 27                              
--------------------------------------------------------------------------------
| Data point added to dataset (x i y): 
  9.5351952898E+01  9.3623250583E+01  1.0000000000E+00       3.3528600000E+01

| Total ensemble size: 27
| Next sampling location (x_next, i_next):
  7.8587997580E+01  1.2056732794E+01  1.0000000000E+00

Iteration time [s]:    0.001        Total time [s]:    0.215

--------------------------------------------------------------------------------
                              INITIAL DATAPOINT 28                              
--------------------------------------------------------------------------------
| Data point added to dataset (x i y): 
  7.8587997580E+01  1.2056732794E+01  1.0000000000E+00       2.8489700000E+01

| Total ensemble size: 28
| Next sampling location (x_next, i_next):
  2.8218234047E+02 -2.1718757245E+01  1.0000000000E+00

Iteration time [s]:    0.001        Total time [s]:    0.219

--------------------------------------------------------------------------------
                              INITIAL DATAPOINT 29                              
--------------------------------------------------------------------------------
| Data point added to dataset (x i y): 
  2.8218234047E+02 -2.1718757245E+01  1.0000000000E+00       1.9726700000E+01

| Total ensemble size: 29
| Next sampling location (x_next, i_next):
  5.6903025505E+01  9.8870750904E+01  1.0000000000E+00

Iteration time [s]:    0.002        Total time [s]:    0.223

--------------------------------------------------------------------------------
                              INITIAL DATAPOINT 30                              
--------------------------------------------------------------------------------
| Data point added to dataset (x i y): 
  5.6903025505E+01  9.8870750904E+01  1.0000000000E+00       3.1326800000E+01

| Total ensemble size: 30
| Next sampling location (x_next, i_next):
  1.2936933298E+02 -3.5334054831E+01  1.0000000000E+00

Iteration time [s]:    0.002        Total time [s]:    0.227

--------------------------------------------------------------------------------
                              INITIAL DATAPOINT 31                              
--------------------------------------------------------------------------------
| Data point added to dataset (x i y): 
  1.2936933298E+02 -3.5334054831E+01  1.0000000000E+00       3.5486300000E+01

| Total ensemble size: 31
| Next sampling location (x_next, i_next):
  3.0664098659E+02  2.4816458333E+02  1.0000000000E+00

Iteration time [s]:    0.001        Total time [s]:    0.229

--------------------------------------------------------------------------------
                              INITIAL DATAPOINT 32                              
--------------------------------------------------------------------------------
| Data point added to dataset (x i y): 
  3.0664098659E+02  2.4816458333E+02  1.0000000000E+00       2.9862800000E+01

| Total ensemble size: 32
| Best acquisition, x_best i_best y_best:
  1.7112511500E+01  1.8898048803E+02  0.0000000000E+00      -2.0300790412E+05
| Global minimum prediction, x_hat mu_hat +- nu_hat:
  5.3947561633E+01  1.8163919280E+02  0.0000000000E+00      -2.0300957404E+05  1.5697896350E+01

| GP model hyperparameters (lengthscales W kappa):
  6.4932749748E-01  5.7892507637E-01 -8.2103815544E+00 -5.9682756036E+00  3.9390751551E+01  2.8130862219E+01
| Next sampling location (x_next, i_next):
 -2.5308984203E+01 -4.5961907297E+00  0.0000000000E+00

Iteration time [s]:    1.601        Total time [s]:    1.831

--------------------------------------------------------------------------------
                                 BO ITERATION 1                                 
--------------------------------------------------------------------------------
| Evaluating objective function at -2.531E+01 -4.596E+00 0.000E+00
| Objective function evaluated, time [s]       33.484
| Data point added to dataset (x i y): 
 -2.5308984203E+01 -4.5961907297E+00  0.0000000000E+00      -2.0299467266E+05

| Total ensemble size: 33
| Best acquisition, x_best i_best y_best:
  1.7112511500E+01  1.8898048803E+02  0.0000000000E+00      -2.0300790412E+05
| Global minimum prediction, x_hat mu_hat +- nu_hat:
  4.0657200879E+01  1.8413468946E+02  0.0000000000E+00      -2.0300850480E+05  6.8843463793E+00
| Global minimum convergence, d_xhat d_muhat:
  1.3522617814E+01  5.2978701024E-02

| GP model hyperparameters (lengthscales W kappa):
  6.3883170212E-01  5.6252981597E-01 -5.4720556793E+00 -4.4232799686E+00  4.7290985566E+01  4.0102964192E+01
| Next sampling location (x_next, i_next):
  1.2155833113E+02  1.8191399249E+02  0.0000000000E+00

Iteration time [s]:   34.888        Total time [s]:   36.720

--------------------------------------------------------------------------------
                                 BO ITERATION 2                                 
--------------------------------------------------------------------------------
| Evaluating objective function at 1.216E+02 1.819E+02 0.000E+00
| Objective function evaluated, time [s]       23.399
| Data point added to dataset (x i y): 
  1.2155833113E+02  1.8191399249E+02  0.0000000000E+00      -2.0300775197E+05

| Total ensemble size: 34
| Best acquisition, x_best i_best y_best:
  1.7112511500E+01  1.8898048803E+02  0.0000000000E+00      -2.0300790412E+05
| Global minimum prediction, x_hat mu_hat +- nu_hat:
  6.4742493838E+01  1.8411064545E+02  0.0000000000E+00      -2.0300999525E+05  8.8026521809E+00
| Global minimum convergence, d_xhat d_muhat:
  2.4085304960E+01  6.6757003026E-02

| GP model hyperparameters (lengthscales W kappa):
  6.5044745478E-01  5.7718722354E-01  5.3418046750E+00  4.8478070445E+00  4.3587307405E+01  4.0218848824E+01
| Next sampling location (x_next, i_next):
  2.0576312190E+02  2.1187387851E+02  0.0000000000E+00

Iteration time [s]:   24.442        Total time [s]:   61.162

--------------------------------------------------------------------------------
                                 BO ITERATION 3                                 
--------------------------------------------------------------------------------
| Evaluating objective function at 2.058E+02 2.119E+02 0.000E+00
| Objective function evaluated, time [s]       21.956
| Data point added to dataset (x i y): 
  2.0576312190E+02  2.1187387851E+02  0.0000000000E+00      -2.0300223816E+05

| Total ensemble size: 35
| Best acquisition, x_best i_best y_best:
  1.7112511500E+01  1.8898048803E+02  0.0000000000E+00      -2.0300790412E+05
| Global minimum prediction, x_hat mu_hat +- nu_hat:
  6.4170243513E+01  1.8518425820E+02  0.0000000000E+00      -2.0300980403E+05  6.2921905546E+00
| Global minimum convergence, d_xhat d_muhat:
  1.2165996801E+00  8.3768778333E-03

| GP model hyperparameters (lengthscales W kappa):
  6.5887869288E-01  5.8638995793E-01 -4.8921973583E+00 -5.2118789579E+00  3.7189783616E+01  3.9443101513E+01
| Next sampling location (x_next, i_next):
  7.4792906051E+01  2.4199640850E+02  0.0000000000E+00

Iteration time [s]:   23.303        Total time [s]:   84.466

--------------------------------------------------------------------------------
                                 BO ITERATION 4                                 
--------------------------------------------------------------------------------
| Evaluating objective function at 7.479E+01 2.420E+02 0.000E+00
| Objective function evaluated, time [s]       23.320
| Data point added to dataset (x i y): 
  7.4792906051E+01  2.4199640850E+02  0.0000000000E+00      -2.0299502745E+05

| Total ensemble size: 36
| Best acquisition, x_best i_best y_best:
  1.7112511500E+01  1.8898048803E+02  0.0000000000E+00      -2.0300790412E+05
| Global minimum prediction, x_hat mu_hat +- nu_hat:
  5.5172337794E+01  1.7320836848E+02  0.0000000000E+00      -2.0300977458E+05  8.2823161398E+00
| Global minimum convergence, d_xhat d_muhat:
  1.4979460674E+01  1.3411022006E-03

| GP model hyperparameters (lengthscales W kappa):
  6.4586808963E-01  5.6535343193E-01  6.9494489916E+00  5.8105213405E+00  3.3617887399E+01  2.7374481209E+01
| Next sampling location (x_next, i_next):
 -5.0000000000E+01  1.7844135397E+02  0.0000000000E+00

Iteration time [s]:   24.675        Total time [s]:  109.145

--------------------------------------------------------------------------------
                                 BO ITERATION 5                                 
--------------------------------------------------------------------------------
| Evaluating objective function at -5.000E+01 1.784E+02 0.000E+00
| Objective function evaluated, time [s]       23.105
| Data point added to dataset (x i y): 
 -5.0000000000E+01  1.7844135397E+02  0.0000000000E+00      -2.0300856677E+05

| Total ensemble size: 37
| Best acquisition, x_best i_best y_best:
 -5.0000000000E+01  1.7844135397E+02  0.0000000000E+00      -2.0300856677E+05
| Global minimum prediction, x_hat mu_hat +- nu_hat:
  5.6128022072E+01  1.7262686613E+02  0.0000000000E+00      -2.0300967122E+05  6.8600156918E+00
| Global minimum convergence, d_xhat d_muhat:
  1.1186945125E+00  4.4414037878E-03

| GP model hyperparameters (lengthscales W kappa):
  6.7022619513E-01  5.9616276477E-01  7.4503374008E+00  6.5585804576E+00  3.1659838503E+01  2.7253189231E+01
| Next sampling location (x_next, i_next):
  1.8960579381E+02 -8.2628906594E-01  0.0000000000E+00

Iteration time [s]:   24.507        Total time [s]:  133.654

--------------------------------------------------------------------------------
                                 BO ITERATION 6                                 
--------------------------------------------------------------------------------
| Evaluating objective function at 1.896E+02 -8.263E-01 0.000E+00
| Objective function evaluated, time [s]       23.191
| Data point added to dataset (x i y): 
  1.8960579381E+02 -8.2628906594E-01  0.0000000000E+00      -2.0300774939E+05

| Total ensemble size: 38
| Best acquisition, x_best i_best y_best:
 -5.0000000000E+01  1.7844135397E+02  0.0000000000E+00      -2.0300856677E+05
| Global minimum prediction, x_hat mu_hat +- nu_hat:
  5.7360962238E+01  1.7358668775E+02  0.0000000000E+00      -2.0301013862E+05  7.4613151937E+00
| Global minimum convergence, d_xhat d_muhat:
  1.5624976776E+00  1.9349214846E-02

| GP model hyperparameters (lengthscales W kappa):
  6.5022215220E-01  5.9048075380E-01  8.7053569285E+00  6.7995579650E+00  2.8305501357E+01  2.0439887300E+01
| Next sampling location (x_next, i_next):
  6.1644604330E+01  1.4587527487E+02  0.0000000000E+00

Iteration time [s]:   24.604        Total time [s]:  158.260

--------------------------------------------------------------------------------
                                 BO ITERATION 7                                 
--------------------------------------------------------------------------------
| Evaluating objective function at 6.164E+01 1.459E+02 0.000E+00
| Objective function evaluated, time [s]       23.188
| Data point added to dataset (x i y): 
  6.1644604330E+01  1.4587527487E+02  0.0000000000E+00      -2.0300387467E+05

| Total ensemble size: 39
| Best acquisition, x_best i_best y_best:
 -5.0000000000E+01  1.7844135397E+02  0.0000000000E+00      -2.0300856677E+05
| Global minimum prediction, x_hat mu_hat +- nu_hat:
 -4.0324387706E+01  1.8393140450E+02  0.0000000000E+00      -2.0300887392E+05  4.1244020915E-01
| Global minimum convergence, d_xhat d_muhat:
  9.8231567015E+01  5.1805052399E-02

| GP model hyperparameters (lengthscales W kappa):
  6.6183157556E-01  6.1063901198E-01 -9.0612299087E+00 -7.2313355834E+00  2.7190597855E+01  2.0094890491E+01
| Next sampling location (x_next, i_next):
  1.7668611190E+02  1.4978185467E+02  0.0000000000E+00

Iteration time [s]:   24.571        Total time [s]:  182.831

--------------------------------------------------------------------------------
                                 BO ITERATION 8                                 
--------------------------------------------------------------------------------
| Evaluating objective function at 1.767E+02 1.498E+02 0.000E+00
| Objective function evaluated, time [s]       21.800
| Data point added to dataset (x i y): 
  1.7668611190E+02  1.4978185467E+02  0.0000000000E+00      -2.0300344557E+05

| Total ensemble size: 40
| Best acquisition, x_best i_best y_best:
 -5.0000000000E+01  1.7844135397E+02  0.0000000000E+00      -2.0300856677E+05
| Global minimum prediction, x_hat mu_hat +- nu_hat:
 -4.0408164621E+01  1.8434894707E+02  0.0000000000E+00      -2.0300890049E+05  4.0005686117E-01
| Global minimum convergence, d_xhat d_muhat:
  4.2586426828E-01  1.0812404854E-03

| GP model hyperparameters (lengthscales W kappa):
  6.6647907239E-01  6.1745713163E-01 -8.9167688993E+00 -7.3422946691E+00  2.6013786457E+01  1.9982238884E+01
| Next sampling location (x_next, i_next):
  2.5158580202E+02 -6.6392963909E+00  0.0000000000E+00

Iteration time [s]:   23.303        Total time [s]:  206.136

--------------------------------------------------------------------------------
                                 BO ITERATION 9                                 
--------------------------------------------------------------------------------
| Evaluating objective function at 2.516E+02 -6.639E+00 0.000E+00
| Objective function evaluated, time [s]       23.286
| Data point added to dataset (x i y): 
  2.5158580202E+02 -6.6392963909E+00  0.0000000000E+00      -2.0301203991E+05

| Total ensemble size: 41
| Best acquisition, x_best i_best y_best:
  2.5158580202E+02 -6.6392963909E+00  0.0000000000E+00      -2.0301203991E+05
| Global minimum prediction, x_hat mu_hat +- nu_hat:
  2.4538599999E+02 -7.9141020500E-01  0.0000000000E+00      -2.0301232089E+05  3.9359381092E-01
| Global minimum convergence, d_xhat d_muhat:
  3.4052203515E+02  1.3419059895E-01

| GP model hyperparameters (lengthscales W kappa):
  6.6158370646E-01  6.3100373985E-01 -1.1373616956E+01 -8.1924913551E+00  2.1483926253E+01  1.3033879283E+01
| Next sampling location (x_next, i_next):
  2.7266693676E+02  1.8146263559E+01  0.0000000000E+00

Iteration time [s]:   24.891        Total time [s]:  231.030

--------------------------------------------------------------------------------
                                BO ITERATION 10                                 
--------------------------------------------------------------------------------
| Evaluating objective function at 2.727E+02 1.815E+01 0.000E+00
| Objective function evaluated, time [s]       23.218
| Data point added to dataset (x i y): 
  2.7266693676E+02  1.8146263559E+01  0.0000000000E+00      -2.0300594509E+05

| Total ensemble size: 42
| Best acquisition, x_best i_best y_best:
  2.5158580202E+02 -6.6392963909E+00  0.0000000000E+00      -2.0301203991E+05
| Global minimum prediction, x_hat mu_hat +- nu_hat:
  2.4040755188E+02 -4.6072317725E+00  0.0000000000E+00      -2.0301228710E+05  3.3013906938E-01
| Global minimum convergence, d_xhat d_muhat:
  6.2725943467E+00  1.3128737774E-03

| GP model hyperparameters (lengthscales W kappa):
  6.5720106259E-01  6.0988544205E-01 -1.0219080538E+01 -7.6315078845E+00  2.3490320026E+01  1.5330389167E+01
| Next sampling location (x_next, i_next):
  2.8016544001E+02 -3.1271479561E+01  0.0000000000E+00

Iteration time [s]:   24.938        Total time [s]:  255.971

--------------------------------------------------------------------------------
                                BO ITERATION 11                                 
--------------------------------------------------------------------------------
| Evaluating objective function at 2.802E+02 -3.127E+01 0.000E+00
| Objective function evaluated, time [s]       23.405
| Data point added to dataset (x i y): 
  2.8016544001E+02 -3.1271479561E+01  0.0000000000E+00      -2.0300668054E+05

| Total ensemble size: 43
| Best acquisition, x_best i_best y_best:
  2.5158580202E+02 -6.6392963909E+00  0.0000000000E+00      -2.0301203991E+05
| Global minimum prediction, x_hat mu_hat +- nu_hat:
  2.4119721999E+02 -5.0177277175E+00  0.0000000000E+00      -2.0301224010E+05  9.8602733657E-02
| Global minimum convergence, d_xhat d_muhat:
  8.8999024587E-01  1.8067171119E-03

| GP model hyperparameters (lengthscales W kappa):
  6.7312928533E-01  6.3173298027E-01 -1.0520370367E+01 -8.0748254657E+00  2.2957548922E+01  1.5595964258E+01
| Next sampling location (x_next, i_next):
  2.2410869842E+02  1.0716138758E+01  0.0000000000E+00

Iteration time [s]:   24.923        Total time [s]:  280.895

--------------------------------------------------------------------------------
                                BO ITERATION 12                                 
--------------------------------------------------------------------------------
| Evaluating objective function at 2.241E+02 1.072E+01 0.000E+00
| Objective function evaluated, time [s]       23.273
| Data point added to dataset (x i y): 
  2.2410869842E+02  1.0716138758E+01  0.0000000000E+00      -2.0301175539E+05

| Total ensemble size: 44
| Best acquisition, x_best i_best y_best:
  2.5158580202E+02 -6.6392963909E+00  0.0000000000E+00      -2.0301203991E+05
| Global minimum prediction, x_hat mu_hat +- nu_hat:
  2.3434466865E+02 -9.3838898227E-01  0.0000000000E+00      -2.0301263721E+05  5.8754812985E-02
| Global minimum convergence, d_xhat d_muhat:
  7.9748645375E+00  1.4923632466E-02

| GP model hyperparameters (lengthscales W kappa):
  6.9858695905E-01  6.7420604435E-01 -1.1754177899E+01 -8.8386772129E+00  2.5997961231E+01  1.7462229451E+01
| Next sampling location (x_next, i_next):
  6.6720525010E+01  1.8534594143E+02  0.0000000000E+00

Iteration time [s]:   24.890        Total time [s]:  305.786

--------------------------------------------------------------------------------
                                BO ITERATION 13                                 
--------------------------------------------------------------------------------
| Evaluating objective function at 6.672E+01 1.853E+02 0.000E+00
| Objective function evaluated, time [s]       23.672
| Data point added to dataset (x i y): 
  6.6720525010E+01  1.8534594143E+02  0.0000000000E+00      -2.0300942839E+05

| Total ensemble size: 45
| Best acquisition, x_best i_best y_best:
  2.5158580202E+02 -6.6392963909E+00  0.0000000000E+00      -2.0301203991E+05
| Global minimum prediction, x_hat mu_hat +- nu_hat:
  2.3442341290E+02 -8.4327708413E-01  0.0000000000E+00      -2.0301262957E+05  4.9829768603E-02
| Global minimum convergence, d_xhat d_muhat:
  1.2347846136E-01  2.8328738130E-04

| GP model hyperparameters (lengthscales W kappa):
  7.1444154136E-01  7.0056757374E-01  1.2373799114E+01  9.5304644533E+00  2.4489840266E+01  1.6881596652E+01
| Next sampling location (x_next, i_next):
  2.2414885887E+02 -1.1252189827E+01  0.0000000000E+00

Iteration time [s]:   25.377        Total time [s]:  331.164

--------------------------------------------------------------------------------
                                BO ITERATION 14                                 
--------------------------------------------------------------------------------
| Evaluating objective function at 2.241E+02 -1.125E+01 0.000E+00
| Objective function evaluated, time [s]       23.308
| Data point added to dataset (x i y): 
  2.2414885887E+02 -1.1252189827E+01  0.0000000000E+00      -2.0301018532E+05

| Total ensemble size: 46
| Best acquisition, x_best i_best y_best:
  2.5158580202E+02 -6.6392963909E+00  0.0000000000E+00      -2.0301203991E+05
| Global minimum prediction, x_hat mu_hat +- nu_hat:
  2.4077353311E+02  1.0565524283E+00  0.0000000000E+00      -2.0301242012E+05  1.5902182206E-02
| Global minimum convergence, d_xhat d_muhat:
  6.6282259216E+00  7.6626311078E-03

| GP model hyperparameters (lengthscales W kappa):
  6.9517933522E-01  6.6214033930E-01 -1.2834430256E+01 -9.5364144216E+00  1.8066849433E+01  1.1252015421E+01
| Next sampling location (x_next, i_next):
  3.0670095023E+02  2.1013211788E+02  0.0000000000E+00

Iteration time [s]:   25.200        Total time [s]:  356.366

--------------------------------------------------------------------------------
                                BO ITERATION 15                                 
--------------------------------------------------------------------------------
| Evaluating objective function at 3.067E+02 2.101E+02 0.000E+00
| Objective function evaluated, time [s]       22.063
| Data point added to dataset (x i y): 
  3.0670095023E+02  2.1013211788E+02  0.0000000000E+00      -2.0300392519E+05

| Total ensemble size: 47
| Best acquisition, x_best i_best y_best:
  2.5158580202E+02 -6.6392963909E+00  0.0000000000E+00      -2.0301203991E+05
| Global minimum prediction, x_hat mu_hat +- nu_hat:
  2.4067191249E+02  1.0302409704E+00  0.0000000000E+00      -2.0301240429E+05  1.6488645386E-02
| Global minimum convergence, d_xhat d_muhat:
  1.0497163328E-01  5.8046405421E-04

| GP model hyperparameters (lengthscales W kappa):
  6.8917405596E-01  6.6276905972E-01 -1.3326466493E+01 -9.6265683425E+00  1.6968087021E+01  9.9936997182E+00
| Next sampling location (x_next, i_next):
  1.6190669264E+02  1.8872327193E+02  0.0000000000E+00

Iteration time [s]:   23.901        Total time [s]:  380.271

--------------------------------------------------------------------------------
                                BO ITERATION 16                                 
--------------------------------------------------------------------------------
| Evaluating objective function at 1.619E+02 1.887E+02 0.000E+00
| Objective function evaluated, time [s]       21.821
| Data point added to dataset (x i y): 
  1.6190669264E+02  1.8872327193E+02  0.0000000000E+00      -2.0300757772E+05

| Total ensemble size: 48
| Best acquisition, x_best i_best y_best:
  2.5158580202E+02 -6.6392963909E+00  0.0000000000E+00      -2.0301203991E+05
| Global minimum prediction, x_hat mu_hat +- nu_hat:
  2.4078793750E+02  9.8244533904E-01  0.0000000000E+00      -2.0301239678E+05  1.5608509512E-02
| Global minimum convergence, d_xhat d_muhat:
  1.2548396888E-01  2.7350990771E-04

| GP model hyperparameters (lengthscales W kappa):
  6.9217800079E-01  6.6283714127E-01 -1.3044872107E+01 -9.6235204019E+00  1.7115211664E+01  1.0459875581E+01
| Next sampling location (x_next, i_next):
  2.4107399320E+02  3.5967593836E+00  0.0000000000E+00

Iteration time [s]:   23.568        Total time [s]:  403.840

--------------------------------------------------------------------------------
                                BO ITERATION 17                                 
--------------------------------------------------------------------------------
| Evaluating objective function at 2.411E+02 3.597E+00 0.000E+00
| Objective function evaluated, time [s]       23.457
| Data point added to dataset (x i y): 
  2.4107399320E+02  3.5967593836E+00  0.0000000000E+00      -2.0301223586E+05

| Total ensemble size: 49
| Best acquisition, x_best i_best y_best:
  2.4107399320E+02  3.5967593836E+00  0.0000000000E+00      -2.0301223586E+05
| Global minimum prediction, x_hat mu_hat +- nu_hat:
  2.4115989460E+02  4.1095140882E-01  0.0000000000E+00      -2.0301231327E+05  4.3362503189E-04
| Global minimum convergence, d_xhat d_muhat:
  6.8187784438E-01  3.0003788447E-03

| GP model hyperparameters (lengthscales W kappa):
  7.0427425554E-01  6.7896753940E-01 -1.3418535744E+01 -9.8517622159E+00  1.8985645787E+01  1.1664062073E+01
| Next sampling location (x_next, i_next):
  2.3517929617E+02  8.5557835690E-01  0.0000000000E+00

Iteration time [s]:   25.435        Total time [s]:  429.276

--------------------------------------------------------------------------------
                                BO ITERATION 18                                 
--------------------------------------------------------------------------------
| Evaluating objective function at 2.352E+02 8.556E-01 0.000E+00
| Objective function evaluated, time [s]       23.257
| Data point added to dataset (x i y): 
  2.3517929617E+02  8.5557835690E-01  0.0000000000E+00      -2.0301236708E+05

| Total ensemble size: 50
| Best acquisition, x_best i_best y_best:
  2.3517929617E+02  8.5557835690E-01  0.0000000000E+00      -2.0301236708E+05
| Global minimum prediction, x_hat mu_hat +- nu_hat:
  2.3765199666E+02  6.4770100776E-01  0.0000000000E+00      -2.0301237463E+05  2.5534819150E-05
| Global minimum convergence, d_xhat d_muhat:
  3.5158780302E+00  2.1766499320E-03

| GP model hyperparameters (lengthscales W kappa):
  6.7458270325E-01  6.1853244376E-01 -1.2521581683E+01 -8.5888643141E+00  2.0223047629E+01  1.1194169871E+01
| Next sampling location (x_next, i_next):
  2.7166980321E+02  1.7689109011E+02  0.0000000000E+00

Iteration time [s]:   25.320        Total time [s]:  454.598

--------------------------------------------------------------------------------
                                BO ITERATION 19                                 
--------------------------------------------------------------------------------
| Evaluating objective function at 2.717E+02 1.769E+02 0.000E+00
| Objective function evaluated, time [s]       22.979
| Data point added to dataset (x i y): 
  2.7166980321E+02  1.7689109011E+02  0.0000000000E+00      -2.0300768382E+05

| Total ensemble size: 51
| Best acquisition, x_best i_best y_best:
  2.3517929617E+02  8.5557835690E-01  0.0000000000E+00      -2.0301236708E+05
| Global minimum prediction, x_hat mu_hat +- nu_hat:
  2.3755436039E+02  6.8446742359E-01  0.0000000000E+00      -2.0301237413E+05  2.1867508400E-05
| Global minimum convergence, d_xhat d_muhat:
  1.0432934112E-01  1.7713229407E-05

| GP model hyperparameters (lengthscales W kappa):
  6.7921694413E-01  6.3869271926E-01 -1.3061066520E+01 -8.9817945000E+00  2.0252510401E+01  1.1261994758E+01
| Next sampling location (x_next, i_next):
  6.2462250255E+01  7.8601176472E+00  0.0000000000E+00

Iteration time [s]:   25.059        Total time [s]:  479.661

--------------------------------------------------------------------------------
                                BO ITERATION 20                                 
--------------------------------------------------------------------------------
| Evaluating objective function at 6.246E+01 7.860E+00 0.000E+00
| Objective function evaluated, time [s]       24.297
| Data point added to dataset (x i y): 
  6.2462250255E+01  7.8601176472E+00  0.0000000000E+00      -2.0300309143E+05

| Total ensemble size: 52
| Best acquisition, x_best i_best y_best:
  2.3517929617E+02  8.5557835690E-01  0.0000000000E+00      -2.0301236708E+05
| Global minimum prediction, x_hat mu_hat +- nu_hat:
  2.3758557054E+02  6.6316624579E-01  0.0000000000E+00      -2.0301237466E+05  2.5797355596E-05
| Global minimum convergence, d_xhat d_muhat:
  3.7786428215E-02  1.8758129739E-05

| GP model hyperparameters (lengthscales W kappa):
  6.5034553101E-01  6.2701239187E-01 -1.2793362539E+01 -8.6964091078E+00  1.8400914427E+01  9.8754399030E+00
| Next sampling location (x_next, i_next):
  2.3967434362E+02 -8.3173097207E-01  0.0000000000E+00

Iteration time [s]:   26.402        Total time [s]:  506.064

--------------------------------------------------------------------------------
                                BO ITERATION 21                                 
--------------------------------------------------------------------------------
| Evaluating objective function at 2.397E+02 -8.317E-01 0.000E+00
| Objective function evaluated, time [s]       23.317
| Acquisition location too confident, doing pure exploration
| Data point added to dataset (x i y): 
  2.3967434362E+02 -8.3173097207E-01  0.0000000000E+00      -2.0301235914E+05

| Total ensemble size: 53
| Best acquisition, x_best i_best y_best:
  2.3517929617E+02  8.5557835690E-01  0.0000000000E+00      -2.0301236708E+05
| Global minimum prediction, x_hat mu_hat +- nu_hat:
  2.3740832084E+02  7.3630477515E-01  0.0000000000E+00      -2.0301237372E+05  4.3735051305E-07
| Global minimum convergence, d_xhat d_muhat:
  1.9174645024E-01  3.2831470603E-05

| GP model hyperparameters (lengthscales W kappa):
  6.6377488107E-01  6.5056563641E-01 -1.3573848494E+01 -9.2278189357E+00  1.8466184118E+01  9.9172717931E+00
| Next sampling location (x_next, i_next):
 -9.1447475711E+00  7.8349252707E+01  0.0000000000E+00

Iteration time [s]:   25.833        Total time [s]:  531.900

--------------------------------------------------------------------------------
                                BO ITERATION 22                                 
--------------------------------------------------------------------------------
| Evaluating objective function at -9.145E+00 7.835E+01 0.000E+00
| Objective function evaluated, time [s]       23.152
| Acquisition location too confident, doing pure exploration
| Data point added to dataset (x i y): 
 -9.1447475711E+00  7.8349252707E+01  0.0000000000E+00      -2.0298921320E+05

| Total ensemble size: 54
| Best acquisition, x_best i_best y_best:
  2.3517929617E+02  8.5557835690E-01  0.0000000000E+00      -2.0301236708E+05
| Global minimum prediction, x_hat mu_hat +- nu_hat:
  2.3740185569E+02  7.4333385409E-01  0.0000000000E+00      -2.0301237378E+05  4.2914027700E-07
| Global minimum convergence, d_xhat d_muhat:
  9.5501885615E-03  2.2079101369E-06

| GP model hyperparameters (lengthscales W kappa):
  6.5687171908E-01  6.3409896048E-01 -1.2894162013E+01 -8.9288567009E+00  1.6259279983E+01  8.8556727292E+00
| Next sampling location (x_next, i_next):
  1.4178108079E+02  2.7180803993E+02  0.0000000000E+00

Iteration time [s]:   26.155        Total time [s]:  558.059

--------------------------------------------------------------------------------
                                BO ITERATION 23                                 
--------------------------------------------------------------------------------
| Evaluating objective function at 1.418E+02 2.718E+02 0.000E+00
| Objective function evaluated, time [s]       23.423
| Acquisition location too confident, doing pure exploration
| Data point added to dataset (x i y): 
  1.4178108079E+02  2.7180803993E+02  0.0000000000E+00      -2.0298871849E+05

| Total ensemble size: 55
| Best acquisition, x_best i_best y_best:
  2.3517929617E+02  8.5557835690E-01  0.0000000000E+00      -2.0301236708E+05
| Global minimum prediction, x_hat mu_hat +- nu_hat:
  2.3739463053E+02  7.5058312260E-01  0.0000000000E+00      -2.0301237387E+05  4.1652086749E-07
| Global minimum convergence, d_xhat d_muhat:
  1.0234986264E-02  3.3629653692E-06

| GP model hyperparameters (lengthscales W kappa):
  6.5030741885E-01  6.1965265534E-01 -1.2370401014E+01 -8.8360015296E+00  1.3411210526E+01  7.5650375364E+00
| Next sampling location (x_next, i_next):
  1.1677130592E+02  4.6363255060E+01  0.0000000000E+00

Iteration time [s]:   26.341        Total time [s]:  584.404

--------------------------------------------------------------------------------
                                BO ITERATION 24                                 
--------------------------------------------------------------------------------
| Evaluating objective function at 1.168E+02 4.636E+01 0.000E+00
| Objective function evaluated, time [s]       23.239
| Acquisition location too confident, doing pure exploration
| Data point added to dataset (x i y): 
  1.1677130592E+02  4.6363255060E+01  0.0000000000E+00      -2.0299156094E+05

| Total ensemble size: 56
| Best acquisition, x_best i_best y_best:
  2.3517929617E+02  8.5557835690E-01  0.0000000000E+00      -2.0301236708E+05
| Global minimum prediction, x_hat mu_hat +- nu_hat:
  2.3738945198E+02  7.5218869411E-01  0.0000000000E+00      -2.0301237379E+05  3.8872929577E-07
| Global minimum convergence, d_xhat d_muhat:
  5.4217353308E-03  3.1999948289E-06

| GP model hyperparameters (lengthscales W kappa):
  6.5467209165E-01  6.3988875227E-01 -1.3107571683E+01 -9.3713062153E+00  1.1986975899E+01  6.7280413113E+00
| Next sampling location (x_next, i_next):
  3.0416695351E+02  1.1240152640E+02  0.0000000000E+00

Iteration time [s]:   26.106        Total time [s]:  610.511

--------------------------------------------------------------------------------
                                BO ITERATION 25                                 
--------------------------------------------------------------------------------
| Evaluating objective function at 3.042E+02 1.124E+02 0.000E+00
| Objective function evaluated, time [s]       22.981
| Acquisition location too confident, doing pure exploration
| Data point added to dataset (x i y): 
  3.0416695351E+02  1.1240152640E+02  0.0000000000E+00      -2.0299283482E+05

| Total ensemble size: 57
| Best acquisition, x_best i_best y_best:
  2.3517929617E+02  8.5557835690E-01  0.0000000000E+00      -2.0301236708E+05
| Global minimum prediction, x_hat mu_hat +- nu_hat:
  2.3738166754E+02  7.5164148964E-01  0.0000000000E+00      -2.0301237376E+05  3.8103750013E-07
| Global minimum convergence, d_xhat d_muhat:
  7.8036493199E-03  1.2256600362E-06

| GP model hyperparameters (lengthscales W kappa):
  6.5353251285E-01  6.3019509823E-01 -1.2741012598E+01 -9.1389167160E+00  1.1327625541E+01  6.3815192228E+00
| Next sampling location (x_next, i_next):
  6.1385268173E+00  2.9761174875E+02  0.0000000000E+00

Iteration time [s]:   26.024        Total time [s]:  636.536

--------------------------------------------------------------------------------
                                BO ITERATION 26                                 
--------------------------------------------------------------------------------
| Evaluating objective function at 6.139E+00 2.976E+02 0.000E+00
| Objective function evaluated, time [s]       23.397
| Data point added to dataset (x i y): 
  6.1385268173E+00  2.9761174875E+02  0.0000000000E+00      -2.0299001723E+05

| Total ensemble size: 58
| Best acquisition, x_best i_best y_best:
  2.3517929617E+02  8.5557835690E-01  0.0000000000E+00      -2.0301236708E+05
| Global minimum prediction, x_hat mu_hat +- nu_hat:
  2.3740175862E+02  7.4251750168E-01  0.0000000000E+00      -2.0301237359E+05  3.7851473236E-07
| Global minimum convergence, d_xhat d_muhat:
  2.2065783158E-02  6.3903444971E-06

| GP model hyperparameters (lengthscales W kappa):
  6.3602554839E-01  5.9768300193E-01  1.1599519155E+01  8.4412833200E+00  1.0140482456E+01  5.8493520946E+00
| Next sampling location (x_next, i_next):
  3.0118896285E+01  1.6875019649E+02  0.0000000000E+00

Iteration time [s]:   25.947        Total time [s]:  662.484

--------------------------------------------------------------------------------
                                BO ITERATION 27                                 
--------------------------------------------------------------------------------
| Evaluating objective function at 3.012E+01 1.688E+02 0.000E+00
| Objective function evaluated, time [s]       23.873
| Acquisition location too confident, doing pure exploration
| Data point added to dataset (x i y): 
  3.0118896285E+01  1.6875019649E+02  0.0000000000E+00      -2.0300808388E+05

| Total ensemble size: 59
| Best acquisition, x_best i_best y_best:
  2.3517929617E+02  8.5557835690E-01  0.0000000000E+00      -2.0301236708E+05
| Global minimum prediction, x_hat mu_hat +- nu_hat:
  2.3740571552E+02  7.4057752973E-01  0.0000000000E+00      -2.0301237356E+05  3.5365977693E-07
| Global minimum convergence, d_xhat d_muhat:
  4.4068720756E-03  1.1471943869E-06

| GP model hyperparameters (lengthscales W kappa):
  6.4425198344E-01  6.0608009614E-01  1.1880015706E+01  8.6848597566E+00  1.0127161400E+01  5.8871491966E+00
| Next sampling location (x_next, i_next):
  1.8048682053E+02  9.1942505249E+01  0.0000000000E+00

Iteration time [s]:   27.025        Total time [s]:  689.510

--------------------------------------------------------------------------------
                                BO ITERATION 28                                 
--------------------------------------------------------------------------------
| Evaluating objective function at 1.805E+02 9.194E+01 0.000E+00
| Objective function evaluated, time [s]       23.233
| Acquisition location too confident, doing pure exploration
| Data point added to dataset (x i y): 
  1.8048682053E+02  9.1942505249E+01  0.0000000000E+00      -2.0299148320E+05

| Total ensemble size: 60
| Best acquisition, x_best i_best y_best:
  2.3517929617E+02  8.5557835690E-01  0.0000000000E+00      -2.0301236708E+05
| Global minimum prediction, x_hat mu_hat +- nu_hat:
  2.3736537517E+02  7.5025622939E-01  0.0000000000E+00      -2.0301237355E+05  3.6121907057E-07
| Global minimum convergence, d_xhat d_muhat:
  4.1485187341E-02  5.4347684700E-07

| GP model hyperparameters (lengthscales W kappa):
  6.3991825050E-01  5.9887453155E-01  1.1559376367E+01  8.4878363757E+00  9.8096239248E+00  5.7474055488E+00
| Next sampling location (x_next, i_next):
  1.2697774710E+02  1.1288733244E+02  0.0000000000E+00

Iteration time [s]:   26.272        Total time [s]:  715.782

--------------------------------------------------------------------------------
                                BO ITERATION 29                                 
--------------------------------------------------------------------------------
| Evaluating objective function at 1.270E+02 1.129E+02 0.000E+00
| Objective function evaluated, time [s]       23.122
| Data point added to dataset (x i y): 
  1.2697774710E+02  1.1288733244E+02  0.0000000000E+00      -2.0299351729E+05

| Total ensemble size: 61
| Best acquisition, x_best i_best y_best:
  2.3517929617E+02  8.5557835690E-01  0.0000000000E+00      -2.0301236708E+05
| Global minimum prediction, x_hat mu_hat +- nu_hat:
  2.3738068868E+02  7.4652904349E-01  0.0000000000E+00      -2.0301237355E+05  3.5266612555E-07
| Global minimum convergence, d_xhat d_muhat:
  1.5760569773E-02  8.3804533366E-08

| GP model hyperparameters (lengthscales W kappa):
  6.3942010562E-01  5.9389224877E-01  1.1237049164E+01  8.2946112375E+00  9.8733566975E+00  5.8907977670E+00
| Next sampling location (x_next, i_next):
  4.6276964504E+01  1.8705071319E+02  0.0000000000E+00

Iteration time [s]:   25.653        Total time [s]:  741.436

--------------------------------------------------------------------------------
                                BO ITERATION 30                                 
--------------------------------------------------------------------------------
| Evaluating objective function at 4.628E+01 1.871E+02 0.000E+00
| Objective function evaluated, time [s]       23.292
| Acquisition location too confident, doing pure exploration
| Data point added to dataset (x i y): 
  4.6276964504E+01  1.8705071319E+02  0.0000000000E+00      -2.0300918340E+05

| Total ensemble size: 62
| Best acquisition, x_best i_best y_best:
  2.3517929617E+02  8.5557835690E-01  0.0000000000E+00      -2.0301236708E+05
| Global minimum prediction, x_hat mu_hat +- nu_hat:
  2.3738293212E+02  7.4505676618E-01  0.0000000000E+00      -2.0301237352E+05  3.3086161535E-07
| Global minimum convergence, d_xhat d_muhat:
  2.6833924436E-03  9.8955151986E-07

| GP model hyperparameters (lengthscales W kappa):
  6.4793469891E-01  6.0031134071E-01  1.1414684638E+01  8.4607392165E+00  1.0289906304E+01  6.1245216996E+00
| Next sampling location (x_next, i_next):
  8.5853977689E+01  3.0612775539E+02  0.0000000000E+00

Iteration time [s]:   26.532        Total time [s]:  767.972

--------------------------------------------------------------------------------
                                BO ITERATION 31                                 
--------------------------------------------------------------------------------
| Evaluating objective function at 8.585E+01 3.061E+02 0.000E+00
| Objective function evaluated, time [s]       23.979
| Acquisition location too confident, doing pure exploration
| Data point added to dataset (x i y): 
  8.5853977689E+01  3.0612775539E+02  0.0000000000E+00      -2.0299507041E+05

| Total ensemble size: 63
| Best acquisition, x_best i_best y_best:
  2.3517929617E+02  8.5557835690E-01  0.0000000000E+00      -2.0301236708E+05
| Global minimum prediction, x_hat mu_hat +- nu_hat:
  2.3737934435E+02  7.5598289366E-01  0.0000000000E+00      -2.0301237372E+05  3.4726354228E-07
| Global minimum convergence, d_xhat d_muhat:
  1.1500102831E-02  7.7453431711E-06

| GP model hyperparameters (lengthscales W kappa):
  6.3834362081E-01  5.7953869306E-01  1.0611488414E+01  7.9414761414E+00  1.1434718153E+01  6.9349408489E+00
| Next sampling location (x_next, i_next):
  2.5794882781E+02  2.6742104448E+02  0.0000000000E+00

Iteration time [s]:   27.243        Total time [s]:  795.218

--------------------------------------------------------------------------------
                                BO ITERATION 32                                 
--------------------------------------------------------------------------------
| Evaluating objective function at 2.579E+02 2.674E+02 0.000E+00
| Objective function evaluated, time [s]       23.481
| Acquisition location too confident, doing pure exploration
| Data point added to dataset (x i y): 
  2.5794882781E+02  2.6742104448E+02  0.0000000000E+00      -2.0298955430E+05

| Total ensemble size: 64
| Best acquisition, x_best i_best y_best:
  2.3517929617E+02  8.5557835690E-01  0.0000000000E+00      -2.0301236708E+05
| Global minimum prediction, x_hat mu_hat +- nu_hat:
  2.3737745787E+02  7.5939268873E-01  0.0000000000E+00      -2.0301237373E+05  3.4410540719E-07
| Global minimum convergence, d_xhat d_muhat:
  3.8968572762E-03  4.9690306127E-07

| GP model hyperparameters (lengthscales W kappa):
  6.3342065892E-01  5.7589747507E-01 -1.0319870527E+01 -7.8974276650E+00  1.0397575874E+01  6.5406729425E+00
| Next sampling location (x_next, i_next):
  5.8181489933E+01  7.8499454311E+01  0.0000000000E+00

Iteration time [s]:   26.920        Total time [s]:  822.142

--------------------------------------------------------------------------------
                                BO ITERATION 33                                 
--------------------------------------------------------------------------------
| Evaluating objective function at 5.818E+01 7.850E+01 0.000E+00
| Objective function evaluated, time [s]       23.386
| Acquisition location too confident, doing pure exploration
| Data point added to dataset (x i y): 
  5.8181489933E+01  7.8499454311E+01  0.0000000000E+00      -2.0299041647E+05

| Total ensemble size: 65
| Best acquisition, x_best i_best y_best:
  2.3517929617E+02  8.5557835690E-01  0.0000000000E+00      -2.0301236708E+05
| Global minimum prediction, x_hat mu_hat +- nu_hat:
  2.3736961200E+02  7.6221457399E-01  0.0000000000E+00      -2.0301237376E+05  3.4288935593E-07
| Global minimum convergence, d_xhat d_muhat:
  8.3379062574E-03  1.4277474521E-06

| GP model hyperparameters (lengthscales W kappa):
  6.3161910120E-01  5.7609137685E-01  1.0291022078E+01  7.8267221609E+00  1.0010929923E+01  6.2283918792E+00
| Next sampling location (x_next, i_next):
  2.3037708366E+02  1.3113811213E+02  0.0000000000E+00

Iteration time [s]:   26.858        Total time [s]:  849.004

--------------------------------------------------------------------------------
                                BO ITERATION 34                                 
--------------------------------------------------------------------------------
| Evaluating objective function at 2.304E+02 1.311E+02 0.000E+00
| Objective function evaluated, time [s]       22.424
| Data point added to dataset (x i y): 
  2.3037708366E+02  1.3113811213E+02  0.0000000000E+00      -2.0299631434E+05

| Total ensemble size: 66
| Best acquisition, x_best i_best y_best:
  2.3517929617E+02  8.5557835690E-01  0.0000000000E+00      -2.0301236708E+05
| Global minimum prediction, x_hat mu_hat +- nu_hat:
  2.3737211521E+02  7.6269075899E-01  0.0000000000E+00      -2.0301237378E+05  3.2804056174E-07
| Global minimum convergence, d_xhat d_muhat:
  2.5481002126E-03  7.7577602682E-07

| GP model hyperparameters (lengthscales W kappa):
  6.3372195130E-01  5.7971973510E-01 -1.0309427790E+01 -7.9115203098E+00  9.6750145204E+00  6.1115919979E+00
| Next sampling location (x_next, i_next):
  2.0181268679E+02  1.7849154317E+02  0.0000000000E+00

Iteration time [s]:   25.768        Total time [s]:  874.777

--------------------------------------------------------------------------------
                                BO ITERATION 35                                 
--------------------------------------------------------------------------------
| Evaluating objective function at 2.018E+02 1.785E+02 0.000E+00
| Objective function evaluated, time [s]       22.077
| Acquisition location too confident, doing pure exploration
| Data point added to dataset (x i y): 
  2.0181268679E+02  1.7849154317E+02  0.0000000000E+00      -2.0300753264E+05

| Total ensemble size: 67
| Best acquisition, x_best i_best y_best:
  2.3517929617E+02  8.5557835690E-01  0.0000000000E+00      -2.0301236708E+05
| Global minimum prediction, x_hat mu_hat +- nu_hat:
  2.3737449336E+02  7.6093466217E-01  0.0000000000E+00      -2.0301237376E+05  3.2030550825E-07
| Global minimum convergence, d_xhat d_muhat:
  2.9562596097E-03  9.7802177441E-07

| GP model hyperparameters (lengthscales W kappa):
  6.3656561516E-01  5.8050160260E-01  1.0329096754E+01  7.9415807141E+00  9.8710331075E+00  6.2555931454E+00
| Next sampling location (x_next, i_next):
  1.2341837300E+02 -1.6402722830E+01  0.0000000000E+00

Iteration time [s]:   25.626        Total time [s]:  900.405

--------------------------------------------------------------------------------
                                BO ITERATION 36                                 
--------------------------------------------------------------------------------
| Evaluating objective function at 1.234E+02 -1.640E+01 0.000E+00
| Objective function evaluated, time [s]       23.219
| Acquisition location too confident, doing pure exploration
| Data point added to dataset (x i y): 
  1.2341837300E+02 -1.6402722830E+01  0.0000000000E+00      -2.0299171226E+05

| Total ensemble size: 68
| Best acquisition, x_best i_best y_best:
  2.3517929617E+02  8.5557835690E-01  0.0000000000E+00      -2.0301236708E+05
| Global minimum prediction, x_hat mu_hat +- nu_hat:
  2.3742092338E+02  7.3921863006E-01  0.0000000000E+00      -2.0301237346E+05  2.6862409710E-07
| Global minimum convergence, d_xhat d_muhat:
  5.1257509984E-02  1.2269932848E-05

| GP model hyperparameters (lengthscales W kappa):
  6.4235447053E-01  5.8540577400E-01  1.0977038672E+01  8.2168404847E+00  9.1747717997E+00  5.5604376714E+00
| Next sampling location (x_next, i_next):
  1.4103536552E+01  3.2698000297E+01  0.0000000000E+00

Iteration time [s]:   26.775        Total time [s]:  927.183

--------------------------------------------------------------------------------
                                BO ITERATION 37                                 
--------------------------------------------------------------------------------
| Evaluating objective function at 1.410E+01 3.270E+01 0.000E+00
| Objective function evaluated, time [s]       23.453
| Acquisition location too confident, doing pure exploration
| Data point added to dataset (x i y): 
  1.4103536552E+01  3.2698000297E+01  0.0000000000E+00      -2.0299648126E+05

| Total ensemble size: 69
| Best acquisition, x_best i_best y_best:
  2.3517929617E+02  8.5557835690E-01  0.0000000000E+00      -2.0301236708E+05
| Global minimum prediction, x_hat mu_hat +- nu_hat:
  2.3740948105E+02  7.4364008494E-01  0.0000000000E+00      -2.0301237347E+05  2.7928746773E-07
| Global minimum convergence, d_xhat d_muhat:
  1.2266872166E-02  1.8481741440E-07

| GP model hyperparameters (lengthscales W kappa):
  6.3659723173E-01  5.7828489405E-01 -1.0763670188E+01 -8.1328247795E+00  8.6780977319E+00  5.3510366896E+00
| Next sampling location (x_next, i_next):
  1.6435126571E+01  2.5003793268E+02  0.0000000000E+00

Iteration time [s]:   27.233        Total time [s]:  954.417

--------------------------------------------------------------------------------
                                BO ITERATION 38                                 
--------------------------------------------------------------------------------
| Evaluating objective function at 1.644E+01 2.500E+02 0.000E+00
| Objective function evaluated, time [s]       23.291
| Acquisition location too confident, doing pure exploration
| Data point added to dataset (x i y): 
  1.6435126571E+01  2.5003793268E+02  0.0000000000E+00      -2.0299240866E+05

| Total ensemble size: 70
| Best acquisition, x_best i_best y_best:
  2.3517929617E+02  8.5557835690E-01  0.0000000000E+00      -2.0301236708E+05
| Global minimum prediction, x_hat mu_hat +- nu_hat:
  2.3740369128E+02  7.4614252574E-01  0.0000000000E+00      -2.0301237351E+05  2.6167933767E-07
| Global minimum convergence, d_xhat d_muhat:
  6.3074259545E-03  1.6755135468E-06

| GP model hyperparameters (lengthscales W kappa):
  6.3688037889E-01  5.8098041197E-01 -1.0748033092E+01 -8.1775049207E+00  8.3313717776E+00  5.2064871304E+00
| Next sampling location (x_next, i_next):
  2.6328522599E+01 -2.0863199332E+01  0.0000000000E+00

Iteration time [s]:   27.175        Total time [s]:  981.592

--------------------------------------------------------------------------------
                                BO ITERATION 39                                 
--------------------------------------------------------------------------------
| Evaluating objective function at 2.633E+01 -2.086E+01 0.000E+00
| Objective function evaluated, time [s]       23.987
| Acquisition location too confident, doing pure exploration
| Data point added to dataset (x i y): 
  2.6328522599E+01 -2.0863199332E+01  0.0000000000E+00      -2.0299458686E+05

| Total ensemble size: 71
| Best acquisition, x_best i_best y_best:
  2.3517929617E+02  8.5557835690E-01  0.0000000000E+00      -2.0301236708E+05
| Global minimum prediction, x_hat mu_hat +- nu_hat:
  2.3742883422E+02  7.5078098438E-01  0.0000000000E+00      -2.0301237366E+05  2.9956783534E-07
| Global minimum convergence, d_xhat d_muhat:
  2.5567217575E-02  6.6007233605E-06

| GP model hyperparameters (lengthscales W kappa):
  6.2612492716E-01  5.3444666561E-01  9.8114890745E+00  7.5176605170E+00  8.3089070899E+00  5.2541352983E+00
| Next sampling location (x_next, i_next):
  1.9525905881E+02  2.8345861470E+02  0.0000000000E+00

Iteration time [s]:   27.913        Total time [s]: 1009.508

--------------------------------------------------------------------------------
                                BO ITERATION 40                                 
--------------------------------------------------------------------------------
| Evaluating objective function at 1.953E+02 2.835E+02 0.000E+00
| Objective function evaluated, time [s]       23.914
| Acquisition location too confident, doing pure exploration
| Data point added to dataset (x i y): 
  1.9525905881E+02  2.8345861470E+02  0.0000000000E+00      -2.0298906825E+05

| Total ensemble size: 72
| Best acquisition, x_best i_best y_best:
  2.3517929617E+02  8.5557835690E-01  0.0000000000E+00      -2.0301236708E+05
| Global minimum prediction, x_hat mu_hat +- nu_hat:
  2.3744027124E+02  7.5291069087E-01  0.0000000000E+00      -2.0301237374E+05  2.6812155864E-07
| Global minimum convergence, d_xhat d_muhat:
  1.1633619357E-02  3.1557917066E-06

| GP model hyperparameters (lengthscales W kappa):
  6.2724166158E-01  5.3471736376E-01 -9.8242804440E+00 -7.5719698127E+00  7.7672828552E+00  4.9768581701E+00
| Next sampling location (x_next, i_next):
  4.2708629377E+00  1.2011621496E+02  0.0000000000E+00

Iteration time [s]:   27.837        Total time [s]: 1037.347

--------------------------------------------------------------------------------
                                BO ITERATION 41                                 
--------------------------------------------------------------------------------
| Evaluating objective function at 4.271E+00 1.201E+02 0.000E+00
| Objective function evaluated, time [s]       23.352
| Acquisition location too confident, doing pure exploration
| Data point added to dataset (x i y): 
  4.2708629377E+00  1.2011621496E+02  0.0000000000E+00      -2.0299474973E+05

| Total ensemble size: 73
| Best acquisition, x_best i_best y_best:
  2.3517929617E+02  8.5557835690E-01  0.0000000000E+00      -2.0301236708E+05
| Global minimum prediction, x_hat mu_hat +- nu_hat:
  2.3744115394E+02  7.5224621903E-01  0.0000000000E+00      -2.0301237373E+05  2.5475471501E-07
| Global minimum convergence, d_xhat d_muhat:
  1.1048499518E-03  4.1070101771E-07

| GP model hyperparameters (lengthscales W kappa):
  6.3028790029E-01  5.3839688422E-01  9.8772514220E+00  7.6409083707E+00  7.6420245101E+00  4.9317808328E+00
| Next sampling location (x_next, i_next):
 -4.2488815306E+01  2.7552008489E+02  0.0000000000E+00

Iteration time [s]:   27.431        Total time [s]: 1064.778

--------------------------------------------------------------------------------
                                BO ITERATION 42                                 
--------------------------------------------------------------------------------
| Evaluating objective function at -4.249E+01 2.755E+02 0.000E+00
| Objective function evaluated, time [s]       23.213
| Acquisition location too confident, doing pure exploration
| Data point added to dataset (x i y): 
 -4.2488815306E+01  2.7552008489E+02  0.0000000000E+00      -2.0299208047E+05

| Total ensemble size: 74
| Best acquisition, x_best i_best y_best:
  2.3517929617E+02  8.5557835690E-01  0.0000000000E+00      -2.0301236708E+05
| Global minimum prediction, x_hat mu_hat +- nu_hat:
  2.3738276167E+02  7.7225457113E-01  0.0000000000E+00      -2.0301237390E+05  2.7634118807E-07
| Global minimum convergence, d_xhat d_muhat:
  6.1725132378E-02  7.1242742438E-06

| GP model hyperparameters (lengthscales W kappa):
  6.1590974807E-01  5.2641849901E-01  9.3655655048E+00  7.3535173321E+00  7.3278966013E+00  4.8572035697E+00
| Next sampling location (x_next, i_next):
  1.6019065508E+02  5.6831610844E+01  0.0000000000E+00

Iteration time [s]:   27.490        Total time [s]: 1092.269

--------------------------------------------------------------------------------
                                BO ITERATION 43                                 
--------------------------------------------------------------------------------
| Evaluating objective function at 1.602E+02 5.683E+01 0.000E+00
| Objective function evaluated, time [s]       23.823
| Acquisition location too confident, doing pure exploration
| Data point added to dataset (x i y): 
  1.6019065508E+02  5.6831610844E+01  0.0000000000E+00      -2.0299675160E+05

| Total ensemble size: 75
| Best acquisition, x_best i_best y_best:
  2.3517929617E+02  8.5557835690E-01  0.0000000000E+00      -2.0301236708E+05
| Global minimum prediction, x_hat mu_hat +- nu_hat:
  2.3740628597E+02  7.6376908695E-01  0.0000000000E+00      -2.0301237406E+05  3.5177401072E-07
| Global minimum convergence, d_xhat d_muhat:
  2.5007920800E-02  6.9092732788E-06

| GP model hyperparameters (lengthscales W kappa):
  5.8507011902E-01  5.2629574856E-01  9.2539642242E+00  7.1528405290E+00  6.2910294597E+00  4.1135561041E+00
| Next sampling location (x_next, i_next):
 -3.8794201498E+01  4.9230031576E+01  0.0000000000E+00

Iteration time [s]:   28.114        Total time [s]: 1120.384

--------------------------------------------------------------------------------
                                BO ITERATION 44                                 
--------------------------------------------------------------------------------
| Evaluating objective function at -3.879E+01 4.923E+01 0.000E+00
| Objective function evaluated, time [s]       23.522
| Acquisition location too confident, doing pure exploration
| Data point added to dataset (x i y): 
 -3.8794201498E+01  4.9230031576E+01  0.0000000000E+00      -2.0299116014E+05

| Total ensemble size: 76
| Best acquisition, x_best i_best y_best:
  2.3517929617E+02  8.5557835690E-01  0.0000000000E+00      -2.0301236708E+05
| Global minimum prediction, x_hat mu_hat +- nu_hat:
  2.3740165210E+02  7.6727802075E-01  0.0000000000E+00      -2.0301237410E+05  2.9689119243E-07
| Global minimum convergence, d_xhat d_muhat:
  5.8125138229E-03  1.6771955006E-06

| GP model hyperparameters (lengthscales W kappa):
  5.8731934083E-01  5.2781343020E-01  9.2438631805E+00  7.1683823600E+00  6.1819905117E+00  4.0690954544E+00
| Next sampling location (x_next, i_next):
  1.4995383719E+02  3.1000000000E+02  0.0000000000E+00

Iteration time [s]:   27.652        Total time [s]: 1148.037

--------------------------------------------------------------------------------
                                BO ITERATION 45                                 
--------------------------------------------------------------------------------
| Evaluating objective function at 1.500E+02 3.100E+02 0.000E+00
| Objective function evaluated, time [s]       24.269
| Acquisition location too confident, doing pure exploration
| Data point added to dataset (x i y): 
  1.4995383719E+02  3.1000000000E+02  0.0000000000E+00      -2.0299100530E+05

| Total ensemble size: 77
| Best acquisition, x_best i_best y_best:
  2.3517929617E+02  8.5557835690E-01  0.0000000000E+00      -2.0301236708E+05
| Global minimum prediction, x_hat mu_hat +- nu_hat:
  2.3738410444E+02  7.8910910391E-01  0.0000000000E+00      -2.0301237449E+05  3.3014912573E-07
| Global minimum convergence, d_xhat d_muhat:
  2.8009223272E-02  1.6202700012E-05

| GP model hyperparameters (lengthscales W kappa):
  5.6995968821E-01  4.9728587621E-01 -8.5920203117E+00 -6.7926404286E+00  5.4149035888E+00  3.7141584115E+00
| Next sampling location (x_next, i_next):
  2.8882214769E+02  7.0572915449E+01  0.0000000000E+00

Iteration time [s]:   28.890        Total time [s]: 1176.930

--------------------------------------------------------------------------------
                                BO ITERATION 46                                 
--------------------------------------------------------------------------------
| Evaluating objective function at 2.888E+02 7.057E+01 0.000E+00
| Objective function evaluated, time [s]       23.355
| Acquisition location too confident, doing pure exploration
| Data point added to dataset (x i y): 
  2.8882214769E+02  7.0572915449E+01  0.0000000000E+00      -2.0298986495E+05

| Total ensemble size: 78
| Best acquisition, x_best i_best y_best:
  2.3517929617E+02  8.5557835690E-01  0.0000000000E+00      -2.0301236708E+05
| Global minimum prediction, x_hat mu_hat +- nu_hat:
  2.3738144898E+02  7.8804777835E-01  0.0000000000E+00      -2.0301237444E+05  3.1889317667E-07
| Global minimum convergence, d_xhat d_muhat:
  2.8597048385E-03  2.0205350961E-06

| GP model hyperparameters (lengthscales W kappa):
  5.7076987640E-01  4.9353810792E-01 -8.4782526292E+00 -6.7193774381E+00  5.2730428556E+00  3.6384666972E+00
| Next sampling location (x_next, i_next):
  2.7803889736E+02  1.3972848897E+02  0.0000000000E+00

Iteration time [s]:   27.726        Total time [s]: 1204.660

--------------------------------------------------------------------------------
                                BO ITERATION 47                                 
--------------------------------------------------------------------------------
| Evaluating objective function at 2.780E+02 1.397E+02 0.000E+00
| Objective function evaluated, time [s]       22.371
| Acquisition location too confident, doing pure exploration
| Data point added to dataset (x i y): 
  2.7803889736E+02  1.3972848897E+02  0.0000000000E+00      -2.0300040477E+05

| Total ensemble size: 79
| Best acquisition, x_best i_best y_best:
  2.3517929617E+02  8.5557835690E-01  0.0000000000E+00      -2.0301236708E+05
| Global minimum prediction, x_hat mu_hat +- nu_hat:
  2.3738585941E+02  7.8719120485E-01  0.0000000000E+00      -2.0301237443E+05  3.0114926188E-07
| Global minimum convergence, d_xhat d_muhat:
  4.4928391295E-03  1.2457672316E-07

| GP model hyperparameters (lengthscales W kappa):
  5.7519867859E-01  4.9587830964E-01  8.5061483960E+00  6.7539428751E+00  5.3918502218E+00  3.7239802087E+00
| Next sampling location (x_next, i_next):
  1.5321552999E+02  2.3342112698E+02  0.0000000000E+00

Iteration time [s]:   27.075        Total time [s]: 1231.735

--------------------------------------------------------------------------------
                                BO ITERATION 48                                 
--------------------------------------------------------------------------------
| Evaluating objective function at 1.532E+02 2.334E+02 0.000E+00
| Objective function evaluated, time [s]       23.389
| Acquisition location too confident, doing pure exploration
| Data point added to dataset (x i y): 
  1.5321552999E+02  2.3342112698E+02  0.0000000000E+00      -2.0299635420E+05

| Total ensemble size: 80
| Best acquisition, x_best i_best y_best:
  2.3517929617E+02  8.5557835690E-01  0.0000000000E+00      -2.0301236708E+05
| Global minimum prediction, x_hat mu_hat +- nu_hat:
  2.3738273261E+02  7.8956010196E-01  0.0000000000E+00      -2.0301237447E+05  2.9584707830E-07
| Global minimum convergence, d_xhat d_muhat:
  3.9228226621E-03  1.4772139809E-06

| GP model hyperparameters (lengthscales W kappa):
  5.7496009037E-01  4.9999451913E-01  8.5629669399E+00  6.7904747639E+00  5.2770025376E+00  3.6444321526E+00
| Next sampling location (x_next, i_next):
  5.2371838190E+01  2.7997220951E+02  0.0000000000E+00

Iteration time [s]:   27.997        Total time [s]: 1259.736

--------------------------------------------------------------------------------
                                BO ITERATION 49                                 
--------------------------------------------------------------------------------
| Evaluating objective function at 5.237E+01 2.800E+02 0.000E+00
| Objective function evaluated, time [s]       23.410
| Acquisition location too confident, doing pure exploration
| Data point added to dataset (x i y): 
  5.2371838190E+01  2.7997220951E+02  0.0000000000E+00      -2.0299030625E+05

| Total ensemble size: 81
| Best acquisition, x_best i_best y_best:
  2.3517929617E+02  8.5557835690E-01  0.0000000000E+00      -2.0301236708E+05
| Global minimum prediction, x_hat mu_hat +- nu_hat:
  2.3738623635E+02  7.8655581817E-01  0.0000000000E+00      -2.0301237439E+05  4.2992036766E-07
| Global minimum convergence, d_xhat d_muhat:
  4.6154010354E-03  3.4381822776E-06

| GP model hyperparameters (lengthscales W kappa):
  5.3715454945E-01  4.7927196252E-01 -7.8890074526E+00 -6.2549108592E+00  5.0833404932E+00  3.5200928844E+00
| Next sampling location (x_next, i_next):
  2.1470634981E+02  6.6552758565E+01  0.0000000000E+00

Iteration time [s]:   28.185        Total time [s]: 1287.925

--------------------------------------------------------------------------------
                                BO ITERATION 50                                 
--------------------------------------------------------------------------------
| Evaluating objective function at 2.147E+02 6.655E+01 0.000E+00
| Objective function evaluated, time [s]       23.074
| Acquisition location too confident, doing pure exploration
| Data point added to dataset (x i y): 
  2.1470634981E+02  6.6552758565E+01  0.0000000000E+00      -2.0299394949E+05

| Total ensemble size: 82
| Best acquisition, x_best i_best y_best:
  2.3517929617E+02  8.5557835690E-01  0.0000000000E+00      -2.0301236708E+05
| Global minimum prediction, x_hat mu_hat +- nu_hat:
  2.3738379572E+02  7.8796402610E-01  0.0000000000E+00      -2.0301237447E+05  4.3395029605E-07
| Global minimum convergence, d_xhat d_muhat:
  2.8177489719E-03  3.5043710140E-06

| GP model hyperparameters (lengthscales W kappa):
  5.3309587273E-01  4.8338385342E-01 -7.8888756803E+00 -6.2375803989E+00  4.9472513284E+00  3.4188883524E+00
| Next sampling location (x_next, i_next):
  1.0184453879E+02  2.6845586823E+02  0.0000000000E+00

Iteration time [s]:   27.892        Total time [s]: 1315.817

|| Bayesian optimization completed, time [s]     1315.799


--------------------------------------------------------------------------------
                        BOSS is done! Have a nice day :)                        

      Datetime 15-08-2020 00:46:06            Total time [s]     1315.818       
--------------------------------------------------------------------------------
