
-----------------------------   Welcome to ....   ------------------------------
                      _______  _______ _______ _______ 
                     |   _   \|   _   |   _   |   _   |
                     |.  1   /|.  |   |   1___|   1___|
                     |.  _   \|.  |   |____   |____   |
                     |:  1    |:  1   |:  1   |:  1   |
                     |::.. .  |::.. . |::.. . |::.. . |
                     `-------'`-------`-------`-------'

                                 Version 0.9.15                                 
                              05-08-2020 18:08:28                               
--------------------------------------------------------------------------------

| Reading BOSS input file from: in_2D
| Initializing...

--------------------------------------------------------------------------------
                                   INPUT FILE                                   
--------------------------------------------------------------------------------
# input file for alanine 2D (d4-d13)

# optimization
userfn       userfn_2D.py
bounds       -50 310; -50 310
num_tasks    2
kernel       stdp
initpts      2 30
iterpts      50
verbosity    2
kappa_prior  gamma
kappa_priorparam 2 0.014


RESULTS:
2.641056078104335E+01 7.154241575008155E+01 0 -2.029913941476663E+05 
2.078464496707624E+02 1.628550537582000E+02 0 -2.030057336611933E+05 
2.421534465069330E+02 2.633352269557053E+02 1 3.805900000000000E+01 
3.310803049862162E+01 -1.970722520460363E+01 1 3.020540000000000E+01 
2.411560109799431E+02 1.116421394385560E+02 1 3.706970000000000E+01 
1.102671860534981E+01 9.742003097880874E+01 1 3.424190000000000E+01 
-7.455331526105866E+00 4.564464682749346E+00 1 3.485030000000000E+01 
8.320533387154148E+01 2.021157584103157E+00 1 2.834910000000000E+01 
9.826786999354022E+01 1.416329490334821E+02 1 2.432950000000000E+01 
9.835617985426326E+01 1.805660480745126E+02 1 1.942850000000000E+01 
1.604976143323062E+02 2.302382404661301E+02 1 2.896510000000000E+01 
1.517790558352216E+02 7.639544115391796E+01 1 3.117700000000000E+01 
1.178829929871269E+02 1.397128915621133E+00 1 3.486660000000000E+01 
2.650155832595686E+02 1.860887643978416E+02 1 2.514990000000000E+01 
1.149075584475451E+02 2.992958553003366E+02 1 3.553790000000000E+01 
2.145277872000365E+02 9.290392805891857E+01 1 3.603940000000000E+01 
1.464886137354169E+01 2.605376387459078E+01 1 3.174230000000000E+01 
-1.446624388458769E+01 6.249956011029189E+01 1 3.700140000000000E+01 
1.146984072071840E+02 2.557414526498257E+02 1 3.376910000000000E+01 
4.173414660896490E+01 2.521890389220300E+02 1 3.040470000000000E+01 
5.309800536408530E+01 1.379544364517069E+01 1 2.533370000000000E+01 
6.927196222834422E+01 1.903275670720306E+02 1 1.804090000000000E+01 
1.406925824606882E+02 1.317925859976203E+02 1 2.689540000000000E+01 
2.844764252571555E+02 2.018504602155704E+02 1 2.386810000000000E+01 
5.619866131005055E+01 1.816582494479179E+02 1 1.751380000000000E+01 
2.018008998438317E+02 6.364271508068878E+01 1 3.072070000000000E+01 
1.810453631699466E+02 1.975707711409147E+02 1 2.283090000000000E+01 
1.381530077691099E+02 -3.800481738415608E+01 1 3.539610000000000E+01 
1.701437662749357E+02 1.092791285309866E+02 1 3.032500000000000E+01 
4.268477239925189E+01 1.585845895949206E+02 1 1.971440000000000E+01 
2.741160679347405E+02 -1.392087463475717E+00 1 1.873000000000000E+01 
8.079696019574098E+01 2.631540295068945E+02 1 3.188980000000000E+01 
--------------------------------------------------------------------------------
                               SIMULATION OPTIONS                               
--------------------------------------------------------------------------------
|| File input/output 
ipfile         in_2D
userfn         userfn_2D.py
outfile        boss.out
rstfile        boss.rst

|| Key settings 
num_tasks         2
bounds         -5.000E+01 3.100E+02;    -5.000E+01 3.100E+02
kerntype       stdp stdp
yrange         -5.000E+01 3.100E+02;    -5.000E+01 3.100E+02
noise          1.000E-12
initpts    2 30    iterpts   50
gm_tol         none
verbosity      2

|| Data acquisition 
acqfn                elcb
acqtol               1.000E-03

|| GP hyperparameters 
thetainit       1.000E+00 3.142E-01
thetabounds     none
thetaprior      gamma
thetapriorpar   1.000E+00 1.000E+00;    3.368E+00 9.020E+00;    3.368E+00 9.020E+00

|| Hyperparameter optimization
updatefreq   1  initupdate      True
updateoffset 0  updaterestarts  2


--------------------------------------------------------------------------------
                              INITIAL DATAPOINT 1                               
--------------------------------------------------------------------------------
| Data point added to dataset (x i y): 
  2.6410560781E+01  7.1542415750E+01  0.0000000000E+00      -2.0299139415E+05

| Total ensemble size: 1
| Next sampling location (x_next, i_next):
  2.0784644967E+02  1.6285505376E+02  0.0000000000E+00

Iteration time [s]:    0.001        Total time [s]:    0.082

--------------------------------------------------------------------------------
                              INITIAL DATAPOINT 2                               
--------------------------------------------------------------------------------
| Data point added to dataset (x i y): 
  2.0784644967E+02  1.6285505376E+02  0.0000000000E+00      -2.0300573366E+05

| Total ensemble size: 2
| Next sampling location (x_next, i_next):
  2.4215344651E+02  2.6333522696E+02  1.0000000000E+00

Iteration time [s]:    0.001        Total time [s]:    0.083

--------------------------------------------------------------------------------
                              INITIAL DATAPOINT 3                               
--------------------------------------------------------------------------------
| Data point added to dataset (x i y): 
  2.4215344651E+02  2.6333522696E+02  1.0000000000E+00       3.8059000000E+01

| Total ensemble size: 3
| Next sampling location (x_next, i_next):
  3.3108030499E+01 -1.9707225205E+01  1.0000000000E+00

Iteration time [s]:    0.001        Total time [s]:    0.084

--------------------------------------------------------------------------------
                              INITIAL DATAPOINT 4                               
--------------------------------------------------------------------------------
| Data point added to dataset (x i y): 
  3.3108030499E+01 -1.9707225205E+01  1.0000000000E+00       3.0205400000E+01

| Total ensemble size: 4
| Next sampling location (x_next, i_next):
  2.4115601098E+02  1.1164213944E+02  1.0000000000E+00

Iteration time [s]:    0.001        Total time [s]:    0.085

--------------------------------------------------------------------------------
                              INITIAL DATAPOINT 5                               
--------------------------------------------------------------------------------
| Data point added to dataset (x i y): 
  2.4115601098E+02  1.1164213944E+02  1.0000000000E+00       3.7069700000E+01

| Total ensemble size: 5
| Next sampling location (x_next, i_next):
  1.1026718605E+01  9.7420030979E+01  1.0000000000E+00

Iteration time [s]:    0.001        Total time [s]:    0.086

--------------------------------------------------------------------------------
                              INITIAL DATAPOINT 6                               
--------------------------------------------------------------------------------
| Data point added to dataset (x i y): 
  1.1026718605E+01  9.7420030979E+01  1.0000000000E+00       3.4241900000E+01

| Total ensemble size: 6
| Next sampling location (x_next, i_next):
 -7.4553315261E+00  4.5644646827E+00  1.0000000000E+00

Iteration time [s]:    0.001        Total time [s]:    0.087

--------------------------------------------------------------------------------
                              INITIAL DATAPOINT 7                               
--------------------------------------------------------------------------------
| Data point added to dataset (x i y): 
 -7.4553315261E+00  4.5644646827E+00  1.0000000000E+00       3.4850300000E+01

| Total ensemble size: 7
| Next sampling location (x_next, i_next):
  8.3205333872E+01  2.0211575841E+00  1.0000000000E+00

Iteration time [s]:    0.001        Total time [s]:    0.088

--------------------------------------------------------------------------------
                              INITIAL DATAPOINT 8                               
--------------------------------------------------------------------------------
| Data point added to dataset (x i y): 
  8.3205333872E+01  2.0211575841E+00  1.0000000000E+00       2.8349100000E+01

| Total ensemble size: 8
| Next sampling location (x_next, i_next):
  9.8267869994E+01  1.4163294903E+02  1.0000000000E+00

Iteration time [s]:    0.001        Total time [s]:    0.089

--------------------------------------------------------------------------------
                              INITIAL DATAPOINT 9                               
--------------------------------------------------------------------------------
| Data point added to dataset (x i y): 
  9.8267869994E+01  1.4163294903E+02  1.0000000000E+00       2.4329500000E+01

| Total ensemble size: 9
| Next sampling location (x_next, i_next):
  9.8356179854E+01  1.8056604807E+02  1.0000000000E+00

Iteration time [s]:    0.001        Total time [s]:    0.090

--------------------------------------------------------------------------------
                              INITIAL DATAPOINT 10                              
--------------------------------------------------------------------------------
| Data point added to dataset (x i y): 
  9.8356179854E+01  1.8056604807E+02  1.0000000000E+00       1.9428500000E+01

| Total ensemble size: 10
| Next sampling location (x_next, i_next):
  1.6049761433E+02  2.3023824047E+02  1.0000000000E+00

Iteration time [s]:    0.001        Total time [s]:    0.092

--------------------------------------------------------------------------------
                              INITIAL DATAPOINT 11                              
--------------------------------------------------------------------------------
| Data point added to dataset (x i y): 
  1.6049761433E+02  2.3023824047E+02  1.0000000000E+00       2.8965100000E+01

| Total ensemble size: 11
| Next sampling location (x_next, i_next):
  1.5177905584E+02  7.6395441154E+01  1.0000000000E+00

Iteration time [s]:    0.001        Total time [s]:    0.093

--------------------------------------------------------------------------------
                              INITIAL DATAPOINT 12                              
--------------------------------------------------------------------------------
| Data point added to dataset (x i y): 
  1.5177905584E+02  7.6395441154E+01  1.0000000000E+00       3.1177000000E+01

| Total ensemble size: 12
| Next sampling location (x_next, i_next):
  1.1788299299E+02  1.3971289156E+00  1.0000000000E+00

Iteration time [s]:    0.001        Total time [s]:    0.094

--------------------------------------------------------------------------------
                              INITIAL DATAPOINT 13                              
--------------------------------------------------------------------------------
| Data point added to dataset (x i y): 
  1.1788299299E+02  1.3971289156E+00  1.0000000000E+00       3.4866600000E+01

| Total ensemble size: 13
| Next sampling location (x_next, i_next):
  2.6501558326E+02  1.8608876440E+02  1.0000000000E+00

Iteration time [s]:    0.001        Total time [s]:    0.095

--------------------------------------------------------------------------------
                              INITIAL DATAPOINT 14                              
--------------------------------------------------------------------------------
| Data point added to dataset (x i y): 
  2.6501558326E+02  1.8608876440E+02  1.0000000000E+00       2.5149900000E+01

| Total ensemble size: 14
| Next sampling location (x_next, i_next):
  1.1490755845E+02  2.9929585530E+02  1.0000000000E+00

Iteration time [s]:    0.001        Total time [s]:    0.096

--------------------------------------------------------------------------------
                              INITIAL DATAPOINT 15                              
--------------------------------------------------------------------------------
| Data point added to dataset (x i y): 
  1.1490755845E+02  2.9929585530E+02  1.0000000000E+00       3.5537900000E+01

| Total ensemble size: 15
| Next sampling location (x_next, i_next):
  2.1452778720E+02  9.2903928059E+01  1.0000000000E+00

Iteration time [s]:    0.001        Total time [s]:    0.097

--------------------------------------------------------------------------------
                              INITIAL DATAPOINT 16                              
--------------------------------------------------------------------------------
| Data point added to dataset (x i y): 
  2.1452778720E+02  9.2903928059E+01  1.0000000000E+00       3.6039400000E+01

| Total ensemble size: 16
| Next sampling location (x_next, i_next):
  1.4648861374E+01  2.6053763875E+01  1.0000000000E+00

Iteration time [s]:    0.001        Total time [s]:    0.098

--------------------------------------------------------------------------------
                              INITIAL DATAPOINT 17                              
--------------------------------------------------------------------------------
| Data point added to dataset (x i y): 
  1.4648861374E+01  2.6053763875E+01  1.0000000000E+00       3.1742300000E+01

| Total ensemble size: 17
| Next sampling location (x_next, i_next):
 -1.4466243885E+01  6.2499560110E+01  1.0000000000E+00

Iteration time [s]:    0.001        Total time [s]:    0.099

--------------------------------------------------------------------------------
                              INITIAL DATAPOINT 18                              
--------------------------------------------------------------------------------
| Data point added to dataset (x i y): 
 -1.4466243885E+01  6.2499560110E+01  1.0000000000E+00       3.7001400000E+01

| Total ensemble size: 18
| Next sampling location (x_next, i_next):
  1.1469840721E+02  2.5574145265E+02  1.0000000000E+00

Iteration time [s]:    0.001        Total time [s]:    0.100

--------------------------------------------------------------------------------
                              INITIAL DATAPOINT 19                              
--------------------------------------------------------------------------------
| Data point added to dataset (x i y): 
  1.1469840721E+02  2.5574145265E+02  1.0000000000E+00       3.3769100000E+01

| Total ensemble size: 19
| Next sampling location (x_next, i_next):
  4.1734146609E+01  2.5218903892E+02  1.0000000000E+00

Iteration time [s]:    0.001        Total time [s]:    0.102

--------------------------------------------------------------------------------
                              INITIAL DATAPOINT 20                              
--------------------------------------------------------------------------------
| Data point added to dataset (x i y): 
  4.1734146609E+01  2.5218903892E+02  1.0000000000E+00       3.0404700000E+01

| Total ensemble size: 20
| Next sampling location (x_next, i_next):
  5.3098005364E+01  1.3795443645E+01  1.0000000000E+00

Iteration time [s]:    0.001        Total time [s]:    0.103

--------------------------------------------------------------------------------
                              INITIAL DATAPOINT 21                              
--------------------------------------------------------------------------------
| Data point added to dataset (x i y): 
  5.3098005364E+01  1.3795443645E+01  1.0000000000E+00       2.5333700000E+01

| Total ensemble size: 21
| Next sampling location (x_next, i_next):
  6.9271962228E+01  1.9032756707E+02  1.0000000000E+00

Iteration time [s]:    0.001        Total time [s]:    0.104

--------------------------------------------------------------------------------
                              INITIAL DATAPOINT 22                              
--------------------------------------------------------------------------------
| Data point added to dataset (x i y): 
  6.9271962228E+01  1.9032756707E+02  1.0000000000E+00       1.8040900000E+01

| Total ensemble size: 22
| Next sampling location (x_next, i_next):
  1.4069258246E+02  1.3179258600E+02  1.0000000000E+00

Iteration time [s]:    0.001        Total time [s]:    0.105

--------------------------------------------------------------------------------
                              INITIAL DATAPOINT 23                              
--------------------------------------------------------------------------------
| Data point added to dataset (x i y): 
  1.4069258246E+02  1.3179258600E+02  1.0000000000E+00       2.6895400000E+01

| Total ensemble size: 23
| Next sampling location (x_next, i_next):
  2.8447642526E+02  2.0185046022E+02  1.0000000000E+00

Iteration time [s]:    0.001        Total time [s]:    0.106

--------------------------------------------------------------------------------
                              INITIAL DATAPOINT 24                              
--------------------------------------------------------------------------------
| Data point added to dataset (x i y): 
  2.8447642526E+02  2.0185046022E+02  1.0000000000E+00       2.3868100000E+01

| Total ensemble size: 24
| Next sampling location (x_next, i_next):
  5.6198661310E+01  1.8165824945E+02  1.0000000000E+00

Iteration time [s]:    0.001        Total time [s]:    0.107

--------------------------------------------------------------------------------
                              INITIAL DATAPOINT 25                              
--------------------------------------------------------------------------------
| Data point added to dataset (x i y): 
  5.6198661310E+01  1.8165824945E+02  1.0000000000E+00       1.7513800000E+01

| Total ensemble size: 25
| Next sampling location (x_next, i_next):
  2.0180089984E+02  6.3642715081E+01  1.0000000000E+00

Iteration time [s]:    0.001        Total time [s]:    0.108

--------------------------------------------------------------------------------
                              INITIAL DATAPOINT 26                              
--------------------------------------------------------------------------------
| Data point added to dataset (x i y): 
  2.0180089984E+02  6.3642715081E+01  1.0000000000E+00       3.0720700000E+01

| Total ensemble size: 26
| Next sampling location (x_next, i_next):
  1.8104536317E+02  1.9757077114E+02  1.0000000000E+00

Iteration time [s]:    0.001        Total time [s]:    0.109

--------------------------------------------------------------------------------
                              INITIAL DATAPOINT 27                              
--------------------------------------------------------------------------------
| Data point added to dataset (x i y): 
  1.8104536317E+02  1.9757077114E+02  1.0000000000E+00       2.2830900000E+01

| Total ensemble size: 27
| Next sampling location (x_next, i_next):
  1.3815300777E+02 -3.8004817384E+01  1.0000000000E+00

Iteration time [s]:    0.001        Total time [s]:    0.110

--------------------------------------------------------------------------------
                              INITIAL DATAPOINT 28                              
--------------------------------------------------------------------------------
| Data point added to dataset (x i y): 
  1.3815300777E+02 -3.8004817384E+01  1.0000000000E+00       3.5396100000E+01

| Total ensemble size: 28
| Next sampling location (x_next, i_next):
  1.7014376627E+02  1.0927912853E+02  1.0000000000E+00

Iteration time [s]:    0.001        Total time [s]:    0.111

--------------------------------------------------------------------------------
                              INITIAL DATAPOINT 29                              
--------------------------------------------------------------------------------
| Data point added to dataset (x i y): 
  1.7014376627E+02  1.0927912853E+02  1.0000000000E+00       3.0325000000E+01

| Total ensemble size: 29
| Next sampling location (x_next, i_next):
  4.2684772399E+01  1.5858458959E+02  1.0000000000E+00

Iteration time [s]:    0.001        Total time [s]:    0.112

--------------------------------------------------------------------------------
                              INITIAL DATAPOINT 30                              
--------------------------------------------------------------------------------
| Data point added to dataset (x i y): 
  4.2684772399E+01  1.5858458959E+02  1.0000000000E+00       1.9714400000E+01

| Total ensemble size: 30
| Next sampling location (x_next, i_next):
  2.7411606793E+02 -1.3920874635E+00  1.0000000000E+00

Iteration time [s]:    0.001        Total time [s]:    0.114

--------------------------------------------------------------------------------
                              INITIAL DATAPOINT 31                              
--------------------------------------------------------------------------------
| Data point added to dataset (x i y): 
  2.7411606793E+02 -1.3920874635E+00  1.0000000000E+00       1.8730000000E+01

| Total ensemble size: 31
| Next sampling location (x_next, i_next):
  8.0796960196E+01  2.6315402951E+02  1.0000000000E+00

Iteration time [s]:    0.001        Total time [s]:    0.115

--------------------------------------------------------------------------------
                              INITIAL DATAPOINT 32                              
--------------------------------------------------------------------------------
| Data point added to dataset (x i y): 
  8.0796960196E+01  2.6315402951E+02  1.0000000000E+00       3.1889800000E+01

| Total ensemble size: 32
| Best acquisition, x_best i_best y_best:
  2.0784644967E+02  1.6285505376E+02  0.0000000000E+00      -2.0300573366E+05
| Global minimum prediction, x_hat mu_hat +- nu_hat:
  1.9541120141E+02  1.7343133054E+02  0.0000000000E+00      -2.0300609119E+05  4.9292042587E+00

| GP model hyperparameters (lengthscales W kappa):
  5.1154161409E-01  5.1501700097E-01  3.7787868448E+00  2.9037073590E+00  5.4280051685E+01  4.6735249464E+01
| Next sampling location (x_next, i_next):
  2.4675518995E+02 -3.2007907144E+00  0.0000000000E+00

Iteration time [s]:    1.424        Total time [s]:    1.539

--------------------------------------------------------------------------------
                                 BO ITERATION 1                                 
--------------------------------------------------------------------------------
| Evaluating objective function at 2.468E+02 -3.201E+00 0.000E+00
| Objective function evaluated, time [s]       30.384
| Data point added to dataset (x i y): 
  2.4675518995E+02 -3.2007907144E+00  0.0000000000E+00      -2.0301226980E+05

| Total ensemble size: 33
| Best acquisition, x_best i_best y_best:
  2.4675518995E+02 -3.2007907144E+00  0.0000000000E+00      -2.0301226980E+05
| Global minimum prediction, x_hat mu_hat +- nu_hat:
  2.5465912600E+02  3.4761449482E-01  0.0000000000E+00      -2.0301248568E+05  1.6948916095E+00
| Global minimum convergence, d_xhat d_muhat:
  1.8294340471E+02  2.7436973128E-01

| GP model hyperparameters (lengthscales W kappa):
  5.1481144713E-01  5.1452851372E-01  7.1418650071E+00  5.0889205202E+00  4.1673271800E+01  2.9684001349E+01
| Next sampling location (x_next, i_next):
  7.2990678366E+01  1.8927379938E+02  0.0000000000E+00

Iteration time [s]:   31.620        Total time [s]:   33.160

--------------------------------------------------------------------------------
                                 BO ITERATION 2                                 
--------------------------------------------------------------------------------
| Evaluating objective function at 7.299E+01 1.893E+02 0.000E+00
| Objective function evaluated, time [s]       22.862
| Data point added to dataset (x i y): 
  7.2990678366E+01  1.8927379938E+02  0.0000000000E+00      -2.0300895652E+05

| Total ensemble size: 34
| Best acquisition, x_best i_best y_best:
  2.4675518995E+02 -3.2007907144E+00  0.0000000000E+00      -2.0301226980E+05
| Global minimum prediction, x_hat mu_hat +- nu_hat:
  2.5442811440E+02 -3.5874375128E-01  0.0000000000E+00      -2.0301244068E+05  1.2386553040E+00
| Global minimum convergence, d_xhat d_muhat:
  7.4317449567E-01  1.8175783521E-03

| GP model hyperparameters (lengthscales W kappa):
  5.1691980512E-01  5.1722798310E-01 -6.3810444102E+00 -5.2170068645E+00  3.6180929271E+01  2.9066248673E+01
| Next sampling location (x_next, i_next):
 -4.2844369233E+01  1.9131973624E+02  0.0000000000E+00

Iteration time [s]:   23.919        Total time [s]:   57.080

--------------------------------------------------------------------------------
                                 BO ITERATION 3                                 
--------------------------------------------------------------------------------
| Evaluating objective function at -4.284E+01 1.913E+02 0.000E+00
| Objective function evaluated, time [s]       22.685
| Data point added to dataset (x i y): 
 -4.2844369233E+01  1.9131973624E+02  0.0000000000E+00      -2.0300770887E+05

| Total ensemble size: 35
| Best acquisition, x_best i_best y_best:
  2.4675518995E+02 -3.2007907144E+00  0.0000000000E+00      -2.0301226980E+05
| Global minimum prediction, x_hat mu_hat +- nu_hat:
  2.5387977144E+02 -8.8836693459E-01  0.0000000000E+00      -2.0301240291E+05  8.6231184515E-01
| Global minimum convergence, d_xhat d_muhat:
  7.6235209717E-01  1.4877583077E-03

| GP model hyperparameters (lengthscales W kappa):
  5.2094823748E-01  5.1994943905E-01 -5.8647895780E+00 -5.3754965893E+00  3.1300848282E+01  2.8297242644E+01
| Next sampling location (x_next, i_next):
  2.9518061707E+02  3.0860170718E+02  0.0000000000E+00

Iteration time [s]:   23.876        Total time [s]:   80.957

--------------------------------------------------------------------------------
                                 BO ITERATION 4                                 
--------------------------------------------------------------------------------
| Evaluating objective function at 2.952E+02 3.086E+02 0.000E+00
| Objective function evaluated, time [s]       22.946
| Data point added to dataset (x i y): 
  2.9518061707E+02  3.0860170718E+02  0.0000000000E+00      -2.0299986363E+05

| Total ensemble size: 36
| Best acquisition, x_best i_best y_best:
  2.4675518995E+02 -3.2007907144E+00  0.0000000000E+00      -2.0301226980E+05
| Global minimum prediction, x_hat mu_hat +- nu_hat:
  2.4822998050E+02  4.5831412121E+00  0.0000000000E+00      -2.0301250860E+05  7.9285999678E-01
| Global minimum convergence, d_xhat d_muhat:
  7.8649563945E+00  4.3149181959E-03

| GP model hyperparameters (lengthscales W kappa):
  5.3498560283E-01  5.2998134927E-01 -6.6385125410E+00 -6.2408774029E+00  2.3379798837E+01  2.1479196107E+01
| Next sampling location (x_next, i_next):
  1.5134179142E+02  1.9829541260E+02  0.0000000000E+00

Iteration time [s]:   24.174        Total time [s]:  105.131

--------------------------------------------------------------------------------
                                 BO ITERATION 5                                 
--------------------------------------------------------------------------------
| Evaluating objective function at 1.513E+02 1.983E+02 0.000E+00
| Objective function evaluated, time [s]       21.584
| Data point added to dataset (x i y): 
  1.5134179142E+02  1.9829541260E+02  0.0000000000E+00      -2.0300613602E+05

| Total ensemble size: 37
| Best acquisition, x_best i_best y_best:
  2.4675518995E+02 -3.2007907144E+00  0.0000000000E+00      -2.0301226980E+05
| Global minimum prediction, x_hat mu_hat +- nu_hat:
  2.4744198091E+02  4.7691020899E+00  0.0000000000E+00      -2.0301251241E+05  6.9153572797E-01
| Global minimum convergence, d_xhat d_muhat:
  8.0964485634E-01  1.5376346583E-04

| GP model hyperparameters (lengthscales W kappa):
  5.4084913501E-01  5.3121706847E-01  6.3771564111E+00  6.3690460651E+00  2.1115842056E+01  2.1080253065E+01
| Next sampling location (x_next, i_next):
  1.8709781050E+02  1.6358657651E+01  0.0000000000E+00

Iteration time [s]:   22.761        Total time [s]:  127.892

--------------------------------------------------------------------------------
                                 BO ITERATION 6                                 
--------------------------------------------------------------------------------
| Evaluating objective function at 1.871E+02 1.636E+01 0.000E+00
| Objective function evaluated, time [s]       23.037
| Data point added to dataset (x i y): 
  1.8709781050E+02  1.6358657651E+01  0.0000000000E+00      -2.0300858340E+05

| Total ensemble size: 38
| Best acquisition, x_best i_best y_best:
  2.4675518995E+02 -3.2007907144E+00  0.0000000000E+00      -2.0301226980E+05
| Global minimum prediction, x_hat mu_hat +- nu_hat:
  2.4009273589E+02  5.6592718359E+00  0.0000000000E+00      -2.0301264160E+05  5.6632527820E-01
| Global minimum convergence, d_xhat d_muhat:
  7.4029591769E+00  5.1157039025E-03

| GP model hyperparameters (lengthscales W kappa):
  5.4757523377E-01  5.3846585169E-01 -6.0279051764E+00 -6.4401335804E+00  2.0540503833E+01  2.2529504865E+01
| Next sampling location (x_next, i_next):
  2.6529721522E+02  3.9571712265E+01  0.0000000000E+00

Iteration time [s]:   24.175        Total time [s]:  152.067

--------------------------------------------------------------------------------
                                 BO ITERATION 7                                 
--------------------------------------------------------------------------------
| Evaluating objective function at 2.653E+02 3.957E+01 0.000E+00
| Objective function evaluated, time [s]       23.012
| Data point added to dataset (x i y): 
  2.6529721522E+02  3.9571712265E+01  0.0000000000E+00      -2.0299913485E+05

| Total ensemble size: 39
| Best acquisition, x_best i_best y_best:
  2.4675518995E+02 -3.2007907144E+00  0.0000000000E+00      -2.0301226980E+05
| Global minimum prediction, x_hat mu_hat +- nu_hat:
  2.2691427979E+02 -8.7198748085E+00  0.0000000000E+00      -2.0301345037E+05  1.9125764967E+00
| Global minimum convergence, d_xhat d_muhat:
  1.9504654915E+01  3.2885159647E-02

| GP model hyperparameters (lengthscales W kappa):
  5.5418255347E-01  5.0900821973E-01 -6.8390743934E+00 -6.4083745442E+00  2.2463107696E+01  2.0509597870E+01
| Next sampling location (x_next, i_next):
  2.0185775441E+02 -4.1713551476E+01  0.0000000000E+00

Iteration time [s]:   24.458        Total time [s]:  176.526

--------------------------------------------------------------------------------
                                 BO ITERATION 8                                 
--------------------------------------------------------------------------------
| Evaluating objective function at 2.019E+02 -4.171E+01 0.000E+00
| Objective function evaluated, time [s]      224.342
| Data point added to dataset (x i y): 
  2.0185775441E+02 -4.1713551476E+01  0.0000000000E+00      -2.0299732336E+05

| Total ensemble size: 40
| Best acquisition, x_best i_best y_best:
  2.4675518995E+02 -3.2007907144E+00  0.0000000000E+00      -2.0301226980E+05
| Global minimum prediction, x_hat mu_hat +- nu_hat:
  2.4162447389E+02 -3.9878856046E-01  0.0000000000E+00      -2.0301233593E+05  2.3664951780E-01
| Global minimum convergence, d_xhat d_muhat:
  1.6900600185E+01  4.6660276229E-02

| GP model hyperparameters (lengthscales W kappa):
  5.1847294360E-01  4.6509069653E-01  7.7473186601E+00  5.9060318256E+00  2.2640426554E+01  1.5171633992E+01
| Next sampling location (x_next, i_next):
  6.4209131918E+01 -9.3140425937E+00  0.0000000000E+00

Iteration time [s]:  292.430        Total time [s]:  468.956

--------------------------------------------------------------------------------
                                 BO ITERATION 9                                 
--------------------------------------------------------------------------------
| Evaluating objective function at 6.421E+01 -9.314E+00 0.000E+00
| Objective function evaluated, time [s]      364.777
| Data point added to dataset (x i y): 
  6.4209131918E+01 -9.3140425937E+00  0.0000000000E+00      -2.0300348332E+05

| Total ensemble size: 41
| Best acquisition, x_best i_best y_best:
  2.4675518995E+02 -3.2007907144E+00  0.0000000000E+00      -2.0301226980E+05
| Global minimum prediction, x_hat mu_hat +- nu_hat:
  2.4177392727E+02 -4.1603888032E-01  0.0000000000E+00      -2.0301233320E+05  2.0494437176E-01
| Global minimum convergence, d_xhat d_muhat:
  1.5044562598E-01  1.1431338044E-04

| GP model hyperparameters (lengthscales W kappa):
  5.1801933431E-01  4.6099182617E-01 -7.5529296015E+00 -6.0379692633E+00  1.8807547021E+01  1.3277982841E+01
| Next sampling location (x_next, i_next):
  1.2512422839E+01  1.7131023334E+02  0.0000000000E+00

Iteration time [s]:  366.328        Total time [s]:  835.296

--------------------------------------------------------------------------------
                                BO ITERATION 10                                 
--------------------------------------------------------------------------------
| Evaluating objective function at 1.251E+01 1.713E+02 0.000E+00
| Objective function evaluated, time [s]       22.937
| Data point added to dataset (x i y): 
  1.2512422839E+01  1.7131023334E+02  0.0000000000E+00      -2.0300762741E+05

| Total ensemble size: 42
| Best acquisition, x_best i_best y_best:
  2.4675518995E+02 -3.2007907144E+00  0.0000000000E+00      -2.0301226980E+05
| Global minimum prediction, x_hat mu_hat +- nu_hat:
  2.4146829390E+02 -3.3966838821E-01  0.0000000000E+00      -2.0301233862E+05  2.0240984888E-01
| Global minimum convergence, d_xhat d_muhat:
  3.1503048107E-01  2.2388400715E-04

| GP model hyperparameters (lengthscales W kappa):
  5.3088507221E-01  4.7042023389E-01  7.6670740210E+00  6.3067343932E+00  1.7629250680E+01  1.2963260195E+01
| Next sampling location (x_next, i_next):
  2.5459132648E+02  2.1052589994E+02  0.0000000000E+00

Iteration time [s]:   24.546        Total time [s]:  859.843

--------------------------------------------------------------------------------
                                BO ITERATION 11                                 
--------------------------------------------------------------------------------
| Evaluating objective function at 2.546E+02 2.105E+02 0.000E+00
| Objective function evaluated, time [s]       21.679
| Data point added to dataset (x i y): 
  2.5459132648E+02  2.1052589994E+02  0.0000000000E+00      -2.0300206552E+05

| Total ensemble size: 43
| Best acquisition, x_best i_best y_best:
  2.4675518995E+02 -3.2007907144E+00  0.0000000000E+00      -2.0301226980E+05
| Global minimum prediction, x_hat mu_hat +- nu_hat:
  2.4148717279E+02 -3.8685205429E-01  0.0000000000E+00      -2.0301233669E+05  1.8286629805E-01
| Global minimum convergence, d_xhat d_muhat:
  5.0820378132E-02  8.0320809678E-05

| GP model hyperparameters (lengthscales W kappa):
  5.3600510544E-01  4.7869373043E-01  7.7198790232E+00  6.5059036139E+00  1.5738517062E+01  1.1941370181E+01
| Next sampling location (x_next, i_next):
  1.3587124496E+02  1.3910964511E+02  0.0000000000E+00

Iteration time [s]:   23.400        Total time [s]:  883.243

--------------------------------------------------------------------------------
                                BO ITERATION 12                                 
--------------------------------------------------------------------------------
| Evaluating objective function at 1.359E+02 1.391E+02 0.000E+00
| Objective function evaluated, time [s]       22.761
| Data point added to dataset (x i y): 
  1.3587124496E+02  1.3910964511E+02  0.0000000000E+00      -2.0300051659E+05

| Total ensemble size: 44
| Best acquisition, x_best i_best y_best:
  2.4675518995E+02 -3.2007907144E+00  0.0000000000E+00      -2.0301226980E+05
| Global minimum prediction, x_hat mu_hat +- nu_hat:
  2.4116771364E+02 -1.2775192139E-01  0.0000000000E+00      -2.0301234304E+05  2.0125428288E-01
| Global minimum convergence, d_xhat d_muhat:
  4.1132350958E-01  2.6672540797E-04

| GP model hyperparameters (lengthscales W kappa):
  5.4084160751E-01  4.9359712775E-01  8.1732519836E+00  6.8083682259E+00  1.4490504116E+01  1.0724511950E+01
| Next sampling location (x_next, i_next):
 -1.1941894006E+00  2.1941988932E+02  0.0000000000E+00

Iteration time [s]:   24.469        Total time [s]:  907.713

--------------------------------------------------------------------------------
                                BO ITERATION 13                                 
--------------------------------------------------------------------------------
| Evaluating objective function at -1.194E+00 2.194E+02 0.000E+00
| Objective function evaluated, time [s]       21.742
| Data point added to dataset (x i y): 
 -1.1941894006E+00  2.1941988932E+02  0.0000000000E+00      -2.0300095282E+05

| Total ensemble size: 45
| Best acquisition, x_best i_best y_best:
  2.4675518995E+02 -3.2007907144E+00  0.0000000000E+00      -2.0301226980E+05
| Global minimum prediction, x_hat mu_hat +- nu_hat:
  2.4351622948E+02 -1.0315100266E+00  0.0000000000E+00      -2.0301230007E+05  7.6776408628E-02
| Global minimum convergence, d_xhat d_muhat:
  2.5164072284E+00  1.8189442404E-03

| GP model hyperparameters (lengthscales W kappa):
  5.4554731059E-01  5.1119251651E-01  8.7402162465E+00  7.1018808076E+00  1.3499095395E+01  9.5294758488E+00
| Next sampling location (x_next, i_next):
  3.0148608361E+02  1.4885688995E+02  0.0000000000E+00

Iteration time [s]:   23.409        Total time [s]:  931.123

--------------------------------------------------------------------------------
                                BO ITERATION 14                                 
--------------------------------------------------------------------------------
| Evaluating objective function at 3.015E+02 1.489E+02 0.000E+00
| Objective function evaluated, time [s]       22.740
| Data point added to dataset (x i y): 
  3.0148608361E+02  1.4885688995E+02  0.0000000000E+00      -2.0300387375E+05

| Total ensemble size: 46
| Best acquisition, x_best i_best y_best:
  2.4675518995E+02 -3.2007907144E+00  0.0000000000E+00      -2.0301226980E+05
| Global minimum prediction, x_hat mu_hat +- nu_hat:
  2.4326093833E+02 -1.0736264653E+00  0.0000000000E+00      -2.0301230064E+05  7.8062117281E-02
| Global minimum convergence, d_xhat d_muhat:
  2.5874188213E-01  2.4084131837E-05

| GP model hyperparameters (lengthscales W kappa):
  5.5037301916E-01  5.1761727417E-01  8.6997766034E+00  7.2299289317E+00  1.2775371003E+01  9.3461765845E+00
| Next sampling location (x_next, i_next):
  2.7966657411E+02 -6.2680804840E+00  0.0000000000E+00

Iteration time [s]:   24.419        Total time [s]:  955.543

--------------------------------------------------------------------------------
                                BO ITERATION 15                                 
--------------------------------------------------------------------------------
| Evaluating objective function at 2.797E+02 -6.268E+00 0.000E+00
| Objective function evaluated, time [s]       23.076
| Data point added to dataset (x i y): 
  2.7966657411E+02 -6.2680804840E+00  0.0000000000E+00      -2.0301014658E+05

| Total ensemble size: 47
| Best acquisition, x_best i_best y_best:
  2.4675518995E+02 -3.2007907144E+00  0.0000000000E+00      -2.0301226980E+05
| Global minimum prediction, x_hat mu_hat +- nu_hat:
  2.5272977511E+02 -3.9772383051E+00  0.0000000000E+00      -2.0301233789E+05  3.5033098588E-02
| Global minimum convergence, d_xhat d_muhat:
  9.9040310827E+00  1.5494829942E-03

| GP model hyperparameters (lengthscales W kappa):
  5.6098637859E-01  5.3568786462E-01 -9.2145568425E+00 -7.5503616442E+00  1.2897673944E+01  9.2161295107E+00
| Next sampling location (x_next, i_next):
  2.1933033068E+02  7.7509294015E+00  0.0000000000E+00

Iteration time [s]:   24.806        Total time [s]:  980.349

--------------------------------------------------------------------------------
                                BO ITERATION 16                                 
--------------------------------------------------------------------------------
| Evaluating objective function at 2.193E+02 7.751E+00 0.000E+00
| Objective function evaluated, time [s]       23.142
| Data point added to dataset (x i y): 
  2.1933033068E+02  7.7509294015E+00  0.0000000000E+00      -2.0301193752E+05

| Total ensemble size: 48
| Best acquisition, x_best i_best y_best:
  2.4675518995E+02 -3.2007907144E+00  0.0000000000E+00      -2.0301226980E+05
| Global minimum prediction, x_hat mu_hat +- nu_hat:
  2.4192420613E+02  7.2351746393E-02  0.0000000000E+00      -2.0301232170E+05  9.7427244068E-03
| Global minimum convergence, d_xhat d_muhat:
  1.1539475754E+01  6.6112760533E-04

| GP model hyperparameters (lengthscales W kappa):
  5.7751190836E-01  5.3630338597E-01 -9.3652485133E+00 -7.7217681538E+00  1.3737446817E+01  9.9562659611E+00
| Next sampling location (x_next, i_next):
  5.4556586687E+01  1.6076601391E+02  0.0000000000E+00

Iteration time [s]:   25.204        Total time [s]: 1005.553

--------------------------------------------------------------------------------
                                BO ITERATION 17                                 
--------------------------------------------------------------------------------
| Evaluating objective function at 5.456E+01 1.608E+02 0.000E+00
| Objective function evaluated, time [s]       22.879
| Data point added to dataset (x i y): 
  5.4556586687E+01  1.6076601391E+02  0.0000000000E+00      -2.0300760006E+05

| Total ensemble size: 49
| Best acquisition, x_best i_best y_best:
  2.4675518995E+02 -3.2007907144E+00  0.0000000000E+00      -2.0301226980E+05
| Global minimum prediction, x_hat mu_hat +- nu_hat:
  2.4196456841E+02 -1.2740628192E-02  0.0000000000E+00      -2.0301231863E+05  8.3391180334E-03
| Global minimum convergence, d_xhat d_muhat:
  9.4179752259E-02  1.2431673635E-04

| GP model hyperparameters (lengthscales W kappa):
  5.9034350989E-01  5.5097935593E-01 -9.7277095872E+00 -8.1002905368E+00  1.3199888386E+01  9.7078478059E+00
| Next sampling location (x_next, i_next):
  4.2935926096E+01  1.9287496813E+02  0.0000000000E+00

Iteration time [s]:   24.635        Total time [s]: 1030.189

--------------------------------------------------------------------------------
                                BO ITERATION 18                                 
--------------------------------------------------------------------------------
| Evaluating objective function at 4.294E+01 1.929E+02 0.000E+00
| Objective function evaluated, time [s]       22.799
| Data point added to dataset (x i y): 
  4.2935926096E+01  1.9287496813E+02  0.0000000000E+00      -2.0300846109E+05

| Total ensemble size: 50
| Best acquisition, x_best i_best y_best:
  2.4675518995E+02 -3.2007907144E+00  0.0000000000E+00      -2.0301226980E+05
| Global minimum prediction, x_hat mu_hat +- nu_hat:
  2.4167875197E+02  1.3044464422E-01  0.0000000000E+00      -2.0301232410E+05  8.2284047140E-03
| Global minimum convergence, d_xhat d_muhat:
  3.1967648991E-01  2.1990898043E-04

| GP model hyperparameters (lengthscales W kappa):
  6.0165981948E-01  5.5161127820E-01 -9.7093724757E+00 -8.2506445995E+00  1.3082712478E+01  9.9575520081E+00
| Next sampling location (x_next, i_next):
  2.4631473709E+02  6.8815210607E+00  0.0000000000E+00

Iteration time [s]:   24.723        Total time [s]: 1054.913

--------------------------------------------------------------------------------
                                BO ITERATION 19                                 
--------------------------------------------------------------------------------
| Evaluating objective function at 2.463E+02 6.882E+00 0.000E+00
| Objective function evaluated, time [s]       22.956
| Data point added to dataset (x i y): 
  2.4631473709E+02  6.8815210607E+00  0.0000000000E+00      -2.0301168492E+05

| Total ensemble size: 51
| Best acquisition, x_best i_best y_best:
  2.4675518995E+02 -3.2007907144E+00  0.0000000000E+00      -2.0301226980E+05
| Global minimum prediction, x_hat mu_hat +- nu_hat:
  2.4084865077E+02 -4.9810531017E-01  0.0000000000E+00      -2.0301230518E+05  3.0781920708E-03
| Global minimum convergence, d_xhat d_muhat:
  1.0412218982E+00  7.5099522736E-04

| GP model hyperparameters (lengthscales W kappa):
  6.1372872907E-01  5.7318513206E-01  1.0152145788E+01  8.6272157985E+00  1.3829720534E+01  1.0556975597E+01
| Next sampling location (x_next, i_next):
  2.5952034390E+02 -9.7167237514E+00  0.0000000000E+00

Iteration time [s]:   24.765        Total time [s]: 1079.679

--------------------------------------------------------------------------------
                                BO ITERATION 20                                 
--------------------------------------------------------------------------------
| Evaluating objective function at 2.595E+02 -9.717E+00 0.000E+00
| Objective function evaluated, time [s]       23.981
| Data point added to dataset (x i y): 
  2.5952034390E+02 -9.7167237514E+00  0.0000000000E+00      -2.0301164822E+05

| Total ensemble size: 52
| Best acquisition, x_best i_best y_best:
  2.4675518995E+02 -3.2007907144E+00  0.0000000000E+00      -2.0301226980E+05
| Global minimum prediction, x_hat mu_hat +- nu_hat:
  2.3727394966E+02  1.1716093598E-01  0.0000000000E+00      -2.0301236292E+05  8.9927904152E-04
| Global minimum convergence, d_xhat d_muhat:
  3.6272635178E+00  2.2646708909E-03

| GP model hyperparameters (lengthscales W kappa):
  6.2604614129E-01  5.6337380573E-01  9.6201245178E+00  8.5262522512E+00  1.5400847528E+01  1.3010921072E+01
| Next sampling location (x_next, i_next):
  1.9429803973E+02  1.9475203579E+02  0.0000000000E+00

Iteration time [s]:   25.746        Total time [s]: 1105.425

--------------------------------------------------------------------------------
                                BO ITERATION 21                                 
--------------------------------------------------------------------------------
| Evaluating objective function at 1.943E+02 1.948E+02 0.000E+00
| Objective function evaluated, time [s]       21.554
| Data point added to dataset (x i y): 
  1.9429803973E+02  1.9475203579E+02  0.0000000000E+00      -2.0300656659E+05

| Total ensemble size: 53
| Best acquisition, x_best i_best y_best:
  2.4675518995E+02 -3.2007907144E+00  0.0000000000E+00      -2.0301226980E+05
| Global minimum prediction, x_hat mu_hat +- nu_hat:
  2.3724977595E+02  1.1311922051E-01  0.0000000000E+00      -2.0301236304E+05  8.2547470257E-04
| Global minimum convergence, d_xhat d_muhat:
  2.4509253764E-02  4.5535935735E-06

| GP model hyperparameters (lengthscales W kappa):
  6.3620950150E-01  5.6997073900E-01  9.7607418866E+00  8.7645035776E+00  1.5246600353E+01  1.2823747376E+01
| Next sampling location (x_next, i_next):
  2.3488891830E+02  7.3424135781E-01  0.0000000000E+00

Iteration time [s]:   23.371        Total time [s]: 1128.797

--------------------------------------------------------------------------------
                                BO ITERATION 22                                 
--------------------------------------------------------------------------------
| Evaluating objective function at 2.349E+02 7.342E-01 0.000E+00
| Objective function evaluated, time [s]       22.907
| Data point added to dataset (x i y): 
  2.3488891830E+02  7.3424135781E-01  0.0000000000E+00      -2.0301236411E+05

| Total ensemble size: 54
| Best acquisition, x_best i_best y_best:
  2.3488891830E+02  7.3424135781E-01  0.0000000000E+00      -2.0301236411E+05
| Global minimum prediction, x_hat mu_hat +- nu_hat:
  2.3702585758E+02  1.4259034566E-01  0.0000000000E+00      -2.0301236837E+05  7.3080660935E-06
| Global minimum convergence, d_xhat d_muhat:
  2.2584947130E-01  2.0620397723E-04

| GP model hyperparameters (lengthscales W kappa):
  6.5725611177E-01  5.8227158825E-01  9.9995280004E+00  9.1446230467E+00  1.6543358390E+01  1.4375071873E+01
| Next sampling location (x_next, i_next):
  2.1740756986E+02  4.3243253179E-01  0.0000000000E+00

Iteration time [s]:   25.009        Total time [s]: 1153.806

--------------------------------------------------------------------------------
                                BO ITERATION 23                                 
--------------------------------------------------------------------------------
| Evaluating objective function at 2.174E+02 4.324E-01 0.000E+00
| Objective function evaluated, time [s]       22.902
| Data point added to dataset (x i y): 
  2.1740756986E+02  4.3243253179E-01  0.0000000000E+00      -2.0301168161E+05

| Total ensemble size: 55
| Best acquisition, x_best i_best y_best:
  2.3488891830E+02  7.3424135781E-01  0.0000000000E+00      -2.0301236411E+05
| Global minimum prediction, x_hat mu_hat +- nu_hat:
  2.3747770275E+02  2.4457872630E-01  0.0000000000E+00      -2.0301237161E+05  2.3231822776E-06
| Global minimum convergence, d_xhat d_muhat:
  4.6321235979E-01  1.2442759186E-04

| GP model hyperparameters (lengthscales W kappa):
  6.4693051945E-01  5.6885678815E-01  9.2143203593E+00  8.7304915233E+00  1.7180024871E+01  1.5812450913E+01
| Next sampling location (x_next, i_next):
  2.3797326067E+02  8.0608443154E-01  0.0000000000E+00

Iteration time [s]:   25.133        Total time [s]: 1178.940

--------------------------------------------------------------------------------
                                BO ITERATION 24                                 
--------------------------------------------------------------------------------
| Evaluating objective function at 2.380E+02 8.061E-01 0.000E+00
| Objective function evaluated, time [s]       22.852
| Acquisition location too confident, doing pure exploration
| Data point added to dataset (x i y): 
  2.3797326067E+02  8.0608443154E-01  0.0000000000E+00      -2.0301237297E+05

| Total ensemble size: 56
| Best acquisition, x_best i_best y_best:
  2.3797326067E+02  8.0608443154E-01  0.0000000000E+00      -2.0301237297E+05
| Global minimum prediction, x_hat mu_hat +- nu_hat:
  2.3766563137E+02  4.9611334420E-01  0.0000000000E+00      -2.0301237433E+05  1.3457499461E-07
| Global minimum convergence, d_xhat d_muhat:
  3.1398539708E-01  1.0317724660E-04

| GP model hyperparameters (lengthscales W kappa):
  6.3288630714E-01  5.3533111308E-01  8.4020750633E+00  8.1843069550E+00  1.6332194073E+01  1.5680353380E+01
| Next sampling location (x_next, i_next):
  9.8988740979E+01  2.7574765024E+02  0.0000000000E+00

Iteration time [s]:   25.427        Total time [s]: 1204.367

--------------------------------------------------------------------------------
                                BO ITERATION 25                                 
--------------------------------------------------------------------------------
| Evaluating objective function at 9.899E+01 2.757E+02 0.000E+00
| Objective function evaluated, time [s]       23.478
| Acquisition location too confident, doing pure exploration
| Data point added to dataset (x i y): 
  9.8988740979E+01  2.7574765024E+02  0.0000000000E+00      -2.0299042336E+05

| Total ensemble size: 57
| Best acquisition, x_best i_best y_best:
  2.3797326067E+02  8.0608443154E-01  0.0000000000E+00      -2.0301237297E+05
| Global minimum prediction, x_hat mu_hat +- nu_hat:
  2.3767900989E+02  4.8350419229E-01  0.0000000000E+00      -2.0301237437E+05  1.3861903438E-07
| Global minimum convergence, d_xhat d_muhat:
  1.8384105484E-02  1.7362063578E-06

| GP model hyperparameters (lengthscales W kappa):
  6.3817267792E-01  5.3844571028E-01  8.6726781197E+00  8.3018447485E+00  1.5856076313E+01  1.4806128175E+01
| Next sampling location (x_next, i_next):
  9.7202512098E+01  6.6815870395E+01  0.0000000000E+00

Iteration time [s]:   26.372        Total time [s]: 1230.740

--------------------------------------------------------------------------------
                                BO ITERATION 26                                 
--------------------------------------------------------------------------------
| Evaluating objective function at 9.720E+01 6.682E+01 0.000E+00
| Objective function evaluated, time [s]       22.791
| Acquisition location too confident, doing pure exploration
| Data point added to dataset (x i y): 
  9.7202512098E+01  6.6815870395E+01  0.0000000000E+00      -2.0298926760E+05

| Total ensemble size: 58
| Best acquisition, x_best i_best y_best:
  2.3797326067E+02  8.0608443154E-01  0.0000000000E+00      -2.0301237297E+05
| Global minimum prediction, x_hat mu_hat +- nu_hat:
  2.3770464488E+02  4.5483175354E-01  0.0000000000E+00      -2.0301237450E+05  1.7114165543E-07
| Global minimum convergence, d_xhat d_muhat:
  3.8461173772E-02  4.6377193837E-06

| GP model hyperparameters (lengthscales W kappa):
  6.2353376720E-01  5.5738477103E-01 -9.2055644708E+00 -8.5096035530E+00  1.4823341739E+01  1.3060131981E+01
| Next sampling location (x_next, i_next):
  1.4714355271E+01  2.9717566452E+02  0.0000000000E+00

Iteration time [s]:   25.471        Total time [s]: 1256.212

--------------------------------------------------------------------------------
                                BO ITERATION 27                                 
--------------------------------------------------------------------------------
| Evaluating objective function at 1.471E+01 2.972E+02 0.000E+00
| Objective function evaluated, time [s]       23.927
| Acquisition location too confident, doing pure exploration
| Data point added to dataset (x i y): 
  1.4714355271E+01  2.9717566452E+02  0.0000000000E+00      -2.0298962494E+05

| Total ensemble size: 59
| Best acquisition, x_best i_best y_best:
  2.3797326067E+02  8.0608443154E-01  0.0000000000E+00      -2.0301237297E+05
| Global minimum prediction, x_hat mu_hat +- nu_hat:
  2.3770477959E+02  4.6188055806E-01  0.0000000000E+00      -2.0301237446E+05  1.6867109833E-07
| Global minimum convergence, d_xhat d_muhat:
  7.0500915076E-03  1.3547994863E-06

| GP model hyperparameters (lengthscales W kappa):
  6.1578543143E-01  5.6631744779E-01 -9.5920504080E+00 -8.7283855419E+00  1.2163597961E+01  1.0378103131E+01
| Next sampling location (x_next, i_next):
 -2.9423829186E+01  9.8800086181E+01  0.0000000000E+00

Iteration time [s]:   26.958        Total time [s]: 1283.170

--------------------------------------------------------------------------------
                                BO ITERATION 28                                 
--------------------------------------------------------------------------------
| Evaluating objective function at -2.942E+01 9.880E+01 0.000E+00
| Objective function evaluated, time [s]       22.820
| Acquisition location too confident, doing pure exploration
| Data point added to dataset (x i y): 
 -2.9423829186E+01  9.8800086181E+01  0.0000000000E+00      -2.0299009435E+05

| Total ensemble size: 60
| Best acquisition, x_best i_best y_best:
  2.3797326067E+02  8.0608443154E-01  0.0000000000E+00      -2.0301237297E+05
| Global minimum prediction, x_hat mu_hat +- nu_hat:
  2.3771559240E+02  4.5067367221E-01  0.0000000000E+00      -2.0301237451E+05  1.7478703809E-07
| Global minimum convergence, d_xhat d_muhat:
  1.5572768898E-02  1.8173640420E-06

| GP model hyperparameters (lengthscales W kappa):
  6.1267823493E-01  5.6938372218E-01 -9.6421229128E+00 -8.6727222590E+00  1.1407463994E+01  9.5247322066E+00
| Next sampling location (x_next, i_next):
  1.9642098917E+02  9.0149474696E+01  0.0000000000E+00

Iteration time [s]:   25.489        Total time [s]: 1308.659

--------------------------------------------------------------------------------
                                BO ITERATION 29                                 
--------------------------------------------------------------------------------
| Evaluating objective function at 1.964E+02 9.015E+01 0.000E+00
| Objective function evaluated, time [s]       23.603
| Data point added to dataset (x i y): 
  1.9642098917E+02  9.0149474696E+01  0.0000000000E+00      -2.0299100256E+05

| Total ensemble size: 61
| Best acquisition, x_best i_best y_best:
  2.3797326067E+02  8.0608443154E-01  0.0000000000E+00      -2.0301237297E+05
| Global minimum prediction, x_hat mu_hat +- nu_hat:
  2.3769474557E+02  4.7115619036E-01  0.0000000000E+00      -2.0301237444E+05  1.8400404214E-07
| Global minimum convergence, d_xhat d_muhat:
  2.9225396500E-02  2.8764918854E-06

| GP model hyperparameters (lengthscales W kappa):
  6.0345857681E-01  5.2992911816E-01 -8.8514480976E+00 -7.8948177139E+00  1.2574145940E+01  1.0378530764E+01
| Next sampling location (x_next, i_next):
  1.6878633347E+02  1.7188876851E+02  0.0000000000E+00

Iteration time [s]:   26.084        Total time [s]: 1334.743

--------------------------------------------------------------------------------
                                BO ITERATION 30                                 
--------------------------------------------------------------------------------
| Evaluating objective function at 1.688E+02 1.719E+02 0.000E+00
| Objective function evaluated, time [s]       21.518
| Acquisition location too confident, doing pure exploration
| Data point added to dataset (x i y): 
  1.6878633347E+02  1.7188876851E+02  0.0000000000E+00      -2.0300763670E+05

| Total ensemble size: 62
| Best acquisition, x_best i_best y_best:
  2.3797326067E+02  8.0608443154E-01  0.0000000000E+00      -2.0301237297E+05
| Global minimum prediction, x_hat mu_hat +- nu_hat:
  2.3769477611E+02  4.6982673174E-01  0.0000000000E+00      -2.0301237444E+05  1.7119217501E-07
| Global minimum convergence, d_xhat d_muhat:
  1.3298093749E-03  1.8063660940E-07

| GP model hyperparameters (lengthscales W kappa):
  6.1120640527E-01  5.2856388486E-01 -8.7141650549E+00 -7.9592595139E+00  1.2877142732E+01  1.0996320143E+01
| Next sampling location (x_next, i_next):
  1.2672832404E+02 -2.8946777311E+01  0.0000000000E+00

Iteration time [s]:   24.292        Total time [s]: 1359.036

--------------------------------------------------------------------------------
                                BO ITERATION 31                                 
--------------------------------------------------------------------------------
| Evaluating objective function at 1.267E+02 -2.895E+01 0.000E+00
| Objective function evaluated, time [s]       22.908
| Acquisition location too confident, doing pure exploration
| Data point added to dataset (x i y): 
  1.2672832404E+02 -2.8946777311E+01  0.0000000000E+00      -2.0299245252E+05

| Total ensemble size: 63
| Best acquisition, x_best i_best y_best:
  2.3797326067E+02  8.0608443154E-01  0.0000000000E+00      -2.0301237297E+05
| Global minimum prediction, x_hat mu_hat +- nu_hat:
  2.3770686895E+02  4.6393987531E-01  0.0000000000E+00      -2.0301237446E+05  1.8580090524E-07
| Global minimum convergence, d_xhat d_muhat:
  1.3449606766E-02  5.7543211860E-07

| GP model hyperparameters (lengthscales W kappa):
  6.0117970125E-01  5.3710850378E-01  9.0712847246E+00  8.0507739622E+00  1.0857933093E+01  8.8472856846E+00
| Next sampling location (x_next, i_next):
  2.1286472211E+02  2.5679200826E+02  0.0000000000E+00

Iteration time [s]:   25.836        Total time [s]: 1384.872

--------------------------------------------------------------------------------
                                BO ITERATION 32                                 
--------------------------------------------------------------------------------
| Evaluating objective function at 2.129E+02 2.568E+02 0.000E+00
| Objective function evaluated, time [s]       21.675
| Acquisition location too confident, doing pure exploration
| Data point added to dataset (x i y): 
  2.1286472211E+02  2.5679200826E+02  0.0000000000E+00      -2.0298939993E+05

| Total ensemble size: 64
| Best acquisition, x_best i_best y_best:
  2.3797326067E+02  8.0608443154E-01  0.0000000000E+00      -2.0301237297E+05
| Global minimum prediction, x_hat mu_hat +- nu_hat:
  2.3770662592E+02  4.6365562429E-01  0.0000000000E+00      -2.0301237446E+05  1.8435927087E-07
| Global minimum convergence, d_xhat d_muhat:
  3.7398479042E-04  1.4251328249E-07

| GP model hyperparameters (lengthscales W kappa):
  5.9456809569E-01  5.4194378583E-01  9.1622291539E+00  8.0669267619E+00  9.5075267444E+00  7.6206905285E+00
| Next sampling location (x_next, i_next):
  3.0145187947E+02  2.5244215956E+02  0.0000000000E+00

Iteration time [s]:   24.617        Total time [s]: 1409.489

--------------------------------------------------------------------------------
                                BO ITERATION 33                                 
--------------------------------------------------------------------------------
| Evaluating objective function at 3.015E+02 2.524E+02 0.000E+00
| Objective function evaluated, time [s]       23.556
| Acquisition location too confident, doing pure exploration
| Data point added to dataset (x i y): 
  3.0145187947E+02  2.5244215956E+02  0.0000000000E+00      -2.0299296693E+05

| Total ensemble size: 65
| Best acquisition, x_best i_best y_best:
  2.3797326067E+02  8.0608443154E-01  0.0000000000E+00      -2.0301237297E+05
| Global minimum prediction, x_hat mu_hat +- nu_hat:
  2.3773776323E+02  4.3876599818E-01  0.0000000000E+00      -2.0301237456E+05  1.8021316874E-07
| Global minimum convergence, d_xhat d_muhat:
  3.9862583883E-02  3.9652526088E-06

| GP model hyperparameters (lengthscales W kappa):
  6.0628621534E-01  5.2790499352E-01  8.7431126101E+00  7.9173833083E+00  1.0510963135E+01  8.8623568216E+00
| Next sampling location (x_next, i_next):
 -1.1614624505E+00  1.6132908429E+01  0.0000000000E+00

Iteration time [s]:   26.541        Total time [s]: 1436.031

--------------------------------------------------------------------------------
                                BO ITERATION 34                                 
--------------------------------------------------------------------------------
| Evaluating objective function at -1.161E+00 1.613E+01 0.000E+00
| Objective function evaluated, time [s]       22.958
| Data point added to dataset (x i y): 
 -1.1614624505E+00  1.6132908429E+01  0.0000000000E+00      -2.0299208911E+05

| Total ensemble size: 66
| Best acquisition, x_best i_best y_best:
  2.3797326067E+02  8.0608443154E-01  0.0000000000E+00      -2.0301237297E+05
| Global minimum prediction, x_hat mu_hat +- nu_hat:
  2.3774541612E+02  4.4412370576E-01  0.0000000000E+00      -2.0301237451E+05  2.3566444964E-07
| Global minimum convergence, d_xhat d_muhat:
  9.3419394010E-03  1.8806586406E-06

| GP model hyperparameters (lengthscales W kappa):
  5.7062587045E-01  5.3606657947E-01  9.3908747728E+00  7.7833409286E+00  7.5629674531E+00  5.4748816058E+00
| Next sampling location (x_next, i_next):
  2.3807661327E+02 -3.2936338295E-02  0.0000000000E+00

Iteration time [s]:   25.830        Total time [s]: 1461.861

--------------------------------------------------------------------------------
                                BO ITERATION 35                                 
--------------------------------------------------------------------------------
| Evaluating objective function at 2.381E+02 -3.294E-02 0.000E+00
| Objective function evaluated, time [s]       23.675
| Data point added to dataset (x i y): 
  2.3807661327E+02 -3.2936338295E-02  0.0000000000E+00      -2.0301236961E+05

| Total ensemble size: 67
| Best acquisition, x_best i_best y_best:
  2.3797326067E+02  8.0608443154E-01  0.0000000000E+00      -2.0301237297E+05
| Global minimum prediction, x_hat mu_hat +- nu_hat:
  2.3752175213E+02  7.0667910641E-01  0.0000000000E+00      -2.0301237353E+05  7.6554495187E-09
| Global minimum convergence, d_xhat d_muhat:
  3.4490711588E-01  3.9267358041E-05

| GP model hyperparameters (lengthscales W kappa):
  5.5446622413E-01  4.7881819217E-01  8.6550719359E+00  7.0912703373E+00  7.2952437742E+00  5.1883711537E+00
| Next sampling location (x_next, i_next):
  2.7942323935E+02  1.7912413028E+02  0.0000000000E+00

Iteration time [s]:   26.733        Total time [s]: 1488.595

--------------------------------------------------------------------------------
                                BO ITERATION 36                                 
--------------------------------------------------------------------------------
| Evaluating objective function at 2.794E+02 1.791E+02 0.000E+00
| Objective function evaluated, time [s]       22.698
| Acquisition location too confident, doing pure exploration
| Data point added to dataset (x i y): 
  2.7942323935E+02  1.7912413028E+02  0.0000000000E+00      -2.0300804718E+05

| Total ensemble size: 68
| Best acquisition, x_best i_best y_best:
  2.3797326067E+02  8.0608443154E-01  0.0000000000E+00      -2.0301237297E+05
| Global minimum prediction, x_hat mu_hat +- nu_hat:
  2.3752192510E+02  7.0666196919E-01  0.0000000000E+00      -2.0301237353E+05  7.5772187635E-09
| Global minimum convergence, d_xhat d_muhat:
  1.7381467458E-04  1.7211291552E-08

| GP model hyperparameters (lengthscales W kappa):
  5.5666977823E-01  4.8336198899E-01  8.6285337341E+00  7.0823472800E+00  7.8940653979E+00  5.6151728330E+00
| Next sampling location (x_next, i_next):
  7.0204141174E+01  1.0489595282E+02  0.0000000000E+00

Iteration time [s]:   26.390        Total time [s]: 1514.986

--------------------------------------------------------------------------------
                                BO ITERATION 37                                 
--------------------------------------------------------------------------------
| Evaluating objective function at 7.020E+01 1.049E+02 0.000E+00
| Objective function evaluated, time [s]       22.783
| Acquisition location too confident, doing pure exploration
| Data point added to dataset (x i y): 
  7.0204141174E+01  1.0489595282E+02  0.0000000000E+00      -2.0299197519E+05

| Total ensemble size: 69
| Best acquisition, x_best i_best y_best:
  2.3797326067E+02  8.0608443154E-01  0.0000000000E+00      -2.0301237297E+05
| Global minimum prediction, x_hat mu_hat +- nu_hat:
  2.3752307524E+02  7.0627800346E-01  0.0000000000E+00      -2.0301237353E+05  7.5242406971E-09
| Global minimum convergence, d_xhat d_muhat:
  1.2125406966E-03  2.9136089243E-08

| GP model hyperparameters (lengthscales W kappa):
  5.5614701923E-01  4.8397962150E-01 -8.5875629571E+00 -7.0687052503E+00  7.3448542942E+00  5.2625723399E+00
| Next sampling location (x_next, i_next):
  1.5793388204E+02  2.7287729822E+02  0.0000000000E+00

Iteration time [s]:   26.434        Total time [s]: 1541.421

--------------------------------------------------------------------------------
                                BO ITERATION 38                                 
--------------------------------------------------------------------------------
| Evaluating objective function at 1.579E+02 2.729E+02 0.000E+00
| Objective function evaluated, time [s]       22.875
| Acquisition location too confident, doing pure exploration
| Data point added to dataset (x i y): 
  1.5793388204E+02  2.7287729822E+02  0.0000000000E+00      -2.0298845734E+05

| Total ensemble size: 70
| Best acquisition, x_best i_best y_best:
  2.3797326067E+02  8.0608443154E-01  0.0000000000E+00      -2.0301237297E+05
| Global minimum prediction, x_hat mu_hat +- nu_hat:
  2.3752555720E+02  7.0606372059E-01  0.0000000000E+00      -2.0301237353E+05  7.4945257999E-09
| Global minimum convergence, d_xhat d_muhat:
  2.4911944152E-03  2.1116330149E-07

| GP model hyperparameters (lengthscales W kappa):
  5.5929204276E-01  4.6985998746E-01 -8.3039633579E+00 -6.9452249219E+00  6.8360616236E+00  5.0462972574E+00
| Next sampling location (x_next, i_next):
  2.6928520189E+02  1.0124791894E+02  0.0000000000E+00

Iteration time [s]:   26.855        Total time [s]: 1568.276

--------------------------------------------------------------------------------
                                BO ITERATION 39                                 
--------------------------------------------------------------------------------
| Evaluating objective function at 2.693E+02 1.012E+02 0.000E+00
| Objective function evaluated, time [s]       22.707
| Acquisition location too confident, doing pure exploration
| Data point added to dataset (x i y): 
  2.6928520189E+02  1.0124791894E+02  0.0000000000E+00      -2.0298958507E+05

| Total ensemble size: 71
| Best acquisition, x_best i_best y_best:
  2.3797326067E+02  8.0608443154E-01  0.0000000000E+00      -2.0301237297E+05
| Global minimum prediction, x_hat mu_hat +- nu_hat:
  2.3752596555E+02  7.0566311593E-01  0.0000000000E+00      -2.0301237353E+05  7.4998406595E-09
| Global minimum convergence, d_xhat d_muhat:
  5.7204381847E-04  3.4680088155E-08

| GP model hyperparameters (lengthscales W kappa):
  5.5678088202E-01  4.6743544933E-01 -8.2720077853E+00 -6.9143365233E+00  5.9857897069E+00  4.4477137120E+00
| Next sampling location (x_next, i_next):
  2.5581577696E+02  2.8173207754E+02  0.0000000000E+00

Iteration time [s]:   26.153        Total time [s]: 1594.429

--------------------------------------------------------------------------------
                                BO ITERATION 40                                 
--------------------------------------------------------------------------------
| Evaluating objective function at 2.558E+02 2.817E+02 0.000E+00
| Objective function evaluated, time [s]       22.865
| Acquisition location too confident, doing pure exploration
| Data point added to dataset (x i y): 
  2.5581577696E+02  2.8173207754E+02  0.0000000000E+00      -2.0299072269E+05

| Total ensemble size: 72
| Best acquisition, x_best i_best y_best:
  2.3797326067E+02  8.0608443154E-01  0.0000000000E+00      -2.0301237297E+05
| Global minimum prediction, x_hat mu_hat +- nu_hat:
  2.3752624465E+02  7.0552943360E-01  0.0000000000E+00      -2.0301237353E+05  7.3935718880E-09
| Global minimum convergence, d_xhat d_muhat:
  3.0945630914E-04  1.1907201363E-09

| GP model hyperparameters (lengthscales W kappa):
  5.5606422452E-01  4.6693694391E-01 -8.2026867212E+00 -6.8854190877E+00  5.5320277015E+00  4.1590246891E+00
| Next sampling location (x_next, i_next):
  5.0376348679E+01  2.4707005110E+02  0.0000000000E+00

Iteration time [s]:   26.399        Total time [s]: 1620.829

--------------------------------------------------------------------------------
                                BO ITERATION 41                                 
--------------------------------------------------------------------------------
| Evaluating objective function at 5.038E+01 2.471E+02 0.000E+00
| Objective function evaluated, time [s]       22.877
| Acquisition location too confident, doing pure exploration
| Data point added to dataset (x i y): 
  5.0376348679E+01  2.4707005110E+02  0.0000000000E+00      -2.0299373941E+05

| Total ensemble size: 73
| Best acquisition, x_best i_best y_best:
  2.3797326067E+02  8.0608443154E-01  0.0000000000E+00      -2.0301237297E+05
| Global minimum prediction, x_hat mu_hat +- nu_hat:
  2.3751642179E+02  7.0861833962E-01  0.0000000000E+00      -2.0301237353E+05  7.5394321008E-09
| Global minimum convergence, d_xhat d_muhat:
  1.0297078546E-02  2.4166114776E-07

| GP model hyperparameters (lengthscales W kappa):
  5.5297318207E-01  4.6990284773E-01 -8.2616257204E+00 -6.8317722176E+00  5.8296643728E+00  4.2648489329E+00
| Next sampling location (x_next, i_next):
  1.0179270767E+02  2.4567429347E+01  0.0000000000E+00

Iteration time [s]:   26.451        Total time [s]: 1647.280

--------------------------------------------------------------------------------
                                BO ITERATION 42                                 
--------------------------------------------------------------------------------
| Evaluating objective function at 1.018E+02 2.457E+01 0.000E+00
| Objective function evaluated, time [s]       23.436
| Acquisition location too confident, doing pure exploration
| Data point added to dataset (x i y): 
  1.0179270767E+02  2.4567429347E+01  0.0000000000E+00      -2.0299101404E+05

| Total ensemble size: 74
| Best acquisition, x_best i_best y_best:
  2.3797326067E+02  8.0608443154E-01  0.0000000000E+00      -2.0301237297E+05
| Global minimum prediction, x_hat mu_hat +- nu_hat:
  2.3750260617E+02  7.1261884734E-01  0.0000000000E+00      -2.0301237355E+05  8.2960322167E-09
| Global minimum convergence, d_xhat d_muhat:
  1.4383166629E-02  5.3201244593E-07

| GP model hyperparameters (lengthscales W kappa):
  5.2394890444E-01  4.7529748255E-01 -8.5270281131E+00 -6.7374922025E+00  5.0818794605E+00  3.5009231585E+00
| Next sampling location (x_next, i_next):
 -1.6604876363E+01  2.6955127073E+02  0.0000000000E+00

Iteration time [s]:   27.645        Total time [s]: 1674.925

--------------------------------------------------------------------------------
                                BO ITERATION 43                                 
--------------------------------------------------------------------------------
| Evaluating objective function at -1.660E+01 2.696E+02 0.000E+00
| Objective function evaluated, time [s]       22.867
| Acquisition location too confident, doing pure exploration
| Data point added to dataset (x i y): 
 -1.6604876363E+01  2.6955127073E+02  0.0000000000E+00      -2.0299070468E+05

| Total ensemble size: 75
| Best acquisition, x_best i_best y_best:
  2.3797326067E+02  8.0608443154E-01  0.0000000000E+00      -2.0301237297E+05
| Global minimum prediction, x_hat mu_hat +- nu_hat:
  2.3749459800E+02  7.1530020630E-01  0.0000000000E+00      -2.0301237355E+05  8.3274382056E-09
| Global minimum convergence, d_xhat d_muhat:
  8.4451454845E-03  1.8974383983E-07

| GP model hyperparameters (lengthscales W kappa):
  5.2284628043E-01  4.7523676034E-01 -8.4718816293E+00 -6.7283692920E+00  4.6969575862E+00  3.2802630477E+00
| Next sampling location (x_next, i_next):
 -1.4094653807E+01 -3.1520760564E+01  0.0000000000E+00

Iteration time [s]:   27.411        Total time [s]: 1702.337

--------------------------------------------------------------------------------
                                BO ITERATION 44                                 
--------------------------------------------------------------------------------
| Evaluating objective function at -1.409E+01 -3.152E+01 0.000E+00
| Objective function evaluated, time [s]       23.042
| Acquisition location too confident, doing pure exploration
| Data point added to dataset (x i y): 
 -1.4094653807E+01 -3.1520760564E+01  0.0000000000E+00      -2.0299443402E+05

| Total ensemble size: 76
| Best acquisition, x_best i_best y_best:
  2.3797326067E+02  8.0608443154E-01  0.0000000000E+00      -2.0301237297E+05
| Global minimum prediction, x_hat mu_hat +- nu_hat:
  2.3749253395E+02  7.1678501819E-01  0.0000000000E+00      -2.0301237355E+05  8.5772650315E-09
| Global minimum convergence, d_xhat d_muhat:
  2.5426299778E-03  1.7725302687E-07

| GP model hyperparameters (lengthscales W kappa):
  5.1342555705E-01  4.6542661765E-01 -8.0113897625E+00 -6.4712856253E+00  5.0528981661E+00  3.6028522224E+00
| Next sampling location (x_next, i_next):
  1.0840506401E+01  1.2323917932E+02  0.0000000000E+00

Iteration time [s]:   27.095        Total time [s]: 1729.433

--------------------------------------------------------------------------------
                                BO ITERATION 45                                 
--------------------------------------------------------------------------------
| Evaluating objective function at 1.084E+01 1.232E+02 0.000E+00
| Objective function evaluated, time [s]       22.943
| Acquisition location too confident, doing pure exploration
| Data point added to dataset (x i y): 
  1.0840506401E+01  1.2323917932E+02  0.0000000000E+00      -2.0299564066E+05

| Total ensemble size: 77
| Best acquisition, x_best i_best y_best:
  2.3797326067E+02  8.0608443154E-01  0.0000000000E+00      -2.0301237297E+05
| Global minimum prediction, x_hat mu_hat +- nu_hat:
  2.3749098685E+02  7.1723455473E-01  0.0000000000E+00      -2.0301237355E+05  8.5267170213E-09
| Global minimum convergence, d_xhat d_muhat:
  1.6110804197E-03  4.0009253127E-08

| GP model hyperparameters (lengthscales W kappa):
  5.1371074289E-01  4.6954876897E-01 -8.0655597330E+00 -6.5201047309E+00  4.8229800130E+00  3.4532270476E+00
| Next sampling location (x_next, i_next):
  6.3926888957E+01  3.0705237939E+02  0.0000000000E+00

Iteration time [s]:   27.312        Total time [s]: 1756.745

--------------------------------------------------------------------------------
                                BO ITERATION 46                                 
--------------------------------------------------------------------------------
| Evaluating objective function at 6.393E+01 3.071E+02 0.000E+00
| Objective function evaluated, time [s]       23.095
| Acquisition location too confident, doing pure exploration
| Data point added to dataset (x i y): 
  6.3926888957E+01  3.0705237939E+02  0.0000000000E+00      -2.0299503328E+05

| Total ensemble size: 78
| Best acquisition, x_best i_best y_best:
  2.3797326067E+02  8.0608443154E-01  0.0000000000E+00      -2.0301237297E+05
| Global minimum prediction, x_hat mu_hat +- nu_hat:
  2.3750303658E+02  7.1316342347E-01  0.0000000000E+00      -2.0301237354E+05  8.4157302459E-09
| Global minimum convergence, d_xhat d_muhat:
  1.2718879012E-02  2.7980313034E-07

| GP model hyperparameters (lengthscales W kappa):
  5.1298474608E-01  4.5881310769E-01 -7.9126113750E+00 -6.4023224638E+00  4.4833922741E+00  3.2302159437E+00
| Next sampling location (x_next, i_next):
  1.3099608982E+02  9.5215275053E+01  0.0000000000E+00

Iteration time [s]:   27.517        Total time [s]: 1784.263

--------------------------------------------------------------------------------
                                BO ITERATION 47                                 
--------------------------------------------------------------------------------
| Evaluating objective function at 1.310E+02 9.522E+01 0.000E+00
| Objective function evaluated, time [s]       23.130
| Acquisition location too confident, doing pure exploration
| Data point added to dataset (x i y): 
  1.3099608982E+02  9.5215275053E+01  0.0000000000E+00      -2.0299089814E+05

| Total ensemble size: 79
| Best acquisition, x_best i_best y_best:
  2.3797326067E+02  8.0608443154E-01  0.0000000000E+00      -2.0301237297E+05
| Global minimum prediction, x_hat mu_hat +- nu_hat:
  2.3750979567E+02  7.1076558352E-01  0.0000000000E+00      -2.0301237354E+05  8.2518648802E-09
| Global minimum convergence, d_xhat d_muhat:
  7.1718218238E-03  1.3468333731E-07

| GP model hyperparameters (lengthscales W kappa):
  5.1483995189E-01  4.5691081081E-01 -7.8792157204E+00 -6.4036050716E+00  4.3621118405E+00  3.1691493816E+00
| Next sampling location (x_next, i_next):
  1.0967560454E+02  2.2968843653E+02  0.0000000000E+00

Iteration time [s]:   27.932        Total time [s]: 1812.196

--------------------------------------------------------------------------------
                                BO ITERATION 48                                 
--------------------------------------------------------------------------------
| Evaluating objective function at 1.097E+02 2.297E+02 0.000E+00
| Objective function evaluated, time [s]       23.363
| Acquisition location too confident, doing pure exploration
| Data point added to dataset (x i y): 
  1.0967560454E+02  2.2968843653E+02  0.0000000000E+00      -2.0299764471E+05

| Total ensemble size: 80
| Best acquisition, x_best i_best y_best:
  2.3797326067E+02  8.0608443154E-01  0.0000000000E+00      -2.0301237297E+05
| Global minimum prediction, x_hat mu_hat +- nu_hat:
  2.3750917078E+02  7.1089820917E-01  0.0000000000E+00      -2.0301237354E+05  8.2042016735E-09
| Global minimum convergence, d_xhat d_muhat:
  6.3881114918E-04  1.9546449607E-08

| GP model hyperparameters (lengthscales W kappa):
  5.1563279883E-01  4.5986210220E-01 -7.9249540902E+00 -6.4448615654E+00  4.2150496619E+00  3.0720706131E+00
| Next sampling location (x_next, i_next):
  2.4281335383E+02  1.3203444566E+02  0.0000000000E+00

Iteration time [s]:   27.564        Total time [s]: 1839.760

--------------------------------------------------------------------------------
                                BO ITERATION 49                                 
--------------------------------------------------------------------------------
| Evaluating objective function at 2.428E+02 1.320E+02 0.000E+00
| Objective function evaluated, time [s]       22.515
| Data point added to dataset (x i y): 
  2.4281335383E+02  1.3203444566E+02  0.0000000000E+00      -2.0299654474E+05

| Total ensemble size: 81
| Best acquisition, x_best i_best y_best:
  2.3797326067E+02  8.0608443154E-01  0.0000000000E+00      -2.0301237297E+05
| Global minimum prediction, x_hat mu_hat +- nu_hat:
  2.3750640269E+02  7.1175403508E-01  0.0000000000E+00      -2.0301237354E+05  8.1331189782E-09
| Global minimum convergence, d_xhat d_muhat:
  2.8973737505E-03  7.8627546729E-08

| GP model hyperparameters (lengthscales W kappa):
  5.1885128013E-01  4.5549723235E-01  7.7938929393E+00  6.4102331463E+00  4.2477046188E+00  3.1463563096E+00
| Next sampling location (x_next, i_next):
 -3.7958566628E+01  1.7325262619E+02  0.0000000000E+00

Iteration time [s]:   26.482        Total time [s]: 1866.243

--------------------------------------------------------------------------------
                                BO ITERATION 50                                 
--------------------------------------------------------------------------------
| Evaluating objective function at -3.796E+01 1.733E+02 0.000E+00
| Objective function evaluated, time [s]       22.798
| Acquisition location too confident, doing pure exploration
| Data point added to dataset (x i y): 
 -3.7958566628E+01  1.7325262619E+02  0.0000000000E+00      -2.0300817820E+05

| Total ensemble size: 82
| Best acquisition, x_best i_best y_best:
  2.3797326067E+02  8.0608443154E-01  0.0000000000E+00      -2.0301237297E+05
| Global minimum prediction, x_hat mu_hat +- nu_hat:
  2.3750618129E+02  7.1197122736E-01  0.0000000000E+00      -2.0301237354E+05  8.0729786411E-09
| Global minimum convergence, d_xhat d_muhat:
  3.1014100498E-04  4.0324439932E-08

| GP model hyperparameters (lengthscales W kappa):
  5.2045961537E-01  4.5752828168E-01  7.7685722540E+00  6.4283865781E+00  4.5541015560E+00  3.3907116316E+00
| Next sampling location (x_next, i_next):
  3.1000000000E+02  4.2873369757E+01  0.0000000000E+00

Iteration time [s]:   27.282        Total time [s]: 1893.526

|| Bayesian optimization completed, time [s]     1893.515


--------------------------------------------------------------------------------
                        BOSS is done! Have a nice day :)                        

      Datetime 05-08-2020 18:40:02            Total time [s]     1893.526       
--------------------------------------------------------------------------------
