
-----------------------------   Welcome to ....   ------------------------------
                      _______  _______ _______ _______ 
                     |   _   \|   _   |   _   |   _   |
                     |.  1   /|.  |   |   1___|   1___|
                     |.  _   \|.  |   |____   |____   |
                     |:  1    |:  1   |:  1   |:  1   |
                     |::.. .  |::.. . |::.. . |::.. . |
                     `-------'`-------`-------`-------'

                                 Version 0.9.15                                 
                              05-08-2020 18:08:28                               
--------------------------------------------------------------------------------

| Reading BOSS input file from: in_2D
| Initializing...

--------------------------------------------------------------------------------
                                   INPUT FILE                                   
--------------------------------------------------------------------------------
# input file for alanine 2D (d4-d13)

# optimization
userfn       userfn_2D.py
bounds       -50 310; -50 310
num_tasks    2
kernel       stdp
initpts      2 30
iterpts      50
verbosity    2



RESULTS:
1.290700492476016E+02 1.836968113637233E+02 0 -2.030076226909474E+05 
2.894356311089855E+02 2.459864215707020E+02 0 -2.029937249790207E+05 
1.083268252223742E+02 1.295755809119045E+02 1 2.752190000000000E+01 
2.879685355587337E+02 -3.302888280877713E+01 1 2.178080000000000E+01 
1.713847121972541E+02 9.338065195631341E+01 1 3.136720000000000E+01 
2.183711508974863E+02 1.664115498514653E+02 1 2.637000000000000E+01 
6.572099719965714E-01 8.288444343681574E+01 1 3.616370000000000E+01 
1.935349165395601E+02 1.776745609329281E+02 1 2.267690000000000E+01 
-4.018711472081745E+01 1.530770691556803E+02 1 2.345350000000000E+01 
2.213464828233975E+02 -3.499514494038149E+01 1 2.713490000000000E+01 
1.921328977444151E+02 8.980722671611883E+00 1 1.828330000000000E+01 
3.632554560690726E+01 1.692277162582890E+02 1 1.882270000000000E+01 
3.004897246360693E+02 2.283269787673952E+02 1 2.686550000000000E+01 
2.063745341231860E+02 7.685233585766410E+01 1 3.373370000000000E+01 
1.652963398179066E+02 1.560287245056413E+02 1 2.223330000000000E+01 
2.575194106007117E+02 1.307925519004455E+02 1 3.305930000000000E+01 
1.972012283832736E+02 6.307235865059695E+00 1 1.831150000000000E+01 
6.352275600573411E+01 1.051559925479456E+02 1 3.049900000000000E+01 
2.820028949147113E+02 -8.852300900790922E+00 1 1.844380000000000E+01 
2.432011140817577E+02 6.929383294437805E+01 1 3.633290000000000E+01 
2.935740668228042E+02 1.694087014832436E+02 1 2.212380000000000E+01 
1.035598582366027E+02 2.315025965060386E+02 1 2.797990000000000E+01 
2.985020213048767E+02 1.131626321306905E+02 1 3.294980000000000E+01 
1.871225446525002E+02 2.117882077566595E+02 1 2.583650000000000E+01 
1.670958972145840E+02 1.850194479669184E+02 1 2.087720000000000E+01 
8.405593981221179E+00 2.711135101917267E+02 1 3.416480000000000E+01 
8.623000135171506E+01 1.927062890964780E+02 1 1.918060000000000E+01 
1.056272597949295E+02 2.766402278312815E+02 1 3.500700000000000E+01 
2.765294789013905E+02 2.881114965590476E+02 1 3.220490000000000E+01 
5.788751956641763E+00 2.234100368270520E+02 1 2.610460000000000E+01 
6.146066754649531E+01 1.406252643520470E+02 1 2.278500000000000E+01 
5.614802127007186E+01 1.944961994641966E+02 1 1.829970000000000E+01 
--------------------------------------------------------------------------------
                               SIMULATION OPTIONS                               
--------------------------------------------------------------------------------
|| File input/output 
ipfile         in_2D
userfn         userfn_2D.py
outfile        boss.out
rstfile        boss.rst

|| Key settings 
num_tasks         2
bounds         -5.000E+01 3.100E+02;    -5.000E+01 3.100E+02
kerntype       stdp stdp
yrange         -5.000E+01 3.100E+02;    -5.000E+01 3.100E+02
noise          1.000E-12
initpts    2 30    iterpts   50
gm_tol         none
verbosity      2

|| Data acquisition 
acqfn                elcb
acqtol               1.000E-03

|| GP hyperparameters 
thetainit       1.000E+00 3.142E-01
thetabounds     none
thetaprior      gamma
thetapriorpar   1.000E+00 1.000E+00;    3.368E+00 9.020E+00;    3.368E+00 9.020E+00

|| Hyperparameter optimization
updatefreq   1  initupdate      True
updateoffset 0  updaterestarts  2


--------------------------------------------------------------------------------
                              INITIAL DATAPOINT 1                               
--------------------------------------------------------------------------------
| Data point added to dataset (x i y): 
  1.2907004925E+02  1.8369681136E+02  0.0000000000E+00      -2.0300762269E+05

| Total ensemble size: 1
| Next sampling location (x_next, i_next):
  2.8943563111E+02  2.4598642157E+02  0.0000000000E+00

Iteration time [s]:    0.001        Total time [s]:    0.073

--------------------------------------------------------------------------------
                              INITIAL DATAPOINT 2                               
--------------------------------------------------------------------------------
| Data point added to dataset (x i y): 
  2.8943563111E+02  2.4598642157E+02  0.0000000000E+00      -2.0299372498E+05

| Total ensemble size: 2
| Next sampling location (x_next, i_next):
  1.0832682522E+02  1.2957558091E+02  1.0000000000E+00

Iteration time [s]:    0.000        Total time [s]:    0.074

--------------------------------------------------------------------------------
                              INITIAL DATAPOINT 3                               
--------------------------------------------------------------------------------
| Data point added to dataset (x i y): 
  1.0832682522E+02  1.2957558091E+02  1.0000000000E+00       2.7521900000E+01

| Total ensemble size: 3
| Next sampling location (x_next, i_next):
  2.8796853556E+02 -3.3028882809E+01  1.0000000000E+00

Iteration time [s]:    0.001        Total time [s]:    0.075

--------------------------------------------------------------------------------
                              INITIAL DATAPOINT 4                               
--------------------------------------------------------------------------------
| Data point added to dataset (x i y): 
  2.8796853556E+02 -3.3028882809E+01  1.0000000000E+00       2.1780800000E+01

| Total ensemble size: 4
| Next sampling location (x_next, i_next):
  1.7138471220E+02  9.3380651956E+01  1.0000000000E+00

Iteration time [s]:    0.001        Total time [s]:    0.076

--------------------------------------------------------------------------------
                              INITIAL DATAPOINT 5                               
--------------------------------------------------------------------------------
| Data point added to dataset (x i y): 
  1.7138471220E+02  9.3380651956E+01  1.0000000000E+00       3.1367200000E+01

| Total ensemble size: 5
| Next sampling location (x_next, i_next):
  2.1837115090E+02  1.6641154985E+02  1.0000000000E+00

Iteration time [s]:    0.001        Total time [s]:    0.077

--------------------------------------------------------------------------------
                              INITIAL DATAPOINT 6                               
--------------------------------------------------------------------------------
| Data point added to dataset (x i y): 
  2.1837115090E+02  1.6641154985E+02  1.0000000000E+00       2.6370000000E+01

| Total ensemble size: 6
| Next sampling location (x_next, i_next):
  6.5720997200E-01  8.2884443437E+01  1.0000000000E+00

Iteration time [s]:    0.000        Total time [s]:    0.078

--------------------------------------------------------------------------------
                              INITIAL DATAPOINT 7                               
--------------------------------------------------------------------------------
| Data point added to dataset (x i y): 
  6.5720997200E-01  8.2884443437E+01  1.0000000000E+00       3.6163700000E+01

| Total ensemble size: 7
| Next sampling location (x_next, i_next):
  1.9353491654E+02  1.7767456093E+02  1.0000000000E+00

Iteration time [s]:    0.001        Total time [s]:    0.079

--------------------------------------------------------------------------------
                              INITIAL DATAPOINT 8                               
--------------------------------------------------------------------------------
| Data point added to dataset (x i y): 
  1.9353491654E+02  1.7767456093E+02  1.0000000000E+00       2.2676900000E+01

| Total ensemble size: 8
| Next sampling location (x_next, i_next):
 -4.0187114721E+01  1.5307706916E+02  1.0000000000E+00

Iteration time [s]:    0.001        Total time [s]:    0.080

--------------------------------------------------------------------------------
                              INITIAL DATAPOINT 9                               
--------------------------------------------------------------------------------
| Data point added to dataset (x i y): 
 -4.0187114721E+01  1.5307706916E+02  1.0000000000E+00       2.3453500000E+01

| Total ensemble size: 9
| Next sampling location (x_next, i_next):
  2.2134648282E+02 -3.4995144940E+01  1.0000000000E+00

Iteration time [s]:    0.001        Total time [s]:    0.081

--------------------------------------------------------------------------------
                              INITIAL DATAPOINT 10                              
--------------------------------------------------------------------------------
| Data point added to dataset (x i y): 
  2.2134648282E+02 -3.4995144940E+01  1.0000000000E+00       2.7134900000E+01

| Total ensemble size: 10
| Next sampling location (x_next, i_next):
  1.9213289774E+02  8.9807226716E+00  1.0000000000E+00

Iteration time [s]:    0.001        Total time [s]:    0.082

--------------------------------------------------------------------------------
                              INITIAL DATAPOINT 11                              
--------------------------------------------------------------------------------
| Data point added to dataset (x i y): 
  1.9213289774E+02  8.9807226716E+00  1.0000000000E+00       1.8283300000E+01

| Total ensemble size: 11
| Next sampling location (x_next, i_next):
  3.6325545607E+01  1.6922771626E+02  1.0000000000E+00

Iteration time [s]:    0.001        Total time [s]:    0.083

--------------------------------------------------------------------------------
                              INITIAL DATAPOINT 12                              
--------------------------------------------------------------------------------
| Data point added to dataset (x i y): 
  3.6325545607E+01  1.6922771626E+02  1.0000000000E+00       1.8822700000E+01

| Total ensemble size: 12
| Next sampling location (x_next, i_next):
  3.0048972464E+02  2.2832697877E+02  1.0000000000E+00

Iteration time [s]:    0.001        Total time [s]:    0.084

--------------------------------------------------------------------------------
                              INITIAL DATAPOINT 13                              
--------------------------------------------------------------------------------
| Data point added to dataset (x i y): 
  3.0048972464E+02  2.2832697877E+02  1.0000000000E+00       2.6865500000E+01

| Total ensemble size: 13
| Next sampling location (x_next, i_next):
  2.0637453412E+02  7.6852335858E+01  1.0000000000E+00

Iteration time [s]:    0.001        Total time [s]:    0.085

--------------------------------------------------------------------------------
                              INITIAL DATAPOINT 14                              
--------------------------------------------------------------------------------
| Data point added to dataset (x i y): 
  2.0637453412E+02  7.6852335858E+01  1.0000000000E+00       3.3733700000E+01

| Total ensemble size: 14
| Next sampling location (x_next, i_next):
  1.6529633982E+02  1.5602872451E+02  1.0000000000E+00

Iteration time [s]:    0.001        Total time [s]:    0.086

--------------------------------------------------------------------------------
                              INITIAL DATAPOINT 15                              
--------------------------------------------------------------------------------
| Data point added to dataset (x i y): 
  1.6529633982E+02  1.5602872451E+02  1.0000000000E+00       2.2233300000E+01

| Total ensemble size: 15
| Next sampling location (x_next, i_next):
  2.5751941060E+02  1.3079255190E+02  1.0000000000E+00

Iteration time [s]:    0.001        Total time [s]:    0.087

--------------------------------------------------------------------------------
                              INITIAL DATAPOINT 16                              
--------------------------------------------------------------------------------
| Data point added to dataset (x i y): 
  2.5751941060E+02  1.3079255190E+02  1.0000000000E+00       3.3059300000E+01

| Total ensemble size: 16
| Next sampling location (x_next, i_next):
  1.9720122838E+02  6.3072358651E+00  1.0000000000E+00

Iteration time [s]:    0.001        Total time [s]:    0.088

--------------------------------------------------------------------------------
                              INITIAL DATAPOINT 17                              
--------------------------------------------------------------------------------
| Data point added to dataset (x i y): 
  1.9720122838E+02  6.3072358651E+00  1.0000000000E+00       1.8311500000E+01

| Total ensemble size: 17
| Next sampling location (x_next, i_next):
  6.3522756006E+01  1.0515599255E+02  1.0000000000E+00

Iteration time [s]:    0.001        Total time [s]:    0.089

--------------------------------------------------------------------------------
                              INITIAL DATAPOINT 18                              
--------------------------------------------------------------------------------
| Data point added to dataset (x i y): 
  6.3522756006E+01  1.0515599255E+02  1.0000000000E+00       3.0499000000E+01

| Total ensemble size: 18
| Next sampling location (x_next, i_next):
  2.8200289491E+02 -8.8523009008E+00  1.0000000000E+00

Iteration time [s]:    0.001        Total time [s]:    0.091

--------------------------------------------------------------------------------
                              INITIAL DATAPOINT 19                              
--------------------------------------------------------------------------------
| Data point added to dataset (x i y): 
  2.8200289491E+02 -8.8523009008E+00  1.0000000000E+00       1.8443800000E+01

| Total ensemble size: 19
| Next sampling location (x_next, i_next):
  2.4320111408E+02  6.9293832944E+01  1.0000000000E+00

Iteration time [s]:    0.001        Total time [s]:    0.092

--------------------------------------------------------------------------------
                              INITIAL DATAPOINT 20                              
--------------------------------------------------------------------------------
| Data point added to dataset (x i y): 
  2.4320111408E+02  6.9293832944E+01  1.0000000000E+00       3.6332900000E+01

| Total ensemble size: 20
| Next sampling location (x_next, i_next):
  2.9357406682E+02  1.6940870148E+02  1.0000000000E+00

Iteration time [s]:    0.001        Total time [s]:    0.093

--------------------------------------------------------------------------------
                              INITIAL DATAPOINT 21                              
--------------------------------------------------------------------------------
| Data point added to dataset (x i y): 
  2.9357406682E+02  1.6940870148E+02  1.0000000000E+00       2.2123800000E+01

| Total ensemble size: 21
| Next sampling location (x_next, i_next):
  1.0355985824E+02  2.3150259651E+02  1.0000000000E+00

Iteration time [s]:    0.001        Total time [s]:    0.094

--------------------------------------------------------------------------------
                              INITIAL DATAPOINT 22                              
--------------------------------------------------------------------------------
| Data point added to dataset (x i y): 
  1.0355985824E+02  2.3150259651E+02  1.0000000000E+00       2.7979900000E+01

| Total ensemble size: 22
| Next sampling location (x_next, i_next):
  2.9850202130E+02  1.1316263213E+02  1.0000000000E+00

Iteration time [s]:    0.001        Total time [s]:    0.095

--------------------------------------------------------------------------------
                              INITIAL DATAPOINT 23                              
--------------------------------------------------------------------------------
| Data point added to dataset (x i y): 
  2.9850202130E+02  1.1316263213E+02  1.0000000000E+00       3.2949800000E+01

| Total ensemble size: 23
| Next sampling location (x_next, i_next):
  1.8712254465E+02  2.1178820776E+02  1.0000000000E+00

Iteration time [s]:    0.001        Total time [s]:    0.096

--------------------------------------------------------------------------------
                              INITIAL DATAPOINT 24                              
--------------------------------------------------------------------------------
| Data point added to dataset (x i y): 
  1.8712254465E+02  2.1178820776E+02  1.0000000000E+00       2.5836500000E+01

| Total ensemble size: 24
| Next sampling location (x_next, i_next):
  1.6709589721E+02  1.8501944797E+02  1.0000000000E+00

Iteration time [s]:    0.001        Total time [s]:    0.097

--------------------------------------------------------------------------------
                              INITIAL DATAPOINT 25                              
--------------------------------------------------------------------------------
| Data point added to dataset (x i y): 
  1.6709589721E+02  1.8501944797E+02  1.0000000000E+00       2.0877200000E+01

| Total ensemble size: 25
| Next sampling location (x_next, i_next):
  8.4055939812E+00  2.7111351019E+02  1.0000000000E+00

Iteration time [s]:    0.001        Total time [s]:    0.098

--------------------------------------------------------------------------------
                              INITIAL DATAPOINT 26                              
--------------------------------------------------------------------------------
| Data point added to dataset (x i y): 
  8.4055939812E+00  2.7111351019E+02  1.0000000000E+00       3.4164800000E+01

| Total ensemble size: 26
| Next sampling location (x_next, i_next):
  8.6230001352E+01  1.9270628910E+02  1.0000000000E+00

Iteration time [s]:    0.001        Total time [s]:    0.099

--------------------------------------------------------------------------------
                              INITIAL DATAPOINT 27                              
--------------------------------------------------------------------------------
| Data point added to dataset (x i y): 
  8.6230001352E+01  1.9270628910E+02  1.0000000000E+00       1.9180600000E+01

| Total ensemble size: 27
| Next sampling location (x_next, i_next):
  1.0562725979E+02  2.7664022783E+02  1.0000000000E+00

Iteration time [s]:    0.001        Total time [s]:    0.100

--------------------------------------------------------------------------------
                              INITIAL DATAPOINT 28                              
--------------------------------------------------------------------------------
| Data point added to dataset (x i y): 
  1.0562725979E+02  2.7664022783E+02  1.0000000000E+00       3.5007000000E+01

| Total ensemble size: 28
| Next sampling location (x_next, i_next):
  2.7652947890E+02  2.8811149656E+02  1.0000000000E+00

Iteration time [s]:    0.001        Total time [s]:    0.102

--------------------------------------------------------------------------------
                              INITIAL DATAPOINT 29                              
--------------------------------------------------------------------------------
| Data point added to dataset (x i y): 
  2.7652947890E+02  2.8811149656E+02  1.0000000000E+00       3.2204900000E+01

| Total ensemble size: 29
| Next sampling location (x_next, i_next):
  5.7887519566E+00  2.2341003683E+02  1.0000000000E+00

Iteration time [s]:    0.001        Total time [s]:    0.103

--------------------------------------------------------------------------------
                              INITIAL DATAPOINT 30                              
--------------------------------------------------------------------------------
| Data point added to dataset (x i y): 
  5.7887519566E+00  2.2341003683E+02  1.0000000000E+00       2.6104600000E+01

| Total ensemble size: 30
| Next sampling location (x_next, i_next):
  6.1460667546E+01  1.4062526435E+02  1.0000000000E+00

Iteration time [s]:    0.001        Total time [s]:    0.104

--------------------------------------------------------------------------------
                              INITIAL DATAPOINT 31                              
--------------------------------------------------------------------------------
| Data point added to dataset (x i y): 
  6.1460667546E+01  1.4062526435E+02  1.0000000000E+00       2.2785000000E+01

| Total ensemble size: 31
| Next sampling location (x_next, i_next):
  5.6148021270E+01  1.9449619946E+02  1.0000000000E+00

Iteration time [s]:    0.001        Total time [s]:    0.105

--------------------------------------------------------------------------------
                              INITIAL DATAPOINT 32                              
--------------------------------------------------------------------------------
| Data point added to dataset (x i y): 
  5.6148021270E+01  1.9449619946E+02  1.0000000000E+00       1.8299700000E+01

| Total ensemble size: 32
| Best acquisition, x_best i_best y_best:
  1.2907004925E+02  1.8369681136E+02  0.0000000000E+00      -2.0300762269E+05
| Global minimum prediction, x_hat mu_hat +- nu_hat:
  5.8757320532E+01  1.8122702913E+02  0.0000000000E+00      -2.0301214173E+05  1.1314855006E-01

| GP model hyperparameters (lengthscales W kappa):
  7.0676226449E-01  5.3608297936E-01 -1.0327011993E+01 -7.9214198903E+00  9.2529725290E-07  8.5916415808E-12
| Next sampling location (x_next, i_next):
  5.9580077046E+01 -8.9902075179E-01  0.0000000000E+00

Iteration time [s]:    1.482        Total time [s]:    1.588

--------------------------------------------------------------------------------
                                 BO ITERATION 1                                 
--------------------------------------------------------------------------------
| Evaluating objective function at 5.958E+01 -8.990E-01 0.000E+00
| Objective function evaluated, time [s]       30.253
| Data point added to dataset (x i y): 
  5.9580077046E+01 -8.9902075179E-01  0.0000000000E+00      -2.0300376680E+05

| Total ensemble size: 33
| Best acquisition, x_best i_best y_best:
  1.2907004925E+02  1.8369681136E+02  0.0000000000E+00      -2.0300762269E+05
| Global minimum prediction, x_hat mu_hat +- nu_hat:
  5.8095118270E+01  1.8040879750E+02  0.0000000000E+00      -2.0301211973E+05  1.3321411874E+00
| Global minimum convergence, d_xhat d_muhat:
  1.0526228411E+00  1.2190678279E-03

| GP model hyperparameters (lengthscales W kappa):
  7.0958748822E-01  5.4785280360E-01  1.0354159814E+01  7.9194521014E+00  2.1947965630E+00  1.7794771292E-02
| Next sampling location (x_next, i_next):
 -2.7188251707E+01 -4.1948207405E+00  0.0000000000E+00

Iteration time [s]:   31.289        Total time [s]:   32.878

--------------------------------------------------------------------------------
                                 BO ITERATION 2                                 
--------------------------------------------------------------------------------
| Evaluating objective function at -2.719E+01 -4.195E+00 0.000E+00
| Objective function evaluated, time [s]       22.912
| Data point added to dataset (x i y): 
 -2.7188251707E+01 -4.1948207405E+00  0.0000000000E+00      -2.0299524842E+05

| Total ensemble size: 34
| Best acquisition, x_best i_best y_best:
  1.2907004925E+02  1.8369681136E+02  0.0000000000E+00      -2.0300762269E+05
| Global minimum prediction, x_hat mu_hat +- nu_hat:
  5.9607795972E+01  1.8054847737E+02  0.0000000000E+00      -2.0301203367E+05  1.5622936831E-01
| Global minimum convergence, d_xhat d_muhat:
  1.5191129967E+00  4.7676524983E-03

| GP model hyperparameters (lengthscales W kappa):
  6.8000086820E-01  5.6733638808E-01  1.2129918392E+01  8.9245075028E+00  1.2477507789E-10  7.0236596890E-08
| Next sampling location (x_next, i_next):
  1.1966072934E+02  2.9596156833E+00  0.0000000000E+00

Iteration time [s]:   24.077        Total time [s]:   56.956

--------------------------------------------------------------------------------
                                 BO ITERATION 3                                 
--------------------------------------------------------------------------------
| Evaluating objective function at 1.197E+02 2.960E+00 0.000E+00
| Objective function evaluated, time [s]       23.008
| Data point added to dataset (x i y): 
  1.1966072934E+02  2.9596156833E+00  0.0000000000E+00      -2.0299016329E+05

| Total ensemble size: 35
| Best acquisition, x_best i_best y_best:
  1.2907004925E+02  1.8369681136E+02  0.0000000000E+00      -2.0300762269E+05
| Global minimum prediction, x_hat mu_hat +- nu_hat:
  1.2225364301E+02  1.7958260288E+02  0.0000000000E+00      -2.0300770327E+05  1.5340716465E+00
| Global minimum convergence, d_xhat d_muhat:
  6.2653292529E+01  2.2209367147E-01

| GP model hyperparameters (lengthscales W kappa):
  6.5698250165E-01  4.9127963172E-01 -9.3194760694E+00  2.1869113231E+00  3.7820869058E+01  4.4359862078E+01
| Next sampling location (x_next, i_next):
  2.6292362494E+01  9.3591878224E+01  0.0000000000E+00

Iteration time [s]:   24.212        Total time [s]:   81.169

--------------------------------------------------------------------------------
                                 BO ITERATION 4                                 
--------------------------------------------------------------------------------
| Evaluating objective function at 2.629E+01 9.359E+01 0.000E+00
| Objective function evaluated, time [s]       21.660
| Data point added to dataset (x i y): 
  2.6292362494E+01  9.3591878224E+01  0.0000000000E+00      -2.0299054387E+05

| Total ensemble size: 36
| Best acquisition, x_best i_best y_best:
  1.2907004925E+02  1.8369681136E+02  0.0000000000E+00      -2.0300762269E+05
| Global minimum prediction, x_hat mu_hat +- nu_hat:
  1.1591270985E+02  1.8507413198E+02  0.0000000000E+00      -2.0300769140E+05  3.4601091856E+00
| Global minimum convergence, d_xhat d_muhat:
  8.3883446064E+00  5.7165123509E-04

| GP model hyperparameters (lengthscales W kappa):
  6.3822635015E-01  4.6629677288E-01 -8.8034362789E+00 -1.9304029093E+00  3.7702812852E+01  4.0463974527E+01
| Next sampling location (x_next, i_next):
  3.9316000949E+01  1.9744633328E+02  0.0000000000E+00

Iteration time [s]:   22.893        Total time [s]:  104.062

--------------------------------------------------------------------------------
                                 BO ITERATION 5                                 
--------------------------------------------------------------------------------
| Evaluating objective function at 3.932E+01 1.974E+02 0.000E+00
| Objective function evaluated, time [s]       24.030
| Data point added to dataset (x i y): 
  3.9316000949E+01  1.9744633328E+02  0.0000000000E+00      -2.0300762222E+05

| Total ensemble size: 37
| Best acquisition, x_best i_best y_best:
  1.2907004925E+02  1.8369681136E+02  0.0000000000E+00      -2.0300762269E+05
| Global minimum prediction, x_hat mu_hat +- nu_hat:
  5.7943614763E+01  1.7984676019E+02  0.0000000000E+00      -2.0300965323E+05  2.4504726408E-01
| Global minimum convergence, d_xhat d_muhat:
  5.8204307411E+01  1.0207876862E-01

| GP model hyperparameters (lengthscales W kappa):
  4.9197989438E-01  4.9368157472E-01  9.6607311486E+00  7.5467329488E+00  9.5201638478E-08  4.6032849231E-09
| Next sampling location (x_next, i_next):
  2.4924217916E+02 -1.8519009294E+00  0.0000000000E+00

Iteration time [s]:   25.388        Total time [s]:  129.451

--------------------------------------------------------------------------------
                                 BO ITERATION 6                                 
--------------------------------------------------------------------------------
| Evaluating objective function at 2.492E+02 -1.852E+00 0.000E+00
| Objective function evaluated, time [s]       23.057
| Data point added to dataset (x i y): 
  2.4924217916E+02 -1.8519009294E+00  0.0000000000E+00      -2.0301224464E+05

| Total ensemble size: 38
| Best acquisition, x_best i_best y_best:
  2.4924217916E+02 -1.8519009294E+00  0.0000000000E+00      -2.0301224464E+05
| Global minimum prediction, x_hat mu_hat +- nu_hat:
  2.6097409499E+02 -4.9825907712E+00  0.0000000000E+00      -2.0301261697E+05  1.8560744036E-01
| Global minimum convergence, d_xhat d_muhat:
  2.7456012981E+02  1.3405658572E-01

| GP model hyperparameters (lengthscales W kappa):
  5.0176213634E-01  4.7752175909E-01 -9.9226748341E+00 -7.4750445481E+00  7.2303912205E-01  3.1992718168E-01
| Next sampling location (x_next, i_next):
  5.1776918631E+01  3.4999614844E+01  0.0000000000E+00

Iteration time [s]:   24.369        Total time [s]:  153.821

--------------------------------------------------------------------------------
                                 BO ITERATION 7                                 
--------------------------------------------------------------------------------
| Evaluating objective function at 5.178E+01 3.500E+01 0.000E+00
| Objective function evaluated, time [s]       22.972
| Data point added to dataset (x i y): 
  5.1776918631E+01  3.4999614844E+01  0.0000000000E+00      -2.0299893784E+05

| Total ensemble size: 39
| Best acquisition, x_best i_best y_best:
  2.4924217916E+02 -1.8519009294E+00  0.0000000000E+00      -2.0301224464E+05
| Global minimum prediction, x_hat mu_hat +- nu_hat:
  2.6073677814E+02 -5.0121150705E+00  0.0000000000E+00      -2.0301260943E+05  1.6891601708E-01
| Global minimum convergence, d_xhat d_muhat:
  2.3914634339E-01  3.3899741414E-04

| GP model hyperparameters (lengthscales W kappa):
  5.0610636570E-01  4.9082212276E-01  1.0029690800E+01  7.5541495591E+00  5.3705548378E-01  3.8670955356E-01
| Next sampling location (x_next, i_next):
  2.0069672631E+02  2.4731395290E+01  0.0000000000E+00

Iteration time [s]:   24.193        Total time [s]:  178.014

--------------------------------------------------------------------------------
                                 BO ITERATION 8                                 
--------------------------------------------------------------------------------
| Evaluating objective function at 2.007E+02 2.473E+01 0.000E+00
| Objective function evaluated, time [s]       22.950
| Data point added to dataset (x i y): 
  2.0069672631E+02  2.4731395290E+01  0.0000000000E+00      -2.0300869645E+05

| Total ensemble size: 40
| Best acquisition, x_best i_best y_best:
  2.4924217916E+02 -1.8519009294E+00  0.0000000000E+00      -2.0301224464E+05
| Global minimum prediction, x_hat mu_hat +- nu_hat:
  2.6397949509E+02 -6.2568882415E+00  0.0000000000E+00      -2.0301298611E+05  3.3443887187E-01
| Global minimum convergence, d_xhat d_muhat:
  3.4734238873E+00  1.7058496782E-02

| GP model hyperparameters (lengthscales W kappa):
  5.1406363921E-01  5.3813428863E-01 -1.0774289887E+01 -8.1399159595E+00  2.1081668430E+00  1.4636912302E-01
| Next sampling location (x_next, i_next):
  1.8488611729E+02 -6.8300373564E+00  0.0000000000E+00

Iteration time [s]:   24.361        Total time [s]:  202.376

--------------------------------------------------------------------------------
                                 BO ITERATION 9                                 
--------------------------------------------------------------------------------
| Evaluating objective function at 1.849E+02 -6.830E+00 0.000E+00
| Objective function evaluated, time [s]       22.974
| Data point added to dataset (x i y): 
  1.8488611729E+02 -6.8300373564E+00  0.0000000000E+00      -2.0300536533E+05

| Total ensemble size: 41
| Best acquisition, x_best i_best y_best:
  2.4924217916E+02 -1.8519009294E+00  0.0000000000E+00      -2.0301224464E+05
| Global minimum prediction, x_hat mu_hat +- nu_hat:
  2.6250185824E+02 -5.9444264845E+00  0.0000000000E+00      -2.0301282185E+05  3.0873409150E-01
| Global minimum convergence, d_xhat d_muhat:
  1.5103122227E+00  7.4385803604E-03

| GP model hyperparameters (lengthscales W kappa):
  5.2810232146E-01  5.2409145147E-01  1.0744325205E+01  7.9447626024E+00  4.4140057129E-01  1.9559990186E+00
| Next sampling location (x_next, i_next):
 -3.5530664772E+01  1.8894449855E+02  0.0000000000E+00

Iteration time [s]:   24.475        Total time [s]:  226.852

--------------------------------------------------------------------------------
                                BO ITERATION 10                                 
--------------------------------------------------------------------------------
| Evaluating objective function at -3.553E+01 1.889E+02 0.000E+00
| Objective function evaluated, time [s]       22.813
| Data point added to dataset (x i y): 
 -3.5530664772E+01  1.8894449855E+02  0.0000000000E+00      -2.0300783608E+05

| Total ensemble size: 42
| Best acquisition, x_best i_best y_best:
  2.4924217916E+02 -1.8519009294E+00  0.0000000000E+00      -2.0301224464E+05
| Global minimum prediction, x_hat mu_hat +- nu_hat:
  2.6343886940E+02 -5.9002561479E+00  0.0000000000E+00      -2.0301289355E+05  3.7602718257E-01
| Global minimum convergence, d_xhat d_muhat:
  9.3805167095E-01  3.2470972830E-03

| GP model hyperparameters (lengthscales W kappa):
  5.4860007080E-01  5.5650585848E-01  1.1639998996E+01  8.3911204374E+00  5.0990167497E-01  2.6243570287E+00
| Next sampling location (x_next, i_next):
  2.7739104463E+02 -7.1917127482E+00  0.0000000000E+00

Iteration time [s]:   24.478        Total time [s]:  251.331

--------------------------------------------------------------------------------
                                BO ITERATION 11                                 
--------------------------------------------------------------------------------
| Evaluating objective function at 2.774E+02 -7.192E+00 0.000E+00
| Objective function evaluated, time [s]       23.043
| Data point added to dataset (x i y): 
  2.7739104463E+02 -7.1917127482E+00  0.0000000000E+00      -2.0301047528E+05

| Total ensemble size: 43
| Best acquisition, x_best i_best y_best:
  2.4924217916E+02 -1.8519009294E+00  0.0000000000E+00      -2.0301224464E+05
| Global minimum prediction, x_hat mu_hat +- nu_hat:
  2.5527159134E+02 -3.8020990446E+00  0.0000000000E+00      -2.0301234568E+05  1.4497476324E-02
| Global minimum convergence, d_xhat d_muhat:
  8.4324785290E+00  2.4811507413E-02

| GP model hyperparameters (lengthscales W kappa):
  5.6261346772E-01  5.5403482362E-01 -1.1532623133E+01 -8.3171027765E+00  3.1916947004E+00  3.3842958433E+00
| Next sampling location (x_next, i_next):
  7.1413706877E+01  1.7039323876E+02  0.0000000000E+00

Iteration time [s]:   24.432        Total time [s]:  275.763

--------------------------------------------------------------------------------
                                BO ITERATION 12                                 
--------------------------------------------------------------------------------
| Evaluating objective function at 7.141E+01 1.704E+02 0.000E+00
| Objective function evaluated, time [s]       23.075
| Data point added to dataset (x i y): 
  7.1413706877E+01  1.7039323876E+02  0.0000000000E+00      -2.0300907200E+05

| Total ensemble size: 44
| Best acquisition, x_best i_best y_best:
  2.4924217916E+02 -1.8519009294E+00  0.0000000000E+00      -2.0301224464E+05
| Global minimum prediction, x_hat mu_hat +- nu_hat:
  2.5504424491E+02 -3.5532524900E+00  0.0000000000E+00      -2.0301233377E+05  1.1428685206E-02
| Global minimum convergence, d_xhat d_muhat:
  3.3706232566E-01  5.3927546845E-04

| GP model hyperparameters (lengthscales W kappa):
  5.8308930434E-01  5.8110867634E-01 -1.2214292616E+01 -8.7878706258E+00  3.5912675907E+00  4.1158730366E+00
| Next sampling location (x_next, i_next):
  1.8014563999E+02  1.7643202249E+02  0.0000000000E+00

Iteration time [s]:   24.568        Total time [s]:  300.331

--------------------------------------------------------------------------------
                                BO ITERATION 13                                 
--------------------------------------------------------------------------------
| Evaluating objective function at 1.801E+02 1.764E+02 0.000E+00
| Objective function evaluated, time [s]       21.612
| Data point added to dataset (x i y): 
  1.8014563999E+02  1.7643202249E+02  0.0000000000E+00      -2.0300790295E+05

| Total ensemble size: 45
| Best acquisition, x_best i_best y_best:
  2.4924217916E+02 -1.8519009294E+00  0.0000000000E+00      -2.0301224464E+05
| Global minimum prediction, x_hat mu_hat +- nu_hat:
  2.5516455727E+02 -3.7096030452E+00  0.0000000000E+00      -2.0301233975E+05  1.1213645364E-02
| Global minimum convergence, d_xhat d_muhat:
  1.9728294944E-01  2.7046223141E-04

| GP model hyperparameters (lengthscales W kappa):
  5.9737411254E-01  5.9883272124E-01  1.2625318363E+01  9.3935915239E+00  7.1301936525E+00  1.9138591202E+00
| Next sampling location (x_next, i_next):
  2.6932407740E+02  1.9192675127E+02  0.0000000000E+00

Iteration time [s]:   23.346        Total time [s]:  323.678

--------------------------------------------------------------------------------
                                BO ITERATION 14                                 
--------------------------------------------------------------------------------
| Evaluating objective function at 2.693E+02 1.919E+02 0.000E+00
| Objective function evaluated, time [s]       21.680
| Data point added to dataset (x i y): 
  2.6932407740E+02  1.9192675127E+02  0.0000000000E+00      -2.0300674607E+05

| Total ensemble size: 46
| Best acquisition, x_best i_best y_best:
  2.4924217916E+02 -1.8519009294E+00  0.0000000000E+00      -2.0301224464E+05
| Global minimum prediction, x_hat mu_hat +- nu_hat:
  2.5511504911E+02 -3.7087778070E+00  0.0000000000E+00      -2.0301233595E+05  1.0324183323E-02
| Global minimum convergence, d_xhat d_muhat:
  4.9515044750E-02  1.7202592083E-04

| GP model hyperparameters (lengthscales W kappa):
  6.1983147921E-01  6.1160746916E-01  1.3470119491E+01  9.6813246607E+00  7.5769186652E+00  2.5048663928E+00
| Next sampling location (x_next, i_next):
  2.5824356341E+02 -1.5750449078E+01  0.0000000000E+00

Iteration time [s]:   23.325        Total time [s]:  347.003

--------------------------------------------------------------------------------
                                BO ITERATION 15                                 
--------------------------------------------------------------------------------
| Evaluating objective function at 2.582E+02 -1.575E+01 0.000E+00
| Objective function evaluated, time [s]       26.105
| Data point added to dataset (x i y): 
  2.5824356341E+02 -1.5750449078E+01  0.0000000000E+00      -2.0301078888E+05

| Total ensemble size: 47
| Best acquisition, x_best i_best y_best:
  2.4924217916E+02 -1.8519009294E+00  0.0000000000E+00      -2.0301224464E+05
| Global minimum prediction, x_hat mu_hat +- nu_hat:
  2.5416163352E+02 -1.4061662389E+00  0.0000000000E+00      -2.0301232103E+05  8.8986023127E-03
| Global minimum convergence, d_xhat d_muhat:
  2.4921920680E+00  6.7570910108E-04

| GP model hyperparameters (lengthscales W kappa):
  6.3451813954E-01  6.4051352314E-01 -1.4355980587E+01 -9.7447061319E+00  1.1404225659E+00  7.3920008395E+00
| Next sampling location (x_next, i_next):
  2.9722049817E+02  1.6420415724E+02  0.0000000000E+00

Iteration time [s]:   30.349        Total time [s]:  377.353

--------------------------------------------------------------------------------
                                BO ITERATION 16                                 
--------------------------------------------------------------------------------
| Evaluating objective function at 2.972E+02 1.642E+02 0.000E+00
| Objective function evaluated, time [s]      289.178
| Data point added to dataset (x i y): 
  2.9722049817E+02  1.6420415724E+02  0.0000000000E+00      -2.0300728799E+05

| Total ensemble size: 48
| Best acquisition, x_best i_best y_best:
  2.4924217916E+02 -1.8519009294E+00  0.0000000000E+00      -2.0301224464E+05
| Global minimum prediction, x_hat mu_hat +- nu_hat:
  2.5418944724E+02 -1.3830846573E+00  0.0000000000E+00      -2.0301232253E+05  8.2946394302E-03
| Global minimum convergence, d_xhat d_muhat:
  3.6143629639E-02  6.8119524082E-05

| GP model hyperparameters (lengthscales W kappa):
  6.4698007233E-01  6.6425934686E-01  1.4528271436E+01  1.0584989829E+01  1.3904186940E+01  9.9974648869E-01
| Next sampling location (x_next, i_next):
  2.2555457559E+02  1.5760626244E+00  0.0000000000E+00

Iteration time [s]:  293.830        Total time [s]:  671.183

--------------------------------------------------------------------------------
                                BO ITERATION 17                                 
--------------------------------------------------------------------------------
| Evaluating objective function at 2.256E+02 1.576E+00 0.000E+00
| Objective function evaluated, time [s]      100.768
| Data point added to dataset (x i y): 
  2.2555457559E+02  1.5760626244E+00  0.0000000000E+00      -2.0301217973E+05

| Total ensemble size: 49
| Best acquisition, x_best i_best y_best:
  2.4924217916E+02 -1.8519009294E+00  0.0000000000E+00      -2.0301224464E+05
| Global minimum prediction, x_hat mu_hat +- nu_hat:
  2.3924175834E+02  3.7024565153E-01  0.0000000000E+00      -2.0301229743E+05  1.7780242814E-03
| Global minimum convergence, d_xhat d_muhat:
  1.5050168459E+01  1.1183182427E-03

| GP model hyperparameters (lengthscales W kappa):
  6.5387926667E-01  6.6242198560E-01  1.4430242986E+01  9.6689634520E+00  1.7699192691E+01  5.8216860190E+00
| Next sampling location (x_next, i_next):
  1.9355755936E+01  1.6645898555E+02  0.0000000000E+00

Iteration time [s]:  102.394        Total time [s]:  773.578

--------------------------------------------------------------------------------
                                BO ITERATION 18                                 
--------------------------------------------------------------------------------
| Evaluating objective function at 1.936E+01 1.665E+02 0.000E+00
| Objective function evaluated, time [s]       22.785
| Data point added to dataset (x i y): 
  1.9355755936E+01  1.6645898555E+02  0.0000000000E+00      -2.0300727806E+05

| Total ensemble size: 50
| Best acquisition, x_best i_best y_best:
  2.4924217916E+02 -1.8519009294E+00  0.0000000000E+00      -2.0301224464E+05
| Global minimum prediction, x_hat mu_hat +- nu_hat:
  2.3927627529E+02  3.3498126529E-01  0.0000000000E+00      -2.0301229752E+05  1.5963538426E-03
| Global minimum convergence, d_xhat d_muhat:
  4.9345689780E-02  4.0263702433E-06

| GP model hyperparameters (lengthscales W kappa):
  6.6618649796E-01  6.8386070561E-01 -1.5498839145E+01 -9.9540562111E+00  6.1735872004E+00  1.0408504212E+01
| Next sampling location (x_next, i_next):
  2.3380353597E+02  5.8762701054E+00  0.0000000000E+00

Iteration time [s]:   24.621        Total time [s]:  798.200

--------------------------------------------------------------------------------
                                BO ITERATION 19                                 
--------------------------------------------------------------------------------
| Evaluating objective function at 2.338E+02 5.876E+00 0.000E+00
| Objective function evaluated, time [s]       22.929
| Data point added to dataset (x i y): 
  2.3380353597E+02  5.8762701054E+00  0.0000000000E+00      -2.0301219569E+05

| Total ensemble size: 51
| Best acquisition, x_best i_best y_best:
  2.4924217916E+02 -1.8519009294E+00  0.0000000000E+00      -2.0301224464E+05
| Global minimum prediction, x_hat mu_hat +- nu_hat:
  2.3796117461E+02  1.2639774638E+00  0.0000000000E+00      -2.0301231957E+05  6.4302831962E-04
| Global minimum convergence, d_xhat d_muhat:
  1.6101315922E+00  9.6130580704E-04

| GP model hyperparameters (lengthscales W kappa):
  6.7126293456E-01  7.0490677385E-01 -1.5633633630E+01 -1.0198731938E+01  3.4255113370E+00  1.3129107647E+01
| Next sampling location (x_next, i_next):
  2.3779503193E+02 -8.2797814238E-03  0.0000000000E+00

Iteration time [s]:   24.705        Total time [s]:  822.905

--------------------------------------------------------------------------------
                                BO ITERATION 20                                 
--------------------------------------------------------------------------------
| Evaluating objective function at 2.378E+02 -8.280E-03 0.000E+00
| Objective function evaluated, time [s]       22.945
| Data point added to dataset (x i y): 
  2.3779503193E+02 -8.2797814238E-03  0.0000000000E+00      -2.0301236922E+05

| Total ensemble size: 52
| Best acquisition, x_best i_best y_best:
  2.3779503193E+02 -8.2797814238E-03  0.0000000000E+00      -2.0301236922E+05
| Global minimum prediction, x_hat mu_hat +- nu_hat:
  2.3778461861E+02  6.4003926243E-01  0.0000000000E+00      -2.0301237277E+05  1.6522170138E-06
| Global minimum convergence, d_xhat d_muhat:
  6.4843727594E-01  2.2857341254E-03

| GP model hyperparameters (lengthscales W kappa):
  6.3632986719E-01  6.9785648466E-01 -1.5491069545E+01 -1.0300208933E+01  2.3613007886E+00  1.0475530152E+01
| Next sampling location (x_next, i_next):
  2.3758682110E+02  9.9150007770E-01  0.0000000000E+00

Iteration time [s]:   24.582        Total time [s]:  847.488

--------------------------------------------------------------------------------
                                BO ITERATION 21                                 
--------------------------------------------------------------------------------
| Evaluating objective function at 2.376E+02 9.915E-01 0.000E+00
| Objective function evaluated, time [s]       22.909
| Acquisition location too confident, doing pure exploration
| Data point added to dataset (x i y): 
  2.3758682110E+02  9.9150007770E-01  0.0000000000E+00      -2.0301237283E+05

| Total ensemble size: 53
| Best acquisition, x_best i_best y_best:
  2.3758682110E+02  9.9150007770E-01  0.0000000000E+00      -2.0301237283E+05
| Global minimum prediction, x_hat mu_hat +- nu_hat:
  2.3773934131E+02  6.9579729975E-01  0.0000000000E+00      -2.0301237345E+05  8.2407946244E-09
| Global minimum convergence, d_xhat d_muhat:
  7.1826125301E-02  2.8801263916E-05

| GP model hyperparameters (lengthscales W kappa):
  6.5176518624E-01  7.1931285501E-01 -1.6319805913E+01 -1.1111059449E+01  1.3500300992E+01  5.1653814129E+00
| Next sampling location (x_next, i_next):
  1.5956317209E+02  2.7084714459E+02  0.0000000000E+00

Iteration time [s]:   25.142        Total time [s]:  872.630

--------------------------------------------------------------------------------
                                BO ITERATION 22                                 
--------------------------------------------------------------------------------
| Evaluating objective function at 1.596E+02 2.708E+02 0.000E+00
| Objective function evaluated, time [s]       23.591
| Acquisition location too confident, doing pure exploration
| Data point added to dataset (x i y): 
  1.5956317209E+02  2.7084714459E+02  0.0000000000E+00      -2.0298855210E+05

| Total ensemble size: 54
| Best acquisition, x_best i_best y_best:
  2.3758682110E+02  9.9150007770E-01  0.0000000000E+00      -2.0301237283E+05
| Global minimum prediction, x_hat mu_hat +- nu_hat:
  2.3774886162E+02  6.9769823608E-01  0.0000000000E+00      -2.0301237343E+05  8.7866051323E-09
| Global minimum convergence, d_xhat d_muhat:
  9.7082368383E-03  8.1191943131E-07

| GP model hyperparameters (lengthscales W kappa):
  6.1426797797E-01  6.4732318172E-01  1.3523821104E+01  9.5392479138E+00  1.1505036023E+01  4.6087570713E+00
| Next sampling location (x_next, i_next):
  6.5746756239E+01  2.7758661586E+02  0.0000000000E+00

Iteration time [s]:   26.153        Total time [s]:  898.784

--------------------------------------------------------------------------------
                                BO ITERATION 23                                 
--------------------------------------------------------------------------------
| Evaluating objective function at 6.575E+01 2.776E+02 0.000E+00
| Objective function evaluated, time [s]       23.075
| Acquisition location too confident, doing pure exploration
| Data point added to dataset (x i y): 
  6.5746756239E+01  2.7758661586E+02  0.0000000000E+00      -2.0299076801E+05

| Total ensemble size: 55
| Best acquisition, x_best i_best y_best:
  2.3758682110E+02  9.9150007770E-01  0.0000000000E+00      -2.0301237283E+05
| Global minimum prediction, x_hat mu_hat +- nu_hat:
  2.3768878100E+02  7.0703954399E-01  0.0000000000E+00      -2.0301237344E+05  9.3672890777E-09
| Global minimum convergence, d_xhat d_muhat:
  6.0802476316E-02  3.0088051264E-07

| GP model hyperparameters (lengthscales W kappa):
  6.1395163215E-01  6.4177471454E-01 -1.3924061535E+01 -9.1665345226E+00  8.2651227235E-01  8.6781515830E+00
| Next sampling location (x_next, i_next):
 -4.0088412075E+01  6.0742697212E+01  0.0000000000E+00

Iteration time [s]:   25.550        Total time [s]:  924.334

--------------------------------------------------------------------------------
                                BO ITERATION 24                                 
--------------------------------------------------------------------------------
| Evaluating objective function at -4.009E+01 6.074E+01 0.000E+00
| Objective function evaluated, time [s]       22.770
| Data point added to dataset (x i y): 
 -4.0088412075E+01  6.0742697212E+01  0.0000000000E+00      -2.0298992144E+05

| Total ensemble size: 56
| Best acquisition, x_best i_best y_best:
  2.3758682110E+02  9.9150007770E-01  0.0000000000E+00      -2.0301237283E+05
| Global minimum prediction, x_hat mu_hat +- nu_hat:
  2.3779134843E+02  6.9416986235E-01  0.0000000000E+00      -2.0301237341E+05  1.1858991922E-08
| Global minimum convergence, d_xhat d_muhat:
  1.0337169128E-01  8.6268485479E-07

| GP model hyperparameters (lengthscales W kappa):
  5.6849383981E-01  5.8711993339E-01 -1.1763657514E+01 -8.0675910655E+00  6.6301919927E-01  7.5786714650E+00
| Next sampling location (x_next, i_next):
  2.3629965900E+02  1.0364694873E+00  0.0000000000E+00

Iteration time [s]:   24.638        Total time [s]:  948.973

--------------------------------------------------------------------------------
                                BO ITERATION 25                                 
--------------------------------------------------------------------------------
| Evaluating objective function at 2.363E+02 1.036E+00 0.000E+00
| Objective function evaluated, time [s]       22.891
| Acquisition location too confident, doing pure exploration
| Data point added to dataset (x i y): 
  2.3629965900E+02  1.0364694873E+00  0.0000000000E+00      -2.0301237239E+05

| Total ensemble size: 57
| Best acquisition, x_best i_best y_best:
  2.3758682110E+02  9.9150007770E-01  0.0000000000E+00      -2.0301237283E+05
| Global minimum prediction, x_hat mu_hat +- nu_hat:
  2.3737256379E+02  7.6784290093E-01  0.0000000000E+00      -2.0301237355E+05  4.9879299801E-09
| Global minimum convergence, d_xhat d_muhat:
  4.2521558363E-01  5.6707162525E-06

| GP model hyperparameters (lengthscales W kappa):
  5.6808340096E-01  5.8746785934E-01 -1.2011433717E+01 -8.0559714307E+00  6.5876384283E-01  7.5147242397E+00
| Next sampling location (x_next, i_next):
  1.1500386553E+02  6.8558837273E+01  0.0000000000E+00

Iteration time [s]:   25.142        Total time [s]:  974.115

--------------------------------------------------------------------------------
                                BO ITERATION 26                                 
--------------------------------------------------------------------------------
| Evaluating objective function at 1.150E+02 6.856E+01 0.000E+00
| Objective function evaluated, time [s]       22.905
| Data point added to dataset (x i y): 
  1.1500386553E+02  6.8558837273E+01  0.0000000000E+00      -2.0299004227E+05

| Total ensemble size: 58
| Best acquisition, x_best i_best y_best:
  2.3758682110E+02  9.9150007770E-01  0.0000000000E+00      -2.0301237283E+05
| Global minimum prediction, x_hat mu_hat +- nu_hat:
  2.3736480571E+02  7.6983883648E-01  0.0000000000E+00      -2.0301237355E+05  5.0249208349E-09
| Global minimum convergence, d_xhat d_muhat:
  8.0107099609E-03  1.7410574434E-07

| GP model hyperparameters (lengthscales W kappa):
  5.4943249096E-01  5.5595195482E-01 -1.0907813265E+01 -7.4620404139E+00  3.8488972722E-01  6.8208047973E+00
| Next sampling location (x_next, i_next):
  2.9765147912E+02  1.8935101767E+02  0.0000000000E+00

Iteration time [s]:   25.169        Total time [s]:  999.284

--------------------------------------------------------------------------------
                                BO ITERATION 27                                 
--------------------------------------------------------------------------------
| Evaluating objective function at 2.977E+02 1.894E+02 0.000E+00
| Objective function evaluated, time [s]       23.358
| Acquisition location too confident, doing pure exploration
| Data point added to dataset (x i y): 
  2.9765147912E+02  1.8935101767E+02  0.0000000000E+00      -2.0300799521E+05

| Total ensemble size: 59
| Best acquisition, x_best i_best y_best:
  2.3758682110E+02  9.9150007770E-01  0.0000000000E+00      -2.0301237283E+05
| Global minimum prediction, x_hat mu_hat +- nu_hat:
  2.3736167437E+02  7.7002144898E-01  0.0000000000E+00      -2.0301237354E+05  5.0268961437E-09
| Global minimum convergence, d_xhat d_muhat:
  3.1366620591E-03  4.4386268069E-08

| GP model hyperparameters (lengthscales W kappa):
  5.4345741192E-01  5.5164002217E-01 -1.0626570240E+01 -7.3588724684E+00  3.9889395031E-01  7.1194743124E+00
| Next sampling location (x_next, i_next):
  2.2378433016E+02  2.5849156644E+02  0.0000000000E+00

Iteration time [s]:   25.876        Total time [s]: 1025.161

--------------------------------------------------------------------------------
                                BO ITERATION 28                                 
--------------------------------------------------------------------------------
| Evaluating objective function at 2.238E+02 2.585E+02 0.000E+00
| Objective function evaluated, time [s]       21.694
| Acquisition location too confident, doing pure exploration
| Data point added to dataset (x i y): 
  2.2378433016E+02  2.5849156644E+02  0.0000000000E+00      -2.0298896574E+05

| Total ensemble size: 60
| Best acquisition, x_best i_best y_best:
  2.3758682110E+02  9.9150007770E-01  0.0000000000E+00      -2.0301237283E+05
| Global minimum prediction, x_hat mu_hat +- nu_hat:
  2.3736041915E+02  7.7044412915E-01  0.0000000000E+00      -2.0301237354E+05  4.9977354698E-09
| Global minimum convergence, d_xhat d_muhat:
  1.3244783771E-03  6.2320866572E-08

| GP model hyperparameters (lengthscales W kappa):
  5.3979276664E-01  5.4770777430E-01  1.0353714369E+01  7.2971181408E+00  3.3299515608E-01  6.4136347434E+00
| Next sampling location (x_next, i_next):
  1.1463370944E+02 -4.6812562940E+01  0.0000000000E+00

Iteration time [s]:   24.155        Total time [s]: 1049.317

--------------------------------------------------------------------------------
                                BO ITERATION 29                                 
--------------------------------------------------------------------------------
| Evaluating objective function at 1.146E+02 -4.681E+01 0.000E+00
| Objective function evaluated, time [s]       22.960
| Data point added to dataset (x i y): 
  1.1463370944E+02 -4.6812562940E+01  0.0000000000E+00      -2.0299342512E+05

| Total ensemble size: 61
| Best acquisition, x_best i_best y_best:
  2.3758682110E+02  9.9150007770E-01  0.0000000000E+00      -2.0301237283E+05
| Global minimum prediction, x_hat mu_hat +- nu_hat:
  2.3735761813E+02  7.7125044106E-01  0.0000000000E+00      -2.0301237354E+05  5.3421213230E-09
| Global minimum convergence, d_xhat d_muhat:
  2.9147617537E-03  2.4937021310E-07

| GP model hyperparameters (lengthscales W kappa):
  5.1488055122E-01  4.7114050282E-01  9.0139148482E+00  6.3126895757E+00  3.1170140951E-01  5.9150520633E+00
| Next sampling location (x_next, i_next):
  7.9324973255E+01  1.9811962990E+02  0.0000000000E+00

Iteration time [s]:   25.261        Total time [s]: 1074.578

--------------------------------------------------------------------------------
                                BO ITERATION 30                                 
--------------------------------------------------------------------------------
| Evaluating objective function at 7.932E+01 1.981E+02 0.000E+00
| Objective function evaluated, time [s]       22.794
| Acquisition location too confident, doing pure exploration
| Data point added to dataset (x i y): 
  7.9324973255E+01  1.9811962990E+02  0.0000000000E+00      -2.0300739084E+05

| Total ensemble size: 62
| Best acquisition, x_best i_best y_best:
  2.3758682110E+02  9.9150007770E-01  0.0000000000E+00      -2.0301237283E+05
| Global minimum prediction, x_hat mu_hat +- nu_hat:
  2.3735697320E+02  7.7134164821E-01  0.0000000000E+00      -2.0301237354E+05  5.2830610108E-09
| Global minimum convergence, d_xhat d_muhat:
  6.5135000808E-04  2.2594490776E-08

| GP model hyperparameters (lengthscales W kappa):
  5.1890372802E-01  4.7624274478E-01  9.1060172154E+00  6.3900405638E+00  3.1538836382E-01  6.0138433397E+00
| Next sampling location (x_next, i_next):
  2.1709292615E+02  1.0847869225E+02  0.0000000000E+00

Iteration time [s]:   25.992        Total time [s]: 1100.571

--------------------------------------------------------------------------------
                                BO ITERATION 31                                 
--------------------------------------------------------------------------------
| Evaluating objective function at 2.171E+02 1.085E+02 0.000E+00
| Objective function evaluated, time [s]       22.749
| Acquisition location too confident, doing pure exploration
| Data point added to dataset (x i y): 
  2.1709292615E+02  1.0847869225E+02  0.0000000000E+00      -2.0299102847E+05

| Total ensemble size: 63
| Best acquisition, x_best i_best y_best:
  2.3758682110E+02  9.9150007770E-01  0.0000000000E+00      -2.0301237283E+05
| Global minimum prediction, x_hat mu_hat +- nu_hat:
  2.3735419644E+02  7.7184001325E-01  0.0000000000E+00      -2.0301237353E+05  5.2780019465E-09
| Global minimum convergence, d_xhat d_muhat:
  2.8211238179E-03  6.4950150309E-08

| GP model hyperparameters (lengthscales W kappa):
  5.0808586448E-01  4.6873703941E-01 -8.4773551938E+00 -6.4273958453E+00  3.2707970120E+00  3.8313925945E+00
| Next sampling location (x_next, i_next):
  1.6718641058E+01 -4.4567177595E+01  0.0000000000E+00

Iteration time [s]:   25.838        Total time [s]: 1126.410

--------------------------------------------------------------------------------
                                BO ITERATION 32                                 
--------------------------------------------------------------------------------
| Evaluating objective function at 1.672E+01 -4.457E+01 0.000E+00
| Objective function evaluated, time [s]       22.975
| Acquisition location too confident, doing pure exploration
| Data point added to dataset (x i y): 
  1.6718641058E+01 -4.4567177595E+01  0.0000000000E+00      -2.0299090231E+05

| Total ensemble size: 64
| Best acquisition, x_best i_best y_best:
  2.3758682110E+02  9.9150007770E-01  0.0000000000E+00      -2.0301237283E+05
| Global minimum prediction, x_hat mu_hat +- nu_hat:
  2.3736522929E+02  7.6999784276E-01  0.0000000000E+00      -2.0301237354E+05  5.4130619097E-09
| Global minimum convergence, d_xhat d_muhat:
  1.1185584015E-02  2.9992039216E-07

| GP model hyperparameters (lengthscales W kappa):
  5.0218771497E-01  4.6300868393E-01 -8.4940931206E+00 -6.1378978653E+00  1.1439122650E-01  5.4137397774E+00
| Next sampling location (x_next, i_next):
 -3.1087744147E+01 -5.0000000000E+01  0.0000000000E+00

Iteration time [s]:   25.996        Total time [s]: 1152.406

--------------------------------------------------------------------------------
                                BO ITERATION 33                                 
--------------------------------------------------------------------------------
| Evaluating objective function at -3.109E+01 -5.000E+01 0.000E+00
| Objective function evaluated, time [s]       23.204
| Acquisition location too confident, doing pure exploration
| Data point added to dataset (x i y): 
 -3.1087744147E+01 -5.0000000000E+01  0.0000000000E+00      -2.0299673423E+05

| Total ensemble size: 65
| Best acquisition, x_best i_best y_best:
  2.3758682110E+02  9.9150007770E-01  0.0000000000E+00      -2.0301237283E+05
| Global minimum prediction, x_hat mu_hat +- nu_hat:
  2.3736471873E+02  7.7024073243E-01  0.0000000000E+00      -2.0301237354E+05  5.6709889228E-09
| Global minimum convergence, d_xhat d_muhat:
  5.6539005974E-04  2.2815145350E-07

| GP model hyperparameters (lengthscales W kappa):
  4.7677417976E-01  4.4928848286E-01 -8.1280649792E+00 -6.0529190267E+00  1.0902226591E-01  4.5864727016E+00
| Next sampling location (x_next, i_next):
  7.5060780930E+00  3.1567740854E+01  0.0000000000E+00

Iteration time [s]:   26.467        Total time [s]: 1178.874

--------------------------------------------------------------------------------
                                BO ITERATION 34                                 
--------------------------------------------------------------------------------
| Evaluating objective function at 7.506E+00 3.157E+01 0.000E+00
| Objective function evaluated, time [s]       22.854
| Acquisition location too confident, doing pure exploration
| Data point added to dataset (x i y): 
  7.5060780930E+00  3.1567740854E+01  0.0000000000E+00      -2.0299519496E+05

| Total ensemble size: 66
| Best acquisition, x_best i_best y_best:
  2.3758682110E+02  9.9150007770E-01  0.0000000000E+00      -2.0301237283E+05
| Global minimum prediction, x_hat mu_hat +- nu_hat:
  2.3735359684E+02  7.7234955855E-01  0.0000000000E+00      -2.0301237353E+05  5.6487915678E-09
| Global minimum convergence, d_xhat d_muhat:
  1.1320053538E-02  2.1036835648E-07

| GP model hyperparameters (lengthscales W kappa):
  4.7305286448E-01  4.2628689391E-01 -7.7121613997E+00 -5.9417453444E+00  1.4050196470E+00  3.4044851657E+00
| Next sampling location (x_next, i_next):
  1.4094958369E+02  1.1652907146E+02  0.0000000000E+00

Iteration time [s]:   26.515        Total time [s]: 1205.390

--------------------------------------------------------------------------------
                                BO ITERATION 35                                 
--------------------------------------------------------------------------------
| Evaluating objective function at 1.409E+02 1.165E+02 0.000E+00
| Objective function evaluated, time [s]       22.775
| Acquisition location too confident, doing pure exploration
| Data point added to dataset (x i y): 
  1.4094958369E+02  1.1652907146E+02  0.0000000000E+00      -2.0299439689E+05

| Total ensemble size: 67
| Best acquisition, x_best i_best y_best:
  2.3758682110E+02  9.9150007770E-01  0.0000000000E+00      -2.0301237283E+05
| Global minimum prediction, x_hat mu_hat +- nu_hat:
  2.3735281331E+02  7.7289038467E-01  0.0000000000E+00      -2.0301237353E+05  5.6644164025E-09
| Global minimum convergence, d_xhat d_muhat:
  9.5205942849E-04  2.8303897330E-08

| GP model hyperparameters (lengthscales W kappa):
  4.7033374398E-01  4.2539017459E-01 -7.6340672228E+00 -6.0070353009E+00  2.5226159177E+00  2.4350538669E+00
| Next sampling location (x_next, i_next):
 -1.9607583783E+01  2.5211590648E+02  0.0000000000E+00

Iteration time [s]:   26.330        Total time [s]: 1231.721

--------------------------------------------------------------------------------
                                BO ITERATION 36                                 
--------------------------------------------------------------------------------
| Evaluating objective function at -1.961E+01 2.521E+02 0.000E+00
| Objective function evaluated, time [s]       22.794
| Acquisition location too confident, doing pure exploration
| Data point added to dataset (x i y): 
 -1.9607583783E+01  2.5211590648E+02  0.0000000000E+00      -2.0299261931E+05

| Total ensemble size: 68
| Best acquisition, x_best i_best y_best:
  2.3758682110E+02  9.9150007770E-01  0.0000000000E+00      -2.0301237283E+05
| Global minimum prediction, x_hat mu_hat +- nu_hat:
  2.3735983060E+02  7.7154912236E-01  0.0000000000E+00      -2.0301237353E+05  5.7312713685E-09
| Global minimum convergence, d_xhat d_muhat:
  7.1443262131E-03  1.5845344232E-07

| GP model hyperparameters (lengthscales W kappa):
  4.7473861177E-01  4.1685954399E-01  7.3413386134E+00  6.0349159161E+00  5.4902379078E+00  5.0315657848E-01
| Next sampling location (x_next, i_next):
 -1.9233466712E+01  1.1399483135E+02  0.0000000000E+00

Iteration time [s]:   26.789        Total time [s]: 1258.510

--------------------------------------------------------------------------------
                                BO ITERATION 37                                 
--------------------------------------------------------------------------------
| Evaluating objective function at -1.923E+01 1.140E+02 0.000E+00
| Objective function evaluated, time [s]       22.800
| Data point added to dataset (x i y): 
 -1.9233466712E+01  1.1399483135E+02  0.0000000000E+00      -2.0299324505E+05

| Total ensemble size: 69
| Best acquisition, x_best i_best y_best:
  2.3758682110E+02  9.9150007770E-01  0.0000000000E+00      -2.0301237283E+05
| Global minimum prediction, x_hat mu_hat +- nu_hat:
  2.3736024417E+02  7.7168404055E-01  0.0000000000E+00      -2.0301237353E+05  5.7039510003E-09
| Global minimum convergence, d_xhat d_muhat:
  4.3502607082E-04  2.5336178837E-08

| GP model hyperparameters (lengthscales W kappa):
  4.7376114539E-01  4.1612962440E-01 -7.6206282481E+00 -5.7507672368E+00  1.7534460337E-01  3.4985191168E+00
| Next sampling location (x_next, i_next):
  5.0853479462E+01  1.7657629014E+02  0.0000000000E+00

Iteration time [s]:   25.822        Total time [s]: 1284.333

--------------------------------------------------------------------------------
                                BO ITERATION 38                                 
--------------------------------------------------------------------------------
| Evaluating objective function at 5.085E+01 1.766E+02 0.000E+00
| Objective function evaluated, time [s]       23.777
| Acquisition location too confident, doing pure exploration
| Data point added to dataset (x i y): 
  5.0853479462E+01  1.7657629014E+02  0.0000000000E+00      -2.0300948859E+05

| Total ensemble size: 70
| Best acquisition, x_best i_best y_best:
  2.3758682110E+02  9.9150007770E-01  0.0000000000E+00      -2.0301237283E+05
| Global minimum prediction, x_hat mu_hat +- nu_hat:
  2.3735778861E+02  7.7226744026E-01  0.0000000000E+00      -2.0301237353E+05  5.6009223036E-09
| Global minimum convergence, d_xhat d_muhat:
  2.5239170185E-03  4.8089501809E-09

| GP model hyperparameters (lengthscales W kappa):
  4.7962240430E-01  4.2036899101E-01 -7.5614995797E+00 -5.9337978490E+00  2.5261987690E+00  2.2707797856E+00
| Next sampling location (x_next, i_next):
  1.9030244960E+02  2.9975666974E+02  0.0000000000E+00

Iteration time [s]:   27.454        Total time [s]: 1311.787

--------------------------------------------------------------------------------
                                BO ITERATION 39                                 
--------------------------------------------------------------------------------
| Evaluating objective function at 1.903E+02 2.998E+02 0.000E+00
| Objective function evaluated, time [s]       22.911
| Acquisition location too confident, doing pure exploration
| Data point added to dataset (x i y): 
  1.9030244960E+02  2.9975666974E+02  0.0000000000E+00      -2.0299153048E+05

| Total ensemble size: 71
| Best acquisition, x_best i_best y_best:
  2.3758682110E+02  9.9150007770E-01  0.0000000000E+00      -2.0301237283E+05
| Global minimum prediction, x_hat mu_hat +- nu_hat:
  2.3735755987E+02  7.7244468508E-01  0.0000000000E+00      -2.0301237353E+05  5.5627377370E-09
| Global minimum convergence, d_xhat d_muhat:
  2.8937056903E-04  2.9222680494E-08

| GP model hyperparameters (lengthscales W kappa):
  4.7871546324E-01  4.1960117985E-01 -7.4794180329E+00 -5.9173189351E+00  2.4007269631E+00  2.0860288799E+00
| Next sampling location (x_next, i_next):
  2.7177478920E+02  8.9371559892E+01  0.0000000000E+00

Iteration time [s]:   26.889        Total time [s]: 1338.677

--------------------------------------------------------------------------------
                                BO ITERATION 40                                 
--------------------------------------------------------------------------------
| Evaluating objective function at 2.718E+02 8.937E+01 0.000E+00
| Objective function evaluated, time [s]       22.752
| Acquisition location too confident, doing pure exploration
| Data point added to dataset (x i y): 
  2.7177478920E+02  8.9371559892E+01  0.0000000000E+00      -2.0298870369E+05

| Total ensemble size: 72
| Best acquisition, x_best i_best y_best:
  2.3758682110E+02  9.9150007770E-01  0.0000000000E+00      -2.0301237283E+05
| Global minimum prediction, x_hat mu_hat +- nu_hat:
  2.3736017577E+02  7.7195497659E-01  0.0000000000E+00      -2.0301237353E+05  5.5714063584E-09
| Global minimum convergence, d_xhat d_muhat:
  2.6613380829E-03  2.0203455333E-08

| GP model hyperparameters (lengthscales W kappa):
  4.7665387254E-01  4.1682570021E-01  7.2637722583E+00  5.9915941937E+00  3.9236645687E+00  7.0540026309E-01
| Next sampling location (x_next, i_next):
  4.1431973643E+01  2.4530560657E+02  0.0000000000E+00

Iteration time [s]:   26.632        Total time [s]: 1365.310

--------------------------------------------------------------------------------
                                BO ITERATION 41                                 
--------------------------------------------------------------------------------
| Evaluating objective function at 4.143E+01 2.453E+02 0.000E+00
| Objective function evaluated, time [s]       23.365
| Acquisition location too confident, doing pure exploration
| Data point added to dataset (x i y): 
  4.1431973643E+01  2.4530560657E+02  0.0000000000E+00      -2.0299400915E+05

| Total ensemble size: 73
| Best acquisition, x_best i_best y_best:
  2.3758682110E+02  9.9150007770E-01  0.0000000000E+00      -2.0301237283E+05
| Global minimum prediction, x_hat mu_hat +- nu_hat:
  2.3735917219E+02  7.7213746071E-01  0.0000000000E+00      -2.0301237353E+05  5.5150461086E-09
| Global minimum convergence, d_xhat d_muhat:
  1.0200376315E-03  3.4163583577E-08

| GP model hyperparameters (lengthscales W kappa):
  4.7706126534E-01  4.2016841771E-01  7.3418995244E+00  5.9296431766E+00  2.5817355916E+00  1.5332975094E+00
| Next sampling location (x_next, i_next):
  1.4811176269E+02  4.7910555767E+01  0.0000000000E+00

Iteration time [s]:   27.550        Total time [s]: 1392.860

--------------------------------------------------------------------------------
                                BO ITERATION 42                                 
--------------------------------------------------------------------------------
| Evaluating objective function at 1.481E+02 4.791E+01 0.000E+00
| Objective function evaluated, time [s]       22.759
| Acquisition location too confident, doing pure exploration
| Data point added to dataset (x i y): 
  1.4811176269E+02  4.7910555767E+01  0.0000000000E+00      -2.0299713137E+05

| Total ensemble size: 74
| Best acquisition, x_best i_best y_best:
  2.3758682110E+02  9.9150007770E-01  0.0000000000E+00      -2.0301237283E+05
| Global minimum prediction, x_hat mu_hat +- nu_hat:
  2.3734175996E+02  7.7546080760E-01  0.0000000000E+00      -2.0301237352E+05  5.1480792073E-09
| Global minimum convergence, d_xhat d_muhat:
  1.7726541737E-02  4.5892119466E-07

| GP model hyperparameters (lengthscales W kappa):
  4.7915100102E-01  4.2321566770E-01 -7.5230483810E+00 -5.9184733085E+00  7.4357519326E-01  2.6373645714E+00
| Next sampling location (x_next, i_next):
  1.1153094448E+02  2.5819173901E+02  0.0000000000E+00

Iteration time [s]:   26.650        Total time [s]: 1419.511

--------------------------------------------------------------------------------
                                BO ITERATION 43                                 
--------------------------------------------------------------------------------
| Evaluating objective function at 1.115E+02 2.582E+02 0.000E+00
| Objective function evaluated, time [s]       22.894
| Acquisition location too confident, doing pure exploration
| Data point added to dataset (x i y): 
  1.1153094448E+02  2.5819173901E+02  0.0000000000E+00      -2.0299099484E+05

| Total ensemble size: 75
| Best acquisition, x_best i_best y_best:
  2.3758682110E+02  9.9150007770E-01  0.0000000000E+00      -2.0301237283E+05
| Global minimum prediction, x_hat mu_hat +- nu_hat:
  2.3734245522E+02  7.7549173355E-01  0.0000000000E+00      -2.0301237352E+05  5.1353747032E-09
| Global minimum convergence, d_xhat d_muhat:
  6.9594690295E-04  1.1064495132E-08

| GP model hyperparameters (lengthscales W kappa):
  4.7870403955E-01  4.2264053861E-01 -7.4687314901E+00 -5.9164351580E+00  7.1276520553E-01  2.4860533357E+00
| Next sampling location (x_next, i_next):
  1.4858016390E+02  2.2589327247E+02  0.0000000000E+00

Iteration time [s]:   27.050        Total time [s]: 1446.561

--------------------------------------------------------------------------------
                                BO ITERATION 44                                 
--------------------------------------------------------------------------------
| Evaluating objective function at 1.486E+02 2.259E+02 0.000E+00
| Objective function evaluated, time [s]       22.777
| Acquisition location too confident, doing pure exploration
| Data point added to dataset (x i y): 
  1.4858016390E+02  2.2589327247E+02  0.0000000000E+00      -2.0299870645E+05

| Total ensemble size: 76
| Best acquisition, x_best i_best y_best:
  2.3758682110E+02  9.9150007770E-01  0.0000000000E+00      -2.0301237283E+05
| Global minimum prediction, x_hat mu_hat +- nu_hat:
  2.3734103862E+02  7.7575623115E-01  0.0000000000E+00      -2.0301237352E+05  5.0933887329E-09
| Global minimum convergence, d_xhat d_muhat:
  1.4410825418E-03  5.2384080032E-08

| GP model hyperparameters (lengthscales W kappa):
  4.7933244526E-01  4.2643230122E-01  7.3447268869E+00  6.0849033251E+00  2.9274720016E+00  9.7693898169E-01
| Next sampling location (x_next, i_next):
  2.2725701303E+02  2.1656484387E+02  0.0000000000E+00

Iteration time [s]:   26.926        Total time [s]: 1473.488

--------------------------------------------------------------------------------
                                BO ITERATION 45                                 
--------------------------------------------------------------------------------
| Evaluating objective function at 2.273E+02 2.166E+02 0.000E+00
| Objective function evaluated, time [s]       21.554
| Acquisition location too confident, doing pure exploration
| Data point added to dataset (x i y): 
  2.2725701303E+02  2.1656484387E+02  0.0000000000E+00      -2.0300008791E+05

| Total ensemble size: 77
| Best acquisition, x_best i_best y_best:
  2.3758682110E+02  9.9150007770E-01  0.0000000000E+00      -2.0301237283E+05
| Global minimum prediction, x_hat mu_hat +- nu_hat:
  2.3734070299E+02  7.7574846793E-01  0.0000000000E+00      -2.0301237352E+05  5.0679584084E-09
| Global minimum convergence, d_xhat d_muhat:
  3.3571698280E-04  4.0734349347E-09

| GP model hyperparameters (lengthscales W kappa):
  4.7956769768E-01  4.2850821377E-01 -7.3747150686E+00 -6.0506831350E+00  2.3446708840E+00  1.3479948866E+00
| Next sampling location (x_next, i_next):
  7.4371439967E+01 -3.6780051655E+01  0.0000000000E+00

Iteration time [s]:   25.843        Total time [s]: 1499.331

--------------------------------------------------------------------------------
                                BO ITERATION 46                                 
--------------------------------------------------------------------------------
| Evaluating objective function at 7.437E+01 -3.678E+01 0.000E+00
| Objective function evaluated, time [s]       22.952
| Acquisition location too confident, doing pure exploration
| Data point added to dataset (x i y): 
  7.4371439967E+01 -3.6780051655E+01  0.0000000000E+00      -2.0299920235E+05

| Total ensemble size: 78
| Best acquisition, x_best i_best y_best:
  2.3758682110E+02  9.9150007770E-01  0.0000000000E+00      -2.0301237283E+05
| Global minimum prediction, x_hat mu_hat +- nu_hat:
  2.3733959868E+02  7.7585339173E-01  0.0000000000E+00      -2.0301237352E+05  5.0216026003E-09
| Global minimum convergence, d_xhat d_muhat:
  1.1092872400E-03  3.1563622706E-08

| GP model hyperparameters (lengthscales W kappa):
  4.8134280650E-01  4.3064118127E-01  7.4180252469E+00  6.0092102897E+00  1.5989801523E+00  1.8811011606E+00
| Next sampling location (x_next, i_next):
  9.3978994415E+01  3.2836969524E+01  0.0000000000E+00

Iteration time [s]:   27.115        Total time [s]: 1526.447

--------------------------------------------------------------------------------
                                BO ITERATION 47                                 
--------------------------------------------------------------------------------
| Evaluating objective function at 9.398E+01 3.284E+01 0.000E+00
| Objective function evaluated, time [s]       23.431
| Acquisition location too confident, doing pure exploration
| Data point added to dataset (x i y): 
  9.3978994415E+01  3.2836969524E+01  0.0000000000E+00      -2.0299172942E+05

| Total ensemble size: 79
| Best acquisition, x_best i_best y_best:
  2.3758682110E+02  9.9150007770E-01  0.0000000000E+00      -2.0301237283E+05
| Global minimum prediction, x_hat mu_hat +- nu_hat:
  2.3734061430E+02  7.7563534921E-01  0.0000000000E+00      -2.0301237352E+05  5.0062975098E-09
| Global minimum convergence, d_xhat d_muhat:
  1.0387692110E-03  3.0420030895E-08

| GP model hyperparameters (lengthscales W kappa):
  4.8266745235E-01  4.3061369905E-01 -7.4472766475E+00 -5.9091140200E+00  3.9754552642E-01  2.6748528770E+00
| Next sampling location (x_next, i_next):
  2.8660314607E+02  4.1810459717E+01  0.0000000000E+00

Iteration time [s]:   27.815        Total time [s]: 1554.262

--------------------------------------------------------------------------------
                                BO ITERATION 48                                 
--------------------------------------------------------------------------------
| Evaluating objective function at 2.866E+02 4.181E+01 0.000E+00
| Objective function evaluated, time [s]       23.806
| Acquisition location too confident, doing pure exploration
| Data point added to dataset (x i y): 
  2.8660314607E+02  4.1810459717E+01  0.0000000000E+00      -2.0299616409E+05

| Total ensemble size: 80
| Best acquisition, x_best i_best y_best:
  2.3758682110E+02  9.9150007770E-01  0.0000000000E+00      -2.0301237283E+05
| Global minimum prediction, x_hat mu_hat +- nu_hat:
  2.3735010673E+02  7.7380469214E-01  0.0000000000E+00      -2.0301237353E+05  4.7507366040E-09
| Global minimum convergence, d_xhat d_muhat:
  9.6673402769E-03  4.2713642867E-07

| GP model hyperparameters (lengthscales W kappa):
  4.8764871575E-01  4.2977723960E-01 -7.4541317072E+00 -5.9091743367E+00  4.0236232315E-01  2.7356804239E+00
| Next sampling location (x_next, i_next):
  1.8098923378E+02  7.6547708258E+01  0.0000000000E+00

Iteration time [s]:   28.275        Total time [s]: 1582.537

--------------------------------------------------------------------------------
                                BO ITERATION 49                                 
--------------------------------------------------------------------------------
| Evaluating objective function at 1.810E+02 7.655E+01 0.000E+00
| Objective function evaluated, time [s]       24.052
| Acquisition location too confident, doing pure exploration
| Data point added to dataset (x i y): 
  1.8098923378E+02  7.6547708258E+01  0.0000000000E+00      -2.0299301562E+05

| Total ensemble size: 81
| Best acquisition, x_best i_best y_best:
  2.3758682110E+02  9.9150007770E-01  0.0000000000E+00      -2.0301237283E+05
| Global minimum prediction, x_hat mu_hat +- nu_hat:
  2.3735764554E+02  7.7291375275E-01  0.0000000000E+00      -2.0301237353E+05  4.7942431357E-09
| Global minimum convergence, d_xhat d_muhat:
  7.5912700858E-03  1.4384576743E-07

| GP model hyperparameters (lengthscales W kappa):
  4.8996529564E-01  4.2596317757E-01 -7.5068181861E+00 -5.9523699270E+00  3.8322071122E-01  2.4867542284E+00
| Next sampling location (x_next, i_next):
  2.4255367952E+02  2.9283470614E+02  0.0000000000E+00

Iteration time [s]:   28.309        Total time [s]: 1610.847

--------------------------------------------------------------------------------
                                BO ITERATION 50                                 
--------------------------------------------------------------------------------
| Evaluating objective function at 2.426E+02 2.928E+02 0.000E+00
| Objective function evaluated, time [s]       23.889
| Acquisition location too confident, doing pure exploration
| Data point added to dataset (x i y): 
  2.4255367952E+02  2.9283470614E+02  0.0000000000E+00      -2.0299225010E+05

| Total ensemble size: 82
| Best acquisition, x_best i_best y_best:
  2.3758682110E+02  9.9150007770E-01  0.0000000000E+00      -2.0301237283E+05
| Global minimum prediction, x_hat mu_hat +- nu_hat:
  2.3735622778E+02  7.7332057032E-01  0.0000000000E+00      -2.0301237353E+05  4.7307703532E-09
| Global minimum convergence, d_xhat d_muhat:
  1.4749662921E-03  1.3408247452E-07

| GP model hyperparameters (lengthscales W kappa):
  4.9080298730E-01  4.3046688566E-01 -7.5534518397E+00 -6.0324960553E+00  3.8242033442E-01  2.4778231551E+00
| Next sampling location (x_next, i_next):
  8.3099635548E+01  1.1252719653E+02  0.0000000000E+00

Iteration time [s]:   28.451        Total time [s]: 1639.298

|| Bayesian optimization completed, time [s]     1639.289


--------------------------------------------------------------------------------
                        BOSS is done! Have a nice day :)                        

      Datetime 05-08-2020 18:35:48            Total time [s]     1639.299       
--------------------------------------------------------------------------------
