
-----------------------------   Welcome to ....   ------------------------------
                      _______  _______ _______ _______ 
                     |   _   \|   _   |   _   |   _   |
                     |.  1   /|.  |   |   1___|   1___|
                     |.  _   \|.  |   |____   |____   |
                     |:  1    |:  1   |:  1   |:  1   |
                     |::.. .  |::.. . |::.. . |::.. . |
                     `-------'`-------`-------`-------'

                                 Version 0.9.15                                 
                              05-08-2020 18:39:32                               
--------------------------------------------------------------------------------

| Reading BOSS input file from: in_2D
| Initializing...

--------------------------------------------------------------------------------
                                   INPUT FILE                                   
--------------------------------------------------------------------------------
# input file for alanine 2D (d4-d13)

# optimization
userfn       userfn_2D.py
bounds       -50 310; -50 310
num_tasks    2
kernel       stdp
initpts      2 30
iterpts      50
verbosity    2
kappa_fixto  0 0
W_rank       2
W_prior      gaussian
W_priorparam 7.606 4.226


RESULTS:
5.349648018344973E+01 1.847694609352963E+02 0 -2.030094687828952E+05 
1.902066327111452E+02 2.804875032065469E+02 0 -2.029887496101264E+05 
2.782228398234434E+02 3.286334615642187E+01 1 2.652530000000000E+01 
2.651103323161947E+02 2.184919994801241E+02 1 2.929930000000000E+01 
8.776339247545259E+00 1.904635536027340E+02 1 2.053260000000000E+01 
1.550229227085967E+01 2.622965743959544E+02 1 3.329740000000000E+01 
-1.227640402175447E+01 2.463630070954789E+02 1 3.066320000000000E+01 
3.918778327742484E+01 2.249652954224455E+01 1 2.698790000000000E+01 
1.759618529296402E+02 3.100000000000000E+02 1 3.229350000000000E+01 
8.077262096745696E+01 8.045256500448513E+00 1 2.847850000000000E+01 
-5.000000000000000E+01 8.856245066263514E+01 1 3.595160000000000E+01 
1.402731965702062E+02 2.881103674606512E+01 1 2.735560000000000E+01 
1.002739764218707E+02 2.972701896691829E+02 1 3.389770000000000E+01 
1.708692140546012E+01 5.111182936692841E-01 1 3.228050000000000E+01 
2.636906309623196E+02 1.019163881215582E+02 1 3.725480000000000E+01 
2.275302762436762E+02 -4.515169828545956E+00 1 2.008990000000000E+01 
6.231489274405403E+01 1.815854950692164E+02 1 1.750110000000000E+01 
5.950865142762832E+01 1.800022362659122E+02 1 1.748180000000000E+01 
6.225102254615367E+01 1.782716418866564E+02 1 1.750640000000000E+01 
-1.241091082854858E+01 2.845465145396960E+02 1 3.317210000000000E+01 
2.429784591963703E+02 7.472149175584872E+01 1 3.720850000000000E+01 
-3.090394785632358E+01 3.098302968115150E+02 1 2.802180000000000E+01 
1.162899159098037E+02 -1.629696071309642E+01 1 3.459880000000000E+01 
3.100000000000000E+02 1.940298865939160E+02 1 2.096090000000000E+01 
1.927951993282207E+02 8.524886811488327E+01 1 3.272700000000000E+01 
2.934179790056507E+01 2.298101820576522E+02 1 2.644240000000000E+01 
2.836848172349372E+02 1.861957761624155E+02 1 2.266710000000000E+01 
1.978119999472438E+02 8.479107907578017E+00 1 1.833850000000000E+01 
-2.194034533761349E+01 6.087925645075570E+01 1 3.702780000000000E+01 
1.995640293651892E+02 2.234534464839022E+02 1 2.965040000000000E+01 
-2.273683500769848E+01 1.750041934875126E+02 1 2.072030000000000E+01 
1.309994312543731E+02 1.288761262743459E+02 1 2.774720000000000E+01 
--------------------------------------------------------------------------------
                               SIMULATION OPTIONS                               
--------------------------------------------------------------------------------
|| File input/output 
ipfile         in_2D
userfn         userfn_2D.py
outfile        boss.out
rstfile        boss.rst

|| Key settings 
num_tasks         2
W_rank         2
bounds         -5.000E+01 3.100E+02;    -5.000E+01 3.100E+02
kerntype       stdp stdp
yrange         -5.000E+01 3.100E+02;    -5.000E+01 3.100E+02
noise          1.000E-12
initpts    2 30    iterpts   50
gm_tol         none
verbosity      2

|| Data acquisition 
acqfn                elcb
acqtol               1.000E-03

|| GP hyperparameters 
thetainit       1.000E+00 3.142E-01
thetabounds     none
thetaprior      gamma
thetapriorpar   1.000E+00 1.000E+00;    3.368E+00 9.020E+00;    3.368E+00 9.020E+00

|| Hyperparameter optimization
updatefreq   1  initupdate      True
updateoffset 0  updaterestarts  2


--------------------------------------------------------------------------------
                              INITIAL DATAPOINT 1                               
--------------------------------------------------------------------------------
| Data point added to dataset (x i y): 
  5.3496480183E+01  1.8476946094E+02  0.0000000000E+00      -2.0300946878E+05

| Total ensemble size: 1
| Next sampling location (x_next, i_next):
  1.9020663271E+02  2.8048750321E+02  0.0000000000E+00

Iteration time [s]:    0.001        Total time [s]:    0.254

--------------------------------------------------------------------------------
                              INITIAL DATAPOINT 2                               
--------------------------------------------------------------------------------
| Data point added to dataset (x i y): 
  1.9020663271E+02  2.8048750321E+02  0.0000000000E+00      -2.0298874961E+05

| Total ensemble size: 2
| Next sampling location (x_next, i_next):
  2.7822283982E+02  3.2863346156E+01  1.0000000000E+00

Iteration time [s]:    0.001        Total time [s]:    0.255

--------------------------------------------------------------------------------
                              INITIAL DATAPOINT 3                               
--------------------------------------------------------------------------------
| Data point added to dataset (x i y): 
  2.7822283982E+02  3.2863346156E+01  1.0000000000E+00       2.6525300000E+01

| Total ensemble size: 3
| Next sampling location (x_next, i_next):
  2.6511033232E+02  2.1849199948E+02  1.0000000000E+00

Iteration time [s]:    0.009        Total time [s]:    0.265

--------------------------------------------------------------------------------
                              INITIAL DATAPOINT 4                               
--------------------------------------------------------------------------------
| Data point added to dataset (x i y): 
  2.6511033232E+02  2.1849199948E+02  1.0000000000E+00       2.9299300000E+01

| Total ensemble size: 4
| Next sampling location (x_next, i_next):
  8.7763392475E+00  1.9046355360E+02  1.0000000000E+00

Iteration time [s]:    0.001        Total time [s]:    0.267

--------------------------------------------------------------------------------
                              INITIAL DATAPOINT 5                               
--------------------------------------------------------------------------------
| Data point added to dataset (x i y): 
  8.7763392475E+00  1.9046355360E+02  1.0000000000E+00       2.0532600000E+01

| Total ensemble size: 5
| Next sampling location (x_next, i_next):
  1.5502292271E+01  2.6229657440E+02  1.0000000000E+00

Iteration time [s]:    0.001        Total time [s]:    0.268

--------------------------------------------------------------------------------
                              INITIAL DATAPOINT 6                               
--------------------------------------------------------------------------------
| Data point added to dataset (x i y): 
  1.5502292271E+01  2.6229657440E+02  1.0000000000E+00       3.3297400000E+01

| Total ensemble size: 6
| Next sampling location (x_next, i_next):
 -1.2276404022E+01  2.4636300710E+02  1.0000000000E+00

Iteration time [s]:    0.001        Total time [s]:    0.269

--------------------------------------------------------------------------------
                              INITIAL DATAPOINT 7                               
--------------------------------------------------------------------------------
| Data point added to dataset (x i y): 
 -1.2276404022E+01  2.4636300710E+02  1.0000000000E+00       3.0663200000E+01

| Total ensemble size: 7
| Next sampling location (x_next, i_next):
  3.9187783277E+01  2.2496529542E+01  1.0000000000E+00

Iteration time [s]:    0.001        Total time [s]:    0.270

--------------------------------------------------------------------------------
                              INITIAL DATAPOINT 8                               
--------------------------------------------------------------------------------
| Data point added to dataset (x i y): 
  3.9187783277E+01  2.2496529542E+01  1.0000000000E+00       2.6987900000E+01

| Total ensemble size: 8
| Next sampling location (x_next, i_next):
  1.7596185293E+02  3.1000000000E+02  1.0000000000E+00

Iteration time [s]:    0.001        Total time [s]:    0.272

--------------------------------------------------------------------------------
                              INITIAL DATAPOINT 9                               
--------------------------------------------------------------------------------
| Data point added to dataset (x i y): 
  1.7596185293E+02  3.1000000000E+02  1.0000000000E+00       3.2293500000E+01

| Total ensemble size: 9
| Next sampling location (x_next, i_next):
  8.0772620967E+01  8.0452565004E+00  1.0000000000E+00

Iteration time [s]:    0.001        Total time [s]:    0.273

--------------------------------------------------------------------------------
                              INITIAL DATAPOINT 10                              
--------------------------------------------------------------------------------
| Data point added to dataset (x i y): 
  8.0772620967E+01  8.0452565004E+00  1.0000000000E+00       2.8478500000E+01

| Total ensemble size: 10
| Next sampling location (x_next, i_next):
 -5.0000000000E+01  8.8562450663E+01  1.0000000000E+00

Iteration time [s]:    0.001        Total time [s]:    0.274

--------------------------------------------------------------------------------
                              INITIAL DATAPOINT 11                              
--------------------------------------------------------------------------------
| Data point added to dataset (x i y): 
 -5.0000000000E+01  8.8562450663E+01  1.0000000000E+00       3.5951600000E+01

| Total ensemble size: 11
| Next sampling location (x_next, i_next):
  1.4027319657E+02  2.8811036746E+01  1.0000000000E+00

Iteration time [s]:    0.001        Total time [s]:    0.275

--------------------------------------------------------------------------------
                              INITIAL DATAPOINT 12                              
--------------------------------------------------------------------------------
| Data point added to dataset (x i y): 
  1.4027319657E+02  2.8811036746E+01  1.0000000000E+00       2.7355600000E+01

| Total ensemble size: 12
| Next sampling location (x_next, i_next):
  1.0027397642E+02  2.9727018967E+02  1.0000000000E+00

Iteration time [s]:    0.001        Total time [s]:    0.276

--------------------------------------------------------------------------------
                              INITIAL DATAPOINT 13                              
--------------------------------------------------------------------------------
| Data point added to dataset (x i y): 
  1.0027397642E+02  2.9727018967E+02  1.0000000000E+00       3.3897700000E+01

| Total ensemble size: 13
| Next sampling location (x_next, i_next):
  1.7086921405E+01  5.1111829367E-01  1.0000000000E+00

Iteration time [s]:    0.001        Total time [s]:    0.277

--------------------------------------------------------------------------------
                              INITIAL DATAPOINT 14                              
--------------------------------------------------------------------------------
| Data point added to dataset (x i y): 
  1.7086921405E+01  5.1111829367E-01  1.0000000000E+00       3.2280500000E+01

| Total ensemble size: 14
| Next sampling location (x_next, i_next):
  2.6369063096E+02  1.0191638812E+02  1.0000000000E+00

Iteration time [s]:    0.001        Total time [s]:    0.278

--------------------------------------------------------------------------------
                              INITIAL DATAPOINT 15                              
--------------------------------------------------------------------------------
| Data point added to dataset (x i y): 
  2.6369063096E+02  1.0191638812E+02  1.0000000000E+00       3.7254800000E+01

| Total ensemble size: 15
| Next sampling location (x_next, i_next):
  2.2753027624E+02 -4.5151698285E+00  1.0000000000E+00

Iteration time [s]:    0.001        Total time [s]:    0.279

--------------------------------------------------------------------------------
                              INITIAL DATAPOINT 16                              
--------------------------------------------------------------------------------
| Data point added to dataset (x i y): 
  2.2753027624E+02 -4.5151698285E+00  1.0000000000E+00       2.0089900000E+01

| Total ensemble size: 16
| Next sampling location (x_next, i_next):
  6.2314892744E+01  1.8158549507E+02  1.0000000000E+00

Iteration time [s]:    0.001        Total time [s]:    0.280

--------------------------------------------------------------------------------
                              INITIAL DATAPOINT 17                              
--------------------------------------------------------------------------------
| Data point added to dataset (x i y): 
  6.2314892744E+01  1.8158549507E+02  1.0000000000E+00       1.7501100000E+01

| Total ensemble size: 17
| Next sampling location (x_next, i_next):
  5.9508651428E+01  1.8000223627E+02  1.0000000000E+00

Iteration time [s]:    0.001        Total time [s]:    0.282

--------------------------------------------------------------------------------
                              INITIAL DATAPOINT 18                              
--------------------------------------------------------------------------------
| Data point added to dataset (x i y): 
  5.9508651428E+01  1.8000223627E+02  1.0000000000E+00       1.7481800000E+01

| Total ensemble size: 18
| Next sampling location (x_next, i_next):
  6.2251022546E+01  1.7827164189E+02  1.0000000000E+00

Iteration time [s]:    0.001        Total time [s]:    0.283

--------------------------------------------------------------------------------
                              INITIAL DATAPOINT 19                              
--------------------------------------------------------------------------------
| Data point added to dataset (x i y): 
  6.2251022546E+01  1.7827164189E+02  1.0000000000E+00       1.7506400000E+01

| Total ensemble size: 19
| Next sampling location (x_next, i_next):
 -1.2410910829E+01  2.8454651454E+02  1.0000000000E+00

Iteration time [s]:    0.001        Total time [s]:    0.284

--------------------------------------------------------------------------------
                              INITIAL DATAPOINT 20                              
--------------------------------------------------------------------------------
| Data point added to dataset (x i y): 
 -1.2410910829E+01  2.8454651454E+02  1.0000000000E+00       3.3172100000E+01

| Total ensemble size: 20
| Next sampling location (x_next, i_next):
  2.4297845920E+02  7.4721491756E+01  1.0000000000E+00

Iteration time [s]:    0.001        Total time [s]:    0.285

--------------------------------------------------------------------------------
                              INITIAL DATAPOINT 21                              
--------------------------------------------------------------------------------
| Data point added to dataset (x i y): 
  2.4297845920E+02  7.4721491756E+01  1.0000000000E+00       3.7208500000E+01

| Total ensemble size: 21
| Next sampling location (x_next, i_next):
 -3.0903947856E+01  3.0983029681E+02  1.0000000000E+00

Iteration time [s]:    0.001        Total time [s]:    0.286

--------------------------------------------------------------------------------
                              INITIAL DATAPOINT 22                              
--------------------------------------------------------------------------------
| Data point added to dataset (x i y): 
 -3.0903947856E+01  3.0983029681E+02  1.0000000000E+00       2.8021800000E+01

| Total ensemble size: 22
| Next sampling location (x_next, i_next):
  1.1628991591E+02 -1.6296960713E+01  1.0000000000E+00

Iteration time [s]:    0.001        Total time [s]:    0.288

--------------------------------------------------------------------------------
                              INITIAL DATAPOINT 23                              
--------------------------------------------------------------------------------
| Data point added to dataset (x i y): 
  1.1628991591E+02 -1.6296960713E+01  1.0000000000E+00       3.4598800000E+01

| Total ensemble size: 23
| Next sampling location (x_next, i_next):
  3.1000000000E+02  1.9402988659E+02  1.0000000000E+00

Iteration time [s]:    0.001        Total time [s]:    0.289

--------------------------------------------------------------------------------
                              INITIAL DATAPOINT 24                              
--------------------------------------------------------------------------------
| Data point added to dataset (x i y): 
  3.1000000000E+02  1.9402988659E+02  1.0000000000E+00       2.0960900000E+01

| Total ensemble size: 24
| Next sampling location (x_next, i_next):
  1.9279519933E+02  8.5248868115E+01  1.0000000000E+00

Iteration time [s]:    0.001        Total time [s]:    0.290

--------------------------------------------------------------------------------
                              INITIAL DATAPOINT 25                              
--------------------------------------------------------------------------------
| Data point added to dataset (x i y): 
  1.9279519933E+02  8.5248868115E+01  1.0000000000E+00       3.2727000000E+01

| Total ensemble size: 25
| Next sampling location (x_next, i_next):
  2.9341797901E+01  2.2981018206E+02  1.0000000000E+00

Iteration time [s]:    0.001        Total time [s]:    0.291

--------------------------------------------------------------------------------
                              INITIAL DATAPOINT 26                              
--------------------------------------------------------------------------------
| Data point added to dataset (x i y): 
  2.9341797901E+01  2.2981018206E+02  1.0000000000E+00       2.6442400000E+01

| Total ensemble size: 26
| Next sampling location (x_next, i_next):
  2.8368481723E+02  1.8619577616E+02  1.0000000000E+00

Iteration time [s]:    0.001        Total time [s]:    0.292

--------------------------------------------------------------------------------
                              INITIAL DATAPOINT 27                              
--------------------------------------------------------------------------------
| Data point added to dataset (x i y): 
  2.8368481723E+02  1.8619577616E+02  1.0000000000E+00       2.2667100000E+01

| Total ensemble size: 27
| Next sampling location (x_next, i_next):
  1.9781199995E+02  8.4791079076E+00  1.0000000000E+00

Iteration time [s]:    0.001        Total time [s]:    0.294

--------------------------------------------------------------------------------
                              INITIAL DATAPOINT 28                              
--------------------------------------------------------------------------------
| Data point added to dataset (x i y): 
  1.9781199995E+02  8.4791079076E+00  1.0000000000E+00       1.8338500000E+01

| Total ensemble size: 28
| Next sampling location (x_next, i_next):
 -2.1940345338E+01  6.0879256451E+01  1.0000000000E+00

Iteration time [s]:    0.001        Total time [s]:    0.295

--------------------------------------------------------------------------------
                              INITIAL DATAPOINT 29                              
--------------------------------------------------------------------------------
| Data point added to dataset (x i y): 
 -2.1940345338E+01  6.0879256451E+01  1.0000000000E+00       3.7027800000E+01

| Total ensemble size: 29
| Next sampling location (x_next, i_next):
  1.9956402937E+02  2.2345344648E+02  1.0000000000E+00

Iteration time [s]:    0.001        Total time [s]:    0.296

--------------------------------------------------------------------------------
                              INITIAL DATAPOINT 30                              
--------------------------------------------------------------------------------
| Data point added to dataset (x i y): 
  1.9956402937E+02  2.2345344648E+02  1.0000000000E+00       2.9650400000E+01

| Total ensemble size: 30
| Next sampling location (x_next, i_next):
 -2.2736835008E+01  1.7500419349E+02  1.0000000000E+00

Iteration time [s]:    0.001        Total time [s]:    0.297

--------------------------------------------------------------------------------
                              INITIAL DATAPOINT 31                              
--------------------------------------------------------------------------------
| Data point added to dataset (x i y): 
 -2.2736835008E+01  1.7500419349E+02  1.0000000000E+00       2.0720300000E+01

| Total ensemble size: 31
| Next sampling location (x_next, i_next):
  1.3099943125E+02  1.2887612627E+02  1.0000000000E+00

Iteration time [s]:    0.001        Total time [s]:    0.298

--------------------------------------------------------------------------------
                              INITIAL DATAPOINT 32                              
--------------------------------------------------------------------------------
| Data point added to dataset (x i y): 
  1.3099943125E+02  1.2887612627E+02  1.0000000000E+00       2.7747200000E+01

| Total ensemble size: 32
| Best acquisition, x_best i_best y_best:
  5.3496480183E+01  1.8476946094E+02  0.0000000000E+00      -2.0300946878E+05
| Global minimum prediction, x_hat mu_hat +- nu_hat:
  5.9533280125E+01  1.7987029122E+02  0.0000000000E+00      -2.0300963448E+05  2.0446731765E-07

| GP model hyperparameters (lengthscales W kappa):
  5.2741608807E-01  5.0989737021E-01  5.7703218731E+00  5.7703523945E+00  5.7057966338E+00  5.7058294591E+00  0.0000000000E+00  0.0000000000E+00
| Next sampling location (x_next, i_next):
  6.8826518300E+01  8.8366745841E+01  0.0000000000E+00

Iteration time [s]:    1.284        Total time [s]:    1.583

--------------------------------------------------------------------------------
                                 BO ITERATION 1                                 
--------------------------------------------------------------------------------
| Evaluating objective function at 6.883E+01 8.837E+01 0.000E+00
| Objective function evaluated, time [s]       35.183
| Data point added to dataset (x i y): 
  6.8826518300E+01  8.8366745841E+01  0.0000000000E+00      -2.0298994119E+05

| Total ensemble size: 33
| Best acquisition, x_best i_best y_best:
  5.3496480183E+01  1.8476946094E+02  0.0000000000E+00      -2.0300946878E+05
| Global minimum prediction, x_hat mu_hat +- nu_hat:
  5.9851246927E+01  1.8008067288E+02  0.0000000000E+00      -2.0300968953E+05  2.2818415512E-06
| Global minimum convergence, d_xhat d_muhat:
  3.8126543312E-01  2.4167445376E-03

| GP model hyperparameters (lengthscales W kappa):
  5.0391744323E-01  4.2365928965E-01  6.1083076769E+00  6.1085010689E+00  4.6620822096E+00  4.6622376902E+00  0.0000000000E+00  0.0000000000E+00
| Next sampling location (x_next, i_next):
  1.4480168650E+02  1.8495760265E+02  0.0000000000E+00

Iteration time [s]:   36.651        Total time [s]:   38.234

--------------------------------------------------------------------------------
                                 BO ITERATION 2                                 
--------------------------------------------------------------------------------
| Evaluating objective function at 1.448E+02 1.850E+02 0.000E+00
| Objective function evaluated, time [s]       22.407
| Data point added to dataset (x i y): 
  1.4480168650E+02  1.8495760265E+02  0.0000000000E+00      -2.0300766099E+05

| Total ensemble size: 34
| Best acquisition, x_best i_best y_best:
  5.3496480183E+01  1.8476946094E+02  0.0000000000E+00      -2.0300946878E+05
| Global minimum prediction, x_hat mu_hat +- nu_hat:
  5.9784906223E+01  1.7993413596E+02  0.0000000000E+00      -2.0300966025E+05  2.4134334877E-07
| Global minimum convergence, d_xhat d_muhat:
  1.6085446567E-01  1.4135873851E-03

| GP model hyperparameters (lengthscales W kappa):
  5.2983914006E-01  3.7188354553E-01  4.9242589583E+00  4.9247399861E+00  4.7874412226E+00  4.7879077603E+00  0.0000000000E+00  0.0000000000E+00
| Next sampling location (x_next, i_next):
  1.9442954850E+02  1.6257096019E+02  0.0000000000E+00

Iteration time [s]:   23.894        Total time [s]:   62.129

--------------------------------------------------------------------------------
                                 BO ITERATION 3                                 
--------------------------------------------------------------------------------
| Evaluating objective function at 1.944E+02 1.626E+02 0.000E+00
| Objective function evaluated, time [s]       22.715
| Data point added to dataset (x i y): 
  1.9442954850E+02  1.6257096019E+02  0.0000000000E+00      -2.0300607723E+05

| Total ensemble size: 35
| Best acquisition, x_best i_best y_best:
  5.3496480183E+01  1.8476946094E+02  0.0000000000E+00      -2.0300946878E+05
| Global minimum prediction, x_hat mu_hat +- nu_hat:
  6.0079050427E+01  1.7991691988E+02  0.0000000000E+00      -2.0300966376E+05  1.1586327754E-06
| Global minimum convergence, d_xhat d_muhat:
  2.9464759628E-01  1.5942781737E-04

| GP model hyperparameters (lengthscales W kappa):
  5.6198878971E-01  3.1570263707E-01  4.2428992091E+00  4.2428665390E+00  4.7565232828E+00  4.7564851429E+00  0.0000000000E+00  0.0000000000E+00
| Next sampling location (x_next, i_next):
  1.1280758707E+02  2.2193690071E+02  0.0000000000E+00

Iteration time [s]:   24.418        Total time [s]:   86.547

--------------------------------------------------------------------------------
                                 BO ITERATION 4                                 
--------------------------------------------------------------------------------
| Evaluating objective function at 1.128E+02 2.219E+02 0.000E+00
| Objective function evaluated, time [s]       23.645
| Data point added to dataset (x i y): 
  1.1280758707E+02  2.2193690071E+02  0.0000000000E+00      -2.0299992121E+05

| Total ensemble size: 36
| Best acquisition, x_best i_best y_best:
  5.3496480183E+01  1.8476946094E+02  0.0000000000E+00      -2.0300946878E+05
| Global minimum prediction, x_hat mu_hat +- nu_hat:
  6.0426316321E+01  1.8007918758E+02  0.0000000000E+00      -2.0300965777E+05  3.6234267763E-06
| Global minimum convergence, d_xhat d_muhat:
  3.8330719741E-01  2.7257119767E-04

| GP model hyperparameters (lengthscales W kappa):
  5.5810233193E-01  3.1722917561E-01  4.2369601175E+00  4.2369379921E+00  4.7144938896E+00  4.7144686401E+00  0.0000000000E+00  0.0000000000E+00
| Next sampling location (x_next, i_next):
  2.1699809685E+02  2.6988598619E+01  0.0000000000E+00

Iteration time [s]:   25.217        Total time [s]:  111.765

--------------------------------------------------------------------------------
                                 BO ITERATION 5                                 
--------------------------------------------------------------------------------
| Evaluating objective function at 2.170E+02 2.699E+01 0.000E+00
| Objective function evaluated, time [s]       23.187
| Data point added to dataset (x i y): 
  2.1699809685E+02  2.6988598619E+01  0.0000000000E+00      -2.0300812345E+05

| Total ensemble size: 37
| Best acquisition, x_best i_best y_best:
  5.3496480183E+01  1.8476946094E+02  0.0000000000E+00      -2.0300946878E+05
| Global minimum prediction, x_hat mu_hat +- nu_hat:
  6.0709320838E+01  1.8006599053E+02  0.0000000000E+00      -2.0300965310E+05  5.1920130967E-06
| Global minimum convergence, d_xhat d_muhat:
  2.8331205195E-01  2.0250247517E-04

| GP model hyperparameters (lengthscales W kappa):
  5.8345795712E-01  2.9961531614E-01  3.9796013475E+00  3.9795721450E+00  5.0320013912E+00  5.0319649107E+00  0.0000000000E+00  0.0000000000E+00
| Next sampling location (x_next, i_next):
  3.7131378927E+00  1.3615734940E+02  0.0000000000E+00

Iteration time [s]:   24.681        Total time [s]:  136.446

--------------------------------------------------------------------------------
                                 BO ITERATION 6                                 
--------------------------------------------------------------------------------
| Evaluating objective function at 3.713E+00 1.362E+02 0.000E+00
| Objective function evaluated, time [s]       23.119
| Data point added to dataset (x i y): 
  3.7131378927E+00  1.3615734940E+02  0.0000000000E+00      -2.0299936694E+05

| Total ensemble size: 38
| Best acquisition, x_best i_best y_best:
  5.3496480183E+01  1.8476946094E+02  0.0000000000E+00      -2.0300946878E+05
| Global minimum prediction, x_hat mu_hat +- nu_hat:
  6.0863705490E+01  1.8008858778E+02  0.0000000000E+00      -2.0300966021E+05  4.7382130840E-06
| Global minimum convergence, d_xhat d_muhat:
  1.5602966457E-01  3.1150509815E-04

| GP model hyperparameters (lengthscales W kappa):
  5.7591639738E-01  3.0753352440E-01  4.0145983072E+00  4.0145785101E+00  4.9190269907E+00  4.9190019484E+00  0.0000000000E+00  0.0000000000E+00
| Next sampling location (x_next, i_next):
  1.9813956111E+02  1.8955645440E+02  0.0000000000E+00

Iteration time [s]:   24.753        Total time [s]:  161.199

--------------------------------------------------------------------------------
                                 BO ITERATION 7                                 
--------------------------------------------------------------------------------
| Evaluating objective function at 1.981E+02 1.896E+02 0.000E+00
| Objective function evaluated, time [s]       21.833
| Data point added to dataset (x i y): 
  1.9813956111E+02  1.8955645440E+02  0.0000000000E+00      -2.0300715269E+05

| Total ensemble size: 39
| Best acquisition, x_best i_best y_best:
  5.3496480183E+01  1.8476946094E+02  0.0000000000E+00      -2.0300946878E+05
| Global minimum prediction, x_hat mu_hat +- nu_hat:
  6.1035735754E+01  1.8008095775E+02  0.0000000000E+00      -2.0300965642E+05  5.2397218847E-06
| Global minimum convergence, d_xhat d_muhat:
  1.7219938769E-01  1.6134156299E-04

| GP model hyperparameters (lengthscales W kappa):
  5.9122156092E-01  3.0541484523E-01  3.9510986343E+00  3.9511144988E+00  5.2556532979E+00  5.2556750981E+00  0.0000000000E+00  0.0000000000E+00
| Next sampling location (x_next, i_next):
  2.6196638687E+02 -4.1811076411E+01  0.0000000000E+00

Iteration time [s]:   23.452        Total time [s]:  184.652

--------------------------------------------------------------------------------
                                 BO ITERATION 8                                 
--------------------------------------------------------------------------------
| Evaluating objective function at 2.620E+02 -4.181E+01 0.000E+00
| Objective function evaluated, time [s]       23.200
| Data point added to dataset (x i y): 
  2.6196638687E+02 -4.1811076411E+01  0.0000000000E+00      -2.0300259229E+05

| Total ensemble size: 40
| Best acquisition, x_best i_best y_best:
  5.3496480183E+01  1.8476946094E+02  0.0000000000E+00      -2.0300946878E+05
| Global minimum prediction, x_hat mu_hat +- nu_hat:
  6.1085933001E+01  1.8006991810E+02  0.0000000000E+00      -2.0300965894E+05  5.3447661567E-06
| Global minimum convergence, d_xhat d_muhat:
  5.1396862080E-02  1.0700031183E-04

| GP model hyperparameters (lengthscales W kappa):
  6.0074780805E-01  3.0277480891E-01  3.9092788510E+00  3.9092901714E+00  5.2496364065E+00  5.2496518494E+00  0.0000000000E+00  0.0000000000E+00
| Next sampling location (x_next, i_next):
  2.4223519545E+02  1.1851476669E+01  0.0000000000E+00

Iteration time [s]:   24.873        Total time [s]:  209.525

--------------------------------------------------------------------------------
                                 BO ITERATION 9                                 
--------------------------------------------------------------------------------
| Evaluating objective function at 2.422E+02 1.185E+01 0.000E+00
| Objective function evaluated, time [s]       23.217
| Data point added to dataset (x i y): 
  2.4223519545E+02  1.1851476669E+01  0.0000000000E+00      -2.0301100592E+05

| Total ensemble size: 41
| Best acquisition, x_best i_best y_best:
  2.4223519545E+02  1.1851476669E+01  0.0000000000E+00      -2.0301100592E+05
| Global minimum prediction, x_hat mu_hat +- nu_hat:
  2.1671917985E+02  8.6011873578E+00  0.0000000000E+00      -2.0301202273E+05  1.2895459504E+00
| Global minimum convergence, d_xhat d_muhat:
  2.3156690858E+02  9.6913848987E-02

| GP model hyperparameters (lengthscales W kappa):
  5.9959245474E-01  2.6855070514E-01  5.3186544098E+00  3.5371632044E+00  3.2866593770E+00  5.0681397792E+00  0.0000000000E+00  0.0000000000E+00
| Next sampling location (x_next, i_next):
  1.9331521706E+02 -2.1559728062E+00  0.0000000000E+00

Iteration time [s]:   25.235        Total time [s]:  234.760

--------------------------------------------------------------------------------
                                BO ITERATION 10                                 
--------------------------------------------------------------------------------
| Evaluating objective function at 1.933E+02 -2.156E+00 0.000E+00
| Objective function evaluated, time [s]       23.155
| Data point added to dataset (x i y): 
  1.9331521706E+02 -2.1559728062E+00  0.0000000000E+00      -2.0300820932E+05

| Total ensemble size: 42
| Best acquisition, x_best i_best y_best:
  2.4223519545E+02  1.1851476669E+01  0.0000000000E+00      -2.0301100592E+05
| Global minimum prediction, x_hat mu_hat +- nu_hat:
  2.2413246995E+02  1.0306195586E+01  0.0000000000E+00      -2.0301149616E+05  2.4545527097E-01
| Global minimum convergence, d_xhat d_muhat:
  7.6068339757E+00  2.1192661529E-02

| GP model hyperparameters (lengthscales W kappa):
  6.1321105012E-01  2.6954006328E-01  5.4020028917E+00  3.4519648335E+00  3.2546562566E+00  5.2164486794E+00  0.0000000000E+00  0.0000000000E+00
| Next sampling location (x_next, i_next):
 -4.9605439328E+01  1.8455037279E+02  0.0000000000E+00

Iteration time [s]:   24.968        Total time [s]:  259.728

--------------------------------------------------------------------------------
                                BO ITERATION 11                                 
--------------------------------------------------------------------------------
| Evaluating objective function at -4.961E+01 1.846E+02 0.000E+00
| Objective function evaluated, time [s]       23.275
| Data point added to dataset (x i y): 
 -4.9605439328E+01  1.8455037279E+02  0.0000000000E+00      -2.0300841762E+05

| Total ensemble size: 43
| Best acquisition, x_best i_best y_best:
  2.4223519545E+02  1.1851476669E+01  0.0000000000E+00      -2.0301100592E+05
| Global minimum prediction, x_hat mu_hat +- nu_hat:
  2.2424872876E+02  1.0454893406E+01  0.0000000000E+00      -2.0301146710E+05  2.0701048898E-01
| Global minimum convergence, d_xhat d_muhat:
  1.8875156065E-01  1.1508066158E-03

| GP model hyperparameters (lengthscales W kappa):
  6.3352444386E-01  2.6583801689E-01  5.2794345425E+00  3.4727164330E+00  3.5295204097E+00  5.3360944659E+00  0.0000000000E+00  0.0000000000E+00
| Next sampling location (x_next, i_next):
  2.9847195730E+02  5.2317965429E+00  0.0000000000E+00

Iteration time [s]:   25.215        Total time [s]:  284.944

--------------------------------------------------------------------------------
                                BO ITERATION 12                                 
--------------------------------------------------------------------------------
| Evaluating objective function at 2.985E+02 5.232E+00 0.000E+00
| Objective function evaluated, time [s]       23.238
| Data point added to dataset (x i y): 
  2.9847195730E+02  5.2317965429E+00  0.0000000000E+00      -2.0300441247E+05

| Total ensemble size: 44
| Best acquisition, x_best i_best y_best:
  2.4223519545E+02  1.1851476669E+01  0.0000000000E+00      -2.0301100592E+05
| Global minimum prediction, x_hat mu_hat +- nu_hat:
  2.2372107079E+02  1.0594321678E+01  0.0000000000E+00      -2.0301156624E+05  1.5032147626E-01
| Global minimum convergence, d_xhat d_muhat:
  5.4576842559E-01  3.9173919402E-03

| GP model hyperparameters (lengthscales W kappa):
  6.5202598419E-01  2.6116326988E-01  3.4838843622E+00  5.2072092304E+00  5.3423372157E+00  3.6190106114E+00  0.0000000000E+00  0.0000000000E+00
| Next sampling location (x_next, i_next):
  2.8512831334E+01 -4.6782303097E+01  0.0000000000E+00

Iteration time [s]:   25.413        Total time [s]:  310.358

--------------------------------------------------------------------------------
                                BO ITERATION 13                                 
--------------------------------------------------------------------------------
| Evaluating objective function at 2.851E+01 -4.678E+01 0.000E+00
| Objective function evaluated, time [s]       23.217
| Data point added to dataset (x i y): 
  2.8512831334E+01 -4.6782303097E+01  0.0000000000E+00      -2.0299178318E+05

| Total ensemble size: 45
| Best acquisition, x_best i_best y_best:
  2.4223519545E+02  1.1851476669E+01  0.0000000000E+00      -2.0301100592E+05
| Global minimum prediction, x_hat mu_hat +- nu_hat:
  2.2332211110E+02  1.0342783828E+01  0.0000000000E+00      -2.0301159780E+05  1.8605270830E-01
| Global minimum convergence, d_xhat d_muhat:
  4.7163558300E-01  1.2873245766E-03

| GP model hyperparameters (lengthscales W kappa):
  6.1761991987E-01  2.8869931111E-01  3.8197758442E+00  5.6155106733E+00  5.2690916317E+00  3.4732908615E+00  0.0000000000E+00  0.0000000000E+00
| Next sampling location (x_next, i_next):
  1.0987911018E+02  1.5682130525E+02  0.0000000000E+00

Iteration time [s]:   25.374        Total time [s]:  335.733

--------------------------------------------------------------------------------
                                BO ITERATION 14                                 
--------------------------------------------------------------------------------
| Evaluating objective function at 1.099E+02 1.568E+02 0.000E+00
| Objective function evaluated, time [s]       23.699
| Data point added to dataset (x i y): 
  1.0987911018E+02  1.5682130525E+02  0.0000000000E+00      -2.0300556723E+05

| Total ensemble size: 46
| Best acquisition, x_best i_best y_best:
  2.4223519545E+02  1.1851476669E+01  0.0000000000E+00      -2.0301100592E+05
| Global minimum prediction, x_hat mu_hat +- nu_hat:
  2.2349207627E+02  1.0342128000E+01  0.0000000000E+00      -2.0301158691E+05  1.7064078308E-01
| Global minimum convergence, d_xhat d_muhat:
  1.6996643668E-01  4.4125336437E-04

| GP model hyperparameters (lengthscales W kappa):
  6.2850441745E-01  2.9343963568E-01  5.6738116709E+00  3.8800159682E+00  3.5734192632E+00  5.3669901308E+00  0.0000000000E+00  0.0000000000E+00
| Next sampling location (x_next, i_next):
  2.8842717610E+02  1.5309875445E+02  0.0000000000E+00

Iteration time [s]:   25.857        Total time [s]:  361.590

--------------------------------------------------------------------------------
                                BO ITERATION 15                                 
--------------------------------------------------------------------------------
| Evaluating objective function at 2.884E+02 1.531E+02 0.000E+00
| Objective function evaluated, time [s]       22.974
| Data point added to dataset (x i y): 
  2.8842717610E+02  1.5309875445E+02  0.0000000000E+00      -2.0300472615E+05

| Total ensemble size: 47
| Best acquisition, x_best i_best y_best:
  2.4223519545E+02  1.1851476669E+01  0.0000000000E+00      -2.0301100592E+05
| Global minimum prediction, x_hat mu_hat +- nu_hat:
  2.3355989203E+02  7.9185469574E+00  0.0000000000E+00      -2.0301124655E+05  1.2345779126E-01
| Global minimum convergence, d_xhat d_muhat:
  1.0355416901E+01  1.3731910264E-02

| GP model hyperparameters (lengthscales W kappa):
  5.4258562227E-01  4.0118914269E-01  6.5124716386E+00  4.3714147882E+00  3.7183353241E+00  5.8596197528E+00  0.0000000000E+00  0.0000000000E+00
| Next sampling location (x_next, i_next):
  6.4722054931E+01  2.6875392166E+01  0.0000000000E+00

Iteration time [s]:   24.797        Total time [s]:  386.388

--------------------------------------------------------------------------------
                                BO ITERATION 16                                 
--------------------------------------------------------------------------------
| Evaluating objective function at 6.472E+01 2.688E+01 0.000E+00
| Objective function evaluated, time [s]       23.148
| Data point added to dataset (x i y): 
  6.4722054931E+01  2.6875392166E+01  0.0000000000E+00      -2.0299930324E+05

| Total ensemble size: 48
| Best acquisition, x_best i_best y_best:
  2.4223519545E+02  1.1851476669E+01  0.0000000000E+00      -2.0301100592E+05
| Global minimum prediction, x_hat mu_hat +- nu_hat:
  2.3928922482E+02  6.4534430359E+00  0.0000000000E+00      -2.0301125657E+05  6.7165593111E-02
| Global minimum convergence, d_xhat d_muhat:
  5.9136945891E+00  4.0747720509E-04

| GP model hyperparameters (lengthscales W kappa):
  5.4113406482E-01  4.6337198612E-01  7.0730124530E+00  4.8896006067E+00  4.1837181038E+00  6.3669766932E+00  0.0000000000E+00  0.0000000000E+00
| Next sampling location (x_next, i_next):
  2.6539271653E+02 -6.0004097893E+00  0.0000000000E+00

Iteration time [s]:   25.061        Total time [s]:  411.449

--------------------------------------------------------------------------------
                                BO ITERATION 17                                 
--------------------------------------------------------------------------------
| Evaluating objective function at 2.654E+02 -6.000E+00 0.000E+00
| Objective function evaluated, time [s]       23.167
| Data point added to dataset (x i y): 
  2.6539271653E+02 -6.0004097893E+00  0.0000000000E+00      -2.0301155913E+05

| Total ensemble size: 49
| Best acquisition, x_best i_best y_best:
  2.6539271653E+02 -6.0004097893E+00  0.0000000000E+00      -2.0301155913E+05
| Global minimum prediction, x_hat mu_hat +- nu_hat:
  2.5691224627E+02  4.7236451738E-01  0.0000000000E+00      -2.0301183557E+05  1.2138287680E-02
| Global minimum convergence, d_xhat d_muhat:
  1.8610324697E+01  2.3133978237E-02

| GP model hyperparameters (lengthscales W kappa):
  5.4876713022E-01  5.3512151446E-01  8.3548530017E+00  6.0754075148E+00  4.8437307712E+00  7.1232666265E+00  0.0000000000E+00  0.0000000000E+00
| Next sampling location (x_next, i_next):
  2.4291406740E+02  1.7766590996E+02  0.0000000000E+00

Iteration time [s]:   24.906        Total time [s]:  436.356

--------------------------------------------------------------------------------
                                BO ITERATION 18                                 
--------------------------------------------------------------------------------
| Evaluating objective function at 2.429E+02 1.777E+02 0.000E+00
| Objective function evaluated, time [s]       22.576
| Data point added to dataset (x i y): 
  2.4291406740E+02  1.7766590996E+02  0.0000000000E+00      -2.0300668699E+05

| Total ensemble size: 50
| Best acquisition, x_best i_best y_best:
  2.6539271653E+02 -6.0004097893E+00  0.0000000000E+00      -2.0301155913E+05
| Global minimum prediction, x_hat mu_hat +- nu_hat:
  2.5655583351E+02  3.5301356208E-01  0.0000000000E+00      -2.0301184369E+05  1.2439906002E-02
| Global minimum convergence, d_xhat d_muhat:
  3.7586528011E-01  3.2206590546E-04

| GP model hyperparameters (lengthscales W kappa):
  5.5107403276E-01  5.3150918052E-01  8.3123096374E+00  5.9246893220E+00  4.7543584957E+00  7.1425882486E+00  0.0000000000E+00  0.0000000000E+00
| Next sampling location (x_next, i_next):
  2.3096048808E+02 -1.5961224758E+00  0.0000000000E+00

Iteration time [s]:   24.506        Total time [s]:  460.863

--------------------------------------------------------------------------------
                                BO ITERATION 19                                 
--------------------------------------------------------------------------------
| Evaluating objective function at 2.310E+02 -1.596E+00 0.000E+00
| Objective function evaluated, time [s]       23.561
| Data point added to dataset (x i y): 
  2.3096048808E+02 -1.5961224758E+00  0.0000000000E+00      -2.0301219010E+05

| Total ensemble size: 51
| Best acquisition, x_best i_best y_best:
  2.3096048808E+02 -1.5961224758E+00  0.0000000000E+00      -2.0301219010E+05
| Global minimum prediction, x_hat mu_hat +- nu_hat:
  2.3809803750E+02  5.7244970655E-02  0.0000000000E+00      -2.0301231318E+05  6.5166004149E-03
| Global minimum convergence, d_xhat d_muhat:
  1.8460165554E+01  1.8335001996E-02

| GP model hyperparameters (lengthscales W kappa):
  5.5539344215E-01  5.0328629250E-01  5.4175034217E+00  8.4124569786E+00  6.9353656980E+00  3.9410757024E+00  0.0000000000E+00  0.0000000000E+00
| Next sampling location (x_next, i_next):
  6.9351073711E+00  1.8628766905E+02  0.0000000000E+00

Iteration time [s]:   25.798        Total time [s]:  486.661

--------------------------------------------------------------------------------
                                BO ITERATION 20                                 
--------------------------------------------------------------------------------
| Evaluating objective function at 6.935E+00 1.863E+02 0.000E+00
| Objective function evaluated, time [s]       23.075
| Data point added to dataset (x i y): 
  6.9351073711E+00  1.8628766905E+02  0.0000000000E+00      -2.0300776780E+05

| Total ensemble size: 52
| Best acquisition, x_best i_best y_best:
  2.3096048808E+02 -1.5961224758E+00  0.0000000000E+00      -2.0301219010E+05
| Global minimum prediction, x_hat mu_hat +- nu_hat:
  2.3834328380E+02 -4.6145018567E-02  0.0000000000E+00      -2.0301231333E+05  6.3921269505E-03
| Global minimum convergence, d_xhat d_muhat:
  2.6614889482E-01  5.7752545164E-06

| GP model hyperparameters (lengthscales W kappa):
  5.6293382178E-01  5.1430983148E-01  8.5170066743E+00  5.5166225249E+00  4.1105189017E+00  7.1106748563E+00  0.0000000000E+00  0.0000000000E+00
| Next sampling location (x_next, i_next):
  2.4628405764E+02 -4.6466037090E+00  0.0000000000E+00

Iteration time [s]:   24.974        Total time [s]:  511.636

--------------------------------------------------------------------------------
                                BO ITERATION 21                                 
--------------------------------------------------------------------------------
| Evaluating objective function at 2.463E+02 -4.647E+00 0.000E+00
| Objective function evaluated, time [s]       23.218
| Data point added to dataset (x i y): 
  2.4628405764E+02 -4.6466037090E+00  0.0000000000E+00      -2.0301220720E+05

| Total ensemble size: 53
| Best acquisition, x_best i_best y_best:
  2.4628405764E+02 -4.6466037090E+00  0.0000000000E+00      -2.0301220720E+05
| Global minimum prediction, x_hat mu_hat +- nu_hat:
  2.3926512514E+02 -3.4592598536E-01  0.0000000000E+00      -2.0301232385E+05  1.6893325765E-03
| Global minimum convergence, d_xhat d_muhat:
  9.6936066269E-01  4.0285395983E-04

| GP model hyperparameters (lengthscales W kappa):
  5.7918163174E-01  5.2230626962E-01  5.5403956935E+00  8.6614061475E+00  7.3550986248E+00  4.2368965420E+00  0.0000000000E+00  0.0000000000E+00
| Next sampling location (x_next, i_next):
  2.3300179348E+02  3.3666601396E+00  0.0000000000E+00

Iteration time [s]:   25.253        Total time [s]:  536.889

--------------------------------------------------------------------------------
                                BO ITERATION 22                                 
--------------------------------------------------------------------------------
| Evaluating objective function at 2.330E+02 3.367E+00 0.000E+00
| Objective function evaluated, time [s]       23.934
| Data point added to dataset (x i y): 
  2.3300179348E+02  3.3666601396E+00  0.0000000000E+00      -2.0301233224E+05

| Total ensemble size: 54
| Best acquisition, x_best i_best y_best:
  2.3300179348E+02  3.3666601396E+00  0.0000000000E+00      -2.0301233224E+05
| Global minimum prediction, x_hat mu_hat +- nu_hat:
  2.3779015877E+02  7.0797174223E-01  0.0000000000E+00      -2.0301237527E+05  1.4143723471E-04
| Global minimum convergence, d_xhat d_muhat:
  1.8127951369E+00  1.9431792729E-03

| GP model hyperparameters (lengthscales W kappa):
  5.8885975268E-01  5.0807894749E-01  5.4684929231E+00  8.7030204073E+00  7.2955248479E+00  4.0622529790E+00  0.0000000000E+00  0.0000000000E+00
| Next sampling location (x_next, i_next):
 -5.0000000000E+01  2.1831549663E+02  0.0000000000E+00

Iteration time [s]:   25.876        Total time [s]:  562.766

--------------------------------------------------------------------------------
                                BO ITERATION 23                                 
--------------------------------------------------------------------------------
| Evaluating objective function at -5.000E+01 2.183E+02 0.000E+00
| Objective function evaluated, time [s]       23.048
| Data point added to dataset (x i y): 
 -5.0000000000E+01  2.1831549663E+02  0.0000000000E+00      -2.0300161878E+05

| Total ensemble size: 55
| Best acquisition, x_best i_best y_best:
  2.3300179348E+02  3.3666601396E+00  0.0000000000E+00      -2.0301233224E+05
| Global minimum prediction, x_hat mu_hat +- nu_hat:
  2.3770819876E+02  7.2676569159E-01  0.0000000000E+00      -2.0301237372E+05  1.2397441592E-04
| Global minimum convergence, d_xhat d_muhat:
  8.4087193563E-02  5.8777627801E-05

| GP model hyperparameters (lengthscales W kappa):
  5.9091537538E-01  5.2315886099E-01  5.7323078444E+00  8.9354900145E+00  7.3792683757E+00  4.1766236839E+00  0.0000000000E+00  0.0000000000E+00
| Next sampling location (x_next, i_next):
  4.5184965283E+01  1.6525160122E+02  0.0000000000E+00

Iteration time [s]:   24.975        Total time [s]:  587.742

--------------------------------------------------------------------------------
                                BO ITERATION 24                                 
--------------------------------------------------------------------------------
| Evaluating objective function at 4.518E+01 1.653E+02 0.000E+00
| Objective function evaluated, time [s]       23.027
| Data point added to dataset (x i y): 
  4.5184965283E+01  1.6525160122E+02  0.0000000000E+00      -2.0300818482E+05

| Total ensemble size: 56
| Best acquisition, x_best i_best y_best:
  2.3300179348E+02  3.3666601396E+00  0.0000000000E+00      -2.0301233224E+05
| Global minimum prediction, x_hat mu_hat +- nu_hat:
  2.3770074064E+02  7.2806723304E-01  0.0000000000E+00      -2.0301237370E+05  1.1356749811E-04
| Global minimum convergence, d_xhat d_muhat:
  7.5708368718E-03  7.9443657596E-07

| GP model hyperparameters (lengthscales W kappa):
  5.9564371324E-01  5.3358636971E-01  9.0544472447E+00  5.8609195447E+00  4.3128822560E+00  7.5069171698E+00  0.0000000000E+00  0.0000000000E+00
| Next sampling location (x_next, i_next):
  2.4002239584E+02  4.4450112123E-01  0.0000000000E+00

Iteration time [s]:   25.269        Total time [s]:  613.011

--------------------------------------------------------------------------------
                                BO ITERATION 25                                 
--------------------------------------------------------------------------------
| Evaluating objective function at 2.400E+02 4.445E-01 0.000E+00
| Objective function evaluated, time [s]       24.252
| Data point added to dataset (x i y): 
  2.4002239584E+02  4.4450112123E-01  0.0000000000E+00      -2.0301236635E+05

| Total ensemble size: 57
| Best acquisition, x_best i_best y_best:
  2.4002239584E+02  4.4450112123E-01  0.0000000000E+00      -2.0301236635E+05
| Global minimum prediction, x_hat mu_hat +- nu_hat:
  2.3759724760E+02  7.4859870785E-01  0.0000000000E+00      -2.0301237244E+05  6.7912520815E-06
| Global minimum convergence, d_xhat d_muhat:
  1.0550995479E-01  4.7235165317E-05

| GP model hyperparameters (lengthscales W kappa):
  6.0711092380E-01  5.5699823025E-01  9.4330574126E+00  6.1421606816E+00  4.5371815450E+00  7.8278157743E+00  0.0000000000E+00  0.0000000000E+00
| Next sampling location (x_next, i_next):
  2.3706318522E+02  6.5425319738E-01  0.0000000000E+00

Iteration time [s]:   26.292        Total time [s]:  639.304

--------------------------------------------------------------------------------
                                BO ITERATION 26                                 
--------------------------------------------------------------------------------
| Evaluating objective function at 2.371E+02 6.543E-01 0.000E+00
| Objective function evaluated, time [s]       23.119
| Acquisition location too confident, doing pure exploration
| Data point added to dataset (x i y): 
  2.3706318522E+02  6.5425319738E-01  0.0000000000E+00      -2.0301237305E+05

| Total ensemble size: 58
| Best acquisition, x_best i_best y_best:
  2.3706318522E+02  6.5425319738E-01  0.0000000000E+00      -2.0301237305E+05
| Global minimum prediction, x_hat mu_hat +- nu_hat:
  2.3749433360E+02  7.4908254146E-01  0.0000000000E+00      -2.0301237360E+05  1.5664289332E-08
| Global minimum convergence, d_xhat d_muhat:
  1.0291513958E-01  4.3282337082E-05

| GP model hyperparameters (lengthscales W kappa):
  6.1975445286E-01  5.6576651890E-01  6.2287725219E+00  9.5944230230E+00  8.0836254220E+00  4.7186085401E+00  0.0000000000E+00  0.0000000000E+00
| Next sampling location (x_next, i_next):
  1.4519900117E+02  8.9141675141E+01  0.0000000000E+00

Iteration time [s]:   25.564        Total time [s]:  664.869

--------------------------------------------------------------------------------
                                BO ITERATION 27                                 
--------------------------------------------------------------------------------
| Evaluating objective function at 1.452E+02 8.914E+01 0.000E+00
| Objective function evaluated, time [s]       23.108
| Acquisition location too confident, doing pure exploration
| Data point added to dataset (x i y): 
  1.4519900117E+02  8.9141675141E+01  0.0000000000E+00      -2.0299116678E+05

| Total ensemble size: 59
| Best acquisition, x_best i_best y_best:
  2.3706318522E+02  6.5425319738E-01  0.0000000000E+00      -2.0301237305E+05
| Global minimum prediction, x_hat mu_hat +- nu_hat:
  2.3749218684E+02  7.4973655869E-01  0.0000000000E+00      -2.0301237360E+05  1.5575329382E-08
| Global minimum convergence, d_xhat d_muhat:
  2.2441732277E-03  5.7578404973E-08

| GP model hyperparameters (lengthscales W kappa):
  6.1785586224E-01  5.6033417326E-01  9.3539754788E+00  6.1246151110E+00  4.7127811038E+00  7.9467202122E+00  0.0000000000E+00  0.0000000000E+00
| Next sampling location (x_next, i_next):
  1.1924523679E+02  3.0435597488E+02  0.0000000000E+00

Iteration time [s]:   25.823        Total time [s]:  690.693

--------------------------------------------------------------------------------
                                BO ITERATION 28                                 
--------------------------------------------------------------------------------
| Evaluating objective function at 1.192E+02 3.044E+02 0.000E+00
| Objective function evaluated, time [s]       23.209
| Acquisition location too confident, doing pure exploration
| Data point added to dataset (x i y): 
  1.1924523679E+02  3.0435597488E+02  0.0000000000E+00      -2.0299181428E+05

| Total ensemble size: 60
| Best acquisition, x_best i_best y_best:
  2.3706318522E+02  6.5425319738E-01  0.0000000000E+00      -2.0301237305E+05
| Global minimum prediction, x_hat mu_hat +- nu_hat:
  2.3748830424E+02  7.5273073879E-01  0.0000000000E+00      -2.0301237361E+05  1.6064367525E-08
| Global minimum convergence, d_xhat d_muhat:
  4.9030337510E-03  1.7859874332E-07

| GP model hyperparameters (lengthscales W kappa):
  6.1650173175E-01  5.3651410787E-01  8.8612178086E+00  5.7593604426E+00  4.6092587921E+00  7.7107659269E+00  0.0000000000E+00  0.0000000000E+00
| Next sampling location (x_next, i_next):
  3.0738660251E+02  7.5748945443E+01  0.0000000000E+00

Iteration time [s]:   26.094        Total time [s]:  716.788

--------------------------------------------------------------------------------
                                BO ITERATION 29                                 
--------------------------------------------------------------------------------
| Evaluating objective function at 3.074E+02 7.575E+01 0.000E+00
| Objective function evaluated, time [s]       23.089
| Acquisition location too confident, doing pure exploration
| Data point added to dataset (x i y): 
  3.0738660251E+02  7.5748945443E+01  0.0000000000E+00      -2.0298898756E+05

| Total ensemble size: 61
| Best acquisition, x_best i_best y_best:
  2.3706318522E+02  6.5425319738E-01  0.0000000000E+00      -2.0301237305E+05
| Global minimum prediction, x_hat mu_hat +- nu_hat:
  2.3747143791E+02  7.4992805954E-01  0.0000000000E+00      -2.0301237357E+05  1.5141543042E-08
| Global minimum convergence, d_xhat d_muhat:
  1.7097601771E-02  1.4968026598E-06

| GP model hyperparameters (lengthscales W kappa):
  5.9713598009E-01  5.1276686268E-01  8.2540711639E+00  5.4351404355E+00  4.4696492244E+00  7.2877517691E+00  0.0000000000E+00  0.0000000000E+00
| Next sampling location (x_next, i_next):
  6.7184061438E+01  2.6408030290E+02  0.0000000000E+00

Iteration time [s]:   25.981        Total time [s]:  742.770

--------------------------------------------------------------------------------
                                BO ITERATION 30                                 
--------------------------------------------------------------------------------
| Evaluating objective function at 6.718E+01 2.641E+02 0.000E+00
| Objective function evaluated, time [s]       23.384
| Acquisition location too confident, doing pure exploration
| Data point added to dataset (x i y): 
  6.7184061438E+01  2.6408030290E+02  0.0000000000E+00      -2.0299108643E+05

| Total ensemble size: 62
| Best acquisition, x_best i_best y_best:
  2.3706318522E+02  6.5425319738E-01  0.0000000000E+00      -2.0301237305E+05
| Global minimum prediction, x_hat mu_hat +- nu_hat:
  2.3747491363E+02  7.5194498726E-01  0.0000000000E+00      -2.0301237358E+05  1.5946360587E-08
| Global minimum convergence, d_xhat d_muhat:
  4.0185395169E-03  4.4847278121E-07

| GP model hyperparameters (lengthscales W kappa):
  6.0209028801E-01  4.8420266922E-01  7.8607839744E+00  5.0861807102E+00  4.3080326218E+00  7.0819482075E+00  0.0000000000E+00  0.0000000000E+00
| Next sampling location (x_next, i_next):
  2.2029441163E+02  1.0450837839E+02  0.0000000000E+00

Iteration time [s]:   26.441        Total time [s]:  769.211

--------------------------------------------------------------------------------
                                BO ITERATION 31                                 
--------------------------------------------------------------------------------
| Evaluating objective function at 2.203E+02 1.045E+02 0.000E+00
| Objective function evaluated, time [s]       23.024
| Acquisition location too confident, doing pure exploration
| Data point added to dataset (x i y): 
  2.2029441163E+02  1.0450837839E+02  0.0000000000E+00      -2.0299027119E+05

| Total ensemble size: 63
| Best acquisition, x_best i_best y_best:
  2.3706318522E+02  6.5425319738E-01  0.0000000000E+00      -2.0301237305E+05
| Global minimum prediction, x_hat mu_hat +- nu_hat:
  2.3747683314E+02  7.4989050111E-01  0.0000000000E+00      -2.0301237358E+05  1.5738811054E-08
| Global minimum convergence, d_xhat d_muhat:
  2.8116591045E-03  1.8660352802E-07

| GP model hyperparameters (lengthscales W kappa):
  5.9624661730E-01  4.8681403984E-01  5.1618798804E+00  7.7873959311E+00  6.9717699825E+00  4.3463083245E+00  0.0000000000E+00  0.0000000000E+00
| Next sampling location (x_next, i_next):
  2.4066437364E+02  2.5219150761E+02  0.0000000000E+00

Iteration time [s]:   25.947        Total time [s]:  795.159

--------------------------------------------------------------------------------
                                BO ITERATION 32                                 
--------------------------------------------------------------------------------
| Evaluating objective function at 2.407E+02 2.522E+02 0.000E+00
| Objective function evaluated, time [s]       23.188
| Acquisition location too confident, doing pure exploration
| Data point added to dataset (x i y): 
  2.4066437364E+02  2.5219150761E+02  0.0000000000E+00      -2.0298999173E+05

| Total ensemble size: 64
| Best acquisition, x_best i_best y_best:
  2.3706318522E+02  6.5425319738E-01  0.0000000000E+00      -2.0301237305E+05
| Global minimum prediction, x_hat mu_hat +- nu_hat:
  2.3747502584E+02  7.4729732045E-01  0.0000000000E+00      -2.0301237356E+05  1.5530820985E-08
| Global minimum convergence, d_xhat d_muhat:
  3.1608449663E-03  4.9851157158E-07

| GP model hyperparameters (lengthscales W kappa):
  5.8696908874E-01  4.7861281639E-01  4.8651570739E+00  7.4481073009E+00  6.7557374375E+00  4.1733561022E+00  0.0000000000E+00  0.0000000000E+00
| Next sampling location (x_next, i_next):
  1.5852617115E+01  7.3804612227E+01  0.0000000000E+00

Iteration time [s]:   26.203        Total time [s]:  821.363

--------------------------------------------------------------------------------
                                BO ITERATION 33                                 
--------------------------------------------------------------------------------
| Evaluating objective function at 1.585E+01 7.380E+01 0.000E+00
| Objective function evaluated, time [s]       23.259
| Acquisition location too confident, doing pure exploration
| Data point added to dataset (x i y): 
  1.5852617115E+01  7.3804612227E+01  0.0000000000E+00      -2.0299073114E+05

| Total ensemble size: 65
| Best acquisition, x_best i_best y_best:
  2.3706318522E+02  6.5425319738E-01  0.0000000000E+00      -2.0301237305E+05
| Global minimum prediction, x_hat mu_hat +- nu_hat:
  2.3747714685E+02  7.4780128676E-01  0.0000000000E+00      -2.0301237357E+05  1.5670456843E-08
| Global minimum convergence, d_xhat d_muhat:
  2.1800620402E-03  2.2671153195E-07

| GP model hyperparameters (lengthscales W kappa):
  5.7826901909E-01  4.7559181763E-01  4.7581877657E+00  7.2580999434E+00  6.6248780796E+00  4.1250179699E+00  0.0000000000E+00  0.0000000000E+00
| Next sampling location (x_next, i_next):
  1.5042292725E+02  2.5350435653E+02  0.0000000000E+00

Iteration time [s]:   26.412        Total time [s]:  847.776

--------------------------------------------------------------------------------
                                BO ITERATION 34                                 
--------------------------------------------------------------------------------
| Evaluating objective function at 1.504E+02 2.535E+02 0.000E+00
| Objective function evaluated, time [s]       23.148
| Acquisition location too confident, doing pure exploration
| Data point added to dataset (x i y): 
  1.5042292725E+02  2.5350435653E+02  0.0000000000E+00      -2.0299099602E+05

| Total ensemble size: 66
| Best acquisition, x_best i_best y_best:
  2.3706318522E+02  6.5425319738E-01  0.0000000000E+00      -2.0301237305E+05
| Global minimum prediction, x_hat mu_hat +- nu_hat:
  2.3748699465E+02  7.4928401407E-01  0.0000000000E+00      -2.0301237359E+05  1.6209673514E-08
| Global minimum convergence, d_xhat d_muhat:
  9.9588005206E-03  9.7021816757E-07

| GP model hyperparameters (lengthscales W kappa):
  5.8258431497E-01  4.5058352787E-01  4.4363969159E+00  6.8793100626E+00  6.3974680739E+00  3.9549355724E+00  0.0000000000E+00  0.0000000000E+00
| Next sampling location (x_next, i_next):
 -1.9252845322E+01  2.7695193295E+02  0.0000000000E+00

Iteration time [s]:   26.551        Total time [s]:  874.327

--------------------------------------------------------------------------------
                                BO ITERATION 35                                 
--------------------------------------------------------------------------------
| Evaluating objective function at -1.925E+01 2.770E+02 0.000E+00
| Objective function evaluated, time [s]       23.281
| Acquisition location too confident, doing pure exploration
| Data point added to dataset (x i y): 
 -1.9252845322E+01  2.7695193295E+02  0.0000000000E+00      -2.0299088641E+05

| Total ensemble size: 67
| Best acquisition, x_best i_best y_best:
  2.3706318522E+02  6.5425319738E-01  0.0000000000E+00      -2.0301237305E+05
| Global minimum prediction, x_hat mu_hat +- nu_hat:
  2.3748599906E+02  7.4910837249E-01  0.0000000000E+00      -2.0301237359E+05  1.5975251255E-08
| Global minimum convergence, d_xhat d_muhat:
  1.0109671919E-03  9.5663969028E-08

| GP model hyperparameters (lengthscales W kappa):
  5.8215607497E-01  4.5150015873E-01  4.4552640276E+00  6.8236791519E+00  6.3484131995E+00  3.9822045697E+00  0.0000000000E+00  0.0000000000E+00
| Next sampling location (x_next, i_next):
  1.0626390411E+02  5.5977891129E+01  0.0000000000E+00

Iteration time [s]:   26.995        Total time [s]:  901.323

--------------------------------------------------------------------------------
                                BO ITERATION 36                                 
--------------------------------------------------------------------------------
| Evaluating objective function at 1.063E+02 5.598E+01 0.000E+00
| Objective function evaluated, time [s]       23.142
| Acquisition location too confident, doing pure exploration
| Data point added to dataset (x i y): 
  1.0626390411E+02  5.5977891129E+01  0.0000000000E+00      -2.0299010612E+05

| Total ensemble size: 68
| Best acquisition, x_best i_best y_best:
  2.3706318522E+02  6.5425319738E-01  0.0000000000E+00      -2.0301237305E+05
| Global minimum prediction, x_hat mu_hat +- nu_hat:
  2.3748648721E+02  7.4572578667E-01  0.0000000000E+00      -2.0301237358E+05  1.5845605628E-08
| Global minimum convergence, d_xhat d_muhat:
  3.4176270298E-03  4.2441045742E-07

| GP model hyperparameters (lengthscales W kappa):
  5.7701747624E-01  4.5242594057E-01  6.8082861615E+00  4.5774199068E+00  4.0021943170E+00  6.2486064080E+00  0.0000000000E+00  0.0000000000E+00
| Next sampling location (x_next, i_next):
  7.5964715215E+01 -2.5022922919E+01  0.0000000000E+00

Iteration time [s]:   26.586        Total time [s]:  927.909

--------------------------------------------------------------------------------
                                BO ITERATION 37                                 
--------------------------------------------------------------------------------
| Evaluating objective function at 7.596E+01 -2.502E+01 0.000E+00
| Objective function evaluated, time [s]       23.294
| Acquisition location too confident, doing pure exploration
| Data point added to dataset (x i y): 
  7.5964715215E+01 -2.5022922919E+01  0.0000000000E+00      -2.0300138365E+05

| Total ensemble size: 69
| Best acquisition, x_best i_best y_best:
  2.3706318522E+02  6.5425319738E-01  0.0000000000E+00      -2.0301237305E+05
| Global minimum prediction, x_hat mu_hat +- nu_hat:
  2.3748747129E+02  7.3890101518E-01  0.0000000000E+00      -2.0301237356E+05  1.7096146632E-08
| Global minimum convergence, d_xhat d_muhat:
  6.8953551385E-03  8.7441672450E-07

| GP model hyperparameters (lengthscales W kappa):
  5.3231604092E-01  4.7665384577E-01  7.1672296863E+00  4.5123966678E+00  3.6812680000E+00  6.3359097470E+00  0.0000000000E+00  0.0000000000E+00
| Next sampling location (x_next, i_next):
  1.9782045691E+00  2.0890481848E+01  0.0000000000E+00

Iteration time [s]:   27.114        Total time [s]:  955.024

--------------------------------------------------------------------------------
                                BO ITERATION 38                                 
--------------------------------------------------------------------------------
| Evaluating objective function at 1.978E+00 2.089E+01 0.000E+00
| Objective function evaluated, time [s]       23.160
| Data point added to dataset (x i y): 
  1.9782045691E+00  2.0890481848E+01  0.0000000000E+00      -2.0299340631E+05

| Total ensemble size: 70
| Best acquisition, x_best i_best y_best:
  2.3706318522E+02  6.5425319738E-01  0.0000000000E+00      -2.0301237305E+05
| Global minimum prediction, x_hat mu_hat +- nu_hat:
  2.3747938675E+02  7.5047599170E-01  0.0000000000E+00      -2.0301237358E+05  1.7538210795E-08
| Global minimum convergence, d_xhat d_muhat:
  1.4118776388E-02  9.9621734650E-07

| GP model hyperparameters (lengthscales W kappa):
  5.4458448519E-01  4.5440177958E-01  6.8235553151E+00  4.0465255350E+00  3.5076313395E+00  6.2857550855E+00  0.0000000000E+00  0.0000000000E+00
| Next sampling location (x_next, i_next):
  9.0102529590E+01  1.8169176595E+02  0.0000000000E+00

Iteration time [s]:   26.531        Total time [s]:  981.555

--------------------------------------------------------------------------------
                                BO ITERATION 39                                 
--------------------------------------------------------------------------------
| Evaluating objective function at 9.010E+01 1.817E+02 0.000E+00
| Objective function evaluated, time [s]       23.610
| Acquisition location too confident, doing pure exploration
| Data point added to dataset (x i y): 
  9.0102529590E+01  1.8169176595E+02  0.0000000000E+00      -2.0300885545E+05

| Total ensemble size: 71
| Best acquisition, x_best i_best y_best:
  2.3706318522E+02  6.5425319738E-01  0.0000000000E+00      -2.0301237305E+05
| Global minimum prediction, x_hat mu_hat +- nu_hat:
  2.3747793084E+02  7.5171052267E-01  0.0000000000E+00      -2.0301237359E+05  1.6588804907E-08
| Global minimum convergence, d_xhat d_muhat:
  1.9088613614E-03  1.1816009362E-07

| GP model hyperparameters (lengthscales W kappa):
  5.5395471922E-01  4.6441000081E-01  4.1054570910E+00  6.9726555213E+00  6.4711205283E+00  3.6039701341E+00  0.0000000000E+00  0.0000000000E+00
| Next sampling location (x_next, i_next):
  1.2158907020E+02  9.7083308294E+00  0.0000000000E+00

Iteration time [s]:   27.819        Total time [s]: 1009.374

--------------------------------------------------------------------------------
                                BO ITERATION 40                                 
--------------------------------------------------------------------------------
| Evaluating objective function at 1.216E+02 9.708E+00 0.000E+00
| Objective function evaluated, time [s]       24.090
| Acquisition location too confident, doing pure exploration
| Data point added to dataset (x i y): 
  1.2158907020E+02  9.7083308294E+00  0.0000000000E+00      -2.0299043540E+05

| Total ensemble size: 72
| Best acquisition, x_best i_best y_best:
  2.3706318522E+02  6.5425319738E-01  0.0000000000E+00      -2.0301237305E+05
| Global minimum prediction, x_hat mu_hat +- nu_hat:
  2.3747601246E+02  7.5341951404E-01  0.0000000000E+00      -2.0301237359E+05  1.9909156901E-08
| Global minimum convergence, d_xhat d_muhat:
  2.5692045389E-03  9.2512540403E-08

| GP model hyperparameters (lengthscales W kappa):
  5.0982466171E-01  4.6240152793E-01  7.0943529478E+00  4.8824925402E+00  3.8409609184E+00  6.0528620282E+00  0.0000000000E+00  0.0000000000E+00
| Next sampling location (x_next, i_next):
  2.9114526861E+02  2.6602607693E+02  0.0000000000E+00

Iteration time [s]:   27.726        Total time [s]: 1037.101

--------------------------------------------------------------------------------
                                BO ITERATION 41                                 
--------------------------------------------------------------------------------
| Evaluating objective function at 2.911E+02 2.660E+02 0.000E+00
| Objective function evaluated, time [s]       23.109
| Acquisition location too confident, doing pure exploration
| Data point added to dataset (x i y): 
  2.9114526861E+02  2.6602607693E+02  0.0000000000E+00      -2.0299162215E+05

| Total ensemble size: 73
| Best acquisition, x_best i_best y_best:
  2.3706318522E+02  6.5425319738E-01  0.0000000000E+00      -2.0301237305E+05
| Global minimum prediction, x_hat mu_hat +- nu_hat:
  2.3747590611E+02  7.5404993890E-01  0.0000000000E+00      -2.0301237359E+05  1.9471633106E-08
| Global minimum convergence, d_xhat d_muhat:
  6.3933198615E-04  8.6462240958E-08

| GP model hyperparameters (lengthscales W kappa):
  5.0988117900E-01  4.6409975357E-01  7.0444455501E+00  4.8655045076E+00  3.8500882636E+00  6.0327743052E+00  0.0000000000E+00  0.0000000000E+00
| Next sampling location (x_next, i_next):
  1.6688248695E+02  1.2592939453E+02  0.0000000000E+00

Iteration time [s]:   26.870        Total time [s]: 1063.972

--------------------------------------------------------------------------------
                                BO ITERATION 42                                 
--------------------------------------------------------------------------------
| Evaluating objective function at 1.669E+02 1.259E+02 0.000E+00
| Objective function evaluated, time [s]       22.992
| Acquisition location too confident, doing pure exploration
| Data point added to dataset (x i y): 
  1.6688248695E+02  1.2592939453E+02  0.0000000000E+00      -2.0299672888E+05

| Total ensemble size: 74
| Best acquisition, x_best i_best y_best:
  2.3706318522E+02  6.5425319738E-01  0.0000000000E+00      -2.0301237305E+05
| Global minimum prediction, x_hat mu_hat +- nu_hat:
  2.3747490710E+02  7.5494911738E-01  0.0000000000E+00      -2.0301237359E+05  1.8995256834E-08
| Global minimum convergence, d_xhat d_muhat:
  1.3440826772E-03  8.1158527028E-08

| GP model hyperparameters (lengthscales W kappa):
  5.1105081784E-01  4.6975461310E-01  7.0661244829E+00  4.8824476323E+00  3.8866194090E+00  6.0703246260E+00  0.0000000000E+00  0.0000000000E+00
| Next sampling location (x_next, i_next):
 -1.5446072728E+01 -2.6662627502E+01  0.0000000000E+00

Iteration time [s]:   26.803        Total time [s]: 1090.775

--------------------------------------------------------------------------------
                                BO ITERATION 43                                 
--------------------------------------------------------------------------------
| Evaluating objective function at -1.545E+01 -2.666E+01 0.000E+00
| Objective function evaluated, time [s]       23.212
| Acquisition location too confident, doing pure exploration
| Data point added to dataset (x i y): 
 -1.5446072728E+01 -2.6662627502E+01  0.0000000000E+00      -2.0299455029E+05

| Total ensemble size: 75
| Best acquisition, x_best i_best y_best:
  2.3706318522E+02  6.5425319738E-01  0.0000000000E+00      -2.0301237305E+05
| Global minimum prediction, x_hat mu_hat +- nu_hat:
  2.3747470056E+02  7.5399801259E-01  0.0000000000E+00      -2.0301237359E+05  1.8486749820E-08
| Global minimum convergence, d_xhat d_muhat:
  9.7327055023E-04  1.7311051230E-07

| GP model hyperparameters (lengthscales W kappa):
  5.1000766073E-01  4.7222753674E-01  7.0398505810E+00  4.9080929737E+00  3.9339433021E+00  6.0650533582E+00  0.0000000000E+00  0.0000000000E+00
| Next sampling location (x_next, i_next):
  9.6011397067E+01  1.1665943694E+02  0.0000000000E+00

Iteration time [s]:   27.163        Total time [s]: 1117.939

--------------------------------------------------------------------------------
                                BO ITERATION 44                                 
--------------------------------------------------------------------------------
| Evaluating objective function at 9.601E+01 1.167E+02 0.000E+00
| Objective function evaluated, time [s]       23.868
| Acquisition location too confident, doing pure exploration
| Data point added to dataset (x i y): 
  9.6011397067E+01  1.1665943694E+02  0.0000000000E+00      -2.0299447590E+05

| Total ensemble size: 76
| Best acquisition, x_best i_best y_best:
  2.3706318522E+02  6.5425319738E-01  0.0000000000E+00      -2.0301237305E+05
| Global minimum prediction, x_hat mu_hat +- nu_hat:
  2.3747930846E+02  7.5240603040E-01  0.0000000000E+00      -2.0301237359E+05  1.8553952952E-08
| Global minimum convergence, d_xhat d_muhat:
  4.8751536332E-03  1.0014348212E-07

| GP model hyperparameters (lengthscales W kappa):
  5.0793036883E-01  4.6987603402E-01  6.9554381283E+00  4.8537989990E+00  3.8868655562E+00  5.9880579434E+00  0.0000000000E+00  0.0000000000E+00
| Next sampling location (x_next, i_next):
  2.6427791163E+02  8.2443435045E+01  0.0000000000E+00

Iteration time [s]:   27.773        Total time [s]: 1145.712

--------------------------------------------------------------------------------
                                BO ITERATION 45                                 
--------------------------------------------------------------------------------
| Evaluating objective function at 2.643E+02 8.244E+01 0.000E+00
| Objective function evaluated, time [s]       23.099
| Acquisition location too confident, doing pure exploration
| Data point added to dataset (x i y): 
  2.6427791163E+02  8.2443435045E+01  0.0000000000E+00      -2.0298875952E+05

| Total ensemble size: 77
| Best acquisition, x_best i_best y_best:
  2.3706318522E+02  6.5425319738E-01  0.0000000000E+00      -2.0301237305E+05
| Global minimum prediction, x_hat mu_hat +- nu_hat:
  2.3747194638E+02  7.4969647559E-01  0.0000000000E+00      -2.0301237357E+05  1.7413702391E-08
| Global minimum convergence, d_xhat d_muhat:
  7.8448642220E-03  7.9920747379E-07

| GP model hyperparameters (lengthscales W kappa):
  5.0610595232E-01  4.6833790451E-01  6.8566444024E+00  4.7860111646E+00  3.8786679773E+00  5.9506932145E+00  0.0000000000E+00  0.0000000000E+00
| Next sampling location (x_next, i_next):
 -3.7463365798E+01  1.1494069750E+02  0.0000000000E+00

Iteration time [s]:   27.170        Total time [s]: 1172.883

--------------------------------------------------------------------------------
                                BO ITERATION 46                                 
--------------------------------------------------------------------------------
| Evaluating objective function at -3.746E+01 1.149E+02 0.000E+00
| Objective function evaluated, time [s]       23.037
| Acquisition location too confident, doing pure exploration
| Data point added to dataset (x i y): 
 -3.7463365798E+01  1.1494069750E+02  0.0000000000E+00      -2.0299357142E+05

| Total ensemble size: 78
| Best acquisition, x_best i_best y_best:
  2.3706318522E+02  6.5425319738E-01  0.0000000000E+00      -2.0301237305E+05
| Global minimum prediction, x_hat mu_hat +- nu_hat:
  2.3746922902E+02  7.4816952024E-01  0.0000000000E+00      -2.0301237356E+05  1.7073736114E-08
| Global minimum convergence, d_xhat d_muhat:
  3.1169933336E-03  4.2644816772E-07

| GP model hyperparameters (lengthscales W kappa):
  5.0304199193E-01  4.7121549464E-01  4.8174511231E+00  6.8420855774E+00  5.9250147836E+00  3.9010512107E+00  0.0000000000E+00  0.0000000000E+00
| Next sampling location (x_next, i_next):
  4.1201505547E+01  1.1586416314E+02  0.0000000000E+00

Iteration time [s]:   27.193        Total time [s]: 1200.076

--------------------------------------------------------------------------------
                                BO ITERATION 47                                 
--------------------------------------------------------------------------------
| Evaluating objective function at 4.120E+01 1.159E+02 0.000E+00
| Objective function evaluated, time [s]       23.033
| Acquisition location too confident, doing pure exploration
| Data point added to dataset (x i y): 
  4.1201505547E+01  1.1586416314E+02  0.0000000000E+00      -2.0299440630E+05

| Total ensemble size: 79
| Best acquisition, x_best i_best y_best:
  2.3706318522E+02  6.5425319738E-01  0.0000000000E+00      -2.0301237305E+05
| Global minimum prediction, x_hat mu_hat +- nu_hat:
  2.3746992399E+02  7.4886259592E-01  0.0000000000E+00      -2.0301237356E+05  1.6572391370E-08
| Global minimum convergence, d_xhat d_muhat:
  9.8149851321E-04  1.4703053084E-07

| GP model hyperparameters (lengthscales W kappa):
  5.0599624053E-01  4.7775429871E-01  4.8399987759E+00  6.8947909986E+00  5.9872145326E+00  3.9320114669E+00  0.0000000000E+00  0.0000000000E+00
| Next sampling location (x_next, i_next):
  1.8404727915E+02  2.3219070087E+02  0.0000000000E+00

Iteration time [s]:   27.471        Total time [s]: 1227.547

--------------------------------------------------------------------------------
                                BO ITERATION 48                                 
--------------------------------------------------------------------------------
| Evaluating objective function at 1.840E+02 2.322E+02 0.000E+00
| Objective function evaluated, time [s]       21.919
| Acquisition location too confident, doing pure exploration
| Data point added to dataset (x i y): 
  1.8404727915E+02  2.3219070087E+02  0.0000000000E+00      -2.0299643013E+05

| Total ensemble size: 80
| Best acquisition, x_best i_best y_best:
  2.3706318522E+02  6.5425319738E-01  0.0000000000E+00      -2.0301237305E+05
| Global minimum prediction, x_hat mu_hat +- nu_hat:
  2.3746977604E+02  7.4961113876E-01  0.0000000000E+00      -2.0301237356E+05  1.6222079591E-08
| Global minimum convergence, d_xhat d_muhat:
  7.6302471118E-04  1.0740236306E-07

| GP model hyperparameters (lengthscales W kappa):
  5.0793188351E-01  4.8265103650E-01  6.9285283761E+00  4.8638071370E+00  3.9638120191E+00  6.0277310729E+00  0.0000000000E+00  0.0000000000E+00
| Next sampling location (x_next, i_next):
  1.8796183065E+01  2.4264105897E+02  0.0000000000E+00

Iteration time [s]:   26.385        Total time [s]: 1253.933

--------------------------------------------------------------------------------
                                BO ITERATION 49                                 
--------------------------------------------------------------------------------
| Evaluating objective function at 1.880E+01 2.426E+02 0.000E+00
| Objective function evaluated, time [s]       23.244
| Acquisition location too confident, doing pure exploration
| Data point added to dataset (x i y): 
  1.8796183065E+01  2.4264105897E+02  0.0000000000E+00      -2.0299430076E+05

| Total ensemble size: 81
| Best acquisition, x_best i_best y_best:
  2.3706318522E+02  6.5425319738E-01  0.0000000000E+00      -2.0301237305E+05
| Global minimum prediction, x_hat mu_hat +- nu_hat:
  2.3746978501E+02  7.4969082965E-01  0.0000000000E+00      -2.0301237356E+05  1.5959804056E-08
| Global minimum convergence, d_xhat d_muhat:
  8.0194346648E-05  1.6934924897E-08

| GP model hyperparameters (lengthscales W kappa):
  5.0899535289E-01  4.8677989943E-01  6.9638037333E+00  4.9201246332E+00  4.0143989305E+00  6.0556654268E+00  0.0000000000E+00  0.0000000000E+00
| Next sampling location (x_next, i_next):
  1.5879346716E+02  4.5003758162E+01  0.0000000000E+00

Iteration time [s]:   27.761        Total time [s]: 1281.695

--------------------------------------------------------------------------------
                                BO ITERATION 50                                 
--------------------------------------------------------------------------------
| Evaluating objective function at 1.588E+02 4.500E+01 0.000E+00
| Objective function evaluated, time [s]       23.068
| Acquisition location too confident, doing pure exploration
| Data point added to dataset (x i y): 
  1.5879346716E+02  4.5003758162E+01  0.0000000000E+00      -2.0299941750E+05

| Total ensemble size: 82
| Best acquisition, x_best i_best y_best:
  2.3706318522E+02  6.5425319738E-01  0.0000000000E+00      -2.0301237305E+05
| Global minimum prediction, x_hat mu_hat +- nu_hat:
  2.3746787316E+02  7.4439346929E-01  0.0000000000E+00      -2.0301237354E+05  1.6015311655E-08
| Global minimum convergence, d_xhat d_muhat:
  5.6318021258E-03  9.6597324121E-07

| GP model hyperparameters (lengthscales W kappa):
  5.0211038049E-01  4.7884969813E-01  6.8507478541E+00  4.9648366565E+00  4.0539753954E+00  5.9149195909E+00  0.0000000000E+00  0.0000000000E+00
| Next sampling location (x_next, i_next):
  1.5811990932E+02 -4.1798734435E+01  0.0000000000E+00

Iteration time [s]:   27.512        Total time [s]: 1309.208

|| Bayesian optimization completed, time [s]     1309.198


--------------------------------------------------------------------------------
                        BOSS is done! Have a nice day :)                        

      Datetime 05-08-2020 19:01:22            Total time [s]     1309.208       
--------------------------------------------------------------------------------
