-50.0000000000_-50.0000000000
130.0000000000_130.0000000000
281.5809571000_269.7801738000
-18.3952741000_310.0000000000
-48.9569995000_-21.9266232000
302.4216381000_-18.4027630000
300.3270215000_-4.7767881000
287.6419099000_-15.1884741000
-39.5747688000_99.7102405000
270.9219957000_-20.3241990000
263.5334330000_-6.5307869000
253.2190568000_7.8276071000
238.0853394000_-4.0777967000
212.3408597000_6.0553858000
194.6858570000_-10.0488917000
214.6883944000_26.2922111000
231.8870994000_6.1635517000
163.2378752000_19.3342186000
49.2507566000_207.4831209000
116.4688436000_228.1390149000
225.2891372000_.5301765000
-8.3178245000_187.3739176000
34.0699936000_167.9204509000
285.4991777000_179.3893729000
231.2701620000_182.2484198000
298.4401808000_206.8335748000
-30.2689531000_160.7163829000
257.6908023000_152.9462187000
54.6653757000_46.3217120000
119.2044504000_297.6590002000
240.6377779000_.3381134000
84.5986030000_178.5535491000
151.5647434000_180.9245177000
237.2365057000_.6471172000
185.6938274000_86.4969259000
36.4127553000_258.7195423000
66.8906670000_94.0044628000
68.6170730000_-7.7639296000
186.1623756000_259.7202176000
-43.7262195000_60.7318360000
216.4265871000_225.4442286000
208.2881263000_298.1919168000
237.6517721000_112.6618652000
26.6263486000_126.0250586000
123.3317370000_63.7995031000
-21.4594332000_239.8230205000
252.7936674000_73.2547486000
187.8772626000_146.0811358000
61.5773799000_-44.0183388000
9.7728410000_22.0764247000
13.4321743000_76.4771164000
103.5691266000_264.1747321000
80.4483042000_144.1534644000
117.3619433000_-26.0559462000
96.7152313000_22.7675199000
265.8168521000_240.3980777000
301.9920512000_129.0172854000
-15.2178951000_273.9624528000
129.8492441000_97.7929507000
165.7698891000_209.6722602000
53.6772097000_286.3677707000
232.8050488000_269.3517279000
17.7645578000_-13.7724272000
161.9428992000_-48.7949878000
177.0426919000_115.9706992000
72.6895741000_236.8040301000
150.0202131000_275.6713339000
166.4396498000_55.7870431000
279.5718673000_96.9930753000
13.0389193000_223.1807064000
255.0441595000_206.9352696000
153.1409508000_242.0029281000
-9.4946242000_46.2348976000
-11.3335948000_130.7249264000
255.6487207000_298.4359800000
93.2577381000_115.2001508000
304.5346883000_34.8906446000
190.4271317000_185.0930372000
130.3866587000_.4439363000
85.2652544000_67.3087393000
23.2530632000_300.5381191000
116.4589001000_161.2618149000
114.5664072000_197.5989191000
4.6710391000_102.9591745000
270.1489896000_50.5953414000
49.1566842000_15.4556023000
-50.0000000000_251.9458537000
220.2319416000_139.2534602000
214.4358848000_64.8143124000
128.5945229000_35.8149368000
-17.2601298000_7.8756733000
5.1698006000_156.4917422000
-25.0090988000_212.1595650000
211.9836031000_100.4375589000
90.1696521000_-50.0000000000
151.6600575000_-20.8781400000
85.3879002000_211.0214122000
-16.7427864000_79.2681480000
211.2937666000_-38.7147139000
211.4914944000_163.2770815000
152.6838188000_150.5259403000
-41.3188845000_187.1539975000
warning in stationary: failed to import cython module: falling back to numpy
warning in coregionalize: failed to import cython module: falling back to numpy
warning in choleskies: failed to import cython module: falling back to numpy
