-50.0000000000_-50.0000000000
130.0000000000_130.0000000000
310.0000000000_-.0345095000
-50.0000000000_18.3459456000
309.9733626000_-6.1833755000
-20.4193601000_-9.4928436000
-25.8184251000_270.2304504000
292.4572336000_310.0000000000
301.5381442000_-13.4891838000
291.3846670000_-12.1047982000
281.2619873000_-18.1890572000
270.5294343000_-10.8309324000
150.4329454000_15.7113407000
256.1327546000_-16.2811678000
252.3460494000_-1.1655463000
232.1532142000_2.7687008000
234.3622628000_19.9457791000
215.7981980000_-10.2835699000
238.2740200000_-4.1324646000
296.6665678000_156.0725485000
212.6702546000_10.0028004000
245.1497230000_188.3313124000
201.4462121000_217.1924566000
238.9962090000_148.4071764000
288.3590362000_198.3285442000
-15.1622826000_178.7602495000
-1.4200425000_146.4063907000
11.9629703000_201.3512467000
-30.2821278000_201.8742603000
200.1427279000_55.7850738000
121.0443278000_284.1576445000
72.0252716000_189.5452423000
80.0325130000_215.8276724000
48.6046214000_172.4937147000
84.5222630000_168.4276153000
48.3108181000_73.4210938000
239.8771208000_.1947358000
287.7134076000_93.4717485000
80.0029075000_-28.3877752000
134.1958153000_184.5527747000
237.0936089000_.5183957000
209.4336922000_270.2392495000
62.1013721000_25.8281383000
46.0396396000_280.0232317000
124.6515330000_78.0761750000
198.9674832000_105.9919467000
268.4551602000_244.5377858000
60.1852567000_115.6668835000
144.7398634000_243.6643855000
-9.2359601000_92.1246808000
181.8494948000_159.2064061000
148.6101539000_-42.0468985000
6.6890513000_44.9922847000
24.4913029000_243.4639280000
249.4277167000_71.1999824000
25.4186799000_-45.3740195000
106.6421480000_45.8437653000
193.6887018000_301.2299940000
-46.0812264000_65.8292039000
87.5334571000_255.1264101000
105.6831659000_-.8083903000
-41.7411462000_122.6743041000
40.7589775000_-6.3904774000
249.6724963000_113.8654441000
-46.5985784000_238.2998735000
92.5786812000_96.4470663000
244.9333246000_285.0962173000
163.4990991000_274.6721459000
170.9421213000_198.8654829000
159.1324591000_100.3527027000
157.0566077000_50.9789934000
245.9975644000_221.0993846000
80.8384547000_297.4710417000
120.0676418000_214.2889491000
19.9690494000_113.3116924000
3.6147893000_288.7369598000
175.2988677000_130.4679365000
292.5528184000_272.1146837000
278.3603315000_52.1040481000
147.0350009000_-13.7136501000
208.0571354000_184.0463101000
17.2931493000_18.0112031000
89.1987730000_134.3178809000
277.8748068000_131.8122693000
113.6132966000_-38.3949418000
79.8454568000_63.1814869000
183.4946754000_243.8141483000
45.1293210000_219.9065987000
229.3824774000_246.4812568000
41.2307736000_141.4204619000
-8.3137471000_231.2132842000
140.9346994000_154.6507607000
41.1125269000_46.3674410000
178.6641598000_77.7083891000
211.9173402000_134.1397217000
-8.8166963000_-40.2044985000
271.0922829000_169.5935526000
226.3134490000_310.0000000000
221.3962045000_85.6351517000
11.8251379000_73.0292082000
111.1382124000_241.7004713000
59.3899230000_244.3488932000
warning in stationary: failed to import cython module: falling back to numpy
warning in coregionalize: failed to import cython module: falling back to numpy
warning in choleskies: failed to import cython module: falling back to numpy
