-50.0000000000_-50.0000000000
130.0000000000_130.0000000000
310.0000000000_-.0100404000
-49.7929352000_18.3997019000
309.9208044000_-6.1136767000
310.0000000000_-15.8021632000
277.6758660000_-17.0912568000
80.9751376000_245.5641753000
160.0571685000_-42.0878018000
305.5147589000_169.4469783000
262.2015007000_-20.9203351000
300.2448601000_183.8037722000
262.4359970000_-6.9306603000
243.4664331000_-1.6431043000
245.0152277000_10.4722145000
218.4655992000_5.9264742000
206.4181364000_25.4869691000
181.9504537000_8.5643740000
257.0483064000_174.8724250000
-9.4441444000_185.4841603000
310.0000000000_217.7506651000
220.7136376000_-5.9838971000
20.9967042000_157.9608752000
221.2162967000_73.3754590000
189.8904860000_194.4494461000
61.8621886000_185.4452216000
35.8311260000_200.1210768000
12.2609340000_95.5070011000
119.0023148000_187.1193741000
91.4531575000_33.8386780000
234.8891149000_1.7611377000
236.6295380000_.0851300000
238.1369213000_.7465465000
80.1430370000_169.6004936000
212.5927868000_260.2256663000
58.5996037000_304.9377093000
274.2146893000_114.2309914000
115.8977918000_80.3619474000
.5183235000_262.7623284000
62.5384814000_-9.2504982000
203.5145533000_136.2182825000
135.8165460000_273.4971749000
26.1954907000_53.9095780000
155.3607973000_230.7274702000
305.7989023000_74.3759705000
283.0521562000_262.2999780000
175.5574259000_100.6494618000
239.9757106000_223.2935593000
66.9148847000_117.1005442000
-23.3082493000_126.4998350000
211.5362155000_294.8600959000
111.1631033000_-22.9670611000
164.2080753000_161.9341013000
18.5214607000_16.5670037000
58.9079736000_274.2269380000
152.7874304000_57.5005690000
9.8393742000_-50.0000000000
63.9534958000_75.9713984000
24.7593489000_236.8903006000
94.6075378000_215.2242223000
228.9524169000_104.9962781000
107.6953937000_298.3373142000
266.0375440000_58.7718222000
256.5258070000_286.2807276000
16.7295381000_-18.6446043000
120.9453681000_11.6543822000
-14.9971271000_57.4491504000
251.4929048000_141.1479145000
175.3164994000_275.5960239000
214.9286787000_168.3793286000
197.4651428000_229.2776605000
-11.5853460000_226.6896204000
26.3633486000_126.0251045000
-38.3156928000_270.2172567000
55.6050901000_26.6141367000
-34.1147977000_99.5004127000
118.2498948000_242.7969069000
103.2763468000_107.1074153000
297.0753249000_135.4937603000
134.3362686000_36.8166623000
260.2360436000_85.6963403000
229.5055706000_198.0541420000
94.8151492000_138.9711908000
272.3346233000_211.1818299000
148.4024104000_-14.5435196000
55.3727174000_148.4160147000
95.2115721000_272.5372437000
-42.4962008000_244.8976044000
142.4675509000_95.8020644000
145.7538994000_205.5010533000
-13.2611700000_2.2153886000
126.4445097000_159.0328197000
57.6339614000_220.0439040000
251.3145475000_253.7974264000
26.8308902000_286.5940397000
186.2987298000_71.9305191000
-15.3397293000_293.4411125000
227.0062586000_-42.8770294000
-8.6779332000_32.9685118000
80.9369166000_-35.2587378000
78.9676241000_55.8352067000
166.3500274000_131.6418576000
warning in stationary: failed to import cython module: falling back to numpy
warning in coregionalize: failed to import cython module: falling back to numpy
warning in choleskies: failed to import cython module: falling back to numpy
