-50.0000000000_-50.0000000000
130.0000000000_130.0000000000
.0039252000_310.0000000000
295.6786973000_-49.9137090000
292.9045306000_274.1599500000
-38.8750804000_119.1887451000
295.2983070000_-39.7197981000
285.1081554000_-33.3880122000
286.7797137000_-22.5941374000
273.6215165000_-14.4521712000
273.6112358000_1.5886910000
250.5792592000_-5.7579576000
228.9895368000_-14.8475642000
232.3945622000_7.4246984000
231.6379285000_29.5240324000
198.2862390000_6.5682146000
228.0237970000_.4298233000
241.5508276000_1.4283652000
100.9581548000_16.0452285000
236.8704487000_.3072001000
95.4980851000_217.5304086000
231.1491058000_191.2500994000
-45.9448584000_195.1333799000
13.7491067000_185.2631991000
1.3664442000_214.9177365000
51.0913748000_166.9969118000
1.5426184000_164.2328923000
277.4900707000_172.2373155000
144.1860208000_273.0667923000
110.2524021000_179.4550305000
236.6231120000_1.2481625000
50.9224189000_74.3083333000
212.9465096000_99.2856735000
103.4857839000_-39.0151866000
207.7296802000_239.8050003000
139.8415858000_68.8710007000
50.6295410000_264.1918655000
-39.8752523000_66.2883430000
17.8886755000_27.2027974000
203.3054550000_147.3337768000
46.2372324000_116.3166559000
163.5021801000_209.9114651000
45.0933759000_-11.0341903000
209.7104169000_286.6356167000
280.8064149000_230.9472485000
270.6879575000_86.8676499000
258.2964474000_128.9918047000
-11.9623199000_252.8728082000
107.0726365000_97.2394406000
160.9633421000_309.1473695000
78.3592476000_293.0835295000
86.7215170000_48.1517586000
123.2502470000_243.4834697000
169.0206421000_172.6178829000
-2.2977494000_92.6410293000
138.1974483000_-13.8505238000
163.2544316000_106.4765610000
193.1517168000_64.8580449000
145.3709627000_36.3367888000
-8.0531823000_-1.6120085000
63.9866779000_187.0483700000
246.6155879000_262.1772255000
-32.3860712000_31.9917542000
85.4526877000_139.3641320000
280.4244915000_49.6597831000
45.6692662000_228.4861586000
-49.8923569000_152.1828451000
49.1863584000_-46.4182422000
7.4022981000_58.2544804000
171.3660265000_251.9102507000
13.8926964000_280.7274155000
250.9586065000_214.2437585000
6.1472299000_129.9493024000
240.0111800000_157.6937236000
59.5287387000_26.5806255000
89.2074847000_255.3328298000
83.3716399000_-13.9852419000
237.1145135000_72.1328003000
247.2634761000_295.5158847000
133.1114609000_199.3814325000
162.9032057000_142.4391047000
-38.8730354000_230.0489243000
176.8031580000_-25.5110720000
118.2873787000_292.1644480000
73.5643596000_97.0118114000
201.7831772000_205.8410613000
131.6384548000_158.8161307000
289.2439312000_125.2667462000
181.7468839000_40.6267591000
282.7936592000_203.9996957000
19.7373793000_246.1821412000
12.9942227000_-24.4355967000
198.2935850000_310.0000000000
308.3740472000_93.2861126000
42.2103175000_48.2863743000
194.3645923000_121.8741313000
98.8102591000_72.6964564000
177.7133457000_282.8202998000
35.3251041000_143.5713008000
151.0480604000_10.1430193000
-17.0707414000_185.2887483000
-29.0737959000_276.8965733000
warning in stationary: failed to import cython module: falling back to numpy
warning in coregionalize: failed to import cython module: falling back to numpy
warning in choleskies: failed to import cython module: falling back to numpy
