134.0472462000_-19.7187963000_-37.3126256000_-50.0000000000
304.2582344000_-50.0000000000_169.2609469000_180.5419855000
54.4721308000_63.4832258000_201.4445315000_182.3168533000
51.3852905000_60.1802239000_33.9390412000_183.5050901000
194.5103487000_46.6747834000_83.4062672000_1.0636431000
31.6633907000_-50.0000000000_105.2472338000_-1.8582551000
171.0911189000_59.1405469000_194.2094624000_181.1728340000
294.2477407000_58.6861673000_82.8528704000_-24.0942309000
58.3704683000_-26.7336172000_50.9257083000_180.6746235000
164.9823189000_-20.6719304000_168.9049087000_198.4608788000
47.0250833000_70.0000000000_205.9329465000_270.2179429000
309.4559170000_52.2586082000_1.2264861000_6.6377191000
4.7732732000_39.7534043000_11.1927158000_-18.1243207000
191.4392200000_-45.0456771000_91.4278981000_-11.7157322000
197.5545711000_13.9716361000_49.8186205000_-16.4830781000
42.5170719000_49.6358383000_-50.0000000000_23.2233094000
302.5556061000_-19.2788414000_42.3792830000_-2.1349497000
298.7461611000_13.4748600000_39.1435269000_26.1481699000
63.8365257000_22.2130725000_124.8802400000_8.2798811000
244.4429732000_-43.1057345000_63.5778037000_-21.3656208000
221.7658027000_-50.0000000000_-35.4207777000_164.9878646000
289.8788683000_43.7986756000_310.0000000000_163.8925372000
47.4883081000_-23.8991622000_195.2218222000_-2.7992648000
-50.0000000000_22.7371891000_98.0042188000_183.2285942000
270.4070361000_-32.6026440000_-17.8634033000_9.0227292000
307.8618025000_35.5528690000_249.1852122000_193.7458601000
290.9198423000_-28.3610229000_278.8519519000_177.4029414000
261.5897052000_-32.9282661000_68.5374394000_179.6343597000
-49.0006192000_1.5105275000_184.8347872000_195.8538419000
84.0341938000_35.4452338000_50.3956697000_185.3438753000
-26.1304686000_-14.2121341000_73.8149710000_158.4641474000
47.0389268000_28.4780315000_17.3414969000_221.9265471000
204.8613688000_70.0000000000_123.4691802000_-50.0000000000
271.7534778000_61.9053313000_267.2968692000_182.4897848000
164.6307562000_46.2463822000_20.6604254000_166.0380699000
56.2385761000_49.7710454000_265.4911669000_182.1740041000
277.8075023000_43.2935181000_36.3120713000_189.2119520000
64.9698165000_37.5184918000_3.8321018000_150.6753449000
90.6756022000_-39.8754109000_77.8465916000_16.7249238000
161.8074658000_43.3415236000_145.7156516000_-2.6828528000
274.2523883000_-34.1786212000_42.4571111000_266.8274897000
223.7100532000_62.4920110000_101.2278279000_-8.0379591000
176.6170050000_-27.2761607000_24.0306169000_154.0519594000
46.6664962000_37.4042789000_170.9418081000_189.1921906000
-12.2513379000_-30.5209665000_153.3963425000_-29.2538637000
174.4642274000_-45.1447816000_-28.7177551000_191.3366402000
187.9950178000_41.3756646000_129.8168582000_191.5711263000
72.8666242000_-44.7945762000_127.2956190000_183.7618101000
72.6292168000_-34.3968230000_247.7276798000_186.2256680000
-17.7427535000_46.9743123000_238.7648997000_165.3465963000
-50.0000000000_70.0000000000_-6.0013374000_174.5372629000
75.4603396000_55.1387914000_-15.4889804000_182.9737036000
42.1409599000_-23.0739382000_238.7410628000_163.0892799000
-50.0000000000_40.1852059000_114.4907301000_211.1314749000
301.0885592000_45.7873290000_105.9255809000_162.1076225000
103.9545797000_66.1681878000_254.1449093000_164.4686143000
84.6455066000_-28.0699855000_257.3530684000_104.5103661000
136.6519501000_66.2932567000_41.1342921000_186.8055855000
51.6078656000_50.9440959000_176.3772588000_-4.4013931000
165.6156993000_41.4710015000_38.4231683000_25.6211589000
263.4063200000_56.2939766000_42.5416884000_.8279608000
229.1754764000_-41.2261716000_55.9034163000_12.0742175000
310.0000000000_-50.0000000000_285.4272828000_210.1474616000
242.8993333000_37.4756112000_64.8266626000_8.1702698000
180.9761653000_53.0900113000_267.1598585000_151.3206883000
217.3767476000_54.2638388000_9.6864537000_196.4735524000
305.9831916000_49.4353191000_251.9535780000_1.4713645000
269.4552735000_35.5106173000_234.0653426000_290.8997018000
140.1377119000_58.2203411000_253.2116675000_206.5077853000
68.4598961000_47.7146634000_219.9480797000_172.8239969000
250.9036703000_57.2487385000_14.9190104000_162.6949026000
3.0317876000_67.3162054000_229.9215574000_14.4522285000
36.5709668000_65.1295350000_242.9123175000_194.0869948000
271.4588226000_-45.2763376000_48.7229966000_6.0095320000
-.8009716000_14.2476257000_261.4248298000_-10.1135037000
44.8695034000_-47.7117794000_-23.4095268000_179.5267049000
192.9952984000_50.2974998000_185.2708923000_231.2244008000
50.2296551000_55.2385716000_137.2627660000_163.7932079000
257.7080014000_21.7649511000_310.0000000000_198.2067769000
177.7712243000_65.5697855000_76.9932097000_179.1446795000
57.6486460000_-50.0000000000_269.5193015000_172.6269467000
227.4343137000_59.6046772000_61.1214403000_-.1607602000
-29.4254345000_-50.0000000000_93.0339467000_184.8929150000
169.8463941000_.5776297000_236.7841513000_187.9508198000
245.9934252000_57.0393106000_46.3612504000_17.1624347000
203.9810847000_-50.0000000000_78.6662922000_8.5635568000
67.3491272000_70.0000000000_10.3426626000_169.0835222000
238.7640044000_64.2698977000_34.9512671000_1.2707101000
56.2992637000_65.9370318000_-.8784756000_71.6944062000
242.7927362000_-50.0000000000_264.7171088000_45.1750354000
12.0080765000_54.1682770000_1.4169106000_156.8083133000
44.8720107000_59.7327618000_131.7842617000_203.9609082000
-38.2508829000_64.8901884000_263.8697027000_176.4602056000
76.3002050000_51.5874767000_97.3765731000_178.5058077000
80.3404172000_59.8628809000_169.3030555000_178.1060517000
-50.0000000000_51.6890048000_49.4786329000_.1794488000
249.7070568000_59.8560772000_63.1232926000_1.0839592000
253.3479774000_-26.4375535000_30.0967769000_77.3688857000
55.6693733000_54.7363774000_309.9832388000_-38.5349618000
310.0000000000_-50.0000000000_199.4213785000_62.9527003000
warning in stationary: failed to import cython module: falling back to numpy
warning in coregionalize: failed to import cython module: falling back to numpy
warning in choleskies: failed to import cython module: falling back to numpy
