163.8103298000_-5.9564298000_-22.1310739000_293.3013921000
304.2584757000_59.4886300000_143.1773855000_182.7821456000
46.5633250000_63.7038717000_220.7098850000_184.2538580000
50.3816011000_59.7885934000_17.7659406000_184.9453573000
191.0482693000_63.1990382000_81.7698269000_-7.2009719000
173.1367758000_62.2521124000_190.2054756000_190.7619171000
59.8646975000_62.2750175000_125.8774850000_181.2021823000
-50.0000000000_67.5839345000_39.9908793000_1.5029461000
218.9021237000_70.0000000000_79.9352509000_-38.3979577000
53.5514701000_44.6448259000_298.8664481000_26.8390237000
69.4197516000_62.9881660000_236.1392760000_178.8024225000
162.1154501000_68.5629142000_6.1254212000_177.1166971000
50.7767770000_-24.9069694000_187.4462691000_-6.9755661000
168.0234025000_-32.7162901000_118.3476854000_-1.7479435000
194.2538114000_34.3116965000_31.4107129000_-.1375751000
190.9348746000_68.1809389000_198.2974014000_295.8725161000
37.0635448000_61.4363016000_174.9808906000_297.1918284000
299.3339424000_52.8784408000_273.1591754000_188.2968341000
256.7092647000_58.9988385000_-13.8243264000_169.7417040000
188.9704886000_65.3706510000_29.9277789000_146.7027923000
310.0000000000_66.5018142000_-5.6154444000_178.6650083000
291.7479294000_42.9783356000_-50.0000000000_142.7689524000
197.3694359000_36.9202238000_-8.8888156000_187.7343755000
66.3315030000_49.4636283000_5.2162611000_73.4286320000
48.4318116000_-50.0000000000_271.9370179000_176.2151905000
61.9451315000_49.8790185000_-2.0199887000_164.7600106000
268.0478700000_49.7921150000_-48.9720929000_192.5620045000
56.6181108000_62.5081078000_203.4916058000_169.6488038000
73.6679948000_-44.6838622000_70.5295011000_19.0133481000
82.8229996000_48.4122776000_200.2256871000_-4.6765745000
63.0050387000_59.2452973000_202.4895546000_186.6278805000
-46.5654617000_58.0996974000_222.9832526000_182.1702385000
276.2390039000_-49.0596052000_258.0974090000_177.5759771000
57.1874045000_-44.8536468000_228.8719862000_179.3643882000
152.5209605000_10.7410705000_31.4970245000_186.5792910000
-38.3146842000_-24.7711506000_105.3841197000_-26.2325642000
62.0038742000_56.9896137000_270.1594550000_191.6806334000
54.1328461000_52.2403276000_237.2354383000_176.6374303000
59.1577003000_70.0000000000_-17.0099675000_181.4821401000
-40.9840736000_-50.0000000000_30.6341628000_271.2692406000
160.0068304000_57.8124609000_245.6161341000_177.9117651000
191.5078170000_-50.0000000000_73.5268130000_9.7094171000
63.5454275000_55.0642524000_-40.6311286000_-30.0810190000
187.9720961000_-40.2286962000_305.8151956000_199.4883987000
44.3511663000_-50.0000000000_7.2995858000_167.7452169000
-33.3282782000_-50.0000000000_261.1903664000_172.9704978000
-50.0000000000_-43.3172658000_263.3211034000_199.5057521000
43.2932608000_55.0909677000_-11.5576995000_180.3294428000
70.4197455000_54.7882240000_-6.3156344000_197.1989645000
151.6157003000_-48.3720161000_197.7471900000_6.6371731000
283.1206277000_5.0485999000_7.1899481000_172.3177675000
68.9168973000_62.2218946000_81.6192711000_181.1884783000
212.6795289000_64.0895436000_75.1480432000_-3.4294509000
253.8777273000_52.9584638000_48.5424443000_11.8209303000
83.1845962000_-43.4869231000_256.4005613000_289.4300506000
281.8972881000_64.6958412000_2.7401959000_42.6544274000
232.4804777000_33.5248452000_69.3808762000_13.6291508000
248.3661986000_-35.4683625000_51.8718570000_6.9845769000
258.9132039000_59.1903490000_62.8292197000_-8.2296049000
239.7256623000_60.9682759000_53.1767855000_-2.6853497000
278.4315426000_-50.0000000000_215.6204183000_-23.0577750000
276.7584686000_42.6891207000_46.1185160000_2.2795106000
178.2226966000_62.5425046000_236.5700026000_75.0408349000
242.1157838000_63.2754974000_65.7316935000_1.8497159000
270.6875681000_65.6018764000_45.9443025000_1.5624100000
7.8834472000_53.2191454000_232.6590487000_8.9901670000
263.6670757000_14.0304849000_40.7079809000_58.9664033000
-2.6339157000_27.6385934000_248.0516694000_-32.9114066000
272.3144116000_50.6866331000_257.5897306000_256.1664351000
175.8193897000_55.4188080000_99.1849737000_184.0192460000
210.7941299000_-38.2277315000_240.5933814000_-1.4713312000
-50.0000000000_50.8937143000_87.3091569000_167.8387743000
-35.0055595000_60.2362927000_87.2076035000_192.9009955000
279.1297417000_55.9450908000_55.4273744000_178.8289580000
302.6503201000_-5.1312457000_251.1138215000_177.6356239000
36.3419943000_45.3294119000_16.2556384000_2.0638794000
-34.1042054000_45.0815263000_38.9106313000_169.3360298000
220.7278688000_48.7022469000_69.4752144000_-4.3812430000
272.0921654000_49.0385427000_12.6870413000_8.7111940000
216.6623826000_55.5598245000_63.8439937000_5.2028397000
86.7806674000_63.2649412000_291.9034930000_170.8576565000
303.6335656000_-22.6882215000_223.7309791000_33.1949907000
67.1638260000_-40.0650919000_241.3226157000_12.8113745000
292.7382521000_-28.3805007000_90.2350167000_183.4454113000
207.4602532000_52.7407486000_76.8437405000_.6063036000
215.1053640000_57.3379507000_67.2120322000_-2.5726961000
273.4385040000_32.4745276000_61.7406716000_-27.9850776000
84.9139553000_-50.0000000000_237.2978375000_90.7361429000
189.4941480000_42.2658877000_185.5089383000_158.9438155000
156.3351175000_-33.4557361000_212.0528542000_164.0999504000
176.0347520000_17.1352099000_-28.7212577000_155.9176685000
251.8738051000_48.6916485000_55.4950633000_-1.2731511000
120.4845796000_-46.0622661000_256.8546214000_201.4450010000
53.2571412000_57.6463499000_96.2182943000_158.6923827000
232.4477523000_53.1915481000_65.0664193000_-.4451281000
148.1718724000_-43.7673795000_58.3324969000_167.5775009000
180.1390014000_-42.4846615000_139.6160495000_169.8611501000
245.0736989000_46.6978556000_72.9517046000_-7.5506501000
235.5162287000_50.8066472000_58.9805459000_1.7425977000
271.0631662000_52.9293079000_48.4553889000_-5.6742556000
warning in stationary: failed to import cython module: falling back to numpy
warning in coregionalize: failed to import cython module: falling back to numpy
warning in choleskies: failed to import cython module: falling back to numpy
