
-----------------------------   Welcome to ....   ------------------------------
                      _______  _______ _______ _______ 
                     |   _   \|   _   |   _   |   _   |
                     |.  1   /|.  |   |   1___|   1___|
                     |.  _   \|.  |   |____   |____   |
                     |:  1    |:  1   |:  1   |:  1   |
                     |::.. .  |::.. . |::.. . |::.. . |
                     `-------'`-------`-------`-------'

                                 Version 0.9.15                                 
                              15-08-2020 00:38:54                               
--------------------------------------------------------------------------------

| Reading BOSS input file from: in_2D
| Initializing...

--------------------------------------------------------------------------------
                                   INPUT FILE                                   
--------------------------------------------------------------------------------
# input file for alanine 2D (d4-d13)

# optimization
userfn       userfn_2D.py
bounds       -50 310; -50 310
num_tasks    2
kernel       stdp
initpts      2 30
iterpts      50
verbosity    2
kappa_fixto  0 0
W_rank       2
W_prior      gaussian
W_priorparam 7.606 4.226
thetaprior gamma
thetapriorparam 2 0.019; 3.3678 9.0204; 3.3678 9.0204

RESULTS:
5.210759338669142E+01 2.442246017962331E+02 0 -2.029944905675768E+05 
9.114145913592888E+01 1.223377978477416E+02 0 -2.029961790075180E+05 
2.270820684194844E+02 7.159207056972640E+01 1 3.566290000000000E+01 
1.749889492178378E+02 1.227024142224827E+02 1 2.856670000000000E+01 
-5.196977902610658E+00 5.167459276253224E+01 1 3.599230000000000E+01 
1.895470207409251E+02 2.205206294337747E+02 1 2.795050000000000E+01 
2.516596165744968E+01 2.530701633153206E+02 1 3.156390000000000E+01 
1.172567002577935E+02 -4.380859419714703E+01 1 3.483130000000000E+01 
1.102407127495566E+02 1.998988563823263E+02 1 2.177410000000000E+01 
5.801485579626018E+01 1.695485050141177E+02 1 1.792360000000000E+01 
2.581621442102852E+02 2.240952185536658E+02 1 3.126890000000000E+01 
1.220084419810257E+02 8.404076847833919E+01 1 3.386400000000000E+01 
1.010004536071799E+02 1.287366833857974E+02 1 2.742540000000000E+01 
2.281762732202491E+00 1.893689945270946E+02 1 2.069580000000000E+01 
-3.417156627410206E+01 1.593961911805130E+02 1 2.233070000000000E+01 
-1.685562089209518E+01 1.362731349265849E+02 1 2.743330000000000E+01 
2.250664560429743E+02 2.049075094791658E+02 1 2.862420000000000E+01 
5.722299920619314E+01 1.806342699505050E+02 1 1.749440000000000E+01 
2.223945328641402E+02 2.453722229132902E+02 1 3.620520000000000E+01 
2.783861215189396E+02 -8.375323024256543E+00 1 1.851050000000000E+01 
2.837069884172678E+02 8.884277390894351E+01 1 3.642760000000000E+01 
2.248655548838125E+02 -4.028107469882207E+01 1 2.880610000000000E+01 
2.381801756337464E+01 7.385055792644789E+01 1 3.406790000000000E+01 
2.271049563665127E+01 -3.193732816309326E+01 1 3.297690000000000E+01 
1.263067742851625E+02 2.757126026414983E+02 1 3.654960000000000E+01 
-5.666653275261059E+00 2.281233367837391E+02 1 2.720220000000000E+01 
2.848561775558837E+02 9.016020614482455E+00 1 2.020050000000000E+01 
5.468363415649773E+01 1.789539733056988E+02 1 1.753350000000000E+01 
2.475122598947291E+02 -9.770752086655317E+00 1 2.044530000000000E+01 
6.859142018913278E+01 2.390882126770343E+02 1 2.729210000000000E+01 
1.946413155046574E+02 9.174907100443104E+01 1 3.321220000000000E+01 
1.617482626521567E+02 -3.365509699756145E+01 1 3.105220000000000E+01 
--------------------------------------------------------------------------------
                               SIMULATION OPTIONS                               
--------------------------------------------------------------------------------
|| File input/output 
ipfile         in_2D
userfn         userfn_2D.py
outfile        boss.out
rstfile        boss.rst

|| Key settings 
num_tasks         2
W_rank         2
bounds         -5.000E+01 3.100E+02;    -5.000E+01 3.100E+02
kerntype       stdp stdp
yrange         -5.000E+01 3.100E+02;    -5.000E+01 3.100E+02
noise          1.000E-12
initpts    2 30    iterpts   50
gm_tol         none
verbosity      2

|| Data acquisition 
acqfn                elcb
acqtol               1.000E-03

|| GP hyperparameters 
thetainit       1.000E+00 3.142E-01
thetabounds     none
thetaprior      gamma
thetapriorpar   2.000E+00 1.900E-02;    3.368E+00 9.020E+00;    3.368E+00 9.020E+00

|| Hyperparameter optimization
updatefreq   1  initupdate      True
updateoffset 0  updaterestarts  2


--------------------------------------------------------------------------------
                              INITIAL DATAPOINT 1                               
--------------------------------------------------------------------------------
| Data point added to dataset (x i y): 
  5.2107593387E+01  2.4422460180E+02  0.0000000000E+00      -2.0299449057E+05

| Total ensemble size: 1
| Next sampling location (x_next, i_next):
  9.1141459136E+01  1.2233779785E+02  0.0000000000E+00

Iteration time [s]:    0.001        Total time [s]:    0.038

--------------------------------------------------------------------------------
                              INITIAL DATAPOINT 2                               
--------------------------------------------------------------------------------
| Data point added to dataset (x i y): 
  9.1141459136E+01  1.2233779785E+02  0.0000000000E+00      -2.0299617901E+05

| Total ensemble size: 2
| Next sampling location (x_next, i_next):
  2.2708206842E+02  7.1592070570E+01  1.0000000000E+00

Iteration time [s]:    0.001        Total time [s]:    0.040

--------------------------------------------------------------------------------
                              INITIAL DATAPOINT 3                               
--------------------------------------------------------------------------------
| Data point added to dataset (x i y): 
  2.2708206842E+02  7.1592070570E+01  1.0000000000E+00       3.5662900000E+01

| Total ensemble size: 3
| Next sampling location (x_next, i_next):
  1.7498894922E+02  1.2270241422E+02  1.0000000000E+00

Iteration time [s]:    0.001        Total time [s]:    0.041

--------------------------------------------------------------------------------
                              INITIAL DATAPOINT 4                               
--------------------------------------------------------------------------------
| Data point added to dataset (x i y): 
  1.7498894922E+02  1.2270241422E+02  1.0000000000E+00       2.8566700000E+01

| Total ensemble size: 4
| Next sampling location (x_next, i_next):
 -5.1969779026E+00  5.1674592763E+01  1.0000000000E+00

Iteration time [s]:    0.001        Total time [s]:    0.042

--------------------------------------------------------------------------------
                              INITIAL DATAPOINT 5                               
--------------------------------------------------------------------------------
| Data point added to dataset (x i y): 
 -5.1969779026E+00  5.1674592763E+01  1.0000000000E+00       3.5992300000E+01

| Total ensemble size: 5
| Next sampling location (x_next, i_next):
  1.8954702074E+02  2.2052062943E+02  1.0000000000E+00

Iteration time [s]:    0.001        Total time [s]:    0.043

--------------------------------------------------------------------------------
                              INITIAL DATAPOINT 6                               
--------------------------------------------------------------------------------
| Data point added to dataset (x i y): 
  1.8954702074E+02  2.2052062943E+02  1.0000000000E+00       2.7950500000E+01

| Total ensemble size: 6
| Next sampling location (x_next, i_next):
  2.5165961657E+01  2.5307016332E+02  1.0000000000E+00

Iteration time [s]:    0.001        Total time [s]:    0.045

--------------------------------------------------------------------------------
                              INITIAL DATAPOINT 7                               
--------------------------------------------------------------------------------
| Data point added to dataset (x i y): 
  2.5165961657E+01  2.5307016332E+02  1.0000000000E+00       3.1563900000E+01

| Total ensemble size: 7
| Next sampling location (x_next, i_next):
  1.1725670026E+02 -4.3808594197E+01  1.0000000000E+00

Iteration time [s]:    0.001        Total time [s]:    0.046

--------------------------------------------------------------------------------
                              INITIAL DATAPOINT 8                               
--------------------------------------------------------------------------------
| Data point added to dataset (x i y): 
  1.1725670026E+02 -4.3808594197E+01  1.0000000000E+00       3.4831300000E+01

| Total ensemble size: 8
| Next sampling location (x_next, i_next):
  1.1024071275E+02  1.9989885638E+02  1.0000000000E+00

Iteration time [s]:    0.001        Total time [s]:    0.047

--------------------------------------------------------------------------------
                              INITIAL DATAPOINT 9                               
--------------------------------------------------------------------------------
| Data point added to dataset (x i y): 
  1.1024071275E+02  1.9989885638E+02  1.0000000000E+00       2.1774100000E+01

| Total ensemble size: 9
| Next sampling location (x_next, i_next):
  5.8014855796E+01  1.6954850501E+02  1.0000000000E+00

Iteration time [s]:    0.001        Total time [s]:    0.049

--------------------------------------------------------------------------------
                              INITIAL DATAPOINT 10                              
--------------------------------------------------------------------------------
| Data point added to dataset (x i y): 
  5.8014855796E+01  1.6954850501E+02  1.0000000000E+00       1.7923600000E+01

| Total ensemble size: 10
| Next sampling location (x_next, i_next):
  2.5816214421E+02  2.2409521855E+02  1.0000000000E+00

Iteration time [s]:    0.001        Total time [s]:    0.050

--------------------------------------------------------------------------------
                              INITIAL DATAPOINT 11                              
--------------------------------------------------------------------------------
| Data point added to dataset (x i y): 
  2.5816214421E+02  2.2409521855E+02  1.0000000000E+00       3.1268900000E+01

| Total ensemble size: 11
| Next sampling location (x_next, i_next):
  1.2200844198E+02  8.4040768478E+01  1.0000000000E+00

Iteration time [s]:    0.001        Total time [s]:    0.051

--------------------------------------------------------------------------------
                              INITIAL DATAPOINT 12                              
--------------------------------------------------------------------------------
| Data point added to dataset (x i y): 
  1.2200844198E+02  8.4040768478E+01  1.0000000000E+00       3.3864000000E+01

| Total ensemble size: 12
| Next sampling location (x_next, i_next):
  1.0100045361E+02  1.2873668339E+02  1.0000000000E+00

Iteration time [s]:    0.001        Total time [s]:    0.052

--------------------------------------------------------------------------------
                              INITIAL DATAPOINT 13                              
--------------------------------------------------------------------------------
| Data point added to dataset (x i y): 
  1.0100045361E+02  1.2873668339E+02  1.0000000000E+00       2.7425400000E+01

| Total ensemble size: 13
| Next sampling location (x_next, i_next):
  2.2817627322E+00  1.8936899453E+02  1.0000000000E+00

Iteration time [s]:    0.001        Total time [s]:    0.054

--------------------------------------------------------------------------------
                              INITIAL DATAPOINT 14                              
--------------------------------------------------------------------------------
| Data point added to dataset (x i y): 
  2.2817627322E+00  1.8936899453E+02  1.0000000000E+00       2.0695800000E+01

| Total ensemble size: 14
| Next sampling location (x_next, i_next):
 -3.4171566274E+01  1.5939619118E+02  1.0000000000E+00

Iteration time [s]:    0.001        Total time [s]:    0.055

--------------------------------------------------------------------------------
                              INITIAL DATAPOINT 15                              
--------------------------------------------------------------------------------
| Data point added to dataset (x i y): 
 -3.4171566274E+01  1.5939619118E+02  1.0000000000E+00       2.2330700000E+01

| Total ensemble size: 15
| Next sampling location (x_next, i_next):
 -1.6855620892E+01  1.3627313493E+02  1.0000000000E+00

Iteration time [s]:    0.001        Total time [s]:    0.057

--------------------------------------------------------------------------------
                              INITIAL DATAPOINT 16                              
--------------------------------------------------------------------------------
| Data point added to dataset (x i y): 
 -1.6855620892E+01  1.3627313493E+02  1.0000000000E+00       2.7433300000E+01

| Total ensemble size: 16
| Next sampling location (x_next, i_next):
  2.2506645604E+02  2.0490750948E+02  1.0000000000E+00

Iteration time [s]:    0.001        Total time [s]:    0.058

--------------------------------------------------------------------------------
                              INITIAL DATAPOINT 17                              
--------------------------------------------------------------------------------
| Data point added to dataset (x i y): 
  2.2506645604E+02  2.0490750948E+02  1.0000000000E+00       2.8624200000E+01

| Total ensemble size: 17
| Next sampling location (x_next, i_next):
  5.7222999206E+01  1.8063426995E+02  1.0000000000E+00

Iteration time [s]:    0.001        Total time [s]:    0.059

--------------------------------------------------------------------------------
                              INITIAL DATAPOINT 18                              
--------------------------------------------------------------------------------
| Data point added to dataset (x i y): 
  5.7222999206E+01  1.8063426995E+02  1.0000000000E+00       1.7494400000E+01

| Total ensemble size: 18
| Next sampling location (x_next, i_next):
  2.2239453286E+02  2.4537222291E+02  1.0000000000E+00

Iteration time [s]:    0.001        Total time [s]:    0.060

--------------------------------------------------------------------------------
                              INITIAL DATAPOINT 19                              
--------------------------------------------------------------------------------
| Data point added to dataset (x i y): 
  2.2239453286E+02  2.4537222291E+02  1.0000000000E+00       3.6205200000E+01

| Total ensemble size: 19
| Next sampling location (x_next, i_next):
  2.7838612152E+02 -8.3753230243E+00  1.0000000000E+00

Iteration time [s]:    0.001        Total time [s]:    0.062

--------------------------------------------------------------------------------
                              INITIAL DATAPOINT 20                              
--------------------------------------------------------------------------------
| Data point added to dataset (x i y): 
  2.7838612152E+02 -8.3753230243E+00  1.0000000000E+00       1.8510500000E+01

| Total ensemble size: 20
| Next sampling location (x_next, i_next):
  2.8370698842E+02  8.8842773909E+01  1.0000000000E+00

Iteration time [s]:    0.001        Total time [s]:    0.063

--------------------------------------------------------------------------------
                              INITIAL DATAPOINT 21                              
--------------------------------------------------------------------------------
| Data point added to dataset (x i y): 
  2.8370698842E+02  8.8842773909E+01  1.0000000000E+00       3.6427600000E+01

| Total ensemble size: 21
| Next sampling location (x_next, i_next):
  2.2486555488E+02 -4.0281074699E+01  1.0000000000E+00

Iteration time [s]:    0.001        Total time [s]:    0.064

--------------------------------------------------------------------------------
                              INITIAL DATAPOINT 22                              
--------------------------------------------------------------------------------
| Data point added to dataset (x i y): 
  2.2486555488E+02 -4.0281074699E+01  1.0000000000E+00       2.8806100000E+01

| Total ensemble size: 22
| Next sampling location (x_next, i_next):
  2.3818017563E+01  7.3850557926E+01  1.0000000000E+00

Iteration time [s]:    0.001        Total time [s]:    0.065

--------------------------------------------------------------------------------
                              INITIAL DATAPOINT 23                              
--------------------------------------------------------------------------------
| Data point added to dataset (x i y): 
  2.3818017563E+01  7.3850557926E+01  1.0000000000E+00       3.4067900000E+01

| Total ensemble size: 23
| Next sampling location (x_next, i_next):
  2.2710495637E+01 -3.1937328163E+01  1.0000000000E+00

Iteration time [s]:    0.001        Total time [s]:    0.067

--------------------------------------------------------------------------------
                              INITIAL DATAPOINT 24                              
--------------------------------------------------------------------------------
| Data point added to dataset (x i y): 
  2.2710495637E+01 -3.1937328163E+01  1.0000000000E+00       3.2976900000E+01

| Total ensemble size: 24
| Next sampling location (x_next, i_next):
  1.2630677429E+02  2.7571260264E+02  1.0000000000E+00

Iteration time [s]:    0.001        Total time [s]:    0.068

--------------------------------------------------------------------------------
                              INITIAL DATAPOINT 25                              
--------------------------------------------------------------------------------
| Data point added to dataset (x i y): 
  1.2630677429E+02  2.7571260264E+02  1.0000000000E+00       3.6549600000E+01

| Total ensemble size: 25
| Next sampling location (x_next, i_next):
 -5.6666532753E+00  2.2812333678E+02  1.0000000000E+00

Iteration time [s]:    0.001        Total time [s]:    0.069

--------------------------------------------------------------------------------
                              INITIAL DATAPOINT 26                              
--------------------------------------------------------------------------------
| Data point added to dataset (x i y): 
 -5.6666532753E+00  2.2812333678E+02  1.0000000000E+00       2.7202200000E+01

| Total ensemble size: 26
| Next sampling location (x_next, i_next):
  2.8485617756E+02  9.0160206145E+00  1.0000000000E+00

Iteration time [s]:    0.001        Total time [s]:    0.070

--------------------------------------------------------------------------------
                              INITIAL DATAPOINT 27                              
--------------------------------------------------------------------------------
| Data point added to dataset (x i y): 
  2.8485617756E+02  9.0160206145E+00  1.0000000000E+00       2.0200500000E+01

| Total ensemble size: 27
| Next sampling location (x_next, i_next):
  5.4683634156E+01  1.7895397331E+02  1.0000000000E+00

Iteration time [s]:    0.001        Total time [s]:    0.071

--------------------------------------------------------------------------------
                              INITIAL DATAPOINT 28                              
--------------------------------------------------------------------------------
| Data point added to dataset (x i y): 
  5.4683634156E+01  1.7895397331E+02  1.0000000000E+00       1.7533500000E+01

| Total ensemble size: 28
| Next sampling location (x_next, i_next):
  2.4751225989E+02 -9.7707520867E+00  1.0000000000E+00

Iteration time [s]:    0.001        Total time [s]:    0.073

--------------------------------------------------------------------------------
                              INITIAL DATAPOINT 29                              
--------------------------------------------------------------------------------
| Data point added to dataset (x i y): 
  2.4751225989E+02 -9.7707520867E+00  1.0000000000E+00       2.0445300000E+01

| Total ensemble size: 29
| Next sampling location (x_next, i_next):
  6.8591420189E+01  2.3908821268E+02  1.0000000000E+00

Iteration time [s]:    0.001        Total time [s]:    0.074

--------------------------------------------------------------------------------
                              INITIAL DATAPOINT 30                              
--------------------------------------------------------------------------------
| Data point added to dataset (x i y): 
  6.8591420189E+01  2.3908821268E+02  1.0000000000E+00       2.7292100000E+01

| Total ensemble size: 30
| Next sampling location (x_next, i_next):
  1.9464131550E+02  9.1749071004E+01  1.0000000000E+00

Iteration time [s]:    0.001        Total time [s]:    0.075

--------------------------------------------------------------------------------
                              INITIAL DATAPOINT 31                              
--------------------------------------------------------------------------------
| Data point added to dataset (x i y): 
  1.9464131550E+02  9.1749071004E+01  1.0000000000E+00       3.3212200000E+01

| Total ensemble size: 31
| Next sampling location (x_next, i_next):
  1.6174826265E+02 -3.3655096998E+01  1.0000000000E+00

Iteration time [s]:    0.001        Total time [s]:    0.077

--------------------------------------------------------------------------------
                              INITIAL DATAPOINT 32                              
--------------------------------------------------------------------------------
| Data point added to dataset (x i y): 
  1.6174826265E+02 -3.3655096998E+01  1.0000000000E+00       3.1052200000E+01

| Total ensemble size: 32
| Best acquisition, x_best i_best y_best:
  9.1141459136E+01  1.2233779785E+02  0.0000000000E+00      -2.0299617901E+05
| Global minimum prediction, x_hat mu_hat +- nu_hat:
  5.9039667013E+01  1.8085797667E+02  0.0000000000E+00      -2.0300961991E+05  5.1414874610E-05

| GP model hyperparameters (lengthscales W kappa):
  6.7601798865E-01  5.7670678743E-01  7.3586457984E+00  7.3586453162E+00  5.4817755702E+00  5.4817749172E+00  0.0000000000E+00  0.0000000000E+00
| Next sampling location (x_next, i_next):
  3.0213940037E+02 -1.3333051257E+01  0.0000000000E+00

Iteration time [s]:    1.132        Total time [s]:    1.209

--------------------------------------------------------------------------------
                                 BO ITERATION 1                                 
--------------------------------------------------------------------------------
| Evaluating objective function at 3.021E+02 -1.333E+01 0.000E+00
| Objective function evaluated, time [s]       25.675
| Data point added to dataset (x i y): 
  3.0213940037E+02 -1.3333051257E+01  0.0000000000E+00      -2.0300631600E+05

| Total ensemble size: 33
| Best acquisition, x_best i_best y_best:
  3.0213940037E+02 -1.3333051257E+01  0.0000000000E+00      -2.0300631600E+05
| Global minimum prediction, x_hat mu_hat +- nu_hat:
  2.7518917566E+02 -6.6513154763E+00  0.0000000000E+00      -2.0300882127E+05  1.6787829746E+00
| Global minimum convergence, d_xhat d_muhat:
  2.8614741783E+02  4.1911694258E-02

| GP model hyperparameters (lengthscales W kappa):
  6.7397239168E-01  5.8494266644E-01  7.5764072770E+00  5.8607822988E+00  4.7695290573E+00  6.4849734139E+00  0.0000000000E+00  0.0000000000E+00
| Next sampling location (x_next, i_next):
 -5.0000000000E+01  1.8213298452E+02  0.0000000000E+00

Iteration time [s]:   26.649        Total time [s]:   27.859

--------------------------------------------------------------------------------
                                 BO ITERATION 2                                 
--------------------------------------------------------------------------------
| Evaluating objective function at -5.000E+01 1.821E+02 0.000E+00
| Objective function evaluated, time [s]       23.125
| Data point added to dataset (x i y): 
 -5.0000000000E+01  1.8213298452E+02  0.0000000000E+00      -2.0300852598E+05

| Total ensemble size: 34
| Best acquisition, x_best i_best y_best:
 -5.0000000000E+01  1.8213298452E+02  0.0000000000E+00      -2.0300852598E+05
| Global minimum prediction, x_hat mu_hat +- nu_hat:
  2.7337493821E+02 -6.2130964027E+00  0.0000000000E+00      -2.0300922486E+05  3.0297716620E+00
| Global minimum convergence, d_xhat d_muhat:
  1.8664119262E+00  2.1179740775E-02

| GP model hyperparameters (lengthscales W kappa):
  6.7505293487E-01  5.9827941297E-01  5.9291780085E+00  8.4188415573E+00  6.8874805551E+00  4.3984263034E+00  0.0000000000E+00  0.0000000000E+00
| Next sampling location (x_next, i_next):
  1.7274424348E+02  1.8036492343E+02  0.0000000000E+00

Iteration time [s]:   24.048        Total time [s]:   51.908

--------------------------------------------------------------------------------
                                 BO ITERATION 3                                 
--------------------------------------------------------------------------------
| Evaluating objective function at 1.727E+02 1.804E+02 0.000E+00
| Objective function evaluated, time [s]       21.751
| Data point added to dataset (x i y): 
  1.7274424348E+02  1.8036492343E+02  0.0000000000E+00      -2.0300801297E+05

| Total ensemble size: 35
| Best acquisition, x_best i_best y_best:
 -5.0000000000E+01  1.8213298452E+02  0.0000000000E+00      -2.0300852598E+05
| Global minimum prediction, x_hat mu_hat +- nu_hat:
  2.7181254412E+02 -6.1106865953E+00  0.0000000000E+00      -2.0300950748E+05  3.6731189683E+00
| Global minimum convergence, d_xhat d_muhat:
  1.5657468070E+00  1.4831968080E-02

| GP model hyperparameters (lengthscales W kappa):
  6.8182258038E-01  6.2106473861E-01  6.0752273253E+00  8.8495504545E+00  7.1953600007E+00  4.4216684160E+00  0.0000000000E+00  0.0000000000E+00
| Next sampling location (x_next, i_next):
  1.9198877381E+02  9.7537945707E+00  0.0000000000E+00

Iteration time [s]:   22.663        Total time [s]:   74.571

--------------------------------------------------------------------------------
                                 BO ITERATION 4                                 
--------------------------------------------------------------------------------
| Evaluating objective function at 1.920E+02 9.754E+00 0.000E+00
| Objective function evaluated, time [s]       23.078
| Data point added to dataset (x i y): 
  1.9198877381E+02  9.7537945707E+00  0.0000000000E+00      -2.0300942450E+05

| Total ensemble size: 36
| Best acquisition, x_best i_best y_best:
  1.9198877381E+02  9.7537945707E+00  0.0000000000E+00      -2.0300942450E+05
| Global minimum prediction, x_hat mu_hat +- nu_hat:
  2.5795895260E+02 -3.2806599362E+00  0.0000000000E+00      -2.0301095471E+05  5.4415077675E+00
| Global minimum convergence, d_xhat d_muhat:
  1.4139697626E+01  7.2472365822E-02

| GP model hyperparameters (lengthscales W kappa):
  6.7470427235E-01  6.2480719627E-01  5.5037232665E+00  8.8490224257E+00  7.4266603843E+00  4.0814974974E+00  0.0000000000E+00  0.0000000000E+00
| Next sampling location (x_next, i_next):
  4.0298302346E+01  1.7591169733E+02  0.0000000000E+00

Iteration time [s]:   24.191        Total time [s]:   98.764

--------------------------------------------------------------------------------
                                 BO ITERATION 5                                 
--------------------------------------------------------------------------------
| Evaluating objective function at 4.030E+01 1.759E+02 0.000E+00
| Objective function evaluated, time [s]       23.056
| Data point added to dataset (x i y): 
  4.0298302346E+01  1.7591169733E+02  0.0000000000E+00      -2.0300915561E+05

| Total ensemble size: 37
| Best acquisition, x_best i_best y_best:
  1.9198877381E+02  9.7537945707E+00  0.0000000000E+00      -2.0300942450E+05
| Global minimum prediction, x_hat mu_hat +- nu_hat:
  2.5993720713E+02 -3.5658983707E+00  0.0000000000E+00      -2.0301134914E+05  5.6343139097E+00
| Global minimum convergence, d_xhat d_muhat:
  1.9987125720E+00  1.9026289571E-02

| GP model hyperparameters (lengthscales W kappa):
  6.8230603056E-01  6.3504892111E-01  6.5345910829E+00  9.7082315900E+00  7.4302041552E+00  4.2559956331E+00  0.0000000000E+00  0.0000000000E+00
| Next sampling location (x_next, i_next):
  2.5349969736E+02 -1.9909793336E+00  0.0000000000E+00

Iteration time [s]:   24.134        Total time [s]:  122.899

--------------------------------------------------------------------------------
                                 BO ITERATION 6                                 
--------------------------------------------------------------------------------
| Evaluating objective function at 2.535E+02 -1.991E+00 0.000E+00
| Objective function evaluated, time [s]       23.210
| Data point added to dataset (x i y): 
  2.5349969736E+02 -1.9909793336E+00  0.0000000000E+00      -2.0301211582E+05

| Total ensemble size: 38
| Best acquisition, x_best i_best y_best:
  2.5349969736E+02 -1.9909793336E+00  0.0000000000E+00      -2.0301211582E+05
| Global minimum prediction, x_hat mu_hat +- nu_hat:
  2.5810136360E+02 -3.2494727939E+00  0.0000000000E+00      -2.0301216029E+05  2.3415655475E-02
| Global minimum convergence, d_xhat d_muhat:
  1.8629134685E+00  3.7428646730E-02

| GP model hyperparameters (lengthscales W kappa):
  6.9781103361E-01  6.5433765679E-01  6.6940001200E+00  9.9869563806E+00  7.6854556928E+00  4.3959749100E+00  0.0000000000E+00  0.0000000000E+00
| Next sampling location (x_next, i_next):
  2.5451631688E+02  1.5566287714E+02  0.0000000000E+00

Iteration time [s]:   24.310        Total time [s]:  147.211

--------------------------------------------------------------------------------
                                 BO ITERATION 7                                 
--------------------------------------------------------------------------------
| Evaluating objective function at 2.545E+02 1.557E+02 0.000E+00
| Objective function evaluated, time [s]       21.738
| Data point added to dataset (x i y): 
  2.5451631688E+02  1.5566287714E+02  0.0000000000E+00      -2.0300388686E+05

| Total ensemble size: 39
| Best acquisition, x_best i_best y_best:
  2.5349969736E+02 -1.9909793336E+00  0.0000000000E+00      -2.0301211582E+05
| Global minimum prediction, x_hat mu_hat +- nu_hat:
  2.5760285713E+02 -2.9690578947E+00  0.0000000000E+00      -2.0301214900E+05  1.6603940786E-02
| Global minimum convergence, d_xhat d_muhat:
  5.7196260669E-01  5.2576617013E-04

| GP model hyperparameters (lengthscales W kappa):
  7.0573047081E-01  6.5872173147E-01  6.5480221559E+00  9.7900477084E+00  7.7359092587E+00  4.4941138408E+00  0.0000000000E+00  0.0000000000E+00
| Next sampling location (x_next, i_next):
  2.1669762439E+02 -1.5501669904E+01  0.0000000000E+00

Iteration time [s]:   22.943        Total time [s]:  170.155

--------------------------------------------------------------------------------
                                 BO ITERATION 8                                 
--------------------------------------------------------------------------------
| Evaluating objective function at 2.167E+02 -1.550E+01 0.000E+00
| Objective function evaluated, time [s]       23.190
| Data point added to dataset (x i y): 
  2.1669762439E+02 -1.5501669904E+01  0.0000000000E+00      -2.0300822672E+05

| Total ensemble size: 40
| Best acquisition, x_best i_best y_best:
  2.5349969736E+02 -1.9909793336E+00  0.0000000000E+00      -2.0301211582E+05
| Global minimum prediction, x_hat mu_hat +- nu_hat:
  2.6031255965E+02 -1.7761489960E+00  0.0000000000E+00      -2.0301222063E+05  2.2575551661E-02
| Global minimum convergence, d_xhat d_muhat:
  2.9606619861E+00  3.2890835274E-03

| GP model hyperparameters (lengthscales W kappa):
  7.1548899073E-01  6.8457484838E-01  7.0032965520E+00  1.0133178332E+01  7.9467070240E+00  4.8166743153E+00  0.0000000000E+00  0.0000000000E+00
| Next sampling location (x_next, i_next):
  7.5300078289E+01  1.6358510126E+01  0.0000000000E+00

Iteration time [s]:   24.439        Total time [s]:  194.595

--------------------------------------------------------------------------------
                                 BO ITERATION 9                                 
--------------------------------------------------------------------------------
| Evaluating objective function at 7.530E+01 1.636E+01 0.000E+00
| Objective function evaluated, time [s]       23.150
| Data point added to dataset (x i y): 
  7.5300078289E+01  1.6358510126E+01  0.0000000000E+00      -2.0299928134E+05

| Total ensemble size: 41
| Best acquisition, x_best i_best y_best:
  2.5349969736E+02 -1.9909793336E+00  0.0000000000E+00      -2.0301211582E+05
| Global minimum prediction, x_hat mu_hat +- nu_hat:
  2.6091435009E+02 -2.1104371122E+00  0.0000000000E+00      -2.0301224072E+05  2.5464968655E-02
| Global minimum convergence, d_xhat d_muhat:
  6.8840415555E-01  9.4768923963E-04

| GP model hyperparameters (lengthscales W kappa):
  7.1376758951E-01  6.8272844295E-01  6.9973381160E+00  9.9612008331E+00  7.8378631289E+00  4.8740217494E+00  0.0000000000E+00  0.0000000000E+00
| Next sampling location (x_next, i_next):
  8.4754301189E+01  1.8629869170E+02  0.0000000000E+00

Iteration time [s]:   24.418        Total time [s]:  219.013

--------------------------------------------------------------------------------
                                BO ITERATION 10                                 
--------------------------------------------------------------------------------
| Evaluating objective function at 8.475E+01 1.863E+02 0.000E+00
| Objective function evaluated, time [s]       23.027
| Data point added to dataset (x i y): 
  8.4754301189E+01  1.8629869170E+02  0.0000000000E+00      -2.0300883642E+05

| Total ensemble size: 42
| Best acquisition, x_best i_best y_best:
  2.5349969736E+02 -1.9909793336E+00  0.0000000000E+00      -2.0301211582E+05
| Global minimum prediction, x_hat mu_hat +- nu_hat:
  2.6140706499E+02 -2.4662228851E+00  0.0000000000E+00      -2.0301225702E+05  2.8912419886E-02
| Global minimum convergence, d_xhat d_muhat:
  6.0774294526E-01  7.5780677056E-04

| GP model hyperparameters (lengthscales W kappa):
  7.2610312982E-01  6.8236269089E-01  7.3839924779E+00  1.0270007957E+01  7.8639396607E+00  4.9780351895E+00  0.0000000000E+00  0.0000000000E+00
| Next sampling location (x_next, i_next):
  1.5294797128E+02  5.1449191444E+00  0.0000000000E+00

Iteration time [s]:   24.374        Total time [s]:  243.388

--------------------------------------------------------------------------------
                                BO ITERATION 11                                 
--------------------------------------------------------------------------------
| Evaluating objective function at 1.529E+02 5.145E+00 0.000E+00
| Objective function evaluated, time [s]       23.222
| Data point added to dataset (x i y): 
  1.5294797128E+02  5.1449191444E+00  0.0000000000E+00      -2.0299872887E+05

| Total ensemble size: 43
| Best acquisition, x_best i_best y_best:
  2.5349969736E+02 -1.9909793336E+00  0.0000000000E+00      -2.0301211582E+05
| Global minimum prediction, x_hat mu_hat +- nu_hat:
  2.5710656711E+02  3.9011732835E-01  0.0000000000E+00      -2.0301219432E+05  1.7517953096E-02
| Global minimum convergence, d_xhat d_muhat:
  5.1626506195E+00  2.9853314513E-03

| GP model hyperparameters (lengthscales W kappa):
  6.5499784953E-01  6.6672165295E-01  1.0515574600E+01  7.5111562454E+00  4.6047794225E+00  7.6110743009E+00  0.0000000000E+00  0.0000000000E+00
| Next sampling location (x_next, i_next):
  2.2834370252E+02  1.2932291900E+01  0.0000000000E+00

Iteration time [s]:   24.779        Total time [s]:  268.171

--------------------------------------------------------------------------------
                                BO ITERATION 12                                 
--------------------------------------------------------------------------------
| Evaluating objective function at 2.283E+02 1.293E+01 0.000E+00
| Objective function evaluated, time [s]       23.944
| Data point added to dataset (x i y): 
  2.2834370252E+02  1.2932291900E+01  0.0000000000E+00      -2.0301137365E+05

| Total ensemble size: 44
| Best acquisition, x_best i_best y_best:
  2.5349969736E+02 -1.9909793336E+00  0.0000000000E+00      -2.0301211582E+05
| Global minimum prediction, x_hat mu_hat +- nu_hat:
  2.5790648208E+02  4.6538230004E-02  0.0000000000E+00      -2.0301219376E+05  1.6788178514E-02
| Global minimum convergence, d_xhat d_muhat:
  8.7058058099E-01  2.6072507779E-05

| GP model hyperparameters (lengthscales W kappa):
  6.7074125356E-01  6.8825749482E-01  7.7827801316E+00  1.0823335428E+01  7.8622713543E+00  4.8221922142E+00  0.0000000000E+00  0.0000000000E+00
| Next sampling location (x_next, i_next):
  2.7139670126E+02  8.6718163146E+00  0.0000000000E+00

Iteration time [s]:   25.373        Total time [s]:  293.545

--------------------------------------------------------------------------------
                                BO ITERATION 13                                 
--------------------------------------------------------------------------------
| Evaluating objective function at 2.714E+02 8.672E+00 0.000E+00
| Objective function evaluated, time [s]       23.277
| Data point added to dataset (x i y): 
  2.7139670126E+02  8.6718163146E+00  0.0000000000E+00      -2.0300895881E+05

| Total ensemble size: 45
| Best acquisition, x_best i_best y_best:
  2.5349969736E+02 -1.9909793336E+00  0.0000000000E+00      -2.0301211582E+05
| Global minimum prediction, x_hat mu_hat +- nu_hat:
  2.4324769938E+02 -1.2771178653E+00  0.0000000000E+00      -2.0301223203E+05  1.2274429777E-02
| Global minimum convergence, d_xhat d_muhat:
  1.4718423000E+01  1.7629995777E-03

| GP model hyperparameters (lengthscales W kappa):
  6.4622220942E-01  6.2093893241E-01  1.1039820943E+01  7.4933365707E+00  3.6439827799E+00  7.1903512177E+00  0.0000000000E+00  0.0000000000E+00
| Next sampling location (x_next, i_next):
  2.8650947907E+02  3.0393163626E+02  0.0000000000E+00

Iteration time [s]:   24.573        Total time [s]:  318.118

--------------------------------------------------------------------------------
                                BO ITERATION 14                                 
--------------------------------------------------------------------------------
| Evaluating objective function at 2.865E+02 3.039E+02 0.000E+00
| Objective function evaluated, time [s]       23.140
| Data point added to dataset (x i y): 
  2.8650947907E+02  3.0393163626E+02  0.0000000000E+00      -2.0299846917E+05

| Total ensemble size: 46
| Best acquisition, x_best i_best y_best:
  2.5349969736E+02 -1.9909793336E+00  0.0000000000E+00      -2.0301211582E+05
| Global minimum prediction, x_hat mu_hat +- nu_hat:
  2.4019304979E+02 -2.8462756833E-01  0.0000000000E+00      -2.0301226576E+05  1.4089671952E-02
| Global minimum convergence, d_xhat d_muhat:
  3.2118407623E+00  1.5858887614E-03

| GP model hyperparameters (lengthscales W kappa):
  6.5169406030E-01  6.2526062387E-01  1.1105337361E+01  7.6730913600E+00  3.7262900250E+00  7.1591567590E+00  0.0000000000E+00  0.0000000000E+00
| Next sampling location (x_next, i_next):
  1.9486742958E+02  1.4766768840E+02  0.0000000000E+00

Iteration time [s]:   24.565        Total time [s]:  342.684

--------------------------------------------------------------------------------
                                BO ITERATION 15                                 
--------------------------------------------------------------------------------
| Evaluating objective function at 1.949E+02 1.477E+02 0.000E+00
| Objective function evaluated, time [s]       21.788
| Data point added to dataset (x i y): 
  1.9486742958E+02  1.4766768840E+02  0.0000000000E+00      -2.0300252107E+05

| Total ensemble size: 47
| Best acquisition, x_best i_best y_best:
  2.5349969736E+02 -1.9909793336E+00  0.0000000000E+00      -2.0301211582E+05
| Global minimum prediction, x_hat mu_hat +- nu_hat:
  2.3990932962E+02 -1.1619568671E-01  0.0000000000E+00      -2.0301227412E+05  1.4966002815E-02
| Global minimum convergence, d_xhat d_muhat:
  3.2994913805E-01  3.9555439471E-04

| GP model hyperparameters (lengthscales W kappa):
  6.4468690516E-01  6.1436803498E-01  1.0870851164E+01  7.5281404647E+00  3.7169735599E+00  7.0610621576E+00  0.0000000000E+00  0.0000000000E+00
| Next sampling location (x_next, i_next):
  2.1065438736E+02  1.9536224675E+02  0.0000000000E+00

Iteration time [s]:   23.266        Total time [s]:  365.951

--------------------------------------------------------------------------------
                                BO ITERATION 16                                 
--------------------------------------------------------------------------------
| Evaluating objective function at 2.107E+02 1.954E+02 0.000E+00
| Objective function evaluated, time [s]       21.958
| Data point added to dataset (x i y): 
  2.1065438736E+02  1.9536224675E+02  0.0000000000E+00      -2.0300595443E+05

| Total ensemble size: 48
| Best acquisition, x_best i_best y_best:
  2.5349969736E+02 -1.9909793336E+00  0.0000000000E+00      -2.0301211582E+05
| Global minimum prediction, x_hat mu_hat +- nu_hat:
  2.4046644308E+02 -3.3020992168E-01  0.0000000000E+00      -2.0301226901E+05  1.3770300540E-02
| Global minimum convergence, d_xhat d_muhat:
  5.9680608080E-01  2.4128193120E-04

| GP model hyperparameters (lengthscales W kappa):
  6.5063117274E-01  6.1634692305E-01  1.0862813756E+01  7.4015900736E+00  3.6571971985E+00  7.1181902419E+00  0.0000000000E+00  0.0000000000E+00
| Next sampling location (x_next, i_next):
  2.7729956883E+02  1.8986952697E+02  0.0000000000E+00

Iteration time [s]:   23.431        Total time [s]:  389.389

--------------------------------------------------------------------------------
                                BO ITERATION 17                                 
--------------------------------------------------------------------------------
| Evaluating objective function at 2.773E+02 1.899E+02 0.000E+00
| Objective function evaluated, time [s]       22.089
| Data point added to dataset (x i y): 
  2.7729956883E+02  1.8986952697E+02  0.0000000000E+00      -2.0300735223E+05

| Total ensemble size: 49
| Best acquisition, x_best i_best y_best:
  2.5349969736E+02 -1.9909793336E+00  0.0000000000E+00      -2.0301211582E+05
| Global minimum prediction, x_hat mu_hat +- nu_hat:
  2.4037645992E+02 -3.1191459459E-01  0.0000000000E+00      -2.0301227233E+05  1.3420073188E-02
| Global minimum convergence, d_xhat d_muhat:
  9.1824223015E-02  1.5578196610E-04

| GP model hyperparameters (lengthscales W kappa):
  6.5443863090E-01  6.1774623779E-01  1.0838460850E+01  7.4024025894E+00  3.6900766714E+00  7.1301832891E+00  0.0000000000E+00  0.0000000000E+00
| Next sampling location (x_next, i_next):
  2.2696351219E+02  2.0583772319E+00  0.0000000000E+00

Iteration time [s]:   23.538        Total time [s]:  412.928

--------------------------------------------------------------------------------
                                BO ITERATION 18                                 
--------------------------------------------------------------------------------
| Evaluating objective function at 2.270E+02 2.058E+00 0.000E+00
| Objective function evaluated, time [s]       24.185
| Data point added to dataset (x i y): 
  2.2696351219E+02  2.0583772319E+00  0.0000000000E+00      -2.0301223811E+05

| Total ensemble size: 50
| Best acquisition, x_best i_best y_best:
  2.2696351219E+02  2.0583772319E+00  0.0000000000E+00      -2.0301223811E+05
| Global minimum prediction, x_hat mu_hat +- nu_hat:
  2.3712285550E+02  5.4488375938E-01  0.0000000000E+00      -2.0301232345E+05  2.9309779755E-03
| Global minimum convergence, d_xhat d_muhat:
  3.3645274790E+00  2.3619053197E-03

| GP model hyperparameters (lengthscales W kappa):
  6.6841789231E-01  6.3585756284E-01  1.1233212500E+01  7.7506033506E+00  3.8265597540E+00  7.3084206131E+00  0.0000000000E+00  0.0000000000E+00
| Next sampling location (x_next, i_next):
  2.3966436051E+02  2.7623416250E-01  0.0000000000E+00

Iteration time [s]:   25.736        Total time [s]:  438.665

--------------------------------------------------------------------------------
                                BO ITERATION 19                                 
--------------------------------------------------------------------------------
| Evaluating objective function at 2.397E+02 2.762E-01 0.000E+00
| Objective function evaluated, time [s]       23.168
| Data point added to dataset (x i y): 
  2.3966436051E+02  2.7623416250E-01  0.0000000000E+00      -2.0301236890E+05

| Total ensemble size: 51
| Best acquisition, x_best i_best y_best:
  2.3966436051E+02  2.7623416250E-01  0.0000000000E+00      -2.0301236890E+05
| Global minimum prediction, x_hat mu_hat +- nu_hat:
  2.3836604708E+02  2.4111866543E-01  0.0000000000E+00      -2.0301237164E+05  1.1590579225E-05
| Global minimum convergence, d_xhat d_muhat:
  1.2797650318E+00  2.1928942476E-03

| GP model hyperparameters (lengthscales W kappa):
  6.7077525943E-01  6.4542040481E-01  1.1286947303E+01  7.6982695194E+00  3.8309771085E+00  7.4197060227E+00  0.0000000000E+00  0.0000000000E+00
| Next sampling location (x_next, i_next):
  2.4342529051E+02 -4.7436394226E+00  0.0000000000E+00

Iteration time [s]:   24.865        Total time [s]:  463.530

--------------------------------------------------------------------------------
                                BO ITERATION 20                                 
--------------------------------------------------------------------------------
| Evaluating objective function at 2.434E+02 -4.744E+00 0.000E+00
| Objective function evaluated, time [s]       23.190
| Data point added to dataset (x i y): 
  2.4342529051E+02 -4.7436394226E+00  0.0000000000E+00      -2.0301219344E+05

| Total ensemble size: 52
| Best acquisition, x_best i_best y_best:
  2.3966436051E+02  2.7623416250E-01  0.0000000000E+00      -2.0301236890E+05
| Global minimum prediction, x_hat mu_hat +- nu_hat:
  2.3820911374E+02  5.6011452766E-01  0.0000000000E+00      -2.0301237097E+05  8.4127069568E-07
| Global minimum convergence, d_xhat d_muhat:
  3.5550869786E-01  2.9850618074E-05

| GP model hyperparameters (lengthscales W kappa):
  6.7901264213E-01  6.5314352718E-01  1.1478843215E+01  7.8890554090E+00  3.9054556122E+00  7.4953640949E+00  0.0000000000E+00  0.0000000000E+00
| Next sampling location (x_next, i_next):
  2.3719244264E+02  6.7253561917E-01  0.0000000000E+00

Iteration time [s]:   25.029        Total time [s]:  488.560

--------------------------------------------------------------------------------
                                BO ITERATION 21                                 
--------------------------------------------------------------------------------
| Evaluating objective function at 2.372E+02 6.725E-01 0.000E+00
| Objective function evaluated, time [s]       23.148
| Data point added to dataset (x i y): 
  2.3719244264E+02  6.7253561917E-01  0.0000000000E+00      -2.0301237336E+05

| Total ensemble size: 53
| Best acquisition, x_best i_best y_best:
  2.3719244264E+02  6.7253561917E-01  0.0000000000E+00      -2.0301237336E+05
| Global minimum prediction, x_hat mu_hat +- nu_hat:
  2.3757359567E+02  6.4090753453E-01  0.0000000000E+00      -2.0301237353E+05  9.6851006325E-09
| Global minimum convergence, d_xhat d_muhat:
  6.4063306369E-01  1.1346094142E-04

| GP model hyperparameters (lengthscales W kappa):
  6.5536802857E-01  6.4796946617E-01  1.1719261458E+01  8.3174097185E+00  3.9771563429E+00  7.3791452581E+00  0.0000000000E+00  0.0000000000E+00
| Next sampling location (x_next, i_next):
  1.5892078236E+02  2.1036333492E+02  0.0000000000E+00

Iteration time [s]:   25.065        Total time [s]:  513.626

--------------------------------------------------------------------------------
                                BO ITERATION 22                                 
--------------------------------------------------------------------------------
| Evaluating objective function at 1.589E+02 2.104E+02 0.000E+00
| Objective function evaluated, time [s]       21.860
| Acquisition location too confident, doing pure exploration
| Data point added to dataset (x i y): 
  1.5892078236E+02  2.1036333492E+02  0.0000000000E+00      -2.0300340459E+05

| Total ensemble size: 54
| Best acquisition, x_best i_best y_best:
  2.3719244264E+02  6.7253561917E-01  0.0000000000E+00      -2.0301237336E+05
| Global minimum prediction, x_hat mu_hat +- nu_hat:
  2.3757380955E+02  6.4162358933E-01  0.0000000000E+00      -2.0301237353E+05  9.5279285794E-09
| Global minimum convergence, d_xhat d_muhat:
  7.4731586143E-04  3.5084575456E-08

| GP model hyperparameters (lengthscales W kappa):
  6.5679221773E-01  6.6747923076E-01  8.5394783186E+00  1.1892656436E+01  7.5008771069E+00  4.1479454951E+00  0.0000000000E+00  0.0000000000E+00
| Next sampling location (x_next, i_next):
 -1.3026232244E+00  8.4071124186E+01  0.0000000000E+00

Iteration time [s]:   24.009        Total time [s]:  537.636

--------------------------------------------------------------------------------
                                BO ITERATION 23                                 
--------------------------------------------------------------------------------
| Evaluating objective function at -1.303E+00 8.407E+01 0.000E+00
| Objective function evaluated, time [s]       23.063
| Acquisition location too confident, doing pure exploration
| Data point added to dataset (x i y): 
 -1.3026232244E+00  8.4071124186E+01  0.0000000000E+00      -2.0298946495E+05

| Total ensemble size: 55
| Best acquisition, x_best i_best y_best:
  2.3719244264E+02  6.7253561917E-01  0.0000000000E+00      -2.0301237336E+05
| Global minimum prediction, x_hat mu_hat +- nu_hat:
  2.3757564242E+02  6.3441966526E-01  0.0000000000E+00      -2.0301237353E+05  9.2676709861E-09
| Global minimum convergence, d_xhat d_muhat:
  7.4334327097E-03  2.1761016700E-07

| GP model hyperparameters (lengthscales W kappa):
  6.3091609541E-01  6.0277212810E-01  7.2086603756E+00  1.0609859002E+01  6.9197387987E+00  3.5185684949E+00  0.0000000000E+00  0.0000000000E+00
| Next sampling location (x_next, i_next):
  6.8526452997E+01  3.0902955568E+02  0.0000000000E+00

Iteration time [s]:   25.372        Total time [s]:  563.009

--------------------------------------------------------------------------------
                                BO ITERATION 24                                 
--------------------------------------------------------------------------------
| Evaluating objective function at 6.853E+01 3.090E+02 0.000E+00
| Objective function evaluated, time [s]       23.201
| Acquisition location too confident, doing pure exploration
| Data point added to dataset (x i y): 
  6.8526452997E+01  3.0902955568E+02  0.0000000000E+00      -2.0299573290E+05

| Total ensemble size: 56
| Best acquisition, x_best i_best y_best:
  2.3719244264E+02  6.7253561917E-01  0.0000000000E+00      -2.0301237336E+05
| Global minimum prediction, x_hat mu_hat +- nu_hat:
  2.3756850663E+02  6.4648463574E-01  0.0000000000E+00      -2.0301237354E+05  1.1437753766E-08
| Global minimum convergence, d_xhat d_muhat:
  1.4017238862E-02  3.3858329566E-07

| GP model hyperparameters (lengthscales W kappa):
  6.0875633275E-01  6.0308381218E-01  7.1079476397E+00  1.0383575391E+01  6.8241089650E+00  3.5487659066E+00  0.0000000000E+00  0.0000000000E+00
| Next sampling location (x_next, i_next):
  1.6550853693E+01  1.0878001287E+01  0.0000000000E+00

Iteration time [s]:   25.691        Total time [s]:  588.703

--------------------------------------------------------------------------------
                                BO ITERATION 25                                 
--------------------------------------------------------------------------------
| Evaluating objective function at 1.655E+01 1.088E+01 0.000E+00
| Objective function evaluated, time [s]       23.087
| Acquisition location too confident, doing pure exploration
| Data point added to dataset (x i y): 
  1.6550853693E+01  1.0878001287E+01  0.0000000000E+00      -2.0299639629E+05

| Total ensemble size: 57
| Best acquisition, x_best i_best y_best:
  2.3719244264E+02  6.7253561917E-01  0.0000000000E+00      -2.0301237336E+05
| Global minimum prediction, x_hat mu_hat +- nu_hat:
  2.3756574841E+02  6.4943156169E-01  0.0000000000E+00      -2.0301237354E+05  1.2030744312E-08
| Global minimum convergence, d_xhat d_muhat:
  4.0363536459E-03  5.7094474394E-09

| GP model hyperparameters (lengthscales W kappa):
  6.0761900086E-01  5.9774364209E-01  1.0157144562E+01  6.9071153346E+00  3.4895258523E+00  6.7404560952E+00  0.0000000000E+00  0.0000000000E+00
| Next sampling location (x_next, i_next):
  1.5350791831E+02  9.1420453755E+01  0.0000000000E+00

Iteration time [s]:   25.522        Total time [s]:  614.226

--------------------------------------------------------------------------------
                                BO ITERATION 26                                 
--------------------------------------------------------------------------------
| Evaluating objective function at 1.535E+02 9.142E+01 0.000E+00
| Objective function evaluated, time [s]       23.165
| Acquisition location too confident, doing pure exploration
| Data point added to dataset (x i y): 
  1.5350791831E+02  9.1420453755E+01  0.0000000000E+00      -2.0299141779E+05

| Total ensemble size: 58
| Best acquisition, x_best i_best y_best:
  2.3719244264E+02  6.7253561917E-01  0.0000000000E+00      -2.0301237336E+05
| Global minimum prediction, x_hat mu_hat +- nu_hat:
  2.3755842378E+02  6.6113924067E-01  0.0000000000E+00      -2.0301237354E+05  1.4034190610E-08
| Global minimum convergence, d_xhat d_muhat:
  1.3810139193E-02  3.0106685561E-07

| GP model hyperparameters (lengthscales W kappa):
  6.0689735656E-01  6.0100034200E-01  6.8977925093E+00  1.0065620206E+01  6.7170973074E+00  3.5493188712E+00  0.0000000000E+00  0.0000000000E+00
| Next sampling location (x_next, i_next):
 -5.7809405600E+00  2.8536323851E+02  0.0000000000E+00

Iteration time [s]:   25.764        Total time [s]:  639.990

--------------------------------------------------------------------------------
                                BO ITERATION 27                                 
--------------------------------------------------------------------------------
| Evaluating objective function at -5.781E+00 2.854E+02 0.000E+00
| Objective function evaluated, time [s]       23.166
| Acquisition location too confident, doing pure exploration
| Data point added to dataset (x i y): 
 -5.7809405600E+00  2.8536323851E+02  0.0000000000E+00      -2.0299020874E+05

| Total ensemble size: 59
| Best acquisition, x_best i_best y_best:
  2.3719244264E+02  6.7253561917E-01  0.0000000000E+00      -2.0301237336E+05
| Global minimum prediction, x_hat mu_hat +- nu_hat:
  2.3757569447E+02  6.3138438176E-01  0.0000000000E+00      -2.0301237352E+05  8.7573591933E-09
| Global minimum convergence, d_xhat d_muhat:
  3.4403898078E-02  7.3328997476E-07

| GP model hyperparameters (lengthscales W kappa):
  5.9437034178E-01  5.7634495359E-01  9.4641976619E+00  6.3949069616E+00  3.3636934995E+00  6.4343577853E+00  0.0000000000E+00  0.0000000000E+00
| Next sampling location (x_next, i_next):
  2.4815226209E+02  9.4904517137E+01  0.0000000000E+00

Iteration time [s]:   25.828        Total time [s]:  665.820

--------------------------------------------------------------------------------
                                BO ITERATION 28                                 
--------------------------------------------------------------------------------
| Evaluating objective function at 2.482E+02 9.490E+01 0.000E+00
| Objective function evaluated, time [s]       22.372
| Acquisition location too confident, doing pure exploration
| Data point added to dataset (x i y): 
  2.4815226209E+02  9.4904517137E+01  0.0000000000E+00      -2.0298855318E+05

| Total ensemble size: 60
| Best acquisition, x_best i_best y_best:
  2.3719244264E+02  6.7253561917E-01  0.0000000000E+00      -2.0301237336E+05
| Global minimum prediction, x_hat mu_hat +- nu_hat:
  2.3758229777E+02  6.2227795656E-01  0.0000000000E+00      -2.0301237352E+05  8.0460348605E-09
| Global minimum convergence, d_xhat d_muhat:
  1.1248581525E-02  5.1501788166E-08

| GP model hyperparameters (lengthscales W kappa):
  5.8411581855E-01  5.5324606048E-01  5.9510736021E+00  8.8820276383E+00  6.2137155696E+00  3.2817753752E+00  0.0000000000E+00  0.0000000000E+00
| Next sampling location (x_next, i_next):
  1.7718393374E+02  2.7626332130E+02  0.0000000000E+00

Iteration time [s]:   24.956        Total time [s]:  690.777

--------------------------------------------------------------------------------
                                BO ITERATION 29                                 
--------------------------------------------------------------------------------
| Evaluating objective function at 1.772E+02 2.763E+02 0.000E+00
| Objective function evaluated, time [s]       23.061
| Acquisition location too confident, doing pure exploration
| Data point added to dataset (x i y): 
  1.7718393374E+02  2.7626332130E+02  0.0000000000E+00      -2.0298846585E+05

| Total ensemble size: 61
| Best acquisition, x_best i_best y_best:
  2.3719244264E+02  6.7253561917E-01  0.0000000000E+00      -2.0301237336E+05
| Global minimum prediction, x_hat mu_hat +- nu_hat:
  2.3757427969E+02  6.3170480046E-01  0.0000000000E+00      -2.0301237353E+05  9.0722433121E-09
| Global minimum convergence, d_xhat d_muhat:
  1.2375582968E-02  6.7180968616E-08

| GP model hyperparameters (lengthscales W kappa):
  5.7289896907E-01  5.3313509651E-01  5.6077101698E+00  8.3637206916E+00  5.9966155593E+00  3.2398613531E+00  0.0000000000E+00  0.0000000000E+00
| Next sampling location (x_next, i_next):
  3.0311636532E+02  2.4625617247E+02  0.0000000000E+00

Iteration time [s]:   25.698        Total time [s]:  716.476

--------------------------------------------------------------------------------
                                BO ITERATION 30                                 
--------------------------------------------------------------------------------
| Evaluating objective function at 3.031E+02 2.463E+02 0.000E+00
| Objective function evaluated, time [s]       23.088
| Data point added to dataset (x i y): 
  3.0311636532E+02  2.4625617247E+02  0.0000000000E+00      -2.0299407520E+05

| Total ensemble size: 62
| Best acquisition, x_best i_best y_best:
  2.3719244264E+02  6.7253561917E-01  0.0000000000E+00      -2.0301237336E+05
| Global minimum prediction, x_hat mu_hat +- nu_hat:
  2.3755841070E+02  6.5562640256E-01  0.0000000000E+00      -2.0301237354E+05  1.3157878254E-08
| Global minimum convergence, d_xhat d_muhat:
  2.8706581235E-02  4.5123955038E-07

| GP model hyperparameters (lengthscales W kappa):
  5.7122774957E-01  5.3873807275E-01  5.6365193296E+00  8.3598581584E+00  5.9809006788E+00  3.2562194035E+00  0.0000000000E+00  0.0000000000E+00
| Next sampling location (x_next, i_next):
  6.4539271470E+01  1.6914468203E+02  0.0000000000E+00

Iteration time [s]:   25.095        Total time [s]:  741.573

--------------------------------------------------------------------------------
                                BO ITERATION 31                                 
--------------------------------------------------------------------------------
| Evaluating objective function at 6.454E+01 1.691E+02 0.000E+00
| Objective function evaluated, time [s]       23.002
| Acquisition location too confident, doing pure exploration
| Data point added to dataset (x i y): 
  6.4539271470E+01  1.6914468203E+02  0.0000000000E+00      -2.0300900998E+05

| Total ensemble size: 63
| Best acquisition, x_best i_best y_best:
  2.3719244264E+02  6.7253561917E-01  0.0000000000E+00      -2.0301237336E+05
| Global minimum prediction, x_hat mu_hat +- nu_hat:
  2.3755203217E+02  6.6531474926E-01  0.0000000000E+00      -2.0301237354E+05  1.5752979277E-08
| Global minimum convergence, d_xhat d_muhat:
  1.1599555261E-02  3.1219950339E-07

| GP model hyperparameters (lengthscales W kappa):
  5.6547633242E-01  5.3933423958E-01  5.6052880014E+00  8.2927364854E+00  5.9873660865E+00  3.3028741180E+00  0.0000000000E+00  0.0000000000E+00
| Next sampling location (x_next, i_next):
  7.1781845185E+01  6.6134935990E+01  0.0000000000E+00

Iteration time [s]:   25.503        Total time [s]:  767.078

--------------------------------------------------------------------------------
                                BO ITERATION 32                                 
--------------------------------------------------------------------------------
| Evaluating objective function at 7.178E+01 6.613E+01 0.000E+00
| Objective function evaluated, time [s]       24.124
| Data point added to dataset (x i y): 
  7.1781845185E+01  6.6134935990E+01  0.0000000000E+00      -2.0299067164E+05

| Total ensemble size: 64
| Best acquisition, x_best i_best y_best:
  2.3719244264E+02  6.7253561917E-01  0.0000000000E+00      -2.0301237336E+05
| Global minimum prediction, x_hat mu_hat +- nu_hat:
  2.3754298345E+02  6.8025508914E-01  0.0000000000E+00      -2.0301237356E+05  2.2274226818E-08
| Global minimum convergence, d_xhat d_muhat:
  1.7466915216E-02  6.3714410442E-07

| GP model hyperparameters (lengthscales W kappa):
  5.5051055688E-01  5.3004732674E-01  8.0794800670E+00  5.4581513982E+00  3.2771022645E+00  5.8992919710E+00  0.0000000000E+00  0.0000000000E+00
| Next sampling location (x_next, i_next):
  1.2321718387E+02  1.6938584066E+02  0.0000000000E+00

Iteration time [s]:   26.474        Total time [s]:  793.553

--------------------------------------------------------------------------------
                                BO ITERATION 33                                 
--------------------------------------------------------------------------------
| Evaluating objective function at 1.232E+02 1.694E+02 0.000E+00
| Objective function evaluated, time [s]       22.995
| Data point added to dataset (x i y): 
  1.2321718387E+02  1.6938584066E+02  0.0000000000E+00      -2.0300724355E+05

| Total ensemble size: 65
| Best acquisition, x_best i_best y_best:
  2.3719244264E+02  6.7253561917E-01  0.0000000000E+00      -2.0301237336E+05
| Global minimum prediction, x_hat mu_hat +- nu_hat:
  2.3754511432E+02  6.7816351036E-01  0.0000000000E+00      -2.0301237356E+05  2.0614398988E-08
| Global minimum convergence, d_xhat d_muhat:
  2.9858544834E-03  9.5242263421E-08

| GP model hyperparameters (lengthscales W kappa):
  5.5255276870E-01  5.3612565334E-01  5.3851234189E+00  8.1113188448E+00  5.9689280298E+00  3.2427068923E+00  0.0000000000E+00  0.0000000000E+00
| Next sampling location (x_next, i_next):
 -5.5535163925E+00  1.6401705331E+02  0.0000000000E+00

Iteration time [s]:   25.224        Total time [s]:  818.778

--------------------------------------------------------------------------------
                                BO ITERATION 34                                 
--------------------------------------------------------------------------------
| Evaluating objective function at -5.554E+00 1.640E+02 0.000E+00
| Objective function evaluated, time [s]       22.992
| Acquisition location too confident, doing pure exploration
| Data point added to dataset (x i y): 
 -5.5535163925E+00  1.6401705331E+02  0.0000000000E+00      -2.0300640834E+05

| Total ensemble size: 66
| Best acquisition, x_best i_best y_best:
  2.3719244264E+02  6.7253561917E-01  0.0000000000E+00      -2.0301237336E+05
| Global minimum prediction, x_hat mu_hat +- nu_hat:
  2.3754514302E+02  6.7822182549E-01  0.0000000000E+00      -2.0301237356E+05  1.9945820906E-08
| Global minimum convergence, d_xhat d_muhat:
  6.4990719226E-05  7.4091100250E-09

| GP model hyperparameters (lengthscales W kappa):
  5.5644214927E-01  5.4204479259E-01  5.4765018821E+00  8.1975990940E+00  6.0306373013E+00  3.3086343761E+00  0.0000000000E+00  0.0000000000E+00
| Next sampling location (x_next, i_next):
  3.0577829500E+02  1.1578000359E+02  0.0000000000E+00

Iteration time [s]:   25.689        Total time [s]:  844.470

--------------------------------------------------------------------------------
                                BO ITERATION 35                                 
--------------------------------------------------------------------------------
| Evaluating objective function at 3.058E+02 1.158E+02 0.000E+00
| Objective function evaluated, time [s]       24.113
| Acquisition location too confident, doing pure exploration
| Data point added to dataset (x i y): 
  3.0577829500E+02  1.1578000359E+02  0.0000000000E+00      -2.0299375342E+05

| Total ensemble size: 67
| Best acquisition, x_best i_best y_best:
  2.3719244264E+02  6.7253561917E-01  0.0000000000E+00      -2.0301237336E+05
| Global minimum prediction, x_hat mu_hat +- nu_hat:
  2.3754410019E+02  6.7959552805E-01  0.0000000000E+00      -2.0301237356E+05  2.0194553496E-08
| Global minimum convergence, d_xhat d_muhat:
  1.7246874611E-03  4.6666425842E-08

| GP model hyperparameters (lengthscales W kappa):
  5.5626567196E-01  5.4173842157E-01  8.1095383460E+00  5.4442795718E+00  3.3330422125E+00  5.9979671402E+00  0.0000000000E+00  0.0000000000E+00
| Next sampling location (x_next, i_next):
  1.2958755367E+02 -5.0000000000E+01  0.0000000000E+00

Iteration time [s]:   26.925        Total time [s]:  871.395

--------------------------------------------------------------------------------
                                BO ITERATION 36                                 
--------------------------------------------------------------------------------
| Evaluating objective function at 1.296E+02 -5.000E+01 0.000E+00
| Objective function evaluated, time [s]       23.239
| Data point added to dataset (x i y): 
  1.2958755367E+02 -5.0000000000E+01  0.0000000000E+00      -2.0299145137E+05

| Total ensemble size: 68
| Best acquisition, x_best i_best y_best:
  2.3719244264E+02  6.7253561917E-01  0.0000000000E+00      -2.0301237336E+05
| Global minimum prediction, x_hat mu_hat +- nu_hat:
  2.3753038079E+02  6.9217284697E-01  0.0000000000E+00      -2.0301237357E+05  3.7880260617E-08
| Global minimum convergence, d_xhat d_muhat:
  1.8612115823E-02  5.0241591033E-07

| GP model hyperparameters (lengthscales W kappa):
  5.3458778263E-01  4.6688208099E-01  7.0294154723E+00  4.6058078645E+00  2.9081756403E+00  5.3316054524E+00  0.0000000000E+00  0.0000000000E+00
| Next sampling location (x_next, i_next):
  2.3695926113E+02  1.3789626340E+00  0.0000000000E+00

Iteration time [s]:   25.826        Total time [s]:  897.225

--------------------------------------------------------------------------------
                                BO ITERATION 37                                 
--------------------------------------------------------------------------------
| Evaluating objective function at 2.370E+02 1.379E+00 0.000E+00
| Objective function evaluated, time [s]       23.519
| Acquisition location too confident, doing pure exploration
| Data point added to dataset (x i y): 
  2.3695926113E+02  1.3789626340E+00  0.0000000000E+00      -2.0301237104E+05

| Total ensemble size: 69
| Best acquisition, x_best i_best y_best:
  2.3719244264E+02  6.7253561917E-01  0.0000000000E+00      -2.0301237336E+05
| Global minimum prediction, x_hat mu_hat +- nu_hat:
  2.3749468038E+02  7.4427641638E-01  0.0000000000E+00      -2.0301237365E+05  5.4960248796E-09
| Global minimum convergence, d_xhat d_muhat:
  6.3160912961E-02  3.2845638929E-06

| GP model hyperparameters (lengthscales W kappa):
  5.3490701232E-01  4.8674861688E-01  7.2578165524E+00  4.7836071498E+00  2.9921716226E+00  5.4663497256E+00  0.0000000000E+00  0.0000000000E+00
| Next sampling location (x_next, i_next):
  2.4423346243E+02  2.6601138337E+02  0.0000000000E+00

Iteration time [s]:   26.807        Total time [s]:  924.033

--------------------------------------------------------------------------------
                                BO ITERATION 38                                 
--------------------------------------------------------------------------------
| Evaluating objective function at 2.442E+02 2.660E+02 0.000E+00
| Objective function evaluated, time [s]       23.147
| Acquisition location too confident, doing pure exploration
| Data point added to dataset (x i y): 
  2.4423346243E+02  2.6601138337E+02  0.0000000000E+00      -2.0298876434E+05

| Total ensemble size: 70
| Best acquisition, x_best i_best y_best:
  2.3719244264E+02  6.7253561917E-01  0.0000000000E+00      -2.0301237336E+05
| Global minimum prediction, x_hat mu_hat +- nu_hat:
  2.3749216805E+02  7.4476571074E-01  0.0000000000E+00      -2.0301237365E+05  5.5015955346E-09
| Global minimum convergence, d_xhat d_muhat:
  2.5595346834E-03  4.9844901010E-08

| GP model hyperparameters (lengthscales W kappa):
  5.3260623824E-01  4.7811586616E-01  7.0272619042E+00  4.6404796048E+00  2.9891380606E+00  5.3766206692E+00  0.0000000000E+00  0.0000000000E+00
| Next sampling location (x_next, i_next):
  3.4800955850E+01  1.1765602687E+02  0.0000000000E+00

Iteration time [s]:   26.565        Total time [s]:  950.599

--------------------------------------------------------------------------------
                                BO ITERATION 39                                 
--------------------------------------------------------------------------------
| Evaluating objective function at 3.480E+01 1.177E+02 0.000E+00
| Objective function evaluated, time [s]       23.227
| Data point added to dataset (x i y): 
  3.4800955850E+01  1.1765602687E+02  0.0000000000E+00      -2.0299470670E+05

| Total ensemble size: 71
| Best acquisition, x_best i_best y_best:
  2.3719244264E+02  6.7253561917E-01  0.0000000000E+00      -2.0301237336E+05
| Global minimum prediction, x_hat mu_hat +- nu_hat:
  2.3748345258E+02  7.4627921993E-01  0.0000000000E+00      -2.0301237365E+05  5.5330157344E-09
| Global minimum convergence, d_xhat d_muhat:
  8.8459170321E-03  2.0768380575E-07

| GP model hyperparameters (lengthscales W kappa):
  5.4140871938E-01  4.3929013719E-01  6.6195398133E+00  4.2793185297E+00  2.8271442510E+00  5.1671640118E+00  0.0000000000E+00  0.0000000000E+00
| Next sampling location (x_next, i_next):
 -5.9217280481E+00  1.9360874278E+02  0.0000000000E+00

Iteration time [s]:   26.171        Total time [s]:  976.772

--------------------------------------------------------------------------------
                                BO ITERATION 40                                 
--------------------------------------------------------------------------------
| Evaluating objective function at -5.922E+00 1.936E+02 0.000E+00
| Objective function evaluated, time [s]       23.000
| Acquisition location too confident, doing pure exploration
| Data point added to dataset (x i y): 
 -5.9217280481E+00  1.9360874278E+02  0.0000000000E+00      -2.0300684032E+05

| Total ensemble size: 72
| Best acquisition, x_best i_best y_best:
  2.3719244264E+02  6.7253561917E-01  0.0000000000E+00      -2.0301237336E+05
| Global minimum prediction, x_hat mu_hat +- nu_hat:
  2.3748344783E+02  7.4630022408E-01  0.0000000000E+00      -2.0301237365E+05  5.5278642996E-09
| Global minimum convergence, d_xhat d_muhat:
  2.1533186065E-05  1.1558590013E-08

| GP model hyperparameters (lengthscales W kappa):
  5.4518957609E-01  4.4242591711E-01  6.6644073564E+00  4.3261686117E+00  2.8753735626E+00  5.2120517489E+00  0.0000000000E+00  0.0000000000E+00
| Next sampling location (x_next, i_next):
  1.0927878531E+02  2.5671718599E+02  0.0000000000E+00

Iteration time [s]:   26.805        Total time [s]: 1003.578

--------------------------------------------------------------------------------
                                BO ITERATION 41                                 
--------------------------------------------------------------------------------
| Evaluating objective function at 1.093E+02 2.567E+02 0.000E+00
| Objective function evaluated, time [s]       23.116
| Acquisition location too confident, doing pure exploration
| Data point added to dataset (x i y): 
  1.0927878531E+02  2.5671718599E+02  0.0000000000E+00      -2.0299126269E+05

| Total ensemble size: 73
| Best acquisition, x_best i_best y_best:
  2.3719244264E+02  6.7253561917E-01  0.0000000000E+00      -2.0301237336E+05
| Global minimum prediction, x_hat mu_hat +- nu_hat:
  2.3748603543E+02  7.4587894017E-01  0.0000000000E+00      -2.0301237365E+05  5.5198351666E-09
| Global minimum convergence, d_xhat d_muhat:
  2.6216731303E-03  6.6771475701E-08

| GP model hyperparameters (lengthscales W kappa):
  5.3791596177E-01  4.4776219997E-01  4.2985296391E+00  6.5821855251E+00  5.1749063291E+00  2.8912117075E+00  0.0000000000E+00  0.0000000000E+00
| Next sampling location (x_next, i_next):
  3.0052812881E+02  6.5711489003E+01  0.0000000000E+00

Iteration time [s]:   26.854        Total time [s]: 1030.432

--------------------------------------------------------------------------------
                                BO ITERATION 42                                 
--------------------------------------------------------------------------------
| Evaluating objective function at 3.005E+02 6.571E+01 0.000E+00
| Objective function evaluated, time [s]       23.222
| Acquisition location too confident, doing pure exploration
| Data point added to dataset (x i y): 
  3.0052812881E+02  6.5711489003E+01  0.0000000000E+00      -2.0299015093E+05

| Total ensemble size: 74
| Best acquisition, x_best i_best y_best:
  2.3719244264E+02  6.7253561917E-01  0.0000000000E+00      -2.0301237336E+05
| Global minimum prediction, x_hat mu_hat +- nu_hat:
  2.3748489549E+02  7.4673848399E-01  0.0000000000E+00      -2.0301237365E+05  5.5255834574E-09
| Global minimum convergence, d_xhat d_muhat:
  1.4276853418E-03  4.2363805378E-08

| GP model hyperparameters (lengthscales W kappa):
  5.2812850296E-01  4.2216942750E-01  3.9310870329E+00  6.1741858512E+00  4.9507265423E+00  2.7076380353E+00  0.0000000000E+00  0.0000000000E+00
| Next sampling location (x_next, i_next):
  1.2643934719E+02  4.6310819601E+01  0.0000000000E+00

Iteration time [s]:   27.121        Total time [s]: 1057.554

--------------------------------------------------------------------------------
                                BO ITERATION 43                                 
--------------------------------------------------------------------------------
| Evaluating objective function at 1.264E+02 4.631E+01 0.000E+00
| Objective function evaluated, time [s]       23.156
| Acquisition location too confident, doing pure exploration
| Data point added to dataset (x i y): 
  1.2643934719E+02  4.6310819601E+01  0.0000000000E+00      -2.0299320250E+05

| Total ensemble size: 75
| Best acquisition, x_best i_best y_best:
  2.3719244264E+02  6.7253561917E-01  0.0000000000E+00      -2.0301237336E+05
| Global minimum prediction, x_hat mu_hat +- nu_hat:
  2.3747719451E+02  7.4819428323E-01  0.0000000000E+00      -2.0301237364E+05  5.5426009559E-09
| Global minimum convergence, d_xhat d_muhat:
  7.8373807413E-03  1.6857994634E-07

| GP model hyperparameters (lengthscales W kappa):
  5.3825818185E-01  4.0463892546E-01  3.7730808512E+00  5.9904086493E+00  4.8833529820E+00  2.6660021559E+00  0.0000000000E+00  0.0000000000E+00
| Next sampling location (x_next, i_next):
  4.8375448516E+01 -1.9153109444E+01  0.0000000000E+00

Iteration time [s]:   26.800        Total time [s]: 1084.355

--------------------------------------------------------------------------------
                                BO ITERATION 44                                 
--------------------------------------------------------------------------------
| Evaluating objective function at 4.838E+01 -1.915E+01 0.000E+00
| Objective function evaluated, time [s]       23.169
| Acquisition location too confident, doing pure exploration
| Data point added to dataset (x i y): 
  4.8375448516E+01 -1.9153109444E+01  0.0000000000E+00      -2.0300068497E+05

| Total ensemble size: 76
| Best acquisition, x_best i_best y_best:
  2.3719244264E+02  6.7253561917E-01  0.0000000000E+00      -2.0301237336E+05
| Global minimum prediction, x_hat mu_hat +- nu_hat:
  2.3748078304E+02  7.4755446906E-01  0.0000000000E+00      -2.0301237365E+05  5.5305785728E-09
| Global minimum convergence, d_xhat d_muhat:
  3.6451211467E-03  7.6211025055E-08

| GP model hyperparameters (lengthscales W kappa):
  5.3289988763E-01  4.1464870588E-01  3.8070574268E+00  6.0382083394E+00  4.9104925840E+00  2.6786813583E+00  0.0000000000E+00  0.0000000000E+00
| Next sampling location (x_next, i_next):
  2.8764683116E+01  4.8811774909E+01  0.0000000000E+00

Iteration time [s]:   27.215        Total time [s]: 1111.571

--------------------------------------------------------------------------------
                                BO ITERATION 45                                 
--------------------------------------------------------------------------------
| Evaluating objective function at 2.876E+01 4.881E+01 0.000E+00
| Objective function evaluated, time [s]       23.079
| Acquisition location too confident, doing pure exploration
| Data point added to dataset (x i y): 
  2.8764683116E+01  4.8811774909E+01  0.0000000000E+00      -2.0299567280E+05

| Total ensemble size: 77
| Best acquisition, x_best i_best y_best:
  2.3719244264E+02  6.7253561917E-01  0.0000000000E+00      -2.0301237336E+05
| Global minimum prediction, x_hat mu_hat +- nu_hat:
  2.3748621139E+02  7.4652891039E-01  0.0000000000E+00      -2.0301237365E+05  5.5341383919E-09
| Global minimum convergence, d_xhat d_muhat:
  5.5243815799E-03  2.0512359788E-07

| GP model hyperparameters (lengthscales W kappa):
  5.1435433025E-01  4.2156284225E-01  6.1256532605E+00  3.9141529324E+00  2.6991001866E+00  4.9105636901E+00  0.0000000000E+00  0.0000000000E+00
| Next sampling location (x_next, i_next):
  2.1234192320E+02  2.3652186649E+02  0.0000000000E+00

Iteration time [s]:   27.304        Total time [s]: 1138.878

--------------------------------------------------------------------------------
                                BO ITERATION 46                                 
--------------------------------------------------------------------------------
| Evaluating objective function at 2.123E+02 2.365E+02 0.000E+00
| Objective function evaluated, time [s]       21.982
| Acquisition location too confident, doing pure exploration
| Data point added to dataset (x i y): 
  2.1234192320E+02  2.3652186649E+02  0.0000000000E+00      -2.0299420686E+05

| Total ensemble size: 78
| Best acquisition, x_best i_best y_best:
  2.3719244264E+02  6.7253561917E-01  0.0000000000E+00      -2.0301237336E+05
| Global minimum prediction, x_hat mu_hat +- nu_hat:
  2.3748679991E+02  7.4642063707E-01  0.0000000000E+00      -2.0301237365E+05  5.5310120039E-09
| Global minimum convergence, d_xhat d_muhat:
  5.9840071831E-04  1.9004062234E-08

| GP model hyperparameters (lengthscales W kappa):
  5.1279378100E-01  4.2446256816E-01  6.0954072647E+00  3.9171366073E+00  2.7212091637E+00  4.9000950132E+00  0.0000000000E+00  0.0000000000E+00
| Next sampling location (x_next, i_next):
  1.4733971011E+02  1.3138631177E+02  0.0000000000E+00

Iteration time [s]:   26.014        Total time [s]: 1164.894

--------------------------------------------------------------------------------
                                BO ITERATION 47                                 
--------------------------------------------------------------------------------
| Evaluating objective function at 1.473E+02 1.314E+02 0.000E+00
| Objective function evaluated, time [s]       23.259
| Acquisition location too confident, doing pure exploration
| Data point added to dataset (x i y): 
  1.4733971011E+02  1.3138631177E+02  0.0000000000E+00      -2.0299827967E+05

| Total ensemble size: 79
| Best acquisition, x_best i_best y_best:
  2.3719244264E+02  6.7253561917E-01  0.0000000000E+00      -2.0301237336E+05
| Global minimum prediction, x_hat mu_hat +- nu_hat:
  2.3748927585E+02  7.4598329768E-01  0.0000000000E+00      -2.0301237365E+05  5.5224002259E-09
| Global minimum convergence, d_xhat d_muhat:
  2.5142655870E-03  5.7749901245E-08

| GP model hyperparameters (lengthscales W kappa):
  5.0980206465E-01  4.3079731871E-01  3.9336978664E+00  6.1071562039E+00  4.9160946526E+00  2.7429851813E+00  0.0000000000E+00  0.0000000000E+00
| Next sampling location (x_next, i_next):
  1.2587808964E+00 -3.6004974702E+01  0.0000000000E+00

Iteration time [s]:   27.327        Total time [s]: 1192.222

--------------------------------------------------------------------------------
                                BO ITERATION 48                                 
--------------------------------------------------------------------------------
| Evaluating objective function at 1.259E+00 -3.600E+01 0.000E+00
| Objective function evaluated, time [s]       23.192
| Acquisition location too confident, doing pure exploration
| Data point added to dataset (x i y): 
  1.2587808964E+00 -3.6004974702E+01  0.0000000000E+00      -2.0299158281E+05

| Total ensemble size: 80
| Best acquisition, x_best i_best y_best:
  2.3719244264E+02  6.7253561917E-01  0.0000000000E+00      -2.0301237336E+05
| Global minimum prediction, x_hat mu_hat +- nu_hat:
  2.3749164678E+02  7.4527108941E-01  0.0000000000E+00      -2.0301237366E+05  5.5347494587E-09
| Global minimum convergence, d_xhat d_muhat:
  2.4755924617E-03  2.9963992585E-07

| GP model hyperparameters (lengthscales W kappa):
  4.9319828668E-01  4.3561722763E-01  6.1053641268E+00  4.0950784525E+00  2.8651790648E+00  4.8762823395E+00  0.0000000000E+00  0.0000000000E+00
| Next sampling location (x_next, i_next):
 -2.6459776107E+01  3.2948873529E+01  0.0000000000E+00

Iteration time [s]:   27.523        Total time [s]: 1219.749

--------------------------------------------------------------------------------
                                BO ITERATION 49                                 
--------------------------------------------------------------------------------
| Evaluating objective function at -2.646E+01 3.295E+01 0.000E+00
| Objective function evaluated, time [s]       23.074
| Acquisition location too confident, doing pure exploration
| Data point added to dataset (x i y): 
 -2.6459776107E+01  3.2948873529E+01  0.0000000000E+00      -2.0299160114E+05

| Total ensemble size: 81
| Best acquisition, x_best i_best y_best:
  2.3719244264E+02  6.7253561917E-01  0.0000000000E+00      -2.0301237336E+05
| Global minimum prediction, x_hat mu_hat +- nu_hat:
  2.3749264635E+02  7.4501434644E-01  0.0000000000E+00      -2.0301237366E+05  5.5282195709E-09
| Global minimum convergence, d_xhat d_muhat:
  1.0320161334E-03  3.0433768231E-10

| GP model hyperparameters (lengthscales W kappa):
  4.9414595906E-01  4.3587085908E-01  4.0971556014E+00  6.0747764882E+00  4.8665433180E+00  2.8888712929E+00  0.0000000000E+00  0.0000000000E+00
| Next sampling location (x_next, i_next):
  2.0488085324E+02  1.0535602230E+02  0.0000000000E+00

Iteration time [s]:   27.558        Total time [s]: 1247.308

--------------------------------------------------------------------------------
                                BO ITERATION 50                                 
--------------------------------------------------------------------------------
| Evaluating objective function at 2.049E+02 1.054E+02 0.000E+00
| Objective function evaluated, time [s]       22.972
| Acquisition location too confident, doing pure exploration
| Data point added to dataset (x i y): 
  2.0488085324E+02  1.0535602230E+02  0.0000000000E+00      -2.0299124757E+05

| Total ensemble size: 82
| Best acquisition, x_best i_best y_best:
  2.3719244264E+02  6.7253561917E-01  0.0000000000E+00      -2.0301237336E+05
| Global minimum prediction, x_hat mu_hat +- nu_hat:
  2.3749181412E+02  7.4534326679E-01  0.0000000000E+00      -2.0301237366E+05  5.5207304505E-09
| Global minimum convergence, d_xhat d_muhat:
  8.9487356552E-04  2.7658208569E-08

| GP model hyperparameters (lengthscales W kappa):
  4.9661772884E-01  4.3658372588E-01  4.0823308121E+00  6.0543483219E+00  4.8741612447E+00  2.9023618279E+00  0.0000000000E+00  0.0000000000E+00
| Next sampling location (x_next, i_next):
  9.9917704763E+01 -1.7315999261E+01  0.0000000000E+00

Iteration time [s]:   27.282        Total time [s]: 1274.591

|| Bayesian optimization completed, time [s]     1274.579


--------------------------------------------------------------------------------
                        BOSS is done! Have a nice day :)                        

      Datetime 15-08-2020 01:00:09            Total time [s]     1274.591       
--------------------------------------------------------------------------------
