
-----------------------------   Welcome to ....   ------------------------------
                      _______  _______ _______ _______ 
                     |   _   \|   _   |   _   |   _   |
                     |.  1   /|.  |   |   1___|   1___|
                     |.  _   \|.  |   |____   |____   |
                     |:  1    |:  1   |:  1   |:  1   |
                     |::.. .  |::.. . |::.. . |::.. . |
                     `-------'`-------`-------`-------'

                                 Version 0.9.15                                 
                              15-08-2020 00:39:31                               
--------------------------------------------------------------------------------

| Reading BOSS input file from: in_2D
| Initializing...

--------------------------------------------------------------------------------
                                   INPUT FILE                                   
--------------------------------------------------------------------------------
# input file for alanine 2D (d4-d13)

# optimization
userfn       userfn_2D.py
bounds       -50 310; -50 310
num_tasks    2
kernel       stdp
initpts      2 30
iterpts      50
verbosity    2
kappa_prior  gamma
kappa_priorparam 1 71.428
W_prior      gaussian
W_priorparam 0 8.451
thetaprior gamma
thetapriorparam 2 0.019; 3.3678 9.0204; 3.3678 9.0204

RESULTS:
2.317156673551232E+01 2.464935376592014E+02 0 -2.029933307920898E+05 
-1.329919349208564E+01 2.544401800998018E+02 0 -2.029920481537290E+05 
1.992026792197794E+02 8.507567427879664E+00 1 1.838040000000000E+01 
-9.741131247373168E+00 2.645461604782208E+02 1 3.306190000000000E+01 
2.686371312649504E+02 1.141755406093036E+02 1 3.523220000000000E+01 
1.783698210948857E+02 5.380937899145418E+01 1 2.642730000000000E+01 
-3.769440269127409E+01 -1.095858031355921E+01 1 2.397960000000000E+01 
1.366648450346530E+02 2.512960297316069E+01 1 2.837480000000000E+01 
4.606424034081617E+01 -2.055161498317774E+01 1 2.758010000000000E+01 
2.185289825510579E+02 -3.176563187222913E+01 1 2.609860000000000E+01 
1.518863258258361E+00 9.812274775855066E+01 1 3.484030000000000E+01 
1.575765485777356E+01 7.384361967804293E+01 1 3.487190000000000E+01 
1.939645517938607E+02 6.509921585636723E+00 1 1.828110000000000E+01 
1.988699716406020E+01 1.580924129335687E+02 1 2.138450000000000E+01 
2.028854431949985E+02 3.026712275820855E+02 1 3.314530000000000E+01 
-3.515609876680251E+01 -4.438237042614692E+01 1 2.643190000000000E+01 
1.222751587794796E+02 3.008320590720907E+02 1 3.616050000000000E+01 
2.216464332142045E+02 3.648834309228397E+01 1 2.577530000000000E+01 
3.389239328248099E+01 1.849208975512854E+02 1 1.861620000000000E+01 
8.527343502388125E+01 1.894647692347940E+02 1 1.883870000000000E+01 
1.935836864396379E+02 8.918340005122062E+00 1 1.828150000000000E+01 
-5.000000000000000E+01 2.660311613148201E+02 1 3.116140000000000E+01 
2.202951956419090E+02 2.192102005715672E+02 1 3.095250000000000E+01 
-3.852405317854645E+01 2.361654436042740E+02 1 2.786140000000000E+01 
2.242189110875170E+02 -1.975910250517398E+00 1 1.979370000000000E+01 
1.028256240823759E+02 3.965227049781900E+01 1 3.402810000000000E+01 
8.730049715156615E+01 -3.285261825741021E+01 1 2.904760000000000E+01 
1.904756965853530E+02 9.073157295292102E+00 1 1.830160000000000E+01 
5.741701618308310E+01 1.795593219004623E+02 1 1.749290000000000E+01 
6.029895204786979E+01 1.802303922338381E+02 1 1.748200000000000E+01 
2.096648579694302E+02 1.233391421693442E+02 1 3.243970000000000E+01 
2.470469450359383E+02 1.449406440503986E+02 1 3.076820000000000E+01 
--------------------------------------------------------------------------------
                               SIMULATION OPTIONS                               
--------------------------------------------------------------------------------
|| File input/output 
ipfile         in_2D
userfn         userfn_2D.py
outfile        boss.out
rstfile        boss.rst

|| Key settings 
num_tasks         2
bounds         -5.000E+01 3.100E+02;    -5.000E+01 3.100E+02
kerntype       stdp stdp
yrange         -5.000E+01 3.100E+02;    -5.000E+01 3.100E+02
noise          1.000E-12
initpts    2 30    iterpts   50
gm_tol         none
verbosity      2

|| Data acquisition 
acqfn                elcb
acqtol               1.000E-03

|| GP hyperparameters 
thetainit       1.000E+00 3.142E-01
thetabounds     none
thetaprior      gamma
thetapriorpar   2.000E+00 1.900E-02;    3.368E+00 9.020E+00;    3.368E+00 9.020E+00

|| Hyperparameter optimization
updatefreq   1  initupdate      True
updateoffset 0  updaterestarts  2


--------------------------------------------------------------------------------
                              INITIAL DATAPOINT 1                               
--------------------------------------------------------------------------------
| Data point added to dataset (x i y): 
  2.3171566736E+01  2.4649353766E+02  0.0000000000E+00      -2.0299333079E+05

| Total ensemble size: 1
| Next sampling location (x_next, i_next):
 -1.3299193492E+01  2.5444018010E+02  0.0000000000E+00

Iteration time [s]:    0.001        Total time [s]:    0.085

--------------------------------------------------------------------------------
                              INITIAL DATAPOINT 2                               
--------------------------------------------------------------------------------
| Data point added to dataset (x i y): 
 -1.3299193492E+01  2.5444018010E+02  0.0000000000E+00      -2.0299204815E+05

| Total ensemble size: 2
| Next sampling location (x_next, i_next):
  1.9920267922E+02  8.5075674279E+00  1.0000000000E+00

Iteration time [s]:    0.001        Total time [s]:    0.087

--------------------------------------------------------------------------------
                              INITIAL DATAPOINT 3                               
--------------------------------------------------------------------------------
| Data point added to dataset (x i y): 
  1.9920267922E+02  8.5075674279E+00  1.0000000000E+00       1.8380400000E+01

| Total ensemble size: 3
| Next sampling location (x_next, i_next):
 -9.7411312474E+00  2.6454616048E+02  1.0000000000E+00

Iteration time [s]:    0.001        Total time [s]:    0.088

--------------------------------------------------------------------------------
                              INITIAL DATAPOINT 4                               
--------------------------------------------------------------------------------
| Data point added to dataset (x i y): 
 -9.7411312474E+00  2.6454616048E+02  1.0000000000E+00       3.3061900000E+01

| Total ensemble size: 4
| Next sampling location (x_next, i_next):
  2.6863713126E+02  1.1417554061E+02  1.0000000000E+00

Iteration time [s]:    0.001        Total time [s]:    0.090

--------------------------------------------------------------------------------
                              INITIAL DATAPOINT 5                               
--------------------------------------------------------------------------------
| Data point added to dataset (x i y): 
  2.6863713126E+02  1.1417554061E+02  1.0000000000E+00       3.5232200000E+01

| Total ensemble size: 5
| Next sampling location (x_next, i_next):
  1.7836982109E+02  5.3809378991E+01  1.0000000000E+00

Iteration time [s]:    0.001        Total time [s]:    0.091

--------------------------------------------------------------------------------
                              INITIAL DATAPOINT 6                               
--------------------------------------------------------------------------------
| Data point added to dataset (x i y): 
  1.7836982109E+02  5.3809378991E+01  1.0000000000E+00       2.6427300000E+01

| Total ensemble size: 6
| Next sampling location (x_next, i_next):
 -3.7694402691E+01 -1.0958580314E+01  1.0000000000E+00

Iteration time [s]:    0.001        Total time [s]:    0.093

--------------------------------------------------------------------------------
                              INITIAL DATAPOINT 7                               
--------------------------------------------------------------------------------
| Data point added to dataset (x i y): 
 -3.7694402691E+01 -1.0958580314E+01  1.0000000000E+00       2.3979600000E+01

| Total ensemble size: 7
| Next sampling location (x_next, i_next):
  1.3666484503E+02  2.5129602973E+01  1.0000000000E+00

Iteration time [s]:    0.001        Total time [s]:    0.094

--------------------------------------------------------------------------------
                              INITIAL DATAPOINT 8                               
--------------------------------------------------------------------------------
| Data point added to dataset (x i y): 
  1.3666484503E+02  2.5129602973E+01  1.0000000000E+00       2.8374800000E+01

| Total ensemble size: 8
| Next sampling location (x_next, i_next):
  4.6064240341E+01 -2.0551614983E+01  1.0000000000E+00

Iteration time [s]:    0.001        Total time [s]:    0.095

--------------------------------------------------------------------------------
                              INITIAL DATAPOINT 9                               
--------------------------------------------------------------------------------
| Data point added to dataset (x i y): 
  4.6064240341E+01 -2.0551614983E+01  1.0000000000E+00       2.7580100000E+01

| Total ensemble size: 9
| Next sampling location (x_next, i_next):
  2.1852898255E+02 -3.1765631872E+01  1.0000000000E+00

Iteration time [s]:    0.001        Total time [s]:    0.097

--------------------------------------------------------------------------------
                              INITIAL DATAPOINT 10                              
--------------------------------------------------------------------------------
| Data point added to dataset (x i y): 
  2.1852898255E+02 -3.1765631872E+01  1.0000000000E+00       2.6098600000E+01

| Total ensemble size: 10
| Next sampling location (x_next, i_next):
  1.5188632583E+00  9.8122747759E+01  1.0000000000E+00

Iteration time [s]:    0.001        Total time [s]:    0.099

--------------------------------------------------------------------------------
                              INITIAL DATAPOINT 11                              
--------------------------------------------------------------------------------
| Data point added to dataset (x i y): 
  1.5188632583E+00  9.8122747759E+01  1.0000000000E+00       3.4840300000E+01

| Total ensemble size: 11
| Next sampling location (x_next, i_next):
  1.5757654858E+01  7.3843619678E+01  1.0000000000E+00

Iteration time [s]:    0.001        Total time [s]:    0.101

--------------------------------------------------------------------------------
                              INITIAL DATAPOINT 12                              
--------------------------------------------------------------------------------
| Data point added to dataset (x i y): 
  1.5757654858E+01  7.3843619678E+01  1.0000000000E+00       3.4871900000E+01

| Total ensemble size: 12
| Next sampling location (x_next, i_next):
  1.9396455179E+02  6.5099215856E+00  1.0000000000E+00

Iteration time [s]:    0.001        Total time [s]:    0.102

--------------------------------------------------------------------------------
                              INITIAL DATAPOINT 13                              
--------------------------------------------------------------------------------
| Data point added to dataset (x i y): 
  1.9396455179E+02  6.5099215856E+00  1.0000000000E+00       1.8281100000E+01

| Total ensemble size: 13
| Next sampling location (x_next, i_next):
  1.9886997164E+01  1.5809241293E+02  1.0000000000E+00

Iteration time [s]:    0.001        Total time [s]:    0.104

--------------------------------------------------------------------------------
                              INITIAL DATAPOINT 14                              
--------------------------------------------------------------------------------
| Data point added to dataset (x i y): 
  1.9886997164E+01  1.5809241293E+02  1.0000000000E+00       2.1384500000E+01

| Total ensemble size: 14
| Next sampling location (x_next, i_next):
  2.0288544319E+02  3.0267122758E+02  1.0000000000E+00

Iteration time [s]:    0.001        Total time [s]:    0.106

--------------------------------------------------------------------------------
                              INITIAL DATAPOINT 15                              
--------------------------------------------------------------------------------
| Data point added to dataset (x i y): 
  2.0288544319E+02  3.0267122758E+02  1.0000000000E+00       3.3145300000E+01

| Total ensemble size: 15
| Next sampling location (x_next, i_next):
 -3.5156098767E+01 -4.4382370426E+01  1.0000000000E+00

Iteration time [s]:    0.001        Total time [s]:    0.107

--------------------------------------------------------------------------------
                              INITIAL DATAPOINT 16                              
--------------------------------------------------------------------------------
| Data point added to dataset (x i y): 
 -3.5156098767E+01 -4.4382370426E+01  1.0000000000E+00       2.6431900000E+01

| Total ensemble size: 16
| Next sampling location (x_next, i_next):
  1.2227515878E+02  3.0083205907E+02  1.0000000000E+00

Iteration time [s]:    0.001        Total time [s]:    0.109

--------------------------------------------------------------------------------
                              INITIAL DATAPOINT 17                              
--------------------------------------------------------------------------------
| Data point added to dataset (x i y): 
  1.2227515878E+02  3.0083205907E+02  1.0000000000E+00       3.6160500000E+01

| Total ensemble size: 17
| Next sampling location (x_next, i_next):
  2.2164643321E+02  3.6488343092E+01  1.0000000000E+00

Iteration time [s]:    0.001        Total time [s]:    0.111

--------------------------------------------------------------------------------
                              INITIAL DATAPOINT 18                              
--------------------------------------------------------------------------------
| Data point added to dataset (x i y): 
  2.2164643321E+02  3.6488343092E+01  1.0000000000E+00       2.5775300000E+01

| Total ensemble size: 18
| Next sampling location (x_next, i_next):
  3.3892393282E+01  1.8492089755E+02  1.0000000000E+00

Iteration time [s]:    0.001        Total time [s]:    0.112

--------------------------------------------------------------------------------
                              INITIAL DATAPOINT 19                              
--------------------------------------------------------------------------------
| Data point added to dataset (x i y): 
  3.3892393282E+01  1.8492089755E+02  1.0000000000E+00       1.8616200000E+01

| Total ensemble size: 19
| Next sampling location (x_next, i_next):
  8.5273435024E+01  1.8946476923E+02  1.0000000000E+00

Iteration time [s]:    0.001        Total time [s]:    0.114

--------------------------------------------------------------------------------
                              INITIAL DATAPOINT 20                              
--------------------------------------------------------------------------------
| Data point added to dataset (x i y): 
  8.5273435024E+01  1.8946476923E+02  1.0000000000E+00       1.8838700000E+01

| Total ensemble size: 20
| Next sampling location (x_next, i_next):
  1.9358368644E+02  8.9183400051E+00  1.0000000000E+00

Iteration time [s]:    0.001        Total time [s]:    0.115

--------------------------------------------------------------------------------
                              INITIAL DATAPOINT 21                              
--------------------------------------------------------------------------------
| Data point added to dataset (x i y): 
  1.9358368644E+02  8.9183400051E+00  1.0000000000E+00       1.8281500000E+01

| Total ensemble size: 21
| Next sampling location (x_next, i_next):
 -5.0000000000E+01  2.6603116131E+02  1.0000000000E+00

Iteration time [s]:    0.003        Total time [s]:    0.119

--------------------------------------------------------------------------------
                              INITIAL DATAPOINT 22                              
--------------------------------------------------------------------------------
| Data point added to dataset (x i y): 
 -5.0000000000E+01  2.6603116131E+02  1.0000000000E+00       3.1161400000E+01

| Total ensemble size: 22
| Next sampling location (x_next, i_next):
  2.2029519564E+02  2.1921020057E+02  1.0000000000E+00

Iteration time [s]:    0.001        Total time [s]:    0.121

--------------------------------------------------------------------------------
                              INITIAL DATAPOINT 23                              
--------------------------------------------------------------------------------
| Data point added to dataset (x i y): 
  2.2029519564E+02  2.1921020057E+02  1.0000000000E+00       3.0952500000E+01

| Total ensemble size: 23
| Next sampling location (x_next, i_next):
 -3.8524053179E+01  2.3616544360E+02  1.0000000000E+00

Iteration time [s]:    0.001        Total time [s]:    0.123

--------------------------------------------------------------------------------
                              INITIAL DATAPOINT 24                              
--------------------------------------------------------------------------------
| Data point added to dataset (x i y): 
 -3.8524053179E+01  2.3616544360E+02  1.0000000000E+00       2.7861400000E+01

| Total ensemble size: 24
| Next sampling location (x_next, i_next):
  2.2421891109E+02 -1.9759102505E+00  1.0000000000E+00

Iteration time [s]:    0.001        Total time [s]:    0.124

--------------------------------------------------------------------------------
                              INITIAL DATAPOINT 25                              
--------------------------------------------------------------------------------
| Data point added to dataset (x i y): 
  2.2421891109E+02 -1.9759102505E+00  1.0000000000E+00       1.9793700000E+01

| Total ensemble size: 25
| Next sampling location (x_next, i_next):
  1.0282562408E+02  3.9652270498E+01  1.0000000000E+00

Iteration time [s]:    0.001        Total time [s]:    0.126

--------------------------------------------------------------------------------
                              INITIAL DATAPOINT 26                              
--------------------------------------------------------------------------------
| Data point added to dataset (x i y): 
  1.0282562408E+02  3.9652270498E+01  1.0000000000E+00       3.4028100000E+01

| Total ensemble size: 26
| Next sampling location (x_next, i_next):
  8.7300497152E+01 -3.2852618257E+01  1.0000000000E+00

Iteration time [s]:    0.001        Total time [s]:    0.128

--------------------------------------------------------------------------------
                              INITIAL DATAPOINT 27                              
--------------------------------------------------------------------------------
| Data point added to dataset (x i y): 
  8.7300497152E+01 -3.2852618257E+01  1.0000000000E+00       2.9047600000E+01

| Total ensemble size: 27
| Next sampling location (x_next, i_next):
  1.9047569659E+02  9.0731572953E+00  1.0000000000E+00

Iteration time [s]:    0.001        Total time [s]:    0.129

--------------------------------------------------------------------------------
                              INITIAL DATAPOINT 28                              
--------------------------------------------------------------------------------
| Data point added to dataset (x i y): 
  1.9047569659E+02  9.0731572953E+00  1.0000000000E+00       1.8301600000E+01

| Total ensemble size: 28
| Next sampling location (x_next, i_next):
  5.7417016183E+01  1.7955932190E+02  1.0000000000E+00

Iteration time [s]:    0.001        Total time [s]:    0.131

--------------------------------------------------------------------------------
                              INITIAL DATAPOINT 29                              
--------------------------------------------------------------------------------
| Data point added to dataset (x i y): 
  5.7417016183E+01  1.7955932190E+02  1.0000000000E+00       1.7492900000E+01

| Total ensemble size: 29
| Next sampling location (x_next, i_next):
  6.0298952048E+01  1.8023039223E+02  1.0000000000E+00

Iteration time [s]:    0.001        Total time [s]:    0.133

--------------------------------------------------------------------------------
                              INITIAL DATAPOINT 30                              
--------------------------------------------------------------------------------
| Data point added to dataset (x i y): 
  6.0298952048E+01  1.8023039223E+02  1.0000000000E+00       1.7482000000E+01

| Total ensemble size: 30
| Next sampling location (x_next, i_next):
  2.0966485797E+02  1.2333914217E+02  1.0000000000E+00

Iteration time [s]:    0.001        Total time [s]:    0.134

--------------------------------------------------------------------------------
                              INITIAL DATAPOINT 31                              
--------------------------------------------------------------------------------
| Data point added to dataset (x i y): 
  2.0966485797E+02  1.2333914217E+02  1.0000000000E+00       3.2439700000E+01

| Total ensemble size: 31
| Next sampling location (x_next, i_next):
  2.4704694504E+02  1.4494064405E+02  1.0000000000E+00

Iteration time [s]:    0.001        Total time [s]:    0.136

--------------------------------------------------------------------------------
                              INITIAL DATAPOINT 32                              
--------------------------------------------------------------------------------
| Data point added to dataset (x i y): 
  2.4704694504E+02  1.4494064405E+02  1.0000000000E+00       3.0768200000E+01

| Total ensemble size: 32
| Best acquisition, x_best i_best y_best:
  2.3171566736E+01  2.4649353766E+02  0.0000000000E+00      -2.0299333079E+05
| Global minimum prediction, x_hat mu_hat +- nu_hat:
  5.1218716248E+01  2.1799102923E+02  0.0000000000E+00      -2.0299435952E+05  1.1522365861E-01

| GP model hyperparameters (lengthscales W kappa):
  5.0499996598E-01  3.3700333448E-01 -9.5076732673E-01 -5.6061210026E+00  1.5531967122E-02  1.3946390140E-02
| Next sampling location (x_next, i_next):
  1.0794171296E+02  1.4486733328E+02  0.0000000000E+00

Iteration time [s]:    2.600        Total time [s]:    2.737

--------------------------------------------------------------------------------
                                 BO ITERATION 1                                 
--------------------------------------------------------------------------------
| Evaluating objective function at 1.079E+02 1.449E+02 0.000E+00
| Objective function evaluated, time [s]       44.204
| Data point added to dataset (x i y): 
  1.0794171296E+02  1.4486733328E+02  0.0000000000E+00      -2.0300263465E+05

| Total ensemble size: 33
| Best acquisition, x_best i_best y_best:
  1.0794171296E+02  1.4486733328E+02  0.0000000000E+00      -2.0300263465E+05
| Global minimum prediction, x_hat mu_hat +- nu_hat:
  8.7390194957E+01  1.6187860037E+02  0.0000000000E+00      -2.0300356366E+05  3.5445231403E-01
| Global minimum convergence, d_xhat d_muhat:
  6.6760621210E+01  4.9276647914E-01

| GP model hyperparameters (lengthscales W kappa):
  5.4738655659E-01  3.8224268698E-01 -4.2260514134E+00 -5.5809535445E+00  1.3375914056E-02  1.3595244980E-02
| Next sampling location (x_next, i_next):
  7.6885790489E+01  1.2855595704E+02  0.0000000000E+00

Iteration time [s]:   45.654        Total time [s]:   48.392

--------------------------------------------------------------------------------
                                 BO ITERATION 2                                 
--------------------------------------------------------------------------------
| Evaluating objective function at 7.689E+01 1.286E+02 0.000E+00
| Objective function evaluated, time [s]       24.107
| Data point added to dataset (x i y): 
  7.6885790489E+01  1.2855595704E+02  0.0000000000E+00      -2.0299832592E+05

| Total ensemble size: 34
| Best acquisition, x_best i_best y_best:
  1.0794171296E+02  1.4486733328E+02  0.0000000000E+00      -2.0300263465E+05
| Global minimum prediction, x_hat mu_hat +- nu_hat:
  8.1252215592E+01  1.6953358331E+02  0.0000000000E+00      -2.0300468913E+05  3.1181015688E-01
| Global minimum convergence, d_xhat d_muhat:
  9.8119088067E+00  6.0254777334E-02

| GP model hyperparameters (lengthscales W kappa):
  5.4927197344E-01  3.7354381026E-01 -4.6074716323E+00 -5.3933463578E+00  1.3466495122E-02  1.3564294969E-02
| Next sampling location (x_next, i_next):
  1.5285384722E+02  1.7179969605E+02  0.0000000000E+00

Iteration time [s]:   25.538        Total time [s]:   73.932

--------------------------------------------------------------------------------
                                 BO ITERATION 3                                 
--------------------------------------------------------------------------------
| Evaluating objective function at 1.529E+02 1.718E+02 0.000E+00
| Objective function evaluated, time [s]       22.572
| Data point added to dataset (x i y): 
  1.5285384722E+02  1.7179969605E+02  0.0000000000E+00      -2.0300751986E+05

| Total ensemble size: 35
| Best acquisition, x_best i_best y_best:
  1.5285384722E+02  1.7179969605E+02  0.0000000000E+00      -2.0300751986E+05
| Global minimum prediction, x_hat mu_hat +- nu_hat:
  6.3560153021E+01  1.7712826742E+02  0.0000000000E+00      -2.0301007025E+05  6.6815178882E-02
| Global minimum convergence, d_xhat d_muhat:
  1.9253267379E+01  2.8809175617E-01

| GP model hyperparameters (lengthscales W kappa):
  5.4934038877E-01  3.7008401818E-01 -6.6832083983E+00 -5.3696495959E+00  1.3698764546E-02  1.3588430602E-02
| Next sampling location (x_next, i_next):
 -4.7597720063E+01  1.8193665013E+02  0.0000000000E+00

Iteration time [s]:   24.192        Total time [s]:   98.125

--------------------------------------------------------------------------------
                                 BO ITERATION 4                                 
--------------------------------------------------------------------------------
| Evaluating objective function at -4.760E+01 1.819E+02 0.000E+00
| Objective function evaluated, time [s]       23.940
| Data point added to dataset (x i y): 
 -4.7597720063E+01  1.8193665013E+02  0.0000000000E+00      -2.0300850927E+05

| Total ensemble size: 36
| Best acquisition, x_best i_best y_best:
 -4.7597720063E+01  1.8193665013E+02  0.0000000000E+00      -2.0300850927E+05
| Global minimum prediction, x_hat mu_hat +- nu_hat:
  6.1105201370E+01  1.7871822014E+02  0.0000000000E+00      -2.0301374197E+05  4.9354030460E-02
| Global minimum convergence, d_xhat d_muhat:
  2.9248482436E+00  1.9657458795E-01

| GP model hyperparameters (lengthscales W kappa):
  5.5032386588E-01  3.9225556700E-01 -8.0362297197E+00 -5.4369710036E+00  1.3692314263E-02  1.3449525112E-02
| Next sampling location (x_next, i_next):
  8.1846664950E+01  1.7215850017E+02  0.0000000000E+00

Iteration time [s]:   25.777        Total time [s]:  123.903

--------------------------------------------------------------------------------
                                 BO ITERATION 5                                 
--------------------------------------------------------------------------------
| Evaluating objective function at 8.185E+01 1.722E+02 0.000E+00
| Objective function evaluated, time [s]       24.416
| Data point added to dataset (x i y): 
  8.1846664950E+01  1.7215850017E+02  0.0000000000E+00      -2.0300895926E+05

| Total ensemble size: 37
| Best acquisition, x_best i_best y_best:
  8.1846664950E+01  1.7215850017E+02  0.0000000000E+00      -2.0300895926E+05
| Global minimum prediction, x_hat mu_hat +- nu_hat:
  6.0608673308E+01  1.9167439840E+02  0.0000000000E+00      -2.0301484631E+05  3.7544014088E-01
| Global minimum convergence, d_xhat d_muhat:
  1.2965689160E+01  5.9123906676E-02

| GP model hyperparameters (lengthscales W kappa):
  4.3771582669E-01  3.1188566126E-01 -6.9335977570E+00 -5.1303985981E+00  1.4407954427E-02  1.4844083703E-02
| Next sampling location (x_next, i_next):
  7.2004686832E+01  2.1546661260E+02  0.0000000000E+00

Iteration time [s]:   26.703        Total time [s]:  150.606

--------------------------------------------------------------------------------
                                 BO ITERATION 6                                 
--------------------------------------------------------------------------------
| Evaluating objective function at 7.200E+01 2.155E+02 0.000E+00
| Objective function evaluated, time [s]       23.042
| Data point added to dataset (x i y): 
  7.2004686832E+01  2.1546661260E+02  0.0000000000E+00      -2.0300314151E+05

| Total ensemble size: 38
| Best acquisition, x_best i_best y_best:
  8.1846664950E+01  1.7215850017E+02  0.0000000000E+00      -2.0300895926E+05
| Global minimum prediction, x_hat mu_hat +- nu_hat:
  5.8170476133E+01  1.8467321759E+02  0.0000000000E+00      -2.0301321073E+05  8.1745335609E-02
| Global minimum convergence, d_xhat d_muhat:
  7.4135914532E+00  8.7084708303E-02

| GP model hyperparameters (lengthscales W kappa):
  4.4699244253E-01  2.3873564794E-01 -5.9863908365E+00 -4.8478451646E+00  1.4394518278E-02  1.4667338437E-02
| Next sampling location (x_next, i_next):
  2.8786225944E+02  2.0511381984E+02  0.0000000000E+00

Iteration time [s]:   25.876        Total time [s]:  176.483

--------------------------------------------------------------------------------
                                 BO ITERATION 7                                 
--------------------------------------------------------------------------------
| Evaluating objective function at 2.879E+02 2.051E+02 0.000E+00
| Objective function evaluated, time [s]       23.197
| Data point added to dataset (x i y): 
  2.8786225944E+02  2.0511381984E+02  0.0000000000E+00      -2.0300489941E+05

| Total ensemble size: 39
| Best acquisition, x_best i_best y_best:
  8.1846664950E+01  1.7215850017E+02  0.0000000000E+00      -2.0300895926E+05
| Global minimum prediction, x_hat mu_hat +- nu_hat:
  5.8188877098E+01  1.8466983802E+02  0.0000000000E+00      -2.0301369693E+05  8.9737957444E-02
| Global minimum convergence, d_xhat d_muhat:
  1.8708742904E-02  2.5422547294E-02

| GP model hyperparameters (lengthscales W kappa):
  4.4667188170E-01  2.1699899942E-01  5.8690473284E+00  4.7140489720E+00  1.4301715534E-02  1.4532849887E-02
| Next sampling location (x_next, i_next):
 -3.8285263234E+01  2.4445741410E+01  0.0000000000E+00

Iteration time [s]:   26.156        Total time [s]:  202.639

--------------------------------------------------------------------------------
                                 BO ITERATION 8                                 
--------------------------------------------------------------------------------
| Evaluating objective function at -3.829E+01 2.445E+01 0.000E+00
| Objective function evaluated, time [s]       25.436
| Data point added to dataset (x i y): 
 -3.8285263234E+01  2.4445741410E+01  0.0000000000E+00      -2.0299390686E+05

| Total ensemble size: 40
| Best acquisition, x_best i_best y_best:
  8.1846664950E+01  1.7215850017E+02  0.0000000000E+00      -2.0300895926E+05
| Global minimum prediction, x_hat mu_hat +- nu_hat:
  5.8193680175E+01  1.8405529765E+02  0.0000000000E+00      -2.0301262101E+05  6.6477048129E-02
| Global minimum convergence, d_xhat d_muhat:
  6.1455913281E-01  5.7601959769E-02

| GP model hyperparameters (lengthscales W kappa):
  4.6881445208E-01  2.4824338060E-01 -6.0040619379E+00 -4.8637423371E+00  1.4545914181E-02  1.4905654088E-02
| Next sampling location (x_next, i_next):
  1.3638895170E+02  9.6701981573E+01  0.0000000000E+00

Iteration time [s]:   28.113        Total time [s]:  230.753

--------------------------------------------------------------------------------
                                 BO ITERATION 9                                 
--------------------------------------------------------------------------------
| Evaluating objective function at 1.364E+02 9.670E+01 0.000E+00
| Objective function evaluated, time [s]       25.300
| Data point added to dataset (x i y): 
  1.3638895170E+02  9.6701981573E+01  0.0000000000E+00      -2.0299118284E+05

| Total ensemble size: 41
| Best acquisition, x_best i_best y_best:
  8.1846664950E+01  1.7215850017E+02  0.0000000000E+00      -2.0300895926E+05
| Global minimum prediction, x_hat mu_hat +- nu_hat:
  5.8366641554E+01  1.8278812242E+02  0.0000000000E+00      -2.0301117562E+05  5.0333299241E-02
| Global minimum convergence, d_xhat d_muhat:
  1.2789248214E+00  7.7382628081E-02

| GP model hyperparameters (lengthscales W kappa):
  4.9448019481E-01  3.2008548627E-01  6.2969687119E+00  5.2563692532E+00  1.5480607134E-02  1.6284224112E-02
| Next sampling location (x_next, i_next):
  1.5203534363E+02  2.0244808878E+02  0.0000000000E+00

Iteration time [s]:   27.713        Total time [s]:  258.467

--------------------------------------------------------------------------------
                                BO ITERATION 10                                 
--------------------------------------------------------------------------------
| Evaluating objective function at 1.520E+02 2.024E+02 0.000E+00
| Objective function evaluated, time [s]       24.242
| Data point added to dataset (x i y): 
  1.5203534363E+02  2.0244808878E+02  0.0000000000E+00      -2.0300530187E+05

| Total ensemble size: 42
| Best acquisition, x_best i_best y_best:
  8.1846664950E+01  1.7215850017E+02  0.0000000000E+00      -2.0300895926E+05
| Global minimum prediction, x_hat mu_hat +- nu_hat:
  5.8154854224E+01  1.8356810073E+02  0.0000000000E+00      -2.0301181066E+05  5.7589595592E-02
| Global minimum convergence, d_xhat d_muhat:
  8.0822028727E-01  3.3998219975E-02

| GP model hyperparameters (lengthscales W kappa):
  4.7862078731E-01  2.8585200282E-01 -6.1325522064E+00 -5.0532496995E+00  1.5028787021E-02  1.5626300473E-02
| Next sampling location (x_next, i_next):
  2.7749663699E+02 -2.1041536964E+01  0.0000000000E+00

Iteration time [s]:   26.624        Total time [s]:  285.092

--------------------------------------------------------------------------------
                                BO ITERATION 11                                 
--------------------------------------------------------------------------------
| Evaluating objective function at 2.775E+02 -2.104E+01 0.000E+00
| Objective function evaluated, time [s]       24.330
| Data point added to dataset (x i y): 
  2.7749663699E+02 -2.1041536964E+01  0.0000000000E+00      -2.0300930090E+05

| Total ensemble size: 43
| Best acquisition, x_best i_best y_best:
  2.7749663699E+02 -2.1041536964E+01  0.0000000000E+00      -2.0300930090E+05
| Global minimum prediction, x_hat mu_hat +- nu_hat:
  5.8097863146E+01  1.8454130486E+02  0.0000000000E+00      -2.0301308311E+05  7.5704794860E-02
| Global minimum convergence, d_xhat d_muhat:
  9.7487140621E-01  6.5914920544E-02

| GP model hyperparameters (lengthscales W kappa):
  4.7644631393E-01  2.4267377454E-01 -6.1674220760E+00 -4.8838584656E+00  1.4523745707E-02  1.4918922802E-02
| Next sampling location (x_next, i_next):
  2.0990233371E+02  1.7977029174E+02  0.0000000000E+00

Iteration time [s]:   27.257        Total time [s]:  312.350

--------------------------------------------------------------------------------
                                BO ITERATION 12                                 
--------------------------------------------------------------------------------
| Evaluating objective function at 2.099E+02 1.798E+02 0.000E+00
| Objective function evaluated, time [s]       22.676
| Data point added to dataset (x i y): 
  2.0990233371E+02  1.7977029174E+02  0.0000000000E+00      -2.0300728806E+05

| Total ensemble size: 44
| Best acquisition, x_best i_best y_best:
  2.7749663699E+02 -2.1041536964E+01  0.0000000000E+00      -2.0300930090E+05
| Global minimum prediction, x_hat mu_hat +- nu_hat:
  5.7948212867E+01  1.8408401100E+02  0.0000000000E+00      -2.0301326714E+05  7.1703980727E-02
| Global minimum convergence, d_xhat d_muhat:
  4.8115785502E-01  9.3320880753E-03

| GP model hyperparameters (lengthscales W kappa):
  4.9957461766E-01  2.1260822051E-01 -5.9724490864E+00 -4.8262870037E+00  1.4349745322E-02  1.4598289617E-02
| Next sampling location (x_next, i_next):
  1.4432452583E+02  2.5082504887E+02  0.0000000000E+00

Iteration time [s]:   25.921        Total time [s]:  338.273

--------------------------------------------------------------------------------
                                BO ITERATION 13                                 
--------------------------------------------------------------------------------
| Evaluating objective function at 1.443E+02 2.508E+02 0.000E+00
| Objective function evaluated, time [s]       24.207
| Data point added to dataset (x i y): 
  1.4432452583E+02  2.5082504887E+02  0.0000000000E+00      -2.0299164841E+05

| Total ensemble size: 45
| Best acquisition, x_best i_best y_best:
  2.7749663699E+02 -2.1041536964E+01  0.0000000000E+00      -2.0300930090E+05
| Global minimum prediction, x_hat mu_hat +- nu_hat:
  5.8231206664E+01  1.8435458629E+02  0.0000000000E+00      -2.0301276020E+05  6.9243884371E-02
| Global minimum convergence, d_xhat d_muhat:
  3.9153094025E-01  2.6627811558E-02

| GP model hyperparameters (lengthscales W kappa):
  4.9591335165E-01  2.4605500672E-01 -6.1677522953E+00 -4.8858590181E+00  1.4589883729E-02  1.5023757692E-02
| Next sampling location (x_next, i_next):
 -3.7566473787E+01  1.5682970081E+02  0.0000000000E+00

Iteration time [s]:   27.102        Total time [s]:  365.376

--------------------------------------------------------------------------------
                                BO ITERATION 14                                 
--------------------------------------------------------------------------------
| Evaluating objective function at -3.757E+01 1.568E+02 0.000E+00
| Objective function evaluated, time [s]       24.457
| Data point added to dataset (x i y): 
 -3.7566473787E+01  1.5682970081E+02  0.0000000000E+00      -2.0300574468E+05

| Total ensemble size: 46
| Best acquisition, x_best i_best y_best:
  2.7749663699E+02 -2.1041536964E+01  0.0000000000E+00      -2.0300930090E+05
| Global minimum prediction, x_hat mu_hat +- nu_hat:
  5.8164432580E+01  1.8447908799E+02  0.0000000000E+00      -2.0301304579E+05  7.2212591906E-02
| Global minimum convergence, d_xhat d_muhat:
  1.4127792395E-01  1.4780590965E-02

| GP model hyperparameters (lengthscales W kappa):
  4.9997715883E-01  2.3618013475E-01 -6.1167437534E+00 -4.8610238126E+00  1.4573462001E-02  1.4996547978E-02
| Next sampling location (x_next, i_next):
  2.6875378997E+02  1.7731219185E+02  0.0000000000E+00

Iteration time [s]:   27.450        Total time [s]:  392.828

--------------------------------------------------------------------------------
                                BO ITERATION 15                                 
--------------------------------------------------------------------------------
| Evaluating objective function at 2.688E+02 1.773E+02 0.000E+00
| Objective function evaluated, time [s]       23.726
| Data point added to dataset (x i y): 
  2.6875378997E+02  1.7731219185E+02  0.0000000000E+00      -2.0300756147E+05

| Total ensemble size: 47
| Best acquisition, x_best i_best y_best:
  2.7749663699E+02 -2.1041536964E+01  0.0000000000E+00      -2.0300930090E+05
| Global minimum prediction, x_hat mu_hat +- nu_hat:
  5.7858205839E+01  1.8407467290E+02  0.0000000000E+00      -2.0301308519E+05  6.6979868657E-02
| Global minimum convergence, d_xhat d_muhat:
  5.0727348250E-01  2.0017725734E-03

| GP model hyperparameters (lengthscales W kappa):
  5.2036088010E-01  2.1501148321E-01 -5.9495992959E+00 -4.8615020327E+00  1.4487762579E-02  1.4801326363E-02
| Next sampling location (x_next, i_next):
  2.4504045771E+02  7.2642496738E+01  0.0000000000E+00

Iteration time [s]:   26.978        Total time [s]:  419.807

--------------------------------------------------------------------------------
                                BO ITERATION 16                                 
--------------------------------------------------------------------------------
| Evaluating objective function at 2.450E+02 7.264E+01 0.000E+00
| Objective function evaluated, time [s]       23.900
| Data point added to dataset (x i y): 
  2.4504045771E+02  7.2642496738E+01  0.0000000000E+00      -2.0299040965E+05

| Total ensemble size: 48
| Best acquisition, x_best i_best y_best:
  2.7749663699E+02 -2.1041536964E+01  0.0000000000E+00      -2.0300930090E+05
| Global minimum prediction, x_hat mu_hat +- nu_hat:
  5.8022472135E+01  1.8453621564E+02  0.0000000000E+00      -2.0301287494E+05  7.0370210605E-02
| Global minimum convergence, d_xhat d_muhat:
  4.8990317438E-01  1.0608783066E-02

| GP model hyperparameters (lengthscales W kappa):
  5.1031046742E-01  2.4664102266E-01 -6.2176880347E+00 -4.8892686618E+00  1.4720771784E-02  1.5263179903E-02
| Next sampling location (x_next, i_next):
  5.6767722806E+01  1.9076443801E+02  0.0000000000E+00

Iteration time [s]:   26.982        Total time [s]:  446.790

--------------------------------------------------------------------------------
                                BO ITERATION 17                                 
--------------------------------------------------------------------------------
| Evaluating objective function at 5.677E+01 1.908E+02 0.000E+00
| Objective function evaluated, time [s]       25.133
| Data point added to dataset (x i y): 
  5.6767722806E+01  1.9076443801E+02  0.0000000000E+00      -2.0300897022E+05

| Total ensemble size: 49
| Best acquisition, x_best i_best y_best:
  2.7749663699E+02 -2.1041536964E+01  0.0000000000E+00      -2.0300930090E+05
| Global minimum prediction, x_hat mu_hat +- nu_hat:
  5.9847069115E+01  1.8036014691E+02  0.0000000000E+00      -2.0301072383E+05  2.5656949746E-02
| Global minimum convergence, d_xhat d_muhat:
  4.5572693802E+00  1.0635200913E-01

| GP model hyperparameters (lengthscales W kappa):
  6.4588061485E-01  1.8542390898E-01 -5.5582465561E+00 -5.4691862749E+00  1.4130309811E-02  1.4138601412E-02
| Next sampling location (x_next, i_next):
 -1.0221191671E+01  2.1492835303E+02  0.0000000000E+00

Iteration time [s]:   29.239        Total time [s]:  476.029

--------------------------------------------------------------------------------
                                BO ITERATION 18                                 
--------------------------------------------------------------------------------
| Evaluating objective function at -1.022E+01 2.149E+02 0.000E+00
| Objective function evaluated, time [s]       22.771
| Data point added to dataset (x i y): 
 -1.0221191671E+01  2.1492835303E+02  0.0000000000E+00      -2.0300218891E+05

| Total ensemble size: 50
| Best acquisition, x_best i_best y_best:
  2.7749663699E+02 -2.1041536964E+01  0.0000000000E+00      -2.0300930090E+05
| Global minimum prediction, x_hat mu_hat +- nu_hat:
  5.8844143302E+01  1.8054245549E+02  0.0000000000E+00      -2.0301086340E+05  2.6581076850E-02
| Global minimum convergence, d_xhat d_muhat:
  1.0193608805E+00  6.8906354911E-03

| GP model hyperparameters (lengthscales W kappa):
  6.3887356742E-01  1.8285553849E-01 -5.5632258994E+00 -5.4103771495E+00  1.4197848198E-02  1.4215008680E-02
| Next sampling location (x_next, i_next):
 -1.0911800251E+01  2.9125063722E+02  0.0000000000E+00

Iteration time [s]:   26.425        Total time [s]:  502.456

--------------------------------------------------------------------------------
                                BO ITERATION 19                                 
--------------------------------------------------------------------------------
| Evaluating objective function at -1.091E+01 2.913E+02 0.000E+00
| Objective function evaluated, time [s]       23.956
| Data point added to dataset (x i y): 
 -1.0911800251E+01  2.9125063722E+02  0.0000000000E+00      -2.0299115836E+05

| Total ensemble size: 51
| Best acquisition, x_best i_best y_best:
  2.7749663699E+02 -2.1041536964E+01  0.0000000000E+00      -2.0300930090E+05
| Global minimum prediction, x_hat mu_hat +- nu_hat:
  5.8619407665E+01  1.8053563898E+02  0.0000000000E+00      -2.0301113326E+05  2.9848873452E-02
| Global minimum convergence, d_xhat d_muhat:
  2.2483898936E-01  1.3659832122E-02

| GP model hyperparameters (lengthscales W kappa):
  6.4350095607E-01  1.7279255708E-01 -5.7803802913E+00 -5.1925225064E+00  1.4191394358E-02  1.4259574356E-02
| Next sampling location (x_next, i_next):
  1.5198016324E+02  1.8590448942E+02  0.0000000000E+00

Iteration time [s]:   27.908        Total time [s]:  530.365

--------------------------------------------------------------------------------
                                BO ITERATION 20                                 
--------------------------------------------------------------------------------
| Evaluating objective function at 1.520E+02 1.859E+02 0.000E+00
| Objective function evaluated, time [s]       23.389
| Data point added to dataset (x i y): 
  1.5198016324E+02  1.8590448942E+02  0.0000000000E+00      -2.0300769745E+05

| Total ensemble size: 52
| Best acquisition, x_best i_best y_best:
  2.7749663699E+02 -2.1041536964E+01  0.0000000000E+00      -2.0300930090E+05
| Global minimum prediction, x_hat mu_hat +- nu_hat:
  5.8552306013E+01  1.8054973303E+02  0.0000000000E+00      -2.0301104209E+05  2.8450518803E-02
| Global minimum convergence, d_xhat d_muhat:
  6.8565838165E-02  4.5464061824E-03

| GP model hyperparameters (lengthscales W kappa):
  6.7295223576E-01  1.6165229209E-01 -5.6741053099E+00 -5.3062305964E+00  1.4049514522E-02  1.4070336224E-02
| Next sampling location (x_next, i_next):
  1.6418881051E+02 -1.3996301736E+01  0.0000000000E+00

Iteration time [s]:   27.390        Total time [s]:  557.756

--------------------------------------------------------------------------------
                                BO ITERATION 21                                 
--------------------------------------------------------------------------------
| Evaluating objective function at 1.642E+02 -1.400E+01 0.000E+00
| Objective function evaluated, time [s]       24.353
| Data point added to dataset (x i y): 
  1.6418881051E+02 -1.3996301736E+01  0.0000000000E+00      -2.0299831916E+05

| Total ensemble size: 53
| Best acquisition, x_best i_best y_best:
  2.7749663699E+02 -2.1041536964E+01  0.0000000000E+00      -2.0300930090E+05
| Global minimum prediction, x_hat mu_hat +- nu_hat:
  5.8732830470E+01  1.8054570173E+02  0.0000000000E+00      -2.0301096795E+05  2.8679478223E-02
| Global minimum convergence, d_xhat d_muhat:
  1.8056946333E-01  3.7225974658E-03

| GP model hyperparameters (lengthscales W kappa):
  6.3630427565E-01  1.6683429549E-01 -5.7740064937E+00 -5.3661531850E+00  1.4077646968E-02  1.4105134393E-02
| Next sampling location (x_next, i_next):
 -2.7131897154E+01 -2.7805749734E+01  0.0000000000E+00

Iteration time [s]:   28.536        Total time [s]:  586.293

--------------------------------------------------------------------------------
                                BO ITERATION 22                                 
--------------------------------------------------------------------------------
| Evaluating objective function at -2.713E+01 -2.781E+01 0.000E+00
| Objective function evaluated, time [s]       24.316
| Data point added to dataset (x i y): 
 -2.7131897154E+01 -2.7805749734E+01  0.0000000000E+00      -2.0299804178E+05

| Total ensemble size: 54
| Best acquisition, x_best i_best y_best:
  2.7749663699E+02 -2.1041536964E+01  0.0000000000E+00      -2.0300930090E+05
| Global minimum prediction, x_hat mu_hat +- nu_hat:
  5.8319616094E+01  1.8052750691E+02  0.0000000000E+00      -2.0301129504E+05  3.1556222713E-02
| Global minimum convergence, d_xhat d_muhat:
  4.1361476247E-01  1.6534962892E-02

| GP model hyperparameters (lengthscales W kappa):
  5.5998593198E-01  1.5634406843E-01 -5.8881414019E+00 -5.2241401461E+00  1.4093889520E-02  1.4143826172E-02
| Next sampling location (x_next, i_next):
  5.1517297101E+01  4.7459373397E+00  0.0000000000E+00

Iteration time [s]:   29.123        Total time [s]:  615.419

--------------------------------------------------------------------------------
                                BO ITERATION 23                                 
--------------------------------------------------------------------------------
| Evaluating objective function at 5.152E+01 4.746E+00 0.000E+00
| Objective function evaluated, time [s]       26.405
| Data point added to dataset (x i y): 
  5.1517297101E+01  4.7459373397E+00  0.0000000000E+00      -2.0300353207E+05

| Total ensemble size: 55
| Best acquisition, x_best i_best y_best:
  2.7749663699E+02 -2.1041536964E+01  0.0000000000E+00      -2.0300930090E+05
| Global minimum prediction, x_hat mu_hat +- nu_hat:
  5.8191343092E+01  1.8053097395E+02  0.0000000000E+00      -2.0301131626E+05  3.1408334403E-02
| Global minimum convergence, d_xhat d_muhat:
  1.2831984861E-01  1.0679278167E-03

| GP model hyperparameters (lengthscales W kappa):
  5.6162462240E-01  1.5490179470E-01 -5.8499640719E+00 -5.2284902796E+00  1.4085371016E-02  1.4131933171E-02
| Next sampling location (x_next, i_next):
 -9.0770533383E+00  1.3703078903E+02  0.0000000000E+00

Iteration time [s]:   31.401        Total time [s]:  646.821

--------------------------------------------------------------------------------
                                BO ITERATION 24                                 
--------------------------------------------------------------------------------
| Evaluating objective function at -9.077E+00 1.370E+02 0.000E+00
| Objective function evaluated, time [s]       23.958
| Data point added to dataset (x i y): 
 -9.0770533383E+00  1.3703078903E+02  0.0000000000E+00      -2.0299972388E+05

| Total ensemble size: 56
| Best acquisition, x_best i_best y_best:
  2.7749663699E+02 -2.1041536964E+01  0.0000000000E+00      -2.0300930090E+05
| Global minimum prediction, x_hat mu_hat +- nu_hat:
  5.8404674031E+01  1.8053166378E+02  0.0000000000E+00      -2.0301125425E+05  3.1186375345E-02
| Global minimum convergence, d_xhat d_muhat:
  2.1333205493E-01  3.1290338486E-03

| GP model hyperparameters (lengthscales W kappa):
  5.6140353443E-01  1.5663284537E-01 -5.8061273196E+00 -5.1899187604E+00  1.4095102819E-02  1.4144102558E-02
| Next sampling location (x_next, i_next):
  2.6974808269E+02 -4.1813657700E+01  0.0000000000E+00

Iteration time [s]:   29.020        Total time [s]:  675.843

--------------------------------------------------------------------------------
                                BO ITERATION 25                                 
--------------------------------------------------------------------------------
| Evaluating objective function at 2.697E+02 -4.181E+01 0.000E+00
| Objective function evaluated, time [s]       24.215
| Data point added to dataset (x i y): 
  2.6974808269E+02 -4.1813657700E+01  0.0000000000E+00      -2.0300302196E+05

| Total ensemble size: 57
| Best acquisition, x_best i_best y_best:
  2.7749663699E+02 -2.1041536964E+01  0.0000000000E+00      -2.0300930090E+05
| Global minimum prediction, x_hat mu_hat +- nu_hat:
  5.8178901723E+01  1.8052492428E+02  0.0000000000E+00      -2.0301132890E+05  3.1511452980E-02
| Global minimum convergence, d_xhat d_muhat:
  2.2587287558E-01  3.7538642296E-03

| GP model hyperparameters (lengthscales W kappa):
  5.7110485138E-01  1.4782365312E-01 -5.7021168709E+00 -5.0969391395E+00  1.4024989067E-02  1.4056004670E-02
| Next sampling location (x_next, i_next):
  2.4268462893E+02  1.9316162819E+02  0.0000000000E+00

Iteration time [s]:   29.773        Total time [s]:  705.618

--------------------------------------------------------------------------------
                                BO ITERATION 26                                 
--------------------------------------------------------------------------------
| Evaluating objective function at 2.427E+02 1.932E+02 0.000E+00
| Objective function evaluated, time [s]       23.452
| Data point added to dataset (x i y): 
  2.4268462893E+02  1.9316162819E+02  0.0000000000E+00      -2.0300568816E+05

| Total ensemble size: 58
| Best acquisition, x_best i_best y_best:
  2.7749663699E+02 -2.1041536964E+01  0.0000000000E+00      -2.0300930090E+05
| Global minimum prediction, x_hat mu_hat +- nu_hat:
  5.7941473009E+01  1.8052078601E+02  0.0000000000E+00      -2.0301138007E+05  3.1361583923E-02
| Global minimum convergence, d_xhat d_muhat:
  2.3746477549E-01  2.5532384110E-03

| GP model hyperparameters (lengthscales W kappa):
  5.7720079455E-01  1.4572306588E-01 -5.6753866065E+00 -5.1276595402E+00  1.4026668998E-02  1.4058630042E-02
| Next sampling location (x_next, i_next):
  2.0855974252E+02  2.7402860376E+02  0.0000000000E+00

Iteration time [s]:   28.150        Total time [s]:  733.770

--------------------------------------------------------------------------------
                                BO ITERATION 27                                 
--------------------------------------------------------------------------------
| Evaluating objective function at 2.086E+02 2.740E+02 0.000E+00
| Objective function evaluated, time [s]       25.137
| Data point added to dataset (x i y): 
  2.0855974252E+02  2.7402860376E+02  0.0000000000E+00      -2.0298844760E+05

| Total ensemble size: 59
| Best acquisition, x_best i_best y_best:
  2.7749663699E+02 -2.1041536964E+01  0.0000000000E+00      -2.0300930090E+05
| Global minimum prediction, x_hat mu_hat +- nu_hat:
  5.8489933604E+01  1.8052198782E+02  0.0000000000E+00      -2.0301129669E+05  3.2150059981E-02
| Global minimum convergence, d_xhat d_muhat:
  5.4846191129E-01  3.8678532878E-03

| GP model hyperparameters (lengthscales W kappa):
  5.6338284436E-01  1.5794089870E-01 -5.8469794524E+00 -5.0903791330E+00  1.4168802502E-02  1.4255350924E-02
| Next sampling location (x_next, i_next):
 -9.4072090698E+00  1.7142668716E+02  0.0000000000E+00

Iteration time [s]:   29.688        Total time [s]:  763.460

--------------------------------------------------------------------------------
                                BO ITERATION 28                                 
--------------------------------------------------------------------------------
| Evaluating objective function at -9.407E+00 1.714E+02 0.000E+00
| Objective function evaluated, time [s]       23.778
| Data point added to dataset (x i y): 
 -9.4072090698E+00  1.7142668716E+02  0.0000000000E+00      -2.0300738523E+05

| Total ensemble size: 60
| Best acquisition, x_best i_best y_best:
  2.7749663699E+02 -2.1041536964E+01  0.0000000000E+00      -2.0300930090E+05
| Global minimum prediction, x_hat mu_hat +- nu_hat:
  5.8574831380E+01  1.8055308843E+02  0.0000000000E+00      -2.0301106436E+05  3.0673830254E-02
| Global minimum convergence, d_xhat d_muhat:
  9.0415041944E-02  1.0672497590E-02

| GP model hyperparameters (lengthscales W kappa):
  5.6585170791E-01  1.5226760895E-01 -5.7557542804E+00 -5.2354302215E+00  1.4176017435E-02  1.4230423700E-02
| Next sampling location (x_next, i_next):
  1.8360423079E+02  1.5712352812E+02  0.0000000000E+00

Iteration time [s]:   29.001        Total time [s]:  792.462

--------------------------------------------------------------------------------
                                BO ITERATION 29                                 
--------------------------------------------------------------------------------
| Evaluating objective function at 1.836E+02 1.571E+02 0.000E+00
| Objective function evaluated, time [s]       22.997
| Data point added to dataset (x i y): 
  1.8360423079E+02  1.5712352812E+02  0.0000000000E+00      -2.0300517059E+05

| Total ensemble size: 61
| Best acquisition, x_best i_best y_best:
  2.7749663699E+02 -2.1041536964E+01  0.0000000000E+00      -2.0300930090E+05
| Global minimum prediction, x_hat mu_hat +- nu_hat:
  5.8494794423E+01  1.8055939094E+02  0.0000000000E+00      -2.0301112626E+05  3.0562326963E-02
| Global minimum convergence, d_xhat d_muhat:
  8.0284719014E-02  2.8270459993E-03

| GP model hyperparameters (lengthscales W kappa):
  5.7031867407E-01  1.5091895125E-01 -5.7577233220E+00 -5.2729141841E+00  1.4179674572E-02  1.4234120948E-02
| Next sampling location (x_next, i_next):
  2.7646037174E+02 -6.0692822038E+00  0.0000000000E+00

Iteration time [s]:   28.146        Total time [s]:  820.609

--------------------------------------------------------------------------------
                                BO ITERATION 30                                 
--------------------------------------------------------------------------------
| Evaluating objective function at 2.765E+02 -6.069E+00 0.000E+00
| Objective function evaluated, time [s]       24.329
| Data point added to dataset (x i y): 
  2.7646037174E+02 -6.0692822038E+00  0.0000000000E+00      -2.0301054511E+05

| Total ensemble size: 62
| Best acquisition, x_best i_best y_best:
  2.7646037174E+02 -6.0692822038E+00  0.0000000000E+00      -2.0301054511E+05
| Global minimum prediction, x_hat mu_hat +- nu_hat:
  2.6836886150E+02 -1.1905816311E+01  0.0000000000E+00      -2.0301147659E+05  2.5938860243E-01
| Global minimum convergence, d_xhat d_muhat:
  2.8476302434E+02  1.5790643951E-02

| GP model hyperparameters (lengthscales W kappa):
  5.5743760496E-01  1.4939292680E-01 -5.7878704058E+00 -5.3394860578E+00  1.4264131642E-02  1.4330335074E-02
| Next sampling location (x_next, i_next):
  1.2631077567E+02  2.2585661618E+02  0.0000000000E+00

Iteration time [s]:   29.598        Total time [s]:  850.209

--------------------------------------------------------------------------------
                                BO ITERATION 31                                 
--------------------------------------------------------------------------------
| Evaluating objective function at 1.263E+02 2.259E+02 0.000E+00
| Objective function evaluated, time [s]       24.154
| Data point added to dataset (x i y): 
  1.2631077567E+02  2.2585661618E+02  0.0000000000E+00      -2.0299866202E+05

| Total ensemble size: 63
| Best acquisition, x_best i_best y_best:
  2.7646037174E+02 -6.0692822038E+00  0.0000000000E+00      -2.0301054511E+05
| Global minimum prediction, x_hat mu_hat +- nu_hat:
  2.6872960289E+02 -1.1847508524E+01  0.0000000000E+00      -2.0301143920E+05  2.4074440101E-01
| Global minimum convergence, d_xhat d_muhat:
  3.6542325428E-01  1.6920487611E-03

| GP model hyperparameters (lengthscales W kappa):
  5.5552613317E-01  1.5056181808E-01 -5.7243574274E+00 -5.2893454243E+00  1.4306374074E-02  1.4377553771E-02
| Next sampling location (x_next, i_next):
 -5.0000000000E+01  5.1307305363E+01  0.0000000000E+00

Iteration time [s]:   29.401        Total time [s]:  879.612

--------------------------------------------------------------------------------
                                BO ITERATION 32                                 
--------------------------------------------------------------------------------
| Evaluating objective function at -5.000E+01 5.131E+01 0.000E+00
| Objective function evaluated, time [s]       25.504
| Data point added to dataset (x i y): 
 -5.0000000000E+01  5.1307305363E+01  0.0000000000E+00      -2.0299172953E+05

| Total ensemble size: 64
| Best acquisition, x_best i_best y_best:
  2.7646037174E+02 -6.0692822038E+00  0.0000000000E+00      -2.0301054511E+05
| Global minimum prediction, x_hat mu_hat +- nu_hat:
  2.6985864605E+02 -1.1587272928E+01  0.0000000000E+00      -2.0301127404E+05  1.7889468718E-01
| Global minimum convergence, d_xhat d_muhat:
  1.1586461981E+00  7.4744555098E-03

| GP model hyperparameters (lengthscales W kappa):
  5.4680056321E-01  1.5816393638E-01 -5.7081681574E+00 -5.2043844987E+00  1.4395574011E-02  1.4501180721E-02
| Next sampling location (x_next, i_next):
  9.3535541095E+01 -3.6183543215E+00  0.0000000000E+00

Iteration time [s]:   31.005        Total time [s]:  910.618

--------------------------------------------------------------------------------
                                BO ITERATION 33                                 
--------------------------------------------------------------------------------
| Evaluating objective function at 9.354E+01 -3.618E+00 0.000E+00
| Objective function evaluated, time [s]       24.679
| Data point added to dataset (x i y): 
  9.3535541095E+01 -3.6183543215E+00  0.0000000000E+00      -2.0299745747E+05

| Total ensemble size: 65
| Best acquisition, x_best i_best y_best:
  2.7646037174E+02 -6.0692822038E+00  0.0000000000E+00      -2.0301054511E+05
| Global minimum prediction, x_hat mu_hat +- nu_hat:
  2.7012260921E+02 -1.1448293546E+01  0.0000000000E+00      -2.0301118389E+05  1.6915563328E-01
| Global minimum convergence, d_xhat d_muhat:
  2.9831496807E-01  4.0795153484E-03

| GP model hyperparameters (lengthscales W kappa):
  5.3669993288E-01  1.6080059646E-01 -5.7542044549E+00 -5.1872652815E+00  1.4446801138E-02  1.4574838821E-02
| Next sampling location (x_next, i_next):
  2.6005958834E+02 -1.3569627491E+01  0.0000000000E+00

Iteration time [s]:   29.889        Total time [s]:  940.509

--------------------------------------------------------------------------------
                                BO ITERATION 34                                 
--------------------------------------------------------------------------------
| Evaluating objective function at 2.601E+02 -1.357E+01 0.000E+00
| Objective function evaluated, time [s]       24.516
| Data point added to dataset (x i y): 
  2.6005958834E+02 -1.3569627491E+01  0.0000000000E+00      -2.0301116360E+05

| Total ensemble size: 66
| Best acquisition, x_best i_best y_best:
  2.6005958834E+02 -1.3569627491E+01  0.0000000000E+00      -2.0301116360E+05
| Global minimum prediction, x_hat mu_hat +- nu_hat:
  2.6818667671E+02 -1.1956439515E+01  0.0000000000E+00      -2.0301140681E+05  3.1967420241E-02
| Global minimum convergence, d_xhat d_muhat:
  2.0015111753E+00  9.8134104701E-03

| GP model hyperparameters (lengthscales W kappa):
  5.5046969365E-01  1.5491322201E-01 -5.7839605793E+00 -5.2675993600E+00  1.4442189059E-02  1.4564233129E-02
| Next sampling location (x_next, i_next):
 -2.8990395452E+01  1.9460087170E+02  0.0000000000E+00

Iteration time [s]:   29.721        Total time [s]:  970.233

--------------------------------------------------------------------------------
                                BO ITERATION 35                                 
--------------------------------------------------------------------------------
| Evaluating objective function at -2.899E+01 1.946E+02 0.000E+00
| Objective function evaluated, time [s]       23.796
| Data point added to dataset (x i y): 
 -2.8990395452E+01  1.9460087170E+02  0.0000000000E+00      -2.0300696904E+05

| Total ensemble size: 67
| Best acquisition, x_best i_best y_best:
  2.6005958834E+02 -1.3569627491E+01  0.0000000000E+00      -2.0301116360E+05
| Global minimum prediction, x_hat mu_hat +- nu_hat:
  2.6818006049E+02 -1.1972370611E+01  0.0000000000E+00      -2.0301140051E+05  3.2335389009E-02
| Global minimum convergence, d_xhat d_muhat:
  1.7250338751E-02  2.7735004173E-04

| GP model hyperparameters (lengthscales W kappa):
  5.5613528788E-01  1.5373758308E-01  5.7933768621E+00  5.3384635323E+00  1.4476010078E-02  1.4582544840E-02
| Next sampling location (x_next, i_next):
  1.1895302037E+02  6.8560683897E+01  0.0000000000E+00

Iteration time [s]:   29.229        Total time [s]:  999.463

--------------------------------------------------------------------------------
                                BO ITERATION 36                                 
--------------------------------------------------------------------------------
| Evaluating objective function at 1.190E+02 6.856E+01 0.000E+00
| Objective function evaluated, time [s]       23.893
| Data point added to dataset (x i y): 
  1.1895302037E+02  6.8560683897E+01  0.0000000000E+00      -2.0299039541E+05

| Total ensemble size: 68
| Best acquisition, x_best i_best y_best:
  2.6005958834E+02 -1.3569627491E+01  0.0000000000E+00      -2.0301116360E+05
| Global minimum prediction, x_hat mu_hat +- nu_hat:
  2.6807558889E+02 -1.1942189559E+01  0.0000000000E+00      -2.0301140658E+05  2.7987639637E-02
| Global minimum convergence, d_xhat d_muhat:
  1.0874378146E-01  2.6735614387E-04

| GP model hyperparameters (lengthscales W kappa):
  5.5404294520E-01  1.5908785253E-01 -5.8300146329E+00 -5.2530349654E+00  1.4555914507E-02  1.4716184982E-02
| Next sampling location (x_next, i_next):
 -4.5203455077E+00  4.8016306618E+00  0.0000000000E+00

Iteration time [s]:   29.612        Total time [s]: 1029.077

--------------------------------------------------------------------------------
                                BO ITERATION 37                                 
--------------------------------------------------------------------------------
| Evaluating objective function at -4.520E+00 4.802E+00 0.000E+00
| Objective function evaluated, time [s]       24.702
| Data point added to dataset (x i y): 
 -4.5203455077E+00  4.8016306618E+00  0.0000000000E+00      -2.0299026568E+05

| Total ensemble size: 69
| Best acquisition, x_best i_best y_best:
  2.6005958834E+02 -1.3569627491E+01  0.0000000000E+00      -2.0301116360E+05
| Global minimum prediction, x_hat mu_hat +- nu_hat:
  2.7409400039E+02 -1.2027091366E+01  0.0000000000E+00      -2.0301182663E+05  1.0149365973E-01
| Global minimum convergence, d_xhat d_muhat:
  6.0190103239E+00  1.8491206374E-02

| GP model hyperparameters (lengthscales W kappa):
  4.7657486721E-01  1.5188931454E-01 -6.1135479064E+00 -5.3137018653E+00  1.4169937519E-02  1.4258125585E-02
| Next sampling location (x_next, i_next):
  5.6479945763E+01  2.2595415028E+01  0.0000000000E+00

Iteration time [s]:   31.157        Total time [s]: 1060.237

--------------------------------------------------------------------------------
                                BO ITERATION 38                                 
--------------------------------------------------------------------------------
| Evaluating objective function at 5.648E+01 2.260E+01 0.000E+00
| Objective function evaluated, time [s]       24.030
| Data point added to dataset (x i y): 
  5.6479945763E+01  2.2595415028E+01  0.0000000000E+00      -2.0300131617E+05

| Total ensemble size: 70
| Best acquisition, x_best i_best y_best:
  2.6005958834E+02 -1.3569627491E+01  0.0000000000E+00      -2.0301116360E+05
| Global minimum prediction, x_hat mu_hat +- nu_hat:
  2.7409342612E+02 -1.2029366101E+01  0.0000000000E+00      -2.0301182539E+05  9.9062334654E-02
| Global minimum convergence, d_xhat d_muhat:
  2.3461061007E-03  5.4686231808E-05

| GP model hyperparameters (lengthscales W kappa):
  4.7691681023E-01  1.5223067453E-01 -6.0769394155E+00 -5.2966226491E+00  1.4178861609E-02  1.4268582339E-02
| Next sampling location (x_next, i_next):
  2.5369524016E+02  2.4432013679E+02  0.0000000000E+00

Iteration time [s]:   30.248        Total time [s]: 1090.488

--------------------------------------------------------------------------------
                                BO ITERATION 39                                 
--------------------------------------------------------------------------------
| Evaluating objective function at 2.537E+02 2.443E+02 0.000E+00
| Objective function evaluated, time [s]       26.322
| Data point added to dataset (x i y): 
  2.5369524016E+02  2.4432013679E+02  0.0000000000E+00      -2.0299207424E+05

| Total ensemble size: 71
| Best acquisition, x_best i_best y_best:
  2.6005958834E+02 -1.3569627491E+01  0.0000000000E+00      -2.0301116360E+05
| Global minimum prediction, x_hat mu_hat +- nu_hat:
  2.6147422176E+02 -7.2686523885E+00  0.0000000000E+00      -2.0301157588E+05  1.3913273723E-01
| Global minimum convergence, d_xhat d_muhat:
  1.3487353843E+01  1.0983960393E-02

| GP model hyperparameters (lengthscales W kappa):
  2.9776513417E-01  2.8712359476E-01 -6.5499902623E+00 -5.5232212094E+00  1.9618168153E-02  2.3547994293E-02
| Next sampling location (x_next, i_next):
  6.9406963355E+01  2.7653906271E+02  0.0000000000E+00

Iteration time [s]:   31.773        Total time [s]: 1122.264

--------------------------------------------------------------------------------
                                BO ITERATION 40                                 
--------------------------------------------------------------------------------
| Evaluating objective function at 6.941E+01 2.765E+02 0.000E+00
| Objective function evaluated, time [s]       24.695
| Data point added to dataset (x i y): 
  6.9406963355E+01  2.7653906271E+02  0.0000000000E+00      -2.0299082062E+05

| Total ensemble size: 72
| Best acquisition, x_best i_best y_best:
  2.6005958834E+02 -1.3569627491E+01  0.0000000000E+00      -2.0301116360E+05
| Global minimum prediction, x_hat mu_hat +- nu_hat:
  2.6192691420E+02 -7.2553039328E+00  0.0000000000E+00      -2.0301158034E+05  1.1393477050E-01
| Global minimum convergence, d_xhat d_muhat:
  4.5288920233E-01  1.9631064479E-04

| GP model hyperparameters (lengthscales W kappa):
  3.0144678773E-01  3.0357667269E-01 -6.5815101104E+00 -5.5094966853E+00  2.1071141955E-02  2.6933699858E-02
| Next sampling location (x_next, i_next):
  2.5619601113E+02  1.5150748445E+01  0.0000000000E+00

Iteration time [s]:   30.211        Total time [s]: 1152.476

--------------------------------------------------------------------------------
                                BO ITERATION 41                                 
--------------------------------------------------------------------------------
| Evaluating objective function at 2.562E+02 1.515E+01 0.000E+00
| Objective function evaluated, time [s]       25.538
| Data point added to dataset (x i y): 
  2.5619601113E+02  1.5150748445E+01  0.0000000000E+00      -2.0300901132E+05

| Total ensemble size: 73
| Best acquisition, x_best i_best y_best:
  2.6005958834E+02 -1.3569627491E+01  0.0000000000E+00      -2.0301116360E+05
| Global minimum prediction, x_hat mu_hat +- nu_hat:
  2.6043103863E+02 -4.5846260376E+00  0.0000000000E+00      -2.0301183115E+05  1.0029887455E-01
| Global minimum convergence, d_xhat d_muhat:
  3.0610723844E+00  1.1041450374E-02

| GP model hyperparameters (lengthscales W kappa):
  2.9353302446E-01  3.0373584377E-01  6.6658729297E+00  5.5814134146E+00  2.1089900457E-02  2.7046026333E-02
| Next sampling location (x_next, i_next):
  1.8091619726E+02  1.9039043065E+02  0.0000000000E+00

Iteration time [s]:   31.065        Total time [s]: 1183.542

--------------------------------------------------------------------------------
                                BO ITERATION 42                                 
--------------------------------------------------------------------------------
| Evaluating objective function at 1.809E+02 1.904E+02 0.000E+00
| Objective function evaluated, time [s]       23.360
| Data point added to dataset (x i y): 
  1.8091619726E+02  1.9039043065E+02  0.0000000000E+00      -2.0300739439E+05

| Total ensemble size: 74
| Best acquisition, x_best i_best y_best:
  2.6005958834E+02 -1.3569627491E+01  0.0000000000E+00      -2.0301116360E+05
| Global minimum prediction, x_hat mu_hat +- nu_hat:
  2.6011807291E+02 -4.5135072585E+00  0.0000000000E+00      -2.0301183944E+05  1.1565384572E-01
| Global minimum convergence, d_xhat d_muhat:
  3.2094457919E-01  3.6479250496E-04

| GP model hyperparameters (lengthscales W kappa):
  2.9165641619E-01  2.9531712092E-01  6.6388424260E+00  5.5819065186E+00  2.0769120579E-02  2.6114346068E-02
| Next sampling location (x_next, i_next):
  2.9215127650E+02  1.5698663448E+02  0.0000000000E+00

Iteration time [s]:   30.176        Total time [s]: 1213.719

--------------------------------------------------------------------------------
                                BO ITERATION 43                                 
--------------------------------------------------------------------------------
| Evaluating objective function at 2.922E+02 1.570E+02 0.000E+00
| Objective function evaluated, time [s]       24.080
| Data point added to dataset (x i y): 
  2.9215127650E+02  1.5698663448E+02  0.0000000000E+00      -2.0300577033E+05

| Total ensemble size: 75
| Best acquisition, x_best i_best y_best:
  2.6005958834E+02 -1.3569627491E+01  0.0000000000E+00      -2.0301116360E+05
| Global minimum prediction, x_hat mu_hat +- nu_hat:
  2.5988812839E+02 -4.4683264804E+00  0.0000000000E+00      -2.0301184507E+05  1.2604578448E-01
| Global minimum convergence, d_xhat d_muhat:
  2.3434117560E-01  2.4780372830E-04

| GP model hyperparameters (lengthscales W kappa):
  2.9100851016E-01  2.9006494534E-01 -6.6216819020E+00 -5.5841891015E+00  2.0735126090E-02  2.5917272759E-02
| Next sampling location (x_next, i_next):
  1.2266076357E+02  1.7973469462E+02  0.0000000000E+00

Iteration time [s]:   29.743        Total time [s]: 1243.462

--------------------------------------------------------------------------------
                                BO ITERATION 44                                 
--------------------------------------------------------------------------------
| Evaluating objective function at 1.227E+02 1.797E+02 0.000E+00
| Objective function evaluated, time [s]       24.533
| Data point added to dataset (x i y): 
  1.2266076357E+02  1.7973469462E+02  0.0000000000E+00      -2.0300777232E+05

| Total ensemble size: 76
| Best acquisition, x_best i_best y_best:
  2.6005958834E+02 -1.3569627491E+01  0.0000000000E+00      -2.0301116360E+05
| Global minimum prediction, x_hat mu_hat +- nu_hat:
  2.5962552360E+02 -4.4071029631E+00  0.0000000000E+00      -2.0301185597E+05  1.4333597882E-01
| Global minimum convergence, d_xhat d_muhat:
  2.6964716700E-01  4.7968599481E-04

| GP model hyperparameters (lengthscales W kappa):
  2.8736834225E-01  2.8456848198E-01 -6.6141851410E+00 -5.6176340844E+00  2.0556534396E-02  2.5209984480E-02
| Next sampling location (x_next, i_next):
  6.3806159325E+01  8.0724388926E+01  0.0000000000E+00

Iteration time [s]:   30.410        Total time [s]: 1273.874

--------------------------------------------------------------------------------
                                BO ITERATION 45                                 
--------------------------------------------------------------------------------
| Evaluating objective function at 6.381E+01 8.072E+01 0.000E+00
| Objective function evaluated, time [s]       22.614
| Data point added to dataset (x i y): 
  6.3806159325E+01  8.0724388926E+01  0.0000000000E+00      -2.0299006484E+05

| Total ensemble size: 77
| Best acquisition, x_best i_best y_best:
  2.6005958834E+02 -1.3569627491E+01  0.0000000000E+00      -2.0301116360E+05
| Global minimum prediction, x_hat mu_hat +- nu_hat:
  2.6016623049E+02 -4.5113828172E+00  0.0000000000E+00      -2.0301183815E+05  1.0042957713E-01
| Global minimum convergence, d_xhat d_muhat:
  5.5067070757E-01  7.8434611018E-04

| GP model hyperparameters (lengthscales W kappa):
  2.9390089872E-01  3.0473264456E-01 -6.6594904494E+00 -5.6019679485E+00  2.3695963745E-02  3.3362256664E-02
| Next sampling location (x_next, i_next):
  9.1450070472E+00  1.8701484399E+02  0.0000000000E+00

Iteration time [s]:   28.536        Total time [s]: 1302.412

--------------------------------------------------------------------------------
                                BO ITERATION 46                                 
--------------------------------------------------------------------------------
| Evaluating objective function at 9.145E+00 1.870E+02 0.000E+00
| Objective function evaluated, time [s]       24.360
| Data point added to dataset (x i y): 
  9.1450070472E+00  1.8701484399E+02  0.0000000000E+00      -2.0300778098E+05

| Total ensemble size: 78
| Best acquisition, x_best i_best y_best:
  2.6005958834E+02 -1.3569627491E+01  0.0000000000E+00      -2.0301116360E+05
| Global minimum prediction, x_hat mu_hat +- nu_hat:
  2.6026878627E+02 -5.3228973785E+00  0.0000000000E+00      -2.0301170474E+05  1.3463833475E-01
| Global minimum convergence, d_xhat d_muhat:
  8.1796917514E-01  5.8727614577E-03

| GP model hyperparameters (lengthscales W kappa):
  3.1350966752E-01  2.5016086919E-01 -6.3005419294E+00 -5.7198733132E+00  1.9865187690E-02  2.1863464129E-02
| Next sampling location (x_next, i_next):
  1.5520088973E+02  1.3585790751E+02  0.0000000000E+00

Iteration time [s]:   30.455        Total time [s]: 1332.868

--------------------------------------------------------------------------------
                                BO ITERATION 47                                 
--------------------------------------------------------------------------------
| Evaluating objective function at 1.552E+02 1.359E+02 0.000E+00
| Objective function evaluated, time [s]       24.515
| Data point added to dataset (x i y): 
  1.5520088973E+02  1.3585790751E+02  0.0000000000E+00      -2.0299957159E+05

| Total ensemble size: 79
| Best acquisition, x_best i_best y_best:
  2.6005958834E+02 -1.3569627491E+01  0.0000000000E+00      -2.0301116360E+05
| Global minimum prediction, x_hat mu_hat +- nu_hat:
  2.6031646570E+02 -5.1571273336E+00  0.0000000000E+00      -2.0301173166E+05  1.2950928217E-01
| Global minimum convergence, d_xhat d_muhat:
  1.7249068254E-01  1.1850120476E-03

| GP model hyperparameters (lengthscales W kappa):
  3.1160464951E-01  2.5565204222E-01 -6.2832578187E+00 -5.6937948180E+00  2.0917330343E-02  2.3492278853E-02
| Next sampling location (x_next, i_next):
  2.5479337906E+02  1.2678880806E-01  0.0000000000E+00

Iteration time [s]:   31.132        Total time [s]: 1364.002

--------------------------------------------------------------------------------
                                BO ITERATION 48                                 
--------------------------------------------------------------------------------
| Evaluating objective function at 2.548E+02 1.268E-01 0.000E+00
| Objective function evaluated, time [s]       24.704
| Data point added to dataset (x i y): 
  2.5479337906E+02  1.2678880806E-01  0.0000000000E+00      -2.0301196959E+05

| Total ensemble size: 80
| Best acquisition, x_best i_best y_best:
  2.5479337906E+02  1.2678880806E-01  0.0000000000E+00      -2.0301196959E+05
| Global minimum prediction, x_hat mu_hat +- nu_hat:
  2.5835751276E+02 -3.2276710245E+00  0.0000000000E+00      -2.0301210344E+05  8.1298740634E-03
| Global minimum convergence, d_xhat d_muhat:
  2.7495996557E+00  1.5805723129E-02

| GP model hyperparameters (lengthscales W kappa):
  3.0467791043E-01  2.5076719072E-01 -6.3325889518E+00 -5.7829647407E+00  2.0238069928E-02  2.2256823816E-02
| Next sampling location (x_next, i_next):
  1.8947266892E+02  8.6201746183E+01  0.0000000000E+00

Iteration time [s]:   32.250        Total time [s]: 1396.255

--------------------------------------------------------------------------------
                                BO ITERATION 49                                 
--------------------------------------------------------------------------------
| Evaluating objective function at 1.895E+02 8.620E+01 0.000E+00
| Objective function evaluated, time [s]       24.122
| Data point added to dataset (x i y): 
  1.8947266892E+02  8.6201746183E+01  0.0000000000E+00      -2.0299152870E+05

| Total ensemble size: 81
| Best acquisition, x_best i_best y_best:
  2.5479337906E+02  1.2678880806E-01  0.0000000000E+00      -2.0301196959E+05
| Global minimum prediction, x_hat mu_hat +- nu_hat:
  2.5883941781E+02 -3.2367282934E+00  0.0000000000E+00      -2.0301212837E+05  8.8179576389E-03
| Global minimum convergence, d_xhat d_muhat:
  4.8199016046E-01  1.0596845718E-03

| GP model hyperparameters (lengthscales W kappa):
  3.0456375963E-01  2.6343922957E-01 -6.3416753836E+00 -5.6919445907E+00  2.2177087480E-02  2.5869478456E-02
| Next sampling location (x_next, i_next):
  3.0330142967E+02 -2.5483866846E+01  0.0000000000E+00

Iteration time [s]:   30.604        Total time [s]: 1426.862

--------------------------------------------------------------------------------
                                BO ITERATION 50                                 
--------------------------------------------------------------------------------
| Evaluating objective function at 3.033E+02 -2.548E+01 0.000E+00
| Objective function evaluated, time [s]       25.455
| Data point added to dataset (x i y): 
  3.0330142967E+02 -2.5483866846E+01  0.0000000000E+00      -2.0300553880E+05

| Total ensemble size: 82
| Best acquisition, x_best i_best y_best:
  2.5479337906E+02  1.2678880806E-01  0.0000000000E+00      -2.0301196959E+05
| Global minimum prediction, x_hat mu_hat +- nu_hat:
  2.5601632540E+02 -1.2008473300E+00  0.0000000000E+00      -2.0301198190E+05  1.4494990138E-03
| Global minimum convergence, d_xhat d_muhat:
  3.4806123109E+00  6.2271044647E-03

| GP model hyperparameters (lengthscales W kappa):
  3.5044725946E-01  1.8987180080E-01 -6.0295051685E+00 -5.4137173710E+00  1.6047053899E-02  1.6646406148E-02
| Next sampling location (x_next, i_next):
  8.1571923298E+01  2.4260123637E+02  0.0000000000E+00

Iteration time [s]:   31.987        Total time [s]: 1458.850

|| Bayesian optimization completed, time [s]     1458.836


--------------------------------------------------------------------------------
                        BOSS is done! Have a nice day :)                        

      Datetime 15-08-2020 01:03:50            Total time [s]     1458.851       
--------------------------------------------------------------------------------
