
-----------------------------   Welcome to ....   ------------------------------
                      _______  _______ _______ _______ 
                     |   _   \|   _   |   _   |   _   |
                     |.  1   /|.  |   |   1___|   1___|
                     |.  _   \|.  |   |____   |____   |
                     |:  1    |:  1   |:  1   |:  1   |
                     |::.. .  |::.. . |::.. . |::.. . |
                     `-------'`-------`-------`-------'

                                 Version 0.9.15                                 
                              05-08-2020 18:39:32                               
--------------------------------------------------------------------------------

| Reading BOSS input file from: in_2D
| Initializing...

--------------------------------------------------------------------------------
                                   INPUT FILE                                   
--------------------------------------------------------------------------------
# input file for alanine 2D (d4-d13)

# optimization
userfn       userfn_2D.py
bounds       -50 310; -50 310
num_tasks    2
kernel       stdp
initpts      2 30
iterpts      50
verbosity    2
kappa_prior  gamma
kappa_priorparam 1 71.428
W_prior      gaussian
W_priorparam 0 8.451


RESULTS:
1.479409167428344E+02 2.319273837451128E+02 0 -2.029968238450344E+05 
5.291529056464087E+01 2.925867163982870E+02 0 -2.029915370428468E+05 
2.618954488665306E+02 9.907204115617134E+01 1 3.761080000000000E+01 
1.389102890964072E+02 1.121222309298393E+02 1 3.058760000000000E+01 
3.527499891593654E+01 2.451995636740749E+02 1 2.948030000000000E+01 
3.100000000000000E+02 1.227338267773468E+02 1 3.058950000000000E+01 
-2.459618595866784E+01 -4.781350881057372E+01 1 2.874820000000000E+01 
-5.623945653219523E+00 5.856156329563571E+00 1 3.505140000000000E+01 
3.488598499221446E+01 1.962883085336485E+02 1 1.945710000000000E+01 
1.161153762461188E+02 2.656417416828926E+02 1 3.516820000000000E+01 
5.569361659824573E+01 2.742309858497980E+02 1 3.221860000000000E+01 
5.346085620261473E+01 -4.314669715483494E+01 1 2.972780000000000E+01 
2.714971723785231E+02 1.608117731996958E+02 1 2.573970000000000E+01 
8.233712630131794E+01 -1.332852151940224E+01 1 2.714910000000000E+01 
2.313715005652739E+02 2.283409881766376E+02 1 3.346050000000000E+01 
4.463609827838103E+01 4.147433784685834E+01 1 2.922190000000000E+01 
2.275541172340677E+02 1.795396918707584E+02 1 2.659080000000000E+01 
1.548836600078927E+02 1.416222864499813E+02 1 2.462830000000000E+01 
1.872597048823208E+02 6.909574430776905E+01 1 3.015620000000000E+01 
2.848341886752319E+02 1.292325884735710E+02 1 3.055390000000000E+01 
5.580939854542305E+01 2.282484205993557E+02 1 2.475980000000000E+01 
2.218357763432955E+02 2.808334572972367E+02 1 3.755540000000000E+01 
1.422752297247839E+02 6.420933758216617E+01 1 3.081240000000000E+01 
3.074777615678903E+01 7.324177680664893E+01 1 3.343120000000000E+01 
5.842700649841421E+01 1.804041243106341E+02 1 1.748520000000000E+01 
-3.866868378630626E+01 -7.564165218252731E+00 1 2.409000000000000E+01 
1.965832701743591E+02 1.182281856186953E+01 1 1.844230000000000E+01 
1.977511190317938E+02 1.083022028915488E+02 1 3.286550000000000E+01 
2.397102126183168E+02 1.544052576937369E+02 1 2.918960000000000E+01 
1.005368080293012E+01 2.938815447568075E+02 1 3.442960000000000E+01 
7.760277327549235E+01 1.006337512333402E+02 1 3.175930000000000E+01 
6.520925423576529E+01 1.779920836328494E+02 1 1.755250000000000E+01 
--------------------------------------------------------------------------------
                               SIMULATION OPTIONS                               
--------------------------------------------------------------------------------
|| File input/output 
ipfile         in_2D
userfn         userfn_2D.py
outfile        boss.out
rstfile        boss.rst

|| Key settings 
num_tasks         2
bounds         -5.000E+01 3.100E+02;    -5.000E+01 3.100E+02
kerntype       stdp stdp
yrange         -5.000E+01 3.100E+02;    -5.000E+01 3.100E+02
noise          1.000E-12
initpts    2 30    iterpts   50
gm_tol         none
verbosity      2

|| Data acquisition 
acqfn                elcb
acqtol               1.000E-03

|| GP hyperparameters 
thetainit       1.000E+00 3.142E-01
thetabounds     none
thetaprior      gamma
thetapriorpar   1.000E+00 1.000E+00;    3.368E+00 9.020E+00;    3.368E+00 9.020E+00

|| Hyperparameter optimization
updatefreq   1  initupdate      True
updateoffset 0  updaterestarts  2


--------------------------------------------------------------------------------
                              INITIAL DATAPOINT 1                               
--------------------------------------------------------------------------------
| Data point added to dataset (x i y): 
  1.4794091674E+02  2.3192738375E+02  0.0000000000E+00      -2.0299682385E+05

| Total ensemble size: 1
| Next sampling location (x_next, i_next):
  5.2915290565E+01  2.9258671640E+02  0.0000000000E+00

Iteration time [s]:    0.001        Total time [s]:    0.047

--------------------------------------------------------------------------------
                              INITIAL DATAPOINT 2                               
--------------------------------------------------------------------------------
| Data point added to dataset (x i y): 
  5.2915290565E+01  2.9258671640E+02  0.0000000000E+00      -2.0299153704E+05

| Total ensemble size: 2
| Next sampling location (x_next, i_next):
  2.6189544887E+02  9.9072041156E+01  1.0000000000E+00

Iteration time [s]:    0.000        Total time [s]:    0.048

--------------------------------------------------------------------------------
                              INITIAL DATAPOINT 3                               
--------------------------------------------------------------------------------
| Data point added to dataset (x i y): 
  2.6189544887E+02  9.9072041156E+01  1.0000000000E+00       3.7610800000E+01

| Total ensemble size: 3
| Next sampling location (x_next, i_next):
  1.3891028910E+02  1.1212223093E+02  1.0000000000E+00

Iteration time [s]:    0.001        Total time [s]:    0.049

--------------------------------------------------------------------------------
                              INITIAL DATAPOINT 4                               
--------------------------------------------------------------------------------
| Data point added to dataset (x i y): 
  1.3891028910E+02  1.1212223093E+02  1.0000000000E+00       3.0587600000E+01

| Total ensemble size: 4
| Next sampling location (x_next, i_next):
  3.5274998916E+01  2.4519956367E+02  1.0000000000E+00

Iteration time [s]:    0.001        Total time [s]:    0.050

--------------------------------------------------------------------------------
                              INITIAL DATAPOINT 5                               
--------------------------------------------------------------------------------
| Data point added to dataset (x i y): 
  3.5274998916E+01  2.4519956367E+02  1.0000000000E+00       2.9480300000E+01

| Total ensemble size: 5
| Next sampling location (x_next, i_next):
  3.1000000000E+02  1.2273382678E+02  1.0000000000E+00

Iteration time [s]:    0.001        Total time [s]:    0.051

--------------------------------------------------------------------------------
                              INITIAL DATAPOINT 6                               
--------------------------------------------------------------------------------
| Data point added to dataset (x i y): 
  3.1000000000E+02  1.2273382678E+02  1.0000000000E+00       3.0589500000E+01

| Total ensemble size: 6
| Next sampling location (x_next, i_next):
 -2.4596185959E+01 -4.7813508811E+01  1.0000000000E+00

Iteration time [s]:    0.001        Total time [s]:    0.052

--------------------------------------------------------------------------------
                              INITIAL DATAPOINT 7                               
--------------------------------------------------------------------------------
| Data point added to dataset (x i y): 
 -2.4596185959E+01 -4.7813508811E+01  1.0000000000E+00       2.8748200000E+01

| Total ensemble size: 7
| Next sampling location (x_next, i_next):
 -5.6239456532E+00  5.8561563296E+00  1.0000000000E+00

Iteration time [s]:    0.001        Total time [s]:    0.053

--------------------------------------------------------------------------------
                              INITIAL DATAPOINT 8                               
--------------------------------------------------------------------------------
| Data point added to dataset (x i y): 
 -5.6239456532E+00  5.8561563296E+00  1.0000000000E+00       3.5051400000E+01

| Total ensemble size: 8
| Next sampling location (x_next, i_next):
  3.4885984992E+01  1.9628830853E+02  1.0000000000E+00

Iteration time [s]:    0.001        Total time [s]:    0.054

--------------------------------------------------------------------------------
                              INITIAL DATAPOINT 9                               
--------------------------------------------------------------------------------
| Data point added to dataset (x i y): 
  3.4885984992E+01  1.9628830853E+02  1.0000000000E+00       1.9457100000E+01

| Total ensemble size: 9
| Next sampling location (x_next, i_next):
  1.1611537625E+02  2.6564174168E+02  1.0000000000E+00

Iteration time [s]:    0.001        Total time [s]:    0.055

--------------------------------------------------------------------------------
                              INITIAL DATAPOINT 10                              
--------------------------------------------------------------------------------
| Data point added to dataset (x i y): 
  1.1611537625E+02  2.6564174168E+02  1.0000000000E+00       3.5168200000E+01

| Total ensemble size: 10
| Next sampling location (x_next, i_next):
  5.5693616598E+01  2.7423098585E+02  1.0000000000E+00

Iteration time [s]:    0.001        Total time [s]:    0.056

--------------------------------------------------------------------------------
                              INITIAL DATAPOINT 11                              
--------------------------------------------------------------------------------
| Data point added to dataset (x i y): 
  5.5693616598E+01  2.7423098585E+02  1.0000000000E+00       3.2218600000E+01

| Total ensemble size: 11
| Next sampling location (x_next, i_next):
  5.3460856203E+01 -4.3146697155E+01  1.0000000000E+00

Iteration time [s]:    0.001        Total time [s]:    0.057

--------------------------------------------------------------------------------
                              INITIAL DATAPOINT 12                              
--------------------------------------------------------------------------------
| Data point added to dataset (x i y): 
  5.3460856203E+01 -4.3146697155E+01  1.0000000000E+00       2.9727800000E+01

| Total ensemble size: 12
| Next sampling location (x_next, i_next):
  2.7149717238E+02  1.6081177320E+02  1.0000000000E+00

Iteration time [s]:    0.001        Total time [s]:    0.058

--------------------------------------------------------------------------------
                              INITIAL DATAPOINT 13                              
--------------------------------------------------------------------------------
| Data point added to dataset (x i y): 
  2.7149717238E+02  1.6081177320E+02  1.0000000000E+00       2.5739700000E+01

| Total ensemble size: 13
| Next sampling location (x_next, i_next):
  8.2337126301E+01 -1.3328521519E+01  1.0000000000E+00

Iteration time [s]:    0.000        Total time [s]:    0.059

--------------------------------------------------------------------------------
                              INITIAL DATAPOINT 14                              
--------------------------------------------------------------------------------
| Data point added to dataset (x i y): 
  8.2337126301E+01 -1.3328521519E+01  1.0000000000E+00       2.7149100000E+01

| Total ensemble size: 14
| Next sampling location (x_next, i_next):
  2.3137150057E+02  2.2834098818E+02  1.0000000000E+00

Iteration time [s]:    0.001        Total time [s]:    0.060

--------------------------------------------------------------------------------
                              INITIAL DATAPOINT 15                              
--------------------------------------------------------------------------------
| Data point added to dataset (x i y): 
  2.3137150057E+02  2.2834098818E+02  1.0000000000E+00       3.3460500000E+01

| Total ensemble size: 15
| Next sampling location (x_next, i_next):
  4.4636098278E+01  4.1474337847E+01  1.0000000000E+00

Iteration time [s]:    0.001        Total time [s]:    0.061

--------------------------------------------------------------------------------
                              INITIAL DATAPOINT 16                              
--------------------------------------------------------------------------------
| Data point added to dataset (x i y): 
  4.4636098278E+01  4.1474337847E+01  1.0000000000E+00       2.9221900000E+01

| Total ensemble size: 16
| Next sampling location (x_next, i_next):
  2.2755411723E+02  1.7953969187E+02  1.0000000000E+00

Iteration time [s]:    0.001        Total time [s]:    0.062

--------------------------------------------------------------------------------
                              INITIAL DATAPOINT 17                              
--------------------------------------------------------------------------------
| Data point added to dataset (x i y): 
  2.2755411723E+02  1.7953969187E+02  1.0000000000E+00       2.6590800000E+01

| Total ensemble size: 17
| Next sampling location (x_next, i_next):
  1.5488366001E+02  1.4162228645E+02  1.0000000000E+00

Iteration time [s]:    0.001        Total time [s]:    0.063

--------------------------------------------------------------------------------
                              INITIAL DATAPOINT 18                              
--------------------------------------------------------------------------------
| Data point added to dataset (x i y): 
  1.5488366001E+02  1.4162228645E+02  1.0000000000E+00       2.4628300000E+01

| Total ensemble size: 18
| Next sampling location (x_next, i_next):
  1.8725970488E+02  6.9095744308E+01  1.0000000000E+00

Iteration time [s]:    0.001        Total time [s]:    0.063

--------------------------------------------------------------------------------
                              INITIAL DATAPOINT 19                              
--------------------------------------------------------------------------------
| Data point added to dataset (x i y): 
  1.8725970488E+02  6.9095744308E+01  1.0000000000E+00       3.0156200000E+01

| Total ensemble size: 19
| Next sampling location (x_next, i_next):
  2.8483418868E+02  1.2923258847E+02  1.0000000000E+00

Iteration time [s]:    0.000        Total time [s]:    0.064

--------------------------------------------------------------------------------
                              INITIAL DATAPOINT 20                              
--------------------------------------------------------------------------------
| Data point added to dataset (x i y): 
  2.8483418868E+02  1.2923258847E+02  1.0000000000E+00       3.0553900000E+01

| Total ensemble size: 20
| Next sampling location (x_next, i_next):
  5.5809398545E+01  2.2824842060E+02  1.0000000000E+00

Iteration time [s]:    0.000        Total time [s]:    0.065

--------------------------------------------------------------------------------
                              INITIAL DATAPOINT 21                              
--------------------------------------------------------------------------------
| Data point added to dataset (x i y): 
  5.5809398545E+01  2.2824842060E+02  1.0000000000E+00       2.4759800000E+01

| Total ensemble size: 21
| Next sampling location (x_next, i_next):
  2.2183577634E+02  2.8083345730E+02  1.0000000000E+00

Iteration time [s]:    0.000        Total time [s]:    0.066

--------------------------------------------------------------------------------
                              INITIAL DATAPOINT 22                              
--------------------------------------------------------------------------------
| Data point added to dataset (x i y): 
  2.2183577634E+02  2.8083345730E+02  1.0000000000E+00       3.7555400000E+01

| Total ensemble size: 22
| Next sampling location (x_next, i_next):
  1.4227522972E+02  6.4209337582E+01  1.0000000000E+00

Iteration time [s]:    0.000        Total time [s]:    0.067

--------------------------------------------------------------------------------
                              INITIAL DATAPOINT 23                              
--------------------------------------------------------------------------------
| Data point added to dataset (x i y): 
  1.4227522972E+02  6.4209337582E+01  1.0000000000E+00       3.0812400000E+01

| Total ensemble size: 23
| Next sampling location (x_next, i_next):
  3.0747776157E+01  7.3241776807E+01  1.0000000000E+00

Iteration time [s]:    0.000        Total time [s]:    0.068

--------------------------------------------------------------------------------
                              INITIAL DATAPOINT 24                              
--------------------------------------------------------------------------------
| Data point added to dataset (x i y): 
  3.0747776157E+01  7.3241776807E+01  1.0000000000E+00       3.3431200000E+01

| Total ensemble size: 24
| Next sampling location (x_next, i_next):
  5.8427006498E+01  1.8040412431E+02  1.0000000000E+00

Iteration time [s]:    0.000        Total time [s]:    0.069

--------------------------------------------------------------------------------
                              INITIAL DATAPOINT 25                              
--------------------------------------------------------------------------------
| Data point added to dataset (x i y): 
  5.8427006498E+01  1.8040412431E+02  1.0000000000E+00       1.7485200000E+01

| Total ensemble size: 25
| Next sampling location (x_next, i_next):
 -3.8668683786E+01 -7.5641652183E+00  1.0000000000E+00

Iteration time [s]:    0.001        Total time [s]:    0.070

--------------------------------------------------------------------------------
                              INITIAL DATAPOINT 26                              
--------------------------------------------------------------------------------
| Data point added to dataset (x i y): 
 -3.8668683786E+01 -7.5641652183E+00  1.0000000000E+00       2.4090000000E+01

| Total ensemble size: 26
| Next sampling location (x_next, i_next):
  1.9658327017E+02  1.1822818562E+01  1.0000000000E+00

Iteration time [s]:    0.000        Total time [s]:    0.071

--------------------------------------------------------------------------------
                              INITIAL DATAPOINT 27                              
--------------------------------------------------------------------------------
| Data point added to dataset (x i y): 
  1.9658327017E+02  1.1822818562E+01  1.0000000000E+00       1.8442300000E+01

| Total ensemble size: 27
| Next sampling location (x_next, i_next):
  1.9775111903E+02  1.0830220289E+02  1.0000000000E+00

Iteration time [s]:    0.000        Total time [s]:    0.072

--------------------------------------------------------------------------------
                              INITIAL DATAPOINT 28                              
--------------------------------------------------------------------------------
| Data point added to dataset (x i y): 
  1.9775111903E+02  1.0830220289E+02  1.0000000000E+00       3.2865500000E+01

| Total ensemble size: 28
| Next sampling location (x_next, i_next):
  2.3971021262E+02  1.5440525769E+02  1.0000000000E+00

Iteration time [s]:    0.001        Total time [s]:    0.073

--------------------------------------------------------------------------------
                              INITIAL DATAPOINT 29                              
--------------------------------------------------------------------------------
| Data point added to dataset (x i y): 
  2.3971021262E+02  1.5440525769E+02  1.0000000000E+00       2.9189600000E+01

| Total ensemble size: 29
| Next sampling location (x_next, i_next):
  1.0053680803E+01  2.9388154476E+02  1.0000000000E+00

Iteration time [s]:    0.001        Total time [s]:    0.074

--------------------------------------------------------------------------------
                              INITIAL DATAPOINT 30                              
--------------------------------------------------------------------------------
| Data point added to dataset (x i y): 
  1.0053680803E+01  2.9388154476E+02  1.0000000000E+00       3.4429600000E+01

| Total ensemble size: 30
| Next sampling location (x_next, i_next):
  7.7602773275E+01  1.0063375123E+02  1.0000000000E+00

Iteration time [s]:    0.001        Total time [s]:    0.075

--------------------------------------------------------------------------------
                              INITIAL DATAPOINT 31                              
--------------------------------------------------------------------------------
| Data point added to dataset (x i y): 
  7.7602773275E+01  1.0063375123E+02  1.0000000000E+00       3.1759300000E+01

| Total ensemble size: 31
| Next sampling location (x_next, i_next):
  6.5209254236E+01  1.7799208363E+02  1.0000000000E+00

Iteration time [s]:    0.001        Total time [s]:    0.076

--------------------------------------------------------------------------------
                              INITIAL DATAPOINT 32                              
--------------------------------------------------------------------------------
| Data point added to dataset (x i y): 
  6.5209254236E+01  1.7799208363E+02  1.0000000000E+00       1.7552500000E+01

| Total ensemble size: 32
| Best acquisition, x_best i_best y_best:
  1.4794091674E+02  2.3192738375E+02  0.0000000000E+00      -2.0299682385E+05
| Global minimum prediction, x_hat mu_hat +- nu_hat:
  1.4022162562E+02  1.8574466187E+02  0.0000000000E+00      -2.0300358339E+05  4.1699907103E+00

| GP model hyperparameters (lengthscales W kappa):
  4.8212959629E-01  4.8502689258E-01 -6.6001244589E+00 -7.1175174781E+00  1.3340258320E-02  1.3416462206E-02
| Next sampling location (x_next, i_next):
  2.6030307516E+02 -7.0670740897E+00  0.0000000000E+00

Iteration time [s]:    1.374        Total time [s]:    1.451

--------------------------------------------------------------------------------
                                 BO ITERATION 1                                 
--------------------------------------------------------------------------------
| Evaluating objective function at 2.603E+02 -7.067E+00 0.000E+00
| Objective function evaluated, time [s]       36.206
| Data point added to dataset (x i y): 
  2.6030307516E+02 -7.0670740897E+00  0.0000000000E+00      -2.0301180180E+05

| Total ensemble size: 33
| Best acquisition, x_best i_best y_best:
  2.6030307516E+02 -7.0670740897E+00  0.0000000000E+00      -2.0301180180E+05
| Global minimum prediction, x_hat mu_hat +- nu_hat:
  5.6927479448E+01  1.7932911910E+02  0.0000000000E+00      -2.0301518592E+05  1.2009986721E-01
| Global minimum convergence, d_xhat d_muhat:
  8.3540852135E+01  5.6853007239E-01

| GP model hyperparameters (lengthscales W kappa):
  6.0658972641E-01  2.0725330270E-01 -7.0531651389E+00 -5.3455485830E+00  1.3909068490E-02  1.3912770861E-02
| Next sampling location (x_next, i_next):
  2.3558161431E+01  1.5548537890E+02  0.0000000000E+00

Iteration time [s]:   38.038        Total time [s]:   39.490

--------------------------------------------------------------------------------
                                 BO ITERATION 2                                 
--------------------------------------------------------------------------------
| Evaluating objective function at 2.356E+01 1.555E+02 0.000E+00
| Objective function evaluated, time [s]       23.068
| Data point added to dataset (x i y): 
  2.3558161431E+01  1.5548537890E+02  0.0000000000E+00      -2.0300527493E+05

| Total ensemble size: 34
| Best acquisition, x_best i_best y_best:
  2.6030307516E+02 -7.0670740897E+00  0.0000000000E+00      -2.0301180180E+05
| Global minimum prediction, x_hat mu_hat +- nu_hat:
  6.8676527116E+01  1.8325425914E+02  0.0000000000E+00      -2.0301670107E+05  1.2286160523E+00
| Global minimum convergence, d_xhat d_muhat:
  1.2387366364E+01  7.1175247541E-02

| GP model hyperparameters (lengthscales W kappa):
  5.5753803921E-01  1.8677078833E-01 -6.7581489720E+00 -5.1668557700E+00  1.3917339635E-02  1.3928847844E-02
| Next sampling location (x_next, i_next):
  1.0854186646E+02  1.9518991291E+02  0.0000000000E+00

Iteration time [s]:   25.601        Total time [s]:   65.091

--------------------------------------------------------------------------------
                                 BO ITERATION 3                                 
--------------------------------------------------------------------------------
| Evaluating objective function at 1.085E+02 1.952E+02 0.000E+00
| Objective function evaluated, time [s]       23.223
| Data point added to dataset (x i y): 
  1.0854186646E+02  1.9518991291E+02  0.0000000000E+00      -2.0300673239E+05

| Total ensemble size: 35
| Best acquisition, x_best i_best y_best:
  2.6030307516E+02 -7.0670740897E+00  0.0000000000E+00      -2.0301180180E+05
| Global minimum prediction, x_hat mu_hat +- nu_hat:
  5.8279167302E+01  1.7980749512E+02  0.0000000000E+00      -2.0301678723E+05  4.3058504406E-02
| Global minimum convergence, d_xhat d_muhat:
  1.0953778951E+01  3.8532254722E-03

| GP model hyperparameters (lengthscales W kappa):
  5.2414326978E-01  1.6920103114E-01 -6.4075844076E+00 -5.1157238113E+00  1.3925988546E-02  1.3938806122E-02
| Next sampling location (x_next, i_next):
  2.2289386911E+02  3.2932896666E+01  0.0000000000E+00

Iteration time [s]:   25.986        Total time [s]:   91.078

--------------------------------------------------------------------------------
                                 BO ITERATION 4                                 
--------------------------------------------------------------------------------
| Evaluating objective function at 2.229E+02 3.293E+01 0.000E+00
| Objective function evaluated, time [s]       23.345
| Data point added to dataset (x i y): 
  2.2289386911E+02  3.2932896666E+01  0.0000000000E+00      -2.0300572497E+05

| Total ensemble size: 36
| Best acquisition, x_best i_best y_best:
  2.6030307516E+02 -7.0670740897E+00  0.0000000000E+00      -2.0301180180E+05
| Global minimum prediction, x_hat mu_hat +- nu_hat:
  5.8480279256E+01  1.7978826647E+02  0.0000000000E+00      -2.0301697788E+05  4.1781482350E-02
| Global minimum convergence, d_xhat d_muhat:
  2.0202910347E-01  8.3213807140E-03

| GP model hyperparameters (lengthscales W kappa):
  5.0499191462E-01  1.6043344451E-01 -6.1801964263E+00 -5.0606161591E+00  1.3927358010E-02  1.3938935280E-02
| Next sampling location (x_next, i_next):
  1.7841342640E+02 -1.0078470073E+01  0.0000000000E+00

Iteration time [s]:   26.080        Total time [s]:  117.159

--------------------------------------------------------------------------------
                                 BO ITERATION 5                                 
--------------------------------------------------------------------------------
| Evaluating objective function at 1.784E+02 -1.008E+01 0.000E+00
| Objective function evaluated, time [s]       23.454
| Data point added to dataset (x i y): 
  1.7841342640E+02 -1.0078470073E+01  0.0000000000E+00      -2.0300297839E+05

| Total ensemble size: 37
| Best acquisition, x_best i_best y_best:
  2.6030307516E+02 -7.0670740897E+00  0.0000000000E+00      -2.0301180180E+05
| Global minimum prediction, x_hat mu_hat +- nu_hat:
  5.8928516289E+01  1.7979483268E+02  0.0000000000E+00      -2.0301661725E+05  3.8304168837E-02
| Global minimum convergence, d_xhat d_muhat:
  4.4828512529E-01  1.5741225713E-02

| GP model hyperparameters (lengthscales W kappa):
  4.8242480703E-01  1.4777190970E-01 -5.9653340682E+00 -5.0138983754E+00  1.3921205411E-02  1.3928633925E-02
| Next sampling location (x_next, i_next):
 -2.7510833378E+01  1.8395390066E+02  0.0000000000E+00

Iteration time [s]:   26.215        Total time [s]:  143.375

--------------------------------------------------------------------------------
                                 BO ITERATION 6                                 
--------------------------------------------------------------------------------
| Evaluating objective function at -2.751E+01 1.840E+02 0.000E+00
| Objective function evaluated, time [s]       23.225
| Data point added to dataset (x i y): 
 -2.7510833378E+01  1.8395390066E+02  0.0000000000E+00      -2.0300801624E+05

| Total ensemble size: 38
| Best acquisition, x_best i_best y_best:
  2.6030307516E+02 -7.0670740897E+00  0.0000000000E+00      -2.0301180180E+05
| Global minimum prediction, x_hat mu_hat +- nu_hat:
  6.0364127752E+01  1.8005655112E+02  0.0000000000E+00      -2.0301702387E+05  3.6721539437E-02
| Global minimum convergence, d_xhat d_muhat:
  1.4592726996E+00  1.7274165470E-02

| GP model hyperparameters (lengthscales W kappa):
  4.5266701885E-01  1.4191849381E-01 -5.8219536147E+00 -4.9754057773E+00  1.3922068421E-02  1.3929618948E-02
| Next sampling location (x_next, i_next):
  1.4181204205E+02  2.0126013268E+01  0.0000000000E+00

Iteration time [s]:   26.203        Total time [s]:  169.579

--------------------------------------------------------------------------------
                                 BO ITERATION 7                                 
--------------------------------------------------------------------------------
| Evaluating objective function at 1.418E+02 2.013E+01 0.000E+00
| Objective function evaluated, time [s]       23.280
| Data point added to dataset (x i y): 
  1.4181204205E+02  2.0126013268E+01  0.0000000000E+00      -2.0299702837E+05

| Total ensemble size: 39
| Best acquisition, x_best i_best y_best:
  2.6030307516E+02 -7.0670740897E+00  0.0000000000E+00      -2.0301180180E+05
| Global minimum prediction, x_hat mu_hat +- nu_hat:
  2.1438519405E+02  9.9473887213E+00  0.0000000000E+00      -2.0301671375E+05  3.3137077247E+00
| Global minimum convergence, d_xhat d_muhat:
  2.2947683106E+02  1.3597257979E-02

| GP model hyperparameters (lengthscales W kappa):
  3.9326819563E-01  1.5222847858E-01 -5.8999689869E+00 -5.0690846071E+00  1.3928970826E-02  1.3937294540E-02
| Next sampling location (x_next, i_next):
  2.4400470572E+02  1.1651740836E+01  0.0000000000E+00

Iteration time [s]:   26.477        Total time [s]:  196.057

--------------------------------------------------------------------------------
                                 BO ITERATION 8                                 
--------------------------------------------------------------------------------
| Evaluating objective function at 2.440E+02 1.165E+01 0.000E+00
| Objective function evaluated, time [s]       23.263
| Data point added to dataset (x i y): 
  2.4400470572E+02  1.1651740836E+01  0.0000000000E+00      -2.0301094202E+05

| Total ensemble size: 40
| Best acquisition, x_best i_best y_best:
  2.6030307516E+02 -7.0670740897E+00  0.0000000000E+00      -2.0301180180E+05
| Global minimum prediction, x_hat mu_hat +- nu_hat:
  6.1461547326E+01  1.8093873426E+02  0.0000000000E+00      -2.0301725274E+05  1.4399982385E-01
| Global minimum convergence, d_xhat d_muhat:
  2.2939852217E+02  2.2824984157E-02

| GP model hyperparameters (lengthscales W kappa):
  3.4346174515E-01  1.5151947936E-01 -5.9345342092E+00 -5.0314348696E+00  1.3927927434E-02  1.3937219220E-02
| Next sampling location (x_next, i_next):
  1.2589852467E+02  1.6510285407E+02  0.0000000000E+00

Iteration time [s]:   26.330        Total time [s]:  222.390

--------------------------------------------------------------------------------
                                 BO ITERATION 9                                 
--------------------------------------------------------------------------------
| Evaluating objective function at 1.259E+02 1.651E+02 0.000E+00
| Objective function evaluated, time [s]       23.132
| Data point added to dataset (x i y): 
  1.2589852467E+02  1.6510285407E+02  0.0000000000E+00      -2.0300667252E+05

| Total ensemble size: 41
| Best acquisition, x_best i_best y_best:
  2.6030307516E+02 -7.0670740897E+00  0.0000000000E+00      -2.0301180180E+05
| Global minimum prediction, x_hat mu_hat +- nu_hat:
  6.1864680225E+01  1.8098836622E+02  0.0000000000E+00      -2.0301715366E+05  1.7715894828E-01
| Global minimum convergence, d_xhat d_muhat:
  4.0617664341E-01  4.1479544946E-03

| GP model hyperparameters (lengthscales W kappa):
  3.3229222833E-01  1.4728024104E-01 -5.7444211105E+00 -5.0139854889E+00  1.3925759545E-02  1.3933719647E-02
| Next sampling location (x_next, i_next):
  8.7662563649E+01  1.4295826221E+02  0.0000000000E+00

Iteration time [s]:   26.012        Total time [s]:  248.407

--------------------------------------------------------------------------------
                                BO ITERATION 10                                 
--------------------------------------------------------------------------------
| Evaluating objective function at 8.766E+01 1.430E+02 0.000E+00
| Objective function evaluated, time [s]       23.193
| Data point added to dataset (x i y): 
  8.7662563649E+01  1.4295826221E+02  0.0000000000E+00      -2.0300268286E+05

| Total ensemble size: 42
| Best acquisition, x_best i_best y_best:
  2.6030307516E+02 -7.0670740897E+00  0.0000000000E+00      -2.0301180180E+05
| Global minimum prediction, x_hat mu_hat +- nu_hat:
  6.2133324550E+01  1.8077588568E+02  0.0000000000E+00      -2.0301653000E+05  1.4952840045E-01
| Global minimum convergence, d_xhat d_muhat:
  3.4251679134E-01  2.6227120690E-02

| GP model hyperparameters (lengthscales W kappa):
  3.3882041874E-01  1.4396757832E-01 -5.5142128793E+00 -5.0079678534E+00  1.3929045626E-02  1.3934928137E-02
| Next sampling location (x_next, i_next):
  2.8862704444E+02 -2.6525177120E+01  0.0000000000E+00

Iteration time [s]:   26.376        Total time [s]:  274.785

--------------------------------------------------------------------------------
                                BO ITERATION 11                                 
--------------------------------------------------------------------------------
| Evaluating objective function at 2.886E+02 -2.653E+01 0.000E+00
| Objective function evaluated, time [s]       23.303
| Data point added to dataset (x i y): 
  2.8862704444E+02 -2.6525177120E+01  0.0000000000E+00      -2.0300736198E+05

| Total ensemble size: 43
| Best acquisition, x_best i_best y_best:
  2.6030307516E+02 -7.0670740897E+00  0.0000000000E+00      -2.0301180180E+05
| Global minimum prediction, x_hat mu_hat +- nu_hat:
  6.2164135247E+01  1.8075193141E+02  0.0000000000E+00      -2.0301652814E+05  1.5322078047E-01
| Global minimum convergence, d_xhat d_muhat:
  3.9026992297E-02  7.7411808425E-05

| GP model hyperparameters (lengthscales W kappa):
  3.3069639889E-01  1.4002718380E-01 -5.3822583939E+00 -4.9963618279E+00  1.3927548869E-02  1.3931817917E-02
| Next sampling location (x_next, i_next):
 -4.2038540347E+00  2.1472901091E+02  0.0000000000E+00

Iteration time [s]:   26.714        Total time [s]:  301.501

--------------------------------------------------------------------------------
                                BO ITERATION 12                                 
--------------------------------------------------------------------------------
| Evaluating objective function at -4.204E+00 2.147E+02 0.000E+00
| Objective function evaluated, time [s]       22.024
| Data point added to dataset (x i y): 
 -4.2038540347E+00  2.1472901091E+02  0.0000000000E+00      -2.0300226529E+05

| Total ensemble size: 44
| Best acquisition, x_best i_best y_best:
  2.6030307516E+02 -7.0670740897E+00  0.0000000000E+00      -2.0301180180E+05
| Global minimum prediction, x_hat mu_hat +- nu_hat:
  6.2142887753E+01  1.8146702095E+02  0.0000000000E+00      -2.0301608960E+05  2.6862009576E-01
| Global minimum convergence, d_xhat d_muhat:
  7.1540513186E-01  1.8335754665E-02

| GP model hyperparameters (lengthscales W kappa):
  3.2195945087E-01  1.3998441771E-01 -5.2368342373E+00 -4.9973157115E+00  1.3927624881E-02  1.3930751606E-02
| Next sampling location (x_next, i_next):
  6.5743612777E+01  2.0493746297E+02  0.0000000000E+00

Iteration time [s]:   25.419        Total time [s]:  326.920

--------------------------------------------------------------------------------
                                BO ITERATION 13                                 
--------------------------------------------------------------------------------
| Evaluating objective function at 6.574E+01 2.049E+02 0.000E+00
| Objective function evaluated, time [s]       23.218
| Data point added to dataset (x i y): 
  6.5743612777E+01  2.0493746297E+02  0.0000000000E+00      -2.0300621955E+05

| Total ensemble size: 45
| Best acquisition, x_best i_best y_best:
  2.6030307516E+02 -7.0670740897E+00  0.0000000000E+00      -2.0301180180E+05
| Global minimum prediction, x_hat mu_hat +- nu_hat:
  6.1854948269E+01  1.8037214776E+02  0.0000000000E+00      -2.0301538498E+05  9.9594232581E-02
| Global minimum convergence, d_xhat d_muhat:
  1.1321026639E+00  2.9279247224E-02

| GP model hyperparameters (lengthscales W kappa):
  3.3261438951E-01  1.1808533684E-01  4.9458711611E+00  5.0509880336E+00  1.3930023122E-02  1.3928961729E-02
| Next sampling location (x_next, i_next):
  2.1833195143E+02  1.5211788604E+00  0.0000000000E+00

Iteration time [s]:   27.115        Total time [s]:  354.040

--------------------------------------------------------------------------------
                                BO ITERATION 14                                 
--------------------------------------------------------------------------------
| Evaluating objective function at 2.183E+02 1.521E+00 0.000E+00
| Objective function evaluated, time [s]       23.340
| Data point added to dataset (x i y): 
  2.1833195143E+02  1.5211788604E+00  0.0000000000E+00      -2.0301182964E+05

| Total ensemble size: 46
| Best acquisition, x_best i_best y_best:
  2.1833195143E+02  1.5211788604E+00  0.0000000000E+00      -2.0301182964E+05
| Global minimum prediction, x_hat mu_hat +- nu_hat:
  6.1948166145E+01  1.8032109877E+02  0.0000000000E+00      -2.0301571752E+05  1.0479713620E-01
| Global minimum convergence, d_xhat d_muhat:
  1.0628062844E-01  1.3547498345E-02

| GP model hyperparameters (lengthscales W kappa):
  3.2223568078E-01  1.1378018449E-01  4.9097357443E+00  5.0828632462E+00  1.3930793211E-02  1.3929204948E-02
| Next sampling location (x_next, i_next):
  6.0737483824E+00 -2.3520209195E+01  0.0000000000E+00

Iteration time [s]:   27.625        Total time [s]:  381.670

--------------------------------------------------------------------------------
                                BO ITERATION 15                                 
--------------------------------------------------------------------------------
| Evaluating objective function at 6.074E+00 -2.352E+01 0.000E+00
| Objective function evaluated, time [s]       23.354
| Data point added to dataset (x i y): 
  6.0737483824E+00 -2.3520209195E+01  0.0000000000E+00      -2.0299087147E+05

| Total ensemble size: 47
| Best acquisition, x_best i_best y_best:
  2.1833195143E+02  1.5211788604E+00  0.0000000000E+00      -2.0301182964E+05
| Global minimum prediction, x_hat mu_hat +- nu_hat:
  6.0927027944E+01  1.7997311159E+02  0.0000000000E+00      -2.0301627238E+05  4.7138972771E-02
| Global minimum convergence, d_xhat d_muhat:
  1.0788041081E+00  2.2737202447E-02

| GP model hyperparameters (lengthscales W kappa):
  2.8915929344E-01  1.2711278848E-01 -5.5586918433E+00 -5.1159217210E+00  1.3922805496E-02  1.3926472320E-02
| Next sampling location (x_next, i_next):
  1.7215350598E+01  1.8036867305E+02  0.0000000000E+00

Iteration time [s]:   27.207        Total time [s]:  408.879

--------------------------------------------------------------------------------
                                BO ITERATION 16                                 
--------------------------------------------------------------------------------
| Evaluating objective function at 1.722E+01 1.804E+02 0.000E+00
| Objective function evaluated, time [s]       23.404
| Data point added to dataset (x i y): 
  1.7215350598E+01  1.8036867305E+02  0.0000000000E+00      -2.0300828044E+05

| Total ensemble size: 48
| Best acquisition, x_best i_best y_best:
  2.1833195143E+02  1.5211788604E+00  0.0000000000E+00      -2.0301182964E+05
| Global minimum prediction, x_hat mu_hat +- nu_hat:
  6.2704654345E+01  1.8137628776E+02  0.0000000000E+00      -2.0301619802E+05  4.0524273065E-01
| Global minimum convergence, d_xhat d_muhat:
  2.2646984334E+00  3.0165936366E-03

| GP model hyperparameters (lengthscales W kappa):
  2.7283660600E-01  1.2216858889E-01 -5.3910783294E+00 -5.1600895289E+00  1.3923868357E-02  1.3926402182E-02
| Next sampling location (x_next, i_next):
  2.9168772080E+02  5.6006470202E+00  0.0000000000E+00

Iteration time [s]:   27.350        Total time [s]:  436.231

--------------------------------------------------------------------------------
                                BO ITERATION 17                                 
--------------------------------------------------------------------------------
| Evaluating objective function at 2.917E+02 5.601E+00 0.000E+00
| Objective function evaluated, time [s]       24.131
| Data point added to dataset (x i y): 
  2.9168772080E+02  5.6006470202E+00  0.0000000000E+00      -2.0300598621E+05

| Total ensemble size: 49
| Best acquisition, x_best i_best y_best:
  2.1833195143E+02  1.5211788604E+00  0.0000000000E+00      -2.0301182964E+05
| Global minimum prediction, x_hat mu_hat +- nu_hat:
  6.4223833788E+01  1.8232002954E+02  0.0000000000E+00      -2.0301636901E+05  8.9663469837E-01
| Global minimum convergence, d_xhat d_muhat:
  1.7884503701E+00  6.9078953030E-03

| GP model hyperparameters (lengthscales W kappa):
  3.0406595237E-01  1.0774683068E-01 -5.3326671687E+00 -5.1680443788E+00  1.3921605428E-02  1.3922916551E-02
| Next sampling location (x_next, i_next):
  2.7843421964E+02  1.9480236410E+02  0.0000000000E+00

Iteration time [s]:   28.546        Total time [s]:  464.778

--------------------------------------------------------------------------------
                                BO ITERATION 18                                 
--------------------------------------------------------------------------------
| Evaluating objective function at 2.784E+02 1.948E+02 0.000E+00
| Objective function evaluated, time [s]       22.496
| Data point added to dataset (x i y): 
  2.7843421964E+02  1.9480236410E+02  0.0000000000E+00      -2.0300670601E+05

| Total ensemble size: 50
| Best acquisition, x_best i_best y_best:
  2.1833195143E+02  1.5211788604E+00  0.0000000000E+00      -2.0301182964E+05
| Global minimum prediction, x_hat mu_hat +- nu_hat:
  6.4276494079E+01  1.8230596809E+02  0.0000000000E+00      -2.0301636635E+05  8.8473875337E-01
| Global minimum convergence, d_xhat d_muhat:
  5.4505328909E-02  1.0694355292E-04

| GP model hyperparameters (lengthscales W kappa):
  3.0512333756E-01  1.0638940871E-01 -5.2697938858E+00 -5.1640991332E+00  1.3921490131E-02  1.3922752766E-02
| Next sampling location (x_next, i_next):
  1.2561230118E+02 -3.6168292508E+01  0.0000000000E+00

Iteration time [s]:   27.124        Total time [s]:  491.903

--------------------------------------------------------------------------------
                                BO ITERATION 19                                 
--------------------------------------------------------------------------------
| Evaluating objective function at 1.256E+02 -3.617E+01 0.000E+00
| Objective function evaluated, time [s]       23.457
| Data point added to dataset (x i y): 
  1.2561230118E+02 -3.6168292508E+01  0.0000000000E+00      -2.0299267812E+05

| Total ensemble size: 51
| Best acquisition, x_best i_best y_best:
  2.1833195143E+02  1.5211788604E+00  0.0000000000E+00      -2.0301182964E+05
| Global minimum prediction, x_hat mu_hat +- nu_hat:
  6.4621335281E+01  1.8258922744E+02  0.0000000000E+00      -2.0301636683E+05  1.0008198652E+00
| Global minimum convergence, d_xhat d_muhat:
  4.4626372891E-01  1.9767418356E-05

| GP model hyperparameters (lengthscales W kappa):
  3.1938457876E-01  1.0929467852E-01 -5.5298706305E+00 -5.2013601574E+00  1.3924096388E-02  1.3925771357E-02
| Next sampling location (x_next, i_next):
  2.9853097500E+02  5.0559135838E+01  0.0000000000E+00

Iteration time [s]:   28.423        Total time [s]:  520.327

--------------------------------------------------------------------------------
                                BO ITERATION 20                                 
--------------------------------------------------------------------------------
| Evaluating objective function at 2.985E+02 5.056E+01 0.000E+00
| Objective function evaluated, time [s]       23.466
| Data point added to dataset (x i y): 
  2.9853097500E+02  5.0559135838E+01  0.0000000000E+00      -2.0299285651E+05

| Total ensemble size: 52
| Best acquisition, x_best i_best y_best:
  2.1833195143E+02  1.5211788604E+00  0.0000000000E+00      -2.0301182964E+05
| Global minimum prediction, x_hat mu_hat +- nu_hat:
  6.4902876262E+01  1.8281654150E+02  0.0000000000E+00      -2.0301606295E+05  9.8177537438E-01
| Global minimum convergence, d_xhat d_muhat:
  3.6185218960E-01  1.2750216494E-02

| GP model hyperparameters (lengthscales W kappa):
  3.3491764164E-01  1.1576770217E-01 -5.6799750224E+00 -5.2753204673E+00  1.3924236815E-02  1.3932348680E-02
| Next sampling location (x_next, i_next):
  1.8560133811E+02  1.9774665042E+02  0.0000000000E+00

Iteration time [s]:   28.869        Total time [s]:  549.197

--------------------------------------------------------------------------------
                                BO ITERATION 21                                 
--------------------------------------------------------------------------------
| Evaluating objective function at 1.856E+02 1.977E+02 0.000E+00
| Objective function evaluated, time [s]       22.670
| Data point added to dataset (x i y): 
  1.8560133811E+02  1.9774665042E+02  0.0000000000E+00      -2.0300622880E+05

| Total ensemble size: 53
| Best acquisition, x_best i_best y_best:
  2.1833195143E+02  1.5211788604E+00  0.0000000000E+00      -2.0301182964E+05
| Global minimum prediction, x_hat mu_hat +- nu_hat:
  6.4685693238E+01  1.8272693990E+02  0.0000000000E+00      -2.0301610308E+05  9.3042362210E-01
| Global minimum convergence, d_xhat d_muhat:
  2.3494023324E-01  1.6747151863E-03

| GP model hyperparameters (lengthscales W kappa):
  3.3333586389E-01  1.1414247854E-01 -5.6369436991E+00 -5.2632187439E+00  1.3926483527E-02  1.3930667816E-02
| Next sampling location (x_next, i_next):
  2.4797551047E+02 -4.5655385062E+01  0.0000000000E+00

Iteration time [s]:   27.844        Total time [s]:  577.042

--------------------------------------------------------------------------------
                                BO ITERATION 22                                 
--------------------------------------------------------------------------------
| Evaluating objective function at 2.480E+02 -4.566E+01 0.000E+00
| Objective function evaluated, time [s]       24.746
| Data point added to dataset (x i y): 
  2.4797551047E+02 -4.5655385062E+01  0.0000000000E+00      -2.0299998979E+05

| Total ensemble size: 54
| Best acquisition, x_best i_best y_best:
  2.1833195143E+02  1.5211788604E+00  0.0000000000E+00      -2.0301182964E+05
| Global minimum prediction, x_hat mu_hat +- nu_hat:
  6.4556091655E+01  1.8267406740E+02  0.0000000000E+00      -2.0301571196E+05  8.3223583591E-01
| Global minimum convergence, d_xhat d_muhat:
  1.3997168194E-01  1.6418392253E-02

| GP model hyperparameters (lengthscales W kappa):
  3.3319250507E-01  1.1743235840E-01  5.5421790586E+00  5.2648243963E+00  1.3929871697E-02  1.3932719750E-02
| Next sampling location (x_next, i_next):
 -4.4615833561E+01  2.6134512175E+02  0.0000000000E+00

Iteration time [s]:   29.930        Total time [s]:  606.973

--------------------------------------------------------------------------------
                                BO ITERATION 23                                 
--------------------------------------------------------------------------------
| Evaluating objective function at -4.462E+01 2.613E+02 0.000E+00
| Objective function evaluated, time [s]       23.400
| Data point added to dataset (x i y): 
 -4.4615833561E+01  2.6134512175E+02  0.0000000000E+00      -2.0299208391E+05

| Total ensemble size: 55
| Best acquisition, x_best i_best y_best:
  2.1833195143E+02  1.5211788604E+00  0.0000000000E+00      -2.0301182964E+05
| Global minimum prediction, x_hat mu_hat +- nu_hat:
  6.4975560934E+01  1.8289537597E+02  0.0000000000E+00      -2.0301543067E+05  7.8924965580E-01
| Global minimum convergence, d_xhat d_muhat:
  4.7426992362E-01  1.2032612436E-02

| GP model hyperparameters (lengthscales W kappa):
  3.5569698396E-01  1.2329485411E-01  5.6925429078E+00  5.3528582683E+00  1.3938272953E-02  1.3942482129E-02
| Next sampling location (x_next, i_next):
 -3.5467082891E+01  1.4946302324E+02  0.0000000000E+00

Iteration time [s]:   28.531        Total time [s]:  635.504

--------------------------------------------------------------------------------
                                BO ITERATION 24                                 
--------------------------------------------------------------------------------
| Evaluating objective function at -3.547E+01 1.495E+02 0.000E+00
| Objective function evaluated, time [s]       23.353
| Data point added to dataset (x i y): 
 -3.5467082891E+01  1.4946302324E+02  0.0000000000E+00      -2.0300389415E+05

| Total ensemble size: 56
| Best acquisition, x_best i_best y_best:
  2.1833195143E+02  1.5211788604E+00  0.0000000000E+00      -2.0301182964E+05
| Global minimum prediction, x_hat mu_hat +- nu_hat:
  6.5018197226E+01  1.8295271504E+02  0.0000000000E+00      -2.0301532358E+05  7.7196060404E-01
| Global minimum convergence, d_xhat d_muhat:
  7.1453633400E-02  4.5729955955E-03

| GP model hyperparameters (lengthscales W kappa):
  3.5932974881E-01  1.2265297374E-01  5.6257302200E+00  5.3574190697E+00  1.3939621512E-02  1.3943515599E-02
| Next sampling location (x_next, i_next):
  1.5596685451E+02  1.8115657365E+02  0.0000000000E+00

Iteration time [s]:   28.346        Total time [s]:  663.851

--------------------------------------------------------------------------------
                                BO ITERATION 25                                 
--------------------------------------------------------------------------------
| Evaluating objective function at 1.560E+02 1.812E+02 0.000E+00
| Objective function evaluated, time [s]       22.155
| Data point added to dataset (x i y): 
  1.5596685451E+02  1.8115657365E+02  0.0000000000E+00      -2.0300791741E+05

| Total ensemble size: 57
| Best acquisition, x_best i_best y_best:
  2.1833195143E+02  1.5211788604E+00  0.0000000000E+00      -2.0301182964E+05
| Global minimum prediction, x_hat mu_hat +- nu_hat:
  6.5358420799E+01  1.8281433368E+02  0.0000000000E+00      -2.0301548270E+05  7.8291880509E-01
| Global minimum convergence, d_xhat d_muhat:
  3.6728936981E-01  6.7402460843E-03

| GP model hyperparameters (lengthscales W kappa):
  3.5891939413E-01  1.2207667078E-01  5.6274572507E+00  5.3774395794E+00  1.3941929096E-02  1.3945653984E-02
| Next sampling location (x_next, i_next):
  2.8928143432E+01  1.2560289508E+02  0.0000000000E+00

Iteration time [s]:   27.490        Total time [s]:  691.343

--------------------------------------------------------------------------------
                                BO ITERATION 26                                 
--------------------------------------------------------------------------------
| Evaluating objective function at 2.893E+01 1.256E+02 0.000E+00
| Objective function evaluated, time [s]       23.541
| Data point added to dataset (x i y): 
  2.8928143432E+01  1.2560289508E+02  0.0000000000E+00      -2.0299673944E+05

| Total ensemble size: 58
| Best acquisition, x_best i_best y_best:
  2.1833195143E+02  1.5211788604E+00  0.0000000000E+00      -2.0301182964E+05
| Global minimum prediction, x_hat mu_hat +- nu_hat:
  6.5339469690E+01  1.8290576109E+02  0.0000000000E+00      -2.0301512212E+05  7.1730426351E-01
| Global minimum convergence, d_xhat d_muhat:
  9.3370852984E-02  1.5419964137E-02

| GP model hyperparameters (lengthscales W kappa):
  3.6816880323E-01  1.2438062981E-01  5.5889366971E+00  5.3949703151E+00  1.3944639000E-02  1.3948646264E-02
| Next sampling location (x_next, i_next):
  9.2996276515E+01  1.8220080049E+02  0.0000000000E+00

Iteration time [s]:   29.149        Total time [s]:  720.493

--------------------------------------------------------------------------------
                                BO ITERATION 27                                 
--------------------------------------------------------------------------------
| Evaluating objective function at 9.300E+01 1.822E+02 0.000E+00
| Objective function evaluated, time [s]       23.390
| Data point added to dataset (x i y): 
  9.2996276515E+01  1.8220080049E+02  0.0000000000E+00      -2.0300870789E+05

| Total ensemble size: 59
| Best acquisition, x_best i_best y_best:
  2.1833195143E+02  1.5211788604E+00  0.0000000000E+00      -2.0301182964E+05
| Global minimum prediction, x_hat mu_hat +- nu_hat:
  5.9687844337E+01  1.7479050319E+02  0.0000000000E+00      -2.0301544934E+05  7.1197667855E-01
| Global minimum convergence, d_xhat d_muhat:
  9.8893012837E+00  1.3872432673E-02

| GP model hyperparameters (lengthscales W kappa):
  2.4660342164E-01  1.7655141968E-01 -5.6442034832E+00 -5.3884272330E+00  1.3980450100E-02  1.3986685229E-02
| Next sampling location (x_next, i_next):
  1.8735049031E+02  1.6123256621E+02  0.0000000000E+00

Iteration time [s]:   29.332        Total time [s]:  749.826

--------------------------------------------------------------------------------
                                BO ITERATION 28                                 
--------------------------------------------------------------------------------
| Evaluating objective function at 1.874E+02 1.612E+02 0.000E+00
| Objective function evaluated, time [s]       23.351
| Data point added to dataset (x i y): 
  1.8735049031E+02  1.6123256621E+02  0.0000000000E+00      -2.0300596974E+05

| Total ensemble size: 60
| Best acquisition, x_best i_best y_best:
  2.1833195143E+02  1.5211788604E+00  0.0000000000E+00      -2.0301182964E+05
| Global minimum prediction, x_hat mu_hat +- nu_hat:
  5.9699330339E+01  1.7488435433E+02  0.0000000000E+00      -2.0301538228E+05  6.8511383345E-01
| Global minimum convergence, d_xhat d_muhat:
  9.4551388063E-02  2.8314469255E-03

| GP model hyperparameters (lengthscales W kappa):
  2.4852093428E-01  1.7409911609E-01 -5.5874945510E+00 -5.4021749519E+00  1.3980303887E-02  1.3986051344E-02
| Next sampling location (x_next, i_next):
  5.5948061946E+01  1.6226312189E+02  0.0000000000E+00

Iteration time [s]:   29.634        Total time [s]:  779.461

--------------------------------------------------------------------------------
                                BO ITERATION 29                                 
--------------------------------------------------------------------------------
| Evaluating objective function at 5.595E+01 1.623E+02 0.000E+00
| Objective function evaluated, time [s]       23.723
| Data point added to dataset (x i y): 
  5.5948061946E+01  1.6226312189E+02  0.0000000000E+00      -2.0300791570E+05

| Total ensemble size: 61
| Best acquisition, x_best i_best y_best:
  2.1833195143E+02  1.5211788604E+00  0.0000000000E+00      -2.0301182964E+05
| Global minimum prediction, x_hat mu_hat +- nu_hat:
  6.1239538282E+01  1.7960459826E+02  0.0000000000E+00      -2.0301384923E+05  2.8577116146E-02
| Global minimum convergence, d_xhat d_muhat:
  4.9651730368E+00  6.4298442666E-02

| GP model hyperparameters (lengthscales W kappa):
  2.7386995090E-01  1.4385248491E-01 -5.2493734754E+00 -5.6879507923E+00  1.3982520022E-02  1.3972703826E-02
| Next sampling location (x_next, i_next):
  6.9453113046E+01  1.3677939448E+01  0.0000000000E+00

Iteration time [s]:   30.429        Total time [s]:  809.891

--------------------------------------------------------------------------------
                                BO ITERATION 30                                 
--------------------------------------------------------------------------------
| Evaluating objective function at 6.945E+01 1.368E+01 0.000E+00
| Objective function evaluated, time [s]       23.466
| Data point added to dataset (x i y): 
  6.9453113046E+01  1.3677939448E+01  0.0000000000E+00      -2.0300117196E+05

| Total ensemble size: 62
| Best acquisition, x_best i_best y_best:
  2.1833195143E+02  1.5211788604E+00  0.0000000000E+00      -2.0301182964E+05
| Global minimum prediction, x_hat mu_hat +- nu_hat:
  2.1265317330E+02  1.1340855151E+01  0.0000000000E+00      -2.0301363968E+05  1.1174843022E+00
| Global minimum convergence, d_xhat d_muhat:
  2.2635983768E+02  8.8125448625E-03

| GP model hyperparameters (lengthscales W kappa):
  3.0731895590E-01  1.3304182468E-01 -5.1402482460E+00 -5.7817272529E+00  1.3993677110E-02  1.3975312926E-02
| Next sampling location (x_next, i_next):
  2.3372469673E+02 -2.0977889146E+01  0.0000000000E+00

Iteration time [s]:   29.279        Total time [s]:  839.171

--------------------------------------------------------------------------------
                                BO ITERATION 31                                 
--------------------------------------------------------------------------------
| Evaluating objective function at 2.337E+02 -2.098E+01 0.000E+00
| Objective function evaluated, time [s]       24.098
| Data point added to dataset (x i y): 
  2.3372469673E+02 -2.0977889146E+01  0.0000000000E+00      -2.0300815112E+05

| Total ensemble size: 63
| Best acquisition, x_best i_best y_best:
  2.1833195143E+02  1.5211788604E+00  0.0000000000E+00      -2.0301182964E+05
| Global minimum prediction, x_hat mu_hat +- nu_hat:
  6.1300010288E+01  1.7969272285E+02  0.0000000000E+00      -2.0301374621E+05  2.9149863520E-02
| Global minimum convergence, d_xhat d_muhat:
  2.2638491847E+02  4.4518806586E-03

| GP model hyperparameters (lengthscales W kappa):
  2.6823817751E-01  1.4909772488E-01 -5.1871052275E+00 -5.7226696434E+00  1.3995879459E-02  1.3978324350E-02
| Next sampling location (x_next, i_next):
  8.8486955811E+01  5.7566414657E+01  0.0000000000E+00

Iteration time [s]:   30.500        Total time [s]:  869.671

--------------------------------------------------------------------------------
                                BO ITERATION 32                                 
--------------------------------------------------------------------------------
| Evaluating objective function at 8.849E+01 5.757E+01 0.000E+00
| Objective function evaluated, time [s]       23.607
| Data point added to dataset (x i y): 
  8.8486955811E+01  5.7566414657E+01  0.0000000000E+00      -2.0299017805E+05

| Total ensemble size: 64
| Best acquisition, x_best i_best y_best:
  2.1833195143E+02  1.5211788604E+00  0.0000000000E+00      -2.0301182964E+05
| Global minimum prediction, x_hat mu_hat +- nu_hat:
  6.1342730712E+01  1.7984787198E+02  0.0000000000E+00      -2.0301370412E+05  3.1550142615E-02
| Global minimum convergence, d_xhat d_muhat:
  1.6092323274E-01  1.7365443353E-03

| GP model hyperparameters (lengthscales W kappa):
  2.6265927058E-01  1.6453431644E-01  5.4317783602E+00  5.7991123902E+00  1.4017419453E-02  1.4003252175E-02
| Next sampling location (x_next, i_next):
 -2.2165806503E+01  8.9860192162E+01  0.0000000000E+00

Iteration time [s]:   29.722        Total time [s]:  899.395

--------------------------------------------------------------------------------
                                BO ITERATION 33                                 
--------------------------------------------------------------------------------
| Evaluating objective function at -2.217E+01 8.986E+01 0.000E+00
| Objective function evaluated, time [s]       24.002
| Data point added to dataset (x i y): 
 -2.2165806503E+01  8.9860192162E+01  0.0000000000E+00      -2.0298913139E+05

| Total ensemble size: 65
| Best acquisition, x_best i_best y_best:
  2.1833195143E+02  1.5211788604E+00  0.0000000000E+00      -2.0301182964E+05
| Global minimum prediction, x_hat mu_hat +- nu_hat:
  6.1164417274E+01  1.7977066287E+02  0.0000000000E+00      -2.0301315058E+05  2.8719759935E-02
| Global minimum convergence, d_xhat d_muhat:
  1.9431142165E-01  2.2242738275E-02

| GP model hyperparameters (lengthscales W kappa):
  2.7799042061E-01  1.7732956572E-01  5.5944969161E+00  6.0537258687E+00  1.4085219581E-02  1.4059542988E-02
| Next sampling location (x_next, i_next):
  3.0046953444E+02  2.1743069406E+02  0.0000000000E+00

Iteration time [s]:   30.201        Total time [s]:  929.597

--------------------------------------------------------------------------------
                                BO ITERATION 34                                 
--------------------------------------------------------------------------------
| Evaluating objective function at 3.005E+02 2.174E+02 0.000E+00
| Objective function evaluated, time [s]       22.331
| Data point added to dataset (x i y): 
  3.0046953444E+02  2.1743069406E+02  0.0000000000E+00      -2.0300181512E+05

| Total ensemble size: 66
| Best acquisition, x_best i_best y_best:
  2.1833195143E+02  1.5211788604E+00  0.0000000000E+00      -2.0301182964E+05
| Global minimum prediction, x_hat mu_hat +- nu_hat:
  6.1110066372E+01  1.7972236831E+02  0.0000000000E+00      -2.0301297960E+05  2.7803056061E-02
| Global minimum convergence, d_xhat d_muhat:
  7.2707529509E-02  6.8760360190E-03

| GP model hyperparameters (lengthscales W kappa):
  2.8184437952E-01  1.7763828244E-01 -5.5339201329E+00 -6.0727969027E+00  1.4099101362E-02  1.4063450279E-02
| Next sampling location (x_next, i_next):
  1.8189488385E+02  3.6632213225E+01  0.0000000000E+00

Iteration time [s]:   28.335        Total time [s]:  957.935

--------------------------------------------------------------------------------
                                BO ITERATION 35                                 
--------------------------------------------------------------------------------
| Evaluating objective function at 1.819E+02 3.663E+01 0.000E+00
| Objective function evaluated, time [s]       23.765
| Data point added to dataset (x i y): 
  1.8189488385E+02  3.6632213225E+01  0.0000000000E+00      -2.0300430063E+05

| Total ensemble size: 67
| Best acquisition, x_best i_best y_best:
  2.1833195143E+02  1.5211788604E+00  0.0000000000E+00      -2.0301182964E+05
| Global minimum prediction, x_hat mu_hat +- nu_hat:
  6.1079246389E+01  1.7968862784E+02  0.0000000000E+00      -2.0301289307E+05  2.7206514498E-02
| Global minimum convergence, d_xhat d_muhat:
  4.5697821463E-02  3.4730400045E-03

| GP model hyperparameters (lengthscales W kappa):
  2.8446914972E-01  1.7729662241E-01 -5.4956493510E+00 -6.1085230456E+00  1.4108490359E-02  1.4069511771E-02
| Next sampling location (x_next, i_next):
  8.0597101128E+01  2.4573908971E+02  0.0000000000E+00

Iteration time [s]:   29.730        Total time [s]:  987.666

--------------------------------------------------------------------------------
                                BO ITERATION 36                                 
--------------------------------------------------------------------------------
| Evaluating objective function at 8.060E+01 2.457E+02 0.000E+00
| Objective function evaluated, time [s]       23.699
| Data point added to dataset (x i y): 
  8.0597101128E+01  2.4573908971E+02  0.0000000000E+00      -2.0299399686E+05

| Total ensemble size: 68
| Best acquisition, x_best i_best y_best:
  2.1833195143E+02  1.5211788604E+00  0.0000000000E+00      -2.0301182964E+05
| Global minimum prediction, x_hat mu_hat +- nu_hat:
  2.1404966021E+02  1.1642881954E+01  0.0000000000E+00      -2.0301329605E+05  1.0634978247E+00
| Global minimum convergence, d_xhat d_muhat:
  2.2724286614E+02  1.6322826278E-02

| GP model hyperparameters (lengthscales W kappa):
  3.2439445991E-01  1.4360505190E-01 -5.5024848659E+00 -5.9330087468E+00  1.4049366780E-02  1.4027901807E-02
| Next sampling location (x_next, i_next):
  2.9764883981E+02  1.7589105119E+02  0.0000000000E+00

Iteration time [s]:   30.400        Total time [s]: 1018.070

--------------------------------------------------------------------------------
                                BO ITERATION 37                                 
--------------------------------------------------------------------------------
| Evaluating objective function at 2.976E+02 1.759E+02 0.000E+00
| Objective function evaluated, time [s]       23.944
| Data point added to dataset (x i y): 
  2.9764883981E+02  1.7589105119E+02  0.0000000000E+00      -2.0300848140E+05

| Total ensemble size: 69
| Best acquisition, x_best i_best y_best:
  2.1833195143E+02  1.5211788604E+00  0.0000000000E+00      -2.0301182964E+05
| Global minimum prediction, x_hat mu_hat +- nu_hat:
  2.1356819045E+02  1.1785146923E+01  0.0000000000E+00      -2.0301337316E+05  1.0724056634E+00
| Global minimum convergence, d_xhat d_muhat:
  5.0204825518E-01  3.1035992302E-03

| GP model hyperparameters (lengthscales W kappa):
  3.2436595110E-01  1.4310762982E-01  5.5137146846E+00  5.9721339802E+00  1.4053022680E-02  1.4030538963E-02
| Next sampling location (x_next, i_next):
  2.9944123658E+02  2.9527809509E+02  0.0000000000E+00

Iteration time [s]:   30.863        Total time [s]: 1048.935

--------------------------------------------------------------------------------
                                BO ITERATION 38                                 
--------------------------------------------------------------------------------
| Evaluating objective function at 2.994E+02 2.953E+02 0.000E+00
| Objective function evaluated, time [s]       23.482
| Data point added to dataset (x i y): 
  2.9944123658E+02  2.9527809509E+02  0.0000000000E+00      -2.0299591376E+05

| Total ensemble size: 70
| Best acquisition, x_best i_best y_best:
  2.1833195143E+02  1.5211788604E+00  0.0000000000E+00      -2.0301182964E+05
| Global minimum prediction, x_hat mu_hat +- nu_hat:
  2.1493286266E+02  1.1394801558E+01  0.0000000000E+00      -2.0301316819E+05  9.6486667604E-01
| Global minimum convergence, d_xhat d_muhat:
  1.4194011946E+00  8.3049976054E-03

| GP model hyperparameters (lengthscales W kappa):
  3.2833725124E-01  1.4771125500E-01  5.4845807432E+00  6.0185370138E+00  1.4078559637E-02  1.4049692134E-02
| Next sampling location (x_next, i_next):
  1.4737335405E+02  2.0588519815E+02  0.0000000000E+00

Iteration time [s]:   30.831        Total time [s]: 1079.770

--------------------------------------------------------------------------------
                                BO ITERATION 39                                 
--------------------------------------------------------------------------------
| Evaluating objective function at 1.474E+02 2.059E+02 0.000E+00
| Objective function evaluated, time [s]       22.526
| Data point added to dataset (x i y): 
  1.4737335405E+02  2.0588519815E+02  0.0000000000E+00      -2.0300445642E+05

| Total ensemble size: 71
| Best acquisition, x_best i_best y_best:
  2.1833195143E+02  1.5211788604E+00  0.0000000000E+00      -2.0301182964E+05
| Global minimum prediction, x_hat mu_hat +- nu_hat:
  2.1536809022E+02  1.1236555524E+01  0.0000000000E+00      -2.0301311357E+05  9.5402294716E-01
| Global minimum convergence, d_xhat d_muhat:
  4.6310348287E-01  2.2084722346E-03

| GP model hyperparameters (lengthscales W kappa):
  3.2692449431E-01  1.4781109441E-01  5.4395356198E+00  6.0549137084E+00  1.4093495522E-02  1.4057615047E-02
| Next sampling location (x_next, i_next):
  1.4355482946E+02  8.7455238785E+01  0.0000000000E+00

Iteration time [s]:   30.058        Total time [s]: 1109.828

--------------------------------------------------------------------------------
                                BO ITERATION 40                                 
--------------------------------------------------------------------------------
| Evaluating objective function at 1.436E+02 8.746E+01 0.000E+00
| Objective function evaluated, time [s]       24.497
| Data point added to dataset (x i y): 
  1.4355482946E+02  8.7455238785E+01  0.0000000000E+00      -2.0299111521E+05

| Total ensemble size: 72
| Best acquisition, x_best i_best y_best:
  2.1833195143E+02  1.5211788604E+00  0.0000000000E+00      -2.0301182964E+05
| Global minimum prediction, x_hat mu_hat +- nu_hat:
  2.1570221419E+02  1.1199283659E+01  0.0000000000E+00      -2.0301334996E+05  8.1497156235E-01
| Global minimum convergence, d_xhat d_muhat:
  3.3619640498E-01  9.6632215415E-03

| GP model hyperparameters (lengthscales W kappa):
  3.5942047941E-01  1.3534936453E-01  5.5592428547E+00  5.9823300199E+00  1.4086193344E-02  1.4059952962E-02
| Next sampling location (x_next, i_next):
  2.0141100413E+02  1.3147814021E+02  0.0000000000E+00

Iteration time [s]:   31.467        Total time [s]: 1141.297

--------------------------------------------------------------------------------
                                BO ITERATION 41                                 
--------------------------------------------------------------------------------
| Evaluating objective function at 2.014E+02 1.315E+02 0.000E+00
| Objective function evaluated, time [s]       22.284
| Data point added to dataset (x i y): 
  2.0141100413E+02  1.3147814021E+02  0.0000000000E+00      -2.0299747761E+05

| Total ensemble size: 73
| Best acquisition, x_best i_best y_best:
  2.1833195143E+02  1.5211788604E+00  0.0000000000E+00      -2.0301182964E+05
| Global minimum prediction, x_hat mu_hat +- nu_hat:
  2.1619341569E+02  1.1119514834E+01  0.0000000000E+00      -2.0301318274E+05  8.5936939595E-01
| Global minimum convergence, d_xhat d_muhat:
  4.9763638853E-01  6.8659946107E-03

| GP model hyperparameters (lengthscales W kappa):
  3.4621964919E-01  1.4316130480E-01 -5.5365616503E+00 -5.9886170403E+00  1.4096922589E-02  1.4067639325E-02
| Next sampling location (x_next, i_next):
  1.5583486506E+02  2.9264712734E+02  0.0000000000E+00

Iteration time [s]:   29.533        Total time [s]: 1170.831

--------------------------------------------------------------------------------
                                BO ITERATION 42                                 
--------------------------------------------------------------------------------
| Evaluating objective function at 1.558E+02 2.926E+02 0.000E+00
| Objective function evaluated, time [s]       23.936
| Data point added to dataset (x i y): 
  1.5583486506E+02  2.9264712734E+02  0.0000000000E+00      -2.0298914972E+05

| Total ensemble size: 74
| Best acquisition, x_best i_best y_best:
  2.1833195143E+02  1.5211788604E+00  0.0000000000E+00      -2.0301182964E+05
| Global minimum prediction, x_hat mu_hat +- nu_hat:
  2.1865300130E+02  1.0439387128E+01  0.0000000000E+00      -2.0301297703E+05  5.9941225713E-01
| Global minimum convergence, d_xhat d_muhat:
  2.5518885262E+00  8.5491064253E-03

| GP model hyperparameters (lengthscales W kappa):
  3.7208784033E-01  1.4723564073E-01 -5.5965538640E+00 -6.1801101306E+00  1.4159658300E-02  1.4117668476E-02
| Next sampling location (x_next, i_next):
  1.9703742592E+02  2.5426826551E+02  0.0000000000E+00

Iteration time [s]:   31.337        Total time [s]: 1202.173

--------------------------------------------------------------------------------
                                BO ITERATION 43                                 
--------------------------------------------------------------------------------
| Evaluating objective function at 1.970E+02 2.543E+02 0.000E+00
| Objective function evaluated, time [s]       22.417
| Data point added to dataset (x i y): 
  1.9703742592E+02  2.5426826551E+02  0.0000000000E+00      -2.0299023362E+05

| Total ensemble size: 75
| Best acquisition, x_best i_best y_best:
  2.1833195143E+02  1.5211788604E+00  0.0000000000E+00      -2.0301182964E+05
| Global minimum prediction, x_hat mu_hat +- nu_hat:
  2.2028085456E+02  9.8368833736E+00  0.0000000000E+00      -2.0301281442E+05  4.9683103957E-01
| Global minimum convergence, d_xhat d_muhat:
  1.7357756207E+00  6.8303104078E-03

| GP model hyperparameters (lengthscales W kappa):
  3.7278027148E-01  1.5512671153E-01 -5.6133711167E+00 -6.2099680050E+00  1.4221156561E-02  1.4163474590E-02
| Next sampling location (x_next, i_next):
  2.3671565123E+02  2.0492653714E+02  0.0000000000E+00

Iteration time [s]:   30.235        Total time [s]: 1232.409

--------------------------------------------------------------------------------
                                BO ITERATION 44                                 
--------------------------------------------------------------------------------
| Evaluating objective function at 2.367E+02 2.049E+02 0.000E+00
| Objective function evaluated, time [s]       22.533
| Data point added to dataset (x i y): 
  2.3671565123E+02  2.0492653714E+02  0.0000000000E+00      -2.0300327795E+05

| Total ensemble size: 76
| Best acquisition, x_best i_best y_best:
  2.1833195143E+02  1.5211788604E+00  0.0000000000E+00      -2.0301182964E+05
| Global minimum prediction, x_hat mu_hat +- nu_hat:
  2.2037905952E+02  9.8228384325E+00  0.0000000000E+00      -2.0301281789E+05  4.7395761000E-01
| Global minimum convergence, d_xhat d_muhat:
  9.9204210322E-02  1.4543946169E-04

| GP model hyperparameters (lengthscales W kappa):
  3.7751682478E-01  1.5435919693E-01  5.5999271038E+00  6.2410669432E+00  1.4242487010E-02  1.4175885939E-02
| Next sampling location (x_next, i_next):
  2.1693108465E+02  1.6850412143E+01  0.0000000000E+00

Iteration time [s]:   29.512        Total time [s]: 1261.922

--------------------------------------------------------------------------------
                                BO ITERATION 45                                 
--------------------------------------------------------------------------------
| Evaluating objective function at 2.169E+02 1.685E+01 0.000E+00
| Objective function evaluated, time [s]       23.524
| Data point added to dataset (x i y): 
  2.1693108465E+02  1.6850412143E+01  0.0000000000E+00      -2.0301077723E+05

| Total ensemble size: 77
| Best acquisition, x_best i_best y_best:
  2.1833195143E+02  1.5211788604E+00  0.0000000000E+00      -2.0301182964E+05
| Global minimum prediction, x_hat mu_hat +- nu_hat:
  2.3518005856E+02  2.5610486814E+00  0.0000000000E+00      -2.0301239603E+05  3.0707582315E-01
| Global minimum convergence, d_xhat d_muhat:
  1.6486453922E+01  1.7545748604E-02

| GP model hyperparameters (lengthscales W kappa):
  3.5441634409E-01  1.6261341826E-01  5.6032889305E+00  6.4894288927E+00  1.4240469579E-02  1.4158028339E-02
| Next sampling location (x_next, i_next):
 -1.3338828819E+00  3.8495316128E+01  0.0000000000E+00

Iteration time [s]:   30.984        Total time [s]: 1292.908

--------------------------------------------------------------------------------
                                BO ITERATION 46                                 
--------------------------------------------------------------------------------
| Evaluating objective function at -1.334E+00 3.850E+01 0.000E+00
| Objective function evaluated, time [s]       23.791
| Data point added to dataset (x i y): 
 -1.3338828819E+00  3.8495316128E+01  0.0000000000E+00      -2.0299331262E+05

| Total ensemble size: 78
| Best acquisition, x_best i_best y_best:
  2.1833195143E+02  1.5211788604E+00  0.0000000000E+00      -2.0301182964E+05
| Global minimum prediction, x_hat mu_hat +- nu_hat:
  2.3869136247E+02  9.8478431559E-01  0.0000000000E+00      -2.0301242700E+05  4.0836722888E-01
| Global minimum convergence, d_xhat d_muhat:
  3.8488783433E+00  1.2975369051E-03

| GP model hyperparameters (lengthscales W kappa):
  3.4122026925E-01  1.7012247554E-01 -5.6286425031E+00 -6.3366910162E+00  1.4269821793E-02  1.4193410303E-02
| Next sampling location (x_next, i_next):
  2.4071104847E+02  6.3480662795E+01  0.0000000000E+00

Iteration time [s]:   30.612        Total time [s]: 1323.521

--------------------------------------------------------------------------------
                                BO ITERATION 47                                 
--------------------------------------------------------------------------------
| Evaluating objective function at 2.407E+02 6.348E+01 0.000E+00
| Objective function evaluated, time [s]       23.865
| Data point added to dataset (x i y): 
  2.4071104847E+02  6.3480662795E+01  0.0000000000E+00      -2.0299292129E+05

| Total ensemble size: 79
| Best acquisition, x_best i_best y_best:
  2.1833195143E+02  1.5211788604E+00  0.0000000000E+00      -2.0301182964E+05
| Global minimum prediction, x_hat mu_hat +- nu_hat:
  2.3840227847E+02  6.3110084319E-01  0.0000000000E+00      -2.0301240975E+05  3.5509777312E-01
| Global minimum convergence, d_xhat d_muhat:
  4.5679487215E-01  7.2795252479E-04

| GP model hyperparameters (lengthscales W kappa):
  3.5222527388E-01  1.7163404444E-01 -5.6284233766E+00 -6.3963892157E+00  1.4313892954E-02  1.4221182921E-02
| Next sampling location (x_next, i_next):
 -2.0739169773E+01  1.6744429491E+02  0.0000000000E+00

Iteration time [s]:   31.245        Total time [s]: 1354.767

--------------------------------------------------------------------------------
                                BO ITERATION 48                                 
--------------------------------------------------------------------------------
| Evaluating objective function at -2.074E+01 1.674E+02 0.000E+00
| Objective function evaluated, time [s]       23.629
| Data point added to dataset (x i y): 
 -2.0739169773E+01  1.6744429491E+02  0.0000000000E+00      -2.0300716320E+05

| Total ensemble size: 80
| Best acquisition, x_best i_best y_best:
  2.1833195143E+02  1.5211788604E+00  0.0000000000E+00      -2.0301182964E+05
| Global minimum prediction, x_hat mu_hat +- nu_hat:
  2.3926106819E+02  2.4680987062E-01  0.0000000000E+00      -2.0301241577E+05  3.8581787280E-01
| Global minimum convergence, d_xhat d_muhat:
  9.4085032246E-01  2.5281387503E-04

| GP model hyperparameters (lengthscales W kappa):
  3.4731631831E-01  1.7301113254E-01 -5.6469154951E+00 -6.4343280885E+00  1.4333907152E-02  1.4234377078E-02
| Next sampling location (x_next, i_next):
  2.8805111529E+02 -1.1319214175E+01  0.0000000000E+00

Iteration time [s]:   30.427        Total time [s]: 1385.195

--------------------------------------------------------------------------------
                                BO ITERATION 49                                 
--------------------------------------------------------------------------------
| Evaluating objective function at 2.881E+02 -1.132E+01 0.000E+00
| Objective function evaluated, time [s]       23.879
| Data point added to dataset (x i y): 
  2.8805111529E+02 -1.1319214175E+01  0.0000000000E+00      -2.0300905604E+05

| Total ensemble size: 81
| Best acquisition, x_best i_best y_best:
  2.1833195143E+02  1.5211788604E+00  0.0000000000E+00      -2.0301182964E+05
| Global minimum prediction, x_hat mu_hat +- nu_hat:
  2.4312057389E+02 -1.7457445644E+00  0.0000000000E+00      -2.0301270220E+05  3.7779536502E-01
| Global minimum convergence, d_xhat d_muhat:
  4.3435075039E+00  1.1955841118E-02

| GP model hyperparameters (lengthscales W kappa):
  3.2644670298E-01  1.7819204431E-01 -5.6892533275E+00 -6.3696607750E+00  1.4333327548E-02  1.4243033050E-02
| Next sampling location (x_next, i_next):
  3.2577214812E+01  2.1726454870E+02  0.0000000000E+00

Iteration time [s]:   30.940        Total time [s]: 1416.139

--------------------------------------------------------------------------------
                                BO ITERATION 50                                 
--------------------------------------------------------------------------------
| Evaluating objective function at 3.258E+01 2.173E+02 0.000E+00
| Objective function evaluated, time [s]       22.301
| Data point added to dataset (x i y): 
  3.2577214812E+01  2.1726454870E+02  0.0000000000E+00      -2.0300239203E+05

| Total ensemble size: 82
| Best acquisition, x_best i_best y_best:
  2.1833195143E+02  1.5211788604E+00  0.0000000000E+00      -2.0301182964E+05
| Global minimum prediction, x_hat mu_hat +- nu_hat:
  2.3999961611E+02  1.1899880317E+00  0.0000000000E+00      -2.0301275780E+05  3.2348062281E-01
| Global minimum convergence, d_xhat d_muhat:
  4.2847290888E+00  2.3193679434E-03

| GP model hyperparameters (lengthscales W kappa):
  4.0737690233E-01  1.3649067405E-01 -5.6965286726E+00 -6.6281056688E+00  1.4227967627E-02  1.4147763555E-02
| Next sampling location (x_next, i_next):
 -2.2141078207E+01  2.3528789173E+02  0.0000000000E+00

Iteration time [s]:   28.948        Total time [s]: 1445.088

|| Bayesian optimization completed, time [s]     1445.079


--------------------------------------------------------------------------------
                        BOSS is done! Have a nice day :)                        

      Datetime 05-08-2020 19:03:37            Total time [s]     1445.089       
--------------------------------------------------------------------------------
