-50.0000000000_-50.0000000000_-50.0000000000_-50.0000000000
130.0000000000_10.0000000000_130.0000000000_130.0000000000
217.6947738000_48.4446837000_22.8703025000_261.2100327000
17.8896104000_50.2574096000_263.0658964000_12.1535915000
3.3822523000_57.7646489000_210.1535135000_-5.9221645000
68.5581697000_57.3618716000_225.2752353000_-11.5631780000
50.4128551000_-47.5263134000_230.5887371000_30.3672247000
60.9651485000_47.3442302000_192.0209026000_42.0909454000
59.9536560000_-43.3212592000_197.2672331000_-45.4489607000
90.7273701000_62.6897310000_-50.0000000000_7.6604737000
.0315015000_-47.1818596000_115.0694412000_40.2929387000
251.2188725000_58.6002675000_230.2917804000_23.9376543000
43.3042661000_40.4588291000_230.6556835000_310.0000000000
129.5102812000_66.9453288000_231.6948100000_5.5396561000
109.7301488000_-26.1569597000_263.6181788000_10.2933794000
130.8381808000_54.3576006000_161.9911919000_-17.0475340000
131.7828587000_34.3816845000_261.6925496000_1.0653968000
132.0444670000_-19.2014991000_51.4706720000_-8.0177597000
116.5751691000_-44.2826446000_272.9136959000_98.3613841000
11.5034349000_-3.9628549000_225.2507027000_8.7653098000
-36.8049217000_-8.1725686000_230.7556143000_205.2047846000
-42.2370793000_2.9830196000_310.0000000000_182.6115332000
50.4744433000_1.7569258000_293.7222330000_214.6581350000
-42.4378045000_31.3178014000_252.9314984000_184.1908874000
310.0000000000_63.6608178000_273.9468462000_182.0718248000
310.0000000000_57.9234580000_177.0535191000_175.7257724000
-12.2599793000_50.6524035000_6.7420315000_175.8311797000
237.8558401000_45.9281893000_299.4161141000_169.4340481000
43.3819417000_55.5724565000_245.3589023000_183.3449641000
141.0601409000_64.6131942000_221.0451036000_203.8467801000
6.2550690000_54.7013016000_221.5639035000_218.5290728000
86.6313541000_-41.8163321000_-41.0495233000_180.5898636000
19.2475904000_-32.6028590000_237.8818171000_164.9757939000
65.5315749000_-40.0985923000_105.9682638000_190.7710622000
88.7632209000_32.4943170000_127.9042617000_194.1117866000
199.8988687000_-29.5722395000_71.7773262000_188.9384125000
107.4036239000_-21.4991697000_185.6886891000_184.4950585000
6.1969486000_44.2661024000_270.7918373000_152.1958172000
8.3471382000_-26.1053256000_63.6111185000_168.4711440000
114.7600995000_61.9305594000_78.1800707000_173.8677707000
89.6212104000_57.4842324000_31.9933795000_202.0105503000
109.5651774000_34.7151035000_273.6820794000_184.8526309000
21.9587383000_56.4623537000_95.9503857000_188.6022092000
91.8183542000_67.2355117000_216.3900386000_172.0669218000
48.8561768000_20.3138849000_53.4073147000_183.6924145000
26.1902545000_70.0000000000_225.3428794000_186.5883872000
211.0076855000_70.0000000000_232.6683729000_176.8966491000
52.7728369000_70.0000000000_152.4733951000_169.2673798000
267.7774763000_20.8162581000_77.3193925000_199.3203009000
30.2839735000_16.8682996000_195.9855141000_176.3760815000
67.5454975000_67.4505453000_267.1390574000_188.7547804000
251.5575947000_-50.0000000000_-50.0000000000_203.2329700000
10.5984808000_3.1526398000_115.1507166000_191.6979000000
267.3616910000_-45.3815076000_43.1984972000_162.7123715000
30.7184276000_67.9072084000_280.5469821000_174.0065875000
280.6684925000_-28.2495560000_246.8382442000_162.6859321000
72.2359693000_59.6325101000_191.1023645000_189.5246655000
302.6628736000_12.9870606000_16.2803711000_80.3389522000
75.2625083000_-36.4661850000_246.6552898000_183.3020857000
150.0296947000_-46.7719087000_-50.0000000000_184.6463399000
65.1563798000_-50.0000000000_49.0822686000_172.3498603000
219.0457365000_53.6777771000_111.1730143000_185.8617361000
53.6366411000_41.7275165000_98.0605991000_166.4923311000
268.3039959000_52.9072705000_234.3258619000_191.9095419000
56.6595984000_66.2279530000_229.6406357000_175.0360698000
83.5390400000_-23.1607966000_55.8041491000_181.6449403000
291.7234862000_-45.9281440000_77.1352057000_194.6819209000
57.6236558000_-41.0614517000_214.0199707000_179.5411426000
204.5188443000_-41.3846708000_136.1912332000_221.3231279000
71.7984259000_59.6192254000_93.6866948000_180.1085424000
-2.0586239000_53.7470559000_234.1874651000_177.8554324000
77.5515166000_42.4739167000_21.0821979000_173.4319553000
77.2580233000_63.4047812000_240.4382528000_183.7386425000
60.0781785000_-50.0000000000_238.9481502000_183.1711302000
201.0230193000_-43.8516833000_226.0728183000_-34.0073955000
66.4369356000_43.2673609000_221.0270346000_172.5090535000
42.6243981000_53.0107864000_211.2039706000_177.5538541000
77.5377445000_-50.0000000000_255.5661251000_177.1363598000
66.4009319000_57.6931720000_244.4852069000_178.5419416000
69.4051376000_-50.0000000000_237.0740541000_179.8763463000
58.9374865000_58.3525452000_230.6754652000_181.1982074000
282.6768464000_7.0680814000_106.3010978000_-45.6189708000
199.3521290000_-15.4472361000_112.8613569000_58.2610689000
-50.0000000000_46.8660354000_-47.9631328000_193.3279458000
289.4231216000_41.8220601000_68.9188024000_172.0257233000
248.4730080000_53.0187480000_47.8832951000_184.7161486000
135.5896720000_-5.6183457000_310.0000000000_282.8708498000
23.1383201000_1.3807548000_51.3205135000_281.6306387000
276.0353202000_53.7857918000_74.4235827000_-2.6770482000
-32.5258134000_35.0063556000_45.6133166000_-4.3863818000
-50.0000000000_70.0000000000_105.9845050000_-16.0898432000
257.3585870000_38.1046445000_310.0000000000_-7.6757773000
235.5774598000_33.8266298000_103.5708880000_10.2973472000
-50.0000000000_69.0206776000_17.2938441000_22.9651489000
234.0385295000_-50.0000000000_36.7289375000_21.3368010000
258.6062759000_54.3147804000_54.5796804000_38.9004212000
260.8248616000_-24.3490412000_36.3864375000_5.8167976000
236.9619102000_66.4752904000_35.6200663000_-14.3934613000
245.9113078000_70.0000000000_73.4318314000_11.2132284000
235.9663454000_-29.7883773000_-20.2568834000_28.0324176000
-1.7541590000_66.5572243000_159.0536529000_113.3434867000
86.7401716000_67.6372263000_33.5637308000_45.9099725000
113.8953727000_45.8340333000_161.6062772000_262.2022684000
252.4009879000_45.1269532000_31.3340100000_9.6156760000
68.5572569000_53.6036681000_16.8584786000_133.8190156000
291.0291761000_2.9799940000_211.3251369000_285.2493590000
268.5994618000_-50.0000000000_27.6746176000_5.9196537000
-6.8647787000_-36.9630208000_21.5956315000_215.8832301000
217.1130889000_34.4303097000_68.5007418000_152.4387261000
258.0186729000_-30.0875327000_118.2639566000_174.3388243000
130.0747731000_-50.0000000000_93.2830679000_207.6002346000
180.0456114000_41.8543429000_176.4866705000_179.9522569000
86.1354223000_-27.2691268000_174.5497312000_15.4232300000
172.7077478000_70.0000000000_144.8089391000_175.2586767000
268.8711411000_8.3901745000_53.9414295000_13.4208069000
198.2699626000_52.4139727000_42.4014939000_15.7101374000
223.4621607000_49.2602199000_183.1757493000_150.7552575000
68.0400907000_-37.5516228000_99.6605971000_166.6755542000
66.1801120000_45.8087127000_63.6613227000_180.8753712000
290.0029992000_27.0718933000_14.5338508000_163.7116071000
258.7476728000_37.8003626000_178.9742549000_-17.2746764000
26.1354005000_-35.8123626000_267.5822579000_-19.9788084000
149.7215633000_53.2489710000_239.8430383000_174.0117998000
54.1846199000_58.1296955000_.9146638000_188.2454357000
52.7622333000_-37.0960736000_7.6285078000_186.9552743000
245.7943979000_57.1453028000_46.2684271000_8.2206806000
237.9372748000_36.4684456000_55.0765606000_-1.0063961000
64.2262790000_-3.7997886000_256.3573386000_165.7400129000
26.6543243000_-42.7420377000_155.1248757000_186.0035328000
-24.4854712000_-50.0000000000_271.2497602000_201.8962053000
-45.2428021000_61.0949094000_105.8310739000_161.1191331000
91.5412009000_-50.0000000000_132.0291550000_179.2723286000
168.4461027000_21.0256675000_106.7071389000_180.3765854000
241.5118625000_9.4462912000_59.8782684000_-5.8617136000
47.2740964000_32.5283918000_-18.3178137000_180.8903628000
237.1778412000_52.9981083000_53.0668257000_3.0770026000
211.7979878000_39.4794412000_94.6959584000_-25.3591184000
182.3074300000_-12.1821164000_248.4991989000_189.5650391000
54.8063291000_60.5902139000_-13.0423402000_168.3635610000
289.7926120000_61.2803524000_97.9634146000_246.6614623000
50.5260656000_-14.0799240000_-5.7678038000_156.6080401000
172.8252101000_-50.0000000000_-9.2003414000_146.0964528000
164.1985061000_-36.4591157000_254.2737325000_150.3519231000
289.3468252000_-50.0000000000_310.0000000000_143.2700625000
293.4047717000_47.0855059000_114.6321975000_182.4902465000
174.0523537000_52.6780804000_28.2409065000_182.1328882000
25.7813017000_-33.4848736000_-14.9633835000_15.0161439000
210.2416916000_-50.0000000000_1.0960862000_177.4276163000
208.2631924000_46.2184350000_75.5880659000_-3.7404790000
193.4398557000_58.6235168000_106.1143635000_-7.3588049000
183.2795484000_-11.8861638000_189.5971141000_7.0692977000
195.7816919000_13.8711346000_7.1883858000_183.2646430000
56.9901802000_48.5230352000_108.7518214000_2.8782809000
288.9954550000_-48.0236685000_-7.0170083000_182.9833820000
219.2671756000_-50.0000000000_60.2944255000_2.7335808000
303.5592750000_70.0000000000_253.3223762000_-8.5121944000
218.7904652000_53.5913396000_66.0425951000_6.6484848000
224.2396969000_54.2833297000_71.1949368000_-3.0732086000
134.3307903000_55.9003347000_109.8012118000_30.3840088000
217.1643703000_56.6414767000_68.9356822000_-2.3204415000
44.2292586000_59.1085757000_-47.7753474000_58.2564101000
230.0455734000_-50.0000000000_169.5785819000_188.7843698000
225.3566885000_50.7393916000_66.8989530000_.5550318000
52.0383360000_53.0907512000_134.1902858000_183.2520106000
233.0846211000_56.9809362000_63.3514921000_-1.0064290000
37.1850710000_-50.0000000000_-26.5475320000_186.1676508000
229.5782549000_-50.0000000000_73.5091454000_-13.9021144000
164.3380426000_-46.9763023000_207.2047645000_177.5370137000
147.9856477000_-39.0007034000_18.1640140000_178.3141855000
241.1959377000_52.0903732000_62.0694191000_-3.4255795000
23.8603009000_27.0900802000_151.8738194000_-4.0719626000
304.8481885000_6.0855293000_236.8183774000_80.6935895000
203.0783770000_24.6370624000_-50.0000000000_83.3408780000
55.2925897000_59.4302278000_192.8996966000_176.5302682000
245.7363677000_57.2601791000_57.3219352000_-1.0841382000
73.0190158000_51.3867847000_-4.1682700000_300.6754276000
305.5796434000_49.2640611000_40.3065657000_190.7242209000
-41.5595222000_66.0463598000_237.6408353000_183.1915706000
50.4496235000_59.3659909000_230.8627928000_178.5915898000
221.7849650000_33.7905598000_271.4102619000_268.0304575000
272.1923477000_-32.4798946000_166.1606514000_73.4803176000
170.5405259000_23.8230043000_205.2364059000_79.8655893000
42.9991658000_55.3176819000_21.8031361000_177.7758160000
56.1869108000_3.8338852000_89.9746351000_84.0814773000
128.4522937000_-5.5693360000_75.9511690000_278.1092970000
9.7631203000_22.2687674000_141.4661904000_273.8090837000
150.5441583000_-1.0719362000_39.3743065000_89.8844098000
301.3471577000_5.2284808000_-10.1456218000_266.5614535000
191.9182055000_4.5335201000_188.6132583000_275.3645969000
281.0490863000_17.1244731000_108.9003672000_101.1245045000
127.5184648000_5.4814664000_-26.6357140000_54.9930090000
96.2109826000_-36.5878988000_252.8670548000_269.3487579000
81.0588648000_-13.9258605000_190.1494571000_94.7158026000
-44.9734784000_-25.6434203000_295.1587017000_55.2768192000
19.5499494000_48.6022124000_-50.0000000000_268.9628142000
67.2461970000_70.0000000000_101.4644838000_302.2714242000
237.7255740000_70.0000000000_248.2215837000_96.1272297000
169.2682365000_-27.4546038000_-39.9493077000_-28.0850604000
-8.5365299000_70.0000000000_58.4629899000_96.7615321000
259.0090702000_67.0789322000_157.9665415000_278.3230766000
178.9856038000_70.0000000000_274.6014865000_45.9615217000
144.4726059000_-35.5577249000_-9.8883189000_245.8851969000
-1.4215196000_6.4133788000_-17.9442246000_-38.9757453000
-40.9491403000_2.7067857000_171.2474953000_34.4257190000
37.8729260000_17.1910392000_254.0544750000_85.4894879000
-.1719517000_-14.6883476000_-31.7718930000_101.9223588000
271.7047143000_41.1712664000_133.5280185000_163.0451515000
171.8815530000_63.5964135000_97.7608828000_100.4690478000
-44.2466420000_63.0466379000_41.2886135000_289.6822179000
231.5346515000_-37.3079836000_7.1910827000_100.5961345000
-21.7231492000_-7.1897193000_265.8931088000_275.5956383000
129.5669132000_8.2817994000_225.8237508000_308.4875974000
156.7289945000_19.1915575000_13.1682995000_300.4142791000
213.1316373000_2.1882794000_92.5958821000_265.5177681000
283.4244611000_7.3282222000_165.2053289000_235.8780272000
227.0639843000_-29.0997590000_-32.7351245000_285.9024491000
57.6907732000_49.4908905000_83.8830411000_249.2715166000
68.9140686000_53.7637685000_298.9222292000_171.4328563000
18.7993586000_8.1728087000_46.9267393000_48.1093879000
131.0212523000_65.0160921000_154.7897420000_75.5753421000
48.8727043000_-50.0000000000_51.1771560000_190.4722698000
50.4103109000_-5.7424211000_194.4298635000_257.4994960000
251.8149918000_1.6386245000_268.2799960000_-44.8973477000
208.2117315000_-11.1808299000_158.8626681000_107.8827679000
135.2994726000_-9.5731448000_137.1920933000_301.5555629000
242.7849674000_-34.5992995000_224.1552933000_247.9177133000
43.0548066000_-36.9590222000_40.0821140000_-26.3578301000
-7.4152778000_70.0000000000_210.1027186000_71.1166661000
302.2477053000_-.1620660000_195.5279542000_121.6756431000
-25.7490326000_-19.4239422000_173.0915894000_-45.8352075000
70.0577219000_-3.1241612000_3.7988818000_254.3693360000
101.9311241000_15.2672574000_-32.7407222000_108.9243283000
26.6768755000_1.0373243000_150.3135228000_70.6913903000
111.2507494000_13.4125902000_242.5775482000_55.2128931000
76.2381105000_8.4175042000_298.3177769000_-40.2023201000
208.6983786000_49.3430571000_168.2281756000_45.7162752000
81.2237468000_19.4542106000_8.8313560000_-.3227000000
187.8133164000_18.2780894000_-47.2027069000_234.7437170000
-34.5401900000_7.5327657000_-48.6241595000_10.0870546000
257.7039967000_22.1658391000_281.5745301000_48.8662791000
55.0707326000_-17.5161367000_7.6529011000_80.9385831000
9.9936376000_-3.8740188000_92.7623866000_-28.2662083000
267.6458070000_-15.7036090000_42.6072679000_251.4145758000
156.0815009000_62.8740085000_-7.4479175000_79.2852314000
165.5473175000_-50.0000000000_274.3067444000_299.7412380000
212.2174306000_-8.3261755000_265.0089954000_6.2089294000
163.7539054000_10.1518042000_49.2994000000_236.5872603000
288.6044017000_46.7966653000_-38.7516325000_84.3404594000
279.1724078000_-2.1617485000_289.1920951000_246.7013927000
246.5867889000_-16.6584260000_67.9905522000_102.7879172000
146.9439181000_19.2497053000_249.1130829000_248.9757041000
-26.4599148000_-50.0000000000_183.1656671000_262.3313639000
217.4597376000_-12.8998190000_220.6468168000_61.0236360000
89.7728646000_29.4697972000_64.5176207000_-39.3742478000
101.5407789000_42.2580107000_-46.7605867000_248.6309327000
-19.8544259000_.7405654000_79.8711412000_244.5102105000
162.8962308000_55.0450160000_112.6513231000_275.2207798000
261.6074652000_.0460221000_289.8537680000_112.2882572000
72.4808123000_56.0550576000_130.2612889000_101.2219082000
-25.1066289000_-46.6824535000_267.0793785000_102.6427011000
-41.0390568000_-12.6894095000_97.5912027000_68.0901292000
4.2845413000_.9981205000_110.3860937000_118.7975330000
206.1641517000_12.2948790000_235.3889155000_126.0373950000
80.1831434000_-12.3652660000_92.6330226000_33.6711149000
251.1420791000_-24.6611154000_156.4487243000_1.4203622000
292.7832006000_55.2223251000_254.9613886000_274.2729216000
151.8837533000_-39.9496006000_197.1919454000_118.3438452000
105.8070327000_-35.7348395000_67.7295554000_106.7115109000
171.4271811000_58.0380016000_69.9761860000_176.4946668000
58.7032395000_-19.9308566000_133.6007043000_252.7607926000
119.9193392000_-50.0000000000_38.5376551000_280.5578410000
3.0084484000_40.6013508000_-5.0290322000_64.9816605000
136.9324484000_10.5801950000_152.8848994000_31.7200956000
77.5126606000_11.5692823000_143.8126763000_-36.7362398000
173.7567983000_25.3823397000_-34.5714251000_14.3486175000
265.4850579000_21.4814927000_-11.1638858000_-50.0000000000
151.4374170000_67.1261721000_208.5131823000_278.2649606000
247.3176417000_6.3769956000_-5.0293826000_226.9071277000
187.9598613000_-38.4947758000_275.1374926000_238.6705513000
-22.0180890000_-36.5584040000_107.0268406000_284.0131758000
128.8152153000_27.0602153000_79.6130939000_67.7888466000
-35.2257767000_39.4385927000_147.1401734000_75.2009065000
54.3024749000_2.5148182000_294.5082436000_30.7823389000
-41.7556167000_-32.1127231000_11.8838364000_121.1857942000
255.4981565000_35.5410382000_195.3852784000_90.6673236000
159.0524991000_4.6389592000_303.7221909000_134.2640147000
145.5215917000_1.1938581000_147.6217168000_236.0729859000
213.6407790000_-23.0393423000_161.7064013000_-45.3022476000
109.6881346000_30.2476157000_234.8263068000_114.2906913000
5.8548010000_-35.9650989000_-4.6809480000_276.7270266000
289.7493990000_1.6181229000_216.3158418000_-8.6362254000
243.8127364000_-50.0000000000_57.2843861000_-.1571016000
-26.2527602000_28.6756315000_272.3908779000_310.0000000000
107.9143813000_-22.3583347000_-7.0802326000_-32.3304819000
193.8321433000_-20.2100659000_42.9436644000_288.3512239000
214.0612493000_38.2119202000_195.7149195000_232.7487259000
209.0710653000_33.6285635000_29.3355287000_107.1750446000
239.2174741000_5.4754090000_-18.4988815000_131.7127174000
258.0133080000_48.9751220000_-12.9198938000_175.7825458000
11.8760842000_15.6277724000_35.5981233000_119.1994449000
17.6207833000_22.4965622000_201.7706066000_111.1053385000
243.0804803000_-50.0000000000_124.1462837000_113.8049795000
warning in stationary: failed to import cython module: falling back to numpy
warning in coregionalize: failed to import cython module: falling back to numpy
warning in choleskies: failed to import cython module: falling back to numpy
warning: overwriting file 'boss.out'
warning: overwriting file 'boss.rst'
