-50.0000000000_-50.0000000000
130.0000000000_130.0000000000
303.1567658000_6.5441854000
287.6071014000_47.2015363000
-11.0642274000_-6.3263439000
-50.0000000000_228.2259529000
78.2274350000_151.1009609000
54.3916900000_176.3559299000
34.5601889000_143.3344712000
76.4713407000_205.4444146000
33.5143207000_212.5330815000
96.1837237000_-50.0000000000
260.5908091000_-22.5853956000
211.5469729000_-7.0718353000
157.7141882000_26.4779442000
210.1512463000_306.8406725000
245.1174199000_8.2022418000
200.8453800000_184.4672227000
280.8534969000_165.1865070000
171.6315633000_232.8904044000
247.5449326000_122.9464078000
-25.7728124000_183.9962085000
135.5724352000_176.8668439000
77.4818319000_74.9421490000
261.3318104000_193.8856762000
249.2505518000_-3.8697598000
256.0335843000_-1.6442651000
239.3429709000_.3629130000
66.8282009000_261.4339925000
200.2449150000_160.3235755000
222.2786323000_7.2174775000
235.8281392000_.9319836000
236.6231134000_1.6476119000
60.7073429000_22.0603206000
101.1031543000_-1.5940632000
196.0421802000_63.0075147000
-26.5299452000_155.4181950000
14.2100195000_176.4386267000
92.6362000000_180.2329766000
-13.3126767000_91.9661524000
250.7161860000_262.9142224000
140.7633496000_274.4316494000
-2.7082683000_270.5037364000
30.2306654000_-49.2276522000
150.0323280000_197.0142465000
10.6383999000_53.0847132000
181.6059348000_101.3707643000
255.1827560000_83.8608421000
132.9756653000_78.7601376000
70.4761011000_108.3003695000
302.7509187000_114.8232413000
231.6985446000_228.4481092000
114.4800657000_240.1220300000
146.0773452000_-40.5325993000
297.4525885000_275.0556980000
-46.3218769000_75.8059945000
55.6223730000_-18.8887020000
36.5562408000_81.4854235000
110.4351517000_41.4336017000
237.7337058000_166.8814069000
-9.5073298000_229.8869222000
201.7913013000_264.4990015000
-23.4892127000_32.9424099000
217.5113705000_99.1983148000
23.7036866000_10.5364076000
142.6160409000_-4.4796750000
29.4953925000_252.2944694000
272.9867968000_238.6168001000
163.2387065000_143.5532804000
106.6923665000_278.0332542000
54.8259961000_290.2041310000
265.3988883000_293.6347820000
106.0730052000_98.8203540000
173.7274922000_293.4611466000
.8647507000_123.9737884000
119.7206924000_208.7873731000
203.9312757000_128.3649345000
47.6793221000_49.4891758000
146.8669039000_107.4109370000
-11.1944347000_310.0000000000
236.8498056000_60.0927170000
-32.3312711000_254.8071123000
280.7115736000_136.9229587000
117.3853262000_-26.5590297000
195.0650271000_216.9923335000
16.6850478000_-21.1013076000
-42.2611165000_-23.3434732000
297.6810869000_198.1394352000
61.2227146000_232.3725987000
227.0528254000_285.2475862000
158.8564973000_56.5949719000
171.4994601000_-27.6585110000
-33.3888031000_127.8859678000
227.1896770000_202.1935077000
30.4594070000_110.1670240000
-24.5440369000_60.1054267000
24.8670890000_284.1372023000
124.4553160000_19.8294845000
67.9611560000_180.3481865000
-31.1724753000_285.7165082000
116.1773874000_155.4964470000
83.6537958000_36.3038578000
warning in stationary: failed to import cython module: falling back to numpy
warning in coregionalize: failed to import cython module: falling back to numpy
warning in choleskies: failed to import cython module: falling back to numpy
