155.6408608000_247.0361013000
-49.5768165000_160.0265917000
-22.6814044000_102.7342593000
285.5626834000_199.6515350000
247.2549328000_152.7460196000
.4615593000_200.4536418000
-32.3350246000_-50.0000000000
76.4595140000_166.2355242000
146.2393990000_20.7499980000
151.9959697000_174.7776375000
128.7200596000_136.3930090000
-35.4563351000_8.6175774000
98.8156477000_194.1864163000
144.3752550000_-30.5395640000
14.3333719000_176.6694915000
213.9450477000_56.1712484000
292.9226674000_178.7030312000
216.9470012000_186.6112678000
93.9447302000_177.4012864000
129.7209228000_184.3606446000
65.5204208000_49.9632904000
20.1166874000_259.1969088000
109.4611460000_168.0852588000
242.4378873000_-15.9946012000
217.9275564000_2.4337355000
245.1290107000_10.8837338000
234.5127163000_.2769121000
228.2591986000_7.1527771000
51.3494323000_186.2412579000
-38.8996644000_182.0950556000
229.0117623000_-.6376102000
258.6755899000_-5.7450072000
239.8527123000_.3046797000
236.2177153000_1.6708368000
52.7339464000_-20.1917756000
259.1421415000_264.9697981000
89.5740180000_286.6532248000
269.8788925000_97.9253790000
105.8168428000_83.7840973000
44.5020476000_103.9620068000
177.8186818000_195.8350761000
190.5601918000_284.3985981000
-14.2900747000_60.0709877000
192.5610158000_105.6457105000
-41.1764094000_252.5216070000
54.8739351000_176.2901248000
87.1039107000_6.4099270000
25.9442983000_19.5981188000
218.4347154000_237.5595181000
76.6696338000_246.7899768000
157.5393798000_68.6228124000
30.5447474000_300.5166743000
-1.7658104000_-21.2721008000
301.0721310000_66.5541896000
136.6939517000_284.4967760000
198.4641956000_144.3514499000
101.5662655000_-34.5496413000
289.2894258000_289.8224283000
11.8641651000_132.4923334000
112.3145496000_46.0102710000
22.8389113000_76.8741127000
233.4877601000_290.6195354000
291.6474024000_123.9129439000
231.7724762000_116.0903594000
114.3423787000_250.8267711000
91.3586595000_118.8451528000
176.4708993000_310.0000000000
253.1353437000_64.6516115000
30.6109650000_229.6253377000
245.9545489000_214.0103632000
-12.9063270000_281.9971156000
140.8265780000_100.1666659000
-50.0000000000_35.2235515000
282.9594104000_236.6134242000
-14.2593543000_234.9315363000
166.7501840000_128.0657046000
-4.0212893000_29.5321187000
137.3172108000_221.8910618000
66.3512253000_-50.0000000000
53.1444658000_273.3500313000
256.4695939000_182.7248858000
120.1844773000_-.6852161000
190.7904809000_223.4542150000
178.9212804000_42.0566135000
66.4826841000_81.6300025000
49.7819022000_136.0405304000
27.2599335000_48.1729039000
-42.6034282000_218.3101091000
225.9929740000_86.4444799000
-26.7823104000_132.0159775000
171.9123416000_-14.8092850000
310.0000000000_-24.4398880000
266.1121186000_306.2089179000
306.7991804000_98.0437880000
68.7667192000_218.7900905000
182.5586528000_79.5051937000
196.2682757000_257.2489534000
-9.5320280000_156.8414193000
117.9807356000_304.9755337000
211.9890960000_310.0000000000
11.7748597000_-1.4767131000
278.3732764000_46.2670074000
warning in stationary: failed to import cython module: falling back to numpy
warning in coregionalize: failed to import cython module: falling back to numpy
warning in choleskies: failed to import cython module: falling back to numpy
