305.0221144000_-4.3139589000
115.3207985000_186.6175712000
155.6350540000_134.6701929000
73.1913663000_229.3864152000
159.9126190000_214.6146326000
1.3745561000_25.9851124000
86.0529912000_147.3186442000
264.1425599000_-41.2203426000
267.7766656000_40.6465544000
-42.9642198000_300.5727105000
207.6185224000_-19.8602350000
35.1776594000_178.8212542000
285.5438931000_179.0139573000
-31.2087429000_151.9996484000
15.4219729000_93.6273044000
209.6143013000_174.6604276000
96.2780984000_-28.8424007000
-29.7836485000_203.6836955000
238.4980198000_2.0973234000
165.9465133000_22.0545377000
237.1971422000_257.2120109000
252.3303594000_145.5725916000
222.0407461000_12.7514959000
242.8294363000_197.9401610000
249.6294895000_8.8541422000
-13.0166929000_178.6318452000
246.5364322000_-4.6786668000
184.6910959000_64.6905197000
236.1476352000_-.1904987000
156.0781044000_175.8581890000
70.6076230000_176.7493982000
239.1103512000_-.5160508000
125.3388257000_278.9560832000
86.3775379000_61.1746786000
39.2121325000_288.2269873000
286.4802601000_99.3303637000
58.4287406000_5.4592258000
310.0000000000_254.6847444000
112.8720355000_98.3111416000
17.1991323000_-28.8486274000
218.3269993000_102.7417464000
10.6765465000_247.3114819000
189.0731705000_282.8433383000
-28.4093333000_66.0566243000
144.6155848000_309.8374050000
107.7943660000_25.5773409000
200.3592014000_5.4107142000
58.0153569000_110.7235663000
17.6277351000_136.7570259000
37.0086376000_53.2642290000
203.0897659000_229.8952066000
135.5925462000_-9.3972391000
241.0113340000_74.5210125000
80.4412935000_277.2790930000
276.3389652000_228.0025916000
-5.5100212000_284.3526429000
118.1028777000_238.9671664000
135.5590695000_64.5872722000
196.1073885000_139.6115636000
278.0041932000_277.1375698000
58.3322994000_-40.8219599000
-26.3434787000_110.3857633000
163.0724197000_253.7737383000
18.4445679000_211.4583779000
-46.2579157000_32.5443833000
166.1193921000_98.7010329000
298.0139762000_73.4973883000
-19.7039238000_-29.0082608000
225.8114870000_-50.0000000000
292.1241665000_137.3587209000
49.1133994000_252.2439805000
-7.9659697000_-1.3488631000
59.4819222000_82.1699582000
102.2301398000_303.6874135000
123.2102038000_156.4118119000
192.3194499000_198.7984379000
49.2242677000_149.6968318000
65.6954164000_33.4173234000
250.0661849000_116.9032839000
120.8461936000_123.9992142000
-21.4301449000_230.8736472000
92.1079700000_2.5030487000
206.8606787000_263.9440736000
95.7592990000_208.6996464000
223.2474255000_52.6132873000
241.2309806000_285.3594692000
53.5580956000_206.2263000000
237.4008470000_223.7806197000
164.9094223000_-22.4998269000
5.1040307000_307.3516587000
28.2203034000_15.8809000000
297.7263703000_-34.0923197000
224.9543767000_136.8343754000
86.5075302000_108.3134100000
294.7617615000_207.6872956000
6.3093921000_65.4382383000
187.7997418000_116.1227147000
167.8376557000_46.0931474000
-39.0873882000_90.3349247000
183.1780886000_310.0000000000
130.5464271000_211.5255340000
306.1169410000_230.3075432000
warning in stationary: failed to import cython module: falling back to numpy
warning in coregionalize: failed to import cython module: falling back to numpy
warning in choleskies: failed to import cython module: falling back to numpy
