282.8610182000_-20.9350263000
48.0885439000_9.3345715000
249.9150416000_269.9307141000
-45.2693182000_21.1215754000
230.9332842000_-6.9170646000
158.7065609000_-17.0728503000
221.6826745000_38.9829379000
.2872122000_-46.7479059000
74.9337639000_67.5044808000
259.5774380000_8.8217306000
237.4695122000_137.9531273000
93.9053450000_198.7118830000
24.6524158000_185.0072153000
40.6138748000_231.7027415000
70.4878563000_152.7273778000
-16.3555743000_146.8494915000
162.4793231000_180.6598202000
296.9813463000_194.9313528000
211.0477426000_209.0255853000
144.1534334000_123.9765197000
283.7649783000_90.0076625000
244.6815774000_177.1117498000
135.4212511000_245.0378516000
138.8272006000_25.1989285000
114.0962741000_169.9683585000
247.8973173000_-24.8727269000
223.4765927000_9.6024969000
310.0000000000_172.5827645000
247.8184639000_-2.6286189000
-17.6324166000_191.8295965000
236.9675496000_3.9341206000
234.5147856000_1.1738578000
238.3455641000_.3836597000
85.2895655000_297.2236336000
7.7881286000_78.0738656000
310.0000000000_264.9175664000
176.4756912000_285.4798403000
193.7696274000_168.1616920000
90.6356110000_-17.3498958000
65.2951695000_180.1918898000
157.3827241000_77.0205853000
40.1355786000_169.8778597000
43.3105300000_106.7378452000
107.2703950000_97.4564213000
208.4801214000_99.1742340000
25.2467689000_275.5511186000
129.0840546000_-50.0000000000
88.1053402000_257.0240044000
52.8995639000_183.4547290000
310.0000000000_60.0323451000
40.1413549000_-29.7033740000
-33.7442774000_105.4856470000
-2.7829826000_-6.8655124000
263.2926820000_233.1638529000
-13.3250169000_239.2441749000
198.6123665000_248.8301236000
13.9729286000_38.8153340000
93.2098635000_34.2677839000
286.6850568000_133.2688241000
215.2439533000_296.6298872000
-45.5610791000_-50.0000000000
245.4705835000_77.6289191000
167.4697926000_220.9345070000
120.7389018000_60.8627060000
184.1060018000_131.7793055000
-50.0000000000_229.6849804000
10.7437647000_121.8124964000
178.0357153000_-43.6376959000
131.6559421000_187.7871992000
120.5238781000_277.4476624000
280.3310945000_291.9932668000
253.4300878000_110.1336179000
171.2668422000_47.6171588000
-13.8586834000_281.1116087000
45.0248183000_50.8257545000
270.8093210000_49.8688075000
116.4334363000_.8806379000
271.0708394000_160.4008739000
98.3552824000_127.3614334000
49.4786685000_296.8823513000
151.5258114000_152.6202980000
-33.8228526000_-17.0032260000
231.0750668000_235.4499509000
-17.4329083000_50.0696673000
57.6789821000_265.3904802000
115.9841446000_224.3491025000
194.8829772000_71.9807544000
7.3254948000_215.8152144000
73.1120655000_224.5409778000
254.0760292000_206.5724987000
173.6960815000_102.4437316000
150.0845749000_294.4449669000
74.1410655000_110.1873887000
174.9145170000_6.7017632000
-25.8889863000_80.9999192000
40.4546738000_134.3678504000
79.3869599000_6.5804649000
165.0051835000_258.3003367000
-13.2349356000_17.5102117000
47.2544049000_79.2067002000
-42.1367421000_137.6026521000
68.5507134000_310.0000000000
warning in stationary: failed to import cython module: falling back to numpy
warning in coregionalize: failed to import cython module: falling back to numpy
warning in choleskies: failed to import cython module: falling back to numpy
