294.1318857000_303.2180892000
80.8795856000_258.6898600000
264.3338367000_12.4223799000
228.6090194000_55.1971911000
-45.7731524000_22.5009153000
241.3148913000_-23.7002688000
214.8398955000_265.2864459000
182.0521192000_-3.6184211000
96.1784290000_3.4152552000
-4.2326441000_154.7875895000
69.8089289000_132.4085706000
277.7194159000_159.2052829000
310.0000000000_201.5952165000
182.2630496000_168.8255147000
101.7948768000_188.3021787000
205.1673534000_202.9586148000
212.3632339000_119.3403952000
29.8210000000_196.9803726000
294.7789556000_-14.4300914000
37.7416285000_-40.4068603000
60.5836775000_170.7564075000
248.1880327000_182.6949991000
231.4686517000_2.5911077000
209.5515727000_18.4790767000
120.0151187000_160.5727867000
250.3724335000_-3.5164426000
-25.2578077000_180.2158585000
239.4475667000_3.0659992000
129.4814101000_58.5554455000
238.3421719000_-.7878043000
28.5294066000_175.7293447000
24.0292816000_73.5789127000
237.9853890000_.6781095000
132.5762263000_297.8452995000
305.7598968000_94.4240454000
-4.5018931000_259.7778803000
148.1882739000_242.9508146000
35.3095090000_19.3567273000
154.3586497000_185.9648629000
152.8083594000_102.5677358000
-3.8279464000_300.9595195000
80.1384076000_77.8983259000
296.7155322000_179.5531177000
183.1091644000_294.6116585000
46.5669009000_284.2852019000
60.3712248000_185.1222963000
298.1343075000_59.9353836000
270.8137337000_244.6303383000
258.1223123000_97.2785148000
73.3599637000_42.1900618000
93.0744505000_-37.9649077000
16.5156048000_111.0358073000
184.5648305000_78.2895287000
-2.4044340000_-9.6537434000
137.4542689000_-25.7226382000
-48.3172016000_261.2421227000
-15.8213418000_69.3824384000
48.3216115000_237.0870022000
137.3662635000_20.9105314000
255.3319583000_280.7198635000
110.3557146000_225.9359580000
237.9482977000_223.2546178000
184.6239008000_232.0558841000
166.6513894000_134.1694939000
-45.3212799000_131.7491115000
109.2295185000_113.6391143000
3.2610323000_37.4001922000
-17.0056461000_229.1425230000
227.0774569000_150.2277419000
62.3549199000_-12.5614576000
163.9594528000_49.3580851000
271.4876584000_123.1307164000
210.2391163000_-50.0000000000
-29.9672489000_-36.9636173000
117.8932381000_266.7896539000
51.9775414000_100.8924776000
171.6545721000_-38.0974898000
-18.7209962000_109.1927821000
272.3119702000_210.5131467000
146.4785529000_214.4676104000
78.3176494000_294.9947812000
36.3790670000_138.9997284000
222.5497957000_90.1636236000
-31.7052184000_286.6751429000
105.4148916000_38.9892722000
304.2581683000_231.9731396000
262.9351655000_63.0968343000
75.7684319000_218.4613248000
169.7277478000_265.7817138000
15.8309703000_236.3906720000
131.7594601000_130.6450418000
122.2852763000_86.6438316000
38.9456846000_50.0396979000
24.4367738000_-17.4060609000
242.9947843000_127.5897347000
77.0565697000_178.1145203000
98.8197492000_143.9533323000
176.1352296000_204.0591780000
278.0374954000_40.0623667000
149.4297830000_280.9431608000
-44.2539042000_157.8872143000
286.0938617000_276.5931047000
warning in stationary: failed to import cython module: falling back to numpy
warning in coregionalize: failed to import cython module: falling back to numpy
warning in choleskies: failed to import cython module: falling back to numpy
