182.0047786000_-22.6413471000
172.1756340000_-21.0299595000
254.8608061000_300.8247482000
14.6632130000_102.5773058000
218.4946821000_26.4044290000
208.9374594000_87.2026263000
267.9432753000_10.0999519000
-5.6276547000_12.7553397000
97.7241496000_214.7686487000
188.6818527000_209.1422805000
284.5245257000_198.4054896000
-6.3971828000_224.0742648000
239.0757388000_165.5629055000
135.1983967000_161.1702549000
310.0000000000_157.7576334000
52.3466304000_169.4854430000
74.6847870000_278.1009373000
-2.8639858000_182.3099439000
233.8790454000_-1.1231090000
259.1090237000_-13.3833458000
103.7599996000_182.9864468000
118.5184719000_49.3701715000
245.1132077000_-.8492087000
51.7832026000_189.4356536000
240.6804978000_-7.4655695000
-20.9951991000_-41.0651158000
175.3150388000_179.6853377000
236.3282895000_4.4911124000
212.6695543000_7.7886817000
237.5723095000_.6962534000
296.5390594000_178.1687087000
292.6963857000_83.6125425000
65.6654413000_-21.2772428000
235.9813535000_1.1756208000
155.0304762000_266.8344069000
93.8966158000_103.3167413000
47.8789698000_52.9081275000
-47.3593030000_265.1647253000
226.1243684000_252.6924288000
143.8740881000_190.9501474000
71.2640359000_178.7053006000
152.7763270000_90.3421384000
21.3962364000_274.1266979000
260.2945481000_120.2440360000
113.8547016000_308.3534085000
89.4219805000_13.4595726000
-16.7610099000_58.1904569000
190.9411242000_129.5184206000
49.2481177000_242.4891691000
199.4367362000_285.8485757000
-34.7884296000_111.4408107000
39.2669393000_11.7264491000
32.6406305000_310.0000000000
59.3963770000_126.9415580000
275.4726051000_246.1898989000
251.3071209000_67.7680916000
112.2587977000_254.6118013000
4.7197180000_138.3610584000
143.2037525000_22.2175085000
235.5287086000_206.9248179000
150.1012530000_233.7086245000
67.5209745000_82.3085976000
-43.2500589000_216.0577786000
310.0000000000_-7.9212416000
11.0367059000_-18.2394581000
-47.8601076000_41.5746251000
168.7170482000_57.5514982000
277.4611063000_147.4577478000
115.2585063000_-12.5950424000
132.3453728000_124.5799395000
187.3017988000_249.7962119000
301.6181674000_-50.0000000000
223.8795828000_131.5050446000
154.4039207000_307.1590273000
94.6145366000_143.4314569000
80.6701677000_49.7948070000
208.7067179000_173.7888903000
-13.7287165000_282.5336544000
13.8412349000_42.7032252000
276.6730707000_276.2041380000
-12.1181372000_251.2750203000
295.7195134000_119.4130745000
117.5704945000_79.8231431000
77.4527981000_310.0000000000
29.2543623000_181.2359721000
238.2575935000_96.7328149000
279.4409239000_51.4050524000
17.4937640000_73.7028301000
165.2703814000_145.7312139000
80.8134184000_244.7437687000
249.8297271000_229.3851228000
245.4412934000_271.4390837000
217.3472082000_-50.0000000000
104.2897286000_283.1116294000
26.5771851000_219.7629156000
-38.6070724000_78.4886602000
93.0293201000_-24.4337101000
-.6815037000_160.9240027000
170.2195767000_111.7672000000
210.6616339000_227.0475341000
211.6444731000_60.8593487000
42.5695286000_99.8454891000
warning in stationary: failed to import cython module: falling back to numpy
warning in coregionalize: failed to import cython module: falling back to numpy
warning in choleskies: failed to import cython module: falling back to numpy
