101.9875782000_193.8114584000
199.0804291000_280.6797122000
63.3655954000_151.3295992000
38.0863440000_225.3698002000
136.3605028000_132.5023314000
37.2237805000_64.9390198000
-30.1231785000_162.4052237000
251.6222081000_176.3178716000
272.9393851000_120.3950749000
-42.3979939000_-7.2930486000
158.7385374000_9.2516804000
310.0000000000_198.8326973000
29.1075088000_182.4402827000
71.3662919000_-26.4092341000
155.2173182000_174.6720400000
195.1479436000_199.7196599000
82.2713307000_173.8946633000
41.8111733000_172.9755897000
-12.4555854000_178.8923604000
45.1877583000_12.8657476000
264.8147246000_33.0443589000
64.4682501000_179.5876257000
233.8643882000_-5.3399146000
253.6953568000_-30.5674585000
207.1680999000_-17.5679746000
217.8935906000_16.5491205000
6.9070281000_306.6464886000
239.9771578000_4.4173033000
228.9236652000_3.9502153000
233.7940203000_3.9553088000
258.7290474000_223.2005195000
201.6168224000_159.1557847000
239.2778300000_.0513472000
296.2035066000_175.8151459000
101.6280114000_277.7689654000
193.5371725000_179.8631970000
54.6668370000_182.5133539000
82.2027149000_15.9960853000
67.9735490000_184.3482959000
60.2185247000_179.4320798000
236.5550517000_.9531874000
310.0000000000_266.2005098000
117.6131408000_73.2011317000
-24.4552270000_89.0239299000
206.1411009000_90.8169320000
148.1599363000_248.3689198000
70.8089199000_97.4802946000
-18.2316001000_37.8937799000
133.6964628000_-49.6861965000
250.5109359000_268.5408488000
42.0764203000_277.8938508000
16.4954332000_109.7775501000
163.2344388000_83.0249578000
-6.0497476000_253.5762742000
258.8298730000_80.6116695000
116.3657989000_-14.1313180000
310.0000000000_308.0032939000
211.5178518000_244.0102364000
93.3057830000_241.2763092000
132.7415827000_39.5990379000
76.5715567000_53.2222827000
299.0883499000_96.4219874000
4.7683581000_-11.4123737000
272.9490838000_-6.6606760000
310.0000000000_57.2962599000
231.3217160000_119.3125613000
178.4350105000_121.9595429000
102.4691035000_115.6339038000
-23.6140858000_227.0071965000
161.1600931000_283.3112172000
176.7424227000_236.1426219000
36.6721146000_-34.1418032000
-13.9326218000_129.1554564000
72.7734933000_301.5636458000
288.3333983000_240.7502599000
227.6758597000_60.1956380000
281.4495431000_286.3057461000
307.4210046000_22.9338084000
147.3954072000_212.9018648000
66.0035326000_257.5601222000
156.0101086000_-25.3840202000
19.5935081000_35.0734176000
171.0102697000_54.2636135000
305.3421055000_133.6063064000
257.2045232000_148.5584217000
-19.3025509000_285.1389878000
219.2026897000_-50.0000000000
2.9405791000_68.2031857000
178.4913025000_-50.0000000000
135.0698755000_102.7086961000
277.1684891000_202.2202483000
-5.1631524000_12.6765582000
-19.5828068000_-35.2901694000
47.8476418000_121.1689404000
4.1380241000_213.5121181000
170.3549050000_151.1491466000
227.3321384000_200.7635222000
100.6678493000_-41.6849078000
9.0978984000_145.9949498000
116.1865146000_18.3649288000
242.3787056000_291.6277509000
238.6133127000_94.9062407000
warning in stationary: failed to import cython module: falling back to numpy
warning in coregionalize: failed to import cython module: falling back to numpy
warning in choleskies: failed to import cython module: falling back to numpy
