-50.0000000000_-50.0000000000
130.0000000000_130.0000000000
220.0000000000_40.0000000000
40.0000000000_220.0000000000
85.0000000000_85.0000000000
275.8429722000_29.1891475000
122.9367278000_220.5817243000
213.5966288000_-16.8445371000
204.2496828000_285.6281807000
163.4599959000_3.9015926000
-30.0789684000_183.7932050000
260.8956294000_181.8995688000
303.9461427000_148.3191507000
290.2053686000_217.8339327000
158.1914485000_176.2551903000
59.0362514000_170.4620874000
22.7677814000_-18.1333229000
260.2650744000_89.0574048000
83.9281656000_190.8342259000
259.2518030000_-6.0602315000
231.0244409000_6.4262037000
203.8551981000_197.6241758000
212.1731061000_157.9704475000
242.1297967000_-2.4788671000
246.9350382000_3.3365829000
23.0980441000_180.4638089000
231.9145424000_1.1485761000
.7179641000_94.8433008000
88.6241933000_292.1631669000
45.1418320000_35.3291536000
-3.3504541000_265.6369597000
171.6664074000_90.6371038000
93.1653049000_-16.1849870000
265.8531897000_268.5410793000
107.4976102000_170.7750873000
302.6225796000_-5.5247143000
120.8962845000_45.5519372000
5.7545645000_157.3210464000
-14.4519964000_50.8706908000
55.9795217000_183.5322014000
143.8498531000_298.4718430000
220.9168937000_241.2640772000
31.8348650000_298.6288733000
165.8272167000_253.4976680000
221.0408149000_115.6902193000
79.5094122000_253.5907806000
48.6771212000_117.6504297000
37.0918446000_70.8461817000
310.0000000000_92.6190458000
-26.8057528000_233.3329253000
95.0152944000_17.8014520000
253.1954394000_303.7349254000
-.4988187000_15.6588947000
176.1145934000_136.0181822000
-28.3318041000_122.6532435000
265.6511730000_127.1567460000
169.2863913000_38.5254289000
123.0982256000_266.4739071000
-46.6986294000_274.5967309000
-6.1430191000_310.0000000000
135.0163094000_-29.0692138000
210.1983152000_8.6176732000
128.5669723000_90.1097211000
285.8904722000_63.1901446000
246.3368986000_215.9267080000
86.9779187000_130.9221860000
53.5957175000_2.9744540000
62.5113552000_310.0000000000
41.7600578000_260.9655740000
167.1337906000_215.4005239000
78.5703095000_52.1851661000
174.4439914000_-42.6462415000
209.0778307000_78.5593417000
310.0000000000_30.4526734000
249.3006708000_151.4944400000
-19.2688374000_-17.1922367000
-3.9564546000_211.2213226000
234.7799579000_272.0444419000
153.9223119000_66.6048302000
282.7086988000_243.7243118000
20.4389884000_131.8131664000
133.3914425000_194.9150348000
125.8327969000_4.7083934000
246.7018767000_59.3012270000
12.3557972000_240.0020620000
291.7976600000_175.1958111000
108.3226971000_310.0000000000
221.1059673000_-50.0000000000
294.8064009000_112.2250973000
191.7892578000_231.6582488000
76.7711616000_222.5602718000
17.6510395000_49.5595157000
144.5765068000_154.1931857000
151.1606755000_111.9564015000
100.0509904000_108.9537339000
143.8180840000_239.3062364000
188.2556833000_60.0014305000
-26.5952360000_291.3733180000
26.7299075000_10.4780012000
40.7996837000_147.4613331000
-42.0793311000_206.5168351000
229.9037993000_180.6382702000
108.8337477000_69.6546221000
194.0813529000_112.3529812000
167.9380195000_282.9483763000
warning in stationary: failed to import cython module: falling back to numpy
warning in coregionalize: failed to import cython module: falling back to numpy
warning in choleskies: failed to import cython module: falling back to numpy
warning: overwriting file 'boss.out'
warning: overwriting file 'boss.rst'
