-50.0000000000_-50.0000000000
130.0000000000_130.0000000000
-34.1347218000_255.6174891000
286.4203804000_-11.4029382000
242.9343954000_10.3494984000
285.1142220000_54.5364912000
219.0466190000_-23.4113299000
172.1807648000_18.0792417000
32.0740268000_.4005832000
246.7746894000_178.6768108000
-33.3893229000_161.3733389000
48.9071864000_188.0996825000
135.1757081000_203.4316001000
129.1920171000_288.4895773000
-34.9628273000_200.3443431000
1.5327002000_112.1215811000
116.5159323000_171.2608740000
43.5676463000_162.5861358000
229.2999734000_-.3126258000
250.9974688000_-1.8109642000
1.5936576000_179.5085648000
230.4483098000_147.4033988000
263.3197650000_3.0310880000
239.2390794000_.2098826000
234.0739851000_220.5140614000
109.7596079000_-13.6017381000
71.2267785000_228.6468167000
180.7061229000_178.9924785000
71.1210265000_55.1237565000
240.6025193000_-2.3149082000
231.7262216000_3.3055391000
191.4719479000_73.2458014000
41.0319134000_297.3383200000
207.4550189000_267.5013063000
270.3424646000_105.2071474000
80.1091814000_97.7810735000
128.9487563000_69.8673439000
-1.1933494000_49.1374101000
266.8203237000_272.0556001000
187.9999969000_110.9788599000
31.5570641000_261.3246178000
144.1698050000_247.1798007000
92.3193691000_21.2011559000
310.0000000000_87.5946707000
24.4573320000_80.8569373000
10.0871575000_225.7683997000
2.4283409000_-33.6435939000
85.2247162000_-42.1205959000
79.3316529000_179.0482664000
234.7634612000_83.5866002000
157.6536094000_-42.1513014000
185.6927510000_222.1563988000
283.8406638000_228.8803005000
85.0631559000_269.4102140000
-17.0551422000_9.5685026000
236.5984435000_.9029164000
289.8562282000_177.5866830000
207.8128548000_183.3109274000
-5.2303956000_285.9929687000
80.6598195000_135.3999046000
173.3136286000_284.1013137000
298.2255302000_132.4733069000
43.2854888000_117.8582730000
-40.2327771000_41.0299513000
40.1466141000_34.0141807000
153.0964891000_94.5536731000
244.9229307000_299.0719100000
171.8370651000_143.6737008000
127.3834059000_29.1164884000
63.5786266000_-16.4416773000
108.1465448000_234.7933114000
163.3703869000_49.8368097000
-17.2990456000_77.0250835000
298.9345941000_280.5716400000
222.5738418000_52.2456952000
7.1416287000_143.4274948000
-30.4877654000_121.4379979000
154.2031947000_-10.4508640000
232.9753135000_117.4722748000
267.5033023000_204.1934883000
275.9822099000_309.0734534000
96.8301973000_205.0167902000
263.9508322000_144.9899374000
-23.9991727000_-18.8353124000
193.2782062000_300.4325969000
119.6210700000_262.6085680000
113.6371538000_104.9345978000
201.5895627000_243.3298607000
-30.4723594000_228.0263193000
243.3334681000_248.5488490000
103.0459069000_48.0912037000
40.2411408000_-32.5752566000
1.9493350000_204.6691066000
123.6441043000_-38.2149923000
61.4315043000_179.0090538000
95.1492884000_77.0296958000
48.7891502000_179.0563356000
262.0142236000_72.1331551000
-1.7435207000_254.1764629000
105.3050458000_150.5349650000
148.7443417000_159.3150266000
195.2819689000_38.8309918000
warning in stationary: failed to import cython module: falling back to numpy
warning in coregionalize: failed to import cython module: falling back to numpy
warning in choleskies: failed to import cython module: falling back to numpy
