189.4493719000_7.2334451000
-48.3042867000_179.7839403000
180.2522244000_184.5058052000
272.4419006000_.9671760000
81.1724271000_179.3437529000
60.0188165000_-8.9285298000
22.7705513000_162.3829240000
258.7327598000_178.1651544000
128.5625184000_200.7966997000
232.6974629000_-11.0868000000
-50.0000000000_138.0017151000
284.9655052000_214.9222021000
207.0955520000_153.7977271000
261.5650210000_-19.8513002000
246.7003926000_2.6748322000
-11.1459397000_189.0626190000
222.5773361000_5.7153375000
215.0832034000_198.7792997000
34.3598760000_31.1597749000
51.4641177000_180.5139851000
236.0669787000_1.1010892000
63.8336738000_156.8904267000
246.4893095000_-3.0797381000
126.0927276000_289.9487450000
-22.3328337000_69.3958205000
187.5849065000_265.4275137000
21.3131563000_297.3635979000
117.7491125000_26.8266073000
262.4031420000_96.3630968000
167.4220586000_85.0067867000
-9.5555330000_-3.9943877000
78.3671808000_267.1865608000
248.5610492000_265.5565513000
-20.9903768000_252.8740977000
106.7628401000_-29.2783102000
24.4015855000_98.4854549000
164.3487601000_-40.9991897000
-50.0000000000_42.2080296000
214.1665250000_101.8435695000
151.7527865000_240.4420113000
73.5541729000_39.5376244000
291.9019050000_267.5467341000
98.8028288000_232.9949136000
128.6849300000_70.3051761000
-11.3380205000_123.2351753000
301.9632338000_88.9603303000
61.1709402000_310.0000000000
149.2145606000_6.2314878000
249.1598837000_135.0098823000
162.5446391000_150.4326540000
warning in stationary: failed to import cython module: falling back to numpy
warning in coregionalize: failed to import cython module: falling back to numpy
warning in choleskies: failed to import cython module: falling back to numpy
