
-----------------------------   Welcome to ....   ------------------------------
                      _______  _______ _______ _______ 
                     |   _   \|   _   |   _   |   _   |
                     |.  1   /|.  |   |   1___|   1___|
                     |.  _   \|.  |   |____   |____   |
                     |:  1    |:  1   |:  1   |:  1   |
                     |::.. .  |::.. . |::.. . |::.. . |
                     `-------'`-------`-------`-------'

                                 Version 0.9.15                                 
                              05-08-2020 18:08:28                               
--------------------------------------------------------------------------------

| Reading BOSS input file from: in_2D
| Initializing...

--------------------------------------------------------------------------------
                                   INPUT FILE                                   
--------------------------------------------------------------------------------
# input file for alanine 2D (d4-d13)

# optimization
userfn       userfn_2D.py
bounds       -50 310; -50 310
num_tasks    2
kernel       stdp
initpts      2 30
iterpts      50
verbosity    2



RESULTS:
1.140550801011049E+02 3.806596069019648E+01 0 -2.029912667940779E+05 
2.943062694462060E+02 3.008347379542799E+02 0 -2.029975181249429E+05 
1.353307879737934E+02 2.859433184299184E+02 1 3.707870000000000E+01 
4.582335379858628E+01 1.715361577480495E+02 1 1.810390000000000E+01 
2.029103968570865E+02 6.246650417169252E+01 1 3.060620000000000E+01 
-1.553278942221307E+01 2.090589833212071E+02 1 2.319320000000000E+01 
5.541579832689202E+01 3.885953943684897E+01 1 2.900840000000000E+01 
2.602404140819754E+02 1.835344763916025E+02 1 2.565790000000000E+01 
2.801628168972437E+02 1.096990010064326E+02 1 3.483200000000000E+01 
1.549245915438394E+02 -1.796754484789531E+01 1 2.935680000000000E+01 
1.141708230196879E+02 1.826091743518638E+02 1 2.039420000000000E+01 
2.776755634738787E+02 2.808393755997396E+01 1 2.501940000000000E+01 
1.391700998197170E+02 2.032832414762433E+02 1 2.306110000000000E+01 
7.717123712746884E+01 6.582786354849617E+01 1 3.354040000000000E+01 
2.881389920280271E+02 -8.933697711038393E+00 1 1.848280000000000E+01 
-4.747407324523839E+01 -4.094759548148330E+01 1 2.418310000000000E+01 
2.573807049810584E+02 7.886744351197775E+01 1 3.759300000000000E+01 
1.964525847553141E+02 7.075367447670266E+00 1 1.829560000000000E+01 
6.016957908409309E+01 1.793527271423208E+02 1 1.748430000000000E+01 
1.345668206404620E+02 1.518501116390610E+02 1 2.312160000000000E+01 
2.791125496654300E+02 5.622744359189770E+01 1 3.307890000000000E+01 
2.471168345704219E+02 -3.019558909877228E+01 1 2.487750000000000E+01 
2.010190518566523E+02 1.309976172674136E+02 1 2.980640000000000E+01 
9.456336857030340E+01 -4.851488535445272E+01 1 3.180790000000000E+01 
1.021995161509473E+02 2.779655006759695E+02 1 3.469470000000000E+01 
2.258986857741883E+01 1.959917332647574E+02 1 2.026970000000000E+01 
2.022201354125872E+02 2.947982954545620E+02 1 3.471620000000000E+01 
5.857272473005901E+01 1.793508005200950E+02 1 1.748660000000000E+01 
2.590826506244237E+02 1.510926123379678E+02 1 2.876600000000000E+01 
-6.990074284681822E-01 -9.382601510610801E+00 1 3.422250000000000E+01 
-6.916496407290762E+00 2.782776221634179E+01 1 3.542620000000000E+01 
-1.500317190716364E+01 2.820316085570662E+02 1 3.301820000000000E+01 
--------------------------------------------------------------------------------
                               SIMULATION OPTIONS                               
--------------------------------------------------------------------------------
|| File input/output 
ipfile         in_2D
userfn         userfn_2D.py
outfile        boss.out
rstfile        boss.rst

|| Key settings 
num_tasks         2
bounds         -5.000E+01 3.100E+02;    -5.000E+01 3.100E+02
kerntype       stdp stdp
yrange         -5.000E+01 3.100E+02;    -5.000E+01 3.100E+02
noise          1.000E-12
initpts    2 30    iterpts   50
gm_tol         none
verbosity      2

|| Data acquisition 
acqfn                elcb
acqtol               1.000E-03

|| GP hyperparameters 
thetainit       1.000E+00 3.142E-01
thetabounds     none
thetaprior      gamma
thetapriorpar   1.000E+00 1.000E+00;    3.368E+00 9.020E+00;    3.368E+00 9.020E+00

|| Hyperparameter optimization
updatefreq   1  initupdate      True
updateoffset 0  updaterestarts  2


--------------------------------------------------------------------------------
                              INITIAL DATAPOINT 1                               
--------------------------------------------------------------------------------
| Data point added to dataset (x i y): 
  1.1405508010E+02  3.8065960690E+01  0.0000000000E+00      -2.0299126679E+05

| Total ensemble size: 1
| Next sampling location (x_next, i_next):
  2.9430626945E+02  3.0083473795E+02  0.0000000000E+00

Iteration time [s]:    0.001        Total time [s]:    0.082

--------------------------------------------------------------------------------
                              INITIAL DATAPOINT 2                               
--------------------------------------------------------------------------------
| Data point added to dataset (x i y): 
  2.9430626945E+02  3.0083473795E+02  0.0000000000E+00      -2.0299751812E+05

| Total ensemble size: 2
| Next sampling location (x_next, i_next):
  1.3533078797E+02  2.8594331843E+02  1.0000000000E+00

Iteration time [s]:    0.001        Total time [s]:    0.083

--------------------------------------------------------------------------------
                              INITIAL DATAPOINT 3                               
--------------------------------------------------------------------------------
| Data point added to dataset (x i y): 
  1.3533078797E+02  2.8594331843E+02  1.0000000000E+00       3.7078700000E+01

| Total ensemble size: 3
| Next sampling location (x_next, i_next):
  4.5823353799E+01  1.7153615775E+02  1.0000000000E+00

Iteration time [s]:    0.001        Total time [s]:    0.085

--------------------------------------------------------------------------------
                              INITIAL DATAPOINT 4                               
--------------------------------------------------------------------------------
| Data point added to dataset (x i y): 
  4.5823353799E+01  1.7153615775E+02  1.0000000000E+00       1.8103900000E+01

| Total ensemble size: 4
| Next sampling location (x_next, i_next):
  2.0291039686E+02  6.2466504172E+01  1.0000000000E+00

Iteration time [s]:    0.001        Total time [s]:    0.086

--------------------------------------------------------------------------------
                              INITIAL DATAPOINT 5                               
--------------------------------------------------------------------------------
| Data point added to dataset (x i y): 
  2.0291039686E+02  6.2466504172E+01  1.0000000000E+00       3.0606200000E+01

| Total ensemble size: 5
| Next sampling location (x_next, i_next):
 -1.5532789422E+01  2.0905898332E+02  1.0000000000E+00

Iteration time [s]:    0.001        Total time [s]:    0.087

--------------------------------------------------------------------------------
                              INITIAL DATAPOINT 6                               
--------------------------------------------------------------------------------
| Data point added to dataset (x i y): 
 -1.5532789422E+01  2.0905898332E+02  1.0000000000E+00       2.3193200000E+01

| Total ensemble size: 6
| Next sampling location (x_next, i_next):
  5.5415798327E+01  3.8859539437E+01  1.0000000000E+00

Iteration time [s]:    0.001        Total time [s]:    0.088

--------------------------------------------------------------------------------
                              INITIAL DATAPOINT 7                               
--------------------------------------------------------------------------------
| Data point added to dataset (x i y): 
  5.5415798327E+01  3.8859539437E+01  1.0000000000E+00       2.9008400000E+01

| Total ensemble size: 7
| Next sampling location (x_next, i_next):
  2.6024041408E+02  1.8353447639E+02  1.0000000000E+00

Iteration time [s]:    0.001        Total time [s]:    0.089

--------------------------------------------------------------------------------
                              INITIAL DATAPOINT 8                               
--------------------------------------------------------------------------------
| Data point added to dataset (x i y): 
  2.6024041408E+02  1.8353447639E+02  1.0000000000E+00       2.5657900000E+01

| Total ensemble size: 8
| Next sampling location (x_next, i_next):
  2.8016281690E+02  1.0969900101E+02  1.0000000000E+00

Iteration time [s]:    0.001        Total time [s]:    0.090

--------------------------------------------------------------------------------
                              INITIAL DATAPOINT 9                               
--------------------------------------------------------------------------------
| Data point added to dataset (x i y): 
  2.8016281690E+02  1.0969900101E+02  1.0000000000E+00       3.4832000000E+01

| Total ensemble size: 9
| Next sampling location (x_next, i_next):
  1.5492459154E+02 -1.7967544848E+01  1.0000000000E+00

Iteration time [s]:    0.001        Total time [s]:    0.091

--------------------------------------------------------------------------------
                              INITIAL DATAPOINT 10                              
--------------------------------------------------------------------------------
| Data point added to dataset (x i y): 
  1.5492459154E+02 -1.7967544848E+01  1.0000000000E+00       2.9356800000E+01

| Total ensemble size: 10
| Next sampling location (x_next, i_next):
  1.1417082302E+02  1.8260917435E+02  1.0000000000E+00

Iteration time [s]:    0.001        Total time [s]:    0.092

--------------------------------------------------------------------------------
                              INITIAL DATAPOINT 11                              
--------------------------------------------------------------------------------
| Data point added to dataset (x i y): 
  1.1417082302E+02  1.8260917435E+02  1.0000000000E+00       2.0394200000E+01

| Total ensemble size: 11
| Next sampling location (x_next, i_next):
  2.7767556347E+02  2.8083937560E+01  1.0000000000E+00

Iteration time [s]:    0.001        Total time [s]:    0.093

--------------------------------------------------------------------------------
                              INITIAL DATAPOINT 12                              
--------------------------------------------------------------------------------
| Data point added to dataset (x i y): 
  2.7767556347E+02  2.8083937560E+01  1.0000000000E+00       2.5019400000E+01

| Total ensemble size: 12
| Next sampling location (x_next, i_next):
  1.3917009982E+02  2.0328324148E+02  1.0000000000E+00

Iteration time [s]:    0.001        Total time [s]:    0.094

--------------------------------------------------------------------------------
                              INITIAL DATAPOINT 13                              
--------------------------------------------------------------------------------
| Data point added to dataset (x i y): 
  1.3917009982E+02  2.0328324148E+02  1.0000000000E+00       2.3061100000E+01

| Total ensemble size: 13
| Next sampling location (x_next, i_next):
  7.7171237127E+01  6.5827863548E+01  1.0000000000E+00

Iteration time [s]:    0.001        Total time [s]:    0.095

--------------------------------------------------------------------------------
                              INITIAL DATAPOINT 14                              
--------------------------------------------------------------------------------
| Data point added to dataset (x i y): 
  7.7171237127E+01  6.5827863548E+01  1.0000000000E+00       3.3540400000E+01

| Total ensemble size: 14
| Next sampling location (x_next, i_next):
  2.8813899203E+02 -8.9336977110E+00  1.0000000000E+00

Iteration time [s]:    0.001        Total time [s]:    0.096

--------------------------------------------------------------------------------
                              INITIAL DATAPOINT 15                              
--------------------------------------------------------------------------------
| Data point added to dataset (x i y): 
  2.8813899203E+02 -8.9336977110E+00  1.0000000000E+00       1.8482800000E+01

| Total ensemble size: 15
| Next sampling location (x_next, i_next):
 -4.7474073245E+01 -4.0947595481E+01  1.0000000000E+00

Iteration time [s]:    0.001        Total time [s]:    0.097

--------------------------------------------------------------------------------
                              INITIAL DATAPOINT 16                              
--------------------------------------------------------------------------------
| Data point added to dataset (x i y): 
 -4.7474073245E+01 -4.0947595481E+01  1.0000000000E+00       2.4183100000E+01

| Total ensemble size: 16
| Next sampling location (x_next, i_next):
  2.5738070498E+02  7.8867443512E+01  1.0000000000E+00

Iteration time [s]:    0.001        Total time [s]:    0.098

--------------------------------------------------------------------------------
                              INITIAL DATAPOINT 17                              
--------------------------------------------------------------------------------
| Data point added to dataset (x i y): 
  2.5738070498E+02  7.8867443512E+01  1.0000000000E+00       3.7593000000E+01

| Total ensemble size: 17
| Next sampling location (x_next, i_next):
  1.9645258476E+02  7.0753674477E+00  1.0000000000E+00

Iteration time [s]:    0.001        Total time [s]:    0.099

--------------------------------------------------------------------------------
                              INITIAL DATAPOINT 18                              
--------------------------------------------------------------------------------
| Data point added to dataset (x i y): 
  1.9645258476E+02  7.0753674477E+00  1.0000000000E+00       1.8295600000E+01

| Total ensemble size: 18
| Next sampling location (x_next, i_next):
  6.0169579084E+01  1.7935272714E+02  1.0000000000E+00

Iteration time [s]:    0.001        Total time [s]:    0.100

--------------------------------------------------------------------------------
                              INITIAL DATAPOINT 19                              
--------------------------------------------------------------------------------
| Data point added to dataset (x i y): 
  6.0169579084E+01  1.7935272714E+02  1.0000000000E+00       1.7484300000E+01

| Total ensemble size: 19
| Next sampling location (x_next, i_next):
  1.3456682064E+02  1.5185011164E+02  1.0000000000E+00

Iteration time [s]:    0.001        Total time [s]:    0.101

--------------------------------------------------------------------------------
                              INITIAL DATAPOINT 20                              
--------------------------------------------------------------------------------
| Data point added to dataset (x i y): 
  1.3456682064E+02  1.5185011164E+02  1.0000000000E+00       2.3121600000E+01

| Total ensemble size: 20
| Next sampling location (x_next, i_next):
  2.7911254967E+02  5.6227443592E+01  1.0000000000E+00

Iteration time [s]:    0.001        Total time [s]:    0.103

--------------------------------------------------------------------------------
                              INITIAL DATAPOINT 21                              
--------------------------------------------------------------------------------
| Data point added to dataset (x i y): 
  2.7911254967E+02  5.6227443592E+01  1.0000000000E+00       3.3078900000E+01

| Total ensemble size: 21
| Next sampling location (x_next, i_next):
  2.4711683457E+02 -3.0195589099E+01  1.0000000000E+00

Iteration time [s]:    0.001        Total time [s]:    0.104

--------------------------------------------------------------------------------
                              INITIAL DATAPOINT 22                              
--------------------------------------------------------------------------------
| Data point added to dataset (x i y): 
  2.4711683457E+02 -3.0195589099E+01  1.0000000000E+00       2.4877500000E+01

| Total ensemble size: 22
| Next sampling location (x_next, i_next):
  2.0101905186E+02  1.3099761727E+02  1.0000000000E+00

Iteration time [s]:    0.001        Total time [s]:    0.105

--------------------------------------------------------------------------------
                              INITIAL DATAPOINT 23                              
--------------------------------------------------------------------------------
| Data point added to dataset (x i y): 
  2.0101905186E+02  1.3099761727E+02  1.0000000000E+00       2.9806400000E+01

| Total ensemble size: 23
| Next sampling location (x_next, i_next):
  9.4563368570E+01 -4.8514885354E+01  1.0000000000E+00

Iteration time [s]:    0.001        Total time [s]:    0.106

--------------------------------------------------------------------------------
                              INITIAL DATAPOINT 24                              
--------------------------------------------------------------------------------
| Data point added to dataset (x i y): 
  9.4563368570E+01 -4.8514885354E+01  1.0000000000E+00       3.1807900000E+01

| Total ensemble size: 24
| Next sampling location (x_next, i_next):
  1.0219951615E+02  2.7796550068E+02  1.0000000000E+00

Iteration time [s]:    0.001        Total time [s]:    0.107

--------------------------------------------------------------------------------
                              INITIAL DATAPOINT 25                              
--------------------------------------------------------------------------------
| Data point added to dataset (x i y): 
  1.0219951615E+02  2.7796550068E+02  1.0000000000E+00       3.4694700000E+01

| Total ensemble size: 25
| Next sampling location (x_next, i_next):
  2.2589868577E+01  1.9599173326E+02  1.0000000000E+00

Iteration time [s]:    0.001        Total time [s]:    0.108

--------------------------------------------------------------------------------
                              INITIAL DATAPOINT 26                              
--------------------------------------------------------------------------------
| Data point added to dataset (x i y): 
  2.2589868577E+01  1.9599173326E+02  1.0000000000E+00       2.0269700000E+01

| Total ensemble size: 26
| Next sampling location (x_next, i_next):
  2.0222013541E+02  2.9479829545E+02  1.0000000000E+00

Iteration time [s]:    0.001        Total time [s]:    0.109

--------------------------------------------------------------------------------
                              INITIAL DATAPOINT 27                              
--------------------------------------------------------------------------------
| Data point added to dataset (x i y): 
  2.0222013541E+02  2.9479829545E+02  1.0000000000E+00       3.4716200000E+01

| Total ensemble size: 27
| Next sampling location (x_next, i_next):
  5.8572724730E+01  1.7935080052E+02  1.0000000000E+00

Iteration time [s]:    0.001        Total time [s]:    0.110

--------------------------------------------------------------------------------
                              INITIAL DATAPOINT 28                              
--------------------------------------------------------------------------------
| Data point added to dataset (x i y): 
  5.8572724730E+01  1.7935080052E+02  1.0000000000E+00       1.7486600000E+01

| Total ensemble size: 28
| Next sampling location (x_next, i_next):
  2.5908265062E+02  1.5109261234E+02  1.0000000000E+00

Iteration time [s]:    0.001        Total time [s]:    0.111

--------------------------------------------------------------------------------
                              INITIAL DATAPOINT 29                              
--------------------------------------------------------------------------------
| Data point added to dataset (x i y): 
  2.5908265062E+02  1.5109261234E+02  1.0000000000E+00       2.8766000000E+01

| Total ensemble size: 29
| Next sampling location (x_next, i_next):
 -6.9900742847E-01 -9.3826015106E+00  1.0000000000E+00

Iteration time [s]:    0.001        Total time [s]:    0.112

--------------------------------------------------------------------------------
                              INITIAL DATAPOINT 30                              
--------------------------------------------------------------------------------
| Data point added to dataset (x i y): 
 -6.9900742847E-01 -9.3826015106E+00  1.0000000000E+00       3.4222500000E+01

| Total ensemble size: 30
| Next sampling location (x_next, i_next):
 -6.9164964073E+00  2.7827762216E+01  1.0000000000E+00

Iteration time [s]:    0.001        Total time [s]:    0.113

--------------------------------------------------------------------------------
                              INITIAL DATAPOINT 31                              
--------------------------------------------------------------------------------
| Data point added to dataset (x i y): 
 -6.9164964073E+00  2.7827762216E+01  1.0000000000E+00       3.5426200000E+01

| Total ensemble size: 31
| Next sampling location (x_next, i_next):
 -1.5003171907E+01  2.8203160856E+02  1.0000000000E+00

Iteration time [s]:    0.001        Total time [s]:    0.114

--------------------------------------------------------------------------------
                              INITIAL DATAPOINT 32                              
--------------------------------------------------------------------------------
| Data point added to dataset (x i y): 
 -1.5003171907E+01  2.8203160856E+02  1.0000000000E+00       3.3018200000E+01

| Total ensemble size: 32
| Best acquisition, x_best i_best y_best:
  2.9430626945E+02  3.0083473795E+02  0.0000000000E+00      -2.0299751812E+05
| Global minimum prediction, x_hat mu_hat +- nu_hat:
  6.9760262488E+01  4.2488682222E+00  0.0000000000E+00      -2.0299525009E+05  3.9137458971E+00

| GP model hyperparameters (lengthscales W kappa):
  4.3835101508E-01  4.0665496922E-01  4.6932619174E+00  6.1001038076E+00  2.0357373558E-07  1.5120432460E-05
| Next sampling location (x_next, i_next):
 -2.8201741109E+01  1.6254981328E+02  0.0000000000E+00

Iteration time [s]:    1.472        Total time [s]:    1.586

--------------------------------------------------------------------------------
                                 BO ITERATION 1                                 
--------------------------------------------------------------------------------
| Evaluating objective function at -2.820E+01 1.625E+02 0.000E+00
| Objective function evaluated, time [s]       30.349
| Data point added to dataset (x i y): 
 -2.8201741109E+01  1.6254981328E+02  0.0000000000E+00      -2.0300663887E+05

| Total ensemble size: 33
| Best acquisition, x_best i_best y_best:
 -2.8201741109E+01  1.6254981328E+02  0.0000000000E+00      -2.0300663887E+05
| Global minimum prediction, x_hat mu_hat +- nu_hat:
  5.9957745775E+01  1.8107691261E+02  0.0000000000E+00      -2.0301122198E+05  7.5533069267E-03
| Global minimum convergence, d_xhat d_muhat:
  1.7709953873E+02  7.9427778849E-01

| GP model hyperparameters (lengthscales W kappa):
  4.5334858670E-01  3.7564635619E-01  7.5543195558E+00  5.9860929297E+00  2.0357374914E-07  1.5120424014E-05
| Next sampling location (x_next, i_next):
  1.9067417541E+02  1.8527598285E+02  0.0000000000E+00

Iteration time [s]:   31.858        Total time [s]:   33.444

--------------------------------------------------------------------------------
                                 BO ITERATION 2                                 
--------------------------------------------------------------------------------
| Evaluating objective function at 1.907E+02 1.853E+02 0.000E+00
| Objective function evaluated, time [s]       21.642
| Data point added to dataset (x i y): 
  1.9067417541E+02  1.8527598285E+02  0.0000000000E+00      -2.0300767902E+05

| Total ensemble size: 34
| Best acquisition, x_best i_best y_best:
  1.9067417541E+02  1.8527598285E+02  0.0000000000E+00      -2.0300767902E+05
| Global minimum prediction, x_hat mu_hat +- nu_hat:
  5.9544467891E+01  1.7991398212E+02  0.0000000000E+00      -2.0301371182E+05  7.0025740744E+00
| Global minimum convergence, d_xhat d_muhat:
  1.2341822925E+00  1.2381900668E-01

| GP model hyperparameters (lengthscales W kappa):
  4.5450274599E-01  3.8140644574E-01 -7.8605741189E+00 -5.9034735167E+00  4.3174379523E+00  1.6957720641E+00
| Next sampling location (x_next, i_next):
  2.2681304675E+02  7.9490368856E+00  0.0000000000E+00

Iteration time [s]:   23.113        Total time [s]:   56.558

--------------------------------------------------------------------------------
                                 BO ITERATION 3                                 
--------------------------------------------------------------------------------
| Evaluating objective function at 2.268E+02 7.949E+00 0.000E+00
| Objective function evaluated, time [s]       23.314
| Data point added to dataset (x i y): 
  2.2681304675E+02  7.9490368856E+00  0.0000000000E+00      -2.0301204829E+05

| Total ensemble size: 35
| Best acquisition, x_best i_best y_best:
  2.2681304675E+02  7.9490368856E+00  0.0000000000E+00      -2.0301204829E+05
| Global minimum prediction, x_hat mu_hat +- nu_hat:
  5.9866326920E+01  1.7976018403E+02  0.0000000000E+00      -2.0301448242E+05  1.3004161667E+01
| Global minimum convergence, d_xhat d_muhat:
  3.5671709874E-01  3.5264372244E-02

| GP model hyperparameters (lengthscales W kappa):
  4.4904896160E-01  3.8630013126E-01 -7.4957529012E+00 -5.7117861824E+00  6.5251498309E+00  4.6532106793E+00
| Next sampling location (x_next, i_next):
  6.1496569774E+01  1.7921181484E+02  0.0000000000E+00

Iteration time [s]:   24.861        Total time [s]:   81.420

--------------------------------------------------------------------------------
                                 BO ITERATION 4                                 
--------------------------------------------------------------------------------
| Evaluating objective function at 6.150E+01 1.792E+02 0.000E+00
| Objective function evaluated, time [s]       22.867
| Data point added to dataset (x i y): 
  6.1496569774E+01  1.7921181484E+02  0.0000000000E+00      -2.0300964925E+05

| Total ensemble size: 36
| Best acquisition, x_best i_best y_best:
  2.2681304675E+02  7.9490368856E+00  0.0000000000E+00      -2.0301204829E+05
| Global minimum prediction, x_hat mu_hat +- nu_hat:
  2.1315661674E+02  8.2639401760E+00  0.0000000000E+00      -2.0301249420E+05  1.7314597977E+00
| Global minimum convergence, d_xhat d_muhat:
  2.3001929182E+02  8.6613352401E-02

| GP model hyperparameters (lengthscales W kappa):
  4.4531520540E-01  3.8506432043E-01 -5.9940576583E+00 -5.5406524412E+00  1.5570462531E+01  6.6595799417E+00
| Next sampling location (x_next, i_next):
  2.1553147634E+01  1.1229885658E+02  0.0000000000E+00

Iteration time [s]:   24.186        Total time [s]:  105.606

--------------------------------------------------------------------------------
                                 BO ITERATION 5                                 
--------------------------------------------------------------------------------
| Evaluating objective function at 2.155E+01 1.123E+02 0.000E+00
| Objective function evaluated, time [s]       23.003
| Data point added to dataset (x i y): 
  2.1553147634E+01  1.1229885658E+02  0.0000000000E+00      -2.0299309793E+05

| Total ensemble size: 37
| Best acquisition, x_best i_best y_best:
  2.2681304675E+02  7.9490368856E+00  0.0000000000E+00      -2.0301204829E+05
| Global minimum prediction, x_hat mu_hat +- nu_hat:
  2.1156302158E+02  8.1163973796E+00  0.0000000000E+00      -2.0301266724E+05  1.5470291308E+00
| Global minimum convergence, d_xhat d_muhat:
  1.6004106991E+00  8.0941315981E-03

| GP model hyperparameters (lengthscales W kappa):
  4.6270752541E-01  3.9994653930E-01 -6.8976298811E+00 -6.1664854014E+00  1.2458497592E+01  2.0857697323E+00
| Next sampling location (x_next, i_next):
  2.2515051460E+02  2.2765830182E+02  0.0000000000E+00

Iteration time [s]:   24.403        Total time [s]:  130.010

--------------------------------------------------------------------------------
                                 BO ITERATION 6                                 
--------------------------------------------------------------------------------
| Evaluating objective function at 2.252E+02 2.277E+02 0.000E+00
| Objective function evaluated, time [s]       21.697
| Data point added to dataset (x i y): 
  2.2515051460E+02  2.2765830182E+02  0.0000000000E+00      -2.0299658199E+05

| Total ensemble size: 38
| Best acquisition, x_best i_best y_best:
  2.2681304675E+02  7.9490368856E+00  0.0000000000E+00      -2.0301204829E+05
| Global minimum prediction, x_hat mu_hat +- nu_hat:
  2.1071359518E+02  7.1582493702E+00  0.0000000000E+00      -2.0301285416E+05  1.1280789334E+00
| Global minimum convergence, d_xhat d_muhat:
  1.2804580483E+00  8.9945360790E-03

| GP model hyperparameters (lengthscales W kappa):
  4.7843851967E-01  4.4646804074E-01 -7.6158791339E+00 -6.8840216993E+00  8.9435424087E+00  1.3499787959E-01
| Next sampling location (x_next, i_next):
  1.9019079028E+02  1.2158111463E+01  0.0000000000E+00

Iteration time [s]:   23.261        Total time [s]:  153.272

--------------------------------------------------------------------------------
                                 BO ITERATION 7                                 
--------------------------------------------------------------------------------
| Evaluating objective function at 1.902E+02 1.216E+01 0.000E+00
| Objective function evaluated, time [s]       23.028
| Data point added to dataset (x i y): 
  1.9019079028E+02  1.2158111463E+01  0.0000000000E+00      -2.0300917853E+05

| Total ensemble size: 39
| Best acquisition, x_best i_best y_best:
  2.2681304675E+02  7.9490368856E+00  0.0000000000E+00      -2.0301204829E+05
| Global minimum prediction, x_hat mu_hat +- nu_hat:
  2.1792760815E+02  6.3177138117E+00  0.0000000000E+00      -2.0301229466E+05  1.7871088586E-01
| Global minimum convergence, d_xhat d_muhat:
  7.2628151013E+00  2.6083321985E-02

| GP model hyperparameters (lengthscales W kappa):
  4.8358947657E-01  4.4445803020E-01 -7.2953094075E+00 -6.9752921472E+00  1.0993480909E+01  1.7676196282E-01
| Next sampling location (x_next, i_next):
  2.9178367922E+02 -1.6099667719E+00  0.0000000000E+00

Iteration time [s]:   24.408        Total time [s]:  177.680

--------------------------------------------------------------------------------
                                 BO ITERATION 8                                 
--------------------------------------------------------------------------------
| Evaluating objective function at 2.918E+02 -1.610E+00 0.000E+00
| Objective function evaluated, time [s]       23.008
| Data point added to dataset (x i y): 
  2.9178367922E+02 -1.6099667719E+00  0.0000000000E+00      -2.0300746506E+05

| Total ensemble size: 40
| Best acquisition, x_best i_best y_best:
  2.2681304675E+02  7.9490368856E+00  0.0000000000E+00      -2.0301204829E+05
| Global minimum prediction, x_hat mu_hat +- nu_hat:
  2.1696991046E+02  6.6404723067E+00  0.0000000000E+00      -2.0301238740E+05  1.6258031094E-01
| Global minimum convergence, d_xhat d_muhat:
  1.0106225413E+00  4.2282915663E-03

| GP model hyperparameters (lengthscales W kappa):
  4.9028295556E-01  4.6546501254E-01 -7.2249722810E+00 -7.2719098945E+00  1.2565585935E+01  2.2398413238E-01
| Next sampling location (x_next, i_next):
  1.3974091877E+02  1.7605455675E+02  0.0000000000E+00

Iteration time [s]:   24.450        Total time [s]:  202.131

--------------------------------------------------------------------------------
                                 BO ITERATION 9                                 
--------------------------------------------------------------------------------
| Evaluating objective function at 1.397E+02 1.761E+02 0.000E+00
| Objective function evaluated, time [s]       22.804
| Data point added to dataset (x i y): 
  1.3974091877E+02  1.7605455675E+02  0.0000000000E+00      -2.0300766769E+05

| Total ensemble size: 41
| Best acquisition, x_best i_best y_best:
  2.2681304675E+02  7.9490368856E+00  0.0000000000E+00      -2.0301204829E+05
| Global minimum prediction, x_hat mu_hat +- nu_hat:
  2.1670716462E+02  6.3789017827E+00  0.0000000000E+00      -2.0301241821E+05  1.5594661694E-01
| Global minimum convergence, d_xhat d_muhat:
  3.7074858542E-01  1.3783310333E-03

| GP model hyperparameters (lengthscales W kappa):
  5.0760397314E-01  4.9281708080E-01  7.6810542064E+00  7.7638465407E+00  1.1975667225E+01  4.8619358390E-01
| Next sampling location (x_next, i_next):
  2.9641982091E+02  1.9107538715E+02  0.0000000000E+00

Iteration time [s]:   24.167        Total time [s]:  226.298

--------------------------------------------------------------------------------
                                BO ITERATION 10                                 
--------------------------------------------------------------------------------
| Evaluating objective function at 2.964E+02 1.911E+02 0.000E+00
| Objective function evaluated, time [s]       22.733
| Data point added to dataset (x i y): 
  2.9641982091E+02  1.9107538715E+02  0.0000000000E+00      -2.0300777373E+05

| Total ensemble size: 42
| Best acquisition, x_best i_best y_best:
  2.2681304675E+02  7.9490368856E+00  0.0000000000E+00      -2.0301204829E+05
| Global minimum prediction, x_hat mu_hat +- nu_hat:
  2.1655378184E+02  6.1834024758E+00  0.0000000000E+00      -2.0301243685E+05  1.5591799223E-01
| Global minimum convergence, d_xhat d_muhat:
  2.4848794364E-01  8.2119654201E-04

| GP model hyperparameters (lengthscales W kappa):
  5.1652564788E-01  5.1023902313E-01  8.0413087009E+00  7.9068520431E+00  1.0107710455E+01  2.6915976664E+00
| Next sampling location (x_next, i_next):
  2.0840956251E+02 -1.2923070556E+01  0.0000000000E+00

Iteration time [s]:   24.136        Total time [s]:  250.435

--------------------------------------------------------------------------------
                                BO ITERATION 11                                 
--------------------------------------------------------------------------------
| Evaluating objective function at 2.084E+02 -1.292E+01 0.000E+00
| Objective function evaluated, time [s]       23.045
| Data point added to dataset (x i y): 
  2.0840956251E+02 -1.2923070556E+01  0.0000000000E+00      -2.0300796175E+05

| Total ensemble size: 43
| Best acquisition, x_best i_best y_best:
  2.2681304675E+02  7.9490368856E+00  0.0000000000E+00      -2.0301204829E+05
| Global minimum prediction, x_hat mu_hat +- nu_hat:
  2.1826034996E+02  1.0733976401E+01  0.0000000000E+00      -2.0301229127E+05  8.5798424195E-02
| Global minimum convergence, d_xhat d_muhat:
  4.8600512156E+00  6.3250681308E-03

| GP model hyperparameters (lengthscales W kappa):
  5.2091440171E-01  4.9519531569E-01 -8.3592132297E+00 -7.1779984432E+00  4.6838916471E+00  9.5408573711E+00
| Next sampling location (x_next, i_next):
  4.8186543770E+01  2.2856866377E+02  0.0000000000E+00

Iteration time [s]:   24.370        Total time [s]:  274.806

--------------------------------------------------------------------------------
                                BO ITERATION 12                                 
--------------------------------------------------------------------------------
| Evaluating objective function at 4.819E+01 2.286E+02 0.000E+00
| Objective function evaluated, time [s]       21.682
| Data point added to dataset (x i y): 
  4.8186543770E+01  2.2856866377E+02  0.0000000000E+00      -2.0299912397E+05

| Total ensemble size: 44
| Best acquisition, x_best i_best y_best:
  2.2681304675E+02  7.9490368856E+00  0.0000000000E+00      -2.0301204829E+05
| Global minimum prediction, x_hat mu_hat +- nu_hat:
  2.1814630649E+02  1.0232081258E+01  0.0000000000E+00      -2.0301228329E+05  7.5635691557E-02
| Global minimum convergence, d_xhat d_muhat:
  5.1468888529E-01  3.5218842813E-04

| GP model hyperparameters (lengthscales W kappa):
  5.2796122891E-01  4.9493436045E-01  8.4921492376E+00  7.4897010585E+00  6.9903625675E+00  6.0119663460E+00
| Next sampling location (x_next, i_next):
  1.7646244474E+02  1.4910210735E+02  0.0000000000E+00

Iteration time [s]:   23.316        Total time [s]:  298.122

--------------------------------------------------------------------------------
                                BO ITERATION 13                                 
--------------------------------------------------------------------------------
| Evaluating objective function at 1.765E+02 1.491E+02 0.000E+00
| Objective function evaluated, time [s]       21.618
| Data point added to dataset (x i y): 
  1.7646244474E+02  1.4910210735E+02  0.0000000000E+00      -2.0300326539E+05

| Total ensemble size: 45
| Best acquisition, x_best i_best y_best:
  2.2681304675E+02  7.9490368856E+00  0.0000000000E+00      -2.0301204829E+05
| Global minimum prediction, x_hat mu_hat +- nu_hat:
  2.1795153085E+02  9.8701070217E+00  0.0000000000E+00      -2.0301229143E+05  7.2793204781E-02
| Global minimum convergence, d_xhat d_muhat:
  4.1105096820E-01  3.5989360030E-04

| GP model hyperparameters (lengthscales W kappa):
  5.3205106222E-01  5.0081783890E-01 -8.8936174826E+00 -7.5375057179E+00  5.4669737778E+00  6.8096970919E+00
| Next sampling location (x_next, i_next):
 -3.6243506044E+00  1.9281839988E+02  0.0000000000E+00

Iteration time [s]:   23.259        Total time [s]:  321.382

--------------------------------------------------------------------------------
                                BO ITERATION 14                                 
--------------------------------------------------------------------------------
| Evaluating objective function at -3.624E+00 1.928E+02 0.000E+00
| Objective function evaluated, time [s]       23.692
| Data point added to dataset (x i y): 
 -3.6243506044E+00  1.9281839988E+02  0.0000000000E+00      -2.0300695880E+05

| Total ensemble size: 46
| Best acquisition, x_best i_best y_best:
  2.2681304675E+02  7.9490368856E+00  0.0000000000E+00      -2.0301204829E+05
| Global minimum prediction, x_hat mu_hat +- nu_hat:
  2.1785582550E+02  9.9442587702E+00  0.0000000000E+00      -2.0301229927E+05  6.7717189745E-02
| Global minimum convergence, d_xhat d_muhat:
  1.2107020545E-01  3.4349458554E-04

| GP model hyperparameters (lengthscales W kappa):
  5.4493735410E-01  5.1946455113E-01 -9.2616322317E+00 -7.9267297424E+00  5.4119825839E+00  6.7316774820E+00
| Next sampling location (x_next, i_next):
  2.5588801985E+02 -1.2194864192E+00  0.0000000000E+00

Iteration time [s]:   25.365        Total time [s]:  346.747

--------------------------------------------------------------------------------
                                BO ITERATION 15                                 
--------------------------------------------------------------------------------
| Evaluating objective function at 2.559E+02 -1.219E+00 0.000E+00
| Objective function evaluated, time [s]       22.932
| Data point added to dataset (x i y): 
  2.5588801985E+02 -1.2194864192E+00  0.0000000000E+00      -2.0301198918E+05

| Total ensemble size: 47
| Best acquisition, x_best i_best y_best:
  2.2681304675E+02  7.9490368856E+00  0.0000000000E+00      -2.0301204829E+05
| Global minimum prediction, x_hat mu_hat +- nu_hat:
  2.4170325770E+02  3.6752023214E+00  0.0000000000E+00      -2.0301217866E+05  1.9472073066E-02
| Global minimum convergence, d_xhat d_muhat:
  2.4657678141E+01  5.1798148465E-03

| GP model hyperparameters (lengthscales W kappa):
  5.3075231399E-01  4.8518382995E-01 -8.7781427350E+00 -7.1238330177E+00  6.3303643302E+00  9.9549548545E+00
| Next sampling location (x_next, i_next):
  6.5788826692E+01 -1.2473457072E+01  0.0000000000E+00

Iteration time [s]:   24.481        Total time [s]:  371.228

--------------------------------------------------------------------------------
                                BO ITERATION 16                                 
--------------------------------------------------------------------------------
| Evaluating objective function at 6.579E+01 -1.247E+01 0.000E+00
| Objective function evaluated, time [s]       23.121
| Data point added to dataset (x i y): 
  6.5788826692E+01 -1.2473457072E+01  0.0000000000E+00      -2.0300323774E+05

| Total ensemble size: 48
| Best acquisition, x_best i_best y_best:
  2.2681304675E+02  7.9490368856E+00  0.0000000000E+00      -2.0301204829E+05
| Global minimum prediction, x_hat mu_hat +- nu_hat:
  2.4217127376E+02  3.7766445875E+00  0.0000000000E+00      -2.0301219013E+05  2.3443623181E-02
| Global minimum convergence, d_xhat d_muhat:
  4.7888366701E-01  4.9396530349E-04

| GP model hyperparameters (lengthscales W kappa):
  5.0952396078E-01  4.7452145410E-01 -8.4081579428E+00 -6.9356581361E+00  7.6643831631E+00  7.8848830816E+00
| Next sampling location (x_next, i_next):
  9.2008846450E+01  1.4797966321E+02  0.0000000000E+00

Iteration time [s]:   24.768        Total time [s]:  395.997

--------------------------------------------------------------------------------
                                BO ITERATION 17                                 
--------------------------------------------------------------------------------
| Evaluating objective function at 9.201E+01 1.480E+02 0.000E+00
| Objective function evaluated, time [s]       22.825
| Data point added to dataset (x i y): 
  9.2008846450E+01  1.4797966321E+02  0.0000000000E+00      -2.0300401275E+05

| Total ensemble size: 49
| Best acquisition, x_best i_best y_best:
  2.2681304675E+02  7.9490368856E+00  0.0000000000E+00      -2.0301204829E+05
| Global minimum prediction, x_hat mu_hat +- nu_hat:
  2.4204286367E+02  3.7600955347E+00  0.0000000000E+00      -2.0301218621E+05  2.0980563418E-02
| Global minimum convergence, d_xhat d_muhat:
  1.2947209722E-01  1.6895880431E-04

| GP model hyperparameters (lengthscales W kappa):
  5.1941401132E-01  4.8604937730E-01 -8.6134897408E+00 -7.1523731525E+00  7.5380697902E+00  7.6994678874E+00
| Next sampling location (x_next, i_next):
  9.9809837583E+01  2.0290747234E+02  0.0000000000E+00

Iteration time [s]:   24.491        Total time [s]:  420.488

--------------------------------------------------------------------------------
                                BO ITERATION 18                                 
--------------------------------------------------------------------------------
| Evaluating objective function at 9.981E+01 2.029E+02 0.000E+00
| Objective function evaluated, time [s]       22.918
| Data point added to dataset (x i y): 
  9.9809837583E+01  2.0290747234E+02  0.0000000000E+00      -2.0300549408E+05

| Total ensemble size: 50
| Best acquisition, x_best i_best y_best:
  2.2681304675E+02  7.9490368856E+00  0.0000000000E+00      -2.0301204829E+05
| Global minimum prediction, x_hat mu_hat +- nu_hat:
  2.4211135512E+02  3.7844000262E+00  0.0000000000E+00      -2.0301218241E+05  1.9171186022E-02
| Global minimum convergence, d_xhat d_muhat:
  7.2675911505E-02  1.6353207211E-04

| GP model hyperparameters (lengthscales W kappa):
  5.2735603220E-01  5.0026717283E-01 -8.8452072456E+00 -7.3734774996E+00  7.0521147737E+00  7.9072727072E+00
| Next sampling location (x_next, i_next):
  2.4365589620E+02  1.7289688144E+02  0.0000000000E+00

Iteration time [s]:   24.751        Total time [s]:  445.239

--------------------------------------------------------------------------------
                                BO ITERATION 19                                 
--------------------------------------------------------------------------------
| Evaluating objective function at 2.437E+02 1.729E+02 0.000E+00
| Objective function evaluated, time [s]       21.727
| Data point added to dataset (x i y): 
  2.4365589620E+02  1.7289688144E+02  0.0000000000E+00      -2.0300645477E+05

| Total ensemble size: 51
| Best acquisition, x_best i_best y_best:
  2.2681304675E+02  7.9490368856E+00  0.0000000000E+00      -2.0301204829E+05
| Global minimum prediction, x_hat mu_hat +- nu_hat:
  2.4243731683E+02  3.9014663847E+00  0.0000000000E+00      -2.0301219250E+05  1.9818856802E-02
| Global minimum convergence, d_xhat d_muhat:
  3.4634601616E-01  4.3212725481E-04

| GP model hyperparameters (lengthscales W kappa):
  5.2438871465E-01  4.9385942253E-01 -8.5306293939E+00 -7.1746972520E+00  7.4907137021E+00  8.5405814883E+00
| Next sampling location (x_next, i_next):
  2.5460378065E+02  1.5684689840E+01  0.0000000000E+00

Iteration time [s]:   23.654        Total time [s]:  468.894

--------------------------------------------------------------------------------
                                BO ITERATION 20                                 
--------------------------------------------------------------------------------
| Evaluating objective function at 2.546E+02 1.568E+01 0.000E+00
| Objective function evaluated, time [s]       22.927
| Data point added to dataset (x i y): 
  2.5460378065E+02  1.5684689840E+01  0.0000000000E+00      -2.0300901500E+05

| Total ensemble size: 52
| Best acquisition, x_best i_best y_best:
  2.2681304675E+02  7.9490368856E+00  0.0000000000E+00      -2.0301204829E+05
| Global minimum prediction, x_hat mu_hat +- nu_hat:
  2.3520391635E+02  2.2071459148E+00  0.0000000000E+00      -2.0301224014E+05  2.1432292774E-02
| Global minimum convergence, d_xhat d_muhat:
  7.4291859739E+00  2.0227637089E-03

| GP model hyperparameters (lengthscales W kappa):
  5.4206758698E-01  4.7534114273E-01 -9.2702319969E+00 -7.0692589585E+00  7.3477613834E+00  8.2174815091E+00
| Next sampling location (x_next, i_next):
  2.7013520956E+02 -1.5382367068E+01  0.0000000000E+00

Iteration time [s]:   24.862        Total time [s]:  493.756

--------------------------------------------------------------------------------
                                BO ITERATION 21                                 
--------------------------------------------------------------------------------
| Evaluating objective function at 2.701E+02 -1.538E+01 0.000E+00
| Objective function evaluated, time [s]       22.989
| Data point added to dataset (x i y): 
  2.7013520956E+02 -1.5382367068E+01  0.0000000000E+00      -2.0301062468E+05

| Total ensemble size: 53
| Best acquisition, x_best i_best y_best:
  2.2681304675E+02  7.9490368856E+00  0.0000000000E+00      -2.0301204829E+05
| Global minimum prediction, x_hat mu_hat +- nu_hat:
  2.3471756675E+02  2.2822304457E+00  0.0000000000E+00      -2.0301223751E+05  1.0856481257E-02
| Global minimum convergence, d_xhat d_muhat:
  4.9211139344E-01  1.1058050614E-04

| GP model hyperparameters (lengthscales W kappa):
  5.5405653490E-01  5.0599397234E-01 -9.9290576201E+00 -7.5133204562E+00  7.6400650456E+00  8.6949683737E+00
| Next sampling location (x_next, i_next):
  3.0361053178E+01  1.6962156465E+02  0.0000000000E+00

Iteration time [s]:   24.865        Total time [s]:  518.622

--------------------------------------------------------------------------------
                                BO ITERATION 22                                 
--------------------------------------------------------------------------------
| Evaluating objective function at 3.036E+01 1.696E+02 0.000E+00
| Objective function evaluated, time [s]       23.461
| Data point added to dataset (x i y): 
  3.0361053178E+01  1.6962156465E+02  0.0000000000E+00      -2.0300820291E+05

| Total ensemble size: 54
| Best acquisition, x_best i_best y_best:
  2.2681304675E+02  7.9490368856E+00  0.0000000000E+00      -2.0301204829E+05
| Global minimum prediction, x_hat mu_hat +- nu_hat:
  2.3446066293E+02  2.3363077456E+00  0.0000000000E+00      -2.0301223587E+05  9.7397278411E-03
| Global minimum convergence, d_xhat d_muhat:
  2.6253366645E-01  6.8450557545E-05

| GP model hyperparameters (lengthscales W kappa):
  5.6293041826E-01  5.1877400056E-01  9.9868805349E+00  7.9710462303E+00  1.2831448224E+01  5.6245962247E+00
| Next sampling location (x_next, i_next):
  2.3931915223E+02 -1.8619282229E+00  0.0000000000E+00

Iteration time [s]:   25.585        Total time [s]:  544.207

--------------------------------------------------------------------------------
                                BO ITERATION 23                                 
--------------------------------------------------------------------------------
| Evaluating objective function at 2.393E+02 -1.862E+00 0.000E+00
| Objective function evaluated, time [s]       22.932
| Data point added to dataset (x i y): 
  2.3931915223E+02 -1.8619282229E+00  0.0000000000E+00      -2.0301232801E+05

| Total ensemble size: 55
| Best acquisition, x_best i_best y_best:
  2.3931915223E+02 -1.8619282229E+00  0.0000000000E+00      -2.0301232801E+05
| Global minimum prediction, x_hat mu_hat +- nu_hat:
  2.3814413613E+02  5.7559987098E-01  0.0000000000E+00      -2.0301237165E+05  4.9373795348E-04
| Global minimum convergence, d_xhat d_muhat:
  4.0826544050E+00  5.6035712004E-03

| GP model hyperparameters (lengthscales W kappa):
  5.5891514791E-01  5.1123956839E-01  9.2993441300E+00  7.8217561452E+00  1.3691094188E+01  6.8770566855E+00
| Next sampling location (x_next, i_next):
  2.3931938462E+02  2.0652131031E+00  0.0000000000E+00

Iteration time [s]:   25.073        Total time [s]:  569.281

--------------------------------------------------------------------------------
                                BO ITERATION 24                                 
--------------------------------------------------------------------------------
| Evaluating objective function at 2.393E+02 2.065E+00 0.000E+00
| Objective function evaluated, time [s]       24.782
| Data point added to dataset (x i y): 
  2.3931938462E+02  2.0652131031E+00  0.0000000000E+00      -2.0301234146E+05

| Total ensemble size: 56
| Best acquisition, x_best i_best y_best:
  2.3931938462E+02  2.0652131031E+00  0.0000000000E+00      -2.0301234146E+05
| Global minimum prediction, x_hat mu_hat +- nu_hat:
  2.3810511084E+02  5.8446093512E-01  0.0000000000E+00      -2.0301237170E+05  3.4847842377E-05
| Global minimum convergence, d_xhat d_muhat:
  4.0018638025E-02  2.2932238498E-06

| GP model hyperparameters (lengthscales W kappa):
  5.7199453146E-01  5.2521582121E-01 -9.7830603291E+00 -8.0195917459E+00  1.1372522803E+01  9.2254244802E+00
| Next sampling location (x_next, i_next):
  2.3046658659E+02  1.6208303293E+00  0.0000000000E+00

Iteration time [s]:   26.682        Total time [s]:  595.963

--------------------------------------------------------------------------------
                                BO ITERATION 25                                 
--------------------------------------------------------------------------------
| Evaluating objective function at 2.305E+02 1.621E+00 0.000E+00
| Objective function evaluated, time [s]       22.942
| Data point added to dataset (x i y): 
  2.3046658659E+02  1.6208303293E+00  0.0000000000E+00      -2.0301231457E+05

| Total ensemble size: 57
| Best acquisition, x_best i_best y_best:
  2.3931938462E+02  2.0652131031E+00  0.0000000000E+00      -2.0301234146E+05
| Global minimum prediction, x_hat mu_hat +- nu_hat:
  2.3775394507E+02  6.5940232882E-01  0.0000000000E+00      -2.0301237295E+05  9.0181582904E-07
| Global minimum convergence, d_xhat d_muhat:
  3.5907327113E-01  5.0316924534E-05

| GP model hyperparameters (lengthscales W kappa):
  5.8533568146E-01  5.4341788339E-01 -1.0290674479E+01 -8.4025610887E+00  1.1714013136E+01  9.7223610987E+00
| Next sampling location (x_next, i_next):
  2.3697742544E+02  8.2598296041E-01  0.0000000000E+00

Iteration time [s]:   25.195        Total time [s]:  621.158

--------------------------------------------------------------------------------
                                BO ITERATION 26                                 
--------------------------------------------------------------------------------
| Evaluating objective function at 2.370E+02 8.260E-01 0.000E+00
| Objective function evaluated, time [s]       23.053
| Acquisition location too confident, doing pure exploration
| Data point added to dataset (x i y): 
  2.3697742544E+02  8.2598296041E-01  0.0000000000E+00      -2.0301237341E+05

| Total ensemble size: 58
| Best acquisition, x_best i_best y_best:
  2.3697742544E+02  8.2598296041E-01  0.0000000000E+00      -2.0301237341E+05
| Global minimum prediction, x_hat mu_hat +- nu_hat:
  2.3755545274E+02  7.0344828072E-01  0.0000000000E+00      -2.0301237376E+05  3.5727145597E-08
| Global minimum convergence, d_xhat d_muhat:
  2.0332055864E-01  3.2303825167E-05

| GP model hyperparameters (lengthscales W kappa):
  5.8729231694E-01  5.4737787296E-01 -1.0273478147E+01 -8.7303236422E+00  1.5983391241E+01  6.4921609223E+00
| Next sampling location (x_next, i_next):
  2.8474869503E+01  2.9963512779E+02  0.0000000000E+00

Iteration time [s]:   25.651        Total time [s]:  646.810

--------------------------------------------------------------------------------
                                BO ITERATION 27                                 
--------------------------------------------------------------------------------
| Evaluating objective function at 2.847E+01 2.996E+02 0.000E+00
| Objective function evaluated, time [s]       23.056
| Acquisition location too confident, doing pure exploration
| Data point added to dataset (x i y): 
  2.8474869503E+01  2.9963512779E+02  0.0000000000E+00      -2.0299025759E+05

| Total ensemble size: 59
| Best acquisition, x_best i_best y_best:
  2.3697742544E+02  8.2598296041E-01  0.0000000000E+00      -2.0301237341E+05
| Global minimum prediction, x_hat mu_hat +- nu_hat:
  2.3754857370E+02  7.0509021895E-01  0.0000000000E+00      -2.0301237375E+05  3.3078839134E-08
| Global minimum convergence, d_xhat d_muhat:
  7.0722842238E-03  3.0815644418E-07

| GP model hyperparameters (lengthscales W kappa):
  5.8349140798E-01  5.5836536264E-01 -1.0652096970E+01 -8.6348397046E+00  1.0705638245E+01  8.5566808070E+00
| Next sampling location (x_next, i_next):
  1.4661398256E+02  8.9650341492E+01  0.0000000000E+00

Iteration time [s]:   25.594        Total time [s]:  672.404

--------------------------------------------------------------------------------
                                BO ITERATION 28                                 
--------------------------------------------------------------------------------
| Evaluating objective function at 1.466E+02 8.965E+01 0.000E+00
| Objective function evaluated, time [s]       22.868
| Acquisition location too confident, doing pure exploration
| Data point added to dataset (x i y): 
  1.4661398256E+02  8.9650341492E+01  0.0000000000E+00      -2.0299121727E+05

| Total ensemble size: 60
| Best acquisition, x_best i_best y_best:
  2.3697742544E+02  8.2598296041E-01  0.0000000000E+00      -2.0301237341E+05
| Global minimum prediction, x_hat mu_hat +- nu_hat:
  2.3757068653E+02  6.9818042819E-01  0.0000000000E+00      -2.0301237377E+05  3.6653423319E-08
| Global minimum convergence, d_xhat d_muhat:
  2.3167274760E-02  1.0526158366E-06

| GP model hyperparameters (lengthscales W kappa):
  5.6862230316E-01  5.4465994684E-01  1.0215282107E+01  8.1677808319E+00  6.9594885698E+00  9.2854079439E+00
| Next sampling location (x_next, i_next):
  1.6477267028E+02  2.5753669436E+02  0.0000000000E+00

Iteration time [s]:   25.291        Total time [s]:  697.695

--------------------------------------------------------------------------------
                                BO ITERATION 29                                 
--------------------------------------------------------------------------------
| Evaluating objective function at 1.648E+02 2.575E+02 0.000E+00
| Objective function evaluated, time [s]       22.927
| Acquisition location too confident, doing pure exploration
| Data point added to dataset (x i y): 
  1.6477267028E+02  2.5753669436E+02  0.0000000000E+00      -2.0299008216E+05

| Total ensemble size: 61
| Best acquisition, x_best i_best y_best:
  2.3697742544E+02  8.2598296041E-01  0.0000000000E+00      -2.0301237341E+05
| Global minimum prediction, x_hat mu_hat +- nu_hat:
  2.3755926305E+02  6.9966713699E-01  0.0000000000E+00      -2.0301237376E+05  3.4538677607E-08
| Global minimum convergence, d_xhat d_muhat:
  1.1519817973E-02  5.3873921392E-07

| GP model hyperparameters (lengthscales W kappa):
  5.6428278112E-01  5.5058776123E-01  1.0154966138E+01  8.1128375101E+00  7.2331333052E+00  8.6741482834E+00
| Next sampling location (x_next, i_next):
  2.6863428176E+01  4.8304912667E+01  0.0000000000E+00

Iteration time [s]:   25.466        Total time [s]:  723.161

--------------------------------------------------------------------------------
                                BO ITERATION 30                                 
--------------------------------------------------------------------------------
| Evaluating objective function at 2.686E+01 4.830E+01 0.000E+00
| Objective function evaluated, time [s]       23.038
| Acquisition location too confident, doing pure exploration
| Data point added to dataset (x i y): 
  2.6863428176E+01  4.8304912667E+01  0.0000000000E+00      -2.0299566233E+05

| Total ensemble size: 62
| Best acquisition, x_best i_best y_best:
  2.3697742544E+02  8.2598296041E-01  0.0000000000E+00      -2.0301237341E+05
| Global minimum prediction, x_hat mu_hat +- nu_hat:
  2.3760181096E+02  6.8920363538E-01  0.0000000000E+00      -2.0301237381E+05  4.5214951694E-08
| Global minimum convergence, d_xhat d_muhat:
  4.3815628032E-02  2.0301041229E-06

| GP model hyperparameters (lengthscales W kappa):
  5.4880009683E-01  5.1230636627E-01  9.2423993424E+00  7.5013285629E+00  6.1359617248E+00  7.8840511299E+00
| Next sampling location (x_next, i_next):
 -3.3502547022E+01  8.2082204906E+01  0.0000000000E+00

Iteration time [s]:   25.801        Total time [s]:  748.963

--------------------------------------------------------------------------------
                                BO ITERATION 31                                 
--------------------------------------------------------------------------------
| Evaluating objective function at -3.350E+01 8.208E+01 0.000E+00
| Objective function evaluated, time [s]       22.909
| Acquisition location too confident, doing pure exploration
| Data point added to dataset (x i y): 
 -3.3502547022E+01  8.2082204906E+01  0.0000000000E+00      -2.0298866057E+05

| Total ensemble size: 63
| Best acquisition, x_best i_best y_best:
  2.3697742544E+02  8.2598296041E-01  0.0000000000E+00      -2.0301237341E+05
| Global minimum prediction, x_hat mu_hat +- nu_hat:
  2.3758592990E+02  6.9246264013E-01  0.0000000000E+00      -2.0301237379E+05  4.0280658720E-08
| Global minimum convergence, d_xhat d_muhat:
  1.6211999577E-02  7.2368600900E-07

| GP model hyperparameters (lengthscales W kappa):
  5.4585116846E-01  5.2065625110E-01 -9.5472098165E+00 -7.3444157123E+00  8.0332659692E-01  1.0394654306E+01
| Next sampling location (x_next, i_next):
  1.1565545256E+02  3.0549030506E+02  0.0000000000E+00

Iteration time [s]:   25.861        Total time [s]:  774.824

--------------------------------------------------------------------------------
                                BO ITERATION 32                                 
--------------------------------------------------------------------------------
| Evaluating objective function at 1.157E+02 3.055E+02 0.000E+00
| Objective function evaluated, time [s]       23.054
| Data point added to dataset (x i y): 
  1.1565545256E+02  3.0549030506E+02  0.0000000000E+00      -2.0299233931E+05

| Total ensemble size: 64
| Best acquisition, x_best i_best y_best:
  2.3697742544E+02  8.2598296041E-01  0.0000000000E+00      -2.0301237341E+05
| Global minimum prediction, x_hat mu_hat +- nu_hat:
  2.3759774533E+02  6.9008409779E-01  0.0000000000E+00      -2.0301237381E+05  4.3901584501E-08
| Global minimum convergence, d_xhat d_muhat:
  1.2052454185E-02  5.7782318787E-07

| GP model hyperparameters (lengthscales W kappa):
  5.4103298750E-01  5.0135878577E-01 -9.0489980668E+00 -7.0814457952E+00  6.5002312241E-01  9.5136439178E+00
| Next sampling location (x_next, i_next):
  2.9061717771E+02  1.6556449526E+02  0.0000000000E+00

Iteration time [s]:   25.502        Total time [s]:  800.327

--------------------------------------------------------------------------------
                                BO ITERATION 33                                 
--------------------------------------------------------------------------------
| Evaluating objective function at 2.906E+02 1.656E+02 0.000E+00
| Objective function evaluated, time [s]       23.298
| Acquisition location too confident, doing pure exploration
| Data point added to dataset (x i y): 
  2.9061717771E+02  1.6556449526E+02  0.0000000000E+00      -2.0300736004E+05

| Total ensemble size: 65
| Best acquisition, x_best i_best y_best:
  2.3697742544E+02  8.2598296041E-01  0.0000000000E+00      -2.0301237341E+05
| Global minimum prediction, x_hat mu_hat +- nu_hat:
  2.3759415947E+02  6.9106909696E-01  0.0000000000E+00      -2.0301237380E+05  4.1097598125E-08
| Global minimum convergence, d_xhat d_muhat:
  3.7186800262E-03  1.8783267505E-07

| GP model hyperparameters (lengthscales W kappa):
  5.4648628974E-01  5.0840083393E-01  8.8135771631E+00  7.5036248649E+00  7.1102216158E+00  5.3983303707E+00
| Next sampling location (x_next, i_next):
  2.2337245872E+02  1.0179395660E+02  0.0000000000E+00

Iteration time [s]:   26.307        Total time [s]:  826.635

--------------------------------------------------------------------------------
                                BO ITERATION 34                                 
--------------------------------------------------------------------------------
| Evaluating objective function at 2.234E+02 1.018E+02 0.000E+00
| Objective function evaluated, time [s]       21.693
| Acquisition location too confident, doing pure exploration
| Data point added to dataset (x i y): 
  2.2337245872E+02  1.0179395660E+02  0.0000000000E+00      -2.0298979520E+05

| Total ensemble size: 66
| Best acquisition, x_best i_best y_best:
  2.3697742544E+02  8.2598296041E-01  0.0000000000E+00      -2.0301237341E+05
| Global minimum prediction, x_hat mu_hat +- nu_hat:
  2.3758130523E+02  6.9433775489E-01  0.0000000000E+00      -2.0301237379E+05  3.6942614212E-08
| Global minimum convergence, d_xhat d_muhat:
  1.3263317838E-02  5.9871147248E-07

| GP model hyperparameters (lengthscales W kappa):
  5.4424978412E-01  5.0708027757E-01  8.7543232270E+00  7.4684154194E+00  6.6467823490E+00  4.7670960190E+00
| Next sampling location (x_next, i_next):
  2.7611664984E+02  2.4936638965E+02  0.0000000000E+00

Iteration time [s]:   24.702        Total time [s]:  851.337

--------------------------------------------------------------------------------
                                BO ITERATION 35                                 
--------------------------------------------------------------------------------
| Evaluating objective function at 2.761E+02 2.494E+02 0.000E+00
| Objective function evaluated, time [s]       23.036
| Acquisition location too confident, doing pure exploration
| Data point added to dataset (x i y): 
  2.7611664984E+02  2.4936638965E+02  0.0000000000E+00      -2.0299238236E+05

| Total ensemble size: 67
| Best acquisition, x_best i_best y_best:
  2.3697742544E+02  8.2598296041E-01  0.0000000000E+00      -2.0301237341E+05
| Global minimum prediction, x_hat mu_hat +- nu_hat:
  2.3758073282E+02  6.9498068344E-01  0.0000000000E+00      -2.0301237379E+05  3.6264699599E-08
| Global minimum convergence, d_xhat d_muhat:
  8.6081923097E-04  3.4898685474E-08

| GP model hyperparameters (lengthscales W kappa):
  5.4267405360E-01  5.0520106826E-01  8.5797453329E+00  7.3702375629E+00  6.4589715667E+00  4.5229796478E+00
| Next sampling location (x_next, i_next):
 -2.0929513436E+01  2.5163747790E+02  0.0000000000E+00

Iteration time [s]:   26.337        Total time [s]:  877.675

--------------------------------------------------------------------------------
                                BO ITERATION 36                                 
--------------------------------------------------------------------------------
| Evaluating objective function at -2.093E+01 2.516E+02 0.000E+00
| Objective function evaluated, time [s]       23.015
| Acquisition location too confident, doing pure exploration
| Data point added to dataset (x i y): 
 -2.0929513436E+01  2.5163747790E+02  0.0000000000E+00      -2.0299273758E+05

| Total ensemble size: 68
| Best acquisition, x_best i_best y_best:
  2.3697742544E+02  8.2598296041E-01  0.0000000000E+00      -2.0301237341E+05
| Global minimum prediction, x_hat mu_hat +- nu_hat:
  2.3757364289E+02  6.9840461605E-01  0.0000000000E+00      -2.0301237378E+05  3.4075503219E-08
| Global minimum convergence, d_xhat d_muhat:
  7.8733991690E-03  3.2771020493E-07

| GP model hyperparameters (lengthscales W kappa):
  5.4400161297E-01  5.0812133695E-01  8.2997928411E+00  7.6043635726E+00  1.0539782528E+01  1.0944478053E+00
| Next sampling location (x_next, i_next):
  7.2878397580E+01  8.8910917886E+01  0.0000000000E+00

Iteration time [s]:   26.533        Total time [s]:  904.208

--------------------------------------------------------------------------------
                                BO ITERATION 37                                 
--------------------------------------------------------------------------------
| Evaluating objective function at 7.288E+01 8.891E+01 0.000E+00
| Objective function evaluated, time [s]       21.704
| Acquisition location too confident, doing pure exploration
| Data point added to dataset (x i y): 
  7.2878397580E+01  8.8910917886E+01  0.0000000000E+00      -2.0298982517E+05

| Total ensemble size: 69
| Best acquisition, x_best i_best y_best:
  2.3697742544E+02  8.2598296041E-01  0.0000000000E+00      -2.0301237341E+05
| Global minimum prediction, x_hat mu_hat +- nu_hat:
  2.3757137767E+02  6.9822473408E-01  0.0000000000E+00      -2.0301237377E+05  3.6448403318E-08
| Global minimum convergence, d_xhat d_muhat:
  2.2723494307E-03  1.3703054203E-07

| GP model hyperparameters (lengthscales W kappa):
  5.4291476787E-01  4.9017365865E-01 -8.0992037679E+00 -7.0602715248E+00  7.3497843980E+00  3.7965571076E+00
| Next sampling location (x_next, i_next):
  2.3155996864E+02  2.8090774904E+02  0.0000000000E+00

Iteration time [s]:   24.781        Total time [s]:  928.989

--------------------------------------------------------------------------------
                                BO ITERATION 38                                 
--------------------------------------------------------------------------------
| Evaluating objective function at 2.316E+02 2.809E+02 0.000E+00
| Objective function evaluated, time [s]       23.622
| Acquisition location too confident, doing pure exploration
| Data point added to dataset (x i y): 
  2.3155996864E+02  2.8090774904E+02  0.0000000000E+00      -2.0298923640E+05

| Total ensemble size: 70
| Best acquisition, x_best i_best y_best:
  2.3697742544E+02  8.2598296041E-01  0.0000000000E+00      -2.0301237341E+05
| Global minimum prediction, x_hat mu_hat +- nu_hat:
  2.3757932921E+02  6.9516784395E-01  0.0000000000E+00      -2.0301237378E+05  3.0248477412E-08
| Global minimum convergence, d_xhat d_muhat:
  8.5188954486E-03  3.8131144463E-07

| GP model hyperparameters (lengthscales W kappa):
  5.4175137126E-01  4.9232335251E-01 -8.0473031271E+00 -7.0403531767E+00  7.1416258128E+00  3.5395462355E+00
| Next sampling location (x_next, i_next):
 -1.2844840728E+01 -3.9807901986E+01  0.0000000000E+00

Iteration time [s]:   26.832        Total time [s]:  955.821

--------------------------------------------------------------------------------
                                BO ITERATION 39                                 
--------------------------------------------------------------------------------
| Evaluating objective function at -1.284E+01 -3.981E+01 0.000E+00
| Objective function evaluated, time [s]       23.100
| Acquisition location too confident, doing pure exploration
| Data point added to dataset (x i y): 
 -1.2844840728E+01 -3.9807901986E+01  0.0000000000E+00      -2.0299411950E+05

| Total ensemble size: 71
| Best acquisition, x_best i_best y_best:
  2.3697742544E+02  8.2598296041E-01  0.0000000000E+00      -2.0301237341E+05
| Global minimum prediction, x_hat mu_hat +- nu_hat:
  2.3764787688E+02  6.7404519875E-01  0.0000000000E+00      -2.0301237387E+05  4.2117518273E-08
| Global minimum convergence, d_xhat d_muhat:
  7.1728299004E-02  3.4905216258E-06

| GP model hyperparameters (lengthscales W kappa):
  5.4255994946E-01  4.5986532728E-01 -7.5557104004E+00 -6.7997521435E+00  6.5023580906E+00  2.8294651413E+00
| Next sampling location (x_next, i_next):
  1.1815624196E+02 -5.2483225911E+00  0.0000000000E+00

Iteration time [s]:   26.691        Total time [s]:  982.513

--------------------------------------------------------------------------------
                                BO ITERATION 40                                 
--------------------------------------------------------------------------------
| Evaluating objective function at 1.182E+02 -5.248E+00 0.000E+00
| Objective function evaluated, time [s]       23.065
| Acquisition location too confident, doing pure exploration
| Data point added to dataset (x i y): 
  1.1815624196E+02 -5.2483225911E+00  0.0000000000E+00      -2.0299088114E+05

| Total ensemble size: 72
| Best acquisition, x_best i_best y_best:
  2.3697742544E+02  8.2598296041E-01  0.0000000000E+00      -2.0301237341E+05
| Global minimum prediction, x_hat mu_hat +- nu_hat:
  2.3767181608E+02  6.6485283679E-01  0.0000000000E+00      -2.0301237391E+05  5.9246735429E-08
| Global minimum convergence, d_xhat d_muhat:
  2.5643419777E-02  1.6573682058E-06

| GP model hyperparameters (lengthscales W kappa):
  4.9503047643E-01  4.6209370710E-01 -7.7584111081E+00 -6.5294525865E+00  6.4058518792E+00  2.6751219344E+00
| Next sampling location (x_next, i_next):
  2.7647331379E+02  1.0245308489E+02  0.0000000000E+00

Iteration time [s]:   26.861        Total time [s]: 1009.375

--------------------------------------------------------------------------------
                                BO ITERATION 41                                 
--------------------------------------------------------------------------------
| Evaluating objective function at 2.765E+02 1.025E+02 0.000E+00
| Objective function evaluated, time [s]       22.990
| Acquisition location too confident, doing pure exploration
| Data point added to dataset (x i y): 
  2.7647331379E+02  1.0245308489E+02  0.0000000000E+00      -2.0299001692E+05

| Total ensemble size: 73
| Best acquisition, x_best i_best y_best:
  2.3697742544E+02  8.2598296041E-01  0.0000000000E+00      -2.0301237341E+05
| Global minimum prediction, x_hat mu_hat +- nu_hat:
  2.3766211022E+02  6.6653903626E-01  0.0000000000E+00      -2.0301237389E+05  5.7620971017E-08
| Global minimum convergence, d_xhat d_muhat:
  9.8512479368E-03  4.8689499792E-07

| GP model hyperparameters (lengthscales W kappa):
  4.9258462547E-01  4.5662077669E-01 -7.6152216062E+00 -6.4289287854E+00  6.1874594235E+00  2.4153196258E+00
| Next sampling location (x_next, i_next):
  1.6215078298E+01  7.8057665980E+00  0.0000000000E+00

Iteration time [s]:   27.050        Total time [s]: 1036.425

--------------------------------------------------------------------------------
                                BO ITERATION 42                                 
--------------------------------------------------------------------------------
| Evaluating objective function at 1.622E+01 7.806E+00 0.000E+00
| Objective function evaluated, time [s]       23.068
| Acquisition location too confident, doing pure exploration
| Data point added to dataset (x i y): 
  1.6215078298E+01  7.8057665980E+00  0.0000000000E+00      -2.0299583821E+05

| Total ensemble size: 74
| Best acquisition, x_best i_best y_best:
  2.3697742544E+02  8.2598296041E-01  0.0000000000E+00      -2.0301237341E+05
| Global minimum prediction, x_hat mu_hat +- nu_hat:
  2.3765602526E+02  6.6866263553E-01  0.0000000000E+00      -2.0301237389E+05  5.4493566903E-08
| Global minimum convergence, d_xhat d_muhat:
  6.4448744673E-03  3.7250647391E-07

| GP model hyperparameters (lengthscales W kappa):
  4.9342595063E-01  4.5886031920E-01  7.7674299690E+00  6.2478397236E+00  2.7343287331E+00  4.8302257547E+00
| Next sampling location (x_next, i_next):
  6.8923855313E+01  2.7335094777E+02  0.0000000000E+00

Iteration time [s]:   26.818        Total time [s]: 1063.244

--------------------------------------------------------------------------------
                                BO ITERATION 43                                 
--------------------------------------------------------------------------------
| Evaluating objective function at 6.892E+01 2.734E+02 0.000E+00
| Objective function evaluated, time [s]       23.923
| Acquisition location too confident, doing pure exploration
| Data point added to dataset (x i y): 
  6.8923855313E+01  2.7335094777E+02  0.0000000000E+00      -2.0299075064E+05

| Total ensemble size: 75
| Best acquisition, x_best i_best y_best:
  2.3697742544E+02  8.2598296041E-01  0.0000000000E+00      -2.0301237341E+05
| Global minimum prediction, x_hat mu_hat +- nu_hat:
  2.3770330621E+02  6.5630329407E-01  0.0000000000E+00      -2.0301237395E+05  7.3897828212E-08
| Global minimum convergence, d_xhat d_muhat:
  4.8869634670E-02  2.7704556859E-06

| GP model hyperparameters (lengthscales W kappa):
  4.8835633280E-01  4.3553157108E-01  7.1369385071E+00  6.1677896913E+00  6.6886402998E+00  1.7062905676E+00
| Next sampling location (x_next, i_next):
  1.2007812578E+02  2.4762236093E+02  0.0000000000E+00

Iteration time [s]:   28.075        Total time [s]: 1091.320

--------------------------------------------------------------------------------
                                BO ITERATION 44                                 
--------------------------------------------------------------------------------
| Evaluating objective function at 1.201E+02 2.476E+02 0.000E+00
| Objective function evaluated, time [s]       24.051
| Acquisition location too confident, doing pure exploration
| Data point added to dataset (x i y): 
  1.2007812578E+02  2.4762236093E+02  0.0000000000E+00      -2.0299274505E+05

| Total ensemble size: 76
| Best acquisition, x_best i_best y_best:
  2.3697742544E+02  8.2598296041E-01  0.0000000000E+00      -2.0301237341E+05
| Global minimum prediction, x_hat mu_hat +- nu_hat:
  2.3770450586E+02  6.5628740023E-01  0.0000000000E+00      -2.0301237395E+05  7.1311154226E-08
| Global minimum convergence, d_xhat d_muhat:
  1.1997592076E-03  6.0570687215E-08

| GP model hyperparameters (lengthscales W kappa):
  4.8961964598E-01  4.3714997292E-01  7.3437764810E+00  5.9849836328E+00  3.4000119645E+00  3.9043431045E+00
| Next sampling location (x_next, i_next):
  1.1437583515E+02  1.0934050515E+02  0.0000000000E+00

Iteration time [s]:   28.109        Total time [s]: 1119.429

--------------------------------------------------------------------------------
                                BO ITERATION 45                                 
--------------------------------------------------------------------------------
| Evaluating objective function at 1.144E+02 1.093E+02 0.000E+00
| Objective function evaluated, time [s]       22.911
| Acquisition location too confident, doing pure exploration
| Data point added to dataset (x i y): 
  1.1437583515E+02  1.0934050515E+02  0.0000000000E+00      -2.0299265685E+05

| Total ensemble size: 77
| Best acquisition, x_best i_best y_best:
  2.3697742544E+02  8.2598296041E-01  0.0000000000E+00      -2.0301237341E+05
| Global minimum prediction, x_hat mu_hat +- nu_hat:
  2.3770854594E+02  6.5526547479E-01  0.0000000000E+00      -2.0301237396E+05  7.1200679041E-08
| Global minimum convergence, d_xhat d_muhat:
  4.1673192619E-03  2.4441341922E-07

| GP model hyperparameters (lengthscales W kappa):
  4.8859550239E-01  4.3707605455E-01 -7.1431882323E+00 -6.0774041928E+00  5.4401504042E+00  2.2869049134E+00
| Next sampling location (x_next, i_next):
 -3.2152686729E+01  1.2250583024E+02  0.0000000000E+00

Iteration time [s]:   26.883        Total time [s]: 1146.313

--------------------------------------------------------------------------------
                                BO ITERATION 46                                 
--------------------------------------------------------------------------------
| Evaluating objective function at -3.215E+01 1.225E+02 0.000E+00
| Objective function evaluated, time [s]       22.946
| Acquisition location too confident, doing pure exploration
| Data point added to dataset (x i y): 
 -3.2152686729E+01  1.2250583024E+02  0.0000000000E+00      -2.0299569907E+05

| Total ensemble size: 78
| Best acquisition, x_best i_best y_best:
  2.3697742544E+02  8.2598296041E-01  0.0000000000E+00      -2.0301237341E+05
| Global minimum prediction, x_hat mu_hat +- nu_hat:
  2.3769562668E+02  6.5893619990E-01  0.0000000000E+00      -2.0301237394E+05  6.5155935669E-08
| Global minimum convergence, d_xhat d_muhat:
  1.3430613625E-02  7.5545642368E-07

| GP model hyperparameters (lengthscales W kappa):
  4.8987003929E-01  4.4255939588E-01 -7.4351016032E+00 -5.8944890676E+00  1.6161193812E+00  4.9318600232E+00
| Next sampling location (x_next, i_next):
  1.6793687926E+02  3.0006986000E+02  0.0000000000E+00

Iteration time [s]:   27.006        Total time [s]: 1173.320

--------------------------------------------------------------------------------
                                BO ITERATION 47                                 
--------------------------------------------------------------------------------
| Evaluating objective function at 1.679E+02 3.001E+02 0.000E+00
| Objective function evaluated, time [s]       23.031
| Acquisition location too confident, doing pure exploration
| Data point added to dataset (x i y): 
  1.6793687926E+02  3.0006986000E+02  0.0000000000E+00      -2.0299044030E+05

| Total ensemble size: 79
| Best acquisition, x_best i_best y_best:
  2.3697742544E+02  8.2598296041E-01  0.0000000000E+00      -2.0301237341E+05
| Global minimum prediction, x_hat mu_hat +- nu_hat:
  2.3769119617E+02  6.6023547502E-01  0.0000000000E+00      -2.0301237393E+05  6.0057308371E-08
| Global minimum convergence, d_xhat d_muhat:
  4.6170942623E-03  2.5578844970E-07

| GP model hyperparameters (lengthscales W kappa):
  4.9121116347E-01  4.4521584044E-01 -7.3684824120E+00 -5.9637519395E+00  2.5359449125E+00  4.2895720992E+00
| Next sampling location (x_next, i_next):
  7.4979028882E+01  3.0587058881E+01  0.0000000000E+00

Iteration time [s]:   27.165        Total time [s]: 1200.485

--------------------------------------------------------------------------------
                                BO ITERATION 48                                 
--------------------------------------------------------------------------------
| Evaluating objective function at 7.498E+01 3.059E+01 0.000E+00
| Objective function evaluated, time [s]       23.463
| Acquisition location too confident, doing pure exploration
| Data point added to dataset (x i y): 
  7.4979028882E+01  3.0587058881E+01  0.0000000000E+00      -2.0299633413E+05

| Total ensemble size: 80
| Best acquisition, x_best i_best y_best:
  2.3697742544E+02  8.2598296041E-01  0.0000000000E+00      -2.0301237341E+05
| Global minimum prediction, x_hat mu_hat +- nu_hat:
  2.3769547366E+02  6.5798138921E-01  0.0000000000E+00      -2.0301237394E+05  6.5690526707E-08
| Global minimum convergence, d_xhat d_muhat:
  4.8350623648E-03  2.4781684601E-07

| GP model hyperparameters (lengthscales W kappa):
  4.8954226405E-01  4.3393956278E-01 -7.0778147123E+00 -6.0722284206E+00  4.6005552344E+00  2.5885696482E+00
| Next sampling location (x_next, i_next):
  1.9668261566E+01  2.6010270352E+02  0.0000000000E+00

Iteration time [s]:   27.751        Total time [s]: 1228.237

--------------------------------------------------------------------------------
                                BO ITERATION 49                                 
--------------------------------------------------------------------------------
| Evaluating objective function at 1.967E+01 2.601E+02 0.000E+00
| Objective function evaluated, time [s]       23.828
| Acquisition location too confident, doing pure exploration
| Data point added to dataset (x i y): 
  1.9668261566E+01  2.6010270352E+02  0.0000000000E+00      -2.0299044982E+05

| Total ensemble size: 81
| Best acquisition, x_best i_best y_best:
  2.3697742544E+02  8.2598296041E-01  0.0000000000E+00      -2.0301237341E+05
| Global minimum prediction, x_hat mu_hat +- nu_hat:
  2.3773874325E+02  6.4481025002E-01  0.0000000000E+00      -2.0301237400E+05  8.2353329400E-08
| Global minimum convergence, d_xhat d_muhat:
  4.5229822216E-02  2.6060307740E-06

| GP model hyperparameters (lengthscales W kappa):
  4.7781539405E-01  4.2169929861E-01 -6.9078412147E+00 -5.7667054639E+00  2.6579340185E+00  3.4318991287E+00
| Next sampling location (x_next, i_next):
 -3.6705605215E+01  4.0716002987E+01  0.0000000000E+00

Iteration time [s]:   28.449        Total time [s]: 1256.686

--------------------------------------------------------------------------------
                                BO ITERATION 50                                 
--------------------------------------------------------------------------------
| Evaluating objective function at -3.671E+01 4.072E+01 0.000E+00
| Objective function evaluated, time [s]       23.451
| Acquisition location too confident, doing pure exploration
| Data point added to dataset (x i y): 
 -3.6705605215E+01  4.0716002987E+01  0.0000000000E+00      -2.0299191639E+05

| Total ensemble size: 82
| Best acquisition, x_best i_best y_best:
  2.3697742544E+02  8.2598296041E-01  0.0000000000E+00      -2.0301237341E+05
| Global minimum prediction, x_hat mu_hat +- nu_hat:
  2.3777147257E+02  6.3871224901E-01  0.0000000000E+00      -2.0301237405E+05  8.4802804690E-08
| Global minimum convergence, d_xhat d_muhat:
  3.3292549236E-02  1.8681916558E-06

| GP model hyperparameters (lengthscales W kappa):
  4.7918822416E-01  4.1817900349E-01 -6.8085734713E+00 -5.7394938134E+00  2.6306151033E+00  3.3975014912E+00
| Next sampling location (x_next, i_next):
  1.8614226592E+02  6.4427336405E+01  0.0000000000E+00

Iteration time [s]:   28.065        Total time [s]: 1284.751

|| Bayesian optimization completed, time [s]     1284.742


--------------------------------------------------------------------------------
                        BOSS is done! Have a nice day :)                        

      Datetime 05-08-2020 18:29:53            Total time [s]     1284.752       
--------------------------------------------------------------------------------
