275.3601221000_-50.0000000000_20.1933351000_-10.6600179000
310.0000000000_49.7060288000_171.2036297000_184.7550498000
230.2273650000_40.7555037000_116.1546360000_206.9290470000
292.4499865000_36.1394588000_23.3386451000_140.7456745000
293.5737690000_61.1894687000_10.3518461000_212.3347943000
43.3381529000_52.9129817000_251.1507720000_188.7141835000
111.9919284000_47.3077548000_-41.3090488000_189.2539061000
39.1065672000_61.2708459000_84.8741200000_182.6848158000
190.9335950000_-44.9388893000_57.6673435000_178.4858637000
-25.8279861000_-13.5367036000_61.3742901000_178.5267583000
10.3372190000_21.1960309000_261.4521169000_157.5551496000
-30.6163539000_-39.4780266000_256.3835789000_202.8005030000
107.4079319000_-34.4981940000_195.7364392000_201.7129509000
263.7666546000_-46.1548732000_119.9904942000_157.8296663000
67.6305985000_36.5214249000_249.0060538000_234.4918898000
187.6002229000_54.7474156000_192.0014613000_275.9199026000
42.1600663000_-45.9707272000_201.1813529000_159.6814650000
73.3864653000_-43.5881407000_15.9309611000_153.6574954000
-38.2195397000_-50.0000000000_211.4474632000_118.4174690000
46.9093047000_-27.0755401000_295.5543750000_178.0876342000
134.7546854000_49.4108502000_226.8610149000_164.9120519000
115.5375533000_42.4516598000_181.1429524000_64.7047334000
109.1135896000_15.0774674000_57.0156012000_192.7651925000
182.1997188000_-14.9442387000_310.0000000000_229.4345420000
52.9394018000_12.1880466000_176.6355885000_185.9348229000
236.8902380000_5.0357954000_208.5406326000_174.8472397000
26.5874264000_31.3489053000_200.4993230000_-41.8304134000
115.7091946000_54.5568678000_135.2024619000_177.7478509000
84.3914244000_56.9843351000_289.9178103000_131.0619792000
284.5352136000_-38.6860996000_8.9261120000_172.6904988000
7.3510980000_38.8671779000_105.9342685000_155.8195798000
246.7071360000_20.3941998000_88.6401468000_-7.5036943000
14.5189284000_-33.8178036000_148.4225222000_192.3986802000
93.4557411000_5.5860440000_247.7242881000_178.4343492000
24.9842543000_27.4020516000_15.8521831000_189.7419399000
33.5191283000_61.4766809000_25.7321187000_17.6691374000
-2.8472274000_12.7808389000_238.0904226000_202.0877363000
58.6773115000_-39.3870921000_24.2355918000_197.1133590000
71.5005239000_41.6423641000_208.8797565000_175.4775675000
92.5000488000_-47.4916920000_246.7102247000_174.3707306000
244.6207951000_60.1943672000_271.7333112000_178.2837165000
107.5423844000_-2.4550981000_83.5996973000_-22.3972754000
225.3538457000_-50.0000000000_63.1600517000_11.3059575000
70.6148052000_-23.6076440000_90.8963957000_171.8950948000
218.3660063000_3.7376112000_206.2786443000_20.4284464000
239.0190782000_19.1447272000_53.6877769000_177.5943134000
186.9752700000_-45.4907036000_182.8121522000_174.6022906000
256.4441761000_-29.3031030000_98.6218596000_199.9279379000
274.3706018000_48.6763628000_58.7133886000_16.4248682000
-32.2024796000_52.9670487000_185.8017446000_246.2297796000
-27.0038479000_-28.2509416000_225.3514014000_171.5651335000
-13.5559176000_-50.0000000000_-50.0000000000_181.9780550000
198.8962860000_-48.4271666000_38.4380967000_116.4136171000
46.6621174000_-29.2209000000_226.7148053000_188.2253223000
118.7353447000_-27.0532231000_209.6587936000_159.2064444000
19.5603215000_-40.2333408000_49.1204572000_167.7572573000
60.2843947000_1.4074298000_20.0357677000_167.6476095000
231.4663745000_51.5052497000_53.3440877000_-9.2288306000
162.6740939000_37.2983653000_211.0952588000_194.3343347000
156.4376680000_-45.1903893000_259.8871960000_180.4517326000
73.9222896000_51.5597556000_41.6499417000_175.9664789000
201.9186414000_47.0805609000_116.3543222000_169.4049496000
8.9804982000_59.3720839000_217.8968780000_179.2598156000
244.8946376000_-50.0000000000_82.1830872000_-8.8238950000
68.6541940000_49.2265650000_67.0111185000_214.1142747000
61.3705739000_65.1939384000_200.8733438000_185.3207759000
109.1241501000_-43.1549884000_45.7717134000_179.3847528000
53.3045970000_63.3082680000_245.3400682000_171.9540080000
252.2768583000_58.8532346000_59.2655531000_180.6236439000
195.5442300000_-49.9252903000_102.9556647000_.8594914000
51.2446925000_-40.7296579000_225.5996661000_5.5098500000
35.2995009000_8.9976672000_184.7950526000_21.6432355000
195.0852197000_14.1521603000_74.3792795000_15.3379365000
212.2615797000_-32.8104890000_57.3193558000_-2.8666351000
178.0686979000_45.9541209000_9.2387793000_169.7082009000
176.8124889000_49.6487112000_58.0164470000_198.2528418000
194.2683038000_46.6928050000_233.6731433000_162.9009661000
265.8069689000_70.0000000000_203.7335401000_185.4217071000
-47.6052857000_43.2608970000_263.5112807000_186.6507716000
61.0529641000_-48.5774154000_278.8037723000_-40.8284077000
67.2542247000_-48.3125640000_260.4147965000_193.0929109000
40.4110273000_16.4539115000_83.9369060000_185.2158788000
176.8650401000_-3.4223870000_128.4232527000_187.9766372000
85.3225380000_57.4257636000_234.6732031000_185.5565628000
-37.3661648000_56.6740671000_87.6179923000_-21.4146926000
51.6429532000_63.9688661000_142.8276782000_170.5677125000
94.3290979000_46.8476736000_209.8894957000_-6.8470634000
265.8045555000_-50.0000000000_-45.3268647000_39.5605369000
73.3590327000_-50.0000000000_222.3879928000_176.8134119000
-40.3396770000_48.3126130000_41.2560753000_182.1823826000
58.4437330000_61.0970561000_-9.0946555000_178.1002881000
71.0138446000_51.0547071000_283.1635414000_175.6592229000
172.4497411000_-43.5877179000_220.4216543000_-18.2182726000
288.4639299000_38.8287091000_-23.4870787000_180.0906627000
30.3674498000_46.9032494000_176.2100395000_176.5971491000
171.0298446000_-27.8209907000_97.3693320000_32.0696719000
210.5224810000_63.3011200000_-.8848531000_187.1802718000
83.3428648000_-41.7042617000_-15.3676580000_176.2467542000
68.1370747000_70.0000000000_117.9238687000_191.7700678000
186.4678879000_64.0750026000_140.1277356000_196.0415503000
warning in stationary: failed to import cython module: falling back to numpy
warning in coregionalize: failed to import cython module: falling back to numpy
warning in choleskies: failed to import cython module: falling back to numpy
