47.6329242000_65.6916479000_34.0891126000_-12.8644181000
220.8289433000_-47.3771885000_63.1326538000_2.3036326000
55.3914382000_62.0146913000_225.3297609000_178.8396992000
66.2864792000_-50.0000000000_2.6912177000_179.1095244000
123.2071099000_36.0464904000_31.7784537000_295.0703760000
279.7703127000_53.3523475000_52.1368794000_-6.5853675000
-34.8832764000_59.6549025000_233.9939690000_172.2342271000
87.2974790000_46.5254626000_203.2045291000_2.0788941000
292.2475316000_56.5237973000_223.6310027000_-17.0955754000
62.4304875000_49.4751381000_199.4786705000_189.3409739000
194.0110787000_-18.1993466000_218.6584750000_181.6236526000
-48.4469911000_-39.2332359000_95.5560158000_194.6290967000
272.9591314000_36.6188061000_113.5134480000_190.7610260000
292.3010736000_60.5147619000_-27.2166475000_181.8076514000
200.0679908000_46.9219160000_18.4192850000_183.0035563000
-28.0581206000_46.0301281000_83.3014628000_175.7908439000
43.2441389000_68.2379092000_148.1746943000_176.4346378000
278.8648299000_-50.0000000000_142.2123052000_167.0093651000
74.9161943000_69.7426292000_91.7916641000_195.2811962000
164.1805105000_57.0327588000_202.3270786000_186.5328758000
180.6211309000_-40.6029497000_69.0740822000_187.1751363000
78.2567513000_70.0000000000_283.4595954000_188.9587326000
50.5566924000_-46.7545162000_248.1635202000_22.7523782000
19.3660335000_16.0137616000_199.7585106000_159.6882364000
124.8870122000_-38.1571245000_231.3035381000_170.4305788000
31.9249116000_-36.8585770000_249.4551753000_192.8963341000
65.2096592000_52.0225578000_284.1608716000_168.3309331000
206.2796312000_21.9716324000_69.2805735000_13.6398801000
136.9886306000_-50.0000000000_8.0534465000_179.2524218000
225.2604144000_52.7084990000_232.2260985000_168.0103857000
67.1367747000_-39.4267890000_194.7315436000_180.5473334000
72.5150842000_19.0245004000_-.2359284000_180.6969724000
61.3626070000_1.1325517000_111.8356180000_184.6174706000
208.4149820000_16.5741254000_211.3469533000_-5.4327679000
106.9044037000_52.7124427000_249.1284325000_182.0083217000
121.4547500000_-50.0000000000_229.1770134000_310.0000000000
66.1716142000_27.1399345000_9.9694057000_51.6206197000
-34.1167572000_-40.8344258000_38.6963260000_178.8146102000
48.3604655000_45.2156722000_106.2100208000_185.6724797000
67.9379606000_55.2383135000_195.2342206000_165.5488127000
-40.8960315000_35.9691411000_274.9009526000_179.0225521000
-1.5288397000_54.8457512000_242.5171841000_189.4318993000
222.3125665000_-50.0000000000_49.6896931000_15.8869813000
265.0205189000_68.7462700000_285.5833871000_192.1792264000
274.2629202000_54.4147003000_-50.0000000000_44.9171738000
67.4958523000_-46.1581863000_246.5188898000_174.1986926000
239.2265647000_57.7065888000_66.0511546000_.8840205000
266.3095999000_47.9924332000_79.1961034000_259.4704099000
250.4484269000_35.8511185000_57.9141282000_2.1577870000
167.6290721000_70.0000000000_215.7217863000_92.4829526000
250.5099587000_-47.5290066000_60.3486831000_.6089172000
43.7978478000_55.1825656000_16.8254557000_192.0191092000
226.4003358000_59.2391449000_169.3700276000_194.6122485000
272.9958249000_50.3362224000_38.2804344000_177.8924732000
70.6989119000_59.1714307000_244.0676026000_182.6840069000
58.0720326000_63.3053989000_64.2254666000_174.9971964000
252.6318408000_52.7040570000_70.9003550000_-11.6560260000
33.8725161000_-31.7073548000_66.8748205000_193.1962170000
241.5183350000_57.8951961000_54.4194166000_-.3812219000
46.1616240000_46.6330567000_7.7761693000_169.8663803000
286.7494509000_-3.4158439000_89.2140934000_168.6970680000
228.5511208000_40.7504610000_64.2466200000_-4.3892720000
55.5464242000_37.7276303000_248.2843514000_182.3483807000
230.4170622000_53.5091259000_60.0876876000_3.3004551000
158.3654625000_53.8003895000_135.7513276000_203.6645325000
49.2220580000_61.6068695000_-28.4238203000_181.4709739000
74.1532380000_65.0348691000_109.2936733000_170.3562607000
25.8793868000_-50.0000000000_232.1967497000_-14.7343695000
42.8696154000_-40.3159419000_198.6027564000_254.4604404000
47.0094326000_59.2592218000_246.8647616000_178.6029130000
70.1003787000_56.9535836000_239.3668028000_174.6224999000
-39.7740323000_9.4767350000_164.4680982000_62.4665551000
229.9741867000_57.2421242000_64.9169621000_-1.0353592000
186.9443812000_-50.0000000000_116.0366423000_-14.8194298000
42.3752800000_-31.9553959000_216.0006201000_91.0922173000
199.8004969000_58.4065115000_271.7978410000_-50.0000000000
210.9549100000_55.9942506000_73.5501104000_-1.7182075000
215.0587304000_59.4297164000_.5892725000_146.7851186000
266.3852022000_70.0000000000_260.5197485000_9.3281302000
273.3792117000_47.6335630000_32.5721486000_9.3471466000
-50.0000000000_-33.1231973000_173.1910966000_-28.2808551000
78.1896611000_56.4591961000_-26.9519798000_174.4624678000
-48.8029899000_40.0014263000_70.2033120000_202.5043895000
167.6825307000_64.7769650000_163.8922559000_168.5564712000
224.2510049000_58.6067237000_71.4103898000_-3.0114417000
130.6541638000_70.0000000000_66.9202842000_83.1985758000
169.2405710000_55.7864724000_266.9830437000_180.2557286000
-7.9394533000_-38.3867450000_-2.1652873000_94.3672931000
227.0544961000_-8.2342685000_125.7063981000_95.7792988000
110.6407532000_42.3567912000_126.1048056000_274.4771475000
-39.7528286000_21.9521887000_158.3246384000_273.4205126000
241.3104784000_8.6666189000_271.3207240000_93.1033532000
142.6609397000_-8.2671564000_310.0000000000_281.3695519000
-18.5190801000_20.9025191000_.9905413000_274.9461386000
152.3715132000_-24.1746808000_291.9264409000_56.8141394000
-23.5424217000_-1.5535041000_243.3575828000_290.1148522000
75.2589766000_60.0733825000_257.6738369000_180.6469162000
230.8132877000_-50.0000000000_67.6102790000_-3.3901476000
198.0188113000_47.6165683000_15.3411812000_260.7517972000
154.8063836000_1.4346995000_4.7201718000_100.0455347000
warning in stationary: failed to import cython module: falling back to numpy
warning in coregionalize: failed to import cython module: falling back to numpy
warning in choleskies: failed to import cython module: falling back to numpy
