243.4645592000_-48.9020086000_60.1512020000_3.6420886000
65.0079586000_66.0178713000_227.5742928000_178.4886631000
287.7123199000_49.2145374000_189.7007752000_276.3588933000
67.2942617000_55.7860223000_49.8715046000_177.7286256000
165.6413667000_-39.4166788000_162.6010702000_186.8099651000
60.5675352000_-32.1017857000_201.4192581000_-9.6338747000
102.4147614000_-19.5689249000_144.8366497000_310.0000000000
159.5958375000_48.8453101000_278.1291700000_170.6805265000
4.0804285000_-50.0000000000_48.4359462000_190.8197244000
200.8086480000_41.9385880000_141.2975090000_176.1501965000
46.2855808000_52.6837848000_92.2709722000_84.3872106000
-35.4711798000_60.1139776000_76.3050183000_-24.3169162000
251.5567181000_51.0657309000_35.3977348000_-11.4463155000
241.5164304000_64.3681141000_56.2108427000_180.4049771000
14.9629200000_46.4377944000_174.5153450000_167.0729677000
85.7343820000_-43.5178132000_64.5006883000_210.5160129000
304.6959164000_49.3565082000_273.8318820000_194.8578085000
71.9667096000_-45.4249028000_-23.1722856000_173.7383089000
34.9341764000_48.6934688000_153.0816388000_210.6895956000
301.1872392000_28.8054324000_25.8466310000_184.1328929000
-34.3789979000_-6.6531208000_253.9716208000_153.2728575000
30.6219417000_47.4980330000_-29.7806432000_200.3158350000
54.5420019000_69.6199703000_16.5527777000_24.9721249000
87.4812217000_-32.5086867000_270.7976188000_195.1134978000
192.1482365000_-38.7659365000_96.2118641000_5.5200246000
62.7373615000_48.0286619000_214.7150779000_31.7796316000
115.9917603000_44.0267077000_208.5869588000_197.3908235000
62.5623387000_-9.2794263000_119.5420081000_189.6414748000
-8.0805498000_-14.0491352000_209.5377599000_199.3884146000
239.1427106000_28.1859920000_240.7843117000_38.6332715000
79.5111543000_60.7286873000_151.0080589000_181.3710932000
101.7053150000_-21.7232393000_226.7217240000_167.0132221000
159.9223028000_56.4696941000_18.1639408000_181.5669107000
283.9751338000_26.9780903000_112.8777201000_167.2730348000
95.2644123000_16.0107586000_8.4605539000_176.4575814000
290.6850959000_70.0000000000_-37.6855894000_179.6722851000
89.4831310000_41.4706236000_225.4053468000_-18.4320375000
256.4143983000_62.1938321000_207.1347328000_168.2170176000
-50.0000000000_36.0371433000_97.7720201000_205.9332854000
261.2887073000_45.7593593000_-50.0000000000_232.2345066000
163.0502820000_7.9575770000_114.9097353000_210.7502599000
197.8464364000_-35.0996269000_213.4617347000_-22.1964206000
210.9734763000_-43.4314439000_58.1714268000_100.4894461000
31.3641172000_54.4116290000_228.7833251000_192.0755018000
56.3582164000_-40.7138869000_275.8681646000_-37.5384180000
294.8962839000_-42.4107563000_110.4112831000_187.2637462000
59.2576486000_-30.4345802000_206.6470760000_185.5646686000
158.0932720000_-50.0000000000_94.3453988000_176.7645287000
148.2246612000_-44.5219116000_240.8011834000_188.1675574000
41.0703905000_12.6037487000_238.4413963000_176.8589670000
165.0939359000_-34.1269092000_-17.4807385000_173.9221330000
203.3717194000_13.8219125000_78.1395108000_10.7732763000
258.0152889000_50.1924596000_133.2682907000_192.1403266000
41.6576613000_40.3999795000_105.6682028000_187.0279374000
40.3947446000_47.9739504000_10.5370121000_168.8087216000
236.9612300000_-31.8008122000_70.3072382000_-6.1970117000
49.0024781000_50.0855403000_262.6543964000_172.2733282000
-26.7123939000_63.4527398000_241.9334657000_175.1950951000
47.8859213000_-36.7090972000_256.2647453000_177.3753554000
93.5305270000_65.6937234000_6.9110523000_186.1837764000
-34.2736585000_54.1160646000_75.7838874000_169.3899080000
32.7052329000_18.2922460000_221.8703687000_-6.0765112000
16.1884003000_-50.0000000000_-22.0366329000_134.9598045000
219.0046844000_65.0695757000_63.6505122000_2.5004824000
179.1826770000_-50.0000000000_208.4123785000_165.6180071000
231.4752811000_62.3845909000_77.7138704000_-2.7708452000
55.1641143000_-45.9385134000_101.9627486000_165.5200589000
184.3565982000_48.1571086000_206.6284733000_189.0840874000
56.3198147000_48.4021993000_205.5396665000_176.2050587000
206.3007759000_-14.2948640000_231.5053677000_184.1629544000
35.9009217000_65.9434975000_223.2633724000_172.1053039000
55.2840056000_-37.4577399000_23.4302747000_179.8237493000
221.6666787000_-41.5783690000_71.3420085000_9.9567638000
289.2843667000_38.0482678000_13.4172248000_61.9695826000
114.3655470000_-42.6507224000_198.9775747000_71.6330059000
145.0725500000_35.0319211000_289.1826587000_294.0465401000
118.2922678000_3.8880124000_80.8756577000_-8.7313300000
165.2444746000_52.6848203000_214.3744537000_10.9439479000
286.4842175000_1.4747027000_49.5265661000_-9.0091827000
270.5911662000_70.0000000000_68.5790752000_-15.2213706000
176.7135552000_47.0533113000_296.2741147000_55.0954034000
200.6987641000_50.6495481000_-2.5650142000_185.0663219000
-30.7508852000_-34.1093611000_284.6119061000_187.2247153000
207.6303710000_37.5985015000_6.8359007000_156.5985378000
282.9537220000_-47.6463190000_100.9396029000_158.0227986000
77.5608842000_62.7023470000_212.3198136000_153.7948975000
253.5506741000_38.2604111000_281.9896755000_177.0437770000
44.2719264000_-44.3195521000_151.8912465000_179.3825827000
99.9570942000_59.4624954000_254.7142565000_179.2565445000
36.0545472000_-5.2319413000_191.8471669000_113.4902555000
71.3130594000_38.3395137000_249.6319656000_188.1757011000
294.0656412000_70.0000000000_235.1577512000_-12.9544710000
33.3263186000_54.5487977000_164.4595611000_9.6774348000
69.5306730000_61.7485896000_291.7371273000_185.9832368000
138.5183561000_58.4823226000_34.1261597000_158.6950275000
305.4496137000_36.0636744000_233.8167390000_177.1079273000
274.1502672000_51.3475011000_51.4913427000_-.5572035000
189.7639155000_-41.0109775000_105.7166266000_264.5048683000
81.6285947000_36.1123103000_151.0457482000_254.0262399000
234.2645290000_51.6306452000_60.3131889000_4.0261329000
warning in stationary: failed to import cython module: falling back to numpy
warning in coregionalize: failed to import cython module: falling back to numpy
warning in choleskies: failed to import cython module: falling back to numpy
