
-----------------------------   Welcome to ....   ------------------------------
                      _______  _______ _______ _______ 
                     |   _   \|   _   |   _   |   _   |
                     |.  1   /|.  |   |   1___|   1___|
                     |.  _   \|.  |   |____   |____   |
                     |:  1    |:  1   |:  1   |:  1   |
                     |::.. .  |::.. . |::.. . |::.. . |
                     `-------'`-------`-------`-------'

                                 Version 0.9.15                                 
                              05-05-2020 08:33:32                               
--------------------------------------------------------------------------------

| Reading BOSS input file from: in_2D
| Initializing...

--------------------------------------------------------------------------------
                                   INPUT FILE                                   
--------------------------------------------------------------------------------
# input file for alanine 2D (d4-d13)
# optimize aims with rst data from amber
# optimization
userfn       userfn_2D.py

bounds       -50 310; -50 310
kernel       stdp
initpts 5 35
iterpts     50
verbosity    2
data_sources    2

RESULTS:
 -5.000000000000000E+01 -5.000000000000000E+01  0.0       2.585050000000000E+01
  1.300000000000000E+02  1.300000000000000E+02  0.0       2.753240000000000E+01
  2.200000000000000E+02  4.000000000000000E+01  0.0       2.664890000000000E+01
  4.000000000000000E+01  2.200000000000000E+02  0.0       2.348490000000000E+01
  8.500000000000000E+01  8.500000000000000E+01  0.0       3.377250000000000E+01
 -5.000000000000000E+01 -5.000000000000000E+01  1.0      -8.802709572377000E+03
  1.300000000000000E+02  1.300000000000000E+02  1.0      -8.802650771197999E+03
  2.200000000000000E+02  4.000000000000000E+01  1.0      -8.802878353898999E+03
  4.000000000000000E+01  2.200000000000000E+02  1.0      -8.802815554653000E+03
  8.500000000000000E+01  8.500000000000000E+01  1.0      -8.802274129588999E+03       9.206721643527993E-02       3.408401203296575E-01  3.432780236207922E-01
  1.948024995587753E+02 -2.436027930648538E+01  1.0      -8.802831081410999E+03       7.498018482814803E-02       3.421452818609912E-01  3.689241964694294E-01
  2.732083554891648E+02  9.087572030749888E+01  1.0      -8.802253872068000E+03       9.553827740282957E-02       3.187266266091244E-01  3.450671015805570E-01
  1.662085339227756E+02  3.154014708426204E+01  1.0      -8.802882474372000E+03       8.591271335684723E-02       4.236519993460945E-01  3.142303338645951E-01
  1.367321370886594E+02  2.537904674172013E+02  1.0      -8.802356344252999E+03       8.574236190686835E-02       3.567987215202909E-01  3.263378477118734E-01
 -3.391559801368791E+01  2.210567951638701E+02  1.0      -8.802770421351999E+03       7.430666348298531E-02       5.185995493376543E-01  2.577772383442761E-01
 -5.000000000000000E+01  8.953658406391025E+00  1.0      -8.802749103898999E+03       6.529383585126121E-02       5.721117086142025E-01  2.458685663798919E-01
  2.324480863577308E+01  1.747217259819917E+02  1.0      -8.803102503235001E+03       7.772528605013980E-02       6.121650261425872E-01  2.803823041141678E-01
  2.345070716952162E+02  1.762256838081470E+02  1.0      -8.803027378301000E+03       7.212738869045827E-02       7.548022415583836E-01  2.611969773036739E-01
  1.224524209402929E+02  1.832645501416577E+02  1.0      -8.803074174682000E+03       6.672804521539130E-02       8.652746990734099E-01  2.599961463480142E-01
 -4.559497813591349E+01  1.526844457649409E+02  1.0      -8.802952858281000E+03       6.369304997734794E-02       9.345418509418690E-01  2.700544248733838E-01
 -3.945557456937497E+01  1.873700619142944E+02  1.0      -8.803090388064000E+03       6.370987446459925E-02       1.016203375946131E+00  2.840427803437017E-01
  7.032663238448123E+01 -2.294500647374223E+01  1.0      -8.802823675825000E+03       5.856065790790271E-02       1.081404344176595E+00  2.755638934593732E-01
  1.912338698760337E+02  2.022987088524990E+02  1.0      -8.802965026284999E+03       5.602966837608632E-02       1.173472697601926E+00  2.760240253498823E-01
  2.746249157105337E+01  3.806449554625708E+01  1.0      -8.802643711320001E+03       5.636366104533722E-02       1.159974620585979E+00  2.929453012659989E-01
  8.342629797263415E+01  1.631066378804960E+02  1.0      -8.803077462183999E+03       5.953012673103307E-02       1.160115449957893E+00  2.976042435943123E-01
 -3.459399268141090E+01  1.729211794993227E+02  1.0      -8.803090738953000E+03       6.221851042068216E-02       1.208337180902092E+00  3.166565097257279E-01
  7.065779996758899E+01  1.854966311078265E+02  1.0      -8.803146010499000E+03       7.030619431314135E-02       1.010956889141781E+00  3.434496670654448E-01
  2.692809501408723E+02  1.911286651411756E+02  1.0      -8.803037623126000E+03       6.908834231667491E-02       9.823057707899416E-01  3.395782915091355E-01
  2.108418881378447E+02  1.056451439783200E+01  1.0      -8.803235512992000E+03       9.295290916726244E-02       7.900920956997930E-01  3.423849439183941E-01
  2.394456326792990E+02 -7.360687798668395E-01  1.0      -8.803276554205000E+03       1.135768557714667E-01       7.291073435055243E-01  3.892244733579725E-01
  9.634985685121893E+01  1.092538660430331E+01  1.0      -8.802466998328000E+03       1.039683719850815E-01       5.816693621918851E-01  3.476513725342674E-01
  3.922741140084906E+01  2.937490329357853E+02  1.0      -8.802329128347999E+03       9.846515807576449E-02       6.526304558695231E-01  2.732957786332346E-01
  2.551239178176554E+02  2.685623982210298E+02  1.0      -8.802280097048000E+03       9.903214341759647E-02       7.061975399192770E-01  2.642812314691954E-01
 -1.265918291073407E+01 -2.304089464732601E+01  1.0      -8.802457593167999E+03       1.018011295310350E-01       5.540690320720419E-01  2.869552891345292E-01
  2.439399220487637E+01  1.319325503642922E+02  1.0      -8.802674817712999E+03       9.919128095461621E-02       5.639518491241751E-01  2.851999865729333E-01
  1.748046745497378E+02  1.610391034093552E+02  1.0      -8.803004059860001E+03       9.961482134090971E-02       5.790617816060367E-01  2.866814060257675E-01
  2.496792519693288E+02  1.598592584870663E+01  1.0      -8.803148030278000E+03       1.045357387335672E-01       5.632134839882476E-01  3.124238290236197E-01
  2.603472298701037E+02 -2.772496342404732E+01  1.0      -8.803071840641000E+03       1.090007392662343E-01       5.651585451429113E-01  3.312576512526431E-01
  1.127781670209653E+02 -4.361825374999018E+01  1.0      -8.802482151131000E+03       1.124606767630877E-01       5.439815033706803E-01  3.515544914475922E-01
  2.154638765154373E+02  1.340396672476980E+02  1.0      -8.802639686037001E+03       1.125906744810050E-01       5.447153358322716E-01  3.598460634706345E-01
  2.635280935534828E+02 -5.346182593149300E+00  1.0      -8.803246826642000E+03       1.260388076748334E-01       5.330208134806798E-01  3.921919612816875E-01
--------------------------------------------------------------------------------
                               SIMULATION OPTIONS                               
--------------------------------------------------------------------------------
|| File input/output 
ipfile         in_2D
userfn         userfn_2D.py
outfile        boss.out
rstfile        boss.rst

|| Key settings 
data_sources         2
bounds         -5.000E+01 3.100E+02;    -5.000E+01 3.100E+02
kerntype       stdp stdp
yrange         none
noise          1.000E-12
initpts    5 35    iterpts   50
gm_tol         none
verbosity      2

|| Data acquisition 
acqfn                elcb
acqtol               1.000E-03

|| GP hyperparameters 
thetainit       1.000E+00 3.142E-01
thetabounds     none
thetaprior      gamma
thetapriorpar   1.000E+00 1.000E+00;    3.368E+00 9.020E+00;    3.368E+00 9.020E+00

|| Hyperparameter optimization
updatefreq   1  initupdate      True
updateoffset 0  updaterestarts  2


--------------------------------------------------------------------------------
                              INITIAL DATAPOINT 1                               
--------------------------------------------------------------------------------
| Data point added to dataset (x i y): 
 -5.0000000000E+01 -5.0000000000E+01  0.0000000000E+00       2.5850500000E+01

| Total ensemble size: 1
| Next sampling location (x_next, i_next):
  1.3000000000E+02  1.3000000000E+02  0.0000000000E+00

Iteration time [s]:    0.001        Total time [s]:    0.130

--------------------------------------------------------------------------------
                              INITIAL DATAPOINT 2                               
--------------------------------------------------------------------------------
| Data point added to dataset (x i y): 
  1.3000000000E+02  1.3000000000E+02  0.0000000000E+00       2.7532400000E+01

| Total ensemble size: 2
| Next sampling location (x_next, i_next):
  2.2000000000E+02  4.0000000000E+01  0.0000000000E+00

Iteration time [s]:    0.000        Total time [s]:    0.131

--------------------------------------------------------------------------------
                              INITIAL DATAPOINT 3                               
--------------------------------------------------------------------------------
| Data point added to dataset (x i y): 
  2.2000000000E+02  4.0000000000E+01  0.0000000000E+00       2.6648900000E+01

| Total ensemble size: 3
| Next sampling location (x_next, i_next):
  4.0000000000E+01  2.2000000000E+02  0.0000000000E+00

Iteration time [s]:    0.001        Total time [s]:    0.132

--------------------------------------------------------------------------------
                              INITIAL DATAPOINT 4                               
--------------------------------------------------------------------------------
| Data point added to dataset (x i y): 
  4.0000000000E+01  2.2000000000E+02  0.0000000000E+00       2.3484900000E+01

| Total ensemble size: 4
| Next sampling location (x_next, i_next):
  8.5000000000E+01  8.5000000000E+01  0.0000000000E+00

Iteration time [s]:    0.001        Total time [s]:    0.133

--------------------------------------------------------------------------------
                              INITIAL DATAPOINT 5                               
--------------------------------------------------------------------------------
| Data point added to dataset (x i y): 
  8.5000000000E+01  8.5000000000E+01  0.0000000000E+00       3.3772500000E+01

| Total ensemble size: 5
| Next sampling location (x_next, i_next):
 -5.0000000000E+01 -5.0000000000E+01  1.0000000000E+00

Iteration time [s]:    0.001        Total time [s]:    0.134

--------------------------------------------------------------------------------
                              INITIAL DATAPOINT 6                               
--------------------------------------------------------------------------------
| Data point added to dataset (x i y): 
 -5.0000000000E+01 -5.0000000000E+01  1.0000000000E+00      -8.8027095724E+03

| Total ensemble size: 6
| Next sampling location (x_next, i_next):
  1.3000000000E+02  1.3000000000E+02  1.0000000000E+00

Iteration time [s]:    0.001        Total time [s]:    0.135

--------------------------------------------------------------------------------
                              INITIAL DATAPOINT 7                               
--------------------------------------------------------------------------------
| Data point added to dataset (x i y): 
  1.3000000000E+02  1.3000000000E+02  1.0000000000E+00      -8.8026507712E+03

| Total ensemble size: 7
| Next sampling location (x_next, i_next):
  2.2000000000E+02  4.0000000000E+01  1.0000000000E+00

Iteration time [s]:    0.001        Total time [s]:    0.136

--------------------------------------------------------------------------------
                              INITIAL DATAPOINT 8                               
--------------------------------------------------------------------------------
| Data point added to dataset (x i y): 
  2.2000000000E+02  4.0000000000E+01  1.0000000000E+00      -8.8028783539E+03

| Total ensemble size: 8
| Next sampling location (x_next, i_next):
  4.0000000000E+01  2.2000000000E+02  1.0000000000E+00

Iteration time [s]:    0.001        Total time [s]:    0.137

--------------------------------------------------------------------------------
                              INITIAL DATAPOINT 9                               
--------------------------------------------------------------------------------
| Data point added to dataset (x i y): 
  4.0000000000E+01  2.2000000000E+02  1.0000000000E+00      -8.8028155547E+03

| Total ensemble size: 9
| Next sampling location (x_next, i_next):
  8.5000000000E+01  8.5000000000E+01  1.0000000000E+00

Iteration time [s]:    0.000        Total time [s]:    0.138

--------------------------------------------------------------------------------
                              INITIAL DATAPOINT 10                              
--------------------------------------------------------------------------------
| Data point added to dataset (x i y): 
  8.5000000000E+01  8.5000000000E+01  1.0000000000E+00      -8.8022741296E+03

| Total ensemble size: 10
| Next sampling location (x_next, i_next):
  1.9480249956E+02 -2.4360279306E+01  1.0000000000E+00

Iteration time [s]:    0.001        Total time [s]:    0.139

--------------------------------------------------------------------------------
                              INITIAL DATAPOINT 11                              
--------------------------------------------------------------------------------
| Data point added to dataset (x i y): 
  1.9480249956E+02 -2.4360279306E+01  1.0000000000E+00      -8.8028310814E+03

| Total ensemble size: 11
| Next sampling location (x_next, i_next):
  2.7320835549E+02  9.0875720307E+01  1.0000000000E+00

Iteration time [s]:    0.001        Total time [s]:    0.140

--------------------------------------------------------------------------------
                              INITIAL DATAPOINT 12                              
--------------------------------------------------------------------------------
| Data point added to dataset (x i y): 
  2.7320835549E+02  9.0875720307E+01  1.0000000000E+00      -8.8022538721E+03

| Total ensemble size: 12
| Next sampling location (x_next, i_next):
  1.6620853392E+02  3.1540147084E+01  1.0000000000E+00

Iteration time [s]:    0.001        Total time [s]:    0.141

--------------------------------------------------------------------------------
                              INITIAL DATAPOINT 13                              
--------------------------------------------------------------------------------
| Data point added to dataset (x i y): 
  1.6620853392E+02  3.1540147084E+01  1.0000000000E+00      -8.8028824744E+03

| Total ensemble size: 13
| Next sampling location (x_next, i_next):
  1.3673213709E+02  2.5379046742E+02  1.0000000000E+00

Iteration time [s]:    0.001        Total time [s]:    0.142

--------------------------------------------------------------------------------
                              INITIAL DATAPOINT 14                              
--------------------------------------------------------------------------------
| Data point added to dataset (x i y): 
  1.3673213709E+02  2.5379046742E+02  1.0000000000E+00      -8.8023563443E+03

| Total ensemble size: 14
| Next sampling location (x_next, i_next):
 -3.3915598014E+01  2.2105679516E+02  1.0000000000E+00

Iteration time [s]:    0.001        Total time [s]:    0.143

--------------------------------------------------------------------------------
                              INITIAL DATAPOINT 15                              
--------------------------------------------------------------------------------
| Data point added to dataset (x i y): 
 -3.3915598014E+01  2.2105679516E+02  1.0000000000E+00      -8.8027704214E+03

| Total ensemble size: 15
| Next sampling location (x_next, i_next):
 -5.0000000000E+01  8.9536584064E+00  1.0000000000E+00

Iteration time [s]:    0.001        Total time [s]:    0.145

--------------------------------------------------------------------------------
                              INITIAL DATAPOINT 16                              
--------------------------------------------------------------------------------
| Data point added to dataset (x i y): 
 -5.0000000000E+01  8.9536584064E+00  1.0000000000E+00      -8.8027491039E+03

| Total ensemble size: 16
| Next sampling location (x_next, i_next):
  2.3244808636E+01  1.7472172598E+02  1.0000000000E+00

Iteration time [s]:    0.001        Total time [s]:    0.146

--------------------------------------------------------------------------------
                              INITIAL DATAPOINT 17                              
--------------------------------------------------------------------------------
| Data point added to dataset (x i y): 
  2.3244808636E+01  1.7472172598E+02  1.0000000000E+00      -8.8031025032E+03

| Total ensemble size: 17
| Next sampling location (x_next, i_next):
  2.3450707170E+02  1.7622568381E+02  1.0000000000E+00

Iteration time [s]:    0.001        Total time [s]:    0.147

--------------------------------------------------------------------------------
                              INITIAL DATAPOINT 18                              
--------------------------------------------------------------------------------
| Data point added to dataset (x i y): 
  2.3450707170E+02  1.7622568381E+02  1.0000000000E+00      -8.8030273783E+03

| Total ensemble size: 18
| Next sampling location (x_next, i_next):
  1.2245242094E+02  1.8326455014E+02  1.0000000000E+00

Iteration time [s]:    0.001        Total time [s]:    0.148

--------------------------------------------------------------------------------
                              INITIAL DATAPOINT 19                              
--------------------------------------------------------------------------------
| Data point added to dataset (x i y): 
  1.2245242094E+02  1.8326455014E+02  1.0000000000E+00      -8.8030741747E+03

| Total ensemble size: 19
| Next sampling location (x_next, i_next):
 -4.5594978136E+01  1.5268444576E+02  1.0000000000E+00

Iteration time [s]:    0.001        Total time [s]:    0.149

--------------------------------------------------------------------------------
                              INITIAL DATAPOINT 20                              
--------------------------------------------------------------------------------
| Data point added to dataset (x i y): 
 -4.5594978136E+01  1.5268444576E+02  1.0000000000E+00      -8.8029528583E+03

| Total ensemble size: 20
| Next sampling location (x_next, i_next):
 -3.9455574569E+01  1.8737006191E+02  1.0000000000E+00

Iteration time [s]:    0.001        Total time [s]:    0.150

--------------------------------------------------------------------------------
                              INITIAL DATAPOINT 21                              
--------------------------------------------------------------------------------
| Data point added to dataset (x i y): 
 -3.9455574569E+01  1.8737006191E+02  1.0000000000E+00      -8.8030903881E+03

| Total ensemble size: 21
| Next sampling location (x_next, i_next):
  7.0326632384E+01 -2.2945006474E+01  1.0000000000E+00

Iteration time [s]:    0.001        Total time [s]:    0.151

--------------------------------------------------------------------------------
                              INITIAL DATAPOINT 22                              
--------------------------------------------------------------------------------
| Data point added to dataset (x i y): 
  7.0326632384E+01 -2.2945006474E+01  1.0000000000E+00      -8.8028236758E+03

| Total ensemble size: 22
| Next sampling location (x_next, i_next):
  1.9123386988E+02  2.0229870885E+02  1.0000000000E+00

Iteration time [s]:    0.001        Total time [s]:    0.152

--------------------------------------------------------------------------------
                              INITIAL DATAPOINT 23                              
--------------------------------------------------------------------------------
| Data point added to dataset (x i y): 
  1.9123386988E+02  2.0229870885E+02  1.0000000000E+00      -8.8029650263E+03

| Total ensemble size: 23
| Next sampling location (x_next, i_next):
  2.7462491571E+01  3.8064495546E+01  1.0000000000E+00

Iteration time [s]:    0.001        Total time [s]:    0.154

--------------------------------------------------------------------------------
                              INITIAL DATAPOINT 24                              
--------------------------------------------------------------------------------
| Data point added to dataset (x i y): 
  2.7462491571E+01  3.8064495546E+01  1.0000000000E+00      -8.8026437113E+03

| Total ensemble size: 24
| Next sampling location (x_next, i_next):
  8.3426297973E+01  1.6310663788E+02  1.0000000000E+00

Iteration time [s]:    0.001        Total time [s]:    0.155

--------------------------------------------------------------------------------
                              INITIAL DATAPOINT 25                              
--------------------------------------------------------------------------------
| Data point added to dataset (x i y): 
  8.3426297973E+01  1.6310663788E+02  1.0000000000E+00      -8.8030774622E+03

| Total ensemble size: 25
| Next sampling location (x_next, i_next):
 -3.4593992681E+01  1.7292117950E+02  1.0000000000E+00

Iteration time [s]:    0.001        Total time [s]:    0.156

--------------------------------------------------------------------------------
                              INITIAL DATAPOINT 26                              
--------------------------------------------------------------------------------
| Data point added to dataset (x i y): 
 -3.4593992681E+01  1.7292117950E+02  1.0000000000E+00      -8.8030907390E+03

| Total ensemble size: 26
| Next sampling location (x_next, i_next):
  7.0657799968E+01  1.8549663111E+02  1.0000000000E+00

Iteration time [s]:    0.001        Total time [s]:    0.157

--------------------------------------------------------------------------------
                              INITIAL DATAPOINT 27                              
--------------------------------------------------------------------------------
| Data point added to dataset (x i y): 
  7.0657799968E+01  1.8549663111E+02  1.0000000000E+00      -8.8031460105E+03

| Total ensemble size: 27
| Next sampling location (x_next, i_next):
  2.6928095014E+02  1.9112866514E+02  1.0000000000E+00

Iteration time [s]:    0.001        Total time [s]:    0.158

--------------------------------------------------------------------------------
                              INITIAL DATAPOINT 28                              
--------------------------------------------------------------------------------
| Data point added to dataset (x i y): 
  2.6928095014E+02  1.9112866514E+02  1.0000000000E+00      -8.8030376231E+03

| Total ensemble size: 28
| Next sampling location (x_next, i_next):
  2.1084188814E+02  1.0564514398E+01  1.0000000000E+00

Iteration time [s]:    0.001        Total time [s]:    0.159

--------------------------------------------------------------------------------
                              INITIAL DATAPOINT 29                              
--------------------------------------------------------------------------------
| Data point added to dataset (x i y): 
  2.1084188814E+02  1.0564514398E+01  1.0000000000E+00      -8.8032355130E+03

| Total ensemble size: 29
| Next sampling location (x_next, i_next):
  2.3944563268E+02 -7.3606877987E-01  1.0000000000E+00

Iteration time [s]:    0.001        Total time [s]:    0.161

--------------------------------------------------------------------------------
                              INITIAL DATAPOINT 30                              
--------------------------------------------------------------------------------
| Data point added to dataset (x i y): 
  2.3944563268E+02 -7.3606877987E-01  1.0000000000E+00      -8.8032765542E+03

| Total ensemble size: 30
| Next sampling location (x_next, i_next):
  9.6349856851E+01  1.0925386604E+01  1.0000000000E+00

Iteration time [s]:    0.001        Total time [s]:    0.162

--------------------------------------------------------------------------------
                              INITIAL DATAPOINT 31                              
--------------------------------------------------------------------------------
| Data point added to dataset (x i y): 
  9.6349856851E+01  1.0925386604E+01  1.0000000000E+00      -8.8024669983E+03

| Total ensemble size: 31
| Next sampling location (x_next, i_next):
  3.9227411401E+01  2.9374903294E+02  1.0000000000E+00

Iteration time [s]:    0.001        Total time [s]:    0.163

--------------------------------------------------------------------------------
                              INITIAL DATAPOINT 32                              
--------------------------------------------------------------------------------
| Data point added to dataset (x i y): 
  3.9227411401E+01  2.9374903294E+02  1.0000000000E+00      -8.8023291283E+03

| Total ensemble size: 32
| Next sampling location (x_next, i_next):
  2.5512391782E+02  2.6856239822E+02  1.0000000000E+00

Iteration time [s]:    0.001        Total time [s]:    0.164

--------------------------------------------------------------------------------
                              INITIAL DATAPOINT 33                              
--------------------------------------------------------------------------------
| Data point added to dataset (x i y): 
  2.5512391782E+02  2.6856239822E+02  1.0000000000E+00      -8.8022800970E+03

| Total ensemble size: 33
| Next sampling location (x_next, i_next):
 -1.2659182911E+01 -2.3040894647E+01  1.0000000000E+00

Iteration time [s]:    0.001        Total time [s]:    0.165

--------------------------------------------------------------------------------
                              INITIAL DATAPOINT 34                              
--------------------------------------------------------------------------------
| Data point added to dataset (x i y): 
 -1.2659182911E+01 -2.3040894647E+01  1.0000000000E+00      -8.8024575932E+03

| Total ensemble size: 34
| Next sampling location (x_next, i_next):
  2.4393992205E+01  1.3193255036E+02  1.0000000000E+00

Iteration time [s]:    0.000        Total time [s]:    0.166

--------------------------------------------------------------------------------
                              INITIAL DATAPOINT 35                              
--------------------------------------------------------------------------------
| Data point added to dataset (x i y): 
  2.4393992205E+01  1.3193255036E+02  1.0000000000E+00      -8.8026748177E+03

| Total ensemble size: 35
| Next sampling location (x_next, i_next):
  1.7480467455E+02  1.6103910341E+02  1.0000000000E+00

Iteration time [s]:    0.001        Total time [s]:    0.167

--------------------------------------------------------------------------------
                              INITIAL DATAPOINT 36                              
--------------------------------------------------------------------------------
| Data point added to dataset (x i y): 
  1.7480467455E+02  1.6103910341E+02  1.0000000000E+00      -8.8030040599E+03

| Total ensemble size: 36
| Next sampling location (x_next, i_next):
  2.4967925197E+02  1.5985925849E+01  1.0000000000E+00

Iteration time [s]:    0.001        Total time [s]:    0.168

--------------------------------------------------------------------------------
                              INITIAL DATAPOINT 37                              
--------------------------------------------------------------------------------
| Data point added to dataset (x i y): 
  2.4967925197E+02  1.5985925849E+01  1.0000000000E+00      -8.8031480303E+03

| Total ensemble size: 37
| Next sampling location (x_next, i_next):
  2.6034722987E+02 -2.7724963424E+01  1.0000000000E+00

Iteration time [s]:    0.001        Total time [s]:    0.169

--------------------------------------------------------------------------------
                              INITIAL DATAPOINT 38                              
--------------------------------------------------------------------------------
| Data point added to dataset (x i y): 
  2.6034722987E+02 -2.7724963424E+01  1.0000000000E+00      -8.8030718406E+03

| Total ensemble size: 38
| Next sampling location (x_next, i_next):
  1.1277816702E+02 -4.3618253750E+01  1.0000000000E+00

Iteration time [s]:    0.000        Total time [s]:    0.170

--------------------------------------------------------------------------------
                              INITIAL DATAPOINT 39                              
--------------------------------------------------------------------------------
| Data point added to dataset (x i y): 
  1.1277816702E+02 -4.3618253750E+01  1.0000000000E+00      -8.8024821511E+03

| Total ensemble size: 39
| Next sampling location (x_next, i_next):
  2.1546387652E+02  1.3403966725E+02  1.0000000000E+00

Iteration time [s]:    0.001        Total time [s]:    0.171

--------------------------------------------------------------------------------
                              INITIAL DATAPOINT 40                              
--------------------------------------------------------------------------------
| Data point added to dataset (x i y): 
  2.1546387652E+02  1.3403966725E+02  1.0000000000E+00      -8.8026396860E+03

| Total ensemble size: 40
| Best acquisition, x_best i_best y_best:
  2.3944563268E+02 -7.3606877987E-01  1.0000000000E+00      -8.8032765542E+03
| Global minimum prediction, x_hat mu_hat +- nu_hat:
  2.3213079193E+02  1.5934009028E+00  1.0000000000E+00      -8.8032818135E+03  4.3962036614E-05

| GP model hyperparameters (lengthscales W kappa):
  5.3787983531E-01  3.5189682641E-01 -3.7244846644E+00 -3.1859531695E-01  4.9642703108E+00  3.3043516920E-62
| Next sampling location (x_next, i_next):
  2.6352809355E+02 -5.3461825931E+00  1.0000000000E+00

Iteration time [s]:    2.216        Total time [s]:    2.387

--------------------------------------------------------------------------------
                                 BO ITERATION 1                                 
--------------------------------------------------------------------------------
| Data point added to dataset (x i y): 
  2.6352809355E+02 -5.3461825931E+00  1.0000000000E+00      -8.8032468266E+03

| Total ensemble size: 41
| Best acquisition, x_best i_best y_best:
  4.0000000000E+01  2.2000000000E+02  0.0000000000E+00       2.3484900000E+01
| Global minimum prediction, x_hat mu_hat +- nu_hat:
  5.4840362520E+01  1.8682371821E+02  0.0000000000E+00       2.0565428725E+01  2.2954096646E+00
| Global minimum convergence, d_xhat d_muhat:
  1.5387855492E+04  1.9990459157E+00

| GP model hyperparameters (lengthscales W kappa):
  5.2687700921E-01  3.8444767338E-01 -3.8926972613E+00 -3.3875963683E-01  5.3063250612E+00  3.3043516920E-62
| Next sampling location (x_next, i_next):
  5.9758451856E+01  1.7584513466E+02  0.0000000000E+00

Iteration time [s]:    1.209        Total time [s]:    3.597

--------------------------------------------------------------------------------
                                 BO ITERATION 2                                 
--------------------------------------------------------------------------------
| Evaluating objective function at 5.976E+01 1.758E+02 0.000E+00
| Objective function evaluated, time [s]       21.455
| Data point added to dataset (x i y): 
  5.9758451856E+01  1.7584513466E+02  0.0000000000E+00       1.7554200000E+01

| Total ensemble size: 42
| Best acquisition, x_best i_best y_best:
  5.9758451856E+01  1.7584513466E+02  0.0000000000E+00       1.7554200000E+01
| Global minimum prediction, x_hat mu_hat +- nu_hat:
  5.8405610106E+01  1.8015416444E+02  0.0000000000E+00       1.7467724905E+01  1.8952558802E-02
| Global minimum convergence, d_xhat d_muhat:
  1.6529785465E+02  9.3550589401E-01

| GP model hyperparameters (lengthscales W kappa):
  5.2692337017E-01  3.9559608264E-01 -5.5639416955E+00 -3.4518644310E-01  2.6064511571E+00  3.3043516920E-62
| Next sampling location (x_next, i_next):
  2.9135804280E+02  1.7442405602E+02  0.0000000000E+00

Iteration time [s]:   22.713        Total time [s]:   26.311

--------------------------------------------------------------------------------
                                 BO ITERATION 3                                 
--------------------------------------------------------------------------------
| Evaluating objective function at 2.914E+02 1.744E+02 0.000E+00
| Objective function evaluated, time [s]        0.557
| Data point added to dataset (x i y): 
  2.9135804280E+02  1.7442405602E+02  0.0000000000E+00       2.1954300000E+01

| Total ensemble size: 43
| Best acquisition, x_best i_best y_best:
  5.9758451856E+01  1.7584513466E+02  0.0000000000E+00       1.7554200000E+01
| Global minimum prediction, x_hat mu_hat +- nu_hat:
  6.0431687294E+01  1.8017213722E+02  0.0000000000E+00       1.7463085479E+01  2.1842430830E-02
| Global minimum convergence, d_xhat d_muhat:
  1.6918554686E+02  1.0755833176E+00

| GP model hyperparameters (lengthscales W kappa):
  5.1743488461E-01  3.8311181675E-01 -5.3263413244E+00 -3.3411932408E-01  2.1822194915E+00  3.3043516920E-62
| Next sampling location (x_next, i_next):
  2.5549673425E+02 -7.2168467640E+00  0.0000000000E+00

Iteration time [s]:    2.275        Total time [s]:   28.587

--------------------------------------------------------------------------------
                                 BO ITERATION 4                                 
--------------------------------------------------------------------------------
| Evaluating objective function at 2.555E+02 -7.217E+00 0.000E+00
| Objective function evaluated, time [s]        1.308
| Data point added to dataset (x i y): 
  2.5549673425E+02 -7.2168467640E+00  0.0000000000E+00       1.9775800000E+01

| Total ensemble size: 44
| Best acquisition, x_best i_best y_best:
  5.9758451856E+01  1.7584513466E+02  0.0000000000E+00       1.7554200000E+01
| Global minimum prediction, x_hat mu_hat +- nu_hat:
  6.0750691499E+01  1.7987347650E+02  0.0000000000E+00       1.7475345364E+01  1.8925161175E-02
| Global minimum convergence, d_xhat d_muhat:
  1.6898494400E+02  1.0761610608E+00

| GP model hyperparameters (lengthscales W kappa):
  5.2128532181E-01  3.8977623071E-01 -5.2097935625E+00 -3.3989607980E-01  2.2310698154E+00  3.3043516920E-62
| Next sampling location (x_next, i_next):
  9.4119102858E+01  1.8717172916E+02  0.0000000000E+00

Iteration time [s]:    2.699        Total time [s]:   31.289

--------------------------------------------------------------------------------
                                 BO ITERATION 5                                 
--------------------------------------------------------------------------------
| Evaluating objective function at 9.412E+01 1.872E+02 0.000E+00
| Objective function evaluated, time [s]        0.671
| Data point added to dataset (x i y): 
  9.4119102858E+01  1.8717172916E+02  0.0000000000E+00       1.9334300000E+01

| Total ensemble size: 45
| Best acquisition, x_best i_best y_best:
  5.9758451856E+01  1.7584513466E+02  0.0000000000E+00       1.7554200000E+01
| Global minimum prediction, x_hat mu_hat +- nu_hat:
  5.5993715622E+01  1.7921554468E+02  0.0000000000E+00       1.7488643381E+01  1.4967566332E-02
| Global minimum convergence, d_xhat d_muhat:
  1.6717937856E+02  1.0771608750E+00

| GP model hyperparameters (lengthscales W kappa):
  5.2862580570E-01  4.0279760200E-01 -5.5561013099E+00 -3.3768757810E-01  4.0800363899E-01  8.8072307535E-03
| Next sampling location (x_next, i_next):
  2.3058755071E+00  1.8496166250E+02  0.0000000000E+00

Iteration time [s]:    2.340        Total time [s]:   33.630

--------------------------------------------------------------------------------
                                 BO ITERATION 6                                 
--------------------------------------------------------------------------------
| Evaluating objective function at 2.306E+00 1.850E+02 0.000E+00
| Objective function evaluated, time [s]        0.511
| Data point added to dataset (x i y): 
  2.3058755071E+00  1.8496166250E+02  0.0000000000E+00       2.0488700000E+01

| Total ensemble size: 46
| Best acquisition, x_best i_best y_best:
  5.9758451856E+01  1.7584513466E+02  0.0000000000E+00       1.7554200000E+01
| Global minimum prediction, x_hat mu_hat +- nu_hat:
  5.7366740397E+01  1.7871960395E+02  0.0000000000E+00       1.7510469558E+01  7.5577321171E-03
| Global minimum convergence, d_xhat d_muhat:
  1.6700759837E+02  1.0787506700E+00

| GP model hyperparameters (lengthscales W kappa):
  5.3829950118E-01  4.1880467556E-01  5.5157299448E+00  3.6371197949E-01  2.9518354897E+00  3.2640913241E-10
| Next sampling location (x_next, i_next):
  1.6327908232E+02  1.8733612654E+02  0.0000000000E+00

Iteration time [s]:    2.047        Total time [s]:   35.678

--------------------------------------------------------------------------------
                                 BO ITERATION 7                                 
--------------------------------------------------------------------------------
| Evaluating objective function at 1.633E+02 1.873E+02 0.000E+00
| Objective function evaluated, time [s]        0.452
| Data point added to dataset (x i y): 
  1.6327908232E+02  1.8733612654E+02  0.0000000000E+00       2.0947300000E+01

| Total ensemble size: 47
| Best acquisition, x_best i_best y_best:
  5.9758451856E+01  1.7584513466E+02  0.0000000000E+00       1.7554200000E+01
| Global minimum prediction, x_hat mu_hat +- nu_hat:
  5.7443931928E+01  1.7862170263E+02  0.0000000000E+00       1.7513742392E+01  6.5468771198E-03
| Global minimum convergence, d_xhat d_muhat:
  1.6690754142E+02  1.0794093499E+00

| GP model hyperparameters (lengthscales W kappa):
  5.4957626556E-01  4.2866200036E-01  5.8760050924E+00  3.5966915595E-01  5.1780885493E-01  1.0575246817E-02
| Next sampling location (x_next, i_next):
  2.2819345970E+02  1.9811994844E+02  0.0000000000E+00

Iteration time [s]:    1.859        Total time [s]:   37.538

--------------------------------------------------------------------------------
                                 BO ITERATION 8                                 
--------------------------------------------------------------------------------
| Evaluating objective function at 2.282E+02 1.981E+02 0.000E+00
| Objective function evaluated, time [s]        0.537
| Data point added to dataset (x i y): 
  2.2819345970E+02  1.9811994844E+02  0.0000000000E+00       2.7837200000E+01

| Total ensemble size: 48
| Best acquisition, x_best i_best y_best:
  5.9758451856E+01  1.7584513466E+02  0.0000000000E+00       1.7554200000E+01
| Global minimum prediction, x_hat mu_hat +- nu_hat:
  5.7304502543E+01  1.7875767561E+02  0.0000000000E+00       1.7510291689E+01  8.6412907923E-03
| Global minimum convergence, d_xhat d_muhat:
  1.6700192144E+02  1.0792589120E+00

| GP model hyperparameters (lengthscales W kappa):
  5.4802307160E-01  4.3396315591E-01  6.2604794210E+00  3.6617639082E-01  5.3840455827E-01  1.3541765019E-02
| Next sampling location (x_next, i_next):
  3.8996172754E+01  1.6463039899E+02  0.0000000000E+00

Iteration time [s]:    2.036        Total time [s]:   39.577

--------------------------------------------------------------------------------
                                 BO ITERATION 9                                 
--------------------------------------------------------------------------------
| Evaluating objective function at 3.900E+01 1.646E+02 0.000E+00
| Objective function evaluated, time [s]        0.503
| Data point added to dataset (x i y): 
  3.8996172754E+01  1.6463039899E+02  0.0000000000E+00       1.9109900000E+01

| Total ensemble size: 49
| Best acquisition, x_best i_best y_best:
  5.9758451856E+01  1.7584513466E+02  0.0000000000E+00       1.7554200000E+01
| Global minimum prediction, x_hat mu_hat +- nu_hat:
  5.7985015562E+01  1.7936234659E+02  0.0000000000E+00       1.7497722224E+01  7.6471234663E-03
| Global minimum convergence, d_xhat d_muhat:
  1.6775250002E+02  1.0783547556E+00

| GP model hyperparameters (lengthscales W kappa):
  5.6071624594E-01  4.5290476546E-01  6.3224003934E+00  4.0221478788E-01  4.3961471441E+00  2.8941255281E-04
| Next sampling location (x_next, i_next):
  7.1333780815E+01  1.7034835945E+02  0.0000000000E+00

Iteration time [s]:    2.035        Total time [s]:   41.616

--------------------------------------------------------------------------------
                                BO ITERATION 10                                 
--------------------------------------------------------------------------------
| Evaluating objective function at 7.133E+01 1.703E+02 0.000E+00
| Objective function evaluated, time [s]        0.497
| Data point added to dataset (x i y): 
  7.1333780815E+01  1.7034835945E+02  0.0000000000E+00       1.8089400000E+01

| Total ensemble size: 50
| Best acquisition, x_best i_best y_best:
  5.9758451856E+01  1.7584513466E+02  0.0000000000E+00       1.7554200000E+01
| Global minimum prediction, x_hat mu_hat +- nu_hat:
  5.7475312829E+01  1.7967868578E+02  0.0000000000E+00       1.7485608207E+01  1.7918623795E-03
| Global minimum convergence, d_xhat d_muhat:
  1.6794952508E+02  1.0776691197E+00

| GP model hyperparameters (lengthscales W kappa):
  5.7898395145E-01  4.7849280441E-01  7.1574153148E+00  4.1514947878E-01  5.3466976911E-01  1.5268523932E-02
| Next sampling location (x_next, i_next):
  1.8402138949E+02  2.3547840857E+00  0.0000000000E+00

Iteration time [s]:    1.868        Total time [s]:   43.485

--------------------------------------------------------------------------------
                                BO ITERATION 11                                 
--------------------------------------------------------------------------------
| Evaluating objective function at 1.840E+02 2.355E+00 0.000E+00
| Objective function evaluated, time [s]        0.658
| Data point added to dataset (x i y): 
  1.8402138949E+02  2.3547840857E+00  0.0000000000E+00       1.8913900000E+01

| Total ensemble size: 51
| Best acquisition, x_best i_best y_best:
  5.9758451856E+01  1.7584513466E+02  0.0000000000E+00       1.7554200000E+01
| Global minimum prediction, x_hat mu_hat +- nu_hat:
  5.7408442096E+01  1.7961416660E+02  0.0000000000E+00       1.7486997106E+01  2.0769047506E-03
| Global minimum convergence, d_xhat d_muhat:
  1.6788462886E+02  1.0781157855E+00

| GP model hyperparameters (lengthscales W kappa):
  5.7204694590E-01  4.6820299785E-01  7.2620200463E+00  3.9690356631E-01  5.4246936616E-01  1.8502739577E-02
| Next sampling location (x_next, i_next):
  5.2187990614E+01 -9.2785950615E+00  0.0000000000E+00

Iteration time [s]:    2.209        Total time [s]:   45.695

--------------------------------------------------------------------------------
                                BO ITERATION 12                                 
--------------------------------------------------------------------------------
| Evaluating objective function at 5.219E+01 -9.279E+00 0.000E+00
| Objective function evaluated, time [s]        0.575
| Data point added to dataset (x i y): 
  5.2187990614E+01 -9.2785950615E+00  0.0000000000E+00       2.5332500000E+01

| Total ensemble size: 52
| Best acquisition, x_best i_best y_best:
  5.9758451856E+01  1.7584513466E+02  0.0000000000E+00       1.7554200000E+01
| Global minimum prediction, x_hat mu_hat +- nu_hat:
  5.7439769432E+01  1.7957612476E+02  0.0000000000E+00       1.7488012170E+01  2.1466366700E-03
| Global minimum convergence, d_xhat d_muhat:
  1.6785381851E+02  1.0781607977E+00

| GP model hyperparameters (lengthscales W kappa):
  5.6777299494E-01  4.5040492735E-01 -6.5204677547E+00 -4.0412141797E-01  5.6521249685E+00  3.2785593798E-04
| Next sampling location (x_next, i_next):
 -5.5817663789E+00  7.3227927790E+01  0.0000000000E+00

Iteration time [s]:    2.195        Total time [s]:   47.891

--------------------------------------------------------------------------------
                                BO ITERATION 13                                 
--------------------------------------------------------------------------------
| Evaluating objective function at -5.582E+00 7.323E+01 0.000E+00
| Objective function evaluated, time [s]        0.556
| Data point added to dataset (x i y): 
 -5.5817663789E+00  7.3227927790E+01  0.0000000000E+00       3.6756400000E+01

| Total ensemble size: 53
| Best acquisition, x_best i_best y_best:
  5.9758451856E+01  1.7584513466E+02  0.0000000000E+00       1.7554200000E+01
| Global minimum prediction, x_hat mu_hat +- nu_hat:
  5.7612546161E+01  1.7966712622E+02  0.0000000000E+00       1.7489029893E+01  2.0885814114E-03
| Global minimum convergence, d_xhat d_muhat:
  1.6798176637E+02  9.1067082190E-01

| GP model hyperparameters (lengthscales W kappa):
  5.6217175929E-01  4.7248731261E-01 -6.9165856728E+00 -4.1974552599E-01  4.9328546460E+00  3.0704692552E-04
| Next sampling location (x_next, i_next):
  2.8381641510E+02 -1.3448272108E+01  0.0000000000E+00

Iteration time [s]:    2.235        Total time [s]:   50.129

--------------------------------------------------------------------------------
                                BO ITERATION 14                                 
--------------------------------------------------------------------------------
| Evaluating objective function at 2.838E+02 -1.345E+01 0.000E+00
| Objective function evaluated, time [s]        0.531
| Data point added to dataset (x i y): 
  2.8381641510E+02 -1.3448272108E+01  0.0000000000E+00       1.8646900000E+01

| Total ensemble size: 54
| Best acquisition, x_best i_best y_best:
  5.9758451856E+01  1.7584513466E+02  0.0000000000E+00       1.7554200000E+01
| Global minimum prediction, x_hat mu_hat +- nu_hat:
  5.7877410903E+01  1.7971405797E+02  0.0000000000E+00       1.7488955219E+01  3.3592147652E-03
| Global minimum convergence, d_xhat d_muhat:
  1.6808940247E+02  9.1066995647E-01

| GP model hyperparameters (lengthscales W kappa):
  5.0430722482E-01  4.7807674263E-01 -6.9058486421E+00 -3.9831776114E-01  7.3952288490E+00  3.8691828578E-04
| Next sampling location (x_next, i_next):
  1.5536780882E+02  1.0065699033E+00  0.0000000000E+00

Iteration time [s]:    2.387        Total time [s]:   52.520

--------------------------------------------------------------------------------
                                BO ITERATION 15                                 
--------------------------------------------------------------------------------
| Evaluating objective function at 1.554E+02 1.007E+00 0.000E+00
| Objective function evaluated, time [s]        1.227
| Data point added to dataset (x i y): 
  1.5536780882E+02  1.0065699033E+00  0.0000000000E+00       2.5048800000E+01

| Total ensemble size: 55
| Best acquisition, x_best i_best y_best:
  5.9758451856E+01  1.7584513466E+02  0.0000000000E+00       1.7554200000E+01
| Global minimum prediction, x_hat mu_hat +- nu_hat:
  5.7642375902E+01  1.7983347973E+02  0.0000000000E+00       1.7483679283E+01  4.6302620618E-03
| Global minimum convergence, d_xhat d_muhat:
  1.6814846233E+02  9.1032902835E-01

| GP model hyperparameters (lengthscales W kappa):
  4.8770002785E-01  4.6748072425E-01  7.4597956599E+00  3.5753584915E-01  1.8105648824E+00  1.6661702157E-02
| Next sampling location (x_next, i_next):
  4.0937438758E+01  1.8651682394E+02  0.0000000000E+00

Iteration time [s]:    3.406        Total time [s]:   55.929

--------------------------------------------------------------------------------
                                BO ITERATION 16                                 
--------------------------------------------------------------------------------
| Evaluating objective function at 4.094E+01 1.865E+02 0.000E+00
| Objective function evaluated, time [s]        0.526
| Data point added to dataset (x i y): 
  4.0937438758E+01  1.8651682394E+02  0.0000000000E+00       1.8235200000E+01

| Total ensemble size: 56
| Best acquisition, x_best i_best y_best:
  5.9758451856E+01  1.7584513466E+02  0.0000000000E+00       1.7554200000E+01
| Global minimum prediction, x_hat mu_hat +- nu_hat:
  5.8951898556E+01  1.7929902486E+02  0.0000000000E+00       1.7504006195E+01  1.8797527136E-03
| Global minimum convergence, d_xhat d_muhat:
  1.6795683468E+02  9.1132140761E-01

| GP model hyperparameters (lengthscales W kappa):
  4.9670167557E-01  4.7999295165E-01  7.6389225266E+00  3.6795384900E-01  1.8262356918E+00  1.7881798988E-02
| Next sampling location (x_next, i_next):
  2.1060479994E+02  1.1056522930E-01  0.0000000000E+00

Iteration time [s]:    2.419        Total time [s]:   58.349

--------------------------------------------------------------------------------
                                BO ITERATION 17                                 
--------------------------------------------------------------------------------
| Evaluating objective function at 2.106E+02 1.106E-01 0.000E+00
| Objective function evaluated, time [s]        0.563
| Data point added to dataset (x i y): 
  2.1060479994E+02  1.1056522930E-01  0.0000000000E+00       1.9013800000E+01

| Total ensemble size: 57
| Best acquisition, x_best i_best y_best:
  5.9758451856E+01  1.7584513466E+02  0.0000000000E+00       1.7554200000E+01
| Global minimum prediction, x_hat mu_hat +- nu_hat:
  5.8981936772E+01  1.7935755578E+02  0.0000000000E+00       1.7502937847E+01  1.8632017569E-03
| Global minimum convergence, d_xhat d_muhat:
  1.6799815615E+02  9.1140901013E-01

| GP model hyperparameters (lengthscales W kappa):
  5.0387816092E-01  4.9114959211E-01  7.8508436164E+00  3.7621465299E-01  1.8417709208E+00  1.8986585924E-02
| Next sampling location (x_next, i_next):
  1.8141603317E+02  2.7585275453E+01  0.0000000000E+00

Iteration time [s]:    2.493        Total time [s]:   60.842

--------------------------------------------------------------------------------
                                BO ITERATION 18                                 
--------------------------------------------------------------------------------
| Evaluating objective function at 1.814E+02 2.759E+01 0.000E+00
| Objective function evaluated, time [s]        1.027
| Data point added to dataset (x i y): 
  1.8141603317E+02  2.7585275453E+01  0.0000000000E+00       2.0384500000E+01

| Total ensemble size: 58
| Best acquisition, x_best i_best y_best:
  5.9758451856E+01  1.7584513466E+02  0.0000000000E+00       1.7554200000E+01
| Global minimum prediction, x_hat mu_hat +- nu_hat:
  5.8967269534E+01  1.7938212566E+02  0.0000000000E+00       1.7502503704E+01  1.8289405881E-03
| Global minimum convergence, d_xhat d_muhat:
  1.6801938900E+02  9.1138726305E-01

| GP model hyperparameters (lengthscales W kappa):
  5.0349104557E-01  4.9284179070E-01  7.7481133816E+00  3.7896702002E-01  1.8375338210E+00  1.9058838708E-02
| Next sampling location (x_next, i_next):
  1.3130753508E+02  1.7222117214E+02  0.0000000000E+00

Iteration time [s]:    2.819        Total time [s]:   63.664

--------------------------------------------------------------------------------
                                BO ITERATION 19                                 
--------------------------------------------------------------------------------
| Evaluating objective function at 1.313E+02 1.722E+02 0.000E+00
| Objective function evaluated, time [s]        0.497
| Data point added to dataset (x i y): 
  1.3130753508E+02  1.7222117214E+02  0.0000000000E+00       2.0853400000E+01

| Total ensemble size: 59
| Best acquisition, x_best i_best y_best:
  5.9758451856E+01  1.7584513466E+02  0.0000000000E+00       1.7554200000E+01
| Global minimum prediction, x_hat mu_hat +- nu_hat:
  5.9199031628E+01  1.7952620529E+02  0.0000000000E+00       1.7499832455E+01  1.9392097089E-03
| Global minimum convergence, d_xhat d_muhat:
  1.6821598602E+02  9.1124993567E-01

| GP model hyperparameters (lengthscales W kappa):
  5.0865079707E-01  5.0241460095E-01  7.8498231110E+00  3.8676865047E-01  1.8443488412E+00  1.9504318893E-02
| Next sampling location (x_next, i_next):
  6.4912290733E+01  1.9111450602E+02  0.0000000000E+00

Iteration time [s]:    2.354        Total time [s]:   66.019

--------------------------------------------------------------------------------
                                BO ITERATION 20                                 
--------------------------------------------------------------------------------
| Evaluating objective function at 6.491E+01 1.911E+02 0.000E+00
| Objective function evaluated, time [s]        0.505
| Data point added to dataset (x i y): 
  6.4912290733E+01  1.9111450602E+02  0.0000000000E+00       1.7993800000E+01

| Total ensemble size: 60
| Best acquisition, x_best i_best y_best:
  5.9758451856E+01  1.7584513466E+02  0.0000000000E+00       1.7554200000E+01
| Global minimum prediction, x_hat mu_hat +- nu_hat:
  5.9470904335E+01  1.7989668188E+02  0.0000000000E+00       1.7490978867E+01  4.8076104674E-04
| Global minimum convergence, d_xhat d_muhat:
  1.6864326762E+02  9.1078312157E-01

| GP model hyperparameters (lengthscales W kappa):
  5.1815222496E-01  5.1908814435E-01  8.1004017026E+00  4.0050479589E-01  1.8631650381E+00  2.1051861152E-02
| Next sampling location (x_next, i_next):
  2.8449697485E+02  2.3241131843E+00  0.0000000000E+00

Iteration time [s]:    2.338        Total time [s]:   68.357

--------------------------------------------------------------------------------
                                BO ITERATION 21                                 
--------------------------------------------------------------------------------
| Evaluating objective function at 2.845E+02 2.324E+00 0.000E+00
| Objective function evaluated, time [s]        1.432
| Data point added to dataset (x i y): 
  2.8449697485E+02  2.3241131843E+00  0.0000000000E+00       1.9064500000E+01

| Total ensemble size: 61
| Best acquisition, x_best i_best y_best:
  5.9758451856E+01  1.7584513466E+02  0.0000000000E+00       1.7554200000E+01
| Global minimum prediction, x_hat mu_hat +- nu_hat:
  5.9386150203E+01  1.7988074305E+02  0.0000000000E+00       1.7492305991E+01  4.1900511036E-04
| Global minimum convergence, d_xhat d_muhat:
  1.6861665171E+02  9.1092818686E-01

| GP model hyperparameters (lengthscales W kappa):
  5.2122926890E-01  5.3416223317E-01  7.8788785791E+00  4.1868848617E-01  5.5561115086E+00  1.5297004674E-02
| Next sampling location (x_next, i_next):
  8.3925215523E+01  2.9483896049E+02  0.0000000000E+00

Iteration time [s]:    3.254        Total time [s]:   71.612

--------------------------------------------------------------------------------
                                BO ITERATION 22                                 
--------------------------------------------------------------------------------
| Evaluating objective function at 8.393E+01 2.948E+02 0.000E+00
| Objective function evaluated, time [s]        0.533
| Data point added to dataset (x i y): 
  8.3925215523E+01  2.9483896049E+02  0.0000000000E+00       3.2334500000E+01

| Total ensemble size: 62
| Best acquisition, x_best i_best y_best:
  5.9758451856E+01  1.7584513466E+02  0.0000000000E+00       1.7554200000E+01
| Global minimum prediction, x_hat mu_hat +- nu_hat:
  5.9556846925E+01  1.7995502287E+02  0.0000000000E+00       1.7490133750E+01  4.7625319973E-04
| Global minimum convergence, d_xhat d_muhat:
  1.6872919352E+02  9.1081827839E-01

| GP model hyperparameters (lengthscales W kappa):
  5.2126631735E-01  5.1774259073E-01  7.6683996645E+00  4.0179447296E-01  5.5351387495E+00  1.4606981872E-02
| Next sampling location (x_next, i_next):
  6.4913590857E+01  1.8077912425E+02  0.0000000000E+00

Iteration time [s]:    2.502        Total time [s]:   74.114

--------------------------------------------------------------------------------
                                BO ITERATION 23                                 
--------------------------------------------------------------------------------
| Evaluating objective function at 6.491E+01 1.808E+02 0.000E+00
| Objective function evaluated, time [s]        0.516
| Data point added to dataset (x i y): 
  6.4913590857E+01  1.8077912425E+02  0.0000000000E+00       1.7529900000E+01

| Total ensemble size: 63
| Best acquisition, x_best i_best y_best:
  6.4913590857E+01  1.8077912425E+02  0.0000000000E+00       1.7529900000E+01
| Global minimum prediction, x_hat mu_hat +- nu_hat:
  5.9908742626E+01  1.8007244838E+02  0.0000000000E+00       1.7483457445E+01  7.0943023692E-05
| Global minimum convergence, d_xhat d_muhat:
  1.6893268537E+02  9.0931689030E-01

| GP model hyperparameters (lengthscales W kappa):
  5.2764112943E-01  5.3001656556E-01  7.8116019329E+00  4.1172211847E-01  5.5626981278E+00  1.5988047673E-02
| Next sampling location (x_next, i_next):
  1.9591217052E+02  1.1128277023E+01  0.0000000000E+00

Iteration time [s]:    2.442        Total time [s]:   76.558

--------------------------------------------------------------------------------
                                BO ITERATION 24                                 
--------------------------------------------------------------------------------
| Evaluating objective function at 1.959E+02 1.113E+01 0.000E+00
| Objective function evaluated, time [s]        1.466
| Data point added to dataset (x i y): 
  1.9591217052E+02  1.1128277023E+01  0.0000000000E+00       1.8386300000E+01

| Total ensemble size: 64
| Best acquisition, x_best i_best y_best:
  6.4913590857E+01  1.8077912425E+02  0.0000000000E+00       1.7529900000E+01
| Global minimum prediction, x_hat mu_hat +- nu_hat:
  5.9922600094E+01  1.8007642689E+02  0.0000000000E+00       1.7483557066E+01  6.6584496826E-05
| Global minimum convergence, d_xhat d_muhat:
  1.6894740551E+02  9.0934315258E-01

| GP model hyperparameters (lengthscales W kappa):
  5.2981469749E-01  5.4901193101E-01  7.9404850479E+00  4.3173849781E-01  5.5780166739E+00  1.6570357341E-02
| Next sampling location (x_next, i_next):
  5.8165899249E+01  1.8097667229E+02  0.0000000000E+00

Iteration time [s]:    3.514        Total time [s]:   80.074

--------------------------------------------------------------------------------
                                BO ITERATION 25                                 
--------------------------------------------------------------------------------
| Evaluating objective function at 5.817E+01 1.810E+02 0.000E+00
| Objective function evaluated, time [s]        0.512
| Acquisition location too confident, doing pure exploration
| Data point added to dataset (x i y): 
  5.8165899249E+01  1.8097667229E+02  0.0000000000E+00       1.7489100000E+01

| Total ensemble size: 65
| Best acquisition, x_best i_best y_best:
  5.8165899249E+01  1.8097667229E+02  0.0000000000E+00       1.7489100000E+01
| Global minimum prediction, x_hat mu_hat +- nu_hat:
  5.9802206258E+01  1.8013125880E+02  0.0000000000E+00       1.7481440629E+01  2.1163250166E-07
| Global minimum convergence, d_xhat d_muhat:
  1.6896987221E+02  9.0730792817E-01

| GP model hyperparameters (lengthscales W kappa):
  5.4042332479E-01  5.5722648965E-01  8.1156570876E+00  4.4087981326E-01  5.6085923367E+00  1.8442291928E-02
| Next sampling location (x_next, i_next):
  1.8961531662E+02  2.7129940500E+02  0.0000000000E+00

Iteration time [s]:    2.968        Total time [s]:   83.042

--------------------------------------------------------------------------------
                                BO ITERATION 26                                 
--------------------------------------------------------------------------------
| Evaluating objective function at 1.896E+02 2.713E+02 0.000E+00
| Objective function evaluated, time [s]        0.493
| Data point added to dataset (x i y): 
  1.8961531662E+02  2.7129940500E+02  0.0000000000E+00       3.6032900000E+01

| Total ensemble size: 66
| Best acquisition, x_best i_best y_best:
  5.8165899249E+01  1.8097667229E+02  0.0000000000E+00       1.7489100000E+01
| Global minimum prediction, x_hat mu_hat +- nu_hat:
  5.9808984468E+01  1.8013847092E+02  0.0000000000E+00       1.7481439721E+01  2.2435157190E-07
| Global minimum convergence, d_xhat d_muhat:
  1.6898086056E+02  9.0731132587E-01

| GP model hyperparameters (lengthscales W kappa):
  5.2860560935E-01  5.4954704813E-01  7.6376031613E+00  4.2577969064E-01  5.2687288685E+00  1.6861717161E-02
| Next sampling location (x_next, i_next):
  3.1000000000E+02  1.9669611610E+02  0.0000000000E+00

Iteration time [s]:    2.625        Total time [s]:   85.667

--------------------------------------------------------------------------------
                                BO ITERATION 27                                 
--------------------------------------------------------------------------------
| Evaluating objective function at 3.100E+02 1.967E+02 0.000E+00
| Objective function evaluated, time [s]        0.517
| Data point added to dataset (x i y): 
  3.1000000000E+02  1.9669611610E+02  0.0000000000E+00       2.1202700000E+01

| Total ensemble size: 67
| Best acquisition, x_best i_best y_best:
  5.8165899249E+01  1.8097667229E+02  0.0000000000E+00       1.7489100000E+01
| Global minimum prediction, x_hat mu_hat +- nu_hat:
  5.9783377776E+01  1.8012880507E+02  0.0000000000E+00       1.7481564102E+01  2.0493106048E-07
| Global minimum convergence, d_xhat d_muhat:
  1.6896514478E+02  9.0731778076E-01

| GP model hyperparameters (lengthscales W kappa):
  5.2961117840E-01  5.5530942101E-01  7.6140883492E+00  4.3436858229E-01  6.7215394162E+00  1.3516250560E-02
| Next sampling location (x_next, i_next):
  3.0153477590E+02 -9.3980338471E+00  0.0000000000E+00

Iteration time [s]:    2.677        Total time [s]:   88.345

--------------------------------------------------------------------------------
                                BO ITERATION 28                                 
--------------------------------------------------------------------------------
| Evaluating objective function at 3.015E+02 -9.398E+00 0.000E+00
| Objective function evaluated, time [s]        0.497
| Acquisition location too confident, doing pure exploration
| Data point added to dataset (x i y): 
  3.0153477590E+02 -9.3980338471E+00  0.0000000000E+00       1.9529300000E+01

| Total ensemble size: 68
| Best acquisition, x_best i_best y_best:
  5.8165899249E+01  1.8097667229E+02  0.0000000000E+00       1.7489100000E+01
| Global minimum prediction, x_hat mu_hat +- nu_hat:
  5.9781384183E+01  1.8012823151E+02  0.0000000000E+00       1.7481573856E+01  1.8612244004E-07
| Global minimum convergence, d_xhat d_muhat:
  1.6896395557E+02  9.0731828805E-01

| GP model hyperparameters (lengthscales W kappa):
  5.3796185198E-01  5.6202235363E-01  7.6092045262E+00  4.5406584479E-01  9.2307446940E+00  5.6627824915E-03
| Next sampling location (x_next, i_next):
 -5.0000000000E+01  1.0328160726E+02  0.0000000000E+00

Iteration time [s]:    3.095        Total time [s]:   91.441

--------------------------------------------------------------------------------
                                BO ITERATION 29                                 
--------------------------------------------------------------------------------
| Evaluating objective function at -5.000E+01 1.033E+02 0.000E+00
| Objective function evaluated, time [s]        0.525
| Acquisition location too confident, doing pure exploration
| Data point added to dataset (x i y): 
 -5.0000000000E+01  1.0328160726E+02  0.0000000000E+00       3.4391100000E+01

| Total ensemble size: 69
| Best acquisition, x_best i_best y_best:
  5.8165899249E+01  1.8097667229E+02  0.0000000000E+00       1.7489100000E+01
| Global minimum prediction, x_hat mu_hat +- nu_hat:
  5.9784795195E+01  1.8013114165E+02  0.0000000000E+00       1.7481576579E+01  1.9001750742E-07
| Global minimum convergence, d_xhat d_muhat:
  1.6896760004E+02  9.0731843035E-01

| GP model hyperparameters (lengthscales W kappa):
  5.3251169429E-01  5.6435541210E-01  7.4786010044E+00  4.5354308722E-01  8.9542024785E+00  3.7636804316E-03
| Next sampling location (x_next, i_next):
  2.7635161211E+02  2.5731740980E+02  0.0000000000E+00

Iteration time [s]:    3.240        Total time [s]:   94.682

--------------------------------------------------------------------------------
                                BO ITERATION 30                                 
--------------------------------------------------------------------------------
| Evaluating objective function at 2.764E+02 2.573E+02 0.000E+00
| Objective function evaluated, time [s]        0.494
| Acquisition location too confident, doing pure exploration
| Data point added to dataset (x i y): 
  2.7635161211E+02  2.5731740980E+02  0.0000000000E+00       3.3722500000E+01

| Total ensemble size: 70
| Best acquisition, x_best i_best y_best:
  5.8165899249E+01  1.8097667229E+02  0.0000000000E+00       1.7489100000E+01
| Global minimum prediction, x_hat mu_hat +- nu_hat:
  5.9780058833E+01  1.8013088417E+02  0.0000000000E+00       1.7481608545E+01  1.8862292519E-07
| Global minimum convergence, d_xhat d_muhat:
  1.6896616341E+02  9.0732008921E-01

| GP model hyperparameters (lengthscales W kappa):
  5.2886088740E-01  5.6764608308E-01  7.4814812380E+00  4.5343967348E-01  8.6128317817E+00  2.6948780687E-03
| Next sampling location (x_next, i_next):
  1.4518366683E+02  2.9559434846E+02  0.0000000000E+00

Iteration time [s]:    3.458        Total time [s]:   98.140

--------------------------------------------------------------------------------
                                BO ITERATION 31                                 
--------------------------------------------------------------------------------
| Evaluating objective function at 1.452E+02 2.956E+02 0.000E+00
| Objective function evaluated, time [s]        0.508
| Acquisition location too confident, doing pure exploration
| Data point added to dataset (x i y): 
  1.4518366683E+02  2.9559434846E+02  0.0000000000E+00       3.6729900000E+01

| Total ensemble size: 71
| Best acquisition, x_best i_best y_best:
  5.8165899249E+01  1.8097667229E+02  0.0000000000E+00       1.7489100000E+01
| Global minimum prediction, x_hat mu_hat +- nu_hat:
  5.9754457542E+01  1.8011191422E+02  0.0000000000E+00       1.7481622204E+01  1.9835428402E-07
| Global minimum convergence, d_xhat d_muhat:
  1.6894145946E+02  9.0732079822E-01

| GP model hyperparameters (lengthscales W kappa):
  5.2107141834E-01  5.5572888519E-01  7.6803705849E+00  4.1369061112E-01  1.7784921049E+00  2.3188067931E-02
| Next sampling location (x_next, i_next):
  1.8544085833E+02  9.8131451189E+01  0.0000000000E+00

Iteration time [s]:    3.540        Total time [s]:  101.680

--------------------------------------------------------------------------------
                                BO ITERATION 32                                 
--------------------------------------------------------------------------------
| Evaluating objective function at 1.854E+02 9.813E+01 0.000E+00
| Objective function evaluated, time [s]        0.545
| Data point added to dataset (x i y): 
  1.8544085833E+02  9.8131451189E+01  0.0000000000E+00       3.2114500000E+01

| Total ensemble size: 72
| Best acquisition, x_best i_best y_best:
  5.8165899249E+01  1.8097667229E+02  0.0000000000E+00       1.7489100000E+01
| Global minimum prediction, x_hat mu_hat +- nu_hat:
  5.9750716726E+01  1.8010982380E+02  0.0000000000E+00       1.7481620564E+01  1.9344221682E-07
| Global minimum convergence, d_xhat d_muhat:
  1.6893849597E+02  9.0732071260E-01

| GP model hyperparameters (lengthscales W kappa):
  5.2065355276E-01  5.6375907938E-01  7.8106319061E+00  4.1434979198E-01  2.6131519987E-01  2.7025477477E-02
| Next sampling location (x_next, i_next):
  1.9489672920E+02  5.6136160720E+00  0.0000000000E+00

Iteration time [s]:    3.112        Total time [s]:  104.793

--------------------------------------------------------------------------------
                                BO ITERATION 33                                 
--------------------------------------------------------------------------------
| Evaluating objective function at 1.949E+02 5.614E+00 0.000E+00
| Objective function evaluated, time [s]        1.337
| Acquisition location too confident, doing pure exploration
| Data point added to dataset (x i y): 
  1.9489672920E+02  5.6136160720E+00  0.0000000000E+00       1.8299400000E+01

| Total ensemble size: 73
| Best acquisition, x_best i_best y_best:
  5.8165899249E+01  1.8097667229E+02  0.0000000000E+00       1.7489100000E+01
| Global minimum prediction, x_hat mu_hat +- nu_hat:
  5.9747513245E+01  1.8011010150E+02  0.0000000000E+00       1.7481643974E+01  1.7489390371E-07
| Global minimum convergence, d_xhat d_muhat:
  1.6893796363E+02  9.0732192788E-01

| GP model hyperparameters (lengthscales W kappa):
  5.2968744280E-01  5.8228704078E-01  8.1400734235E+00  4.3313775062E-01  2.6280235266E-01  2.8717366319E-02
| Next sampling location (x_next, i_next):
  2.4918332842E+02  1.2142474629E+02  0.0000000000E+00

Iteration time [s]:    4.211        Total time [s]:  109.004

--------------------------------------------------------------------------------
                                BO ITERATION 34                                 
--------------------------------------------------------------------------------
| Evaluating objective function at 2.492E+02 1.214E+02 0.000E+00
| Objective function evaluated, time [s]        1.091
| Acquisition location too confident, doing pure exploration
| Data point added to dataset (x i y): 
  2.4918332842E+02  1.2142474629E+02  0.0000000000E+00       3.5409900000E+01

| Total ensemble size: 74
| Best acquisition, x_best i_best y_best:
  5.8165899249E+01  1.8097667229E+02  0.0000000000E+00       1.7489100000E+01
| Global minimum prediction, x_hat mu_hat +- nu_hat:
  5.9750328114E+01  1.8011017163E+02  0.0000000000E+00       1.7481625568E+01  1.6714549202E-07
| Global minimum convergence, d_xhat d_muhat:
  1.6893870943E+02  9.0732097352E-01

| GP model hyperparameters (lengthscales W kappa):
  5.3236167664E-01  5.9074688417E-01 -8.2102267477E+00 -4.4177054702E-01  6.7752290856E-01  2.7820354532E-02
| Next sampling location (x_next, i_next):
  4.0676680276E+01  8.2871720897E+01  0.0000000000E+00

Iteration time [s]:    4.297        Total time [s]:  113.302

--------------------------------------------------------------------------------
                                BO ITERATION 35                                 
--------------------------------------------------------------------------------
| Evaluating objective function at 4.068E+01 8.287E+01 0.000E+00
| Objective function evaluated, time [s]        0.790
| Acquisition location too confident, doing pure exploration
| Data point added to dataset (x i y): 
  4.0676680276E+01  8.2871720897E+01  0.0000000000E+00       3.2882700000E+01

| Total ensemble size: 75
| Best acquisition, x_best i_best y_best:
  5.8165899249E+01  1.8097667229E+02  0.0000000000E+00       1.7489100000E+01
| Global minimum prediction, x_hat mu_hat +- nu_hat:
  5.9740838162E+01  1.8009583481E+02  0.0000000000E+00       1.7481568104E+01  1.6630607105E-07
| Global minimum convergence, d_xhat d_muhat:
  1.6892255424E+02  9.0731799145E-01

| GP model hyperparameters (lengthscales W kappa):
  5.2894565380E-01  5.7219157575E-01 -7.8652123338E+00 -4.2140856012E-01  6.7110978687E-01  2.6386094164E-02
| Next sampling location (x_next, i_next):
  3.9741230323E+00  1.7638247922E+01  0.0000000000E+00

Iteration time [s]:    3.940        Total time [s]:  117.242

--------------------------------------------------------------------------------
                                BO ITERATION 36                                 
--------------------------------------------------------------------------------
| Evaluating objective function at 3.974E+00 1.764E+01 0.000E+00
| Objective function evaluated, time [s]        1.022
| Acquisition location too confident, doing pure exploration
| Data point added to dataset (x i y): 
  3.9741230323E+00  1.7638247922E+01  0.0000000000E+00       3.4164600000E+01

| Total ensemble size: 76
| Best acquisition, x_best i_best y_best:
  5.8165899249E+01  1.8097667229E+02  0.0000000000E+00       1.7489100000E+01
| Global minimum prediction, x_hat mu_hat +- nu_hat:
  5.9723434253E+01  1.8007033157E+02  0.0000000000E+00       1.7481460729E+01  3.0275311316E-07
| Global minimum convergence, d_xhat d_muhat:
  1.6889371357E+02  9.0731241858E-01

| GP model hyperparameters (lengthscales W kappa):
  4.8601710348E-01  5.0279364587E-01  7.0770407887E+00  3.6460627625E-01  9.2448889067E-01  1.9269103516E-02
| Next sampling location (x_next, i_next):
  1.2904239860E+02  6.5020493104E+01  0.0000000000E+00

Iteration time [s]:    4.597        Total time [s]:  121.841

--------------------------------------------------------------------------------
                                BO ITERATION 37                                 
--------------------------------------------------------------------------------
| Evaluating objective function at 1.290E+02 6.502E+01 0.000E+00
| Objective function evaluated, time [s]        0.546
| Acquisition location too confident, doing pure exploration
| Data point added to dataset (x i y): 
  1.2904239860E+02  6.5020493104E+01  0.0000000000E+00       3.2551800000E+01

| Total ensemble size: 77
| Best acquisition, x_best i_best y_best:
  5.8165899249E+01  1.8097667229E+02  0.0000000000E+00       1.7489100000E+01
| Global minimum prediction, x_hat mu_hat +- nu_hat:
  5.9725507274E+01  1.8006845529E+02  0.0000000000E+00       1.7481465575E+01  3.0336982162E-07
| Global minimum convergence, d_xhat d_muhat:
  1.6889254494E+02  9.0731266301E-01

| GP model hyperparameters (lengthscales W kappa):
  4.8582055713E-01  4.9787902385E-01 -6.9922282869E+00 -3.6047023243E-01  9.5566784342E-01  1.8479575368E-02
| Next sampling location (x_next, i_next):
 -4.1160177009E+00  2.7159818034E+02  0.0000000000E+00

Iteration time [s]:    4.033        Total time [s]:  125.874

--------------------------------------------------------------------------------
                                BO ITERATION 38                                 
--------------------------------------------------------------------------------
| Evaluating objective function at -4.116E+00 2.716E+02 0.000E+00
| Objective function evaluated, time [s]        0.503
| Acquisition location too confident, doing pure exploration
| Data point added to dataset (x i y): 
 -4.1160177009E+00  2.7159818034E+02  0.0000000000E+00       3.3794100000E+01

| Total ensemble size: 78
| Best acquisition, x_best i_best y_best:
  5.8165899249E+01  1.8097667229E+02  0.0000000000E+00       1.7489100000E+01
| Global minimum prediction, x_hat mu_hat +- nu_hat:
  5.9723604645E+01  1.8007137196E+02  0.0000000000E+00       1.7481469839E+01  3.0532831188E-07
| Global minimum convergence, d_xhat d_muhat:
  1.6889487147E+02  9.0731288427E-01

| GP model hyperparameters (lengthscales W kappa):
  4.8275318025E-01  4.9491591959E-01 -6.8411975154E+00 -3.5659833090E-01  9.5001384217E-01  1.7972682661E-02
| Next sampling location (x_next, i_next):
  7.0233859637E+01  3.9760914104E+01  0.0000000000E+00

Iteration time [s]:    4.299        Total time [s]:  130.174

--------------------------------------------------------------------------------
                                BO ITERATION 39                                 
--------------------------------------------------------------------------------
| Evaluating objective function at 7.023E+01 3.976E+01 0.000E+00
| Objective function evaluated, time [s]        0.551
| Acquisition location too confident, doing pure exploration
| Data point added to dataset (x i y): 
  7.0233859637E+01  3.9760914104E+01  0.0000000000E+00       3.0712900000E+01

| Total ensemble size: 79
| Best acquisition, x_best i_best y_best:
  5.8165899249E+01  1.8097667229E+02  0.0000000000E+00       1.7489100000E+01
| Global minimum prediction, x_hat mu_hat +- nu_hat:
  5.9727384069E+01  1.8007660275E+02  0.0000000000E+00       1.7481482551E+01  2.9346572985E-07
| Global minimum convergence, d_xhat d_muhat:
  1.6890084756E+02  9.0731354398E-01

| GP model hyperparameters (lengthscales W kappa):
  4.8420108559E-01  4.9983768071E-01  6.6158788983E+00  3.6491671772E-01  3.5918833552E+00  1.1485221961E-02
| Next sampling location (x_next, i_next):
  2.3186409686E+02  2.9161709723E+02  0.0000000000E+00

Iteration time [s]:    4.258        Total time [s]:  134.432

--------------------------------------------------------------------------------
                                BO ITERATION 40                                 
--------------------------------------------------------------------------------
| Evaluating objective function at 2.319E+02 2.916E+02 0.000E+00
| Objective function evaluated, time [s]        0.469
| Acquisition location too confident, doing pure exploration
| Data point added to dataset (x i y): 
  2.3186409686E+02  2.9161709723E+02  0.0000000000E+00       3.6142200000E+01

| Total ensemble size: 80
| Best acquisition, x_best i_best y_best:
  5.8165899249E+01  1.8097667229E+02  0.0000000000E+00       1.7489100000E+01
| Global minimum prediction, x_hat mu_hat +- nu_hat:
  5.9727380998E+01  1.8007642038E+02  0.0000000000E+00       1.7481480359E+01  2.8763461826E-07
| Global minimum convergence, d_xhat d_muhat:
  1.6890065712E+02  9.0731343081E-01

| GP model hyperparameters (lengthscales W kappa):
  4.8371760691E-01  5.0176193842E-01 -6.7069593351E+00 -3.5805967267E-01  1.7339515648E+00  1.6571470344E-02
| Next sampling location (x_next, i_next):
  1.4615057591E+02  2.3474667009E+02  0.0000000000E+00

Iteration time [s]:    4.216        Total time [s]:  138.649

--------------------------------------------------------------------------------
                                BO ITERATION 41                                 
--------------------------------------------------------------------------------
| Evaluating objective function at 1.462E+02 2.347E+02 0.000E+00
| Objective function evaluated, time [s]        0.433
| Acquisition location too confident, doing pure exploration
| Data point added to dataset (x i y): 
  1.4615057591E+02  2.3474667009E+02  0.0000000000E+00       3.0175200000E+01

| Total ensemble size: 81
| Best acquisition, x_best i_best y_best:
  5.8165899249E+01  1.8097667229E+02  0.0000000000E+00       1.7489100000E+01
| Global minimum prediction, x_hat mu_hat +- nu_hat:
  5.9709057912E+01  1.8007466742E+02  0.0000000000E+00       1.7481572188E+01  2.4344138962E-07
| Global minimum convergence, d_xhat d_muhat:
  1.6889438990E+02  9.0731819719E-01

| GP model hyperparameters (lengthscales W kappa):
  4.8452750040E-01  5.0553615441E-01 -6.7116507021E+00 -3.5867001950E-01  1.7356693154E+00  1.6778760737E-02
| Next sampling location (x_next, i_next):
  3.0400775436E+02  5.7584189799E+01  0.0000000000E+00

Iteration time [s]:    4.242        Total time [s]:  142.891

--------------------------------------------------------------------------------
                                BO ITERATION 42                                 
--------------------------------------------------------------------------------
| Evaluating objective function at 3.040E+02 5.758E+01 0.000E+00
| Objective function evaluated, time [s]        0.442
| Acquisition location too confident, doing pure exploration
| Data point added to dataset (x i y): 
  3.0400775436E+02  5.7584189799E+01  0.0000000000E+00       3.4299800000E+01

| Total ensemble size: 82
| Best acquisition, x_best i_best y_best:
  5.8165899249E+01  1.8097667229E+02  0.0000000000E+00       1.7489100000E+01
| Global minimum prediction, x_hat mu_hat +- nu_hat:
  5.9710665313E+01  1.8007279749E+02  0.0000000000E+00       1.7481552984E+01  2.3604742507E-07
| Global minimum convergence, d_xhat d_muhat:
  1.6889288978E+02  9.0731720277E-01

| GP model hyperparameters (lengthscales W kappa):
  4.8554849267E-01  5.0832512192E-01 -6.6959190715E+00 -3.5909460738E-01  1.8876536725E+00  1.6625902469E-02
| Next sampling location (x_next, i_next):
  9.8499339984E+01  2.5512296229E+02  0.0000000000E+00

Iteration time [s]:    4.438        Total time [s]:  147.330

--------------------------------------------------------------------------------
                                BO ITERATION 43                                 
--------------------------------------------------------------------------------
| Evaluating objective function at 9.850E+01 2.551E+02 0.000E+00
| Objective function evaluated, time [s]        0.490
| Acquisition location too confident, doing pure exploration
| Data point added to dataset (x i y): 
  9.8499339984E+01  2.5512296229E+02  0.0000000000E+00       3.2329200000E+01

| Total ensemble size: 83
| Best acquisition, x_best i_best y_best:
  5.8165899249E+01  1.8097667229E+02  0.0000000000E+00       1.7489100000E+01
| Global minimum prediction, x_hat mu_hat +- nu_hat:
  5.9706121963E+01  1.8006829467E+02  0.0000000000E+00       1.7481541739E+01  2.0990704810E-07
| Global minimum convergence, d_xhat d_muhat:
  1.6888744030E+02  9.0731661952E-01

| GP model hyperparameters (lengthscales W kappa):
  4.8705554760E-01  5.1472679851E-01  6.8084029539E+00  3.5821044313E-01  7.6356743995E-01  2.0234350526E-02
| Next sampling location (x_next, i_next):
  2.0442949896E+02  1.5081282078E+02  0.0000000000E+00

Iteration time [s]:    4.313        Total time [s]:  151.646

--------------------------------------------------------------------------------
                                BO ITERATION 44                                 
--------------------------------------------------------------------------------
| Evaluating objective function at 2.044E+02 1.508E+02 0.000E+00
| Objective function evaluated, time [s]        0.503
| Acquisition location too confident, doing pure exploration
| Data point added to dataset (x i y): 
  2.0442949896E+02  1.5081282078E+02  0.0000000000E+00       2.6608600000E+01

| Total ensemble size: 84
| Best acquisition, x_best i_best y_best:
  5.8165899249E+01  1.8097667229E+02  0.0000000000E+00       1.7489100000E+01
| Global minimum prediction, x_hat mu_hat +- nu_hat:
  5.9706824266E+01  1.8006534496E+02  0.0000000000E+00       1.7481507438E+01  2.1877212033E-07
| Global minimum convergence, d_xhat d_muhat:
  1.6888478870E+02  9.0731484057E-01

| GP model hyperparameters (lengthscales W kappa):
  4.8346020242E-01  5.0901043460E-01  6.7673066245E+00  3.5137803386E-01  7.1384269226E-02  2.0888972428E-02
| Next sampling location (x_next, i_next):
  1.9259544797E+01  3.1000000000E+02  0.0000000000E+00

Iteration time [s]:    4.396        Total time [s]:  156.042

--------------------------------------------------------------------------------
                                BO ITERATION 45                                 
--------------------------------------------------------------------------------
| Evaluating objective function at 1.926E+01 3.100E+02 0.000E+00
| Objective function evaluated, time [s]        0.467
| Acquisition location too confident, doing pure exploration
| Data point added to dataset (x i y): 
  1.9259544797E+01  3.1000000000E+02  0.0000000000E+00       3.3867600000E+01

| Total ensemble size: 85
| Best acquisition, x_best i_best y_best:
  5.8165899249E+01  1.8097667229E+02  0.0000000000E+00       1.7489100000E+01
| Global minimum prediction, x_hat mu_hat +- nu_hat:
  5.9704811571E+01  1.8006572527E+02  0.0000000000E+00       1.7481516686E+01  2.1529650054E-07
| Global minimum convergence, d_xhat d_muhat:
  1.6888468967E+02  9.0731532012E-01

| GP model hyperparameters (lengthscales W kappa):
  4.8368868997E-01  5.1376671803E-01 -6.7394691061E+00 -3.5870738221E-01  1.1589421984E+00  1.7604162137E-02
| Next sampling location (x_next, i_next):
  1.0034490656E+02 -1.7756763159E+01  0.0000000000E+00

Iteration time [s]:    4.608        Total time [s]:  160.651

--------------------------------------------------------------------------------
                                BO ITERATION 46                                 
--------------------------------------------------------------------------------
| Evaluating objective function at 1.003E+02 -1.776E+01 0.000E+00
| Objective function evaluated, time [s]        0.503
| Acquisition location too confident, doing pure exploration
| Data point added to dataset (x i y): 
  1.0034490656E+02 -1.7756763159E+01  0.0000000000E+00       3.1297900000E+01

| Total ensemble size: 86
| Best acquisition, x_best i_best y_best:
  5.8165899249E+01  1.8097667229E+02  0.0000000000E+00       1.7489100000E+01
| Global minimum prediction, x_hat mu_hat +- nu_hat:
  5.9709646325E+01  1.8007112827E+02  0.0000000000E+00       1.7481534997E+01  1.9827266398E-07
| Global minimum convergence, d_xhat d_muhat:
  1.6889108962E+02  9.0731627064E-01

| GP model hyperparameters (lengthscales W kappa):
  4.8953081838E-01  5.2015652184E-01 -6.8047965944E+00 -3.6128878727E-01  1.1677087709E+00  1.9155959893E-02
| Next sampling location (x_next, i_next):
 -1.0462661473E+01  1.2466168544E+02  0.0000000000E+00

Iteration time [s]:    4.517        Total time [s]:  165.169

--------------------------------------------------------------------------------
                                BO ITERATION 47                                 
--------------------------------------------------------------------------------
| Evaluating objective function at -1.046E+01 1.247E+02 0.000E+00
| Objective function evaluated, time [s]        1.386
| Acquisition location too confident, doing pure exploration
| Data point added to dataset (x i y): 
 -1.0462661473E+01  1.2466168544E+02  0.0000000000E+00       3.0215000000E+01

| Total ensemble size: 87
| Best acquisition, x_best i_best y_best:
  5.8165899249E+01  1.8097667229E+02  0.0000000000E+00       1.7489100000E+01
| Global minimum prediction, x_hat mu_hat +- nu_hat:
  5.9711739807E+01  1.8007258005E+02  0.0000000000E+00       1.7481536870E+01  1.7508369679E-07
| Global minimum convergence, d_xhat d_muhat:
  1.6889299037E+02  9.0731636874E-01

| GP model hyperparameters (lengthscales W kappa):
  4.9351418917E-01  5.2691791605E-01 -6.8696001027E+00 -3.6562152556E-01  1.1733946340E+00  2.0078025186E-02
| Next sampling location (x_next, i_next):
  2.6223471194E+02  7.4700616268E+01  0.0000000000E+00

Iteration time [s]:    5.586        Total time [s]:  170.755

--------------------------------------------------------------------------------
                                BO ITERATION 48                                 
--------------------------------------------------------------------------------
| Evaluating objective function at 2.622E+02 7.470E+01 0.000E+00
| Objective function evaluated, time [s]        0.656
| Acquisition location too confident, doing pure exploration
| Data point added to dataset (x i y): 
  2.6223471194E+02  7.4700616268E+01  0.0000000000E+00       3.6933100000E+01

| Total ensemble size: 88
| Best acquisition, x_best i_best y_best:
  5.8165899249E+01  1.8097667229E+02  0.0000000000E+00       1.7489100000E+01
| Global minimum prediction, x_hat mu_hat +- nu_hat:
  5.9713148406E+01  1.8007205718E+02  0.0000000000E+00       1.7481522418E+01  1.6852344755E-07
| Global minimum convergence, d_xhat d_muhat:
  1.6889283715E+02  8.9907026552E-01

| GP model hyperparameters (lengthscales W kappa):
  4.9492512823E-01  5.3016484536E-01 -6.9033549937E+00 -3.6919709562E-01  1.1743750277E+00  2.0023619915E-02
| Next sampling location (x_next, i_next):
  2.2626040440E+02  2.4219545054E+02  0.0000000000E+00

Iteration time [s]:    4.898        Total time [s]:  175.654

--------------------------------------------------------------------------------
                                BO ITERATION 49                                 
--------------------------------------------------------------------------------
| Evaluating objective function at 2.263E+02 2.422E+02 0.000E+00
| Objective function evaluated, time [s]        0.493
| Acquisition location too confident, doing pure exploration
| Data point added to dataset (x i y): 
  2.2626040440E+02  2.4219545054E+02  0.0000000000E+00       3.5897400000E+01

| Total ensemble size: 89
| Best acquisition, x_best i_best y_best:
  5.8165899249E+01  1.8097667229E+02  0.0000000000E+00       1.7489100000E+01
| Global minimum prediction, x_hat mu_hat +- nu_hat:
  5.9714143325E+01  1.8007162284E+02  0.0000000000E+00       1.7481511087E+01  1.6277355810E-07
| Global minimum convergence, d_xhat d_muhat:
  1.6889268382E+02  8.9906968311E-01

| GP model hyperparameters (lengthscales W kappa):
  4.9623038684E-01  5.3412232472E-01  6.9279626936E+00  3.7164471473E-01  1.1505536700E+00  2.0419174285E-02
| Next sampling location (x_next, i_next):
  5.1771411447E+01  2.6852330868E+02  0.0000000000E+00

Iteration time [s]:    4.801        Total time [s]:  180.456

--------------------------------------------------------------------------------
                                BO ITERATION 50                                 
--------------------------------------------------------------------------------
| Evaluating objective function at 5.177E+01 2.685E+02 0.000E+00
| Objective function evaluated, time [s]        0.532
| Acquisition location too confident, doing pure exploration
| Data point added to dataset (x i y): 
  5.1771411447E+01  2.6852330868E+02  0.0000000000E+00       3.2008100000E+01

| Total ensemble size: 90
| Best acquisition, x_best i_best y_best:
  5.8165899249E+01  1.8097667229E+02  0.0000000000E+00       1.7489100000E+01
| Global minimum prediction, x_hat mu_hat +- nu_hat:
  5.9695865714E+01  1.8006030983E+02  0.0000000000E+00       1.7481520658E+01  1.5138284750E-07
| Global minimum convergence, d_xhat d_muhat:
  1.6887723578E+02  8.9907017565E-01

| GP model hyperparameters (lengthscales W kappa):
  4.9940478412E-01  5.4174854735E-01 -6.7722375361E+00 -3.8666088333E-01  3.9001832547E+00  1.3686984088E-02
| Next sampling location (x_next, i_next):
 -4.3286787493E+01  2.5596649655E+02  0.0000000000E+00

Iteration time [s]:    4.875        Total time [s]:  185.332

|| Bayesian optimization completed, time [s]      185.319


--------------------------------------------------------------------------------
                        BOSS is done! Have a nice day :)                        

      Datetime 05-05-2020 08:36:37            Total time [s]      185.332       
--------------------------------------------------------------------------------
