
-----------------------------   Welcome to ....   ------------------------------
                      _______  _______ _______ _______ 
                     |   _   \|   _   |   _   |   _   |
                     |.  1   /|.  |   |   1___|   1___|
                     |.  _   \|.  |   |____   |____   |
                     |:  1    |:  1   |:  1   |:  1   |
                     |::.. .  |::.. . |::.. . |::.. . |
                     `-------'`-------`-------`-------'

                                 Version 0.9.15                                 
                              05-08-2020 18:39:32                               
--------------------------------------------------------------------------------

| Reading BOSS input file from: in_2D
| Initializing...

--------------------------------------------------------------------------------
                                   INPUT FILE                                   
--------------------------------------------------------------------------------
# input file for alanine 2D (d4-d13)

# optimization
userfn       userfn_2D.py
bounds       -50 310; -50 310
num_tasks    2
kernel       stdp
initpts      2 30
iterpts      50
verbosity    2
kappa_prior  gamma
kappa_priorparam 1 71.428
W_prior      gaussian
W_priorparam 0 8.451


RESULTS:
-3.041227316655106E+00 2.924111338728201E+02 0 -2.029904314806114E+05 
1.228251442411478E+02 2.255825390874321E+02 0 -2.029987533104994E+05 
3.100000000000000E+02 1.766668261260085E+02 1 2.061110000000000E+01 
2.497307755880144E+02 2.891064082873752E+02 1 3.558290000000000E+01 
1.017901520701140E+02 1.958991468450488E+01 1 3.408490000000000E+01 
1.530590411815672E+02 7.694769586835709E+01 1 3.113100000000000E+01 
4.585499057166677E+01 1.216702019575786E+02 1 2.746430000000000E+01 
3.013756664289142E+02 9.196059846674086E+01 1 3.568510000000000E+01 
1.634180706631008E+01 2.597004782867925E+01 1 3.136590000000000E+01 
1.544384160160219E+02 3.100000000000000E+02 1 3.486820000000000E+01 
2.675862401523195E+02 1.011158267781230E+02 1 3.700820000000000E+01 
-6.433898185015503E+00 6.095950822244094E+01 1 3.652660000000000E+01 
1.973681630523544E+02 2.229356621684026E+02 1 2.929200000000000E+01 
5.709206539023010E+01 1.722782519417676E+02 1 1.773600000000000E+01 
5.648955845686277E+00 3.036251542909635E+02 1 3.382200000000000E+01 
7.809094153121647E+00 1.274520768645921E+02 1 2.880990000000000E+01 
9.264473021833737E+01 2.690974693042183E+02 1 3.335940000000000E+01 
3.100000000000000E+02 2.582626532496459E+02 1 3.080910000000000E+01 
2.854213263375395E+02 1.513250734732391E+02 1 2.564270000000000E+01 
8.140273837294323E+01 1.230697093139731E+02 1 2.764110000000000E+01 
2.099649344670784E+02 1.087868873702680E+02 1 3.456770000000000E+01 
-8.939191932501576E+00 1.849018691540826E+02 1 2.066980000000000E+01 
1.206923095983856E+02 -1.892628597648371E+01 1 3.495330000000000E+01 
2.776001040081999E+02 -7.494807727196105E+00 1 1.851490000000000E+01 
-5.000000000000000E+01 1.325092234216405E+02 1 2.825860000000000E+01 
2.981382722740684E+02 1.329905763744014E+01 1 2.262740000000000E+01 
2.427258779511585E+02 2.488062254106112E+02 1 3.685970000000000E+01 
1.314164093190436E+02 1.166768841456094E+02 1 3.012430000000000E+01 
2.078384032409414E+02 1.916347894785376E+02 1 2.512790000000000E+01 
1.774695135855430E+02 1.177864222953748E+02 1 2.951760000000000E+01 
-1.572691383639332E+01 2.235551300623010E+02 1 2.602380000000000E+01 
2.407911659266096E+01 9.900575616081926E+01 1 3.294760000000000E+01 
--------------------------------------------------------------------------------
                               SIMULATION OPTIONS                               
--------------------------------------------------------------------------------
|| File input/output 
ipfile         in_2D
userfn         userfn_2D.py
outfile        boss.out
rstfile        boss.rst

|| Key settings 
num_tasks         2
bounds         -5.000E+01 3.100E+02;    -5.000E+01 3.100E+02
kerntype       stdp stdp
yrange         -5.000E+01 3.100E+02;    -5.000E+01 3.100E+02
noise          1.000E-12
initpts    2 30    iterpts   50
gm_tol         none
verbosity      2

|| Data acquisition 
acqfn                elcb
acqtol               1.000E-03

|| GP hyperparameters 
thetainit       1.000E+00 3.142E-01
thetabounds     none
thetaprior      gamma
thetapriorpar   1.000E+00 1.000E+00;    3.368E+00 9.020E+00;    3.368E+00 9.020E+00

|| Hyperparameter optimization
updatefreq   1  initupdate      True
updateoffset 0  updaterestarts  2


--------------------------------------------------------------------------------
                              INITIAL DATAPOINT 1                               
--------------------------------------------------------------------------------
| Data point added to dataset (x i y): 
 -3.0412273167E+00  2.9241113387E+02  0.0000000000E+00      -2.0299043148E+05

| Total ensemble size: 1
| Next sampling location (x_next, i_next):
  1.2282514424E+02  2.2558253909E+02  0.0000000000E+00

Iteration time [s]:    0.002        Total time [s]:    0.241

--------------------------------------------------------------------------------
                              INITIAL DATAPOINT 2                               
--------------------------------------------------------------------------------
| Data point added to dataset (x i y): 
  1.2282514424E+02  2.2558253909E+02  0.0000000000E+00      -2.0299875331E+05

| Total ensemble size: 2
| Next sampling location (x_next, i_next):
  3.1000000000E+02  1.7666682613E+02  1.0000000000E+00

Iteration time [s]:    0.002        Total time [s]:    0.247

--------------------------------------------------------------------------------
                              INITIAL DATAPOINT 3                               
--------------------------------------------------------------------------------
| Data point added to dataset (x i y): 
  3.1000000000E+02  1.7666682613E+02  1.0000000000E+00       2.0611100000E+01

| Total ensemble size: 3
| Next sampling location (x_next, i_next):
  2.4973077559E+02  2.8910640829E+02  1.0000000000E+00

Iteration time [s]:    0.002        Total time [s]:    0.252

--------------------------------------------------------------------------------
                              INITIAL DATAPOINT 4                               
--------------------------------------------------------------------------------
| Data point added to dataset (x i y): 
  2.4973077559E+02  2.8910640829E+02  1.0000000000E+00       3.5582900000E+01

| Total ensemble size: 4
| Next sampling location (x_next, i_next):
  1.0179015207E+02  1.9589914685E+01  1.0000000000E+00

Iteration time [s]:    0.002        Total time [s]:    0.258

--------------------------------------------------------------------------------
                              INITIAL DATAPOINT 5                               
--------------------------------------------------------------------------------
| Data point added to dataset (x i y): 
  1.0179015207E+02  1.9589914685E+01  1.0000000000E+00       3.4084900000E+01

| Total ensemble size: 5
| Next sampling location (x_next, i_next):
  1.5305904118E+02  7.6947695868E+01  1.0000000000E+00

Iteration time [s]:    0.002        Total time [s]:    0.264

--------------------------------------------------------------------------------
                              INITIAL DATAPOINT 6                               
--------------------------------------------------------------------------------
| Data point added to dataset (x i y): 
  1.5305904118E+02  7.6947695868E+01  1.0000000000E+00       3.1131000000E+01

| Total ensemble size: 6
| Next sampling location (x_next, i_next):
  4.5854990572E+01  1.2167020196E+02  1.0000000000E+00

Iteration time [s]:    0.002        Total time [s]:    0.270

--------------------------------------------------------------------------------
                              INITIAL DATAPOINT 7                               
--------------------------------------------------------------------------------
| Data point added to dataset (x i y): 
  4.5854990572E+01  1.2167020196E+02  1.0000000000E+00       2.7464300000E+01

| Total ensemble size: 7
| Next sampling location (x_next, i_next):
  3.0137566643E+02  9.1960598467E+01  1.0000000000E+00

Iteration time [s]:    0.002        Total time [s]:    0.276

--------------------------------------------------------------------------------
                              INITIAL DATAPOINT 8                               
--------------------------------------------------------------------------------
| Data point added to dataset (x i y): 
  3.0137566643E+02  9.1960598467E+01  1.0000000000E+00       3.5685100000E+01

| Total ensemble size: 8
| Next sampling location (x_next, i_next):
  1.6341807066E+01  2.5970047829E+01  1.0000000000E+00

Iteration time [s]:    0.002        Total time [s]:    0.282

--------------------------------------------------------------------------------
                              INITIAL DATAPOINT 9                               
--------------------------------------------------------------------------------
| Data point added to dataset (x i y): 
  1.6341807066E+01  2.5970047829E+01  1.0000000000E+00       3.1365900000E+01

| Total ensemble size: 9
| Next sampling location (x_next, i_next):
  1.5443841602E+02  3.1000000000E+02  1.0000000000E+00

Iteration time [s]:    0.002        Total time [s]:    0.288

--------------------------------------------------------------------------------
                              INITIAL DATAPOINT 10                              
--------------------------------------------------------------------------------
| Data point added to dataset (x i y): 
  1.5443841602E+02  3.1000000000E+02  1.0000000000E+00       3.4868200000E+01

| Total ensemble size: 10
| Next sampling location (x_next, i_next):
  2.6758624015E+02  1.0111582678E+02  1.0000000000E+00

Iteration time [s]:    0.002        Total time [s]:    0.294

--------------------------------------------------------------------------------
                              INITIAL DATAPOINT 11                              
--------------------------------------------------------------------------------
| Data point added to dataset (x i y): 
  2.6758624015E+02  1.0111582678E+02  1.0000000000E+00       3.7008200000E+01

| Total ensemble size: 11
| Next sampling location (x_next, i_next):
 -6.4338981850E+00  6.0959508222E+01  1.0000000000E+00

Iteration time [s]:    0.002        Total time [s]:    0.300

--------------------------------------------------------------------------------
                              INITIAL DATAPOINT 12                              
--------------------------------------------------------------------------------
| Data point added to dataset (x i y): 
 -6.4338981850E+00  6.0959508222E+01  1.0000000000E+00       3.6526600000E+01

| Total ensemble size: 12
| Next sampling location (x_next, i_next):
  1.9736816305E+02  2.2293566217E+02  1.0000000000E+00

Iteration time [s]:    0.002        Total time [s]:    0.306

--------------------------------------------------------------------------------
                              INITIAL DATAPOINT 13                              
--------------------------------------------------------------------------------
| Data point added to dataset (x i y): 
  1.9736816305E+02  2.2293566217E+02  1.0000000000E+00       2.9292000000E+01

| Total ensemble size: 13
| Next sampling location (x_next, i_next):
  5.7092065390E+01  1.7227825194E+02  1.0000000000E+00

Iteration time [s]:    0.002        Total time [s]:    0.312

--------------------------------------------------------------------------------
                              INITIAL DATAPOINT 14                              
--------------------------------------------------------------------------------
| Data point added to dataset (x i y): 
  5.7092065390E+01  1.7227825194E+02  1.0000000000E+00       1.7736000000E+01

| Total ensemble size: 14
| Next sampling location (x_next, i_next):
  5.6489558457E+00  3.0362515429E+02  1.0000000000E+00

Iteration time [s]:    0.002        Total time [s]:    0.318

--------------------------------------------------------------------------------
                              INITIAL DATAPOINT 15                              
--------------------------------------------------------------------------------
| Data point added to dataset (x i y): 
  5.6489558457E+00  3.0362515429E+02  1.0000000000E+00       3.3822000000E+01

| Total ensemble size: 15
| Next sampling location (x_next, i_next):
  7.8090941531E+00  1.2745207686E+02  1.0000000000E+00

Iteration time [s]:    0.002        Total time [s]:    0.324

--------------------------------------------------------------------------------
                              INITIAL DATAPOINT 16                              
--------------------------------------------------------------------------------
| Data point added to dataset (x i y): 
  7.8090941531E+00  1.2745207686E+02  1.0000000000E+00       2.8809900000E+01

| Total ensemble size: 16
| Next sampling location (x_next, i_next):
  9.2644730218E+01  2.6909746930E+02  1.0000000000E+00

Iteration time [s]:    0.002        Total time [s]:    0.330

--------------------------------------------------------------------------------
                              INITIAL DATAPOINT 17                              
--------------------------------------------------------------------------------
| Data point added to dataset (x i y): 
  9.2644730218E+01  2.6909746930E+02  1.0000000000E+00       3.3359400000E+01

| Total ensemble size: 17
| Next sampling location (x_next, i_next):
  3.1000000000E+02  2.5826265325E+02  1.0000000000E+00

Iteration time [s]:    0.002        Total time [s]:    0.336

--------------------------------------------------------------------------------
                              INITIAL DATAPOINT 18                              
--------------------------------------------------------------------------------
| Data point added to dataset (x i y): 
  3.1000000000E+02  2.5826265325E+02  1.0000000000E+00       3.0809100000E+01

| Total ensemble size: 18
| Next sampling location (x_next, i_next):
  2.8542132634E+02  1.5132507347E+02  1.0000000000E+00

Iteration time [s]:    0.002        Total time [s]:    0.342

--------------------------------------------------------------------------------
                              INITIAL DATAPOINT 19                              
--------------------------------------------------------------------------------
| Data point added to dataset (x i y): 
  2.8542132634E+02  1.5132507347E+02  1.0000000000E+00       2.5642700000E+01

| Total ensemble size: 19
| Next sampling location (x_next, i_next):
  8.1402738373E+01  1.2306970931E+02  1.0000000000E+00

Iteration time [s]:    0.002        Total time [s]:    0.348

--------------------------------------------------------------------------------
                              INITIAL DATAPOINT 20                              
--------------------------------------------------------------------------------
| Data point added to dataset (x i y): 
  8.1402738373E+01  1.2306970931E+02  1.0000000000E+00       2.7641100000E+01

| Total ensemble size: 20
| Next sampling location (x_next, i_next):
  2.0996493447E+02  1.0878688737E+02  1.0000000000E+00

Iteration time [s]:    0.002        Total time [s]:    0.354

--------------------------------------------------------------------------------
                              INITIAL DATAPOINT 21                              
--------------------------------------------------------------------------------
| Data point added to dataset (x i y): 
  2.0996493447E+02  1.0878688737E+02  1.0000000000E+00       3.4567700000E+01

| Total ensemble size: 21
| Next sampling location (x_next, i_next):
 -8.9391919325E+00  1.8490186915E+02  1.0000000000E+00

Iteration time [s]:    0.002        Total time [s]:    0.360

--------------------------------------------------------------------------------
                              INITIAL DATAPOINT 22                              
--------------------------------------------------------------------------------
| Data point added to dataset (x i y): 
 -8.9391919325E+00  1.8490186915E+02  1.0000000000E+00       2.0669800000E+01

| Total ensemble size: 22
| Next sampling location (x_next, i_next):
  1.2069230960E+02 -1.8926285976E+01  1.0000000000E+00

Iteration time [s]:    0.002        Total time [s]:    0.366

--------------------------------------------------------------------------------
                              INITIAL DATAPOINT 23                              
--------------------------------------------------------------------------------
| Data point added to dataset (x i y): 
  1.2069230960E+02 -1.8926285976E+01  1.0000000000E+00       3.4953300000E+01

| Total ensemble size: 23
| Next sampling location (x_next, i_next):
  2.7760010401E+02 -7.4948077272E+00  1.0000000000E+00

Iteration time [s]:    0.002        Total time [s]:    0.372

--------------------------------------------------------------------------------
                              INITIAL DATAPOINT 24                              
--------------------------------------------------------------------------------
| Data point added to dataset (x i y): 
  2.7760010401E+02 -7.4948077272E+00  1.0000000000E+00       1.8514900000E+01

| Total ensemble size: 24
| Next sampling location (x_next, i_next):
 -5.0000000000E+01  1.3250922342E+02  1.0000000000E+00

Iteration time [s]:    0.002        Total time [s]:    0.378

--------------------------------------------------------------------------------
                              INITIAL DATAPOINT 25                              
--------------------------------------------------------------------------------
| Data point added to dataset (x i y): 
 -5.0000000000E+01  1.3250922342E+02  1.0000000000E+00       2.8258600000E+01

| Total ensemble size: 25
| Next sampling location (x_next, i_next):
  2.9813827227E+02  1.3299057637E+01  1.0000000000E+00

Iteration time [s]:    0.002        Total time [s]:    0.384

--------------------------------------------------------------------------------
                              INITIAL DATAPOINT 26                              
--------------------------------------------------------------------------------
| Data point added to dataset (x i y): 
  2.9813827227E+02  1.3299057637E+01  1.0000000000E+00       2.2627400000E+01

| Total ensemble size: 26
| Next sampling location (x_next, i_next):
  2.4272587795E+02  2.4880622541E+02  1.0000000000E+00

Iteration time [s]:    0.002        Total time [s]:    0.390

--------------------------------------------------------------------------------
                              INITIAL DATAPOINT 27                              
--------------------------------------------------------------------------------
| Data point added to dataset (x i y): 
  2.4272587795E+02  2.4880622541E+02  1.0000000000E+00       3.6859700000E+01

| Total ensemble size: 27
| Next sampling location (x_next, i_next):
  1.3141640932E+02  1.1667688415E+02  1.0000000000E+00

Iteration time [s]:    0.002        Total time [s]:    0.396

--------------------------------------------------------------------------------
                              INITIAL DATAPOINT 28                              
--------------------------------------------------------------------------------
| Data point added to dataset (x i y): 
  1.3141640932E+02  1.1667688415E+02  1.0000000000E+00       3.0124300000E+01

| Total ensemble size: 28
| Next sampling location (x_next, i_next):
  2.0783840324E+02  1.9163478948E+02  1.0000000000E+00

Iteration time [s]:    0.002        Total time [s]:    0.402

--------------------------------------------------------------------------------
                              INITIAL DATAPOINT 29                              
--------------------------------------------------------------------------------
| Data point added to dataset (x i y): 
  2.0783840324E+02  1.9163478948E+02  1.0000000000E+00       2.5127900000E+01

| Total ensemble size: 29
| Next sampling location (x_next, i_next):
  1.7746951359E+02  1.1778642230E+02  1.0000000000E+00

Iteration time [s]:    0.002        Total time [s]:    0.408

--------------------------------------------------------------------------------
                              INITIAL DATAPOINT 30                              
--------------------------------------------------------------------------------
| Data point added to dataset (x i y): 
  1.7746951359E+02  1.1778642230E+02  1.0000000000E+00       2.9517600000E+01

| Total ensemble size: 30
| Next sampling location (x_next, i_next):
 -1.5726913836E+01  2.2355513006E+02  1.0000000000E+00

Iteration time [s]:    0.002        Total time [s]:    0.414

--------------------------------------------------------------------------------
                              INITIAL DATAPOINT 31                              
--------------------------------------------------------------------------------
| Data point added to dataset (x i y): 
 -1.5726913836E+01  2.2355513006E+02  1.0000000000E+00       2.6023800000E+01

| Total ensemble size: 31
| Next sampling location (x_next, i_next):
  2.4079116593E+01  9.9005756161E+01  1.0000000000E+00

Iteration time [s]:    0.002        Total time [s]:    0.420

--------------------------------------------------------------------------------
                              INITIAL DATAPOINT 32                              
--------------------------------------------------------------------------------
| Data point added to dataset (x i y): 
  2.4079116593E+01  9.9005756161E+01  1.0000000000E+00       3.2947600000E+01

| Total ensemble size: 32
| Best acquisition, x_best i_best y_best:
  1.2282514424E+02  2.2558253909E+02  0.0000000000E+00      -2.0299875331E+05
| Global minimum prediction, x_hat mu_hat +- nu_hat:
  6.2010992444E+01  1.8026551730E+02  0.0000000000E+00      -2.0300598965E+05  1.8019380925E-01

| GP model hyperparameters (lengthscales W kappa):
  5.9080353578E-01  4.8006687804E-01 -5.8451803822E+00 -6.2922072138E+00  1.3749732894E-02  1.3770428220E-02
| Next sampling location (x_next, i_next):
  2.2327309137E+02  8.7998957553E+00  0.0000000000E+00

Iteration time [s]:    0.962        Total time [s]:    1.386

--------------------------------------------------------------------------------
                                 BO ITERATION 1                                 
--------------------------------------------------------------------------------
| Evaluating objective function at 2.233E+02 8.800E+00 0.000E+00
| Objective function evaluated, time [s]       36.453
| Data point added to dataset (x i y): 
  2.2327309137E+02  8.7998957553E+00  0.0000000000E+00      -2.0301195113E+05

| Total ensemble size: 33
| Best acquisition, x_best i_best y_best:
  2.2327309137E+02  8.7998957553E+00  0.0000000000E+00      -2.0301195113E+05
| Global minimum prediction, x_hat mu_hat +- nu_hat:
  5.2962556649E+01  1.7592227939E+02  0.0000000000E+00      -2.0302568926E+05  4.5322009492E-01
| Global minimum convergence, d_xhat d_muhat:
  1.0036827477E+01  8.9820216450E-01

| GP model hyperparameters (lengthscales W kappa):
  5.2099916645E-01  4.2094196066E-01 -1.1316942243E+01 -5.3981926241E+00  1.3898515769E-02  1.3878938216E-02
| Next sampling location (x_next, i_next):
  5.0084833730E+01  2.0062024564E+02  0.0000000000E+00

Iteration time [s]:   37.507        Total time [s]:   38.896

--------------------------------------------------------------------------------
                                 BO ITERATION 2                                 
--------------------------------------------------------------------------------
| Evaluating objective function at 5.008E+01 2.006E+02 0.000E+00
| Objective function evaluated, time [s]       23.586
| Data point added to dataset (x i y): 
  5.0084833730E+01  2.0062024564E+02  0.0000000000E+00      -2.0300723800E+05

| Total ensemble size: 34
| Best acquisition, x_best i_best y_best:
  2.2327309137E+02  8.7998957553E+00  0.0000000000E+00      -2.0301195113E+05
| Global minimum prediction, x_hat mu_hat +- nu_hat:
  5.6509063946E+01  1.6441578224E+02  0.0000000000E+00      -2.0302673419E+05  1.3207797291E+00
| Global minimum convergence, d_xhat d_muhat:
  1.2040647439E+01  4.4188492292E-02

| GP model hyperparameters (lengthscales W kappa):
  5.1017132191E-01  2.8746654274E-01 -9.7482031948E+00 -4.9935996124E+00  1.3928960907E-02  1.3998453493E-02
| Next sampling location (x_next, i_next):
  1.2800670118E+02  1.6787660456E+02  0.0000000000E+00

Iteration time [s]:   25.282        Total time [s]:   64.181

--------------------------------------------------------------------------------
                                 BO ITERATION 3                                 
--------------------------------------------------------------------------------
| Evaluating objective function at 1.280E+02 1.679E+02 0.000E+00
| Objective function evaluated, time [s]       23.486
| Data point added to dataset (x i y): 
  1.2800670118E+02  1.6787660456E+02  0.0000000000E+00      -2.0300701180E+05

| Total ensemble size: 35
| Best acquisition, x_best i_best y_best:
  2.2327309137E+02  8.7998957553E+00  0.0000000000E+00      -2.0301195113E+05
| Global minimum prediction, x_hat mu_hat +- nu_hat:
  4.7517282494E+01  1.6502092244E+02  0.0000000000E+00      -2.0302726091E+05  2.7371040162E+00
| Global minimum convergence, d_xhat d_muhat:
  9.0121211894E+00  2.1384687375E-02

| GP model hyperparameters (lengthscales W kappa):
  4.7934815865E-01  2.6517551284E-01 -9.2358582065E+00 -4.9263501907E+00  1.3939876288E-02  1.4032571570E-02
| Next sampling location (x_next, i_next):
 -3.3108882787E+01 -1.5075632553E+01  0.0000000000E+00

Iteration time [s]:   25.170        Total time [s]:   89.354

--------------------------------------------------------------------------------
                                 BO ITERATION 4                                 
--------------------------------------------------------------------------------
| Evaluating objective function at -3.311E+01 -1.508E+01 0.000E+00
| Objective function evaluated, time [s]       23.734
| Data point added to dataset (x i y): 
 -3.3108882787E+01 -1.5075632553E+01  0.0000000000E+00      -2.0299911773E+05

| Total ensemble size: 36
| Best acquisition, x_best i_best y_best:
  2.2327309137E+02  8.7998957553E+00  0.0000000000E+00      -2.0301195113E+05
| Global minimum prediction, x_hat mu_hat +- nu_hat:
  5.2186886796E+01  1.6451487266E+02  0.0000000000E+00      -2.0302599983E+05  1.8999602548E+00
| Global minimum convergence, d_xhat d_muhat:
  4.6969448279E+00  5.2608726356E-02

| GP model hyperparameters (lengthscales W kappa):
  3.9812872590E-01  2.8861866395E-01 -9.2860061888E+00 -5.0007773769E+00  1.3962242164E-02  1.4106085714E-02
| Next sampling location (x_next, i_next):
  2.9211406849E+01  1.6339446166E+02  0.0000000000E+00

Iteration time [s]:   25.855        Total time [s]:  115.212

--------------------------------------------------------------------------------
                                 BO ITERATION 5                                 
--------------------------------------------------------------------------------
| Evaluating objective function at 2.921E+01 1.634E+02 0.000E+00
| Objective function evaluated, time [s]       23.483
| Data point added to dataset (x i y): 
  2.9211406849E+01  1.6339446166E+02  0.0000000000E+00      -2.0300721604E+05

| Total ensemble size: 37
| Best acquisition, x_best i_best y_best:
  2.2327309137E+02  8.7998957553E+00  0.0000000000E+00      -2.0301195113E+05
| Global minimum prediction, x_hat mu_hat +- nu_hat:
  2.6222040908E+02 -1.0507083072E+00  0.0000000000E+00      -2.0301917856E+05  2.9285528927E+00
| Global minimum convergence, d_xhat d_muhat:
  2.6744353064E+02  2.7665304101E-01

| GP model hyperparameters (lengthscales W kappa):
  6.3683315420E-01  1.0974972553E-01  6.0652031238E+00  5.4781932679E+00  1.3955603284E-02  1.3967166370E-02
| Next sampling location (x_next, i_next):
  9.2968751477E+01  1.8408434584E+02  0.0000000000E+00

Iteration time [s]:   26.613        Total time [s]:  141.828

--------------------------------------------------------------------------------
                                 BO ITERATION 6                                 
--------------------------------------------------------------------------------
| Evaluating objective function at 9.297E+01 1.841E+02 0.000E+00
| Objective function evaluated, time [s]       23.466
| Data point added to dataset (x i y): 
  9.2968751477E+01  1.8408434584E+02  0.0000000000E+00      -2.0300862316E+05

| Total ensemble size: 38
| Best acquisition, x_best i_best y_best:
  2.2327309137E+02  8.7998957553E+00  0.0000000000E+00      -2.0301195113E+05
| Global minimum prediction, x_hat mu_hat +- nu_hat:
  2.6395624423E+02 -1.4154700814E+00  0.0000000000E+00      -2.0301897640E+05  4.2724203061E+00
| Global minimum convergence, d_xhat d_muhat:
  1.7737459891E+00  7.9761769237E-03

| GP model hyperparameters (lengthscales W kappa):
  6.0796469397E-01  9.3623398587E-02  5.7320914852E+00  5.5022483719E+00  1.3952970418E-02  1.3957557431E-02
| Next sampling location (x_next, i_next):
 -5.0000000000E+01  1.4912459917E+00  0.0000000000E+00

Iteration time [s]:   26.733        Total time [s]:  168.564

--------------------------------------------------------------------------------
                                 BO ITERATION 7                                 
--------------------------------------------------------------------------------
| Evaluating objective function at -5.000E+01 1.491E+00 0.000E+00
| Objective function evaluated, time [s]       23.554
| Data point added to dataset (x i y): 
 -5.0000000000E+01  1.4912459917E+00  0.0000000000E+00      -2.0300195584E+05

| Total ensemble size: 39
| Best acquisition, x_best i_best y_best:
  2.2327309137E+02  8.7998957553E+00  0.0000000000E+00      -2.0301195113E+05
| Global minimum prediction, x_hat mu_hat +- nu_hat:
  3.6842154826E+01  1.7409203598E+02  0.0000000000E+00      -2.0301796316E+05  2.3967236203E+00
| Global minimum convergence, d_xhat d_muhat:
  2.8702559867E+02  4.0300035429E-02

| GP model hyperparameters (lengthscales W kappa):
  6.9523796411E-01  5.3329607150E-02  5.8925680249E+00  5.2259522512E+00  1.3913753044E-02  1.3917548198E-02
| Next sampling location (x_next, i_next):
  1.8698105335E+02 -6.1050021545E+00  0.0000000000E+00

Iteration time [s]:   27.480        Total time [s]:  196.047

--------------------------------------------------------------------------------
                                 BO ITERATION 8                                 
--------------------------------------------------------------------------------
| Evaluating objective function at 1.870E+02 -6.105E+00 0.000E+00
| Objective function evaluated, time [s]       23.559
| Data point added to dataset (x i y): 
  1.8698105335E+02 -6.1050021545E+00  0.0000000000E+00      -2.0300601464E+05

| Total ensemble size: 40
| Best acquisition, x_best i_best y_best:
  2.2327309137E+02  8.7998957553E+00  0.0000000000E+00      -2.0301195113E+05
| Global minimum prediction, x_hat mu_hat +- nu_hat:
  2.7831474777E+02  9.2713168959E+00  0.0000000000E+00      -2.0302068774E+05  7.3503552407E+00
| Global minimum convergence, d_xhat d_muhat:
  2.9236087731E+02  1.0733065919E-01

| GP model hyperparameters (lengthscales W kappa):
  1.9788460322E-01  2.4342358668E-01  6.9412852789E+00  5.3335335971E+00  1.3964793975E-02  1.4003186975E-02
| Next sampling location (x_next, i_next):
  2.6630089608E+02  2.2559574327E+01  0.0000000000E+00

Iteration time [s]:   26.551        Total time [s]:  222.602

--------------------------------------------------------------------------------
                                 BO ITERATION 9                                 
--------------------------------------------------------------------------------
| Evaluating objective function at 2.663E+02 2.256E+01 0.000E+00
| Objective function evaluated, time [s]       24.354
| Data point added to dataset (x i y): 
  2.6630089608E+02  2.2559574327E+01  0.0000000000E+00      -2.0300531820E+05

| Total ensemble size: 41
| Best acquisition, x_best i_best y_best:
  2.2327309137E+02  8.7998957553E+00  0.0000000000E+00      -2.0301195113E+05
| Global minimum prediction, x_hat mu_hat +- nu_hat:
  6.0171525692E+01  1.6684258477E+02  0.0000000000E+00      -2.0301942411E+05  1.6102583969E+00
| Global minimum convergence, d_xhat d_muhat:
  2.6910066852E+02  4.9514881955E-02

| GP model hyperparameters (lengthscales W kappa):
  1.5861336178E-01  2.4362980773E-01 -6.5714486932E+00 -5.3090618207E+00  1.3944946042E-02  1.3966334838E-02
| Next sampling location (x_next, i_next):
 -2.6915998752E+01  1.6477756512E+02  0.0000000000E+00

Iteration time [s]:   27.637        Total time [s]:  250.243

--------------------------------------------------------------------------------
                                BO ITERATION 10                                 
--------------------------------------------------------------------------------
| Evaluating objective function at -2.692E+01 1.648E+02 0.000E+00
| Objective function evaluated, time [s]       23.478
| Data point added to dataset (x i y): 
 -2.6915998752E+01  1.6477756512E+02  0.0000000000E+00      -2.0300696277E+05

| Total ensemble size: 42
| Best acquisition, x_best i_best y_best:
  2.2327309137E+02  8.7998957553E+00  0.0000000000E+00      -2.0301195113E+05
| Global minimum prediction, x_hat mu_hat +- nu_hat:
  5.9371518830E+01  1.6701229770E+02  0.0000000000E+00      -2.0301861416E+05  1.2874681013E+00
| Global minimum convergence, d_xhat d_muhat:
  8.1781015812E-01  3.1430568479E-02

| GP model hyperparameters (lengthscales W kappa):
  1.4363154915E-01  2.3880272766E-01 -6.2273108245E+00 -5.3623264149E+00  1.3941083474E-02  1.3955800368E-02
| Next sampling location (x_next, i_next):
  7.2291390832E+01  1.6227467328E+02  0.0000000000E+00

Iteration time [s]:   27.111        Total time [s]:  277.358

--------------------------------------------------------------------------------
                                BO ITERATION 11                                 
--------------------------------------------------------------------------------
| Evaluating objective function at 7.229E+01 1.623E+02 0.000E+00
| Objective function evaluated, time [s]       23.500
| Data point added to dataset (x i y): 
  7.2291390832E+01  1.6227467328E+02  0.0000000000E+00      -2.0300789469E+05

| Total ensemble size: 43
| Best acquisition, x_best i_best y_best:
  2.2327309137E+02  8.7998957553E+00  0.0000000000E+00      -2.0301195113E+05
| Global minimum prediction, x_hat mu_hat +- nu_hat:
  3.8476829037E+01  1.7425993059E+02  0.0000000000E+00      -2.0301721836E+05  2.7173840936E+00
| Global minimum convergence, d_xhat d_muhat:
  2.2115972600E+01  5.3575709468E-02

| GP model hyperparameters (lengthscales W kappa):
  6.1462902143E-01  5.0926716027E-02  5.2855225552E+00  5.3340466193E+00  1.3928356274E-02  1.3926526444E-02
| Next sampling location (x_next, i_next):
  2.8601887824E+01  1.7801812380E+02  0.0000000000E+00

Iteration time [s]:   27.831        Total time [s]:  305.193

--------------------------------------------------------------------------------
                                BO ITERATION 12                                 
--------------------------------------------------------------------------------
| Evaluating objective function at 2.860E+01 1.780E+02 0.000E+00
| Objective function evaluated, time [s]       23.495
| Data point added to dataset (x i y): 
  2.8601887824E+01  1.7801812380E+02  0.0000000000E+00      -2.0300874863E+05

| Total ensemble size: 44
| Best acquisition, x_best i_best y_best:
  2.2327309137E+02  8.7998957553E+00  0.0000000000E+00      -2.0301195113E+05
| Global minimum prediction, x_hat mu_hat +- nu_hat:
  4.2273798746E+01  1.7202822277E+02  0.0000000000E+00      -2.0301549204E+05  8.7533664951E-01
| Global minimum convergence, d_xhat d_muhat:
  4.4042591587E+00  6.5499349631E-02

| GP model hyperparameters (lengthscales W kappa):
  6.4390964870E-01  4.0859819643E-02  4.8752928499E+00  5.5598878270E+00  1.3936049162E-02  1.3929773554E-02
| Next sampling location (x_next, i_next):
  2.0020885780E+02  1.7491632789E+02  0.0000000000E+00

Iteration time [s]:   28.084        Total time [s]:  333.281

--------------------------------------------------------------------------------
                                BO ITERATION 13                                 
--------------------------------------------------------------------------------
| Evaluating objective function at 2.002E+02 1.749E+02 0.000E+00
| Objective function evaluated, time [s]       22.258
| Data point added to dataset (x i y): 
  2.0020885780E+02  1.7491632789E+02  0.0000000000E+00      -2.0300744417E+05

| Total ensemble size: 45
| Best acquisition, x_best i_best y_best:
  2.2327309137E+02  8.7998957553E+00  0.0000000000E+00      -2.0301195113E+05
| Global minimum prediction, x_hat mu_hat +- nu_hat:
  4.3426991023E+01  1.7190034427E+02  0.0000000000E+00      -2.0301539640E+05  8.3317941908E-01
| Global minimum convergence, d_xhat d_muhat:
  1.1602608929E+00  3.6045819741E-03

| GP model hyperparameters (lengthscales W kappa):
  6.1470590293E-01  4.1184855910E-02  4.7565406601E+00  5.5813167481E+00  1.3939519833E-02  1.3930176709E-02
| Next sampling location (x_next, i_next):
  2.5578963069E+02  1.8366741751E+02  0.0000000000E+00

Iteration time [s]:   26.588        Total time [s]:  359.873

--------------------------------------------------------------------------------
                                BO ITERATION 14                                 
--------------------------------------------------------------------------------
| Evaluating objective function at 2.558E+02 1.837E+02 0.000E+00
| Objective function evaluated, time [s]       22.683
| Data point added to dataset (x i y): 
  2.5578963069E+02  1.8366741751E+02  0.0000000000E+00      -2.0300693559E+05

| Total ensemble size: 46
| Best acquisition, x_best i_best y_best:
  2.2327309137E+02  8.7998957553E+00  0.0000000000E+00      -2.0301195113E+05
| Global minimum prediction, x_hat mu_hat +- nu_hat:
  4.3739847376E+01  1.7195506962E+02  0.0000000000E+00      -2.0301514661E+05  7.9558880341E-01
| Global minimum convergence, d_xhat d_muhat:
  3.1760661550E-01  9.3712706275E-03

| GP model hyperparameters (lengthscales W kappa):
  5.9367220190E-01  4.0135582548E-02  4.6190587750E+00  5.6118071027E+00  1.3940282944E-02  1.3929024787E-02
| Next sampling location (x_next, i_next):
  2.3649624575E+01  1.9096193855E+02  0.0000000000E+00

Iteration time [s]:   27.412        Total time [s]:  387.289

--------------------------------------------------------------------------------
                                BO ITERATION 15                                 
--------------------------------------------------------------------------------
| Evaluating objective function at 2.365E+01 1.910E+02 0.000E+00
| Objective function evaluated, time [s]       23.559
| Data point added to dataset (x i y): 
  2.3649624575E+01  1.9096193855E+02  0.0000000000E+00      -2.0300797332E+05

| Total ensemble size: 47
| Best acquisition, x_best i_best y_best:
  2.2327309137E+02  8.7998957553E+00  0.0000000000E+00      -2.0301195113E+05
| Global minimum prediction, x_hat mu_hat +- nu_hat:
  5.6669865168E+01  1.6668628526E+02  0.0000000000E+00      -2.0301725092E+05  8.3187647239E-01
| Global minimum convergence, d_xhat d_muhat:
  1.3962286660E+01  7.8449604086E-02

| GP model hyperparameters (lengthscales W kappa):
  9.5606797396E-02  2.5072905286E-01  5.3087945144E+00  5.4334573637E+00  1.3928423725E-02  1.3928925532E-02
| Next sampling location (x_next, i_next):
  2.8261994360E+02  3.1000000000E+02  0.0000000000E+00

Iteration time [s]:   28.232        Total time [s]:  415.525

--------------------------------------------------------------------------------
                                BO ITERATION 16                                 
--------------------------------------------------------------------------------
| Evaluating objective function at 2.826E+02 3.100E+02 0.000E+00
| Objective function evaluated, time [s]       23.561
| Data point added to dataset (x i y): 
  2.8261994360E+02  3.1000000000E+02  0.0000000000E+00      -2.0300044449E+05

| Total ensemble size: 48
| Best acquisition, x_best i_best y_best:
  2.2327309137E+02  8.7998957553E+00  0.0000000000E+00      -2.0301195113E+05
| Global minimum prediction, x_hat mu_hat +- nu_hat:
  3.9955450693E+01  1.7206555805E+02  0.0000000000E+00      -2.0301469276E+05  9.5163013716E-01
| Global minimum convergence, d_xhat d_muhat:
  1.7558708010E+01  9.6332369689E-02

| GP model hyperparameters (lengthscales W kappa):
  6.2822962455E-01  3.9518591873E-02 -4.4309831320E+00 -5.6060473115E+00  1.3944134883E-02  1.3930109411E-02
| Next sampling location (x_next, i_next):
  3.1000000000E+02  1.7150666147E+02  0.0000000000E+00

Iteration time [s]:   28.930        Total time [s]:  444.459

--------------------------------------------------------------------------------
                                BO ITERATION 17                                 
--------------------------------------------------------------------------------
| Evaluating objective function at 3.100E+02 1.715E+02 0.000E+00
| Objective function evaluated, time [s]       23.782
| Data point added to dataset (x i y): 
  3.1000000000E+02  1.7150666147E+02  0.0000000000E+00      -2.0300823622E+05

| Total ensemble size: 49
| Best acquisition, x_best i_best y_best:
  2.2327309137E+02  8.7998957553E+00  0.0000000000E+00      -2.0301195113E+05
| Global minimum prediction, x_hat mu_hat +- nu_hat:
  5.6772039328E+01  1.7217495802E+02  0.0000000000E+00      -2.0301421587E+05  2.8100419524E-02
| Global minimum convergence, d_xhat d_muhat:
  1.6816944481E+01  1.7843566196E-02

| GP model hyperparameters (lengthscales W kappa):
  5.7118072470E-01  3.8576483179E-02 -4.2929962271E+00 -5.6842555122E+00  1.3951783151E-02  1.3931996998E-02
| Next sampling location (x_next, i_next):
  1.1921703587E+02  9.5955628460E+00  0.0000000000E+00

Iteration time [s]:   29.463        Total time [s]:  473.926

--------------------------------------------------------------------------------
                                BO ITERATION 18                                 
--------------------------------------------------------------------------------
| Evaluating objective function at 1.192E+02 9.596E+00 0.000E+00
| Objective function evaluated, time [s]       23.609
| Data point added to dataset (x i y): 
  1.1921703587E+02  9.5955628460E+00  0.0000000000E+00      -2.0299020933E+05

| Total ensemble size: 50
| Best acquisition, x_best i_best y_best:
  2.2327309137E+02  8.7998957553E+00  0.0000000000E+00      -2.0301195113E+05
| Global minimum prediction, x_hat mu_hat +- nu_hat:
  6.8316625591E+01  1.7247028733E+02  0.0000000000E+00      -2.0301515788E+05  1.0317845381E+00
| Global minimum convergence, d_xhat d_muhat:
  1.1548363148E+01  3.5954861560E-02

| GP model hyperparameters (lengthscales W kappa):
  3.3474281561E-01  7.3574529025E-02 -5.1070263940E+00 -6.0055291784E+00  1.3959146657E-02  1.3944156194E-02
| Next sampling location (x_next, i_next):
  2.4375757558E+02 -1.9953737396E+00  0.0000000000E+00

Iteration time [s]:   28.827        Total time [s]:  502.757

--------------------------------------------------------------------------------
                                BO ITERATION 19                                 
--------------------------------------------------------------------------------
| Evaluating objective function at 2.438E+02 -1.995E+00 0.000E+00
| Objective function evaluated, time [s]       23.650
| Data point added to dataset (x i y): 
  2.4375757558E+02 -1.9953737396E+00  0.0000000000E+00      -2.0301232608E+05

| Total ensemble size: 51
| Best acquisition, x_best i_best y_best:
  2.4375757558E+02 -1.9953737396E+00  0.0000000000E+00      -2.0301232608E+05
| Global minimum prediction, x_hat mu_hat +- nu_hat:
  6.7776871862E+01  1.7213522139E+02  0.0000000000E+00      -2.0301561974E+05  9.9781477433E-01
| Global minimum convergence, d_xhat d_muhat:
  6.3529778660E-01  1.7378655733E-02

| GP model hyperparameters (lengthscales W kappa):
  3.3881988676E-01  6.6333018885E-02 -5.1154682057E+00 -5.9451214621E+00  1.3949094457E-02  1.3937250973E-02
| Next sampling location (x_next, i_next):
  2.4476648148E+02 -1.3642055329E+01  0.0000000000E+00

Iteration time [s]:   29.380        Total time [s]:  532.141

--------------------------------------------------------------------------------
                                BO ITERATION 20                                 
--------------------------------------------------------------------------------
| Evaluating objective function at 2.448E+02 -1.364E+01 0.000E+00
| Objective function evaluated, time [s]       23.612
| Data point added to dataset (x i y): 
  2.4476648148E+02 -1.3642055329E+01  0.0000000000E+00      -2.0301091302E+05

| Total ensemble size: 52
| Best acquisition, x_best i_best y_best:
  2.4375757558E+02 -1.9953737396E+00  0.0000000000E+00      -2.0301232608E+05
| Global minimum prediction, x_hat mu_hat +- nu_hat:
  6.7288585382E+01  1.7207579362E+02  0.0000000000E+00      -2.0301591402E+05  9.7794519488E-01
| Global minimum convergence, d_xhat d_muhat:
  4.9188956730E-01  1.0958405330E-02

| GP model hyperparameters (lengthscales W kappa):
  3.3416433500E-01  6.4298166260E-02 -5.1173515153E+00 -5.9268741082E+00  1.3945500286E-02  1.3934883814E-02
| Next sampling location (x_next, i_next):
 -4.9439745745E+01  1.9022414893E+02  0.0000000000E+00

Iteration time [s]:   29.289        Total time [s]:  561.434

--------------------------------------------------------------------------------
                                BO ITERATION 21                                 
--------------------------------------------------------------------------------
| Evaluating objective function at -4.944E+01 1.902E+02 0.000E+00
| Objective function evaluated, time [s]       23.505
| Data point added to dataset (x i y): 
 -4.9439745745E+01  1.9022414893E+02  0.0000000000E+00      -2.0300792196E+05

| Total ensemble size: 53
| Best acquisition, x_best i_best y_best:
  2.4375757558E+02 -1.9953737396E+00  0.0000000000E+00      -2.0301232608E+05
| Global minimum prediction, x_hat mu_hat +- nu_hat:
  6.7162699413E+01  1.7191786123E+02  0.0000000000E+00      -2.0301591516E+05  9.3058999276E-01
| Global minimum convergence, d_xhat d_muhat:
  2.0196513278E-01  4.2153031647E-05

| GP model hyperparameters (lengthscales W kappa):
  3.3806219598E-01  6.1714470036E-02 -5.0518844486E+00 -5.9200083477E+00  1.3944086357E-02  1.3933326589E-02
| Next sampling location (x_next, i_next):
  1.3979871124E+02  1.9645632565E+02  0.0000000000E+00

Iteration time [s]:   29.358        Total time [s]:  590.796

--------------------------------------------------------------------------------
                                BO ITERATION 22                                 
--------------------------------------------------------------------------------
| Evaluating objective function at 1.398E+02 1.965E+02 0.000E+00
| Objective function evaluated, time [s]       22.390
| Data point added to dataset (x i y): 
  1.3979871124E+02  1.9645632565E+02  0.0000000000E+00      -2.0300631626E+05

| Total ensemble size: 54
| Best acquisition, x_best i_best y_best:
  2.4375757558E+02 -1.9953737396E+00  0.0000000000E+00      -2.0301232608E+05
| Global minimum prediction, x_hat mu_hat +- nu_hat:
  6.7135491930E+01  1.7191130302E+02  0.0000000000E+00      -2.0301581655E+05  8.9872367692E-01
| Global minimum convergence, d_xhat d_muhat:
  2.7986734522E-02  3.6487404386E-03

| GP model hyperparameters (lengthscales W kappa):
  3.3884094088E-01  6.1460881793E-02 -4.9798942298E+00 -5.9139330018E+00  1.3944790676E-02  1.3933100174E-02
| Next sampling location (x_next, i_next):
  9.3243306614E+01  1.7482526558E+02  0.0000000000E+00

Iteration time [s]:   28.362        Total time [s]:  619.162

--------------------------------------------------------------------------------
                                BO ITERATION 23                                 
--------------------------------------------------------------------------------
| Evaluating objective function at 9.324E+01 1.748E+02 0.000E+00
| Objective function evaluated, time [s]       23.523
| Data point added to dataset (x i y): 
  9.3243306614E+01  1.7482526558E+02  0.0000000000E+00      -2.0300866318E+05

| Total ensemble size: 55
| Best acquisition, x_best i_best y_best:
  2.4375757558E+02 -1.9953737396E+00  0.0000000000E+00      -2.0301232608E+05
| Global minimum prediction, x_hat mu_hat +- nu_hat:
  2.6673475919E+02 -7.8538945532E+00  0.0000000000E+00      -2.0301557279E+05  1.0695054910E+00
| Global minimum convergence, d_xhat d_muhat:
  2.6861756039E+02  8.9749856510E-03

| GP model hyperparameters (lengthscales W kappa):
  2.6722136612E-01  6.6743200725E-02 -4.8986084238E+00 -5.9299464309E+00  1.3946364000E-02  1.3931814254E-02
| Next sampling location (x_next, i_next):
 -1.9181112503E+01  1.4808827973E+02  0.0000000000E+00

Iteration time [s]:   29.470        Total time [s]:  648.636

--------------------------------------------------------------------------------
                                BO ITERATION 24                                 
--------------------------------------------------------------------------------
| Evaluating objective function at -1.918E+01 1.481E+02 0.000E+00
| Objective function evaluated, time [s]       23.471
| Data point added to dataset (x i y): 
 -1.9181112503E+01  1.4808827973E+02  0.0000000000E+00      -2.0300312074E+05

| Total ensemble size: 56
| Best acquisition, x_best i_best y_best:
  2.4375757558E+02 -1.9953737396E+00  0.0000000000E+00      -2.0301232608E+05
| Global minimum prediction, x_hat mu_hat +- nu_hat:
  2.6618306673E+02 -7.8444690191E+00  0.0000000000E+00      -2.0301536249E+05  1.0562772173E+00
| Global minimum convergence, d_xhat d_muhat:
  5.5177297049E-01  7.7676752235E-03

| GP model hyperparameters (lengthscales W kappa):
  2.7116154949E-01  6.7019624205E-02 -4.8141168611E+00 -5.9390196159E+00  1.3948233712E-02  1.3933225443E-02
| Next sampling location (x_next, i_next):
  2.6159113925E+02  8.7335878361E+00  0.0000000000E+00

Iteration time [s]:   29.938        Total time [s]:  678.578

--------------------------------------------------------------------------------
                                BO ITERATION 25                                 
--------------------------------------------------------------------------------
| Evaluating objective function at 2.616E+02 8.734E+00 0.000E+00
| Objective function evaluated, time [s]       23.538
| Data point added to dataset (x i y): 
  2.6159113925E+02  8.7335878361E+00  0.0000000000E+00      -2.0301014277E+05

| Total ensemble size: 57
| Best acquisition, x_best i_best y_best:
  2.4375757558E+02 -1.9953737396E+00  0.0000000000E+00      -2.0301232608E+05
| Global minimum prediction, x_hat mu_hat +- nu_hat:
  2.6449393816E+02 -7.6673562365E+00  0.0000000000E+00      -2.0301546260E+05  1.1665105891E+00
| Global minimum convergence, d_xhat d_muhat:
  1.6983887209E+00  3.6734146123E-03

| GP model hyperparameters (lengthscales W kappa):
  2.9947724223E-01  6.0905287371E-02  4.7838571812E+00  5.9746767535E+00  1.3947212380E-02  1.3931796330E-02
| Next sampling location (x_next, i_next):
  2.2613131467E+02  1.5737940646E+02  0.0000000000E+00

Iteration time [s]:   30.868        Total time [s]:  709.450

--------------------------------------------------------------------------------
                                BO ITERATION 26                                 
--------------------------------------------------------------------------------
| Evaluating objective function at 2.261E+02 1.574E+02 0.000E+00
| Objective function evaluated, time [s]       23.238
| Data point added to dataset (x i y): 
  2.2613131467E+02  1.5737940646E+02  0.0000000000E+00      -2.0300404771E+05

| Total ensemble size: 58
| Best acquisition, x_best i_best y_best:
  2.4375757558E+02 -1.9953737396E+00  0.0000000000E+00      -2.0301232608E+05
| Global minimum prediction, x_hat mu_hat +- nu_hat:
  2.6443850608E+02 -7.6996325469E+00  0.0000000000E+00      -2.0301530642E+05  1.1276166302E+00
| Global minimum convergence, d_xhat d_muhat:
  6.4144184820E-02  5.7414932899E-03

| GP model hyperparameters (lengthscales W kappa):
  2.9489605478E-01  6.2196297104E-02  4.7044801793E+00  5.9680600886E+00  1.3948556051E-02  1.3931687910E-02
| Next sampling location (x_next, i_next):
  2.1894129997E+02  2.0467652030E+02  0.0000000000E+00

Iteration time [s]:   30.144        Total time [s]:  739.598

--------------------------------------------------------------------------------
                                BO ITERATION 27                                 
--------------------------------------------------------------------------------
| Evaluating objective function at 2.189E+02 2.047E+02 0.000E+00
| Objective function evaluated, time [s]       22.449
| Data point added to dataset (x i y): 
  2.1894129997E+02  2.0467652030E+02  0.0000000000E+00      -2.0300370239E+05

| Total ensemble size: 59
| Best acquisition, x_best i_best y_best:
  2.4375757558E+02 -1.9953737396E+00  0.0000000000E+00      -2.0301232608E+05
| Global minimum prediction, x_hat mu_hat +- nu_hat:
  2.6359404334E+02 -7.6654690547E+00  0.0000000000E+00      -2.0301515172E+05  1.1387534814E+00
| Global minimum convergence, d_xhat d_muhat:
  8.4515351361E-01  5.6994292603E-03

| GP model hyperparameters (lengthscales W kappa):
  3.0256915749E-01  6.1857289148E-02  4.6288812572E+00  5.9781713040E+00  1.3951418146E-02  1.3931639394E-02
| Next sampling location (x_next, i_next):
  1.6009125179E+02  1.8425186748E+02  0.0000000000E+00

Iteration time [s]:   30.396        Total time [s]:  769.998

--------------------------------------------------------------------------------
                                BO ITERATION 28                                 
--------------------------------------------------------------------------------
| Evaluating objective function at 1.601E+02 1.843E+02 0.000E+00
| Objective function evaluated, time [s]       22.972
| Data point added to dataset (x i y): 
  1.6009125179E+02  1.8425186748E+02  0.0000000000E+00      -2.0300787219E+05

| Total ensemble size: 60
| Best acquisition, x_best i_best y_best:
  2.4375757558E+02 -1.9953737396E+00  0.0000000000E+00      -2.0301232608E+05
| Global minimum prediction, x_hat mu_hat +- nu_hat:
  2.6317876499E+02 -7.6256854497E+00  0.0000000000E+00      -2.0301515491E+05  1.1565523785E+00
| Global minimum convergence, d_xhat d_muhat:
  4.1717963093E-01  1.1701850596E-04

| GP model hyperparameters (lengthscales W kappa):
  3.0880202395E-01  6.0913971824E-02  4.5926424029E+00  5.9958461398E+00  1.3952978861E-02  1.3932989993E-02
| Next sampling location (x_next, i_next):
  2.4496437272E+02  1.4075731073E+02  0.0000000000E+00

Iteration time [s]:   30.818        Total time [s]:  800.820

--------------------------------------------------------------------------------
                                BO ITERATION 29                                 
--------------------------------------------------------------------------------
| Evaluating objective function at 2.450E+02 1.408E+02 0.000E+00
| Objective function evaluated, time [s]       22.245
| Data point added to dataset (x i y): 
  2.4496437272E+02  1.4075731073E+02  0.0000000000E+00      -2.0299936320E+05

| Total ensemble size: 61
| Best acquisition, x_best i_best y_best:
  2.4375757558E+02 -1.9953737396E+00  0.0000000000E+00      -2.0301232608E+05
| Global minimum prediction, x_hat mu_hat +- nu_hat:
  2.6276399179E+02 -7.6514222850E+00  0.0000000000E+00      -2.0301498785E+05  1.1327921168E+00
| Global minimum convergence, d_xhat d_muhat:
  4.1557091593E-01  6.1803770262E-03

| GP model hyperparameters (lengthscales W kappa):
  3.1051186415E-01  6.2265996491E-02  4.5925742590E+00  6.0148950322E+00  1.3954580496E-02  1.3933787008E-02
| Next sampling location (x_next, i_next):
 -1.0702644358E+01  2.1004956132E+02  0.0000000000E+00

Iteration time [s]:   30.032        Total time [s]:  830.856

--------------------------------------------------------------------------------
                                BO ITERATION 30                                 
--------------------------------------------------------------------------------
| Evaluating objective function at -1.070E+01 2.100E+02 0.000E+00
| Objective function evaluated, time [s]       23.755
| Data point added to dataset (x i y): 
 -1.0702644358E+01  2.1004956132E+02  0.0000000000E+00      -2.0300349294E+05

| Total ensemble size: 62
| Best acquisition, x_best i_best y_best:
  2.4375757558E+02 -1.9953737396E+00  0.0000000000E+00      -2.0301232608E+05
| Global minimum prediction, x_hat mu_hat +- nu_hat:
  2.6207835704E+02 -7.6320701322E+00  0.0000000000E+00      -2.0301486095E+05  1.1306624590E+00
| Global minimum convergence, d_xhat d_muhat:
  6.8590781156E-01  4.7045922534E-03

| GP model hyperparameters (lengthscales W kappa):
  3.1572598585E-01  6.2330450358E-02  4.5281769834E+00  6.0216669561E+00  1.3956684157E-02  1.3934060302E-02
| Next sampling location (x_next, i_next):
  2.7895747789E+02  2.2778959805E+02  0.0000000000E+00

Iteration time [s]:   31.819        Total time [s]:  862.679

--------------------------------------------------------------------------------
                                BO ITERATION 31                                 
--------------------------------------------------------------------------------
| Evaluating objective function at 2.790E+02 2.278E+02 0.000E+00
| Objective function evaluated, time [s]       24.242
| Data point added to dataset (x i y): 
  2.7895747789E+02  2.2778959805E+02  0.0000000000E+00      -2.0299799291E+05

| Total ensemble size: 63
| Best acquisition, x_best i_best y_best:
  2.4375757558E+02 -1.9953737396E+00  0.0000000000E+00      -2.0301232608E+05
| Global minimum prediction, x_hat mu_hat +- nu_hat:
  2.6531935952E+02 -8.0032760239E+00  0.0000000000E+00      -2.0301459254E+05  9.3786013458E-01
| Global minimum convergence, d_xhat d_muhat:
  3.2621911154E+00  1.0031641203E-02

| GP model hyperparameters (lengthscales W kappa):
  2.6191010450E-01  7.7965244571E-02  4.5747896807E+00  6.0788796931E+00  1.3977976563E-02  1.3946231476E-02
| Next sampling location (x_next, i_next):
  1.9888377317E+02  2.1214807195E+01  0.0000000000E+00

Iteration time [s]:   31.481        Total time [s]:  894.164

--------------------------------------------------------------------------------
                                BO ITERATION 32                                 
--------------------------------------------------------------------------------
| Evaluating objective function at 1.989E+02 2.121E+01 0.000E+00
| Objective function evaluated, time [s]       23.647
| Data point added to dataset (x i y): 
  1.9888377317E+02  2.1214807195E+01  0.0000000000E+00      -2.0300933310E+05

| Total ensemble size: 64
| Best acquisition, x_best i_best y_best:
  2.4375757558E+02 -1.9953737396E+00  0.0000000000E+00      -2.0301232608E+05
| Global minimum prediction, x_hat mu_hat +- nu_hat:
  2.6577615750E+02 -7.8405613640E+00  0.0000000000E+00      -2.0301472431E+05  1.0338340111E+00
| Global minimum convergence, d_xhat d_muhat:
  4.8491284142E-01  4.9014134119E-03

| GP model hyperparameters (lengthscales W kappa):
  2.4854025643E-01  8.0985398304E-02  4.5974318348E+00  6.0978107856E+00  1.3990406647E-02  1.3953318614E-02
| Next sampling location (x_next, i_next):
  1.6660360789E+01  2.3663111894E+02  0.0000000000E+00

Iteration time [s]:   30.391        Total time [s]:  924.559

--------------------------------------------------------------------------------
                                BO ITERATION 33                                 
--------------------------------------------------------------------------------
| Evaluating objective function at 1.666E+01 2.366E+02 0.000E+00
| Objective function evaluated, time [s]       23.594
| Data point added to dataset (x i y): 
  1.6660360789E+01  2.3663111894E+02  0.0000000000E+00      -2.0299599646E+05

| Total ensemble size: 65
| Best acquisition, x_best i_best y_best:
  2.4375757558E+02 -1.9953737396E+00  0.0000000000E+00      -2.0301232608E+05
| Global minimum prediction, x_hat mu_hat +- nu_hat:
  2.6537632676E+02 -7.8709475447E+00  0.0000000000E+00      -2.0301466677E+05  1.0047169319E+00
| Global minimum convergence, d_xhat d_muhat:
  4.0098371937E-01  2.1612079243E-03

| GP model hyperparameters (lengthscales W kappa):
  2.5720239590E-01  8.0182792724E-02  4.6982894941E+00  6.1053896102E+00  1.3980112331E-02  1.3949133910E-02
| Next sampling location (x_next, i_next):
  1.6416668971E+02  3.5803595865E+01  0.0000000000E+00

Iteration time [s]:   30.982        Total time [s]:  955.545

--------------------------------------------------------------------------------
                                BO ITERATION 34                                 
--------------------------------------------------------------------------------
| Evaluating objective function at 1.642E+02 3.580E+01 0.000E+00
| Objective function evaluated, time [s]       23.500
| Data point added to dataset (x i y): 
  1.6416668971E+02  3.5803595865E+01  0.0000000000E+00      -2.0300217424E+05

| Total ensemble size: 66
| Best acquisition, x_best i_best y_best:
  2.4375757558E+02 -1.9953737396E+00  0.0000000000E+00      -2.0301232608E+05
| Global minimum prediction, x_hat mu_hat +- nu_hat:
  2.6520701934E+02 -7.7801945683E+00  0.0000000000E+00      -2.0301451697E+05  1.0200824190E+00
| Global minimum convergence, d_xhat d_muhat:
  1.9209660917E-01  5.6425147992E-03

| GP model hyperparameters (lengthscales W kappa):
  2.5229759531E-01  8.3991721604E-02  4.6537740898E+00  6.1273134843E+00  1.3993178020E-02  1.3955553859E-02
| Next sampling location (x_next, i_next):
  2.7550623456E+02 -2.2784413166E+01  0.0000000000E+00

Iteration time [s]:   30.210        Total time [s]:  985.759

--------------------------------------------------------------------------------
                                BO ITERATION 35                                 
--------------------------------------------------------------------------------
| Evaluating objective function at 2.755E+02 -2.278E+01 0.000E+00
| Objective function evaluated, time [s]       23.536
| Data point added to dataset (x i y): 
  2.7550623456E+02 -2.2784413166E+01  0.0000000000E+00      -2.0300904151E+05

| Total ensemble size: 67
| Best acquisition, x_best i_best y_best:
  2.4375757558E+02 -1.9953737396E+00  0.0000000000E+00      -2.0301232608E+05
| Global minimum prediction, x_hat mu_hat +- nu_hat:
  2.6617986631E+02 -8.1607478117E+00  0.0000000000E+00      -2.0301452894E+05  1.1075651141E+00
| Global minimum convergence, d_xhat d_muhat:
  1.0446300838E+00  4.4924641777E-04

| GP model hyperparameters (lengthscales W kappa):
  2.3895347777E-01  8.8778784385E-02  4.6657956238E+00  6.1781777842E+00  1.4017924273E-02  1.3969343877E-02
| Next sampling location (x_next, i_next):
 -4.1385033569E+01  2.7016998499E+01  0.0000000000E+00

Iteration time [s]:   30.634        Total time [s]: 1016.397

--------------------------------------------------------------------------------
                                BO ITERATION 36                                 
--------------------------------------------------------------------------------
| Evaluating objective function at -4.139E+01 2.702E+01 0.000E+00
| Objective function evaluated, time [s]       23.597
| Data point added to dataset (x i y): 
 -4.1385033569E+01  2.7016998499E+01  0.0000000000E+00      -2.0299420093E+05

| Total ensemble size: 68
| Best acquisition, x_best i_best y_best:
  2.4375757558E+02 -1.9953737396E+00  0.0000000000E+00      -2.0301232608E+05
| Global minimum prediction, x_hat mu_hat +- nu_hat:
  2.6373904263E+02 -7.7925216094E+00  0.0000000000E+00      -2.0301468888E+05  9.7714863337E-01
| Global minimum convergence, d_xhat d_muhat:
  2.4684429884E+00  6.0617519916E-03

| GP model hyperparameters (lengthscales W kappa):
  3.0967668333E-01  6.5835220753E-02  4.8252996714E+00  6.0476028731E+00  1.3953299824E-02  1.3935213401E-02
| Next sampling location (x_next, i_next):
  2.2615808625E+02 -3.0269301814E+01  0.0000000000E+00

Iteration time [s]:   31.339        Total time [s]: 1047.740

--------------------------------------------------------------------------------
                                BO ITERATION 37                                 
--------------------------------------------------------------------------------
| Evaluating objective function at 2.262E+02 -3.027E+01 0.000E+00
| Objective function evaluated, time [s]       23.472
| Data point added to dataset (x i y): 
  2.2615808625E+02 -3.0269301814E+01  0.0000000000E+00      -2.0300401714E+05

| Total ensemble size: 69
| Best acquisition, x_best i_best y_best:
  2.4375757558E+02 -1.9953737396E+00  0.0000000000E+00      -2.0301232608E+05
| Global minimum prediction, x_hat mu_hat +- nu_hat:
  2.6393464322E+02 -7.9534596388E+00  0.0000000000E+00      -2.0301463500E+05  9.5020093999E-01
| Global minimum convergence, d_xhat d_muhat:
  2.5329950666E-01  2.0431193015E-03

| GP model hyperparameters (lengthscales W kappa):
  3.0343772221E-01  6.7163116214E-02  4.7729335908E+00  6.0338415386E+00  1.3953164783E-02  1.3934825168E-02
| Next sampling location (x_next, i_next):
  3.2968201364E+01 -3.9356198838E+01  0.0000000000E+00

Iteration time [s]:   31.502        Total time [s]: 1079.246

--------------------------------------------------------------------------------
                                BO ITERATION 38                                 
--------------------------------------------------------------------------------
| Evaluating objective function at 3.297E+01 -3.936E+01 0.000E+00
| Objective function evaluated, time [s]       23.622
| Data point added to dataset (x i y): 
  3.2968201364E+01 -3.9356198838E+01  0.0000000000E+00      -2.0299349879E+05

| Total ensemble size: 70
| Best acquisition, x_best i_best y_best:
  2.4375757558E+02 -1.9953737396E+00  0.0000000000E+00      -2.0301232608E+05
| Global minimum prediction, x_hat mu_hat +- nu_hat:
  2.6208194954E+02 -7.6707606019E+00  0.0000000000E+00      -2.0301446656E+05  9.3048525018E-01
| Global minimum convergence, d_xhat d_muhat:
  1.8741378329E+00  6.4558816373E-03

| GP model hyperparameters (lengthscales W kappa):
  3.3907146658E-01  6.6478955758E-02  4.9190545545E+00  6.1806880791E+00  1.3964020465E-02  1.3942788099E-02
| Next sampling location (x_next, i_next):
  2.0216333844E+02  5.7117935683E+01  0.0000000000E+00

Iteration time [s]:   31.544        Total time [s]: 1110.793

--------------------------------------------------------------------------------
                                BO ITERATION 39                                 
--------------------------------------------------------------------------------
| Evaluating objective function at 2.022E+02 5.712E+01 0.000E+00
| Objective function evaluated, time [s]       23.402
| Data point added to dataset (x i y): 
  2.0216333844E+02  5.7117935683E+01  0.0000000000E+00      -2.0299774134E+05

| Total ensemble size: 71
| Best acquisition, x_best i_best y_best:
  2.4375757558E+02 -1.9953737396E+00  0.0000000000E+00      -2.0301232608E+05
| Global minimum prediction, x_hat mu_hat +- nu_hat:
  2.6087079784E+02 -7.6158130150E+00  0.0000000000E+00      -2.0301422406E+05  8.6007768091E-01
| Global minimum convergence, d_xhat d_muhat:
  1.2123974950E+00  9.3519023133E-03

| GP model hyperparameters (lengthscales W kappa):
  3.5500693522E-01  6.8219738818E-02  4.9091042112E+00  6.2963725567E+00  1.3977058044E-02  1.3949385488E-02
| Next sampling location (x_next, i_next):
  1.0393735252E+02  1.4043866100E+02  0.0000000000E+00

Iteration time [s]:   31.928        Total time [s]: 1142.725

--------------------------------------------------------------------------------
                                BO ITERATION 40                                 
--------------------------------------------------------------------------------
| Evaluating objective function at 1.039E+02 1.404E+02 0.000E+00
| Objective function evaluated, time [s]       23.426
| Data point added to dataset (x i y): 
  1.0393735252E+02  1.4043866100E+02  0.0000000000E+00      -2.0300147350E+05

| Total ensemble size: 72
| Best acquisition, x_best i_best y_best:
  2.4375757558E+02 -1.9953737396E+00  0.0000000000E+00      -2.0301232608E+05
| Global minimum prediction, x_hat mu_hat +- nu_hat:
  2.6001152055E+02 -7.5519068667E+00  0.0000000000E+00      -2.0301407934E+05  8.3063058200E-01
| Global minimum convergence, d_xhat d_muhat:
  8.6165042495E-01  5.5945965098E-03

| GP model hyperparameters (lengthscales W kappa):
  3.6365213868E-01  6.8856558451E-02  4.8579446507E+00  6.3393459582E+00  1.3984888817E-02  1.3951845698E-02
| Next sampling location (x_next, i_next):
  5.8775801813E+01  4.1620110886E+01  0.0000000000E+00

Iteration time [s]:   31.506        Total time [s]: 1174.235

--------------------------------------------------------------------------------
                                BO ITERATION 41                                 
--------------------------------------------------------------------------------
| Evaluating objective function at 5.878E+01 4.162E+01 0.000E+00
| Objective function evaluated, time [s]       23.865
| Data point added to dataset (x i y): 
  5.8775801813E+01  4.1620110886E+01  0.0000000000E+00      -2.0299667890E+05

| Total ensemble size: 73
| Best acquisition, x_best i_best y_best:
  2.4375757558E+02 -1.9953737396E+00  0.0000000000E+00      -2.0301232608E+05
| Global minimum prediction, x_hat mu_hat +- nu_hat:
  2.5843558418E+02 -7.4492616384E+00  0.0000000000E+00      -2.0301383502E+05  7.4892627181E-01
| Global minimum convergence, d_xhat d_muhat:
  1.5792756196E+00  9.5088092751E-03

| GP model hyperparameters (lengthscales W kappa):
  3.8504770514E-01  7.1046333186E-02  4.8743079886E+00  6.5096216222E+00  1.4007068144E-02  1.3964085011E-02
| Next sampling location (x_next, i_next):
  2.1722133086E+02  2.7009575162E+02  0.0000000000E+00

Iteration time [s]:   32.417        Total time [s]: 1206.656

--------------------------------------------------------------------------------
                                BO ITERATION 42                                 
--------------------------------------------------------------------------------
| Evaluating objective function at 2.172E+02 2.701E+02 0.000E+00
| Objective function evaluated, time [s]       22.471
| Data point added to dataset (x i y): 
  2.1722133086E+02  2.7009575162E+02  0.0000000000E+00      -2.0298831269E+05

| Total ensemble size: 74
| Best acquisition, x_best i_best y_best:
  2.4375757558E+02 -1.9953737396E+00  0.0000000000E+00      -2.0301232608E+05
| Global minimum prediction, x_hat mu_hat +- nu_hat:
  2.5698486968E+02 -7.5611902913E+00  0.0000000000E+00      -2.0301341827E+05  5.0048675336E-01
| Global minimum convergence, d_xhat d_muhat:
  1.4550259689E+00  1.5301042229E-02

| GP model hyperparameters (lengthscales W kappa):
  4.1685075494E-01  8.0087748804E-02  5.1739954363E+00  7.1045891597E+00  1.4077535202E-02  1.4001754968E-02
| Next sampling location (x_next, i_next):
  5.0707594738E+01  7.9743119607E+01  0.0000000000E+00

Iteration time [s]:   30.868        Total time [s]: 1237.528

--------------------------------------------------------------------------------
                                BO ITERATION 43                                 
--------------------------------------------------------------------------------
| Evaluating objective function at 5.071E+01 7.974E+01 0.000E+00
| Objective function evaluated, time [s]       22.232
| Data point added to dataset (x i y): 
  5.0707594738E+01  7.9743119607E+01  0.0000000000E+00      -2.0299060293E+05

| Total ensemble size: 75
| Best acquisition, x_best i_best y_best:
  2.4375757558E+02 -1.9953737396E+00  0.0000000000E+00      -2.0301232608E+05
| Global minimum prediction, x_hat mu_hat +- nu_hat:
  2.5543738967E+02 -7.5551939578E+00  0.0000000000E+00      -2.0301308601E+05  3.4987038862E-01
| Global minimum convergence, d_xhat d_muhat:
  1.5474916276E+00  1.2329422040E-02

| GP model hyperparameters (lengthscales W kappa):
  4.3872157784E-01  8.7774923953E-02  5.3533379283E+00  7.5332048788E+00  1.4151024793E-02  1.4031421714E-02
| Next sampling location (x_next, i_next):
  1.1784766285E+02  2.5054883417E+02  0.0000000000E+00

Iteration time [s]:   30.126        Total time [s]: 1267.658

--------------------------------------------------------------------------------
                                BO ITERATION 44                                 
--------------------------------------------------------------------------------
| Evaluating objective function at 1.178E+02 2.505E+02 0.000E+00
| Objective function evaluated, time [s]       23.469
| Data point added to dataset (x i y): 
  1.1784766285E+02  2.5054883417E+02  0.0000000000E+00      -2.0299215920E+05

| Total ensemble size: 76
| Best acquisition, x_best i_best y_best:
  2.4375757558E+02 -1.9953737396E+00  0.0000000000E+00      -2.0301232608E+05
| Global minimum prediction, x_hat mu_hat +- nu_hat:
  2.5226747824E+02 -7.0873268696E+00  0.0000000000E+00      -2.0301279772E+05  2.3929668765E-01
| Global minimum convergence, d_xhat d_muhat:
  3.2042531249E+00  1.0794322500E-02

| GP model hyperparameters (lengthscales W kappa):
  4.7001838428E-01  9.4577134865E-02  5.4756597186E+00  7.9523711099E+00  1.4258442401E-02  1.4076772892E-02
| Next sampling location (x_next, i_next):
  2.5036935552E+02  7.4984313125E+01  0.0000000000E+00

Iteration time [s]:   31.339        Total time [s]: 1299.001

--------------------------------------------------------------------------------
                                BO ITERATION 45                                 
--------------------------------------------------------------------------------
| Evaluating objective function at 2.504E+02 7.498E+01 0.000E+00
| Objective function evaluated, time [s]       23.716
| Data point added to dataset (x i y): 
  2.5036935552E+02  7.4984313125E+01  0.0000000000E+00      -2.0298978553E+05

| Total ensemble size: 77
| Best acquisition, x_best i_best y_best:
  2.4375757558E+02 -1.9953737396E+00  0.0000000000E+00      -2.0301232608E+05
| Global minimum prediction, x_hat mu_hat +- nu_hat:
  2.3200658357E+02  5.4562317238E-01  0.0000000000E+00      -2.0301244546E+05  5.3129558370E-01
| Global minimum convergence, d_xhat d_muhat:
  2.1650999499E+01  1.3330746927E-02

| GP model hyperparameters (lengthscales W kappa):
  2.4135634822E-01  1.7273621820E-01  5.7416337744E+00  7.5336913807E+00  1.4751363459E-02  1.4383983797E-02
| Next sampling location (x_next, i_next):
  1.6772447855E+02  1.5027951178E+02  0.0000000000E+00

Iteration time [s]:   30.527        Total time [s]: 1329.532

--------------------------------------------------------------------------------
                                BO ITERATION 46                                 
--------------------------------------------------------------------------------
| Evaluating objective function at 1.677E+02 1.503E+02 0.000E+00
| Objective function evaluated, time [s]       22.085
| Data point added to dataset (x i y): 
  1.6772447855E+02  1.5027951178E+02  0.0000000000E+00      -2.0300362447E+05

| Total ensemble size: 78
| Best acquisition, x_best i_best y_best:
  2.4375757558E+02 -1.9953737396E+00  0.0000000000E+00      -2.0301232608E+05
| Global minimum prediction, x_hat mu_hat +- nu_hat:
  2.3223299600E+02  5.2521272824E-01  0.0000000000E+00      -2.0301244111E+05  5.0903832574E-01
| Global minimum convergence, d_xhat d_muhat:
  2.2733054434E-01  1.6440896323E-04

| GP model hyperparameters (lengthscales W kappa):
  2.4063284736E-01  1.7308896116E-01  5.7109602023E+00  7.5203428538E+00  1.4771654030E-02  1.4390409008E-02
| Next sampling location (x_next, i_next):
  1.1293229568E+02  5.4980033653E+01  0.0000000000E+00

Iteration time [s]:   29.297        Total time [s]: 1358.833

--------------------------------------------------------------------------------
                                BO ITERATION 47                                 
--------------------------------------------------------------------------------
| Evaluating objective function at 1.129E+02 5.498E+01 0.000E+00
| Objective function evaluated, time [s]       24.385
| Data point added to dataset (x i y): 
  1.1293229568E+02  5.4980033653E+01  0.0000000000E+00      -2.0299069403E+05

| Total ensemble size: 79
| Best acquisition, x_best i_best y_best:
  2.4375757558E+02 -1.9953737396E+00  0.0000000000E+00      -2.0301232608E+05
| Global minimum prediction, x_hat mu_hat +- nu_hat:
  2.2972899374E+02  7.4126514710E-01  0.0000000000E+00      -2.0301255396E+05  6.1680510821E-01
| Global minimum convergence, d_xhat d_muhat:
  2.5133057858E+00  4.3078739797E-03

| GP model hyperparameters (lengthscales W kappa):
  2.5462899257E-01  1.7687493050E-01  5.8561713840E+00  7.5723610192E+00  1.4735646658E-02  1.4395271005E-02
| Next sampling location (x_next, i_next):
  5.8959969218E+01  5.6353296019E+00  0.0000000000E+00

Iteration time [s]:   31.645        Total time [s]: 1390.482

--------------------------------------------------------------------------------
                                BO ITERATION 48                                 
--------------------------------------------------------------------------------
| Evaluating objective function at 5.896E+01 5.635E+00 0.000E+00
| Objective function evaluated, time [s]       23.411
| Data point added to dataset (x i y): 
  5.8959969218E+01  5.6353296019E+00  0.0000000000E+00      -2.0300353479E+05

| Total ensemble size: 80
| Best acquisition, x_best i_best y_best:
  2.4375757558E+02 -1.9953737396E+00  0.0000000000E+00      -2.0301232608E+05
| Global minimum prediction, x_hat mu_hat +- nu_hat:
  2.2956416855E+02  7.5638639436E-01  0.0000000000E+00      -2.0301255620E+05  6.2912019950E-01
| Global minimum convergence, d_xhat d_muhat:
  1.6551736029E-01  8.5207028463E-05

| GP model hyperparameters (lengthscales W kappa):
  2.5505216424E-01  1.7569374407E-01 -5.8174774319E+00 -7.5391240094E+00  1.4722349595E-02  1.4380595257E-02
| Next sampling location (x_next, i_next):
  9.8070410246E+01  3.0502061858E+02  0.0000000000E+00

Iteration time [s]:   30.587        Total time [s]: 1421.073

--------------------------------------------------------------------------------
                                BO ITERATION 49                                 
--------------------------------------------------------------------------------
| Evaluating objective function at 9.807E+01 3.050E+02 0.000E+00
| Objective function evaluated, time [s]       23.473
| Data point added to dataset (x i y): 
  9.8070410246E+01  3.0502061858E+02  0.0000000000E+00      -2.0299405983E+05

| Total ensemble size: 81
| Best acquisition, x_best i_best y_best:
  2.4375757558E+02 -1.9953737396E+00  0.0000000000E+00      -2.0301232608E+05
| Global minimum prediction, x_hat mu_hat +- nu_hat:
  2.2748635085E+02  8.2652595780E-01  0.0000000000E+00      -2.0301264318E+05  7.2945278536E-01
| Global minimum convergence, d_xhat d_muhat:
  2.0790011910E+00  3.3391434121E-03

| GP model hyperparameters (lengthscales W kappa):
  2.6943688559E-01  1.7298840962E-01 -5.8254765925E+00 -7.4461909585E+00  1.4612474951E-02  1.4328930790E-02
| Next sampling location (x_next, i_next):
 -2.6696042771E+01 -4.1230169169E+01  0.0000000000E+00

Iteration time [s]:   30.338        Total time [s]: 1451.415

--------------------------------------------------------------------------------
                                BO ITERATION 50                                 
--------------------------------------------------------------------------------
| Evaluating objective function at -2.670E+01 -4.123E+01 0.000E+00
| Objective function evaluated, time [s]       24.353
| Data point added to dataset (x i y): 
 -2.6696042771E+01 -4.1230169169E+01  0.0000000000E+00      -2.0299719861E+05

| Total ensemble size: 82
| Best acquisition, x_best i_best y_best:
  2.4375757558E+02 -1.9953737396E+00  0.0000000000E+00      -2.0301232608E+05
| Global minimum prediction, x_hat mu_hat +- nu_hat:
  2.3239879520E+02  7.2022068576E-01  0.0000000000E+00      -2.0301249052E+05  3.4916838500E-01
| Global minimum convergence, d_xhat d_muhat:
  4.9135944399E+00  5.8826548380E-03

| GP model hyperparameters (lengthscales W kappa):
  2.4612342786E-01  1.9073228743E-01 -5.8279980213E+00 -7.4690878694E+00  1.4843929102E-02  1.4462151203E-02
| Next sampling location (x_next, i_next):
  5.1954443167E+01  2.7442789999E+02  0.0000000000E+00

Iteration time [s]:   31.406        Total time [s]: 1482.825

|| Bayesian optimization completed, time [s]     1482.791


--------------------------------------------------------------------------------
                        BOSS is done! Have a nice day :)                        

      Datetime 05-08-2020 19:04:15            Total time [s]     1482.829       
--------------------------------------------------------------------------------
