
-----------------------------   Welcome to ....   ------------------------------
                      _______  _______ _______ _______ 
                     |   _   \|   _   |   _   |   _   |
                     |.  1   /|.  |   |   1___|   1___|
                     |.  _   \|.  |   |____   |____   |
                     |:  1    |:  1   |:  1   |:  1   |
                     |::.. .  |::.. . |::.. . |::.. . |
                     `-------'`-------`-------`-------'

                                 Version 0.9.15                                 
                              15-08-2020 00:39:32                               
--------------------------------------------------------------------------------

| Reading BOSS input file from: in_2D
| Initializing...

--------------------------------------------------------------------------------
                                   INPUT FILE                                   
--------------------------------------------------------------------------------
# input file for alanine 2D (d4-d13)

# optimization
userfn       userfn_2D.py
bounds       -50 310; -50 310
num_tasks    2
kernel       stdp
initpts      2 30
iterpts      50
verbosity    2
kappa_prior  gamma
kappa_priorparam 1 71.428
W_prior      gaussian
W_priorparam 0 8.451
thetaprior gamma
thetapriorparam 2 0.019; 3.3678 9.0204; 3.3678 9.0204

RESULTS:
1.274014177363633E+01 1.860482883453402E+02 0 -2.030079552807712E+05 
1.382075984607188E+02 1.335892093413062E+02 0 -2.029989154655121E+05 
1.251625144961790E+02 3.044592654498898E+02 1 3.619430000000000E+01 
5.988230782235883E+01 1.793567324542981E+02 1 1.748400000000000E+01 
7.931962381813226E+01 4.596391066046547E+01 1 3.259760000000000E+01 
3.004897246360693E+02 2.283269787673952E+02 1 2.686550000000000E+01 
8.405593981221179E+00 2.711135101917267E+02 1 3.416480000000000E+01 
2.875057750426719E+02 6.410140969064439E+01 1 3.457540000000000E+01 
4.695543483513679E+01 7.573102952162830E+01 1 3.265050000000000E+01 
2.454938466528771E+02 2.358405021419672E+02 1 3.466700000000000E+01 
2.093784666737746E+02 2.385033893799434E+02 1 3.390420000000000E+01 
1.921328977444151E+02 8.980722671611883E+00 1 1.828330000000000E+01 
1.287749584967517E+01 3.040448202048337E+02 1 3.412500000000000E+01 
2.859888586782367E+02 2.571520763413242E+02 1 3.241190000000000E+01 
1.337372159640588E+02 2.192365055278918E+02 1 2.642820000000000E+01 
1.941721156225086E+02 1.319558974408765E+02 1 2.869760000000000E+01 
4.765608502242690E+01 3.100000000000000E+02 1 3.117710000000000E+01 
6.146066754649531E+01 1.406252643520470E+02 1 2.278500000000000E+01 
-5.000000000000001E+01 2.843539319810502E+02 1 3.030450000000000E+01 
1.353433033685596E+02 8.842730140881647E-02 1 3.184050000000000E+01 
-1.697651916001206E+01 -3.407037918742468E+01 1 2.916150000000000E+01 
1.701587970195070E+02 2.452330800712611E+02 1 3.238020000000000E+01 
2.657997124087940E+02 6.313551174213067E+00 1 1.973080000000000E+01 
6.748302564659380E+01 2.841413148242151E+02 1 3.216880000000000E+01 
8.884945755459081E+01 8.857065168389710E+01 1 3.371720000000000E+01 
1.568897809177913E+02 6.143706156658322E+01 1 2.881400000000000E+01 
2.072634650448589E+02 2.976306254481406E+02 1 3.437510000000000E+01 
1.972012283832736E+02 6.307235865059695E+00 1 1.831150000000000E+01 
9.745168429205902E+00 -1.995334830637741E+01 1 3.387680000000000E+01 
6.352275600573411E+01 1.051559925479456E+02 1 3.049900000000000E+01 
7.955164926631299E+01 2.501972067462631E+02 1 2.998870000000000E+01 
5.209394351943616E+01 1.820173969693722E+02 1 1.760090000000000E+01 
--------------------------------------------------------------------------------
                               SIMULATION OPTIONS                               
--------------------------------------------------------------------------------
|| File input/output 
ipfile         in_2D
userfn         userfn_2D.py
outfile        boss.out
rstfile        boss.rst

|| Key settings 
num_tasks         2
bounds         -5.000E+01 3.100E+02;    -5.000E+01 3.100E+02
kerntype       stdp stdp
yrange         -5.000E+01 3.100E+02;    -5.000E+01 3.100E+02
noise          1.000E-12
initpts    2 30    iterpts   50
gm_tol         none
verbosity      2

|| Data acquisition 
acqfn                elcb
acqtol               1.000E-03

|| GP hyperparameters 
thetainit       1.000E+00 3.142E-01
thetabounds     none
thetaprior      gamma
thetapriorpar   2.000E+00 1.900E-02;    3.368E+00 9.020E+00;    3.368E+00 9.020E+00

|| Hyperparameter optimization
updatefreq   1  initupdate      True
updateoffset 0  updaterestarts  2


--------------------------------------------------------------------------------
                              INITIAL DATAPOINT 1                               
--------------------------------------------------------------------------------
| Data point added to dataset (x i y): 
  1.2740141774E+01  1.8604828835E+02  0.0000000000E+00      -2.0300795528E+05

| Total ensemble size: 1
| Next sampling location (x_next, i_next):
  1.3820759846E+02  1.3358920934E+02  0.0000000000E+00

Iteration time [s]:    0.002        Total time [s]:    0.080

--------------------------------------------------------------------------------
                              INITIAL DATAPOINT 2                               
--------------------------------------------------------------------------------
| Data point added to dataset (x i y): 
  1.3820759846E+02  1.3358920934E+02  0.0000000000E+00      -2.0299891547E+05

| Total ensemble size: 2
| Next sampling location (x_next, i_next):
  1.2516251450E+02  3.0445926545E+02  1.0000000000E+00

Iteration time [s]:    0.002        Total time [s]:    0.086

--------------------------------------------------------------------------------
                              INITIAL DATAPOINT 3                               
--------------------------------------------------------------------------------
| Data point added to dataset (x i y): 
  1.2516251450E+02  3.0445926545E+02  1.0000000000E+00       3.6194300000E+01

| Total ensemble size: 3
| Next sampling location (x_next, i_next):
  5.9882307822E+01  1.7935673245E+02  1.0000000000E+00

Iteration time [s]:    0.002        Total time [s]:    0.092

--------------------------------------------------------------------------------
                              INITIAL DATAPOINT 4                               
--------------------------------------------------------------------------------
| Data point added to dataset (x i y): 
  5.9882307822E+01  1.7935673245E+02  1.0000000000E+00       1.7484000000E+01

| Total ensemble size: 4
| Next sampling location (x_next, i_next):
  7.9319623818E+01  4.5963910660E+01  1.0000000000E+00

Iteration time [s]:    0.002        Total time [s]:    0.098

--------------------------------------------------------------------------------
                              INITIAL DATAPOINT 5                               
--------------------------------------------------------------------------------
| Data point added to dataset (x i y): 
  7.9319623818E+01  4.5963910660E+01  1.0000000000E+00       3.2597600000E+01

| Total ensemble size: 5
| Next sampling location (x_next, i_next):
  3.0048972464E+02  2.2832697877E+02  1.0000000000E+00

Iteration time [s]:    0.002        Total time [s]:    0.104

--------------------------------------------------------------------------------
                              INITIAL DATAPOINT 6                               
--------------------------------------------------------------------------------
| Data point added to dataset (x i y): 
  3.0048972464E+02  2.2832697877E+02  1.0000000000E+00       2.6865500000E+01

| Total ensemble size: 6
| Next sampling location (x_next, i_next):
  8.4055939812E+00  2.7111351019E+02  1.0000000000E+00

Iteration time [s]:    0.002        Total time [s]:    0.110

--------------------------------------------------------------------------------
                              INITIAL DATAPOINT 7                               
--------------------------------------------------------------------------------
| Data point added to dataset (x i y): 
  8.4055939812E+00  2.7111351019E+02  1.0000000000E+00       3.4164800000E+01

| Total ensemble size: 7
| Next sampling location (x_next, i_next):
  2.8750577504E+02  6.4101409691E+01  1.0000000000E+00

Iteration time [s]:    0.002        Total time [s]:    0.116

--------------------------------------------------------------------------------
                              INITIAL DATAPOINT 8                               
--------------------------------------------------------------------------------
| Data point added to dataset (x i y): 
  2.8750577504E+02  6.4101409691E+01  1.0000000000E+00       3.4575400000E+01

| Total ensemble size: 8
| Next sampling location (x_next, i_next):
  4.6955434835E+01  7.5731029522E+01  1.0000000000E+00

Iteration time [s]:    0.002        Total time [s]:    0.122

--------------------------------------------------------------------------------
                              INITIAL DATAPOINT 9                               
--------------------------------------------------------------------------------
| Data point added to dataset (x i y): 
  4.6955434835E+01  7.5731029522E+01  1.0000000000E+00       3.2650500000E+01

| Total ensemble size: 9
| Next sampling location (x_next, i_next):
  2.4549384665E+02  2.3584050214E+02  1.0000000000E+00

Iteration time [s]:    0.002        Total time [s]:    0.129

--------------------------------------------------------------------------------
                              INITIAL DATAPOINT 10                              
--------------------------------------------------------------------------------
| Data point added to dataset (x i y): 
  2.4549384665E+02  2.3584050214E+02  1.0000000000E+00       3.4667000000E+01

| Total ensemble size: 10
| Next sampling location (x_next, i_next):
  2.0937846667E+02  2.3850338938E+02  1.0000000000E+00

Iteration time [s]:    0.002        Total time [s]:    0.135

--------------------------------------------------------------------------------
                              INITIAL DATAPOINT 11                              
--------------------------------------------------------------------------------
| Data point added to dataset (x i y): 
  2.0937846667E+02  2.3850338938E+02  1.0000000000E+00       3.3904200000E+01

| Total ensemble size: 11
| Next sampling location (x_next, i_next):
  1.9213289774E+02  8.9807226716E+00  1.0000000000E+00

Iteration time [s]:    0.002        Total time [s]:    0.141

--------------------------------------------------------------------------------
                              INITIAL DATAPOINT 12                              
--------------------------------------------------------------------------------
| Data point added to dataset (x i y): 
  1.9213289774E+02  8.9807226716E+00  1.0000000000E+00       1.8283300000E+01

| Total ensemble size: 12
| Next sampling location (x_next, i_next):
  1.2877495850E+01  3.0404482020E+02  1.0000000000E+00

Iteration time [s]:    0.002        Total time [s]:    0.147

--------------------------------------------------------------------------------
                              INITIAL DATAPOINT 13                              
--------------------------------------------------------------------------------
| Data point added to dataset (x i y): 
  1.2877495850E+01  3.0404482020E+02  1.0000000000E+00       3.4125000000E+01

| Total ensemble size: 13
| Next sampling location (x_next, i_next):
  2.8598885868E+02  2.5715207634E+02  1.0000000000E+00

Iteration time [s]:    0.002        Total time [s]:    0.153

--------------------------------------------------------------------------------
                              INITIAL DATAPOINT 14                              
--------------------------------------------------------------------------------
| Data point added to dataset (x i y): 
  2.8598885868E+02  2.5715207634E+02  1.0000000000E+00       3.2411900000E+01

| Total ensemble size: 14
| Next sampling location (x_next, i_next):
  1.3373721596E+02  2.1923650553E+02  1.0000000000E+00

Iteration time [s]:    0.002        Total time [s]:    0.159

--------------------------------------------------------------------------------
                              INITIAL DATAPOINT 15                              
--------------------------------------------------------------------------------
| Data point added to dataset (x i y): 
  1.3373721596E+02  2.1923650553E+02  1.0000000000E+00       2.6428200000E+01

| Total ensemble size: 15
| Next sampling location (x_next, i_next):
  1.9417211562E+02  1.3195589744E+02  1.0000000000E+00

Iteration time [s]:    0.002        Total time [s]:    0.165

--------------------------------------------------------------------------------
                              INITIAL DATAPOINT 16                              
--------------------------------------------------------------------------------
| Data point added to dataset (x i y): 
  1.9417211562E+02  1.3195589744E+02  1.0000000000E+00       2.8697600000E+01

| Total ensemble size: 16
| Next sampling location (x_next, i_next):
  4.7656085022E+01  3.1000000000E+02  1.0000000000E+00

Iteration time [s]:    0.002        Total time [s]:    0.171

--------------------------------------------------------------------------------
                              INITIAL DATAPOINT 17                              
--------------------------------------------------------------------------------
| Data point added to dataset (x i y): 
  4.7656085022E+01  3.1000000000E+02  1.0000000000E+00       3.1177100000E+01

| Total ensemble size: 17
| Next sampling location (x_next, i_next):
  6.1460667546E+01  1.4062526435E+02  1.0000000000E+00

Iteration time [s]:    0.002        Total time [s]:    0.177

--------------------------------------------------------------------------------
                              INITIAL DATAPOINT 18                              
--------------------------------------------------------------------------------
| Data point added to dataset (x i y): 
  6.1460667546E+01  1.4062526435E+02  1.0000000000E+00       2.2785000000E+01

| Total ensemble size: 18
| Next sampling location (x_next, i_next):
 -5.0000000000E+01  2.8435393198E+02  1.0000000000E+00

Iteration time [s]:    0.002        Total time [s]:    0.183

--------------------------------------------------------------------------------
                              INITIAL DATAPOINT 19                              
--------------------------------------------------------------------------------
| Data point added to dataset (x i y): 
 -5.0000000000E+01  2.8435393198E+02  1.0000000000E+00       3.0304500000E+01

| Total ensemble size: 19
| Next sampling location (x_next, i_next):
  1.3534330337E+02  8.8427301409E-02  1.0000000000E+00

Iteration time [s]:    0.002        Total time [s]:    0.189

--------------------------------------------------------------------------------
                              INITIAL DATAPOINT 20                              
--------------------------------------------------------------------------------
| Data point added to dataset (x i y): 
  1.3534330337E+02  8.8427301409E-02  1.0000000000E+00       3.1840500000E+01

| Total ensemble size: 20
| Next sampling location (x_next, i_next):
 -1.6976519160E+01 -3.4070379187E+01  1.0000000000E+00

Iteration time [s]:    0.002        Total time [s]:    0.195

--------------------------------------------------------------------------------
                              INITIAL DATAPOINT 21                              
--------------------------------------------------------------------------------
| Data point added to dataset (x i y): 
 -1.6976519160E+01 -3.4070379187E+01  1.0000000000E+00       2.9161500000E+01

| Total ensemble size: 21
| Next sampling location (x_next, i_next):
  1.7015879702E+02  2.4523308007E+02  1.0000000000E+00

Iteration time [s]:    0.002        Total time [s]:    0.201

--------------------------------------------------------------------------------
                              INITIAL DATAPOINT 22                              
--------------------------------------------------------------------------------
| Data point added to dataset (x i y): 
  1.7015879702E+02  2.4523308007E+02  1.0000000000E+00       3.2380200000E+01

| Total ensemble size: 22
| Next sampling location (x_next, i_next):
  2.6579971241E+02  6.3135511742E+00  1.0000000000E+00

Iteration time [s]:    0.002        Total time [s]:    0.207

--------------------------------------------------------------------------------
                              INITIAL DATAPOINT 23                              
--------------------------------------------------------------------------------
| Data point added to dataset (x i y): 
  2.6579971241E+02  6.3135511742E+00  1.0000000000E+00       1.9730800000E+01

| Total ensemble size: 23
| Next sampling location (x_next, i_next):
  6.7483025647E+01  2.8414131482E+02  1.0000000000E+00

Iteration time [s]:    0.002        Total time [s]:    0.213

--------------------------------------------------------------------------------
                              INITIAL DATAPOINT 24                              
--------------------------------------------------------------------------------
| Data point added to dataset (x i y): 
  6.7483025647E+01  2.8414131482E+02  1.0000000000E+00       3.2168800000E+01

| Total ensemble size: 24
| Next sampling location (x_next, i_next):
  8.8849457555E+01  8.8570651684E+01  1.0000000000E+00

Iteration time [s]:    0.002        Total time [s]:    0.219

--------------------------------------------------------------------------------
                              INITIAL DATAPOINT 25                              
--------------------------------------------------------------------------------
| Data point added to dataset (x i y): 
  8.8849457555E+01  8.8570651684E+01  1.0000000000E+00       3.3717200000E+01

| Total ensemble size: 25
| Next sampling location (x_next, i_next):
  1.5688978092E+02  6.1437061567E+01  1.0000000000E+00

Iteration time [s]:    0.002        Total time [s]:    0.225

--------------------------------------------------------------------------------
                              INITIAL DATAPOINT 26                              
--------------------------------------------------------------------------------
| Data point added to dataset (x i y): 
  1.5688978092E+02  6.1437061567E+01  1.0000000000E+00       2.8814000000E+01

| Total ensemble size: 26
| Next sampling location (x_next, i_next):
  2.0726346504E+02  2.9763062545E+02  1.0000000000E+00

Iteration time [s]:    0.002        Total time [s]:    0.231

--------------------------------------------------------------------------------
                              INITIAL DATAPOINT 27                              
--------------------------------------------------------------------------------
| Data point added to dataset (x i y): 
  2.0726346504E+02  2.9763062545E+02  1.0000000000E+00       3.4375100000E+01

| Total ensemble size: 27
| Next sampling location (x_next, i_next):
  1.9720122838E+02  6.3072358651E+00  1.0000000000E+00

Iteration time [s]:    0.002        Total time [s]:    0.237

--------------------------------------------------------------------------------
                              INITIAL DATAPOINT 28                              
--------------------------------------------------------------------------------
| Data point added to dataset (x i y): 
  1.9720122838E+02  6.3072358651E+00  1.0000000000E+00       1.8311500000E+01

| Total ensemble size: 28
| Next sampling location (x_next, i_next):
  9.7451684292E+00 -1.9953348306E+01  1.0000000000E+00

Iteration time [s]:    0.002        Total time [s]:    0.243

--------------------------------------------------------------------------------
                              INITIAL DATAPOINT 29                              
--------------------------------------------------------------------------------
| Data point added to dataset (x i y): 
  9.7451684292E+00 -1.9953348306E+01  1.0000000000E+00       3.3876800000E+01

| Total ensemble size: 29
| Next sampling location (x_next, i_next):
  6.3522756006E+01  1.0515599255E+02  1.0000000000E+00

Iteration time [s]:    0.002        Total time [s]:    0.249

--------------------------------------------------------------------------------
                              INITIAL DATAPOINT 30                              
--------------------------------------------------------------------------------
| Data point added to dataset (x i y): 
  6.3522756006E+01  1.0515599255E+02  1.0000000000E+00       3.0499000000E+01

| Total ensemble size: 30
| Next sampling location (x_next, i_next):
  7.9551649266E+01  2.5019720675E+02  1.0000000000E+00

Iteration time [s]:    0.002        Total time [s]:    0.255

--------------------------------------------------------------------------------
                              INITIAL DATAPOINT 31                              
--------------------------------------------------------------------------------
| Data point added to dataset (x i y): 
  7.9551649266E+01  2.5019720675E+02  1.0000000000E+00       2.9988700000E+01

| Total ensemble size: 31
| Next sampling location (x_next, i_next):
  5.2093943519E+01  1.8201739697E+02  1.0000000000E+00

Iteration time [s]:    0.002        Total time [s]:    0.261

--------------------------------------------------------------------------------
                              INITIAL DATAPOINT 32                              
--------------------------------------------------------------------------------
| Data point added to dataset (x i y): 
  5.2093943519E+01  1.8201739697E+02  1.0000000000E+00       1.7600900000E+01

| Total ensemble size: 32
| Best acquisition, x_best i_best y_best:
  1.2740141774E+01  1.8604828835E+02  0.0000000000E+00      -2.0300795528E+05
| Global minimum prediction, x_hat mu_hat +- nu_hat:
  5.6865861782E+01  1.7853801384E+02  0.0000000000E+00      -2.0301108398E+05  2.4102681703E-02

| GP model hyperparameters (lengthscales W kappa):
  4.0883044764E-01  3.9714966251E-01 -3.6764673009E+00 -5.7012912031E+00  1.3906592300E-02  1.3905174441E-02
| Next sampling location (x_next, i_next):
  2.1669565834E+02  4.0556680749E+01  0.0000000000E+00

Iteration time [s]:    1.575        Total time [s]:    1.840

--------------------------------------------------------------------------------
                                 BO ITERATION 1                                 
--------------------------------------------------------------------------------
| Evaluating objective function at 2.167E+02 4.056E+01 0.000E+00
| Objective function evaluated, time [s]       44.354
| Data point added to dataset (x i y): 
  2.1669565834E+02  4.0556680749E+01  0.0000000000E+00      -2.0300318139E+05

| Total ensemble size: 33
| Best acquisition, x_best i_best y_best:
  1.2740141774E+01  1.8604828835E+02  0.0000000000E+00      -2.0300795528E+05
| Global minimum prediction, x_hat mu_hat +- nu_hat:
  5.6413120513E+01  1.7778636827E+02  0.0000000000E+00      -2.0301073168E+05  3.8205761912E-02
| Global minimum convergence, d_xhat d_muhat:
  8.7746550806E-01  1.8829078005E-02

| GP model hyperparameters (lengthscales W kappa):
  3.7317300113E-01  3.3165959893E-01  3.3985228809E+00  5.4699746081E+00  1.3971726236E-02  1.3930555808E-02
| Next sampling location (x_next, i_next):
  2.9783481496E+02  1.6096769568E+02  0.0000000000E+00

Iteration time [s]:   46.136        Total time [s]:   47.979

--------------------------------------------------------------------------------
                                 BO ITERATION 2                                 
--------------------------------------------------------------------------------
| Evaluating objective function at 2.978E+02 1.610E+02 0.000E+00
| Objective function evaluated, time [s]       23.873
| Data point added to dataset (x i y): 
  2.9783481496E+02  1.6096769568E+02  0.0000000000E+00      -2.0300672239E+05

| Total ensemble size: 34
| Best acquisition, x_best i_best y_best:
  1.2740141774E+01  1.8604828835E+02  0.0000000000E+00      -2.0300795528E+05
| Global minimum prediction, x_hat mu_hat +- nu_hat:
  5.6181846007E+01  1.7769553071E+02  0.0000000000E+00      -2.0301173627E+05  4.5926573408E-02
| Global minimum convergence, d_xhat d_muhat:
  2.4847406352E-01  5.3691644394E-02

| GP model hyperparameters (lengthscales W kappa):
  3.5183226638E-01  3.1941425764E-01  3.4332646710E+00  5.4150006028E+00  1.3977156906E-02  1.3933735988E-02
| Next sampling location (x_next, i_next):
  2.7989055727E+02 -2.5323049200E+01  0.0000000000E+00

Iteration time [s]:   25.643        Total time [s]:   73.625

--------------------------------------------------------------------------------
                                 BO ITERATION 3                                 
--------------------------------------------------------------------------------
| Evaluating objective function at 2.799E+02 -2.532E+01 0.000E+00
| Objective function evaluated, time [s]       24.045
| Data point added to dataset (x i y): 
  2.7989055727E+02 -2.5323049200E+01  0.0000000000E+00      -2.0300826119E+05

| Total ensemble size: 35
| Best acquisition, x_best i_best y_best:
  2.7989055727E+02 -2.5323049200E+01  0.0000000000E+00      -2.0300826119E+05
| Global minimum prediction, x_hat mu_hat +- nu_hat:
  5.5932264880E+01  1.7720210617E+02  0.0000000000E+00      -2.0301227534E+05  6.5701900012E-02
| Global minimum convergence, d_xhat d_muhat:
  5.5295435267E-01  2.8811848620E-02

| GP model hyperparameters (lengthscales W kappa):
  3.2197903614E-01  2.9578442371E-01  3.2335542369E+00  5.3061873535E+00  1.3984467581E-02  1.3934096549E-02
| Next sampling location (x_next, i_next):
  3.0763297619E+02  8.5694693360E+00  0.0000000000E+00

Iteration time [s]:   26.272        Total time [s]:   99.900

--------------------------------------------------------------------------------
                                 BO ITERATION 4                                 
--------------------------------------------------------------------------------
| Evaluating objective function at 3.076E+02 8.569E+00 0.000E+00
| Objective function evaluated, time [s]       24.222
| Data point added to dataset (x i y): 
  3.0763297619E+02  8.5694693360E+00  0.0000000000E+00      -2.0300100452E+05

| Total ensemble size: 36
| Best acquisition, x_best i_best y_best:
  2.7989055727E+02 -2.5323049200E+01  0.0000000000E+00      -2.0300826119E+05
| Global minimum prediction, x_hat mu_hat +- nu_hat:
  5.6165454506E+01  1.7733930057E+02  0.0000000000E+00      -2.0301279761E+05  7.2087122875E-02
| Global minimum convergence, d_xhat d_muhat:
  2.7055443956E-01  2.7913041243E-02

| GP model hyperparameters (lengthscales W kappa):
  2.8133505798E-01  3.0316350942E-01  3.6630389515E+00  5.1668714837E+00  1.3962480498E-02  1.3932409569E-02
| Next sampling location (x_next, i_next):
  2.4240297772E+02 -1.4523024728E+01  0.0000000000E+00

Iteration time [s]:   26.543        Total time [s]:  126.446

--------------------------------------------------------------------------------
                                 BO ITERATION 5                                 
--------------------------------------------------------------------------------
| Evaluating objective function at 2.424E+02 -1.452E+01 0.000E+00
| Objective function evaluated, time [s]       23.749
| Data point added to dataset (x i y): 
  2.4240297772E+02 -1.4523024728E+01  0.0000000000E+00      -2.0301060927E+05

| Total ensemble size: 37
| Best acquisition, x_best i_best y_best:
  2.4240297772E+02 -1.4523024728E+01  0.0000000000E+00      -2.0301060927E+05
| Global minimum prediction, x_hat mu_hat +- nu_hat:
  5.6115257890E+01  1.7719498083E+02  0.0000000000E+00      -2.0301365009E+05  8.5011239752E-02
| Global minimum convergence, d_xhat d_muhat:
  1.5280015376E-01  4.5562377486E-02

| GP model hyperparameters (lengthscales W kappa):
  2.5553943386E-01  2.9342970869E-01  3.6166141269E+00  5.1389894036E+00  1.3958972688E-02  1.3931276129E-02
| Next sampling location (x_next, i_next):
  1.8155764087E+02 -1.6606957069E+01  0.0000000000E+00

Iteration time [s]:   26.298        Total time [s]:  152.747

--------------------------------------------------------------------------------
                                 BO ITERATION 6                                 
--------------------------------------------------------------------------------
| Evaluating objective function at 1.816E+02 -1.661E+01 0.000E+00
| Objective function evaluated, time [s]       23.632
| Data point added to dataset (x i y): 
  1.8155764087E+02 -1.6606957069E+01  0.0000000000E+00      -2.0300191400E+05

| Total ensemble size: 38
| Best acquisition, x_best i_best y_best:
  2.4240297772E+02 -1.4523024728E+01  0.0000000000E+00      -2.0301060927E+05
| Global minimum prediction, x_hat mu_hat +- nu_hat:
  2.3775496534E+02  5.0818727212E+00  0.0000000000E+00      -2.0301426849E+05  1.3196281298E+00
| Global minimum convergence, d_xhat d_muhat:
  2.5023170324E+02  3.3051108484E-02

| GP model hyperparameters (lengthscales W kappa):
  3.3681154722E-01  2.0387554266E-01  3.8865891544E+00  5.3021276954E+00  1.3972291086E-02  1.3940334608E-02
| Next sampling location (x_next, i_next):
  7.2832326869E+01  2.0445366422E+02  0.0000000000E+00

Iteration time [s]:   26.800        Total time [s]:  179.550

--------------------------------------------------------------------------------
                                 BO ITERATION 7                                 
--------------------------------------------------------------------------------
| Evaluating objective function at 7.283E+01 2.045E+02 0.000E+00
| Objective function evaluated, time [s]       23.592
| Data point added to dataset (x i y): 
  7.2832326869E+01  2.0445366422E+02  0.0000000000E+00      -2.0300618259E+05

| Total ensemble size: 39
| Best acquisition, x_best i_best y_best:
  2.4240297772E+02 -1.4523024728E+01  0.0000000000E+00      -2.0301060927E+05
| Global minimum prediction, x_hat mu_hat +- nu_hat:
  2.4000400055E+02  4.1249585356E+00  0.0000000000E+00      -2.0301375434E+05  1.4498431058E+00
| Global minimum convergence, d_xhat d_muhat:
  2.4441448609E+00  2.7479278751E-02

| GP model hyperparameters (lengthscales W kappa):
  3.1249226679E-01  1.8805850615E-01  3.5790909389E+00  5.2625671001E+00  1.3969167288E-02  1.3934250212E-02
| Next sampling location (x_next, i_next):
  3.2970438288E+01  1.6039038270E+02  0.0000000000E+00

Iteration time [s]:   26.788        Total time [s]:  206.341

--------------------------------------------------------------------------------
                                 BO ITERATION 8                                 
--------------------------------------------------------------------------------
| Evaluating objective function at 3.297E+01 1.604E+02 0.000E+00
| Objective function evaluated, time [s]       24.335
| Data point added to dataset (x i y): 
  3.2970438288E+01  1.6039038270E+02  0.0000000000E+00      -2.0300680382E+05

| Total ensemble size: 40
| Best acquisition, x_best i_best y_best:
  2.4240297772E+02 -1.4523024728E+01  0.0000000000E+00      -2.0301060927E+05
| Global minimum prediction, x_hat mu_hat +- nu_hat:
  2.4263794832E+02  3.2487793700E+00  0.0000000000E+00      -2.0301350317E+05  1.8026647176E+00
| Global minimum convergence, d_xhat d_muhat:
  2.7758549738E+00  1.3424101584E-02

| GP model hyperparameters (lengthscales W kappa):
  2.8644193301E-01  1.5813664483E-01  3.3644983021E+00  5.1710144324E+00  1.3957651248E-02  1.3927090739E-02
| Next sampling location (x_next, i_next):
  2.3221064885E+02  1.2164168570E+01  0.0000000000E+00

Iteration time [s]:   27.496        Total time [s]:  233.840

--------------------------------------------------------------------------------
                                 BO ITERATION 9                                 
--------------------------------------------------------------------------------
| Evaluating objective function at 2.322E+02 1.216E+01 0.000E+00
| Objective function evaluated, time [s]       23.749
| Data point added to dataset (x i y): 
  2.3221064885E+02  1.2164168570E+01  0.0000000000E+00      -2.0301140770E+05

| Total ensemble size: 41
| Best acquisition, x_best i_best y_best:
  2.3221064885E+02  1.2164168570E+01  0.0000000000E+00      -2.0301140770E+05
| Global minimum prediction, x_hat mu_hat +- nu_hat:
  5.6974044471E+01  1.8053838028E+02  0.0000000000E+00      -2.0301326377E+05  2.2161240911E-02
| Global minimum convergence, d_xhat d_muhat:
  2.5671518807E+02  1.2795347900E-02

| GP model hyperparameters (lengthscales W kappa):
  2.5674332274E-01  1.4863803201E-01  3.2859169301E+00  5.1894976242E+00  1.3956995299E-02  1.3925618714E-02
| Next sampling location (x_next, i_next):
  1.1289402831E+02  1.7989724661E+02  0.0000000000E+00

Iteration time [s]:   27.235        Total time [s]:  261.078

--------------------------------------------------------------------------------
                                BO ITERATION 10                                 
--------------------------------------------------------------------------------
| Evaluating objective function at 1.129E+02 1.799E+02 0.000E+00
| Objective function evaluated, time [s]       23.528
| Data point added to dataset (x i y): 
  1.1289402831E+02  1.7989724661E+02  0.0000000000E+00      -2.0300797431E+05

| Total ensemble size: 42
| Best acquisition, x_best i_best y_best:
  2.3221064885E+02  1.2164168570E+01  0.0000000000E+00      -2.0301140770E+05
| Global minimum prediction, x_hat mu_hat +- nu_hat:
  2.3552810649E+02 -4.4432518555E+00  0.0000000000E+00      -2.0301209152E+05  5.6419843402E-01
| Global minimum convergence, d_xhat d_muhat:
  2.5709873063E+02  6.2229384548E-02

| GP model hyperparameters (lengthscales W kappa):
  1.0234244065E-01  4.3208691742E-01 -3.6404020339E+00  5.0567643305E+00  1.3910770922E-02  1.3907563006E-02
| Next sampling location (x_next, i_next):
  2.2845491263E+02  2.9395092848E+02  0.0000000000E+00

Iteration time [s]:   27.171        Total time [s]:  288.253

--------------------------------------------------------------------------------
                                BO ITERATION 11                                 
--------------------------------------------------------------------------------
| Evaluating objective function at 2.285E+02 2.940E+02 0.000E+00
| Objective function evaluated, time [s]       23.640
| Data point added to dataset (x i y): 
  2.2845491263E+02  2.9395092848E+02  0.0000000000E+00      -2.0299174149E+05

| Total ensemble size: 43
| Best acquisition, x_best i_best y_best:
  2.3221064885E+02  1.2164168570E+01  0.0000000000E+00      -2.0301140770E+05
| Global minimum prediction, x_hat mu_hat +- nu_hat:
  2.3751568245E+02  1.3577643367E+01  0.0000000000E+00      -2.0301273894E+05  4.3017914396E+00
| Global minimum convergence, d_xhat d_muhat:
  1.8130171616E+01  2.5978130499E-02

| GP model hyperparameters (lengthscales W kappa):
  8.2820038725E-02  3.5136055121E-01  5.4638564708E+00 -4.8885799943E+00  1.3907268583E-02  1.3908633897E-02
| Next sampling location (x_next, i_next):
  2.4137409092E+02  5.2632000677E+01  0.0000000000E+00

Iteration time [s]:   27.792        Total time [s]:  316.048

--------------------------------------------------------------------------------
                                BO ITERATION 12                                 
--------------------------------------------------------------------------------
| Evaluating objective function at 2.414E+02 5.263E+01 0.000E+00
| Objective function evaluated, time [s]       23.789
| Data point added to dataset (x i y): 
  2.4137409092E+02  5.2632000677E+01  0.0000000000E+00      -2.0299643028E+05

| Total ensemble size: 44
| Best acquisition, x_best i_best y_best:
  2.3221064885E+02  1.2164168570E+01  0.0000000000E+00      -2.0301140770E+05
| Global minimum prediction, x_hat mu_hat +- nu_hat:
  2.3536308553E+02 -2.6094835539E-01  0.0000000000E+00      -2.0301254651E+05  2.7426763358E+00
| Global minimum convergence, d_xhat d_muhat:
  1.4005009618E+01  7.9116029709E-03

| GP model hyperparameters (lengthscales W kappa):
  9.1944611445E-02  2.5687202399E-01  5.8017581930E+00 -4.8904892918E+00  1.3910108132E-02  1.3912391994E-02
| Next sampling location (x_next, i_next):
  1.9464472315E+02  2.6762205363E+02  0.0000000000E+00

Iteration time [s]:   28.708        Total time [s]:  344.760

--------------------------------------------------------------------------------
                                BO ITERATION 13                                 
--------------------------------------------------------------------------------
| Evaluating objective function at 1.946E+02 2.676E+02 0.000E+00
| Objective function evaluated, time [s]       22.353
| Data point added to dataset (x i y): 
  1.9464472315E+02  2.6762205363E+02  0.0000000000E+00      -2.0298865328E+05

| Total ensemble size: 45
| Best acquisition, x_best i_best y_best:
  2.3221064885E+02  1.2164168570E+01  0.0000000000E+00      -2.0301140770E+05
| Global minimum prediction, x_hat mu_hat +- nu_hat:
  5.7162221133E+01  1.7992178486E+02  0.0000000000E+00      -2.0301614194E+05  3.4986378904E-02
| Global minimum convergence, d_xhat d_muhat:
  2.5341934697E+02  1.3633254024E-01

| GP model hyperparameters (lengthscales W kappa):
  2.8194228632E-01  1.9021287621E-01  5.5231284698E+00  5.0590785762E+00  1.3994775540E-02  1.4007324722E-02
| Next sampling location (x_next, i_next):
  1.8047914357E+02  1.9188136973E+02  0.0000000000E+00

Iteration time [s]:   25.780        Total time [s]:  370.544

--------------------------------------------------------------------------------
                                BO ITERATION 14                                 
--------------------------------------------------------------------------------
| Evaluating objective function at 1.805E+02 1.919E+02 0.000E+00
| Objective function evaluated, time [s]       22.364
| Data point added to dataset (x i y): 
  1.8047914357E+02  1.9188136973E+02  0.0000000000E+00      -2.0300721917E+05

| Total ensemble size: 46
| Best acquisition, x_best i_best y_best:
  2.3221064885E+02  1.2164168570E+01  0.0000000000E+00      -2.0301140770E+05
| Global minimum prediction, x_hat mu_hat +- nu_hat:
  5.7069730874E+01  1.7989846072E+02  0.0000000000E+00      -2.0301652377E+05  3.6615370735E-02
| Global minimum convergence, d_xhat d_muhat:
  9.5385866012E-02  1.4341067872E-02

| GP model hyperparameters (lengthscales W kappa):
  2.7440598692E-01  1.8779176336E-01  5.5445212003E+00  5.0312113186E+00  1.3991597903E-02  1.4007075084E-02
| Next sampling location (x_next, i_next):
  2.3642752670E+02  1.6972510606E+02  0.0000000000E+00

Iteration time [s]:   26.025        Total time [s]:  396.573

--------------------------------------------------------------------------------
                                BO ITERATION 15                                 
--------------------------------------------------------------------------------
| Evaluating objective function at 2.364E+02 1.697E+02 0.000E+00
| Objective function evaluated, time [s]       22.363
| Data point added to dataset (x i y): 
  2.3642752670E+02  1.6972510606E+02  0.0000000000E+00      -2.0300609894E+05

| Total ensemble size: 47
| Best acquisition, x_best i_best y_best:
  2.3221064885E+02  1.2164168570E+01  0.0000000000E+00      -2.0301140770E+05
| Global minimum prediction, x_hat mu_hat +- nu_hat:
  5.7044813857E+01  1.7998442222E+02  0.0000000000E+00      -2.0301660876E+05  3.5752287004E-02
| Global minimum convergence, d_xhat d_muhat:
  8.9499927388E-02  3.1736159149E-03

| GP model hyperparameters (lengthscales W kappa):
  2.7186122710E-01  1.8447136513E-01  5.4892855609E+00  5.0093732184E+00  1.3987943697E-02  1.4005010396E-02
| Next sampling location (x_next, i_next):
  2.6398264683E+02  1.2824050635E+02  0.0000000000E+00

Iteration time [s]:   25.911        Total time [s]:  422.488

--------------------------------------------------------------------------------
                                BO ITERATION 16                                 
--------------------------------------------------------------------------------
| Evaluating objective function at 2.640E+02 1.282E+02 0.000E+00
| Objective function evaluated, time [s]       22.224
| Data point added to dataset (x i y): 
  2.6398264683E+02  1.2824050635E+02  0.0000000000E+00      -2.0299601738E+05

| Total ensemble size: 48
| Best acquisition, x_best i_best y_best:
  2.3221064885E+02  1.2164168570E+01  0.0000000000E+00      -2.0301140770E+05
| Global minimum prediction, x_hat mu_hat +- nu_hat:
  5.7172461053E+01  1.8000715463E+02  0.0000000000E+00      -2.0301603269E+05  3.3851778641E-02
| Global minimum convergence, d_xhat d_muhat:
  1.2965557913E-01  2.1853558384E-02

| GP model hyperparameters (lengthscales W kappa):
  2.8377995423E-01  1.8925399493E-01  5.4808527662E+00  5.0582407141E+00  1.3996833024E-02  1.4013376482E-02
| Next sampling location (x_next, i_next):
  2.9011493508E+02  1.9319409590E+02  0.0000000000E+00

Iteration time [s]:   26.030        Total time [s]:  448.522

--------------------------------------------------------------------------------
                                BO ITERATION 17                                 
--------------------------------------------------------------------------------
| Evaluating objective function at 2.901E+02 1.932E+02 0.000E+00
| Objective function evaluated, time [s]       24.110
| Data point added to dataset (x i y): 
  2.9011493508E+02  1.9319409590E+02  0.0000000000E+00      -2.0300734995E+05

| Total ensemble size: 49
| Best acquisition, x_best i_best y_best:
  2.3221064885E+02  1.2164168570E+01  0.0000000000E+00      -2.0301140770E+05
| Global minimum prediction, x_hat mu_hat +- nu_hat:
  5.7074532631E+01  1.7979455891E+02  0.0000000000E+00      -2.0301638791E+05  3.7500976667E-02
| Global minimum convergence, d_xhat d_muhat:
  2.3406604808E-01  1.3363690807E-02

| GP model hyperparameters (lengthscales W kappa):
  2.7481630053E-01  1.9051330212E-01  5.4977859748E+00  5.0238677597E+00  1.3994172637E-02  1.4012366563E-02
| Next sampling location (x_next, i_next):
 -4.2199669094E+00  2.2251676294E+02  0.0000000000E+00

Iteration time [s]:   27.831        Total time [s]:  476.357

--------------------------------------------------------------------------------
                                BO ITERATION 18                                 
--------------------------------------------------------------------------------
| Evaluating objective function at -4.220E+00 2.225E+02 0.000E+00
| Objective function evaluated, time [s]       23.743
| Data point added to dataset (x i y): 
 -4.2199669094E+00  2.2251676294E+02  0.0000000000E+00      -2.0300002874E+05

| Total ensemble size: 50
| Best acquisition, x_best i_best y_best:
  2.3221064885E+02  1.2164168570E+01  0.0000000000E+00      -2.0301140770E+05
| Global minimum prediction, x_hat mu_hat +- nu_hat:
  5.7153934687E+01  1.7993872784E+02  0.0000000000E+00      -2.0301596939E+05  3.4130763546E-02
| Global minimum convergence, d_xhat d_muhat:
  1.6458847710E-01  1.5845434695E-02

| GP model hyperparameters (lengthscales W kappa):
  2.8175139028E-01  1.9096040222E-01  5.4040540213E+00  5.0323160621E+00  1.4002165002E-02  1.4017491229E-02
| Next sampling location (x_next, i_next):
 -8.5453622522E+00  1.1511657618E+02  0.0000000000E+00

Iteration time [s]:   27.816        Total time [s]:  504.177

--------------------------------------------------------------------------------
                                BO ITERATION 19                                 
--------------------------------------------------------------------------------
| Evaluating objective function at -8.545E+00 1.151E+02 0.000E+00
| Objective function evaluated, time [s]       23.529
| Data point added to dataset (x i y): 
 -8.5453622522E+00  1.1511657618E+02  0.0000000000E+00      -2.0299348437E+05

| Total ensemble size: 51
| Best acquisition, x_best i_best y_best:
  2.3221064885E+02  1.2164168570E+01  0.0000000000E+00      -2.0301140770E+05
| Global minimum prediction, x_hat mu_hat +- nu_hat:
  5.7210193746E+01  1.7929620160E+02  0.0000000000E+00      -2.0301527512E+05  4.0077823361E-02
| Global minimum convergence, d_xhat d_muhat:
  6.4498454308E-01  2.6755899231E-02

| GP model hyperparameters (lengthscales W kappa):
  3.0355169932E-01  2.0588388324E-01  5.4867621801E+00  5.2027625519E+00  1.4036151391E-02  1.4052938068E-02
| Next sampling location (x_next, i_next):
  8.9396513038E+01  1.5611398147E+02  0.0000000000E+00

Iteration time [s]:   27.709        Total time [s]:  531.890

--------------------------------------------------------------------------------
                                BO ITERATION 20                                 
--------------------------------------------------------------------------------
| Evaluating objective function at 8.940E+01 1.561E+02 0.000E+00
| Objective function evaluated, time [s]       23.486
| Data point added to dataset (x i y): 
  8.9396513038E+01  1.5611398147E+02  0.0000000000E+00      -2.0300616364E+05

| Total ensemble size: 52
| Best acquisition, x_best i_best y_best:
  2.3221064885E+02  1.2164168570E+01  0.0000000000E+00      -2.0301140770E+05
| Global minimum prediction, x_hat mu_hat +- nu_hat:
  5.7604154161E+01  1.8085409550E+02  0.0000000000E+00      -2.0301498622E+05  3.5392371832E-02
| Global minimum convergence, d_xhat d_muhat:
  1.6069344161E+00  1.1067319248E-02

| GP model hyperparameters (lengthscales W kappa):
  3.0732620611E-01  1.9170733707E-01  5.3608748899E+00  5.2778494415E+00  1.4040755431E-02  1.4046248939E-02
| Next sampling location (x_next, i_next):
  1.9120297242E+02  9.4226943818E+01  0.0000000000E+00

Iteration time [s]:   27.855        Total time [s]:  559.749

--------------------------------------------------------------------------------
                                BO ITERATION 21                                 
--------------------------------------------------------------------------------
| Evaluating objective function at 1.912E+02 9.423E+01 0.000E+00
| Objective function evaluated, time [s]       23.472
| Data point added to dataset (x i y): 
  1.9120297242E+02  9.4226943818E+01  0.0000000000E+00      -2.0299114941E+05

| Total ensemble size: 53
| Best acquisition, x_best i_best y_best:
  2.3221064885E+02  1.2164168570E+01  0.0000000000E+00      -2.0301140770E+05
| Global minimum prediction, x_hat mu_hat +- nu_hat:
  5.8216172881E+01  1.8112881728E+02  0.0000000000E+00      -2.0301405040E+05  3.9281012250E-02
| Global minimum convergence, d_xhat d_muhat:
  6.7084943776E-01  3.6567265871E-02

| GP model hyperparameters (lengthscales W kappa):
  3.4741317313E-01  2.0262685699E-01  5.5194214329E+00  5.6306129099E+00  1.4098342981E-02  1.4095951100E-02
| Next sampling location (x_next, i_next):
  1.7851358019E+02  1.6292605001E+02  0.0000000000E+00

Iteration time [s]:   27.884        Total time [s]:  587.638

--------------------------------------------------------------------------------
                                BO ITERATION 22                                 
--------------------------------------------------------------------------------
| Evaluating objective function at 1.785E+02 1.629E+02 0.000E+00
| Objective function evaluated, time [s]       22.388
| Data point added to dataset (x i y): 
  1.7851358019E+02  1.6292605001E+02  0.0000000000E+00      -2.0300640335E+05

| Total ensemble size: 54
| Best acquisition, x_best i_best y_best:
  2.3221064885E+02  1.2164168570E+01  0.0000000000E+00      -2.0301140770E+05
| Global minimum prediction, x_hat mu_hat +- nu_hat:
  5.7996584945E+01  1.8102648060E+02  0.0000000000E+00      -2.0301423652E+05  3.6760509563E-02
| Global minimum convergence, d_xhat d_muhat:
  2.4226361099E-01  7.2254617710E-03

| GP model hyperparameters (lengthscales W kappa):
  3.3965164720E-01  2.0241937270E-01  5.5099479178E+00  5.6106306876E+00  1.4106996133E-02  1.4099413320E-02
| Next sampling location (x_next, i_next):
  1.5415283261E+02  3.2489410859E+01  0.0000000000E+00

Iteration time [s]:   26.847        Total time [s]:  614.488

--------------------------------------------------------------------------------
                                BO ITERATION 23                                 
--------------------------------------------------------------------------------
| Evaluating objective function at 1.542E+02 3.249E+01 0.000E+00
| Objective function evaluated, time [s]       23.706
| Data point added to dataset (x i y): 
  1.5415283261E+02  3.2489410859E+01  0.0000000000E+00      -2.0300061091E+05

| Total ensemble size: 55
| Best acquisition, x_best i_best y_best:
  2.3221064885E+02  1.2164168570E+01  0.0000000000E+00      -2.0301140770E+05
| Global minimum prediction, x_hat mu_hat +- nu_hat:
  5.7970424107E+01  1.8105043140E+02  0.0000000000E+00      -2.0301464440E+05  4.1397213394E-02
| Global minimum convergence, d_xhat d_muhat:
  3.5468724100E-02  1.5883194642E-02

| GP model hyperparameters (lengthscales W kappa):
  3.2142483007E-01  1.9068597268E-01 -5.4718853221E+00 -5.3523242325E+00  1.4031096432E-02  1.4036599273E-02
| Next sampling location (x_next, i_next):
  3.8214398845E+00  4.3487078740E+01  0.0000000000E+00

Iteration time [s]:   28.210        Total time [s]:  642.702

--------------------------------------------------------------------------------
                                BO ITERATION 24                                 
--------------------------------------------------------------------------------
| Evaluating objective function at 3.821E+00 4.349E+01 0.000E+00
| Objective function evaluated, time [s]       23.514
| Data point added to dataset (x i y): 
  3.8214398845E+00  4.3487078740E+01  0.0000000000E+00      -2.0299375937E+05

| Total ensemble size: 56
| Best acquisition, x_best i_best y_best:
  2.3221064885E+02  1.2164168570E+01  0.0000000000E+00      -2.0301140770E+05
| Global minimum prediction, x_hat mu_hat +- nu_hat:
  5.8247467090E+01  1.8112867314E+02  0.0000000000E+00      -2.0301408601E+05  4.0997079522E-02
| Global minimum convergence, d_xhat d_muhat:
  2.8787946261E-01  2.2032391230E-02

| GP model hyperparameters (lengthscales W kappa):
  3.4385840794E-01  1.9922946136E-01 -5.4938993954E+00 -5.4717156844E+00  1.4065632030E-02  1.4066961908E-02
| Next sampling location (x_next, i_next):
  2.3098598323E+02  2.0073354443E+02  0.0000000000E+00

Iteration time [s]:   28.259        Total time [s]:  670.969

--------------------------------------------------------------------------------
                                BO ITERATION 25                                 
--------------------------------------------------------------------------------
| Evaluating objective function at 2.310E+02 2.007E+02 0.000E+00
| Objective function evaluated, time [s]       22.301
| Data point added to dataset (x i y): 
  2.3098598323E+02  2.0073354443E+02  0.0000000000E+00      -2.0300432513E+05

| Total ensemble size: 57
| Best acquisition, x_best i_best y_best:
  2.3221064885E+02  1.2164168570E+01  0.0000000000E+00      -2.0301140770E+05
| Global minimum prediction, x_hat mu_hat +- nu_hat:
  5.8246447593E+01  1.8113506495E+02  0.0000000000E+00      -2.0301407340E+05  4.0728126424E-02
| Global minimum convergence, d_xhat d_muhat:
  6.4726051554E-03  4.9603451263E-04

| GP model hyperparameters (lengthscales W kappa):
  3.4429351081E-01  1.9933288505E-01 -5.4655286448E+00 -5.4864409527E+00  1.4076656328E-02  1.4075436526E-02
| Next sampling location (x_next, i_next):
 -3.4596487821E+01  1.7827498538E+02  0.0000000000E+00

Iteration time [s]:   27.014        Total time [s]:  697.987

--------------------------------------------------------------------------------
                                BO ITERATION 26                                 
--------------------------------------------------------------------------------
| Evaluating objective function at -3.460E+01 1.783E+02 0.000E+00
| Objective function evaluated, time [s]       23.358
| Data point added to dataset (x i y): 
 -3.4596487821E+01  1.7827498538E+02  0.0000000000E+00      -2.0300829449E+05

| Total ensemble size: 58
| Best acquisition, x_best i_best y_best:
  2.3221064885E+02  1.2164168570E+01  0.0000000000E+00      -2.0301140770E+05
| Global minimum prediction, x_hat mu_hat +- nu_hat:
  5.8299328414E+01  1.8129213754E+02  0.0000000000E+00      -2.0301416535E+05  4.4756276794E-02
| Global minimum convergence, d_xhat d_muhat:
  1.6573526644E-01  3.5862361428E-03

| GP model hyperparameters (lengthscales W kappa):
  3.4443475773E-01  1.9691893841E-01 -5.4792063364E+00 -5.5642053203E+00  1.4087032560E-02  1.4082804740E-02
| Next sampling location (x_next, i_next):
  6.8432597170E+01  4.2923996940E+00  0.0000000000E+00

Iteration time [s]:   28.262        Total time [s]:  726.253

--------------------------------------------------------------------------------
                                BO ITERATION 27                                 
--------------------------------------------------------------------------------
| Evaluating objective function at 6.843E+01 4.292E+00 0.000E+00
| Objective function evaluated, time [s]       23.777
| Data point added to dataset (x i y): 
  6.8432597170E+01  4.2923996940E+00  0.0000000000E+00      -2.0300276974E+05

| Total ensemble size: 59
| Best acquisition, x_best i_best y_best:
  2.3221064885E+02  1.2164168570E+01  0.0000000000E+00      -2.0301140770E+05
| Global minimum prediction, x_hat mu_hat +- nu_hat:
  5.8170469961E+01  1.8121173876E+02  0.0000000000E+00      -2.0301415954E+05  4.2117772110E-02
| Global minimum convergence, d_xhat d_muhat:
  1.5188306200E-01  2.2663614527E-04

| GP model hyperparameters (lengthscales W kappa):
  3.3818027272E-01  1.9683706171E-01 -5.4157776649E+00 -5.5058476430E+00  1.4077711830E-02  1.4071416367E-02
| Next sampling location (x_next, i_next):
  8.3911362530E+01 -2.3906196644E+01  0.0000000000E+00

Iteration time [s]:   29.027        Total time [s]:  755.284

--------------------------------------------------------------------------------
                                BO ITERATION 28                                 
--------------------------------------------------------------------------------
| Evaluating objective function at 8.391E+01 -2.391E+01 0.000E+00
| Objective function evaluated, time [s]       23.669
| Data point added to dataset (x i y): 
  8.3911362530E+01 -2.3906196644E+01  0.0000000000E+00      -2.0300074570E+05

| Total ensemble size: 60
| Best acquisition, x_best i_best y_best:
  2.3221064885E+02  1.2164168570E+01  0.0000000000E+00      -2.0301140770E+05
| Global minimum prediction, x_hat mu_hat +- nu_hat:
  5.8227397954E+01  1.8121441918E+02  0.0000000000E+00      -2.0301395675E+05  4.1056931444E-02
| Global minimum convergence, d_xhat d_muhat:
  5.6991060684E-02  7.9231310827E-03

| GP model hyperparameters (lengthscales W kappa):
  3.4289717782E-01  1.9891976759E-01 -5.3596689353E+00 -5.5163290532E+00  1.4091314442E-02  1.4080989845E-02
| Next sampling location (x_next, i_next):
  2.6923944164E+02 -7.4393020269E+00  0.0000000000E+00

Iteration time [s]:   28.472        Total time [s]:  783.760

--------------------------------------------------------------------------------
                                BO ITERATION 29                                 
--------------------------------------------------------------------------------
| Evaluating objective function at 2.692E+02 -7.439E+00 0.000E+00
| Objective function evaluated, time [s]       23.708
| Data point added to dataset (x i y): 
  2.6923944164E+02 -7.4393020269E+00  0.0000000000E+00      -2.0301127954E+05

| Total ensemble size: 61
| Best acquisition, x_best i_best y_best:
  2.3221064885E+02  1.2164168570E+01  0.0000000000E+00      -2.0301140770E+05
| Global minimum prediction, x_hat mu_hat +- nu_hat:
  5.8194783712E+01  1.8118741733E+02  0.0000000000E+00      -2.0301370811E+05  3.9568041304E-02
| Global minimum convergence, d_xhat d_muhat:
  4.2341335250E-02  9.6067979579E-03

| GP model hyperparameters (lengthscales W kappa):
  3.3924350255E-01  1.9738458288E-01 -5.3135719973E+00 -5.7349058589E+00  1.4129479580E-02  1.4100738527E-02
| Next sampling location (x_next, i_next):
  1.7829724695E+02  2.1594136091E+02  0.0000000000E+00

Iteration time [s]:   28.583        Total time [s]:  812.347

--------------------------------------------------------------------------------
                                BO ITERATION 30                                 
--------------------------------------------------------------------------------
| Evaluating objective function at 1.783E+02 2.159E+02 0.000E+00
| Objective function evaluated, time [s]       22.301
| Data point added to dataset (x i y): 
  1.7829724695E+02  2.1594136091E+02  0.0000000000E+00      -2.0300172030E+05

| Total ensemble size: 62
| Best acquisition, x_best i_best y_best:
  2.3221064885E+02  1.2164168570E+01  0.0000000000E+00      -2.0301140770E+05
| Global minimum prediction, x_hat mu_hat +- nu_hat:
  5.8048383601E+01  1.8106190885E+02  0.0000000000E+00      -2.0301384943E+05  3.8580025099E-02
| Global minimum convergence, d_xhat d_muhat:
  1.9283509064E-01  5.4666032573E-03

| GP model hyperparameters (lengthscales W kappa):
  3.3430171708E-01  1.8875671332E-01 -5.2683924013E+00 -5.5986643580E+00  1.4111708636E-02  1.4085415455E-02
| Next sampling location (x_next, i_next):
  1.4163250840E+02  1.9365960251E+02  0.0000000000E+00

Iteration time [s]:   27.356        Total time [s]:  839.707

--------------------------------------------------------------------------------
                                BO ITERATION 31                                 
--------------------------------------------------------------------------------
| Evaluating objective function at 1.416E+02 1.937E+02 0.000E+00
| Objective function evaluated, time [s]       22.471
| Data point added to dataset (x i y): 
  1.4163250840E+02  1.9365960251E+02  0.0000000000E+00      -2.0300676615E+05

| Total ensemble size: 63
| Best acquisition, x_best i_best y_best:
  2.3221064885E+02  1.2164168570E+01  0.0000000000E+00      -2.0301140770E+05
| Global minimum prediction, x_hat mu_hat +- nu_hat:
  5.8312768951E+01  1.8120993668E+02  0.0000000000E+00      -2.0301385346E+05  4.3872914609E-02
| Global minimum convergence, d_xhat d_muhat:
  3.0300470680E-01  1.5513817331E-04

| GP model hyperparameters (lengthscales W kappa):
  3.3749283568E-01  1.8729164470E-01 -5.2670831866E+00 -5.6618113879E+00  1.4125440966E-02  1.4096094540E-02
| Next sampling location (x_next, i_next):
  3.0295728645E+02 -4.8117456176E+01  0.0000000000E+00

Iteration time [s]:   27.363        Total time [s]:  867.074

--------------------------------------------------------------------------------
                                BO ITERATION 32                                 
--------------------------------------------------------------------------------
| Evaluating objective function at 3.030E+02 -4.812E+01 0.000E+00
| Objective function evaluated, time [s]       24.469
| Data point added to dataset (x i y): 
  3.0295728645E+02 -4.8117456176E+01  0.0000000000E+00      -2.0300042243E+05

| Total ensemble size: 64
| Best acquisition, x_best i_best y_best:
  2.3221064885E+02  1.2164168570E+01  0.0000000000E+00      -2.0301140770E+05
| Global minimum prediction, x_hat mu_hat +- nu_hat:
  5.8692080540E+01  1.8134469037E+02  0.0000000000E+00      -2.0301347411E+05  5.1118490833E-02
| Global minimum convergence, d_xhat d_muhat:
  4.0253675237E-01  1.4643751759E-02

| GP model hyperparameters (lengthscales W kappa):
  3.4748008449E-01  1.8253751161E-01 -5.2011935024E+00 -5.7561675566E+00  1.4141388149E-02  1.4098404803E-02
| Next sampling location (x_next, i_next):
 -2.1338550719E+01  1.5305627523E+02  0.0000000000E+00

Iteration time [s]:   29.731        Total time [s]:  896.808

--------------------------------------------------------------------------------
                                BO ITERATION 33                                 
--------------------------------------------------------------------------------
| Evaluating objective function at -2.134E+01 1.531E+02 0.000E+00
| Objective function evaluated, time [s]       23.511
| Data point added to dataset (x i y): 
 -2.1338550719E+01  1.5305627523E+02  0.0000000000E+00      -2.0300445611E+05

| Total ensemble size: 65
| Best acquisition, x_best i_best y_best:
  2.3221064885E+02  1.2164168570E+01  0.0000000000E+00      -2.0301140770E+05
| Global minimum prediction, x_hat mu_hat +- nu_hat:
  5.9161018392E+01  1.8162254344E+02  0.0000000000E+00      -2.0301344310E+05  6.4304298154E-02
| Global minimum convergence, d_xhat d_muhat:
  5.4507342480E-01  1.1945443837E-03

| GP model hyperparameters (lengthscales W kappa):
  3.4975510587E-01  1.8116124464E-01 -5.1683742566E+00 -5.7737491743E+00  1.4144242358E-02  1.4100452886E-02
| Next sampling location (x_next, i_next):
  2.1906470508E+02 -3.6847981492E+01  0.0000000000E+00

Iteration time [s]:   28.934        Total time [s]:  925.746

--------------------------------------------------------------------------------
                                BO ITERATION 34                                 
--------------------------------------------------------------------------------
| Evaluating objective function at 2.191E+02 -3.685E+01 0.000E+00
| Objective function evaluated, time [s]       23.684
| Data point added to dataset (x i y): 
  2.1906470508E+02 -3.6847981492E+01  0.0000000000E+00      -2.0300075814E+05

| Total ensemble size: 66
| Best acquisition, x_best i_best y_best:
  2.3221064885E+02  1.2164168570E+01  0.0000000000E+00      -2.0301140770E+05
| Global minimum prediction, x_hat mu_hat +- nu_hat:
  5.9077619994E+01  1.8159888039E+02  0.0000000000E+00      -2.0301355265E+05  6.4747332706E-02
| Global minimum convergence, d_xhat d_muhat:
  8.6690442295E-02  4.2298832073E-03

| GP model hyperparameters (lengthscales W kappa):
  3.4401562018E-01  1.7966013653E-01  5.1350065472E+00  5.6482166949E+00  1.4167752174E-02  1.4121214263E-02
| Next sampling location (x_next, i_next):
 -3.7122001010E+01  2.0309009698E+02  0.0000000000E+00

Iteration time [s]:   29.077        Total time [s]:  954.827

--------------------------------------------------------------------------------
                                BO ITERATION 35                                 
--------------------------------------------------------------------------------
| Evaluating objective function at -3.712E+01 2.031E+02 0.000E+00
| Objective function evaluated, time [s]       23.546
| Data point added to dataset (x i y): 
 -3.7122001010E+01  2.0309009698E+02  0.0000000000E+00      -2.0300551479E+05

| Total ensemble size: 67
| Best acquisition, x_best i_best y_best:
  2.3221064885E+02  1.2164168570E+01  0.0000000000E+00      -2.0301140770E+05
| Global minimum prediction, x_hat mu_hat +- nu_hat:
  5.9071364058E+01  1.8160251534E+02  0.0000000000E+00      -2.0301354842E+05  6.3866176581E-02
| Global minimum convergence, d_xhat d_muhat:
  7.2353032306E-03  1.6284224095E-04

| GP model hyperparameters (lengthscales W kappa):
  3.4483438905E-01  1.8009538943E-01  5.1261780683E+00  5.6807690532E+00  1.4186809253E-02  1.4134303203E-02
| Next sampling location (x_next, i_next):
  2.7200951631E+02  2.7834586016E+01  0.0000000000E+00

Iteration time [s]:   29.113        Total time [s]:  983.944

--------------------------------------------------------------------------------
                                BO ITERATION 36                                 
--------------------------------------------------------------------------------
| Evaluating objective function at 2.720E+02 2.783E+01 0.000E+00
| Objective function evaluated, time [s]       24.377
| Data point added to dataset (x i y): 
  2.7200951631E+02  2.7834586016E+01  0.0000000000E+00      -2.0300262839E+05

| Total ensemble size: 68
| Best acquisition, x_best i_best y_best:
  2.3221064885E+02  1.2164168570E+01  0.0000000000E+00      -2.0301140770E+05
| Global minimum prediction, x_hat mu_hat +- nu_hat:
  5.9229614278E+01  1.8163023739E+02  0.0000000000E+00      -2.0301327628E+05  6.4126211051E-02
| Global minimum convergence, d_xhat d_muhat:
  1.6066002667E-01  1.0478759071E-02

| GP model hyperparameters (lengthscales W kappa):
  3.5117784149E-01  1.8041090059E-01  5.0812988020E+00  5.7754425178E+00  1.4230671586E-02  1.4158660933E-02
| Next sampling location (x_next, i_next):
  2.1829525482E+02  1.5010309644E+02  0.0000000000E+00

Iteration time [s]:   29.468        Total time [s]: 1013.416

--------------------------------------------------------------------------------
                                BO ITERATION 37                                 
--------------------------------------------------------------------------------
| Evaluating objective function at 2.183E+02 1.501E+02 0.000E+00
| Objective function evaluated, time [s]       22.265
| Data point added to dataset (x i y): 
  2.1829525482E+02  1.5010309644E+02  0.0000000000E+00      -2.0300240848E+05

| Total ensemble size: 69
| Best acquisition, x_best i_best y_best:
  2.3221064885E+02  1.2164168570E+01  0.0000000000E+00      -2.0301140770E+05
| Global minimum prediction, x_hat mu_hat +- nu_hat:
  5.9113701750E+01  1.8159035476E+02  0.0000000000E+00      -2.0301325227E+05  6.1107200938E-02
| Global minimum convergence, d_xhat d_muhat:
  1.2258196358E-01  9.2496734410E-04

| GP model hyperparameters (lengthscales W kappa):
  3.5018993799E-01  1.8042713858E-01  5.0610523617E+00  5.7581670256E+00  1.4240011529E-02  1.4162209803E-02
| Next sampling location (x_next, i_next):
  7.6663089741E+01  1.8752656071E+02  0.0000000000E+00

Iteration time [s]:   28.044        Total time [s]: 1041.464

--------------------------------------------------------------------------------
                                BO ITERATION 38                                 
--------------------------------------------------------------------------------
| Evaluating objective function at 7.666E+01 1.875E+02 0.000E+00
| Objective function evaluated, time [s]       23.783
| Data point added to dataset (x i y): 
  7.6663089741E+01  1.8752656071E+02  0.0000000000E+00      -2.0300902596E+05

| Total ensemble size: 70
| Best acquisition, x_best i_best y_best:
  2.3221064885E+02  1.2164168570E+01  0.0000000000E+00      -2.0301140770E+05
| Global minimum prediction, x_hat mu_hat +- nu_hat:
  5.4957253620E+01  1.7731271767E+02  0.0000000000E+00      -2.0301266033E+05  7.4410351967E-02
| Global minimum convergence, d_xhat d_muhat:
  5.9644144847E+00  2.2664352648E-02

| GP model hyperparameters (lengthscales W kappa):
  3.4005508160E-01  1.7727125555E-01  4.9530628463E+00  6.1464535888E+00  1.4277310608E-02  1.4152398509E-02
| Next sampling location (x_next, i_next):
  9.4060980155E+01  2.2875076521E+02  0.0000000000E+00

Iteration time [s]:   29.281        Total time [s]: 1070.749

--------------------------------------------------------------------------------
                                BO ITERATION 39                                 
--------------------------------------------------------------------------------
| Evaluating objective function at 9.406E+01 2.288E+02 0.000E+00
| Objective function evaluated, time [s]       24.054
| Data point added to dataset (x i y): 
  9.4060980155E+01  2.2875076521E+02  0.0000000000E+00      -2.0299830567E+05

| Total ensemble size: 71
| Best acquisition, x_best i_best y_best:
  2.3221064885E+02  1.2164168570E+01  0.0000000000E+00      -2.0301140770E+05
| Global minimum prediction, x_hat mu_hat +- nu_hat:
  5.5309398984E+01  1.7682251860E+02  0.0000000000E+00      -2.0301291647E+05  1.0849523184E-01
| Global minimum convergence, d_xhat d_muhat:
  6.0357392971E-01  9.8497768975E-03

| GP model hyperparameters (lengthscales W kappa):
  3.1905153758E-01  1.6459530047E-01  4.8901867312E+00  5.8697550333E+00  1.4197305556E-02  1.4099563550E-02
| Next sampling location (x_next, i_next):
  1.1776918092E+02  2.6587734555E+02  0.0000000000E+00

Iteration time [s]:   30.171        Total time [s]: 1100.924

--------------------------------------------------------------------------------
                                BO ITERATION 40                                 
--------------------------------------------------------------------------------
| Evaluating objective function at 1.178E+02 2.659E+02 0.000E+00
| Objective function evaluated, time [s]       23.640
| Data point added to dataset (x i y): 
  1.1776918092E+02  2.6587734555E+02  0.0000000000E+00      -2.0298995726E+05

| Total ensemble size: 72
| Best acquisition, x_best i_best y_best:
  2.3221064885E+02  1.2164168570E+01  0.0000000000E+00      -2.0301140770E+05
| Global minimum prediction, x_hat mu_hat +- nu_hat:
  5.6029240436E+01  1.7632806487E+02  0.0000000000E+00      -2.0301291232E+05  1.1221531494E-01
| Global minimum convergence, d_xhat d_muhat:
  8.7330189675E-01  1.6152132322E-04

| GP model hyperparameters (lengthscales W kappa):
  3.1246840969E-01  1.7541078441E-01  5.0955258945E+00  5.9313152182E+00  1.4223598192E-02  1.4139301578E-02
| Next sampling location (x_next, i_next):
  3.9555378953E+01  2.4270956663E+02  0.0000000000E+00

Iteration time [s]:   29.607        Total time [s]: 1130.535

--------------------------------------------------------------------------------
                                BO ITERATION 41                                 
--------------------------------------------------------------------------------
| Evaluating objective function at 3.956E+01 2.427E+02 0.000E+00
| Objective function evaluated, time [s]       24.534
| Data point added to dataset (x i y): 
  3.9555378953E+01  2.4270956663E+02  0.0000000000E+00      -2.0299466824E+05

| Total ensemble size: 73
| Best acquisition, x_best i_best y_best:
  2.3221064885E+02  1.2164168570E+01  0.0000000000E+00      -2.0301140770E+05
| Global minimum prediction, x_hat mu_hat +- nu_hat:
  5.4799959038E+01  1.7701222185E+02  0.0000000000E+00      -2.0301289874E+05  1.0946401135E-01
| Global minimum convergence, d_xhat d_muhat:
  1.4068416865E+00  5.3204168642E-04

| GP model hyperparameters (lengthscales W kappa):
  3.4179961123E-01  1.6046269092E-01  5.1441159453E+00  5.8964148897E+00  1.4223440118E-02  1.4140179908E-02
| Next sampling location (x_next, i_next):
 -2.4572525614E+01  8.2011218136E+01  0.0000000000E+00

Iteration time [s]:   31.062        Total time [s]: 1161.602

--------------------------------------------------------------------------------
                                BO ITERATION 42                                 
--------------------------------------------------------------------------------
| Evaluating objective function at -2.457E+01 8.201E+01 0.000E+00
| Objective function evaluated, time [s]       23.708
| Data point added to dataset (x i y): 
 -2.4572525614E+01  8.2011218136E+01  0.0000000000E+00      -2.0298873431E+05

| Total ensemble size: 74
| Best acquisition, x_best i_best y_best:
  2.3221064885E+02  1.2164168570E+01  0.0000000000E+00      -2.0301140770E+05
| Global minimum prediction, x_hat mu_hat +- nu_hat:
  5.6494004134E+01  1.7685611688E+02  0.0000000000E+00      -2.0301359695E+05  1.1443113694E-01
| Global minimum convergence, d_xhat d_muhat:
  1.7012223695E+00  2.7698343659E-02

| GP model hyperparameters (lengthscales W kappa):
  2.4137755278E-01  2.2167536818E-01  5.3168678733E+00  5.5224878211E+00  1.4193465736E-02  1.4170918705E-02
| Next sampling location (x_next, i_next):
  2.0652739934E+02  1.8033204207E+02  0.0000000000E+00

Iteration time [s]:   29.985        Total time [s]: 1191.591

--------------------------------------------------------------------------------
                                BO ITERATION 43                                 
--------------------------------------------------------------------------------
| Evaluating objective function at 2.065E+02 1.803E+02 0.000E+00
| Objective function evaluated, time [s]       22.483
| Data point added to dataset (x i y): 
  2.0652739934E+02  1.8033204207E+02  0.0000000000E+00      -2.0300739967E+05

| Total ensemble size: 75
| Best acquisition, x_best i_best y_best:
  2.3221064885E+02  1.2164168570E+01  0.0000000000E+00      -2.0301140770E+05
| Global minimum prediction, x_hat mu_hat +- nu_hat:
  5.6499205807E+01  1.7674481665E+02  0.0000000000E+00      -2.0301362071E+05  1.2061817144E-01
| Global minimum convergence, d_xhat d_muhat:
  1.1142171680E-01  9.3841570492E-04

| GP model hyperparameters (lengthscales W kappa):
  2.4307719808E-01  2.1837872606E-01  5.3048288291E+00  5.5595150716E+00  1.4200699122E-02  1.4175100821E-02
| Next sampling location (x_next, i_next):
 -3.2148403939E+01  2.5278253986E+02  0.0000000000E+00

Iteration time [s]:   28.580        Total time [s]: 1220.175

--------------------------------------------------------------------------------
                                BO ITERATION 44                                 
--------------------------------------------------------------------------------
| Evaluating objective function at -3.215E+01 2.528E+02 0.000E+00
| Objective function evaluated, time [s]       23.844
| Data point added to dataset (x i y): 
 -3.2148403939E+01  2.5278253986E+02  0.0000000000E+00      -2.0299282481E+05

| Total ensemble size: 76
| Best acquisition, x_best i_best y_best:
  2.3221064885E+02  1.2164168570E+01  0.0000000000E+00      -2.0301140770E+05
| Global minimum prediction, x_hat mu_hat +- nu_hat:
  5.6517084172E+01  1.7638082185E+02  0.0000000000E+00      -2.0301362932E+05  1.4698985542E-01
| Global minimum convergence, d_xhat d_muhat:
  3.6443360533E-01  3.4257949144E-04

| GP model hyperparameters (lengthscales W kappa):
  2.4650677069E-01  2.0993228279E-01  5.3339605704E+00  5.4966522394E+00  1.4151412717E-02  1.4137836552E-02
| Next sampling location (x_next, i_next):
  1.9606886896E+02  2.4333493816E+01  0.0000000000E+00

Iteration time [s]:   29.997        Total time [s]: 1250.176

--------------------------------------------------------------------------------
                                BO ITERATION 45                                 
--------------------------------------------------------------------------------
| Evaluating objective function at 1.961E+02 2.433E+01 0.000E+00
| Objective function evaluated, time [s]       23.723
| Data point added to dataset (x i y): 
  1.9606886896E+02  2.4333493816E+01  0.0000000000E+00      -2.0300851655E+05

| Total ensemble size: 77
| Best acquisition, x_best i_best y_best:
  2.3221064885E+02  1.2164168570E+01  0.0000000000E+00      -2.0301140770E+05
| Global minimum prediction, x_hat mu_hat +- nu_hat:
  5.4293517132E+01  1.7725985524E+02  0.0000000000E+00      -2.0301293041E+05  1.0806495347E-01
| Global minimum convergence, d_xhat d_muhat:
  2.3910144470E+00  2.7663558058E-02

| GP model hyperparameters (lengthscales W kappa):
  3.5952979053E-01  1.5839161954E-01  5.3549512220E+00  5.9735386600E+00  1.4228758925E-02  1.4161136833E-02
| Next sampling location (x_next, i_next):
  3.2561097561E+01  2.0267041825E+02  0.0000000000E+00

Iteration time [s]:   30.619        Total time [s]: 1280.799

--------------------------------------------------------------------------------
                                BO ITERATION 46                                 
--------------------------------------------------------------------------------
| Evaluating objective function at 3.256E+01 2.027E+02 0.000E+00
| Objective function evaluated, time [s]       23.630
| Data point added to dataset (x i y): 
  3.2561097561E+01  2.0267041825E+02  0.0000000000E+00      -2.0300633454E+05

| Total ensemble size: 78
| Best acquisition, x_best i_best y_best:
  2.3221064885E+02  1.2164168570E+01  0.0000000000E+00      -2.0301140770E+05
| Global minimum prediction, x_hat mu_hat +- nu_hat:
  5.3801325252E+01  1.7731119784E+02  0.0000000000E+00      -2.0301297420E+05  1.0015442226E-01
| Global minimum convergence, d_xhat d_muhat:
  4.9486251525E-01  1.7269253838E-03

| GP model hyperparameters (lengthscales W kappa):
  3.6281463683E-01  1.5731606150E-01  5.3610211128E+00  6.0180533872E+00  1.4239939701E-02  1.4170026579E-02
| Next sampling location (x_next, i_next):
  8.3095641551E+01  1.2481853901E+02  0.0000000000E+00

Iteration time [s]:   30.601        Total time [s]: 1311.404

--------------------------------------------------------------------------------
                                BO ITERATION 47                                 
--------------------------------------------------------------------------------
| Evaluating objective function at 8.310E+01 1.248E+02 0.000E+00
| Objective function evaluated, time [s]       23.560
| Data point added to dataset (x i y): 
  8.3095641551E+01  1.2481853901E+02  0.0000000000E+00      -2.0299706663E+05

| Total ensemble size: 79
| Best acquisition, x_best i_best y_best:
  2.3221064885E+02  1.2164168570E+01  0.0000000000E+00      -2.0301140770E+05
| Global minimum prediction, x_hat mu_hat +- nu_hat:
  5.3513933009E+01  1.7826661391E+02  0.0000000000E+00      -2.0301281365E+05  8.9583549475E-02
| Global minimum convergence, d_xhat d_muhat:
  9.9770445526E-01  6.3584389586E-03

| GP model hyperparameters (lengthscales W kappa):
  3.8100232633E-01  1.4177877167E-01  5.3489343022E+00  5.9926446944E+00  1.4204869473E-02  1.4142077663E-02
| Next sampling location (x_next, i_next):
  2.0730649461E+01  1.3805103387E+02  0.0000000000E+00

Iteration time [s]:   30.614        Total time [s]: 1342.022

--------------------------------------------------------------------------------
                                BO ITERATION 48                                 
--------------------------------------------------------------------------------
| Evaluating objective function at 2.073E+01 1.381E+02 0.000E+00
| Objective function evaluated, time [s]       22.401
| Data point added to dataset (x i y): 
  2.0730649461E+01  1.3805103387E+02  0.0000000000E+00      -2.0300024458E+05

| Total ensemble size: 80
| Best acquisition, x_best i_best y_best:
  2.3221064885E+02  1.2164168570E+01  0.0000000000E+00      -2.0301140770E+05
| Global minimum prediction, x_hat mu_hat +- nu_hat:
  5.7243940578E+01  1.7324836488E+02  0.0000000000E+00      -2.0301309438E+05  2.5499441381E-01
| Global minimum convergence, d_xhat d_muhat:
  6.2526618188E+00  1.1134268425E-02

| GP model hyperparameters (lengthscales W kappa):
  2.7011836290E-01  1.9577791051E-01  5.3194117717E+00  5.8699831189E+00  1.4188841957E-02  1.4133277923E-02
| Next sampling location (x_next, i_next):
  1.4026562413E+02  1.6643980768E+02  0.0000000000E+00

Iteration time [s]:   29.256        Total time [s]: 1371.282

--------------------------------------------------------------------------------
                                BO ITERATION 49                                 
--------------------------------------------------------------------------------
| Evaluating objective function at 1.403E+02 1.664E+02 0.000E+00
| Objective function evaluated, time [s]       23.371
| Data point added to dataset (x i y): 
  1.4026562413E+02  1.6643980768E+02  0.0000000000E+00      -2.0300680511E+05

| Total ensemble size: 81
| Best acquisition, x_best i_best y_best:
  2.3221064885E+02  1.2164168570E+01  0.0000000000E+00      -2.0301140770E+05
| Global minimum prediction, x_hat mu_hat +- nu_hat:
  5.7228270719E+01  1.7324395731E+02  0.0000000000E+00      -2.0301309507E+05  2.4204601769E-01
| Global minimum convergence, d_xhat d_muhat:
  1.6277934610E-02  2.7485549541E-05

| GP model hyperparameters (lengthscales W kappa):
  2.7464510727E-01  1.9337486409E-01 -5.3238525627E+00 -5.9307079532E+00  1.4204289332E-02  1.4145692316E-02
| Next sampling location (x_next, i_next):
  2.6888337734E+02  1.7701392551E+02  0.0000000000E+00

Iteration time [s]:   29.775        Total time [s]: 1401.061

--------------------------------------------------------------------------------
                                BO ITERATION 50                                 
--------------------------------------------------------------------------------
| Evaluating objective function at 2.689E+02 1.770E+02 0.000E+00
| Objective function evaluated, time [s]       24.397
| Data point added to dataset (x i y): 
  2.6888337734E+02  1.7701392551E+02  0.0000000000E+00      -2.0300755980E+05

| Total ensemble size: 82
| Best acquisition, x_best i_best y_best:
  2.3221064885E+02  1.2164168570E+01  0.0000000000E+00      -2.0301140770E+05
| Global minimum prediction, x_hat mu_hat +- nu_hat:
  5.7220181689E+01  1.7316405995E+02  0.0000000000E+00      -2.0301307950E+05  2.3804716105E-01
| Global minimum convergence, d_xhat d_muhat:
  8.0305792366E-02  6.1276045922E-04

| GP model hyperparameters (lengthscales W kappa):
  2.8188274242E-01  1.9000738537E-01 -5.3363204772E+00 -6.0250575783E+00  1.4233560232E-02  1.4163273658E-02
| Next sampling location (x_next, i_next):
  1.2012489212E+02  6.1907671228E+01  0.0000000000E+00

Iteration time [s]:   31.146        Total time [s]: 1432.211

|| Bayesian optimization completed, time [s]     1432.174


--------------------------------------------------------------------------------
                        BOSS is done! Have a nice day :)                        

      Datetime 15-08-2020 01:03:24            Total time [s]     1432.214       
--------------------------------------------------------------------------------
