-50.0000000000_-50.0000000000
130.0000000000_130.0000000000
292.4894944000_255.6218794000
11.5854616000_310.0000000000
291.6782373000_-10.4273438000
243.3086650000_-5.1076761000
254.0080297000_48.6755546000
202.6436014000_-33.1983976000
191.6381075000_12.9023666000
99.2898688000_13.0320995000
-32.7156109000_155.2101566000
33.0980099000_185.1681818000
98.9386775000_207.2728848000
7.9232592000_106.9621895000
247.9205558000_181.3210905000
-34.6107811000_197.6242641000
163.7866851000_178.7250460000
194.0706305000_216.6500856000
227.5114881000_141.2095850000
259.8461576000_12.4586608000
87.5961440000_168.3782689000
221.9759665000_2.1928145000
230.6601663000_7.2977754000
239.2988124000_.8249471000
109.7318984000_270.2568804000
79.5097801000_66.6003425000
7.6390907000_40.6183194000
184.0864986000_89.3261581000
23.8145394000_247.8030851000
26.1122001000_164.3519246000
105.7148858000_-36.5227673000
212.6497105000_271.7378217000
-11.2237216000_178.7679964000
282.6857271000_100.6033064000
33.1830358000_-5.8134435000
142.4357755000_55.4661257000
151.1602455000_244.7831586000
73.9827306000_113.1914822000
-37.1317865000_69.1472096000
254.3239863000_229.8400145000
75.2275896000_241.7725895000
255.3261172000_293.0647420000
56.3513710000_287.1759266000
292.7048052000_175.9914637000
156.7611673000_294.6433866000
-20.0218063000_11.1133072000
127.0765988000_179.6674134000
261.1779009000_-6.6588498000
232.0467048000_95.2417933000
143.4336255000_-12.3099043000
203.2458948000_176.6336563000
121.1434096000_91.9563068000
-16.9494403000_274.5223346000
64.0720108000_182.8838942000
182.6991443000_127.0367938000
-18.2051190000_233.9802763000
56.7268499000_29.7826819000
36.4154761000_78.6055753000
202.6469132000_56.6780660000
-13.7074312000_-22.9167096000
65.6680302000_-26.1322496000
-36.1612662000_109.1709371000
285.2604738000_214.1143641000
277.1595957000_135.7180276000
305.8107671000_41.2943080000
145.4636922000_211.7847834000
134.1679105000_24.2624520000
116.1141103000_237.6424106000
160.3221128000_151.0192167000
44.3620186000_131.4017923000
43.3841900000_219.0706782000
102.5664761000_44.0496797000
154.3914109000_106.0745424000
249.8916211000_262.1903533000
204.4210684000_244.0456492000
85.1405464000_299.4016612000
-2.5645419000_135.3602481000
228.8301266000_205.5651820000
282.4625479000_71.2147234000
223.0548326000_303.5880745000
151.6613123000_-39.1180189000
298.4266833000_282.7071962000
3.1913662000_213.3558287000
49.7530032000_99.3714742000
125.8276328000_294.8811584000
231.4278387000_73.5012414000
264.7008576000_157.9557316000
14.8612983000_281.4442191000
37.5071310000_-38.4847980000
-4.8260498000_73.6550457000
178.3791476000_264.7530988000
15.0050341000_17.2638980000
276.5644163000_-41.9606433000
191.2080276000_298.5278695000
171.9904843000_39.4287355000
254.3239593000_120.2661931000
88.9595277000_142.1241052000
173.5700531000_-11.6095320000
192.3781926000_153.0783880000
60.6558478000_155.7965630000
-50.0000000000_229.6210411000
166.2057251000_70.9814824000
warning in stationary: failed to import cython module: falling back to numpy
warning in coregionalize: failed to import cython module: falling back to numpy
warning in choleskies: failed to import cython module: falling back to numpy
