-50.0000000000_-50.0000000000
130.0000000000_130.0000000000
270.2398459000_195.4695421000
230.5958636000_221.9528292000
298.8607958000_174.0641684000
267.5714200000_136.6018075000
-29.1533743000_199.3726242000
10.1735857000_165.3384574000
94.2394015000_186.6749344000
19.1624550000_44.1506539000
182.2013016000_174.9650484000
161.6600660000_-7.3408385000
88.9676156000_270.9989193000
205.0333966000_77.2282737000
107.3813707000_168.9491189000
38.3697037000_183.1330415000
-26.0688416000_-7.0062184000
310.0000000000_182.3001236000
62.7059428000_178.6949760000
210.6891856000_-49.4120653000
232.3795807000_172.5672137000
112.6382821000_33.0720847000
11.3393692000_96.7976490000
244.7427908000_19.3399956000
283.5131919000_42.0124524000
305.6596778000_261.5424647000
246.4413394000_-9.8208016000
218.5567093000_1.5945085000
159.9018931000_201.9963155000
237.5592105000_.6863469000
230.1286104000_-6.4383023000
55.8433352000_217.3759603000
225.6170272000_7.5666270000
246.9161593000_-.8544741000
57.4151279000_-31.3190364000
16.4101977000_279.2129021000
81.9538139000_84.5196296000
161.8476617000_262.1384060000
146.6956398000_67.4333707000
125.4208762000_-50.0000000000
307.5282044000_97.7717050000
53.8251985000_9.7781630000
145.7655739000_175.7015353000
196.5755812000_123.9171367000
251.4011978000_272.8932203000
55.9604990000_124.5178033000
118.2484614000_237.0547451000
257.2076390000_86.1074576000
9.3540605000_-35.0996392000
102.7589735000_-10.8610561000
-23.1817140000_63.6647731000
-24.6106598000_131.2407403000
5.9937202000_242.5465495000
49.3191643000_172.3187681000
170.7844290000_36.9601615000
61.9676285000_53.3030047000
277.4539554000_235.2290692000
50.5224062000_259.0930276000
168.1599399000_307.4591919000
206.3622470000_256.5846398000
230.0455584000_107.8971520000
-26.8933357000_27.3424869000
164.9145658000_100.0651099000
64.1809210000_297.0074667000
-18.5689283000_-50.0000000000
183.5373073000_231.5940709000
9.8988968000_4.5351420000
96.9671741000_118.5354854000
16.0716562000_130.2326395000
271.2707205000_299.9207233000
206.9293449000_199.3362989000
-42.0179049000_230.9680254000
136.3126678000_13.2454752000
40.2047043000_80.0412718000
234.2934037000_58.9739898000
129.1742726000_278.3502062000
123.0095538000_93.4472104000
225.8254057000_142.6089417000
298.6784856000_128.3838065000
92.5178169000_-49.3762819000
86.8235342000_14.9446084000
19.9088559000_217.1935780000
-21.5815056000_273.5272630000
83.9807954000_236.2367829000
300.8035312000_8.7532688000
189.4121695000_282.6390585000
288.2981073000_-25.4096475000
166.1291531000_143.7216381000
102.6701928000_64.1892787000
295.9578310000_69.5617737000
234.0600189000_294.4755346000
192.6296386000_54.0548158000
78.6834271000_145.4453797000
-32.3060495000_158.6557286000
57.2356553000_181.4176797000
128.7690449000_212.3951390000
34.8452892000_-50.0000000000
264.9971817000_60.2890278000
147.4254701000_237.8397744000
276.7889705000_110.2950271000
3.8280737000_69.9955766000
297.3885647000_213.2211676000
warning in stationary: failed to import cython module: falling back to numpy
warning in coregionalize: failed to import cython module: falling back to numpy
warning in choleskies: failed to import cython module: falling back to numpy
