-50.0000000000_-50.0000000000
130.0000000000_130.0000000000
310.0000000000_252.9748813000
-48.4221955000_-7.7707231000
257.9321304000_3.8396561000
210.3858444000_2.3526303000
236.7335929000_61.7114524000
227.1362735000_-27.2734939000
116.8609131000_7.2929661000
310.0000000000_153.8564597000
237.7103572000_176.6691092000
173.2864314000_205.4165563000
28.6813405000_182.0047393000
78.4635992000_211.4930844000
25.6054923000_138.7336359000
135.7111127000_272.8788938000
310.0000000000_196.3901267000
114.7397088000_176.5698795000
24.9611304000_75.6505737000
178.2528363000_164.5955425000
227.8357683000_20.2844522000
235.3202917000_-.4739865000
6.2009638000_204.3437587000
234.3826967000_6.1277721000
-16.7091289000_174.9046616000
254.0807025000_-6.5421515000
71.5262656000_170.5774002000
242.1769081000_-.1515405000
236.6687032000_1.0285599000
55.8666638000_308.6472555000
114.5247823000_68.8275533000
39.3421879000_21.2300668000
242.3738346000_215.8218528000
223.1274354000_138.5406343000
282.3118627000_176.1828502000
-42.8582910000_77.2701911000
29.6999380000_265.5875555000
67.4519742000_186.0223363000
176.0035429000_90.8648616000
204.3872556000_261.1726145000
137.3268152000_-38.0920310000
-14.1979353000_38.8175195000
74.4935097000_102.6400522000
12.0941951000_-30.7816550000
259.7647705000_275.5231768000
272.5317648000_109.8897825000
75.5285322000_47.0372678000
199.7099276000_185.0198581000
89.0111837000_275.5787885000
80.7420222000_-15.3169993000
-9.5420195000_283.2164231000
-16.3542262000_109.9943861000
154.8241137000_43.3512708000
126.8602557000_234.8973391000
176.8300326000_-50.0000000000
220.0804668000_99.3121005000
296.5155465000_44.5932516000
-9.2326923000_242.2705368000
278.1042207000_231.8163116000
171.1699874000_244.7740227000
101.7721062000_-50.0000000000
179.7353148000_124.4851226000
45.5734271000_231.3648155000
-.6395685000_4.3061041000
156.9336334000_-1.8634382000
263.8987921000_142.5587225000
57.4825172000_72.2238780000
140.7054496000_97.9238413000
238.4105483000_247.6939485000
203.7886144000_227.3881208000
40.1056476000_107.3054142000
40.7940428000_-13.2965702000
273.8619243000_73.0596629000
306.3178158000_115.7001141000
195.8408162000_62.1468133000
92.7024323000_133.9689106000
-22.2414456000_-32.0039572000
228.8164822000_290.9031116000
132.6911015000_203.8039633000
74.2429091000_12.9035345000
70.3716574000_249.9274703000
57.9407217000_134.6613030000
264.3273955000_-50.0000000000
-16.7195634000_140.8885946000
-40.0588264000_20.1352777000
147.4418409000_173.0891434000
172.9742337000_282.0791566000
119.8258143000_36.4899149000
-33.1282323000_223.7565439000
110.1539428000_103.9900835000
20.5515858000_298.4415134000
243.0412050000_117.1617069000
175.2577581000_23.6125588000
103.7269888000_252.0927554000
295.5315040000_283.0496984000
139.4856741000_297.8793573000
28.8419553000_49.1827068000
260.6605695000_44.1847970000
155.6537190000_146.4139203000
290.9623987000_-32.6324284000
176.8353111000_-21.9473693000
-12.1016894000_68.1964291000
warning in stationary: failed to import cython module: falling back to numpy
warning in coregionalize: failed to import cython module: falling back to numpy
warning in choleskies: failed to import cython module: falling back to numpy
