-50.0000000000_-50.0000000000
130.0000000000_130.0000000000
4.2784118000_298.8013864000
274.6346295000_-17.9223178000
272.7474553000_32.5357758000
227.0103184000_-30.4775795000
286.0353659000_190.4584390000
226.0516048000_210.8645177000
-16.6066899000_169.8494665000
283.5989642000_143.7710075000
-13.7505721000_212.0532380000
59.0485720000_180.7244420000
111.8271834000_202.2828951000
-17.9322826000_-2.1738704000
32.5608845000_126.4341329000
63.4476005000_227.6410872000
133.7115004000_27.7108304000
157.4012731000_267.6387459000
193.9673279000_167.8674680000
213.7175356000_87.5162404000
235.3498377000_3.7752479000
189.9465106000_-1.8223626000
286.7965423000_252.7487638000
110.7374385000_168.3200039000
245.2852410000_173.4122973000
255.9982905000_-1.3195125000
239.8725689000_-5.8644728000
161.7483624000_185.5795883000
234.3322614000_1.0670650000
25.2340188000_185.5212579000
89.0591352000_-33.0564386000
40.3107291000_59.9332286000
242.0096520000_.3642390000
-28.9518650000_88.4648702000
98.2920393000_82.8426719000
58.0209308000_7.6525373000
89.0451841000_275.9412760000
226.2870553000_267.5718224000
161.0455076000_71.7886692000
307.5120358000_175.7226222000
141.2576789000_-46.9977683000
271.3274000000_90.3559257000
151.9678835000_168.5829278000
51.3349090000_168.2069391000
-.8757255000_259.0557061000
-7.6107385000_40.1531021000
224.9075718000_127.4318216000
32.6882121000_-25.3736023000
265.1632419000_290.9012675000
49.0241399000_286.3670140000
175.6101261000_110.7844732000
179.6537893000_233.4721125000
73.1611412000_114.3640696000
122.1647957000_-7.8505006000
216.6518204000_7.5816497000
85.5343998000_42.0529691000
-32.1347160000_124.8302056000
126.0737055000_242.4939612000
187.4357160000_297.0193652000
242.5406568000_60.6512499000
310.0000000000_58.2350076000
255.4965387000_234.5670597000
21.3418469000_18.8246947000
32.1608383000_92.8097494000
23.5218868000_232.2513103000
186.7498616000_49.5705084000
-50.0000000000_227.2125238000
-44.7523680000_20.0147732000
78.2338364000_177.5160146000
118.0224466000_290.8835071000
-38.9131170000_275.8037093000
131.0479586000_100.0159245000
45.1510706000_257.8208141000
124.1468270000_58.3247802000
258.2665234000_118.2336452000
4.5310266000_73.2092287000
-19.8173108000_-33.1340126000
148.5403495000_219.0940211000
297.9678741000_111.1140813000
217.7295073000_240.3998555000
99.0626501000_11.4094536000
180.4418781000_140.4615663000
88.9412769000_140.4494702000
.2733960000_110.3580289000
7.2772121000_147.4425936000
192.5906907000_264.2474432000
242.3129461000_148.2179614000
184.2050363000_-32.6140072000
57.6772114000_-44.6890017000
-24.5552354000_242.0554791000
-48.6604313000_-11.9397006000
168.0979676000_31.1259803000
67.8857248000_74.7580800000
90.5663494000_301.6390708000
192.3696878000_205.3593799000
228.5001255000_296.9199899000
95.2110835000_234.4503537000
-35.7046584000_195.9631652000
107.9202797000_115.1791667000
155.6752540000_2.1616398000
65.8061556000_-13.5748386000
-20.0375112000_292.8746440000
warning in stationary: failed to import cython module: falling back to numpy
warning in coregionalize: failed to import cython module: falling back to numpy
warning in choleskies: failed to import cython module: falling back to numpy
