-50.0000000000_-50.0000000000
130.0000000000_130.0000000000
255.6636194000_294.1667845000
-12.6892166000_-25.4507344000
310.0000000000_255.8860936000
290.4994270000_-21.4278265000
285.2768806000_18.9833963000
119.9962449000_-21.5475701000
261.9707452000_-7.2949733000
213.0131825000_8.0185242000
201.0270747000_58.5489672000
211.0787113000_-21.8834435000
-36.8173761000_148.7753663000
38.4604526000_185.1969943000
98.3483417000_211.3438718000
231.3042383000_182.4366541000
-27.9897469000_195.1234584000
17.6037408000_88.6683247000
156.6859457000_180.2437969000
191.4112635000_220.9137561000
228.0024242000_137.6376502000
124.9463492000_31.4004602000
86.3993429000_166.7651985000
287.1735960000_176.1445864000
28.0838113000_158.9253314000
235.3664576000_12.9909408000
233.2319395000_-1.1912697000
-12.8932725000_175.5076911000
240.7508225000_1.6128225000
234.4130966000_1.8906962000
110.6744418000_185.4019475000
66.3147326000_181.2564578000
238.5252875000_.1516677000
74.9170276000_279.9584494000
38.9387219000_28.0929867000
281.8693310000_88.9818796000
150.0910293000_271.3632532000
87.9220159000_83.6665635000
57.3164726000_-27.5170194000
16.5536416000_259.0946938000
256.3931389000_230.6023920000
-19.0965366000_56.9398771000
209.4541653000_266.8238097000
84.2873594000_11.7589462000
180.8333131000_109.1970591000
144.1352369000_77.8623256000
62.9628565000_118.0901191000
191.3081018000_174.2804164000
234.5421139000_90.8926803000
54.1892840000_238.3282830000
28.1971756000_299.2645306000
54.4553113000_174.6464788000
-23.4210154000_105.0443599000
118.0020630000_301.7537393000
-7.3404480000_15.3299399000
142.3954428000_236.1333826000
275.1360329000_125.3199230000
70.3170333000_52.9022044000
107.5532215000_257.5411853000
-5.2114798000_228.4874688000
165.2631351000_146.2271252000
159.4992483000_-26.0908714000
-16.6767842000_281.2355420000
26.0671165000_-7.7324897000
288.6700952000_214.5700003000
183.5141643000_296.4878048000
310.0000000000_179.5338805000
266.4011998000_58.4387293000
163.4395243000_42.4885612000
7.9823280000_122.4863707000
273.8321204000_267.1023057000
111.8911370000_57.5391411000
152.0225044000_4.4393541000
17.6101683000_53.7270669000
179.4027279000_250.5732945000
255.0969742000_202.8739466000
50.2712369000_81.8902456000
86.7232377000_-45.0928793000
310.0000000000_-.6569038000
307.2634396000_68.3689944000
129.4658278000_158.0924804000
96.6060689000_127.0482053000
30.0779574000_218.9821134000
222.9478485000_301.3475117000
219.8597225000_232.5238565000
207.6726705000_120.1491043000
16.9000850000_-37.3479710000
119.4311085000_99.7058414000
242.2687470000_262.7478732000
-50.0000000000_117.7918241000
196.0388336000_85.8965460000
-40.2624702000_35.4822415000
213.9922659000_202.1659515000
55.2917199000_306.3245470000
203.7975553000_149.0405214000
-50.0000000000_281.7384097000
52.1543645000_139.7359217000
251.7340686000_109.6684508000
148.4824880000_308.2580259000
46.9614186000_268.0640746000
277.2350732000_310.0000000000
139.1748989000_207.8810351000
warning in stationary: failed to import cython module: falling back to numpy
warning in coregionalize: failed to import cython module: falling back to numpy
warning in choleskies: failed to import cython module: falling back to numpy
