-50.0000000000_-50.0000000000
130.0000000000_130.0000000000
-1.0671644000_258.6990703000
255.5829818000_310.0000000000
-50.0000000000_.0855893000
279.9909469000_55.4987774000
8.2659454000_-5.5809148000
244.2348758000_228.5956716000
119.2260248000_36.7511702000
285.4116138000_-18.1194288000
21.6133143000_129.3629064000
81.4929793000_181.8242459000
113.5261367000_205.6570385000
242.9029450000_-1.1376115000
188.3674624000_-15.6018215000
13.3090385000_188.8595294000
277.0873964000_168.6685865000
186.4402961000_175.7489907000
241.8412346000_131.5064827000
114.5246079000_290.4804241000
297.2365986000_195.6409245000
-21.6717436000_168.3003355000
216.2319485000_18.4771193000
130.1786371000_172.6779817000
50.8095780000_164.2932558000
249.3521559000_8.9493775000
235.3688763000_188.3929307000
249.1269230000_-7.6861657000
231.8321387000_1.5383320000
37.2305204000_66.7187635000
171.1977286000_194.2396516000
172.9901996000_83.6637441000
175.5157692000_263.1198046000
43.8988279000_307.0563963000
93.5580817000_-10.9997000000
-43.1705994000_100.6637886000
69.2241082000_250.9477237000
-9.0451704000_44.2443501000
93.3869104000_93.2122504000
287.6115355000_263.6641235000
56.4496897000_25.0866705000
212.6566239000_6.3946384000
235.3524491000_86.1360714000
-25.3735540000_227.8809658000
200.5561061000_294.9031784000
189.6640507000_120.4280908000
76.5725162000_129.9842402000
300.9341565000_131.3224905000
226.0154433000_264.9183510000
124.4195540000_249.7920412000
197.8209181000_228.3383861000
145.2748109000_310.0000000000
40.3370845000_222.3988629000
53.5684190000_185.7117788000
138.9847027000_4.8003445000
-1.9759357000_-44.9377171000
251.5495281000_-2.1192277000
48.5420704000_-16.9940351000
-48.2843817000_178.3051011000
274.3512405000_101.0655512000
79.2341488000_57.6604866000
.4818269000_87.7315658000
161.7152329000_46.8848866000
130.5746780000_74.2647734000
85.5527573000_310.0000000000
50.3776693000_99.4448850000
153.4947644000_228.0276034000
-50.0000000000_41.8476121000
-30.0201219000_276.5883870000
162.7567386000_147.0793190000
-35.4680651000_69.5751348000
39.0845108000_272.4379453000
202.0898523000_62.9999568000
-50.0000000000_241.7591361000
83.0007819000_221.1739966000
-23.6592424000_-22.9913979000
223.0861776000_155.4337020000
147.7075674000_106.4039164000
122.3867408000_-28.0242292000
78.7906114000_279.5344071000
-17.1349237000_127.6316042000
219.5278599000_-41.3667471000
243.9537514000_57.1065795000
23.7531399000_27.2576711000
4.4545651000_287.6913222000
147.9525048000_276.4202271000
102.1402001000_151.6283662000
-23.0625482000_197.4993231000
251.7240798000_278.0240788000
93.5479327000_20.3081834000
209.6317466000_203.3688205000
-17.4693159000_17.6673046000
266.0324457000_209.2036426000
265.5858803000_245.7734658000
209.5387234000_101.9849621000
10.0243415000_150.6189179000
104.9710412000_114.4372582000
182.3597525000_-45.1771081000
292.3044346000_81.1030967000
45.5929761000_4.4824301000
293.7092261000_223.4721182000
156.4371737000_-19.1609465000
warning in stationary: failed to import cython module: falling back to numpy
warning in coregionalize: failed to import cython module: falling back to numpy
warning in choleskies: failed to import cython module: falling back to numpy
