-50.0000000000_-50.0000000000
130.0000000000_130.0000000000
308.9970619000_7.0253116000
310.0000000000_55.6440369000
258.4150015000_-13.6678364000
211.2191263000_-9.4279392000
223.3414547000_304.5602260000
110.7328593000_-10.2159429000
236.9981911000_12.7155681000
14.6320043000_206.9815403000
285.8391726000_190.0426721000
208.0793507000_201.4334715000
-21.9207262000_153.2421703000
297.7748059000_235.8895040000
246.4996175000_154.4497520000
108.4072304000_207.7859551000
180.2395864000_45.6618437000
72.6938909000_259.4826493000
60.7502487000_171.8587146000
149.5494171000_175.5145411000
42.5806761000_100.0046432000
.4664131000_179.4107419000
240.2187563000_-1.9385478000
226.5944913000_3.7557144000
99.9970964000_176.6536376000
246.1371402000_-.1543887000
240.0426270000_98.8278631000
175.0903710000_15.0516849000
236.9863127000_1.5623479000
236.9982755000_.6617683000
58.6058188000_189.9907419000
161.9188821000_262.8075078000
56.2775685000_38.3031102000
198.2330900000_170.9721219000
35.0751436000_-37.3288222000
115.7969976000_299.8954011000
109.3544574000_78.5761073000
-45.8766467000_105.3898342000
246.6112960000_183.7548359000
237.5307389000_254.8026992000
1.8179143000_269.3713953000
304.1382439000_172.8611229000
176.1276504000_102.0918202000
24.4813280000_3.5888030000
279.5304738000_279.4315375000
8.7264837000_66.6203903000
111.9932069000_34.1371701000
82.6175052000_120.8680860000
160.9573472000_-50.0000000000
-10.4248710000_-24.0824678000
280.7959822000_125.0275984000
202.6263920000_129.2693159000
68.6278406000_-7.5392217000
119.0636132000_254.2413460000
159.5213265000_224.3009029000
16.9476335000_127.8293366000
-27.5985956000_213.1273915000
-10.2926493000_31.2192842000
271.9394421000_74.5574463000
42.0766384000_284.5736445000
214.3073964000_70.7742101000
76.8462191000_309.8931012000
143.8230407000_68.9375366000
37.2841594000_241.7592911000
198.7426625000_247.5416246000
-38.5464762000_263.6054699000
166.6555878000_143.9425417000
-5.2849155000_99.5348104000
194.1378129000_284.6266193000
250.2275045000_223.0218653000
-7.8563555000_239.6618004000
72.2568267000_66.9127452000
174.0696774000_183.4360249000
-3.5975634000_302.2842263000
78.6990746000_226.5911940000
286.6330868000_35.8768923000
147.9958981000_-18.9767947000
134.1181302000_13.6436293000
86.0053254000_17.8058911000
103.0694987000_147.1342253000
260.4237086000_302.7037553000
24.8005968000_159.0436081000
281.8363713000_155.6047711000
53.4440906000_135.7064953000
247.4445502000_56.3579616000
118.8540647000_-37.3987896000
136.6116908000_98.9426612000
235.6534722000_280.5289183000
-42.3509636000_131.8708317000
21.5467689000_36.3502675000
-12.1862513000_3.6907352000
142.3523969000_282.8701138000
-44.9052214000_-20.8291963000
-26.4195238000_77.2425134000
269.8517561000_250.9656936000
96.6507384000_276.7746108000
239.5867581000_125.5251592000
141.3220197000_199.8438850000
-29.6902354000_287.6051126000
89.8249915000_51.0853813000
177.6649490000_76.3355299000
129.4154077000_229.7486123000
warning in stationary: failed to import cython module: falling back to numpy
warning in coregionalize: failed to import cython module: falling back to numpy
warning in choleskies: failed to import cython module: falling back to numpy
