
-----------------------------   Welcome to ....   ------------------------------
                      _______  _______ _______ _______ 
                     |   _   \|   _   |   _   |   _   |
                     |.  1   /|.  |   |   1___|   1___|
                     |.  _   \|.  |   |____   |____   |
                     |:  1    |:  1   |:  1   |:  1   |
                     |::.. .  |::.. . |::.. . |::.. . |
                     `-------'`-------`-------`-------'

                                 Version 0.9.15                                 
                              15-08-2020 00:38:54                               
--------------------------------------------------------------------------------

| Reading BOSS input file from: in_2D
| Initializing...

--------------------------------------------------------------------------------
                                   INPUT FILE                                   
--------------------------------------------------------------------------------
# input file for alanine 2D (d4-d13)

# optimization
userfn       userfn_2D.py
bounds       -50 310; -50 310
num_tasks    2
kernel       stdp
initpts      2 30
iterpts      50
verbosity    2
kappa_prior  gamma
kappa_priorparam 1 71.428
W_prior      gaussian
W_priorparam 0 8.451
thetaprior gamma
thetapriorparam 2 0.019; 3.3678 9.0204; 3.3678 9.0204

RESULTS:
-5.351119210228363E-01 1.789069073956195E+02 0 -2.030077877586567E+05 
2.042579701533869E+02 8.526132738367176E+01 0 -2.029909245996705E+05 
7.698128141065943E+01 -2.847727257622839E+01 1 2.728190000000000E+01 
1.891816613676517E+02 8.681300946731970E+00 1 1.832690000000000E+01 
4.362028402255456E+01 2.125435967872502E+02 1 2.165890000000000E+01 
-2.110759030345206E+01 -2.176838189030511E+01 1 2.817360000000000E+01 
1.619505265501636E+02 2.441707844145066E+02 1 3.213680000000000E+01 
2.703140303202164E+02 1.812911345012995E+02 1 2.437420000000000E+01 
2.592719495294697E+02 2.916560874623689E+02 1 3.400030000000000E+01 
2.619128322265000E+02 5.327941898118290E+00 1 1.974980000000000E+01 
1.781850508601360E+02 2.276390181323734E+01 1 1.977960000000000E+01 
1.265015612321867E+02 9.317282064243058E+00 1 3.285180000000000E+01 
1.477679486934421E+02 1.457654130428768E+02 1 2.395900000000000E+01 
1.656321488085105E+02 1.118407005989258E+02 1 2.992550000000000E+01 
1.445676710271287E+02 8.566388236651380E+01 1 3.218830000000000E+01 
5.959005568195678E+01 1.793973213707867E+02 1 1.748380000000000E+01 
1.761422675091869E+02 2.148910907879771E+02 1 2.571430000000000E+01 
1.133653980453499E+02 2.778928246475485E+02 1 3.577480000000000E+01 
2.710545441658729E+02 -1.154961815372613E+01 1 1.905330000000000E+01 
7.564376724028196E+01 6.510343060090132E+01 1 3.339670000000000E+01 
5.203695065959329E+01 2.848987310499215E+02 1 3.252810000000000E+01 
1.894716748937049E+02 7.659701256162015E+01 1 3.151890000000000E+01 
5.818716668710234E+01 1.809641961861035E+02 1 1.748880000000000E+01 
2.776194683580972E+01 4.926358234060832E+01 1 3.154760000000000E+01 
3.082076494036428E+02 2.757274999973092E+02 1 3.100870000000000E+01 
1.416367733942841E+02 4.745686393013692E+01 1 2.865860000000000E+01 
1.347063051302113E+02 1.177018702151152E+02 1 2.982950000000000E+01 
2.659060697885936E+02 9.625660418613481E+01 1 3.747880000000000E+01 
4.324343485514642E+01 -4.495408721579302E+01 1 3.116290000000000E+01 
2.311825133878088E+02 4.729748719232587E+01 1 3.004900000000000E+01 
2.811910270996418E+02 5.806305297063126E+01 1 3.346950000000000E+01 
1.107541790748198E+02 -2.395411648070976E+01 1 3.342780000000000E+01 
--------------------------------------------------------------------------------
                               SIMULATION OPTIONS                               
--------------------------------------------------------------------------------
|| File input/output 
ipfile         in_2D
userfn         userfn_2D.py
outfile        boss.out
rstfile        boss.rst

|| Key settings 
num_tasks         2
bounds         -5.000E+01 3.100E+02;    -5.000E+01 3.100E+02
kerntype       stdp stdp
yrange         -5.000E+01 3.100E+02;    -5.000E+01 3.100E+02
noise          1.000E-12
initpts    2 30    iterpts   50
gm_tol         none
verbosity      2

|| Data acquisition 
acqfn                elcb
acqtol               1.000E-03

|| GP hyperparameters 
thetainit       1.000E+00 3.142E-01
thetabounds     none
thetaprior      gamma
thetapriorpar   2.000E+00 1.900E-02;    3.368E+00 9.020E+00;    3.368E+00 9.020E+00

|| Hyperparameter optimization
updatefreq   1  initupdate      True
updateoffset 0  updaterestarts  2


--------------------------------------------------------------------------------
                              INITIAL DATAPOINT 1                               
--------------------------------------------------------------------------------
| Data point added to dataset (x i y): 
 -5.3511192102E-01  1.7890690740E+02  0.0000000000E+00      -2.0300778776E+05

| Total ensemble size: 1
| Next sampling location (x_next, i_next):
  2.0425797015E+02  8.5261327384E+01  0.0000000000E+00

Iteration time [s]:    0.001        Total time [s]:    0.039

--------------------------------------------------------------------------------
                              INITIAL DATAPOINT 2                               
--------------------------------------------------------------------------------
| Data point added to dataset (x i y): 
  2.0425797015E+02  8.5261327384E+01  0.0000000000E+00      -2.0299092460E+05

| Total ensemble size: 2
| Next sampling location (x_next, i_next):
  7.6981281411E+01 -2.8477272576E+01  1.0000000000E+00

Iteration time [s]:    0.001        Total time [s]:    0.040

--------------------------------------------------------------------------------
                              INITIAL DATAPOINT 3                               
--------------------------------------------------------------------------------
| Data point added to dataset (x i y): 
  7.6981281411E+01 -2.8477272576E+01  1.0000000000E+00       2.7281900000E+01

| Total ensemble size: 3
| Next sampling location (x_next, i_next):
  1.8918166137E+02  8.6813009467E+00  1.0000000000E+00

Iteration time [s]:    0.001        Total time [s]:    0.041

--------------------------------------------------------------------------------
                              INITIAL DATAPOINT 4                               
--------------------------------------------------------------------------------
| Data point added to dataset (x i y): 
  1.8918166137E+02  8.6813009467E+00  1.0000000000E+00       1.8326900000E+01

| Total ensemble size: 4
| Next sampling location (x_next, i_next):
  4.3620284023E+01  2.1254359679E+02  1.0000000000E+00

Iteration time [s]:    0.001        Total time [s]:    0.042

--------------------------------------------------------------------------------
                              INITIAL DATAPOINT 5                               
--------------------------------------------------------------------------------
| Data point added to dataset (x i y): 
  4.3620284023E+01  2.1254359679E+02  1.0000000000E+00       2.1658900000E+01

| Total ensemble size: 5
| Next sampling location (x_next, i_next):
 -2.1107590303E+01 -2.1768381890E+01  1.0000000000E+00

Iteration time [s]:    0.001        Total time [s]:    0.044

--------------------------------------------------------------------------------
                              INITIAL DATAPOINT 6                               
--------------------------------------------------------------------------------
| Data point added to dataset (x i y): 
 -2.1107590303E+01 -2.1768381890E+01  1.0000000000E+00       2.8173600000E+01

| Total ensemble size: 6
| Next sampling location (x_next, i_next):
  1.6195052655E+02  2.4417078441E+02  1.0000000000E+00

Iteration time [s]:    0.001        Total time [s]:    0.045

--------------------------------------------------------------------------------
                              INITIAL DATAPOINT 7                               
--------------------------------------------------------------------------------
| Data point added to dataset (x i y): 
  1.6195052655E+02  2.4417078441E+02  1.0000000000E+00       3.2136800000E+01

| Total ensemble size: 7
| Next sampling location (x_next, i_next):
  2.7031403032E+02  1.8129113450E+02  1.0000000000E+00

Iteration time [s]:    0.001        Total time [s]:    0.046

--------------------------------------------------------------------------------
                              INITIAL DATAPOINT 8                               
--------------------------------------------------------------------------------
| Data point added to dataset (x i y): 
  2.7031403032E+02  1.8129113450E+02  1.0000000000E+00       2.4374200000E+01

| Total ensemble size: 8
| Next sampling location (x_next, i_next):
  2.5927194953E+02  2.9165608746E+02  1.0000000000E+00

Iteration time [s]:    0.001        Total time [s]:    0.047

--------------------------------------------------------------------------------
                              INITIAL DATAPOINT 9                               
--------------------------------------------------------------------------------
| Data point added to dataset (x i y): 
  2.5927194953E+02  2.9165608746E+02  1.0000000000E+00       3.4000300000E+01

| Total ensemble size: 9
| Next sampling location (x_next, i_next):
  2.6191283223E+02  5.3279418981E+00  1.0000000000E+00

Iteration time [s]:    0.001        Total time [s]:    0.048

--------------------------------------------------------------------------------
                              INITIAL DATAPOINT 10                              
--------------------------------------------------------------------------------
| Data point added to dataset (x i y): 
  2.6191283223E+02  5.3279418981E+00  1.0000000000E+00       1.9749800000E+01

| Total ensemble size: 10
| Next sampling location (x_next, i_next):
  1.7818505086E+02  2.2763901813E+01  1.0000000000E+00

Iteration time [s]:    0.001        Total time [s]:    0.049

--------------------------------------------------------------------------------
                              INITIAL DATAPOINT 11                              
--------------------------------------------------------------------------------
| Data point added to dataset (x i y): 
  1.7818505086E+02  2.2763901813E+01  1.0000000000E+00       1.9779600000E+01

| Total ensemble size: 11
| Next sampling location (x_next, i_next):
  1.2650156123E+02  9.3172820642E+00  1.0000000000E+00

Iteration time [s]:    0.001        Total time [s]:    0.051

--------------------------------------------------------------------------------
                              INITIAL DATAPOINT 12                              
--------------------------------------------------------------------------------
| Data point added to dataset (x i y): 
  1.2650156123E+02  9.3172820642E+00  1.0000000000E+00       3.2851800000E+01

| Total ensemble size: 12
| Next sampling location (x_next, i_next):
  1.4776794869E+02  1.4576541304E+02  1.0000000000E+00

Iteration time [s]:    0.001        Total time [s]:    0.052

--------------------------------------------------------------------------------
                              INITIAL DATAPOINT 13                              
--------------------------------------------------------------------------------
| Data point added to dataset (x i y): 
  1.4776794869E+02  1.4576541304E+02  1.0000000000E+00       2.3959000000E+01

| Total ensemble size: 13
| Next sampling location (x_next, i_next):
  1.6563214881E+02  1.1184070060E+02  1.0000000000E+00

Iteration time [s]:    0.001        Total time [s]:    0.053

--------------------------------------------------------------------------------
                              INITIAL DATAPOINT 14                              
--------------------------------------------------------------------------------
| Data point added to dataset (x i y): 
  1.6563214881E+02  1.1184070060E+02  1.0000000000E+00       2.9925500000E+01

| Total ensemble size: 14
| Next sampling location (x_next, i_next):
  1.4456767103E+02  8.5663882367E+01  1.0000000000E+00

Iteration time [s]:    0.001        Total time [s]:    0.054

--------------------------------------------------------------------------------
                              INITIAL DATAPOINT 15                              
--------------------------------------------------------------------------------
| Data point added to dataset (x i y): 
  1.4456767103E+02  8.5663882367E+01  1.0000000000E+00       3.2188300000E+01

| Total ensemble size: 15
| Next sampling location (x_next, i_next):
  5.9590055682E+01  1.7939732137E+02  1.0000000000E+00

Iteration time [s]:    0.001        Total time [s]:    0.056

--------------------------------------------------------------------------------
                              INITIAL DATAPOINT 16                              
--------------------------------------------------------------------------------
| Data point added to dataset (x i y): 
  5.9590055682E+01  1.7939732137E+02  1.0000000000E+00       1.7483800000E+01

| Total ensemble size: 16
| Next sampling location (x_next, i_next):
  1.7614226751E+02  2.1489109079E+02  1.0000000000E+00

Iteration time [s]:    0.001        Total time [s]:    0.057

--------------------------------------------------------------------------------
                              INITIAL DATAPOINT 17                              
--------------------------------------------------------------------------------
| Data point added to dataset (x i y): 
  1.7614226751E+02  2.1489109079E+02  1.0000000000E+00       2.5714300000E+01

| Total ensemble size: 17
| Next sampling location (x_next, i_next):
  1.1336539805E+02  2.7789282465E+02  1.0000000000E+00

Iteration time [s]:    0.001        Total time [s]:    0.058

--------------------------------------------------------------------------------
                              INITIAL DATAPOINT 18                              
--------------------------------------------------------------------------------
| Data point added to dataset (x i y): 
  1.1336539805E+02  2.7789282465E+02  1.0000000000E+00       3.5774800000E+01

| Total ensemble size: 18
| Next sampling location (x_next, i_next):
  2.7105454417E+02 -1.1549618154E+01  1.0000000000E+00

Iteration time [s]:    0.001        Total time [s]:    0.060

--------------------------------------------------------------------------------
                              INITIAL DATAPOINT 19                              
--------------------------------------------------------------------------------
| Data point added to dataset (x i y): 
  2.7105454417E+02 -1.1549618154E+01  1.0000000000E+00       1.9053300000E+01

| Total ensemble size: 19
| Next sampling location (x_next, i_next):
  7.5643767240E+01  6.5103430601E+01  1.0000000000E+00

Iteration time [s]:    0.001        Total time [s]:    0.061

--------------------------------------------------------------------------------
                              INITIAL DATAPOINT 20                              
--------------------------------------------------------------------------------
| Data point added to dataset (x i y): 
  7.5643767240E+01  6.5103430601E+01  1.0000000000E+00       3.3396700000E+01

| Total ensemble size: 20
| Next sampling location (x_next, i_next):
  5.2036950660E+01  2.8489873105E+02  1.0000000000E+00

Iteration time [s]:    0.001        Total time [s]:    0.062

--------------------------------------------------------------------------------
                              INITIAL DATAPOINT 21                              
--------------------------------------------------------------------------------
| Data point added to dataset (x i y): 
  5.2036950660E+01  2.8489873105E+02  1.0000000000E+00       3.2528100000E+01

| Total ensemble size: 21
| Next sampling location (x_next, i_next):
  1.8947167489E+02  7.6597012562E+01  1.0000000000E+00

Iteration time [s]:    0.001        Total time [s]:    0.063

--------------------------------------------------------------------------------
                              INITIAL DATAPOINT 22                              
--------------------------------------------------------------------------------
| Data point added to dataset (x i y): 
  1.8947167489E+02  7.6597012562E+01  1.0000000000E+00       3.1518900000E+01

| Total ensemble size: 22
| Next sampling location (x_next, i_next):
  5.8187166687E+01  1.8096419619E+02  1.0000000000E+00

Iteration time [s]:    0.001        Total time [s]:    0.064

--------------------------------------------------------------------------------
                              INITIAL DATAPOINT 23                              
--------------------------------------------------------------------------------
| Data point added to dataset (x i y): 
  5.8187166687E+01  1.8096419619E+02  1.0000000000E+00       1.7488800000E+01

| Total ensemble size: 23
| Next sampling location (x_next, i_next):
  2.7761946836E+01  4.9263582341E+01  1.0000000000E+00

Iteration time [s]:    0.001        Total time [s]:    0.066

--------------------------------------------------------------------------------
                              INITIAL DATAPOINT 24                              
--------------------------------------------------------------------------------
| Data point added to dataset (x i y): 
  2.7761946836E+01  4.9263582341E+01  1.0000000000E+00       3.1547600000E+01

| Total ensemble size: 24
| Next sampling location (x_next, i_next):
  3.0820764940E+02  2.7572750000E+02  1.0000000000E+00

Iteration time [s]:    0.001        Total time [s]:    0.067

--------------------------------------------------------------------------------
                              INITIAL DATAPOINT 25                              
--------------------------------------------------------------------------------
| Data point added to dataset (x i y): 
  3.0820764940E+02  2.7572750000E+02  1.0000000000E+00       3.1008700000E+01

| Total ensemble size: 25
| Next sampling location (x_next, i_next):
  1.4163677339E+02  4.7456863930E+01  1.0000000000E+00

Iteration time [s]:    0.001        Total time [s]:    0.068

--------------------------------------------------------------------------------
                              INITIAL DATAPOINT 26                              
--------------------------------------------------------------------------------
| Data point added to dataset (x i y): 
  1.4163677339E+02  4.7456863930E+01  1.0000000000E+00       2.8658600000E+01

| Total ensemble size: 26
| Next sampling location (x_next, i_next):
  1.3470630513E+02  1.1770187022E+02  1.0000000000E+00

Iteration time [s]:    0.001        Total time [s]:    0.069

--------------------------------------------------------------------------------
                              INITIAL DATAPOINT 27                              
--------------------------------------------------------------------------------
| Data point added to dataset (x i y): 
  1.3470630513E+02  1.1770187022E+02  1.0000000000E+00       2.9829500000E+01

| Total ensemble size: 27
| Next sampling location (x_next, i_next):
  2.6590606979E+02  9.6256604186E+01  1.0000000000E+00

Iteration time [s]:    0.001        Total time [s]:    0.071

--------------------------------------------------------------------------------
                              INITIAL DATAPOINT 28                              
--------------------------------------------------------------------------------
| Data point added to dataset (x i y): 
  2.6590606979E+02  9.6256604186E+01  1.0000000000E+00       3.7478800000E+01

| Total ensemble size: 28
| Next sampling location (x_next, i_next):
  4.3243434855E+01 -4.4954087216E+01  1.0000000000E+00

Iteration time [s]:    0.001        Total time [s]:    0.072

--------------------------------------------------------------------------------
                              INITIAL DATAPOINT 29                              
--------------------------------------------------------------------------------
| Data point added to dataset (x i y): 
  4.3243434855E+01 -4.4954087216E+01  1.0000000000E+00       3.1162900000E+01

| Total ensemble size: 29
| Next sampling location (x_next, i_next):
  2.3118251339E+02  4.7297487192E+01  1.0000000000E+00

Iteration time [s]:    0.001        Total time [s]:    0.073

--------------------------------------------------------------------------------
                              INITIAL DATAPOINT 30                              
--------------------------------------------------------------------------------
| Data point added to dataset (x i y): 
  2.3118251339E+02  4.7297487192E+01  1.0000000000E+00       3.0049000000E+01

| Total ensemble size: 30
| Next sampling location (x_next, i_next):
  2.8119102710E+02  5.8063052971E+01  1.0000000000E+00

Iteration time [s]:    0.001        Total time [s]:    0.074

--------------------------------------------------------------------------------
                              INITIAL DATAPOINT 31                              
--------------------------------------------------------------------------------
| Data point added to dataset (x i y): 
  2.8119102710E+02  5.8063052971E+01  1.0000000000E+00       3.3469500000E+01

| Total ensemble size: 31
| Next sampling location (x_next, i_next):
  1.1075417907E+02 -2.3954116481E+01  1.0000000000E+00

Iteration time [s]:    0.001        Total time [s]:    0.075

--------------------------------------------------------------------------------
                              INITIAL DATAPOINT 32                              
--------------------------------------------------------------------------------
| Data point added to dataset (x i y): 
  1.1075417907E+02 -2.3954116481E+01  1.0000000000E+00       3.3427800000E+01

| Total ensemble size: 32
| Best acquisition, x_best i_best y_best:
 -5.3511192102E-01  1.7890690740E+02  0.0000000000E+00      -2.0300778776E+05
| Global minimum prediction, x_hat mu_hat +- nu_hat:
  5.7144385183E+01  1.7902186343E+02  0.0000000000E+00      -2.0301292614E+05  9.8834265661E-02

| GP model hyperparameters (lengthscales W kappa):
  4.2850687674E-01  3.9240298830E-01 -7.5060898664E+00 -5.8950553058E+00  1.3866134288E-02  1.3839698598E-02
| Next sampling location (x_next, i_next):
  3.0599014801E+01  1.3828232363E+02  0.0000000000E+00

Iteration time [s]:    1.333        Total time [s]:    1.410

--------------------------------------------------------------------------------
                                 BO ITERATION 1                                 
--------------------------------------------------------------------------------
| Evaluating objective function at 3.060E+01 1.383E+02 0.000E+00
| Objective function evaluated, time [s]       24.127
| Data point added to dataset (x i y): 
  3.0599014801E+01  1.3828232363E+02  0.0000000000E+00      -2.0300067974E+05

| Total ensemble size: 33
| Best acquisition, x_best i_best y_best:
 -5.3511192102E-01  1.7890690740E+02  0.0000000000E+00      -2.0300778776E+05
| Global minimum prediction, x_hat mu_hat +- nu_hat:
  6.7810893118E+01  1.8244453926E+02  0.0000000000E+00      -2.0301421846E+05  9.0412654906E-01
| Global minimum convergence, d_xhat d_muhat:
  1.1202191811E+01  6.4631894859E-02

| GP model hyperparameters (lengthscales W kappa):
  4.3143390728E-01  3.8630232970E-01 -7.7768523305E+00 -5.8527793567E+00  1.3871534182E-02  1.3846827759E-02
| Next sampling location (x_next, i_next):
  1.0522924574E+02  1.9604354680E+02  0.0000000000E+00

Iteration time [s]:   25.369        Total time [s]:   26.779

--------------------------------------------------------------------------------
                                 BO ITERATION 2                                 
--------------------------------------------------------------------------------
| Evaluating objective function at 1.052E+02 1.960E+02 0.000E+00
| Objective function evaluated, time [s]       23.602
| Data point added to dataset (x i y): 
  1.0522924574E+02  1.9604354680E+02  0.0000000000E+00      -2.0300669942E+05

| Total ensemble size: 34
| Best acquisition, x_best i_best y_best:
 -5.3511192102E-01  1.7890690740E+02  0.0000000000E+00      -2.0300778776E+05
| Global minimum prediction, x_hat mu_hat +- nu_hat:
  6.0462113831E+01  1.8056935658E+02  0.0000000000E+00      -2.0301723560E+05  5.9944773344E-02
| Global minimum convergence, d_xhat d_muhat:
  7.5842512530E+00  1.4199849755E-01

| GP model hyperparameters (lengthscales W kappa):
  4.0820899869E-01  3.8221191819E-01 -8.5073286317E+00 -5.7667292172E+00  1.3898253517E-02  1.3888755048E-02
| Next sampling location (x_next, i_next):
  2.0986663484E+02  1.7165282464E+02  0.0000000000E+00

Iteration time [s]:   25.057        Total time [s]:   51.837

--------------------------------------------------------------------------------
                                 BO ITERATION 3                                 
--------------------------------------------------------------------------------
| Evaluating objective function at 2.099E+02 1.717E+02 0.000E+00
| Objective function evaluated, time [s]       22.338
| Data point added to dataset (x i y): 
  2.0986663484E+02  1.7165282464E+02  0.0000000000E+00      -2.0300689170E+05

| Total ensemble size: 35
| Best acquisition, x_best i_best y_best:
 -5.3511192102E-01  1.7890690740E+02  0.0000000000E+00      -2.0300778776E+05
| Global minimum prediction, x_hat mu_hat +- nu_hat:
  6.0337753848E+01  1.8065131924E+02  0.0000000000E+00      -2.0301908627E+05  6.5548076765E-02
| Global minimum convergence, d_xhat d_muhat:
  1.4894053452E-01  8.2909320535E-02

| GP model hyperparameters (lengthscales W kappa):
  3.9535455525E-01  3.8043220483E-01 -8.8553150275E+00 -5.7198079128E+00  1.3906500897E-02  1.3901435747E-02
| Next sampling location (x_next, i_next):
  2.2899587989E+02 -1.4899531813E+01  0.0000000000E+00

Iteration time [s]:   23.817        Total time [s]:   75.656

--------------------------------------------------------------------------------
                                 BO ITERATION 4                                 
--------------------------------------------------------------------------------
| Evaluating objective function at 2.290E+02 -1.490E+01 0.000E+00
| Objective function evaluated, time [s]       23.718
| Data point added to dataset (x i y): 
  2.2899587989E+02 -1.4899531813E+01  0.0000000000E+00      -2.0300962683E+05

| Total ensemble size: 36
| Best acquisition, x_best i_best y_best:
  2.2899587989E+02 -1.4899531813E+01  0.0000000000E+00      -2.0300962683E+05
| Global minimum prediction, x_hat mu_hat +- nu_hat:
  6.0989595954E+01  1.8142652454E+02  0.0000000000E+00      -2.0302054483E+05  1.4318404236E-01
| Global minimum convergence, d_xhat d_muhat:
  1.0128382790E+00  6.2084749096E-02

| GP model hyperparameters (lengthscales W kappa):
  3.3988809025E-01  3.5284441236E-01 -8.6085529296E+00 -5.4814058503E+00  1.3941010261E-02  1.3995185578E-02
| Next sampling location (x_next, i_next):
  3.0118137341E+02  5.7747711466E+00  0.0000000000E+00

Iteration time [s]:   25.503        Total time [s]:  101.159

--------------------------------------------------------------------------------
                                 BO ITERATION 5                                 
--------------------------------------------------------------------------------
| Evaluating objective function at 3.012E+02 5.775E+00 0.000E+00
| Objective function evaluated, time [s]       24.479
| Data point added to dataset (x i y): 
  3.0118137341E+02  5.7747711466E+00  0.0000000000E+00      -2.0300355366E+05

| Total ensemble size: 37
| Best acquisition, x_best i_best y_best:
  2.2899587989E+02 -1.4899531813E+01  0.0000000000E+00      -2.0300962683E+05
| Global minimum prediction, x_hat mu_hat +- nu_hat:
  6.1742715380E+01  1.8244699266E+02  0.0000000000E+00      -2.0301926234E+05  3.4259676354E-01
| Global minimum convergence, d_xhat d_muhat:
  1.2682839024E+00  5.4661281649E-02

| GP model hyperparameters (lengthscales W kappa):
  2.9256975934E-01  3.2760053390E-01  7.6833162928E+00  5.3164843301E+00  1.3942509308E-02  1.3983771528E-02
| Next sampling location (x_next, i_next):
 -4.5677843043E+01  2.0568196415E+02  0.0000000000E+00

Iteration time [s]:   26.698        Total time [s]:  127.859

--------------------------------------------------------------------------------
                                 BO ITERATION 6                                 
--------------------------------------------------------------------------------
| Evaluating objective function at -4.568E+01 2.057E+02 0.000E+00
| Objective function evaluated, time [s]       22.292
| Data point added to dataset (x i y): 
 -4.5677843043E+01  2.0568196415E+02  0.0000000000E+00      -2.0300503022E+05

| Total ensemble size: 38
| Best acquisition, x_best i_best y_best:
  2.2899587989E+02 -1.4899531813E+01  0.0000000000E+00      -2.0300962683E+05
| Global minimum prediction, x_hat mu_hat +- nu_hat:
  6.1767893758E+01  1.8246809188E+02  0.0000000000E+00      -2.0301917085E+05  3.4571835949E-01
| Global minimum convergence, d_xhat d_muhat:
  3.2850084916E-02  3.8728279415E-03

| GP model hyperparameters (lengthscales W kappa):
  2.8875824091E-01  3.2432503322E-01  7.4812699385E+00  5.2640190368E+00  1.3946904854E-02  1.3990524379E-02
| Next sampling location (x_next, i_next):
  1.7868999907E+02 -3.1488228783E+01  0.0000000000E+00

Iteration time [s]:   24.792        Total time [s]:  152.653

--------------------------------------------------------------------------------
                                 BO ITERATION 7                                 
--------------------------------------------------------------------------------
| Evaluating objective function at 1.787E+02 -3.149E+01 0.000E+00
| Objective function evaluated, time [s]       23.728
| Data point added to dataset (x i y): 
  1.7868999907E+02 -3.1488228783E+01  0.0000000000E+00      -2.0299728294E+05

| Total ensemble size: 39
| Best acquisition, x_best i_best y_best:
  2.2899587989E+02 -1.4899531813E+01  0.0000000000E+00      -2.0300962683E+05
| Global minimum prediction, x_hat mu_hat +- nu_hat:
  6.0774133135E+01  1.8080819273E+02  0.0000000000E+00      -2.0301765024E+05  9.3782495797E-02
| Global minimum convergence, d_xhat d_muhat:
  1.9346383054E+00  6.6434080746E-02

| GP model hyperparameters (lengthscales W kappa):
  3.3203192662E-01  2.9853441742E-01  7.2532634515E+00  5.3401418803E+00  1.3981547262E-02  1.4047210810E-02
| Next sampling location (x_next, i_next):
 -4.9276133634E+01  1.4866283580E+02  0.0000000000E+00

Iteration time [s]:   26.101        Total time [s]:  178.757

--------------------------------------------------------------------------------
                                 BO ITERATION 8                                 
--------------------------------------------------------------------------------
| Evaluating objective function at -4.928E+01 1.487E+02 0.000E+00
| Objective function evaluated, time [s]       23.675
| Data point added to dataset (x i y): 
 -4.9276133634E+01  1.4866283580E+02  0.0000000000E+00      -2.0300385279E+05

| Total ensemble size: 40
| Best acquisition, x_best i_best y_best:
  2.2899587989E+02 -1.4899531813E+01  0.0000000000E+00      -2.0300962683E+05
| Global minimum prediction, x_hat mu_hat +- nu_hat:
  6.0826224778E+01  1.8082996262E+02  0.0000000000E+00      -2.0301748981E+05  9.4080532197E-02
| Global minimum convergence, d_xhat d_muhat:
  5.6457658106E-02  6.9880121667E-03

| GP model hyperparameters (lengthscales W kappa):
  3.3058240901E-01  2.9631710224E-01  7.0761693141E+00  5.2942482412E+00  1.3989333066E-02  1.4056987840E-02
| Next sampling location (x_next, i_next):
  2.3567447692E+02  2.1983798249E+02  0.0000000000E+00

Iteration time [s]:   26.016        Total time [s]:  204.777

--------------------------------------------------------------------------------
                                 BO ITERATION 9                                 
--------------------------------------------------------------------------------
| Evaluating objective function at 2.357E+02 2.198E+02 0.000E+00
| Objective function evaluated, time [s]       22.462
| Data point added to dataset (x i y): 
  2.3567447692E+02  2.1983798249E+02  0.0000000000E+00      -2.0299894203E+05

| Total ensemble size: 41
| Best acquisition, x_best i_best y_best:
  2.2899587989E+02 -1.4899531813E+01  0.0000000000E+00      -2.0300962683E+05
| Global minimum prediction, x_hat mu_hat +- nu_hat:
  6.0866048578E+01  1.8080803143E+02  0.0000000000E+00      -2.0301667267E+05  8.3855878205E-02
| Global minimum convergence, d_xhat d_muhat:
  4.5463302060E-02  3.6208692582E-02

| GP model hyperparameters (lengthscales W kappa):
  3.4043483486E-01  3.0912365630E-01 -6.9645650530E+00 -5.3710021598E+00  1.4017265381E-02  1.4081639062E-02
| Next sampling location (x_next, i_next):
 -2.1915710037E+00  2.4078909882E+02  0.0000000000E+00

Iteration time [s]:   24.655        Total time [s]:  229.436

--------------------------------------------------------------------------------
                                BO ITERATION 10                                 
--------------------------------------------------------------------------------
| Evaluating objective function at -2.192E+00 2.408E+02 0.000E+00
| Objective function evaluated, time [s]       23.974
| Data point added to dataset (x i y): 
 -2.1915710037E+00  2.4078909882E+02  0.0000000000E+00      -2.0299478966E+05

| Total ensemble size: 42
| Best acquisition, x_best i_best y_best:
  2.2899587989E+02 -1.4899531813E+01  0.0000000000E+00      -2.0300962683E+05
| Global minimum prediction, x_hat mu_hat +- nu_hat:
  6.2019588948E+01  1.8153286670E+02  0.0000000000E+00      -2.0301589253E+05  1.3569506321E-01
| Global minimum convergence, d_xhat d_muhat:
  1.3623661574E+00  3.5628054600E-02

| GP model hyperparameters (lengthscales W kappa):
  3.6363447619E-01  3.3808165334E-01  7.2013410501E+00  5.6167284514E+00  1.4028583184E-02  1.4113730063E-02
| Next sampling location (x_next, i_next):
  2.0913181451E+02  1.7211419959E+01  0.0000000000E+00

Iteration time [s]:   25.983        Total time [s]:  255.423

--------------------------------------------------------------------------------
                                BO ITERATION 11                                 
--------------------------------------------------------------------------------
| Evaluating objective function at 2.091E+02 1.721E+01 0.000E+00
| Objective function evaluated, time [s]       24.846
| Data point added to dataset (x i y): 
  2.0913181451E+02  1.7211419959E+01  0.0000000000E+00      -2.0301057283E+05

| Total ensemble size: 43
| Best acquisition, x_best i_best y_best:
  2.0913181451E+02  1.7211419959E+01  0.0000000000E+00      -2.0301057283E+05
| Global minimum prediction, x_hat mu_hat +- nu_hat:
  6.1996534596E+01  1.8143154854E+02  0.0000000000E+00      -2.0301534213E+05  2.0537861889E-01
| Global minimum convergence, d_xhat d_muhat:
  1.0390799965E-01  2.4415693879E-02

| GP model hyperparameters (lengthscales W kappa):
  3.0794759497E-01  2.6456869658E-01  6.2255099978E+00  5.3233505642E+00  1.4062180831E-02  1.4124778546E-02
| Next sampling location (x_next, i_next):
  9.7914217736E+01  1.5358396971E+02  0.0000000000E+00

Iteration time [s]:   27.360        Total time [s]:  282.786

--------------------------------------------------------------------------------
                                BO ITERATION 12                                 
--------------------------------------------------------------------------------
| Evaluating objective function at 9.791E+01 1.536E+02 0.000E+00
| Objective function evaluated, time [s]       23.979
| Data point added to dataset (x i y): 
  9.7914217736E+01  1.5358396971E+02  0.0000000000E+00      -2.0300526149E+05

| Total ensemble size: 44
| Best acquisition, x_best i_best y_best:
  2.0913181451E+02  1.7211419959E+01  0.0000000000E+00      -2.0301057283E+05
| Global minimum prediction, x_hat mu_hat +- nu_hat:
  6.1642731073E+01  1.8186151448E+02  0.0000000000E+00      -2.0301528608E+05  2.2828947116E-01
| Global minimum convergence, d_xhat d_muhat:
  5.5681921853E-01  2.4673422822E-03

| GP model hyperparameters (lengthscales W kappa):
  2.9625560445E-01  2.5437140146E-01  6.0549678717E+00  5.2754847512E+00  1.4041658345E-02  1.4084374432E-02
| Next sampling location (x_next, i_next):
  1.6165202021E+02  1.8043613314E+02  0.0000000000E+00

Iteration time [s]:   26.818        Total time [s]:  309.608

--------------------------------------------------------------------------------
                                BO ITERATION 13                                 
--------------------------------------------------------------------------------
| Evaluating objective function at 1.617E+02 1.804E+02 0.000E+00
| Objective function evaluated, time [s]       22.529
| Data point added to dataset (x i y): 
  1.6165202021E+02  1.8043613314E+02  0.0000000000E+00      -2.0300797264E+05

| Total ensemble size: 45
| Best acquisition, x_best i_best y_best:
  2.0913181451E+02  1.7211419959E+01  0.0000000000E+00      -2.0301057283E+05
| Global minimum prediction, x_hat mu_hat +- nu_hat:
  6.1895819379E+01  1.8221695827E+02  0.0000000000E+00      -2.0301563537E+05  3.1431908919E-01
| Global minimum convergence, d_xhat d_muhat:
  4.3634158613E-01  1.5153807280E-02

| GP model hyperparameters (lengthscales W kappa):
  2.8388820629E-01  2.5138546331E-01  6.0216254811E+00  5.2509441105E+00  1.4029046946E-02  1.4069277839E-02
| Next sampling location (x_next, i_next):
  7.6634109421E+01  2.2533656396E+02  0.0000000000E+00

Iteration time [s]:   25.810        Total time [s]:  335.422

--------------------------------------------------------------------------------
                                BO ITERATION 14                                 
--------------------------------------------------------------------------------
| Evaluating objective function at 7.663E+01 2.253E+02 0.000E+00
| Objective function evaluated, time [s]       23.879
| Data point added to dataset (x i y): 
  7.6634109421E+01  2.2533656396E+02  0.0000000000E+00      -2.0299992763E+05

| Total ensemble size: 46
| Best acquisition, x_best i_best y_best:
  2.0913181451E+02  1.7211419959E+01  0.0000000000E+00      -2.0301057283E+05
| Global minimum prediction, x_hat mu_hat +- nu_hat:
  6.0226692883E+01  1.8037100352E+02  0.0000000000E+00      -2.0301517709E+05  5.8690117854E-02
| Global minimum convergence, d_xhat d_muhat:
  2.4886808134E+00  2.0067320003E-02

| GP model hyperparameters (lengthscales W kappa):
  2.9057410471E-01  2.4164806382E-01  5.9548473957E+00  5.2574011152E+00  1.4023436892E-02  1.4057816726E-02
| Next sampling location (x_next, i_next):
  4.4473009827E+01  3.3097294079E+00  0.0000000000E+00

Iteration time [s]:   26.892        Total time [s]:  362.318

--------------------------------------------------------------------------------
                                BO ITERATION 15                                 
--------------------------------------------------------------------------------
| Evaluating objective function at 4.447E+01 3.310E+00 0.000E+00
| Objective function evaluated, time [s]       24.129
| Data point added to dataset (x i y): 
  4.4473009827E+01  3.3097294079E+00  0.0000000000E+00      -2.0300283633E+05

| Total ensemble size: 47
| Best acquisition, x_best i_best y_best:
  2.0913181451E+02  1.7211419959E+01  0.0000000000E+00      -2.0301057283E+05
| Global minimum prediction, x_hat mu_hat +- nu_hat:
  6.0284430278E+01  1.8037723240E+02  0.0000000000E+00      -2.0301496548E+05  5.8971912742E-02
| Global minimum convergence, d_xhat d_muhat:
  5.8072417495E-02  9.2725240175E-03

| GP model hyperparameters (lengthscales W kappa):
  2.9083616418E-01  2.4296125703E-01  5.8372263980E+00  5.2386175980E+00  1.4033971427E-02  1.4066335964E-02
| Next sampling location (x_next, i_next):
 -1.6456641232E+01  9.3700857569E+01  0.0000000000E+00

Iteration time [s]:   27.262        Total time [s]:  389.583

--------------------------------------------------------------------------------
                                BO ITERATION 16                                 
--------------------------------------------------------------------------------
| Evaluating objective function at -1.646E+01 9.370E+01 0.000E+00
| Objective function evaluated, time [s]       23.446
| Data point added to dataset (x i y): 
 -1.6456641232E+01  9.3700857569E+01  0.0000000000E+00      -2.0298957148E+05

| Total ensemble size: 48
| Best acquisition, x_best i_best y_best:
  2.0913181451E+02  1.7211419959E+01  0.0000000000E+00      -2.0301057283E+05
| Global minimum prediction, x_hat mu_hat +- nu_hat:
  5.9449062783E+01  1.8007951544E+02  0.0000000000E+00      -2.0301424745E+05  3.3397980581E-02
| Global minimum convergence, d_xhat d_muhat:
  8.8683382711E-01  3.0655194482E-02

| GP model hyperparameters (lengthscales W kappa):
  3.3369712257E-01  2.7441953753E-01  6.1974742888E+00  5.5395342072E+00  1.4133464995E-02  1.4189870587E-02
| Next sampling location (x_next, i_next):
  2.5146318859E+02  1.4826831390E+02  0.0000000000E+00

Iteration time [s]:   26.353        Total time [s]:  415.937

--------------------------------------------------------------------------------
                                BO ITERATION 17                                 
--------------------------------------------------------------------------------
| Evaluating objective function at 2.515E+02 1.483E+02 0.000E+00
| Objective function evaluated, time [s]       22.304
| Data point added to dataset (x i y): 
  2.5146318859E+02  1.4826831390E+02  0.0000000000E+00      -2.0300180698E+05

| Total ensemble size: 49
| Best acquisition, x_best i_best y_best:
  2.0913181451E+02  1.7211419959E+01  0.0000000000E+00      -2.0301057283E+05
| Global minimum prediction, x_hat mu_hat +- nu_hat:
  5.9504806378E+01  1.8009359684E+02  0.0000000000E+00      -2.0301408332E+05  3.3419525371E-02
| Global minimum convergence, d_xhat d_muhat:
  5.7494643317E-02  7.0161368004E-03

| GP model hyperparameters (lengthscales W kappa):
  3.3423655726E-01  2.8121040814E-01  6.1530929871E+00  5.5630464891E+00  1.4162231733E-02  1.4220870501E-02
| Next sampling location (x_next, i_next):
  3.8952252357E+01  1.7287188380E+02  0.0000000000E+00

Iteration time [s]:   25.038        Total time [s]:  440.979

--------------------------------------------------------------------------------
                                BO ITERATION 18                                 
--------------------------------------------------------------------------------
| Evaluating objective function at 3.895E+01 1.729E+02 0.000E+00
| Objective function evaluated, time [s]       24.631
| Data point added to dataset (x i y): 
  3.8952252357E+01  1.7287188380E+02  0.0000000000E+00      -2.0300890105E+05

| Total ensemble size: 50
| Best acquisition, x_best i_best y_best:
  2.0913181451E+02  1.7211419959E+01  0.0000000000E+00      -2.0301057283E+05
| Global minimum prediction, x_hat mu_hat +- nu_hat:
  6.6472518637E+01  1.8326166476E+02  0.0000000000E+00      -2.0301412885E+05  2.6728089790E-01
| Global minimum convergence, d_xhat d_muhat:
  7.6541275464E+00  1.9192265063E-03

| GP model hyperparameters (lengthscales W kappa):
  3.1443513590E-01  2.7245949521E-01  5.8983734709E+00  5.7269780262E+00  1.4157899029E-02  1.4172517918E-02
| Next sampling location (x_next, i_next):
 -5.0000000000E+01 -4.3035445504E+01  0.0000000000E+00

Iteration time [s]:   27.431        Total time [s]:  468.411

--------------------------------------------------------------------------------
                                BO ITERATION 19                                 
--------------------------------------------------------------------------------
| Evaluating objective function at -5.000E+01 -4.304E+01 0.000E+00
| Objective function evaluated, time [s]       23.799
| Data point added to dataset (x i y): 
 -5.0000000000E+01 -4.3035445504E+01  0.0000000000E+00      -2.0300107089E+05

| Total ensemble size: 51
| Best acquisition, x_best i_best y_best:
  2.0913181451E+02  1.7211419959E+01  0.0000000000E+00      -2.0301057283E+05
| Global minimum prediction, x_hat mu_hat +- nu_hat:
  6.6516990259E+01  1.8313861411E+02  0.0000000000E+00      -2.0301395323E+05  2.5570270500E-01
| Global minimum convergence, d_xhat d_muhat:
  1.3084030918E-01  7.4263370014E-03

| GP model hyperparameters (lengthscales W kappa):
  3.1553281066E-01  2.7061591902E-01  5.7993076670E+00  5.6709886628E+00  1.4161093828E-02  1.4172755623E-02
| Next sampling location (x_next, i_next):
  1.8419081025E+02  1.5117274721E+02  0.0000000000E+00

Iteration time [s]:   26.931        Total time [s]:  495.345

--------------------------------------------------------------------------------
                                BO ITERATION 20                                 
--------------------------------------------------------------------------------
| Evaluating objective function at 1.842E+02 1.512E+02 0.000E+00
| Objective function evaluated, time [s]       22.406
| Data point added to dataset (x i y): 
  1.8419081025E+02  1.5117274721E+02  0.0000000000E+00      -2.0300371370E+05

| Total ensemble size: 52
| Best acquisition, x_best i_best y_best:
  2.0913181451E+02  1.7211419959E+01  0.0000000000E+00      -2.0301057283E+05
| Global minimum prediction, x_hat mu_hat +- nu_hat:
  6.5688240996E+01  1.8310072590E+02  0.0000000000E+00      -2.0301383795E+05  2.3320358659E-01
| Global minimum convergence, d_xhat d_muhat:
  8.2961488503E-01  4.8636609485E-03

| GP model hyperparameters (lengthscales W kappa):
  3.0632187747E-01  2.7974459078E-01  5.8150845335E+00  5.7357959487E+00  1.4163839047E-02  1.4171143754E-02
| Next sampling location (x_next, i_next):
 -3.9668527852E+01  1.7742054233E+02  0.0000000000E+00

Iteration time [s]:   25.908        Total time [s]:  521.257

--------------------------------------------------------------------------------
                                BO ITERATION 21                                 
--------------------------------------------------------------------------------
| Evaluating objective function at -3.967E+01 1.774E+02 0.000E+00
| Objective function evaluated, time [s]       23.768
| Data point added to dataset (x i y): 
 -3.9668527852E+01  1.7742054233E+02  0.0000000000E+00      -2.0300839771E+05

| Total ensemble size: 53
| Best acquisition, x_best i_best y_best:
  2.0913181451E+02  1.7211419959E+01  0.0000000000E+00      -2.0301057283E+05
| Global minimum prediction, x_hat mu_hat +- nu_hat:
  6.5307930936E+01  1.8325887165E+02  0.0000000000E+00      -2.0301412001E+05  2.4049310407E-01
| Global minimum convergence, d_xhat d_muhat:
  4.1188083185E-01  1.1776172177E-02

| GP model hyperparameters (lengthscales W kappa):
  2.9843270407E-01  2.8069586954E-01  5.8519819526E+00  5.7592690702E+00  1.4162291115E-02  1.4170993230E-02
| Next sampling location (x_next, i_next):
  7.8075445741E+01  1.8538948996E+02  0.0000000000E+00

Iteration time [s]:   27.291        Total time [s]:  548.552

--------------------------------------------------------------------------------
                                BO ITERATION 22                                 
--------------------------------------------------------------------------------
| Evaluating objective function at 7.808E+01 1.854E+02 0.000E+00
| Objective function evaluated, time [s]       23.603
| Data point added to dataset (x i y): 
  7.8075445741E+01  1.8538948996E+02  0.0000000000E+00      -2.0300915254E+05

| Total ensemble size: 54
| Best acquisition, x_best i_best y_best:
  2.0913181451E+02  1.7211419959E+01  0.0000000000E+00      -2.0301057283E+05
| Global minimum prediction, x_hat mu_hat +- nu_hat:
  5.8562490965E+01  1.7885529923E+02  0.0000000000E+00      -2.0301295344E+05  2.7792966504E-02
| Global minimum convergence, d_xhat d_muhat:
  8.0555825667E+00  4.8179038386E-02

| GP model hyperparameters (lengthscales W kappa):
  2.4716093649E-01  3.0380341856E-01  5.5885934472E+00  6.0527481239E+00  1.4143048863E-02  1.4106592381E-02
| Next sampling location (x_next, i_next):
  1.3693051059E+02  2.0306943550E+02  0.0000000000E+00

Iteration time [s]:   27.472        Total time [s]:  576.025

--------------------------------------------------------------------------------
                                BO ITERATION 23                                 
--------------------------------------------------------------------------------
| Evaluating objective function at 1.369E+02 2.031E+02 0.000E+00
| Objective function evaluated, time [s]       22.662
| Data point added to dataset (x i y): 
  1.3693051059E+02  2.0306943550E+02  0.0000000000E+00      -2.0300499446E+05

| Total ensemble size: 55
| Best acquisition, x_best i_best y_best:
  2.0913181451E+02  1.7211419959E+01  0.0000000000E+00      -2.0301057283E+05
| Global minimum prediction, x_hat mu_hat +- nu_hat:
  5.8425194204E+01  1.7844597159E+02  0.0000000000E+00      -2.0301308329E+05  2.9725131589E-02
| Global minimum convergence, d_xhat d_muhat:
  4.3174009775E-01  5.3464427296E-03

| GP model hyperparameters (lengthscales W kappa):
  2.3825633108E-01  3.0189430068E-01  5.5285186770E+00  5.9614657280E+00  1.4120774070E-02  1.4088359358E-02
| Next sampling location (x_next, i_next):
  6.7863591939E+01  1.2457083975E+02  0.0000000000E+00

Iteration time [s]:   26.474        Total time [s]:  602.503

--------------------------------------------------------------------------------
                                BO ITERATION 24                                 
--------------------------------------------------------------------------------
| Evaluating objective function at 6.786E+01 1.246E+02 0.000E+00
| Objective function evaluated, time [s]       23.775
| Data point added to dataset (x i y): 
  6.7863591939E+01  1.2457083975E+02  0.0000000000E+00      -2.0299714940E+05

| Total ensemble size: 56
| Best acquisition, x_best i_best y_best:
  2.0913181451E+02  1.7211419959E+01  0.0000000000E+00      -2.0301057283E+05
| Global minimum prediction, x_hat mu_hat +- nu_hat:
  5.8222737576E+01  1.7923418283E+02  0.0000000000E+00      -2.0301204465E+05  2.5495247512E-02
| Global minimum convergence, d_xhat d_muhat:
  8.1379705183E-01  4.3178689295E-02

| GP model hyperparameters (lengthscales W kappa):
  2.6215654215E-01  2.9018505522E-01  5.3555001841E+00  6.2711157852E+00  1.4307557943E-02  1.4196454028E-02
| Next sampling location (x_next, i_next):
 -5.1194623250E+00  1.8402160374E+01  0.0000000000E+00

Iteration time [s]:   27.477        Total time [s]:  629.984

--------------------------------------------------------------------------------
                                BO ITERATION 25                                 
--------------------------------------------------------------------------------
| Evaluating objective function at -5.119E+00 1.840E+01 0.000E+00
| Objective function evaluated, time [s]       23.907
| Data point added to dataset (x i y): 
 -5.1194623250E+00  1.8402160374E+01  0.0000000000E+00      -2.0299165314E+05

| Total ensemble size: 57
| Best acquisition, x_best i_best y_best:
  2.0913181451E+02  1.7211419959E+01  0.0000000000E+00      -2.0301057283E+05
| Global minimum prediction, x_hat mu_hat +- nu_hat:
  5.8143899492E+01  1.7925712033E+02  0.0000000000E+00      -2.0301174029E+05  2.5576846094E-02
| Global minimum convergence, d_xhat d_muhat:
  8.2107079007E-02  1.2877362159E-02

| GP model hyperparameters (lengthscales W kappa):
  2.7676836276E-01  2.9518884796E-01  5.5466139200E+00  6.4093551438E+00  1.4364498222E-02  1.4250589523E-02
| Next sampling location (x_next, i_next):
  7.9374700791E+01  1.8376156241E+01  0.0000000000E+00

Iteration time [s]:   27.577        Total time [s]:  657.565

--------------------------------------------------------------------------------
                                BO ITERATION 26                                 
--------------------------------------------------------------------------------
| Evaluating objective function at 7.937E+01 1.838E+01 0.000E+00
| Objective function evaluated, time [s]       24.484
| Data point added to dataset (x i y): 
  7.9374700791E+01  1.8376156241E+01  0.0000000000E+00      -2.0299773579E+05

| Total ensemble size: 58
| Best acquisition, x_best i_best y_best:
  2.0913181451E+02  1.7211419959E+01  0.0000000000E+00      -2.0301057283E+05
| Global minimum prediction, x_hat mu_hat +- nu_hat:
  5.8099767871E+01  1.7930677185E+02  0.0000000000E+00      -2.0301159974E+05  2.5543792058E-02
| Global minimum convergence, d_xhat d_muhat:
  6.6429462589E-02  5.9904477387E-03

| GP model hyperparameters (lengthscales W kappa):
  2.8165170970E-01  2.8914665286E-01  5.4797023627E+00  6.3083722041E+00  1.4388129508E-02  1.4259319872E-02
| Next sampling location (x_next, i_next):
  2.0623817917E+02  2.6858515293E+02  0.0000000000E+00

Iteration time [s]:   28.118        Total time [s]:  685.687

--------------------------------------------------------------------------------
                                BO ITERATION 27                                 
--------------------------------------------------------------------------------
| Evaluating objective function at 2.062E+02 2.686E+02 0.000E+00
| Objective function evaluated, time [s]       23.161
| Data point added to dataset (x i y): 
  2.0623817917E+02  2.6858515293E+02  0.0000000000E+00      -2.0298846358E+05

| Total ensemble size: 59
| Best acquisition, x_best i_best y_best:
  2.0913181451E+02  1.7211419959E+01  0.0000000000E+00      -2.0301057283E+05
| Global minimum prediction, x_hat mu_hat +- nu_hat:
  2.0698096036E+02  6.8092862139E+00  0.0000000000E+00      -2.0301136243E+05  2.0208293798E-01
| Global minimum convergence, d_xhat d_muhat:
  2.2786178273E+02  9.8507743472E-03

| GP model hyperparameters (lengthscales W kappa):
  3.1266867895E-01  3.0979323147E-01  5.7391539515E+00  6.6671069017E+00  1.4700793092E-02  1.4495050072E-02
| Next sampling location (x_next, i_next):
  2.8165417473E+02  2.3618479894E+02  0.0000000000E+00

Iteration time [s]:   27.026        Total time [s]:  712.716

--------------------------------------------------------------------------------
                                BO ITERATION 28                                 
--------------------------------------------------------------------------------
| Evaluating objective function at 2.817E+02 2.362E+02 0.000E+00
| Objective function evaluated, time [s]       23.775
| Data point added to dataset (x i y): 
  2.8165417473E+02  2.3618479894E+02  0.0000000000E+00      -2.0299571263E+05

| Total ensemble size: 60
| Best acquisition, x_best i_best y_best:
  2.0913181451E+02  1.7211419959E+01  0.0000000000E+00      -2.0301057283E+05
| Global minimum prediction, x_hat mu_hat +- nu_hat:
  2.1205140629E+02  5.0388207024E+00  0.0000000000E+00      -2.0301134092E+05  2.9671482347E-01
| Global minimum convergence, d_xhat d_muhat:
  5.3706582496E+00  9.0017346222E-04

| GP model hyperparameters (lengthscales W kappa):
  3.4042062637E-01  2.9425239733E-01 -5.6794356669E+00 -6.6896724956E+00  1.4927708235E-02  1.4624786344E-02
| Next sampling location (x_next, i_next):
  1.2448918854E+02  1.7458099546E+02  0.0000000000E+00

Iteration time [s]:   27.574        Total time [s]:  740.290

--------------------------------------------------------------------------------
                                BO ITERATION 29                                 
--------------------------------------------------------------------------------
| Evaluating objective function at 1.245E+02 1.746E+02 0.000E+00
| Objective function evaluated, time [s]       23.827
| Data point added to dataset (x i y): 
  1.2448918854E+02  1.7458099546E+02  0.0000000000E+00      -2.0300763005E+05

| Total ensemble size: 61
| Best acquisition, x_best i_best y_best:
  2.0913181451E+02  1.7211419959E+01  0.0000000000E+00      -2.0301057283E+05
| Global minimum prediction, x_hat mu_hat +- nu_hat:
  2.0946468421E+02  6.0430101961E+00  0.0000000000E+00      -2.0301131645E+05  2.4194306352E-01
| Global minimum convergence, d_xhat d_muhat:
  2.7748022765E+00  1.0166769335E-03

| GP model hyperparameters (lengthscales W kappa):
  3.2779241392E-01  3.0071626319E-01 -5.7098707478E+00 -6.7661456733E+00  1.4884663849E-02  1.4589212755E-02
| Next sampling location (x_next, i_next):
  2.3200890413E+02  2.9255941286E+00  0.0000000000E+00

Iteration time [s]:   27.618        Total time [s]:  767.911

--------------------------------------------------------------------------------
                                BO ITERATION 30                                 
--------------------------------------------------------------------------------
| Evaluating objective function at 2.320E+02 2.926E+00 0.000E+00
| Objective function evaluated, time [s]       23.709
| Data point added to dataset (x i y): 
  2.3200890413E+02  2.9255941286E+00  0.0000000000E+00      -2.0301233605E+05

| Total ensemble size: 62
| Best acquisition, x_best i_best y_best:
  2.3200890413E+02  2.9255941286E+00  0.0000000000E+00      -2.0301233605E+05
| Global minimum prediction, x_hat mu_hat +- nu_hat:
  2.2929434736E+02  1.1870056536E+00  0.0000000000E+00      -2.0301241123E+05  1.9813948199E-02
| Global minimum convergence, d_xhat d_muhat:
  2.0415590143E+01  4.4864021584E-02

| GP model hyperparameters (lengthscales W kappa):
  3.2825716571E-01  2.7220200051E-01 -5.6633070015E+00 -6.8128540051E+00  1.4948278332E-02  1.4607411119E-02
| Next sampling location (x_next, i_next):
  9.7023110236E+00  2.0139316822E+02  0.0000000000E+00

Iteration time [s]:   27.708        Total time [s]:  795.623

--------------------------------------------------------------------------------
                                BO ITERATION 31                                 
--------------------------------------------------------------------------------
| Evaluating objective function at 9.702E+00 2.014E+02 0.000E+00
| Objective function evaluated, time [s]       24.467
| Data point added to dataset (x i y): 
  9.7023110236E+00  2.0139316822E+02  0.0000000000E+00      -2.0300578968E+05

| Total ensemble size: 63
| Best acquisition, x_best i_best y_best:
  2.3200890413E+02  2.9255941286E+00  0.0000000000E+00      -2.0301233605E+05
| Global minimum prediction, x_hat mu_hat +- nu_hat:
  2.3342544148E+02  8.4586503426E-01  0.0000000000E+00      -2.0301236730E+05  1.2113356272E-02
| Global minimum convergence, d_xhat d_muhat:
  4.1451556737E+00  1.7923448805E-03

| GP model hyperparameters (lengthscales W kappa):
  2.9661575466E-01  2.9857091827E-01  5.7671574796E+00  6.6879050947E+00  1.4667842706E-02  1.4463496936E-02
| Next sampling location (x_next, i_next):
  2.5004025644E+02 -1.2567600594E+01  0.0000000000E+00

Iteration time [s]:   28.805        Total time [s]:  824.428

--------------------------------------------------------------------------------
                                BO ITERATION 32                                 
--------------------------------------------------------------------------------
| Evaluating objective function at 2.500E+02 -1.257E+01 0.000E+00
| Objective function evaluated, time [s]       24.034
| Data point added to dataset (x i y): 
  2.5004025644E+02 -1.2567600594E+01  0.0000000000E+00      -2.0301127905E+05

| Total ensemble size: 64
| Best acquisition, x_best i_best y_best:
  2.3200890413E+02  2.9255941286E+00  0.0000000000E+00      -2.0301233605E+05
| Global minimum prediction, x_hat mu_hat +- nu_hat:
  2.3255163523E+02  1.1163081700E+00  0.0000000000E+00      -2.0301236321E+05  4.1879121066E-03
| Global minimum convergence, d_xhat d_muhat:
  9.1470041822E-01  1.6475320874E-04

| GP model hyperparameters (lengthscales W kappa):
  2.9741117364E-01  2.9233086800E-01  5.7777805491E+00  6.8521773636E+00  1.4676237496E-02  1.4444675001E-02
| Next sampling location (x_next, i_next):
 -6.3545403076E+00  2.9837295931E+02  0.0000000000E+00

Iteration time [s]:   28.435        Total time [s]:  852.864

--------------------------------------------------------------------------------
                                BO ITERATION 33                                 
--------------------------------------------------------------------------------
| Evaluating objective function at -6.355E+00 2.984E+02 0.000E+00
| Objective function evaluated, time [s]       24.072
| Data point added to dataset (x i y): 
 -6.3545403076E+00  2.9837295931E+02  0.0000000000E+00      -2.0299131531E+05

| Total ensemble size: 65
| Best acquisition, x_best i_best y_best:
  2.3200890413E+02  2.9255941286E+00  0.0000000000E+00      -2.0301233605E+05
| Global minimum prediction, x_hat mu_hat +- nu_hat:
  2.3347386583E+02  5.1161225967E-01  0.0000000000E+00      -2.0301238008E+05  5.8027355006E-03
| Global minimum convergence, d_xhat d_muhat:
  1.1027993533E+00  6.8991731162E-04

| GP model hyperparameters (lengthscales W kappa):
  3.1860003743E-01  2.9863355266E-01  5.9524666719E+00  7.0441668349E+00  1.5025130081E-02  1.4690115223E-02
| Next sampling location (x_next, i_next):
 -1.6231354364E+01  1.5326961440E+02  0.0000000000E+00

Iteration time [s]:   28.187        Total time [s]:  881.055

--------------------------------------------------------------------------------
                                BO ITERATION 34                                 
--------------------------------------------------------------------------------
| Evaluating objective function at -1.623E+01 1.533E+02 0.000E+00
| Objective function evaluated, time [s]       23.802
| Data point added to dataset (x i y): 
 -1.6231354364E+01  1.5326961440E+02  0.0000000000E+00      -2.0300437973E+05

| Total ensemble size: 66
| Best acquisition, x_best i_best y_best:
  2.3200890413E+02  2.9255941286E+00  0.0000000000E+00      -2.0301233605E+05
| Global minimum prediction, x_hat mu_hat +- nu_hat:
  2.3348537656E+02  5.5086943926E-01  0.0000000000E+00      -2.0301237808E+05  5.4660347978E-03
| Global minimum convergence, d_xhat d_muhat:
  4.0909940214E-02  8.1772100315E-05

| GP model hyperparameters (lengthscales W kappa):
  3.1877084114E-01  3.0042822065E-01  5.9516891362E+00  7.1243162875E+00  1.5094921696E-02  1.4710960446E-02
| Next sampling location (x_next, i_next):
  1.9904542518E+02  1.9328898111E+02  0.0000000000E+00

Iteration time [s]:   27.933        Total time [s]:  908.989

--------------------------------------------------------------------------------
                                BO ITERATION 35                                 
--------------------------------------------------------------------------------
| Evaluating objective function at 1.990E+02 1.933E+02 0.000E+00
| Objective function evaluated, time [s]       22.787
| Data point added to dataset (x i y): 
  1.9904542518E+02  1.9328898111E+02  0.0000000000E+00      -2.0300665855E+05

| Total ensemble size: 67
| Best acquisition, x_best i_best y_best:
  2.3200890413E+02  2.9255941286E+00  0.0000000000E+00      -2.0301233605E+05
| Global minimum prediction, x_hat mu_hat +- nu_hat:
  2.3342092694E+02  7.3598997643E-01  0.0000000000E+00      -2.0301237128E+05  4.9090618604E-03
| Global minimum convergence, d_xhat d_muhat:
  1.9601879251E-01  2.7605870783E-04

| GP model hyperparameters (lengthscales W kappa):
  3.1132310691E-01  3.0028779129E-01  5.9204959541E+00  7.1394861021E+00  1.4983463068E-02  1.4628329331E-02
| Next sampling location (x_next, i_next):
  2.3771939986E+02  1.8331549594E+02  0.0000000000E+00

Iteration time [s]:   27.018        Total time [s]:  936.011

--------------------------------------------------------------------------------
                                BO ITERATION 36                                 
--------------------------------------------------------------------------------
| Evaluating objective function at 2.377E+02 1.833E+02 0.000E+00
| Objective function evaluated, time [s]       22.329
| Data point added to dataset (x i y): 
  2.3771939986E+02  1.8331549594E+02  0.0000000000E+00      -2.0300660420E+05

| Total ensemble size: 68
| Best acquisition, x_best i_best y_best:
  2.3200890413E+02  2.9255941286E+00  0.0000000000E+00      -2.0301233605E+05
| Global minimum prediction, x_hat mu_hat +- nu_hat:
  2.3342970010E+02  7.3646776184E-01  0.0000000000E+00      -2.0301237129E+05  4.9663597231E-03
| Global minimum convergence, d_xhat d_muhat:
  8.7861575540E-03  2.7012154747E-07

| GP model hyperparameters (lengthscales W kappa):
  3.1267750587E-01  2.9921724374E-01  5.9301431092E+00  7.2381870569E+00  1.5062407924E-02  1.4660171146E-02
| Next sampling location (x_next, i_next):
 -2.1456521156E+01  1.9172561740E+02  0.0000000000E+00

Iteration time [s]:   26.649        Total time [s]:  962.661

--------------------------------------------------------------------------------
                                BO ITERATION 37                                 
--------------------------------------------------------------------------------
| Evaluating objective function at -2.146E+01 1.917E+02 0.000E+00
| Objective function evaluated, time [s]       24.187
| Data point added to dataset (x i y): 
 -2.1456521156E+01  1.9172561740E+02  0.0000000000E+00      -2.0300720997E+05

| Total ensemble size: 69
| Best acquisition, x_best i_best y_best:
  2.3200890413E+02  2.9255941286E+00  0.0000000000E+00      -2.0301233605E+05
| Global minimum prediction, x_hat mu_hat +- nu_hat:
  2.3348920408E+02  7.2242287157E-01  0.0000000000E+00      -2.0301237136E+05  5.2756967488E-03
| Global minimum convergence, d_xhat d_muhat:
  6.1139043168E-02  2.9889333641E-06

| GP model hyperparameters (lengthscales W kappa):
  3.1330051141E-01  2.9548645351E-01 -5.9036481507E+00 -7.3752176624E+00  1.5193407485E-02  1.4703513685E-02
| Next sampling location (x_next, i_next):
  2.1331299743E+02  8.9451692844E-01  0.0000000000E+00

Iteration time [s]:   28.571        Total time [s]:  991.236

--------------------------------------------------------------------------------
                                BO ITERATION 38                                 
--------------------------------------------------------------------------------
| Evaluating objective function at 2.133E+02 8.945E-01 0.000E+00
| Objective function evaluated, time [s]       23.756
| Data point added to dataset (x i y): 
  2.1331299743E+02  8.9451692844E-01  0.0000000000E+00      -2.0301140974E+05

| Total ensemble size: 70
| Best acquisition, x_best i_best y_best:
  2.3200890413E+02  2.9255941286E+00  0.0000000000E+00      -2.0301233605E+05
| Global minimum prediction, x_hat mu_hat +- nu_hat:
  2.3447437446E+02  7.5855377230E-01  0.0000000000E+00      -2.0301236975E+05  5.9846738066E-03
| Global minimum convergence, d_xhat d_muhat:
  9.8583270361E-01  6.4443754458E-05

| GP model hyperparameters (lengthscales W kappa):
  3.1517225114E-01  2.9310552165E-01 -5.9452246543E+00 -7.6744397440E+00  1.5149276978E-02  1.4622626602E-02
| Next sampling location (x_next, i_next):
  3.8696662052E+01  8.3539682386E+01  0.0000000000E+00

Iteration time [s]:   28.318        Total time [s]: 1019.558

--------------------------------------------------------------------------------
                                BO ITERATION 39                                 
--------------------------------------------------------------------------------
| Evaluating objective function at 3.870E+01 8.354E+01 0.000E+00
| Objective function evaluated, time [s]       22.576
| Data point added to dataset (x i y): 
  3.8696662052E+01  8.3539682386E+01  0.0000000000E+00      -2.0299057540E+05

| Total ensemble size: 71
| Best acquisition, x_best i_best y_best:
  2.3200890413E+02  2.9255941286E+00  0.0000000000E+00      -2.0301233605E+05
| Global minimum prediction, x_hat mu_hat +- nu_hat:
  2.3482035025E+02 -1.9908882245E-01  0.0000000000E+00      -2.0301240747E+05  1.2461561833E-02
| Global minimum convergence, d_xhat d_muhat:
  1.0182232516E+00  1.5226688041E-03

| GP model hyperparameters (lengthscales W kappa):
  3.3831766297E-01  2.6896115636E-01 -5.8787991778E+00 -7.4867273188E+00  1.5692242264E-02  1.4955008642E-02
| Next sampling location (x_next, i_next):
  1.8364049798E+02  4.7370787173E+01  0.0000000000E+00

Iteration time [s]:   27.154        Total time [s]: 1046.715

--------------------------------------------------------------------------------
                                BO ITERATION 40                                 
--------------------------------------------------------------------------------
| Evaluating objective function at 1.836E+02 4.737E+01 0.000E+00
| Objective function evaluated, time [s]       23.759
| Data point added to dataset (x i y): 
  1.8364049798E+02  4.7370787173E+01  0.0000000000E+00      -2.0300112029E+05

| Total ensemble size: 72
| Best acquisition, x_best i_best y_best:
  2.3200890413E+02  2.9255941286E+00  0.0000000000E+00      -2.0301233605E+05
| Global minimum prediction, x_hat mu_hat +- nu_hat:
  2.3829071466E+02 -2.3060874261E+00  0.0000000000E+00      -2.0301258143E+05  2.5667761405E-01
| Global minimum convergence, d_xhat d_muhat:
  4.0599103698E+00  7.0316168312E-03

| GP model hyperparameters (lengthscales W kappa):
  4.7197763277E-01  1.3561284243E-01 -5.2440240269E+00 -6.6404422938E+00  1.4875166181E-02  1.4491920785E-02
| Next sampling location (x_next, i_next):
  2.6374467251E+02  1.2261578177E+02  0.0000000000E+00

Iteration time [s]:   30.051        Total time [s]: 1076.766

--------------------------------------------------------------------------------
                                BO ITERATION 41                                 
--------------------------------------------------------------------------------
| Evaluating objective function at 2.637E+02 1.226E+02 0.000E+00
| Objective function evaluated, time [s]       22.489
| Data point added to dataset (x i y): 
  2.6374467251E+02  1.2261578177E+02  0.0000000000E+00      -2.0299426684E+05

| Total ensemble size: 73
| Best acquisition, x_best i_best y_best:
  2.3200890413E+02  2.9255941286E+00  0.0000000000E+00      -2.0301233605E+05
| Global minimum prediction, x_hat mu_hat +- nu_hat:
  2.3827792359E+02 -2.2707847399E+00  0.0000000000E+00      -2.0301257381E+05  2.6413775929E-01
| Global minimum convergence, d_xhat d_muhat:
  3.7548516784E-02  3.1042912075E-04

| GP model hyperparameters (lengthscales W kappa):
  4.6893406970E-01  1.3504696030E-01 -5.2560803115E+00 -6.4810366759E+00  1.4804965182E-02  1.4477796727E-02
| Next sampling location (x_next, i_next):
  2.5741708901E+02 -3.1331215733E+01  0.0000000000E+00

Iteration time [s]:   28.851        Total time [s]: 1105.622

--------------------------------------------------------------------------------
                                BO ITERATION 42                                 
--------------------------------------------------------------------------------
| Evaluating objective function at 2.574E+02 -3.133E+01 0.000E+00
| Objective function evaluated, time [s]       23.751
| Data point added to dataset (x i y): 
  2.5741708901E+02 -3.1331215733E+01  0.0000000000E+00      -2.0300625516E+05

| Total ensemble size: 74
| Best acquisition, x_best i_best y_best:
  2.3200890413E+02  2.9255941286E+00  0.0000000000E+00      -2.0301233605E+05
| Global minimum prediction, x_hat mu_hat +- nu_hat:
  2.3749219852E+02 -1.7615174291E+00  0.0000000000E+00      -2.0301252558E+05  1.7181612696E-01
| Global minimum convergence, d_xhat d_muhat:
  9.3633170933E-01  1.9578383818E-03

| GP model hyperparameters (lengthscales W kappa):
  4.6986357795E-01  1.3558142790E-01  5.2573079458E+00  6.5474338565E+00  1.4860171746E-02  1.4506512666E-02
| Next sampling location (x_next, i_next):
  1.2838993960E+02  3.0455432781E+02  0.0000000000E+00

Iteration time [s]:   29.700        Total time [s]: 1135.322

--------------------------------------------------------------------------------
                                BO ITERATION 43                                 
--------------------------------------------------------------------------------
| Evaluating objective function at 1.284E+02 3.046E+02 0.000E+00
| Objective function evaluated, time [s]       23.849
| Data point added to dataset (x i y): 
  1.2838993960E+02  3.0455432781E+02  0.0000000000E+00      -2.0299099666E+05

| Total ensemble size: 75
| Best acquisition, x_best i_best y_best:
  2.3200890413E+02  2.9255941286E+00  0.0000000000E+00      -2.0301233605E+05
| Global minimum prediction, x_hat mu_hat +- nu_hat:
  2.3765367983E+02 -1.9344953575E+00  0.0000000000E+00      -2.0301254877E+05  1.4765957247E-01
| Global minimum convergence, d_xhat d_muhat:
  2.3663807102E-01  9.5109324896E-04

| GP model hyperparameters (lengthscales W kappa):
  4.6895059445E-01  1.4123454736E-01 -5.3390080400E+00 -6.4848264893E+00  1.5118941976E-02  1.4705017950E-02
| Next sampling location (x_next, i_next):
  4.8371120099E+01  2.6265719931E+02  0.0000000000E+00

Iteration time [s]:   29.563        Total time [s]: 1164.889

--------------------------------------------------------------------------------
                                BO ITERATION 44                                 
--------------------------------------------------------------------------------
| Evaluating objective function at 4.837E+01 2.627E+02 0.000E+00
| Objective function evaluated, time [s]       23.766
| Data point added to dataset (x i y): 
  4.8371120099E+01  2.6265719931E+02  0.0000000000E+00      -2.0299077855E+05

| Total ensemble size: 76
| Best acquisition, x_best i_best y_best:
  2.3200890413E+02  2.9255941286E+00  0.0000000000E+00      -2.0301233605E+05
| Global minimum prediction, x_hat mu_hat +- nu_hat:
  2.3748340926E+02 -1.9979589457E+00  0.0000000000E+00      -2.0301255806E+05  1.2791326644E-01
| Global minimum convergence, d_xhat d_muhat:
  1.8171321888E-01  3.8527199270E-04

| GP model hyperparameters (lengthscales W kappa):
  4.6432312238E-01  1.4609153979E-01  5.4214015705E+00  6.4170837161E+00  1.5254757579E-02  1.4842757926E-02
| Next sampling location (x_next, i_next):
  4.0583014525E+01 -1.4642680888E+01  0.0000000000E+00

Iteration time [s]:   29.783        Total time [s]: 1194.676

--------------------------------------------------------------------------------
                                BO ITERATION 45                                 
--------------------------------------------------------------------------------
| Evaluating objective function at 4.058E+01 -1.464E+01 0.000E+00
| Objective function evaluated, time [s]       23.926
| Data point added to dataset (x i y): 
  4.0583014525E+01 -1.4642680888E+01  0.0000000000E+00      -2.0299979630E+05

| Total ensemble size: 77
| Best acquisition, x_best i_best y_best:
  2.3200890413E+02  2.9255941286E+00  0.0000000000E+00      -2.0301233605E+05
| Global minimum prediction, x_hat mu_hat +- nu_hat:
  2.3697001355E+02 -1.4196919446E+00  0.0000000000E+00      -2.0301249836E+05  1.6581188321E-01
| Global minimum convergence, d_xhat d_muhat:
  7.7328383201E-01  2.4785870910E-03

| GP model hyperparameters (lengthscales W kappa):
  4.8390588960E-01  1.3361630933E-01  5.4240709501E+00  6.3183990995E+00  1.4827955811E-02  1.4573367855E-02
| Next sampling location (x_next, i_next):
  7.4821834522E+01  2.0559787290E+02  0.0000000000E+00

Iteration time [s]:   30.013        Total time [s]: 1224.693

--------------------------------------------------------------------------------
                                BO ITERATION 46                                 
--------------------------------------------------------------------------------
| Evaluating objective function at 7.482E+01 2.056E+02 0.000E+00
| Objective function evaluated, time [s]       24.129
| Data point added to dataset (x i y): 
  7.4821834522E+01  2.0559787290E+02  0.0000000000E+00      -2.0300583573E+05

| Total ensemble size: 78
| Best acquisition, x_best i_best y_best:
  2.3200890413E+02  2.9255941286E+00  0.0000000000E+00      -2.0301233605E+05
| Global minimum prediction, x_hat mu_hat +- nu_hat:
  2.3368991410E+02  2.0032747628E+00  0.0000000000E+00      -2.0301234197E+05  1.6304917919E-03
| Global minimum convergence, d_xhat d_muhat:
  4.7408599941E+00  6.4706663616E-03

| GP model hyperparameters (lengthscales W kappa):
  2.9465424900E-01  2.5453171943E-01  5.9501868266E+00  6.2366083832E+00  1.5271576187E-02  1.5137397649E-02
| Next sampling location (x_next, i_next):
  1.6338773879E+02  5.9327174640E+00  0.0000000000E+00

Iteration time [s]:   29.352        Total time [s]: 1254.050

--------------------------------------------------------------------------------
                                BO ITERATION 47                                 
--------------------------------------------------------------------------------
| Evaluating objective function at 1.634E+02 5.933E+00 0.000E+00
| Objective function evaluated, time [s]       23.902
| Data point added to dataset (x i y): 
  1.6338773879E+02  5.9327174640E+00  0.0000000000E+00      -2.0300225493E+05

| Total ensemble size: 79
| Best acquisition, x_best i_best y_best:
  2.3200890413E+02  2.9255941286E+00  0.0000000000E+00      -2.0301233605E+05
| Global minimum prediction, x_hat mu_hat +- nu_hat:
  2.3213545444E+02  1.8230936701E-01  0.0000000000E+00      -2.0301244924E+05  5.6534291329E-02
| Global minimum convergence, d_xhat d_muhat:
  2.3942138184E+00  4.4372704262E-03

| GP model hyperparameters (lengthscales W kappa):
  4.7796227880E-01  1.3353447876E-01 -5.4345371470E+00 -6.6823384890E+00  1.4884778098E-02  1.4539729697E-02
| Next sampling location (x_next, i_next):
 -9.8583011143E+00  2.1997413960E+02  0.0000000000E+00

Iteration time [s]:   30.203        Total time [s]: 1284.256

--------------------------------------------------------------------------------
                                BO ITERATION 48                                 
--------------------------------------------------------------------------------
| Evaluating objective function at -9.858E+00 2.200E+02 0.000E+00
| Objective function evaluated, time [s]       23.438
| Data point added to dataset (x i y): 
 -9.8583011143E+00  2.1997413960E+02  0.0000000000E+00      -2.0300075771E+05

| Total ensemble size: 80
| Best acquisition, x_best i_best y_best:
  2.3200890413E+02  2.9255941286E+00  0.0000000000E+00      -2.0301233605E+05
| Global minimum prediction, x_hat mu_hat +- nu_hat:
  2.3290434205E+02 -2.5619854835E-01  0.0000000000E+00      -2.0301246299E+05  7.5414080496E-02
| Global minimum convergence, d_xhat d_muhat:
  8.8514255931E-01  5.6923786020E-04

| GP model hyperparameters (lengthscales W kappa):
  4.6746119887E-01  1.3510154535E-01 -5.3875144811E+00 -6.6360195562E+00  1.4889821792E-02  1.4538402555E-02
| Next sampling location (x_next, i_next):
  1.4666275661E+02  6.5314376274E+01  0.0000000000E+00

Iteration time [s]:   29.960        Total time [s]: 1314.217

--------------------------------------------------------------------------------
                                BO ITERATION 49                                 
--------------------------------------------------------------------------------
| Evaluating objective function at 1.467E+02 6.531E+01 0.000E+00
| Objective function evaluated, time [s]       23.503
| Data point added to dataset (x i y): 
  1.4666275661E+02  6.5314376274E+01  0.0000000000E+00      -2.0299365576E+05

| Total ensemble size: 81
| Best acquisition, x_best i_best y_best:
  2.3200890413E+02  2.9255941286E+00  0.0000000000E+00      -2.0301233605E+05
| Global minimum prediction, x_hat mu_hat +- nu_hat:
  2.1721487399E+02  6.9625697762E+00  0.0000000000E+00      -2.0301257394E+05  2.1556279736E-01
| Global minimum convergence, d_xhat d_muhat:
  1.7270495764E+01  4.6254710911E-03

| GP model hyperparameters (lengthscales W kappa):
  4.6999121357E-01  1.1566660010E-01 -5.4106128859E+00 -6.2934485237E+00  1.4656218141E-02  1.4433266565E-02
| Next sampling location (x_next, i_next):
  2.9090136052E+02  1.6351250478E+02  0.0000000000E+00

Iteration time [s]:   31.416        Total time [s]: 1345.633

--------------------------------------------------------------------------------
                                BO ITERATION 50                                 
--------------------------------------------------------------------------------
| Evaluating objective function at 2.909E+02 1.635E+02 0.000E+00
| Objective function evaluated, time [s]       23.784
| Data point added to dataset (x i y): 
  2.9090136052E+02  1.6351250478E+02  0.0000000000E+00      -2.0300704056E+05

| Total ensemble size: 82
| Best acquisition, x_best i_best y_best:
  2.3200890413E+02  2.9255941286E+00  0.0000000000E+00      -2.0301233605E+05
| Global minimum prediction, x_hat mu_hat +- nu_hat:
  2.1705510028E+02  7.0580184264E+00  0.0000000000E+00      -2.0301258891E+05  2.2513089745E-01
| Global minimum convergence, d_xhat d_muhat:
  1.8611309267E-01  6.2136448636E-04

| GP model hyperparameters (lengthscales W kappa):
  4.7335016286E-01  1.1465085052E-01 -5.4167119314E+00 -6.3702651805E+00  1.4672029270E-02  1.4450755977E-02
| Next sampling location (x_next, i_next):
  1.2519128302E+02  3.3675315191E+01  0.0000000000E+00

Iteration time [s]:   31.556        Total time [s]: 1377.189

|| Bayesian optimization completed, time [s]     1377.176


--------------------------------------------------------------------------------
                        BOSS is done! Have a nice day :)                        

      Datetime 15-08-2020 01:01:51            Total time [s]     1377.190       
--------------------------------------------------------------------------------
