-50.0000000000_-50.0000000000
130.0000000000_130.0000000000
251.8103542000_306.7353901000
-36.9172424000_.2155698000
-13.4389466000_207.0623220000
14.1938215000_246.0102606000
-21.9684293000_183.5444434000
296.1956446000_192.4264986000
293.9577540000_143.5959807000
205.5851167000_192.9806419000
90.0033777000_186.3134156000
143.3607432000_55.8280401000
51.0954484000_164.9824445000
94.3974078000_-31.7024403000
141.4541334000_171.7536052000
-25.6090508000_84.2390502000
240.3618497000_170.4580449000
49.3679955000_180.1830140000
236.6421462000_226.2772125000
165.3403787000_12.1264140000
74.5485051000_21.1000740000
237.7647048000_28.6184519000
44.6293255000_190.1716659000
85.2404298000_288.6248785000
225.3730056000_-5.0745970000
195.6337732000_-20.1667909000
257.7696438000_-5.5029434000
244.2506835000_4.2841114000
243.5590907000_-5.9417418000
144.5531551000_214.3345780000
193.0305245000_151.7151583000
223.2314893000_7.0315603000
235.3373231000_1.3831390000
58.7953658000_84.8211166000
230.2403594000_98.4271438000
15.4237540000_168.8689008000
28.3098507000_310.0000000000
14.2910813000_44.1151574000
175.6617445000_269.6910024000
-50.0000000000_259.1502775000
94.2424978000_245.0068165000
176.1987888000_90.5066854000
287.3123064000_69.3471405000
30.2122623000_-4.6186945000
135.9646952000_296.0002848000
15.2899433000_115.7339158000
109.3976799000_90.4107021000
227.7082730000_267.2780486000
-9.0756395000_282.5246527000
-40.7240241000_42.0106716000
116.0201045000_8.3962644000
273.9956237000_112.6313980000
-27.9533918000_127.2553383000
190.5502087000_234.3115827000
80.9856073000_120.0058749000
203.0261830000_300.3665194000
199.6806177000_60.8447206000
49.8619233000_266.9948847000
92.9500430000_53.3116064000
272.4121726000_248.2872460000
132.1654534000_255.9525258000
231.6359270000_133.5633660000
139.7455689000_-22.6054878000
-7.1067852000_-30.0354075000
-4.1255366000_16.6903595000
-50.0000000000_226.7469067000
101.5534398000_152.5481613000
194.9446810000_117.7806826000
60.1069131000_-27.8881364000
61.9539497000_226.5842458000
305.7635653000_102.4646476000
171.4837680000_192.0505272000
16.3369074000_79.6040231000
51.1673584000_48.3229971000
281.5817358000_284.4247301000
247.0751920000_68.6015262000
162.8662928000_140.0984478000
262.6088469000_206.1579626000
290.9774032000_27.1574141000
106.2803932000_217.8698390000
174.0298690000_41.4404557000
-19.5081372000_243.2910344000
124.8946880000_32.8535312000
165.5941241000_-50.0000000000
32.7393742000_135.4530345000
76.9960374000_-6.0518089000
-23.9683593000_154.5332557000
271.8269451000_164.4516127000
146.3532997000_103.3843503000
37.3275986000_21.1400184000
44.9848774000_108.9242653000
108.9814849000_272.7867084000
283.5826672000_-35.4420381000
68.4432689000_179.7888708000
220.3037485000_-38.1572455000
270.4053327000_47.5131450000
254.7564088000_273.4585823000
51.1482682000_294.9927391000
307.2207054000_166.8919605000
-11.5618115000_305.0626126000
160.3325280000_238.5764674000
20.9765543000_278.1343099000
warning in stationary: failed to import cython module: falling back to numpy
warning in coregionalize: failed to import cython module: falling back to numpy
warning in choleskies: failed to import cython module: falling back to numpy
