-50.0000000000_-50.0000000000
130.0000000000_130.0000000000
287.6467476000_41.4686439000
3.1563965000_-40.1895185000
279.7886299000_275.7771458000
161.0662659000_162.1490548000
175.4261742000_199.9833701000
193.4299408000_143.5838545000
145.7750903000_228.1998000000
200.3042338000_256.9905909000
108.0431098000_184.9739657000
8.7666835000_179.7311550000
275.8353094000_179.8274924000
-25.7457913000_209.8768436000
218.0337610000_-16.7074386000
143.7966189000_14.7637361000
-28.7657034000_137.5003428000
179.4230045000_-42.2926656000
279.8826959000_-8.4233588000
239.6469652000_7.0989409000
58.9915947000_158.0181116000
50.9123332000_206.4571199000
222.8502404000_179.4744877000
253.7103624000_-13.0708517000
251.6688042000_-.1736496000
57.1159771000_180.6363792000
239.0018364000_-.3213346000
48.0499842000_79.1978497000
232.0258729000_2.0886357000
191.4090274000_66.1440723000
260.5385655000_204.3596401000
74.6896375000_278.0138507000
38.1887395000_22.9150472000
264.0145551000_98.4489584000
88.3842705000_-24.6177755000
-40.6431976000_177.8358597000
2.9883792000_261.4823515000
107.7784614000_60.5125625000
-18.4885525000_80.4194440000
133.7129550000_278.5765459000
-16.2005101000_26.3733719000
84.0394428000_105.6334940000
19.1245172000_115.7016365000
153.3161977000_92.4521234000
93.5680929000_240.5584831000
229.1415894000_292.6217955000
215.9019231000_97.8915641000
88.3905575000_20.1099521000
253.1477876000_136.6827811000
133.5715871000_-27.7832252000
308.5961101000_244.8910638000
40.9756635000_305.4443034000
241.9286843000_245.1326249000
244.8883351000_64.1117662000
32.5042907000_-10.7344876000
203.5285383000_11.4885654000
-50.0000000000_106.1035358000
43.5654515000_250.5297061000
12.6517867000_55.3298910000
210.7973753000_220.7933778000
-27.6858582000_283.2776593000
107.7529720000_-50.0000000000
97.7311751000_152.5051709000
150.4356644000_50.3962054000
-20.2608065000_-9.9176828000
292.1630873000_140.8910645000
77.5500843000_182.5920138000
175.7850507000_115.4970721000
67.4642522000_49.5507481000
-50.0000000000_68.6722035000
21.9279605000_282.4142194000
62.7890756000_-1.8949632000
14.8613942000_221.2216779000
294.3386499000_212.4705116000
173.4110447000_284.0646446000
40.7177954000_176.8714524000
310.0000000000_17.8924476000
113.2814487000_215.0100756000
170.4499491000_-11.8193270000
9.0846013000_147.1263230000
266.2134578000_-50.0000000000
114.9372870000_96.8781731000
148.1620411000_304.2776290000
167.6895413000_249.2361658000
275.5258494000_240.9717432000
107.8064851000_-2.7643586000
84.6044113000_77.6739223000
47.0701891000_124.9046279000
242.5498462000_160.2767958000
280.1581207000_74.9068904000
7.0104496000_7.0409441000
248.6762962000_270.6957133000
212.7611954000_44.4851078000
221.0337284000_127.4953444000
144.2064623000_195.0332995000
187.7550067000_173.0972715000
-17.8361690000_236.0157037000
15.9302054000_85.4260134000
121.6956130000_31.5179097000
75.5374427000_223.7622020000
74.3128256000_303.3631788000
182.0267427000_229.9742002000
warning in stationary: failed to import cython module: falling back to numpy
warning in coregionalize: failed to import cython module: falling back to numpy
warning in choleskies: failed to import cython module: falling back to numpy
