-50.0000000000_-50.0000000000
130.0000000000_130.0000000000
-31.1123060000_3.2500736000
286.7565489000_274.1722938000
3.7913453000_-45.7114588000
170.2805556000_130.0874895000
149.5194044000_173.2806786000
143.0199768000_205.5690067000
187.0568557000_188.6488959000
73.5459353000_179.8802156000
-12.0226339000_178.2337136000
23.7872748000_211.3654808000
263.9494494000_165.8925897000
-35.0691000000_80.7715011000
204.7642764000_-25.8022424000
154.0070027000_32.1318272000
25.8626807000_149.8850535000
276.7375591000_202.2811121000
233.6274478000_15.4673764000
227.4238507000_51.4872907000
256.1385214000_-9.7516473000
111.3524943000_269.0251573000
219.8452462000_1.0725114000
241.3570384000_.1164379000
238.6806354000_-8.1729187000
119.9484835000_-5.5843514000
232.6564825000_2.6110308000
34.5241291000_181.1766987000
237.1137435000_.4913667000
237.5562123000_1.2178383000
56.0910921000_64.0110670000
200.0790998000_253.6415852000
268.9847332000_112.6355561000
20.1018885000_265.0737917000
49.5195883000_15.7286915000
231.3965691000_184.5172697000
-46.0823012000_158.0028585000
76.0036152000_205.7419556000
307.6342993000_185.0517526000
107.2227870000_181.6924201000
73.3661041000_310.0000000000
15.5023245000_98.0443029000
5.0782886000_45.3396866000
132.4502435000_81.1876813000
-33.7771918000_241.9127246000
146.8559408000_301.0965327000
75.2118275000_109.3834958000
-50.0000000000_42.3571565000
99.4660064000_38.6733218000
223.0605219000_129.3549137000
242.6500416000_243.9144076000
185.6090164000_86.7410754000
225.3133197000_284.6136436000
63.6115353000_253.4472998000
42.3004884000_-20.4150124000
274.8291662000_70.9724377000
43.6153836000_291.8006767000
210.5448181000_218.9952405000
148.2881605000_247.7592185000
-22.9643661000_279.5620175000
-20.8805478000_120.8651273000
231.9969356000_95.4256894000
154.2369802000_-22.2424248000
11.1158778000_3.7087097000
178.0702984000_285.8068077000
86.5474689000_143.6591610000
81.2039851000_-5.3728892000
303.4284010000_109.2094211000
108.4916781000_232.8503252000
48.5293557000_122.8737854000
111.2534424000_-37.2752525000
200.2570174000_157.0563814000
265.6338551000_298.4823773000
177.5347389000_55.0852696000
290.2584112000_232.6783037000
95.5420035000_73.9131578000
-21.7775344000_-23.8233359000
286.7310815000_20.1347203000
55.4684197000_173.0756867000
-25.2340455000_211.3170396000
173.9481170000_226.2669271000
285.9720861000_137.3763888000
81.4286347000_282.9007288000
130.8399505000_53.5008028000
155.4864319000_105.4321898000
42.5508963000_233.4239751000
110.4433770000_108.4311272000
20.1403913000_70.2731444000
48.3327163000_90.1798218000
304.4967772000_-13.5526398000
199.8212824000_113.1285992000
.7969985000_236.8380323000
253.9773925000_268.6723342000
178.7071813000_-48.6279329000
32.6636144000_38.8614138000
266.8410951000_46.5228735000
55.5855300000_184.7502388000
163.3513904000_3.7949952000
241.9669202000_151.6475477000
247.7980565000_213.9908498000
110.2676815000_296.9241418000
120.3135517000_20.4760768000
warning in stationary: failed to import cython module: falling back to numpy
warning in coregionalize: failed to import cython module: falling back to numpy
warning in choleskies: failed to import cython module: falling back to numpy
