-50.0000000000_-50.0000000000
130.0000000000_130.0000000000
7.0004495000_-50.0000000000
266.4311290000_-50.0000000000
287.8861601000_247.2877008000
287.6942957000_-5.9079662000
288.2893086000_41.2332212000
240.4567208000_-3.3026820000
176.2682079000_-2.5155372000
217.4021040000_21.2868819000
-13.4572943000_156.6250347000
52.6652879000_193.7815700000
118.3443964000_216.9040592000
248.1062973000_164.9029306000
279.7811607000_119.9004211000
-14.2267379000_197.5540459000
106.0480708000_47.6783342000
187.1592636000_186.2168754000
101.9967846000_172.4245152000
248.9466461000_199.4288349000
49.5284537000_159.0030009000
248.9007288000_7.9307123000
254.0139926000_-7.5333315000
237.9686684000_1.2025059000
21.5366130000_178.1071947000
243.6007710000_-.4821189000
236.8850716000_.7292985000
25.8609229000_97.8583983000
-50.0000000000_179.1565690000
115.9499122000_286.9519883000
46.3233634000_11.4120278000
185.0892755000_153.5771425000
191.8232549000_259.5411805000
37.6213428000_257.4199655000
148.0262814000_178.3793746000
67.2806723000_179.6405941000
206.3780092000_89.9859575000
87.8522678000_-25.1248736000
4.1886398000_49.1364062000
82.0969772000_88.4298999000
-34.7770725000_89.5052147000
150.9946096000_75.2264651000
169.8081351000_305.1828796000
-16.5136293000_264.9504338000
257.0075116000_75.4013982000
59.9896177000_-50.0000000000
53.3327486000_56.6626146000
237.5530299000_256.1695832000
86.5997333000_248.8807660000
191.9498696000_226.0129327000
-.3378867000_-9.3817979000
228.1101158000_123.5956970000
143.1145494000_252.0525078000
120.5705554000_11.3274491000
134.8030473000_-30.9187363000
7.4549370000_231.4736998000
235.5847425000_1.3510238000
79.2305891000_126.8309550000
171.3417001000_112.4522396000
-26.3519548000_23.8226742000
310.0000000000_220.5900355000
215.4766284000_296.2084688000
39.0212272000_-23.5212286000
-9.4445988000_119.1053700000
120.3133029000_95.2715717000
152.8960078000_33.8438441000
310.0000000000_139.3208946000
-50.0000000000_278.1589307000
80.4722149000_22.9902690000
31.6767641000_128.2351508000
74.2722897000_277.6694399000
159.6129013000_215.3247910000
23.1750386000_284.1786392000
220.0304718000_175.2747279000
-27.6137275000_60.7878629000
260.3270154000_227.4300604000
75.2467360000_219.2988287000
191.7664916000_-33.9797310000
184.2778515000_60.7233133000
225.9388235000_219.9094336000
265.0866755000_276.2924929000
100.4455099000_-50.0000000000
246.8723211000_101.0768628000
227.3585400000_61.3642319000
293.8608508000_83.3575809000
-29.7470409000_-21.6738743000
1.9096535000_78.6574393000
-28.4447627000_239.2616533000
58.0509936000_107.4720993000
283.1272332000_157.7176995000
-20.1611341000_294.8142070000
158.4537374000_275.8983180000
150.8179254000_150.5693823000
99.7630570000_196.9259847000
282.3465633000_193.5610494000
19.6384796000_23.8119518000
253.8932761000_137.9889275000
43.1680282000_228.1986120000
117.9140362000_69.9542960000
38.9823385000_75.7413943000
137.3958016000_303.3346525000
17.9604827000_206.4166664000
warning in stationary: failed to import cython module: falling back to numpy
warning in coregionalize: failed to import cython module: falling back to numpy
warning in choleskies: failed to import cython module: falling back to numpy
