-50.0000000000_-50.0000000000
130.0000000000_130.0000000000
286.6770609000_260.5212392000
186.9389499000_95.8227428000
78.1691373000_148.6349157000
87.2738276000_193.2683098000
33.0564421000_196.5068870000
72.2811772000_253.8241374000
304.1269495000_172.1122703000
207.5080506000_187.9438925000
39.6701069000_9.7697159000
193.3933644000_-11.3636220000
108.0320323000_-31.1356096000
257.3879153000_24.1765301000
153.8615927000_27.9729118000
290.1637749000_-6.9615402000
-23.5502036000_136.3655239000
289.5272922000_199.2058744000
138.3373168000_172.2414069000
15.6126370000_175.2068415000
240.4783952000_165.0310716000
-5.6481650000_53.0760910000
242.3241177000_.7140984000
160.7111862000_216.8524957000
212.9706720000_7.8674863000
267.8984109000_6.7987727000
9.3036628000_-22.0090352000
194.4831880000_293.1563848000
-20.6943319000_194.2994681000
257.8108323000_-26.4827029000
65.0853152000_94.0807051000
99.5308640000_7.5351903000
201.3638782000_47.6459800000
72.2683071000_174.7531529000
231.0801614000_218.6829254000
184.2726924000_158.5642654000
263.7785908000_123.3988095000
-20.2162439000_14.9650246000
226.9213045000_-6.0692873000
102.5639718000_171.4317495000
229.7034667000_6.8687961000
262.3390269000_-7.9546667000
233.9162137000_.9861853000
4.4717768000_266.0960575000
43.2103319000_165.3554993000
131.3685419000_272.2624188000
113.4390606000_67.7139451000
307.0061777000_84.3508062000
54.1661903000_301.9221761000
63.1163839000_49.0433559000
13.8814590000_102.3345779000
236.9629592000_87.0109161000
234.9801315000_269.3107648000
-31.6791536000_241.6975261000
148.9813460000_-50.0000000000
217.3155723000_126.4879204000
188.2602773000_249.8055255000
171.9798943000_184.4902076000
64.9864327000_-19.8753310000
95.5026144000_291.1184282000
21.6286816000_236.3289538000
151.3641629000_77.5079390000
-48.0277699000_45.5093534000
111.8233953000_236.2921088000
103.9018759000_104.1376199000
32.0703948000_68.0345003000
140.9756831000_-6.5936243000
-6.3375415000_-50.0000000000
268.8643857000_235.5816632000
307.8900548000_117.5485140000
39.3034671000_124.1033777000
272.4793018000_69.7627535000
266.2777918000_290.5745644000
62.9850443000_223.5417381000
165.3454419000_119.3064735000
37.4210977000_273.3034889000
-34.8353521000_280.4359157000
254.8384619000_193.4447702000
114.6400599000_35.6120221000
281.6439534000_148.2840096000
-24.7115365000_-22.1464487000
19.8387258000_34.6940776000
193.6901352000_219.2496470000
227.1320513000_303.1075374000
163.3947672000_273.8068162000
-21.9916914000_99.4366398000
127.7028366000_202.8233210000
230.4132357000_60.8655981000
-3.2462123000_217.9706570000
73.0570655000_23.3895065000
138.6861368000_98.9583150000
300.4911541000_227.5832338000
10.4555447000_136.9637705000
27.9354700000_310.0000000000
181.8783936000_-41.5847138000
139.7956189000_52.2090467000
-20.6835148000_163.9301703000
222.7162893000_243.2965453000
310.0000000000_20.4161964000
205.0658763000_75.6096461000
81.3689828000_-42.6018494000
147.0618789000_245.9229590000
warning in stationary: failed to import cython module: falling back to numpy
warning in coregionalize: failed to import cython module: falling back to numpy
warning in choleskies: failed to import cython module: falling back to numpy
