-50.0000000000_-50.0000000000
130.0000000000_130.0000000000
270.1474211000_-1.3534313000
237.2441506000_28.2345284000
-50.0000000000_28.5894064000
251.4290780000_-43.0256330000
238.4136303000_-4.6210691000
162.0631650000_3.6917733000
249.9836802000_222.9452090000
93.7860388000_252.7376780000
-28.4894281000_149.5112299000
267.5501463000_112.1181832000
26.6643029000_180.9179272000
-27.2835365000_196.1085337000
113.1209233000_186.0718369000
45.1969535000_-18.8442761000
204.0686733000_175.4056861000
129.8755288000_64.1103317000
275.8612384000_175.3288911000
75.1020014000_160.2861818000
263.0678782000_-15.1116560000
53.5827978000_204.4746781000
247.6151370000_-.0468113000
234.0433989000_2.8048630000
38.6537885000_111.2624196000
172.3271464000_203.1232902000
123.6289827000_303.0241678000
-12.7006572000_257.6790723000
194.0984995000_265.1676723000
57.6534128000_35.6395399000
-27.0771359000_78.0685598000
197.7857454000_89.0699904000
41.2948360000_290.4024120000
273.8787884000_268.9816578000
213.3317523000_135.4906312000
69.3469418000_79.1788311000
5.1285510000_6.9900692000
91.7277468000_1.9817429000
149.1385816000_166.1516219000
-28.5664872000_174.3516810000
146.8613189000_234.3992839000
157.4514148000_-31.0391024000
11.3761963000_55.6498193000
262.7980970000_69.2246371000
-50.0000000000_234.1702826000
26.4860750000_235.5003750000
182.0841223000_296.6281049000
183.2774685000_49.8794136000
-6.4455935000_-31.2292999000
214.2317075000_4.1755484000
162.8311417000_106.9398961000
91.0740612000_109.5583947000
80.2358061000_310.0000000000
112.0227037000_34.5562992000
305.4898487000_109.5458327000
231.2994113000_272.0000323000
18.0857346000_144.2405719000
-3.6179558000_107.3765278000
102.6032623000_221.0112346000
277.4121139000_144.1488463000
241.8276883000_163.6885258000
-2.1190564000_293.9604765000
150.1665447000_274.7325401000
-34.6664516000_-3.3311096000
210.0497176000_223.2335809000
118.6371165000_-19.2271085000
58.2651400000_252.8653904000
228.5696126000_70.8063419000
93.4774417000_56.8916737000
121.8642922000_95.3961527000
177.8924495000_144.6249106000
234.1369763000_196.4108828000
290.7003486000_206.7442141000
27.5607327000_80.2260326000
23.2039072000_265.6701360000
297.8462045000_61.0438317000
-46.1449460000_275.6012373000
228.6529902000_101.6036400000
276.8826182000_294.5829779000
62.2223757000_135.6840048000
81.2041266000_281.3259133000
107.2503472000_150.9021368000
199.0089721000_-37.4781456000
45.1458159000_10.0950398000
163.2566238000_76.2203204000
175.4008325000_239.1287732000
6.0813670000_205.2596306000
154.8384449000_33.3347147000
60.0399172000_180.5198122000
305.3229718000_177.7707891000
286.7844006000_88.8890829000
130.5889318000_8.5154742000
217.5705225000_295.8398217000
-16.0988236000_34.1496126000
24.5227429000_31.7050249000
24.8694885000_-41.8686902000
139.7764581000_202.0030212000
117.5016898000_270.8903180000
274.1114356000_36.7521160000
45.8786883000_59.4409776000
276.7507731000_239.7518400000
222.8240747000_245.9222950000
warning in stationary: failed to import cython module: falling back to numpy
warning in coregionalize: failed to import cython module: falling back to numpy
warning in choleskies: failed to import cython module: falling back to numpy
