-50.0000000000_-50.0000000000
130.0000000000_130.0000000000
294.2591477000_258.6452902000
310.0000000000_-8.5824252000
4.1047450000_-1.6471948000
277.6890760000_9.8087302000
289.6602431000_66.7996116000
252.0367602000_-20.0960749000
199.8949597000_7.7912899000
158.6147466000_-40.4032584000
164.7051039000_49.8220437000
33.0976958000_180.5055189000
84.8062080000_213.4754439000
-32.8684602000_164.2514395000
224.2130242000_180.4170651000
23.9069971000_131.4417441000
144.1146295000_182.7877433000
-31.5576021000_201.9834993000
186.4399590000_220.1201183000
233.3427894000_137.1582256000
86.1188465000_170.6105726000
232.8090566000_7.2772793000
230.1288094000_-2.5941751000
244.2345872000_-.6129027000
62.1053357000_275.0855430000
51.3093046000_65.7993566000
283.5075756000_183.9166297000
193.1753307000_275.9423418000
73.7427874000_-28.3304520000
115.3484718000_9.7591140000
255.9982739000_208.6561950000
86.6041606000_188.8893628000
190.4664772000_90.4369900000
175.0967618000_161.7230794000
234.1870683000_1.8150812000
-44.3792895000_106.8043074000
9.1956076000_245.5445730000
130.7563079000_257.1040433000
100.4110252000_90.6019893000
-9.4998676000_43.9236311000
18.9635179000_307.6143547000
264.5311103000_-8.0250557000
6.4694139000_87.8992660000
249.4018605000_93.9096607000
68.0849663000_114.8836200000
61.6797089000_23.2043909000
59.4656512000_177.6992200000
241.4645751000_264.6615761000
109.3780185000_299.1917399000
-18.3107092000_275.5346251000
280.2342661000_135.1162707000
148.3392902000_92.1690233000
217.1647096000_239.4568946000
129.1913627000_219.9199176000
224.1260716000_63.9504115000
-4.2471181000_179.5014809000
104.7503214000_47.4178609000
49.8732475000_192.5112559000
25.0598360000_36.1842765000
216.9229292000_303.0152647000
120.8857367000_-24.1919115000
275.5654506000_289.8286049000
181.9532095000_123.7349735000
-30.0670025000_238.0655125000
38.2009260000_-15.0544906000
153.3895731000_.9875504000
93.7595350000_257.7356528000
-16.0889439000_128.1620394000
-12.2345436000_-33.1842809000
-28.9695248000_75.2234720000
288.5993815000_225.6936006000
254.2424999000_162.1394832000
148.5441287000_288.3875875000
52.8830912000_242.4223172000
8.9582675000_216.1851744000
167.3773716000_245.2134702000
-48.1226681000_39.7044548000
84.7324435000_134.8929004000
131.1708777000_66.6255783000
261.0078925000_47.4837050000
140.6999361000_29.5793175000
55.7503452000_-50.0000000000
216.6387563000_107.7401718000
3.3603414000_152.5469349000
179.1575675000_190.2907681000
260.1910304000_241.7128442000
-26.9227318000_17.2184125000
206.9437892000_151.9040275000
25.3345009000_276.0071045000
75.5391597000_78.2399552000
272.6041330000_109.8549156000
39.5275675000_94.8402871000
185.5351997000_-24.2538860000
183.6518645000_303.7651368000
217.0017450000_209.6427847000
52.1519656000_144.8297918000
202.2548211000_40.4018432000
125.6450280000_155.5762290000
71.4876976000_-1.3981499000
-17.5031727000_299.3068789000
15.7590174000_65.2241392000
-47.7267086000_284.4958368000
warning in stationary: failed to import cython module: falling back to numpy
warning in coregionalize: failed to import cython module: falling back to numpy
warning in choleskies: failed to import cython module: falling back to numpy
