
-----------------------------   Welcome to ....   ------------------------------
                      _______  _______ _______ _______ 
                     |   _   \|   _   |   _   |   _   |
                     |.  1   /|.  |   |   1___|   1___|
                     |.  _   \|.  |   |____   |____   |
                     |:  1    |:  1   |:  1   |:  1   |
                     |::.. .  |::.. . |::.. . |::.. . |
                     `-------'`-------`-------`-------'

                                 Version 0.9.15                                 
                              15-08-2020 00:38:54                               
--------------------------------------------------------------------------------

| Reading BOSS input file from: in_2D
| Initializing...

--------------------------------------------------------------------------------
                                   INPUT FILE                                   
--------------------------------------------------------------------------------
# input file for alanine 2D (d4-d13)

# optimization
userfn       userfn_2D.py
bounds       -50 310; -50 310
num_tasks    2
kernel       stdp
initpts      2 30
iterpts      50
verbosity    2
kappa_fixto  0 0
W_rank       2
W_prior      gaussian
W_priorparam 7.606 4.226
thetaprior gamma
thetapriorparam 2 0.019; 3.3678 9.0204; 3.3678 9.0204

RESULTS:
2.914849449761115E+02 5.867763986835394E+01 0 -2.029917252495944E+05 
2.387655167303981E+02 1.787075135267713E+02 0 -2.030066711239589E+05 
7.830439627437596E+01 -4.522771074223517E+01 1 2.960600000000000E+01 
2.070382309625702E+02 -2.036610491888221E+01 1 2.258620000000000E+01 
2.158389364328036E+02 2.534027953037966E+02 1 3.683730000000000E+01 
8.830607571293412E+01 1.156722568060394E+02 1 2.966070000000000E+01 
4.821232741792020E+01 -1.384434135429746E+01 1 2.634280000000000E+01 
1.160010003003678E+02 1.707995358461727E+02 1 2.067040000000000E+01 
1.904559193457111E+02 2.658202513465546E+02 1 3.587000000000000E+01 
2.000054049054858E+02 6.262257798964672E+01 1 3.025550000000000E+01 
4.861558005436852E+01 2.764778728526835E+01 1 2.705710000000000E+01 
3.549267996075518E+00 3.096716237085611E+02 1 3.337060000000000E+01 
1.276256370004436E+02 3.103551456970685E+01 1 3.065370000000000E+01 
2.259459103152426E+02 1.445457473654438E+02 1 3.032190000000000E+01 
5.798592378113614E+01 1.781766117544757E+02 1 1.750250000000000E+01 
1.772151996505687E+01 9.405141634152936E+01 1 3.402820000000000E+01 
1.649329017569999E+02 2.389293789381400E+02 1 3.100200000000000E+01 
1.327199936800830E+02 2.124158653109213E+02 1 2.486400000000000E+01 
9.036773540290547E+01 -2.119196083305822E+01 1 2.888700000000000E+01 
1.937304198302870E+02 4.892869860443285E+00 1 1.832320000000000E+01 
2.327333317861155E+02 2.857522657376166E+02 1 3.709580000000000E+01 
2.791807270060619E+02 -4.699134847558621E+00 1 1.848380000000000E+01 
9.407698078970835E+00 -1.602001959296699E+01 1 3.400850000000000E+01 
2.528292700226052E+02 1.082918999589424E+02 1 3.728520000000000E+01 
1.137663707408300E+02 7.790067234019750E+01 1 3.436350000000000E+01 
1.779647361112286E+02 1.472512132701801E+02 1 2.419400000000000E+01 
8.242460113828571E+01 2.688440019520860E+02 1 3.249150000000000E+01 
1.493482800114951E+01 2.340821928022006E+01 1 3.165350000000000E+01 
2.824326635268853E+02 1.599710956418357E+02 1 2.448480000000000E+01 
2.771325904446992E+02 2.433979006618630E+02 1 3.208490000000000E+01 
1.594832821347132E+02 2.735887350953585E+02 1 3.614420000000000E+01 
1.503278099799311E+02 8.482756342116542E+01 1 3.176650000000000E+01 
--------------------------------------------------------------------------------
                               SIMULATION OPTIONS                               
--------------------------------------------------------------------------------
|| File input/output 
ipfile         in_2D
userfn         userfn_2D.py
outfile        boss.out
rstfile        boss.rst

|| Key settings 
num_tasks         2
W_rank         2
bounds         -5.000E+01 3.100E+02;    -5.000E+01 3.100E+02
kerntype       stdp stdp
yrange         -5.000E+01 3.100E+02;    -5.000E+01 3.100E+02
noise          1.000E-12
initpts    2 30    iterpts   50
gm_tol         none
verbosity      2

|| Data acquisition 
acqfn                elcb
acqtol               1.000E-03

|| GP hyperparameters 
thetainit       1.000E+00 3.142E-01
thetabounds     none
thetaprior      gamma
thetapriorpar   2.000E+00 1.900E-02;    3.368E+00 9.020E+00;    3.368E+00 9.020E+00

|| Hyperparameter optimization
updatefreq   1  initupdate      True
updateoffset 0  updaterestarts  2


--------------------------------------------------------------------------------
                              INITIAL DATAPOINT 1                               
--------------------------------------------------------------------------------
| Data point added to dataset (x i y): 
  2.9148494498E+02  5.8677639868E+01  0.0000000000E+00      -2.0299172525E+05

| Total ensemble size: 1
| Next sampling location (x_next, i_next):
  2.3876551673E+02  1.7870751353E+02  0.0000000000E+00

Iteration time [s]:    0.001        Total time [s]:    0.030

--------------------------------------------------------------------------------
                              INITIAL DATAPOINT 2                               
--------------------------------------------------------------------------------
| Data point added to dataset (x i y): 
  2.3876551673E+02  1.7870751353E+02  0.0000000000E+00      -2.0300667112E+05

| Total ensemble size: 2
| Next sampling location (x_next, i_next):
  7.8304396274E+01 -4.5227710742E+01  1.0000000000E+00

Iteration time [s]:    0.001        Total time [s]:    0.031

--------------------------------------------------------------------------------
                              INITIAL DATAPOINT 3                               
--------------------------------------------------------------------------------
| Data point added to dataset (x i y): 
  7.8304396274E+01 -4.5227710742E+01  1.0000000000E+00       2.9606000000E+01

| Total ensemble size: 3
| Next sampling location (x_next, i_next):
  2.0703823096E+02 -2.0366104919E+01  1.0000000000E+00

Iteration time [s]:    0.001        Total time [s]:    0.032

--------------------------------------------------------------------------------
                              INITIAL DATAPOINT 4                               
--------------------------------------------------------------------------------
| Data point added to dataset (x i y): 
  2.0703823096E+02 -2.0366104919E+01  1.0000000000E+00       2.2586200000E+01

| Total ensemble size: 4
| Next sampling location (x_next, i_next):
  2.1583893643E+02  2.5340279530E+02  1.0000000000E+00

Iteration time [s]:    0.001        Total time [s]:    0.033

--------------------------------------------------------------------------------
                              INITIAL DATAPOINT 5                               
--------------------------------------------------------------------------------
| Data point added to dataset (x i y): 
  2.1583893643E+02  2.5340279530E+02  1.0000000000E+00       3.6837300000E+01

| Total ensemble size: 5
| Next sampling location (x_next, i_next):
  8.8306075713E+01  1.1567225681E+02  1.0000000000E+00

Iteration time [s]:    0.001        Total time [s]:    0.034

--------------------------------------------------------------------------------
                              INITIAL DATAPOINT 6                               
--------------------------------------------------------------------------------
| Data point added to dataset (x i y): 
  8.8306075713E+01  1.1567225681E+02  1.0000000000E+00       2.9660700000E+01

| Total ensemble size: 6
| Next sampling location (x_next, i_next):
  4.8212327418E+01 -1.3844341354E+01  1.0000000000E+00

Iteration time [s]:    0.001        Total time [s]:    0.036

--------------------------------------------------------------------------------
                              INITIAL DATAPOINT 7                               
--------------------------------------------------------------------------------
| Data point added to dataset (x i y): 
  4.8212327418E+01 -1.3844341354E+01  1.0000000000E+00       2.6342800000E+01

| Total ensemble size: 7
| Next sampling location (x_next, i_next):
  1.1600100030E+02  1.7079953585E+02  1.0000000000E+00

Iteration time [s]:    0.001        Total time [s]:    0.037

--------------------------------------------------------------------------------
                              INITIAL DATAPOINT 8                               
--------------------------------------------------------------------------------
| Data point added to dataset (x i y): 
  1.1600100030E+02  1.7079953585E+02  1.0000000000E+00       2.0670400000E+01

| Total ensemble size: 8
| Next sampling location (x_next, i_next):
  1.9045591935E+02  2.6582025135E+02  1.0000000000E+00

Iteration time [s]:    0.001        Total time [s]:    0.038

--------------------------------------------------------------------------------
                              INITIAL DATAPOINT 9                               
--------------------------------------------------------------------------------
| Data point added to dataset (x i y): 
  1.9045591935E+02  2.6582025135E+02  1.0000000000E+00       3.5870000000E+01

| Total ensemble size: 9
| Next sampling location (x_next, i_next):
  2.0000540491E+02  6.2622577990E+01  1.0000000000E+00

Iteration time [s]:    0.001        Total time [s]:    0.039

--------------------------------------------------------------------------------
                              INITIAL DATAPOINT 10                              
--------------------------------------------------------------------------------
| Data point added to dataset (x i y): 
  2.0000540491E+02  6.2622577990E+01  1.0000000000E+00       3.0255500000E+01

| Total ensemble size: 10
| Next sampling location (x_next, i_next):
  4.8615580054E+01  2.7647787285E+01  1.0000000000E+00

Iteration time [s]:    0.001        Total time [s]:    0.040

--------------------------------------------------------------------------------
                              INITIAL DATAPOINT 11                              
--------------------------------------------------------------------------------
| Data point added to dataset (x i y): 
  4.8615580054E+01  2.7647787285E+01  1.0000000000E+00       2.7057100000E+01

| Total ensemble size: 11
| Next sampling location (x_next, i_next):
  3.5492679961E+00  3.0967162371E+02  1.0000000000E+00

Iteration time [s]:    0.001        Total time [s]:    0.041

--------------------------------------------------------------------------------
                              INITIAL DATAPOINT 12                              
--------------------------------------------------------------------------------
| Data point added to dataset (x i y): 
  3.5492679961E+00  3.0967162371E+02  1.0000000000E+00       3.3370600000E+01

| Total ensemble size: 12
| Next sampling location (x_next, i_next):
  1.2762563700E+02  3.1035514570E+01  1.0000000000E+00

Iteration time [s]:    0.001        Total time [s]:    0.043

--------------------------------------------------------------------------------
                              INITIAL DATAPOINT 13                              
--------------------------------------------------------------------------------
| Data point added to dataset (x i y): 
  1.2762563700E+02  3.1035514570E+01  1.0000000000E+00       3.0653700000E+01

| Total ensemble size: 13
| Next sampling location (x_next, i_next):
  2.2594591032E+02  1.4454574737E+02  1.0000000000E+00

Iteration time [s]:    0.001        Total time [s]:    0.044

--------------------------------------------------------------------------------
                              INITIAL DATAPOINT 14                              
--------------------------------------------------------------------------------
| Data point added to dataset (x i y): 
  2.2594591032E+02  1.4454574737E+02  1.0000000000E+00       3.0321900000E+01

| Total ensemble size: 14
| Next sampling location (x_next, i_next):
  5.7985923781E+01  1.7817661175E+02  1.0000000000E+00

Iteration time [s]:    0.001        Total time [s]:    0.045

--------------------------------------------------------------------------------
                              INITIAL DATAPOINT 15                              
--------------------------------------------------------------------------------
| Data point added to dataset (x i y): 
  5.7985923781E+01  1.7817661175E+02  1.0000000000E+00       1.7502500000E+01

| Total ensemble size: 15
| Next sampling location (x_next, i_next):
  1.7721519965E+01  9.4051416342E+01  1.0000000000E+00

Iteration time [s]:    0.001        Total time [s]:    0.046

--------------------------------------------------------------------------------
                              INITIAL DATAPOINT 16                              
--------------------------------------------------------------------------------
| Data point added to dataset (x i y): 
  1.7721519965E+01  9.4051416342E+01  1.0000000000E+00       3.4028200000E+01

| Total ensemble size: 16
| Next sampling location (x_next, i_next):
  1.6493290176E+02  2.3892937894E+02  1.0000000000E+00

Iteration time [s]:    0.001        Total time [s]:    0.047

--------------------------------------------------------------------------------
                              INITIAL DATAPOINT 17                              
--------------------------------------------------------------------------------
| Data point added to dataset (x i y): 
  1.6493290176E+02  2.3892937894E+02  1.0000000000E+00       3.1002000000E+01

| Total ensemble size: 17
| Next sampling location (x_next, i_next):
  1.3271999368E+02  2.1241586531E+02  1.0000000000E+00

Iteration time [s]:    0.001        Total time [s]:    0.049

--------------------------------------------------------------------------------
                              INITIAL DATAPOINT 18                              
--------------------------------------------------------------------------------
| Data point added to dataset (x i y): 
  1.3271999368E+02  2.1241586531E+02  1.0000000000E+00       2.4864000000E+01

| Total ensemble size: 18
| Next sampling location (x_next, i_next):
  9.0367735403E+01 -2.1191960833E+01  1.0000000000E+00

Iteration time [s]:    0.001        Total time [s]:    0.050

--------------------------------------------------------------------------------
                              INITIAL DATAPOINT 19                              
--------------------------------------------------------------------------------
| Data point added to dataset (x i y): 
  9.0367735403E+01 -2.1191960833E+01  1.0000000000E+00       2.8887000000E+01

| Total ensemble size: 19
| Next sampling location (x_next, i_next):
  1.9373041983E+02  4.8928698604E+00  1.0000000000E+00

Iteration time [s]:    0.001        Total time [s]:    0.051

--------------------------------------------------------------------------------
                              INITIAL DATAPOINT 20                              
--------------------------------------------------------------------------------
| Data point added to dataset (x i y): 
  1.9373041983E+02  4.8928698604E+00  1.0000000000E+00       1.8323200000E+01

| Total ensemble size: 20
| Next sampling location (x_next, i_next):
  2.3273333179E+02  2.8575226574E+02  1.0000000000E+00

Iteration time [s]:    0.001        Total time [s]:    0.052

--------------------------------------------------------------------------------
                              INITIAL DATAPOINT 21                              
--------------------------------------------------------------------------------
| Data point added to dataset (x i y): 
  2.3273333179E+02  2.8575226574E+02  1.0000000000E+00       3.7095800000E+01

| Total ensemble size: 21
| Next sampling location (x_next, i_next):
  2.7918072701E+02 -4.6991348476E+00  1.0000000000E+00

Iteration time [s]:    0.001        Total time [s]:    0.053

--------------------------------------------------------------------------------
                              INITIAL DATAPOINT 22                              
--------------------------------------------------------------------------------
| Data point added to dataset (x i y): 
  2.7918072701E+02 -4.6991348476E+00  1.0000000000E+00       1.8483800000E+01

| Total ensemble size: 22
| Next sampling location (x_next, i_next):
  9.4076980790E+00 -1.6020019593E+01  1.0000000000E+00

Iteration time [s]:    0.001        Total time [s]:    0.054

--------------------------------------------------------------------------------
                              INITIAL DATAPOINT 23                              
--------------------------------------------------------------------------------
| Data point added to dataset (x i y): 
  9.4076980790E+00 -1.6020019593E+01  1.0000000000E+00       3.4008500000E+01

| Total ensemble size: 23
| Next sampling location (x_next, i_next):
  2.5282927002E+02  1.0829189996E+02  1.0000000000E+00

Iteration time [s]:    0.001        Total time [s]:    0.056

--------------------------------------------------------------------------------
                              INITIAL DATAPOINT 24                              
--------------------------------------------------------------------------------
| Data point added to dataset (x i y): 
  2.5282927002E+02  1.0829189996E+02  1.0000000000E+00       3.7285200000E+01

| Total ensemble size: 24
| Next sampling location (x_next, i_next):
  1.1376637074E+02  7.7900672340E+01  1.0000000000E+00

Iteration time [s]:    0.001        Total time [s]:    0.057

--------------------------------------------------------------------------------
                              INITIAL DATAPOINT 25                              
--------------------------------------------------------------------------------
| Data point added to dataset (x i y): 
  1.1376637074E+02  7.7900672340E+01  1.0000000000E+00       3.4363500000E+01

| Total ensemble size: 25
| Next sampling location (x_next, i_next):
  1.7796473611E+02  1.4725121327E+02  1.0000000000E+00

Iteration time [s]:    0.001        Total time [s]:    0.058

--------------------------------------------------------------------------------
                              INITIAL DATAPOINT 26                              
--------------------------------------------------------------------------------
| Data point added to dataset (x i y): 
  1.7796473611E+02  1.4725121327E+02  1.0000000000E+00       2.4194000000E+01

| Total ensemble size: 26
| Next sampling location (x_next, i_next):
  8.2424601138E+01  2.6884400195E+02  1.0000000000E+00

Iteration time [s]:    0.001        Total time [s]:    0.059

--------------------------------------------------------------------------------
                              INITIAL DATAPOINT 27                              
--------------------------------------------------------------------------------
| Data point added to dataset (x i y): 
  8.2424601138E+01  2.6884400195E+02  1.0000000000E+00       3.2491500000E+01

| Total ensemble size: 27
| Next sampling location (x_next, i_next):
  1.4934828001E+01  2.3408219280E+01  1.0000000000E+00

Iteration time [s]:    0.001        Total time [s]:    0.061

--------------------------------------------------------------------------------
                              INITIAL DATAPOINT 28                              
--------------------------------------------------------------------------------
| Data point added to dataset (x i y): 
  1.4934828001E+01  2.3408219280E+01  1.0000000000E+00       3.1653500000E+01

| Total ensemble size: 28
| Next sampling location (x_next, i_next):
  2.8243266353E+02  1.5997109564E+02  1.0000000000E+00

Iteration time [s]:    0.001        Total time [s]:    0.063

--------------------------------------------------------------------------------
                              INITIAL DATAPOINT 29                              
--------------------------------------------------------------------------------
| Data point added to dataset (x i y): 
  2.8243266353E+02  1.5997109564E+02  1.0000000000E+00       2.4484800000E+01

| Total ensemble size: 29
| Next sampling location (x_next, i_next):
  2.7713259044E+02  2.4339790066E+02  1.0000000000E+00

Iteration time [s]:    0.001        Total time [s]:    0.064

--------------------------------------------------------------------------------
                              INITIAL DATAPOINT 30                              
--------------------------------------------------------------------------------
| Data point added to dataset (x i y): 
  2.7713259044E+02  2.4339790066E+02  1.0000000000E+00       3.2084900000E+01

| Total ensemble size: 30
| Next sampling location (x_next, i_next):
  1.5948328213E+02  2.7358873510E+02  1.0000000000E+00

Iteration time [s]:    0.001        Total time [s]:    0.065

--------------------------------------------------------------------------------
                              INITIAL DATAPOINT 31                              
--------------------------------------------------------------------------------
| Data point added to dataset (x i y): 
  1.5948328213E+02  2.7358873510E+02  1.0000000000E+00       3.6144200000E+01

| Total ensemble size: 31
| Next sampling location (x_next, i_next):
  1.5032780998E+02  8.4827563421E+01  1.0000000000E+00

Iteration time [s]:    0.001        Total time [s]:    0.066

--------------------------------------------------------------------------------
                              INITIAL DATAPOINT 32                              
--------------------------------------------------------------------------------
| Data point added to dataset (x i y): 
  1.5032780998E+02  8.4827563421E+01  1.0000000000E+00       3.1766500000E+01

| Total ensemble size: 32
| Best acquisition, x_best i_best y_best:
  2.3876551673E+02  1.7870751353E+02  0.0000000000E+00      -2.0300667112E+05
| Global minimum prediction, x_hat mu_hat +- nu_hat:
  2.5234301438E+02  2.6429678072E+00  0.0000000000E+00      -2.0302021462E+05  1.3748993026E+01

| GP model hyperparameters (lengthscales W kappa):
  4.7859422221E-01  4.3483173356E-01  8.1383345338E+00  8.1383919903E+00  4.8524756587E+00  4.8527873784E+00  0.0000000000E+00  0.0000000000E+00
| Next sampling location (x_next, i_next):
 -5.4292411985E+00  1.9607230862E+02  0.0000000000E+00

Iteration time [s]:    1.185        Total time [s]:    1.252

--------------------------------------------------------------------------------
                                 BO ITERATION 1                                 
--------------------------------------------------------------------------------
| Evaluating objective function at -5.429E+00 1.961E+02 0.000E+00
| Objective function evaluated, time [s]       25.271
| Data point added to dataset (x i y): 
 -5.4292411985E+00  1.9607230862E+02  0.0000000000E+00      -2.0300648041E+05

| Total ensemble size: 33
| Best acquisition, x_best i_best y_best:
  2.3876551673E+02  1.7870751353E+02  0.0000000000E+00      -2.0300667112E+05
| Global minimum prediction, x_hat mu_hat +- nu_hat:
  2.5452958679E+02  4.1487742962E-02  0.0000000000E+00      -2.0301920400E+05  9.3403264818E+00
| Global minimum convergence, d_xhat d_muhat:
  3.3983521641E+00  4.6370744032E-02

| GP model hyperparameters (lengthscales W kappa):
  4.6150176893E-01  4.2727476489E-01  6.9307036602E+00  6.9307772823E+00  4.8338665703E+00  4.8337712096E+00  0.0000000000E+00  0.0000000000E+00
| Next sampling location (x_next, i_next):
  2.3980633629E+02  1.1138287017E+01  0.0000000000E+00

Iteration time [s]:   26.592        Total time [s]:   27.844

--------------------------------------------------------------------------------
                                 BO ITERATION 2                                 
--------------------------------------------------------------------------------
| Evaluating objective function at 2.398E+02 1.114E+01 0.000E+00
| Objective function evaluated, time [s]       23.005
| Data point added to dataset (x i y): 
  2.3980633629E+02  1.1138287017E+01  0.0000000000E+00      -2.0301128283E+05

| Total ensemble size: 34
| Best acquisition, x_best i_best y_best:
  2.3980633629E+02  1.1138287017E+01  0.0000000000E+00      -2.0301128283E+05
| Global minimum prediction, x_hat mu_hat +- nu_hat:
  6.6625242358E+01  1.8035806664E+02  0.0000000000E+00      -2.0301523031E+05  1.6438970057E+01
| Global minimum convergence, d_xhat d_muhat:
  2.6042678680E+02  1.6414365489E-01

| GP model hyperparameters (lengthscales W kappa):
  4.6916153828E-01  4.4313585287E-01  4.3135349084E+00  7.0745764851E+00  6.2515260547E+00  3.4904509410E+00  0.0000000000E+00  0.0000000000E+00
| Next sampling location (x_next, i_next):
  7.8667586413E+01  1.8856797825E+02  0.0000000000E+00

Iteration time [s]:   24.240        Total time [s]:   52.084

--------------------------------------------------------------------------------
                                 BO ITERATION 3                                 
--------------------------------------------------------------------------------
| Evaluating objective function at 7.867E+01 1.886E+02 0.000E+00
| Objective function evaluated, time [s]       22.924
| Data point added to dataset (x i y): 
  7.8667586413E+01  1.8856797825E+02  0.0000000000E+00      -2.0300886054E+05

| Total ensemble size: 35
| Best acquisition, x_best i_best y_best:
  2.3980633629E+02  1.1138287017E+01  0.0000000000E+00      -2.0301128283E+05
| Global minimum prediction, x_hat mu_hat +- nu_hat:
  2.0650458175E+02  5.0692156946E+00  0.0000000000E+00      -2.0301281313E+05  8.3826071726E+00
| Global minimum convergence, d_xhat d_muhat:
  2.2425969512E+02  9.6023371932E-02

| GP model hyperparameters (lengthscales W kappa):
  4.9220219764E-01  4.4713892766E-01  3.3804491914E+00  7.0154326932E+00  6.7033206916E+00  3.0686925862E+00  0.0000000000E+00  0.0000000000E+00
| Next sampling location (x_next, i_next):
  1.7430716035E+02  4.0842078519E-01  0.0000000000E+00

Iteration time [s]:   24.163        Total time [s]:   76.248

--------------------------------------------------------------------------------
                                 BO ITERATION 4                                 
--------------------------------------------------------------------------------
| Evaluating objective function at 1.743E+02 4.084E-01 0.000E+00
| Objective function evaluated, time [s]       22.910
| Data point added to dataset (x i y): 
  1.7430716035E+02  4.0842078519E-01  0.0000000000E+00      -2.0300439323E+05

| Total ensemble size: 36
| Best acquisition, x_best i_best y_best:
  2.3980633629E+02  1.1138287017E+01  0.0000000000E+00      -2.0301128283E+05
| Global minimum prediction, x_hat mu_hat +- nu_hat:
  2.4614491009E+02  3.4242355781E-01  0.0000000000E+00      -2.0301195660E+05  1.8082647270E+00
| Global minimum convergence, d_xhat d_muhat:
  3.9921149718E+01  3.4164093780E-02

| GP model hyperparameters (lengthscales W kappa):
  5.1025087633E-01  4.3817218141E-01  7.0557354868E+00  3.2825419717E+00  3.0481003889E+00  6.8222063020E+00  0.0000000000E+00  0.0000000000E+00
| Next sampling location (x_next, i_next):
  1.5793060044E+02  1.7237826442E+02  0.0000000000E+00

Iteration time [s]:   24.084        Total time [s]:  100.332

--------------------------------------------------------------------------------
                                 BO ITERATION 5                                 
--------------------------------------------------------------------------------
| Evaluating objective function at 1.579E+02 1.724E+02 0.000E+00
| Objective function evaluated, time [s]       21.655
| Data point added to dataset (x i y): 
  1.5793060044E+02  1.7237826442E+02  0.0000000000E+00      -2.0300762078E+05

| Total ensemble size: 37
| Best acquisition, x_best i_best y_best:
  2.3980633629E+02  1.1138287017E+01  0.0000000000E+00      -2.0301128283E+05
| Global minimum prediction, x_hat mu_hat +- nu_hat:
  2.4559581258E+02  5.4076205939E-02  0.0000000000E+00      -2.0301198105E+05  1.6693459220E+00
| Global minimum convergence, d_xhat d_muhat:
  6.2020341395E-01  9.6024027768E-04

| GP model hyperparameters (lengthscales W kappa):
  5.1673913074E-01  4.3876138690E-01  6.8244079476E+00  3.0950646940E+00  3.1545907534E+00  6.8841039984E+00  0.0000000000E+00  0.0000000000E+00
| Next sampling location (x_next, i_next):
  2.8433239773E+02 -3.1814405300E+01  0.0000000000E+00

Iteration time [s]:   22.981        Total time [s]:  123.314

--------------------------------------------------------------------------------
                                 BO ITERATION 6                                 
--------------------------------------------------------------------------------
| Evaluating objective function at 2.843E+02 -3.181E+01 0.000E+00
| Objective function evaluated, time [s]       22.931
| Data point added to dataset (x i y): 
  2.8433239773E+02 -3.1814405300E+01  0.0000000000E+00      -2.0300636180E+05

| Total ensemble size: 38
| Best acquisition, x_best i_best y_best:
  2.3980633629E+02  1.1138287017E+01  0.0000000000E+00      -2.0301128283E+05
| Global minimum prediction, x_hat mu_hat +- nu_hat:
  2.4333252259E+02  1.1835614671E+00  0.0000000000E+00      -2.0301186970E+05  5.9357529087E-01
| Global minimum convergence, d_xhat d_muhat:
  2.5294700107E+00  4.3506982985E-03

| GP model hyperparameters (lengthscales W kappa):
  5.2471266846E-01  4.4078072779E-01  3.0189601032E+00  6.5712516627E+00  6.9198268295E+00  3.3682378118E+00  0.0000000000E+00  0.0000000000E+00
| Next sampling location (x_next, i_next):
  3.1494327007E+01  1.4792786593E+02  0.0000000000E+00

Iteration time [s]:   24.353        Total time [s]:  147.668

--------------------------------------------------------------------------------
                                 BO ITERATION 7                                 
--------------------------------------------------------------------------------
| Evaluating objective function at 3.149E+01 1.479E+02 0.000E+00
| Objective function evaluated, time [s]       22.904
| Data point added to dataset (x i y): 
  3.1494327007E+01  1.4792786593E+02  0.0000000000E+00      -2.0300361861E+05

| Total ensemble size: 39
| Best acquisition, x_best i_best y_best:
  2.3980633629E+02  1.1138287017E+01  0.0000000000E+00      -2.0301128283E+05
| Global minimum prediction, x_hat mu_hat +- nu_hat:
  2.4342323893E+02  1.0888593406E+00  0.0000000000E+00      -2.0301187148E+05  5.3281325274E-01
| Global minimum convergence, d_xhat d_muhat:
  1.3114094286E-01  7.0180995177E-05

| GP model hyperparameters (lengthscales W kappa):
  5.3294697749E-01  4.5543088273E-01  3.0441218195E+00  6.5637340959E+00  7.0523391369E+00  3.5318579337E+00  0.0000000000E+00  0.0000000000E+00
| Next sampling location (x_next, i_next):
  2.9996998405E+01  2.5369783438E+02  0.0000000000E+00

Iteration time [s]:   24.225        Total time [s]:  171.893

--------------------------------------------------------------------------------
                                 BO ITERATION 8                                 
--------------------------------------------------------------------------------
| Evaluating objective function at 3.000E+01 2.537E+02 0.000E+00
| Objective function evaluated, time [s]       24.041
| Data point added to dataset (x i y): 
  2.9996998405E+01  2.5369783438E+02  0.0000000000E+00      -2.0299175998E+05

| Total ensemble size: 40
| Best acquisition, x_best i_best y_best:
  2.3980633629E+02  1.1138287017E+01  0.0000000000E+00      -2.0301128283E+05
| Global minimum prediction, x_hat mu_hat +- nu_hat:
  2.4636231886E+02  7.9891937784E-01  0.0000000000E+00      -2.0301194386E+05  9.3629365277E-01
| Global minimum convergence, d_xhat d_muhat:
  2.9533465796E+00  3.0098729731E-03

| GP model hyperparameters (lengthscales W kappa):
  5.1460696146E-01  4.3371791003E-01  3.7455824014E+00  7.3392906726E+00  6.7546299619E+00  3.1606951596E+00  0.0000000000E+00  0.0000000000E+00
| Next sampling location (x_next, i_next):
  2.9977660547E+02  1.8561999631E+02  0.0000000000E+00

Iteration time [s]:   25.542        Total time [s]:  197.436

--------------------------------------------------------------------------------
                                 BO ITERATION 9                                 
--------------------------------------------------------------------------------
| Evaluating objective function at 2.998E+02 1.856E+02 0.000E+00
| Objective function evaluated, time [s]       22.777
| Data point added to dataset (x i y): 
  2.9977660547E+02  1.8561999631E+02  0.0000000000E+00      -2.0300835117E+05

| Total ensemble size: 41
| Best acquisition, x_best i_best y_best:
  2.3980633629E+02  1.1138287017E+01  0.0000000000E+00      -2.0301128283E+05
| Global minimum prediction, x_hat mu_hat +- nu_hat:
  2.4566591236E+02  6.6488820319E-01  0.0000000000E+00      -2.0301195033E+05  8.7944410374E-01
| Global minimum convergence, d_xhat d_muhat:
  7.0918711661E-01  2.6481414034E-04

| GP model hyperparameters (lengthscales W kappa):
  5.2493377322E-01  4.3758911101E-01  7.3132885366E+00  3.5819096217E+00  3.1642044017E+00  6.8954823760E+00  0.0000000000E+00  0.0000000000E+00
| Next sampling location (x_next, i_next):
  6.2393436847E+01  6.2808726343E+00  0.0000000000E+00

Iteration time [s]:   24.214        Total time [s]:  221.650

--------------------------------------------------------------------------------
                                BO ITERATION 10                                 
--------------------------------------------------------------------------------
| Evaluating objective function at 6.239E+01 6.281E+00 0.000E+00
| Objective function evaluated, time [s]       23.004
| Data point added to dataset (x i y): 
  6.2393436847E+01  6.2808726343E+00  0.0000000000E+00      -2.0300326234E+05

| Total ensemble size: 42
| Best acquisition, x_best i_best y_best:
  2.3980633629E+02  1.1138287017E+01  0.0000000000E+00      -2.0301128283E+05
| Global minimum prediction, x_hat mu_hat +- nu_hat:
  2.4508323083E+02  7.6178494078E-01  0.0000000000E+00      -2.0301193827E+05  7.6606183298E-01
| Global minimum convergence, d_xhat d_muhat:
  5.9068328221E-01  4.9522174794E-04

| GP model hyperparameters (lengthscales W kappa):
  5.2761931071E-01  4.3595926379E-01  7.0418878151E+00  3.5575166697E+00  3.3816383596E+00  6.8657197047E+00  0.0000000000E+00  0.0000000000E+00
| Next sampling location (x_next, i_next):
  1.6422725400E+02  1.2398487816E+02  0.0000000000E+00

Iteration time [s]:   24.439        Total time [s]:  246.090

--------------------------------------------------------------------------------
                                BO ITERATION 11                                 
--------------------------------------------------------------------------------
| Evaluating objective function at 1.642E+02 1.240E+02 0.000E+00
| Objective function evaluated, time [s]       22.835
| Data point added to dataset (x i y): 
  1.6422725400E+02  1.2398487816E+02  0.0000000000E+00      -2.0299622633E+05

| Total ensemble size: 43
| Best acquisition, x_best i_best y_best:
  2.3980633629E+02  1.1138287017E+01  0.0000000000E+00      -2.0301128283E+05
| Global minimum prediction, x_hat mu_hat +- nu_hat:
  2.4891163902E+02  2.1757009436E-01  0.0000000000E+00      -2.0301210041E+05  9.7139027427E-01
| Global minimum convergence, d_xhat d_muhat:
  3.8668952754E+00  6.8258826586E-03

| GP model hyperparameters (lengthscales W kappa):
  5.3853784939E-01  4.6085285116E-01  7.7763758356E+00  4.1433837995E+00  3.4423402032E+00  7.0754507514E+00  0.0000000000E+00  0.0000000000E+00
| Next sampling location (x_next, i_next):
  1.8946510866E+02  2.0872581207E+02  0.0000000000E+00

Iteration time [s]:   24.286        Total time [s]:  270.377

--------------------------------------------------------------------------------
                                BO ITERATION 12                                 
--------------------------------------------------------------------------------
| Evaluating objective function at 1.895E+02 2.087E+02 0.000E+00
| Objective function evaluated, time [s]       21.692
| Data point added to dataset (x i y): 
  1.8946510866E+02  2.0872581207E+02  0.0000000000E+00      -2.0300360998E+05

| Total ensemble size: 44
| Best acquisition, x_best i_best y_best:
  2.3980633629E+02  1.1138287017E+01  0.0000000000E+00      -2.0301128283E+05
| Global minimum prediction, x_hat mu_hat +- nu_hat:
  2.5001993678E+02  1.3858991085E-01  0.0000000000E+00      -2.0301214130E+05  9.9851896591E-01
| Global minimum convergence, d_xhat d_muhat:
  1.1111083666E+00  1.7210873197E-03

| GP model hyperparameters (lengthscales W kappa):
  5.4336713796E-01  4.6734994820E-01  4.3585398640E+00  7.9082163688E+00  7.1140184696E+00  3.5644424818E+00  0.0000000000E+00  0.0000000000E+00
| Next sampling location (x_next, i_next):
  3.1000000000E+02  1.4941182432E+02  0.0000000000E+00

Iteration time [s]:   23.062        Total time [s]:  293.439

--------------------------------------------------------------------------------
                                BO ITERATION 13                                 
--------------------------------------------------------------------------------
| Evaluating objective function at 3.100E+02 1.494E+02 0.000E+00
| Objective function evaluated, time [s]       22.890
| Data point added to dataset (x i y): 
  3.1000000000E+02  1.4941182432E+02  0.0000000000E+00      -2.0300406204E+05

| Total ensemble size: 45
| Best acquisition, x_best i_best y_best:
  2.3980633629E+02  1.1138287017E+01  0.0000000000E+00      -2.0301128283E+05
| Global minimum prediction, x_hat mu_hat +- nu_hat:
  2.4936590318E+02  8.4418301523E-02  0.0000000000E+00      -2.0301213732E+05  9.2419663851E-01
| Global minimum convergence, d_xhat d_muhat:
  6.5627320390E-01  1.6711678987E-04

| GP model hyperparameters (lengthscales W kappa):
  5.4502147679E-01  4.6834133813E-01  4.2491136944E+00  7.7694492372E+00  7.1033349638E+00  3.5830044205E+00  0.0000000000E+00  0.0000000000E+00
| Next sampling location (x_next, i_next):
  2.4189380423E+02 -1.3883164933E+01  0.0000000000E+00

Iteration time [s]:   24.370        Total time [s]:  317.810

--------------------------------------------------------------------------------
                                BO ITERATION 14                                 
--------------------------------------------------------------------------------
| Evaluating objective function at 2.419E+02 -1.388E+01 0.000E+00
| Objective function evaluated, time [s]       23.097
| Data point added to dataset (x i y): 
  2.4189380423E+02 -1.3883164933E+01  0.0000000000E+00      -2.0301073349E+05

| Total ensemble size: 46
| Best acquisition, x_best i_best y_best:
  2.3980633629E+02  1.1138287017E+01  0.0000000000E+00      -2.0301128283E+05
| Global minimum prediction, x_hat mu_hat +- nu_hat:
  2.4917245106E+02 -6.4266145192E-01  0.0000000000E+00      -2.0301226426E+05  3.5955494373E-01
| Global minimum convergence, d_xhat d_muhat:
  7.5237536541E-01  5.2381562793E-03

| GP model hyperparameters (lengthscales W kappa):
  5.6023641632E-01  4.8324139369E-01  7.9657586322E+00  4.3356668206E+00  3.7333242036E+00  7.3641896931E+00  0.0000000000E+00  0.0000000000E+00
| Next sampling location (x_next, i_next):
  2.7442983978E+02  1.9112067902E+00  0.0000000000E+00

Iteration time [s]:   24.515        Total time [s]:  342.325

--------------------------------------------------------------------------------
                                BO ITERATION 15                                 
--------------------------------------------------------------------------------
| Evaluating objective function at 2.744E+02 1.911E+00 0.000E+00
| Objective function evaluated, time [s]       23.124
| Data point added to dataset (x i y): 
  2.7442983978E+02  1.9112067902E+00  0.0000000000E+00      -2.0300995326E+05

| Total ensemble size: 47
| Best acquisition, x_best i_best y_best:
  2.3980633629E+02  1.1138287017E+01  0.0000000000E+00      -2.0301128283E+05
| Global minimum prediction, x_hat mu_hat +- nu_hat:
  2.4656185874E+02 -2.8950237494E-01  0.0000000000E+00      -2.0301215274E+05  5.5180259547E-02
| Global minimum convergence, d_xhat d_muhat:
  2.6343715789E+00  4.5372461733E-03

| GP model hyperparameters (lengthscales W kappa):
  5.6951070742E-01  4.9497490862E-01  8.0468559210E+00  4.3415011787E+00  3.8571672058E+00  7.5608438856E+00  0.0000000000E+00  0.0000000000E+00
| Next sampling location (x_next, i_next):
  2.1543346608E+02  3.6482295002E+00  0.0000000000E+00

Iteration time [s]:   24.595        Total time [s]:  366.920

--------------------------------------------------------------------------------
                                BO ITERATION 16                                 
--------------------------------------------------------------------------------
| Evaluating objective function at 2.154E+02 3.648E+00 0.000E+00
| Objective function evaluated, time [s]       23.042
| Data point added to dataset (x i y): 
  2.1543346608E+02  3.6482295002E+00  0.0000000000E+00      -2.0301176277E+05

| Total ensemble size: 48
| Best acquisition, x_best i_best y_best:
  2.1543346608E+02  3.6482295002E+00  0.0000000000E+00      -2.0301176277E+05
| Global minimum prediction, x_hat mu_hat +- nu_hat:
  2.3273798765E+02  1.4901079020E+00  0.0000000000E+00      -2.0301224858E+05  2.9566385652E-02
| Global minimum convergence, d_xhat d_muhat:
  1.3937949078E+01  3.8356748083E-03

| GP model hyperparameters (lengthscales W kappa):
  5.7133068427E-01  5.0139093728E-01  8.4500788528E+00  4.7169867677E+00  3.8746155254E+00  7.6076821099E+00  0.0000000000E+00  0.0000000000E+00
| Next sampling location (x_next, i_next):
  1.2279074369E+02  2.0261986223E+02  0.0000000000E+00

Iteration time [s]:   24.680        Total time [s]:  391.601

--------------------------------------------------------------------------------
                                BO ITERATION 17                                 
--------------------------------------------------------------------------------
| Evaluating objective function at 1.228E+02 2.026E+02 0.000E+00
| Objective function evaluated, time [s]       21.704
| Data point added to dataset (x i y): 
  1.2279074369E+02  2.0261986223E+02  0.0000000000E+00      -2.0300504666E+05

| Total ensemble size: 49
| Best acquisition, x_best i_best y_best:
  2.1543346608E+02  3.6482295002E+00  0.0000000000E+00      -2.0301176277E+05
| Global minimum prediction, x_hat mu_hat +- nu_hat:
  2.3298834722E+02  1.4442695846E+00  0.0000000000E+00      -2.0301225331E+05  2.7465337500E-02
| Global minimum convergence, d_xhat d_muhat:
  2.5452124736E-01  1.8912135846E-04

| GP model hyperparameters (lengthscales W kappa):
  5.8256332613E-01  5.0839717199E-01  4.9345330880E+00  8.5600342031E+00  7.7293484650E+00  4.1038555353E+00  0.0000000000E+00  0.0000000000E+00
| Next sampling location (x_next, i_next):
  3.8772441096E+01  1.8630414911E+02  0.0000000000E+00

Iteration time [s]:   23.232        Total time [s]:  414.834

--------------------------------------------------------------------------------
                                BO ITERATION 18                                 
--------------------------------------------------------------------------------
| Evaluating objective function at 3.877E+01 1.863E+02 0.000E+00
| Objective function evaluated, time [s]       23.071
| Data point added to dataset (x i y): 
  3.8772441096E+01  1.8630414911E+02  0.0000000000E+00      -2.0300900862E+05

| Total ensemble size: 50
| Best acquisition, x_best i_best y_best:
  2.1543346608E+02  3.6482295002E+00  0.0000000000E+00      -2.0301176277E+05
| Global minimum prediction, x_hat mu_hat +- nu_hat:
  2.3296042382E+02  1.4346151463E+00  0.0000000000E+00      -2.0301225731E+05  2.5496082539E-02
| Global minimum convergence, d_xhat d_muhat:
  2.9545295221E-02  1.5889457336E-04

| GP model hyperparameters (lengthscales W kappa):
  5.9767396841E-01  5.1195091316E-01  4.9895899884E+00  8.6447148152E+00  7.8879711277E+00  4.2327573035E+00  0.0000000000E+00  0.0000000000E+00
| Next sampling location (x_next, i_next):
  2.3646463767E+02  1.0561393566E-01  0.0000000000E+00

Iteration time [s]:   24.843        Total time [s]:  439.677

--------------------------------------------------------------------------------
                                BO ITERATION 19                                 
--------------------------------------------------------------------------------
| Evaluating objective function at 2.365E+02 1.056E-01 0.000E+00
| Objective function evaluated, time [s]       23.049
| Data point added to dataset (x i y): 
  2.3646463767E+02  1.0561393566E-01  0.0000000000E+00      -2.0301236565E+05

| Total ensemble size: 51
| Best acquisition, x_best i_best y_best:
  2.3646463767E+02  1.0561393566E-01  0.0000000000E+00      -2.0301236565E+05
| Global minimum prediction, x_hat mu_hat +- nu_hat:
  2.3422818227E+02  1.0024701931E+00  0.0000000000E+00      -2.0301237572E+05  3.0810827834E-04
| Global minimum convergence, d_xhat d_muhat:
  1.3393882017E+00  4.6330689880E-03

| GP model hyperparameters (lengthscales W kappa):
  6.1126990273E-01  5.1607415520E-01  8.8677171148E+00  5.2111416645E+00  4.4134012597E+00  8.0695275397E+00  0.0000000000E+00  0.0000000000E+00
| Next sampling location (x_next, i_next):
 -1.4181972307E+01  1.7149096195E+02  0.0000000000E+00

Iteration time [s]:   24.831        Total time [s]:  464.509

--------------------------------------------------------------------------------
                                BO ITERATION 20                                 
--------------------------------------------------------------------------------
| Evaluating objective function at -1.418E+01 1.715E+02 0.000E+00
| Objective function evaluated, time [s]       22.850
| Data point added to dataset (x i y): 
 -1.4181972307E+01  1.7149096195E+02  0.0000000000E+00      -2.0300745698E+05

| Total ensemble size: 52
| Best acquisition, x_best i_best y_best:
  2.3646463767E+02  1.0561393566E-01  0.0000000000E+00      -2.0301236565E+05
| Global minimum prediction, x_hat mu_hat +- nu_hat:
  2.3415793369E+02  1.0015093574E+00  0.0000000000E+00      -2.0301237615E+05  3.0735087431E-04
| Global minimum convergence, d_xhat d_muhat:
  7.0255154813E-02  1.6914474834E-05

| GP model hyperparameters (lengthscales W kappa):
  6.1827579406E-01  5.2348642361E-01  5.2446278759E+00  8.9203332031E+00  8.1764844318E+00  4.4998611739E+00  0.0000000000E+00  0.0000000000E+00
| Next sampling location (x_next, i_next):
  2.5160303464E+02 -3.1364231586E+00  0.0000000000E+00

Iteration time [s]:   24.512        Total time [s]:  489.022

--------------------------------------------------------------------------------
                                BO ITERATION 21                                 
--------------------------------------------------------------------------------
| Evaluating objective function at 2.516E+02 -3.136E+00 0.000E+00
| Objective function evaluated, time [s]       23.029
| Data point added to dataset (x i y): 
  2.5160303464E+02 -3.1364231586E+00  0.0000000000E+00      -2.0301218279E+05

| Total ensemble size: 53
| Best acquisition, x_best i_best y_best:
  2.3646463767E+02  1.0561393566E-01  0.0000000000E+00      -2.0301236565E+05
| Global minimum prediction, x_hat mu_hat +- nu_hat:
  2.3849550478E+02  4.6222310900E-01  0.0000000000E+00      -2.0301237438E+05  2.1926655881E-05
| Global minimum convergence, d_xhat d_muhat:
  4.3709670143E+00  6.8252874311E-05

| GP model hyperparameters (lengthscales W kappa):
  6.2208220808E-01  5.3352305303E-01  9.4259663632E+00  5.8569314827E+00  4.6571847072E+00  8.2255997320E+00  0.0000000000E+00  0.0000000000E+00
| Next sampling location (x_next, i_next):
  7.5267108421E+01  1.6689101446E+02  0.0000000000E+00

Iteration time [s]:   24.969        Total time [s]:  513.992

--------------------------------------------------------------------------------
                                BO ITERATION 22                                 
--------------------------------------------------------------------------------
| Evaluating objective function at 7.527E+01 1.669E+02 0.000E+00
| Objective function evaluated, time [s]       22.900
| Data point added to dataset (x i y): 
  7.5267108421E+01  1.6689101446E+02  0.0000000000E+00      -2.0300857324E+05

| Total ensemble size: 54
| Best acquisition, x_best i_best y_best:
  2.3646463767E+02  1.0561393566E-01  0.0000000000E+00      -2.0301236565E+05
| Global minimum prediction, x_hat mu_hat +- nu_hat:
  2.3850916705E+02  4.5949775767E-01  0.0000000000E+00      -2.0301237437E+05  2.0941573942E-05
| Global minimum convergence, d_xhat d_muhat:
  1.3931438071E-02  6.2861581579E-07

| GP model hyperparameters (lengthscales W kappa):
  6.2631697185E-01  5.4240130700E-01  5.9587707558E+00  9.5302286793E+00  8.3277206540E+00  4.7557419300E+00  0.0000000000E+00  0.0000000000E+00
| Next sampling location (x_next, i_next):
  2.4190735735E+02  3.5412810559E-01  0.0000000000E+00

Iteration time [s]:   24.775        Total time [s]:  538.767

--------------------------------------------------------------------------------
                                BO ITERATION 23                                 
--------------------------------------------------------------------------------
| Evaluating objective function at 2.419E+02 3.541E-01 0.000E+00
| Objective function evaluated, time [s]       23.067
| Data point added to dataset (x i y): 
  2.4190735735E+02  3.5412810559E-01  0.0000000000E+00      -2.0301235192E+05

| Total ensemble size: 55
| Best acquisition, x_best i_best y_best:
  2.3646463767E+02  1.0561393566E-01  0.0000000000E+00      -2.0301236565E+05
| Global minimum prediction, x_hat mu_hat +- nu_hat:
  2.3764436156E+02  6.0282185952E-01  0.0000000000E+00      -2.0301237187E+05  6.0094945463E-06
| Global minimum convergence, d_xhat d_muhat:
  8.7660157929E-01  9.5057726344E-05

| GP model hyperparameters (lengthscales W kappa):
  6.3105696038E-01  5.4019804565E-01  5.8091380545E+00  9.4773453390E+00  8.4025840734E+00  4.7366737380E+00  0.0000000000E+00  0.0000000000E+00
| Next sampling location (x_next, i_next):
  2.3434592156E+02  2.4492952344E+00  0.0000000000E+00

Iteration time [s]:   25.029        Total time [s]:  563.797

--------------------------------------------------------------------------------
                                BO ITERATION 24                                 
--------------------------------------------------------------------------------
| Evaluating objective function at 2.343E+02 2.449E+00 0.000E+00
| Objective function evaluated, time [s]       24.236
| Acquisition location too confident, doing pure exploration
| Data point added to dataset (x i y): 
  2.3434592156E+02  2.4492952344E+00  0.0000000000E+00      -2.0301235677E+05

| Total ensemble size: 56
| Best acquisition, x_best i_best y_best:
  2.3646463767E+02  1.0561393566E-01  0.0000000000E+00      -2.0301236565E+05
| Global minimum prediction, x_hat mu_hat +- nu_hat:
  2.3735151668E+02  8.0221122568E-01  0.0000000000E+00      -2.0301237387E+05  1.3720444327E-07
| Global minimum convergence, d_xhat d_muhat:
  3.5427989561E-01  7.5313483348E-05

| GP model hyperparameters (lengthscales W kappa):
  6.3755549006E-01  5.3944630164E-01  5.7766004050E+00  9.4791171893E+00  8.5061982740E+00  4.8037097483E+00  0.0000000000E+00  0.0000000000E+00
| Next sampling location (x_next, i_next):
  4.6391659107E+01  7.4842707018E+01  0.0000000000E+00

Iteration time [s]:   26.654        Total time [s]:  590.452

--------------------------------------------------------------------------------
                                BO ITERATION 25                                 
--------------------------------------------------------------------------------
| Evaluating objective function at 4.639E+01 7.484E+01 0.000E+00
| Objective function evaluated, time [s]       22.913
| Acquisition location too confident, doing pure exploration
| Data point added to dataset (x i y): 
  4.6391659107E+01  7.4842707018E+01  0.0000000000E+00      -2.0299109703E+05

| Total ensemble size: 57
| Best acquisition, x_best i_best y_best:
  2.3646463767E+02  1.0561393566E-01  0.0000000000E+00      -2.0301236565E+05
| Global minimum prediction, x_hat mu_hat +- nu_hat:
  2.3734268876E+02  8.0513707714E-01  0.0000000000E+00      -2.0301237385E+05  1.2952003727E-07
| Global minimum convergence, d_xhat d_muhat:
  9.3001493592E-03  4.7187183799E-07

| GP model hyperparameters (lengthscales W kappa):
  6.4042414861E-01  5.4063358061E-01  5.9061304331E+00  9.4274536156E+00  8.4541819239E+00  4.9467518052E+00  0.0000000000E+00  0.0000000000E+00
| Next sampling location (x_next, i_next):
  1.1184823419E+02  2.8829460384E+02  0.0000000000E+00

Iteration time [s]:   25.547        Total time [s]:  615.999

--------------------------------------------------------------------------------
                                BO ITERATION 26                                 
--------------------------------------------------------------------------------
| Evaluating objective function at 1.118E+02 2.883E+02 0.000E+00
| Objective function evaluated, time [s]       22.990
| Acquisition location too confident, doing pure exploration
| Data point added to dataset (x i y): 
  1.1184823419E+02  2.8829460384E+02  0.0000000000E+00      -2.0299055068E+05

| Total ensemble size: 58
| Best acquisition, x_best i_best y_best:
  2.3646463767E+02  1.0561393566E-01  0.0000000000E+00      -2.0301236565E+05
| Global minimum prediction, x_hat mu_hat +- nu_hat:
  2.3733072223E+02  8.0778758265E-01  0.0000000000E+00      -2.0301237381E+05  1.1657718870E-07
| Global minimum convergence, d_xhat d_muhat:
  1.2256541842E-02  1.7773514343E-06

| GP model hyperparameters (lengthscales W kappa):
  6.3572268361E-01  5.2925883992E-01  5.7847133565E+00  9.0299313968E+00  8.2726521969E+00  5.0273484063E+00  0.0000000000E+00  0.0000000000E+00
| Next sampling location (x_next, i_next):
  2.6376299110E+02  2.5759520240E+02  0.0000000000E+00

Iteration time [s]:   25.541        Total time [s]:  641.541

--------------------------------------------------------------------------------
                                BO ITERATION 27                                 
--------------------------------------------------------------------------------
| Evaluating objective function at 2.638E+02 2.576E+02 0.000E+00
| Objective function evaluated, time [s]       23.561
| Acquisition location too confident, doing pure exploration
| Data point added to dataset (x i y): 
  2.6376299110E+02  2.5759520240E+02  0.0000000000E+00      -2.0299041082E+05

| Total ensemble size: 59
| Best acquisition, x_best i_best y_best:
  2.3646463767E+02  1.0561393566E-01  0.0000000000E+00      -2.0301236565E+05
| Global minimum prediction, x_hat mu_hat +- nu_hat:
  2.3735037842E+02  8.0329463152E-01  0.0000000000E+00      -2.0301237386E+05  1.0938227559E-07
| Global minimum convergence, d_xhat d_muhat:
  2.0163142452E-02  1.9698394508E-06

| GP model hyperparameters (lengthscales W kappa):
  6.4217955723E-01  5.3179784374E-01  5.9878318869E+00  9.0810546181E+00  8.2777203544E+00  5.1820885218E+00  0.0000000000E+00  0.0000000000E+00
| Next sampling location (x_next, i_next):
  2.2387016181E+02  9.6956277655E+01  0.0000000000E+00

Iteration time [s]:   26.175        Total time [s]:  667.716

--------------------------------------------------------------------------------
                                BO ITERATION 28                                 
--------------------------------------------------------------------------------
| Evaluating objective function at 2.239E+02 9.696E+01 0.000E+00
| Objective function evaluated, time [s]       21.679
| Data point added to dataset (x i y): 
  2.2387016181E+02  9.6956277655E+01  0.0000000000E+00      -2.0298939938E+05

| Total ensemble size: 60
| Best acquisition, x_best i_best y_best:
  2.3646463767E+02  1.0561393566E-01  0.0000000000E+00      -2.0301236565E+05
| Global minimum prediction, x_hat mu_hat +- nu_hat:
  2.3737914314E+02  7.9274363831E-01  0.0000000000E+00      -2.0301237389E+05  1.0629684324E-07
| Global minimum convergence, d_xhat d_muhat:
  3.0638740442E-02  1.2352702106E-06

| GP model hyperparameters (lengthscales W kappa):
  6.4402468739E-01  5.1997762375E-01  8.7038586777E+00  5.7632074238E+00  5.2307089253E+00  8.1681738116E+00  0.0000000000E+00  0.0000000000E+00
| Next sampling location (x_next, i_next):
  1.9482306285E+02  1.7511165711E+02  0.0000000000E+00

Iteration time [s]:   23.795        Total time [s]:  691.511

--------------------------------------------------------------------------------
                                BO ITERATION 29                                 
--------------------------------------------------------------------------------
| Evaluating objective function at 1.948E+02 1.751E+02 0.000E+00
| Objective function evaluated, time [s]       21.683
| Acquisition location too confident, doing pure exploration
| Data point added to dataset (x i y): 
  1.9482306285E+02  1.7511165711E+02  0.0000000000E+00      -2.0300759786E+05

| Total ensemble size: 61
| Best acquisition, x_best i_best y_best:
  2.3646463767E+02  1.0561393566E-01  0.0000000000E+00      -2.0301236565E+05
| Global minimum prediction, x_hat mu_hat +- nu_hat:
  2.3738151047E+02  7.9200875860E-01  0.0000000000E+00      -2.0301237390E+05  9.8420434380E-08
| Global minimum convergence, d_xhat d_muhat:
  2.4787709945E-03  1.6799472945E-07

| GP model hyperparameters (lengthscales W kappa):
  6.5346558309E-01  5.2245830066E-01  8.7591983065E+00  5.8083486117E+00  5.3358863710E+00  8.2866231367E+00  0.0000000000E+00  0.0000000000E+00
| Next sampling location (x_next, i_next):
  1.3492573080E+02  6.2272879120E+01  0.0000000000E+00

Iteration time [s]:   24.419        Total time [s]:  715.930

--------------------------------------------------------------------------------
                                BO ITERATION 30                                 
--------------------------------------------------------------------------------
| Evaluating objective function at 1.349E+02 6.227E+01 0.000E+00
| Objective function evaluated, time [s]       22.882
| Acquisition location too confident, doing pure exploration
| Data point added to dataset (x i y): 
  1.3492573080E+02  6.2272879120E+01  0.0000000000E+00      -2.0299283171E+05

| Total ensemble size: 62
| Best acquisition, x_best i_best y_best:
  2.3646463767E+02  1.0561393566E-01  0.0000000000E+00      -2.0301236565E+05
| Global minimum prediction, x_hat mu_hat +- nu_hat:
  2.3741084538E+02  7.8057535220E-01  0.0000000000E+00      -2.0301237391E+05  9.9593597280E-08
| Global minimum convergence, d_xhat d_muhat:
  3.1484272650E-02  7.1346296361E-07

| GP model hyperparameters (lengthscales W kappa):
  6.5380533894E-01  5.1522713567E-01  5.7707944119E+00  8.5384117102E+00  8.2072467251E+00  5.4385664249E+00  0.0000000000E+00  0.0000000000E+00
| Next sampling location (x_next, i_next):
 -2.0116740495E+01  9.8687320934E+01  0.0000000000E+00

Iteration time [s]:   25.402        Total time [s]:  741.333

--------------------------------------------------------------------------------
                                BO ITERATION 31                                 
--------------------------------------------------------------------------------
| Evaluating objective function at -2.012E+01 9.869E+01 0.000E+00
| Objective function evaluated, time [s]       22.932
| Acquisition location too confident, doing pure exploration
| Data point added to dataset (x i y): 
 -2.0116740495E+01  9.8687320934E+01  0.0000000000E+00      -2.0299014209E+05

| Total ensemble size: 63
| Best acquisition, x_best i_best y_best:
  2.3646463767E+02  1.0561393566E-01  0.0000000000E+00      -2.0301236565E+05
| Global minimum prediction, x_hat mu_hat +- nu_hat:
  2.3741071434E+02  7.7902613117E-01  0.0000000000E+00      -2.0301237391E+05  1.0250281504E-07
| Global minimum convergence, d_xhat d_muhat:
  1.5547526842E-03  3.4448531958E-07

| GP model hyperparameters (lengthscales W kappa):
  6.4769689595E-01  5.1906486651E-01  5.7560477289E+00  8.4699894710E+00  8.0570478905E+00  5.3439016299E+00  0.0000000000E+00  0.0000000000E+00
| Next sampling location (x_next, i_next):
 -3.0563779266E+01  2.6562819837E+02  0.0000000000E+00

Iteration time [s]:   25.697        Total time [s]:  767.030

--------------------------------------------------------------------------------
                                BO ITERATION 32                                 
--------------------------------------------------------------------------------
| Evaluating objective function at -3.056E+01 2.656E+02 0.000E+00
| Objective function evaluated, time [s]       22.983
| Acquisition location too confident, doing pure exploration
| Data point added to dataset (x i y): 
 -3.0563779266E+01  2.6562819837E+02  0.0000000000E+00      -2.0299150355E+05

| Total ensemble size: 64
| Best acquisition, x_best i_best y_best:
  2.3646463767E+02  1.0561393566E-01  0.0000000000E+00      -2.0301236565E+05
| Global minimum prediction, x_hat mu_hat +- nu_hat:
  2.3738589296E+02  7.9025164704E-01  0.0000000000E+00      -2.0301237392E+05  9.5172060366E-08
| Global minimum convergence, d_xhat d_muhat:
  2.7241752509E-02  4.6084951975E-07

| GP model hyperparameters (lengthscales W kappa):
  6.4810062265E-01  5.1430672630E-01  8.2904273185E+00  5.6255555874E+00  5.2957290117E+00  7.9638182105E+00  0.0000000000E+00  0.0000000000E+00
| Next sampling location (x_next, i_next):
  1.9192429553E+01  3.1000000000E+02  0.0000000000E+00

Iteration time [s]:   25.885        Total time [s]:  792.916

--------------------------------------------------------------------------------
                                BO ITERATION 33                                 
--------------------------------------------------------------------------------
| Evaluating objective function at 1.919E+01 3.100E+02 0.000E+00
| Objective function evaluated, time [s]       23.201
| Acquisition location too confident, doing pure exploration
| Data point added to dataset (x i y): 
  1.9192429553E+01  3.1000000000E+02  0.0000000000E+00      -2.0299062982E+05

| Total ensemble size: 65
| Best acquisition, x_best i_best y_best:
  2.3646463767E+02  1.0561393566E-01  0.0000000000E+00      -2.0301236565E+05
| Global minimum prediction, x_hat mu_hat +- nu_hat:
  2.3736326603E+02  7.9956341661E-01  0.0000000000E+00      -2.0301237391E+05  9.8516442915E-08
| Global minimum convergence, d_xhat d_muhat:
  2.4468078435E-02  2.0046540697E-07

| GP model hyperparameters (lengthscales W kappa):
  6.3974257766E-01  5.3080066817E-01  5.8466491050E+00  8.5044664705E+00  7.9765133740E+00  5.3188541826E+00  0.0000000000E+00  0.0000000000E+00
| Next sampling location (x_next, i_next):
  1.7339293086E+02  2.6519469492E+02  0.0000000000E+00

Iteration time [s]:   26.073        Total time [s]:  818.989

--------------------------------------------------------------------------------
                                BO ITERATION 34                                 
--------------------------------------------------------------------------------
| Evaluating objective function at 1.734E+02 2.652E+02 0.000E+00
| Objective function evaluated, time [s]       22.934
| Data point added to dataset (x i y): 
  1.7339293086E+02  2.6519469492E+02  0.0000000000E+00      -2.0298896745E+05

| Total ensemble size: 66
| Best acquisition, x_best i_best y_best:
  2.3646463767E+02  1.0561393566E-01  0.0000000000E+00      -2.0301236565E+05
| Global minimum prediction, x_hat mu_hat +- nu_hat:
  2.3736525220E+02  7.9697089533E-01  0.0000000000E+00      -2.0301237389E+05  1.0194485425E-07
| Global minimum convergence, d_xhat d_muhat:
  3.2658860930E-03  7.4202065662E-07

| GP model hyperparameters (lengthscales W kappa):
  6.3326557387E-01  5.3817971858E-01  5.8411122881E+00  8.4925900169E+00  7.9580164871E+00  5.3090089174E+00  0.0000000000E+00  0.0000000000E+00
| Next sampling location (x_next, i_next):
  5.7301431647E+01  1.7710151943E+02  0.0000000000E+00

Iteration time [s]:   25.684        Total time [s]:  844.673

--------------------------------------------------------------------------------
                                BO ITERATION 35                                 
--------------------------------------------------------------------------------
| Evaluating objective function at 5.730E+01 1.771E+02 0.000E+00
| Objective function evaluated, time [s]       24.077
| Data point added to dataset (x i y): 
  5.7301431647E+01  1.7710151943E+02  0.0000000000E+00      -2.0300960002E+05

| Total ensemble size: 67
| Best acquisition, x_best i_best y_best:
  2.3646463767E+02  1.0561393566E-01  0.0000000000E+00      -2.0301236565E+05
| Global minimum prediction, x_hat mu_hat +- nu_hat:
  2.3736243709E+02  7.9761508214E-01  0.0000000000E+00      -2.0301237388E+05  9.3425759484E-08
| Global minimum convergence, d_xhat d_muhat:
  2.8878777188E-03  3.6959615231E-07

| GP model hyperparameters (lengthscales W kappa):
  6.4313075663E-01  5.4242278269E-01  5.8902205254E+00  8.5967253669E+00  8.1250731562E+00  5.4163211974E+00  0.0000000000E+00  0.0000000000E+00
| Next sampling location (x_next, i_next):
  2.7889795697E+02  1.7264519864E+02  0.0000000000E+00

Iteration time [s]:   26.726        Total time [s]:  871.399

--------------------------------------------------------------------------------
                                BO ITERATION 36                                 
--------------------------------------------------------------------------------
| Evaluating objective function at 2.789E+02 1.726E+02 0.000E+00
| Objective function evaluated, time [s]       22.831
| Acquisition location too confident, doing pure exploration
| Data point added to dataset (x i y): 
  2.7889795697E+02  1.7264519864E+02  0.0000000000E+00      -2.0300776831E+05

| Total ensemble size: 68
| Best acquisition, x_best i_best y_best:
  2.3646463767E+02  1.0561393566E-01  0.0000000000E+00      -2.0301236565E+05
| Global minimum prediction, x_hat mu_hat +- nu_hat:
  2.3736298654E+02  7.9735380487E-01  0.0000000000E+00      -2.0301237388E+05  8.6379776132E-08
| Global minimum convergence, d_xhat d_muhat:
  6.0840904808E-04  1.6845035350E-08

| GP model hyperparameters (lengthscales W kappa):
  6.5301657997E-01  5.4517380143E-01  8.6727476272E+00  5.9176792005E+00  5.5026414847E+00  8.2576142222E+00  0.0000000000E+00  0.0000000000E+00
| Next sampling location (x_next, i_next):
 -4.3807831860E+00  3.9642804557E+01  0.0000000000E+00

Iteration time [s]:   25.912        Total time [s]:  897.312

--------------------------------------------------------------------------------
                                BO ITERATION 37                                 
--------------------------------------------------------------------------------
| Evaluating objective function at -4.381E+00 3.964E+01 0.000E+00
| Objective function evaluated, time [s]       23.594
| Acquisition location too confident, doing pure exploration
| Data point added to dataset (x i y): 
 -4.3807831860E+00  3.9642804557E+01  0.0000000000E+00      -2.0299280142E+05

| Total ensemble size: 69
| Best acquisition, x_best i_best y_best:
  2.3646463767E+02  1.0561393566E-01  0.0000000000E+00      -2.0301236565E+05
| Global minimum prediction, x_hat mu_hat +- nu_hat:
  2.3740868471E+02  7.8225109342E-01  0.0000000000E+00      -2.0301237397E+05  8.6572830593E-08
| Global minimum convergence, d_xhat d_muhat:
  4.8129151878E-02  3.2095189334E-06

| GP model hyperparameters (lengthscales W kappa):
  6.4943881674E-01  5.3113728935E-01  8.3210764527E+00  5.6132107118E+00  5.3845301309E+00  8.0914922441E+00  0.0000000000E+00  0.0000000000E+00
| Next sampling location (x_next, i_next):
  1.6330403124E+02 -4.7154105935E+01  0.0000000000E+00

Iteration time [s]:   26.923        Total time [s]:  924.235

--------------------------------------------------------------------------------
                                BO ITERATION 38                                 
--------------------------------------------------------------------------------
| Evaluating objective function at 1.633E+02 -4.715E+01 0.000E+00
| Objective function evaluated, time [s]       23.313
| Acquisition location too confident, doing pure exploration
| Data point added to dataset (x i y): 
  1.6330403124E+02 -4.7154105935E+01  0.0000000000E+00      -2.0299217229E+05

| Total ensemble size: 70
| Best acquisition, x_best i_best y_best:
  2.3646463767E+02  1.0561393566E-01  0.0000000000E+00      -2.0301236565E+05
| Global minimum prediction, x_hat mu_hat +- nu_hat:
  2.3732845885E+02  8.1092481818E-01  0.0000000000E+00      -2.0301237383E+05  7.4212641277E-08
| Global minimum convergence, d_xhat d_muhat:
  8.5196072575E-02  5.2563862445E-06

| GP model hyperparameters (lengthscales W kappa):
  6.3708265234E-01  5.2459763055E-01  8.0970510709E+00  5.4173323524E+00  5.1801414668E+00  7.8597694258E+00  0.0000000000E+00  0.0000000000E+00
| Next sampling location (x_next, i_next):
  1.0767584277E+02  1.0608595662E+02  0.0000000000E+00

Iteration time [s]:   26.516        Total time [s]:  950.752

--------------------------------------------------------------------------------
                                BO ITERATION 39                                 
--------------------------------------------------------------------------------
| Evaluating objective function at 1.077E+02 1.061E+02 0.000E+00
| Objective function evaluated, time [s]       23.032
| Acquisition location too confident, doing pure exploration
| Data point added to dataset (x i y): 
  1.0767584277E+02  1.0608595662E+02  0.0000000000E+00      -2.0299192278E+05

| Total ensemble size: 71
| Best acquisition, x_best i_best y_best:
  2.3646463767E+02  1.0561393566E-01  0.0000000000E+00      -2.0301236565E+05
| Global minimum prediction, x_hat mu_hat +- nu_hat:
  2.3733217334E+02  8.0947313783E-01  0.0000000000E+00      -2.0301237383E+05  7.3939451806E-08
| Global minimum convergence, d_xhat d_muhat:
  3.9880797837E-03  2.6945160150E-08

| GP model hyperparameters (lengthscales W kappa):
  6.3727884970E-01  5.2211924660E-01  5.4269400305E+00  8.0318145226E+00  7.7860774323E+00  5.1810280959E+00  0.0000000000E+00  0.0000000000E+00
| Next sampling location (x_next, i_next):
  8.6570752155E+01  2.4052877511E+02  0.0000000000E+00

Iteration time [s]:   26.533        Total time [s]:  977.285

--------------------------------------------------------------------------------
                                BO ITERATION 40                                 
--------------------------------------------------------------------------------
| Evaluating objective function at 8.657E+01 2.405E+02 0.000E+00
| Objective function evaluated, time [s]       23.015
| Acquisition location too confident, doing pure exploration
| Data point added to dataset (x i y): 
  8.6570752155E+01  2.4052877511E+02  0.0000000000E+00      -2.0299515136E+05

| Total ensemble size: 72
| Best acquisition, x_best i_best y_best:
  2.3646463767E+02  1.0561393566E-01  0.0000000000E+00      -2.0301236565E+05
| Global minimum prediction, x_hat mu_hat +- nu_hat:
  2.3733006087E+02  8.1006601352E-01  0.0000000000E+00      -2.0301237383E+05  7.0311534284E-08
| Global minimum convergence, d_xhat d_muhat:
  2.1940872331E-03  4.3333149522E-08

| GP model hyperparameters (lengthscales W kappa):
  6.4152932385E-01  5.2465517097E-01  5.4260507659E+00  8.0369278003E+00  7.8212305983E+00  5.2103373999E+00  0.0000000000E+00  0.0000000000E+00
| Next sampling location (x_next, i_next):
  2.7458626075E+02  1.1063684309E+02  0.0000000000E+00

Iteration time [s]:   26.658        Total time [s]: 1003.944

--------------------------------------------------------------------------------
                                BO ITERATION 41                                 
--------------------------------------------------------------------------------
| Evaluating objective function at 2.746E+02 1.106E+02 0.000E+00
| Objective function evaluated, time [s]       22.907
| Acquisition location too confident, doing pure exploration
| Data point added to dataset (x i y): 
  2.7458626075E+02  1.1063684309E+02  0.0000000000E+00      -2.0299154496E+05

| Total ensemble size: 73
| Best acquisition, x_best i_best y_best:
  2.3646463767E+02  1.0561393566E-01  0.0000000000E+00      -2.0301236565E+05
| Global minimum prediction, x_hat mu_hat +- nu_hat:
  2.3732473334E+02  8.1176835272E-01  0.0000000000E+00      -2.0301237383E+05  6.9905089628E-08
| Global minimum convergence, d_xhat d_muhat:
  5.5929039357E-03  6.1744147865E-08

| GP model hyperparameters (lengthscales W kappa):
  6.4006338572E-01  5.1816515982E-01  7.8966727796E+00  5.3339486092E+00  5.0904278746E+00  7.6530514289E+00  0.0000000000E+00  0.0000000000E+00
| Next sampling location (x_next, i_next):
  9.4888879736E+01  3.7819337178E+01  0.0000000000E+00

Iteration time [s]:   26.364        Total time [s]: 1030.308

--------------------------------------------------------------------------------
                                BO ITERATION 42                                 
--------------------------------------------------------------------------------
| Evaluating objective function at 9.489E+01 3.782E+01 0.000E+00
| Objective function evaluated, time [s]       23.864
| Acquisition location too confident, doing pure exploration
| Data point added to dataset (x i y): 
  9.4888879736E+01  3.7819337178E+01  0.0000000000E+00      -2.0299123246E+05

| Total ensemble size: 74
| Best acquisition, x_best i_best y_best:
  2.3646463767E+02  1.0561393566E-01  0.0000000000E+00      -2.0301236565E+05
| Global minimum prediction, x_hat mu_hat +- nu_hat:
  2.3740893971E+02  7.8308769367E-01  0.0000000000E+00      -2.0301237395E+05  1.5905385977E-07
| Global minimum convergence, d_xhat d_muhat:
  8.8956688447E-02  4.6840352875E-06

| GP model hyperparameters (lengthscales W kappa):
  5.7110093326E-01  4.9110210540E-01  7.5585134774E+00  5.1485842545E+00  4.3120433518E+00  6.7195277816E+00  0.0000000000E+00  0.0000000000E+00
| Next sampling location (x_next, i_next):
 -2.3490632372E+01 -1.4851378877E+01  0.0000000000E+00

Iteration time [s]:   27.516        Total time [s]: 1057.824

--------------------------------------------------------------------------------
                                BO ITERATION 43                                 
--------------------------------------------------------------------------------
| Evaluating objective function at -2.349E+01 -1.485E+01 0.000E+00
| Objective function evaluated, time [s]       23.139
| Acquisition location too confident, doing pure exploration
| Data point added to dataset (x i y): 
 -2.3490632372E+01 -1.4851378877E+01  0.0000000000E+00      -2.0299576558E+05

| Total ensemble size: 75
| Best acquisition, x_best i_best y_best:
  2.3646463767E+02  1.0561393566E-01  0.0000000000E+00      -2.0301236565E+05
| Global minimum prediction, x_hat mu_hat +- nu_hat:
  2.3748732828E+02  7.5640013814E-01  0.0000000000E+00      -2.0301237409E+05  1.4100999648E-07
| Global minimum convergence, d_xhat d_muhat:
  8.2806968713E-02  5.9427469969E-06

| GP model hyperparameters (lengthscales W kappa):
  5.7429630159E-01  4.8067520375E-01  7.3264587143E+00  4.8905413264E+00  4.2840274767E+00  6.7197412490E+00  0.0000000000E+00  0.0000000000E+00
| Next sampling location (x_next, i_next):
  6.1473525944E+01  2.8486739472E+02  0.0000000000E+00

Iteration time [s]:   26.652        Total time [s]: 1084.477

--------------------------------------------------------------------------------
                                BO ITERATION 44                                 
--------------------------------------------------------------------------------
| Evaluating objective function at 6.147E+01 2.849E+02 0.000E+00
| Objective function evaluated, time [s]       23.218
| Acquisition location too confident, doing pure exploration
| Data point added to dataset (x i y): 
  6.1473525944E+01  2.8486739472E+02  0.0000000000E+00      -2.0299112978E+05

| Total ensemble size: 76
| Best acquisition, x_best i_best y_best:
  2.3646463767E+02  1.0561393566E-01  0.0000000000E+00      -2.0301236565E+05
| Global minimum prediction, x_hat mu_hat +- nu_hat:
  2.3746169964E+02  7.6532056771E-01  0.0000000000E+00      -2.0301237404E+05  1.3609473184E-07
| Global minimum convergence, d_xhat d_muhat:
  2.7136713581E-02  1.8984564139E-06

| GP model hyperparameters (lengthscales W kappa):
  5.7152905939E-01  4.7572138610E-01  7.1750776017E+00  4.7647580969E+00  4.2305675589E+00  6.6408769659E+00  0.0000000000E+00  0.0000000000E+00
| Next sampling location (x_next, i_next):
  1.0821064795E+02 -2.2686344323E+01  0.0000000000E+00

Iteration time [s]:   27.170        Total time [s]: 1111.648

--------------------------------------------------------------------------------
                                BO ITERATION 45                                 
--------------------------------------------------------------------------------
| Evaluating objective function at 1.082E+02 -2.269E+01 0.000E+00
| Objective function evaluated, time [s]       23.201
| Acquisition location too confident, doing pure exploration
| Data point added to dataset (x i y): 
  1.0821064795E+02 -2.2686344323E+01  0.0000000000E+00      -2.0299550948E+05

| Total ensemble size: 77
| Best acquisition, x_best i_best y_best:
  2.3646463767E+02  1.0561393566E-01  0.0000000000E+00      -2.0301236565E+05
| Global minimum prediction, x_hat mu_hat +- nu_hat:
  2.3746558074E+02  7.6485077835E-01  0.0000000000E+00      -2.0301237406E+05  1.2922004613E-07
| Global minimum convergence, d_xhat d_muhat:
  3.9094321407E-03  6.0558841644E-07

| GP model hyperparameters (lengthscales W kappa):
  5.7148958354E-01  4.7532967088E-01  7.1398687683E+00  4.8119599835E+00  4.2826475831E+00  6.6109409647E+00  0.0000000000E+00  0.0000000000E+00
| Next sampling location (x_next, i_next):
  2.6466745302E+02  2.1938715889E+02  0.0000000000E+00

Iteration time [s]:   26.874        Total time [s]: 1138.523

--------------------------------------------------------------------------------
                                BO ITERATION 46                                 
--------------------------------------------------------------------------------
| Evaluating objective function at 2.647E+02 2.194E+02 0.000E+00
| Objective function evaluated, time [s]       21.881
| Acquisition location too confident, doing pure exploration
| Data point added to dataset (x i y): 
  2.6466745302E+02  2.1938715889E+02  0.0000000000E+00      -2.0299984630E+05

| Total ensemble size: 78
| Best acquisition, x_best i_best y_best:
  2.3646463767E+02  1.0561393566E-01  0.0000000000E+00      -2.0301236565E+05
| Global minimum prediction, x_hat mu_hat +- nu_hat:
  2.3746574958E+02  7.6420342438E-01  0.0000000000E+00      -2.0301237405E+05  1.2404760765E-07
| Global minimum convergence, d_xhat d_muhat:
  6.6900963775E-04  2.5000274055E-07

| GP model hyperparameters (lengthscales W kappa):
  5.7429448950E-01  4.8108589290E-01  7.1823268873E+00  4.8050717787E+00  4.2910244888E+00  6.6679510451E+00  0.0000000000E+00  0.0000000000E+00
| Next sampling location (x_next, i_next):
  1.8598021728E+02  6.8105344701E+01  0.0000000000E+00

Iteration time [s]:   25.874        Total time [s]: 1164.398

--------------------------------------------------------------------------------
                                BO ITERATION 47                                 
--------------------------------------------------------------------------------
| Evaluating objective function at 1.860E+02 6.811E+01 0.000E+00
| Objective function evaluated, time [s]       23.148
| Acquisition location too confident, doing pure exploration
| Data point added to dataset (x i y): 
  1.8598021728E+02  6.8105344701E+01  0.0000000000E+00      -2.0299482070E+05

| Total ensemble size: 79
| Best acquisition, x_best i_best y_best:
  2.3646463767E+02  1.0561393566E-01  0.0000000000E+00      -2.0301236565E+05
| Global minimum prediction, x_hat mu_hat +- nu_hat:
  2.3740689020E+02  7.8637987820E-01  0.0000000000E+00      -2.0301237399E+05  1.3629196429E-07
| Global minimum convergence, d_xhat d_muhat:
  6.2898504849E-02  2.8206810696E-06

| GP model hyperparameters (lengthscales W kappa):
  5.5786112195E-01  4.8170733601E-01  4.9375266852E+00  7.1106305430E+00  6.5371287567E+00  4.3642152347E+00  0.0000000000E+00  0.0000000000E+00
| Next sampling location (x_next, i_next):
  2.3392250603E+02  1.3715770952E+02  0.0000000000E+00

Iteration time [s]:   27.318        Total time [s]: 1191.716

--------------------------------------------------------------------------------
                                BO ITERATION 48                                 
--------------------------------------------------------------------------------
| Evaluating objective function at 2.339E+02 1.372E+02 0.000E+00
| Objective function evaluated, time [s]       21.789
| Data point added to dataset (x i y): 
  2.3392250603E+02  1.3715770952E+02  0.0000000000E+00      -2.0299817102E+05

| Total ensemble size: 80
| Best acquisition, x_best i_best y_best:
  2.3646463767E+02  1.0561393566E-01  0.0000000000E+00      -2.0301236565E+05
| Global minimum prediction, x_hat mu_hat +- nu_hat:
  2.3742623491E+02  7.7817090256E-01  0.0000000000E+00      -2.0301237399E+05  1.4228145586E-07
| Global minimum convergence, d_xhat d_muhat:
  2.1014399844E-02  1.6942970174E-07

| GP model hyperparameters (lengthscales W kappa):
  5.5420684415E-01  4.9242126331E-01  4.8871654945E+00  7.1706896242E+00  6.5700408589E+00  4.2862376267E+00  0.0000000000E+00  0.0000000000E+00
| Next sampling location (x_next, i_next):
  9.6464573164E+01  1.7863451793E+02  0.0000000000E+00

Iteration time [s]:   25.231        Total time [s]: 1216.948

--------------------------------------------------------------------------------
                                BO ITERATION 49                                 
--------------------------------------------------------------------------------
| Evaluating objective function at 9.646E+01 1.786E+02 0.000E+00
| Objective function evaluated, time [s]       23.758
| Acquisition location too confident, doing pure exploration
| Data point added to dataset (x i y): 
  9.6464573164E+01  1.7863451793E+02  0.0000000000E+00      -2.0300860851E+05

| Total ensemble size: 81
| Best acquisition, x_best i_best y_best:
  2.3646463767E+02  1.0561393566E-01  0.0000000000E+00      -2.0301236565E+05
| Global minimum prediction, x_hat mu_hat +- nu_hat:
  2.3741979203E+02  7.8027628900E-01  0.0000000000E+00      -2.0301237398E+05  1.3666021017E-07
| Global minimum convergence, d_xhat d_muhat:
  6.7781490396E-03  4.4914873075E-07

| GP model hyperparameters (lengthscales W kappa):
  5.5723004836E-01  5.0115242796E-01  7.2978294415E+00  4.9455438816E+00  4.3365075488E+00  6.6885673090E+00  0.0000000000E+00  0.0000000000E+00
| Next sampling location (x_next, i_next):
  2.1632288509E+02  2.8703267992E+02  0.0000000000E+00

Iteration time [s]:   27.807        Total time [s]: 1244.756

--------------------------------------------------------------------------------
                                BO ITERATION 50                                 
--------------------------------------------------------------------------------
| Evaluating objective function at 2.163E+02 2.870E+02 0.000E+00
| Objective function evaluated, time [s]       24.325
| Data point added to dataset (x i y): 
  2.1632288509E+02  2.8703267992E+02  0.0000000000E+00      -2.0298984915E+05

| Total ensemble size: 82
| Best acquisition, x_best i_best y_best:
  2.3646463767E+02  1.0561393566E-01  0.0000000000E+00      -2.0301236565E+05
| Global minimum prediction, x_hat mu_hat +- nu_hat:
  2.3737171478E+02  7.9919477165E-01  0.0000000000E+00      -2.0301237392E+05  1.2144697861E-07
| Global minimum convergence, d_xhat d_muhat:
  5.1665573061E-02  2.3540772649E-06

| GP model hyperparameters (lengthscales W kappa):
  5.5894297205E-01  4.9087013455E-01  4.8354044709E+00  7.1320558742E+00  6.6125933657E+00  4.3160371769E+00  0.0000000000E+00  0.0000000000E+00
| Next sampling location (x_next, i_next):
  5.8852840554E+01  1.8404177832E+02  0.0000000000E+00

Iteration time [s]:   27.860        Total time [s]: 1272.617

|| Bayesian optimization completed, time [s]     1272.608


--------------------------------------------------------------------------------
                        BOSS is done! Have a nice day :)                        

      Datetime 15-08-2020 01:00:06            Total time [s]     1272.617       
--------------------------------------------------------------------------------
