
-----------------------------   Welcome to ....   ------------------------------
                      _______  _______ _______ _______ 
                     |   _   \|   _   |   _   |   _   |
                     |.  1   /|.  |   |   1___|   1___|
                     |.  _   \|.  |   |____   |____   |
                     |:  1    |:  1   |:  1   |:  1   |
                     |::.. .  |::.. . |::.. . |::.. . |
                     `-------'`-------`-------`-------'

                                 Version 0.9.15                                 
                              05-08-2020 18:08:28                               
--------------------------------------------------------------------------------

| Reading BOSS input file from: in_2D
| Initializing...

--------------------------------------------------------------------------------
                                   INPUT FILE                                   
--------------------------------------------------------------------------------
# input file for alanine 2D (d4-d13)

# optimization
userfn       userfn_2D.py
bounds       -50 310; -50 310
num_tasks    2
kernel       stdp
initpts      2 30
iterpts      50
verbosity    2
kappa_prior  gamma
kappa_priorparam 2 0.014


RESULTS:
-3.904606071619165E+01 2.779984396998587E+02 0 -2.029921370289551E+05 
6.151213033451337E+01 1.852914877569878E+02 0 -2.030094772044034E+05 
1.750636040402108E+02 3.001408980575110E+02 1 3.408310000000000E+01 
-2.201226494285226E+01 3.761550527273003E+00 1 3.171970000000000E+01 
5.913256563921752E+01 1.806577778935402E+02 1 1.748340000000000E+01 
6.351990974151692E+01 1.791618016405459E+02 1 1.751030000000000E+01 
4.369997612619372E+01 1.769522227490863E+02 1 1.796080000000000E+01 
3.100000000000000E+02 3.100000000000000E+02 1 2.585050000000000E+01 
9.407698078970835E+00 -1.602001959296699E+01 1 3.400850000000000E+01 
2.461438903572866E+02 -4.137726085634785E+01 1 2.832560000000000E+01 
1.656854698348223E+02 1.797854124021711E+02 1 2.065150000000000E+01 
6.044393824311662E+01 1.876407939010574E+02 1 1.770170000000000E+01 
2.784827126405715E+02 -3.353488855696954E+01 1 2.256230000000000E+01 
3.549267996075518E+00 3.096716237085611E+02 1 3.337060000000000E+01 
1.901861001079327E+02 1.652559849414505E+01 1 1.871230000000000E+01 
9.036773540290547E+01 -2.119196083305822E+01 1 2.888700000000000E+01 
1.122816890989202E+02 -4.213314523334038E+00 1 3.462830000000000E+01 
4.646461151223715E+01 3.064753630182234E+02 1 3.166090000000000E+01 
1.988007587110504E+02 2.223581675432245E+02 1 2.932270000000000E+01 
2.467798624481807E+02 2.464037886552629E+02 1 3.629670000000000E+01 
-2.220843312104882E+01 2.629235928392266E+02 1 3.214730000000000E+01 
2.070382309625702E+02 -2.036610491888221E+01 1 2.258620000000000E+01 
1.092946117114827E+02 -5.000000000000000E+01 1 3.412410000000000E+01 
5.798592378113614E+01 1.781766117544757E+02 1 1.750250000000000E+01 
7.284107939007653E+01 1.688488205538384E+02 1 1.827340000000000E+01 
1.941355229396227E+02 7.987893241594836E+00 1 1.827430000000000E+01 
1.809709030578715E+02 5.726269609028112E+00 1 1.892670000000000E+01 
2.791807270060619E+02 -4.699134847558621E+00 1 1.848380000000000E+01 
1.390290793112723E+02 3.005083220823686E+02 1 3.670010000000000E+01 
2.634953154734712E+01 2.173707534216312E+02 1 2.377930000000000E+01 
1.433925881293580E+02 1.141922886199241E+02 1 3.007880000000000E+01 
3.646059199123754E+01 2.772387857387447E+02 1 3.344570000000000E+01 
--------------------------------------------------------------------------------
                               SIMULATION OPTIONS                               
--------------------------------------------------------------------------------
|| File input/output 
ipfile         in_2D
userfn         userfn_2D.py
outfile        boss.out
rstfile        boss.rst

|| Key settings 
num_tasks         2
bounds         -5.000E+01 3.100E+02;    -5.000E+01 3.100E+02
kerntype       stdp stdp
yrange         -5.000E+01 3.100E+02;    -5.000E+01 3.100E+02
noise          1.000E-12
initpts    2 30    iterpts   50
gm_tol         none
verbosity      2

|| Data acquisition 
acqfn                elcb
acqtol               1.000E-03

|| GP hyperparameters 
thetainit       1.000E+00 3.142E-01
thetabounds     none
thetaprior      gamma
thetapriorpar   1.000E+00 1.000E+00;    3.368E+00 9.020E+00;    3.368E+00 9.020E+00

|| Hyperparameter optimization
updatefreq   1  initupdate      True
updateoffset 0  updaterestarts  2


--------------------------------------------------------------------------------
                              INITIAL DATAPOINT 1                               
--------------------------------------------------------------------------------
| Data point added to dataset (x i y): 
 -3.9046060716E+01  2.7799843970E+02  0.0000000000E+00      -2.0299213703E+05

| Total ensemble size: 1
| Next sampling location (x_next, i_next):
  6.1512130335E+01  1.8529148776E+02  0.0000000000E+00

Iteration time [s]:    0.001        Total time [s]:    0.082

--------------------------------------------------------------------------------
                              INITIAL DATAPOINT 2                               
--------------------------------------------------------------------------------
| Data point added to dataset (x i y): 
  6.1512130335E+01  1.8529148776E+02  0.0000000000E+00      -2.0300947720E+05

| Total ensemble size: 2
| Next sampling location (x_next, i_next):
  1.7506360404E+02  3.0014089806E+02  1.0000000000E+00

Iteration time [s]:    0.000        Total time [s]:    0.083

--------------------------------------------------------------------------------
                              INITIAL DATAPOINT 3                               
--------------------------------------------------------------------------------
| Data point added to dataset (x i y): 
  1.7506360404E+02  3.0014089806E+02  1.0000000000E+00       3.4083100000E+01

| Total ensemble size: 3
| Next sampling location (x_next, i_next):
 -2.2012264943E+01  3.7615505273E+00  1.0000000000E+00

Iteration time [s]:    0.001        Total time [s]:    0.084

--------------------------------------------------------------------------------
                              INITIAL DATAPOINT 4                               
--------------------------------------------------------------------------------
| Data point added to dataset (x i y): 
 -2.2012264943E+01  3.7615505273E+00  1.0000000000E+00       3.1719700000E+01

| Total ensemble size: 4
| Next sampling location (x_next, i_next):
  5.9132565639E+01  1.8065777789E+02  1.0000000000E+00

Iteration time [s]:    0.001        Total time [s]:    0.085

--------------------------------------------------------------------------------
                              INITIAL DATAPOINT 5                               
--------------------------------------------------------------------------------
| Data point added to dataset (x i y): 
  5.9132565639E+01  1.8065777789E+02  1.0000000000E+00       1.7483400000E+01

| Total ensemble size: 5
| Next sampling location (x_next, i_next):
  6.3519909742E+01  1.7916180164E+02  1.0000000000E+00

Iteration time [s]:    0.001        Total time [s]:    0.086

--------------------------------------------------------------------------------
                              INITIAL DATAPOINT 6                               
--------------------------------------------------------------------------------
| Data point added to dataset (x i y): 
  6.3519909742E+01  1.7916180164E+02  1.0000000000E+00       1.7510300000E+01

| Total ensemble size: 6
| Next sampling location (x_next, i_next):
  4.3699976126E+01  1.7695222275E+02  1.0000000000E+00

Iteration time [s]:    0.001        Total time [s]:    0.087

--------------------------------------------------------------------------------
                              INITIAL DATAPOINT 7                               
--------------------------------------------------------------------------------
| Data point added to dataset (x i y): 
  4.3699976126E+01  1.7695222275E+02  1.0000000000E+00       1.7960800000E+01

| Total ensemble size: 7
| Next sampling location (x_next, i_next):
  3.1000000000E+02  3.1000000000E+02  1.0000000000E+00

Iteration time [s]:    0.001        Total time [s]:    0.088

--------------------------------------------------------------------------------
                              INITIAL DATAPOINT 8                               
--------------------------------------------------------------------------------
| Data point added to dataset (x i y): 
  3.1000000000E+02  3.1000000000E+02  1.0000000000E+00       2.5850500000E+01

| Total ensemble size: 8
| Next sampling location (x_next, i_next):
  9.4076980790E+00 -1.6020019593E+01  1.0000000000E+00

Iteration time [s]:    0.001        Total time [s]:    0.089

--------------------------------------------------------------------------------
                              INITIAL DATAPOINT 9                               
--------------------------------------------------------------------------------
| Data point added to dataset (x i y): 
  9.4076980790E+00 -1.6020019593E+01  1.0000000000E+00       3.4008500000E+01

| Total ensemble size: 9
| Next sampling location (x_next, i_next):
  2.4614389036E+02 -4.1377260856E+01  1.0000000000E+00

Iteration time [s]:    0.001        Total time [s]:    0.090

--------------------------------------------------------------------------------
                              INITIAL DATAPOINT 10                              
--------------------------------------------------------------------------------
| Data point added to dataset (x i y): 
  2.4614389036E+02 -4.1377260856E+01  1.0000000000E+00       2.8325600000E+01

| Total ensemble size: 10
| Next sampling location (x_next, i_next):
  1.6568546983E+02  1.7978541240E+02  1.0000000000E+00

Iteration time [s]:    0.001        Total time [s]:    0.091

--------------------------------------------------------------------------------
                              INITIAL DATAPOINT 11                              
--------------------------------------------------------------------------------
| Data point added to dataset (x i y): 
  1.6568546983E+02  1.7978541240E+02  1.0000000000E+00       2.0651500000E+01

| Total ensemble size: 11
| Next sampling location (x_next, i_next):
  6.0443938243E+01  1.8764079390E+02  1.0000000000E+00

Iteration time [s]:    0.001        Total time [s]:    0.092

--------------------------------------------------------------------------------
                              INITIAL DATAPOINT 12                              
--------------------------------------------------------------------------------
| Data point added to dataset (x i y): 
  6.0443938243E+01  1.8764079390E+02  1.0000000000E+00       1.7701700000E+01

| Total ensemble size: 12
| Next sampling location (x_next, i_next):
  2.7848271264E+02 -3.3534888557E+01  1.0000000000E+00

Iteration time [s]:    0.000        Total time [s]:    0.093

--------------------------------------------------------------------------------
                              INITIAL DATAPOINT 13                              
--------------------------------------------------------------------------------
| Data point added to dataset (x i y): 
  2.7848271264E+02 -3.3534888557E+01  1.0000000000E+00       2.2562300000E+01

| Total ensemble size: 13
| Next sampling location (x_next, i_next):
  3.5492679961E+00  3.0967162371E+02  1.0000000000E+00

Iteration time [s]:    0.001        Total time [s]:    0.094

--------------------------------------------------------------------------------
                              INITIAL DATAPOINT 14                              
--------------------------------------------------------------------------------
| Data point added to dataset (x i y): 
  3.5492679961E+00  3.0967162371E+02  1.0000000000E+00       3.3370600000E+01

| Total ensemble size: 14
| Next sampling location (x_next, i_next):
  1.9018610011E+02  1.6525598494E+01  1.0000000000E+00

Iteration time [s]:    0.001        Total time [s]:    0.095

--------------------------------------------------------------------------------
                              INITIAL DATAPOINT 15                              
--------------------------------------------------------------------------------
| Data point added to dataset (x i y): 
  1.9018610011E+02  1.6525598494E+01  1.0000000000E+00       1.8712300000E+01

| Total ensemble size: 15
| Next sampling location (x_next, i_next):
  9.0367735403E+01 -2.1191960833E+01  1.0000000000E+00

Iteration time [s]:    0.001        Total time [s]:    0.096

--------------------------------------------------------------------------------
                              INITIAL DATAPOINT 16                              
--------------------------------------------------------------------------------
| Data point added to dataset (x i y): 
  9.0367735403E+01 -2.1191960833E+01  1.0000000000E+00       2.8887000000E+01

| Total ensemble size: 16
| Next sampling location (x_next, i_next):
  1.1228168910E+02 -4.2133145233E+00  1.0000000000E+00

Iteration time [s]:    0.001        Total time [s]:    0.097

--------------------------------------------------------------------------------
                              INITIAL DATAPOINT 17                              
--------------------------------------------------------------------------------
| Data point added to dataset (x i y): 
  1.1228168910E+02 -4.2133145233E+00  1.0000000000E+00       3.4628300000E+01

| Total ensemble size: 17
| Next sampling location (x_next, i_next):
  4.6464611512E+01  3.0647536302E+02  1.0000000000E+00

Iteration time [s]:    0.001        Total time [s]:    0.098

--------------------------------------------------------------------------------
                              INITIAL DATAPOINT 18                              
--------------------------------------------------------------------------------
| Data point added to dataset (x i y): 
  4.6464611512E+01  3.0647536302E+02  1.0000000000E+00       3.1660900000E+01

| Total ensemble size: 18
| Next sampling location (x_next, i_next):
  1.9880075871E+02  2.2235816754E+02  1.0000000000E+00

Iteration time [s]:    0.001        Total time [s]:    0.099

--------------------------------------------------------------------------------
                              INITIAL DATAPOINT 19                              
--------------------------------------------------------------------------------
| Data point added to dataset (x i y): 
  1.9880075871E+02  2.2235816754E+02  1.0000000000E+00       2.9322700000E+01

| Total ensemble size: 19
| Next sampling location (x_next, i_next):
  2.4677986245E+02  2.4640378866E+02  1.0000000000E+00

Iteration time [s]:    0.001        Total time [s]:    0.100

--------------------------------------------------------------------------------
                              INITIAL DATAPOINT 20                              
--------------------------------------------------------------------------------
| Data point added to dataset (x i y): 
  2.4677986245E+02  2.4640378866E+02  1.0000000000E+00       3.6296700000E+01

| Total ensemble size: 20
| Next sampling location (x_next, i_next):
 -2.2208433121E+01  2.6292359284E+02  1.0000000000E+00

Iteration time [s]:    0.000        Total time [s]:    0.100

--------------------------------------------------------------------------------
                              INITIAL DATAPOINT 21                              
--------------------------------------------------------------------------------
| Data point added to dataset (x i y): 
 -2.2208433121E+01  2.6292359284E+02  1.0000000000E+00       3.2147300000E+01

| Total ensemble size: 21
| Next sampling location (x_next, i_next):
  2.0703823096E+02 -2.0366104919E+01  1.0000000000E+00

Iteration time [s]:    0.001        Total time [s]:    0.101

--------------------------------------------------------------------------------
                              INITIAL DATAPOINT 22                              
--------------------------------------------------------------------------------
| Data point added to dataset (x i y): 
  2.0703823096E+02 -2.0366104919E+01  1.0000000000E+00       2.2586200000E+01

| Total ensemble size: 22
| Next sampling location (x_next, i_next):
  1.0929461171E+02 -5.0000000000E+01  1.0000000000E+00

Iteration time [s]:    0.001        Total time [s]:    0.102

--------------------------------------------------------------------------------
                              INITIAL DATAPOINT 23                              
--------------------------------------------------------------------------------
| Data point added to dataset (x i y): 
  1.0929461171E+02 -5.0000000000E+01  1.0000000000E+00       3.4124100000E+01

| Total ensemble size: 23
| Next sampling location (x_next, i_next):
  5.7985923781E+01  1.7817661175E+02  1.0000000000E+00

Iteration time [s]:    0.001        Total time [s]:    0.103

--------------------------------------------------------------------------------
                              INITIAL DATAPOINT 24                              
--------------------------------------------------------------------------------
| Data point added to dataset (x i y): 
  5.7985923781E+01  1.7817661175E+02  1.0000000000E+00       1.7502500000E+01

| Total ensemble size: 24
| Next sampling location (x_next, i_next):
  7.2841079390E+01  1.6884882055E+02  1.0000000000E+00

Iteration time [s]:    0.001        Total time [s]:    0.104

--------------------------------------------------------------------------------
                              INITIAL DATAPOINT 25                              
--------------------------------------------------------------------------------
| Data point added to dataset (x i y): 
  7.2841079390E+01  1.6884882055E+02  1.0000000000E+00       1.8273400000E+01

| Total ensemble size: 25
| Next sampling location (x_next, i_next):
  1.9413552294E+02  7.9878932416E+00  1.0000000000E+00

Iteration time [s]:    0.000        Total time [s]:    0.105

--------------------------------------------------------------------------------
                              INITIAL DATAPOINT 26                              
--------------------------------------------------------------------------------
| Data point added to dataset (x i y): 
  1.9413552294E+02  7.9878932416E+00  1.0000000000E+00       1.8274300000E+01

| Total ensemble size: 26
| Next sampling location (x_next, i_next):
  1.8097090306E+02  5.7262696090E+00  1.0000000000E+00

Iteration time [s]:    0.001        Total time [s]:    0.106

--------------------------------------------------------------------------------
                              INITIAL DATAPOINT 27                              
--------------------------------------------------------------------------------
| Data point added to dataset (x i y): 
  1.8097090306E+02  5.7262696090E+00  1.0000000000E+00       1.8926700000E+01

| Total ensemble size: 27
| Next sampling location (x_next, i_next):
  2.7918072701E+02 -4.6991348476E+00  1.0000000000E+00

Iteration time [s]:    0.001        Total time [s]:    0.107

--------------------------------------------------------------------------------
                              INITIAL DATAPOINT 28                              
--------------------------------------------------------------------------------
| Data point added to dataset (x i y): 
  2.7918072701E+02 -4.6991348476E+00  1.0000000000E+00       1.8483800000E+01

| Total ensemble size: 28
| Next sampling location (x_next, i_next):
  1.3902907931E+02  3.0050832208E+02  1.0000000000E+00

Iteration time [s]:    0.001        Total time [s]:    0.108

--------------------------------------------------------------------------------
                              INITIAL DATAPOINT 29                              
--------------------------------------------------------------------------------
| Data point added to dataset (x i y): 
  1.3902907931E+02  3.0050832208E+02  1.0000000000E+00       3.6700100000E+01

| Total ensemble size: 29
| Next sampling location (x_next, i_next):
  2.6349531547E+01  2.1737075342E+02  1.0000000000E+00

Iteration time [s]:    0.001        Total time [s]:    0.109

--------------------------------------------------------------------------------
                              INITIAL DATAPOINT 30                              
--------------------------------------------------------------------------------
| Data point added to dataset (x i y): 
  2.6349531547E+01  2.1737075342E+02  1.0000000000E+00       2.3779300000E+01

| Total ensemble size: 30
| Next sampling location (x_next, i_next):
  1.4339258813E+02  1.1419228862E+02  1.0000000000E+00

Iteration time [s]:    0.001        Total time [s]:    0.110

--------------------------------------------------------------------------------
                              INITIAL DATAPOINT 31                              
--------------------------------------------------------------------------------
| Data point added to dataset (x i y): 
  1.4339258813E+02  1.1419228862E+02  1.0000000000E+00       3.0078800000E+01

| Total ensemble size: 31
| Next sampling location (x_next, i_next):
  3.6460591991E+01  2.7723878574E+02  1.0000000000E+00

Iteration time [s]:    0.001        Total time [s]:    0.111

--------------------------------------------------------------------------------
                              INITIAL DATAPOINT 32                              
--------------------------------------------------------------------------------
| Data point added to dataset (x i y): 
  3.6460591991E+01  2.7723878574E+02  1.0000000000E+00       3.3445700000E+01

| Total ensemble size: 32
| Best acquisition, x_best i_best y_best:
  6.1512130335E+01  1.8529148776E+02  0.0000000000E+00      -2.0300947720E+05
| Global minimum prediction, x_hat mu_hat +- nu_hat:
  6.2237175799E+01  1.8037855936E+02  0.0000000000E+00      -2.0300955547E+05  5.9881704582E-01

| GP model hyperparameters (lengthscales W kappa):
  3.9923707598E-01  4.6622121635E-01  6.7696851890E+00  4.3988483860E+00  4.2478113768E+01  2.7323702866E+01
| Next sampling location (x_next, i_next):
  1.9156355571E+02  7.2013398982E+00  0.0000000000E+00

Iteration time [s]:    1.649        Total time [s]:    1.760

--------------------------------------------------------------------------------
                                 BO ITERATION 1                                 
--------------------------------------------------------------------------------
| Evaluating objective function at 1.916E+02 7.201E+00 0.000E+00
| Objective function evaluated, time [s]       30.841
| Data point added to dataset (x i y): 
  1.9156355571E+02  7.2013398982E+00  0.0000000000E+00      -2.0300921921E+05

| Total ensemble size: 33
| Best acquisition, x_best i_best y_best:
  6.1512130335E+01  1.8529148776E+02  0.0000000000E+00      -2.0300947720E+05
| Global minimum prediction, x_hat mu_hat +- nu_hat:
  6.3636173943E+01  1.7920505620E+02  0.0000000000E+00      -2.0300958578E+05  8.4201682506E-01
| Global minimum convergence, d_xhat d_muhat:
  1.8260080725E+00  1.5035655931E-03

| GP model hyperparameters (lengthscales W kappa):
  3.9946584941E-01  4.6597889035E-01  6.2139655602E+00  4.6306645217E+00  3.5396403519E+01  2.5213016222E+01
| Next sampling location (x_next, i_next):
  2.7298275589E+02  7.1265400578E+01  0.0000000000E+00

Iteration time [s]:   32.457        Total time [s]:   34.218

--------------------------------------------------------------------------------
                                 BO ITERATION 2                                 
--------------------------------------------------------------------------------
| Evaluating objective function at 2.730E+02 7.127E+01 0.000E+00
| Objective function evaluated, time [s]       23.194
| Data point added to dataset (x i y): 
  2.7298275589E+02  7.1265400578E+01  0.0000000000E+00      -2.0299003137E+05

| Total ensemble size: 34
| Best acquisition, x_best i_best y_best:
  6.1512130335E+01  1.8529148776E+02  0.0000000000E+00      -2.0300947720E+05
| Global minimum prediction, x_hat mu_hat +- nu_hat:
  6.1732766568E+01  1.8050481695E+02  0.0000000000E+00      -2.0300956582E+05  4.7674980842E-01
| Global minimum convergence, d_xhat d_muhat:
  2.3048508968E+00  1.0086023421E-03

| GP model hyperparameters (lengthscales W kappa):
  4.0149298163E-01  4.5922543779E-01 -7.7944453377E+00 -5.2051289639E+00  3.2523615795E+01  1.9397087011E+01
| Next sampling location (x_next, i_next):
  1.4108640495E+02  1.9072332418E+02  0.0000000000E+00

Iteration time [s]:   24.845        Total time [s]:   59.064

--------------------------------------------------------------------------------
                                 BO ITERATION 3                                 
--------------------------------------------------------------------------------
| Evaluating objective function at 1.411E+02 1.907E+02 0.000E+00
| Objective function evaluated, time [s]       21.905
| Data point added to dataset (x i y): 
  1.4108640495E+02  1.9072332418E+02  0.0000000000E+00      -2.0300713528E+05

| Total ensemble size: 35
| Best acquisition, x_best i_best y_best:
  6.1512130335E+01  1.8529148776E+02  0.0000000000E+00      -2.0300947720E+05
| Global minimum prediction, x_hat mu_hat +- nu_hat:
  6.4647917335E+01  1.8027709632E+02  0.0000000000E+00      -2.0300958636E+05  6.2169164193E-01
| Global minimum convergence, d_xhat d_muhat:
  2.9240315800E+00  1.0141865707E-03

| GP model hyperparameters (lengthscales W kappa):
  4.0643227623E-01  4.6137159773E-01 -7.3988042433E+00 -5.4497036231E+00  2.7463983785E+01  1.8080513712E+01
| Next sampling location (x_next, i_next):
  2.0390481608E+02  1.5709301956E+02  0.0000000000E+00

Iteration time [s]:   23.473        Total time [s]:   82.538

--------------------------------------------------------------------------------
                                 BO ITERATION 4                                 
--------------------------------------------------------------------------------
| Evaluating objective function at 2.039E+02 1.571E+02 0.000E+00
| Objective function evaluated, time [s]       22.054
| Data point added to dataset (x i y): 
  2.0390481608E+02  1.5709301956E+02  0.0000000000E+00      -2.0300466922E+05

| Total ensemble size: 36
| Best acquisition, x_best i_best y_best:
  6.1512130335E+01  1.8529148776E+02  0.0000000000E+00      -2.0300947720E+05
| Global minimum prediction, x_hat mu_hat +- nu_hat:
  6.4535876996E+01  1.8005785621E+02  0.0000000000E+00      -2.0300958457E+05  5.9474090446E-01
| Global minimum convergence, d_xhat d_muhat:
  2.4620979952E-01  8.5987948184E-05

| GP model hyperparameters (lengthscales W kappa):
  4.0726356302E-01  4.6216891350E-01 -6.7489637495E+00 -5.3531224292E+00  2.6260938424E+01  1.9129101938E+01
| Next sampling location (x_next, i_next):
  5.6312574348E+01  7.3107613180E+01  0.0000000000E+00

Iteration time [s]:   23.554        Total time [s]:  106.092

--------------------------------------------------------------------------------
                                 BO ITERATION 5                                 
--------------------------------------------------------------------------------
| Evaluating objective function at 5.631E+01 7.311E+01 0.000E+00
| Objective function evaluated, time [s]       23.184
| Data point added to dataset (x i y): 
  5.6312574348E+01  7.3107613180E+01  0.0000000000E+00      -2.0299093464E+05

| Total ensemble size: 37
| Best acquisition, x_best i_best y_best:
  6.1512130335E+01  1.8529148776E+02  0.0000000000E+00      -2.0300947720E+05
| Global minimum prediction, x_hat mu_hat +- nu_hat:
  6.4393569138E+01  1.8130832029E+02  0.0000000000E+00      -2.0300956117E+05  2.2234690744E-01
| Global minimum convergence, d_xhat d_muhat:
  1.2585356381E+00  1.2008710234E-03

| GP model hyperparameters (lengthscales W kappa):
  4.1984648058E-01  4.6537948387E-01 -7.8939087836E+00 -6.3317076186E+00  1.3858210042E+01  9.5837439766E+00
| Next sampling location (x_next, i_next):
 -4.4126109403E+01  1.6736525579E+02  0.0000000000E+00

Iteration time [s]:   24.810        Total time [s]:  130.902

--------------------------------------------------------------------------------
                                 BO ITERATION 6                                 
--------------------------------------------------------------------------------
| Evaluating objective function at -4.413E+01 1.674E+02 0.000E+00
| Objective function evaluated, time [s]       23.090
| Data point added to dataset (x i y): 
 -4.4126109403E+01  1.6736525579E+02  0.0000000000E+00      -2.0300772677E+05

| Total ensemble size: 38
| Best acquisition, x_best i_best y_best:
  6.1512130335E+01  1.8529148776E+02  0.0000000000E+00      -2.0300947720E+05
| Global minimum prediction, x_hat mu_hat +- nu_hat:
  5.8308209225E+01  1.8082371758E+02  0.0000000000E+00      -2.0300957014E+05  3.5722130603E-01
| Global minimum convergence, d_xhat d_muhat:
  6.1046248906E+00  4.4693231574E-04

| GP model hyperparameters (lengthscales W kappa):
  4.1960028185E-01  4.4383227488E-01 -7.6260385437E+00 -5.9819283330E+00  1.7459762784E+01  1.1858924823E+01
| Next sampling location (x_next, i_next):
 -6.3397315042E+00  1.3255396846E+02  0.0000000000E+00

Iteration time [s]:   24.979        Total time [s]:  155.882

--------------------------------------------------------------------------------
                                 BO ITERATION 7                                 
--------------------------------------------------------------------------------
| Evaluating objective function at -6.340E+00 1.326E+02 0.000E+00
| Objective function evaluated, time [s]       23.081
| Data point added to dataset (x i y): 
 -6.3397315042E+00  1.3255396846E+02  0.0000000000E+00      -2.0299834226E+05

| Total ensemble size: 39
| Best acquisition, x_best i_best y_best:
  6.1512130335E+01  1.8529148776E+02  0.0000000000E+00      -2.0300947720E+05
| Global minimum prediction, x_hat mu_hat +- nu_hat:
  6.3612178701E+01  1.8201104372E+02  0.0000000000E+00      -2.0300953045E+05  1.4121040404E-01
| Global minimum convergence, d_xhat d_muhat:
  5.4352401558E+00  2.0113238749E-03

| GP model hyperparameters (lengthscales W kappa):
  4.2696267632E-01  4.5000301617E-01 -7.8040295289E+00 -6.3229302970E+00  1.3598704634E+01  9.5576390726E+00
| Next sampling location (x_next, i_next):
  2.7199325248E+02 -5.8094820377E+00  0.0000000000E+00

Iteration time [s]:   24.888        Total time [s]:  180.770

--------------------------------------------------------------------------------
                                 BO ITERATION 8                                 
--------------------------------------------------------------------------------
| Evaluating objective function at 2.720E+02 -5.809E+00 0.000E+00
| Objective function evaluated, time [s]       23.774
| Data point added to dataset (x i y): 
  2.7199325248E+02 -5.8094820377E+00  0.0000000000E+00      -2.0301102233E+05

| Total ensemble size: 40
| Best acquisition, x_best i_best y_best:
  2.7199325248E+02 -5.8094820377E+00  0.0000000000E+00      -2.0301102233E+05
| Global minimum prediction, x_hat mu_hat +- nu_hat:
  2.7367528517E+02 -4.1410607177E+00  0.0000000000E+00      -2.0301106054E+05  6.2011393110E-02
| Global minimum convergence, d_xhat d_muhat:
  2.8067617406E+02  7.2892439318E-02

| GP model hyperparameters (lengthscales W kappa):
  4.3002312474E-01  4.4166756165E-01  8.4156441075E+00  6.5073849617E+00  1.0937940342E+01  7.0102483863E+00
| Next sampling location (x_next, i_next):
  2.6327505656E+02  1.7620676233E+02  0.0000000000E+00

Iteration time [s]:   25.690        Total time [s]:  206.461

--------------------------------------------------------------------------------
                                 BO ITERATION 9                                 
--------------------------------------------------------------------------------
| Evaluating objective function at 2.633E+02 1.762E+02 0.000E+00
| Objective function evaluated, time [s]       21.773
| Data point added to dataset (x i y): 
  2.6327505656E+02  1.7620676233E+02  0.0000000000E+00      -2.0300727436E+05

| Total ensemble size: 41
| Best acquisition, x_best i_best y_best:
  2.7199325248E+02 -5.8094820377E+00  0.0000000000E+00      -2.0301102233E+05
| Global minimum prediction, x_hat mu_hat +- nu_hat:
  2.7280203642E+02 -4.4356816456E+00  0.0000000000E+00      -2.0301104089E+05  2.5480869413E-02
| Global minimum convergence, d_xhat d_muhat:
  9.2160992914E-01  9.2678225948E-04

| GP model hyperparameters (lengthscales W kappa):
  4.3976405449E-01  4.3909072488E-01 -8.1086102087E+00 -6.5310431038E+00  1.1865709080E+01  8.1928156124E+00
| Next sampling location (x_next, i_next):
 -5.0000000000E+01  2.0407646621E+02  0.0000000000E+00

Iteration time [s]:   23.500        Total time [s]:  229.961

--------------------------------------------------------------------------------
                                BO ITERATION 10                                 
--------------------------------------------------------------------------------
| Evaluating objective function at -5.000E+01 2.041E+02 0.000E+00
| Objective function evaluated, time [s]       21.832
| Data point added to dataset (x i y): 
 -5.0000000000E+01  2.0407646621E+02  0.0000000000E+00      -2.0300544210E+05

| Total ensemble size: 42
| Best acquisition, x_best i_best y_best:
  2.7199325248E+02 -5.8094820377E+00  0.0000000000E+00      -2.0301102233E+05
| Global minimum prediction, x_hat mu_hat +- nu_hat:
  2.7216297071E+02 -4.3985486706E+00  0.0000000000E+00      -2.0301103731E+05  1.6647696830E-02
| Global minimum convergence, d_xhat d_muhat:
  6.4014361283E-01  1.6718766439E-04

| GP model hyperparameters (lengthscales W kappa):
  4.4458808543E-01  4.5258736651E-01  8.0432643245E+00  6.6771649864E+00  1.1874524813E+01  8.6394730923E+00
| Next sampling location (x_next, i_next):
  3.1779861249E+00  1.8746418289E+02  0.0000000000E+00

Iteration time [s]:   23.567        Total time [s]:  253.529

--------------------------------------------------------------------------------
                                BO ITERATION 11                                 
--------------------------------------------------------------------------------
| Evaluating objective function at 3.178E+00 1.875E+02 0.000E+00
| Objective function evaluated, time [s]       23.193
| Data point added to dataset (x i y): 
  3.1779861249E+00  1.8746418289E+02  0.0000000000E+00      -2.0300760002E+05

| Total ensemble size: 43
| Best acquisition, x_best i_best y_best:
  2.7199325248E+02 -5.8094820377E+00  0.0000000000E+00      -2.0301102233E+05
| Global minimum prediction, x_hat mu_hat +- nu_hat:
  2.7216554619E+02 -4.2226750390E+00  0.0000000000E+00      -2.0301104112E+05  1.8796420522E-02
| Global minimum convergence, d_xhat d_muhat:
  1.7589248822E-01  1.7463176968E-04

| GP model hyperparameters (lengthscales W kappa):
  4.5500422831E-01  4.5775349514E-01 -8.0718575467E+00 -6.9231205278E+00  1.0784018633E+01  8.2784942844E+00
| Next sampling location (x_next, i_next):
  6.8833225567E+01 -2.0581939582E+01  0.0000000000E+00

Iteration time [s]:   24.887        Total time [s]:  278.417

--------------------------------------------------------------------------------
                                BO ITERATION 12                                 
--------------------------------------------------------------------------------
| Evaluating objective function at 6.883E+01 -2.058E+01 0.000E+00
| Objective function evaluated, time [s]       23.191
| Data point added to dataset (x i y): 
  6.8833225567E+01 -2.0581939582E+01  0.0000000000E+00      -2.0300228754E+05

| Total ensemble size: 44
| Best acquisition, x_best i_best y_best:
  2.7199325248E+02 -5.8094820377E+00  0.0000000000E+00      -2.0301102233E+05
| Global minimum prediction, x_hat mu_hat +- nu_hat:
  2.7283556038E+02 -4.0298553703E+00  0.0000000000E+00      -2.0301105080E+05  2.6057389153E-02
| Global minimum convergence, d_xhat d_muhat:
  6.9720760860E-01  4.4541956267E-04

| GP model hyperparameters (lengthscales W kappa):
  4.5698983735E-01  4.5527810223E-01 -8.0660082691E+00 -7.0732806203E+00  8.0950345278E+00  6.4418709742E+00
| Next sampling location (x_next, i_next):
  2.4199927007E+02  1.0418576118E+01  0.0000000000E+00

Iteration time [s]:   25.077        Total time [s]:  303.494

--------------------------------------------------------------------------------
                                BO ITERATION 13                                 
--------------------------------------------------------------------------------
| Evaluating objective function at 2.420E+02 1.042E+01 0.000E+00
| Objective function evaluated, time [s]       23.149
| Data point added to dataset (x i y): 
  2.4199927007E+02  1.0418576118E+01  0.0000000000E+00      -2.0301130848E+05

| Total ensemble size: 45
| Best acquisition, x_best i_best y_best:
  2.4199927007E+02  1.0418576118E+01  0.0000000000E+00      -2.0301130848E+05
| Global minimum prediction, x_hat mu_hat +- nu_hat:
  2.5382865327E+02  1.4147623107E+00  0.0000000000E+00      -2.0301199054E+05  2.1159523541E-01
| Global minimum convergence, d_xhat d_muhat:
  1.9771352504E+01  4.2151163961E-02

| GP model hyperparameters (lengthscales W kappa):
  4.5967709761E-01  4.6562606385E-01 -7.9596853292E+00 -7.2029474446E+00  1.0088932005E+01  8.4907993085E+00
| Next sampling location (x_next, i_next):
  1.4040261056E+02  1.5210571641E+02  0.0000000000E+00

Iteration time [s]:   25.165        Total time [s]:  328.660

--------------------------------------------------------------------------------
                                BO ITERATION 14                                 
--------------------------------------------------------------------------------
| Evaluating objective function at 1.404E+02 1.521E+02 0.000E+00
| Objective function evaluated, time [s]       22.970
| Data point added to dataset (x i y): 
  1.4040261056E+02  1.5210571641E+02  0.0000000000E+00      -2.0300400675E+05

| Total ensemble size: 46
| Best acquisition, x_best i_best y_best:
  2.4199927007E+02  1.0418576118E+01  0.0000000000E+00      -2.0301130848E+05
| Global minimum prediction, x_hat mu_hat +- nu_hat:
  2.5384530396E+02  1.4263376937E+00  0.0000000000E+00      -2.0301198907E+05  1.9084567987E-01
| Global minimum convergence, d_xhat d_muhat:
  2.0278933549E-02  6.5658892593E-05

| GP model hyperparameters (lengthscales W kappa):
  4.6354962877E-01  4.7667680744E-01 -8.0732259102E+00 -7.4027501957E+00  9.1736472479E+00  7.8897377684E+00
| Next sampling location (x_next, i_next):
  1.8649203316E+02  1.9249929424E+02  0.0000000000E+00

Iteration time [s]:   25.081        Total time [s]:  353.741

--------------------------------------------------------------------------------
                                BO ITERATION 15                                 
--------------------------------------------------------------------------------
| Evaluating objective function at 1.865E+02 1.925E+02 0.000E+00
| Objective function evaluated, time [s]       22.363
| Data point added to dataset (x i y): 
  1.8649203316E+02  1.9249929424E+02  0.0000000000E+00      -2.0300705432E+05

| Total ensemble size: 47
| Best acquisition, x_best i_best y_best:
  2.4199927007E+02  1.0418576118E+01  0.0000000000E+00      -2.0301130848E+05
| Global minimum prediction, x_hat mu_hat +- nu_hat:
  2.5380291403E+02  1.3728625720E+00  0.0000000000E+00      -2.0301199189E+05  1.7465416325E-01
| Global minimum convergence, d_xhat d_muhat:
  6.8238513707E-02  1.2540428063E-04

| GP model hyperparameters (lengthscales W kappa):
  4.7122998481E-01  4.8978449535E-01  8.2011129800E+00  7.6667284934E+00  8.8892432078E+00  7.9054492432E+00
| Next sampling location (x_next, i_next):
  2.3797167798E+02 -1.2210824384E+01  0.0000000000E+00

Iteration time [s]:   24.218        Total time [s]:  377.959

--------------------------------------------------------------------------------
                                BO ITERATION 16                                 
--------------------------------------------------------------------------------
| Evaluating objective function at 2.380E+02 -1.221E+01 0.000E+00
| Objective function evaluated, time [s]       23.507
| Data point added to dataset (x i y): 
  2.3797167798E+02 -1.2210824384E+01  0.0000000000E+00      -2.0301091258E+05

| Total ensemble size: 48
| Best acquisition, x_best i_best y_best:
  2.4199927007E+02  1.0418576118E+01  0.0000000000E+00      -2.0301130848E+05
| Global minimum prediction, x_hat mu_hat +- nu_hat:
  2.5037169015E+02 -1.0307697762E+00  0.0000000000E+00      -2.0301222213E+05  8.4524329844E-02
| Global minimum convergence, d_xhat d_muhat:
  4.1893610276E+00  1.0050171051E-02

| GP model hyperparameters (lengthscales W kappa):
  4.7785638740E-01  5.1220262687E-01 -8.1846297359E+00 -7.9853540374E+00  9.8883869824E+00  9.4788233094E+00
| Next sampling location (x_next, i_next):
  9.2641006637E+01  2.3850004546E+02  0.0000000000E+00

Iteration time [s]:   25.292        Total time [s]:  403.252

--------------------------------------------------------------------------------
                                BO ITERATION 17                                 
--------------------------------------------------------------------------------
| Evaluating objective function at 9.264E+01 2.385E+02 0.000E+00
| Objective function evaluated, time [s]       23.108
| Data point added to dataset (x i y): 
  9.2641006637E+01  2.3850004546E+02  0.0000000000E+00      -2.0299552971E+05

| Total ensemble size: 49
| Best acquisition, x_best i_best y_best:
  2.4199927007E+02  1.0418576118E+01  0.0000000000E+00      -2.0301130848E+05
| Global minimum prediction, x_hat mu_hat +- nu_hat:
  2.5011262309E+02 -1.1195841809E+00  0.0000000000E+00      -2.0301225933E+05  9.1283099315E-02
| Global minimum convergence, d_xhat d_muhat:
  2.7386810327E-01  1.6569782452E-03

| GP model hyperparameters (lengthscales W kappa):
  4.7532810047E-01  5.0718694826E-01 -8.6703698317E+00 -7.8364387884E+00  9.3929767066E+00  7.8794163720E+00
| Next sampling location (x_next, i_next):
  4.1231576846E+01  1.6217022898E+02  0.0000000000E+00

Iteration time [s]:   24.853        Total time [s]:  428.105

--------------------------------------------------------------------------------
                                BO ITERATION 18                                 
--------------------------------------------------------------------------------
| Evaluating objective function at 4.123E+01 1.622E+02 0.000E+00
| Objective function evaluated, time [s]       23.008
| Data point added to dataset (x i y): 
  4.1231576846E+01  1.6217022898E+02  0.0000000000E+00      -2.0300750192E+05

| Total ensemble size: 50
| Best acquisition, x_best i_best y_best:
  2.4199927007E+02  1.0418576118E+01  0.0000000000E+00      -2.0301130848E+05
| Global minimum prediction, x_hat mu_hat +- nu_hat:
  2.5013701425E+02 -1.1380040582E+00  0.0000000000E+00      -2.0301226492E+05  8.7472162516E-02
| Global minimum convergence, d_xhat d_muhat:
  3.0565018076E-02  2.4736928800E-04

| GP model hyperparameters (lengthscales W kappa):
  4.7886223794E-01  5.1216507803E-01  8.7734679686E+00  7.9591470393E+00  9.0966147162E+00  7.6891687107E+00
| Next sampling location (x_next, i_next):
  2.2952118133E+02  1.9189255410E+02  0.0000000000E+00

Iteration time [s]:   24.845        Total time [s]:  452.950

--------------------------------------------------------------------------------
                                BO ITERATION 19                                 
--------------------------------------------------------------------------------
| Evaluating objective function at 2.295E+02 1.919E+02 0.000E+00
| Objective function evaluated, time [s]       21.854
| Data point added to dataset (x i y): 
  2.2952118133E+02  1.9189255410E+02  0.0000000000E+00      -2.0300591931E+05

| Total ensemble size: 51
| Best acquisition, x_best i_best y_best:
  2.4199927007E+02  1.0418576118E+01  0.0000000000E+00      -2.0301130848E+05
| Global minimum prediction, x_hat mu_hat +- nu_hat:
  2.5017046010E+02 -1.1033657497E+00  0.0000000000E+00      -2.0301224477E+05  7.9011045283E-02
| Global minimum convergence, d_xhat d_muhat:
  4.8150156957E-02  8.8678445714E-04

| GP model hyperparameters (lengthscales W kappa):
  4.8748586662E-01  5.1484530675E-01 -8.6972547625E+00 -8.0982381815E+00  9.1407028438E+00  8.0744349075E+00
| Next sampling location (x_next, i_next):
  2.5378276464E+02 -2.1158637031E+00  0.0000000000E+00

Iteration time [s]:   24.089        Total time [s]:  477.040

--------------------------------------------------------------------------------
                                BO ITERATION 20                                 
--------------------------------------------------------------------------------
| Evaluating objective function at 2.538E+02 -2.116E+00 0.000E+00
| Objective function evaluated, time [s]       23.064
| Data point added to dataset (x i y): 
  2.5378276464E+02 -2.1158637031E+00  0.0000000000E+00      -2.0301210816E+05

| Total ensemble size: 52
| Best acquisition, x_best i_best y_best:
  2.5378276464E+02 -2.1158637031E+00  0.0000000000E+00      -2.0301210816E+05
| Global minimum prediction, x_hat mu_hat +- nu_hat:
  2.4939351529E+02 -8.8458860798E-01  0.0000000000E+00      -2.0301214972E+05  1.9419528768E-03
| Global minimum convergence, d_xhat d_muhat:
  8.0715963912E-01  4.1159826643E-03

| GP model hyperparameters (lengthscales W kappa):
  5.0015739082E-01  5.2267154128E-01  8.7283102449E+00  8.3888511416E+00  9.6804223340E+00  9.0396785632E+00
| Next sampling location (x_next, i_next):
  8.7063036478E+01  1.6846981918E+02  0.0000000000E+00

Iteration time [s]:   25.111        Total time [s]:  502.152

--------------------------------------------------------------------------------
                                BO ITERATION 21                                 
--------------------------------------------------------------------------------
| Evaluating objective function at 8.706E+01 1.685E+02 0.000E+00
| Objective function evaluated, time [s]       23.964
| Data point added to dataset (x i y): 
  8.7063036478E+01  1.6846981918E+02  0.0000000000E+00      -2.0300840551E+05

| Total ensemble size: 53
| Best acquisition, x_best i_best y_best:
  2.5378276464E+02 -2.1158637031E+00  0.0000000000E+00      -2.0301210816E+05
| Global minimum prediction, x_hat mu_hat +- nu_hat:
  2.4943754986E+02 -8.7928255452E-01  0.0000000000E+00      -2.0301214923E+05  1.7914880727E-03
| Global minimum convergence, d_xhat d_muhat:
  4.4353106073E-02  2.1256208282E-05

| GP model hyperparameters (lengthscales W kappa):
  5.0715645425E-01  5.2702808433E-01  8.8316088224E+00  8.6105061564E+00  9.3400293001E+00  8.9391299167E+00
| Next sampling location (x_next, i_next):
  2.3422426787E+02  6.9609734261E-01  0.0000000000E+00

Iteration time [s]:   26.019        Total time [s]:  528.171

--------------------------------------------------------------------------------
                                BO ITERATION 22                                 
--------------------------------------------------------------------------------
| Evaluating objective function at 2.342E+02 6.961E-01 0.000E+00
| Objective function evaluated, time [s]       23.218
| Data point added to dataset (x i y): 
  2.3422426787E+02  6.9609734261E-01  0.0000000000E+00      -2.0301235750E+05

| Total ensemble size: 54
| Best acquisition, x_best i_best y_best:
  2.3422426787E+02  6.9609734261E-01  0.0000000000E+00      -2.0301235750E+05
| Global minimum prediction, x_hat mu_hat +- nu_hat:
  2.3900853114E+02  1.4542342286E-01  0.0000000000E+00      -2.0301238818E+05  1.1141259359E-03
| Global minimum convergence, d_xhat d_muhat:
  1.0479239187E+01  1.0130507425E-02

| GP model hyperparameters (lengthscales W kappa):
  4.8445500577E-01  4.7669912526E-01  8.4968032909E+00  7.5224489883E+00  1.1064781042E+01  8.9860276236E+00
| Next sampling location (x_next, i_next):
  1.8680575703E+02  8.3637981113E+01  0.0000000000E+00

Iteration time [s]:   25.606        Total time [s]:  553.778

--------------------------------------------------------------------------------
                                BO ITERATION 23                                 
--------------------------------------------------------------------------------
| Evaluating objective function at 1.868E+02 8.364E+01 0.000E+00
| Objective function evaluated, time [s]       23.072
| Data point added to dataset (x i y): 
  1.8680575703E+02  8.3637981113E+01  0.0000000000E+00      -2.0299186129E+05

| Total ensemble size: 55
| Best acquisition, x_best i_best y_best:
  2.3422426787E+02  6.9609734261E-01  0.0000000000E+00      -2.0301235750E+05
| Global minimum prediction, x_hat mu_hat +- nu_hat:
  2.3898434683E+02  1.3548105954E-01  0.0000000000E+00      -2.0301238772E+05  1.1570378015E-03
| Global minimum convergence, d_xhat d_muhat:
  2.6148255894E-02  2.0099234903E-05

| GP model hyperparameters (lengthscales W kappa):
  4.8098396460E-01  4.9145263828E-01  8.8773053758E+00  7.5688017120E+00  1.0443107990E+01  7.9267101907E+00
| Next sampling location (x_next, i_next):
  2.1481885544E+02 -3.1343161453E+00  0.0000000000E+00

Iteration time [s]:   25.449        Total time [s]:  579.227

--------------------------------------------------------------------------------
                                BO ITERATION 24                                 
--------------------------------------------------------------------------------
| Evaluating objective function at 2.148E+02 -3.134E+00 0.000E+00
| Objective function evaluated, time [s]       23.611
| Data point added to dataset (x i y): 
  2.1481885544E+02 -3.1343161453E+00  0.0000000000E+00      -2.0301102248E+05

| Total ensemble size: 56
| Best acquisition, x_best i_best y_best:
  2.3422426787E+02  6.9609734261E-01  0.0000000000E+00      -2.0301235750E+05
| Global minimum prediction, x_hat mu_hat +- nu_hat:
  2.3991580131E+02  1.5577749903E-03  0.0000000000E+00      -2.0301241537E+05  5.7594802795E-04
| Global minimum convergence, d_xhat d_muhat:
  9.4103288863E-01  1.1858016668E-03

| GP model hyperparameters (lengthscales W kappa):
  4.7818028897E-01  5.1040713680E-01  9.5605655064E+00  7.9811731219E+00  8.8212693517E+00  6.4436972989E+00
| Next sampling location (x_next, i_next):
  2.7452567341E+02  1.4106419224E+02  0.0000000000E+00

Iteration time [s]:   26.086        Total time [s]:  605.313

--------------------------------------------------------------------------------
                                BO ITERATION 25                                 
--------------------------------------------------------------------------------
| Evaluating objective function at 2.745E+02 1.411E+02 0.000E+00
| Objective function evaluated, time [s]       21.697
| Data point added to dataset (x i y): 
  2.7452567341E+02  1.4106419224E+02  0.0000000000E+00      -2.0300066374E+05

| Total ensemble size: 57
| Best acquisition, x_best i_best y_best:
  2.3422426787E+02  6.9609734261E-01  0.0000000000E+00      -2.0301235750E+05
| Global minimum prediction, x_hat mu_hat +- nu_hat:
  2.3991226551E+02 -1.7300824563E-02  0.0000000000E+00      -2.0301241545E+05  5.5633012200E-04
| Global minimum convergence, d_xhat d_muhat:
  1.9187200930E-02  3.4753630134E-06

| GP model hyperparameters (lengthscales W kappa):
  4.7878704893E-01  5.1827867605E-01  9.6893269529E+00  8.0428939611E+00  8.4543529678E+00  6.1181062716E+00
| Next sampling location (x_next, i_next):
 -4.9962081031E+01 -1.6328327126E+01  0.0000000000E+00

Iteration time [s]:   24.638        Total time [s]:  629.951

--------------------------------------------------------------------------------
                                BO ITERATION 26                                 
--------------------------------------------------------------------------------
| Evaluating objective function at -4.996E+01 -1.633E+01 0.000E+00
| Objective function evaluated, time [s]       23.194
| Data point added to dataset (x i y): 
 -4.9962081031E+01 -1.6328327126E+01  0.0000000000E+00      -2.0300444026E+05

| Total ensemble size: 58
| Best acquisition, x_best i_best y_best:
  2.3422426787E+02  6.9609734261E-01  0.0000000000E+00      -2.0301235750E+05
| Global minimum prediction, x_hat mu_hat +- nu_hat:
  2.3969913709E+02  2.6050353870E-02  0.0000000000E+00      -2.0301240963E+05  3.5492185225E-04
| Global minimum convergence, d_xhat d_muhat:
  2.1749263371E-01  2.5113239420E-04

| GP model hyperparameters (lengthscales W kappa):
  4.7767677326E-01  5.2994730681E-01 -9.9197532844E+00 -8.1249781044E+00  8.1676995271E+00  5.7818220776E+00
| Next sampling location (x_next, i_next):
  2.4109088306E+02 -1.1256410823E-01  0.0000000000E+00

Iteration time [s]:   25.915        Total time [s]:  655.867

--------------------------------------------------------------------------------
                                BO ITERATION 27                                 
--------------------------------------------------------------------------------
| Evaluating objective function at 2.411E+02 -1.126E-01 0.000E+00
| Objective function evaluated, time [s]       23.465
| Data point added to dataset (x i y): 
  2.4109088306E+02 -1.1256410823E-01  0.0000000000E+00      -2.0301236178E+05

| Total ensemble size: 59
| Best acquisition, x_best i_best y_best:
  2.4109088306E+02 -1.1256410823E-01  0.0000000000E+00      -2.0301236178E+05
| Global minimum prediction, x_hat mu_hat +- nu_hat:
  2.3764948949E+02  5.9207981403E-01  0.0000000000E+00      -2.0301237390E+05  9.4813505838E-07
| Global minimum convergence, d_xhat d_muhat:
  2.1263688912E+00  1.5244006730E-03

| GP model hyperparameters (lengthscales W kappa):
  4.8255267651E-01  4.9011238350E-01 -8.6154867446E+00 -7.5573007328E+00  1.2014490143E+01  9.6234536552E+00
| Next sampling location (x_next, i_next):
  2.3238643654E+02  3.2723778464E+00  0.0000000000E+00

Iteration time [s]:   26.362        Total time [s]:  682.230

--------------------------------------------------------------------------------
                                BO ITERATION 28                                 
--------------------------------------------------------------------------------
| Evaluating objective function at 2.324E+02 3.272E+00 0.000E+00
| Objective function evaluated, time [s]       23.265
| Data point added to dataset (x i y): 
  2.3238643654E+02  3.2723778464E+00  0.0000000000E+00      -2.0301233220E+05

| Total ensemble size: 60
| Best acquisition, x_best i_best y_best:
  2.4109088306E+02 -1.1256410823E-01  0.0000000000E+00      -2.0301236178E+05
| Global minimum prediction, x_hat mu_hat +- nu_hat:
  2.3752526308E+02  6.9234241337E-01  0.0000000000E+00      -2.0301237403E+05  9.9895458119E-07
| Global minimum convergence, d_xhat d_muhat:
  1.5963955943E-01  5.3180676433E-06

| GP model hyperparameters (lengthscales W kappa):
  4.9750154309E-01  4.8598044226E-01 -8.4577700859E+00 -7.6319453240E+00  1.3393345265E+01  1.1300385776E+01
| Next sampling location (x_next, i_next):
  2.3740465955E+02  1.0664255454E+00  0.0000000000E+00

Iteration time [s]:   25.989        Total time [s]:  708.219

--------------------------------------------------------------------------------
                                BO ITERATION 29                                 
--------------------------------------------------------------------------------
| Evaluating objective function at 2.374E+02 1.066E+00 0.000E+00
| Objective function evaluated, time [s]       23.428
| Acquisition location too confident, doing pure exploration
| Data point added to dataset (x i y): 
  2.3740465955E+02  1.0664255454E+00  0.0000000000E+00      -2.0301237266E+05

| Total ensemble size: 61
| Best acquisition, x_best i_best y_best:
  2.3740465955E+02  1.0664255454E+00  0.0000000000E+00      -2.0301237266E+05
| Global minimum prediction, x_hat mu_hat +- nu_hat:
  2.3753849168E+02  6.7525609761E-01  0.0000000000E+00      -2.0301237386E+05  4.9786910505E-08
| Global minimum convergence, d_xhat d_muhat:
  2.1608747925E-02  7.1636414079E-06

| GP model hyperparameters (lengthscales W kappa):
  5.0538001239E-01  5.0660733162E-01  8.8790142728E+00  7.9560155257E+00  1.4221099258E+01  1.1885232379E+01
| Next sampling location (x_next, i_next):
 -2.8047320325E+00  5.1372475587E+01  0.0000000000E+00

Iteration time [s]:   26.625        Total time [s]:  734.845

--------------------------------------------------------------------------------
                                BO ITERATION 30                                 
--------------------------------------------------------------------------------
| Evaluating objective function at -2.805E+00 5.137E+01 0.000E+00
| Objective function evaluated, time [s]       23.212
| Acquisition location too confident, doing pure exploration
| Data point added to dataset (x i y): 
 -2.8047320325E+00  5.1372475587E+01  0.0000000000E+00      -2.0299206328E+05

| Total ensemble size: 62
| Best acquisition, x_best i_best y_best:
  2.3740465955E+02  1.0664255454E+00  0.0000000000E+00      -2.0301237266E+05
| Global minimum prediction, x_hat mu_hat +- nu_hat:
  2.3754159756E+02  6.7670324646E-01  0.0000000000E+00      -2.0301237385E+05  4.7344888809E-08
| Global minimum convergence, d_xhat d_muhat:
  3.4264734182E-03  4.0096139880E-07

| GP model hyperparameters (lengthscales W kappa):
  5.0622711208E-01  4.6652305061E-01  7.6377628932E+00  7.4200507774E+00  1.4037633930E+01  1.3397759035E+01
| Next sampling location (x_next, i_next):
  1.1888825013E+02  6.4225792531E+01  0.0000000000E+00

Iteration time [s]:   26.456        Total time [s]:  761.302

--------------------------------------------------------------------------------
                                BO ITERATION 31                                 
--------------------------------------------------------------------------------
| Evaluating objective function at 1.189E+02 6.423E+01 0.000E+00
| Objective function evaluated, time [s]       23.279
| Acquisition location too confident, doing pure exploration
| Data point added to dataset (x i y): 
  1.1888825013E+02  6.4225792531E+01  0.0000000000E+00      -2.0299070648E+05

| Total ensemble size: 63
| Best acquisition, x_best i_best y_best:
  2.3740465955E+02  1.0664255454E+00  0.0000000000E+00      -2.0301237266E+05
| Global minimum prediction, x_hat mu_hat +- nu_hat:
  2.3754062330E+02  6.7598742343E-01  0.0000000000E+00      -2.0301237385E+05  4.4889608386E-08
| Global minimum convergence, d_xhat d_muhat:
  1.2089543192E-03  3.1446661583E-07

| GP model hyperparameters (lengthscales W kappa):
  5.0748715324E-01  4.3924198715E-01  6.8780430780E+00  7.1210708437E+00  1.3026462120E+01  1.3782263780E+01
| Next sampling location (x_next, i_next):
  1.8441845965E+02  2.6081936907E+02  0.0000000000E+00

Iteration time [s]:   26.914        Total time [s]:  788.217

--------------------------------------------------------------------------------
                                BO ITERATION 32                                 
--------------------------------------------------------------------------------
| Evaluating objective function at 1.844E+02 2.608E+02 0.000E+00
| Objective function evaluated, time [s]       23.801
| Acquisition location too confident, doing pure exploration
| Data point added to dataset (x i y): 
  1.8441845965E+02  2.6081936907E+02  0.0000000000E+00      -2.0298941313E+05

| Total ensemble size: 64
| Best acquisition, x_best i_best y_best:
  2.3740465955E+02  1.0664255454E+00  0.0000000000E+00      -2.0301237266E+05
| Global minimum prediction, x_hat mu_hat +- nu_hat:
  2.3753976361E+02  6.7404761138E-01  0.0000000000E+00      -2.0301237387E+05  4.7338032072E-08
| Global minimum convergence, d_xhat d_muhat:
  2.1217770727E-03  4.6860134547E-07

| GP model hyperparameters (lengthscales W kappa):
  5.0026245002E-01  4.4533895137E-01  7.0543988957E+00  7.1298614265E+00  1.1517871830E+01  1.1724690530E+01
| Next sampling location (x_next, i_next):
  6.0623934333E+01  2.7563150533E+01  0.0000000000E+00

Iteration time [s]:   27.387        Total time [s]:  815.604

--------------------------------------------------------------------------------
                                BO ITERATION 33                                 
--------------------------------------------------------------------------------
| Evaluating objective function at 6.062E+01 2.756E+01 0.000E+00
| Objective function evaluated, time [s]       23.160
| Acquisition location too confident, doing pure exploration
| Data point added to dataset (x i y): 
  6.0623934333E+01  2.7563150533E+01  0.0000000000E+00      -2.0299978301E+05

| Total ensemble size: 65
| Best acquisition, x_best i_best y_best:
  2.3740465955E+02  1.0664255454E+00  0.0000000000E+00      -2.0301237266E+05
| Global minimum prediction, x_hat mu_hat +- nu_hat:
  2.3753883818E+02  6.7864781278E-01  0.0000000000E+00      -2.0301237384E+05  4.7173264317E-08
| Global minimum convergence, d_xhat d_muhat:
  4.6923633892E-03  1.1355969060E-06

| GP model hyperparameters (lengthscales W kappa):
  4.9590967367E-01  4.6457698691E-01 -7.1654896723E+00 -7.2084825813E+00  1.2914637141E+01  1.3041757026E+01
| Next sampling location (x_next, i_next):
  2.9330395805E+01  2.7469700771E+02  0.0000000000E+00

Iteration time [s]:   26.984        Total time [s]:  842.589

--------------------------------------------------------------------------------
                                BO ITERATION 34                                 
--------------------------------------------------------------------------------
| Evaluating objective function at 2.933E+01 2.747E+02 0.000E+00
| Objective function evaluated, time [s]       23.276
| Acquisition location too confident, doing pure exploration
| Data point added to dataset (x i y): 
  2.9330395805E+01  2.7469700771E+02  0.0000000000E+00      -2.0298917174E+05

| Total ensemble size: 66
| Best acquisition, x_best i_best y_best:
  2.3740465955E+02  1.0664255454E+00  0.0000000000E+00      -2.0301237266E+05
| Global minimum prediction, x_hat mu_hat +- nu_hat:
  2.3753769724E+02  6.7696595794E-01  0.0000000000E+00      -2.0301237385E+05  4.9357401632E-08
| Global minimum convergence, d_xhat d_muhat:
  2.0323328171E-03  4.4558313660E-07

| GP model hyperparameters (lengthscales W kappa):
  4.9100159611E-01  4.6710198843E-01 -7.3611641483E+00 -7.2050566517E+00  1.1558490178E+01  1.1148252713E+01
| Next sampling location (x_next, i_next):
  1.3349934932E+02 -4.8474596213E+01  0.0000000000E+00

Iteration time [s]:   26.878        Total time [s]:  869.467

--------------------------------------------------------------------------------
                                BO ITERATION 35                                 
--------------------------------------------------------------------------------
| Evaluating objective function at 1.335E+02 -4.847E+01 0.000E+00
| Objective function evaluated, time [s]       23.187
| Acquisition location too confident, doing pure exploration
| Data point added to dataset (x i y): 
  1.3349934932E+02 -4.8474596213E+01  0.0000000000E+00      -2.0299132435E+05

| Total ensemble size: 67
| Best acquisition, x_best i_best y_best:
  2.3740465955E+02  1.0664255454E+00  0.0000000000E+00      -2.0301237266E+05
| Global minimum prediction, x_hat mu_hat +- nu_hat:
  2.3753729029E+02  6.6836385983E-01  0.0000000000E+00      -2.0301237390E+05  4.8205881864E-08
| Global minimum convergence, d_xhat d_muhat:
  8.6117189594E-03  2.3260844938E-06

| GP model hyperparameters (lengthscales W kappa):
  4.8855572536E-01  4.4859805324E-01  6.8191330581E+00  7.0100338849E+00  1.0906891596E+01  1.1422831874E+01
| Next sampling location (x_next, i_next):
  2.6180266931E+02  2.5927498099E+02  0.0000000000E+00

Iteration time [s]:   27.254        Total time [s]:  896.722

--------------------------------------------------------------------------------
                                BO ITERATION 36                                 
--------------------------------------------------------------------------------
| Evaluating objective function at 2.618E+02 2.593E+02 0.000E+00
| Objective function evaluated, time [s]       23.963
| Acquisition location too confident, doing pure exploration
| Data point added to dataset (x i y): 
  2.6180266931E+02  2.5927498099E+02  0.0000000000E+00      -2.0299012308E+05

| Total ensemble size: 68
| Best acquisition, x_best i_best y_best:
  2.3740465955E+02  1.0664255454E+00  0.0000000000E+00      -2.0301237266E+05
| Global minimum prediction, x_hat mu_hat +- nu_hat:
  2.3753833742E+02  6.6359225960E-01  0.0000000000E+00      -2.0301237393E+05  5.0956620168E-08
| Global minimum convergence, d_xhat d_muhat:
  4.8851464651E-03  1.1804894204E-06

| GP model hyperparameters (lengthscales W kappa):
  4.8101519989E-01  4.4602488594E-01  6.8824413318E+00  6.9700004554E+00  9.2217526402E+00  9.4253268167E+00
| Next sampling location (x_next, i_next):
  2.3305665283E+02  1.0337775077E+02  0.0000000000E+00

Iteration time [s]:   28.048        Total time [s]:  924.770

--------------------------------------------------------------------------------
                                BO ITERATION 37                                 
--------------------------------------------------------------------------------
| Evaluating objective function at 2.331E+02 1.034E+02 0.000E+00
| Objective function evaluated, time [s]       22.860
| Acquisition location too confident, doing pure exploration
| Data point added to dataset (x i y): 
  2.3305665283E+02  1.0337775077E+02  0.0000000000E+00      -2.0298957360E+05

| Total ensemble size: 69
| Best acquisition, x_best i_best y_best:
  2.3740465955E+02  1.0664255454E+00  0.0000000000E+00      -2.0301237266E+05
| Global minimum prediction, x_hat mu_hat +- nu_hat:
  2.3753752824E+02  6.6705449784E-01  0.0000000000E+00      -2.0301237391E+05  4.5797653581E-08
| Global minimum convergence, d_xhat d_muhat:
  3.5555406390E-03  8.0121018450E-07

| GP model hyperparameters (lengthscales W kappa):
  4.8584709670E-01  4.4555530113E-01  6.7539583055E+00  6.9786820226E+00  9.3088241654E+00  9.8428974462E+00
| Next sampling location (x_next, i_next):
  9.5301511182E+01  1.1004007503E+02  0.0000000000E+00

Iteration time [s]:   26.841        Total time [s]:  951.612

--------------------------------------------------------------------------------
                                BO ITERATION 38                                 
--------------------------------------------------------------------------------
| Evaluating objective function at 9.530E+01 1.100E+02 0.000E+00
| Objective function evaluated, time [s]       23.049
| Acquisition location too confident, doing pure exploration
| Data point added to dataset (x i y): 
  9.5301511182E+01  1.1004007503E+02  0.0000000000E+00      -2.0299277425E+05

| Total ensemble size: 70
| Best acquisition, x_best i_best y_best:
  2.3740465955E+02  1.0664255454E+00  0.0000000000E+00      -2.0301237266E+05
| Global minimum prediction, x_hat mu_hat +- nu_hat:
  2.3753754372E+02  6.6849266393E-01  0.0000000000E+00      -2.0301237390E+05  4.2329125005E-08
| Global minimum convergence, d_xhat d_muhat:
  1.4382493757E-03  4.2491648070E-07

| GP model hyperparameters (lengthscales W kappa):
  4.9140687420E-01  4.4819544101E-01 -6.6583024869E+00 -7.0011543886E+00  9.7817986789E+00  1.0657624506E+01
| Next sampling location (x_next, i_next):
  3.1000000000E+02  9.6952118354E+01  0.0000000000E+00

Iteration time [s]:   27.022        Total time [s]:  978.635

--------------------------------------------------------------------------------
                                BO ITERATION 39                                 
--------------------------------------------------------------------------------
| Evaluating objective function at 3.100E+02 9.695E+01 0.000E+00
| Objective function evaluated, time [s]       22.949
| Acquisition location too confident, doing pure exploration
| Data point added to dataset (x i y): 
  3.1000000000E+02  9.6952118354E+01  0.0000000000E+00      -2.0298978725E+05

| Total ensemble size: 71
| Best acquisition, x_best i_best y_best:
  2.3740465955E+02  1.0664255454E+00  0.0000000000E+00      -2.0301237266E+05
| Global minimum prediction, x_hat mu_hat +- nu_hat:
  2.3753567219E+02  6.6822073604E-01  0.0000000000E+00      -2.0301237391E+05  4.0095576548E-08
| Global minimum convergence, d_xhat d_muhat:
  1.8911793378E-03  1.2926726700E-07

| GP model hyperparameters (lengthscales W kappa):
  4.9652974854E-01  4.4188992284E-01  6.4823676126E+00  6.9803910212E+00  9.8082693731E+00  1.1125381084E+01
| Next sampling location (x_next, i_next):
  1.3945497548E+01  1.8906012066E+00  0.0000000000E+00

Iteration time [s]:   27.122        Total time [s]: 1005.758

--------------------------------------------------------------------------------
                                BO ITERATION 40                                 
--------------------------------------------------------------------------------
| Evaluating objective function at 1.395E+01 1.891E+00 0.000E+00
| Objective function evaluated, time [s]       23.088
| Acquisition location too confident, doing pure exploration
| Data point added to dataset (x i y): 
  1.3945497548E+01  1.8906012066E+00  0.0000000000E+00      -2.0299408012E+05

| Total ensemble size: 72
| Best acquisition, x_best i_best y_best:
  2.3740465955E+02  1.0664255454E+00  0.0000000000E+00      -2.0301237266E+05
| Global minimum prediction, x_hat mu_hat +- nu_hat:
  2.3753429818E+02  6.5796011638E-01  0.0000000000E+00      -2.0301237397E+05  5.4277974026E-08
| Global minimum convergence, d_xhat d_muhat:
  1.0352208227E-02  2.8305616411E-06

| GP model hyperparameters (lengthscales W kappa):
  4.6776588691E-01  4.4383033083E-01  6.9324807871E+00  6.7959361366E+00  6.7689131873E+00  6.5396637693E+00
| Next sampling location (x_next, i_next):
  2.3684675000E+01  1.0121479349E+02  0.0000000000E+00

Iteration time [s]:   27.333        Total time [s]: 1033.091

--------------------------------------------------------------------------------
                                BO ITERATION 41                                 
--------------------------------------------------------------------------------
| Evaluating objective function at 2.368E+01 1.012E+02 0.000E+00
| Objective function evaluated, time [s]       23.110
| Acquisition location too confident, doing pure exploration
| Data point added to dataset (x i y): 
  2.3684675000E+01  1.0121479349E+02  0.0000000000E+00      -2.0299120799E+05

| Total ensemble size: 73
| Best acquisition, x_best i_best y_best:
  2.3740465955E+02  1.0664255454E+00  0.0000000000E+00      -2.0301237266E+05
| Global minimum prediction, x_hat mu_hat +- nu_hat:
  2.3753306221E+02  6.5925835987E-01  0.0000000000E+00      -2.0301237396E+05  5.2010553997E-08
| Global minimum convergence, d_xhat d_muhat:
  1.7925004688E-03  3.4869383958E-07

| GP model hyperparameters (lengthscales W kappa):
  4.6915041879E-01  4.4613165772E-01 -6.8598240025E+00 -6.7853483278E+00  6.8378966897E+00  6.7098072453E+00
| Next sampling location (x_next, i_next):
  3.1000000000E+02  4.1828195058E+01  0.0000000000E+00

Iteration time [s]:   27.480        Total time [s]: 1060.571

--------------------------------------------------------------------------------
                                BO ITERATION 42                                 
--------------------------------------------------------------------------------
| Evaluating objective function at 3.100E+02 4.183E+01 0.000E+00
| Objective function evaluated, time [s]       23.143
| Acquisition location too confident, doing pure exploration
| Data point added to dataset (x i y): 
  3.1000000000E+02  4.1828195058E+01  0.0000000000E+00      -2.0299327619E+05

| Total ensemble size: 74
| Best acquisition, x_best i_best y_best:
  2.3740465955E+02  1.0664255454E+00  0.0000000000E+00      -2.0301237266E+05
| Global minimum prediction, x_hat mu_hat +- nu_hat:
  2.3753129054E+02  6.5270612098E-01  0.0000000000E+00      -2.0301237400E+05  5.3113650278E-08
| Global minimum convergence, d_xhat d_muhat:
  6.7875377083E-03  1.8023506644E-06

| GP model hyperparameters (lengthscales W kappa):
  4.6736822497E-01  4.4495469154E-01 -6.8728667068E+00 -6.7485243819E+00  6.4782707110E+00  6.2776173973E+00
| Next sampling location (x_next, i_next):
  8.4859630114E+01  2.8370982640E+02  0.0000000000E+00

Iteration time [s]:   27.505        Total time [s]: 1088.077

--------------------------------------------------------------------------------
                                BO ITERATION 43                                 
--------------------------------------------------------------------------------
| Evaluating objective function at 8.486E+01 2.837E+02 0.000E+00
| Objective function evaluated, time [s]       23.377
| Acquisition location too confident, doing pure exploration
| Data point added to dataset (x i y): 
  8.4859630114E+01  2.8370982640E+02  0.0000000000E+00      -2.0299135594E+05

| Total ensemble size: 75
| Best acquisition, x_best i_best y_best:
  2.3740465955E+02  1.0664255454E+00  0.0000000000E+00      -2.0301237266E+05
| Global minimum prediction, x_hat mu_hat +- nu_hat:
  2.3753159594E+02  6.5313462705E-01  0.0000000000E+00      -2.0301237400E+05  5.1184079108E-08
| Global minimum convergence, d_xhat d_muhat:
  5.2620247930E-04  1.2585523033E-07

| GP model hyperparameters (lengthscales W kappa):
  4.7026092311E-01  4.4161655059E-01  6.7773795860E+00  6.7282850894E+00  6.4183352250E+00  6.3384283607E+00
| Next sampling location (x_next, i_next):
  1.4229072995E+02  2.4552713440E+02  0.0000000000E+00

Iteration time [s]:   27.854        Total time [s]: 1115.932

--------------------------------------------------------------------------------
                                BO ITERATION 44                                 
--------------------------------------------------------------------------------
| Evaluating objective function at 1.423E+02 2.455E+02 0.000E+00
| Objective function evaluated, time [s]       23.584
| Acquisition location too confident, doing pure exploration
| Data point added to dataset (x i y): 
  1.4229072995E+02  2.4552713440E+02  0.0000000000E+00      -2.0299294801E+05

| Total ensemble size: 76
| Best acquisition, x_best i_best y_best:
  2.3740465955E+02  1.0664255454E+00  0.0000000000E+00      -2.0301237266E+05
| Global minimum prediction, x_hat mu_hat +- nu_hat:
  2.3753059647E+02  6.5603757563E-01  0.0000000000E+00      -2.0301237398E+05  4.7920861856E-08
| Global minimum convergence, d_xhat d_muhat:
  3.0701886120E-03  7.4059886555E-07

| GP model hyperparameters (lengthscales W kappa):
  4.7389143081E-01  4.4383968714E-01 -6.6994100797E+00 -6.7304508437E+00  6.7592539221E+00  6.8136642159E+00
| Next sampling location (x_next, i_next):
 -7.0128972105E+00  2.3978153717E+02  0.0000000000E+00

Iteration time [s]:   28.127        Total time [s]: 1144.059

--------------------------------------------------------------------------------
                                BO ITERATION 45                                 
--------------------------------------------------------------------------------
| Evaluating objective function at -7.013E+00 2.398E+02 0.000E+00
| Objective function evaluated, time [s]       23.588
| Acquisition location too confident, doing pure exploration
| Data point added to dataset (x i y): 
 -7.0128972105E+00  2.3978153717E+02  0.0000000000E+00      -2.0299510181E+05

| Total ensemble size: 77
| Best acquisition, x_best i_best y_best:
  2.3740465955E+02  1.0664255454E+00  0.0000000000E+00      -2.0301237266E+05
| Global minimum prediction, x_hat mu_hat +- nu_hat:
  2.3753097571E+02  6.5600192246E-01  0.0000000000E+00      -2.0301237398E+05  4.6718694602E-08
| Global minimum convergence, d_xhat d_muhat:
  3.8090972746E-04  4.0292138847E-09

| GP model hyperparameters (lengthscales W kappa):
  4.7458682377E-01  4.4691124393E-01  6.7152103327E+00  6.7696349642E+00  6.6294678421E+00  6.7227700302E+00
| Next sampling location (x_next, i_next):
  1.1297763223E+02  1.2590615717E+01  0.0000000000E+00

Iteration time [s]:   28.465        Total time [s]: 1172.525

--------------------------------------------------------------------------------
                                BO ITERATION 46                                 
--------------------------------------------------------------------------------
| Evaluating objective function at 1.130E+02 1.259E+01 0.000E+00
| Objective function evaluated, time [s]       23.388
| Acquisition location too confident, doing pure exploration
| Data point added to dataset (x i y): 
  1.1297763223E+02  1.2590615717E+01  0.0000000000E+00      -2.0299017316E+05

| Total ensemble size: 78
| Best acquisition, x_best i_best y_best:
  2.3740465955E+02  1.0664255454E+00  0.0000000000E+00      -2.0301237266E+05
| Global minimum prediction, x_hat mu_hat +- nu_hat:
  2.3753484313E+02  6.3656977369E-01  0.0000000000E+00      -2.0301237410E+05  6.5142634309E-08
| Global minimum convergence, d_xhat d_muhat:
  1.9813262820E-02  5.1347551600E-06

| GP model hyperparameters (lengthscales W kappa):
  4.5284849486E-01  4.3643008443E-01  7.0338062180E+00  6.5248002607E+00  4.3081956053E+00  3.8296614638E+00
| Next sampling location (x_next, i_next):
  1.7792747310E+02  1.2260270846E+02  0.0000000000E+00

Iteration time [s]:   28.478        Total time [s]: 1201.003

--------------------------------------------------------------------------------
                                BO ITERATION 47                                 
--------------------------------------------------------------------------------
| Evaluating objective function at 1.779E+02 1.226E+02 0.000E+00
| Objective function evaluated, time [s]       22.994
| Acquisition location too confident, doing pure exploration
| Data point added to dataset (x i y): 
  1.7792747310E+02  1.2260270846E+02  0.0000000000E+00      -2.0299570919E+05

| Total ensemble size: 79
| Best acquisition, x_best i_best y_best:
  2.3740465955E+02  1.0664255454E+00  0.0000000000E+00      -2.0301237266E+05
| Global minimum prediction, x_hat mu_hat +- nu_hat:
  2.3753437738E+02  6.3836744731E-01  0.0000000000E+00      -2.0301237409E+05  6.2355274633E-08
| Global minimum convergence, d_xhat d_muhat:
  1.8570278703E-03  4.6867585092E-07

| GP model hyperparameters (lengthscales W kappa):
  4.5417568610E-01  4.3874879259E-01  7.0206292611E+00  6.5332554880E+00  4.3361623404E+00  3.8729850132E+00
| Next sampling location (x_next, i_next):
  2.2372201258E+02  2.7866031285E+02  0.0000000000E+00

Iteration time [s]:   27.860        Total time [s]: 1228.863

--------------------------------------------------------------------------------
                                BO ITERATION 48                                 
--------------------------------------------------------------------------------
| Evaluating objective function at 2.237E+02 2.787E+02 0.000E+00
| Objective function evaluated, time [s]       23.350
| Acquisition location too confident, doing pure exploration
| Data point added to dataset (x i y): 
  2.2372201258E+02  2.7866031285E+02  0.0000000000E+00      -2.0298878033E+05

| Total ensemble size: 80
| Best acquisition, x_best i_best y_best:
  2.3740465955E+02  1.0664255454E+00  0.0000000000E+00      -2.0301237266E+05
| Global minimum prediction, x_hat mu_hat +- nu_hat:
  2.3753323357E+02  6.4454005863E-01  0.0000000000E+00      -2.0301237406E+05  5.6305415352E-08
| Global minimum convergence, d_xhat d_muhat:
  6.2776935571E-03  1.5001729299E-06

| GP model hyperparameters (lengthscales W kappa):
  4.5856933387E-01  4.3654954554E-01 -6.9447899578E+00 -6.5290913632E+00  4.4778722053E+00  4.0601509610E+00
| Next sampling location (x_next, i_next):
  2.6217111122E+02  2.2051538726E+02  0.0000000000E+00

Iteration time [s]:   28.127        Total time [s]: 1256.991

--------------------------------------------------------------------------------
                                BO ITERATION 49                                 
--------------------------------------------------------------------------------
| Evaluating objective function at 2.622E+02 2.205E+02 0.000E+00
| Objective function evaluated, time [s]       22.104
| Acquisition location too confident, doing pure exploration
| Data point added to dataset (x i y): 
  2.6217111122E+02  2.2051538726E+02  0.0000000000E+00      -2.0299937442E+05

| Total ensemble size: 81
| Best acquisition, x_best i_best y_best:
  2.3740465955E+02  1.0664255454E+00  0.0000000000E+00      -2.0301237266E+05
| Global minimum prediction, x_hat mu_hat +- nu_hat:
  2.3753347841E+02  6.4678720948E-01  0.0000000000E+00      -2.0301237404E+05  5.3168987346E-08
| Global minimum convergence, d_xhat d_muhat:
  2.2604502819E-03  6.2088146845E-07

| GP model hyperparameters (lengthscales W kappa):
  4.6109676283E-01  4.4185957471E-01  6.9939392681E+00  6.5888983060E+00  4.5890086822E+00  4.1746627082E+00
| Next sampling location (x_next, i_next):
  1.4490594689E+02  9.3578347542E+01  0.0000000000E+00

Iteration time [s]:   26.838        Total time [s]: 1283.829

--------------------------------------------------------------------------------
                                BO ITERATION 50                                 
--------------------------------------------------------------------------------
| Evaluating objective function at 1.449E+02 9.358E+01 0.000E+00
| Objective function evaluated, time [s]       22.952
| Acquisition location too confident, doing pure exploration
| Data point added to dataset (x i y): 
  1.4490594689E+02  9.3578347542E+01  0.0000000000E+00      -2.0299123743E+05

| Total ensemble size: 82
| Best acquisition, x_best i_best y_best:
  2.3740465955E+02  1.0664255454E+00  0.0000000000E+00      -2.0301237266E+05
| Global minimum prediction, x_hat mu_hat +- nu_hat:
  2.3753500280E+02  6.4644391076E-01  0.0000000000E+00      -2.0301237404E+05  5.3583404291E-08
| Global minimum convergence, d_xhat d_muhat:
  1.5625604998E-03  3.1428775850E-08

| GP model hyperparameters (lengthscales W kappa):
  4.6253925345E-01  4.3529160284E-01 -6.8569511780E+00 -6.4427649652E+00  4.8111231251E+00  4.3513220491E+00
| Next sampling location (x_next, i_next):
  2.1871575482E+02  2.3657408171E+02  0.0000000000E+00

Iteration time [s]:   28.104        Total time [s]: 1311.934

|| Bayesian optimization completed, time [s]     1311.925


--------------------------------------------------------------------------------
                        BOSS is done! Have a nice day :)                        

      Datetime 05-08-2020 18:30:20            Total time [s]     1311.934       
--------------------------------------------------------------------------------
