-50.0000000000_-50.0000000000_-50.0000000000_-50.0000000000
130.0000000000_10.0000000000_130.0000000000_130.0000000000
54.6892677000_63.9434519000_269.9116716000_10.2237932000
54.5532637000_67.0176626000_261.0720023000_62.1586493000
111.1569549000_50.3164946000_51.5969380000_-19.3588671000
84.1169647000_62.3684166000_296.8697095000_-11.0180865000
53.5498912000_52.0220460000_247.8564439000_-13.5373361000
42.6669664000_34.2238972000_277.0772447000_310.0000000000
253.1586719000_23.8907399000_159.3013207000_-18.8635711000
-15.8458354000_-22.6953711000_119.4096167000_215.4862722000
72.7309896000_67.5076085000_224.3598669000_-13.0002548000
102.0597545000_53.8732185000_228.4763557000_9.8662357000
129.4562990000_60.1075190000_208.3604029000_310.0000000000
35.7259883000_57.7104588000_185.9021695000_6.9997470000
54.8428894000_-25.5522434000_209.7288337000_4.2645064000
61.6179523000_17.7003325000_224.9586923000_13.0570695000
165.8881719000_-29.0307431000_252.7347705000_5.6549268000
-50.0000000000_-50.0000000000_.0046514000_180.6908229000
272.0391639000_47.5930758000_-30.9615509000_182.4283118000
248.5003797000_-35.2472189000_308.0286920000_183.4276860000
-.7289076000_54.4446363000_296.0029060000_187.0320884000
-41.1680781000_58.0306237000_310.0000000000_148.6783653000
307.7997553000_55.3109044000_-16.3930178000_217.9600812000
100.3880515000_56.2864207000_-5.3495901000_180.7965851000
201.1170471000_56.1821386000_72.1070585000_181.9118552000
9.6040806000_36.6480394000_54.8379187000_179.5508064000
122.0779025000_43.0117070000_190.2725424000_188.7435534000
153.3352815000_16.2550892000_20.1466186000_193.0028873000
308.6668143000_58.5190423000_159.9324033000_175.1516694000
71.0439630000_-41.6450567000_101.4722926000_176.8970872000
50.3916023000_-14.8177327000_219.0469204000_174.8030206000
101.0313314000_-47.4074445000_226.1725247000_166.0214782000
168.9405084000_7.9142532000_117.6270739000_259.7558124000
91.1530114000_-37.6978516000_225.5521478000_196.3674386000
155.2505201000_-28.5606399000_171.5893001000_178.0231915000
54.9581114000_-21.5290773000_-8.4583522000_171.6510168000
296.4503972000_-.0901570000_46.6707393000_170.6831908000
36.8013768000_-43.1992745000_192.4053617000_177.2686364000
277.9387588000_2.1456288000_44.8008846000_50.3930852000
43.8503380000_14.6586034000_-50.0000000000_177.2627226000
57.8943924000_-37.4518181000_272.6094507000_174.7641088000
11.6457798000_-39.0542049000_72.4462391000_158.1643359000
55.0196372000_70.0000000000_48.6388869000_195.2845310000
55.1581461000_55.5923918000_207.0703341000_173.9421677000
130.2554377000_-34.8751695000_35.7680680000_184.9529137000
234.7290220000_47.1973159000_30.4393111000_160.1800336000
57.2330515000_59.7473393000_152.1761306000_189.1615336000
46.8531397000_-11.8767092000_-11.8606841000_196.7281754000
68.0355184000_64.9975994000_218.6023287000_183.0148641000
76.5547690000_64.9241392000_171.8385630000_173.8841028000
18.4924686000_30.1773056000_198.9247560000_190.0678874000
196.9534893000_47.8167052000_249.9925092000_169.0279998000
59.2403633000_-4.4312451000_109.4267450000_184.8256398000
268.8971891000_51.2511667000_69.0782360000_192.0823881000
70.5329289000_49.2182798000_262.7339939000_164.3439564000
79.0866287000_49.6423567000_86.2916042000_185.0217537000
33.0669622000_63.3133587000_231.0144035000_169.6685045000
28.7333054000_59.6595940000_202.1901734000_184.7704843000
53.7559934000_50.5206358000_232.6064593000_181.1913312000
92.5049796000_62.0325705000_256.1180318000_181.9959139000
118.5490334000_-11.3050030000_271.4403816000_178.4046828000
107.7842425000_70.0000000000_108.0379114000_201.3634254000
182.2204170000_59.6438523000_256.2318067000_207.1313880000
280.6150950000_50.9429147000_235.7898573000_25.5707380000
-.1592350000_-16.2661287000_223.5183809000_136.9216841000
75.2687310000_53.6243570000_265.5889602000_203.2414534000
239.4538708000_-34.6699598000_72.1478508000_177.4893053000
48.8423719000_-50.0000000000_20.7613501000_174.8556829000
27.7835929000_57.6077661000_119.0440916000_179.5815139000
160.7376768000_64.6086136000_108.1105659000_42.5505427000
234.5235130000_30.8868051000_136.4197476000_184.8144120000
262.7785597000_63.5570064000_219.7052410000_180.6408418000
41.4401954000_-25.5950889000_46.0370296000_179.9855997000
-3.2275583000_-29.0175194000_67.8419564000_-4.3866912000
169.9950141000_33.6940822000_-20.6162645000_38.2179384000
250.6210432000_21.7430338000_18.4081917000_193.0626529000
241.8071765000_70.0000000000_174.5300877000_89.9334560000
85.5742892000_-41.2659098000_18.7984912000_143.4193540000
66.9289880000_14.1938752000_36.6718658000_171.4785595000
39.3811976000_-46.2578520000_190.6524032000_251.2835498000
44.5035848000_48.1902443000_-1.3072522000_187.1271852000
305.7853020000_-9.7826994000_201.8876662000_180.3183085000
162.3627357000_69.1116442000_-50.0000000000_176.0234485000
53.3478174000_34.8366618000_154.1546161000_178.6678469000
61.1073699000_68.2008007000_-33.9192791000_187.1100338000
29.8227349000_-50.0000000000_-20.9544419000_170.4096099000
59.8090734000_62.5019748000_247.8183188000_178.8346333000
50.3219467000_61.4134319000_217.4420382000_178.3427100000
137.3936182000_-50.0000000000_233.4540335000_181.9635608000
218.1242296000_57.8838816000_310.0000000000_-27.6671806000
298.8313958000_45.8701369000_48.3673820000_167.4448012000
49.4672572000_49.7868428000_43.8410556000_171.8974967000
300.5410968000_37.5429944000_242.6783897000_171.9633497000
34.2652705000_49.3440946000_216.0314915000_174.2079023000
62.0087034000_-46.1971020000_220.3954536000_174.1754482000
47.6255683000_57.5417915000_198.1360062000_180.3173290000
160.1388084000_62.4080709000_103.2594623000_169.0655633000
-50.0000000000_17.1376675000_77.0410259000_285.6643151000
57.0569677000_58.9184911000_226.9344420000_176.8879515000
-50.0000000000_-50.0000000000_249.9311951000_190.3997286000
286.9820742000_42.4146792000_219.0432257000_210.3912065000
126.7455426000_-33.0159189000_147.8609345000_-2.5367284000
69.3590563000_49.8264088000_98.8335021000_40.6155042000
49.3505306000_-49.1945692000_231.8311350000_183.1846369000
189.7647574000_14.1182498000_81.8413514000_176.0600934000
-26.3293702000_-50.0000000000_230.7431593000_173.1809937000
140.2959361000_-15.5005845000_-14.2191497000_277.2399820000
244.0290630000_-10.5843012000_237.3493408000_278.9558385000
204.3633795000_-8.0332835000_301.5851920000_93.9413316000
8.0867303000_11.7279256000_10.4989237000_79.6496275000
227.0510891000_-50.0000000000_72.2106782000_7.9938905000
258.6836055000_52.9682907000_38.8455584000_2.6743953000
247.9053100000_-38.3818231000_14.8166660000_7.4821689000
223.0482867000_33.2405291000_59.0650949000_3.1852210000
239.0038168000_55.2956450000_63.7393355000_-23.4738706000
254.0028660000_46.8393529000_87.9227188000_10.9327547000
198.6297235000_58.3441190000_41.5150436000_2.5921474000
248.2260424000_3.9580067000_48.7530460000_-10.3467488000
201.3156300000_64.8728764000_188.0031060000_2.1410618000
289.1974099000_35.3965123000_-20.4120878000_2.4429858000
200.8406817000_-7.9554719000_85.0240974000_9.0573601000
233.8868424000_49.6587856000_42.7565046000_26.5328615000
-33.4134403000_67.3066800000_221.6116934000_-15.6372683000
243.4239480000_39.9923726000_30.3474331000_-5.9862889000
-50.0000000000_-49.0140846000_292.5318425000_10.7559640000
136.4297709000_21.7068437000_63.4447147000_26.9627156000
181.6603374000_41.8249889000_99.1673883000_-19.6491899000
70.0793298000_42.2121062000_132.8744541000_-43.3251741000
64.7974867000_61.0773443000_172.6637870000_67.5412860000
270.2244784000_42.8570472000_107.3184363000_157.2017441000
300.6855881000_59.4478462000_20.5795405000_23.0723258000
201.5264261000_-27.5784752000_85.9948173000_-25.1480886000
203.1444096000_-50.0000000000_174.2277439000_159.5802522000
257.9086269000_67.9565774000_49.8170915000_12.4422937000
210.7882884000_50.7950944000_73.9880647000_-.0369768000
199.9573832000_64.1243677000_5.1991179000_194.1388101000
307.2318283000_24.8030680000_107.8312966000_182.8838937000
236.0747644000_54.3190344000_58.4221200000_2.6854734000
280.8606168000_-42.0259527000_121.7752087000_182.8796063000
198.1304309000_-50.0000000000_171.2120749000_198.6068270000
165.4880450000_55.0564878000_36.6175347000_167.9161469000
-41.6261894000_66.1324369000_82.0513591000_182.6768528000
255.6780396000_46.1562449000_50.1492694000_8.3730638000
286.5370921000_61.6985278000_275.5468515000_173.8551335000
223.8614379000_50.8300524000_64.0873318000_10.0552087000
49.3464475000_54.9417278000_-15.8528515000_20.1036797000
257.1400701000_55.2015965000_56.6441094000_-2.2828992000
253.8415935000_47.2710640000_251.7346263000_-14.5017733000
194.6997421000_59.9497826000_62.7205540000_110.1755487000
272.5351103000_57.0288266000_-25.7415915000_43.9211582000
.0659763000_59.2980329000_227.2381479000_28.7427527000
229.2681836000_40.3808700000_74.5643317000_-7.9282375000
233.8473758000_57.1139350000_69.0979832000_-3.4923349000
243.2781558000_60.5625136000_58.5607536000_-1.2834702000
225.8682567000_54.1343002000_66.2249485000_-2.9415833000
242.0313319000_52.0118833000_60.3751991000_-.3092549000
31.5435076000_-42.4895578000_23.3377247000_282.4898648000
-21.7527747000_-6.2080563000_129.2564434000_80.7000536000
186.3782170000_46.0432852000_204.1162450000_180.4632953000
-46.2608806000_-3.7496941000_278.3479933000_180.7861665000
158.4023634000_13.8519028000_218.8978239000_79.0370922000
271.6195996000_66.6055540000_154.1124725000_273.2437275000
238.6228807000_-15.3308704000_22.5056519000_262.7345301000
-50.0000000000_15.2240780000_264.2900405000_85.3035023000
92.5571230000_17.7524144000_68.0446634000_266.6486386000
45.0167838000_63.6174454000_144.6907848000_157.3159615000
106.3151718000_11.3799414000_-34.3914123000_90.0511878000
185.7367701000_-31.6278722000_9.5570091000_170.6529338000
-10.9864881000_-1.1948977000_172.6324666000_299.7117886000
63.0277280000_54.8190644000_-18.1968880000_168.5724667000
195.0978826000_-28.8241603000_217.3566148000_181.2483352000
215.7528463000_31.8776930000_306.6936110000_259.9518243000
-18.5705166000_-3.6652580000_268.1862493000_258.9151322000
80.5762779000_-17.1100356000_73.3652699000_87.3269052000
255.8413588000_-50.0000000000_56.5400719000_-2.3625617000
234.5903620000_-50.0000000000_62.7931986000_-1.4278015000
123.5943750000_3.6743797000_259.8211902000_270.1677834000
287.8082200000_-44.5131986000_15.6377928000_104.8615726000
239.7786711000_-50.0000000000_64.7808906000_-3.1888810000
200.9892054000_56.2693683000_104.6618777000_-8.2090339000
213.6846240000_-50.0000000000_72.6551155000_-2.7988294000
-40.4067887000_-25.7365557000_121.2366856000_162.1686677000
-49.2422955000_-8.9315665000_171.8134549000_37.3187528000
183.8117180000_24.9251934000_196.8692812000_260.7851944000
14.0810450000_3.3162940000_-8.9105944000_-31.1153218000
243.0025808000_.1170543000_232.4202583000_117.5398496000
61.7762464000_30.4161949000_-29.4040866000_259.8100255000
151.8472728000_-33.7673957000_15.7016954000_79.4452579000
25.3556409000_-44.8387763000_108.9727125000_271.8190013000
77.5534707000_57.2163350000_295.7995227000_179.6338523000
168.1457664000_58.0262626000_47.9864798000_258.2289199000
224.2327276000_1.8216111000_115.5556541000_88.0646736000
220.2229186000_-28.3969972000_254.2601770000_55.2337347000
68.0955113000_53.3382880000_123.4305924000_178.3498365000
19.7748819000_-31.8225480000_-50.0000000000_98.4154401000
107.9254015000_-13.2469024000_159.0529012000_272.8370051000
149.5863590000_63.4040907000_269.7674799000_105.2304359000
-24.9233062000_51.3545504000_74.9124904000_87.4117363000
243.4008703000_-16.0042597000_96.4237528000_242.1054112000
50.9027847000_56.5256878000_101.4887361000_195.8348652000
-27.0630374000_38.6825802000_191.4776246000_93.7905653000
173.1549217000_8.1382095000_275.2518397000_-47.1439047000
205.3761086000_42.2820425000_-15.0726501000_171.8071740000
-12.3397614000_13.1486449000_37.4849564000_245.2570711000
-6.7958944000_10.5063708000_130.4525951000_-7.4554842000
129.0369490000_-1.7086305000_-11.8606397000_-14.2814211000
5.3240648000_.3293792000_307.5448872000_42.6836282000
75.3116857000_3.7528089000_218.3225837000_101.5282098000
-41.5863406000_43.8348285000_225.5632330000_283.3127789000
127.4103809000_-10.6802186000_284.3700421000_50.3808186000
63.6493229000_-18.4534070000_32.1258755000_39.2532307000
179.7732710000_52.4763288000_137.7608467000_184.2069099000
301.3624231000_21.8788556000_-5.0586135000_285.3162307000
171.1108763000_8.5081989000_167.6244494000_41.9475238000
200.8924660000_-17.5380787000_169.6748320000_304.4576197000
143.7395049000_70.0000000000_165.2388646000_99.1466818000
36.9731861000_5.8513079000_71.0335123000_-47.1177816000
143.0434224000_4.1665392000_-44.8334437000_231.1099105000
222.4914432000_10.3542379000_290.3178664000_18.3623793000
175.7467255000_20.6143288000_-5.7997692000_119.4331603000
34.4511131000_24.6814712000_111.2008578000_107.6219319000
59.5280282000_13.5189214000_215.0559592000_288.6403398000
-39.0902781000_70.0000000000_128.2973732000_-42.2093799000
-6.3871284000_46.5858274000_247.1293662000_185.9773744000
118.2863448000_-36.2332951000_93.0521902000_297.4586824000
281.1662060000_6.3050388000_159.8942553000_121.3876684000
251.1133648000_47.7967523000_-50.0000000000_111.1160718000
274.3772457000_70.0000000000_283.9991378000_252.6924953000
80.0615658000_45.9032161000_26.0346171000_83.0652046000
173.2655521000_30.3171403000_11.6383506000_302.4749351000
-28.2541375000_26.2108218000_153.6232140000_250.2701705000
87.3726559000_-50.0000000000_-13.1790542000_-50.0000000000
303.4849465000_1.7408262000_266.5695530000_-36.7687823000
3.2687192000_11.7489971000_81.9073533000_44.1539633000
110.8875959000_13.6320626000_130.7284462000_72.1992830000
-5.0988294000_16.7151690000_14.2915868000_127.7323744000
179.2376747000_-46.6170666000_265.4691901000_274.7820790000
73.1142771000_-6.4837703000_100.9326647000_-1.7914703000
97.9562300000_-40.1049594000_13.0698323000_241.0492058000
56.5633013000_-34.5307844000_145.3728943000_180.3628683000
282.7162574000_45.6939387000_132.8122429000_64.3309884000
271.4453301000_-6.8497848000_75.7334557000_116.3650186000
228.1229136000_22.7009679000_10.0467626000_83.8211593000
221.7794057000_41.2726329000_101.1235173000_281.8243747000
57.9170511000_-34.6688671000_283.2716339000_267.8746192000
297.0049135000_-50.0000000000_55.5962342000_252.7106995000
170.9948104000_16.6585634000_203.9707293000_126.8650917000
-12.0474439000_-32.2805246000_-24.6083729000_257.9346136000
238.3511393000_-18.2124003000_-34.3563304000_297.3484431000
249.1189493000_-17.0353353000_189.4614635000_239.0659970000
147.0619760000_11.5160647000_198.9043855000_-18.2052118000
-50.0000000000_-30.4399841000_221.2569334000_70.0143634000
104.9470139000_45.2057859000_135.3961247000_244.8960549000
.3165647000_-46.3394172000_131.7498505000_36.7996313000
95.0742602000_-45.4796688000_-23.9136245000_52.1322207000
242.8109465000_20.2332754000_197.2256989000_56.8912986000
130.0682169000_22.7666123000_63.0187208000_109.5604722000
263.7199463000_-6.4779636000_-25.5311350000_136.8596887000
242.4770331000_4.2538240000_272.1823584000_224.5271227000
7.1235843000_-27.8594173000_239.4042988000_-50.0000000000
264.9895073000_-28.9063362000_202.4438900000_-41.5315772000
106.7159585000_-19.7786744000_202.4292064000_49.7200381000
307.4465174000_-16.6562569000_-32.4877181000_82.8168417000
21.4429971000_.6274334000_205.6351689000_65.7615926000
-23.9998481000_60.9057594000_31.7648028000_310.0000000000
205.4002591000_-23.2410788000_122.1243223000_129.2148803000
128.8156278000_49.8589087000_-50.0000000000_294.2461235000
126.7324648000_-11.3130676000_303.8127123000_131.4515581000
112.2323100000_59.3270943000_220.2140175000_250.7606678000
212.2617209000_39.4564949000_219.3339782000_-50.0000000000
176.2121552000_41.4089825000_253.9045777000_42.1584376000
173.9542618000_-6.5556854000_67.7438875000_224.5908718000
300.5045248000_-50.0000000000_254.9343824000_116.9168138000
98.1743999000_-12.3494052000_263.6023830000_-40.0363405000
63.9126158000_8.0459883000_148.9758632000_30.5842041000
-32.2046656000_-20.9013213000_209.5884430000_244.9048357000
-42.5160767000_65.1071371000_125.1948080000_115.6600506000
32.4220885000_-21.9479324000_165.1906048000_105.8363223000
43.5189216000_26.4270197000_38.1303338000_-2.9118415000
238.0971909000_-30.3128734000_153.1163011000_38.2000223000
102.4016449000_-50.0000000000_109.6159552000_109.3797337000
24.5358904000_32.1526687000_265.0397320000_108.0666663000
240.4355939000_-4.6352354000_219.2221396000_7.2399723000
44.7307676000_-26.7647358000_164.5715794000_-35.8888224000
8.2162912000_-1.7941356000_292.0711043000_-10.7197909000
110.6239142000_-5.9809902000_35.8301837000_-50.0000000000
264.7541014000_-1.4402496000_126.0468953000_298.9507385000
254.3960946000_-14.8852783000_-23.1390505000_236.0337147000
190.3887916000_-46.3054812000_144.2844847000_246.9274584000
23.3486561000_-34.9774016000_42.7409576000_105.5037319000
176.0262561000_-2.4151438000_67.7977755000_71.0617833000
-13.7439505000_49.7443678000_-50.0000000000_70.1663980000
148.8456958000_43.7685195000_149.3611117000_295.1180111000
43.4446118000_.0240767000_134.0763356000_246.3797560000
192.5047755000_-50.0000000000_-41.0217044000_68.8262827000
203.5543790000_-35.8545756000_284.3907563000_135.6569582000
20.8722314000_48.2250177000_249.3393369000_250.2917086000
186.8525734000_24.2109747000_6.3379026000_240.9137088000
142.9563222000_.5322201000_164.7977385000_226.2285761000
161.6633983000_70.0000000000_-50.0000000000_9.3655555000
240.5138381000_28.7105075000_142.0960929000_234.8313515000
199.6090520000_-50.0000000000_221.7541441000_101.8383005000
warning in stationary: failed to import cython module: falling back to numpy
warning in coregionalize: failed to import cython module: falling back to numpy
warning in choleskies: failed to import cython module: falling back to numpy
warning: overwriting file 'boss.out'
warning: overwriting file 'boss.rst'
