
-----------------------------   Welcome to ....   ------------------------------
                      _______  _______ _______ _______ 
                     |   _   \|   _   |   _   |   _   |
                     |.  1   /|.  |   |   1___|   1___|
                     |.  _   \|.  |   |____   |____   |
                     |:  1    |:  1   |:  1   |:  1   |
                     |::.. .  |::.. . |::.. . |::.. . |
                     `-------'`-------`-------`-------'

                                 Version 0.9.15                                 
                              15-08-2020 00:38:54                               
--------------------------------------------------------------------------------

| Reading BOSS input file from: in_2D
| Initializing...

--------------------------------------------------------------------------------
                                   INPUT FILE                                   
--------------------------------------------------------------------------------
# input file for alanine 2D (d4-d13)

# optimization
userfn       userfn_2D.py
bounds       -50 310; -50 310
num_tasks    2
kernel       stdp
initpts      2 30
iterpts      50
verbosity    2
kappa_fixto  0 0
W_rank       2
W_prior      gaussian
W_priorparam 7.606 4.226
thetaprior gamma
thetapriorparam 2 0.019; 3.3678 9.0204; 3.3678 9.0204

RESULTS:
1.668732674477746E+02 -6.143536273023153E+00 0 -2.030008570484717E+05 
2.013839783347321E+02 1.374237125621233E+01 0 -2.030105049051849E+05 
3.040363334332150E+02 1.923562253008032E+02 1 2.108820000000000E+01 
2.386517866333347E+02 1.849273380875971E+02 1 2.704320000000000E+01 
-1.279052215019038E+00 2.983993614197003E+02 1 3.352150000000000E+01 
1.348350014774494E+01 6.067754939732789E+01 1 3.443120000000000E+01 
1.948152216076925E+02 1.026851864976776E+01 1 1.832810000000000E+01 
8.059207340430943E+01 2.653046015908979E+02 1 3.208510000000000E+01 
1.483195358879608E+02 -5.978009895125582E+00 1 2.880920000000000E+01 
2.785170533460302E+02 7.907880141194310E+01 1 3.648850000000000E+01 
-1.821589081786139E+01 2.469247646877106E+02 1 3.049290000000000E+01 
-1.942508650099430E+01 4.555971172289714E+01 1 3.633890000000000E+01 
1.975179001004218E+02 2.942260850064189E+02 1 3.465400000000000E+01 
4.581595444709467E+01 1.937235417655055E+02 1 1.853490000000000E+01 
2.705904831507142E+02 2.203053354781061E+02 1 2.887760000000000E+01 
1.439921024671239E+02 2.112432566586164E+02 1 2.460260000000000E+01 
1.195621252746624E+02 1.097033282430740E-01 1 3.484210000000000E+01 
3.947601357634018E+01 2.606572427424126E+00 1 2.645780000000000E+01 
2.968685864322132E+02 -6.686995945019372E+00 1 1.909230000000000E+01 
6.121042178292178E+01 1.792386826609177E+02 1 1.748840000000000E+01 
3.819580832565452E+00 -3.301803842335469E+01 1 3.311810000000000E+01 
1.566636753895940E+02 2.422476258642527E+02 1 3.177370000000000E+01 
-5.000000000000000E+01 3.590683755241385E+01 1 3.101870000000000E+01 
-3.256726847393251E+01 -2.986402682188405E+01 1 2.514430000000000E+01 
2.735196349132310E+02 1.276676157257768E+02 1 3.210710000000000E+01 
1.709141040864109E+01 2.352476355141600E+02 1 2.839050000000000E+01 
2.019217968279034E+02 1.699038301915387E+02 1 2.400610000000000E+01 
-8.397960325045164E+00 1.462692063502234E+02 1 2.500980000000000E+01 
-1.064754926047442E+01 8.511406781672484E+01 1 3.665750000000000E+01 
-4.552810335369462E+01 7.290141985596355E+01 1 3.633720000000000E+01 
1.735279288454316E+02 1.426764225651730E+02 1 2.474960000000000E+01 
2.120352743328889E+02 1.261155500224713E+01 1 1.942460000000000E+01 
--------------------------------------------------------------------------------
                               SIMULATION OPTIONS                               
--------------------------------------------------------------------------------
|| File input/output 
ipfile         in_2D
userfn         userfn_2D.py
outfile        boss.out
rstfile        boss.rst

|| Key settings 
num_tasks         2
W_rank         2
bounds         -5.000E+01 3.100E+02;    -5.000E+01 3.100E+02
kerntype       stdp stdp
yrange         -5.000E+01 3.100E+02;    -5.000E+01 3.100E+02
noise          1.000E-12
initpts    2 30    iterpts   50
gm_tol         none
verbosity      2

|| Data acquisition 
acqfn                elcb
acqtol               1.000E-03

|| GP hyperparameters 
thetainit       1.000E+00 3.142E-01
thetabounds     none
thetaprior      gamma
thetapriorpar   2.000E+00 1.900E-02;    3.368E+00 9.020E+00;    3.368E+00 9.020E+00

|| Hyperparameter optimization
updatefreq   1  initupdate      True
updateoffset 0  updaterestarts  2


--------------------------------------------------------------------------------
                              INITIAL DATAPOINT 1                               
--------------------------------------------------------------------------------
| Data point added to dataset (x i y): 
  1.6687326745E+02 -6.1435362730E+00  0.0000000000E+00      -2.0300085705E+05

| Total ensemble size: 1
| Next sampling location (x_next, i_next):
  2.0138397833E+02  1.3742371256E+01  0.0000000000E+00

Iteration time [s]:    0.001        Total time [s]:    0.030

--------------------------------------------------------------------------------
                              INITIAL DATAPOINT 2                               
--------------------------------------------------------------------------------
| Data point added to dataset (x i y): 
  2.0138397833E+02  1.3742371256E+01  0.0000000000E+00      -2.0301050491E+05

| Total ensemble size: 2
| Next sampling location (x_next, i_next):
  3.0403633343E+02  1.9235622530E+02  1.0000000000E+00

Iteration time [s]:    0.000        Total time [s]:    0.031

--------------------------------------------------------------------------------
                              INITIAL DATAPOINT 3                               
--------------------------------------------------------------------------------
| Data point added to dataset (x i y): 
  3.0403633343E+02  1.9235622530E+02  1.0000000000E+00       2.1088200000E+01

| Total ensemble size: 3
| Next sampling location (x_next, i_next):
  2.3865178663E+02  1.8492733809E+02  1.0000000000E+00

Iteration time [s]:    0.001        Total time [s]:    0.032

--------------------------------------------------------------------------------
                              INITIAL DATAPOINT 4                               
--------------------------------------------------------------------------------
| Data point added to dataset (x i y): 
  2.3865178663E+02  1.8492733809E+02  1.0000000000E+00       2.7043200000E+01

| Total ensemble size: 4
| Next sampling location (x_next, i_next):
 -1.2790522150E+00  2.9839936142E+02  1.0000000000E+00

Iteration time [s]:    0.001        Total time [s]:    0.033

--------------------------------------------------------------------------------
                              INITIAL DATAPOINT 5                               
--------------------------------------------------------------------------------
| Data point added to dataset (x i y): 
 -1.2790522150E+00  2.9839936142E+02  1.0000000000E+00       3.3521500000E+01

| Total ensemble size: 5
| Next sampling location (x_next, i_next):
  1.3483500148E+01  6.0677549397E+01  1.0000000000E+00

Iteration time [s]:    0.001        Total time [s]:    0.034

--------------------------------------------------------------------------------
                              INITIAL DATAPOINT 6                               
--------------------------------------------------------------------------------
| Data point added to dataset (x i y): 
  1.3483500148E+01  6.0677549397E+01  1.0000000000E+00       3.4431200000E+01

| Total ensemble size: 6
| Next sampling location (x_next, i_next):
  1.9481522161E+02  1.0268518650E+01  1.0000000000E+00

Iteration time [s]:    0.001        Total time [s]:    0.035

--------------------------------------------------------------------------------
                              INITIAL DATAPOINT 7                               
--------------------------------------------------------------------------------
| Data point added to dataset (x i y): 
  1.9481522161E+02  1.0268518650E+01  1.0000000000E+00       1.8328100000E+01

| Total ensemble size: 7
| Next sampling location (x_next, i_next):
  8.0592073404E+01  2.6530460159E+02  1.0000000000E+00

Iteration time [s]:    0.001        Total time [s]:    0.037

--------------------------------------------------------------------------------
                              INITIAL DATAPOINT 8                               
--------------------------------------------------------------------------------
| Data point added to dataset (x i y): 
  8.0592073404E+01  2.6530460159E+02  1.0000000000E+00       3.2085100000E+01

| Total ensemble size: 8
| Next sampling location (x_next, i_next):
  1.4831953589E+02 -5.9780098951E+00  1.0000000000E+00

Iteration time [s]:    0.001        Total time [s]:    0.038

--------------------------------------------------------------------------------
                              INITIAL DATAPOINT 9                               
--------------------------------------------------------------------------------
| Data point added to dataset (x i y): 
  1.4831953589E+02 -5.9780098951E+00  1.0000000000E+00       2.8809200000E+01

| Total ensemble size: 9
| Next sampling location (x_next, i_next):
  2.7851705335E+02  7.9078801412E+01  1.0000000000E+00

Iteration time [s]:    0.001        Total time [s]:    0.039

--------------------------------------------------------------------------------
                              INITIAL DATAPOINT 10                              
--------------------------------------------------------------------------------
| Data point added to dataset (x i y): 
  2.7851705335E+02  7.9078801412E+01  1.0000000000E+00       3.6488500000E+01

| Total ensemble size: 10
| Next sampling location (x_next, i_next):
 -1.8215890818E+01  2.4692476469E+02  1.0000000000E+00

Iteration time [s]:    0.001        Total time [s]:    0.040

--------------------------------------------------------------------------------
                              INITIAL DATAPOINT 11                              
--------------------------------------------------------------------------------
| Data point added to dataset (x i y): 
 -1.8215890818E+01  2.4692476469E+02  1.0000000000E+00       3.0492900000E+01

| Total ensemble size: 11
| Next sampling location (x_next, i_next):
 -1.9425086501E+01  4.5559711723E+01  1.0000000000E+00

Iteration time [s]:    0.001        Total time [s]:    0.041

--------------------------------------------------------------------------------
                              INITIAL DATAPOINT 12                              
--------------------------------------------------------------------------------
| Data point added to dataset (x i y): 
 -1.9425086501E+01  4.5559711723E+01  1.0000000000E+00       3.6338900000E+01

| Total ensemble size: 12
| Next sampling location (x_next, i_next):
  1.9751790010E+02  2.9422608501E+02  1.0000000000E+00

Iteration time [s]:    0.001        Total time [s]:    0.043

--------------------------------------------------------------------------------
                              INITIAL DATAPOINT 13                              
--------------------------------------------------------------------------------
| Data point added to dataset (x i y): 
  1.9751790010E+02  2.9422608501E+02  1.0000000000E+00       3.4654000000E+01

| Total ensemble size: 13
| Next sampling location (x_next, i_next):
  4.5815954447E+01  1.9372354177E+02  1.0000000000E+00

Iteration time [s]:    0.001        Total time [s]:    0.044

--------------------------------------------------------------------------------
                              INITIAL DATAPOINT 14                              
--------------------------------------------------------------------------------
| Data point added to dataset (x i y): 
  4.5815954447E+01  1.9372354177E+02  1.0000000000E+00       1.8534900000E+01

| Total ensemble size: 14
| Next sampling location (x_next, i_next):
  2.7059048315E+02  2.2030533548E+02  1.0000000000E+00

Iteration time [s]:    0.001        Total time [s]:    0.045

--------------------------------------------------------------------------------
                              INITIAL DATAPOINT 15                              
--------------------------------------------------------------------------------
| Data point added to dataset (x i y): 
  2.7059048315E+02  2.2030533548E+02  1.0000000000E+00       2.8877600000E+01

| Total ensemble size: 15
| Next sampling location (x_next, i_next):
  1.4399210247E+02  2.1124325666E+02  1.0000000000E+00

Iteration time [s]:    0.001        Total time [s]:    0.046

--------------------------------------------------------------------------------
                              INITIAL DATAPOINT 16                              
--------------------------------------------------------------------------------
| Data point added to dataset (x i y): 
  1.4399210247E+02  2.1124325666E+02  1.0000000000E+00       2.4602600000E+01

| Total ensemble size: 16
| Next sampling location (x_next, i_next):
  1.1956212527E+02  1.0970332824E-01  1.0000000000E+00

Iteration time [s]:    0.001        Total time [s]:    0.047

--------------------------------------------------------------------------------
                              INITIAL DATAPOINT 17                              
--------------------------------------------------------------------------------
| Data point added to dataset (x i y): 
  1.1956212527E+02  1.0970332824E-01  1.0000000000E+00       3.4842100000E+01

| Total ensemble size: 17
| Next sampling location (x_next, i_next):
  3.9476013576E+01  2.6065724274E+00  1.0000000000E+00

Iteration time [s]:    0.001        Total time [s]:    0.049

--------------------------------------------------------------------------------
                              INITIAL DATAPOINT 18                              
--------------------------------------------------------------------------------
| Data point added to dataset (x i y): 
  3.9476013576E+01  2.6065724274E+00  1.0000000000E+00       2.6457800000E+01

| Total ensemble size: 18
| Next sampling location (x_next, i_next):
  2.9686858643E+02 -6.6869959450E+00  1.0000000000E+00

Iteration time [s]:    0.001        Total time [s]:    0.050

--------------------------------------------------------------------------------
                              INITIAL DATAPOINT 19                              
--------------------------------------------------------------------------------
| Data point added to dataset (x i y): 
  2.9686858643E+02 -6.6869959450E+00  1.0000000000E+00       1.9092300000E+01

| Total ensemble size: 19
| Next sampling location (x_next, i_next):
  6.1210421783E+01  1.7923868266E+02  1.0000000000E+00

Iteration time [s]:    0.001        Total time [s]:    0.051

--------------------------------------------------------------------------------
                              INITIAL DATAPOINT 20                              
--------------------------------------------------------------------------------
| Data point added to dataset (x i y): 
  6.1210421783E+01  1.7923868266E+02  1.0000000000E+00       1.7488400000E+01

| Total ensemble size: 20
| Next sampling location (x_next, i_next):
  3.8195808326E+00 -3.3018038423E+01  1.0000000000E+00

Iteration time [s]:    0.001        Total time [s]:    0.052

--------------------------------------------------------------------------------
                              INITIAL DATAPOINT 21                              
--------------------------------------------------------------------------------
| Data point added to dataset (x i y): 
  3.8195808326E+00 -3.3018038423E+01  1.0000000000E+00       3.3118100000E+01

| Total ensemble size: 21
| Next sampling location (x_next, i_next):
  1.5666367539E+02  2.4224762586E+02  1.0000000000E+00

Iteration time [s]:    0.001        Total time [s]:    0.053

--------------------------------------------------------------------------------
                              INITIAL DATAPOINT 22                              
--------------------------------------------------------------------------------
| Data point added to dataset (x i y): 
  1.5666367539E+02  2.4224762586E+02  1.0000000000E+00       3.1773700000E+01

| Total ensemble size: 22
| Next sampling location (x_next, i_next):
 -5.0000000000E+01  3.5906837552E+01  1.0000000000E+00

Iteration time [s]:    0.001        Total time [s]:    0.054

--------------------------------------------------------------------------------
                              INITIAL DATAPOINT 23                              
--------------------------------------------------------------------------------
| Data point added to dataset (x i y): 
 -5.0000000000E+01  3.5906837552E+01  1.0000000000E+00       3.1018700000E+01

| Total ensemble size: 23
| Next sampling location (x_next, i_next):
 -3.2567268474E+01 -2.9864026822E+01  1.0000000000E+00

Iteration time [s]:    0.001        Total time [s]:    0.056

--------------------------------------------------------------------------------
                              INITIAL DATAPOINT 24                              
--------------------------------------------------------------------------------
| Data point added to dataset (x i y): 
 -3.2567268474E+01 -2.9864026822E+01  1.0000000000E+00       2.5144300000E+01

| Total ensemble size: 24
| Next sampling location (x_next, i_next):
  2.7351963491E+02  1.2766761573E+02  1.0000000000E+00

Iteration time [s]:    0.001        Total time [s]:    0.057

--------------------------------------------------------------------------------
                              INITIAL DATAPOINT 25                              
--------------------------------------------------------------------------------
| Data point added to dataset (x i y): 
  2.7351963491E+02  1.2766761573E+02  1.0000000000E+00       3.2107100000E+01

| Total ensemble size: 25
| Next sampling location (x_next, i_next):
  1.7091410409E+01  2.3524763551E+02  1.0000000000E+00

Iteration time [s]:    0.001        Total time [s]:    0.058

--------------------------------------------------------------------------------
                              INITIAL DATAPOINT 26                              
--------------------------------------------------------------------------------
| Data point added to dataset (x i y): 
  1.7091410409E+01  2.3524763551E+02  1.0000000000E+00       2.8390500000E+01

| Total ensemble size: 26
| Next sampling location (x_next, i_next):
  2.0192179683E+02  1.6990383019E+02  1.0000000000E+00

Iteration time [s]:    0.001        Total time [s]:    0.059

--------------------------------------------------------------------------------
                              INITIAL DATAPOINT 27                              
--------------------------------------------------------------------------------
| Data point added to dataset (x i y): 
  2.0192179683E+02  1.6990383019E+02  1.0000000000E+00       2.4006100000E+01

| Total ensemble size: 27
| Next sampling location (x_next, i_next):
 -8.3979603250E+00  1.4626920635E+02  1.0000000000E+00

Iteration time [s]:    0.001        Total time [s]:    0.060

--------------------------------------------------------------------------------
                              INITIAL DATAPOINT 28                              
--------------------------------------------------------------------------------
| Data point added to dataset (x i y): 
 -8.3979603250E+00  1.4626920635E+02  1.0000000000E+00       2.5009800000E+01

| Total ensemble size: 28
| Next sampling location (x_next, i_next):
 -1.0647549260E+01  8.5114067817E+01  1.0000000000E+00

Iteration time [s]:    0.001        Total time [s]:    0.062

--------------------------------------------------------------------------------
                              INITIAL DATAPOINT 29                              
--------------------------------------------------------------------------------
| Data point added to dataset (x i y): 
 -1.0647549260E+01  8.5114067817E+01  1.0000000000E+00       3.6657500000E+01

| Total ensemble size: 29
| Next sampling location (x_next, i_next):
 -4.5528103354E+01  7.2901419856E+01  1.0000000000E+00

Iteration time [s]:    0.001        Total time [s]:    0.063

--------------------------------------------------------------------------------
                              INITIAL DATAPOINT 30                              
--------------------------------------------------------------------------------
| Data point added to dataset (x i y): 
 -4.5528103354E+01  7.2901419856E+01  1.0000000000E+00       3.6337200000E+01

| Total ensemble size: 30
| Next sampling location (x_next, i_next):
  1.7352792885E+02  1.4267642257E+02  1.0000000000E+00

Iteration time [s]:    0.001        Total time [s]:    0.065

--------------------------------------------------------------------------------
                              INITIAL DATAPOINT 31                              
--------------------------------------------------------------------------------
| Data point added to dataset (x i y): 
  1.7352792885E+02  1.4267642257E+02  1.0000000000E+00       2.4749600000E+01

| Total ensemble size: 31
| Next sampling location (x_next, i_next):
  2.1203527433E+02  1.2611555002E+01  1.0000000000E+00

Iteration time [s]:    0.001        Total time [s]:    0.066

--------------------------------------------------------------------------------
                              INITIAL DATAPOINT 32                              
--------------------------------------------------------------------------------
| Data point added to dataset (x i y): 
  2.1203527433E+02  1.2611555002E+01  1.0000000000E+00       1.9424600000E+01

| Total ensemble size: 32
| Best acquisition, x_best i_best y_best:
  2.0138397833E+02  1.3742371256E+01  0.0000000000E+00      -2.0301050491E+05
| Global minimum prediction, x_hat mu_hat +- nu_hat:
  2.0450309929E+02  2.1244765221E+01  0.0000000000E+00      -2.0301081789E+05  1.1004828919E+00

| GP model hyperparameters (lengthscales W kappa):
  4.3479552981E-01  4.7620511222E-01  8.8351170904E+00  4.9857607164E+00  2.8274268486E+00  6.6764734990E+00  0.0000000000E+00  0.0000000000E+00
| Next sampling location (x_next, i_next):
  4.7417422417E+01  1.6976198344E+02  0.0000000000E+00

Iteration time [s]:    1.208        Total time [s]:    1.275

--------------------------------------------------------------------------------
                                 BO ITERATION 1                                 
--------------------------------------------------------------------------------
| Evaluating objective function at 4.742E+01 1.698E+02 0.000E+00
| Objective function evaluated, time [s]       25.471
| Data point added to dataset (x i y): 
  4.7417422417E+01  1.6976198344E+02  0.0000000000E+00      -2.0300887534E+05

| Total ensemble size: 33
| Best acquisition, x_best i_best y_best:
  2.0138397833E+02  1.3742371256E+01  0.0000000000E+00      -2.0301050491E+05
| Global minimum prediction, x_hat mu_hat +- nu_hat:
  2.1575906095E+02  1.8500816366E+01  0.0000000000E+00      -2.0301129196E+05  2.0249324497E+00
| Global minimum convergence, d_xhat d_muhat:
  1.1585591409E+01  2.4730934864E-02

| GP model hyperparameters (lengthscales W kappa):
  4.3439681072E-01  4.7628626038E-01  3.4675927622E+00  7.9779522105E+00  6.8824197294E+00  2.3720800047E+00  0.0000000000E+00  0.0000000000E+00
| Next sampling location (x_next, i_next):
  2.8817693592E+02  3.1000000000E+02  0.0000000000E+00

Iteration time [s]:   26.714        Total time [s]:   27.989

--------------------------------------------------------------------------------
                                 BO ITERATION 2                                 
--------------------------------------------------------------------------------
| Evaluating objective function at 2.882E+02 3.100E+02 0.000E+00
| Objective function evaluated, time [s]       23.073
| Data point added to dataset (x i y): 
  2.8817693592E+02  3.1000000000E+02  0.0000000000E+00      -2.0300045728E+05

| Total ensemble size: 34
| Best acquisition, x_best i_best y_best:
  2.0138397833E+02  1.3742371256E+01  0.0000000000E+00      -2.0301050491E+05
| Global minimum prediction, x_hat mu_hat +- nu_hat:
  2.0599485446E+02  2.5297961743E+01  0.0000000000E+00      -2.0301119172E+05  2.4839890979E+00
| Global minimum convergence, d_xhat d_muhat:
  1.1897096863E+01  5.2295410204E-03

| GP model hyperparameters (lengthscales W kappa):
  4.2091227076E-01  4.2320112981E-01  3.0087154495E+00  7.5186604690E+00  6.4663005985E+00  1.9565673324E+00  0.0000000000E+00  0.0000000000E+00
| Next sampling location (x_next, i_next):
 -4.7155678124E+01  1.7700322255E+02  0.0000000000E+00

Iteration time [s]:   24.479        Total time [s]:   52.468

--------------------------------------------------------------------------------
                                 BO ITERATION 3                                 
--------------------------------------------------------------------------------
| Evaluating objective function at -4.716E+01 1.770E+02 0.000E+00
| Objective function evaluated, time [s]       22.887
| Data point added to dataset (x i y): 
 -4.7155678124E+01  1.7700322255E+02  0.0000000000E+00      -2.0300851455E+05

| Total ensemble size: 35
| Best acquisition, x_best i_best y_best:
  2.0138397833E+02  1.3742371256E+01  0.0000000000E+00      -2.0301050491E+05
| Global minimum prediction, x_hat mu_hat +- nu_hat:
  2.0771662762E+02  2.6613308145E+01  0.0000000000E+00      -2.0301139317E+05  2.6894370847E+00
| Global minimum convergence, d_xhat d_muhat:
  2.1667115558E+00  1.0509356635E-02

| GP model hyperparameters (lengthscales W kappa):
  4.2027226887E-01  4.2265426985E-01  2.5159229790E+00  7.0216861095E+00  6.4580770601E+00  1.9527069140E+00  0.0000000000E+00  0.0000000000E+00
| Next sampling location (x_next, i_next):
  1.5831382241E+02  1.7622040412E+02  0.0000000000E+00

Iteration time [s]:   24.844        Total time [s]:   77.312

--------------------------------------------------------------------------------
                                 BO ITERATION 4                                 
--------------------------------------------------------------------------------
| Evaluating objective function at 1.583E+02 1.762E+02 0.000E+00
| Objective function evaluated, time [s]       21.647
| Data point added to dataset (x i y): 
  1.5831382241E+02  1.7622040412E+02  0.0000000000E+00      -2.0300786672E+05

| Total ensemble size: 36
| Best acquisition, x_best i_best y_best:
  2.0138397833E+02  1.3742371256E+01  0.0000000000E+00      -2.0301050491E+05
| Global minimum prediction, x_hat mu_hat +- nu_hat:
  2.0922523423E+02  2.7335579443E+01  0.0000000000E+00      -2.0301155513E+05  2.6779461549E+00
| Global minimum convergence, d_xhat d_muhat:
  1.6725937142E+00  8.4488987147E-03

| GP model hyperparameters (lengthscales W kappa):
  4.1684485323E-01  4.1809227700E-01  2.0931419656E+00  6.5033704385E+00  6.3826412435E+00  1.9731801709E+00  0.0000000000E+00  0.0000000000E+00
| Next sampling location (x_next, i_next):
  1.8718331291E+02  7.9039769152E+01  0.0000000000E+00

Iteration time [s]:   23.095        Total time [s]:  100.408

--------------------------------------------------------------------------------
                                 BO ITERATION 5                                 
--------------------------------------------------------------------------------
| Evaluating objective function at 1.872E+02 7.904E+01 0.000E+00
| Objective function evaluated, time [s]       22.849
| Data point added to dataset (x i y): 
  1.8718331291E+02  7.9039769152E+01  0.0000000000E+00      -2.0299248448E+05

| Total ensemble size: 37
| Best acquisition, x_best i_best y_best:
  2.0138397833E+02  1.3742371256E+01  0.0000000000E+00      -2.0301050491E+05
| Global minimum prediction, x_hat mu_hat +- nu_hat:
  2.1248446708E+02  1.0162502938E+01  0.0000000000E+00      -2.0301094052E+05  1.6383062973E+00
| Global minimum convergence, d_xhat d_muhat:
  1.7479621147E+01  2.7178530743E-02

| GP model hyperparameters (lengthscales W kappa):
  4.3182486858E-01  3.6985929332E-01  3.6457425552E+00  7.3184321974E+00  6.1349744973E+00  2.4622202839E+00  0.0000000000E+00  0.0000000000E+00
| Next sampling location (x_next, i_next):
  8.9961670513E+01  2.0775742751E+02  0.0000000000E+00

Iteration time [s]:   24.493        Total time [s]:  124.901

--------------------------------------------------------------------------------
                                 BO ITERATION 6                                 
--------------------------------------------------------------------------------
| Evaluating objective function at 8.996E+01 2.078E+02 0.000E+00
| Objective function evaluated, time [s]       21.902
| Data point added to dataset (x i y): 
  8.9961670513E+01  2.0775742751E+02  0.0000000000E+00      -2.0300469719E+05

| Total ensemble size: 38
| Best acquisition, x_best i_best y_best:
  2.0138397833E+02  1.3742371256E+01  0.0000000000E+00      -2.0301050491E+05
| Global minimum prediction, x_hat mu_hat +- nu_hat:
  2.1334966982E+02  1.0002120933E+01  0.0000000000E+00      -2.0301100696E+05  1.7414990872E+00
| Global minimum convergence, d_xhat d_muhat:
  8.7994213718E-01  2.9303981097E-03

| GP model hyperparameters (lengthscales W kappa):
  4.3548386783E-01  3.7590944295E-01  7.1795165704E+00  3.4641189356E+00  2.4754134163E+00  6.1914505970E+00  0.0000000000E+00  0.0000000000E+00
| Next sampling location (x_next, i_next):
  8.4707948816E+01  1.1243111925E+02  0.0000000000E+00

Iteration time [s]:   23.529        Total time [s]:  148.431

--------------------------------------------------------------------------------
                                 BO ITERATION 7                                 
--------------------------------------------------------------------------------
| Evaluating objective function at 8.471E+01 1.124E+02 0.000E+00
| Objective function evaluated, time [s]       23.047
| Data point added to dataset (x i y): 
  8.4707948816E+01  1.1243111925E+02  0.0000000000E+00      -2.0299348190E+05

| Total ensemble size: 39
| Best acquisition, x_best i_best y_best:
  2.0138397833E+02  1.3742371256E+01  0.0000000000E+00      -2.0301050491E+05
| Global minimum prediction, x_hat mu_hat +- nu_hat:
  2.0947524250E+02  1.0904838081E+01  0.0000000000E+00      -2.0301075690E+05  7.1962385300E-01
| Global minimum convergence, d_xhat d_muhat:
  3.9782012628E+00  1.1645471975E-02

| GP model hyperparameters (lengthscales W kappa):
  4.4664886706E-01  3.8732470237E-01  7.2070326978E+00  3.9764560161E+00  2.9694392015E+00  6.2002971395E+00  0.0000000000E+00  0.0000000000E+00
| Next sampling location (x_next, i_next):
  2.8329150814E+02  4.7970589678E+00  0.0000000000E+00

Iteration time [s]:   24.697        Total time [s]:  173.128

--------------------------------------------------------------------------------
                                 BO ITERATION 8                                 
--------------------------------------------------------------------------------
| Evaluating objective function at 2.833E+02 4.797E+00 0.000E+00
| Objective function evaluated, time [s]       22.888
| Data point added to dataset (x i y): 
  2.8329150814E+02  4.7970589678E+00  0.0000000000E+00      -2.0300793179E+05

| Total ensemble size: 40
| Best acquisition, x_best i_best y_best:
  2.0138397833E+02  1.3742371256E+01  0.0000000000E+00      -2.0301050491E+05
| Global minimum prediction, x_hat mu_hat +- nu_hat:
  2.0895376179E+02  9.9632598300E+00  0.0000000000E+00      -2.0301078974E+05  6.3734004909E-01
| Global minimum convergence, d_xhat d_muhat:
  1.0763418287E+00  1.4956980998E-03

| GP model hyperparameters (lengthscales W kappa):
  4.6321433330E-01  4.3418506413E-01  4.3305562865E+00  7.7053619636E+00  6.6400548639E+00  3.2653294247E+00  0.0000000000E+00  0.0000000000E+00
| Next sampling location (x_next, i_next):
  5.0061024124E+01  2.5529246003E+01  0.0000000000E+00

Iteration time [s]:   24.485        Total time [s]:  197.614

--------------------------------------------------------------------------------
                                 BO ITERATION 9                                 
--------------------------------------------------------------------------------
| Evaluating objective function at 5.006E+01 2.553E+01 0.000E+00
| Objective function evaluated, time [s]       22.866
| Data point added to dataset (x i y): 
  5.0061024124E+01  2.5529246003E+01  0.0000000000E+00      -2.0300112120E+05

| Total ensemble size: 41
| Best acquisition, x_best i_best y_best:
  2.0138397833E+02  1.3742371256E+01  0.0000000000E+00      -2.0301050491E+05
| Global minimum prediction, x_hat mu_hat +- nu_hat:
  2.0887080708E+02  9.8214346080E+00  0.0000000000E+00      -2.0301079328E+05  5.7384326177E-01
| Global minimum convergence, d_xhat d_muhat:
  1.6430422652E-01  1.6288297774E-04

| GP model hyperparameters (lengthscales W kappa):
  4.6899495477E-01  4.4305600079E-01  7.5822873317E+00  4.4055425583E+00  3.5090494539E+00  6.6869296231E+00  0.0000000000E+00  0.0000000000E+00
| Next sampling location (x_next, i_next):
 -3.0520151938E+00  1.9596301039E+02  0.0000000000E+00

Iteration time [s]:   24.349        Total time [s]:  221.964

--------------------------------------------------------------------------------
                                BO ITERATION 10                                 
--------------------------------------------------------------------------------
| Evaluating objective function at -3.052E+00 1.960E+02 0.000E+00
| Objective function evaluated, time [s]       22.835
| Data point added to dataset (x i y): 
 -3.0520151938E+00  1.9596301039E+02  0.0000000000E+00      -2.0300651524E+05

| Total ensemble size: 42
| Best acquisition, x_best i_best y_best:
  2.0138397833E+02  1.3742371256E+01  0.0000000000E+00      -2.0301050491E+05
| Global minimum prediction, x_hat mu_hat +- nu_hat:
  2.0926775296E+02  9.2696835667E+00  0.0000000000E+00      -2.0301084081E+05  6.0089900958E-01
| Global minimum convergence, d_xhat d_muhat:
  6.7970231923E-01  2.1604787883E-03

| GP model hyperparameters (lengthscales W kappa):
  4.8523060697E-01  4.7360450195E-01  7.9122635056E+00  4.7032723770E+00  3.8016904218E+00  7.0106764126E+00  0.0000000000E+00  0.0000000000E+00
| Next sampling location (x_next, i_next):
  2.2888901516E+02 -1.3922266654E+01  0.0000000000E+00

Iteration time [s]:   24.405        Total time [s]:  246.369

--------------------------------------------------------------------------------
                                BO ITERATION 11                                 
--------------------------------------------------------------------------------
| Evaluating objective function at 2.289E+02 -1.392E+01 0.000E+00
| Objective function evaluated, time [s]       22.961
| Data point added to dataset (x i y): 
  2.2888901516E+02 -1.3922266654E+01  0.0000000000E+00      -2.0300988775E+05

| Total ensemble size: 43
| Best acquisition, x_best i_best y_best:
  2.0138397833E+02  1.3742371256E+01  0.0000000000E+00      -2.0301050491E+05
| Global minimum prediction, x_hat mu_hat +- nu_hat:
  2.1652540025E+02  3.1476057761E+00  0.0000000000E+00      -2.0301177227E+05  2.7929224908E-01
| Global minimum convergence, d_xhat d_muhat:
  9.4949081501E+00  4.1429577192E-02

| GP model hyperparameters (lengthscales W kappa):
  4.9232154085E-01  5.0384320378E-01  4.6772135789E+00  8.1604491741E+00  7.3538984304E+00  3.8698695391E+00  0.0000000000E+00  0.0000000000E+00
| Next sampling location (x_next, i_next):
  2.0450187390E+02  2.0719904628E+02  0.0000000000E+00

Iteration time [s]:   24.472        Total time [s]:  270.842

--------------------------------------------------------------------------------
                                BO ITERATION 12                                 
--------------------------------------------------------------------------------
| Evaluating objective function at 2.045E+02 2.072E+02 0.000E+00
| Objective function evaluated, time [s]       21.674
| Data point added to dataset (x i y): 
  2.0450187390E+02  2.0719904628E+02  0.0000000000E+00      -2.0300357963E+05

| Total ensemble size: 44
| Best acquisition, x_best i_best y_best:
  2.0138397833E+02  1.3742371256E+01  0.0000000000E+00      -2.0301050491E+05
| Global minimum prediction, x_hat mu_hat +- nu_hat:
  2.1662416696E+02  3.2109500278E+00  0.0000000000E+00      -2.0301177912E+05  2.5710870358E-01
| Global minimum convergence, d_xhat d_muhat:
  1.1733438184E-01  3.0527773690E-04

| GP model hyperparameters (lengthscales W kappa):
  4.9526788498E-01  5.0912641442E-01  4.6414131911E+00  8.0382127393E+00  7.3851226816E+00  3.9884234380E+00  0.0000000000E+00  0.0000000000E+00
| Next sampling location (x_next, i_next):
  2.2243278381E+02  1.5762277122E+02  0.0000000000E+00

Iteration time [s]:   23.144        Total time [s]:  293.986

--------------------------------------------------------------------------------
                                BO ITERATION 13                                 
--------------------------------------------------------------------------------
| Evaluating objective function at 2.224E+02 1.576E+02 0.000E+00
| Objective function evaluated, time [s]       21.876
| Data point added to dataset (x i y): 
  2.2243278381E+02  1.5762277122E+02  0.0000000000E+00      -2.0300419131E+05

| Total ensemble size: 45
| Best acquisition, x_best i_best y_best:
  2.0138397833E+02  1.3742371256E+01  0.0000000000E+00      -2.0301050491E+05
| Global minimum prediction, x_hat mu_hat +- nu_hat:
  2.1683483269E+02  3.3445691706E+00  0.0000000000E+00      -2.0301180772E+05  2.4365827585E-01
| Global minimum convergence, d_xhat d_muhat:
  2.4946767640E-01  1.2737997889E-03

| GP model hyperparameters (lengthscales W kappa):
  4.9703144168E-01  5.0663678748E-01  7.8587575017E+00  4.5144984739E+00  4.0212345845E+00  7.3655897926E+00  0.0000000000E+00  0.0000000000E+00
| Next sampling location (x_next, i_next):
  2.7784589831E+02  1.9410796060E+02  0.0000000000E+00

Iteration time [s]:   23.425        Total time [s]:  317.411

--------------------------------------------------------------------------------
                                BO ITERATION 14                                 
--------------------------------------------------------------------------------
| Evaluating objective function at 2.778E+02 1.941E+02 0.000E+00
| Objective function evaluated, time [s]       21.708
| Data point added to dataset (x i y): 
  2.7784589831E+02  1.9410796060E+02  0.0000000000E+00      -2.0300679370E+05

| Total ensemble size: 46
| Best acquisition, x_best i_best y_best:
  2.0138397833E+02  1.3742371256E+01  0.0000000000E+00      -2.0301050491E+05
| Global minimum prediction, x_hat mu_hat +- nu_hat:
  2.1706489318E+02  3.4067909901E+00  0.0000000000E+00      -2.0301181589E+05  2.1993243187E-01
| Global minimum convergence, d_xhat d_muhat:
  2.3832621811E-01  3.6081104851E-04

| GP model hyperparameters (lengthscales W kappa):
  5.0749030023E-01  5.1636357998E-01  4.5837065942E+00  7.9097099545E+00  7.5411930653E+00  4.2161887180E+00  0.0000000000E+00  0.0000000000E+00
| Next sampling location (x_next, i_next):
  1.1075469267E+02  1.6813090734E+02  0.0000000000E+00

Iteration time [s]:   23.259        Total time [s]:  340.671

--------------------------------------------------------------------------------
                                BO ITERATION 15                                 
--------------------------------------------------------------------------------
| Evaluating objective function at 1.108E+02 1.681E+02 0.000E+00
| Objective function evaluated, time [s]       23.640
| Data point added to dataset (x i y): 
  1.1075469267E+02  1.6813090734E+02  0.0000000000E+00      -2.0300741395E+05

| Total ensemble size: 47
| Best acquisition, x_best i_best y_best:
  2.0138397833E+02  1.3742371256E+01  0.0000000000E+00      -2.0301050491E+05
| Global minimum prediction, x_hat mu_hat +- nu_hat:
  2.1738253847E+02  3.5347865154E+00  0.0000000000E+00      -2.0301181698E+05  2.2028935758E-01
| Global minimum convergence, d_xhat d_muhat:
  3.4246369439E-01  4.7981239208E-05

| GP model hyperparameters (lengthscales W kappa):
  5.1213157859E-01  5.0978844467E-01  7.8316642570E+00  4.4791304931E+00  4.2093893688E+00  7.5619338165E+00  0.0000000000E+00  0.0000000000E+00
| Next sampling location (x_next, i_next):
  2.4324236124E+02  1.2079185131E+01  0.0000000000E+00

Iteration time [s]:   25.237        Total time [s]:  365.908

--------------------------------------------------------------------------------
                                BO ITERATION 16                                 
--------------------------------------------------------------------------------
| Evaluating objective function at 2.432E+02 1.208E+01 0.000E+00
| Objective function evaluated, time [s]       22.974
| Data point added to dataset (x i y): 
  2.4324236124E+02  1.2079185131E+01  0.0000000000E+00      -2.0301089589E+05

| Total ensemble size: 48
| Best acquisition, x_best i_best y_best:
  2.4324236124E+02  1.2079185131E+01  0.0000000000E+00      -2.0301089589E+05
| Global minimum prediction, x_hat mu_hat +- nu_hat:
  2.2248991728E+02  5.0828846892E+00  0.0000000000E+00      -2.0301203486E+05  1.2721286432E-01
| Global minimum convergence, d_xhat d_muhat:
  5.3368461013E+00  9.4024081476E-03

| GP model hyperparameters (lengthscales W kappa):
  5.2607634243E-01  5.2529458581E-01  4.3061483466E+00  7.8742172590E+00  7.9135743550E+00  4.3455042219E+00  0.0000000000E+00  0.0000000000E+00
| Next sampling location (x_next, i_next):
  7.7236534893E+00  1.5140246126E+02  0.0000000000E+00

Iteration time [s]:   24.674        Total time [s]:  390.583

--------------------------------------------------------------------------------
                                BO ITERATION 17                                 
--------------------------------------------------------------------------------
| Evaluating objective function at 7.724E+00 1.514E+02 0.000E+00
| Objective function evaluated, time [s]       22.929
| Data point added to dataset (x i y): 
  7.7236534893E+00  1.5140246126E+02  0.0000000000E+00      -2.0300376186E+05

| Total ensemble size: 49
| Best acquisition, x_best i_best y_best:
  2.4324236124E+02  1.2079185131E+01  0.0000000000E+00      -2.0301089589E+05
| Global minimum prediction, x_hat mu_hat +- nu_hat:
  2.2264406520E+02  4.9048655414E+00  0.0000000000E+00      -2.0301202123E+05  1.1938124107E-01
| Global minimum convergence, d_xhat d_muhat:
  2.3548332635E-01  5.8931676820E-04

| GP model hyperparameters (lengthscales W kappa):
  5.3444251223E-01  5.3769234002E-01  4.6106587456E+00  8.0956787915E+00  8.0344460598E+00  4.5474843832E+00  0.0000000000E+00  0.0000000000E+00
| Next sampling location (x_next, i_next):
  2.5390606238E+02 -5.6599372447E+00  0.0000000000E+00

Iteration time [s]:   24.657        Total time [s]:  415.240

--------------------------------------------------------------------------------
                                BO ITERATION 18                                 
--------------------------------------------------------------------------------
| Evaluating objective function at 2.539E+02 -5.660E+00 0.000E+00
| Objective function evaluated, time [s]       23.026
| Data point added to dataset (x i y): 
  2.5390606238E+02 -5.6599372447E+00  0.0000000000E+00      -2.0301205981E+05

| Total ensemble size: 50
| Best acquisition, x_best i_best y_best:
  2.5390606238E+02 -5.6599372447E+00  0.0000000000E+00      -2.0301205981E+05
| Global minimum prediction, x_hat mu_hat +- nu_hat:
  2.4786087799E+02 -1.9478375773E+00  0.0000000000E+00      -2.0301216853E+05  1.1028984526E-02
| Global minimum convergence, d_xhat d_muhat:
  2.6131344924E+01  6.2719113012E-03

| GP model hyperparameters (lengthscales W kappa):
  5.3482633892E-01  5.6125981123E-01  5.9535582707E+00  9.4468781031E+00  8.1041844055E+00  4.6106131931E+00  0.0000000000E+00  0.0000000000E+00
| Next sampling location (x_next, i_next):
  4.5837853312E+01  2.0628298184E+02  0.0000000000E+00

Iteration time [s]:   24.818        Total time [s]:  440.058

--------------------------------------------------------------------------------
                                BO ITERATION 19                                 
--------------------------------------------------------------------------------
| Evaluating objective function at 4.584E+01 2.063E+02 0.000E+00
| Objective function evaluated, time [s]       22.883
| Data point added to dataset (x i y): 
  4.5837853312E+01  2.0628298184E+02  0.0000000000E+00      -2.0300583337E+05

| Total ensemble size: 51
| Best acquisition, x_best i_best y_best:
  2.5390606238E+02 -5.6599372447E+00  0.0000000000E+00      -2.0301205981E+05
| Global minimum prediction, x_hat mu_hat +- nu_hat:
  2.4778377194E+02 -1.9295790141E+00  0.0000000000E+00      -2.0301216906E+05  1.0783769528E-02
| Global minimum convergence, d_xhat d_muhat:
  7.9238358075E-02  2.2252924735E-05

| GP model hyperparameters (lengthscales W kappa):
  5.4299184705E-01  5.6408890442E-01  9.5182536214E+00  6.0453584356E+00  4.7101990718E+00  8.1831378368E+00  0.0000000000E+00  0.0000000000E+00
| Next sampling location (x_next, i_next):
  2.2790617594E+02  2.3493883660E+00  0.0000000000E+00

Iteration time [s]:   24.690        Total time [s]:  464.749

--------------------------------------------------------------------------------
                                BO ITERATION 20                                 
--------------------------------------------------------------------------------
| Evaluating objective function at 2.279E+02 2.349E+00 0.000E+00
| Objective function evaluated, time [s]       22.969
| Data point added to dataset (x i y): 
  2.2790617594E+02  2.3493883660E+00  0.0000000000E+00      -2.0301226795E+05

| Total ensemble size: 52
| Best acquisition, x_best i_best y_best:
  2.2790617594E+02  2.3493883660E+00  0.0000000000E+00      -2.0301226795E+05
| Global minimum prediction, x_hat mu_hat +- nu_hat:
  2.3910638409E+02  2.5342652101E-01  0.0000000000E+00      -2.0301236402E+05  7.0474427039E-03
| Global minimum convergence, d_xhat d_muhat:
  8.9477691759E+00  8.1760541829E-03

| GP model hyperparameters (lengthscales W kappa):
  5.4566734564E-01  5.4060235419E-01  5.8657040802E+00  9.4831415582E+00  8.0216012548E+00  4.4042988840E+00  0.0000000000E+00  0.0000000000E+00
| Next sampling location (x_next, i_next):
  6.1387322008E+01 -3.2586487525E+01  0.0000000000E+00

Iteration time [s]:   24.837        Total time [s]:  489.586

--------------------------------------------------------------------------------
                                BO ITERATION 21                                 
--------------------------------------------------------------------------------
| Evaluating objective function at 6.139E+01 -3.259E+01 0.000E+00
| Objective function evaluated, time [s]       23.052
| Data point added to dataset (x i y): 
  6.1387322008E+01 -3.2586487525E+01  0.0000000000E+00      -2.0299964133E+05

| Total ensemble size: 53
| Best acquisition, x_best i_best y_best:
  2.2790617594E+02  2.3493883660E+00  0.0000000000E+00      -2.0301226795E+05
| Global minimum prediction, x_hat mu_hat +- nu_hat:
  2.3869892198E+02  3.4537153825E-01  0.0000000000E+00      -2.0301235453E+05  7.5935182308E-03
| Global minimum convergence, d_xhat d_muhat:
  4.1770714132E-01  4.0223835574E-04

| GP model hyperparameters (lengthscales W kappa):
  5.2395477117E-01  5.4020932975E-01  9.1628869293E+00  5.6212353077E+00  4.2403566767E+00  7.7820795885E+00  0.0000000000E+00  0.0000000000E+00
| Next sampling location (x_next, i_next):
 -4.7431088915E+01  2.0809806748E+02  0.0000000000E+00

Iteration time [s]:   24.985        Total time [s]:  514.571

--------------------------------------------------------------------------------
                                BO ITERATION 22                                 
--------------------------------------------------------------------------------
| Evaluating objective function at -4.743E+01 2.081E+02 0.000E+00
| Objective function evaluated, time [s]       21.773
| Data point added to dataset (x i y): 
 -4.7431088915E+01  2.0809806748E+02  0.0000000000E+00      -2.0300444230E+05

| Total ensemble size: 54
| Best acquisition, x_best i_best y_best:
  2.2790617594E+02  2.3493883660E+00  0.0000000000E+00      -2.0301226795E+05
| Global minimum prediction, x_hat mu_hat +- nu_hat:
  2.3837381847E+02  4.3362236651E-01  0.0000000000E+00      -2.0301234444E+05  6.8482172649E-03
| Global minimum convergence, d_xhat d_muhat:
  3.3686866511E-01  4.2796308663E-04

| GP model hyperparameters (lengthscales W kappa):
  5.3240431678E-01  5.5341304039E-01  9.3919192929E+00  5.8244425902E+00  4.3694297884E+00  7.9446743294E+00  0.0000000000E+00  0.0000000000E+00
| Next sampling location (x_next, i_next):
  7.5072102803E+01  1.7912442379E+02  0.0000000000E+00

Iteration time [s]:   23.493        Total time [s]:  538.064

--------------------------------------------------------------------------------
                                BO ITERATION 23                                 
--------------------------------------------------------------------------------
| Evaluating objective function at 7.507E+01 1.791E+02 0.000E+00
| Objective function evaluated, time [s]       22.900
| Data point added to dataset (x i y): 
  7.5072102803E+01  1.7912442379E+02  0.0000000000E+00      -2.0300944597E+05

| Total ensemble size: 55
| Best acquisition, x_best i_best y_best:
  2.2790617594E+02  2.3493883660E+00  0.0000000000E+00      -2.0301226795E+05
| Global minimum prediction, x_hat mu_hat +- nu_hat:
  2.3832080854E+02  4.4812998326E-01  0.0000000000E+00      -2.0301234181E+05  6.2625767535E-03
| Global minimum convergence, d_xhat d_muhat:
  5.4959291075E-02  1.1096400068E-04

| GP model hyperparameters (lengthscales W kappa):
  5.4296682225E-01  5.6421615249E-01  9.5946135612E+00  5.9841582552E+00  4.5181600813E+00  8.1285165626E+00  0.0000000000E+00  0.0000000000E+00
| Next sampling location (x_next, i_next):
  2.4066650257E+02 -5.5515316213E-01  0.0000000000E+00

Iteration time [s]:   24.787        Total time [s]:  562.852

--------------------------------------------------------------------------------
                                BO ITERATION 24                                 
--------------------------------------------------------------------------------
| Evaluating objective function at 2.407E+02 -5.552E-01 0.000E+00
| Objective function evaluated, time [s]       23.027
| Data point added to dataset (x i y): 
  2.4066650257E+02 -5.5515316213E-01  0.0000000000E+00      -2.0301236190E+05

| Total ensemble size: 56
| Best acquisition, x_best i_best y_best:
  2.4066650257E+02 -5.5515316213E-01  0.0000000000E+00      -2.0301236190E+05
| Global minimum prediction, x_hat mu_hat +- nu_hat:
  2.3891479531E+02  2.6590160314E-01  0.0000000000E+00      -2.0301236649E+05  1.4746008054E-05
| Global minimum convergence, d_xhat d_muhat:
  6.2131108260E-01  1.0283875404E-03

| GP model hyperparameters (lengthscales W kappa):
  5.5140400271E-01  5.6524653720E-01  9.6233235962E+00  5.9591470150E+00  4.5780678890E+00  8.2421119485E+00  0.0000000000E+00  0.0000000000E+00
| Next sampling location (x_next, i_next):
  2.4852888366E+02  2.1309645692E-01  0.0000000000E+00

Iteration time [s]:   24.958        Total time [s]:  587.811

--------------------------------------------------------------------------------
                                BO ITERATION 25                                 
--------------------------------------------------------------------------------
| Evaluating objective function at 2.485E+02 2.131E-01 0.000E+00
| Objective function evaluated, time [s]       23.052
| Data point added to dataset (x i y): 
  2.4852888366E+02  2.1309645692E-01  0.0000000000E+00      -2.0301221898E+05

| Total ensemble size: 57
| Best acquisition, x_best i_best y_best:
  2.4066650257E+02 -5.5515316213E-01  0.0000000000E+00      -2.0301236190E+05
| Global minimum prediction, x_hat mu_hat +- nu_hat:
  2.3842038786E+02  3.3291143621E-01  0.0000000000E+00      -2.0301236784E+05  7.9744056673E-06
| Global minimum convergence, d_xhat d_muhat:
  4.9892789040E-01  5.5396589395E-05

| GP model hyperparameters (lengthscales W kappa):
  5.5909158295E-01  5.7248611126E-01  9.7057767721E+00  5.9335022156E+00  4.6228925839E+00  8.3949694075E+00  0.0000000000E+00  0.0000000000E+00
| Next sampling location (x_next, i_next):
  2.3690868284E+02  1.4173597842E+00  0.0000000000E+00

Iteration time [s]:   24.966        Total time [s]:  612.777

--------------------------------------------------------------------------------
                                BO ITERATION 26                                 
--------------------------------------------------------------------------------
| Evaluating objective function at 2.369E+02 1.417E+00 0.000E+00
| Objective function evaluated, time [s]       23.840
| Data point added to dataset (x i y): 
  2.3690868284E+02  1.4173597842E+00  0.0000000000E+00      -2.0301237071E+05

| Total ensemble size: 58
| Best acquisition, x_best i_best y_best:
  2.3690868284E+02  1.4173597842E+00  0.0000000000E+00      -2.0301237071E+05
| Global minimum prediction, x_hat mu_hat +- nu_hat:
  2.3780605138E+02  7.6265612618E-01  0.0000000000E+00      -2.0301237318E+05  3.4441209165E-07
| Global minimum convergence, d_xhat d_muhat:
  7.4972649554E-01  2.1824750804E-04

| GP model hyperparameters (lengthscales W kappa):
  5.5606338004E-01  5.6161442337E-01  9.6668061863E+00  5.7362763835E+00  4.3657547719E+00  8.2962908043E+00  0.0000000000E+00  0.0000000000E+00
| Next sampling location (x_next, i_next):
  2.3715299753E+02  5.6698702090E-01  0.0000000000E+00

Iteration time [s]:   25.862        Total time [s]:  638.639

--------------------------------------------------------------------------------
                                BO ITERATION 27                                 
--------------------------------------------------------------------------------
| Evaluating objective function at 2.372E+02 5.670E-01 0.000E+00
| Objective function evaluated, time [s]       23.028
| Acquisition location too confident, doing pure exploration
| Data point added to dataset (x i y): 
  2.3715299753E+02  5.6698702090E-01  0.0000000000E+00      -2.0301237286E+05

| Total ensemble size: 59
| Best acquisition, x_best i_best y_best:
  2.3715299753E+02  5.6698702090E-01  0.0000000000E+00      -2.0301237286E+05
| Global minimum prediction, x_hat mu_hat +- nu_hat:
  2.3767158832E+02  7.1581847260E-01  0.0000000000E+00      -2.0301237379E+05  2.3179358788E-08
| Global minimum convergence, d_xhat d_muhat:
  1.4238707357E-01  2.4932688696E-05

| GP model hyperparameters (lengthscales W kappa):
  5.6120626814E-01  5.8860435827E-01  6.3135858087E+00  1.0241201453E+01  8.5198933883E+00  4.5925974068E+00  0.0000000000E+00  0.0000000000E+00
| Next sampling location (x_next, i_next):
  1.2716941120E+02  2.8697129928E+02  0.0000000000E+00

Iteration time [s]:   25.399        Total time [s]:  664.039

--------------------------------------------------------------------------------
                                BO ITERATION 28                                 
--------------------------------------------------------------------------------
| Evaluating objective function at 1.272E+02 2.870E+02 0.000E+00
| Objective function evaluated, time [s]       22.991
| Acquisition location too confident, doing pure exploration
| Data point added to dataset (x i y): 
  1.2716941120E+02  2.8697129928E+02  0.0000000000E+00      -2.0298942263E+05

| Total ensemble size: 60
| Best acquisition, x_best i_best y_best:
  2.3715299753E+02  5.6698702090E-01  0.0000000000E+00      -2.0301237286E+05
| Global minimum prediction, x_hat mu_hat +- nu_hat:
  2.3765438207E+02  7.1779196793E-01  0.0000000000E+00      -2.0301237377E+05  2.2120237997E-08
| Global minimum convergence, d_xhat d_muhat:
  1.7319060432E-02  9.5342786864E-07

| GP model hyperparameters (lengthscales W kappa):
  5.5398900825E-01  5.5757055155E-01  5.7193944893E+00  9.5115039791E+00  8.1706464423E+00  4.3787330598E+00  0.0000000000E+00  0.0000000000E+00
| Next sampling location (x_next, i_next):
  1.2123307452E+02  6.2912402485E+01  0.0000000000E+00

Iteration time [s]:   25.649        Total time [s]:  689.689

--------------------------------------------------------------------------------
                                BO ITERATION 29                                 
--------------------------------------------------------------------------------
| Evaluating objective function at 1.212E+02 6.291E+01 0.000E+00
| Objective function evaluated, time [s]       22.998
| Acquisition location too confident, doing pure exploration
| Data point added to dataset (x i y): 
  1.2123307452E+02  6.2912402485E+01  0.0000000000E+00      -2.0299107158E+05

| Total ensemble size: 61
| Best acquisition, x_best i_best y_best:
  2.3715299753E+02  5.6698702090E-01  0.0000000000E+00      -2.0301237286E+05
| Global minimum prediction, x_hat mu_hat +- nu_hat:
  2.3764939266E+02  7.1867880026E-01  0.0000000000E+00      -2.0301237376E+05  2.1761428126E-08
| Global minimum convergence, d_xhat d_muhat:
  5.0676112993E-03  2.0789626984E-07

| GP model hyperparameters (lengthscales W kappa):
  5.5129511151E-01  5.3737021864E-01  5.2483083070E+00  9.0087999723E+00  7.9570249779E+00  4.1964470618E+00  0.0000000000E+00  0.0000000000E+00
| Next sampling location (x_next, i_next):
  2.3794857238E+02  2.6122904747E+02  0.0000000000E+00

Iteration time [s]:   25.658        Total time [s]:  715.347

--------------------------------------------------------------------------------
                                BO ITERATION 30                                 
--------------------------------------------------------------------------------
| Evaluating objective function at 2.379E+02 2.612E+02 0.000E+00
| Objective function evaluated, time [s]       23.318
| Acquisition location too confident, doing pure exploration
| Data point added to dataset (x i y): 
  2.3794857238E+02  2.6122904747E+02  0.0000000000E+00      -2.0298878073E+05

| Total ensemble size: 62
| Best acquisition, x_best i_best y_best:
  2.3715299753E+02  5.6698702090E-01  0.0000000000E+00      -2.0301237286E+05
| Global minimum prediction, x_hat mu_hat +- nu_hat:
  2.3765569021E+02  7.1797033271E-01  0.0000000000E+00      -2.0301237377E+05  2.1041904130E-08
| Global minimum convergence, d_xhat d_muhat:
  6.3372806084E-03  3.5104801886E-07

| GP model hyperparameters (lengthscales W kappa):
  5.4994523328E-01  5.4217758509E-01  5.3155416613E+00  8.9563239705E+00  7.8881840349E+00  4.2472929350E+00  0.0000000000E+00  0.0000000000E+00
| Next sampling location (x_next, i_next):
  2.9034366964E+02  1.0328761051E+02  0.0000000000E+00

Iteration time [s]:   26.020        Total time [s]:  741.368

--------------------------------------------------------------------------------
                                BO ITERATION 31                                 
--------------------------------------------------------------------------------
| Evaluating objective function at 2.903E+02 1.033E+02 0.000E+00
| Objective function evaluated, time [s]       22.859
| Acquisition location too confident, doing pure exploration
| Data point added to dataset (x i y): 
  2.9034366964E+02  1.0328761051E+02  0.0000000000E+00      -2.0299057547E+05

| Total ensemble size: 63
| Best acquisition, x_best i_best y_best:
  2.3715299753E+02  5.6698702090E-01  0.0000000000E+00      -2.0301237286E+05
| Global minimum prediction, x_hat mu_hat +- nu_hat:
  2.3765846007E+02  7.1772265501E-01  0.0000000000E+00      -2.0301237378E+05  2.1083058765E-08
| Global minimum convergence, d_xhat d_muhat:
  2.7809064365E-03  1.7070787224E-07

| GP model hyperparameters (lengthscales W kappa):
  5.4644475735E-01  5.4331558162E-01  5.3531674761E+00  8.8333065467E+00  7.7869749296E+00  4.3057375898E+00  0.0000000000E+00  0.0000000000E+00
| Next sampling location (x_next, i_next):
  1.4467788675E+02  1.1421936596E+02  0.0000000000E+00

Iteration time [s]:   25.575        Total time [s]:  766.943

--------------------------------------------------------------------------------
                                BO ITERATION 32                                 
--------------------------------------------------------------------------------
| Evaluating objective function at 1.447E+02 1.142E+02 0.000E+00
| Objective function evaluated, time [s]       22.820
| Acquisition location too confident, doing pure exploration
| Data point added to dataset (x i y): 
  1.4467788675E+02  1.1421936596E+02  0.0000000000E+00      -2.0299390797E+05

| Total ensemble size: 64
| Best acquisition, x_best i_best y_best:
  2.3715299753E+02  5.6698702090E-01  0.0000000000E+00      -2.0301237286E+05
| Global minimum prediction, x_hat mu_hat +- nu_hat:
  2.3765910369E+02  7.1768109254E-01  0.0000000000E+00      -2.0301237378E+05  2.0522341071E-08
| Global minimum convergence, d_xhat d_muhat:
  6.4496522297E-04  3.7706583644E-08

| GP model hyperparameters (lengthscales W kappa):
  5.4641698076E-01  5.4442058492E-01  8.7422052461E+00  5.3364588491E+00  4.3333977563E+00  7.7390495205E+00  0.0000000000E+00  0.0000000000E+00
| Next sampling location (x_next, i_next):
  3.2369734927E+00  2.7973427479E+02  0.0000000000E+00

Iteration time [s]:   25.664        Total time [s]:  792.608

--------------------------------------------------------------------------------
                                BO ITERATION 33                                 
--------------------------------------------------------------------------------
| Evaluating objective function at 3.237E+00 2.797E+02 0.000E+00
| Objective function evaluated, time [s]       23.406
| Acquisition location too confident, doing pure exploration
| Data point added to dataset (x i y): 
  3.2369734927E+00  2.7973427479E+02  0.0000000000E+00      -2.0298938050E+05

| Total ensemble size: 65
| Best acquisition, x_best i_best y_best:
  2.3715299753E+02  5.6698702090E-01  0.0000000000E+00      -2.0301237286E+05
| Global minimum prediction, x_hat mu_hat +- nu_hat:
  2.3766159405E+02  7.1741348703E-01  0.0000000000E+00      -2.0301237378E+05  2.0488519237E-08
| Global minimum convergence, d_xhat d_muhat:
  2.5046932129E-03  1.7487159411E-07

| GP model hyperparameters (lengthscales W kappa):
  5.4455867769E-01  5.5184319625E-01  8.7884289612E+00  5.5266437961E+00  4.4416897249E+00  7.7034781584E+00  0.0000000000E+00  0.0000000000E+00
| Next sampling location (x_next, i_next):
 -8.7272024481E-01  6.8556852599E+01  0.0000000000E+00

Iteration time [s]:   26.435        Total time [s]:  819.043

--------------------------------------------------------------------------------
                                BO ITERATION 34                                 
--------------------------------------------------------------------------------
| Evaluating objective function at -8.727E-01 6.856E+01 0.000E+00
| Objective function evaluated, time [s]       23.030
| Acquisition location too confident, doing pure exploration
| Data point added to dataset (x i y): 
 -8.7272024481E-01  6.8556852599E+01  0.0000000000E+00      -2.0299028064E+05

| Total ensemble size: 66
| Best acquisition, x_best i_best y_best:
  2.3715299753E+02  5.6698702090E-01  0.0000000000E+00      -2.0301237286E+05
| Global minimum prediction, x_hat mu_hat +- nu_hat:
  2.3766400798E+02  7.1772948048E-01  0.0000000000E+00      -2.0301237379E+05  2.3671750693E-08
| Global minimum convergence, d_xhat d_muhat:
  2.4345224097E-03  2.1346096115E-07

| GP model hyperparameters (lengthscales W kappa):
  5.2292978805E-01  5.2239390756E-01  8.0732623345E+00  4.9567908381E+00  4.1302661117E+00  7.2524294968E+00  0.0000000000E+00  0.0000000000E+00
| Next sampling location (x_next, i_next):
  1.7848045405E+02  2.6764566345E+02  0.0000000000E+00

Iteration time [s]:   26.157        Total time [s]:  845.200

--------------------------------------------------------------------------------
                                BO ITERATION 35                                 
--------------------------------------------------------------------------------
| Evaluating objective function at 1.785E+02 2.676E+02 0.000E+00
| Objective function evaluated, time [s]       23.381
| Data point added to dataset (x i y): 
  1.7848045405E+02  2.6764566345E+02  0.0000000000E+00      -2.0298874332E+05

| Total ensemble size: 67
| Best acquisition, x_best i_best y_best:
  2.3715299753E+02  5.6698702090E-01  0.0000000000E+00      -2.0301237286E+05
| Global minimum prediction, x_hat mu_hat +- nu_hat:
  2.3765645362E+02  7.1831793784E-01  0.0000000000E+00      -2.0301237378E+05  2.2555246470E-08
| Global minimum convergence, d_xhat d_muhat:
  7.5772441793E-03  4.9856366932E-07

| GP model hyperparameters (lengthscales W kappa):
  5.2169330431E-01  5.2049018543E-01  4.8853418035E+00  7.9513129040E+00  7.1547545488E+00  4.0873274257E+00  0.0000000000E+00  0.0000000000E+00
| Next sampling location (x_next, i_next):
  1.8883870735E+02  1.7222183312E+02  0.0000000000E+00

Iteration time [s]:   26.002        Total time [s]:  871.203

--------------------------------------------------------------------------------
                                BO ITERATION 36                                 
--------------------------------------------------------------------------------
| Evaluating objective function at 1.888E+02 1.722E+02 0.000E+00
| Objective function evaluated, time [s]       21.747
| Acquisition location too confident, doing pure exploration
| Data point added to dataset (x i y): 
  1.8883870735E+02  1.7222183312E+02  0.0000000000E+00      -2.0300751009E+05

| Total ensemble size: 68
| Best acquisition, x_best i_best y_best:
  2.3715299753E+02  5.6698702090E-01  0.0000000000E+00      -2.0301237286E+05
| Global minimum prediction, x_hat mu_hat +- nu_hat:
  2.3765559023E+02  7.1837618567E-01  0.0000000000E+00      -2.0301237377E+05  2.1255351168E-08
| Global minimum convergence, d_xhat d_muhat:
  8.6535247968E-04  7.3115873110E-08

| GP model hyperparameters (lengthscales W kappa):
  5.2825500998E-01  5.2355322921E-01  4.8885585228E+00  7.9996481672E+00  7.2509209509E+00  4.1394512126E+00  0.0000000000E+00  0.0000000000E+00
| Next sampling location (x_next, i_next):
  4.6279087729E+00 -4.0649404606E+00  0.0000000000E+00

Iteration time [s]:   25.167        Total time [s]:  896.371

--------------------------------------------------------------------------------
                                BO ITERATION 37                                 
--------------------------------------------------------------------------------
| Evaluating objective function at 4.628E+00 -4.065E+00 0.000E+00
| Objective function evaluated, time [s]       23.094
| Acquisition location too confident, doing pure exploration
| Data point added to dataset (x i y): 
  4.6279087729E+00 -4.0649404606E+00  0.0000000000E+00      -2.0299077744E+05

| Total ensemble size: 69
| Best acquisition, x_best i_best y_best:
  2.3715299753E+02  5.6698702090E-01  0.0000000000E+00      -2.0301237286E+05
| Global minimum prediction, x_hat mu_hat +- nu_hat:
  2.3765530584E+02  7.1806330901E-01  0.0000000000E+00      -2.0301237377E+05  2.2103824460E-08
| Global minimum convergence, d_xhat d_muhat:
  4.2280607513E-04  4.3090737090E-08

| GP model hyperparameters (lengthscales W kappa):
  5.2203749311E-01  5.3184900346E-01  5.1902331961E+00  8.1256702911E+00  7.1915187331E+00  4.2551021603E+00  0.0000000000E+00  0.0000000000E+00
| Next sampling location (x_next, i_next):
  2.3246482227E+02  1.0138064090E+02  0.0000000000E+00

Iteration time [s]:   26.518        Total time [s]:  922.889

--------------------------------------------------------------------------------
                                BO ITERATION 38                                 
--------------------------------------------------------------------------------
| Evaluating objective function at 2.325E+02 1.014E+02 0.000E+00
| Objective function evaluated, time [s]       21.721
| Acquisition location too confident, doing pure exploration
| Data point added to dataset (x i y): 
  2.3246482227E+02  1.0138064090E+02  0.0000000000E+00      -2.0298935906E+05

| Total ensemble size: 70
| Best acquisition, x_best i_best y_best:
  2.3715299753E+02  5.6698702090E-01  0.0000000000E+00      -2.0301237286E+05
| Global minimum prediction, x_hat mu_hat +- nu_hat:
  2.3765576274E+02  7.1803283390E-01  0.0000000000E+00      -2.0301237378E+05  2.1646305992E-08
| Global minimum convergence, d_xhat d_muhat:
  4.5790882738E-04  2.8708039816E-08

| GP model hyperparameters (lengthscales W kappa):
  5.2212055566E-01  5.3270759329E-01  5.1625262318E+00  8.0449082060E+00  7.1457536590E+00  4.2633870181E+00  0.0000000000E+00  0.0000000000E+00
| Next sampling location (x_next, i_next):
  4.1616745959E+01  9.6572456529E+01  0.0000000000E+00

Iteration time [s]:   24.940        Total time [s]:  947.830

--------------------------------------------------------------------------------
                                BO ITERATION 39                                 
--------------------------------------------------------------------------------
| Evaluating objective function at 4.162E+01 9.657E+01 0.000E+00
| Objective function evaluated, time [s]       21.686
| Acquisition location too confident, doing pure exploration
| Data point added to dataset (x i y): 
  4.1616745959E+01  9.6572456529E+01  0.0000000000E+00      -2.0299098331E+05

| Total ensemble size: 71
| Best acquisition, x_best i_best y_best:
  2.3715299753E+02  5.6698702090E-01  0.0000000000E+00      -2.0301237286E+05
| Global minimum prediction, x_hat mu_hat +- nu_hat:
  2.3764476632E+02  7.1896543014E-01  0.0000000000E+00      -2.0301237376E+05  2.4176335511E-08
| Global minimum convergence, d_xhat d_muhat:
  1.1035896935E-02  6.8053079519E-07

| GP model hyperparameters (lengthscales W kappa):
  5.0544976894E-01  5.1999827994E-01  4.9636876160E+00  7.7872188241E+00  6.8693919423E+00  4.0442161801E+00  0.0000000000E+00  0.0000000000E+00
| Next sampling location (x_next, i_next):
  6.2443101372E+01  2.7055199979E+02  0.0000000000E+00

Iteration time [s]:   25.380        Total time [s]:  973.211

--------------------------------------------------------------------------------
                                BO ITERATION 40                                 
--------------------------------------------------------------------------------
| Evaluating objective function at 6.244E+01 2.706E+02 0.000E+00
| Objective function evaluated, time [s]       23.028
| Acquisition location too confident, doing pure exploration
| Data point added to dataset (x i y): 
  6.2443101372E+01  2.7055199979E+02  0.0000000000E+00      -2.0299063276E+05

| Total ensemble size: 72
| Best acquisition, x_best i_best y_best:
  2.3715299753E+02  5.6698702090E-01  0.0000000000E+00      -2.0301237286E+05
| Global minimum prediction, x_hat mu_hat +- nu_hat:
  2.3765620731E+02  7.1779628974E-01  0.0000000000E+00      -2.0301237378E+05  2.9955051683E-08
| Global minimum convergence, d_xhat d_muhat:
  1.1500571600E-02  8.0219803202E-07

| GP model hyperparameters (lengthscales W kappa):
  4.8756129549E-01  4.9686677908E-01  7.4956031786E+00  4.8516326093E+00  3.9007552922E+00  6.5457176143E+00  0.0000000000E+00  0.0000000000E+00
| Next sampling location (x_next, i_next):
  1.0820882251E+02 -1.9868002547E+01  0.0000000000E+00

Iteration time [s]:   26.833        Total time [s]: 1000.044

--------------------------------------------------------------------------------
                                BO ITERATION 41                                 
--------------------------------------------------------------------------------
| Evaluating objective function at 1.082E+02 -1.987E+01 0.000E+00
| Objective function evaluated, time [s]       23.168
| Acquisition location too confident, doing pure exploration
| Data point added to dataset (x i y): 
  1.0820882251E+02 -1.9868002547E+01  0.0000000000E+00      -2.0299526784E+05

| Total ensemble size: 73
| Best acquisition, x_best i_best y_best:
  2.3715299753E+02  5.6698702090E-01  0.0000000000E+00      -2.0301237286E+05
| Global minimum prediction, x_hat mu_hat +- nu_hat:
  2.3760436854E+02  7.2286574285E-01  0.0000000000E+00      -2.0301237370E+05  2.3800117344E-08
| Global minimum convergence, d_xhat d_muhat:
  5.2086052510E-02  3.3221700970E-06

| GP model hyperparameters (lengthscales W kappa):
  4.9178973524E-01  4.8455725957E-01  4.2984439076E+00  7.2174012732E+00  6.5749515830E+00  3.6556762479E+00  0.0000000000E+00  0.0000000000E+00
| Next sampling location (x_next, i_next):
  2.9334342455E+02  2.5787354320E+02  0.0000000000E+00

Iteration time [s]:   27.062        Total time [s]: 1027.106

--------------------------------------------------------------------------------
                                BO ITERATION 42                                 
--------------------------------------------------------------------------------
| Evaluating objective function at 2.933E+02 2.579E+02 0.000E+00
| Objective function evaluated, time [s]       23.043
| Acquisition location too confident, doing pure exploration
| Data point added to dataset (x i y): 
  2.9334342455E+02  2.5787354320E+02  0.0000000000E+00      -2.0299209801E+05

| Total ensemble size: 74
| Best acquisition, x_best i_best y_best:
  2.3715299753E+02  5.6698702090E-01  0.0000000000E+00      -2.0301237286E+05
| Global minimum prediction, x_hat mu_hat +- nu_hat:
  2.3760646630E+02  7.2263706465E-01  0.0000000000E+00      -2.0301237370E+05  2.2775514719E-08
| Global minimum convergence, d_xhat d_muhat:
  2.1101852242E-03  1.1685852266E-07

| GP model hyperparameters (lengthscales W kappa):
  4.9180045089E-01  4.8813399077E-01  4.3135450528E+00  7.1938899684E+00  6.5659138718E+00  3.6826368274E+00  0.0000000000E+00  0.0000000000E+00
| Next sampling location (x_next, i_next):
  1.3887814980E+02  2.3632331471E+02  0.0000000000E+00

Iteration time [s]:   26.773        Total time [s]: 1053.879

--------------------------------------------------------------------------------
                                BO ITERATION 43                                 
--------------------------------------------------------------------------------
| Evaluating objective function at 1.389E+02 2.363E+02 0.000E+00
| Objective function evaluated, time [s]       24.330
| Acquisition location too confident, doing pure exploration
| Data point added to dataset (x i y): 
  1.3887814980E+02  2.3632331471E+02  0.0000000000E+00      -2.0299551622E+05

| Total ensemble size: 75
| Best acquisition, x_best i_best y_best:
  2.3715299753E+02  5.6698702090E-01  0.0000000000E+00      -2.0301237286E+05
| Global minimum prediction, x_hat mu_hat +- nu_hat:
  2.3760691531E+02  7.2260060058E-01  0.0000000000E+00      -2.0301237370E+05  2.2309014991E-08
| Global minimum convergence, d_xhat d_muhat:
  4.5048722165E-04  3.0765920841E-08

| GP model hyperparameters (lengthscales W kappa):
  4.9259882355E-01  4.9017616981E-01  4.3267881010E+00  7.1725567934E+00  6.5650501649E+00  3.7188038153E+00  0.0000000000E+00  0.0000000000E+00
| Next sampling location (x_next, i_next):
  7.6606634403E+01  6.4425944426E+01  0.0000000000E+00

Iteration time [s]:   28.455        Total time [s]: 1082.335

--------------------------------------------------------------------------------
                                BO ITERATION 44                                 
--------------------------------------------------------------------------------
| Evaluating objective function at 7.661E+01 6.443E+01 0.000E+00
| Objective function evaluated, time [s]       23.112
| Acquisition location too confident, doing pure exploration
| Data point added to dataset (x i y): 
  7.6606634403E+01  6.4425944426E+01  0.0000000000E+00      -2.0299044830E+05

| Total ensemble size: 76
| Best acquisition, x_best i_best y_best:
  2.3715299753E+02  5.6698702090E-01  0.0000000000E+00      -2.0301237286E+05
| Global minimum prediction, x_hat mu_hat +- nu_hat:
  2.3759540565E+02  7.2396263869E-01  0.0000000000E+00      -2.0301237369E+05  2.3058324938E-08
| Global minimum convergence, d_xhat d_muhat:
  1.1589968214E-02  5.8497495928E-07

| GP model hyperparameters (lengthscales W kappa):
  4.8632145968E-01  4.8736486174E-01  4.3800496956E+00  7.1625958361E+00  6.4578058362E+00  3.6749482752E+00  0.0000000000E+00  0.0000000000E+00
| Next sampling location (x_next, i_next):
  1.9284929037E+02  1.2379245430E+02  0.0000000000E+00

Iteration time [s]:   27.153        Total time [s]: 1109.488

--------------------------------------------------------------------------------
                                BO ITERATION 45                                 
--------------------------------------------------------------------------------
| Evaluating objective function at 1.928E+02 1.238E+02 0.000E+00
| Objective function evaluated, time [s]       23.033
| Acquisition location too confident, doing pure exploration
| Data point added to dataset (x i y): 
  1.9284929037E+02  1.2379245430E+02  0.0000000000E+00      -2.0299561398E+05

| Total ensemble size: 77
| Best acquisition, x_best i_best y_best:
  2.3715299753E+02  5.6698702090E-01  0.0000000000E+00      -2.0301237286E+05
| Global minimum prediction, x_hat mu_hat +- nu_hat:
  2.3759353019E+02  7.2414793270E-01  0.0000000000E+00      -2.0301237369E+05  2.2290881940E-08
| Global minimum convergence, d_xhat d_muhat:
  1.8845971101E-03  1.1690409450E-07

| GP model hyperparameters (lengthscales W kappa):
  4.8791852178E-01  4.9190719743E-01  4.3901882323E+00  7.1769066762E+00  6.4804394011E+00  3.6936057321E+00  0.0000000000E+00  0.0000000000E+00
| Next sampling location (x_next, i_next):
 -2.9887315438E+01  1.1947319858E+02  0.0000000000E+00

Iteration time [s]:   27.039        Total time [s]: 1136.528

--------------------------------------------------------------------------------
                                BO ITERATION 46                                 
--------------------------------------------------------------------------------
| Evaluating objective function at -2.989E+01 1.195E+02 0.000E+00
| Objective function evaluated, time [s]       23.990
| Acquisition location too confident, doing pure exploration
| Data point added to dataset (x i y): 
 -2.9887315438E+01  1.1947319858E+02  0.0000000000E+00      -2.0299479398E+05

| Total ensemble size: 78
| Best acquisition, x_best i_best y_best:
  2.3715299753E+02  5.6698702090E-01  0.0000000000E+00      -2.0301237286E+05
| Global minimum prediction, x_hat mu_hat +- nu_hat:
  2.3759272787E+02  7.2423879810E-01  0.0000000000E+00      -2.0301237368E+05  2.1549885343E-08
| Global minimum convergence, d_xhat d_muhat:
  8.0745023641E-04  4.7627502823E-08

| GP model hyperparameters (lengthscales W kappa):
  4.9000064119E-01  4.9320833812E-01  7.1566537789E+00  4.3802080369E+00  3.7112812412E+00  6.4873806634E+00  0.0000000000E+00  0.0000000000E+00
| Next sampling location (x_next, i_next):
 -2.4882249875E+01 -4.1646900804E+01  0.0000000000E+00

Iteration time [s]:   27.777        Total time [s]: 1164.306

--------------------------------------------------------------------------------
                                BO ITERATION 47                                 
--------------------------------------------------------------------------------
| Evaluating objective function at -2.488E+01 -4.165E+01 0.000E+00
| Objective function evaluated, time [s]       23.128
| Data point added to dataset (x i y): 
 -2.4882249875E+01 -4.1646900804E+01  0.0000000000E+00      -2.0299674502E+05

| Total ensemble size: 79
| Best acquisition, x_best i_best y_best:
  2.3715299753E+02  5.6698702090E-01  0.0000000000E+00      -2.0301237286E+05
| Global minimum prediction, x_hat mu_hat +- nu_hat:
  2.3761775340E+02  7.2137807356E-01  0.0000000000E+00      -2.0301237372E+05  2.5496808131E-08
| Global minimum convergence, d_xhat d_muhat:
  2.5188516588E-02  1.4990993302E-06

| GP model hyperparameters (lengthscales W kappa):
  4.7826333647E-01  4.8327146600E-01  4.4784294968E+00  7.0185123492E+00  6.3482426942E+00  3.8086524309E+00  0.0000000000E+00  0.0000000000E+00
| Next sampling location (x_next, i_next):
  3.0248872844E+01  1.8239088951E+02  0.0000000000E+00

Iteration time [s]:   26.687        Total time [s]: 1190.993

--------------------------------------------------------------------------------
                                BO ITERATION 48                                 
--------------------------------------------------------------------------------
| Evaluating objective function at 3.025E+01 1.824E+02 0.000E+00
| Objective function evaluated, time [s]       23.059
| Acquisition location too confident, doing pure exploration
| Data point added to dataset (x i y): 
  3.0248872844E+01  1.8239088951E+02  0.0000000000E+00      -2.0300883857E+05

| Total ensemble size: 80
| Best acquisition, x_best i_best y_best:
  2.3715299753E+02  5.6698702090E-01  0.0000000000E+00      -2.0301237286E+05
| Global minimum prediction, x_hat mu_hat +- nu_hat:
  2.3761617374E+02  7.2147993365E-01  0.0000000000E+00      -2.0301237372E+05  2.4127165954E-08
| Global minimum convergence, d_xhat d_muhat:
  1.5829427598E-03  1.1679324408E-07

| GP model hyperparameters (lengthscales W kappa):
  4.8310385877E-01  4.9001863895E-01  4.5309341956E+00  7.1234368066E+00  6.4439463519E+00  3.8513383560E+00  0.0000000000E+00  0.0000000000E+00
| Next sampling location (x_next, i_next):
  1.0154278651E+02  2.2620082169E+01  0.0000000000E+00

Iteration time [s]:   27.170        Total time [s]: 1218.164

--------------------------------------------------------------------------------
                                BO ITERATION 49                                 
--------------------------------------------------------------------------------
| Evaluating objective function at 1.015E+02 2.262E+01 0.000E+00
| Objective function evaluated, time [s]       23.222
| Acquisition location too confident, doing pure exploration
| Data point added to dataset (x i y): 
  1.0154278651E+02  2.2620082169E+01  0.0000000000E+00      -2.0299113007E+05

| Total ensemble size: 81
| Best acquisition, x_best i_best y_best:
  2.3715299753E+02  5.6698702090E-01  0.0000000000E+00      -2.0301237286E+05
| Global minimum prediction, x_hat mu_hat +- nu_hat:
  2.3766023227E+02  7.1724745072E-01  0.0000000000E+00      -2.0301237379E+05  3.1524867960E-08
| Global minimum convergence, d_xhat d_muhat:
  4.4261355727E-02  2.8824880556E-06

| GP model hyperparameters (lengthscales W kappa):
  4.6848509694E-01  4.7168412173E-01  4.7171520264E+00  6.9562487017E+00  6.1278175643E+00  3.8891744728E+00  0.0000000000E+00  0.0000000000E+00
| Next sampling location (x_next, i_next):
  8.9906000418E+01  2.9906718691E+02  0.0000000000E+00

Iteration time [s]:   27.643        Total time [s]: 1245.807

--------------------------------------------------------------------------------
                                BO ITERATION 50                                 
--------------------------------------------------------------------------------
| Evaluating objective function at 8.991E+01 2.991E+02 0.000E+00
| Objective function evaluated, time [s]       23.119
| Acquisition location too confident, doing pure exploration
| Data point added to dataset (x i y): 
  8.9906000418E+01  2.9906718691E+02  0.0000000000E+00      -2.0299348341E+05

| Total ensemble size: 82
| Best acquisition, x_best i_best y_best:
  2.3715299753E+02  5.6698702090E-01  0.0000000000E+00      -2.0301237286E+05
| Global minimum prediction, x_hat mu_hat +- nu_hat:
  2.3765372698E+02  7.1772864825E-01  0.0000000000E+00      -2.0301237377E+05  3.0507342341E-08
| Global minimum convergence, d_xhat d_muhat:
  6.5230604899E-03  4.5185837365E-07

| GP model hyperparameters (lengthscales W kappa):
  4.6913176524E-01  4.6778598215E-01  6.8626582637E+00  4.6119668217E+00  3.8172276055E+00  6.0682844333E+00  0.0000000000E+00  0.0000000000E+00
| Next sampling location (x_next, i_next):
  1.6391886195E+02  3.1000000000E+02  0.0000000000E+00

Iteration time [s]:   27.643        Total time [s]: 1273.450

|| Bayesian optimization completed, time [s]     1273.441


--------------------------------------------------------------------------------
                        BOSS is done! Have a nice day :)                        

      Datetime 15-08-2020 01:00:07            Total time [s]     1273.451       
--------------------------------------------------------------------------------
