
-----------------------------   Welcome to ....   ------------------------------
                      _______  _______ _______ _______ 
                     |   _   \|   _   |   _   |   _   |
                     |.  1   /|.  |   |   1___|   1___|
                     |.  _   \|.  |   |____   |____   |
                     |:  1    |:  1   |:  1   |:  1   |
                     |::.. .  |::.. . |::.. . |::.. . |
                     `-------'`-------`-------`-------'

                                 Version 0.9.15                                 
                              15-08-2020 00:38:54                               
--------------------------------------------------------------------------------

| Reading BOSS input file from: in_2D
| Initializing...

--------------------------------------------------------------------------------
                                   INPUT FILE                                   
--------------------------------------------------------------------------------
# input file for alanine 2D (d4-d13)

# optimization
userfn       userfn_2D.py
bounds       -50 310; -50 310
num_tasks    2
kernel       stdp
initpts      2 30
iterpts      50
verbosity    2
kappa_fixto  0 0
W_rank       2
W_prior      gaussian
W_priorparam 7.606 4.226
thetaprior gamma
thetapriorparam 2 0.019; 3.3678 9.0204; 3.3678 9.0204

RESULTS:
1.895452314961529E+01 7.060944810472047E+01 0 -2.029912351993549E+05 
1.495361633878989E+02 -6.053468013282946E+00 0 -2.029956039154363E+05 
2.560502307845955E+02 2.473049162641166E+02 1 3.554630000000000E+01 
-1.338122171156166E+01 2.119086970286159E+02 1 2.374420000000000E+01 
2.884105983925995E+02 -3.974231477345596E+00 1 1.862520000000000E+01 
1.855145482388222E+02 2.668477599190431E+02 1 3.568730000000000E+01 
9.201744396799909E+01 4.379674902365499E+01 1 3.379790000000000E+01 
1.447289813881721E+02 1.278425542216132E+02 1 2.757070000000000E+01 
-3.890628033612110E+01 -1.590414931650005E+01 1 2.328950000000000E+01 
-3.018837125453016E+01 1.619495191143425E+01 1 3.174310000000000E+01 
-2.726145354462992E+01 9.449157009171400E+01 1 3.593650000000000E+01 
1.968044184960301E+02 3.047984376198274E+02 1 3.255530000000000E+01 
1.572292944970418E+02 9.680524018613606E+01 1 3.135100000000000E+01 
1.610228209418230E+02 1.886512597850550E+02 1 2.102310000000000E+01 
4.978205140777597E+01 1.137925281536834E+02 1 2.897990000000000E+01 
2.297104442275962E+02 2.690083195492538E+02 1 3.836600000000000E+01 
-1.062575635326226E+01 3.856747546700373E+01 1 3.587790000000000E+01 
2.153241598508121E+02 1.791783249917708E+01 1 2.045730000000000E+01 
2.184707092720171E+02 4.810161808053842E+01 1 2.890190000000000E+01 
1.873571102960763E+02 1.018343046577006E+02 1 3.212470000000000E+01 
2.128809047409145E+02 9.270562537678862E+01 1 3.580630000000000E+01 
7.105001477327517E+01 2.400553557532546E+02 1 2.757970000000000E+01 
2.747587735160626E+01 1.562624088945963E+01 1 2.870880000000000E+01 
-1.446483684239734E+01 3.100000000000000E+02 1 3.080740000000000E+01 
1.739823712820057E+02 3.733189467995170E+01 1 2.261990000000000E+01 
5.784957948177342E+01 1.821321890416972E+02 1 1.750390000000000E+01 
7.611704550190844E+00 2.476445853446563E+02 1 3.122300000000000E+01 
6.901918317367531E-01 -1.266290249386863E+01 1 3.405120000000000E+01 
3.093998329667930E+02 5.005244799141329E+01 1 3.368900000000000E+01 
1.857001092187174E+02 2.106539090837375E+02 1 2.547910000000000E+01 
1.917559016877730E+02 1.766164404082297E+02 1 2.247480000000000E+01 
1.360130072864166E+01 6.991188185349606E+01 1 3.496640000000000E+01 
--------------------------------------------------------------------------------
                               SIMULATION OPTIONS                               
--------------------------------------------------------------------------------
|| File input/output 
ipfile         in_2D
userfn         userfn_2D.py
outfile        boss.out
rstfile        boss.rst

|| Key settings 
num_tasks         2
W_rank         2
bounds         -5.000E+01 3.100E+02;    -5.000E+01 3.100E+02
kerntype       stdp stdp
yrange         -5.000E+01 3.100E+02;    -5.000E+01 3.100E+02
noise          1.000E-12
initpts    2 30    iterpts   50
gm_tol         none
verbosity      2

|| Data acquisition 
acqfn                elcb
acqtol               1.000E-03

|| GP hyperparameters 
thetainit       1.000E+00 3.142E-01
thetabounds     none
thetaprior      gamma
thetapriorpar   2.000E+00 1.900E-02;    3.368E+00 9.020E+00;    3.368E+00 9.020E+00

|| Hyperparameter optimization
updatefreq   1  initupdate      True
updateoffset 0  updaterestarts  2


--------------------------------------------------------------------------------
                              INITIAL DATAPOINT 1                               
--------------------------------------------------------------------------------
| Data point added to dataset (x i y): 
  1.8954523150E+01  7.0609448105E+01  0.0000000000E+00      -2.0299123520E+05

| Total ensemble size: 1
| Next sampling location (x_next, i_next):
  1.4953616339E+02 -6.0534680133E+00  0.0000000000E+00

Iteration time [s]:    0.001        Total time [s]:    0.042

--------------------------------------------------------------------------------
                              INITIAL DATAPOINT 2                               
--------------------------------------------------------------------------------
| Data point added to dataset (x i y): 
  1.4953616339E+02 -6.0534680133E+00  0.0000000000E+00      -2.0299560392E+05

| Total ensemble size: 2
| Next sampling location (x_next, i_next):
  2.5605023078E+02  2.4730491626E+02  1.0000000000E+00

Iteration time [s]:    0.001        Total time [s]:    0.044

--------------------------------------------------------------------------------
                              INITIAL DATAPOINT 3                               
--------------------------------------------------------------------------------
| Data point added to dataset (x i y): 
  2.5605023078E+02  2.4730491626E+02  1.0000000000E+00       3.5546300000E+01

| Total ensemble size: 3
| Next sampling location (x_next, i_next):
 -1.3381221712E+01  2.1190869703E+02  1.0000000000E+00

Iteration time [s]:    0.001        Total time [s]:    0.045

--------------------------------------------------------------------------------
                              INITIAL DATAPOINT 4                               
--------------------------------------------------------------------------------
| Data point added to dataset (x i y): 
 -1.3381221712E+01  2.1190869703E+02  1.0000000000E+00       2.3744200000E+01

| Total ensemble size: 4
| Next sampling location (x_next, i_next):
  2.8841059839E+02 -3.9742314773E+00  1.0000000000E+00

Iteration time [s]:    0.001        Total time [s]:    0.048

--------------------------------------------------------------------------------
                              INITIAL DATAPOINT 5                               
--------------------------------------------------------------------------------
| Data point added to dataset (x i y): 
  2.8841059839E+02 -3.9742314773E+00  1.0000000000E+00       1.8625200000E+01

| Total ensemble size: 5
| Next sampling location (x_next, i_next):
  1.8551454824E+02  2.6684775992E+02  1.0000000000E+00

Iteration time [s]:    0.001        Total time [s]:    0.049

--------------------------------------------------------------------------------
                              INITIAL DATAPOINT 6                               
--------------------------------------------------------------------------------
| Data point added to dataset (x i y): 
  1.8551454824E+02  2.6684775992E+02  1.0000000000E+00       3.5687300000E+01

| Total ensemble size: 6
| Next sampling location (x_next, i_next):
  9.2017443968E+01  4.3796749024E+01  1.0000000000E+00

Iteration time [s]:    0.001        Total time [s]:    0.051

--------------------------------------------------------------------------------
                              INITIAL DATAPOINT 7                               
--------------------------------------------------------------------------------
| Data point added to dataset (x i y): 
  9.2017443968E+01  4.3796749024E+01  1.0000000000E+00       3.3797900000E+01

| Total ensemble size: 7
| Next sampling location (x_next, i_next):
  1.4472898139E+02  1.2784255422E+02  1.0000000000E+00

Iteration time [s]:    0.001        Total time [s]:    0.052

--------------------------------------------------------------------------------
                              INITIAL DATAPOINT 8                               
--------------------------------------------------------------------------------
| Data point added to dataset (x i y): 
  1.4472898139E+02  1.2784255422E+02  1.0000000000E+00       2.7570700000E+01

| Total ensemble size: 8
| Next sampling location (x_next, i_next):
 -3.8906280336E+01 -1.5904149317E+01  1.0000000000E+00

Iteration time [s]:    0.001        Total time [s]:    0.053

--------------------------------------------------------------------------------
                              INITIAL DATAPOINT 9                               
--------------------------------------------------------------------------------
| Data point added to dataset (x i y): 
 -3.8906280336E+01 -1.5904149317E+01  1.0000000000E+00       2.3289500000E+01

| Total ensemble size: 9
| Next sampling location (x_next, i_next):
 -3.0188371255E+01  1.6194951911E+01  1.0000000000E+00

Iteration time [s]:    0.000        Total time [s]:    0.055

--------------------------------------------------------------------------------
                              INITIAL DATAPOINT 10                              
--------------------------------------------------------------------------------
| Data point added to dataset (x i y): 
 -3.0188371255E+01  1.6194951911E+01  1.0000000000E+00       3.1743100000E+01

| Total ensemble size: 10
| Next sampling location (x_next, i_next):
 -2.7261453545E+01  9.4491570092E+01  1.0000000000E+00

Iteration time [s]:    0.000        Total time [s]:    0.056

--------------------------------------------------------------------------------
                              INITIAL DATAPOINT 11                              
--------------------------------------------------------------------------------
| Data point added to dataset (x i y): 
 -2.7261453545E+01  9.4491570092E+01  1.0000000000E+00       3.5936500000E+01

| Total ensemble size: 11
| Next sampling location (x_next, i_next):
  1.9680441850E+02  3.0479843762E+02  1.0000000000E+00

Iteration time [s]:    0.002        Total time [s]:    0.059

--------------------------------------------------------------------------------
                              INITIAL DATAPOINT 12                              
--------------------------------------------------------------------------------
| Data point added to dataset (x i y): 
  1.9680441850E+02  3.0479843762E+02  1.0000000000E+00       3.2555300000E+01

| Total ensemble size: 12
| Next sampling location (x_next, i_next):
  1.5722929450E+02  9.6805240186E+01  1.0000000000E+00

Iteration time [s]:    0.001        Total time [s]:    0.061

--------------------------------------------------------------------------------
                              INITIAL DATAPOINT 13                              
--------------------------------------------------------------------------------
| Data point added to dataset (x i y): 
  1.5722929450E+02  9.6805240186E+01  1.0000000000E+00       3.1351000000E+01

| Total ensemble size: 13
| Next sampling location (x_next, i_next):
  1.6102282094E+02  1.8865125979E+02  1.0000000000E+00

Iteration time [s]:    0.000        Total time [s]:    0.063

--------------------------------------------------------------------------------
                              INITIAL DATAPOINT 14                              
--------------------------------------------------------------------------------
| Data point added to dataset (x i y): 
  1.6102282094E+02  1.8865125979E+02  1.0000000000E+00       2.1023100000E+01

| Total ensemble size: 14
| Next sampling location (x_next, i_next):
  4.9782051408E+01  1.1379252815E+02  1.0000000000E+00

Iteration time [s]:    0.001        Total time [s]:    0.065

--------------------------------------------------------------------------------
                              INITIAL DATAPOINT 15                              
--------------------------------------------------------------------------------
| Data point added to dataset (x i y): 
  4.9782051408E+01  1.1379252815E+02  1.0000000000E+00       2.8979900000E+01

| Total ensemble size: 15
| Next sampling location (x_next, i_next):
  2.2971044423E+02  2.6900831955E+02  1.0000000000E+00

Iteration time [s]:    0.001        Total time [s]:    0.066

--------------------------------------------------------------------------------
                              INITIAL DATAPOINT 16                              
--------------------------------------------------------------------------------
| Data point added to dataset (x i y): 
  2.2971044423E+02  2.6900831955E+02  1.0000000000E+00       3.8366000000E+01

| Total ensemble size: 16
| Next sampling location (x_next, i_next):
 -1.0625756353E+01  3.8567475467E+01  1.0000000000E+00

Iteration time [s]:    0.001        Total time [s]:    0.069

--------------------------------------------------------------------------------
                              INITIAL DATAPOINT 17                              
--------------------------------------------------------------------------------
| Data point added to dataset (x i y): 
 -1.0625756353E+01  3.8567475467E+01  1.0000000000E+00       3.5877900000E+01

| Total ensemble size: 17
| Next sampling location (x_next, i_next):
  2.1532415985E+02  1.7917832499E+01  1.0000000000E+00

Iteration time [s]:    0.000        Total time [s]:    0.070

--------------------------------------------------------------------------------
                              INITIAL DATAPOINT 18                              
--------------------------------------------------------------------------------
| Data point added to dataset (x i y): 
  2.1532415985E+02  1.7917832499E+01  1.0000000000E+00       2.0457300000E+01

| Total ensemble size: 18
| Next sampling location (x_next, i_next):
  2.1847070927E+02  4.8101618081E+01  1.0000000000E+00

Iteration time [s]:    0.001        Total time [s]:    0.074

--------------------------------------------------------------------------------
                              INITIAL DATAPOINT 19                              
--------------------------------------------------------------------------------
| Data point added to dataset (x i y): 
  2.1847070927E+02  4.8101618081E+01  1.0000000000E+00       2.8901900000E+01

| Total ensemble size: 19
| Next sampling location (x_next, i_next):
  1.8735711030E+02  1.0183430466E+02  1.0000000000E+00

Iteration time [s]:    0.001        Total time [s]:    0.075

--------------------------------------------------------------------------------
                              INITIAL DATAPOINT 20                              
--------------------------------------------------------------------------------
| Data point added to dataset (x i y): 
  1.8735711030E+02  1.0183430466E+02  1.0000000000E+00       3.2124700000E+01

| Total ensemble size: 20
| Next sampling location (x_next, i_next):
  2.1288090474E+02  9.2705625377E+01  1.0000000000E+00

Iteration time [s]:    0.001        Total time [s]:    0.076

--------------------------------------------------------------------------------
                              INITIAL DATAPOINT 21                              
--------------------------------------------------------------------------------
| Data point added to dataset (x i y): 
  2.1288090474E+02  9.2705625377E+01  1.0000000000E+00       3.5806300000E+01

| Total ensemble size: 21
| Next sampling location (x_next, i_next):
  7.1050014773E+01  2.4005535575E+02  1.0000000000E+00

Iteration time [s]:    0.001        Total time [s]:    0.077

--------------------------------------------------------------------------------
                              INITIAL DATAPOINT 22                              
--------------------------------------------------------------------------------
| Data point added to dataset (x i y): 
  7.1050014773E+01  2.4005535575E+02  1.0000000000E+00       2.7579700000E+01

| Total ensemble size: 22
| Next sampling location (x_next, i_next):
  2.7475877352E+01  1.5626240889E+01  1.0000000000E+00

Iteration time [s]:    0.001        Total time [s]:    0.079

--------------------------------------------------------------------------------
                              INITIAL DATAPOINT 23                              
--------------------------------------------------------------------------------
| Data point added to dataset (x i y): 
  2.7475877352E+01  1.5626240889E+01  1.0000000000E+00       2.8708800000E+01

| Total ensemble size: 23
| Next sampling location (x_next, i_next):
 -1.4464836842E+01  3.1000000000E+02  1.0000000000E+00

Iteration time [s]:    0.001        Total time [s]:    0.080

--------------------------------------------------------------------------------
                              INITIAL DATAPOINT 24                              
--------------------------------------------------------------------------------
| Data point added to dataset (x i y): 
 -1.4464836842E+01  3.1000000000E+02  1.0000000000E+00       3.0807400000E+01

| Total ensemble size: 24
| Next sampling location (x_next, i_next):
  1.7398237128E+02  3.7331894680E+01  1.0000000000E+00

Iteration time [s]:    0.000        Total time [s]:    0.082

--------------------------------------------------------------------------------
                              INITIAL DATAPOINT 25                              
--------------------------------------------------------------------------------
| Data point added to dataset (x i y): 
  1.7398237128E+02  3.7331894680E+01  1.0000000000E+00       2.2619900000E+01

| Total ensemble size: 25
| Next sampling location (x_next, i_next):
  5.7849579482E+01  1.8213218904E+02  1.0000000000E+00

Iteration time [s]:    0.001        Total time [s]:    0.083

--------------------------------------------------------------------------------
                              INITIAL DATAPOINT 26                              
--------------------------------------------------------------------------------
| Data point added to dataset (x i y): 
  5.7849579482E+01  1.8213218904E+02  1.0000000000E+00       1.7503900000E+01

| Total ensemble size: 26
| Next sampling location (x_next, i_next):
  7.6117045502E+00  2.4764458534E+02  1.0000000000E+00

Iteration time [s]:    0.001        Total time [s]:    0.084

--------------------------------------------------------------------------------
                              INITIAL DATAPOINT 27                              
--------------------------------------------------------------------------------
| Data point added to dataset (x i y): 
  7.6117045502E+00  2.4764458534E+02  1.0000000000E+00       3.1223000000E+01

| Total ensemble size: 27
| Next sampling location (x_next, i_next):
  6.9019183174E-01 -1.2662902494E+01  1.0000000000E+00

Iteration time [s]:    0.001        Total time [s]:    0.086

--------------------------------------------------------------------------------
                              INITIAL DATAPOINT 28                              
--------------------------------------------------------------------------------
| Data point added to dataset (x i y): 
  6.9019183174E-01 -1.2662902494E+01  1.0000000000E+00       3.4051200000E+01

| Total ensemble size: 28
| Next sampling location (x_next, i_next):
  3.0939983297E+02  5.0052447991E+01  1.0000000000E+00

Iteration time [s]:    0.001        Total time [s]:    0.087

--------------------------------------------------------------------------------
                              INITIAL DATAPOINT 29                              
--------------------------------------------------------------------------------
| Data point added to dataset (x i y): 
  3.0939983297E+02  5.0052447991E+01  1.0000000000E+00       3.3689000000E+01

| Total ensemble size: 29
| Next sampling location (x_next, i_next):
  1.8570010922E+02  2.1065390908E+02  1.0000000000E+00

Iteration time [s]:    0.001        Total time [s]:    0.088

--------------------------------------------------------------------------------
                              INITIAL DATAPOINT 30                              
--------------------------------------------------------------------------------
| Data point added to dataset (x i y): 
  1.8570010922E+02  2.1065390908E+02  1.0000000000E+00       2.5479100000E+01

| Total ensemble size: 30
| Next sampling location (x_next, i_next):
  1.9175590169E+02  1.7661644041E+02  1.0000000000E+00

Iteration time [s]:    0.001        Total time [s]:    0.090

--------------------------------------------------------------------------------
                              INITIAL DATAPOINT 31                              
--------------------------------------------------------------------------------
| Data point added to dataset (x i y): 
  1.9175590169E+02  1.7661644041E+02  1.0000000000E+00       2.2474800000E+01

| Total ensemble size: 31
| Next sampling location (x_next, i_next):
  1.3601300729E+01  6.9911881853E+01  1.0000000000E+00

Iteration time [s]:    0.001        Total time [s]:    0.091

--------------------------------------------------------------------------------
                              INITIAL DATAPOINT 32                              
--------------------------------------------------------------------------------
| Data point added to dataset (x i y): 
  1.3601300729E+01  6.9911881853E+01  1.0000000000E+00       3.4966400000E+01

| Total ensemble size: 32
| Best acquisition, x_best i_best y_best:
  1.4953616339E+02 -6.0534680133E+00  0.0000000000E+00      -2.0299560392E+05
| Global minimum prediction, x_hat mu_hat +- nu_hat:
  1.9351309547E+02  8.0334530451E+00  0.0000000000E+00      -2.0299823179E+05  3.1923070535E-01

| GP model hyperparameters (lengthscales W kappa):
  4.3001538423E-01  4.6151765175E-01  2.3454590249E+00  2.3455106553E+00  5.2912098185E+00  5.2913249747E+00  0.0000000000E+00  0.0000000000E+00
| Next sampling location (x_next, i_next):
  2.9222866349E+02  1.6953602161E+02  0.0000000000E+00

Iteration time [s]:    1.316        Total time [s]:    1.407

--------------------------------------------------------------------------------
                                 BO ITERATION 1                                 
--------------------------------------------------------------------------------
| Evaluating objective function at 2.922E+02 1.695E+02 0.000E+00
| Objective function evaluated, time [s]       24.720
| Data point added to dataset (x i y): 
  2.9222866349E+02  1.6953602161E+02  0.0000000000E+00      -2.0300791152E+05

| Total ensemble size: 33
| Best acquisition, x_best i_best y_best:
  2.9222866349E+02  1.6953602161E+02  0.0000000000E+00      -2.0300791152E+05
| Global minimum prediction, x_hat mu_hat +- nu_hat:
  2.0260525249E+02  9.2146363022E+00  0.0000000000E+00      -2.0301294100E+05  1.9825002243E+00
| Global minimum convergence, d_xhat d_muhat:
  9.1685611277E+00  7.0506820791E-01

| GP model hyperparameters (lengthscales W kappa):
  4.1053300946E-01  4.3748658072E-01  7.2474776234E+00  7.2476728838E+00  5.0504595665E+00  5.0505927177E+00  0.0000000000E+00  0.0000000000E+00
| Next sampling location (x_next, i_next):
  1.0049640844E+02  1.7905374619E+02  0.0000000000E+00

Iteration time [s]:   25.965        Total time [s]:   27.374

--------------------------------------------------------------------------------
                                 BO ITERATION 2                                 
--------------------------------------------------------------------------------
| Evaluating objective function at 1.005E+02 1.791E+02 0.000E+00
| Objective function evaluated, time [s]       23.095
| Data point added to dataset (x i y): 
  1.0049640844E+02  1.7905374619E+02  0.0000000000E+00      -2.0300843478E+05

| Total ensemble size: 34
| Best acquisition, x_best i_best y_best:
  1.0049640844E+02  1.7905374619E+02  0.0000000000E+00      -2.0300843478E+05
| Global minimum prediction, x_hat mu_hat +- nu_hat:
  4.4278196058E+01  1.8116674570E+02  0.0000000000E+00      -2.0302469339E+05  7.1963641422E+00
| Global minimum convergence, d_xhat d_muhat:
  2.3374127732E+02  5.4900182231E-01

| GP model hyperparameters (lengthscales W kappa):
  3.6616673718E-01  3.8740649875E-01  8.4200863431E+00  8.4202322670E+00  4.4591511510E+00  4.4591820101E+00  0.0000000000E+00  0.0000000000E+00
| Next sampling location (x_next, i_next):
  1.5114097220E+01  1.6749648935E+02  0.0000000000E+00

Iteration time [s]:   24.784        Total time [s]:   52.160

--------------------------------------------------------------------------------
                                 BO ITERATION 3                                 
--------------------------------------------------------------------------------
| Evaluating objective function at 1.511E+01 1.675E+02 0.000E+00
| Objective function evaluated, time [s]       23.090
| Data point added to dataset (x i y): 
  1.5114097220E+01  1.6749648935E+02  0.0000000000E+00      -2.0300726000E+05

| Total ensemble size: 35
| Best acquisition, x_best i_best y_best:
  1.0049640844E+02  1.7905374619E+02  0.0000000000E+00      -2.0300843478E+05
| Global minimum prediction, x_hat mu_hat +- nu_hat:
  2.9025386733E+02 -2.5508920618E+01  0.0000000000E+00      -2.0301398100E+05  2.4635762918E+01
| Global minimum convergence, d_xhat d_muhat:
  3.2127692401E+02  4.7192060850E-01

| GP model hyperparameters (lengthscales W kappa):
  4.0876586567E-01  4.4498477679E-01  7.4709027414E+00  4.2783517152E+00  3.3004174317E+00  6.4929481804E+00  0.0000000000E+00  0.0000000000E+00
| Next sampling location (x_next, i_next):
  2.8870777042E+02 -3.9368739639E+01  0.0000000000E+00

Iteration time [s]:   24.443        Total time [s]:   76.604

--------------------------------------------------------------------------------
                                 BO ITERATION 4                                 
--------------------------------------------------------------------------------
| Evaluating objective function at 2.887E+02 -3.937E+01 0.000E+00
| Objective function evaluated, time [s]       23.104
| Data point added to dataset (x i y): 
  2.8870777042E+02 -3.9368739639E+01  0.0000000000E+00      -2.0300391189E+05

| Total ensemble size: 36
| Best acquisition, x_best i_best y_best:
  1.0049640844E+02  1.7905374619E+02  0.0000000000E+00      -2.0300843478E+05
| Global minimum prediction, x_hat mu_hat +- nu_hat:
  6.0604822683E+01  1.8207695230E+02  0.0000000000E+00      -2.0300980589E+05  1.0860192045E+01
| Global minimum convergence, d_xhat d_muhat:
  3.0956514394E+02  1.8150002279E-01

| GP model hyperparameters (lengthscales W kappa):
  4.1114198133E-01  4.2053576188E-01  6.7168790944E+00  2.5671403261E+00  2.4607011785E+00  6.6102425013E+00  0.0000000000E+00  0.0000000000E+00
| Next sampling location (x_next, i_next):
  1.7744977836E+02  1.7593798413E+02  0.0000000000E+00

Iteration time [s]:   24.599        Total time [s]:  101.203

--------------------------------------------------------------------------------
                                 BO ITERATION 5                                 
--------------------------------------------------------------------------------
| Evaluating objective function at 1.774E+02 1.759E+02 0.000E+00
| Objective function evaluated, time [s]       22.580
| Data point added to dataset (x i y): 
  1.7744977836E+02  1.7593798413E+02  0.0000000000E+00      -2.0300789947E+05

| Total ensemble size: 37
| Best acquisition, x_best i_best y_best:
  1.0049640844E+02  1.7905374619E+02  0.0000000000E+00      -2.0300843478E+05
| Global minimum prediction, x_hat mu_hat +- nu_hat:
  6.0457566035E+01  1.8278006672E+02  0.0000000000E+00      -2.0300970932E+05  1.0213499688E+01
| Global minimum convergence, d_xhat d_muhat:
  7.1836926976E-01  4.0590049998E-03

| GP model hyperparameters (lengthscales W kappa):
  4.1543572752E-01  4.2599428044E-01  6.5795024949E+00  2.3397823528E+00  2.4670138501E+00  6.7066189484E+00  0.0000000000E+00  0.0000000000E+00
| Next sampling location (x_next, i_next):
 -3.8100466709E+01  2.2335022734E+02  0.0000000000E+00

Iteration time [s]:   24.112        Total time [s]:  125.316

--------------------------------------------------------------------------------
                                 BO ITERATION 6                                 
--------------------------------------------------------------------------------
| Evaluating objective function at -3.810E+01 2.234E+02 0.000E+00
| Objective function evaluated, time [s]       23.619
| Data point added to dataset (x i y): 
 -3.8100466709E+01  2.2335022734E+02  0.0000000000E+00      -2.0300007225E+05

| Total ensemble size: 38
| Best acquisition, x_best i_best y_best:
  1.0049640844E+02  1.7905374619E+02  0.0000000000E+00      -2.0300843478E+05
| Global minimum prediction, x_hat mu_hat +- nu_hat:
  6.0806803581E+01  1.8013767758E+02  0.0000000000E+00      -2.0300956296E+05  9.0933420118E+00
| Global minimum convergence, d_xhat d_muhat:
  2.6653681203E+00  6.2543039429E-03

| GP model hyperparameters (lengthscales W kappa):
  4.2026189789E-01  4.2037934866E-01  6.5186748686E+00  2.4792864986E+00  2.6227630939E+00  6.6619633690E+00  0.0000000000E+00  0.0000000000E+00
| Next sampling location (x_next, i_next):
  5.2210879772E+01  2.0800994873E+02  0.0000000000E+00

Iteration time [s]:   25.005        Total time [s]:  150.321

--------------------------------------------------------------------------------
                                 BO ITERATION 7                                 
--------------------------------------------------------------------------------
| Evaluating objective function at 5.221E+01 2.080E+02 0.000E+00
| Objective function evaluated, time [s]       23.047
| Data point added to dataset (x i y): 
  5.2210879772E+01  2.0800994873E+02  0.0000000000E+00      -2.0300546973E+05

| Total ensemble size: 39
| Best acquisition, x_best i_best y_best:
  1.0049640844E+02  1.7905374619E+02  0.0000000000E+00      -2.0300843478E+05
| Global minimum prediction, x_hat mu_hat +- nu_hat:
  7.0203240932E+01  1.7508868044E+02  0.0000000000E+00      -2.0300874845E+05  4.5855933950E+00
| Global minimum convergence, d_xhat d_muhat:
  1.0667024284E+01  3.4368616286E-02

| GP model hyperparameters (lengthscales W kappa):
  4.3281594695E-01  4.3509377025E-01  2.2982477651E+00  6.4110479324E+00  6.8775847620E+00  2.7647519894E+00  0.0000000000E+00  0.0000000000E+00
| Next sampling location (x_next, i_next):
  2.3350199793E+02  9.5917760297E+00  0.0000000000E+00

Iteration time [s]:   24.567        Total time [s]:  174.889

--------------------------------------------------------------------------------
                                 BO ITERATION 8                                 
--------------------------------------------------------------------------------
| Evaluating objective function at 2.335E+02 9.592E+00 0.000E+00
| Objective function evaluated, time [s]       23.117
| Data point added to dataset (x i y): 
  2.3350199793E+02  9.5917760297E+00  0.0000000000E+00      -2.0301178777E+05

| Total ensemble size: 40
| Best acquisition, x_best i_best y_best:
  2.3350199793E+02  9.5917760297E+00  0.0000000000E+00      -2.0301178777E+05
| Global minimum prediction, x_hat mu_hat +- nu_hat:
  2.3266796857E+02  7.3844638845E+00  0.0000000000E+00      -2.0301181609E+05  9.4655543753E-02
| Global minimum convergence, d_xhat d_muhat:
  2.3349409409E+02  1.2485735609E-01

| GP model hyperparameters (lengthscales W kappa):
  4.0401215246E-01  4.0269709032E-01  2.5254608742E+00  6.7815886467E+00  6.4811210743E+00  2.2245987198E+00  0.0000000000E+00  0.0000000000E+00
| Next sampling location (x_next, i_next):
  2.3858219737E+02  1.4967944443E+02  0.0000000000E+00

Iteration time [s]:   24.741        Total time [s]:  199.631

--------------------------------------------------------------------------------
                                 BO ITERATION 9                                 
--------------------------------------------------------------------------------
| Evaluating objective function at 2.386E+02 1.497E+02 0.000E+00
| Objective function evaluated, time [s]       22.293
| Data point added to dataset (x i y): 
  2.3858219737E+02  1.4967944443E+02  0.0000000000E+00      -2.0300196786E+05

| Total ensemble size: 41
| Best acquisition, x_best i_best y_best:
  2.3350199793E+02  9.5917760297E+00  0.0000000000E+00      -2.0301178777E+05
| Global minimum prediction, x_hat mu_hat +- nu_hat:
  2.3207047655E+02  6.5984056316E+00  0.0000000000E+00      -2.0301184553E+05  1.7766751765E-01
| Global minimum convergence, d_xhat d_muhat:
  9.8736229055E-01  1.2071767705E-03

| GP model hyperparameters (lengthscales W kappa):
  4.0416868001E-01  4.0297873806E-01  2.6391604972E+00  6.6924065975E+00  6.4284924181E+00  2.3750968918E+00  0.0000000000E+00  0.0000000000E+00
| Next sampling location (x_next, i_next):
  1.9253204996E+02  3.8378125898E+01  0.0000000000E+00

Iteration time [s]:   23.974        Total time [s]:  223.605

--------------------------------------------------------------------------------
                                BO ITERATION 10                                 
--------------------------------------------------------------------------------
| Evaluating objective function at 1.925E+02 3.838E+01 0.000E+00
| Objective function evaluated, time [s]       23.843
| Data point added to dataset (x i y): 
  1.9253204996E+02  3.8378125898E+01  0.0000000000E+00      -2.0300442287E+05

| Total ensemble size: 42
| Best acquisition, x_best i_best y_best:
  2.3350199793E+02  9.5917760297E+00  0.0000000000E+00      -2.0301178777E+05
| Global minimum prediction, x_hat mu_hat +- nu_hat:
  2.3955508705E+02  3.9571689020E+00  0.0000000000E+00      -2.0301203760E+05  4.8546388171E-01
| Global minimum convergence, d_xhat d_muhat:
  7.9369720797E+00  7.8582300577E-03

| GP model hyperparameters (lengthscales W kappa):
  4.0727378505E-01  4.0859454661E-01  2.4691555616E+00  6.5691851020E+00  6.4838444802E+00  2.3839262395E+00  0.0000000000E+00  0.0000000000E+00
| Next sampling location (x_next, i_next):
  1.3223965125E+02  2.3259609534E+02  0.0000000000E+00

Iteration time [s]:   25.588        Total time [s]:  249.194

--------------------------------------------------------------------------------
                                BO ITERATION 11                                 
--------------------------------------------------------------------------------
| Evaluating objective function at 1.322E+02 2.326E+02 0.000E+00
| Objective function evaluated, time [s]       23.092
| Data point added to dataset (x i y): 
  1.3223965125E+02  2.3259609534E+02  0.0000000000E+00      -2.0299663004E+05

| Total ensemble size: 43
| Best acquisition, x_best i_best y_best:
  2.3350199793E+02  9.5917760297E+00  0.0000000000E+00      -2.0301178777E+05
| Global minimum prediction, x_hat mu_hat +- nu_hat:
  2.3912030278E+02  3.3835765685E+00  0.0000000000E+00      -2.0301206960E+05  4.6768428754E-01
| Global minimum convergence, d_xhat d_muhat:
  7.1975379258E-01  1.3398389487E-03

| GP model hyperparameters (lengthscales W kappa):
  4.1649326174E-01  4.2612163464E-01  6.8322487236E+00  2.9842470089E+00  2.7627631474E+00  6.6107019016E+00  0.0000000000E+00  0.0000000000E+00
| Next sampling location (x_next, i_next):
  6.6208812803E+01 -3.9516533603E+01  0.0000000000E+00

Iteration time [s]:   24.774        Total time [s]:  273.968

--------------------------------------------------------------------------------
                                BO ITERATION 12                                 
--------------------------------------------------------------------------------
| Evaluating objective function at 6.621E+01 -3.952E+01 0.000E+00
| Objective function evaluated, time [s]       23.330
| Data point added to dataset (x i y): 
  6.6208812803E+01 -3.9516533603E+01  0.0000000000E+00      -2.0299836471E+05

| Total ensemble size: 44
| Best acquisition, x_best i_best y_best:
  2.3350199793E+02  9.5917760297E+00  0.0000000000E+00      -2.0301178777E+05
| Global minimum prediction, x_hat mu_hat +- nu_hat:
  2.4007142442E+02  3.4613320701E+00  0.0000000000E+00      -2.0301209455E+05  5.1819344482E-01
| Global minimum convergence, d_xhat d_muhat:
  9.5429464955E-01  1.0598595702E-03

| GP model hyperparameters (lengthscales W kappa):
  4.0702538240E-01  4.0778626228E-01  6.3799021840E+00  2.7745934103E+00  2.7258137992E+00  6.3311057485E+00  0.0000000000E+00  0.0000000000E+00
| Next sampling location (x_next, i_next):
  6.8368306764E+01  1.4985936364E+02  0.0000000000E+00

Iteration time [s]:   25.348        Total time [s]:  299.316

--------------------------------------------------------------------------------
                                BO ITERATION 13                                 
--------------------------------------------------------------------------------
| Evaluating objective function at 6.837E+01 1.499E+02 0.000E+00
| Objective function evaluated, time [s]       23.071
| Data point added to dataset (x i y): 
  6.8368306764E+01  1.4985936364E+02  0.0000000000E+00      -2.0300503213E+05

| Total ensemble size: 45
| Best acquisition, x_best i_best y_best:
  2.3350199793E+02  9.5917760297E+00  0.0000000000E+00      -2.0301178777E+05
| Global minimum prediction, x_hat mu_hat +- nu_hat:
  2.3994709707E+02  3.5928149252E+00  0.0000000000E+00      -2.0301207713E+05  4.6173989349E-01
| Global minimum convergence, d_xhat d_muhat:
  1.8095587654E-01  7.3591713804E-04

| GP model hyperparameters (lengthscales W kappa):
  4.1441538493E-01  4.1395817133E-01  2.7266505493E+00  6.3925660593E+00  6.4446722134E+00  2.7787194495E+00  0.0000000000E+00  0.0000000000E+00
| Next sampling location (x_next, i_next):
  2.7790939862E+02  1.7248805309E+01  0.0000000000E+00

Iteration time [s]:   25.017        Total time [s]:  324.336

--------------------------------------------------------------------------------
                                BO ITERATION 14                                 
--------------------------------------------------------------------------------
| Evaluating objective function at 2.779E+02 1.725E+01 0.000E+00
| Objective function evaluated, time [s]       23.500
| Data point added to dataset (x i y): 
  2.7790939862E+02  1.7248805309E+01  0.0000000000E+00      -2.0300539115E+05

| Total ensemble size: 46
| Best acquisition, x_best i_best y_best:
  2.3350199793E+02  9.5917760297E+00  0.0000000000E+00      -2.0301178777E+05
| Global minimum prediction, x_hat mu_hat +- nu_hat:
  2.3261912556E+02  1.2054065067E+00  0.0000000000E+00      -2.0301220114E+05  5.5204267550E-01
| Global minimum convergence, d_xhat d_muhat:
  7.7070672373E+00  5.2058301648E-03

| GP model hyperparameters (lengthscales W kappa):
  4.2313476508E-01  4.4311980443E-01  6.6142795091E+00  2.8705595727E+00  2.9911340766E+00  6.7349114813E+00  0.0000000000E+00  0.0000000000E+00
| Next sampling location (x_next, i_next):
  2.4145311506E+02  2.0121163652E+02  0.0000000000E+00

Iteration time [s]:   25.359        Total time [s]:  349.698

--------------------------------------------------------------------------------
                                BO ITERATION 15                                 
--------------------------------------------------------------------------------
| Evaluating objective function at 2.415E+02 2.012E+02 0.000E+00
| Objective function evaluated, time [s]       21.855
| Data point added to dataset (x i y): 
  2.4145311506E+02  2.0121163652E+02  0.0000000000E+00      -2.0300417030E+05

| Total ensemble size: 47
| Best acquisition, x_best i_best y_best:
  2.3350199793E+02  9.5917760297E+00  0.0000000000E+00      -2.0301178777E+05
| Global minimum prediction, x_hat mu_hat +- nu_hat:
  2.3275151661E+02  9.9007157772E-01  0.0000000000E+00      -2.0301221590E+05  5.5046408067E-01
| Global minimum convergence, d_xhat d_muhat:
  2.5277761191E-01  6.1780045170E-04

| GP model hyperparameters (lengthscales W kappa):
  4.2497261429E-01  4.4209002614E-01  2.7806275518E+00  6.4838612925E+00  6.7295379012E+00  3.0264023396E+00  0.0000000000E+00  0.0000000000E+00
| Next sampling location (x_next, i_next):
  2.1667899796E+02 -1.9015469136E+01  0.0000000000E+00

Iteration time [s]:   23.899        Total time [s]:  373.598

--------------------------------------------------------------------------------
                                BO ITERATION 16                                 
--------------------------------------------------------------------------------
| Evaluating objective function at 2.167E+02 -1.902E+01 0.000E+00
| Objective function evaluated, time [s]       23.288
| Data point added to dataset (x i y): 
  2.1667899796E+02 -1.9015469136E+01  0.0000000000E+00      -2.0300708047E+05

| Total ensemble size: 48
| Best acquisition, x_best i_best y_best:
  2.3350199793E+02  9.5917760297E+00  0.0000000000E+00      -2.0301178777E+05
| Global minimum prediction, x_hat mu_hat +- nu_hat:
  2.3548877826E+02  4.8585286196E+00  0.0000000000E+00      -2.0301191663E+05  1.0011891068E-01
| Global minimum convergence, d_xhat d_muhat:
  4.7389409371E+00  1.2422558413E-02

| GP model hyperparameters (lengthscales W kappa):
  4.3156879857E-01  4.4887600740E-01  2.7971802744E+00  6.5779219394E+00  6.8262911349E+00  3.0472405059E+00  0.0000000000E+00  0.0000000000E+00
| Next sampling location (x_next, i_next):
  1.3857634491E+02  1.4926657633E+02  0.0000000000E+00

Iteration time [s]:   25.244        Total time [s]:  398.843

--------------------------------------------------------------------------------
                                BO ITERATION 17                                 
--------------------------------------------------------------------------------
| Evaluating objective function at 1.386E+02 1.493E+02 0.000E+00
| Objective function evaluated, time [s]       22.997
| Data point added to dataset (x i y): 
  1.3857634491E+02  1.4926657633E+02  0.0000000000E+00      -2.0300329612E+05

| Total ensemble size: 49
| Best acquisition, x_best i_best y_best:
  2.3350199793E+02  9.5917760297E+00  0.0000000000E+00      -2.0301178777E+05
| Global minimum prediction, x_hat mu_hat +- nu_hat:
  2.3483592763E+02  4.9611320435E+00  0.0000000000E+00      -2.0301191139E+05  7.6553592881E-02
| Global minimum convergence, d_xhat d_muhat:
  6.6086413375E-01  2.1752594461E-04

| GP model hyperparameters (lengthscales W kappa):
  4.4128574543E-01  4.6541910331E-01  3.1564880581E+00  6.8906930049E+00  7.0016967935E+00  3.2669801966E+00  0.0000000000E+00  0.0000000000E+00
| Next sampling location (x_next, i_next):
 -3.0110888243E+01  1.5787991081E+02  0.0000000000E+00

Iteration time [s]:   25.102        Total time [s]:  423.950

--------------------------------------------------------------------------------
                                BO ITERATION 18                                 
--------------------------------------------------------------------------------
| Evaluating objective function at -3.011E+01 1.579E+02 0.000E+00
| Objective function evaluated, time [s]       23.068
| Data point added to dataset (x i y): 
 -3.0110888243E+01  1.5787991081E+02  0.0000000000E+00      -2.0300579322E+05

| Total ensemble size: 50
| Best acquisition, x_best i_best y_best:
  2.3350199793E+02  9.5917760297E+00  0.0000000000E+00      -2.0301178777E+05
| Global minimum prediction, x_hat mu_hat +- nu_hat:
  2.3480719168E+02  4.9188940175E+00  0.0000000000E+00      -2.0301191325E+05  7.0853439830E-02
| Global minimum convergence, d_xhat d_muhat:
  5.1086255971E-02  7.7031503342E-05

| GP model hyperparameters (lengthscales W kappa):
  4.5105769128E-01  4.7655059946E-01  7.0117299278E+00  3.2589525174E+00  3.4032088453E+00  7.1561234827E+00  0.0000000000E+00  0.0000000000E+00
| Next sampling location (x_next, i_next):
  2.5175770323E+02 -1.0643565821E+01  0.0000000000E+00

Iteration time [s]:   25.057        Total time [s]:  449.007

--------------------------------------------------------------------------------
                                BO ITERATION 19                                 
--------------------------------------------------------------------------------
| Evaluating objective function at 2.518E+02 -1.064E+01 0.000E+00
| Objective function evaluated, time [s]       24.260
| Data point added to dataset (x i y): 
  2.5175770323E+02 -1.0643565821E+01  0.0000000000E+00      -2.0301160875E+05

| Total ensemble size: 51
| Best acquisition, x_best i_best y_best:
  2.3350199793E+02  9.5917760297E+00  0.0000000000E+00      -2.0301178777E+05
| Global minimum prediction, x_hat mu_hat +- nu_hat:
  2.4182800638E+02  6.0064559797E-02  0.0000000000E+00      -2.0301236623E+05  2.6146201476E-02
| Global minimum convergence, d_xhat d_muhat:
  8.5381533567E+00  1.8429335327E-02

| GP model hyperparameters (lengthscales W kappa):
  4.6133839929E-01  4.9023401473E-01  3.4859825377E+00  7.3031077655E+00  7.4127496925E+00  3.5952042192E+00  0.0000000000E+00  0.0000000000E+00
| Next sampling location (x_next, i_next):
  5.9734292224E+01  1.5228534775E+01  0.0000000000E+00

Iteration time [s]:   26.284        Total time [s]:  475.295

--------------------------------------------------------------------------------
                                BO ITERATION 20                                 
--------------------------------------------------------------------------------
| Evaluating objective function at 5.973E+01 1.523E+01 0.000E+00
| Objective function evaluated, time [s]       23.089
| Data point added to dataset (x i y): 
  5.9734292224E+01  1.5228534775E+01  0.0000000000E+00      -2.0300234517E+05

| Total ensemble size: 52
| Best acquisition, x_best i_best y_best:
  2.3350199793E+02  9.5917760297E+00  0.0000000000E+00      -2.0301178777E+05
| Global minimum prediction, x_hat mu_hat +- nu_hat:
  2.4179803948E+02  4.2440127370E-02  0.0000000000E+00      -2.0301237787E+05  2.5162139437E-02
| Global minimum convergence, d_xhat d_muhat:
  3.4765443299E-02  4.7482285123E-04

| GP model hyperparameters (lengthscales W kappa):
  4.6470251250E-01  4.9440612268E-01  3.6935140735E+00  7.3689863964E+00  7.4174548552E+00  3.7501141041E+00  0.0000000000E+00  0.0000000000E+00
| Next sampling location (x_next, i_next):
  2.8580098836E+02  1.2016722039E+02  0.0000000000E+00

Iteration time [s]:   25.188        Total time [s]:  500.484

--------------------------------------------------------------------------------
                                BO ITERATION 21                                 
--------------------------------------------------------------------------------
| Evaluating objective function at 2.858E+02 1.202E+02 0.000E+00
| Objective function evaluated, time [s]       22.924
| Data point added to dataset (x i y): 
  2.8580098836E+02  1.2016722039E+02  0.0000000000E+00      -2.0299452249E+05

| Total ensemble size: 53
| Best acquisition, x_best i_best y_best:
  2.3350199793E+02  9.5917760297E+00  0.0000000000E+00      -2.0301178777E+05
| Global minimum prediction, x_hat mu_hat +- nu_hat:
  2.4161147465E+02 -1.2121205770E-02  0.0000000000E+00      -2.0301239750E+05  2.5570385364E-02
| Global minimum convergence, d_xhat d_muhat:
  1.9437945847E-01  8.1469805055E-04

| GP model hyperparameters (lengthscales W kappa):
  4.7482114364E-01  4.8476584912E-01  3.9463900839E+00  7.4771219499E+00  7.3576616322E+00  3.8265384205E+00  0.0000000000E+00  0.0000000000E+00
| Next sampling location (x_next, i_next):
 -9.2502388366E+00  1.8966734105E+02  0.0000000000E+00

Iteration time [s]:   25.091        Total time [s]:  525.579

--------------------------------------------------------------------------------
                                BO ITERATION 22                                 
--------------------------------------------------------------------------------
| Evaluating objective function at -9.250E+00 1.897E+02 0.000E+00
| Objective function evaluated, time [s]       23.031
| Data point added to dataset (x i y): 
 -9.2502388366E+00  1.8966734105E+02  0.0000000000E+00      -2.0300730366E+05

| Total ensemble size: 54
| Best acquisition, x_best i_best y_best:
  2.3350199793E+02  9.5917760297E+00  0.0000000000E+00      -2.0301178777E+05
| Global minimum prediction, x_hat mu_hat +- nu_hat:
  2.4159443685E+02  1.8821553036E-03  0.0000000000E+00      -2.0301238546E+05  2.3020434975E-02
| Global minimum convergence, d_xhat d_muhat:
  2.2054039862E-02  4.9611312641E-04

| GP model hyperparameters (lengthscales W kappa):
  4.8211469457E-01  4.9642117263E-01  7.5893867518E+00  4.0124140772E+00  3.9434254711E+00  7.5205817868E+00  0.0000000000E+00  0.0000000000E+00
| Next sampling location (x_next, i_next):
  2.1807846220E+02  5.0304301028E+00  0.0000000000E+00

Iteration time [s]:   25.113        Total time [s]:  550.694

--------------------------------------------------------------------------------
                                BO ITERATION 23                                 
--------------------------------------------------------------------------------
| Evaluating objective function at 2.181E+02 5.030E+00 0.000E+00
| Objective function evaluated, time [s]       23.165
| Data point added to dataset (x i y): 
  2.1807846220E+02  5.0304301028E+00  0.0000000000E+00      -2.0301194659E+05

| Total ensemble size: 55
| Best acquisition, x_best i_best y_best:
  2.1807846220E+02  5.0304301028E+00  0.0000000000E+00      -2.0301194659E+05
| Global minimum prediction, x_hat mu_hat +- nu_hat:
  2.3587171668E+02  6.1345372421E-01  0.0000000000E+00      -2.0301241198E+05  2.7722689864E-02
| Global minimum convergence, d_xhat d_muhat:
  5.7553058908E+00  1.0782740941E-03

| GP model hyperparameters (lengthscales W kappa):
  5.0349207866E-01  4.9698092411E-01  8.4723528008E+00  4.7811333460E+00  3.9237661316E+00  7.6171035039E+00  0.0000000000E+00  0.0000000000E+00
| Next sampling location (x_next, i_next):
  2.3436131707E+02 -1.4048503533E+00  0.0000000000E+00

Iteration time [s]:   25.402        Total time [s]:  576.098

--------------------------------------------------------------------------------
                                BO ITERATION 24                                 
--------------------------------------------------------------------------------
| Evaluating objective function at 2.344E+02 -1.405E+00 0.000E+00
| Objective function evaluated, time [s]       23.470
| Data point added to dataset (x i y): 
  2.3436131707E+02 -1.4048503533E+00  0.0000000000E+00      -2.0301228867E+05

| Total ensemble size: 56
| Best acquisition, x_best i_best y_best:
  2.3436131707E+02 -1.4048503533E+00  0.0000000000E+00      -2.0301228867E+05
| Global minimum prediction, x_hat mu_hat +- nu_hat:
  2.3599268852E+02  8.3637861520E-01  0.0000000000E+00      -2.0301235239E+05  9.7898777920E-04
| Global minimum convergence, d_xhat d_muhat:
  2.5363298484E-01  2.3921799758E-03

| GP model hyperparameters (lengthscales W kappa):
  5.1502723289E-01  5.1759743854E-01  4.9471407344E+00  8.7710586139E+00  7.9512670766E+00  4.1279668129E+00  0.0000000000E+00  0.0000000000E+00
| Next sampling location (x_next, i_next):
  2.5129799965E+02 -1.3781458156E-01  0.0000000000E+00

Iteration time [s]:   25.734        Total time [s]:  601.833

--------------------------------------------------------------------------------
                                BO ITERATION 25                                 
--------------------------------------------------------------------------------
| Evaluating objective function at 2.513E+02 -1.378E-01 0.000E+00
| Objective function evaluated, time [s]       23.095
| Data point added to dataset (x i y): 
  2.5129799965E+02 -1.3781458156E-01  0.0000000000E+00      -2.0301213799E+05

| Total ensemble size: 57
| Best acquisition, x_best i_best y_best:
  2.3436131707E+02 -1.4048503533E+00  0.0000000000E+00      -2.0301228867E+05
| Global minimum prediction, x_hat mu_hat +- nu_hat:
  2.3829187861E+02  5.0743373124E-01  0.0000000000E+00      -2.0301237451E+05  2.1437598666E-04
| Global minimum convergence, d_xhat d_muhat:
  2.3226019504E+00  8.7759484409E-04

| GP model hyperparameters (lengthscales W kappa):
  5.2113732007E-01  5.2787015566E-01  5.1918524050E+00  9.0129315404E+00  8.0933882748E+00  4.2815076451E+00  0.0000000000E+00  0.0000000000E+00
| Next sampling location (x_next, i_next):
  5.9288593220E+01  1.7918259816E+02  0.0000000000E+00

Iteration time [s]:   25.297        Total time [s]:  627.130

--------------------------------------------------------------------------------
                                BO ITERATION 26                                 
--------------------------------------------------------------------------------
| Evaluating objective function at 5.929E+01 1.792E+02 0.000E+00
| Objective function evaluated, time [s]       23.036
| Data point added to dataset (x i y): 
  5.9288593220E+01  1.7918259816E+02  0.0000000000E+00      -2.0300964929E+05

| Total ensemble size: 58
| Best acquisition, x_best i_best y_best:
  2.3436131707E+02 -1.4048503533E+00  0.0000000000E+00      -2.0301228867E+05
| Global minimum prediction, x_hat mu_hat +- nu_hat:
  2.3828247802E+02  5.0887652350E-01  0.0000000000E+00      -2.0301237420E+05  2.0309193848E-04
| Global minimum convergence, d_xhat d_muhat:
  9.5106649511E-03  1.1920948828E-05

| GP model hyperparameters (lengthscales W kappa):
  5.2872246610E-01  5.3682876776E-01  9.2559847856E+00  5.4257673748E+00  4.4020559941E+00  8.2331078224E+00  0.0000000000E+00  0.0000000000E+00
| Next sampling location (x_next, i_next):
  1.4464188852E+02  1.8651694862E+02  0.0000000000E+00

Iteration time [s]:   25.177        Total time [s]:  652.308

--------------------------------------------------------------------------------
                                BO ITERATION 27                                 
--------------------------------------------------------------------------------
| Evaluating objective function at 1.446E+02 1.865E+02 0.000E+00
| Objective function evaluated, time [s]       21.848
| Data point added to dataset (x i y): 
  1.4464188852E+02  1.8651694862E+02  0.0000000000E+00      -2.0300756377E+05

| Total ensemble size: 59
| Best acquisition, x_best i_best y_best:
  2.3436131707E+02 -1.4048503533E+00  0.0000000000E+00      -2.0301228867E+05
| Global minimum prediction, x_hat mu_hat +- nu_hat:
  2.3828644059E+02  5.0641584493E-01  0.0000000000E+00      -2.0301237406E+05  1.8871175805E-04
| Global minimum convergence, d_xhat d_muhat:
  4.6644293024E-03  5.8095224583E-06

| GP model hyperparameters (lengthscales W kappa):
  5.3617056374E-01  5.4476728160E-01  9.3839682300E+00  5.5692010675E+00  4.5655677219E+00  8.3801863205E+00  0.0000000000E+00  0.0000000000E+00
| Next sampling location (x_next, i_next):
  2.7676029821E+02 -9.1494114759E+00  0.0000000000E+00

Iteration time [s]:   24.315        Total time [s]:  676.623

--------------------------------------------------------------------------------
                                BO ITERATION 28                                 
--------------------------------------------------------------------------------
| Evaluating objective function at 2.768E+02 -9.149E+00 0.000E+00
| Objective function evaluated, time [s]       23.313
| Data point added to dataset (x i y): 
  2.7676029821E+02 -9.1494114759E+00  0.0000000000E+00      -2.0301056938E+05

| Total ensemble size: 60
| Best acquisition, x_best i_best y_best:
  2.3436131707E+02 -1.4048503533E+00  0.0000000000E+00      -2.0301228867E+05
| Global minimum prediction, x_hat mu_hat +- nu_hat:
  2.3774654920E+02  6.1817402406E-01  0.0000000000E+00      -2.0301237038E+05  9.1275801443E-05
| Global minimum convergence, d_xhat d_muhat:
  5.5133710323E-01  1.4323715229E-04

| GP model hyperparameters (lengthscales W kappa):
  5.4478560819E-01  5.4809597042E-01  9.4835714891E+00  5.6655773950E+00  4.6981549613E+00  8.5234887767E+00  0.0000000000E+00  0.0000000000E+00
| Next sampling location (x_next, i_next):
  2.3976765332E+02  2.8049031126E-01  0.0000000000E+00

Iteration time [s]:   25.710        Total time [s]:  702.336

--------------------------------------------------------------------------------
                                BO ITERATION 29                                 
--------------------------------------------------------------------------------
| Evaluating objective function at 2.398E+02 2.805E-01 0.000E+00
| Objective function evaluated, time [s]       23.480
| Data point added to dataset (x i y): 
  2.3976765332E+02  2.8049031126E-01  0.0000000000E+00      -2.0301236828E+05

| Total ensemble size: 61
| Best acquisition, x_best i_best y_best:
  2.3976765332E+02  2.8049031126E-01  0.0000000000E+00      -2.0301236828E+05
| Global minimum prediction, x_hat mu_hat +- nu_hat:
  2.3787317600E+02  5.9595984461E-01  0.0000000000E+00      -2.0301237191E+05  3.0224490980E-06
| Global minimum convergence, d_xhat d_muhat:
  1.2856055640E-01  5.8987786162E-05

| GP model hyperparameters (lengthscales W kappa):
  5.5499638544E-01  5.5117303719E-01  5.7080608092E+00  9.5723569746E+00  8.6932264378E+00  4.8286510267E+00  0.0000000000E+00  0.0000000000E+00
| Next sampling location (x_next, i_next):
  2.3555764941E+02  1.4142978325E+00  0.0000000000E+00

Iteration time [s]:   25.972        Total time [s]:  728.309

--------------------------------------------------------------------------------
                                BO ITERATION 30                                 
--------------------------------------------------------------------------------
| Evaluating objective function at 2.356E+02 1.414E+00 0.000E+00
| Objective function evaluated, time [s]       23.200
| Acquisition location too confident, doing pure exploration
| Data point added to dataset (x i y): 
  2.3555764941E+02  1.4142978325E+00  0.0000000000E+00      -2.0301237033E+05

| Total ensemble size: 62
| Best acquisition, x_best i_best y_best:
  2.3555764941E+02  1.4142978325E+00  0.0000000000E+00      -2.0301237033E+05
| Global minimum prediction, x_hat mu_hat +- nu_hat:
  2.3734784853E+02  7.8231372869E-01  0.0000000000E+00      -2.0301237383E+05  2.0477818463E-08
| Global minimum convergence, d_xhat d_muhat:
  5.5740175854E-01  7.3707599338E-05

| GP model hyperparameters (lengthscales W kappa):
  5.5608367608E-01  5.4326414526E-01  5.4643480282E+00  9.4114939497E+00  8.6709376278E+00  4.7235627977E+00  0.0000000000E+00  0.0000000000E+00
| Next sampling location (x_next, i_next):
  9.9446196114E+01  8.0300311027E+01  0.0000000000E+00

Iteration time [s]:   26.090        Total time [s]:  754.401

--------------------------------------------------------------------------------
                                BO ITERATION 31                                 
--------------------------------------------------------------------------------
| Evaluating objective function at 9.945E+01 8.030E+01 0.000E+00
| Objective function evaluated, time [s]       23.120
| Acquisition location too confident, doing pure exploration
| Data point added to dataset (x i y): 
  9.9446196114E+01  8.0300311027E+01  0.0000000000E+00      -2.0298901380E+05

| Total ensemble size: 63
| Best acquisition, x_best i_best y_best:
  2.3555764941E+02  1.4142978325E+00  0.0000000000E+00      -2.0301237033E+05
| Global minimum prediction, x_hat mu_hat +- nu_hat:
  2.3734567397E+02  7.8163113860E-01  0.0000000000E+00      -2.0301237383E+05  2.0210753870E-08
| Global minimum convergence, d_xhat d_muhat:
  2.2791766201E-03  1.5616723932E-07

| GP model hyperparameters (lengthscales W kappa):
  5.5138139763E-01  5.3108833744E-01  8.9874948615E+00  5.1603224253E+00  4.6206124569E+00  8.4479943291E+00  0.0000000000E+00  0.0000000000E+00
| Next sampling location (x_next, i_next):
  1.9901792968E+01  2.8150950126E+02  0.0000000000E+00

Iteration time [s]:   26.115        Total time [s]:  780.516

--------------------------------------------------------------------------------
                                BO ITERATION 32                                 
--------------------------------------------------------------------------------
| Evaluating objective function at 1.990E+01 2.815E+02 0.000E+00
| Objective function evaluated, time [s]       23.145
| Acquisition location too confident, doing pure exploration
| Data point added to dataset (x i y): 
  1.9901792968E+01  2.8150950126E+02  0.0000000000E+00      -2.0298891194E+05

| Total ensemble size: 64
| Best acquisition, x_best i_best y_best:
  2.3555764941E+02  1.4142978325E+00  0.0000000000E+00      -2.0301237033E+05
| Global minimum prediction, x_hat mu_hat +- nu_hat:
  2.3734641700E+02  7.8302882127E-01  0.0000000000E+00      -2.0301237383E+05  2.0264399847E-08
| Global minimum convergence, d_xhat d_muhat:
  1.5829094347E-03  1.1321918078E-07

| GP model hyperparameters (lengthscales W kappa):
  5.5006474398E-01  5.3581238697E-01  8.9817936026E+00  5.3106157890E+00  4.6937372424E+00  8.3666159364E+00  0.0000000000E+00  0.0000000000E+00
| Next sampling location (x_next, i_next):
  1.2058965463E+02  2.9268714650E+02  0.0000000000E+00

Iteration time [s]:   26.090        Total time [s]:  806.608

--------------------------------------------------------------------------------
                                BO ITERATION 33                                 
--------------------------------------------------------------------------------
| Evaluating objective function at 1.206E+02 2.927E+02 0.000E+00
| Objective function evaluated, time [s]       23.210
| Acquisition location too confident, doing pure exploration
| Data point added to dataset (x i y): 
  1.2058965463E+02  2.9268714650E+02  0.0000000000E+00      -2.0299034283E+05

| Total ensemble size: 65
| Best acquisition, x_best i_best y_best:
  2.3555764941E+02  1.4142978325E+00  0.0000000000E+00      -2.0301237033E+05
| Global minimum prediction, x_hat mu_hat +- nu_hat:
  2.3734572027E+02  7.8118935801E-01  0.0000000000E+00      -2.0301237383E+05  1.9448981003E-08
| Global minimum convergence, d_xhat d_muhat:
  1.9669899469E-03  2.1818465473E-07

| GP model hyperparameters (lengthscales W kappa):
  5.4939527866E-01  5.3123635926E-01  5.2224501321E+00  8.7879329714E+00  8.2331306257E+00  4.6673299165E+00  0.0000000000E+00  0.0000000000E+00
| Next sampling location (x_next, i_next):
  3.3587100462E+00 -7.2759646642E+00  0.0000000000E+00

Iteration time [s]:   26.298        Total time [s]:  832.907

--------------------------------------------------------------------------------
                                BO ITERATION 34                                 
--------------------------------------------------------------------------------
| Evaluating objective function at 3.359E+00 -7.276E+00 0.000E+00
| Objective function evaluated, time [s]       23.257
| Acquisition location too confident, doing pure exploration
| Data point added to dataset (x i y): 
  3.3587100462E+00 -7.2759646642E+00  0.0000000000E+00      -2.0299043340E+05

| Total ensemble size: 66
| Best acquisition, x_best i_best y_best:
  2.3555764941E+02  1.4142978325E+00  0.0000000000E+00      -2.0301237033E+05
| Global minimum prediction, x_hat mu_hat +- nu_hat:
  2.3734720077E+02  7.8158117618E-01  0.0000000000E+00      -2.0301237384E+05  1.8239310417E-08
| Global minimum convergence, d_xhat d_muhat:
  1.5314684021E-03  3.9908056191E-07

| GP model hyperparameters (lengthscales W kappa):
  5.4970602280E-01  5.3164533719E-01  8.7816122335E+00  5.4116772886E+00  4.7767196179E+00  8.1463065554E+00  0.0000000000E+00  0.0000000000E+00
| Next sampling location (x_next, i_next):
  2.5198914704E+02  2.6037055159E+02  0.0000000000E+00

Iteration time [s]:   26.435        Total time [s]:  859.343

--------------------------------------------------------------------------------
                                BO ITERATION 35                                 
--------------------------------------------------------------------------------
| Evaluating objective function at 2.520E+02 2.604E+02 0.000E+00
| Objective function evaluated, time [s]       23.034
| Acquisition location too confident, doing pure exploration
| Data point added to dataset (x i y): 
  2.5198914704E+02  2.6037055159E+02  0.0000000000E+00      -2.0298941999E+05

| Total ensemble size: 67
| Best acquisition, x_best i_best y_best:
  2.3555764941E+02  1.4142978325E+00  0.0000000000E+00      -2.0301237033E+05
| Global minimum prediction, x_hat mu_hat +- nu_hat:
  2.3734572469E+02  7.7837898091E-01  0.0000000000E+00      -2.0301237384E+05  1.7936064989E-08
| Global minimum convergence, d_xhat d_muhat:
  3.5260256444E-03  4.8713961403E-09

| GP model hyperparameters (lengthscales W kappa):
  5.4574548366E-01  5.2553146135E-01  5.2656398938E+00  8.5220359145E+00  7.9918968763E+00  4.7419578855E+00  0.0000000000E+00  0.0000000000E+00
| Next sampling location (x_next, i_next):
  7.6323025497E+01  2.6540719645E+02  0.0000000000E+00

Iteration time [s]:   26.308        Total time [s]:  885.652

--------------------------------------------------------------------------------
                                BO ITERATION 36                                 
--------------------------------------------------------------------------------
| Evaluating objective function at 7.632E+01 2.654E+02 0.000E+00
| Objective function evaluated, time [s]       23.127
| Acquisition location too confident, doing pure exploration
| Data point added to dataset (x i y): 
  7.6323025497E+01  2.6540719645E+02  0.0000000000E+00      -2.0299102125E+05

| Total ensemble size: 68
| Best acquisition, x_best i_best y_best:
  2.3555764941E+02  1.4142978325E+00  0.0000000000E+00      -2.0301237033E+05
| Global minimum prediction, x_hat mu_hat +- nu_hat:
  2.3734446549E+02  7.7124823707E-01  0.0000000000E+00      -2.0301237382E+05  1.9036226728E-08
| Global minimum convergence, d_xhat d_muhat:
  7.2410705743E-03  7.9618773721E-07

| GP model hyperparameters (lengthscales W kappa):
  5.3542119568E-01  5.0481246927E-01  8.2159007597E+00  5.0337249257E+00  4.4769881754E+00  7.6592354244E+00  0.0000000000E+00  0.0000000000E+00
| Next sampling location (x_next, i_next):
  1.9117936267E+02  2.5114160233E+02  0.0000000000E+00

Iteration time [s]:   26.638        Total time [s]:  912.291

--------------------------------------------------------------------------------
                                BO ITERATION 37                                 
--------------------------------------------------------------------------------
| Evaluating objective function at 1.912E+02 2.511E+02 0.000E+00
| Objective function evaluated, time [s]       23.018
| Acquisition location too confident, doing pure exploration
| Data point added to dataset (x i y): 
  1.9117936267E+02  2.5114160233E+02  0.0000000000E+00      -2.0299100131E+05

| Total ensemble size: 69
| Best acquisition, x_best i_best y_best:
  2.3555764941E+02  1.4142978325E+00  0.0000000000E+00      -2.0301237033E+05
| Global minimum prediction, x_hat mu_hat +- nu_hat:
  2.3734532438E+02  7.7384121986E-01  0.0000000000E+00      -2.0301237382E+05  1.8911000676E-08
| Global minimum convergence, d_xhat d_muhat:
  2.7315302584E-03  1.2627663078E-07

| GP model hyperparameters (lengthscales W kappa):
  5.3461627996E-01  5.0336737969E-01  5.0599153716E+00  8.1271884182E+00  7.5827586843E+00  4.5158150942E+00  0.0000000000E+00  0.0000000000E+00
| Next sampling location (x_next, i_next):
  1.2527363043E+02  3.8393172632E+01  0.0000000000E+00

Iteration time [s]:   26.470        Total time [s]:  938.761

--------------------------------------------------------------------------------
                                BO ITERATION 38                                 
--------------------------------------------------------------------------------
| Evaluating objective function at 1.253E+02 3.839E+01 0.000E+00
| Objective function evaluated, time [s]       23.081
| Data point added to dataset (x i y): 
  1.2527363043E+02  3.8393172632E+01  0.0000000000E+00      -2.0299323497E+05

| Total ensemble size: 70
| Best acquisition, x_best i_best y_best:
  2.3555764941E+02  1.4142978325E+00  0.0000000000E+00      -2.0301237033E+05
| Global minimum prediction, x_hat mu_hat +- nu_hat:
  2.3734700472E+02  7.8011703624E-01  0.0000000000E+00      -2.0301237382E+05  1.9636919557E-08
| Global minimum convergence, d_xhat d_muhat:
  6.4968762334E-03  1.6920384746E-07

| GP model hyperparameters (lengthscales W kappa):
  5.3091346218E-01  4.8725783879E-01  7.8174645407E+00  4.8547084702E+00  4.3881823608E+00  7.3530966338E+00  0.0000000000E+00  0.0000000000E+00
| Next sampling location (x_next, i_next):
  3.0665321788E+02  1.8862202139E+02  0.0000000000E+00

Iteration time [s]:   26.079        Total time [s]:  964.841

--------------------------------------------------------------------------------
                                BO ITERATION 39                                 
--------------------------------------------------------------------------------
| Evaluating objective function at 3.067E+02 1.886E+02 0.000E+00
| Objective function evaluated, time [s]       23.835
| Acquisition location too confident, doing pure exploration
| Data point added to dataset (x i y): 
  3.0665321788E+02  1.8862202139E+02  0.0000000000E+00      -2.0300811761E+05

| Total ensemble size: 71
| Best acquisition, x_best i_best y_best:
  2.3555764941E+02  1.4142978325E+00  0.0000000000E+00      -2.0301237033E+05
| Global minimum prediction, x_hat mu_hat +- nu_hat:
  2.3734734776E+02  7.7995439541E-01  0.0000000000E+00      -2.0301237382E+05  1.8873839291E-08
| Global minimum convergence, d_xhat d_muhat:
  3.7964803019E-04  1.0632180001E-07

| GP model hyperparameters (lengthscales W kappa):
  5.3520242289E-01  4.9311608014E-01  4.8714202644E+00  7.8894036234E+00  7.4527989276E+00  4.4348428687E+00  0.0000000000E+00  0.0000000000E+00
| Next sampling location (x_next, i_next):
  2.0930431604E+02  9.5909353302E+01  0.0000000000E+00

Iteration time [s]:   27.660        Total time [s]:  992.505

--------------------------------------------------------------------------------
                                BO ITERATION 40                                 
--------------------------------------------------------------------------------
| Evaluating objective function at 2.093E+02 9.591E+01 0.000E+00
| Objective function evaluated, time [s]       22.097
| Acquisition location too confident, doing pure exploration
| Data point added to dataset (x i y): 
  2.0930431604E+02  9.5909353302E+01  0.0000000000E+00      -2.0299024104E+05

| Total ensemble size: 72
| Best acquisition, x_best i_best y_best:
  2.3555764941E+02  1.4142978325E+00  0.0000000000E+00      -2.0301237033E+05
| Global minimum prediction, x_hat mu_hat +- nu_hat:
  2.3734801470E+02  7.7981561023E-01  0.0000000000E+00      -2.0301237382E+05  1.8373190880E-08
| Global minimum convergence, d_xhat d_muhat:
  6.8122033993E-04  1.0270637875E-07

| GP model hyperparameters (lengthscales W kappa):
  5.3459673055E-01  4.9524176732E-01  4.9457854082E+00  7.8615044390E+00  7.3987363386E+00  4.4829306661E+00  0.0000000000E+00  0.0000000000E+00
| Next sampling location (x_next, i_next):
 -3.5865447650E+01  7.8518151405E+01  0.0000000000E+00

Iteration time [s]:   25.607        Total time [s]: 1018.113

--------------------------------------------------------------------------------
                                BO ITERATION 41                                 
--------------------------------------------------------------------------------
| Evaluating objective function at -3.587E+01 7.852E+01 0.000E+00
| Objective function evaluated, time [s]       23.203
| Acquisition location too confident, doing pure exploration
| Data point added to dataset (x i y): 
 -3.5865447650E+01  7.8518151405E+01  0.0000000000E+00      -2.0298866075E+05

| Total ensemble size: 73
| Best acquisition, x_best i_best y_best:
  2.3555764941E+02  1.4142978325E+00  0.0000000000E+00      -2.0301237033E+05
| Global minimum prediction, x_hat mu_hat +- nu_hat:
  2.3734733613E+02  7.7879048993E-01  0.0000000000E+00      -2.0301237381E+05  1.7370529814E-08
| Global minimum convergence, d_xhat d_muhat:
  1.2293572435E-03  2.5553193258E-07

| GP model hyperparameters (lengthscales W kappa):
  5.3273834515E-01  4.9200777972E-01  4.9217250040E+00  7.7211184059E+00  7.2829914423E+00  4.4839436725E+00  0.0000000000E+00  0.0000000000E+00
| Next sampling location (x_next, i_next):
  1.0116886956E+02 -1.0657292289E+01  0.0000000000E+00

Iteration time [s]:   26.935        Total time [s]: 1045.048

--------------------------------------------------------------------------------
                                BO ITERATION 42                                 
--------------------------------------------------------------------------------
| Evaluating objective function at 1.012E+02 -1.066E+01 0.000E+00
| Objective function evaluated, time [s]       23.151
| Acquisition location too confident, doing pure exploration
| Data point added to dataset (x i y): 
  1.0116886956E+02 -1.0657292289E+01  0.0000000000E+00      -2.0299612056E+05

| Total ensemble size: 74
| Best acquisition, x_best i_best y_best:
  2.3555764941E+02  1.4142978325E+00  0.0000000000E+00      -2.0301237033E+05
| Global minimum prediction, x_hat mu_hat +- nu_hat:
  2.3734753192E+02  7.7808561913E-01  0.0000000000E+00      -2.0301237381E+05  1.6028982497E-08
| Global minimum convergence, d_xhat d_muhat:
  7.3155567733E-04  6.4870914965E-08

| GP model hyperparameters (lengthscales W kappa):
  5.3582123109E-01  4.8975428925E-01  4.8447513775E+00  7.6314584174E+00  7.2612254474E+00  4.4741909244E+00  0.0000000000E+00  0.0000000000E+00
| Next sampling location (x_next, i_next):
  7.1103063095E+00  1.1415685631E+02  0.0000000000E+00

Iteration time [s]:   26.912        Total time [s]: 1071.960

--------------------------------------------------------------------------------
                                BO ITERATION 43                                 
--------------------------------------------------------------------------------
| Evaluating objective function at 7.110E+00 1.142E+02 0.000E+00
| Objective function evaluated, time [s]       23.009
| Acquisition location too confident, doing pure exploration
| Data point added to dataset (x i y): 
  7.1103063095E+00  1.1415685631E+02  0.0000000000E+00      -2.0299329155E+05

| Total ensemble size: 75
| Best acquisition, x_best i_best y_best:
  2.3555764941E+02  1.4142978325E+00  0.0000000000E+00      -2.0301237033E+05
| Global minimum prediction, x_hat mu_hat +- nu_hat:
  2.3734699240E+02  7.7757935076E-01  0.0000000000E+00      -2.0301237381E+05  1.5806113662E-08
| Global minimum convergence, d_xhat d_muhat:
  7.3985627378E-04  2.6321138859E-07

| GP model hyperparameters (lengthscales W kappa):
  5.3464357146E-01  4.9453709851E-01  4.8807262862E+00  7.6253424375E+00  7.2482751008E+00  4.5029704863E+00  0.0000000000E+00  0.0000000000E+00
| Next sampling location (x_next, i_next):
 -3.4574258930E+01  2.7252749330E+02  0.0000000000E+00

Iteration time [s]:   26.760        Total time [s]: 1098.720

--------------------------------------------------------------------------------
                                BO ITERATION 44                                 
--------------------------------------------------------------------------------
| Evaluating objective function at -3.457E+01 2.725E+02 0.000E+00
| Objective function evaluated, time [s]       23.091
| Acquisition location too confident, doing pure exploration
| Data point added to dataset (x i y): 
 -3.4574258930E+01  2.7252749330E+02  0.0000000000E+00      -2.0299162577E+05

| Total ensemble size: 76
| Best acquisition, x_best i_best y_best:
  2.3555764941E+02  1.4142978325E+00  0.0000000000E+00      -2.0301237033E+05
| Global minimum prediction, x_hat mu_hat +- nu_hat:
  2.3734693059E+02  7.7898827120E-01  0.0000000000E+00      -2.0301237380E+05  1.5591487124E-08
| Global minimum convergence, d_xhat d_muhat:
  1.4102755459E-03  3.3232389367E-08

| GP model hyperparameters (lengthscales W kappa):
  5.3421185813E-01  4.9801038005E-01  7.5877988288E+00  4.8699770343E+00  4.5077359633E+00  7.2263821169E+00  0.0000000000E+00  0.0000000000E+00
| Next sampling location (x_next, i_next):
  1.6544300587E+02  2.8858113459E+02  0.0000000000E+00

Iteration time [s]:   27.107        Total time [s]: 1125.828

--------------------------------------------------------------------------------
                                BO ITERATION 45                                 
--------------------------------------------------------------------------------
| Evaluating objective function at 1.654E+02 2.886E+02 0.000E+00
| Objective function evaluated, time [s]       23.053
| Acquisition location too confident, doing pure exploration
| Data point added to dataset (x i y): 
  1.6544300587E+02  2.8858113459E+02  0.0000000000E+00      -2.0298894212E+05

| Total ensemble size: 77
| Best acquisition, x_best i_best y_best:
  2.3555764941E+02  1.4142978325E+00  0.0000000000E+00      -2.0301237033E+05
| Global minimum prediction, x_hat mu_hat +- nu_hat:
  2.3734707311E+02  7.8029715506E-01  0.0000000000E+00      -2.0301237380E+05  1.5348040971E-08
| Global minimum convergence, d_xhat d_muhat:
  1.3166199650E-03  1.2877266761E-08

| GP model hyperparameters (lengthscales W kappa):
  5.3490688383E-01  4.9879521879E-01  7.5335950979E+00  4.8642719722E+00  4.5190630378E+00  7.1869531452E+00  0.0000000000E+00  0.0000000000E+00
| Next sampling location (x_next, i_next):
  1.5182892670E+02  1.0331775546E+02  0.0000000000E+00

Iteration time [s]:   26.920        Total time [s]: 1152.749

--------------------------------------------------------------------------------
                                BO ITERATION 46                                 
--------------------------------------------------------------------------------
| Evaluating objective function at 1.518E+02 1.033E+02 0.000E+00
| Objective function evaluated, time [s]       23.181
| Acquisition location too confident, doing pure exploration
| Data point added to dataset (x i y): 
  1.5182892670E+02  1.0331775546E+02  0.0000000000E+00      -2.0299213942E+05

| Total ensemble size: 78
| Best acquisition, x_best i_best y_best:
  2.3555764941E+02  1.4142978325E+00  0.0000000000E+00      -2.0301237033E+05
| Global minimum prediction, x_hat mu_hat +- nu_hat:
  2.3734585483E+02  7.7692228537E-01  0.0000000000E+00      -2.0301237379E+05  1.5127516928E-08
| Global minimum convergence, d_xhat d_muhat:
  3.5880264899E-03  4.1227702896E-07

| GP model hyperparameters (lengthscales W kappa):
  5.3286068132E-01  5.0117384623E-01  4.8390088860E+00  7.4882350090E+00  7.1856193360E+00  4.5350404154E+00  0.0000000000E+00  0.0000000000E+00
| Next sampling location (x_next, i_next):
  2.6377789637E+02  7.6618591815E+01  0.0000000000E+00

Iteration time [s]:   27.216        Total time [s]: 1179.966

--------------------------------------------------------------------------------
                                BO ITERATION 47                                 
--------------------------------------------------------------------------------
| Evaluating objective function at 2.638E+02 7.662E+01 0.000E+00
| Objective function evaluated, time [s]       24.002
| Acquisition location too confident, doing pure exploration
| Data point added to dataset (x i y): 
  2.6377789637E+02  7.6618591815E+01  0.0000000000E+00      -2.0298933866E+05

| Total ensemble size: 79
| Best acquisition, x_best i_best y_best:
  2.3555764941E+02  1.4142978325E+00  0.0000000000E+00      -2.0301237033E+05
| Global minimum prediction, x_hat mu_hat +- nu_hat:
  2.3734516459E+02  7.7948402348E-01  0.0000000000E+00      -2.0301237380E+05  1.4870684151E-08
| Global minimum convergence, d_xhat d_muhat:
  2.6531002367E-03  1.0804151352E-07

| GP model hyperparameters (lengthscales W kappa):
  5.3413440798E-01  4.9796405424E-01  7.3946177541E+00  4.8047584735E+00  4.5311289393E+00  7.1210475910E+00  0.0000000000E+00  0.0000000000E+00
| Next sampling location (x_next, i_next):
  5.6278235422E+01  9.5567815781E+01  0.0000000000E+00

Iteration time [s]:   28.073        Total time [s]: 1208.040

--------------------------------------------------------------------------------
                                BO ITERATION 48                                 
--------------------------------------------------------------------------------
| Evaluating objective function at 5.628E+01 9.557E+01 0.000E+00
| Objective function evaluated, time [s]       22.915
| Acquisition location too confident, doing pure exploration
| Data point added to dataset (x i y): 
  5.6278235422E+01  9.5567815781E+01  0.0000000000E+00      -2.0299081220E+05

| Total ensemble size: 80
| Best acquisition, x_best i_best y_best:
  2.3555764941E+02  1.4142978325E+00  0.0000000000E+00      -2.0301237033E+05
| Global minimum prediction, x_hat mu_hat +- nu_hat:
  2.3734429435E+02  7.7946373242E-01  0.0000000000E+00      -2.0301237379E+05  1.6436905081E-08
| Global minimum convergence, d_xhat d_muhat:
  8.7047170318E-04  1.3439083009E-07

| GP model hyperparameters (lengthscales W kappa):
  5.2211437121E-01  4.9430493467E-01  4.6348030029E+00  7.2932953796E+00  6.9274981517E+00  4.2698866215E+00  0.0000000000E+00  0.0000000000E+00
| Next sampling location (x_next, i_next):
 -1.6030653751E+01 -4.4508864301E+01  0.0000000000E+00

Iteration time [s]:   27.295        Total time [s]: 1235.336

--------------------------------------------------------------------------------
                                BO ITERATION 49                                 
--------------------------------------------------------------------------------
| Evaluating objective function at -1.603E+01 -4.451E+01 0.000E+00
| Objective function evaluated, time [s]       23.158
| Data point added to dataset (x i y): 
 -1.6030653751E+01 -4.4508864301E+01  0.0000000000E+00      -2.0299453760E+05

| Total ensemble size: 81
| Best acquisition, x_best i_best y_best:
  2.3555764941E+02  1.4142978325E+00  0.0000000000E+00      -2.0301237033E+05
| Global minimum prediction, x_hat mu_hat +- nu_hat:
  2.3734336838E+02  7.7623279465E-01  0.0000000000E+00      -2.0301237376E+05  1.8879139940E-08
| Global minimum convergence, d_xhat d_muhat:
  3.3610105472E-03  1.5943022091E-06

| GP model hyperparameters (lengthscales W kappa):
  5.0566271012E-01  4.6963236576E-01  4.5784265134E+00  6.9746331296E+00  6.4867082557E+00  4.0919776814E+00  0.0000000000E+00  0.0000000000E+00
| Next sampling location (x_next, i_next):
  7.8906446889E+01  1.9098546551E+02  0.0000000000E+00

Iteration time [s]:   26.856        Total time [s]: 1262.193

--------------------------------------------------------------------------------
                                BO ITERATION 50                                 
--------------------------------------------------------------------------------
| Evaluating objective function at 7.891E+01 1.910E+02 0.000E+00
| Objective function evaluated, time [s]       22.976
| Acquisition location too confident, doing pure exploration
| Data point added to dataset (x i y): 
  7.8906446889E+01  1.9098546551E+02  0.0000000000E+00      -2.0300857073E+05

| Total ensemble size: 82
| Best acquisition, x_best i_best y_best:
  2.3555764941E+02  1.4142978325E+00  0.0000000000E+00      -2.0301237033E+05
| Global minimum prediction, x_hat mu_hat +- nu_hat:
  2.3734397304E+02  7.7553018233E-01  0.0000000000E+00      -2.0301237376E+05  1.7737752511E-08
| Global minimum convergence, d_xhat d_muhat:
  9.2697373983E-04  2.3525971725E-07

| GP model hyperparameters (lengthscales W kappa):
  5.1247824053E-01  4.7273357689E-01  4.5625512311E+00  7.0370938127E+00  6.5980948850E+00  4.1256342112E+00  0.0000000000E+00  0.0000000000E+00
| Next sampling location (x_next, i_next):
  1.0415701094E+02  1.1853802130E+02  0.0000000000E+00

Iteration time [s]:   27.378        Total time [s]: 1289.572

|| Bayesian optimization completed, time [s]     1289.559


--------------------------------------------------------------------------------
                        BOSS is done! Have a nice day :)                        

      Datetime 15-08-2020 01:00:24            Total time [s]     1289.573       
--------------------------------------------------------------------------------
