
-----------------------------   Welcome to ....   ------------------------------
                      _______  _______ _______ _______ 
                     |   _   \|   _   |   _   |   _   |
                     |.  1   /|.  |   |   1___|   1___|
                     |.  _   \|.  |   |____   |____   |
                     |:  1    |:  1   |:  1   |:  1   |
                     |::.. .  |::.. . |::.. . |::.. . |
                     `-------'`-------`-------`-------'

                                 Version 0.9.15                                 
                              05-05-2020 08:55:53                               
--------------------------------------------------------------------------------

| Reading BOSS input file from: in_2D
| Initializing...

--------------------------------------------------------------------------------
                                   INPUT FILE                                   
--------------------------------------------------------------------------------
# input file for alanine 2D (d4-d13)
# optimize aims with rst data from amber
# optimization
userfn       userfn_2D.py

bounds       -50 310; -50 310
kernel       stdp
initpts 5 35
iterpts     50
verbosity    2
data_sources    2


RESULTS:
 -5.000000000000000E+01 -5.000000000000000E+01  0.0      -8.802709572377000E+03
  1.300000000000000E+02  1.300000000000000E+02  0.0      -8.802650771197999E+03
  2.200000000000000E+02  4.000000000000000E+01  0.0      -8.802878353898999E+03
  4.000000000000000E+01  2.200000000000000E+02  0.0      -8.802815554653000E+03
  8.500000000000000E+01  8.500000000000000E+01  0.0      -8.802274129588999E+03 
 -5.000000000000000E+01 -5.000000000000000E+01  1.0       2.585050000000000E+01
  1.300000000000000E+02  1.300000000000000E+02  1.0       2.753240000000000E+01
  2.200000000000000E+02  4.000000000000000E+01  1.0       2.664890000000000E+01
  4.000000000000000E+01  2.200000000000000E+02  1.0       2.348490000000000E+01
  8.500000000000000E+01  8.500000000000000E+01  1.0       3.377250000000000E+01       1.858632913705087E+00       2.811340538945101E-01  2.631344927091030E-01
  2.146483478659151E+01  2.366442607599583E+02  1.0       2.848460000000000E+01       1.868530665788992E+00       9.296718642621515E-02  3.388346882584720E-01
  4.251918494426133E+01 -5.000000000000000E+01  1.0       3.176260000000000E+01       2.065245823739045E+00       1.086701778622251E-01  2.359868530980971E-01
  2.039256783126901E+02  5.713739193124337E+01  1.0       2.945160000000000E+01       2.059066454159776E+00       9.698775741453020E-02  2.351190466741620E-01
 -3.721347792381110E+01  3.100000000000000E+02  1.0       2.708670000000000E+01       2.040562707548977E+00       9.953835448128570E-02  2.325805530338459E-01
  4.671943190741666E+01  2.066637951096940E+02  1.0       2.036570000000000E+01       2.579944716723248E+00       2.077062015365611E-01  1.377919791035628E-01
  6.143355965568644E+01  2.081148454797243E+02  1.0       2.032800000000000E+01       2.726329351006057E+00       3.651341316221378E-01  1.322872765165696E-01
  6.360234541873194E+01  1.967825784634875E+02  1.0       1.856320000000000E+01       3.162880858154653E+00       3.941226096140881E-01  1.585445279004394E-01
  5.308889893829092E+01  1.832749841181558E+02  1.0       1.760060000000000E+01       3.513491109350558E+00       4.585164493476409E-01  2.643687889404281E-01
  7.648475792460681E+01  1.729539468158193E+02  1.0       1.815390000000000E+01       3.640188174639763E+00       5.078906476956178E-01  2.884801083495272E-01
  6.171005844856421E+00  1.741162935055917E+02  1.0       2.046800000000000E+01       3.688417920069686E+00       5.155159296390658E-01  2.948698931995077E-01
  5.639706116414440E+01  1.750560674060055E+02  1.0       1.760320000000000E+01       3.816657798998008E+00       5.166001336195825E-01  3.151710990363876E-01
  1.721933263319627E+02  1.916806845826632E+02  1.0       2.158840000000000E+01       3.853347632302722E+00       5.267197600865924E-01  3.162226262568811E-01
  6.127530007418457E+01  1.803026465738784E+02  1.0       1.748550000000000E+01       3.928016450516844E+00       5.201985842322538E-01  3.151070340739718E-01
  2.533413613929555E+02  1.776429081835358E+02  1.0       2.635210000000000E+01       3.952017183259973E+00       4.915318606624569E-01  3.086659609054113E-01
  5.951132633762078E+01  1.801779823699057E+02  1.0       1.748170000000000E+01       4.111474340331149E+00       4.799744910574687E-01  3.331821107610980E-01
  2.159719204560375E+02 -2.808137645531341E+01  1.0       2.493530000000000E+01       4.078695919036618E+00       4.784778943475370E-01  3.315464990251917E-01
 -4.769629056780578E+01  9.011416777375176E+01  1.0       3.589350000000000E+01       4.461722052500221E+00       5.780259651167241E-01  2.798376609703804E-01
  3.494225766102078E+01  1.701390991288436E+01  1.0       2.722000000000000E+01       4.417132046556822E+00       5.659082973443967E-01  2.890940986033509E-01
  1.878452107177146E+02  2.663662129847344E+02  1.0       3.576340000000000E+01       4.844239808820684E+00       6.174945921417331E-01  2.658018242607880E-01
  2.616005462782180E+02  2.288262881500533E+02  1.0       3.176470000000000E+01       4.827750640553177E+00       6.036408653582455E-01  2.725006922899681E-01
  1.300603882113823E+02 -4.448267128249500E-03  1.0       3.326540000000000E+01       5.068629438187069E+00       5.777260363092179E-01  2.697852852336435E-01
  3.012014746620457E+02  3.444545590724797E-01  1.0       2.040270000000000E+01       5.276762516629379E+00       5.539988158369825E-01  2.965328560766259E-01
  2.668472893103972E+02 -9.665941738281866E+00  1.0       1.918500000000000E+01       5.392731210787511E+00       5.463109302431218E-01  3.155448500177639E-01
  2.353874244853894E+02  1.216127068868901E+02  1.0       3.535630000000000E+01       5.498284738704031E+00       5.507620263953135E-01  3.097773447113850E-01
  1.248550862608486E+02  2.961482545195568E+02  1.0       3.654180000000000E+01       5.521170747612192E+00       5.498530742326477E-01  3.211654383521307E-01
  1.118436964562282E+00  5.660218502465332E+01  1.0       3.561900000000000E+01       5.631421108957595E+00       5.427505048737249E-01  3.079048726093866E-01
  1.184233559404694E+02  4.437283849730902E+01  1.0       3.262510000000000E+01       5.564181762843837E+00       5.414006599610659E-01  3.087645314775571E-01
  9.811785305477910E+00  1.151928217002888E+02  1.0       3.141510000000000E+01       5.506844478086002E+00       5.419079624732901E-01  3.088056622669271E-01
  2.873430365353180E+02  2.686787787318584E+02  1.0       3.257700000000000E+01       5.466429910313608E+00       5.448438574000473E-01  3.093675647503026E-01
  3.003871624042102E+02  1.389996278664144E+02  1.0       2.706090000000000E+01       5.538217755897564E+00       5.316660629124189E-01  3.107397753517929E-01
--------------------------------------------------------------------------------
                               SIMULATION OPTIONS                               
--------------------------------------------------------------------------------
|| File input/output 
ipfile         in_2D
userfn         userfn_2D.py
outfile        boss.out
rstfile        boss.rst

|| Key settings 
data_sources         2
bounds         -5.000E+01 3.100E+02;    -5.000E+01 3.100E+02
kerntype       stdp stdp
yrange         none
noise          1.000E-12
initpts    5 35    iterpts   50
gm_tol         none
verbosity      2

|| Data acquisition 
acqfn                elcb
acqtol               1.000E-03

|| GP hyperparameters 
thetainit       1.000E+00 3.142E-01
thetabounds     none
thetaprior      gamma
thetapriorpar   1.000E+00 1.000E+00;    3.368E+00 9.020E+00;    3.368E+00 9.020E+00

|| Hyperparameter optimization
updatefreq   1  initupdate      True
updateoffset 0  updaterestarts  2


--------------------------------------------------------------------------------
                              INITIAL DATAPOINT 1                               
--------------------------------------------------------------------------------
| Data point added to dataset (x i y): 
 -5.0000000000E+01 -5.0000000000E+01  0.0000000000E+00      -8.8027095724E+03

| Total ensemble size: 1
| Next sampling location (x_next, i_next):
  1.3000000000E+02  1.3000000000E+02  0.0000000000E+00

Iteration time [s]:    0.001        Total time [s]:    0.030

--------------------------------------------------------------------------------
                              INITIAL DATAPOINT 2                               
--------------------------------------------------------------------------------
| Data point added to dataset (x i y): 
  1.3000000000E+02  1.3000000000E+02  0.0000000000E+00      -8.8026507712E+03

| Total ensemble size: 2
| Next sampling location (x_next, i_next):
  2.2000000000E+02  4.0000000000E+01  0.0000000000E+00

Iteration time [s]:    0.000        Total time [s]:    0.031

--------------------------------------------------------------------------------
                              INITIAL DATAPOINT 3                               
--------------------------------------------------------------------------------
| Data point added to dataset (x i y): 
  2.2000000000E+02  4.0000000000E+01  0.0000000000E+00      -8.8028783539E+03

| Total ensemble size: 3
| Next sampling location (x_next, i_next):
  4.0000000000E+01  2.2000000000E+02  0.0000000000E+00

Iteration time [s]:    0.001        Total time [s]:    0.032

--------------------------------------------------------------------------------
                              INITIAL DATAPOINT 4                               
--------------------------------------------------------------------------------
| Data point added to dataset (x i y): 
  4.0000000000E+01  2.2000000000E+02  0.0000000000E+00      -8.8028155547E+03

| Total ensemble size: 4
| Next sampling location (x_next, i_next):
  8.5000000000E+01  8.5000000000E+01  0.0000000000E+00

Iteration time [s]:    0.001        Total time [s]:    0.033

--------------------------------------------------------------------------------
                              INITIAL DATAPOINT 5                               
--------------------------------------------------------------------------------
| Data point added to dataset (x i y): 
  8.5000000000E+01  8.5000000000E+01  0.0000000000E+00      -8.8022741296E+03

| Total ensemble size: 5
| Next sampling location (x_next, i_next):
 -5.0000000000E+01 -5.0000000000E+01  1.0000000000E+00

Iteration time [s]:    0.000        Total time [s]:    0.034

--------------------------------------------------------------------------------
                              INITIAL DATAPOINT 6                               
--------------------------------------------------------------------------------
| Data point added to dataset (x i y): 
 -5.0000000000E+01 -5.0000000000E+01  1.0000000000E+00       2.5850500000E+01

| Total ensemble size: 6
| Next sampling location (x_next, i_next):
  1.3000000000E+02  1.3000000000E+02  1.0000000000E+00

Iteration time [s]:    0.000        Total time [s]:    0.035

--------------------------------------------------------------------------------
                              INITIAL DATAPOINT 7                               
--------------------------------------------------------------------------------
| Data point added to dataset (x i y): 
  1.3000000000E+02  1.3000000000E+02  1.0000000000E+00       2.7532400000E+01

| Total ensemble size: 7
| Next sampling location (x_next, i_next):
  2.2000000000E+02  4.0000000000E+01  1.0000000000E+00

Iteration time [s]:    0.000        Total time [s]:    0.036

--------------------------------------------------------------------------------
                              INITIAL DATAPOINT 8                               
--------------------------------------------------------------------------------
| Data point added to dataset (x i y): 
  2.2000000000E+02  4.0000000000E+01  1.0000000000E+00       2.6648900000E+01

| Total ensemble size: 8
| Next sampling location (x_next, i_next):
  4.0000000000E+01  2.2000000000E+02  1.0000000000E+00

Iteration time [s]:    0.000        Total time [s]:    0.037

--------------------------------------------------------------------------------
                              INITIAL DATAPOINT 9                               
--------------------------------------------------------------------------------
| Data point added to dataset (x i y): 
  4.0000000000E+01  2.2000000000E+02  1.0000000000E+00       2.3484900000E+01

| Total ensemble size: 9
| Next sampling location (x_next, i_next):
  8.5000000000E+01  8.5000000000E+01  1.0000000000E+00

Iteration time [s]:    0.000        Total time [s]:    0.038

--------------------------------------------------------------------------------
                              INITIAL DATAPOINT 10                              
--------------------------------------------------------------------------------
| Data point added to dataset (x i y): 
  8.5000000000E+01  8.5000000000E+01  1.0000000000E+00       3.3772500000E+01

| Total ensemble size: 10
| Next sampling location (x_next, i_next):
  2.1464834787E+01  2.3664426076E+02  1.0000000000E+00

Iteration time [s]:    0.000        Total time [s]:    0.039

--------------------------------------------------------------------------------
                              INITIAL DATAPOINT 11                              
--------------------------------------------------------------------------------
| Data point added to dataset (x i y): 
  2.1464834787E+01  2.3664426076E+02  1.0000000000E+00       2.8484600000E+01

| Total ensemble size: 11
| Next sampling location (x_next, i_next):
  4.2519184944E+01 -5.0000000000E+01  1.0000000000E+00

Iteration time [s]:    0.000        Total time [s]:    0.040

--------------------------------------------------------------------------------
                              INITIAL DATAPOINT 12                              
--------------------------------------------------------------------------------
| Data point added to dataset (x i y): 
  4.2519184944E+01 -5.0000000000E+01  1.0000000000E+00       3.1762600000E+01

| Total ensemble size: 12
| Next sampling location (x_next, i_next):
  2.0392567831E+02  5.7137391931E+01  1.0000000000E+00

Iteration time [s]:    0.000        Total time [s]:    0.040

--------------------------------------------------------------------------------
                              INITIAL DATAPOINT 13                              
--------------------------------------------------------------------------------
| Data point added to dataset (x i y): 
  2.0392567831E+02  5.7137391931E+01  1.0000000000E+00       2.9451600000E+01

| Total ensemble size: 13
| Next sampling location (x_next, i_next):
 -3.7213477924E+01  3.1000000000E+02  1.0000000000E+00

Iteration time [s]:    0.000        Total time [s]:    0.041

--------------------------------------------------------------------------------
                              INITIAL DATAPOINT 14                              
--------------------------------------------------------------------------------
| Data point added to dataset (x i y): 
 -3.7213477924E+01  3.1000000000E+02  1.0000000000E+00       2.7086700000E+01

| Total ensemble size: 14
| Next sampling location (x_next, i_next):
  4.6719431907E+01  2.0666379511E+02  1.0000000000E+00

Iteration time [s]:    0.001        Total time [s]:    0.042

--------------------------------------------------------------------------------
                              INITIAL DATAPOINT 15                              
--------------------------------------------------------------------------------
| Data point added to dataset (x i y): 
  4.6719431907E+01  2.0666379511E+02  1.0000000000E+00       2.0365700000E+01

| Total ensemble size: 15
| Next sampling location (x_next, i_next):
  6.1433559656E+01  2.0811484548E+02  1.0000000000E+00

Iteration time [s]:    0.000        Total time [s]:    0.043

--------------------------------------------------------------------------------
                              INITIAL DATAPOINT 16                              
--------------------------------------------------------------------------------
| Data point added to dataset (x i y): 
  6.1433559656E+01  2.0811484548E+02  1.0000000000E+00       2.0328000000E+01

| Total ensemble size: 16
| Next sampling location (x_next, i_next):
  6.3602345419E+01  1.9678257846E+02  1.0000000000E+00

Iteration time [s]:    0.000        Total time [s]:    0.044

--------------------------------------------------------------------------------
                              INITIAL DATAPOINT 17                              
--------------------------------------------------------------------------------
| Data point added to dataset (x i y): 
  6.3602345419E+01  1.9678257846E+02  1.0000000000E+00       1.8563200000E+01

| Total ensemble size: 17
| Next sampling location (x_next, i_next):
  5.3088898938E+01  1.8327498412E+02  1.0000000000E+00

Iteration time [s]:    0.000        Total time [s]:    0.045

--------------------------------------------------------------------------------
                              INITIAL DATAPOINT 18                              
--------------------------------------------------------------------------------
| Data point added to dataset (x i y): 
  5.3088898938E+01  1.8327498412E+02  1.0000000000E+00       1.7600600000E+01

| Total ensemble size: 18
| Next sampling location (x_next, i_next):
  7.6484757925E+01  1.7295394682E+02  1.0000000000E+00

Iteration time [s]:    0.000        Total time [s]:    0.046

--------------------------------------------------------------------------------
                              INITIAL DATAPOINT 19                              
--------------------------------------------------------------------------------
| Data point added to dataset (x i y): 
  7.6484757925E+01  1.7295394682E+02  1.0000000000E+00       1.8153900000E+01

| Total ensemble size: 19
| Next sampling location (x_next, i_next):
  6.1710058449E+00  1.7411629351E+02  1.0000000000E+00

Iteration time [s]:    0.000        Total time [s]:    0.047

--------------------------------------------------------------------------------
                              INITIAL DATAPOINT 20                              
--------------------------------------------------------------------------------
| Data point added to dataset (x i y): 
  6.1710058449E+00  1.7411629351E+02  1.0000000000E+00       2.0468000000E+01

| Total ensemble size: 20
| Next sampling location (x_next, i_next):
  5.6397061164E+01  1.7505606741E+02  1.0000000000E+00

Iteration time [s]:    0.000        Total time [s]:    0.048

--------------------------------------------------------------------------------
                              INITIAL DATAPOINT 21                              
--------------------------------------------------------------------------------
| Data point added to dataset (x i y): 
  5.6397061164E+01  1.7505606741E+02  1.0000000000E+00       1.7603200000E+01

| Total ensemble size: 21
| Next sampling location (x_next, i_next):
  1.7219332633E+02  1.9168068458E+02  1.0000000000E+00

Iteration time [s]:    0.000        Total time [s]:    0.049

--------------------------------------------------------------------------------
                              INITIAL DATAPOINT 22                              
--------------------------------------------------------------------------------
| Data point added to dataset (x i y): 
  1.7219332633E+02  1.9168068458E+02  1.0000000000E+00       2.1588400000E+01

| Total ensemble size: 22
| Next sampling location (x_next, i_next):
  6.1275300074E+01  1.8030264657E+02  1.0000000000E+00

Iteration time [s]:    0.000        Total time [s]:    0.050

--------------------------------------------------------------------------------
                              INITIAL DATAPOINT 23                              
--------------------------------------------------------------------------------
| Data point added to dataset (x i y): 
  6.1275300074E+01  1.8030264657E+02  1.0000000000E+00       1.7485500000E+01

| Total ensemble size: 23
| Next sampling location (x_next, i_next):
  2.5334136139E+02  1.7764290818E+02  1.0000000000E+00

Iteration time [s]:    0.000        Total time [s]:    0.051

--------------------------------------------------------------------------------
                              INITIAL DATAPOINT 24                              
--------------------------------------------------------------------------------
| Data point added to dataset (x i y): 
  2.5334136139E+02  1.7764290818E+02  1.0000000000E+00       2.6352100000E+01

| Total ensemble size: 24
| Next sampling location (x_next, i_next):
  5.9511326338E+01  1.8017798237E+02  1.0000000000E+00

Iteration time [s]:    0.000        Total time [s]:    0.051

--------------------------------------------------------------------------------
                              INITIAL DATAPOINT 25                              
--------------------------------------------------------------------------------
| Data point added to dataset (x i y): 
  5.9511326338E+01  1.8017798237E+02  1.0000000000E+00       1.7481700000E+01

| Total ensemble size: 25
| Next sampling location (x_next, i_next):
  2.1597192046E+02 -2.8081376455E+01  1.0000000000E+00

Iteration time [s]:    0.000        Total time [s]:    0.052

--------------------------------------------------------------------------------
                              INITIAL DATAPOINT 26                              
--------------------------------------------------------------------------------
| Data point added to dataset (x i y): 
  2.1597192046E+02 -2.8081376455E+01  1.0000000000E+00       2.4935300000E+01

| Total ensemble size: 26
| Next sampling location (x_next, i_next):
 -4.7696290568E+01  9.0114167774E+01  1.0000000000E+00

Iteration time [s]:    0.000        Total time [s]:    0.053

--------------------------------------------------------------------------------
                              INITIAL DATAPOINT 27                              
--------------------------------------------------------------------------------
| Data point added to dataset (x i y): 
 -4.7696290568E+01  9.0114167774E+01  1.0000000000E+00       3.5893500000E+01

| Total ensemble size: 27
| Next sampling location (x_next, i_next):
  3.4942257661E+01  1.7013909913E+01  1.0000000000E+00

Iteration time [s]:    0.000        Total time [s]:    0.054

--------------------------------------------------------------------------------
                              INITIAL DATAPOINT 28                              
--------------------------------------------------------------------------------
| Data point added to dataset (x i y): 
  3.4942257661E+01  1.7013909913E+01  1.0000000000E+00       2.7220000000E+01

| Total ensemble size: 28
| Next sampling location (x_next, i_next):
  1.8784521072E+02  2.6636621298E+02  1.0000000000E+00

Iteration time [s]:    0.000        Total time [s]:    0.055

--------------------------------------------------------------------------------
                              INITIAL DATAPOINT 29                              
--------------------------------------------------------------------------------
| Data point added to dataset (x i y): 
  1.8784521072E+02  2.6636621298E+02  1.0000000000E+00       3.5763400000E+01

| Total ensemble size: 29
| Next sampling location (x_next, i_next):
  2.6160054628E+02  2.2882628815E+02  1.0000000000E+00

Iteration time [s]:    0.000        Total time [s]:    0.056

--------------------------------------------------------------------------------
                              INITIAL DATAPOINT 30                              
--------------------------------------------------------------------------------
| Data point added to dataset (x i y): 
  2.6160054628E+02  2.2882628815E+02  1.0000000000E+00       3.1764700000E+01

| Total ensemble size: 30
| Next sampling location (x_next, i_next):
  1.3006038821E+02 -4.4482671282E-03  1.0000000000E+00

Iteration time [s]:    0.000        Total time [s]:    0.057

--------------------------------------------------------------------------------
                              INITIAL DATAPOINT 31                              
--------------------------------------------------------------------------------
| Data point added to dataset (x i y): 
  1.3006038821E+02 -4.4482671282E-03  1.0000000000E+00       3.3265400000E+01

| Total ensemble size: 31
| Next sampling location (x_next, i_next):
  3.0120147466E+02  3.4445455907E-01  1.0000000000E+00

Iteration time [s]:    0.000        Total time [s]:    0.058

--------------------------------------------------------------------------------
                              INITIAL DATAPOINT 32                              
--------------------------------------------------------------------------------
| Data point added to dataset (x i y): 
  3.0120147466E+02  3.4445455907E-01  1.0000000000E+00       2.0402700000E+01

| Total ensemble size: 32
| Next sampling location (x_next, i_next):
  2.6684728931E+02 -9.6659417383E+00  1.0000000000E+00

Iteration time [s]:    0.000        Total time [s]:    0.059

--------------------------------------------------------------------------------
                              INITIAL DATAPOINT 33                              
--------------------------------------------------------------------------------
| Data point added to dataset (x i y): 
  2.6684728931E+02 -9.6659417383E+00  1.0000000000E+00       1.9185000000E+01

| Total ensemble size: 33
| Next sampling location (x_next, i_next):
  2.3538742449E+02  1.2161270689E+02  1.0000000000E+00

Iteration time [s]:    0.000        Total time [s]:    0.060

--------------------------------------------------------------------------------
                              INITIAL DATAPOINT 34                              
--------------------------------------------------------------------------------
| Data point added to dataset (x i y): 
  2.3538742449E+02  1.2161270689E+02  1.0000000000E+00       3.5356300000E+01

| Total ensemble size: 34
| Next sampling location (x_next, i_next):
  1.2485508626E+02  2.9614825452E+02  1.0000000000E+00

Iteration time [s]:    0.000        Total time [s]:    0.061

--------------------------------------------------------------------------------
                              INITIAL DATAPOINT 35                              
--------------------------------------------------------------------------------
| Data point added to dataset (x i y): 
  1.2485508626E+02  2.9614825452E+02  1.0000000000E+00       3.6541800000E+01

| Total ensemble size: 35
| Next sampling location (x_next, i_next):
  1.1184369646E+00  5.6602185025E+01  1.0000000000E+00

Iteration time [s]:    0.000        Total time [s]:    0.061

--------------------------------------------------------------------------------
                              INITIAL DATAPOINT 36                              
--------------------------------------------------------------------------------
| Data point added to dataset (x i y): 
  1.1184369646E+00  5.6602185025E+01  1.0000000000E+00       3.5619000000E+01

| Total ensemble size: 36
| Next sampling location (x_next, i_next):
  1.1842335594E+02  4.4372838497E+01  1.0000000000E+00

Iteration time [s]:    0.000        Total time [s]:    0.062

--------------------------------------------------------------------------------
                              INITIAL DATAPOINT 37                              
--------------------------------------------------------------------------------
| Data point added to dataset (x i y): 
  1.1842335594E+02  4.4372838497E+01  1.0000000000E+00       3.2625100000E+01

| Total ensemble size: 37
| Next sampling location (x_next, i_next):
  9.8117853055E+00  1.1519282170E+02  1.0000000000E+00

Iteration time [s]:    0.000        Total time [s]:    0.063

--------------------------------------------------------------------------------
                              INITIAL DATAPOINT 38                              
--------------------------------------------------------------------------------
| Data point added to dataset (x i y): 
  9.8117853055E+00  1.1519282170E+02  1.0000000000E+00       3.1415100000E+01

| Total ensemble size: 38
| Next sampling location (x_next, i_next):
  2.8734303654E+02  2.6867877873E+02  1.0000000000E+00

Iteration time [s]:    0.000        Total time [s]:    0.064

--------------------------------------------------------------------------------
                              INITIAL DATAPOINT 39                              
--------------------------------------------------------------------------------
| Data point added to dataset (x i y): 
  2.8734303654E+02  2.6867877873E+02  1.0000000000E+00       3.2577000000E+01

| Total ensemble size: 39
| Next sampling location (x_next, i_next):
  3.0038716240E+02  1.3899962787E+02  1.0000000000E+00

Iteration time [s]:    0.000        Total time [s]:    0.065

--------------------------------------------------------------------------------
                              INITIAL DATAPOINT 40                              
--------------------------------------------------------------------------------
| Data point added to dataset (x i y): 
  3.0038716240E+02  1.3899962787E+02  1.0000000000E+00       2.7060900000E+01

| Total ensemble size: 40
| Best acquisition, x_best i_best y_best:
  2.2000000000E+02  4.0000000000E+01  0.0000000000E+00      -8.8028783539E+03
| Global minimum prediction, x_hat mu_hat +- nu_hat:
  2.6828253734E+02 -5.8674311090E+00  0.0000000000E+00      -8.8032285833E+03  2.7969525728E-03

| GP model hyperparameters (lengthscales W kappa):
  7.0214965776E-01  5.5349895157E-01  4.3006304553E-01  6.9388055724E+00  7.5150944192E-03  8.1487784600E-01
| Next sampling location (x_next, i_next):
  5.9669106338E+01  1.7475244160E+02  0.0000000000E+00

Iteration time [s]:    1.324        Total time [s]:    1.390

--------------------------------------------------------------------------------
                                 BO ITERATION 1                                 
--------------------------------------------------------------------------------
| Evaluating objective function at 5.967E+01 1.748E+02 0.000E+00
| Objective function evaluated, time [s]        3.309
| Data point added to dataset (x i y): 
  5.9669106338E+01  1.7475244160E+02  0.0000000000E+00      -8.8031529040E+03

| Total ensemble size: 41
| Best acquisition, x_best i_best y_best:
  5.9669106338E+01  1.7475244160E+02  0.0000000000E+00      -8.8031529040E+03
| Global minimum prediction, x_hat mu_hat +- nu_hat:
  2.6701315467E+02 -5.6133461110E+00  0.0000000000E+00      -8.8032034784E+03  2.0719180919E-03
| Global minimum convergence, d_xhat d_muhat:
  1.5400134822E+04  4.6186569196E+02

| GP model hyperparameters (lengthscales W kappa):
  7.0208857303E-01  5.6830839748E-01  4.2038054951E-01  7.0075321905E+00  1.8969907666E-04  2.3963253534E+00
| Next sampling location (x_next, i_next):
  2.6796083008E+02 -3.0615025967E+00  0.0000000000E+00

Iteration time [s]:    4.340        Total time [s]:    5.731

--------------------------------------------------------------------------------
                                 BO ITERATION 2                                 
--------------------------------------------------------------------------------
| Evaluating objective function at 2.680E+02 -3.062E+00 0.000E+00
| Objective function evaluated, time [s]        3.018
| Data point added to dataset (x i y): 
  2.6796083008E+02 -3.0615025967E+00  0.0000000000E+00      -8.8032293091E+03

| Total ensemble size: 42
| Best acquisition, x_best i_best y_best:
  2.6796083008E+02 -3.0615025967E+00  0.0000000000E+00      -8.8032293091E+03
| Global minimum prediction, x_hat mu_hat +- nu_hat:
  2.6710058123E+02 -5.4622081180E+00  0.0000000000E+00      -8.8032308291E+03  1.9723083871E-05
| Global minimum convergence, d_xhat d_muhat:
  1.5400229176E+04  4.6186708889E+02

| GP model hyperparameters (lengthscales W kappa):
  7.3060759291E-01  6.1065569262E-01 -4.6731539201E-01 -7.9517765460E+00  9.6337033269E-03  3.2237324148E-01
| Next sampling location (x_next, i_next):
 -5.0000000000E+01  1.8254288073E+02  0.0000000000E+00

Iteration time [s]:    4.277        Total time [s]:   10.008

--------------------------------------------------------------------------------
                                 BO ITERATION 3                                 
--------------------------------------------------------------------------------
| Evaluating objective function at -5.000E+01 1.825E+02 0.000E+00
| Objective function evaluated, time [s]        2.900
| Data point added to dataset (x i y): 
 -5.0000000000E+01  1.8254288073E+02  0.0000000000E+00      -8.8031096887E+03

| Total ensemble size: 43
| Best acquisition, x_best i_best y_best:
  2.6796083008E+02 -3.0615025967E+00  0.0000000000E+00      -8.8032293091E+03
| Global minimum prediction, x_hat mu_hat +- nu_hat:
  2.6762640021E+02 -5.0561333203E+00  0.0000000000E+00      -8.8032303202E+03  1.2827423467E-05
| Global minimum convergence, d_xhat d_muhat:
  1.5400818221E+04  4.6186695453E+02

| GP model hyperparameters (lengthscales W kappa):
  7.3175514486E-01  6.3333617070E-01 -4.8954141448E-01 -8.3134282306E+00  1.3217060585E-02  3.3340197849E-01
| Next sampling location (x_next, i_next):
  2.3007318904E+02 -3.8713037239E+00  0.0000000000E+00

Iteration time [s]:    4.084        Total time [s]:   14.093

--------------------------------------------------------------------------------
                                 BO ITERATION 4                                 
--------------------------------------------------------------------------------
| Evaluating objective function at 2.301E+02 -3.871E+00 0.000E+00
| Objective function evaluated, time [s]        2.815
| Data point added to dataset (x i y): 
  2.3007318904E+02 -3.8713037239E+00  0.0000000000E+00      -8.8032585667E+03

| Total ensemble size: 44
| Best acquisition, x_best i_best y_best:
  2.3007318904E+02 -3.8713037239E+00  0.0000000000E+00      -8.8032585667E+03
| Global minimum prediction, x_hat mu_hat +- nu_hat:
  2.4301243692E+02 -5.8007193946E+00  0.0000000000E+00      -8.8032689107E+03  1.2849032151E-04
| Global minimum convergence, d_xhat d_muhat:
  1.5385907177E+04  4.6186897884E+02

| GP model hyperparameters (lengthscales W kappa):
  7.1755133062E-01  6.3543456070E-01  4.9657566497E-01  8.1701658355E+00  1.6743299081E-02  2.0605048544E+00
| Next sampling location (x_next, i_next):
  1.8840980934E+02  1.8511058836E+02  0.0000000000E+00

Iteration time [s]:    4.179        Total time [s]:   18.272

--------------------------------------------------------------------------------
                                 BO ITERATION 5                                 
--------------------------------------------------------------------------------
| Evaluating objective function at 1.884E+02 1.851E+02 0.000E+00
| Objective function evaluated, time [s]        2.856
| Data point added to dataset (x i y): 
  1.8840980934E+02  1.8511058836E+02  0.0000000000E+00      -8.8030757388E+03

| Total ensemble size: 45
| Best acquisition, x_best i_best y_best:
  2.3007318904E+02 -3.8713037239E+00  0.0000000000E+00      -8.8032585667E+03
| Global minimum prediction, x_hat mu_hat +- nu_hat:
  2.4288281406E+02 -5.7435340791E+00  0.0000000000E+00      -8.8032685006E+03  1.1872847747E-04
| Global minimum convergence, d_xhat d_muhat:
  1.5385930498E+04  4.6186896339E+02

| GP model hyperparameters (lengthscales W kappa):
  7.2912384009E-01  6.5134227576E-01  5.1269643008E-01  8.5453614215E+00  1.8704479074E-02  1.3561842487E+00
| Next sampling location (x_next, i_next):
  1.4556786296E+02  1.9364076627E+02  0.0000000000E+00

Iteration time [s]:    4.093        Total time [s]:   22.366

--------------------------------------------------------------------------------
                                 BO ITERATION 6                                 
--------------------------------------------------------------------------------
| Evaluating objective function at 1.456E+02 1.936E+02 0.000E+00
| Objective function evaluated, time [s]        2.798
| Data point added to dataset (x i y): 
  1.4556786296E+02  1.9364076627E+02  0.0000000000E+00      -8.8030362632E+03

| Total ensemble size: 46
| Best acquisition, x_best i_best y_best:
  2.3007318904E+02 -3.8713037239E+00  0.0000000000E+00      -8.8032585667E+03
| Global minimum prediction, x_hat mu_hat +- nu_hat:
  2.4293029645E+02 -5.7784183719E+00  0.0000000000E+00      -8.8032685619E+03  1.1189742656E-04
| Global minimum convergence, d_xhat d_muhat:
  1.5385937759E+04  4.6186896609E+02

| GP model hyperparameters (lengthscales W kappa):
  7.4281624853E-01  6.6314043191E-01  5.2384361540E-01  8.8174520930E+00  1.9717556521E-02  1.1306482242E+00
| Next sampling location (x_next, i_next):
  2.4817104746E+02 -2.0491503850E+01  0.0000000000E+00

Iteration time [s]:    4.184        Total time [s]:   26.551

--------------------------------------------------------------------------------
                                 BO ITERATION 7                                 
--------------------------------------------------------------------------------
| Evaluating objective function at 2.482E+02 -2.049E+01 0.000E+00
| Objective function evaluated, time [s]        2.907
| Data point added to dataset (x i y): 
  2.4817104746E+02 -2.0491503850E+01  0.0000000000E+00      -8.8031445363E+03

| Total ensemble size: 47
| Best acquisition, x_best i_best y_best:
  2.3007318904E+02 -3.8713037239E+00  0.0000000000E+00      -8.8032585667E+03
| Global minimum prediction, x_hat mu_hat +- nu_hat:
  2.2839228329E+02  5.6343226432E-01  0.0000000000E+00      -8.8032644957E+03  8.3804948402E-06
| Global minimum convergence, d_xhat d_muhat:
  1.5381023788E+04  4.6186875240E+02

| GP model hyperparameters (lengthscales W kappa):
  7.3603497077E-01  6.7761607348E-01  5.8962931072E-01  9.3027190512E+00  1.2261680075E-02  2.6993552413E+00
| Next sampling location (x_next, i_next):
 -1.8027218237E+01  1.6608187826E+02  0.0000000000E+00

Iteration time [s]:    4.217        Total time [s]:   30.769

--------------------------------------------------------------------------------
                                 BO ITERATION 8                                 
--------------------------------------------------------------------------------
| Evaluating objective function at -1.803E+01 1.661E+02 0.000E+00
| Objective function evaluated, time [s]        2.935
| Data point added to dataset (x i y): 
 -1.8027218237E+01  1.6608187826E+02  0.0000000000E+00      -8.8030404739E+03

| Total ensemble size: 48
| Best acquisition, x_best i_best y_best:
  2.3007318904E+02 -3.8713037239E+00  0.0000000000E+00      -8.8032585667E+03
| Global minimum prediction, x_hat mu_hat +- nu_hat:
  2.2817478946E+02  5.6641252288E-01  0.0000000000E+00      -8.8032645271E+03  8.0197852047E-06
| Global minimum convergence, d_xhat d_muhat:
  1.5380890742E+04  4.6186874861E+02

| GP model hyperparameters (lengthscales W kappa):
  7.5040361411E-01  6.9299063435E-01  6.1382110341E-01  9.7277418298E+00  1.1249819462E-02  2.7001404867E+00
| Next sampling location (x_next, i_next):
  1.6808957693E+02  1.6619662633E+02  0.0000000000E+00

Iteration time [s]:    4.282        Total time [s]:   35.051

--------------------------------------------------------------------------------
                                 BO ITERATION 9                                 
--------------------------------------------------------------------------------
| Evaluating objective function at 1.681E+02 1.662E+02 0.000E+00
| Objective function evaluated, time [s]        2.771
| Data point added to dataset (x i y): 
  1.6808957693E+02  1.6619662633E+02  0.0000000000E+00      -8.8030424597E+03

| Total ensemble size: 49
| Best acquisition, x_best i_best y_best:
  2.3007318904E+02 -3.8713037239E+00  0.0000000000E+00      -8.8032585667E+03
| Global minimum prediction, x_hat mu_hat +- nu_hat:
  2.2902448299E+02  4.7264182200E-01  0.0000000000E+00      -8.8032644746E+03  7.0480902327E-06
| Global minimum convergence, d_xhat d_muhat:
  1.5381336068E+04  4.6186874584E+02

| GP model hyperparameters (lengthscales W kappa):
  7.5443729756E-01  6.8716991546E-01  6.0233332032E-01  9.6333401048E+00  1.1652884488E-02  2.7067839977E+00
| Next sampling location (x_next, i_next):
  1.9375678541E+02  7.9107928317E+00  0.0000000000E+00

Iteration time [s]:    4.119        Total time [s]:   39.170

--------------------------------------------------------------------------------
                                BO ITERATION 10                                 
--------------------------------------------------------------------------------
| Evaluating objective function at 1.938E+02 7.911E+00 0.000E+00
| Objective function evaluated, time [s]        2.799
| Data point added to dataset (x i y): 
  1.9375678541E+02  7.9107928317E+00  0.0000000000E+00      -8.8031578383E+03

| Total ensemble size: 50
| Best acquisition, x_best i_best y_best:
  2.3007318904E+02 -3.8713037239E+00  0.0000000000E+00      -8.8032585667E+03
| Global minimum prediction, x_hat mu_hat +- nu_hat:
  2.2781905785E+02  6.5041767636E-01  0.0000000000E+00      -8.8032645817E+03  6.1626110478E-06
| Global minimum convergence, d_xhat d_muhat:
  1.5380729911E+04  4.6186875141E+02

| GP model hyperparameters (lengthscales W kappa):
  7.7016597421E-01  6.9852669702E-01  6.1880736015E-01  9.9401442009E+00  1.2513747602E-02  2.7438880751E+00
| Next sampling location (x_next, i_next):
  2.2312056014E+02  4.9211598178E+00  0.0000000000E+00

Iteration time [s]:    4.232        Total time [s]:   43.402

--------------------------------------------------------------------------------
                                BO ITERATION 11                                 
--------------------------------------------------------------------------------
| Evaluating objective function at 2.231E+02 4.921E+00 0.000E+00
| Objective function evaluated, time [s]        2.907
| Data point added to dataset (x i y): 
  2.2312056014E+02  4.9211598178E+00  0.0000000000E+00      -8.8032670949E+03

| Total ensemble size: 51
| Best acquisition, x_best i_best y_best:
  2.2312056014E+02  4.9211598178E+00  0.0000000000E+00      -8.8032670949E+03
| Global minimum prediction, x_hat mu_hat +- nu_hat:
  2.2662535236E+02  2.2455653470E+00  0.0000000000E+00      -8.8032691008E+03  4.0370741413E-07
| Global minimum convergence, d_xhat d_muhat:
  1.5380942379E+04  4.6186898846E+02

| GP model hyperparameters (lengthscales W kappa):
  7.8021244103E-01  6.8339576045E-01  6.4015384882E-01  9.9152650995E+00  1.3609034800E-02  2.7671140974E+00
| Next sampling location (x_next, i_next):
  2.3805034179E+02  1.7007227695E+00  0.0000000000E+00

Iteration time [s]:    4.276        Total time [s]:   47.679

--------------------------------------------------------------------------------
                                BO ITERATION 12                                 
--------------------------------------------------------------------------------
| Evaluating objective function at 2.381E+02 1.701E+00 0.000E+00
| Objective function evaluated, time [s]        2.847
| Data point added to dataset (x i y): 
  2.3805034179E+02  1.7007227695E+00  0.0000000000E+00      -8.8032766154E+03

| Total ensemble size: 52
| Best acquisition, x_best i_best y_best:
  2.3805034179E+02  1.7007227695E+00  0.0000000000E+00      -8.8032766154E+03
| Global minimum prediction, x_hat mu_hat +- nu_hat:
  2.3618221905E+02  1.9681007548E+00  0.0000000000E+00      -8.8032767932E+03  2.6507242756E-08
| Global minimum convergence, d_xhat d_muhat:
  1.5386404037E+04  4.6186939175E+02

| GP model hyperparameters (lengthscales W kappa):
  7.4117598413E-01  5.7018659301E-01  4.6692857228E-01  7.6910682283E+00  3.3307802014E-02  1.0540832694E+00
| Next sampling location (x_next, i_next):
  1.5834584766E+01 -1.2114177620E+00  0.0000000000E+00

Iteration time [s]:    4.309        Total time [s]:   51.989

--------------------------------------------------------------------------------
                                BO ITERATION 13                                 
--------------------------------------------------------------------------------
| Evaluating objective function at 1.583E+01 -1.211E+00 0.000E+00
| Objective function evaluated, time [s]        2.938
| Data point added to dataset (x i y): 
  1.5834584766E+01 -1.2114177620E+00  0.0000000000E+00      -8.8024888732E+03

| Total ensemble size: 53
| Best acquisition, x_best i_best y_best:
  2.3805034179E+02  1.7007227695E+00  0.0000000000E+00      -8.8032766154E+03
| Global minimum prediction, x_hat mu_hat +- nu_hat:
  2.3676070273E+02  1.7937110500E+00  0.0000000000E+00      -8.8032766951E+03  1.9781397265E-08
| Global minimum convergence, d_xhat d_muhat:
  1.5386657428E+04  4.6186938658E+02

| GP model hyperparameters (lengthscales W kappa):
  7.3139278109E-01  5.9947030716E-01  4.9500940259E-01  8.0977126141E+00  3.6934563854E-02  1.0709457722E+00
| Next sampling location (x_next, i_next):
  2.4138857719E+02  4.0395466469E+00  0.0000000000E+00

Iteration time [s]:    4.346        Total time [s]:   56.335

--------------------------------------------------------------------------------
                                BO ITERATION 14                                 
--------------------------------------------------------------------------------
| Evaluating objective function at 2.414E+02 4.040E+00 0.000E+00
| Objective function evaluated, time [s]        2.895
| Acquisition location too confident, doing pure exploration
| Data point added to dataset (x i y): 
  2.4138857719E+02  4.0395466469E+00  0.0000000000E+00      -8.8032694341E+03

| Total ensemble size: 54
| Best acquisition, x_best i_best y_best:
  2.3805034179E+02  1.7007227695E+00  0.0000000000E+00      -8.8032766154E+03
| Global minimum prediction, x_hat mu_hat +- nu_hat:
  2.3681498665E+02  1.0083903004E+00  0.0000000000E+00      -8.8032770538E+03  1.4061267783E-08
| Global minimum convergence, d_xhat d_muhat:
  1.5386239763E+04  4.6186940540E+02

| GP model hyperparameters (lengthscales W kappa):
  7.2748998599E-01  6.2875563006E-01  5.9400511009E-01  8.0659072041E+00  4.4840175270E-03  8.7725193556E+00
| Next sampling location (x_next, i_next):
  9.3643959839E+01  3.1000000000E+02  0.0000000000E+00

Iteration time [s]:    4.754        Total time [s]:   61.090

--------------------------------------------------------------------------------
                                BO ITERATION 15                                 
--------------------------------------------------------------------------------
| Evaluating objective function at 9.364E+01 3.100E+02 0.000E+00
| Objective function evaluated, time [s]        2.912
| Data point added to dataset (x i y): 
  9.3643959839E+01  3.1000000000E+02  0.0000000000E+00      -8.8025402819E+03

| Total ensemble size: 55
| Best acquisition, x_best i_best y_best:
  2.3805034179E+02  1.7007227695E+00  0.0000000000E+00      -8.8032766154E+03
| Global minimum prediction, x_hat mu_hat +- nu_hat:
  2.3665942253E+02  1.0761617415E+00  0.0000000000E+00      -8.8032770519E+03  1.4697260764E-08
| Global minimum convergence, d_xhat d_muhat:
  1.5386187765E+04  4.6186940530E+02

| GP model hyperparameters (lengthscales W kappa):
  6.9889112396E-01  6.0358253854E-01 -5.4069368077E-01 -7.2268407767E+00  7.6645630009E-03  1.0453438008E+01
| Next sampling location (x_next, i_next):
  2.8328987722E+02  1.6386239861E+02  0.0000000000E+00

Iteration time [s]:    4.502        Total time [s]:   65.592

--------------------------------------------------------------------------------
                                BO ITERATION 16                                 
--------------------------------------------------------------------------------
| Evaluating objective function at 2.833E+02 1.639E+02 0.000E+00
| Objective function evaluated, time [s]        3.393
| Data point added to dataset (x i y): 
  2.8328987722E+02  1.6386239861E+02  0.0000000000E+00      -8.8030380223E+03

| Total ensemble size: 56
| Best acquisition, x_best i_best y_best:
  2.3805034179E+02  1.7007227695E+00  0.0000000000E+00      -8.8032766154E+03
| Global minimum prediction, x_hat mu_hat +- nu_hat:
  2.3669855522E+02  1.0677471002E+00  0.0000000000E+00      -8.8032770528E+03  1.4488681166E-08
| Global minimum convergence, d_xhat d_muhat:
  1.5386205938E+04  4.6186940535E+02

| GP model hyperparameters (lengthscales W kappa):
  6.9772520125E-01  5.9024568723E-01 -5.1491361671E-01 -7.0074441264E+00  8.8822322722E-03  1.0538992735E+01
| Next sampling location (x_next, i_next):
  8.6266345598E+01  1.8846095782E+02  0.0000000000E+00

Iteration time [s]:    4.929        Total time [s]:   70.521

--------------------------------------------------------------------------------
                                BO ITERATION 17                                 
--------------------------------------------------------------------------------
| Evaluating objective function at 8.627E+01 1.885E+02 0.000E+00
| Objective function evaluated, time [s]        2.863
| Acquisition location too confident, doing pure exploration
| Data point added to dataset (x i y): 
  8.6266345598E+01  1.8846095782E+02  0.0000000000E+00      -8.8031123515E+03

| Total ensemble size: 57
| Best acquisition, x_best i_best y_best:
  2.3805034179E+02  1.7007227695E+00  0.0000000000E+00      -8.8032766154E+03
| Global minimum prediction, x_hat mu_hat +- nu_hat:
  2.3670081881E+02  1.0666259486E+00  0.0000000000E+00      -8.8032770515E+03  1.4369959578E-08
| Global minimum convergence, d_xhat d_muhat:
  1.5386206628E+04  4.6186940528E+02

| GP model hyperparameters (lengthscales W kappa):
  7.0576357118E-01  5.9449935387E-01 -5.2167599080E-01 -7.1667325754E+00  7.9694255182E-03  1.0483121181E+01
| Next sampling location (x_next, i_next):
 -2.5748080930E+01  8.1921948770E+01  0.0000000000E+00

Iteration time [s]:    4.860        Total time [s]:   75.381

--------------------------------------------------------------------------------
                                BO ITERATION 18                                 
--------------------------------------------------------------------------------
| Evaluating objective function at -2.575E+01 8.192E+01 0.000E+00
| Objective function evaluated, time [s]        2.886
| Acquisition location too confident, doing pure exploration
| Data point added to dataset (x i y): 
 -2.5748080930E+01  8.1921948770E+01  0.0000000000E+00      -8.8022512585E+03

| Total ensemble size: 58
| Best acquisition, x_best i_best y_best:
  2.3805034179E+02  1.7007227695E+00  0.0000000000E+00      -8.8032766154E+03
| Global minimum prediction, x_hat mu_hat +- nu_hat:
  2.3645086006E+02  1.1188871945E+00  0.0000000000E+00      -8.8032770688E+03  1.5907166523E-08
| Global minimum convergence, d_xhat d_muhat:
  1.5386089672E+04  4.6186940619E+02

| GP model hyperparameters (lengthscales W kappa):
  6.5797640386E-01  5.4744474273E-01  3.9700029976E-01  7.1631049589E+00  3.9437642095E-02  3.0789646742E-01
| Next sampling location (x_next, i_next):
  2.3609186686E+02  2.5445819346E+02  0.0000000000E+00

Iteration time [s]:    4.935        Total time [s]:   80.317

--------------------------------------------------------------------------------
                                BO ITERATION 19                                 
--------------------------------------------------------------------------------
| Evaluating objective function at 2.361E+02 2.545E+02 0.000E+00
| Objective function evaluated, time [s]        2.881
| Acquisition location too confident, doing pure exploration
| Data point added to dataset (x i y): 
  2.3609186686E+02  2.5445819346E+02  0.0000000000E+00      -8.8022868834E+03

| Total ensemble size: 59
| Best acquisition, x_best i_best y_best:
  2.3805034179E+02  1.7007227695E+00  0.0000000000E+00      -8.8032766154E+03
| Global minimum prediction, x_hat mu_hat +- nu_hat:
  2.3648309175E+02  1.1139229562E+00  0.0000000000E+00      -8.8032770698E+03  1.5719439245E-08
| Global minimum convergence, d_xhat d_muhat:
  1.5386105799E+04  4.6186940623E+02

| GP model hyperparameters (lengthscales W kappa):
  6.4771066282E-01  5.5339852010E-01 -4.0810682638E-01 -7.1863167286E+00  2.9184924477E-02  1.3691452276E+00
| Next sampling location (x_next, i_next):
  8.5459189230E+01  1.7236593494E+01  0.0000000000E+00

Iteration time [s]:    5.135        Total time [s]:   85.453

--------------------------------------------------------------------------------
                                BO ITERATION 20                                 
--------------------------------------------------------------------------------
| Evaluating objective function at 8.546E+01 1.724E+01 0.000E+00
| Objective function evaluated, time [s]        3.518
| Acquisition location too confident, doing pure exploration
| Data point added to dataset (x i y): 
  8.5459189230E+01  1.7236593494E+01  0.0000000000E+00      -8.8025716246E+03

| Total ensemble size: 60
| Best acquisition, x_best i_best y_best:
  2.3805034179E+02  1.7007227695E+00  0.0000000000E+00      -8.8032766154E+03
| Global minimum prediction, x_hat mu_hat +- nu_hat:
  2.3649906678E+02  1.1086375071E+00  0.0000000000E+00      -8.8032770674E+03  1.5493877786E-08
| Global minimum convergence, d_xhat d_muhat:
  1.5386112162E+04  4.6186940611E+02

| GP model hyperparameters (lengthscales W kappa):
  6.4551968797E-01  5.5249948321E-01 -4.2482062694E-01 -6.8360907688E+00  9.8498850245E-03  6.0897494010E+00
| Next sampling location (x_next, i_next):
  1.4160623463E+02  2.6115139270E+02  0.0000000000E+00

Iteration time [s]:    5.686        Total time [s]:   91.139

--------------------------------------------------------------------------------
                                BO ITERATION 21                                 
--------------------------------------------------------------------------------
| Evaluating objective function at 1.416E+02 2.612E+02 0.000E+00
| Objective function evaluated, time [s]        2.876
| Acquisition location too confident, doing pure exploration
| Data point added to dataset (x i y): 
  1.4160623463E+02  2.6115139270E+02  0.0000000000E+00      -8.8022972731E+03

| Total ensemble size: 61
| Best acquisition, x_best i_best y_best:
  2.3805034179E+02  1.7007227695E+00  0.0000000000E+00      -8.8032766154E+03
| Global minimum prediction, x_hat mu_hat +- nu_hat:
  2.3654534028E+02  1.0891401006E+00  0.0000000000E+00      -8.8032770668E+03  1.5426913075E-08
| Global minimum convergence, d_xhat d_muhat:
  1.5386128188E+04  4.6186940608E+02

| GP model hyperparameters (lengthscales W kappa):
  6.3051221133E-01  5.4443739871E-01 -4.1034653920E-01 -7.0788538462E+00  1.8776192873E-02  1.7134635759E+00
| Next sampling location (x_next, i_next):
  1.9082749713E+02  1.0530201167E+02  0.0000000000E+00

Iteration time [s]:    5.066        Total time [s]:   96.206

--------------------------------------------------------------------------------
                                BO ITERATION 22                                 
--------------------------------------------------------------------------------
| Evaluating objective function at 1.908E+02 1.053E+02 0.000E+00
| Objective function evaluated, time [s]        2.882
| Acquisition location too confident, doing pure exploration
| Data point added to dataset (x i y): 
  1.9082749713E+02  1.0530201167E+02  0.0000000000E+00      -8.8023893505E+03

| Total ensemble size: 62
| Best acquisition, x_best i_best y_best:
  2.3805034179E+02  1.7007227695E+00  0.0000000000E+00      -8.8032766154E+03
| Global minimum prediction, x_hat mu_hat +- nu_hat:
  2.3654142248E+02  1.0920643705E+00  0.0000000000E+00      -8.8032770670E+03  1.5424491651E-08
| Global minimum convergence, d_xhat d_muhat:
  1.5386127558E+04  4.6186940609E+02

| GP model hyperparameters (lengthscales W kappa):
  6.2972480663E-01  5.3782202751E-01 -3.9753259896E-01 -6.8621895785E+00  1.9408195444E-02  1.7077685111E+00
| Next sampling location (x_next, i_next):
  3.3426845933E+01  2.8326136723E+02  0.0000000000E+00

Iteration time [s]:    5.409        Total time [s]:  101.615

--------------------------------------------------------------------------------
                                BO ITERATION 23                                 
--------------------------------------------------------------------------------
| Evaluating objective function at 3.343E+01 2.833E+02 0.000E+00
| Objective function evaluated, time [s]        3.601
| Acquisition location too confident, doing pure exploration
| Data point added to dataset (x i y): 
  3.3426845933E+01  2.8326136723E+02  0.0000000000E+00      -8.8022784675E+03

| Total ensemble size: 63
| Best acquisition, x_best i_best y_best:
  2.3805034179E+02  1.7007227695E+00  0.0000000000E+00      -8.8032766154E+03
| Global minimum prediction, x_hat mu_hat +- nu_hat:
  2.3653297109E+02  1.0948709103E+00  0.0000000000E+00      -8.8032770689E+03  1.5611335496E-08
| Global minimum convergence, d_xhat d_muhat:
  1.5386124199E+04  4.6186940619E+02

| GP model hyperparameters (lengthscales W kappa):
  6.1762262059E-01  5.4707430393E-01 -4.0720310701E-01 -7.0115013944E+00  1.5133716217E-02  1.6852705763E+00
| Next sampling location (x_next, i_next):
 -4.6437803077E+01  2.4084970140E+02  0.0000000000E+00

Iteration time [s]:    5.835        Total time [s]:  107.450

--------------------------------------------------------------------------------
                                BO ITERATION 24                                 
--------------------------------------------------------------------------------
| Evaluating objective function at -4.644E+01 2.408E+02 0.000E+00
| Objective function evaluated, time [s]        2.834
| Acquisition location too confident, doing pure exploration
| Data point added to dataset (x i y): 
 -4.6437803077E+01  2.4084970140E+02  0.0000000000E+00      -8.8025383133E+03

| Total ensemble size: 64
| Best acquisition, x_best i_best y_best:
  2.3805034179E+02  1.7007227695E+00  0.0000000000E+00      -8.8032766154E+03
| Global minimum prediction, x_hat mu_hat +- nu_hat:
  2.3650525852E+02  1.1047584951E+00  0.0000000000E+00      -8.8032770710E+03  1.5700238715E-08
| Global minimum convergence, d_xhat d_muhat:
  1.5386113578E+04  4.6186940630E+02

| GP model hyperparameters (lengthscales W kappa):
  6.1471787383E-01  5.4934407453E-01  4.0711273016E-01  7.0772058130E+00  1.5151554280E-02  1.1654628585E+00
| Next sampling location (x_next, i_next):
  2.6515737529E+02  9.2315328949E+01  0.0000000000E+00

Iteration time [s]:    5.488        Total time [s]:  112.938

--------------------------------------------------------------------------------
                                BO ITERATION 25                                 
--------------------------------------------------------------------------------
| Evaluating objective function at 2.652E+02 9.232E+01 0.000E+00
| Objective function evaluated, time [s]        2.746
| Data point added to dataset (x i y): 
  2.6515737529E+02  9.2315328949E+01  0.0000000000E+00      -8.8022480255E+03

| Total ensemble size: 65
| Best acquisition, x_best i_best y_best:
  2.3805034179E+02  1.7007227695E+00  0.0000000000E+00      -8.8032766154E+03
| Global minimum prediction, x_hat mu_hat +- nu_hat:
  2.3652780290E+02  1.0911324914E+00  0.0000000000E+00      -8.8032770718E+03  1.5487748106E-08
| Global minimum convergence, d_xhat d_muhat:
  1.5386119030E+04  4.6186940634E+02

| GP model hyperparameters (lengthscales W kappa):
  6.1137062143E-01  5.4395219343E-01  3.9888586971E-01  7.0249418120E+00  1.3666504887E-02  1.1052436157E+00
| Next sampling location (x_next, i_next):
  6.0511538025E+01  1.8496781338E+02  0.0000000000E+00

Iteration time [s]:    4.790        Total time [s]:  117.728

--------------------------------------------------------------------------------
                                BO ITERATION 26                                 
--------------------------------------------------------------------------------
| Evaluating objective function at 6.051E+01 1.850E+02 0.000E+00
| Objective function evaluated, time [s]        2.867
| Acquisition location too confident, doing pure exploration
| Data point added to dataset (x i y): 
  6.0511538025E+01  1.8496781338E+02  0.0000000000E+00      -8.8031525036E+03

| Total ensemble size: 66
| Best acquisition, x_best i_best y_best:
  2.3805034179E+02  1.7007227695E+00  0.0000000000E+00      -8.8032766154E+03
| Global minimum prediction, x_hat mu_hat +- nu_hat:
  2.3650000713E+02  1.0941203376E+00  0.0000000000E+00      -8.8032770723E+03  1.5564396627E-08
| Global minimum convergence, d_xhat d_muhat:
  1.5386104410E+04  4.6186940637E+02

| GP model hyperparameters (lengthscales W kappa):
  6.1499839556E-01  5.5685374070E-01  4.1550027759E-01  7.3044069545E+00  1.2826289243E-02  1.1075881971E+00
| Next sampling location (x_next, i_next):
  1.6391310341E+02  3.0881677483E+02  0.0000000000E+00

Iteration time [s]:    5.209        Total time [s]:  122.938

--------------------------------------------------------------------------------
                                BO ITERATION 27                                 
--------------------------------------------------------------------------------
| Evaluating objective function at 1.639E+02 3.088E+02 0.000E+00
| Objective function evaluated, time [s]        2.817
| Acquisition location too confident, doing pure exploration
| Data point added to dataset (x i y): 
  1.6391310341E+02  3.0881677483E+02  0.0000000000E+00      -8.8023752314E+03

| Total ensemble size: 67
| Best acquisition, x_best i_best y_best:
  2.3805034179E+02  1.7007227695E+00  0.0000000000E+00      -8.8032766154E+03
| Global minimum prediction, x_hat mu_hat +- nu_hat:
  2.3641631043E+02  1.1687431536E+00  0.0000000000E+00      -8.8032770572E+03  1.5947003878E-08
| Global minimum convergence, d_xhat d_muhat:
  1.5386097939E+04  4.6186940557E+02

| GP model hyperparameters (lengthscales W kappa):
  6.1741788460E-01  5.4379813273E-01  3.9622186687E-01  7.0644741548E+00  1.3335037587E-02  1.1052684525E+00
| Next sampling location (x_next, i_next):
  4.0029106063E+01  6.0009160443E+01  0.0000000000E+00

Iteration time [s]:    5.502        Total time [s]:  128.440

--------------------------------------------------------------------------------
                                BO ITERATION 28                                 
--------------------------------------------------------------------------------
| Evaluating objective function at 4.003E+01 6.001E+01 0.000E+00
| Objective function evaluated, time [s]        2.844
| Acquisition location too confident, doing pure exploration
| Data point added to dataset (x i y): 
  4.0029106063E+01  6.0009160443E+01  0.0000000000E+00      -8.8024591875E+03

| Total ensemble size: 68
| Best acquisition, x_best i_best y_best:
  2.3805034179E+02  1.7007227695E+00  0.0000000000E+00      -8.8032766154E+03
| Global minimum prediction, x_hat mu_hat +- nu_hat:
  2.3623167394E+02  1.2317140620E+00  0.0000000000E+00      -8.8032770861E+03  2.0619847407E-08
| Global minimum convergence, d_xhat d_muhat:
  1.5386025469E+04  4.6186940709E+02

| GP model hyperparameters (lengthscales W kappa):
  5.6172264883E-01  5.3713512315E-01  3.9727706207E-01  7.0272240155E+00  7.1384460644E-03  1.0337569291E+00
| Next sampling location (x_next, i_next):
  1.4933278404E+02  7.2559518607E+01  0.0000000000E+00

Iteration time [s]:    5.615        Total time [s]:  134.056

--------------------------------------------------------------------------------
                                BO ITERATION 29                                 
--------------------------------------------------------------------------------
| Evaluating objective function at 1.493E+02 7.256E+01 0.000E+00
| Objective function evaluated, time [s]        2.892
| Acquisition location too confident, doing pure exploration
| Data point added to dataset (x i y): 
  1.4933278404E+02  7.2559518607E+01  0.0000000000E+00      -8.8024233021E+03

| Total ensemble size: 69
| Best acquisition, x_best i_best y_best:
  2.3805034179E+02  1.7007227695E+00  0.0000000000E+00      -8.8032766154E+03
| Global minimum prediction, x_hat mu_hat +- nu_hat:
  2.3641956450E+02  1.1598431595E+00  0.0000000000E+00      -8.8032770652E+03  1.7100592214E-08
| Global minimum convergence, d_xhat d_muhat:
  1.5386094782E+04  4.6186940599E+02

| GP model hyperparameters (lengthscales W kappa):
  5.6494240253E-01  5.3097634978E-01 -3.8885158488E-01 -6.9254361706E+00  7.3275936362E-03  1.0440402573E+00
| Next sampling location (x_next, i_next):
 -5.0000000000E+01  4.2700038499E+01  0.0000000000E+00

Iteration time [s]:    5.954        Total time [s]:  140.010

--------------------------------------------------------------------------------
                                BO ITERATION 30                                 
--------------------------------------------------------------------------------
| Evaluating objective function at -5.000E+01 4.270E+01 0.000E+00
| Objective function evaluated, time [s]        2.881
| Acquisition location too confident, doing pure exploration
| Data point added to dataset (x i y): 
 -5.0000000000E+01  4.2700038499E+01  0.0000000000E+00      -8.8024425558E+03

| Total ensemble size: 70
| Best acquisition, x_best i_best y_best:
  2.3805034179E+02  1.7007227695E+00  0.0000000000E+00      -8.8032766154E+03
| Global minimum prediction, x_hat mu_hat +- nu_hat:
  2.3650124839E+02  1.1466692110E+00  0.0000000000E+00      -8.8032770489E+03  1.5578615003E-08
| Global minimum convergence, d_xhat d_muhat:
  1.5386135198E+04  4.6186940514E+02

| GP model hyperparameters (lengthscales W kappa):
  5.7679658057E-01  5.2646638689E-01  3.9311827768E-01  6.7399165761E+00  2.3157931546E-03  2.8772187687E+00
| Next sampling location (x_next, i_next):
  2.2558552240E+02  1.4703679480E+02  0.0000000000E+00

Iteration time [s]:    6.222        Total time [s]:  146.233

--------------------------------------------------------------------------------
                                BO ITERATION 31                                 
--------------------------------------------------------------------------------
| Evaluating objective function at 2.256E+02 1.470E+02 0.000E+00
| Objective function evaluated, time [s]        2.835
| Acquisition location too confident, doing pure exploration
| Data point added to dataset (x i y): 
  2.2558552240E+02  1.4703679480E+02  0.0000000000E+00      -8.8027983475E+03

| Total ensemble size: 71
| Best acquisition, x_best i_best y_best:
  2.3805034179E+02  1.7007227695E+00  0.0000000000E+00      -8.8032766154E+03
| Global minimum prediction, x_hat mu_hat +- nu_hat:
  2.3654306821E+02  1.1290368179E+00  0.0000000000E+00      -8.8032770482E+03  1.5305455397E-08
| Global minimum convergence, d_xhat d_muhat:
  1.5386149651E+04  4.6186940510E+02

| GP model hyperparameters (lengthscales W kappa):
  5.7507795419E-01  5.3225403954E-01 -3.8980589604E-01 -6.9848109978E+00  6.5588946612E-03  1.9544846882E+00
| Next sampling location (x_next, i_next):
  1.8557556516E+02  2.3442028178E+02  0.0000000000E+00

Iteration time [s]:    5.817        Total time [s]:  152.050

--------------------------------------------------------------------------------
                                BO ITERATION 32                                 
--------------------------------------------------------------------------------
| Evaluating objective function at 1.856E+02 2.344E+02 0.000E+00
| Objective function evaluated, time [s]        3.337
| Acquisition location too confident, doing pure exploration
| Data point added to dataset (x i y): 
  1.8557556516E+02  2.3442028178E+02  0.0000000000E+00      -8.8025537729E+03

| Total ensemble size: 72
| Best acquisition, x_best i_best y_best:
  2.3805034179E+02  1.7007227695E+00  0.0000000000E+00      -8.8032766154E+03
| Global minimum prediction, x_hat mu_hat +- nu_hat:
  2.3652521070E+02  1.1356221820E+00  0.0000000000E+00      -8.8032770486E+03  1.5309492890E-08
| Global minimum convergence, d_xhat d_muhat:
  1.5386142926E+04  4.6186940513E+02

| GP model hyperparameters (lengthscales W kappa):
  5.7833680235E-01  5.4060453419E-01  4.0094312103E-01  6.9572430303E+00  1.5225371853E-03  3.6221057581E+00
| Next sampling location (x_next, i_next):
  8.2051107729E+01  2.6864314485E+02  0.0000000000E+00

Iteration time [s]:    6.337        Total time [s]:  158.388

--------------------------------------------------------------------------------
                                BO ITERATION 33                                 
--------------------------------------------------------------------------------
| Evaluating objective function at 8.205E+01 2.686E+02 0.000E+00
| Objective function evaluated, time [s]        2.930
| Acquisition location too confident, doing pure exploration
| Data point added to dataset (x i y): 
  8.2051107729E+01  2.6864314485E+02  0.0000000000E+00      -8.8023431871E+03

| Total ensemble size: 73
| Best acquisition, x_best i_best y_best:
  2.3805034179E+02  1.7007227695E+00  0.0000000000E+00      -8.8032766154E+03
| Global minimum prediction, x_hat mu_hat +- nu_hat:
  2.3659328412E+02  1.0915478054E+00  0.0000000000E+00      -8.8032770558E+03  1.5064507233E-08
| Global minimum convergence, d_xhat d_muhat:
  1.5386157701E+04  4.6186940550E+02

| GP model hyperparameters (lengthscales W kappa):
  5.6438195466E-01  4.6498326981E-01  3.3769689115E-01  5.8389836282E+00  1.6053666853E-03  3.6525717318E+00
| Next sampling location (x_next, i_next):
  4.6260955211E+01  1.1004289450E+02  0.0000000000E+00

Iteration time [s]:    6.576        Total time [s]:  164.965

--------------------------------------------------------------------------------
                                BO ITERATION 34                                 
--------------------------------------------------------------------------------
| Evaluating objective function at 4.626E+01 1.100E+02 0.000E+00
| Objective function evaluated, time [s]        2.885
| Acquisition location too confident, doing pure exploration
| Data point added to dataset (x i y): 
  4.6260955211E+01  1.1004289450E+02  0.0000000000E+00      -8.8024425862E+03

| Total ensemble size: 74
| Best acquisition, x_best i_best y_best:
  2.3805034179E+02  1.7007227695E+00  0.0000000000E+00      -8.8032766154E+03
| Global minimum prediction, x_hat mu_hat +- nu_hat:
  2.3658959059E+02  1.0935667306E+00  0.0000000000E+00      -8.8032770550E+03  1.5030392383E-08
| Global minimum convergence, d_xhat d_muhat:
  1.5386156699E+04  4.6186940546E+02

| GP model hyperparameters (lengthscales W kappa):
  5.6638513747E-01  4.6320079166E-01  3.3005307533E-01  5.9571500082E+00  5.8864120951E-03  2.2340927206E+00
| Next sampling location (x_next, i_next):
  2.5225121160E+02  2.0705546108E+02  0.0000000000E+00

Iteration time [s]:    6.194        Total time [s]:  171.159

--------------------------------------------------------------------------------
                                BO ITERATION 35                                 
--------------------------------------------------------------------------------
| Evaluating objective function at 2.523E+02 2.071E+02 0.000E+00
| Objective function evaluated, time [s]        2.766
| Acquisition location too confident, doing pure exploration
| Data point added to dataset (x i y): 
  2.5225121160E+02  2.0705546108E+02  0.0000000000E+00      -8.8028679923E+03

| Total ensemble size: 75
| Best acquisition, x_best i_best y_best:
  2.3805034179E+02  1.7007227695E+00  0.0000000000E+00      -8.8032766154E+03
| Global minimum prediction, x_hat mu_hat +- nu_hat:
  2.3667384282E+02  1.0663339826E+00  0.0000000000E+00      -8.8032770529E+03  1.4273634727E-08
| Global minimum convergence, d_xhat d_muhat:
  1.5386190615E+04  4.6186940535E+02

| GP model hyperparameters (lengthscales W kappa):
  5.8327008118E-01  4.6714718157E-01 -3.1926914929E-01 -6.0224976322E+00  1.2280925297E-02  1.3653627353E+00
| Next sampling location (x_next, i_next):
  5.2916997201E+01 -2.2237258602E+01  0.0000000000E+00

Iteration time [s]:    6.146        Total time [s]:  177.306

--------------------------------------------------------------------------------
                                BO ITERATION 36                                 
--------------------------------------------------------------------------------
| Evaluating objective function at 5.292E+01 -2.224E+01 0.000E+00
| Objective function evaluated, time [s]        3.313
| Acquisition location too confident, doing pure exploration
| Data point added to dataset (x i y): 
  5.2916997201E+01 -2.2237258602E+01  0.0000000000E+00      -8.8027774739E+03

| Total ensemble size: 76
| Best acquisition, x_best i_best y_best:
  2.3805034179E+02  1.7007227695E+00  0.0000000000E+00      -8.8032766154E+03
| Global minimum prediction, x_hat mu_hat +- nu_hat:
  2.3689600574E+02  9.8819820156E-01  0.0000000000E+00      -8.8032770488E+03  1.3983769387E-08
| Global minimum convergence, d_xhat d_muhat:
  1.5386276431E+04  4.6186940513E+02

| GP model hyperparameters (lengthscales W kappa):
  5.4883552493E-01  4.9651513526E-01  3.5616843483E-01  6.5071624446E+00  1.1404668803E-02  9.3441539709E-01
| Next sampling location (x_next, i_next):
 -1.6579277692E+01  2.7241449091E+02  0.0000000000E+00

Iteration time [s]:    6.667        Total time [s]:  183.974

--------------------------------------------------------------------------------
                                BO ITERATION 37                                 
--------------------------------------------------------------------------------
| Evaluating objective function at -1.658E+01 2.724E+02 0.000E+00
| Objective function evaluated, time [s]        3.748
| Acquisition location too confident, doing pure exploration
| Data point added to dataset (x i y): 
 -1.6579277692E+01  2.7241449091E+02  0.0000000000E+00      -8.8023351438E+03

| Total ensemble size: 77
| Best acquisition, x_best i_best y_best:
  2.3805034179E+02  1.7007227695E+00  0.0000000000E+00      -8.8032766154E+03
| Global minimum prediction, x_hat mu_hat +- nu_hat:
  2.3694804807E+02  9.7286578616E-01  0.0000000000E+00      -8.8032770475E+03  1.3906259666E-08
| Global minimum convergence, d_xhat d_muhat:
  1.5386298228E+04  4.6186940507E+02

| GP model hyperparameters (lengthscales W kappa):
  5.5024234545E-01  4.9884733573E-01  3.5892876333E-01  6.5800374930E+00  1.0933115085E-02  9.3243708304E-01
| Next sampling location (x_next, i_next):
  2.0792122267E+02  2.9026568170E+02  0.0000000000E+00

Iteration time [s]:    7.119        Total time [s]:  191.094

--------------------------------------------------------------------------------
                                BO ITERATION 38                                 
--------------------------------------------------------------------------------
| Evaluating objective function at 2.079E+02 2.903E+02 0.000E+00
| Objective function evaluated, time [s]        2.950
| Acquisition location too confident, doing pure exploration
| Data point added to dataset (x i y): 
  2.0792122267E+02  2.9026568170E+02  0.0000000000E+00      -8.8023183724E+03

| Total ensemble size: 78
| Best acquisition, x_best i_best y_best:
  2.3805034179E+02  1.7007227695E+00  0.0000000000E+00      -8.8032766154E+03
| Global minimum prediction, x_hat mu_hat +- nu_hat:
  2.3689959083E+02  9.7759027093E-01  0.0000000000E+00      -8.8032770442E+03  1.3911801261E-08
| Global minimum convergence, d_xhat d_muhat:
  1.5386272458E+04  4.6186940490E+02

| GP model hyperparameters (lengthscales W kappa):
  5.5165222794E-01  4.9739792940E-01  3.5914352195E-01  6.6248133182E+00  1.0574693790E-02  8.3175318397E-01
| Next sampling location (x_next, i_next):
  1.3385371432E+02  1.9782430197E+01  0.0000000000E+00

Iteration time [s]:    6.703        Total time [s]:  197.797

--------------------------------------------------------------------------------
                                BO ITERATION 39                                 
--------------------------------------------------------------------------------
| Evaluating objective function at 1.339E+02 1.978E+01 0.000E+00
| Objective function evaluated, time [s]        2.869
| Acquisition location too confident, doing pure exploration
| Data point added to dataset (x i y): 
  1.3385371432E+02  1.9782430197E+01  0.0000000000E+00      -8.8025003154E+03

| Total ensemble size: 79
| Best acquisition, x_best i_best y_best:
  2.3805034179E+02  1.7007227695E+00  0.0000000000E+00      -8.8032766154E+03
| Global minimum prediction, x_hat mu_hat +- nu_hat:
  2.3683265893E+02  1.0016760911E+00  0.0000000000E+00      -8.8032770458E+03  1.3826268069E-08
| Global minimum convergence, d_xhat d_muhat:
  1.5386246909E+04  4.6186940498E+02

| GP model hyperparameters (lengthscales W kappa):
  5.5664842906E-01  4.9734051957E-01 -3.5725604246E-01 -6.6545407928E+00  1.1433502240E-02  6.1007749754E-01
| Next sampling location (x_next, i_next):
 -1.2183421911E+01  2.1155128414E+02  0.0000000000E+00

Iteration time [s]:    6.556        Total time [s]:  204.355

--------------------------------------------------------------------------------
                                BO ITERATION 40                                 
--------------------------------------------------------------------------------
| Evaluating objective function at -1.218E+01 2.116E+02 0.000E+00
| Objective function evaluated, time [s]        3.309
| Acquisition location too confident, doing pure exploration
| Data point added to dataset (x i y): 
 -1.2183421911E+01  2.1155128414E+02  0.0000000000E+00      -8.8028752198E+03

| Total ensemble size: 80
| Best acquisition, x_best i_best y_best:
  2.3805034179E+02  1.7007227695E+00  0.0000000000E+00      -8.8032766154E+03
| Global minimum prediction, x_hat mu_hat +- nu_hat:
  2.3687397551E+02  9.8549899324E-01  0.0000000000E+00      -8.8032770442E+03  1.3744104488E-08
| Global minimum convergence, d_xhat d_muhat:
  1.5386261930E+04  4.6186940490E+02

| GP model hyperparameters (lengthscales W kappa):
  5.6288949261E-01  4.9511892991E-01 -3.5632640695E-01 -6.5939915764E+00  1.0967867005E-02  9.6844471297E-01
| Next sampling location (x_next, i_next):
  3.1000000000E+02  1.1870282813E+02  0.0000000000E+00

Iteration time [s]:    6.883        Total time [s]:  211.239

--------------------------------------------------------------------------------
                                BO ITERATION 41                                 
--------------------------------------------------------------------------------
| Evaluating objective function at 3.100E+02 1.187E+02 0.000E+00
| Objective function evaluated, time [s]        2.813
| Acquisition location too confident, doing pure exploration
| Data point added to dataset (x i y): 
  3.1000000000E+02  1.1870282813E+02  0.0000000000E+00      -8.8025070303E+03

| Total ensemble size: 81
| Best acquisition, x_best i_best y_best:
  2.3805034179E+02  1.7007227695E+00  0.0000000000E+00      -8.8032766154E+03
| Global minimum prediction, x_hat mu_hat +- nu_hat:
  2.3706663428E+02  9.1940137884E-01  0.0000000000E+00      -8.8032770433E+03  1.4144599583E-08
| Global minimum convergence, d_xhat d_muhat:
  1.5386337303E+04  4.6186940485E+02

| GP model hyperparameters (lengthscales W kappa):
  5.5243298039E-01  4.6209735098E-01 -3.0909130885E-01 -5.9319817077E+00  1.3799106185E-02  9.7898628403E-01
| Next sampling location (x_next, i_next):
  1.1615920074E+02  2.3014026788E+02  0.0000000000E+00

Iteration time [s]:    6.809        Total time [s]:  218.048

--------------------------------------------------------------------------------
                                BO ITERATION 42                                 
--------------------------------------------------------------------------------
| Evaluating objective function at 1.162E+02 2.301E+02 0.000E+00
| Objective function evaluated, time [s]        2.821
| Acquisition location too confident, doing pure exploration
| Data point added to dataset (x i y): 
  1.1615920074E+02  2.3014026788E+02  0.0000000000E+00      -8.8026293009E+03

| Total ensemble size: 82
| Best acquisition, x_best i_best y_best:
  2.3805034179E+02  1.7007227695E+00  0.0000000000E+00      -8.8032766154E+03
| Global minimum prediction, x_hat mu_hat +- nu_hat:
  2.3705206373E+02  9.2303252312E-01  0.0000000000E+00      -8.8032770441E+03  1.4034367732E-08
| Global minimum convergence, d_xhat d_muhat:
  1.5386330818E+04  4.6186940489E+02

| GP model hyperparameters (lengthscales W kappa):
  5.5467593688E-01  4.7091821020E-01 -3.1262154428E-01 -6.0251183821E+00  1.4478135101E-02  9.8602735513E-01
| Next sampling location (x_next, i_next):
  2.7471013917E+02  2.8288199688E+02  0.0000000000E+00

Iteration time [s]:    6.590        Total time [s]:  224.639

--------------------------------------------------------------------------------
                                BO ITERATION 43                                 
--------------------------------------------------------------------------------
| Evaluating objective function at 2.747E+02 2.829E+02 0.000E+00
| Objective function evaluated, time [s]        3.291
| Acquisition location too confident, doing pure exploration
| Data point added to dataset (x i y): 
  2.7471013917E+02  2.8288199688E+02  0.0000000000E+00      -8.8024082206E+03

| Total ensemble size: 83
| Best acquisition, x_best i_best y_best:
  2.3805034179E+02  1.7007227695E+00  0.0000000000E+00      -8.8032766154E+03
| Global minimum prediction, x_hat mu_hat +- nu_hat:
  2.3699756349E+02  9.4212447897E-01  0.0000000000E+00      -8.8032770437E+03  1.3848618954E-08
| Global minimum convergence, d_xhat d_muhat:
  1.5386309722E+04  4.6186940487E+02

| GP model hyperparameters (lengthscales W kappa):
  5.5623287579E-01  4.7790589077E-01 -3.1619468892E-01 -6.1042274665E+00  1.4960573514E-02  9.9113084669E-01
| Next sampling location (x_next, i_next):
 -5.8156911993E+00  3.3324841128E+01  0.0000000000E+00

Iteration time [s]:    7.121        Total time [s]:  231.760

--------------------------------------------------------------------------------
                                BO ITERATION 44                                 
--------------------------------------------------------------------------------
| Evaluating objective function at -5.816E+00 3.332E+01 0.000E+00
| Objective function evaluated, time [s]        2.901
| Acquisition location too confident, doing pure exploration
| Data point added to dataset (x i y): 
 -5.8156911993E+00  3.3324841128E+01  0.0000000000E+00      -8.8024225979E+03

| Total ensemble size: 84
| Best acquisition, x_best i_best y_best:
  2.3805034179E+02  1.7007227695E+00  0.0000000000E+00      -8.8032766154E+03
| Global minimum prediction, x_hat mu_hat +- nu_hat:
  2.3716586854E+02  9.0767883182E-01  0.0000000000E+00      -8.8032770385E+03  1.4456364142E-08
| Global minimum convergence, d_xhat d_muhat:
  1.5386388900E+04  4.6186940459E+02

| GP model hyperparameters (lengthscales W kappa):
  5.4414747191E-01  4.6109944011E-01 -2.9903683535E-01 -5.8230972506E+00  1.6265485823E-02  9.1785288380E-01
| Next sampling location (x_next, i_next):
 -2.6951674336E+01 -1.1738943343E+01  0.0000000000E+00

Iteration time [s]:    7.036        Total time [s]:  238.797

--------------------------------------------------------------------------------
                                BO ITERATION 45                                 
--------------------------------------------------------------------------------
| Evaluating objective function at -2.695E+01 -1.174E+01 0.000E+00
| Objective function evaluated, time [s]        4.237
| Acquisition location too confident, doing pure exploration
| Data point added to dataset (x i y): 
 -2.6951674336E+01 -1.1738943343E+01  0.0000000000E+00      -8.8025881937E+03

| Total ensemble size: 85
| Best acquisition, x_best i_best y_best:
  2.3805034179E+02  1.7007227695E+00  0.0000000000E+00      -8.8032766154E+03
| Global minimum prediction, x_hat mu_hat +- nu_hat:
  2.3804498118E+02  6.0134079875E-01  0.0000000000E+00      -8.8032770882E+03  2.8252674736E-08
| Global minimum convergence, d_xhat d_muhat:
  1.5386730159E+04  4.6186940720E+02

| GP model hyperparameters (lengthscales W kappa):
  5.5482420363E-01  4.5059889563E-01 -2.8493290704E-01 -5.5857973013E+00  2.1018922939E-02  9.2564021208E-01
| Next sampling location (x_next, i_next):
  1.2442842549E+02 -1.8800299918E+01  0.0000000000E+00

Iteration time [s]:    8.265        Total time [s]:  247.063

--------------------------------------------------------------------------------
                                BO ITERATION 46                                 
--------------------------------------------------------------------------------
| Evaluating objective function at 1.244E+02 -1.880E+01 0.000E+00
| Objective function evaluated, time [s]        5.587
| Acquisition location too confident, doing pure exploration
| Data point added to dataset (x i y): 
  1.2442842549E+02 -1.8800299918E+01  0.0000000000E+00      -8.8023884996E+03

| Total ensemble size: 86
| Best acquisition, x_best i_best y_best:
  2.3805034179E+02  1.7007227695E+00  0.0000000000E+00      -8.8032766154E+03
| Global minimum prediction, x_hat mu_hat +- nu_hat:
  2.3801811329E+02  6.0906054137E-01  0.0000000000E+00      -8.8032770908E+03  2.7671834374E-08
| Global minimum convergence, d_xhat d_muhat:
  1.5386718875E+04  4.6186940734E+02

| GP model hyperparameters (lengthscales W kappa):
  5.5458874047E-01  4.5603036404E-01  2.9277113794E-01  5.7786980188E+00  2.2012176803E-02  2.0385575260E-01
| Next sampling location (x_next, i_next):
  2.2560453786E+02  8.7065930359E+01  0.0000000000E+00

Iteration time [s]:    9.808        Total time [s]:  256.871

--------------------------------------------------------------------------------
                                BO ITERATION 47                                 
--------------------------------------------------------------------------------
| Evaluating objective function at 2.256E+02 8.707E+01 0.000E+00
| Objective function evaluated, time [s]        3.164
| Acquisition location too confident, doing pure exploration
| Data point added to dataset (x i y): 
  2.2560453786E+02  8.7065930359E+01  0.0000000000E+00      -8.8022805120E+03

| Total ensemble size: 87
| Best acquisition, x_best i_best y_best:
  2.3805034179E+02  1.7007227695E+00  0.0000000000E+00      -8.8032766154E+03
| Global minimum prediction, x_hat mu_hat +- nu_hat:
  2.3804067193E+02  5.7865119924E-01  0.0000000000E+00      -8.8032770937E+03  2.8033519597E-08
| Global minimum convergence, d_xhat d_muhat:
  1.5386714735E+04  4.6186940749E+02

| GP model hyperparameters (lengthscales W kappa):
  5.5995662904E-01  4.6054794912E-01  2.9434442010E-01  5.8329218197E+00  2.3022491297E-02  2.0419362481E-01
| Next sampling location (x_next, i_next):
  6.6312190767E+00  3.1000000000E+02  0.0000000000E+00

Iteration time [s]:    7.480        Total time [s]:  264.352

--------------------------------------------------------------------------------
                                BO ITERATION 48                                 
--------------------------------------------------------------------------------
| Evaluating objective function at 6.631E+00 3.100E+02 0.000E+00
| Objective function evaluated, time [s]        3.721
| Acquisition location too confident, doing pure exploration
| Data point added to dataset (x i y): 
  6.6312190767E+00  3.1000000000E+02  0.0000000000E+00      -8.8023403796E+03

| Total ensemble size: 88
| Best acquisition, x_best i_best y_best:
  2.3805034179E+02  1.7007227695E+00  0.0000000000E+00      -8.8032766154E+03
| Global minimum prediction, x_hat mu_hat +- nu_hat:
  2.3810329708E+02  5.5739273155E-01  0.0000000000E+00      -8.8032770987E+03  2.8664805177E-08
| Global minimum convergence, d_xhat d_muhat:
  1.5386739376E+04  4.6186940775E+02

| GP model hyperparameters (lengthscales W kappa):
  5.6579737662E-01  4.6170525524E-01  2.9867988832E-01  5.7811519166E+00  2.1060549125E-02  1.1997431665E+00
| Next sampling location (x_next, i_next):
  1.7457641503E+02  4.6601777862E+01  0.0000000000E+00

Iteration time [s]:    7.911        Total time [s]:  272.263

--------------------------------------------------------------------------------
                                BO ITERATION 49                                 
--------------------------------------------------------------------------------
| Evaluating objective function at 1.746E+02 4.660E+01 0.000E+00
| Objective function evaluated, time [s]        3.885
| Acquisition location too confident, doing pure exploration
| Data point added to dataset (x i y): 
  1.7457641503E+02  4.6601777862E+01  0.0000000000E+00      -8.8027751706E+03

| Total ensemble size: 89
| Best acquisition, x_best i_best y_best:
  2.3805034179E+02  1.7007227695E+00  0.0000000000E+00      -8.8032766154E+03
| Global minimum prediction, x_hat mu_hat +- nu_hat:
  2.3810725423E+02  5.6329289346E-01  0.0000000000E+00      -8.8032770921E+03  2.8471129823E-08
| Global minimum convergence, d_xhat d_muhat:
  1.5386745086E+04  4.6186940741E+02

| GP model hyperparameters (lengthscales W kappa):
  5.6448857791E-01  4.6202826099E-01  2.9374103863E-01  5.7180556679E+00  2.1696562256E-02  1.1989748277E+00
| Next sampling location (x_next, i_next):
  6.5409073916E+00  1.2832475673E+02  0.0000000000E+00

Iteration time [s]:    8.446        Total time [s]:  280.710

--------------------------------------------------------------------------------
                                BO ITERATION 50                                 
--------------------------------------------------------------------------------
| Evaluating objective function at 6.541E+00 1.283E+02 0.000E+00
| Objective function evaluated, time [s]        3.367
| Acquisition location too confident, doing pure exploration
| Data point added to dataset (x i y): 
  6.5409073916E+00  1.2832475673E+02  0.0000000000E+00      -8.8026127775E+03

| Total ensemble size: 90
| Best acquisition, x_best i_best y_best:
  2.3805034179E+02  1.7007227695E+00  0.0000000000E+00      -8.8032766154E+03
| Global minimum prediction, x_hat mu_hat +- nu_hat:
  2.3811346883E+02  5.6183378558E-01  0.0000000000E+00      -8.8032770916E+03  2.8094194340E-08
| Global minimum convergence, d_xhat d_muhat:
  1.5386747891E+04  4.6186940738E+02

| GP model hyperparameters (lengthscales W kappa):
  5.6783567134E-01  4.6427957771E-01 -2.9189926572E-01 -5.8154076268E+00  2.3692317667E-02  4.9610245023E-01
| Next sampling location (x_next, i_next):
  8.7533349970E+01  1.2635930400E+02  0.0000000000E+00

Iteration time [s]:    7.987        Total time [s]:  288.697

|| Bayesian optimization completed, time [s]      288.688


--------------------------------------------------------------------------------
                        BOSS is done! Have a nice day :)                        

      Datetime 05-05-2020 09:00:42            Total time [s]      288.698       
--------------------------------------------------------------------------------
