
-----------------------------   Welcome to ....   ------------------------------
                      _______  _______ _______ _______ 
                     |   _   \|   _   |   _   |   _   |
                     |.  1   /|.  |   |   1___|   1___|
                     |.  _   \|.  |   |____   |____   |
                     |:  1    |:  1   |:  1   |:  1   |
                     |::.. .  |::.. . |::.. . |::.. . |
                     `-------'`-------`-------`-------'

                                 Version 0.9.17                                 
                              10-06-2020 06:34:13                               
--------------------------------------------------------------------------------

| Reading BOSS input file from: boss.rst
| Initializing...

--------------------------------------------------------------------------------
                                   INPUT FILE                                   
--------------------------------------------------------------------------------
# input file for alanine 4D

# optimization
userfn       userfn_4D.py
bounds       -50 70; -50 310
kernel       stdp
yrange       0 1
initpts      2
iterpts      50
verbosity    2

pp_iters 50
pp_models 1
pp_model_slice 1 2 49

RESULTS:
 -5.000000000000000E+01 -5.000000000000000E+01      -8.802598518606001E+03
  1.000000000000000E+01  1.300000000000000E+02      -8.802645256481999E+03       6.856111738208505E-04       3.546098808473195E-01  3.546097374620233E-01
  2.956357333733625E+01  1.091724235677157E+02      -8.802825039195999E+03       1.260327623135658E-02       3.052926033427613E-01  3.494621280909395E-01
  4.067030613167704E+01  7.653028384770984E+01      -8.803179601944999E+03       6.399218422443283E-02       3.669808852983866E-01  3.262823507499627E-01
  5.753908355542266E+01  6.985451981569847E+01      -8.803245778512999E+03       6.619515493151079E-02       4.930279434769672E-01  3.329270079738616E-01
  4.580201719565091E+01  2.934978112483398E+01      -8.803067145618001E+03       5.845642591627143E-02       4.958021005380429E-01  3.480031225666833E-01
 -3.128855728565195E+01  6.353530824442215E+01      -8.803175449435999E+03       5.529869686222784E-02       5.789439633133691E-01  3.263210191018671E-01
  1.600844781758422E+00  3.952171415154142E+01      -8.803005497061000E+03       4.838125681290234E-02       6.257934010507442E-01  3.224319540837111E-01
  7.000000000000000E+01  2.018952938146079E+02      -8.802661799451000E+03       4.838289360335830E-02       6.777670859393818E-01  3.476696169869906E-01
 -4.269343610912378E+01  1.011377665426376E+02      -8.802901351086000E+03       4.564127786419546E-02       7.609137316444186E-01  3.263056397479962E-01
  1.029844696954626E+01  2.532527301804467E+02      -8.802477997041000E+03       4.936991405634646E-02       8.573935194967357E-01  3.549677118537687E-01
 -3.979001331424198E+01  3.132874735953358E+01      -8.803037904822000E+03       4.741133059154563E-02       9.446619154667351E-01  3.616073279409901E-01
  5.016229774900354E+01  5.530064777309961E+01      -8.803272248796000E+03       5.245658365192224E-02       9.903843173566236E-01  3.924648145156749E-01
  6.746308024223454E+01  5.718659404656773E+01      -8.803260742372000E+03       5.217997414657084E-02       1.176111792702597E+00  4.012493287755731E-01
  5.752732392360426E+01  5.641968122430298E+01      -8.803275925829999E+03       5.290491517532993E-02       1.310369946256231E+00  4.145405818213423E-01
  5.821533916229968E+00 -3.307112013328713E+01      -8.802451891002000E+03       5.217696379452632E-02       1.346557236921293E+00  4.305606032559947E-01
  2.306941703117649E+01  1.872109149174281E+02      -8.802573739904001E+03       4.812773119542876E-02       1.370998336660216E+00  4.309959033491193E-01
  6.114415391505006E+01  1.548769227402109E+02      -8.802711027773001E+03       4.551170515571887E-02       1.379974977796842E+00  4.281830903205153E-01
  5.201230524203829E+01  2.576171798383244E+02      -8.802596093033000E+03       4.215865448263434E-02       1.419617705719586E+00  4.268058059036064E-01
 -2.550391004816688E+01  2.722752067568145E+02      -8.802493539773999E+03       3.966478405257166E-02       1.432223234356071E+00  4.225501269831027E-01
 -1.652452716399595E+01  1.802998711924184E+02      -8.802540024833999E+03       3.891567269658583E-02       1.459236653491479E+00  4.256325758056472E-01
  2.952005581445588E+01  2.940018055503937E+02      -8.802373427229000E+03       3.804466405995487E-02       1.356453716088818E+00  3.973465630137534E-01
 -2.067612229742389E+01  2.279239894110478E+02      -8.802535935403001E+03       3.725946937342070E-02       1.351361166958416E+00  4.050097264450956E-01
  4.306388815197296E+01 -1.974670694156200E+01      -8.802732990295000E+03       3.643984326787039E-02       1.340986086636424E+00  3.725483973905208E-01
 -2.683810738373482E+01 -1.309956922495559E+01      -8.802621659151000E+03       3.645982341198627E-02       1.324581121776222E+00  3.783344023569011E-01
  3.519901154981346E+01  2.228573524398324E+02      -8.802631359630001E+03       3.586787631557220E-02       1.358786841936963E+00  3.814682875277360E-01
  3.374972402318168E+00  2.094422846092877E+02      -8.802512199467001E+03       3.534170265299844E-02       1.401058227191982E+00  3.843804204208662E-01
  9.642015806549715E+00  2.406442881247826E+00      -8.802698778804001E+03       3.463686431882262E-02       1.402155645524067E+00  3.860689164511569E-01
 -3.419216173890918E-01  9.346935510935911E+01      -8.802875910958001E+03       3.505350369317403E-02       1.453867372172145E+00  3.905613709812591E-01
 -2.615999901815679E+01  1.373840406280443E+02      -8.802659377373000E+03       3.533817987287972E-02       1.501171171233388E+00  3.949825850529624E-01
 -8.076026930592514E+00  2.974633276909365E+02      -8.802213801571001E+03       3.801455903745581E-02       1.211422078955984E+00  3.505384667805967E-01
  5.364865520745913E+01  6.006947153430314E+01      -8.803279168973000E+03       3.849176380864235E-02       1.197015094864547E+00  3.549089489261531E-01
 -4.850887168469291E+01  2.371377753792889E+02      -8.802634203448000E+03       3.762879290635524E-02       1.243810335960653E+00  3.493025730013281E-01
  6.712402345030334E+01 -4.692323512958583E+00      -8.802788899825000E+03       3.744958106342863E-02       1.281002915730736E+00  3.491172971401141E-01
  4.916014257847387E+01  1.839627427102827E+02      -8.802672872888001E+03       3.718275109319337E-02       1.315097432429324E+00  3.483766164126216E-01
  3.314249676642364E+01  1.504245270668613E+02      -8.802661165578000E+03       3.692651504422716E-02       1.342565220996003E+00  3.483170962516371E-01
  1.901106422284943E+00  1.617082720792243E+02      -8.802543048568999E+03       3.698234272063460E-02       1.361287584752841E+00  3.512214974150603E-01
  1.049315485726066E+01  6.822767625076271E+01      -8.803118374132000E+03       3.792237173508331E-02       1.400836584216215E+00  3.535740912728056E-01
  5.504404962064716E+01  1.240730999233424E+02      -8.802789842702001E+03       3.801481810748205E-02       1.433524442141058E+00  3.542747714662680E-01
  6.487563556090744E+01  2.831980050893171E+02      -8.802589143309000E+03       3.821110837115380E-02       1.452123814741941E+00  3.567852942961254E-01
 -2.743954147166260E+01 -5.000000000000000E+01      -8.802392440579000E+03       3.737769366688173E-02       1.493214758410303E+00  3.497370751713690E-01
 -1.274285233197235E+01  1.077304792944789E+01      -8.802740767341000E+03       3.770665608838128E-02       1.521225493861151E+00  3.509553238302811E-01
  1.679485082052283E+01  2.761240105907703E+02      -8.802321648237999E+03       3.803565177250910E-02       1.542699338937265E+00  3.522289295918919E-01
 -3.889296080412872E+01  1.736069855870398E+02      -8.802640895708000E+03       3.810001311548032E-02       1.573549473579675E+00  3.512596186133577E-01
 -1.595506424321609E+01  1.127525112062944E+02      -8.802726176286000E+03       3.871449936481215E-02       1.610126673986935E+00  3.528435960270818E-01
 -9.215746360851032E+00  2.553553517628818E+02      -8.802472757337000E+03       3.754192380167993E-02       1.505809269994544E+00  3.560082275638691E-01
  2.159313112031559E+01  2.730075889519030E+01      -8.802952706657999E+03       3.837468580195375E-02       1.545178579280323E+00  3.572124433117427E-01
  2.454679737995163E+01 -3.577695132061659E+01      -8.802560440990999E+03       3.904564757031850E-02       1.576257927041854E+00  3.564909622676713E-01
  5.535353999915377E+01  2.249987601950904E+02      -8.802669739860999E+03       3.572243487135848E-02       1.498961653466414E+00  3.451393383428641E-01
  3.252337010803226E+01 -2.617421561924630E-01      -8.802784998343999E+03       3.556117395301371E-02       1.454402544972555E+00  3.516122670138337E-01
  4.945667255914849E+01 -5.000000000000000E+01      -8.802625342911000E+03       3.382259580633791E-02       1.543948458516932E+00  3.202242133575161E-01
 -2.444668482970241E+01  8.702169593437101E+01      -8.802973056827001E+03       3.423922306014007E-02       1.569443117881774E+00  3.212801531684593E-01--------------------------------------------------------------------------------
                               SIMULATION OPTIONS                               
--------------------------------------------------------------------------------
|| File input/output 
ipfile         boss.rst
userfn         userfn_4D.py
outfile        boss_pp.out
rstfile        boss.rst

|| Key settings 
bounds         -5.000E+01 7.000E+01;    -5.000E+01 3.100E+02
kerntype       stdp stdp
yrange         0.000E+00 1.000E+00
noise          1.000E-12
initpts   2    iterpts   50
gm_tol         none
verbosity      2

|| Data acquisition 
acqfn                elcb
acqtol               1.000E-03

|| GP hyperparameters 
thetainit       5.000E-01 3.142E-01
thetabounds     none
thetaprior      gamma
thetapriorpar   2.038E-01 3.554E-01;    3.368E+00 9.020E+00;    3.368E+00 9.020E+00

|| Hyperparameter optimization
updatefreq   1  initupdate      True
updateoffset 0  updaterestarts  2

| postprocessing
pp_models         = True
pp_acq_funcs      = False
pp_truef_npts     = none
pp_m_slice        = 0 1 49
pp_truef_at_xhats = False
pp_local_minima   = none


| Starting post-processing...
--------------------------------------------------------------------------------
                                POST-PROCESSING                                 
--------------------------------------------------------------------------------
| Post-processing iteration 50
| Post-processing completed, time [s]        6.576


--------------------------------------------------------------------------------
                        BOSS is done! Have a nice day :)                        

      Datetime 10-06-2020 06:34:20            Total time [s]        6.701       
--------------------------------------------------------------------------------
