
-----------------------------   Welcome to ....   ------------------------------
                      _______  _______ _______ _______ 
                     |   _   \|   _   |   _   |   _   |
                     |.  1   /|.  |   |   1___|   1___|
                     |.  _   \|.  |   |____   |____   |
                     |:  1    |:  1   |:  1   |:  1   |
                     |::.. .  |::.. . |::.. . |::.. . |
                     `-------'`-------`-------`-------'

                                 Version 0.9.15                                 
                              05-05-2020 08:33:32                               
--------------------------------------------------------------------------------

| Reading BOSS input file from: in_2D
| Initializing...

--------------------------------------------------------------------------------
                                   INPUT FILE                                   
--------------------------------------------------------------------------------
# input file for alanine 2D (d4-d13)
# optimize aims with rst data from amber
# optimization
userfn       userfn_2D.py

bounds       -50 310; -50 310
kernel       stdp
initpts 5 40
iterpts     50
verbosity    2
data_sources    2

RESULTS:
 -5.000000000000000E+01 -5.000000000000000E+01  0.0       2.585050000000000E+01
  1.300000000000000E+02  1.300000000000000E+02  0.0       2.753240000000000E+01
  2.200000000000000E+02  4.000000000000000E+01  0.0       2.664890000000000E+01
  4.000000000000000E+01  2.200000000000000E+02  0.0       2.348490000000000E+01
  8.500000000000000E+01  8.500000000000000E+01  0.0       3.377250000000000E+01
 -5.000000000000000E+01 -5.000000000000000E+01  1.0      -8.802709572377000E+03
  1.300000000000000E+02  1.300000000000000E+02  1.0      -8.802650771197999E+03
  2.200000000000000E+02  4.000000000000000E+01  1.0      -8.802878353898999E+03
  4.000000000000000E+01  2.200000000000000E+02  1.0      -8.802815554653000E+03
  8.500000000000000E+01  8.500000000000000E+01  1.0      -8.802274129588999E+03       9.206721643527993E-02       3.408401203296575E-01  3.432780236207922E-01
  1.948024995587753E+02 -2.436027930648538E+01  1.0      -8.802831081410999E+03       7.498018482814803E-02       3.421452818609912E-01  3.689241964694294E-01
  2.732083554891648E+02  9.087572030749888E+01  1.0      -8.802253872068000E+03       9.553827740282957E-02       3.187266266091244E-01  3.450671015805570E-01
  1.662085339227756E+02  3.154014708426204E+01  1.0      -8.802882474372000E+03       8.591271335684723E-02       4.236519993460945E-01  3.142303338645951E-01
  1.367321370886594E+02  2.537904674172013E+02  1.0      -8.802356344252999E+03       8.574236190686835E-02       3.567987215202909E-01  3.263378477118734E-01
 -3.391559801368791E+01  2.210567951638701E+02  1.0      -8.802770421351999E+03       7.430666348298531E-02       5.185995493376543E-01  2.577772383442761E-01
 -5.000000000000000E+01  8.953658406391025E+00  1.0      -8.802749103898999E+03       6.529383585126121E-02       5.721117086142025E-01  2.458685663798919E-01
  2.324480863577308E+01  1.747217259819917E+02  1.0      -8.803102503235001E+03       7.772528605013980E-02       6.121650261425872E-01  2.803823041141678E-01
  2.345070716952162E+02  1.762256838081470E+02  1.0      -8.803027378301000E+03       7.212738869045827E-02       7.548022415583836E-01  2.611969773036739E-01
  1.224524209402929E+02  1.832645501416577E+02  1.0      -8.803074174682000E+03       6.672804521539130E-02       8.652746990734099E-01  2.599961463480142E-01
 -4.559497813591349E+01  1.526844457649409E+02  1.0      -8.802952858281000E+03       6.369304997734794E-02       9.345418509418690E-01  2.700544248733838E-01
 -3.945557456937497E+01  1.873700619142944E+02  1.0      -8.803090388064000E+03       6.370987446459925E-02       1.016203375946131E+00  2.840427803437017E-01
  7.032663238448123E+01 -2.294500647374223E+01  1.0      -8.802823675825000E+03       5.856065790790271E-02       1.081404344176595E+00  2.755638934593732E-01
  1.912338698760337E+02  2.022987088524990E+02  1.0      -8.802965026284999E+03       5.602966837608632E-02       1.173472697601926E+00  2.760240253498823E-01
  2.746249157105337E+01  3.806449554625708E+01  1.0      -8.802643711320001E+03       5.636366104533722E-02       1.159974620585979E+00  2.929453012659989E-01
  8.342629797263415E+01  1.631066378804960E+02  1.0      -8.803077462183999E+03       5.953012673103307E-02       1.160115449957893E+00  2.976042435943123E-01
 -3.459399268141090E+01  1.729211794993227E+02  1.0      -8.803090738953000E+03       6.221851042068216E-02       1.208337180902092E+00  3.166565097257279E-01
  7.065779996758899E+01  1.854966311078265E+02  1.0      -8.803146010499000E+03       7.030619431314135E-02       1.010956889141781E+00  3.434496670654448E-01
  2.692809501408723E+02  1.911286651411756E+02  1.0      -8.803037623126000E+03       6.908834231667491E-02       9.823057707899416E-01  3.395782915091355E-01
  2.108418881378447E+02  1.056451439783200E+01  1.0      -8.803235512992000E+03       9.295290916726244E-02       7.900920956997930E-01  3.423849439183941E-01
  2.394456326792990E+02 -7.360687798668395E-01  1.0      -8.803276554205000E+03       1.135768557714667E-01       7.291073435055243E-01  3.892244733579725E-01
  9.634985685121893E+01  1.092538660430331E+01  1.0      -8.802466998328000E+03       1.039683719850815E-01       5.816693621918851E-01  3.476513725342674E-01
  3.922741140084906E+01  2.937490329357853E+02  1.0      -8.802329128347999E+03       9.846515807576449E-02       6.526304558695231E-01  2.732957786332346E-01
  2.551239178176554E+02  2.685623982210298E+02  1.0      -8.802280097048000E+03       9.903214341759647E-02       7.061975399192770E-01  2.642812314691954E-01
 -1.265918291073407E+01 -2.304089464732601E+01  1.0      -8.802457593167999E+03       1.018011295310350E-01       5.540690320720419E-01  2.869552891345292E-01
  2.439399220487637E+01  1.319325503642922E+02  1.0      -8.802674817712999E+03       9.919128095461621E-02       5.639518491241751E-01  2.851999865729333E-01
  1.748046745497378E+02  1.610391034093552E+02  1.0      -8.803004059860001E+03       9.961482134090971E-02       5.790617816060367E-01  2.866814060257675E-01
  2.496792519693288E+02  1.598592584870663E+01  1.0      -8.803148030278000E+03       1.045357387335672E-01       5.632134839882476E-01  3.124238290236197E-01
  2.603472298701037E+02 -2.772496342404732E+01  1.0      -8.803071840641000E+03       1.090007392662343E-01       5.651585451429113E-01  3.312576512526431E-01
  1.127781670209653E+02 -4.361825374999018E+01  1.0      -8.802482151131000E+03       1.124606767630877E-01       5.439815033706803E-01  3.515544914475922E-01
  2.154638765154373E+02  1.340396672476980E+02  1.0      -8.802639686037001E+03       1.125906744810050E-01       5.447153358322716E-01  3.598460634706345E-01
  2.635280935534828E+02 -5.346182593149300E+00  1.0      -8.803246826642000E+03       1.260388076748334E-01       5.330208134806798E-01  3.921919612816875E-01
  2.807932289164071E+02  1.684342990510881E+02  1.0      -8.803062539484999E+03       1.297349151626626E-01       5.412157331198045E-01  4.027203797820534E-01
  2.257842435552569E+02  2.021792885689778E-01  1.0      -8.803266168673999E+03       1.384668144185610E-01       5.549481658412926E-01  4.176713749393077E-01
  2.329254014812648E+02  4.250802515120737E+00  1.0      -8.803273927815000E+03       1.439548776395044E-01       5.579322822125294E-01  4.292936012959732E-01
 -1.725298799425912E+01  7.799555109874628E+01  1.0      -8.802259895362000E+03       1.489688017035458E-01       5.576198766770618E-01  4.446019687635905E-01
  1.730326726293599E+02  8.942162319541930E+01  1.0      -8.802378215876999E+03       1.475926072363728E-01       5.582352026824738E-01  4.450973153148374E-01
--------------------------------------------------------------------------------
                               SIMULATION OPTIONS                               
--------------------------------------------------------------------------------
|| File input/output 
ipfile         in_2D
userfn         userfn_2D.py
outfile        boss.out
rstfile        boss.rst

|| Key settings 
data_sources         2
bounds         -5.000E+01 3.100E+02;    -5.000E+01 3.100E+02
kerntype       stdp stdp
yrange         none
noise          1.000E-12
initpts    5 40    iterpts   50
gm_tol         none
verbosity      2

|| Data acquisition 
acqfn                elcb
acqtol               1.000E-03

|| GP hyperparameters 
thetainit       1.000E+00 3.142E-01
thetabounds     none
thetaprior      gamma
thetapriorpar   1.000E+00 1.000E+00;    3.368E+00 9.020E+00;    3.368E+00 9.020E+00

|| Hyperparameter optimization
updatefreq   1  initupdate      True
updateoffset 0  updaterestarts  2


--------------------------------------------------------------------------------
                              INITIAL DATAPOINT 1                               
--------------------------------------------------------------------------------
| Data point added to dataset (x i y): 
 -5.0000000000E+01 -5.0000000000E+01  0.0000000000E+00       2.5850500000E+01

| Total ensemble size: 1
| Next sampling location (x_next, i_next):
  1.3000000000E+02  1.3000000000E+02  0.0000000000E+00

Iteration time [s]:    0.001        Total time [s]:    0.129

--------------------------------------------------------------------------------
                              INITIAL DATAPOINT 2                               
--------------------------------------------------------------------------------
| Data point added to dataset (x i y): 
  1.3000000000E+02  1.3000000000E+02  0.0000000000E+00       2.7532400000E+01

| Total ensemble size: 2
| Next sampling location (x_next, i_next):
  2.2000000000E+02  4.0000000000E+01  0.0000000000E+00

Iteration time [s]:    0.000        Total time [s]:    0.130

--------------------------------------------------------------------------------
                              INITIAL DATAPOINT 3                               
--------------------------------------------------------------------------------
| Data point added to dataset (x i y): 
  2.2000000000E+02  4.0000000000E+01  0.0000000000E+00       2.6648900000E+01

| Total ensemble size: 3
| Next sampling location (x_next, i_next):
  4.0000000000E+01  2.2000000000E+02  0.0000000000E+00

Iteration time [s]:    0.001        Total time [s]:    0.131

--------------------------------------------------------------------------------
                              INITIAL DATAPOINT 4                               
--------------------------------------------------------------------------------
| Data point added to dataset (x i y): 
  4.0000000000E+01  2.2000000000E+02  0.0000000000E+00       2.3484900000E+01

| Total ensemble size: 4
| Next sampling location (x_next, i_next):
  8.5000000000E+01  8.5000000000E+01  0.0000000000E+00

Iteration time [s]:    0.001        Total time [s]:    0.132

--------------------------------------------------------------------------------
                              INITIAL DATAPOINT 5                               
--------------------------------------------------------------------------------
| Data point added to dataset (x i y): 
  8.5000000000E+01  8.5000000000E+01  0.0000000000E+00       3.3772500000E+01

| Total ensemble size: 5
| Next sampling location (x_next, i_next):
 -5.0000000000E+01 -5.0000000000E+01  1.0000000000E+00

Iteration time [s]:    0.001        Total time [s]:    0.134

--------------------------------------------------------------------------------
                              INITIAL DATAPOINT 6                               
--------------------------------------------------------------------------------
| Data point added to dataset (x i y): 
 -5.0000000000E+01 -5.0000000000E+01  1.0000000000E+00      -8.8027095724E+03

| Total ensemble size: 6
| Next sampling location (x_next, i_next):
  1.3000000000E+02  1.3000000000E+02  1.0000000000E+00

Iteration time [s]:    0.001        Total time [s]:    0.135

--------------------------------------------------------------------------------
                              INITIAL DATAPOINT 7                               
--------------------------------------------------------------------------------
| Data point added to dataset (x i y): 
  1.3000000000E+02  1.3000000000E+02  1.0000000000E+00      -8.8026507712E+03

| Total ensemble size: 7
| Next sampling location (x_next, i_next):
  2.2000000000E+02  4.0000000000E+01  1.0000000000E+00

Iteration time [s]:    0.001        Total time [s]:    0.136

--------------------------------------------------------------------------------
                              INITIAL DATAPOINT 8                               
--------------------------------------------------------------------------------
| Data point added to dataset (x i y): 
  2.2000000000E+02  4.0000000000E+01  1.0000000000E+00      -8.8028783539E+03

| Total ensemble size: 8
| Next sampling location (x_next, i_next):
  4.0000000000E+01  2.2000000000E+02  1.0000000000E+00

Iteration time [s]:    0.001        Total time [s]:    0.137

--------------------------------------------------------------------------------
                              INITIAL DATAPOINT 9                               
--------------------------------------------------------------------------------
| Data point added to dataset (x i y): 
  4.0000000000E+01  2.2000000000E+02  1.0000000000E+00      -8.8028155547E+03

| Total ensemble size: 9
| Next sampling location (x_next, i_next):
  8.5000000000E+01  8.5000000000E+01  1.0000000000E+00

Iteration time [s]:    0.001        Total time [s]:    0.138

--------------------------------------------------------------------------------
                              INITIAL DATAPOINT 10                              
--------------------------------------------------------------------------------
| Data point added to dataset (x i y): 
  8.5000000000E+01  8.5000000000E+01  1.0000000000E+00      -8.8022741296E+03

| Total ensemble size: 10
| Next sampling location (x_next, i_next):
  1.9480249956E+02 -2.4360279306E+01  1.0000000000E+00

Iteration time [s]:    0.000        Total time [s]:    0.139

--------------------------------------------------------------------------------
                              INITIAL DATAPOINT 11                              
--------------------------------------------------------------------------------
| Data point added to dataset (x i y): 
  1.9480249956E+02 -2.4360279306E+01  1.0000000000E+00      -8.8028310814E+03

| Total ensemble size: 11
| Next sampling location (x_next, i_next):
  2.7320835549E+02  9.0875720307E+01  1.0000000000E+00

Iteration time [s]:    0.001        Total time [s]:    0.140

--------------------------------------------------------------------------------
                              INITIAL DATAPOINT 12                              
--------------------------------------------------------------------------------
| Data point added to dataset (x i y): 
  2.7320835549E+02  9.0875720307E+01  1.0000000000E+00      -8.8022538721E+03

| Total ensemble size: 12
| Next sampling location (x_next, i_next):
  1.6620853392E+02  3.1540147084E+01  1.0000000000E+00

Iteration time [s]:    0.001        Total time [s]:    0.141

--------------------------------------------------------------------------------
                              INITIAL DATAPOINT 13                              
--------------------------------------------------------------------------------
| Data point added to dataset (x i y): 
  1.6620853392E+02  3.1540147084E+01  1.0000000000E+00      -8.8028824744E+03

| Total ensemble size: 13
| Next sampling location (x_next, i_next):
  1.3673213709E+02  2.5379046742E+02  1.0000000000E+00

Iteration time [s]:    0.001        Total time [s]:    0.142

--------------------------------------------------------------------------------
                              INITIAL DATAPOINT 14                              
--------------------------------------------------------------------------------
| Data point added to dataset (x i y): 
  1.3673213709E+02  2.5379046742E+02  1.0000000000E+00      -8.8023563443E+03

| Total ensemble size: 14
| Next sampling location (x_next, i_next):
 -3.3915598014E+01  2.2105679516E+02  1.0000000000E+00

Iteration time [s]:    0.001        Total time [s]:    0.143

--------------------------------------------------------------------------------
                              INITIAL DATAPOINT 15                              
--------------------------------------------------------------------------------
| Data point added to dataset (x i y): 
 -3.3915598014E+01  2.2105679516E+02  1.0000000000E+00      -8.8027704214E+03

| Total ensemble size: 15
| Next sampling location (x_next, i_next):
 -5.0000000000E+01  8.9536584064E+00  1.0000000000E+00

Iteration time [s]:    0.001        Total time [s]:    0.144

--------------------------------------------------------------------------------
                              INITIAL DATAPOINT 16                              
--------------------------------------------------------------------------------
| Data point added to dataset (x i y): 
 -5.0000000000E+01  8.9536584064E+00  1.0000000000E+00      -8.8027491039E+03

| Total ensemble size: 16
| Next sampling location (x_next, i_next):
  2.3244808636E+01  1.7472172598E+02  1.0000000000E+00

Iteration time [s]:    0.001        Total time [s]:    0.145

--------------------------------------------------------------------------------
                              INITIAL DATAPOINT 17                              
--------------------------------------------------------------------------------
| Data point added to dataset (x i y): 
  2.3244808636E+01  1.7472172598E+02  1.0000000000E+00      -8.8031025032E+03

| Total ensemble size: 17
| Next sampling location (x_next, i_next):
  2.3450707170E+02  1.7622568381E+02  1.0000000000E+00

Iteration time [s]:    0.001        Total time [s]:    0.147

--------------------------------------------------------------------------------
                              INITIAL DATAPOINT 18                              
--------------------------------------------------------------------------------
| Data point added to dataset (x i y): 
  2.3450707170E+02  1.7622568381E+02  1.0000000000E+00      -8.8030273783E+03

| Total ensemble size: 18
| Next sampling location (x_next, i_next):
  1.2245242094E+02  1.8326455014E+02  1.0000000000E+00

Iteration time [s]:    0.001        Total time [s]:    0.148

--------------------------------------------------------------------------------
                              INITIAL DATAPOINT 19                              
--------------------------------------------------------------------------------
| Data point added to dataset (x i y): 
  1.2245242094E+02  1.8326455014E+02  1.0000000000E+00      -8.8030741747E+03

| Total ensemble size: 19
| Next sampling location (x_next, i_next):
 -4.5594978136E+01  1.5268444576E+02  1.0000000000E+00

Iteration time [s]:    0.001        Total time [s]:    0.149

--------------------------------------------------------------------------------
                              INITIAL DATAPOINT 20                              
--------------------------------------------------------------------------------
| Data point added to dataset (x i y): 
 -4.5594978136E+01  1.5268444576E+02  1.0000000000E+00      -8.8029528583E+03

| Total ensemble size: 20
| Next sampling location (x_next, i_next):
 -3.9455574569E+01  1.8737006191E+02  1.0000000000E+00

Iteration time [s]:    0.001        Total time [s]:    0.150

--------------------------------------------------------------------------------
                              INITIAL DATAPOINT 21                              
--------------------------------------------------------------------------------
| Data point added to dataset (x i y): 
 -3.9455574569E+01  1.8737006191E+02  1.0000000000E+00      -8.8030903881E+03

| Total ensemble size: 21
| Next sampling location (x_next, i_next):
  7.0326632384E+01 -2.2945006474E+01  1.0000000000E+00

Iteration time [s]:    0.001        Total time [s]:    0.151

--------------------------------------------------------------------------------
                              INITIAL DATAPOINT 22                              
--------------------------------------------------------------------------------
| Data point added to dataset (x i y): 
  7.0326632384E+01 -2.2945006474E+01  1.0000000000E+00      -8.8028236758E+03

| Total ensemble size: 22
| Next sampling location (x_next, i_next):
  1.9123386988E+02  2.0229870885E+02  1.0000000000E+00

Iteration time [s]:    0.001        Total time [s]:    0.152

--------------------------------------------------------------------------------
                              INITIAL DATAPOINT 23                              
--------------------------------------------------------------------------------
| Data point added to dataset (x i y): 
  1.9123386988E+02  2.0229870885E+02  1.0000000000E+00      -8.8029650263E+03

| Total ensemble size: 23
| Next sampling location (x_next, i_next):
  2.7462491571E+01  3.8064495546E+01  1.0000000000E+00

Iteration time [s]:    0.001        Total time [s]:    0.153

--------------------------------------------------------------------------------
                              INITIAL DATAPOINT 24                              
--------------------------------------------------------------------------------
| Data point added to dataset (x i y): 
  2.7462491571E+01  3.8064495546E+01  1.0000000000E+00      -8.8026437113E+03

| Total ensemble size: 24
| Next sampling location (x_next, i_next):
  8.3426297973E+01  1.6310663788E+02  1.0000000000E+00

Iteration time [s]:    0.001        Total time [s]:    0.154

--------------------------------------------------------------------------------
                              INITIAL DATAPOINT 25                              
--------------------------------------------------------------------------------
| Data point added to dataset (x i y): 
  8.3426297973E+01  1.6310663788E+02  1.0000000000E+00      -8.8030774622E+03

| Total ensemble size: 25
| Next sampling location (x_next, i_next):
 -3.4593992681E+01  1.7292117950E+02  1.0000000000E+00

Iteration time [s]:    0.001        Total time [s]:    0.155

--------------------------------------------------------------------------------
                              INITIAL DATAPOINT 26                              
--------------------------------------------------------------------------------
| Data point added to dataset (x i y): 
 -3.4593992681E+01  1.7292117950E+02  1.0000000000E+00      -8.8030907390E+03

| Total ensemble size: 26
| Next sampling location (x_next, i_next):
  7.0657799968E+01  1.8549663111E+02  1.0000000000E+00

Iteration time [s]:    0.001        Total time [s]:    0.156

--------------------------------------------------------------------------------
                              INITIAL DATAPOINT 27                              
--------------------------------------------------------------------------------
| Data point added to dataset (x i y): 
  7.0657799968E+01  1.8549663111E+02  1.0000000000E+00      -8.8031460105E+03

| Total ensemble size: 27
| Next sampling location (x_next, i_next):
  2.6928095014E+02  1.9112866514E+02  1.0000000000E+00

Iteration time [s]:    0.001        Total time [s]:    0.157

--------------------------------------------------------------------------------
                              INITIAL DATAPOINT 28                              
--------------------------------------------------------------------------------
| Data point added to dataset (x i y): 
  2.6928095014E+02  1.9112866514E+02  1.0000000000E+00      -8.8030376231E+03

| Total ensemble size: 28
| Next sampling location (x_next, i_next):
  2.1084188814E+02  1.0564514398E+01  1.0000000000E+00

Iteration time [s]:    0.001        Total time [s]:    0.158

--------------------------------------------------------------------------------
                              INITIAL DATAPOINT 29                              
--------------------------------------------------------------------------------
| Data point added to dataset (x i y): 
  2.1084188814E+02  1.0564514398E+01  1.0000000000E+00      -8.8032355130E+03

| Total ensemble size: 29
| Next sampling location (x_next, i_next):
  2.3944563268E+02 -7.3606877987E-01  1.0000000000E+00

Iteration time [s]:    0.000        Total time [s]:    0.159

--------------------------------------------------------------------------------
                              INITIAL DATAPOINT 30                              
--------------------------------------------------------------------------------
| Data point added to dataset (x i y): 
  2.3944563268E+02 -7.3606877987E-01  1.0000000000E+00      -8.8032765542E+03

| Total ensemble size: 30
| Next sampling location (x_next, i_next):
  9.6349856851E+01  1.0925386604E+01  1.0000000000E+00

Iteration time [s]:    0.000        Total time [s]:    0.161

--------------------------------------------------------------------------------
                              INITIAL DATAPOINT 31                              
--------------------------------------------------------------------------------
| Data point added to dataset (x i y): 
  9.6349856851E+01  1.0925386604E+01  1.0000000000E+00      -8.8024669983E+03

| Total ensemble size: 31
| Next sampling location (x_next, i_next):
  3.9227411401E+01  2.9374903294E+02  1.0000000000E+00

Iteration time [s]:    0.000        Total time [s]:    0.162

--------------------------------------------------------------------------------
                              INITIAL DATAPOINT 32                              
--------------------------------------------------------------------------------
| Data point added to dataset (x i y): 
  3.9227411401E+01  2.9374903294E+02  1.0000000000E+00      -8.8023291283E+03

| Total ensemble size: 32
| Next sampling location (x_next, i_next):
  2.5512391782E+02  2.6856239822E+02  1.0000000000E+00

Iteration time [s]:    0.001        Total time [s]:    0.163

--------------------------------------------------------------------------------
                              INITIAL DATAPOINT 33                              
--------------------------------------------------------------------------------
| Data point added to dataset (x i y): 
  2.5512391782E+02  2.6856239822E+02  1.0000000000E+00      -8.8022800970E+03

| Total ensemble size: 33
| Next sampling location (x_next, i_next):
 -1.2659182911E+01 -2.3040894647E+01  1.0000000000E+00

Iteration time [s]:    0.001        Total time [s]:    0.164

--------------------------------------------------------------------------------
                              INITIAL DATAPOINT 34                              
--------------------------------------------------------------------------------
| Data point added to dataset (x i y): 
 -1.2659182911E+01 -2.3040894647E+01  1.0000000000E+00      -8.8024575932E+03

| Total ensemble size: 34
| Next sampling location (x_next, i_next):
  2.4393992205E+01  1.3193255036E+02  1.0000000000E+00

Iteration time [s]:    0.001        Total time [s]:    0.165

--------------------------------------------------------------------------------
                              INITIAL DATAPOINT 35                              
--------------------------------------------------------------------------------
| Data point added to dataset (x i y): 
  2.4393992205E+01  1.3193255036E+02  1.0000000000E+00      -8.8026748177E+03

| Total ensemble size: 35
| Next sampling location (x_next, i_next):
  1.7480467455E+02  1.6103910341E+02  1.0000000000E+00

Iteration time [s]:    0.000        Total time [s]:    0.166

--------------------------------------------------------------------------------
                              INITIAL DATAPOINT 36                              
--------------------------------------------------------------------------------
| Data point added to dataset (x i y): 
  1.7480467455E+02  1.6103910341E+02  1.0000000000E+00      -8.8030040599E+03

| Total ensemble size: 36
| Next sampling location (x_next, i_next):
  2.4967925197E+02  1.5985925849E+01  1.0000000000E+00

Iteration time [s]:    0.000        Total time [s]:    0.167

--------------------------------------------------------------------------------
                              INITIAL DATAPOINT 37                              
--------------------------------------------------------------------------------
| Data point added to dataset (x i y): 
  2.4967925197E+02  1.5985925849E+01  1.0000000000E+00      -8.8031480303E+03

| Total ensemble size: 37
| Next sampling location (x_next, i_next):
  2.6034722987E+02 -2.7724963424E+01  1.0000000000E+00

Iteration time [s]:    0.001        Total time [s]:    0.168

--------------------------------------------------------------------------------
                              INITIAL DATAPOINT 38                              
--------------------------------------------------------------------------------
| Data point added to dataset (x i y): 
  2.6034722987E+02 -2.7724963424E+01  1.0000000000E+00      -8.8030718406E+03

| Total ensemble size: 38
| Next sampling location (x_next, i_next):
  1.1277816702E+02 -4.3618253750E+01  1.0000000000E+00

Iteration time [s]:    0.000        Total time [s]:    0.169

--------------------------------------------------------------------------------
                              INITIAL DATAPOINT 39                              
--------------------------------------------------------------------------------
| Data point added to dataset (x i y): 
  1.1277816702E+02 -4.3618253750E+01  1.0000000000E+00      -8.8024821511E+03

| Total ensemble size: 39
| Next sampling location (x_next, i_next):
  2.1546387652E+02  1.3403966725E+02  1.0000000000E+00

Iteration time [s]:    0.000        Total time [s]:    0.170

--------------------------------------------------------------------------------
                              INITIAL DATAPOINT 40                              
--------------------------------------------------------------------------------
| Data point added to dataset (x i y): 
  2.1546387652E+02  1.3403966725E+02  1.0000000000E+00      -8.8026396860E+03

| Total ensemble size: 40
| Next sampling location (x_next, i_next):
  2.6352809355E+02 -5.3461825931E+00  1.0000000000E+00

Iteration time [s]:    0.001        Total time [s]:    0.171

--------------------------------------------------------------------------------
                              INITIAL DATAPOINT 41                              
--------------------------------------------------------------------------------
| Data point added to dataset (x i y): 
  2.6352809355E+02 -5.3461825931E+00  1.0000000000E+00      -8.8032468266E+03

| Total ensemble size: 41
| Next sampling location (x_next, i_next):
  2.8079322892E+02  1.6843429905E+02  1.0000000000E+00

Iteration time [s]:    0.001        Total time [s]:    0.172

--------------------------------------------------------------------------------
                              INITIAL DATAPOINT 42                              
--------------------------------------------------------------------------------
| Data point added to dataset (x i y): 
  2.8079322892E+02  1.6843429905E+02  1.0000000000E+00      -8.8030625395E+03

| Total ensemble size: 42
| Next sampling location (x_next, i_next):
  2.2578424356E+02  2.0217928857E-01  1.0000000000E+00

Iteration time [s]:    0.000        Total time [s]:    0.173

--------------------------------------------------------------------------------
                              INITIAL DATAPOINT 43                              
--------------------------------------------------------------------------------
| Data point added to dataset (x i y): 
  2.2578424356E+02  2.0217928857E-01  1.0000000000E+00      -8.8032661687E+03

| Total ensemble size: 43
| Next sampling location (x_next, i_next):
  2.3292540148E+02  4.2508025151E+00  1.0000000000E+00

Iteration time [s]:    0.001        Total time [s]:    0.174

--------------------------------------------------------------------------------
                              INITIAL DATAPOINT 44                              
--------------------------------------------------------------------------------
| Data point added to dataset (x i y): 
  2.3292540148E+02  4.2508025151E+00  1.0000000000E+00      -8.8032739278E+03

| Total ensemble size: 44
| Next sampling location (x_next, i_next):
 -1.7252987994E+01  7.7995551099E+01  1.0000000000E+00

Iteration time [s]:    0.001        Total time [s]:    0.175

--------------------------------------------------------------------------------
                              INITIAL DATAPOINT 45                              
--------------------------------------------------------------------------------
| Data point added to dataset (x i y): 
 -1.7252987994E+01  7.7995551099E+01  1.0000000000E+00      -8.8022598954E+03

| Total ensemble size: 45
| Best acquisition, x_best i_best y_best:
  2.3944563268E+02 -7.3606877987E-01  1.0000000000E+00      -8.8032765542E+03
| Global minimum prediction, x_hat mu_hat +- nu_hat:
  2.3841486774E+02  7.7000083917E-01  1.0000000000E+00      -8.8032772764E+03  4.4396309901E-08

| GP model hyperparameters (lengthscales W kappa):
  5.5407267202E-01  4.3957299299E-01  4.3168880015E+00  3.7354188353E-01  5.6324311480E+00  4.0734873301E-87
| Next sampling location (x_next, i_next):
  1.7303267263E+02  8.9421623195E+01  1.0000000000E+00

Iteration time [s]:    2.416        Total time [s]:    2.591

--------------------------------------------------------------------------------
                                 BO ITERATION 1                                 
--------------------------------------------------------------------------------
| Data point added to dataset (x i y): 
  1.7303267263E+02  8.9421623195E+01  1.0000000000E+00      -8.8023782159E+03

| Total ensemble size: 46
| Best acquisition, x_best i_best y_best:
  4.0000000000E+01  2.2000000000E+02  0.0000000000E+00       2.3484900000E+01
| Global minimum prediction, x_hat mu_hat +- nu_hat:
  5.5937956423E+01  1.8589124163E+02  0.0000000000E+00       2.0222965308E+01  1.8636772158E+00
| Global minimum convergence, d_xhat d_muhat:
  1.5387934754E+04  1.9657612333E+00

| GP model hyperparameters (lengthscales W kappa):
  5.5462790287E-01  4.3954344865E-01  4.4295783595E+00  3.7137693172E-01  5.2669801574E+00  4.0734873301E-87
| Next sampling location (x_next, i_next):
  3.0758690298E+02  1.8035174542E+02  0.0000000000E+00

Iteration time [s]:    1.310        Total time [s]:    3.902

--------------------------------------------------------------------------------
                                 BO ITERATION 2                                 
--------------------------------------------------------------------------------
| Evaluating objective function at 3.076E+02 1.804E+02 0.000E+00
| Objective function evaluated, time [s]       21.147
| Data point added to dataset (x i y): 
  3.0758690298E+02  1.8035174542E+02  0.0000000000E+00       2.0584200000E+01

| Total ensemble size: 47
| Best acquisition, x_best i_best y_best:
  3.0758690298E+02  1.8035174542E+02  0.0000000000E+00       2.0584200000E+01
| Global minimum prediction, x_hat mu_hat +- nu_hat:
  5.5090920058E+01  1.8372963291E+02  0.0000000000E+00       1.9346277715E+01  9.5416047904E-01
| Global minimum convergence, d_xhat d_muhat:
  1.6840181989E+02  1.3256144082E+00

| GP model hyperparameters (lengthscales W kappa):
  5.5745585541E-01  4.4118871901E-01  5.1729137725E+00  3.7393279337E-01  2.5021935114E+00  4.0734873301E-87
| Next sampling location (x_next, i_next):
  5.6491527765E+01  1.7606364253E+02  0.0000000000E+00

Iteration time [s]:   22.646        Total time [s]:   26.548

--------------------------------------------------------------------------------
                                 BO ITERATION 3                                 
--------------------------------------------------------------------------------
| Evaluating objective function at 5.649E+01 1.761E+02 0.000E+00
| Objective function evaluated, time [s]        0.515
| Data point added to dataset (x i y): 
  5.6491527765E+01  1.7606364253E+02  0.0000000000E+00       1.7566100000E+01

| Total ensemble size: 48
| Best acquisition, x_best i_best y_best:
  5.6491527765E+01  1.7606364253E+02  0.0000000000E+00       1.7566100000E+01
| Global minimum prediction, x_hat mu_hat +- nu_hat:
  5.8637591160E+01  1.8022558729E+02  0.0000000000E+00       1.7483200239E+01  1.6672181267E-02
| Global minimum convergence, d_xhat d_muhat:
  1.6673403379E+02  1.0199081696E+00

| GP model hyperparameters (lengthscales W kappa):
  5.4720070788E-01  4.3799712540E-01 -5.9782369259E+00 -3.6349561788E-01  1.4050448876E+00  2.0696674778E-03
| Next sampling location (x_next, i_next):
  2.5754470354E+02 -7.3926901822E+00  0.0000000000E+00

Iteration time [s]:    1.939        Total time [s]:   28.487

--------------------------------------------------------------------------------
                                 BO ITERATION 4                                 
--------------------------------------------------------------------------------
| Evaluating objective function at 2.575E+02 -7.393E+00 0.000E+00
| Objective function evaluated, time [s]        1.406
| Data point added to dataset (x i y): 
  2.5754470354E+02 -7.3926901822E+00  0.0000000000E+00       1.9659800000E+01

| Total ensemble size: 49
| Best acquisition, x_best i_best y_best:
  5.6491527765E+01  1.7606364253E+02  0.0000000000E+00       1.7566100000E+01
| Global minimum prediction, x_hat mu_hat +- nu_hat:
  5.8642988883E+01  1.7991095476E+02  0.0000000000E+00       1.7495615306E+01  1.4225054139E-02
| Global minimum convergence, d_xhat d_muhat:
  1.6847126144E+02  1.0785210241E+00

| GP model hyperparameters (lengthscales W kappa):
  5.5263726836E-01  4.4668491638E-01 -5.8917125566E+00 -3.7382980912E-01  1.7773005301E+00  1.0824519190E-03
| Next sampling location (x_next, i_next):
  9.1982290645E+01  1.8635631999E+02  0.0000000000E+00

Iteration time [s]:    2.824        Total time [s]:   31.312

--------------------------------------------------------------------------------
                                 BO ITERATION 5                                 
--------------------------------------------------------------------------------
| Evaluating objective function at 9.198E+01 1.864E+02 0.000E+00
| Objective function evaluated, time [s]        0.581
| Data point added to dataset (x i y): 
  9.1982290645E+01  1.8635631999E+02  0.0000000000E+00       1.9132700000E+01

| Total ensemble size: 50
| Best acquisition, x_best i_best y_best:
  5.6491527765E+01  1.7606364253E+02  0.0000000000E+00       1.7566100000E+01
| Global minimum prediction, x_hat mu_hat +- nu_hat:
  5.5579852877E+01  1.7940982228E+02  0.0000000000E+00       1.7518755342E+01  6.1046227925E-03
| Global minimum convergence, d_xhat d_muhat:
  1.6725045927E+02  1.0800998549E+00

| GP model hyperparameters (lengthscales W kappa):
  5.6242546364E-01  4.6249759341E-01 -6.1164917650E+00 -3.9115509884E-01  2.2962224964E+00  3.0960300133E-04
| Next sampling location (x_next, i_next):
  1.6223835356E+02  1.8755263923E+02  0.0000000000E+00

Iteration time [s]:    2.161        Total time [s]:   33.473

--------------------------------------------------------------------------------
                                 BO ITERATION 6                                 
--------------------------------------------------------------------------------
| Evaluating objective function at 1.622E+02 1.876E+02 0.000E+00
| Objective function evaluated, time [s]        0.541
| Data point added to dataset (x i y): 
  1.6223835356E+02  1.8755263923E+02  0.0000000000E+00       2.0949100000E+01

| Total ensemble size: 51
| Best acquisition, x_best i_best y_best:
  5.6491527765E+01  1.7606364253E+02  0.0000000000E+00       1.7566100000E+01
| Global minimum prediction, x_hat mu_hat +- nu_hat:
  5.5463275034E+01  1.7928669588E+02  0.0000000000E+00       1.7522214114E+01  5.5020881163E-03
| Global minimum convergence, d_xhat d_muhat:
  1.6707950188E+02  1.0808143382E+00

| GP model hyperparameters (lengthscales W kappa):
  5.7256933694E-01  4.7141875518E-01 -6.2596977463E+00 -4.0200396938E-01  2.5102485111E+00  3.1542192000E-04
| Next sampling location (x_next, i_next):
  8.9956029710E+00  1.8420150638E+02  0.0000000000E+00

Iteration time [s]:    1.875        Total time [s]:   35.349

--------------------------------------------------------------------------------
                                 BO ITERATION 7                                 
--------------------------------------------------------------------------------
| Evaluating objective function at 8.996E+00 1.842E+02 0.000E+00
| Objective function evaluated, time [s]        0.491
| Data point added to dataset (x i y): 
  8.9956029710E+00  1.8420150638E+02  0.0000000000E+00       2.0207100000E+01

| Total ensemble size: 52
| Best acquisition, x_best i_best y_best:
  5.6491527765E+01  1.7606364253E+02  0.0000000000E+00       1.7566100000E+01
| Global minimum prediction, x_hat mu_hat +- nu_hat:
  5.7391355020E+01  1.7878579881E+02  0.0000000000E+00       1.7534065186E+01  3.4408127647E-03
| Global minimum convergence, d_xhat d_muhat:
  1.6704047454E+02  1.0815827758E+00

| GP model hyperparameters (lengthscales W kappa):
  5.7912241517E-01  4.8322840767E-01  6.5935748483E+00  4.0731548949E-01  9.5346411425E-01  7.4617009159E-03
| Next sampling location (x_next, i_next):
  5.3516339590E+01  1.8652327081E+02  0.0000000000E+00

Iteration time [s]:    1.976        Total time [s]:   37.325

--------------------------------------------------------------------------------
                                 BO ITERATION 8                                 
--------------------------------------------------------------------------------
| Evaluating objective function at 5.352E+01 1.865E+02 0.000E+00
| Objective function evaluated, time [s]        0.551
| Data point added to dataset (x i y): 
  5.3516339590E+01  1.8652327081E+02  0.0000000000E+00       1.7712300000E+01

| Total ensemble size: 53
| Best acquisition, x_best i_best y_best:
  5.6491527765E+01  1.7606364253E+02  0.0000000000E+00       1.7566100000E+01
| Global minimum prediction, x_hat mu_hat +- nu_hat:
  5.7224228644E+01  1.7974354502E+02  0.0000000000E+00       1.7508650763E+01  4.9718346437E-04
| Global minimum convergence, d_xhat d_muhat:
  1.6791267929E+02  1.0801417928E+00

| GP model hyperparameters (lengthscales W kappa):
  5.9261106010E-01  5.1307681962E-01  7.1654242884E+00  4.3808760097E-01  1.0140595255E+00  9.0531583806E-03
| Next sampling location (x_next, i_next):
  1.9700074084E+02  1.6180422840E+00  0.0000000000E+00

Iteration time [s]:    1.902        Total time [s]:   39.227

--------------------------------------------------------------------------------
                                 BO ITERATION 9                                 
--------------------------------------------------------------------------------
| Evaluating objective function at 1.970E+02 1.618E+00 0.000E+00
| Objective function evaluated, time [s]        0.574
| Data point added to dataset (x i y): 
  1.9700074084E+02  1.6180422840E+00  0.0000000000E+00       1.8495400000E+01

| Total ensemble size: 54
| Best acquisition, x_best i_best y_best:
  5.6491527765E+01  1.7606364253E+02  0.0000000000E+00       1.7566100000E+01
| Global minimum prediction, x_hat mu_hat +- nu_hat:
  5.7450004602E+01  1.7977012228E+02  0.0000000000E+00       1.7506562207E+01  8.3733809681E-04
| Global minimum convergence, d_xhat d_muhat:
  1.6801978972E+02  1.0801945542E+00

| GP model hyperparameters (lengthscales W kappa):
  5.7541529480E-01  4.8976765511E-01 -7.1128329711E+00 -3.9971738491E-01  1.0506175136E+00  1.4221477607E-02
| Next sampling location (x_next, i_next):
  5.2660391684E+01 -1.1177707409E+01  0.0000000000E+00

Iteration time [s]:    1.973        Total time [s]:   41.201

--------------------------------------------------------------------------------
                                BO ITERATION 10                                 
--------------------------------------------------------------------------------
| Evaluating objective function at 5.266E+01 -1.118E+01 0.000E+00
| Objective function evaluated, time [s]        0.544
| Data point added to dataset (x i y): 
  5.2660391684E+01 -1.1177707409E+01  0.0000000000E+00       2.5457800000E+01

| Total ensemble size: 55
| Best acquisition, x_best i_best y_best:
  5.6491527765E+01  1.7606364253E+02  0.0000000000E+00       1.7566100000E+01
| Global minimum prediction, x_hat mu_hat +- nu_hat:
  5.7476812495E+01  1.7977798611E+02  0.0000000000E+00       1.7506728446E+01  8.8605494728E-04
| Global minimum convergence, d_xhat d_muhat:
  1.6803605459E+02  1.0801838229E+00

| GP model hyperparameters (lengthscales W kappa):
  5.7124694364E-01  4.7283061147E-01 -6.7281770345E+00 -3.8378103852E-01  1.0396443507E+00  1.4252035467E-02
| Next sampling location (x_next, i_next):
  2.2111846768E+02  1.8466832236E+02  0.0000000000E+00

Iteration time [s]:    1.962        Total time [s]:   43.163

--------------------------------------------------------------------------------
                                BO ITERATION 11                                 
--------------------------------------------------------------------------------
| Evaluating objective function at 2.211E+02 1.847E+02 0.000E+00
| Objective function evaluated, time [s]        0.461
| Data point added to dataset (x i y): 
  2.2111846768E+02  1.8466832236E+02  0.0000000000E+00       2.6177100000E+01

| Total ensemble size: 56
| Best acquisition, x_best i_best y_best:
  5.6491527765E+01  1.7606364253E+02  0.0000000000E+00       1.7566100000E+01
| Global minimum prediction, x_hat mu_hat +- nu_hat:
  5.7724900015E+01  1.7977833318E+02  0.0000000000E+00       1.7505279206E+01  1.2383819599E-03
| Global minimum convergence, d_xhat d_muhat:
  1.6809539127E+02  1.0800913930E+00

| GP model hyperparameters (lengthscales W kappa):
  5.5806310308E-01  4.9841450971E-01 -7.2545701693E+00 -3.9560143246E-01  1.0845492176E+00  1.9229755017E-02
| Next sampling location (x_next, i_next):
  6.8800991227E+01  1.7791635910E+02  0.0000000000E+00

Iteration time [s]:    1.975        Total time [s]:   45.139

--------------------------------------------------------------------------------
                                BO ITERATION 12                                 
--------------------------------------------------------------------------------
| Evaluating objective function at 6.880E+01 1.779E+02 0.000E+00
| Objective function evaluated, time [s]        0.469
| Data point added to dataset (x i y): 
  6.8800991227E+01  1.7791635910E+02  0.0000000000E+00       1.7644600000E+01

| Total ensemble size: 57
| Best acquisition, x_best i_best y_best:
  5.6491527765E+01  1.7606364253E+02  0.0000000000E+00       1.7566100000E+01
| Global minimum prediction, x_hat mu_hat +- nu_hat:
  5.9366180582E+01  1.7979701760E+02  0.0000000000E+00       1.7486495177E+01  2.5688884727E-04
| Global minimum convergence, d_xhat d_muhat:
  1.6851521656E+02  1.0789106029E+00

| GP model hyperparameters (lengthscales W kappa):
  5.6992235811E-01  5.1386986571E-01  7.6066595237E+00  4.1357668607E-01  9.5248121655E-01  2.0778162229E-02
| Next sampling location (x_next, i_next):
  2.2003515388E+02 -2.5915143490E+00  0.0000000000E+00

Iteration time [s]:    1.925        Total time [s]:   47.065

--------------------------------------------------------------------------------
                                BO ITERATION 13                                 
--------------------------------------------------------------------------------
| Evaluating objective function at 2.200E+02 -2.592E+00 0.000E+00
| Objective function evaluated, time [s]        0.495
| Data point added to dataset (x i y): 
  2.2003515388E+02 -2.5915143490E+00  0.0000000000E+00       1.9655400000E+01

| Total ensemble size: 58
| Best acquisition, x_best i_best y_best:
  5.6491527765E+01  1.7606364253E+02  0.0000000000E+00       1.7566100000E+01
| Global minimum prediction, x_hat mu_hat +- nu_hat:
  5.9415380209E+01  1.7982358011E+02  0.0000000000E+00       1.7485638414E+01  3.0360170886E-04
| Global minimum convergence, d_xhat d_muhat:
  1.6857383563E+02  1.0789182992E+00

| GP model hyperparameters (lengthscales W kappa):
  5.5456521332E-01  5.2030892730E-01  7.5955433057E+00  4.1454697702E-01  3.6211788489E+00  1.6830863993E-02
| Next sampling location (x_next, i_next):
  1.2822007829E+02  1.7194189803E+02  0.0000000000E+00

Iteration time [s]:    2.165        Total time [s]:   49.234

--------------------------------------------------------------------------------
                                BO ITERATION 14                                 
--------------------------------------------------------------------------------
| Evaluating objective function at 1.282E+02 1.719E+02 0.000E+00
| Objective function evaluated, time [s]        0.467
| Data point added to dataset (x i y): 
  1.2822007829E+02  1.7194189803E+02  0.0000000000E+00       2.0855400000E+01

| Total ensemble size: 59
| Best acquisition, x_best i_best y_best:
  5.6491527765E+01  1.7606364253E+02  0.0000000000E+00       1.7566100000E+01
| Global minimum prediction, x_hat mu_hat +- nu_hat:
  5.9728324024E+01  1.7997155783E+02  0.0000000000E+00       1.7483505656E+01  3.2146962828E-04
| Global minimum convergence, d_xhat d_muhat:
  1.6879533775E+02  1.0787838172E+00

| GP model hyperparameters (lengthscales W kappa):
  5.5441716456E-01  5.2429443813E-01  7.5700548994E+00  4.1259117598E-01  2.8213435096E+00  2.0284864711E-02
| Next sampling location (x_next, i_next):
  1.5755464902E+02 -2.1524789415E+00  0.0000000000E+00

Iteration time [s]:    1.941        Total time [s]:   51.175

--------------------------------------------------------------------------------
                                BO ITERATION 15                                 
--------------------------------------------------------------------------------
| Evaluating objective function at 1.576E+02 -2.152E+00 0.000E+00
| Objective function evaluated, time [s]        0.517
| Data point added to dataset (x i y): 
  1.5755464902E+02 -2.1524789415E+00  0.0000000000E+00       2.4977800000E+01

| Total ensemble size: 60
| Best acquisition, x_best i_best y_best:
  5.6491527765E+01  1.7606364253E+02  0.0000000000E+00       1.7566100000E+01
| Global minimum prediction, x_hat mu_hat +- nu_hat:
  5.9658295135E+01  1.7994957601E+02  0.0000000000E+00       1.7486738640E+01  5.7656037531E-04
| Global minimum convergence, d_xhat d_muhat:
  1.6875902895E+02  1.0789822027E+00

| GP model hyperparameters (lengthscales W kappa):
  5.2329463722E-01  4.8120531035E-01 -7.9622251231E+00 -3.4967986554E-01  2.0005324618E-01  2.5291264125E-02
| Next sampling location (x_next, i_next):
  1.7965967741E+02  2.6716895109E+01  0.0000000000E+00

Iteration time [s]:    2.178        Total time [s]:   53.355

--------------------------------------------------------------------------------
                                BO ITERATION 16                                 
--------------------------------------------------------------------------------
| Evaluating objective function at 1.797E+02 2.672E+01 0.000E+00
| Objective function evaluated, time [s]        0.597
| Data point added to dataset (x i y): 
  1.7965967741E+02  2.6716895109E+01  0.0000000000E+00       2.0290000000E+01

| Total ensemble size: 61
| Best acquisition, x_best i_best y_best:
  5.6491527765E+01  1.7606364253E+02  0.0000000000E+00       1.7566100000E+01
| Global minimum prediction, x_hat mu_hat +- nu_hat:
  5.9644068271E+01  1.7993425643E+02  0.0000000000E+00       1.7487810841E+01  5.4225297742E-04
| Global minimum convergence, d_xhat d_muhat:
  1.6873714027E+02  1.0790326217E+00

| GP model hyperparameters (lengthscales W kappa):
  5.1945054269E-01  4.8650225821E-01 -7.1612558859E+00 -3.8331706690E-01  9.8944631653E+00  2.3361002839E-03
| Next sampling location (x_next, i_next):
  2.9553946762E+02 -8.5158250735E+00  0.0000000000E+00

Iteration time [s]:    2.491        Total time [s]:   55.847

--------------------------------------------------------------------------------
                                BO ITERATION 17                                 
--------------------------------------------------------------------------------
| Evaluating objective function at 2.955E+02 -8.516E+00 0.000E+00
| Objective function evaluated, time [s]        0.489
| Data point added to dataset (x i y): 
  2.9553946762E+02 -8.5158250735E+00  0.0000000000E+00       1.8896400000E+01

| Total ensemble size: 62
| Best acquisition, x_best i_best y_best:
  5.6491527765E+01  1.7606364253E+02  0.0000000000E+00       1.7566100000E+01
| Global minimum prediction, x_hat mu_hat +- nu_hat:
  5.9671207851E+01  1.7994919097E+02  0.0000000000E+00       1.7487598845E+01  5.1523437572E-04
| Global minimum convergence, d_xhat d_muhat:
  1.6875711109E+02  1.0790216576E+00

| GP model hyperparameters (lengthscales W kappa):
  5.2881390265E-01  4.9972028103E-01 -7.3416892627E+00 -3.9350889319E-01  1.0772175615E+01  4.5822393600E-03
| Next sampling location (x_next, i_next):
 -2.7491745994E+01  1.5098425189E+02  0.0000000000E+00

Iteration time [s]:    2.253        Total time [s]:   58.100

--------------------------------------------------------------------------------
                                BO ITERATION 18                                 
--------------------------------------------------------------------------------
| Evaluating objective function at -2.749E+01 1.510E+02 0.000E+00
| Objective function evaluated, time [s]        0.522
| Data point added to dataset (x i y): 
 -2.7491745994E+01  1.5098425189E+02  0.0000000000E+00       2.3973000000E+01

| Total ensemble size: 63
| Best acquisition, x_best i_best y_best:
  5.6491527765E+01  1.7606364253E+02  0.0000000000E+00       1.7566100000E+01
| Global minimum prediction, x_hat mu_hat +- nu_hat:
  5.9583902503E+01  1.7986855860E+02  0.0000000000E+00       1.7488396875E+01  4.7585055944E-04
| Global minimum convergence, d_xhat d_muhat:
  1.6865791113E+02  1.0790725665E+00

| GP model hyperparameters (lengthscales W kappa):
  5.2789546322E-01  5.0477315704E-01 -7.4581638780E+00 -3.9898323085E-01  1.0531508211E+01  3.1588151692E-03
| Next sampling location (x_next, i_next):
  8.1825080274E+01  2.9918508108E+02  0.0000000000E+00

Iteration time [s]:    2.539        Total time [s]:   60.641

--------------------------------------------------------------------------------
                                BO ITERATION 19                                 
--------------------------------------------------------------------------------
| Evaluating objective function at 8.183E+01 2.992E+02 0.000E+00
| Objective function evaluated, time [s]        1.370
| Data point added to dataset (x i y): 
  8.1825080274E+01  2.9918508108E+02  0.0000000000E+00       3.1775700000E+01

| Total ensemble size: 64
| Best acquisition, x_best i_best y_best:
  5.6491527765E+01  1.7606364253E+02  0.0000000000E+00       1.7566100000E+01
| Global minimum prediction, x_hat mu_hat +- nu_hat:
  5.9528212771E+01  1.7982322724E+02  0.0000000000E+00       1.7489237340E+01  4.7389455466E-04
| Global minimum convergence, d_xhat d_muhat:
  1.6859948783E+02  1.0791268566E+00

| GP model hyperparameters (lengthscales W kappa):
  5.2727786867E-01  4.9499157340E-01 -7.2524176274E+00 -3.8809546512E-01  1.0353396257E+01  2.6452459577E-03
| Next sampling location (x_next, i_next):
  1.9914443157E+02  1.1694666501E+01  0.0000000000E+00

Iteration time [s]:    3.356        Total time [s]:   63.997

--------------------------------------------------------------------------------
                                BO ITERATION 20                                 
--------------------------------------------------------------------------------
| Evaluating objective function at 1.991E+02 1.169E+01 0.000E+00
| Objective function evaluated, time [s]        0.550
| Data point added to dataset (x i y): 
  1.9914443157E+02  1.1694666501E+01  0.0000000000E+00       1.8524000000E+01

| Total ensemble size: 65
| Best acquisition, x_best i_best y_best:
  5.6491527765E+01  1.7606364253E+02  0.0000000000E+00       1.7566100000E+01
| Global minimum prediction, x_hat mu_hat +- nu_hat:
  5.9516167989E+01  1.7986291457E+02  0.0000000000E+00       1.7487026463E+01  4.6741292622E-04
| Global minimum convergence, d_xhat d_muhat:
  1.6863376702E+02  1.0789905573E+00

| GP model hyperparameters (lengthscales W kappa):
  5.1832517659E-01  4.9595544634E-01 -6.7945500194E+00 -3.8854238624E-01  1.0242064158E+01  2.4731286453E-03
| Next sampling location (x_next, i_next):
  2.8274689528E+02  3.4819766578E+00  0.0000000000E+00

Iteration time [s]:    2.599        Total time [s]:   66.597

--------------------------------------------------------------------------------
                                BO ITERATION 21                                 
--------------------------------------------------------------------------------
| Evaluating objective function at 2.827E+02 3.482E+00 0.000E+00
| Objective function evaluated, time [s]        0.558
| Data point added to dataset (x i y): 
  2.8274689528E+02  3.4819766578E+00  0.0000000000E+00       1.9165900000E+01

| Total ensemble size: 66
| Best acquisition, x_best i_best y_best:
  5.6491527765E+01  1.7606364253E+02  0.0000000000E+00       1.7566100000E+01
| Global minimum prediction, x_hat mu_hat +- nu_hat:
  5.9506194743E+01  1.7985153817E+02  0.0000000000E+00       1.7487742430E+01  4.3730490158E-04
| Global minimum convergence, d_xhat d_muhat:
  1.6862277800E+02  1.0790351353E+00

| GP model hyperparameters (lengthscales W kappa):
  5.1806182684E-01  5.0638578088E-01 -6.7157736426E+00 -3.9333358462E-01  1.0487898743E+01  2.9800238390E-03
| Next sampling location (x_next, i_next):
  6.6585101653E+00  2.8165127334E+01  0.0000000000E+00

Iteration time [s]:    2.610        Total time [s]:   69.208

--------------------------------------------------------------------------------
                                BO ITERATION 22                                 
--------------------------------------------------------------------------------
| Evaluating objective function at 6.659E+00 2.817E+01 0.000E+00
| Objective function evaluated, time [s]        0.773
| Data point added to dataset (x i y): 
  6.6585101653E+00  2.8165127334E+01  0.0000000000E+00       3.3450600000E+01

| Total ensemble size: 67
| Best acquisition, x_best i_best y_best:
  5.6491527765E+01  1.7606364253E+02  0.0000000000E+00       1.7566100000E+01
| Global minimum prediction, x_hat mu_hat +- nu_hat:
  5.9391931291E+01  1.7980004299E+02  0.0000000000E+00       1.7488172415E+01  5.2193112143E-04
| Global minimum convergence, d_xhat d_muhat:
  1.6854395597E+02  1.0790635249E+00

| GP model hyperparameters (lengthscales W kappa):
  4.9642862894E-01  4.9613255831E-01 -6.7256602114E+00 -3.8143811846E-01  1.0328849253E+01  2.5753420267E-03
| Next sampling location (x_next, i_next):
  6.3895159690E+01  1.8481968423E+02  0.0000000000E+00

Iteration time [s]:    2.828        Total time [s]:   72.037

--------------------------------------------------------------------------------
                                BO ITERATION 23                                 
--------------------------------------------------------------------------------
| Evaluating objective function at 6.390E+01 1.848E+02 0.000E+00
| Objective function evaluated, time [s]        0.658
| Data point added to dataset (x i y): 
  6.3895159690E+01  1.8481968423E+02  0.0000000000E+00       1.7596800000E+01

| Total ensemble size: 68
| Best acquisition, x_best i_best y_best:
  5.6491527765E+01  1.7606364253E+02  0.0000000000E+00       1.7566100000E+01
| Global minimum prediction, x_hat mu_hat +- nu_hat:
  5.9854172397E+01  1.8008939121E+02  0.0000000000E+00       1.7478964074E+01  2.5955284924E-04
| Global minimum convergence, d_xhat d_muhat:
  1.6893747507E+02  1.0784901115E+00

| GP model hyperparameters (lengthscales W kappa):
  5.0443524870E-01  4.9966060069E-01 -6.8093313832E+00 -3.8465576171E-01  1.0685336102E+01  3.4274712894E-03
| Next sampling location (x_next, i_next):
  5.9449154678E+01  1.8036863668E+02  0.0000000000E+00

Iteration time [s]:    2.756        Total time [s]:   74.795

--------------------------------------------------------------------------------
                                BO ITERATION 24                                 
--------------------------------------------------------------------------------
| Evaluating objective function at 5.945E+01 1.804E+02 0.000E+00
| Objective function evaluated, time [s]        0.480
| Data point added to dataset (x i y): 
  5.9449154678E+01  1.8036863668E+02  0.0000000000E+00       1.7482000000E+01

| Total ensemble size: 69
| Best acquisition, x_best i_best y_best:
  5.9449154678E+01  1.8036863668E+02  0.0000000000E+00       1.7482000000E+01
| Global minimum prediction, x_hat mu_hat +- nu_hat:
  5.9875558009E+01  1.8007054917E+02  0.0000000000E+00       1.7481329139E+01  7.5699556659E-07
| Global minimum convergence, d_xhat d_muhat:
  1.6893492507E+02  1.0730836737E+00

| GP model hyperparameters (lengthscales W kappa):
  5.1099507185E-01  5.1444088256E-01 -6.9922451277E+00 -3.9558453304E-01  1.0951280101E+01  4.5015245586E-03
| Next sampling location (x_next, i_next):
  6.0938712049E+01  1.7888110832E+02  0.0000000000E+00

Iteration time [s]:    2.635        Total time [s]:   77.431

--------------------------------------------------------------------------------
                                BO ITERATION 25                                 
--------------------------------------------------------------------------------
| Evaluating objective function at 6.094E+01 1.789E+02 0.000E+00
| Objective function evaluated, time [s]        0.590
| Data point added to dataset (x i y): 
  6.0938712049E+01  1.7888110832E+02  0.0000000000E+00       1.7490200000E+01

| Total ensemble size: 70
| Best acquisition, x_best i_best y_best:
  5.9449154678E+01  1.8036863668E+02  0.0000000000E+00       1.7482000000E+01
| Global minimum prediction, x_hat mu_hat +- nu_hat:
  5.9757102917E+01  1.8012290579E+02  0.0000000000E+00       1.7481591618E+01  9.9397520436E-09
| Global minimum convergence, d_xhat d_muhat:
  1.6895301232E+02  1.0731156724E+00

| GP model hyperparameters (lengthscales W kappa):
  5.1750966739E-01  5.2165816657E-01 -7.0837857674E+00 -4.0004148628E-01  1.1156127463E+01  5.9336042656E-03
| Next sampling location (x_next, i_next):
  2.7779072458E+02  1.6022292814E+02  0.0000000000E+00

Iteration time [s]:    2.734        Total time [s]:   80.165

--------------------------------------------------------------------------------
                                BO ITERATION 26                                 
--------------------------------------------------------------------------------
| Evaluating objective function at 2.778E+02 1.602E+02 0.000E+00
| Objective function evaluated, time [s]        0.628
| Acquisition location too confident, doing pure exploration
| Data point added to dataset (x i y): 
  2.7779072458E+02  1.6022292814E+02  0.0000000000E+00       2.5020300000E+01

| Total ensemble size: 71
| Best acquisition, x_best i_best y_best:
  5.9449154678E+01  1.8036863668E+02  0.0000000000E+00       1.7482000000E+01
| Global minimum prediction, x_hat mu_hat +- nu_hat:
  5.9756910863E+01  1.8012406306E+02  0.0000000000E+00       1.7481595460E+01  9.8461167219E-09
| Global minimum convergence, d_xhat d_muhat:
  1.6895378711E+02  1.0731159541E+00

| GP model hyperparameters (lengthscales W kappa):
  5.2005012585E-01  5.2298274613E-01  7.4819880373E+00  3.8173297006E-01  5.4918848428E+00  2.1744450978E-02
| Next sampling location (x_next, i_next):
  1.9422666950E+02  2.6677623316E+02  0.0000000000E+00

Iteration time [s]:    3.386        Total time [s]:   83.552

--------------------------------------------------------------------------------
                                BO ITERATION 27                                 
--------------------------------------------------------------------------------
| Evaluating objective function at 1.942E+02 2.668E+02 0.000E+00
| Objective function evaluated, time [s]        0.490
| Acquisition location too confident, doing pure exploration
| Data point added to dataset (x i y): 
  1.9422666950E+02  2.6677623316E+02  0.0000000000E+00       3.6150000000E+01

| Total ensemble size: 72
| Best acquisition, x_best i_best y_best:
  5.9449154678E+01  1.8036863668E+02  0.0000000000E+00       1.7482000000E+01
| Global minimum prediction, x_hat mu_hat +- nu_hat:
  5.9754798170E+01  1.8012360940E+02  0.0000000000E+00       1.7481595852E+01  9.7876035276E-09
| Global minimum convergence, d_xhat d_muhat:
  1.6895281751E+02  9.3644717390E-01

| GP model hyperparameters (lengthscales W kappa):
  5.1338632433E-01  5.2117324404E-01  7.2814037344E+00  3.7992062748E-01  5.4583538834E+00  1.8465601325E-02
| Next sampling location (x_next, i_next):
  2.7239628391E+01  8.4592165550E+01  0.0000000000E+00

Iteration time [s]:    3.242        Total time [s]:   86.794

--------------------------------------------------------------------------------
                                BO ITERATION 28                                 
--------------------------------------------------------------------------------
| Evaluating objective function at 2.724E+01 8.459E+01 0.000E+00
| Objective function evaluated, time [s]        0.507
| Acquisition location too confident, doing pure exploration
| Data point added to dataset (x i y): 
  2.7239628391E+01  8.4592165550E+01  0.0000000000E+00       3.3774600000E+01

| Total ensemble size: 73
| Best acquisition, x_best i_best y_best:
  5.9449154678E+01  1.8036863668E+02  0.0000000000E+00       1.7482000000E+01
| Global minimum prediction, x_hat mu_hat +- nu_hat:
  5.9749499323E+01  1.8012199143E+02  0.0000000000E+00       1.7481598728E+01  9.5862215054E-09
| Global minimum convergence, d_xhat d_muhat:
  1.6894993380E+02  9.3644732798E-01

| GP model hyperparameters (lengthscales W kappa):
  5.1070329358E-01  5.2019603103E-01  7.1260599713E+00  3.7772115581E-01  5.4348531749E+00  1.6933156198E-02
| Next sampling location (x_next, i_next):
  3.0674470646E+02  7.5697013717E+01  0.0000000000E+00

Iteration time [s]:    3.213        Total time [s]:   90.010

--------------------------------------------------------------------------------
                                BO ITERATION 29                                 
--------------------------------------------------------------------------------
| Evaluating objective function at 3.067E+02 7.570E+01 0.000E+00
| Objective function evaluated, time [s]        0.543
| Acquisition location too confident, doing pure exploration
| Data point added to dataset (x i y): 
  3.0674470646E+02  7.5697013717E+01  0.0000000000E+00       3.6062600000E+01

| Total ensemble size: 74
| Best acquisition, x_best i_best y_best:
  5.9449154678E+01  1.8036863668E+02  0.0000000000E+00       1.7482000000E+01
| Global minimum prediction, x_hat mu_hat +- nu_hat:
  5.9748054784E+01  1.8012193055E+02  0.0000000000E+00       1.7481600257E+01  9.6341760346E-09
| Global minimum convergence, d_xhat d_muhat:
  1.6894951062E+02  9.3644740985E-01

| GP model hyperparameters (lengthscales W kappa):
  5.0697141785E-01  5.1291194751E-01 -7.1627088426E+00 -3.5875312070E-01  2.2460843818E+00  2.3398216911E-02
| Next sampling location (x_next, i_next):
  2.7687932711E+02  2.4752193621E+02  0.0000000000E+00

Iteration time [s]:    3.361        Total time [s]:   93.372

--------------------------------------------------------------------------------
                                BO ITERATION 30                                 
--------------------------------------------------------------------------------
| Evaluating objective function at 2.769E+02 2.475E+02 0.000E+00
| Objective function evaluated, time [s]        0.660
| Data point added to dataset (x i y): 
  2.7687932711E+02  2.4752193621E+02  0.0000000000E+00       3.2687400000E+01

| Total ensemble size: 75
| Best acquisition, x_best i_best y_best:
  5.9449154678E+01  1.8036863668E+02  0.0000000000E+00       1.7482000000E+01
| Global minimum prediction, x_hat mu_hat +- nu_hat:
  5.9747525591E+01  1.8012108226E+02  0.0000000000E+00       1.7481600174E+01  9.6149700645E-09
| Global minimum convergence, d_xhat d_muhat:
  1.6894855992E+02  9.3644740542E-01

| GP model hyperparameters (lengthscales W kappa):
  5.0256009369E-01  5.1293629829E-01 -7.0790504160E+00 -3.5855615929E-01  2.2336151336E+00  2.1456189366E-02
| Next sampling location (x_next, i_next):
  1.9038965435E+02  8.4782653209E+00  0.0000000000E+00

Iteration time [s]:    2.902        Total time [s]:   96.275

--------------------------------------------------------------------------------
                                BO ITERATION 31                                 
--------------------------------------------------------------------------------
| Evaluating objective function at 1.904E+02 8.478E+00 0.000E+00
| Objective function evaluated, time [s]        0.500
| Acquisition location too confident, doing pure exploration
| Data point added to dataset (x i y): 
  1.9038965435E+02  8.4782653209E+00  0.0000000000E+00       1.8300200000E+01

| Total ensemble size: 76
| Best acquisition, x_best i_best y_best:
  5.9449154678E+01  1.8036863668E+02  0.0000000000E+00       1.7482000000E+01
| Global minimum prediction, x_hat mu_hat +- nu_hat:
  5.9738089353E+01  1.8011752043E+02  0.0000000000E+00       1.7481603335E+01  9.6937905702E-09
| Global minimum convergence, d_xhat d_muhat:
  1.6894277073E+02  9.3644757473E-01

| GP model hyperparameters (lengthscales W kappa):
  4.8420701462E-01  5.1621690977E-01  7.2843133434E+00  3.6152735640E-01  5.4656659092E-01  2.1934792227E-02
| Next sampling location (x_next, i_next):
  1.4561341972E+02  2.9047343943E+02  0.0000000000E+00

Iteration time [s]:    3.748        Total time [s]:  100.023

--------------------------------------------------------------------------------
                                BO ITERATION 32                                 
--------------------------------------------------------------------------------
| Evaluating objective function at 1.456E+02 2.905E+02 0.000E+00
| Objective function evaluated, time [s]        0.517
| Acquisition location too confident, doing pure exploration
| Data point added to dataset (x i y): 
  1.4561341972E+02  2.9047343943E+02  0.0000000000E+00       3.6886300000E+01

| Total ensemble size: 77
| Best acquisition, x_best i_best y_best:
  5.9449154678E+01  1.8036863668E+02  0.0000000000E+00       1.7482000000E+01
| Global minimum prediction, x_hat mu_hat +- nu_hat:
  5.9732156588E+01  1.8011576351E+02  0.0000000000E+00       1.7481604529E+01  9.5760820606E-09
| Global minimum convergence, d_xhat d_muhat:
  1.6893959204E+02  9.0091394792E-01

| GP model hyperparameters (lengthscales W kappa):
  4.8155956904E-01  5.1722064327E-01  7.1808206950E+00  3.5904234733E-01  5.4453527447E-01  2.1119667635E-02
| Next sampling location (x_next, i_next):
 -2.4372691457E+00  2.7583891292E+02  0.0000000000E+00

Iteration time [s]:    3.555        Total time [s]:  103.580

--------------------------------------------------------------------------------
                                BO ITERATION 33                                 
--------------------------------------------------------------------------------
| Evaluating objective function at -2.437E+00 2.758E+02 0.000E+00
| Objective function evaluated, time [s]        0.525
| Acquisition location too confident, doing pure exploration
| Data point added to dataset (x i y): 
 -2.4372691457E+00  2.7583891292E+02  0.0000000000E+00       3.4023700000E+01

| Total ensemble size: 78
| Best acquisition, x_best i_best y_best:
  5.9449154678E+01  1.8036863668E+02  0.0000000000E+00       1.7482000000E+01
| Global minimum prediction, x_hat mu_hat +- nu_hat:
  5.9732554052E+01  1.8011714287E+02  0.0000000000E+00       1.7481607938E+01  9.5760110063E-09
| Global minimum convergence, d_xhat d_muhat:
  1.6894101801E+02  9.0091412358E-01

| GP model hyperparameters (lengthscales W kappa):
  4.7687575735E-01  5.1331772429E-01 -6.9337004540E+00 -3.5796761848E-01  1.3224930143E+00  1.8031162119E-02
| Next sampling location (x_next, i_next):
  6.6892392201E+01  4.0574235057E+01  0.0000000000E+00

Iteration time [s]:    4.187        Total time [s]:  107.767

--------------------------------------------------------------------------------
                                BO ITERATION 34                                 
--------------------------------------------------------------------------------
| Evaluating objective function at 6.689E+01 4.057E+01 0.000E+00
| Objective function evaluated, time [s]        0.467
| Acquisition location too confident, doing pure exploration
| Data point added to dataset (x i y): 
  6.6892392201E+01  4.0574235057E+01  0.0000000000E+00       3.0367900000E+01

| Total ensemble size: 79
| Best acquisition, x_best i_best y_best:
  5.9449154678E+01  1.8036863668E+02  0.0000000000E+00       1.7482000000E+01
| Global minimum prediction, x_hat mu_hat +- nu_hat:
  5.9732509699E+01  1.8011735181E+02  0.0000000000E+00       1.7481608524E+01  9.4869728961E-09
| Global minimum convergence, d_xhat d_muhat:
  1.6894120428E+02  9.0091415377E-01

| GP model hyperparameters (lengthscales W kappa):
  4.7626809899E-01  5.1679470252E-01 -6.9482663240E+00 -3.5638089327E-01  6.3775434489E-01  1.9536791321E-02
| Next sampling location (x_next, i_next):
  2.3223554500E+02  2.3369919070E+02  0.0000000000E+00

Iteration time [s]:    3.825        Total time [s]:  111.592

--------------------------------------------------------------------------------
                                BO ITERATION 35                                 
--------------------------------------------------------------------------------
| Evaluating objective function at 2.322E+02 2.337E+02 0.000E+00
| Objective function evaluated, time [s]        0.469
| Acquisition location too confident, doing pure exploration
| Data point added to dataset (x i y): 
  2.3223554500E+02  2.3369919070E+02  0.0000000000E+00       3.4544000000E+01

| Total ensemble size: 80
| Best acquisition, x_best i_best y_best:
  5.9449154678E+01  1.8036863668E+02  0.0000000000E+00       1.7482000000E+01
| Global minimum prediction, x_hat mu_hat +- nu_hat:
  5.9732615545E+01  1.8011776477E+02  0.0000000000E+00       1.7481609267E+01  9.4732523158E-09
| Global minimum convergence, d_xhat d_muhat:
  1.6894162764E+02  9.0091419209E-01

| GP model hyperparameters (lengthscales W kappa):
  4.7516279454E-01  5.1639280501E-01 -6.8864645035E+00 -3.5475834811E-01  6.3586517115E-01  1.8964809715E-02
| Next sampling location (x_next, i_next):
  2.3578590298E+02  1.0540457628E+02  0.0000000000E+00

Iteration time [s]:    3.753        Total time [s]:  115.349

--------------------------------------------------------------------------------
                                BO ITERATION 36                                 
--------------------------------------------------------------------------------
| Evaluating objective function at 2.358E+02 1.054E+02 0.000E+00
| Objective function evaluated, time [s]        0.509
| Acquisition location too confident, doing pure exploration
| Data point added to dataset (x i y): 
  2.3578590298E+02  1.0540457628E+02  0.0000000000E+00       3.7616300000E+01

| Total ensemble size: 81
| Best acquisition, x_best i_best y_best:
  5.9449154678E+01  1.8036863668E+02  0.0000000000E+00       1.7482000000E+01
| Global minimum prediction, x_hat mu_hat +- nu_hat:
  5.9732867190E+01  1.8011891842E+02  0.0000000000E+00       1.7481610883E+01  9.4033917541E-09
| Global minimum convergence, d_xhat d_muhat:
  1.6894280034E+02  8.6825024332E-01

| GP model hyperparameters (lengthscales W kappa):
  4.7413877077E-01  5.2405752422E-01 -6.9803668777E+00 -3.5964082562E-01  2.6527688333E-01  1.9418538641E-02
| Next sampling location (x_next, i_next):
  1.0060170589E+02  2.5508699571E+02  0.0000000000E+00

Iteration time [s]:    3.818        Total time [s]:  119.168

--------------------------------------------------------------------------------
                                BO ITERATION 37                                 
--------------------------------------------------------------------------------
| Evaluating objective function at 1.006E+02 2.551E+02 0.000E+00
| Objective function evaluated, time [s]        0.489
| Acquisition location too confident, doing pure exploration
| Data point added to dataset (x i y): 
  1.0060170589E+02  2.5508699571E+02  0.0000000000E+00       3.2513300000E+01

| Total ensemble size: 82
| Best acquisition, x_best i_best y_best:
  5.9449154678E+01  1.8036863668E+02  0.0000000000E+00       1.7482000000E+01
| Global minimum prediction, x_hat mu_hat +- nu_hat:
  5.9742799319E+01  1.8012214723E+02  0.0000000000E+00       1.7481606910E+01  9.2581781352E-09
| Global minimum convergence, d_xhat d_muhat:
  1.6894839102E+02  8.6825004596E-01

| GP model hyperparameters (lengthscales W kappa):
  4.7474927028E-01  5.2645527059E-01 -6.9579153366E+00 -3.5978557755E-01  2.6517222456E-01  1.9373626082E-02
| Next sampling location (x_next, i_next):
  1.2349989405E+02  5.9413927440E+01  0.0000000000E+00

Iteration time [s]:    3.701        Total time [s]:  122.872

--------------------------------------------------------------------------------
                                BO ITERATION 38                                 
--------------------------------------------------------------------------------
| Evaluating objective function at 1.235E+02 5.941E+01 0.000E+00
| Objective function evaluated, time [s]        0.479
| Acquisition location too confident, doing pure exploration
| Data point added to dataset (x i y): 
  1.2349989405E+02  5.9413927440E+01  0.0000000000E+00       3.2798000000E+01

| Total ensemble size: 83
| Best acquisition, x_best i_best y_best:
  5.9449154678E+01  1.8036863668E+02  0.0000000000E+00       1.7482000000E+01
| Global minimum prediction, x_hat mu_hat +- nu_hat:
  5.9746909772E+01  1.8012018193E+02  0.0000000000E+00       1.7481596800E+01  9.3983397952E-09
| Global minimum convergence, d_xhat d_muhat:
  1.6894753177E+02  8.6824954384E-01

| GP model hyperparameters (lengthscales W kappa):
  4.7079375895E-01  5.0468804490E-01 -6.4757685955E+00 -3.5469377633E-01  2.8696058935E+00  1.0493070925E-02
| Next sampling location (x_next, i_next):
  1.8643027929E+02  1.2432524899E+02  0.0000000000E+00

Iteration time [s]:    4.146        Total time [s]:  127.019

--------------------------------------------------------------------------------
                                BO ITERATION 39                                 
--------------------------------------------------------------------------------
| Evaluating objective function at 1.864E+02 1.243E+02 0.000E+00
| Objective function evaluated, time [s]        0.520
| Acquisition location too confident, doing pure exploration
| Data point added to dataset (x i y): 
  1.8643027929E+02  1.2432524899E+02  0.0000000000E+00       2.9194700000E+01

| Total ensemble size: 84
| Best acquisition, x_best i_best y_best:
  5.9449154678E+01  1.8036863668E+02  0.0000000000E+00       1.7482000000E+01
| Global minimum prediction, x_hat mu_hat +- nu_hat:
  5.9758958119E+01  1.8012214605E+02  0.0000000000E+00       1.7481586330E+01  9.5848359471E-09
| Global minimum convergence, d_xhat d_muhat:
  1.6895244824E+02  8.6824902386E-01

| GP model hyperparameters (lengthscales W kappa):
  4.6697867485E-01  4.9844683522E-01 -6.2921255920E+00 -3.4421501567E-01  2.8909374400E+00  1.1919734696E-02
| Next sampling location (x_next, i_next):
  2.3338800533E+02  2.9257562384E+02  0.0000000000E+00

Iteration time [s]:    4.190        Total time [s]:  131.211

--------------------------------------------------------------------------------
                                BO ITERATION 40                                 
--------------------------------------------------------------------------------
| Evaluating objective function at 2.334E+02 2.926E+02 0.000E+00
| Objective function evaluated, time [s]        0.484
| Acquisition location too confident, doing pure exploration
| Data point added to dataset (x i y): 
  2.3338800533E+02  2.9257562384E+02  0.0000000000E+00       3.5933400000E+01

| Total ensemble size: 85
| Best acquisition, x_best i_best y_best:
  5.9449154678E+01  1.8036863668E+02  0.0000000000E+00       1.7482000000E+01
| Global minimum prediction, x_hat mu_hat +- nu_hat:
  5.9759141077E+01  1.8012228856E+02  0.0000000000E+00       1.7481586377E+01  9.5581834891E-09
| Global minimum convergence, d_xhat d_muhat:
  1.6895264283E+02  8.6824902617E-01

| GP model hyperparameters (lengthscales W kappa):
  4.6537963575E-01  4.9857772778E-01  6.0071969911E+00  3.5494299410E-01  5.3026715309E+00  3.6401792344E-03
| Next sampling location (x_next, i_next):
  1.5066168552E+02  2.3468410825E+02  0.0000000000E+00

Iteration time [s]:    4.064        Total time [s]:  135.277

--------------------------------------------------------------------------------
                                BO ITERATION 41                                 
--------------------------------------------------------------------------------
| Evaluating objective function at 1.507E+02 2.347E+02 0.000E+00
| Objective function evaluated, time [s]        0.547
| Acquisition location too confident, doing pure exploration
| Data point added to dataset (x i y): 
  1.5066168552E+02  2.3468410825E+02  0.0000000000E+00       3.0110500000E+01

| Total ensemble size: 86
| Best acquisition, x_best i_best y_best:
  5.9449154678E+01  1.8036863668E+02  0.0000000000E+00       1.7482000000E+01
| Global minimum prediction, x_hat mu_hat +- nu_hat:
  5.9759604854E+01  1.8012211443E+02  0.0000000000E+00       1.7481585240E+01  9.4523836757E-09
| Global minimum convergence, d_xhat d_muhat:
  1.6895259121E+02  8.6824896970E-01

| GP model hyperparameters (lengthscales W kappa):
  4.6643102245E-01  5.0481701564E-01  6.4427135142E+00  3.3586199280E-01  3.0897702815E-01  1.9262599058E-02
| Next sampling location (x_next, i_next):
  1.7206441852E+01 -4.1925712770E+01  0.0000000000E+00

Iteration time [s]:    4.320        Total time [s]:  139.599

--------------------------------------------------------------------------------
                                BO ITERATION 42                                 
--------------------------------------------------------------------------------
| Evaluating objective function at 1.721E+01 -4.193E+01 0.000E+00
| Objective function evaluated, time [s]        0.424
| Acquisition location too confident, doing pure exploration
| Data point added to dataset (x i y): 
  1.7206441852E+01 -4.1925712770E+01  0.0000000000E+00       3.3644300000E+01

| Total ensemble size: 87
| Best acquisition, x_best i_best y_best:
  5.9449154678E+01  1.8036863668E+02  0.0000000000E+00       1.7482000000E+01
| Global minimum prediction, x_hat mu_hat +- nu_hat:
  5.9758345291E+01  1.8012263666E+02  0.0000000000E+00       1.7481588420E+01  9.5108542374E-09
| Global minimum convergence, d_xhat d_muhat:
  1.6895278000E+02  8.6824912761E-01

| GP model hyperparameters (lengthscales W kappa):
  4.6310161437E-01  5.0404505149E-01 -5.9917844689E+00 -3.6035385343E-01  6.1936148776E+00  4.6717460720E-06
| Next sampling location (x_next, i_next):
  1.0172332917E+02 -1.5044536041E+01  0.0000000000E+00

Iteration time [s]:    4.318        Total time [s]:  143.918

--------------------------------------------------------------------------------
                                BO ITERATION 43                                 
--------------------------------------------------------------------------------
| Evaluating objective function at 1.017E+02 -1.504E+01 0.000E+00
| Objective function evaluated, time [s]        0.424
| Acquisition location too confident, doing pure exploration
| Data point added to dataset (x i y): 
  1.0172332917E+02 -1.5044536041E+01  0.0000000000E+00       3.1776700000E+01

| Total ensemble size: 88
| Best acquisition, x_best i_best y_best:
  5.9449154678E+01  1.8036863668E+02  0.0000000000E+00       1.7482000000E+01
| Global minimum prediction, x_hat mu_hat +- nu_hat:
  5.9760493981E+01  1.8012361419E+02  0.0000000000E+00       1.7481587993E+01  9.4370217417E-09
| Global minimum convergence, d_xhat d_muhat:
  1.6895425516E+02  8.6824910640E-01

| GP model hyperparameters (lengthscales W kappa):
  4.6732886474E-01  5.0725132846E-01  6.5012181827E+00  3.3553558851E-01  2.8410997982E-01  1.8948992589E-02
| Next sampling location (x_next, i_next):
 -3.8499662996E+01  2.4940582449E+02  0.0000000000E+00

Iteration time [s]:    4.428        Total time [s]:  148.346

--------------------------------------------------------------------------------
                                BO ITERATION 44                                 
--------------------------------------------------------------------------------
| Evaluating objective function at -3.850E+01 2.494E+02 0.000E+00
| Objective function evaluated, time [s]        0.499
| Data point added to dataset (x i y): 
 -3.8499662996E+01  2.4940582449E+02  0.0000000000E+00       2.9988500000E+01

| Total ensemble size: 89
| Best acquisition, x_best i_best y_best:
  5.9449154678E+01  1.8036863668E+02  0.0000000000E+00       1.7482000000E+01
| Global minimum prediction, x_hat mu_hat +- nu_hat:
  5.9761530369E+01  1.8012351694E+02  0.0000000000E+00       1.7481585769E+01  9.4230524716E-09
| Global minimum convergence, d_xhat d_muhat:
  1.6895442137E+02  8.6824899599E-01

| GP model hyperparameters (lengthscales W kappa):
  4.6427595627E-01  5.1073522658E-01 -6.4137154481E+00 -3.4208909779E-01  1.4428561092E+00  1.5245332364E-02
| Next sampling location (x_next, i_next):
  1.9410395683E+02  7.5745728409E+00  0.0000000000E+00

Iteration time [s]:    3.948        Total time [s]:  152.295

--------------------------------------------------------------------------------
                                BO ITERATION 45                                 
--------------------------------------------------------------------------------
| Evaluating objective function at 1.941E+02 7.575E+00 0.000E+00
| Objective function evaluated, time [s]        0.461
| Acquisition location too confident, doing pure exploration
| Data point added to dataset (x i y): 
  1.9410395683E+02  7.5745728409E+00  0.0000000000E+00       1.8273200000E+01

| Total ensemble size: 90
| Best acquisition, x_best i_best y_best:
  5.9449154678E+01  1.8036863668E+02  0.0000000000E+00       1.7482000000E+01
| Global minimum prediction, x_hat mu_hat +- nu_hat:
  5.9761981083E+01  1.8012353936E+02  0.0000000000E+00       1.7481585093E+01  9.3078379670E-09
| Global minimum convergence, d_xhat d_muhat:
  1.6895455820E+02  8.6824896238E-01

| GP model hyperparameters (lengthscales W kappa):
  4.6494769396E-01  5.2189947184E-01 -6.6134355571E+00 -3.4661778943E-01  4.4296451107E-01  1.8234293600E-02
| Next sampling location (x_next, i_next):
  5.4675147937E+01  2.6736324790E+02  0.0000000000E+00

Iteration time [s]:    4.462        Total time [s]:  156.758

--------------------------------------------------------------------------------
                                BO ITERATION 46                                 
--------------------------------------------------------------------------------
| Evaluating objective function at 5.468E+01 2.674E+02 0.000E+00
| Objective function evaluated, time [s]        0.471
| Acquisition location too confident, doing pure exploration
| Data point added to dataset (x i y): 
  5.4675147937E+01  2.6736324790E+02  0.0000000000E+00       3.1803600000E+01

| Total ensemble size: 91
| Best acquisition, x_best i_best y_best:
  5.9449154678E+01  1.8036863668E+02  0.0000000000E+00       1.7482000000E+01
| Global minimum prediction, x_hat mu_hat +- nu_hat:
  5.9750526688E+01  1.8012514451E+02  0.0000000000E+00       1.7481601436E+01  8.8884969606E-09
| Global minimum convergence, d_xhat d_muhat:
  1.6895323809E+02  8.6824977412E-01

| GP model hyperparameters (lengthscales W kappa):
  4.6527528080E-01  5.2363536261E-01 -6.5630503835E+00 -3.4665501454E-01  4.4341463605E-01  1.9107395298E-02
| Next sampling location (x_next, i_next):
 -9.1501268612E+00  1.0692545516E+02  0.0000000000E+00

Iteration time [s]:    4.437        Total time [s]:  161.196

--------------------------------------------------------------------------------
                                BO ITERATION 47                                 
--------------------------------------------------------------------------------
| Evaluating objective function at -9.150E+00 1.069E+02 0.000E+00
| Objective function evaluated, time [s]        1.249
| Acquisition location too confident, doing pure exploration
| Data point added to dataset (x i y): 
 -9.1501268612E+00  1.0692545516E+02  0.0000000000E+00       3.3967800000E+01

| Total ensemble size: 92
| Best acquisition, x_best i_best y_best:
  5.9449154678E+01  1.8036863668E+02  0.0000000000E+00       1.7482000000E+01
| Global minimum prediction, x_hat mu_hat +- nu_hat:
  5.9750910603E+01  1.8012501530E+02  0.0000000000E+00       1.7481601074E+01  8.8334512149E-09
| Global minimum convergence, d_xhat d_muhat:
  1.6895319162E+02  8.6824975616E-01

| GP model hyperparameters (lengthscales W kappa):
  4.6605608186E-01  5.2883899908E-01 -6.5171232491E+00 -3.5490051595E-01  1.5024192841E+00  1.6181537693E-02
| Next sampling location (x_next, i_next):
 -2.8056370110E+01  4.4842951442E+01  0.0000000000E+00

Iteration time [s]:    5.744        Total time [s]:  166.940

--------------------------------------------------------------------------------
                                BO ITERATION 48                                 
--------------------------------------------------------------------------------
| Evaluating objective function at -2.806E+01 4.484E+01 0.000E+00
| Objective function evaluated, time [s]        0.497
| Acquisition location too confident, doing pure exploration
| Data point added to dataset (x i y): 
 -2.8056370110E+01  4.4842951442E+01  0.0000000000E+00       3.5845500000E+01

| Total ensemble size: 93
| Best acquisition, x_best i_best y_best:
  5.9449154678E+01  1.8036863668E+02  0.0000000000E+00       1.7482000000E+01
| Global minimum prediction, x_hat mu_hat +- nu_hat:
  5.9749940371E+01  1.8012475590E+02  0.0000000000E+00       1.7481601564E+01  8.7888291311E-09
| Global minimum convergence, d_xhat d_muhat:
  1.6895269958E+02  8.6824978047E-01

| GP model hyperparameters (lengthscales W kappa):
  4.6738090696E-01  5.3227526053E-01  6.5749748047E+00  3.5837214984E-01  1.4000604950E+00  1.6369147720E-02
| Next sampling location (x_next, i_next):
  2.8332388370E+02  1.1408288443E+02  0.0000000000E+00

Iteration time [s]:    5.031        Total time [s]:  171.972

--------------------------------------------------------------------------------
                                BO ITERATION 49                                 
--------------------------------------------------------------------------------
| Evaluating objective function at 2.833E+02 1.141E+02 0.000E+00
| Objective function evaluated, time [s]        0.499
| Acquisition location too confident, doing pure exploration
| Data point added to dataset (x i y): 
  2.8332388370E+02  1.1408288443E+02  0.0000000000E+00       3.3818300000E+01

| Total ensemble size: 94
| Best acquisition, x_best i_best y_best:
  5.9449154678E+01  1.8036863668E+02  0.0000000000E+00       1.7482000000E+01
| Global minimum prediction, x_hat mu_hat +- nu_hat:
  5.9750179722E+01  1.8012497397E+02  0.0000000000E+00       1.7481601615E+01  8.7234520939E-09
| Global minimum convergence, d_xhat d_muhat:
  1.6895296885E+02  8.6824978303E-01

| GP model hyperparameters (lengthscales W kappa):
  4.6912073264E-01  5.3882247147E-01 -6.5222361605E+00 -3.6938252053E-01  2.8722368925E+00  1.2335321449E-02
| Next sampling location (x_next, i_next):
 -1.7407620490E+01 -9.2282657861E+00  0.0000000000E+00

Iteration time [s]:    4.823        Total time [s]:  176.798

--------------------------------------------------------------------------------
                                BO ITERATION 50                                 
--------------------------------------------------------------------------------
| Evaluating objective function at -1.741E+01 -9.228E+00 0.000E+00
| Objective function evaluated, time [s]        0.522
| Acquisition location too confident, doing pure exploration
| Data point added to dataset (x i y): 
 -1.7407620490E+01 -9.2282657861E+00  0.0000000000E+00       3.0759700000E+01

| Total ensemble size: 95
| Best acquisition, x_best i_best y_best:
  5.9449154678E+01  1.8036863668E+02  0.0000000000E+00       1.7482000000E+01
| Global minimum prediction, x_hat mu_hat +- nu_hat:
  5.9749612519E+01  1.8012510576E+02  0.0000000000E+00       1.7481602407E+01  8.6916695174E-09
| Global minimum convergence, d_xhat d_muhat:
  1.6895295375E+02  8.6824982234E-01

| GP model hyperparameters (lengthscales W kappa):
  4.6699178897E-01  5.4710702382E-01 -6.6291624452E+00 -3.7664988483E-01  2.8679488156E+00  1.1717752620E-02
| Next sampling location (x_next, i_next):
  1.5087243308E+02  8.7741060345E+01  0.0000000000E+00

Iteration time [s]:    5.011        Total time [s]:  181.811

|| Bayesian optimization completed, time [s]      181.800


--------------------------------------------------------------------------------
                        BOSS is done! Have a nice day :)                        

      Datetime 05-05-2020 08:36:34            Total time [s]      181.811       
--------------------------------------------------------------------------------
