
-----------------------------   Welcome to ....   ------------------------------
                      _______  _______ _______ _______ 
                     |   _   \|   _   |   _   |   _   |
                     |.  1   /|.  |   |   1___|   1___|
                     |.  _   \|.  |   |____   |____   |
                     |:  1    |:  1   |:  1   |:  1   |
                     |::.. .  |::.. . |::.. . |::.. . |
                     `-------'`-------`-------`-------'

                                 Version 0.9.15                                 
                              15-08-2020 00:24:10                               
--------------------------------------------------------------------------------

| Reading BOSS input file from: in_2D
| Initializing...

--------------------------------------------------------------------------------
                                   INPUT FILE                                   
--------------------------------------------------------------------------------
# input file for alanine 2D (d4-d13)

# optimization
userfn       userfn_2D.py
bounds       -50 310; -50 310
num_tasks    2
kernel       stdp
initpts      2 30
iterpts      50
verbosity    2
thetaprior gamma
thetapriorparam 2 0.019; 3.3678 9.0204; 3.3678 9.0204


RESULTS:
5.262026818544002E+01 6.592384316413219E+01 0 -2.029920690552509E+05 
-3.894892985649062E+00 5.255266900580333E+01 0 -2.029918184977626E+05 
-4.867379079176875E+01 2.551062572970260E+02 1 3.053500000000000E+01 
-2.576451409847721E+01 2.140028412141170E+02 1 2.383870000000000E+01 
1.900995527703734E+02 5.637846969016169E+00 1 1.835810000000000E+01 
3.581311940144698E+01 2.778252678026113E+02 1 3.351280000000000E+01 
1.182102623894192E+02 2.677448896400086E+02 1 3.551910000000000E+01 
9.703532215292695E+01 5.483405111098551E+01 1 3.434620000000000E+01 
7.888623899426373E+01 1.981079863223073E+02 1 1.931420000000000E+01 
1.212692553348472E+01 1.532495264131579E+02 1 2.275060000000000E+01 
1.994913971279839E+02 7.499373762575489E+01 1 3.250400000000000E+01 
4.535137297670968E+01 1.904679883546329E+02 1 1.825840000000000E+01 
-6.394861116073806E+00 1.127176832865658E+02 1 3.277710000000000E+01 
1.424414810261003E+02 1.868393324697645E+02 1 2.097030000000000E+01 
3.043353590807922E+02 1.253367483057289E+02 1 3.012330000000000E+01 
1.718306464591008E+02 9.291728467158056E+01 1 3.138170000000000E+01 
1.928908488214068E+02 8.075949265694650E+00 1 1.827350000000000E+01 
2.829357609716964E+02 -3.267933452480520E+00 1 1.852270000000000E+01 
1.969562466162141E+02 -4.837707089719309E+01 1 3.087250000000000E+01 
6.096382944843438E+01 2.369861313944480E+02 1 2.672180000000000E+01 
6.503505741024408E+01 1.787625270333537E+02 1 1.753840000000000E+01 
9.583423357501080E+01 2.419360307450773E+02 1 2.967080000000000E+01 
8.297440499365359E+01 1.605731485502531E+02 1 1.978050000000000E+01 
7.388641060270832E+01 2.695701291130589E+02 1 3.205050000000000E+01 
1.802763819146400E+02 1.724886280153546E+02 1 2.145230000000000E+01 
7.666169346935682E+01 1.930512322287283E+01 1 2.908360000000000E+01 
2.091169171652251E+02 1.585031716997296E+02 1 2.610050000000000E+01 
2.799740734918341E+02 7.224978698309029E+01 1 3.581180000000000E+01 
7.470420929523938E+01 9.051817233433573E+01 1 3.278280000000000E+01 
2.846168265739982E+02 4.109217565701550E+01 1 2.926290000000000E+01 
9.137853851698581E+01 1.162110260102985E+02 1 2.971850000000000E+01 
5.698247023167617E+00 1.856601339543762E+02 1 2.039480000000000E+01 
--------------------------------------------------------------------------------
                               SIMULATION OPTIONS                               
--------------------------------------------------------------------------------
|| File input/output 
ipfile         in_2D
userfn         userfn_2D.py
outfile        boss.out
rstfile        boss.rst

|| Key settings 
num_tasks         2
bounds         -5.000E+01 3.100E+02;    -5.000E+01 3.100E+02
kerntype       stdp stdp
yrange         -5.000E+01 3.100E+02;    -5.000E+01 3.100E+02
noise          1.000E-12
initpts    2 30    iterpts   50
gm_tol         none
verbosity      2

|| Data acquisition 
acqfn                elcb
acqtol               1.000E-03

|| GP hyperparameters 
thetainit       1.000E+00 3.142E-01
thetabounds     none
thetaprior      gamma
thetapriorpar   2.000E+00 1.900E-02;    3.368E+00 9.020E+00;    3.368E+00 9.020E+00

|| Hyperparameter optimization
updatefreq   1  initupdate      True
updateoffset 0  updaterestarts  2


--------------------------------------------------------------------------------
                              INITIAL DATAPOINT 1                               
--------------------------------------------------------------------------------
| Data point added to dataset (x i y): 
  5.2620268185E+01  6.5923843164E+01  0.0000000000E+00      -2.0299206906E+05

| Total ensemble size: 1
| Next sampling location (x_next, i_next):
 -3.8948929856E+00  5.2552669006E+01  0.0000000000E+00

Iteration time [s]:    0.001        Total time [s]:    0.109

--------------------------------------------------------------------------------
                              INITIAL DATAPOINT 2                               
--------------------------------------------------------------------------------
| Data point added to dataset (x i y): 
 -3.8948929856E+00  5.2552669006E+01  0.0000000000E+00      -2.0299181850E+05

| Total ensemble size: 2
| Next sampling location (x_next, i_next):
 -4.8673790792E+01  2.5510625730E+02  1.0000000000E+00

Iteration time [s]:    0.001        Total time [s]:    0.113

--------------------------------------------------------------------------------
                              INITIAL DATAPOINT 3                               
--------------------------------------------------------------------------------
| Data point added to dataset (x i y): 
 -4.8673790792E+01  2.5510625730E+02  1.0000000000E+00       3.0535000000E+01

| Total ensemble size: 3
| Next sampling location (x_next, i_next):
 -2.5764514098E+01  2.1400284121E+02  1.0000000000E+00

Iteration time [s]:    0.018        Total time [s]:    0.132

--------------------------------------------------------------------------------
                              INITIAL DATAPOINT 4                               
--------------------------------------------------------------------------------
| Data point added to dataset (x i y): 
 -2.5764514098E+01  2.1400284121E+02  1.0000000000E+00       2.3838700000E+01

| Total ensemble size: 4
| Next sampling location (x_next, i_next):
  1.9009955277E+02  5.6378469690E+00  1.0000000000E+00

Iteration time [s]:    0.001        Total time [s]:    0.135

--------------------------------------------------------------------------------
                              INITIAL DATAPOINT 5                               
--------------------------------------------------------------------------------
| Data point added to dataset (x i y): 
  1.9009955277E+02  5.6378469690E+00  1.0000000000E+00       1.8358100000E+01

| Total ensemble size: 5
| Next sampling location (x_next, i_next):
  3.5813119401E+01  2.7782526780E+02  1.0000000000E+00

Iteration time [s]:    0.001        Total time [s]:    0.138

--------------------------------------------------------------------------------
                              INITIAL DATAPOINT 6                               
--------------------------------------------------------------------------------
| Data point added to dataset (x i y): 
  3.5813119401E+01  2.7782526780E+02  1.0000000000E+00       3.3512800000E+01

| Total ensemble size: 6
| Next sampling location (x_next, i_next):
  1.1821026239E+02  2.6774488964E+02  1.0000000000E+00

Iteration time [s]:    0.001        Total time [s]:    0.142

--------------------------------------------------------------------------------
                              INITIAL DATAPOINT 7                               
--------------------------------------------------------------------------------
| Data point added to dataset (x i y): 
  1.1821026239E+02  2.6774488964E+02  1.0000000000E+00       3.5519100000E+01

| Total ensemble size: 7
| Next sampling location (x_next, i_next):
  9.7035322153E+01  5.4834051111E+01  1.0000000000E+00

Iteration time [s]:    0.001        Total time [s]:    0.145

--------------------------------------------------------------------------------
                              INITIAL DATAPOINT 8                               
--------------------------------------------------------------------------------
| Data point added to dataset (x i y): 
  9.7035322153E+01  5.4834051111E+01  1.0000000000E+00       3.4346200000E+01

| Total ensemble size: 8
| Next sampling location (x_next, i_next):
  7.8886238994E+01  1.9810798632E+02  1.0000000000E+00

Iteration time [s]:    0.002        Total time [s]:    0.149

--------------------------------------------------------------------------------
                              INITIAL DATAPOINT 9                               
--------------------------------------------------------------------------------
| Data point added to dataset (x i y): 
  7.8886238994E+01  1.9810798632E+02  1.0000000000E+00       1.9314200000E+01

| Total ensemble size: 9
| Next sampling location (x_next, i_next):
  1.2126925533E+01  1.5324952641E+02  1.0000000000E+00

Iteration time [s]:    0.002        Total time [s]:    0.153

--------------------------------------------------------------------------------
                              INITIAL DATAPOINT 10                              
--------------------------------------------------------------------------------
| Data point added to dataset (x i y): 
  1.2126925533E+01  1.5324952641E+02  1.0000000000E+00       2.2750600000E+01

| Total ensemble size: 10
| Next sampling location (x_next, i_next):
  1.9949139713E+02  7.4993737626E+01  1.0000000000E+00

Iteration time [s]:    0.002        Total time [s]:    0.157

--------------------------------------------------------------------------------
                              INITIAL DATAPOINT 11                              
--------------------------------------------------------------------------------
| Data point added to dataset (x i y): 
  1.9949139713E+02  7.4993737626E+01  1.0000000000E+00       3.2504000000E+01

| Total ensemble size: 11
| Next sampling location (x_next, i_next):
  4.5351372977E+01  1.9046798835E+02  1.0000000000E+00

Iteration time [s]:    0.001        Total time [s]:    0.161

--------------------------------------------------------------------------------
                              INITIAL DATAPOINT 12                              
--------------------------------------------------------------------------------
| Data point added to dataset (x i y): 
  4.5351372977E+01  1.9046798835E+02  1.0000000000E+00       1.8258400000E+01

| Total ensemble size: 12
| Next sampling location (x_next, i_next):
 -6.3948611161E+00  1.1271768329E+02  1.0000000000E+00

Iteration time [s]:    0.002        Total time [s]:    0.164

--------------------------------------------------------------------------------
                              INITIAL DATAPOINT 13                              
--------------------------------------------------------------------------------
| Data point added to dataset (x i y): 
 -6.3948611161E+00  1.1271768329E+02  1.0000000000E+00       3.2777100000E+01

| Total ensemble size: 13
| Next sampling location (x_next, i_next):
  1.4244148103E+02  1.8683933247E+02  1.0000000000E+00

Iteration time [s]:    0.001        Total time [s]:    0.167

--------------------------------------------------------------------------------
                              INITIAL DATAPOINT 14                              
--------------------------------------------------------------------------------
| Data point added to dataset (x i y): 
  1.4244148103E+02  1.8683933247E+02  1.0000000000E+00       2.0970300000E+01

| Total ensemble size: 14
| Next sampling location (x_next, i_next):
  3.0433535908E+02  1.2533674831E+02  1.0000000000E+00

Iteration time [s]:    0.001        Total time [s]:    0.170

--------------------------------------------------------------------------------
                              INITIAL DATAPOINT 15                              
--------------------------------------------------------------------------------
| Data point added to dataset (x i y): 
  3.0433535908E+02  1.2533674831E+02  1.0000000000E+00       3.0123300000E+01

| Total ensemble size: 15
| Next sampling location (x_next, i_next):
  1.7183064646E+02  9.2917284672E+01  1.0000000000E+00

Iteration time [s]:    0.002        Total time [s]:    0.175

--------------------------------------------------------------------------------
                              INITIAL DATAPOINT 16                              
--------------------------------------------------------------------------------
| Data point added to dataset (x i y): 
  1.7183064646E+02  9.2917284672E+01  1.0000000000E+00       3.1381700000E+01

| Total ensemble size: 16
| Next sampling location (x_next, i_next):
  1.9289084882E+02  8.0759492657E+00  1.0000000000E+00

Iteration time [s]:    0.002        Total time [s]:    0.178

--------------------------------------------------------------------------------
                              INITIAL DATAPOINT 17                              
--------------------------------------------------------------------------------
| Data point added to dataset (x i y): 
  1.9289084882E+02  8.0759492657E+00  1.0000000000E+00       1.8273500000E+01

| Total ensemble size: 17
| Next sampling location (x_next, i_next):
  2.8293576097E+02 -3.2679334525E+00  1.0000000000E+00

Iteration time [s]:    0.001        Total time [s]:    0.181

--------------------------------------------------------------------------------
                              INITIAL DATAPOINT 18                              
--------------------------------------------------------------------------------
| Data point added to dataset (x i y): 
  2.8293576097E+02 -3.2679334525E+00  1.0000000000E+00       1.8522700000E+01

| Total ensemble size: 18
| Next sampling location (x_next, i_next):
  1.9695624662E+02 -4.8377070897E+01  1.0000000000E+00

Iteration time [s]:    0.002        Total time [s]:    0.184

--------------------------------------------------------------------------------
                              INITIAL DATAPOINT 19                              
--------------------------------------------------------------------------------
| Data point added to dataset (x i y): 
  1.9695624662E+02 -4.8377070897E+01  1.0000000000E+00       3.0872500000E+01

| Total ensemble size: 19
| Next sampling location (x_next, i_next):
  6.0963829448E+01  2.3698613139E+02  1.0000000000E+00

Iteration time [s]:    0.002        Total time [s]:    0.187

--------------------------------------------------------------------------------
                              INITIAL DATAPOINT 20                              
--------------------------------------------------------------------------------
| Data point added to dataset (x i y): 
  6.0963829448E+01  2.3698613139E+02  1.0000000000E+00       2.6721800000E+01

| Total ensemble size: 20
| Next sampling location (x_next, i_next):
  6.5035057410E+01  1.7876252703E+02  1.0000000000E+00

Iteration time [s]:    0.002        Total time [s]:    0.189

--------------------------------------------------------------------------------
                              INITIAL DATAPOINT 21                              
--------------------------------------------------------------------------------
| Data point added to dataset (x i y): 
  6.5035057410E+01  1.7876252703E+02  1.0000000000E+00       1.7538400000E+01

| Total ensemble size: 21
| Next sampling location (x_next, i_next):
  9.5834233575E+01  2.4193603075E+02  1.0000000000E+00

Iteration time [s]:    0.002        Total time [s]:    0.194

--------------------------------------------------------------------------------
                              INITIAL DATAPOINT 22                              
--------------------------------------------------------------------------------
| Data point added to dataset (x i y): 
  9.5834233575E+01  2.4193603075E+02  1.0000000000E+00       2.9670800000E+01

| Total ensemble size: 22
| Next sampling location (x_next, i_next):
  8.2974404994E+01  1.6057314855E+02  1.0000000000E+00

Iteration time [s]:    0.001        Total time [s]:    0.196

--------------------------------------------------------------------------------
                              INITIAL DATAPOINT 23                              
--------------------------------------------------------------------------------
| Data point added to dataset (x i y): 
  8.2974404994E+01  1.6057314855E+02  1.0000000000E+00       1.9780500000E+01

| Total ensemble size: 23
| Next sampling location (x_next, i_next):
  7.3886410603E+01  2.6957012911E+02  1.0000000000E+00

Iteration time [s]:    0.002        Total time [s]:    0.200

--------------------------------------------------------------------------------
                              INITIAL DATAPOINT 24                              
--------------------------------------------------------------------------------
| Data point added to dataset (x i y): 
  7.3886410603E+01  2.6957012911E+02  1.0000000000E+00       3.2050500000E+01

| Total ensemble size: 24
| Next sampling location (x_next, i_next):
  1.8027638191E+02  1.7248862802E+02  1.0000000000E+00

Iteration time [s]:    0.001        Total time [s]:    0.203

--------------------------------------------------------------------------------
                              INITIAL DATAPOINT 25                              
--------------------------------------------------------------------------------
| Data point added to dataset (x i y): 
  1.8027638191E+02  1.7248862802E+02  1.0000000000E+00       2.1452300000E+01

| Total ensemble size: 25
| Next sampling location (x_next, i_next):
  7.6661693469E+01  1.9305123223E+01  1.0000000000E+00

Iteration time [s]:    0.001        Total time [s]:    0.207

--------------------------------------------------------------------------------
                              INITIAL DATAPOINT 26                              
--------------------------------------------------------------------------------
| Data point added to dataset (x i y): 
  7.6661693469E+01  1.9305123223E+01  1.0000000000E+00       2.9083600000E+01

| Total ensemble size: 26
| Next sampling location (x_next, i_next):
  2.0911691717E+02  1.5850317170E+02  1.0000000000E+00

Iteration time [s]:    0.002        Total time [s]:    0.211

--------------------------------------------------------------------------------
                              INITIAL DATAPOINT 27                              
--------------------------------------------------------------------------------
| Data point added to dataset (x i y): 
  2.0911691717E+02  1.5850317170E+02  1.0000000000E+00       2.6100500000E+01

| Total ensemble size: 27
| Next sampling location (x_next, i_next):
  2.7997407349E+02  7.2249786983E+01  1.0000000000E+00

Iteration time [s]:    0.001        Total time [s]:    0.214

--------------------------------------------------------------------------------
                              INITIAL DATAPOINT 28                              
--------------------------------------------------------------------------------
| Data point added to dataset (x i y): 
  2.7997407349E+02  7.2249786983E+01  1.0000000000E+00       3.5811800000E+01

| Total ensemble size: 28
| Next sampling location (x_next, i_next):
  7.4704209295E+01  9.0518172334E+01  1.0000000000E+00

Iteration time [s]:    0.001        Total time [s]:    0.216

--------------------------------------------------------------------------------
                              INITIAL DATAPOINT 29                              
--------------------------------------------------------------------------------
| Data point added to dataset (x i y): 
  7.4704209295E+01  9.0518172334E+01  1.0000000000E+00       3.2782800000E+01

| Total ensemble size: 29
| Next sampling location (x_next, i_next):
  2.8461682657E+02  4.1092175657E+01  1.0000000000E+00

Iteration time [s]:    0.001        Total time [s]:    0.220

--------------------------------------------------------------------------------
                              INITIAL DATAPOINT 30                              
--------------------------------------------------------------------------------
| Data point added to dataset (x i y): 
  2.8461682657E+02  4.1092175657E+01  1.0000000000E+00       2.9262900000E+01

| Total ensemble size: 30
| Next sampling location (x_next, i_next):
  9.1378538517E+01  1.1621102601E+02  1.0000000000E+00

Iteration time [s]:    0.001        Total time [s]:    0.223

--------------------------------------------------------------------------------
                              INITIAL DATAPOINT 31                              
--------------------------------------------------------------------------------
| Data point added to dataset (x i y): 
  9.1378538517E+01  1.1621102601E+02  1.0000000000E+00       2.9718500000E+01

| Total ensemble size: 31
| Next sampling location (x_next, i_next):
  5.6982470232E+00  1.8566013395E+02  1.0000000000E+00

Iteration time [s]:    0.002        Total time [s]:    0.226

--------------------------------------------------------------------------------
                              INITIAL DATAPOINT 32                              
--------------------------------------------------------------------------------
| Data point added to dataset (x i y): 
  5.6982470232E+00  1.8566013395E+02  1.0000000000E+00       2.0394800000E+01

| Total ensemble size: 32
| Best acquisition, x_best i_best y_best:
  5.2620268185E+01  6.5923843164E+01  0.0000000000E+00      -2.0299206906E+05
| Global minimum prediction, x_hat mu_hat +- nu_hat:
  8.5952459529E+01  7.9973605700E+01  0.0000000000E+00      -2.0299213527E+05  1.1230745496E-02

| GP model hyperparameters (lengthscales W kappa):
  6.5482820227E-01  3.8118638708E-01 -9.1470265988E-03  5.5073364768E+00  5.9103148403E-02  1.9683554806E+00
| Next sampling location (x_next, i_next):
  1.2717252221E+02  1.2855882961E+02  0.0000000000E+00

Iteration time [s]:    1.119        Total time [s]:    1.347

--------------------------------------------------------------------------------
                                 BO ITERATION 1                                 
--------------------------------------------------------------------------------
| Evaluating objective function at 1.272E+02 1.286E+02 0.000E+00
| Objective function evaluated, time [s]       33.757
| Data point added to dataset (x i y): 
  1.2717252221E+02  1.2855882961E+02  0.0000000000E+00      -2.0299754461E+05

| Total ensemble size: 33
| Best acquisition, x_best i_best y_best:
  1.2717252221E+02  1.2855882961E+02  0.0000000000E+00      -2.0299754461E+05
| Global minimum prediction, x_hat mu_hat +- nu_hat:
  1.2196540583E+02  1.5638437923E+02  0.0000000000E+00      -2.0299837114E+05  1.7869775097E+00
| Global minimum convergence, d_xhat d_muhat:
  8.4472117367E+01  3.4125399043E-01

| GP model hyperparameters (lengthscales W kappa):
  6.7252706152E-01  3.8252610876E-01  1.4860373211E+00  5.7300575472E+00  5.5193955408E+00  4.2601257013E-01
| Next sampling location (x_next, i_next):
  6.4432494809E+01  1.7964106178E+02  0.0000000000E+00

Iteration time [s]:   34.916        Total time [s]:   36.263

--------------------------------------------------------------------------------
                                 BO ITERATION 2                                 
--------------------------------------------------------------------------------
| Evaluating objective function at 6.443E+01 1.796E+02 0.000E+00
| Objective function evaluated, time [s]       23.095
| Data point added to dataset (x i y): 
  6.4432494809E+01  1.7964106178E+02  0.0000000000E+00      -2.0300963533E+05

| Total ensemble size: 34
| Best acquisition, x_best i_best y_best:
  6.4432494809E+01  1.7964106178E+02  0.0000000000E+00      -2.0300963533E+05
| Global minimum prediction, x_hat mu_hat +- nu_hat:
  5.9912974463E+01  1.8032808755E+02  0.0000000000E+00      -2.0300968228E+05  6.4476270426E-04
| Global minimum convergence, d_xhat d_muhat:
  6.6511693759E+01  5.4018619737E-01

| GP model hyperparameters (lengthscales W kappa):
  6.6660569017E-01  5.2931582731E-01  9.5861717194E+00  7.4475804656E+00  3.8958864493E-27  8.3253498043E-12
| Next sampling location (x_next, i_next):
  2.6973658843E+02  1.9827008129E+02  0.0000000000E+00

Iteration time [s]:   24.383        Total time [s]:   60.647

--------------------------------------------------------------------------------
                                 BO ITERATION 3                                 
--------------------------------------------------------------------------------
| Evaluating objective function at 2.697E+02 1.983E+02 0.000E+00
| Objective function evaluated, time [s]       21.799
| Data point added to dataset (x i y): 
  2.6973658843E+02  1.9827008129E+02  0.0000000000E+00      -2.0300570458E+05

| Total ensemble size: 35
| Best acquisition, x_best i_best y_best:
  6.4432494809E+01  1.7964106178E+02  0.0000000000E+00      -2.0300963533E+05
| Global minimum prediction, x_hat mu_hat +- nu_hat:
  6.0433294973E+01  1.8002734727E+02  0.0000000000E+00      -2.0300966397E+05  4.9603802178E-04
| Global minimum convergence, d_xhat d_muhat:
  6.0098099016E-01  9.4630082833E-04

| GP model hyperparameters (lengthscales W kappa):
  6.9174837566E-01  4.8616007529E-01  7.6649129070E+00  6.8713373049E+00  1.1161938625E-13  5.4744945668E-12
| Next sampling location (x_next, i_next):
  2.1072301296E+02  2.1467185034E+02  0.0000000000E+00

Iteration time [s]:   22.970        Total time [s]:   83.618

--------------------------------------------------------------------------------
                                 BO ITERATION 4                                 
--------------------------------------------------------------------------------
| Evaluating objective function at 2.107E+02 2.147E+02 0.000E+00
| Objective function evaluated, time [s]       21.873
| Data point added to dataset (x i y): 
  2.1072301296E+02  2.1467185034E+02  0.0000000000E+00      -2.0300121878E+05

| Total ensemble size: 36
| Best acquisition, x_best i_best y_best:
  6.4432494809E+01  1.7964106178E+02  0.0000000000E+00      -2.0300963533E+05
| Global minimum prediction, x_hat mu_hat +- nu_hat:
  6.0290410186E+01  1.7985192774E+02  0.0000000000E+00      -2.0300966485E+05  4.8934039896E-04
| Global minimum convergence, d_xhat d_muhat:
  2.2624781084E-01  4.6194644099E-05

| GP model hyperparameters (lengthscales W kappa):
  6.8949737414E-01  4.9999878678E-01  7.5902291285E+00  7.0157668745E+00  2.3316591679E-11  5.0666915652E-28
| Next sampling location (x_next, i_next):
  2.3813108886E+02 -5.0183677288E+00  0.0000000000E+00

Iteration time [s]:   23.123        Total time [s]:  106.743

--------------------------------------------------------------------------------
                                 BO ITERATION 5                                 
--------------------------------------------------------------------------------
| Evaluating objective function at 2.381E+02 -5.018E+00 0.000E+00
| Objective function evaluated, time [s]       23.162
| Data point added to dataset (x i y): 
  2.3813108886E+02 -5.0183677288E+00  0.0000000000E+00      -2.0301208800E+05

| Total ensemble size: 37
| Best acquisition, x_best i_best y_best:
  2.3813108886E+02 -5.0183677288E+00  0.0000000000E+00      -2.0301208800E+05
| Global minimum prediction, x_hat mu_hat +- nu_hat:
  2.3587314336E+02 -9.2151290591E-01  0.0000000000E+00      -2.0301222685E+05  4.0681020209E-02
| Global minimum convergence, d_xhat d_muhat:
  2.5200859714E+02  1.2639695487E-01

| GP model hyperparameters (lengthscales W kappa):
  7.4661850370E-01  3.3596489134E-01  5.2234014242E+00  5.8698260379E+00  2.3316570514E-11  5.0666915652E-28
| Next sampling location (x_next, i_next):
  2.4321757033E+02  6.2124034312E+00  0.0000000000E+00

Iteration time [s]:   24.550        Total time [s]:  131.295

--------------------------------------------------------------------------------
                                 BO ITERATION 6                                 
--------------------------------------------------------------------------------
| Evaluating objective function at 2.432E+02 6.212E+00 0.000E+00
| Objective function evaluated, time [s]       23.092
| Data point added to dataset (x i y): 
  2.4321757033E+02  6.2124034312E+00  0.0000000000E+00      -2.0301191768E+05

| Total ensemble size: 38
| Best acquisition, x_best i_best y_best:
  2.3813108886E+02 -5.0183677288E+00  0.0000000000E+00      -2.0301208800E+05
| Global minimum prediction, x_hat mu_hat +- nu_hat:
  2.3466376326E+02  3.6305785480E-01  0.0000000000E+00      -2.0301229084E+05  2.0532989524E-02
| Global minimum convergence, d_xhat d_muhat:
  1.7642908646E+00  3.1569537289E-03

| GP model hyperparameters (lengthscales W kappa):
  7.4873972670E-01  3.6127755904E-01 -5.6249712597E+00 -5.6164235408E+00  7.7130190019E-01  1.9662965172E+00
| Next sampling location (x_next, i_next):
 -1.9920192781E+01 -1.5243075423E+01  0.0000000000E+00

Iteration time [s]:   24.354        Total time [s]:  155.650

--------------------------------------------------------------------------------
                                 BO ITERATION 7                                 
--------------------------------------------------------------------------------
| Evaluating objective function at -1.992E+01 -1.524E+01 0.000E+00
| Objective function evaluated, time [s]       23.191
| Data point added to dataset (x i y): 
 -1.9920192781E+01 -1.5243075423E+01  0.0000000000E+00      -2.0299464234E+05

| Total ensemble size: 39
| Best acquisition, x_best i_best y_best:
  2.3813108886E+02 -5.0183677288E+00  0.0000000000E+00      -2.0301208800E+05
| Global minimum prediction, x_hat mu_hat +- nu_hat:
  2.3875903729E+02  3.7382173199E-03  0.0000000000E+00      -2.0301231018E+05  4.2484842191E-03
| Global minimum convergence, d_xhat d_muhat:
  4.1110071692E+00  9.5385584753E-04

| GP model hyperparameters (lengthscales W kappa):
  7.0259312533E-01  3.8066853747E-01 -6.3208663477E+00 -6.0386526847E+00  7.8748483236E-01  1.9929550386E+00
| Next sampling location (x_next, i_next):
  2.0534207158E+02  3.7834683228E+00  0.0000000000E+00

Iteration time [s]:   24.577        Total time [s]:  180.229

--------------------------------------------------------------------------------
                                 BO ITERATION 8                                 
--------------------------------------------------------------------------------
| Evaluating objective function at 2.053E+02 3.783E+00 0.000E+00
| Objective function evaluated, time [s]       23.132
| Data point added to dataset (x i y): 
  2.0534207158E+02  3.7834683228E+00  0.0000000000E+00      -2.0301088963E+05

| Total ensemble size: 40
| Best acquisition, x_best i_best y_best:
  2.3813108886E+02 -5.0183677288E+00  0.0000000000E+00      -2.0301208800E+05
| Global minimum prediction, x_hat mu_hat +- nu_hat:
  2.3662222080E+02  2.5474654717E-01  0.0000000000E+00      -2.0301231965E+05  8.1878187777E-03
| Global minimum convergence, d_xhat d_muhat:
  2.1515087484E+00  4.6720266704E-04

| GP model hyperparameters (lengthscales W kappa):
  7.0898502252E-01  3.9667503344E-01  6.4998869850E+00  6.1714202606E+00  2.8412948237E+00  2.3783227848E+00
| Next sampling location (x_next, i_next):
 -4.0679692274E+01  1.7179597171E+02  0.0000000000E+00

Iteration time [s]:   24.555        Total time [s]:  204.785

--------------------------------------------------------------------------------
                                 BO ITERATION 9                                 
--------------------------------------------------------------------------------
| Evaluating objective function at -4.068E+01 1.718E+02 0.000E+00
| Objective function evaluated, time [s]       23.969
| Data point added to dataset (x i y): 
 -4.0679692274E+01  1.7179597171E+02  0.0000000000E+00      -2.0300812897E+05

| Total ensemble size: 41
| Best acquisition, x_best i_best y_best:
  2.3813108886E+02 -5.0183677288E+00  0.0000000000E+00      -2.0301208800E+05
| Global minimum prediction, x_hat mu_hat +- nu_hat:
  2.3908189149E+02 -9.6178599585E-02  0.0000000000E+00      -2.0301227923E+05  2.3521528627E-03
| Global minimum convergence, d_xhat d_muhat:
  2.4845781092E+00  1.9597895938E-03

| GP model hyperparameters (lengthscales W kappa):
  6.8140272408E-01  4.8759754434E-01  7.4468935722E+00  7.0020037755E+00  3.8515457311E+00  3.4190603919E+00
| Next sampling location (x_next, i_next):
  1.6729315171E+02  1.7839785990E+02  0.0000000000E+00

Iteration time [s]:   25.307        Total time [s]:  230.092

--------------------------------------------------------------------------------
                                BO ITERATION 10                                 
--------------------------------------------------------------------------------
| Evaluating objective function at 1.673E+02 1.784E+02 0.000E+00
| Objective function evaluated, time [s]       21.790
| Data point added to dataset (x i y): 
  1.6729315171E+02  1.7839785990E+02  0.0000000000E+00      -2.0300798702E+05

| Total ensemble size: 42
| Best acquisition, x_best i_best y_best:
  2.3813108886E+02 -5.0183677288E+00  0.0000000000E+00      -2.0301208800E+05
| Global minimum prediction, x_hat mu_hat +- nu_hat:
  2.4218350559E+02 -7.0097410637E-01  0.0000000000E+00      -2.0301227659E+05  2.6854853219E-03
| Global minimum convergence, d_xhat d_muhat:
  3.1600296838E+00  1.2537178707E-04

| GP model hyperparameters (lengthscales W kappa):
  6.8393747228E-01  5.4242217482E-01  8.4543397675E+00  7.6710183303E+00  2.3332521823E+00  4.9055637427E+00
| Next sampling location (x_next, i_next):
  6.7630188731E+00  1.9711411044E+02  0.0000000000E+00

Iteration time [s]:   23.077        Total time [s]:  253.170

--------------------------------------------------------------------------------
                                BO ITERATION 11                                 
--------------------------------------------------------------------------------
| Evaluating objective function at 6.763E+00 1.971E+02 0.000E+00
| Objective function evaluated, time [s]       23.997
| Data point added to dataset (x i y): 
  6.7630188731E+00  1.9711411044E+02  0.0000000000E+00      -2.0300650982E+05

| Total ensemble size: 43
| Best acquisition, x_best i_best y_best:
  2.3813108886E+02 -5.0183677288E+00  0.0000000000E+00      -2.0301208800E+05
| Global minimum prediction, x_hat mu_hat +- nu_hat:
  2.4354283419E+02 -9.9507409802E-01  0.0000000000E+00      -2.0301228767E+05  6.7667523189E-03
| Global minimum convergence, d_xhat d_muhat:
  1.3907800112E+00  5.2175293489E-04

| GP model hyperparameters (lengthscales W kappa):
  7.0208423139E-01  5.7975953611E-01  9.2686422505E+00  8.3254732584E+00  2.4244647744E+00  5.0230864526E+00
| Next sampling location (x_next, i_next):
  1.6689890292E+02  1.3067460419E+01  0.0000000000E+00

Iteration time [s]:   25.382        Total time [s]:  278.553

--------------------------------------------------------------------------------
                                BO ITERATION 12                                 
--------------------------------------------------------------------------------
| Evaluating objective function at 1.669E+02 1.307E+01 0.000E+00
| Objective function evaluated, time [s]       23.136
| Data point added to dataset (x i y): 
  1.6689890292E+02  1.3067460419E+01  0.0000000000E+00      -2.0300417591E+05

| Total ensemble size: 44
| Best acquisition, x_best i_best y_best:
  2.3813108886E+02 -5.0183677288E+00  0.0000000000E+00      -2.0301208800E+05
| Global minimum prediction, x_hat mu_hat +- nu_hat:
  2.3468072494E+02  5.5189127495E-01  0.0000000000E+00      -2.0301234098E+05  8.2760113024E-03
| Global minimum convergence, d_xhat d_muhat:
  8.9961148370E+00  2.5066164663E-03

| GP model hyperparameters (lengthscales W kappa):
  7.3072440537E-01  5.4886660231E-01 -9.0310615941E+00 -8.0492395769E+00  4.7686481535E+00  4.8301749870E+00
| Next sampling location (x_next, i_next):
  2.6619324270E+02 -3.7525950475E+00  0.0000000000E+00

Iteration time [s]:   24.414        Total time [s]:  302.967

--------------------------------------------------------------------------------
                                BO ITERATION 13                                 
--------------------------------------------------------------------------------
| Evaluating objective function at 2.662E+02 -3.753E+00 0.000E+00
| Objective function evaluated, time [s]       23.183
| Data point added to dataset (x i y): 
  2.6619324270E+02 -3.7525950475E+00  0.0000000000E+00      -2.0301145467E+05

| Total ensemble size: 45
| Best acquisition, x_best i_best y_best:
  2.3813108886E+02 -5.0183677288E+00  0.0000000000E+00      -2.0301208800E+05
| Global minimum prediction, x_hat mu_hat +- nu_hat:
  2.4229793776E+02 -6.2399876554E-01  0.0000000000E+00      -2.0301228409E+05  8.5306231928E-04
| Global minimum convergence, d_xhat d_muhat:
  7.7074411191E+00  2.6129233936E-03

| GP model hyperparameters (lengthscales W kappa):
  7.3711574705E-01  6.1432736362E-01  1.0634009480E+01  8.9814340628E+00  5.5295445176E-01  8.3518728481E+00
| Next sampling location (x_next, i_next):
  2.4708117906E+02 -1.0652508315E+00  0.0000000000E+00

Iteration time [s]:   24.618        Total time [s]:  327.587

--------------------------------------------------------------------------------
                                BO ITERATION 14                                 
--------------------------------------------------------------------------------
| Evaluating objective function at 2.471E+02 -1.065E+00 0.000E+00
| Objective function evaluated, time [s]       23.166
| Data point added to dataset (x i y): 
  2.4708117906E+02 -1.0652508315E+00  0.0000000000E+00      -2.0301228749E+05

| Total ensemble size: 46
| Best acquisition, x_best i_best y_best:
  2.4708117906E+02 -1.0652508315E+00  0.0000000000E+00      -2.0301228749E+05
| Global minimum prediction, x_hat mu_hat +- nu_hat:
  2.4317607030E+02 -6.9081367797E-01  0.0000000000E+00      -2.0301230596E+05  1.3938846383E-04
| Global minimum convergence, d_xhat d_muhat:
  8.8067075617E-01  9.8202676242E-04

| GP model hyperparameters (lengthscales W kappa):
  7.6331018236E-01  6.2883381204E-01  1.1234912156E+01  9.7595406686E+00  7.9736212985E+00  3.0600347062E+00
| Next sampling location (x_next, i_next):
  2.3745973984E+02  2.8793251498E-01  0.0000000000E+00

Iteration time [s]:   24.613        Total time [s]:  352.202

--------------------------------------------------------------------------------
                                BO ITERATION 15                                 
--------------------------------------------------------------------------------
| Evaluating objective function at 2.375E+02 2.879E-01 0.000E+00
| Objective function evaluated, time [s]       23.396
| Data point added to dataset (x i y): 
  2.3745973984E+02  2.8793251498E-01  0.0000000000E+00      -2.0301237160E+05

| Total ensemble size: 47
| Best acquisition, x_best i_best y_best:
  2.3745973984E+02  2.8793251498E-01  0.0000000000E+00      -2.0301237160E+05
| Global minimum prediction, x_hat mu_hat +- nu_hat:
  2.3828581292E+02  1.7200585949E-01  0.0000000000E+00      -2.0301237236E+05  1.8743501142E-07
| Global minimum convergence, d_xhat d_muhat:
  4.9657904536E+00  2.9247707382E-03

| GP model hyperparameters (lengthscales W kappa):
  7.5157859072E-01  5.4828564753E-01  1.1202617811E+01  8.4079744816E+00  8.4197405721E+00  3.7067550076E+00
| Next sampling location (x_next, i_next):
  2.3695896625E+02 -2.8952768150E-01  0.0000000000E+00

Iteration time [s]:   24.793        Total time [s]:  376.995

--------------------------------------------------------------------------------
                                BO ITERATION 16                                 
--------------------------------------------------------------------------------
| Evaluating objective function at 2.370E+02 -2.895E-01 0.000E+00
| Objective function evaluated, time [s]       23.168
| Data point added to dataset (x i y): 
  2.3695896625E+02 -2.8952768150E-01  0.0000000000E+00      -2.0301236124E+05

| Total ensemble size: 48
| Best acquisition, x_best i_best y_best:
  2.3745973984E+02  2.8793251498E-01  0.0000000000E+00      -2.0301237160E+05
| Global minimum prediction, x_hat mu_hat +- nu_hat:
  2.3789801519E+02  5.8863691739E-01  0.0000000000E+00      -2.0301237328E+05  4.0466351958E-08
| Global minimum convergence, d_xhat d_muhat:
  5.6918232299E-01  3.9715213378E-05

| GP model hyperparameters (lengthscales W kappa):
  7.1019094762E-01  5.5121339375E-01  1.1360668381E+01  7.6791293096E+00  9.9523776978E+00  6.6829302231E+00
| Next sampling location (x_next, i_next):
  3.5243463299E+01  1.6055945129E+02  0.0000000000E+00

Iteration time [s]:   24.622        Total time [s]:  401.618

--------------------------------------------------------------------------------
                                BO ITERATION 17                                 
--------------------------------------------------------------------------------
| Evaluating objective function at 3.524E+01 1.606E+02 0.000E+00
| Objective function evaluated, time [s]       23.044
| Data point added to dataset (x i y): 
  3.5243463299E+01  1.6055945129E+02  0.0000000000E+00      -2.0300693736E+05

| Total ensemble size: 49
| Best acquisition, x_best i_best y_best:
  2.3745973984E+02  2.8793251498E-01  0.0000000000E+00      -2.0301237160E+05
| Global minimum prediction, x_hat mu_hat +- nu_hat:
  2.3790186662E+02  5.8743273806E-01  0.0000000000E+00      -2.0301237328E+05  4.0165451320E-08
| Global minimum convergence, d_xhat d_muhat:
  4.0352934936E-03  3.3904290496E-08

| GP model hyperparameters (lengthscales W kappa):
  7.1670584016E-01  5.5603422343E-01  1.1523980891E+01  7.8681112401E+00  9.7121658918E+00  6.1620715099E+00
| Next sampling location (x_next, i_next):
  2.3559459044E+02  1.3558231301E+00  0.0000000000E+00

Iteration time [s]:   24.691        Total time [s]:  426.309

--------------------------------------------------------------------------------
                                BO ITERATION 18                                 
--------------------------------------------------------------------------------
| Evaluating objective function at 2.356E+02 1.356E+00 0.000E+00
| Objective function evaluated, time [s]       23.262
| Data point added to dataset (x i y): 
  2.3559459044E+02  1.3558231301E+00  0.0000000000E+00      -2.0301237048E+05

| Total ensemble size: 50
| Best acquisition, x_best i_best y_best:
  2.3745973984E+02  2.8793251498E-01  0.0000000000E+00      -2.0301237160E+05
| Global minimum prediction, x_hat mu_hat +- nu_hat:
  2.3734011002E+02  7.6316791634E-01  0.0000000000E+00      -2.0301237344E+05  2.2233597985E-08
| Global minimum convergence, d_xhat d_muhat:
  5.8860286291E-01  6.7288374328E-06

| GP model hyperparameters (lengthscales W kappa):
  7.1060166903E-01  5.5477538270E-01  1.1300402834E+01  7.6550689190E+00  1.0428067605E+01  7.4915460750E+00
| Next sampling location (x_next, i_next):
 -5.0000000000E+01  2.0718712379E+02  0.0000000000E+00

Iteration time [s]:   24.816        Total time [s]:  451.125

--------------------------------------------------------------------------------
                                BO ITERATION 19                                 
--------------------------------------------------------------------------------
| Evaluating objective function at -5.000E+01 2.072E+02 0.000E+00
| Objective function evaluated, time [s]       22.876
| Data point added to dataset (x i y): 
 -5.0000000000E+01  2.0718712379E+02  0.0000000000E+00      -2.0300468585E+05

| Total ensemble size: 51
| Best acquisition, x_best i_best y_best:
  2.3745973984E+02  2.8793251498E-01  0.0000000000E+00      -2.0301237160E+05
| Global minimum prediction, x_hat mu_hat +- nu_hat:
  2.3734164342E+02  7.6250756364E-01  0.0000000000E+00      -2.0301237343E+05  2.2910731001E-08
| Global minimum convergence, d_xhat d_muhat:
  1.6695428103E-03  3.1176135809E-07

| GP model hyperparameters (lengthscales W kappa):
  7.0248544605E-01  5.2758543253E-01 -1.1080223436E+01 -6.8547269236E+00  8.8851403254E-01  1.2157073069E+01
| Next sampling location (x_next, i_next):
  2.0689311982E+02  1.6908974081E+02  0.0000000000E+00

Iteration time [s]:   24.531        Total time [s]:  475.657

--------------------------------------------------------------------------------
                                BO ITERATION 20                                 
--------------------------------------------------------------------------------
| Evaluating objective function at 2.069E+02 1.691E+02 0.000E+00
| Objective function evaluated, time [s]       22.992
| Acquisition location too confident, doing pure exploration
| Data point added to dataset (x i y): 
  2.0689311982E+02  1.6908974081E+02  0.0000000000E+00      -2.0300671243E+05

| Total ensemble size: 52
| Best acquisition, x_best i_best y_best:
  2.3745973984E+02  2.8793251498E-01  0.0000000000E+00      -2.0301237160E+05
| Global minimum prediction, x_hat mu_hat +- nu_hat:
  2.3734369655E+02  7.6179229539E-01  0.0000000000E+00      -2.0301237343E+05  2.2766007657E-08
| Global minimum convergence, d_xhat d_muhat:
  2.1741538022E-03  1.4992633648E-07

| GP model hyperparameters (lengthscales W kappa):
  7.0690744061E-01  5.2831669382E-01 -1.0778580076E+01 -7.0363576624E+00  5.9933847640E+00  1.0355311503E+01
| Next sampling location (x_next, i_next):
  9.3174062732E+01 -4.0701904084E+01  0.0000000000E+00

Iteration time [s]:   25.169        Total time [s]:  500.829

--------------------------------------------------------------------------------
                                BO ITERATION 21                                 
--------------------------------------------------------------------------------
| Evaluating objective function at 9.317E+01 -4.070E+01 0.000E+00
| Objective function evaluated, time [s]       23.219
| Data point added to dataset (x i y): 
  9.3174062732E+01 -4.0701904084E+01  0.0000000000E+00      -2.0299719784E+05

| Total ensemble size: 53
| Best acquisition, x_best i_best y_best:
  2.3745973984E+02  2.8793251498E-01  0.0000000000E+00      -2.0301237160E+05
| Global minimum prediction, x_hat mu_hat +- nu_hat:
  2.3732930010E+02  7.6922389075E-01  0.0000000000E+00      -2.0301237347E+05  2.3317687248E-08
| Global minimum convergence, d_xhat d_muhat:
  1.6201425820E-02  1.7625520465E-06

| GP model hyperparameters (lengthscales W kappa):
  6.6951628616E-01  4.9019382129E-01 -9.6704791367E+00 -6.3208515455E+00  2.1471643459E+00  9.9595792370E+00
| Next sampling location (x_next, i_next):
  6.6707893610E+01  2.1315428096E+02  0.0000000000E+00

Iteration time [s]:   24.949        Total time [s]:  525.779

--------------------------------------------------------------------------------
                                BO ITERATION 22                                 
--------------------------------------------------------------------------------
| Evaluating objective function at 6.671E+01 2.132E+02 0.000E+00
| Objective function evaluated, time [s]       21.896
| Acquisition location too confident, doing pure exploration
| Data point added to dataset (x i y): 
  6.6707893610E+01  2.1315428096E+02  0.0000000000E+00      -2.0300395261E+05

| Total ensemble size: 54
| Best acquisition, x_best i_best y_best:
  2.3745973984E+02  2.8793251498E-01  0.0000000000E+00      -2.0301237160E+05
| Global minimum prediction, x_hat mu_hat +- nu_hat:
  2.3732915281E+02  7.6908490662E-01  0.0000000000E+00      -2.0301237347E+05  2.3576339014E-08
| Global minimum convergence, d_xhat d_muhat:
  2.0251677687E-04  5.3915991170E-08

| GP model hyperparameters (lengthscales W kappa):
  6.7996040757E-01  4.8490689470E-01 -1.0003006945E+01 -6.4060650192E+00  2.1773999822E+00  9.3061152761E+00
| Next sampling location (x_next, i_next):
  2.3455624647E+02  2.7028568330E+02  0.0000000000E+00

Iteration time [s]:   24.133        Total time [s]:  549.912

--------------------------------------------------------------------------------
                                BO ITERATION 23                                 
--------------------------------------------------------------------------------
| Evaluating objective function at 2.346E+02 2.703E+02 0.000E+00
| Objective function evaluated, time [s]       23.142
| Acquisition location too confident, doing pure exploration
| Data point added to dataset (x i y): 
  2.3455624647E+02  2.7028568330E+02  0.0000000000E+00      -2.0298844703E+05

| Total ensemble size: 55
| Best acquisition, x_best i_best y_best:
  2.3745973984E+02  2.8793251498E-01  0.0000000000E+00      -2.0301237160E+05
| Global minimum prediction, x_hat mu_hat +- nu_hat:
  2.3732759263E+02  7.6979129583E-01  0.0000000000E+00      -2.0301237347E+05  2.3021774620E-08
| Global minimum convergence, d_xhat d_muhat:
  1.7126439413E-03  1.4446379149E-07

| GP model hyperparameters (lengthscales W kappa):
  6.7222111512E-01  4.8171753702E-01  9.3985503933E+00  6.5025987485E+00  6.5589305296E+00  6.1592704627E+00
| Next sampling location (x_next, i_next):
  2.4452324793E+02  1.0840440150E+02  0.0000000000E+00

Iteration time [s]:   25.322        Total time [s]:  575.236

--------------------------------------------------------------------------------
                                BO ITERATION 24                                 
--------------------------------------------------------------------------------
| Evaluating objective function at 2.445E+02 1.084E+02 0.000E+00
| Objective function evaluated, time [s]       23.197
| Acquisition location too confident, doing pure exploration
| Data point added to dataset (x i y): 
  2.4452324793E+02  1.0840440150E+02  0.0000000000E+00      -2.0299019185E+05

| Total ensemble size: 56
| Best acquisition, x_best i_best y_best:
  2.3745973984E+02  2.8793251498E-01  0.0000000000E+00      -2.0301237160E+05
| Global minimum prediction, x_hat mu_hat +- nu_hat:
  2.3732605296E+02  7.7074635581E-01  0.0000000000E+00      -2.0301237348E+05  2.2691969104E-08
| Global minimum convergence, d_xhat d_muhat:
  1.8118287071E-03  3.0136756676E-07

| GP model hyperparameters (lengthscales W kappa):
  6.7037120566E-01  4.8087653993E-01 -9.2481493928E+00 -6.6315872955E+00  7.5105767725E+00  4.3475571481E+00
| Next sampling location (x_next, i_next):
 -2.4156324443E+01  2.8580847614E+02  0.0000000000E+00

Iteration time [s]:   25.806        Total time [s]:  601.044

--------------------------------------------------------------------------------
                                BO ITERATION 25                                 
--------------------------------------------------------------------------------
| Evaluating objective function at -2.416E+01 2.858E+02 0.000E+00
| Objective function evaluated, time [s]       23.207
| Acquisition location too confident, doing pure exploration
| Data point added to dataset (x i y): 
 -2.4156324443E+01  2.8580847614E+02  0.0000000000E+00      -2.0299193144E+05

| Total ensemble size: 57
| Best acquisition, x_best i_best y_best:
  2.3745973984E+02  2.8793251498E-01  0.0000000000E+00      -2.0301237160E+05
| Global minimum prediction, x_hat mu_hat +- nu_hat:
  2.3732005092E+02  7.7316891099E-01  0.0000000000E+00      -2.0301237349E+05  2.2891716878E-08
| Global minimum convergence, d_xhat d_muhat:
  6.4724993797E-03  7.1982388979E-07

| GP model hyperparameters (lengthscales W kappa):
  6.5796661129E-01  4.5676837414E-01 -8.5096340795E+00 -6.3702164569E+00  6.9081467740E+00  3.3337232433E+00
| Next sampling location (x_next, i_next):
  1.6521549653E+02  2.6741520932E+02  0.0000000000E+00

Iteration time [s]:   25.810        Total time [s]:  626.856

--------------------------------------------------------------------------------
                                BO ITERATION 26                                 
--------------------------------------------------------------------------------
| Evaluating objective function at 1.652E+02 2.674E+02 0.000E+00
| Objective function evaluated, time [s]       23.132
| Acquisition location too confident, doing pure exploration
| Data point added to dataset (x i y): 
  1.6521549653E+02  2.6741520932E+02  0.0000000000E+00      -2.0298877516E+05

| Total ensemble size: 58
| Best acquisition, x_best i_best y_best:
  2.3745973984E+02  2.8793251498E-01  0.0000000000E+00      -2.0301237160E+05
| Global minimum prediction, x_hat mu_hat +- nu_hat:
  2.3731949075E+02  7.7649362038E-01  0.0000000000E+00      -2.0301237352E+05  2.4189345549E-08
| Global minimum convergence, d_xhat d_muhat:
  3.3715685289E-03  8.6553906228E-07

| GP model hyperparameters (lengthscales W kappa):
  6.2192025556E-01  4.1712774473E-01 -7.2172406886E+00 -5.8154688394E+00  6.3429151401E+00  2.6080072909E+00
| Next sampling location (x_next, i_next):
  1.4840639972E+02  7.2331518182E+01  0.0000000000E+00

Iteration time [s]:   26.129        Total time [s]:  652.986

--------------------------------------------------------------------------------
                                BO ITERATION 27                                 
--------------------------------------------------------------------------------
| Evaluating objective function at 1.484E+02 7.233E+01 0.000E+00
| Objective function evaluated, time [s]       23.302
| Data point added to dataset (x i y): 
  1.4840639972E+02  7.2331518182E+01  0.0000000000E+00      -2.0299265287E+05

| Total ensemble size: 59
| Best acquisition, x_best i_best y_best:
  2.3745973984E+02  2.8793251498E-01  0.0000000000E+00      -2.0301237160E+05
| Global minimum prediction, x_hat mu_hat +- nu_hat:
  2.3731682558E+02  7.7736407670E-01  0.0000000000E+00      -2.0301237352E+05  2.3671388316E-08
| Global minimum convergence, d_xhat d_muhat:
  2.8037221519E-03  2.3409753992E-07

| GP model hyperparameters (lengthscales W kappa):
  6.1446705700E-01  4.1569172661E-01 -7.0636969491E+00 -5.7997525848E+00  5.8506950747E+00  1.9970262169E+00
| Next sampling location (x_next, i_next):
  2.7883050554E+02  1.6802300432E+02  0.0000000000E+00

Iteration time [s]:   25.445        Total time [s]:  678.433

--------------------------------------------------------------------------------
                                BO ITERATION 28                                 
--------------------------------------------------------------------------------
| Evaluating objective function at 2.788E+02 1.680E+02 0.000E+00
| Objective function evaluated, time [s]       23.914
| Acquisition location too confident, doing pure exploration
| Data point added to dataset (x i y): 
  2.7883050554E+02  1.6802300432E+02  0.0000000000E+00      -2.0300729510E+05

| Total ensemble size: 60
| Best acquisition, x_best i_best y_best:
  2.3745973984E+02  2.8793251498E-01  0.0000000000E+00      -2.0301237160E+05
| Global minimum prediction, x_hat mu_hat +- nu_hat:
  2.3731872148E+02  7.7680822396E-01  0.0000000000E+00      -2.0301237352E+05  2.3429960105E-08
| Global minimum convergence, d_xhat d_muhat:
  1.9757022313E-03  7.4151932796E-08

| GP model hyperparameters (lengthscales W kappa):
  6.2146437931E-01  4.2097583822E-01 -7.1312926633E+00 -5.8401324160E+00  6.0272456806E+00  2.1940771362E+00
| Next sampling location (x_next, i_next):
  3.1000000000E+02  9.1264422900E+01  0.0000000000E+00

Iteration time [s]:   27.055        Total time [s]:  705.490

--------------------------------------------------------------------------------
                                BO ITERATION 29                                 
--------------------------------------------------------------------------------
| Evaluating objective function at 3.100E+02 9.126E+01 0.000E+00
| Objective function evaluated, time [s]       23.064
| Acquisition location too confident, doing pure exploration
| Data point added to dataset (x i y): 
  3.1000000000E+02  9.1264422900E+01  0.0000000000E+00      -2.0298916325E+05

| Total ensemble size: 61
| Best acquisition, x_best i_best y_best:
  2.3745973984E+02  2.8793251498E-01  0.0000000000E+00      -2.0301237160E+05
| Global minimum prediction, x_hat mu_hat +- nu_hat:
  2.3731478761E+02  7.7845237833E-01  0.0000000000E+00      -2.0301237353E+05  2.3452065090E-08
| Global minimum convergence, d_xhat d_muhat:
  4.2636343150E-03  3.7249436862E-07

| GP model hyperparameters (lengthscales W kappa):
  6.1812062858E-01  4.0868452649E-01  7.2268173023E+00  5.4933656016E+00  9.2927393839E-01  4.3268274912E+00
| Next sampling location (x_next, i_next):
  4.5010907273E+01 -5.4822380180E+00  0.0000000000E+00

Iteration time [s]:   26.097        Total time [s]:  731.588

--------------------------------------------------------------------------------
                                BO ITERATION 30                                 
--------------------------------------------------------------------------------
| Evaluating objective function at 4.501E+01 -5.482E+00 0.000E+00
| Objective function evaluated, time [s]       23.678
| Acquisition location too confident, doing pure exploration
| Data point added to dataset (x i y): 
  4.5010907273E+01 -5.4822380180E+00  0.0000000000E+00      -2.0300222038E+05

| Total ensemble size: 62
| Best acquisition, x_best i_best y_best:
  2.3745973984E+02  2.8793251498E-01  0.0000000000E+00      -2.0301237160E+05
| Global minimum prediction, x_hat mu_hat +- nu_hat:
  2.3729918976E+02  7.8238233017E-01  0.0000000000E+00      -2.0301237353E+05  2.3380591596E-08
| Global minimum convergence, d_xhat d_muhat:
  1.6085309822E-02  7.0708069653E-08

| GP model hyperparameters (lengthscales W kappa):
  5.8110661312E-01  4.2163918609E-01 -7.4683073644E+00 -5.6218102196E+00  8.3840593129E-01  4.3011579247E+00
| Next sampling location (x_next, i_next):
  4.9387125214E+00  2.5240887274E+02  0.0000000000E+00

Iteration time [s]:   26.695        Total time [s]:  758.284

--------------------------------------------------------------------------------
                                BO ITERATION 31                                 
--------------------------------------------------------------------------------
| Evaluating objective function at 4.939E+00 2.524E+02 0.000E+00
| Objective function evaluated, time [s]       23.122
| Acquisition location too confident, doing pure exploration
| Data point added to dataset (x i y): 
  4.9387125214E+00  2.5240887274E+02  0.0000000000E+00      -2.0299197228E+05

| Total ensemble size: 63
| Best acquisition, x_best i_best y_best:
  2.3745973984E+02  2.8793251498E-01  0.0000000000E+00      -2.0301237160E+05
| Global minimum prediction, x_hat mu_hat +- nu_hat:
  2.3729359934E+02  7.8343558748E-01  0.0000000000E+00      -2.0301237353E+05  2.3102684121E-08
| Global minimum convergence, d_xhat d_muhat:
  5.6887807930E-03  1.7083069628E-07

| GP model hyperparameters (lengthscales W kappa):
  5.7688593441E-01  4.2681963727E-01 -7.5507876679E+00 -5.6461927895E+00  8.1552347112E-01  4.1683852623E+00
| Next sampling location (x_next, i_next):
  1.5008674538E+02  3.1000000000E+02  0.0000000000E+00

Iteration time [s]:   26.459        Total time [s]:  784.744

--------------------------------------------------------------------------------
                                BO ITERATION 32                                 
--------------------------------------------------------------------------------
| Evaluating objective function at 1.501E+02 3.100E+02 0.000E+00
| Objective function evaluated, time [s]       23.311
| Acquisition location too confident, doing pure exploration
| Data point added to dataset (x i y): 
  1.5008674538E+02  3.1000000000E+02  0.0000000000E+00      -2.0299100945E+05

| Total ensemble size: 64
| Best acquisition, x_best i_best y_best:
  2.3745973984E+02  2.8793251498E-01  0.0000000000E+00      -2.0301237160E+05
| Global minimum prediction, x_hat mu_hat +- nu_hat:
  2.3729278099E+02  7.8231188263E-01  0.0000000000E+00      -2.0301237352E+05  2.2152589008E-08
| Global minimum convergence, d_xhat d_muhat:
  1.3901062508E-03  4.3248644025E-07

| GP model hyperparameters (lengthscales W kappa):
  5.7872281937E-01  4.2300146584E-01  7.0571289769E+00  5.9406284542E+00  6.6608875151E+00  6.4881855331E-02
| Next sampling location (x_next, i_next):
  3.3600915481E+01  3.0987775436E+02  0.0000000000E+00

Iteration time [s]:   26.626        Total time [s]:  811.370

--------------------------------------------------------------------------------
                                BO ITERATION 33                                 
--------------------------------------------------------------------------------
| Evaluating objective function at 3.360E+01 3.099E+02 0.000E+00
| Objective function evaluated, time [s]       23.270
| Acquisition location too confident, doing pure exploration
| Data point added to dataset (x i y): 
  3.3600915481E+01  3.0987775436E+02  0.0000000000E+00      -2.0299201996E+05

| Total ensemble size: 65
| Best acquisition, x_best i_best y_best:
  2.3745973984E+02  2.8793251498E-01  0.0000000000E+00      -2.0301237160E+05
| Global minimum prediction, x_hat mu_hat +- nu_hat:
  2.3729230381E+02  7.8192900471E-01  0.0000000000E+00      -2.0301237352E+05  2.2783593589E-08
| Global minimum convergence, d_xhat d_muhat:
  6.1180368111E-04  1.8638951281E-08

| GP model hyperparameters (lengthscales W kappa):
  5.8292081594E-01  4.0536876883E-01  7.0194513867E+00  5.6601769610E+00  4.3261245763E+00  1.2842535224E+00
| Next sampling location (x_next, i_next):
  1.8842237637E+02  1.2628481014E+02  0.0000000000E+00

Iteration time [s]:   26.362        Total time [s]:  837.733

--------------------------------------------------------------------------------
                                BO ITERATION 34                                 
--------------------------------------------------------------------------------
| Evaluating objective function at 1.884E+02 1.263E+02 0.000E+00
| Objective function evaluated, time [s]       23.015
| Acquisition location too confident, doing pure exploration
| Data point added to dataset (x i y): 
  1.8842237637E+02  1.2628481014E+02  0.0000000000E+00      -2.0299643691E+05

| Total ensemble size: 66
| Best acquisition, x_best i_best y_best:
  2.3745973984E+02  2.8793251498E-01  0.0000000000E+00      -2.0301237160E+05
| Global minimum prediction, x_hat mu_hat +- nu_hat:
  2.3729145342E+02  7.8188499437E-01  0.0000000000E+00      -2.0301237352E+05  2.2734978255E-08
| Global minimum convergence, d_xhat d_muhat:
  8.5152031178E-04  7.7167593952E-08

| GP model hyperparameters (lengthscales W kappa):
  5.8399412145E-01  4.0146755937E-01  7.2319658295E+00  5.4213385314E+00  5.2093399663E-02  3.5395530929E+00
| Next sampling location (x_next, i_next):
  4.5963869651E+01  1.1395102374E+02  0.0000000000E+00

Iteration time [s]:   26.172        Total time [s]:  863.906

--------------------------------------------------------------------------------
                                BO ITERATION 35                                 
--------------------------------------------------------------------------------
| Evaluating objective function at 4.596E+01 1.140E+02 0.000E+00
| Objective function evaluated, time [s]       23.026
| Acquisition location too confident, doing pure exploration
| Data point added to dataset (x i y): 
  4.5963869651E+01  1.1395102374E+02  0.0000000000E+00      -2.0299402453E+05

| Total ensemble size: 67
| Best acquisition, x_best i_best y_best:
  2.3745973984E+02  2.8793251498E-01  0.0000000000E+00      -2.0301237160E+05
| Global minimum prediction, x_hat mu_hat +- nu_hat:
  2.3728975364E+02  7.8263917489E-01  0.0000000000E+00      -2.0301237352E+05  2.2498417262E-08
| Global minimum convergence, d_xhat d_muhat:
  1.8595811151E-03  7.2959779536E-08

| GP model hyperparameters (lengthscales W kappa):
  5.8374074567E-01  4.0192006903E-01  6.9003507302E+00  5.6865028248E+00  4.2810420097E+00  6.1295765670E-01
| Next sampling location (x_next, i_next):
  2.7791158674E+02  2.9552662223E+02  0.0000000000E+00

Iteration time [s]:   26.684        Total time [s]:  890.593

--------------------------------------------------------------------------------
                                BO ITERATION 36                                 
--------------------------------------------------------------------------------
| Evaluating objective function at 2.779E+02 2.955E+02 0.000E+00
| Objective function evaluated, time [s]       23.128
| Acquisition location too confident, doing pure exploration
| Data point added to dataset (x i y): 
  2.7791158674E+02  2.9552662223E+02  0.0000000000E+00      -2.0299558846E+05

| Total ensemble size: 68
| Best acquisition, x_best i_best y_best:
  2.3745973984E+02  2.8793251498E-01  0.0000000000E+00      -2.0301237160E+05
| Global minimum prediction, x_hat mu_hat +- nu_hat:
  2.3730626867E+02  7.8017661067E-01  0.0000000000E+00      -2.0301237350E+05  2.3604107024E-08
| Global minimum convergence, d_xhat d_muhat:
  1.6697610988E-02  8.1543404659E-07

| GP model hyperparameters (lengthscales W kappa):
  5.7627798364E-01  3.8277323337E-01  6.5414504228E+00  5.4083897708E+00  4.1083326105E+00  5.6349338250E-01
| Next sampling location (x_next, i_next):
  2.6607855226E+02  2.3929207509E+02  0.0000000000E+00

Iteration time [s]:   27.059        Total time [s]:  917.653

--------------------------------------------------------------------------------
                                BO ITERATION 37                                 
--------------------------------------------------------------------------------
| Evaluating objective function at 2.661E+02 2.393E+02 0.000E+00
| Objective function evaluated, time [s]       23.472
| Acquisition location too confident, doing pure exploration
| Data point added to dataset (x i y): 
  2.6607855226E+02  2.3929207509E+02  0.0000000000E+00      -2.0299400333E+05

| Total ensemble size: 69
| Best acquisition, x_best i_best y_best:
  2.3745973984E+02  2.8793251498E-01  0.0000000000E+00      -2.0301237160E+05
| Global minimum prediction, x_hat mu_hat +- nu_hat:
  2.3730483559E+02  7.8069762314E-01  0.0000000000E+00      -2.0301237350E+05  2.3351708034E-08
| Global minimum convergence, d_xhat d_muhat:
  1.5248533049E-03  4.9668997573E-08

| GP model hyperparameters (lengthscales W kappa):
  5.7449831572E-01  3.8329153187E-01 -6.7446403475E+00 -5.1955611170E+00  5.8683845196E-01  2.5770659686E+00
| Next sampling location (x_next, i_next):
  1.0267257538E+01  2.0678429469E+01  0.0000000000E+00

Iteration time [s]:   27.458        Total time [s]:  945.112

--------------------------------------------------------------------------------
                                BO ITERATION 38                                 
--------------------------------------------------------------------------------
| Evaluating objective function at 1.027E+01 2.068E+01 0.000E+00
| Objective function evaluated, time [s]       24.334
| Acquisition location too confident, doing pure exploration
| Data point added to dataset (x i y): 
  1.0267257538E+01  2.0678429469E+01  0.0000000000E+00      -2.0299556698E+05

| Total ensemble size: 70
| Best acquisition, x_best i_best y_best:
  2.3745973984E+02  2.8793251498E-01  0.0000000000E+00      -2.0301237160E+05
| Global minimum prediction, x_hat mu_hat +- nu_hat:
  2.3730510116E+02  7.8072432168E-01  0.0000000000E+00      -2.0301237351E+05  2.3104794433E-08
| Global minimum convergence, d_xhat d_muhat:
  2.6690993029E-04  5.2329445717E-08

| GP model hyperparameters (lengthscales W kappa):
  5.7431063156E-01  3.8482314437E-01 -6.7412363734E+00 -5.1825048960E+00  2.3530473249E-01  2.6668238031E+00
| Next sampling location (x_next, i_next):
  1.5039040327E+02  2.2548273069E+02  0.0000000000E+00

Iteration time [s]:   28.126        Total time [s]:  973.238

--------------------------------------------------------------------------------
                                BO ITERATION 39                                 
--------------------------------------------------------------------------------
| Evaluating objective function at 1.504E+02 2.255E+02 0.000E+00
| Objective function evaluated, time [s]       24.053
| Acquisition location too confident, doing pure exploration
| Data point added to dataset (x i y): 
  1.5039040327E+02  2.2548273069E+02  0.0000000000E+00      -2.0299883954E+05

| Total ensemble size: 71
| Best acquisition, x_best i_best y_best:
  2.3745973984E+02  2.8793251498E-01  0.0000000000E+00      -2.0301237160E+05
| Global minimum prediction, x_hat mu_hat +- nu_hat:
  2.3730490024E+02  7.8140952982E-01  0.0000000000E+00      -2.0301237351E+05  2.3236564584E-08
| Global minimum convergence, d_xhat d_muhat:
  7.1405765281E-04  1.7599466627E-07

| GP model hyperparameters (lengthscales W kappa):
  5.6461238794E-01  3.8302179598E-01 -6.6066096829E+00 -5.1229349179E+00  2.3371622754E-01  2.6240152677E+00
| Next sampling location (x_next, i_next):
  1.0907997066E+02 -9.6124687099E-02  0.0000000000E+00

Iteration time [s]:   27.725        Total time [s]: 1000.964

--------------------------------------------------------------------------------
                                BO ITERATION 40                                 
--------------------------------------------------------------------------------
| Evaluating objective function at 1.091E+02 -9.612E-02 0.000E+00
| Objective function evaluated, time [s]       23.189
| Acquisition location too confident, doing pure exploration
| Data point added to dataset (x i y): 
  1.0907997066E+02 -9.6124687099E-02  0.0000000000E+00      -2.0299179722E+05

| Total ensemble size: 72
| Best acquisition, x_best i_best y_best:
  2.3745973984E+02  2.8793251498E-01  0.0000000000E+00      -2.0301237160E+05
| Global minimum prediction, x_hat mu_hat +- nu_hat:
  2.3730910022E+02  7.8246466683E-01  0.0000000000E+00      -2.0301237353E+05  2.3646569058E-08
| Global minimum convergence, d_xhat d_muhat:
  4.3304950541E-03  7.6365323467E-07

| GP model hyperparameters (lengthscales W kappa):
  4.8759120963E-01  4.4334858975E-01 -7.6099553962E+00 -5.5033377246E+00  2.5445317068E-01  3.2828522332E+00
| Next sampling location (x_next, i_next):
  1.0583048616E+02  2.6878401127E+02  0.0000000000E+00

Iteration time [s]:   26.981        Total time [s]: 1027.946

--------------------------------------------------------------------------------
                                BO ITERATION 41                                 
--------------------------------------------------------------------------------
| Evaluating objective function at 1.058E+02 2.688E+02 0.000E+00
| Objective function evaluated, time [s]       23.108
| Acquisition location too confident, doing pure exploration
| Data point added to dataset (x i y): 
  1.0583048616E+02  2.6878401127E+02  0.0000000000E+00      -2.0299022057E+05

| Total ensemble size: 73
| Best acquisition, x_best i_best y_best:
  2.3745973984E+02  2.8793251498E-01  0.0000000000E+00      -2.0301237160E+05
| Global minimum prediction, x_hat mu_hat +- nu_hat:
  2.3730789964E+02  7.8286932480E-01  0.0000000000E+00      -2.0301237353E+05  2.3790375803E-08
| Global minimum convergence, d_xhat d_muhat:
  1.2669473323E-03  6.8756831052E-08

| GP model hyperparameters (lengthscales W kappa):
  4.8373201869E-01  4.3430882699E-01 -7.3332303944E+00 -5.3677689822E+00  2.4895159719E-01  3.1122436215E+00
| Next sampling location (x_next, i_next):
  9.7136471096E+01  8.7063272945E+01  0.0000000000E+00

Iteration time [s]:   26.798        Total time [s]: 1054.744

--------------------------------------------------------------------------------
                                BO ITERATION 42                                 
--------------------------------------------------------------------------------
| Evaluating objective function at 9.714E+01 8.706E+01 0.000E+00
| Objective function evaluated, time [s]       23.105
| Acquisition location too confident, doing pure exploration
| Data point added to dataset (x i y): 
  9.7136471096E+01  8.7063272945E+01  0.0000000000E+00      -2.0298924837E+05

| Total ensemble size: 74
| Best acquisition, x_best i_best y_best:
  2.3745973984E+02  2.8793251498E-01  0.0000000000E+00      -2.0301237160E+05
| Global minimum prediction, x_hat mu_hat +- nu_hat:
  2.3730694855E+02  7.8333886737E-01  0.0000000000E+00      -2.0301237353E+05  2.3621387424E-08
| Global minimum convergence, d_xhat d_muhat:
  1.0606730142E-03  7.8038595722E-08

| GP model hyperparameters (lengthscales W kappa):
  4.8272733076E-01  4.3307575088E-01 -7.2578960549E+00 -5.3502879543E+00  2.4284831020E-01  2.9051058966E+00
| Next sampling location (x_next, i_next):
  3.1000000000E+02  3.1192464657E+01  0.0000000000E+00

Iteration time [s]:   27.180        Total time [s]: 1081.927

--------------------------------------------------------------------------------
                                BO ITERATION 43                                 
--------------------------------------------------------------------------------
| Evaluating objective function at 3.100E+02 3.119E+01 0.000E+00
| Objective function evaluated, time [s]       23.087
| Acquisition location too confident, doing pure exploration
| Data point added to dataset (x i y): 
  3.1000000000E+02  3.1192464657E+01  0.0000000000E+00      -2.0299519350E+05

| Total ensemble size: 75
| Best acquisition, x_best i_best y_best:
  2.3745973984E+02  2.8793251498E-01  0.0000000000E+00      -2.0301237160E+05
| Global minimum prediction, x_hat mu_hat +- nu_hat:
  2.3730150379E+02  7.8732646160E-01  0.0000000000E+00      -2.0301237355E+05  2.3092828893E-08
| Global minimum convergence, d_xhat d_muhat:
  6.7488053108E-03  8.4558700870E-07

| GP model hyperparameters (lengthscales W kappa):
  4.8377838828E-01  4.3116773074E-01  7.0517797117E+00  5.4626146810E+00  2.8782263904E+00  1.3403606440E+00
| Next sampling location (x_next, i_next):
 -1.5848488687E+01  1.3017517089E+02  0.0000000000E+00

Iteration time [s]:   26.986        Total time [s]: 1108.914

--------------------------------------------------------------------------------
                                BO ITERATION 44                                 
--------------------------------------------------------------------------------
| Evaluating objective function at -1.585E+01 1.302E+02 0.000E+00
| Objective function evaluated, time [s]       22.964
| Acquisition location too confident, doing pure exploration
| Data point added to dataset (x i y): 
 -1.5848488687E+01  1.3017517089E+02  0.0000000000E+00      -2.0299777279E+05

| Total ensemble size: 76
| Best acquisition, x_best i_best y_best:
  2.3745973984E+02  2.8793251498E-01  0.0000000000E+00      -2.0301237160E+05
| Global minimum prediction, x_hat mu_hat +- nu_hat:
  2.3730104785E+02  7.8754030289E-01  0.0000000000E+00      -2.0301237355E+05  2.2904407171E-08
| Global minimum convergence, d_xhat d_muhat:
  5.0359797066E-04  3.5832720855E-08

| GP model hyperparameters (lengthscales W kappa):
  4.8406570561E-01  4.3318027315E-01  7.2130340258E+00  5.3664947538E+00  5.9948498232E-01  2.5498766661E+00
| Next sampling location (x_next, i_next):
  8.2218008636E+01  3.3361108159E+01  0.0000000000E+00

Iteration time [s]:   27.234        Total time [s]: 1136.152

--------------------------------------------------------------------------------
                                BO ITERATION 45                                 
--------------------------------------------------------------------------------
| Evaluating objective function at 8.222E+01 3.336E+01 0.000E+00
| Objective function evaluated, time [s]       23.893
| Acquisition location too confident, doing pure exploration
| Data point added to dataset (x i y): 
  8.2218008636E+01  3.3361108159E+01  0.0000000000E+00      -2.0299410430E+05

| Total ensemble size: 77
| Best acquisition, x_best i_best y_best:
  2.3745973984E+02  2.8793251498E-01  0.0000000000E+00      -2.0301237160E+05
| Global minimum prediction, x_hat mu_hat +- nu_hat:
  2.3729112728E+02  7.9115879767E-01  0.0000000000E+00      -2.0301237357E+05  2.4067658000E-08
| Global minimum convergence, d_xhat d_muhat:
  1.0559882194E-02  5.2190036774E-07

| GP model hyperparameters (lengthscales W kappa):
  4.6130671426E-01  4.1095252906E-01 -6.6430243530E+00 -5.2769914330E+00  2.4149559343E+00  9.5344399137E-01
| Next sampling location (x_next, i_next):
  1.5247056569E+01  8.9780855209E+01  0.0000000000E+00

Iteration time [s]:   28.111        Total time [s]: 1164.264

--------------------------------------------------------------------------------
                                BO ITERATION 46                                 
--------------------------------------------------------------------------------
| Evaluating objective function at 1.525E+01 8.978E+01 0.000E+00
| Objective function evaluated, time [s]       23.786
| Acquisition location too confident, doing pure exploration
| Data point added to dataset (x i y): 
  1.5247056569E+01  8.9780855209E+01  0.0000000000E+00      -2.0299010383E+05

| Total ensemble size: 78
| Best acquisition, x_best i_best y_best:
  2.3745973984E+02  2.8793251498E-01  0.0000000000E+00      -2.0301237160E+05
| Global minimum prediction, x_hat mu_hat +- nu_hat:
  2.3729226600E+02  7.9021348628E-01  0.0000000000E+00      -2.0301237356E+05  2.4081016203E-08
| Global minimum convergence, d_xhat d_muhat:
  1.4799635819E-03  1.7818676849E-07

| GP model hyperparameters (lengthscales W kappa):
  4.6114650263E-01  4.0653348305E-01 -6.4161756097E+00 -5.2880502850E+00  3.6626815080E+00  8.6053955128E-02
| Next sampling location (x_next, i_next):
  2.4273245160E+02  6.5984594644E+01  0.0000000000E+00

Iteration time [s]:   28.427        Total time [s]: 1192.692

--------------------------------------------------------------------------------
                                BO ITERATION 47                                 
--------------------------------------------------------------------------------
| Evaluating objective function at 2.427E+02 6.598E+01 0.000E+00
| Objective function evaluated, time [s]       23.572
| Acquisition location too confident, doing pure exploration
| Data point added to dataset (x i y): 
  2.4273245160E+02  6.5984594644E+01  0.0000000000E+00      -2.0299210023E+05

| Total ensemble size: 79
| Best acquisition, x_best i_best y_best:
  2.3745973984E+02  2.8793251498E-01  0.0000000000E+00      -2.0301237160E+05
| Global minimum prediction, x_hat mu_hat +- nu_hat:
  2.3729079577E+02  7.9100680896E-01  0.0000000000E+00      -2.0301237356E+05  2.2523335996E-08
| Global minimum convergence, d_xhat d_muhat:
  1.6706100955E-03  6.3983352078E-08

| GP model hyperparameters (lengthscales W kappa):
  4.6068188043E-01  4.1633087163E-01 -6.6231037873E+00 -5.2434864980E+00  2.0348915020E+00  1.2032028265E+00
| Next sampling location (x_next, i_next):
  1.8580548101E+02  5.3382500055E+01  0.0000000000E+00

Iteration time [s]:   28.262        Total time [s]: 1220.956

--------------------------------------------------------------------------------
                                BO ITERATION 48                                 
--------------------------------------------------------------------------------
| Evaluating objective function at 1.858E+02 5.338E+01 0.000E+00
| Objective function evaluated, time [s]       23.486
| Acquisition location too confident, doing pure exploration
| Data point added to dataset (x i y): 
  1.8580548101E+02  5.3382500055E+01  0.0000000000E+00      -2.0299921987E+05

| Total ensemble size: 80
| Best acquisition, x_best i_best y_best:
  2.3745973984E+02  2.8793251498E-01  0.0000000000E+00      -2.0301237160E+05
| Global minimum prediction, x_hat mu_hat +- nu_hat:
  2.3729924291E+02  7.8833842102E-01  0.0000000000E+00      -2.0301237355E+05  2.1823806673E-08
| Global minimum convergence, d_xhat d_muhat:
  8.8585776846E-03  4.4753919988E-07

| GP model hyperparameters (lengthscales W kappa):
  4.6390479838E-01  4.3864048710E-01 -6.8543228008E+00 -5.4001162011E+00  2.3088811091E+00  1.4863962719E+00
| Next sampling location (x_next, i_next):
  1.1486896448E+02  1.9742354153E+02  0.0000000000E+00

Iteration time [s]:   27.681        Total time [s]: 1248.638

--------------------------------------------------------------------------------
                                BO ITERATION 49                                 
--------------------------------------------------------------------------------
| Evaluating objective function at 1.149E+02 1.974E+02 0.000E+00
| Objective function evaluated, time [s]       23.916
| Acquisition location too confident, doing pure exploration
| Data point added to dataset (x i y): 
  1.1486896448E+02  1.9742354153E+02  0.0000000000E+00      -2.0300619060E+05

| Total ensemble size: 81
| Best acquisition, x_best i_best y_best:
  2.3745973984E+02  2.8793251498E-01  0.0000000000E+00      -2.0301237160E+05
| Global minimum prediction, x_hat mu_hat +- nu_hat:
  2.3729909568E+02  7.8826147019E-01  0.0000000000E+00      -2.0301237355E+05  2.1675907202E-08
| Global minimum convergence, d_xhat d_muhat:
  1.6612296468E-04  2.2998826062E-08

| GP model hyperparameters (lengthscales W kappa):
  4.6366602297E-01  4.4503395621E-01 -6.9371798394E+00 -5.4617765105E+00  2.3285744785E+00  1.5074694965E+00
| Next sampling location (x_next, i_next):
  1.9907316466E+02  2.9787061321E+02  0.0000000000E+00

Iteration time [s]:   28.229        Total time [s]: 1276.868

--------------------------------------------------------------------------------
                                BO ITERATION 50                                 
--------------------------------------------------------------------------------
| Evaluating objective function at 1.991E+02 2.979E+02 0.000E+00
| Objective function evaluated, time [s]       24.031
| Acquisition location too confident, doing pure exploration
| Data point added to dataset (x i y): 
  1.9907316466E+02  2.9787061321E+02  0.0000000000E+00      -2.0299153096E+05

| Total ensemble size: 82
| Best acquisition, x_best i_best y_best:
  2.3745973984E+02  2.8793251498E-01  0.0000000000E+00      -2.0301237160E+05
| Global minimum prediction, x_hat mu_hat +- nu_hat:
  2.3729973296E+02  7.9258200938E-01  0.0000000000E+00      -2.0301237360E+05  2.1147817630E-08
| Global minimum convergence, d_xhat d_muhat:
  4.3672859273E-03  1.9437718296E-06

| GP model hyperparameters (lengthscales W kappa):
  4.5925699517E-01  4.4409943828E-01 -6.8638879290E+00 -5.4474236187E+00  1.8489787268E+00  1.9595388534E+00
| Next sampling location (x_next, i_next):
  4.9015475989E+01  2.6941338630E+02  0.0000000000E+00

Iteration time [s]:   28.347        Total time [s]: 1305.219

|| Bayesian optimization completed, time [s]     1305.201


--------------------------------------------------------------------------------
                        BOSS is done! Have a nice day :)                        

      Datetime 15-08-2020 00:45:55            Total time [s]     1305.219       
--------------------------------------------------------------------------------
