-50.0000000000_-50.0000000000
130.0000000000_130.0000000000
1.7449137000_307.1561941000
268.9749122000_-42.2800606000
263.6549817000_258.6055451000
285.1706641000_-6.0846112000
242.9182882000_29.6223752000
-46.0727828000_50.0401547000
210.2829515000_-7.9655305000
138.9224200000_13.6426510000
13.6778371000_173.4025553000
70.2204675000_203.0949144000
292.8195005000_161.1996702000
200.1366497000_183.9905846000
147.9208888000_221.2577758000
-28.4638884000_204.5395492000
234.3935073000_125.9320631000
116.6062742000_175.7405368000
13.7605664000_122.5953351000
262.6796579000_191.6568001000
163.1458215000_-41.9513424000
245.7566118000_.3330488000
228.0028432000_5.9388653000
68.6503645000_163.7505911000
237.7980611000_-3.5203076000
236.2997532000_2.3775411000
177.6073626000_162.0796441000
238.2352981000_168.8502822000
66.2100823000_63.2641727000
310.0000000000_180.6055058000
80.6429176000_270.5793859000
52.0741831000_183.1187584000
53.9985564000_-4.1170815000
15.2115059000_14.9825153000
165.2168245000_77.5523938000
11.3719067000_255.4613104000
194.9492589000_269.0112565000
290.0612024000_93.4153624000
7.1068702000_73.4381729000
98.5829383000_-38.8607827000
76.2946544000_103.5082388000
131.8933115000_270.0849309000
117.8574742000_61.1844695000
222.7123201000_231.1515654000
224.5238164000_81.6427593000
79.3897224000_181.2899721000
-32.3900228000_119.5107891000
-44.3489673000_252.6036660000
88.2873302000_21.7441860000
160.5647877000_184.3532658000
185.6572879000_112.7440997000
54.1730944000_175.2929749000
220.4628962000_299.5861269000
53.5039981000_-50.0000000000
164.5703111000_43.6309911000
-5.5105727000_-20.5640356000
285.4935895000_227.5289878000
102.9139921000_241.6659712000
47.9283885000_238.1671504000
-29.0706292000_86.4490020000
-30.2493737000_16.7042654000
39.6553292000_94.4032177000
182.6917853000_232.7907803000
123.1199146000_-16.8056541000
265.8807056000_66.7615851000
43.5516723000_37.5213624000
291.5617263000_282.1442496000
9.2114721000_223.2875708000
-22.3029305000_154.1021543000
116.3884580000_93.9170577000
126.8893590000_-50.0000000000
165.3330048000_-6.0557629000
198.4295852000_60.2534698000
286.3682443000_30.5258848000
209.2738745000_141.9897784000
-22.1365865000_278.8944647000
36.8576485000_280.4866887000
166.4999441000_285.8437554000
-8.1884557000_43.1236816000
115.6552589000_206.2228725000
276.0307772000_125.7991531000
48.5979137000_130.2738895000
27.8095459000_-26.1685857000
242.5245224000_279.4309155000
153.1342837000_112.2923280000
248.9788329000_216.5725330000
103.7153243000_288.5899441000
155.3952079000_143.9376864000
22.1566773000_149.0202719000
91.8066370000_-5.7852265000
160.1086233000_252.6772608000
63.6348440000_180.2771243000
94.8227749000_128.0823552000
259.4905279000_148.6052578000
-40.6957961000_-18.8674386000
91.3310310000_47.7954298000
255.6513837000_97.5426411000
-21.2544446000_234.6922079000
119.4872901000_36.5928706000
217.8728990000_206.3741666000
229.3635405000_-38.2593738000
-6.2924122000_101.3461383000
warning in stationary: failed to import cython module: falling back to numpy
warning in coregionalize: failed to import cython module: falling back to numpy
warning in choleskies: failed to import cython module: falling back to numpy
