-50.0000000000_-50.0000000000
130.0000000000_130.0000000000
7.0056759000_-50.0000000000
266.4541657000_309.9376894000
287.9548988000_12.6823150000
288.9126483000_71.7231316000
235.9379918000_3.1703186000
179.6729680000_10.6399727000
297.7635954000_208.8161390000
197.2161796000_-22.8816456000
193.2338362000_217.1442582000
223.0050217000_31.3054049000
38.1481603000_195.9658117000
-11.5199340000_161.4920384000
82.2363195000_236.7400931000
246.8114925000_164.1359410000
79.5265712000_26.3901975000
98.9385574000_178.0906207000
290.3763426000_258.0553757000
171.0088187000_177.3213749000
51.6418697000_158.9201543000
271.3134569000_-14.3274955000
235.0225879000_189.4319131000
240.1403307000_-6.3350109000
26.7544623000_112.9596765000
-14.0624191000_186.4847964000
45.4476412000_178.3455736000
76.0831280000_189.5702197000
135.9350176000_194.9034195000
250.2265568000_.2433772000
237.7926455000_.1995718000
240.2680443000_.5865038000
97.8239353000_-48.2246662000
296.7632001000_174.5983614000
109.6874690000_72.2409102000
12.0685010000_50.4244577000
159.7473095000_274.6237521000
206.8958564000_103.1038637000
9.8875978000_261.6992116000
295.4700780000_118.1002862000
29.0487420000_-2.9903804000
222.0414147000_265.1072989000
163.1550653000_75.4556040000
60.4780061000_283.0141564000
-21.8571958000_87.4806744000
115.4543847000_-5.9758821000
79.6587379000_103.3887065000
61.0764293000_-28.1924471000
188.9893706000_137.1814892000
52.6704979000_69.2036066000
250.4517713000_232.8323212000
132.8236078000_245.6639268000
135.1894280000_37.3444232000
-18.8252285000_-10.2470766000
-22.5614064000_234.3411618000
252.5959949000_94.6909878000
145.0690323000_-41.6784708000
-31.4272516000_43.2435753000
111.2346211000_274.7445979000
66.9092742000_176.6302826000
157.2169116000_107.2564580000
-24.8498421000_278.0673315000
239.7065883000_127.2753841000
205.4742709000_299.4611956000
-21.4161199000_123.4168684000
256.1844755000_53.1995191000
210.9220262000_165.2371581000
-4.0109280000_19.5697089000
43.9683644000_32.3755138000
188.4114192000_249.4911736000
45.3683388000_241.9917802000
90.8535490000_133.1063386000
72.3974180000_-1.0151957000
310.0000000000_146.3321261000
142.3967145000_158.6448878000
218.6245072000_71.8970910000
257.5633712000_273.8726603000
125.5098682000_95.3490674000
151.8659349000_-8.2358948000
160.5183169000_223.1533802000
274.4251425000_140.6832386000
16.5325034000_85.9066565000
38.7235445000_-50.0000000000
8.6973581000_223.5589257000
293.5569573000_285.5232382000
267.9844021000_200.8615338000
112.9885053000_218.9401398000
230.8534265000_-50.0000000000
12.5197169000_139.3879118000
178.4355547000_46.3485495000
23.5742909000_284.5400895000
130.7308009000_14.3158993000
288.8018026000_42.1668148000
172.3645388000_-50.0000000000
76.5530277000_55.3577502000
219.5562423000_230.8482321000
133.3095519000_293.4406056000
58.5367713000_124.9033903000
11.8497671000_180.6723848000
60.5417979000_219.6880880000
13.6232542000_-25.7622307000
188.0204049000_84.0800153000
warning in stationary: failed to import cython module: falling back to numpy
warning in coregionalize: failed to import cython module: falling back to numpy
warning in choleskies: failed to import cython module: falling back to numpy
