-50.0000000000_-50.0000000000
130.0000000000_130.0000000000
-50.0000000000_6.9886980000
310.0000000000_57.9770968000
2.5846433000_-14.0726572000
276.4559474000_-14.7093341000
229.8160853000_-7.1451668000
221.4178630000_296.6168048000
175.3100167000_19.8909368000
241.5215013000_23.9100469000
10.3272173000_199.0254694000
280.4153290000_185.4297634000
192.5242752000_199.1397635000
96.8088047000_227.5461350000
-19.3399085000_149.5680312000
307.2065973000_231.4460325000
233.4325939000_151.6625149000
105.0756724000_57.1650282000
70.3468819000_172.1281769000
134.6988468000_179.4719161000
136.5066803000_-20.6363643000
205.4567188000_82.4856461000
250.7096974000_.4850996000
80.5599293000_192.3752918000
226.7323296000_4.9366726000
37.0774181000_118.1591157000
22.7575518000_175.0389293000
241.4715751000_-1.8843019000
-33.6544072000_181.9986662000
236.9836352000_1.4576955000
235.9452077000_.5932008000
63.0635614000_286.1351193000
59.6537937000_21.1099509000
241.9416754000_206.7798214000
182.8772745000_168.5152004000
149.3496017000_273.5322999000
280.4697189000_105.4390789000
7.0000816000_262.0396243000
50.7775801000_186.5929076000
23.9435442000_62.5578442000
262.0071927000_262.1002414000
195.6405468000_246.1670754000
94.8251567000_174.3670657000
-16.1152192000_96.7964565000
70.8241485000_-28.1721878000
83.1067655000_95.1275698000
151.0126257000_80.6603132000
108.3863295000_298.8312016000
189.0899125000_120.6274278000
169.4639697000_-50.0000000000
49.4131489000_241.6719979000
-.5526828000_29.7555860000
107.4671992000_11.8709898000
19.1075511000_-50.0000000000
291.0038772000_142.2838761000
150.8757203000_226.6459583000
-48.2273157000_269.9556981000
238.6619390000_108.5763211000
270.9651723000_298.6875416000
259.1899390000_73.7013837000
144.4218048000_45.6322772000
82.9993500000_131.3314662000
96.9169121000_263.2178267000
64.4932029000_59.2564628000
-16.3576954000_236.6136652000
310.0000000000_116.7054332000
36.1139233000_-7.0959575000
185.1353324000_52.7290743000
-14.3598486000_290.8196280000
186.5672293000_277.1633598000
223.4500636000_181.0736598000
118.3991625000_102.1052968000
286.3976869000_38.4900168000
175.0213227000_-14.9335551000
-14.4558534000_55.0766571000
270.3866546000_232.1063631000
5.7397356000_128.2381971000
160.2126801000_110.1335657000
97.3212479000_-15.2270645000
229.8754614000_247.1739030000
23.4540232000_226.2462706000
27.7771418000_90.5197344000
259.2266277000_166.1716978000
39.7961106000_146.7306158000
121.7777013000_206.4841197000
127.8137452000_247.7456366000
223.5363329000_60.7023508000
-30.3969127000_-26.1294691000
238.8318751000_.4597697000
160.7852440000_145.6329736000
32.8527613000_280.0251079000
261.2713191000_130.0557237000
-35.2378736000_32.5556599000
140.3847284000_7.1509896000
214.1835814000_221.5674405000
310.0000000000_207.6124216000
72.8472415000_-.7417372000
309.2353297000_87.3366485000
58.9274689000_217.1714357000
198.4942658000_-44.7469933000
-17.8415032000_5.4210095000
164.5281177000_253.3984788000
warning in stationary: failed to import cython module: falling back to numpy
warning in coregionalize: failed to import cython module: falling back to numpy
warning in choleskies: failed to import cython module: falling back to numpy
