
-----------------------------   Welcome to ....   ------------------------------
                      _______  _______ _______ _______ 
                     |   _   \|   _   |   _   |   _   |
                     |.  1   /|.  |   |   1___|   1___|
                     |.  _   \|.  |   |____   |____   |
                     |:  1    |:  1   |:  1   |:  1   |
                     |::.. .  |::.. . |::.. . |::.. . |
                     `-------'`-------`-------`-------'

                                 Version 0.9.15                                 
                              05-08-2020 18:08:52                               
--------------------------------------------------------------------------------

| Reading BOSS input file from: in_2D
| Initializing...

--------------------------------------------------------------------------------
                                   INPUT FILE                                   
--------------------------------------------------------------------------------
# input file for alanine 2D (d4-d13)

# optimization
userfn       userfn_2D.py
bounds       -50 310; -50 310
num_tasks    2
kernel       stdp
initpts      2 30
iterpts      50
verbosity    2
W_prior      gaussian
W_priorparam 10.757 4.226


RESULTS:
1.027424992528787E+02 -3.170075945763003E+01 0 -2.029968053751106E+05 
8.339667580285617E+01 1.778152665240949E+02 0 -2.030091678176124E+05 
1.726413152959334E+02 -6.244431388872288E-01 1 2.085720000000000E+01 
5.870646521132165E+01 6.988000957782010E+01 1 3.253630000000000E+01 
7.760277327549235E+01 1.006337512333402E+02 1 3.175930000000000E+01 
2.455155319418745E+02 2.611577790321213E+02 1 3.777320000000000E+01 
-1.743942816485199E+01 1.442236308289148E+02 1 2.553480000000000E+01 
-2.459618595866784E+01 -4.781350881057372E+01 1 2.874820000000000E+01 
2.154095804976541E+02 -1.580764882334773E+01 1 2.158610000000000E+01 
2.977858808280365E+02 3.082193371971534E+02 1 2.603470000000000E+01 
-8.341392984103924E+00 2.547628722538328E+02 1 3.209950000000000E+01 
1.172124019265176E+02 5.668936863090718E+01 1 3.336830000000000E+01 
5.842700649841421E+01 1.804041243106341E+02 1 1.748520000000000E+01 
2.098388445006096E+02 4.784432140970143E+01 1 2.769610000000000E+01 
4.804056499824422E+01 1.767506200100550E+02 1 1.776640000000000E+01 
2.857229345557826E+02 1.878667660155045E+02 1 2.247760000000000E+01 
1.161153762461188E+02 2.656417416828926E+02 1 3.516820000000000E+01 
1.380035835038364E+02 2.266537238397225E+02 1 2.824310000000000E+01 
1.924627507476990E+02 1.550791300758551E+02 1 2.435170000000000E+01 
-9.887551075082138E+00 1.826255352840071E+02 1 2.063440000000000E+01 
2.917387563676889E+02 -1.707577416064792E+01 1 1.899000000000000E+01 
1.768658678788287E+02 1.750870580924186E+02 1 2.113520000000000E+01 
5.346085620261473E+01 -4.314669715483494E+01 1 2.972780000000000E+01 
8.266867724506496E+01 2.860814296712538E+02 1 3.276090000000000E+01 
1.397980471037044E+02 1.423475282669510E+01 1 2.820200000000000E+01 
3.067554589712449E+02 5.250332798309383E+01 1 3.377890000000000E+01 
1.389102890964072E+02 1.121222309298393E+02 1 3.058760000000000E+01 
-3.832939459228771E+00 2.239807526465594E+02 1 2.631600000000000E+01 
1.106256891114053E+02 1.820358427355168E+02 1 2.021120000000000E+01 
-1.822916639989490E+01 3.344821243156442E+01 1 3.576170000000000E+01 
3.554923536864763E+01 1.076480782060228E+02 1 3.080860000000000E+01 
2.536846295081139E+02 2.004845812917222E+02 1 2.763470000000000E+01 
--------------------------------------------------------------------------------
                               SIMULATION OPTIONS                               
--------------------------------------------------------------------------------
|| File input/output 
ipfile         in_2D
userfn         userfn_2D.py
outfile        boss.out
rstfile        boss.rst

|| Key settings 
num_tasks         2
bounds         -5.000E+01 3.100E+02;    -5.000E+01 3.100E+02
kerntype       stdp stdp
yrange         -5.000E+01 3.100E+02;    -5.000E+01 3.100E+02
noise          1.000E-12
initpts    2 30    iterpts   50
gm_tol         none
verbosity      2

|| Data acquisition 
acqfn                elcb
acqtol               1.000E-03

|| GP hyperparameters 
thetainit       1.000E+00 3.142E-01
thetabounds     none
thetaprior      gamma
thetapriorpar   1.000E+00 1.000E+00;    3.368E+00 9.020E+00;    3.368E+00 9.020E+00

|| Hyperparameter optimization
updatefreq   1  initupdate      True
updateoffset 0  updaterestarts  2


--------------------------------------------------------------------------------
                              INITIAL DATAPOINT 1                               
--------------------------------------------------------------------------------
| Data point added to dataset (x i y): 
  1.0274249925E+02 -3.1700759458E+01  0.0000000000E+00      -2.0299680538E+05

| Total ensemble size: 1
| Next sampling location (x_next, i_next):
  8.3396675803E+01  1.7781526652E+02  0.0000000000E+00

Iteration time [s]:    0.002        Total time [s]:    0.131

--------------------------------------------------------------------------------
                              INITIAL DATAPOINT 2                               
--------------------------------------------------------------------------------
| Data point added to dataset (x i y): 
  8.3396675803E+01  1.7781526652E+02  0.0000000000E+00      -2.0300916782E+05

| Total ensemble size: 2
| Next sampling location (x_next, i_next):
  1.7264131530E+02 -6.2444313889E-01  1.0000000000E+00

Iteration time [s]:    0.001        Total time [s]:    0.134

--------------------------------------------------------------------------------
                              INITIAL DATAPOINT 3                               
--------------------------------------------------------------------------------
| Data point added to dataset (x i y): 
  1.7264131530E+02 -6.2444313889E-01  1.0000000000E+00       2.0857200000E+01

| Total ensemble size: 3
| Next sampling location (x_next, i_next):
  5.8706465211E+01  6.9880009578E+01  1.0000000000E+00

Iteration time [s]:    0.001        Total time [s]:    0.137

--------------------------------------------------------------------------------
                              INITIAL DATAPOINT 4                               
--------------------------------------------------------------------------------
| Data point added to dataset (x i y): 
  5.8706465211E+01  6.9880009578E+01  1.0000000000E+00       3.2536300000E+01

| Total ensemble size: 4
| Next sampling location (x_next, i_next):
  7.7602773275E+01  1.0063375123E+02  1.0000000000E+00

Iteration time [s]:    0.001        Total time [s]:    0.140

--------------------------------------------------------------------------------
                              INITIAL DATAPOINT 5                               
--------------------------------------------------------------------------------
| Data point added to dataset (x i y): 
  7.7602773275E+01  1.0063375123E+02  1.0000000000E+00       3.1759300000E+01

| Total ensemble size: 5
| Next sampling location (x_next, i_next):
  2.4551553194E+02  2.6115777903E+02  1.0000000000E+00

Iteration time [s]:    0.002        Total time [s]:    0.143

--------------------------------------------------------------------------------
                              INITIAL DATAPOINT 6                               
--------------------------------------------------------------------------------
| Data point added to dataset (x i y): 
  2.4551553194E+02  2.6115777903E+02  1.0000000000E+00       3.7773200000E+01

| Total ensemble size: 6
| Next sampling location (x_next, i_next):
 -1.7439428165E+01  1.4422363083E+02  1.0000000000E+00

Iteration time [s]:    0.001        Total time [s]:    0.146

--------------------------------------------------------------------------------
                              INITIAL DATAPOINT 7                               
--------------------------------------------------------------------------------
| Data point added to dataset (x i y): 
 -1.7439428165E+01  1.4422363083E+02  1.0000000000E+00       2.5534800000E+01

| Total ensemble size: 7
| Next sampling location (x_next, i_next):
 -2.4596185959E+01 -4.7813508811E+01  1.0000000000E+00

Iteration time [s]:    0.001        Total time [s]:    0.148

--------------------------------------------------------------------------------
                              INITIAL DATAPOINT 8                               
--------------------------------------------------------------------------------
| Data point added to dataset (x i y): 
 -2.4596185959E+01 -4.7813508811E+01  1.0000000000E+00       2.8748200000E+01

| Total ensemble size: 8
| Next sampling location (x_next, i_next):
  2.1540958050E+02 -1.5807648823E+01  1.0000000000E+00

Iteration time [s]:    0.001        Total time [s]:    0.151

--------------------------------------------------------------------------------
                              INITIAL DATAPOINT 9                               
--------------------------------------------------------------------------------
| Data point added to dataset (x i y): 
  2.1540958050E+02 -1.5807648823E+01  1.0000000000E+00       2.1586100000E+01

| Total ensemble size: 9
| Next sampling location (x_next, i_next):
  2.9778588083E+02  3.0821933720E+02  1.0000000000E+00

Iteration time [s]:    0.001        Total time [s]:    0.153

--------------------------------------------------------------------------------
                              INITIAL DATAPOINT 10                              
--------------------------------------------------------------------------------
| Data point added to dataset (x i y): 
  2.9778588083E+02  3.0821933720E+02  1.0000000000E+00       2.6034700000E+01

| Total ensemble size: 10
| Next sampling location (x_next, i_next):
 -8.3413929841E+00  2.5476287225E+02  1.0000000000E+00

Iteration time [s]:    0.001        Total time [s]:    0.155

--------------------------------------------------------------------------------
                              INITIAL DATAPOINT 11                              
--------------------------------------------------------------------------------
| Data point added to dataset (x i y): 
 -8.3413929841E+00  2.5476287225E+02  1.0000000000E+00       3.2099500000E+01

| Total ensemble size: 11
| Next sampling location (x_next, i_next):
  1.1721240193E+02  5.6689368631E+01  1.0000000000E+00

Iteration time [s]:    0.001        Total time [s]:    0.157

--------------------------------------------------------------------------------
                              INITIAL DATAPOINT 12                              
--------------------------------------------------------------------------------
| Data point added to dataset (x i y): 
  1.1721240193E+02  5.6689368631E+01  1.0000000000E+00       3.3368300000E+01

| Total ensemble size: 12
| Next sampling location (x_next, i_next):
  5.8427006498E+01  1.8040412431E+02  1.0000000000E+00

Iteration time [s]:    0.001        Total time [s]:    0.159

--------------------------------------------------------------------------------
                              INITIAL DATAPOINT 13                              
--------------------------------------------------------------------------------
| Data point added to dataset (x i y): 
  5.8427006498E+01  1.8040412431E+02  1.0000000000E+00       1.7485200000E+01

| Total ensemble size: 13
| Next sampling location (x_next, i_next):
  2.0983884450E+02  4.7844321410E+01  1.0000000000E+00

Iteration time [s]:    0.002        Total time [s]:    0.162

--------------------------------------------------------------------------------
                              INITIAL DATAPOINT 14                              
--------------------------------------------------------------------------------
| Data point added to dataset (x i y): 
  2.0983884450E+02  4.7844321410E+01  1.0000000000E+00       2.7696100000E+01

| Total ensemble size: 14
| Next sampling location (x_next, i_next):
  4.8040564998E+01  1.7675062001E+02  1.0000000000E+00

Iteration time [s]:    0.002        Total time [s]:    0.167

--------------------------------------------------------------------------------
                              INITIAL DATAPOINT 15                              
--------------------------------------------------------------------------------
| Data point added to dataset (x i y): 
  4.8040564998E+01  1.7675062001E+02  1.0000000000E+00       1.7766400000E+01

| Total ensemble size: 15
| Next sampling location (x_next, i_next):
  2.8572293456E+02  1.8786676602E+02  1.0000000000E+00

Iteration time [s]:    0.001        Total time [s]:    0.169

--------------------------------------------------------------------------------
                              INITIAL DATAPOINT 16                              
--------------------------------------------------------------------------------
| Data point added to dataset (x i y): 
  2.8572293456E+02  1.8786676602E+02  1.0000000000E+00       2.2477600000E+01

| Total ensemble size: 16
| Next sampling location (x_next, i_next):
  1.1611537625E+02  2.6564174168E+02  1.0000000000E+00

Iteration time [s]:    0.001        Total time [s]:    0.173

--------------------------------------------------------------------------------
                              INITIAL DATAPOINT 17                              
--------------------------------------------------------------------------------
| Data point added to dataset (x i y): 
  1.1611537625E+02  2.6564174168E+02  1.0000000000E+00       3.5168200000E+01

| Total ensemble size: 17
| Next sampling location (x_next, i_next):
  1.3800358350E+02  2.2665372384E+02  1.0000000000E+00

Iteration time [s]:    0.001        Total time [s]:    0.175

--------------------------------------------------------------------------------
                              INITIAL DATAPOINT 18                              
--------------------------------------------------------------------------------
| Data point added to dataset (x i y): 
  1.3800358350E+02  2.2665372384E+02  1.0000000000E+00       2.8243100000E+01

| Total ensemble size: 18
| Next sampling location (x_next, i_next):
  1.9246275075E+02  1.5507913008E+02  1.0000000000E+00

Iteration time [s]:    0.002        Total time [s]:    0.178

--------------------------------------------------------------------------------
                              INITIAL DATAPOINT 19                              
--------------------------------------------------------------------------------
| Data point added to dataset (x i y): 
  1.9246275075E+02  1.5507913008E+02  1.0000000000E+00       2.4351700000E+01

| Total ensemble size: 19
| Next sampling location (x_next, i_next):
 -9.8875510751E+00  1.8262553528E+02  1.0000000000E+00

Iteration time [s]:    0.001        Total time [s]:    0.180

--------------------------------------------------------------------------------
                              INITIAL DATAPOINT 20                              
--------------------------------------------------------------------------------
| Data point added to dataset (x i y): 
 -9.8875510751E+00  1.8262553528E+02  1.0000000000E+00       2.0634400000E+01

| Total ensemble size: 20
| Next sampling location (x_next, i_next):
  2.9173875637E+02 -1.7075774161E+01  1.0000000000E+00

Iteration time [s]:    0.001        Total time [s]:    0.182

--------------------------------------------------------------------------------
                              INITIAL DATAPOINT 21                              
--------------------------------------------------------------------------------
| Data point added to dataset (x i y): 
  2.9173875637E+02 -1.7075774161E+01  1.0000000000E+00       1.8990000000E+01

| Total ensemble size: 21
| Next sampling location (x_next, i_next):
  1.7686586788E+02  1.7508705809E+02  1.0000000000E+00

Iteration time [s]:    0.001        Total time [s]:    0.184

--------------------------------------------------------------------------------
                              INITIAL DATAPOINT 22                              
--------------------------------------------------------------------------------
| Data point added to dataset (x i y): 
  1.7686586788E+02  1.7508705809E+02  1.0000000000E+00       2.1135200000E+01

| Total ensemble size: 22
| Next sampling location (x_next, i_next):
  5.3460856203E+01 -4.3146697155E+01  1.0000000000E+00

Iteration time [s]:    0.001        Total time [s]:    0.186

--------------------------------------------------------------------------------
                              INITIAL DATAPOINT 23                              
--------------------------------------------------------------------------------
| Data point added to dataset (x i y): 
  5.3460856203E+01 -4.3146697155E+01  1.0000000000E+00       2.9727800000E+01

| Total ensemble size: 23
| Next sampling location (x_next, i_next):
  8.2668677245E+01  2.8608142967E+02  1.0000000000E+00

Iteration time [s]:    0.001        Total time [s]:    0.188

--------------------------------------------------------------------------------
                              INITIAL DATAPOINT 24                              
--------------------------------------------------------------------------------
| Data point added to dataset (x i y): 
  8.2668677245E+01  2.8608142967E+02  1.0000000000E+00       3.2760900000E+01

| Total ensemble size: 24
| Next sampling location (x_next, i_next):
  1.3979804710E+02  1.4234752827E+01  1.0000000000E+00

Iteration time [s]:    0.001        Total time [s]:    0.190

--------------------------------------------------------------------------------
                              INITIAL DATAPOINT 25                              
--------------------------------------------------------------------------------
| Data point added to dataset (x i y): 
  1.3979804710E+02  1.4234752827E+01  1.0000000000E+00       2.8202000000E+01

| Total ensemble size: 25
| Next sampling location (x_next, i_next):
  3.0675545897E+02  5.2503327983E+01  1.0000000000E+00

Iteration time [s]:    0.001        Total time [s]:    0.194

--------------------------------------------------------------------------------
                              INITIAL DATAPOINT 26                              
--------------------------------------------------------------------------------
| Data point added to dataset (x i y): 
  3.0675545897E+02  5.2503327983E+01  1.0000000000E+00       3.3778900000E+01

| Total ensemble size: 26
| Next sampling location (x_next, i_next):
  1.3891028910E+02  1.1212223093E+02  1.0000000000E+00

Iteration time [s]:    0.001        Total time [s]:    0.197

--------------------------------------------------------------------------------
                              INITIAL DATAPOINT 27                              
--------------------------------------------------------------------------------
| Data point added to dataset (x i y): 
  1.3891028910E+02  1.1212223093E+02  1.0000000000E+00       3.0587600000E+01

| Total ensemble size: 27
| Next sampling location (x_next, i_next):
 -3.8329394592E+00  2.2398075265E+02  1.0000000000E+00

Iteration time [s]:    0.002        Total time [s]:    0.200

--------------------------------------------------------------------------------
                              INITIAL DATAPOINT 28                              
--------------------------------------------------------------------------------
| Data point added to dataset (x i y): 
 -3.8329394592E+00  2.2398075265E+02  1.0000000000E+00       2.6316000000E+01

| Total ensemble size: 28
| Next sampling location (x_next, i_next):
  1.1062568911E+02  1.8203584274E+02  1.0000000000E+00

Iteration time [s]:    0.001        Total time [s]:    0.204

--------------------------------------------------------------------------------
                              INITIAL DATAPOINT 29                              
--------------------------------------------------------------------------------
| Data point added to dataset (x i y): 
  1.1062568911E+02  1.8203584274E+02  1.0000000000E+00       2.0211200000E+01

| Total ensemble size: 29
| Next sampling location (x_next, i_next):
 -1.8229166400E+01  3.3448212432E+01  1.0000000000E+00

Iteration time [s]:    0.001        Total time [s]:    0.206

--------------------------------------------------------------------------------
                              INITIAL DATAPOINT 30                              
--------------------------------------------------------------------------------
| Data point added to dataset (x i y): 
 -1.8229166400E+01  3.3448212432E+01  1.0000000000E+00       3.5761700000E+01

| Total ensemble size: 30
| Next sampling location (x_next, i_next):
  3.5549235369E+01  1.0764807821E+02  1.0000000000E+00

Iteration time [s]:    0.001        Total time [s]:    0.207

--------------------------------------------------------------------------------
                              INITIAL DATAPOINT 31                              
--------------------------------------------------------------------------------
| Data point added to dataset (x i y): 
  3.5549235369E+01  1.0764807821E+02  1.0000000000E+00       3.0808600000E+01

| Total ensemble size: 31
| Next sampling location (x_next, i_next):
  2.5368462951E+02  2.0048458129E+02  1.0000000000E+00

Iteration time [s]:    0.001        Total time [s]:    0.209

--------------------------------------------------------------------------------
                              INITIAL DATAPOINT 32                              
--------------------------------------------------------------------------------
| Data point added to dataset (x i y): 
  2.5368462951E+02  2.0048458129E+02  1.0000000000E+00       2.7634700000E+01

| Total ensemble size: 32
| Best acquisition, x_best i_best y_best:
  8.3396675803E+01  1.7781526652E+02  0.0000000000E+00      -2.0300916782E+05
| Global minimum prediction, x_hat mu_hat +- nu_hat:
  5.4715602979E+01  1.8755587622E+02  0.0000000000E+00      -2.0301029509E+05  3.0849069809E-02

| GP model hyperparameters (lengthscales W kappa):
  5.8664700974E-01  5.8862664125E-01  6.3429631311E+00  8.7443339854E+00  1.1777629001E-11  9.8175650282E-08
| Next sampling location (x_next, i_next):
  2.7358381746E+02  1.4880129382E+02  0.0000000000E+00

Iteration time [s]:    1.065        Total time [s]:    1.275

--------------------------------------------------------------------------------
                                 BO ITERATION 1                                 
--------------------------------------------------------------------------------
| Evaluating objective function at 2.736E+02 1.488E+02 0.000E+00
| Objective function evaluated, time [s]       29.845
| Data point added to dataset (x i y): 
  2.7358381746E+02  1.4880129382E+02  0.0000000000E+00      -2.0300295472E+05

| Total ensemble size: 33
| Best acquisition, x_best i_best y_best:
  8.3396675803E+01  1.7781526652E+02  0.0000000000E+00      -2.0300916782E+05
| Global minimum prediction, x_hat mu_hat +- nu_hat:
  5.5615449128E+01  1.8691180475E+02  0.0000000000E+00      -2.0301022062E+05  2.1946680729E-02
| Global minimum convergence, d_xhat d_muhat:
  1.1065943936E+00  3.6703583678E-03

| GP model hyperparameters (lengthscales W kappa):
  5.9905077334E-01  6.0836397327E-01  6.5451072011E+00  9.0580350507E+00  2.1332665337E-12  8.6415399037E-08
| Next sampling location (x_next, i_next):
  2.6136705877E+02  4.4480222076E+00  0.0000000000E+00

Iteration time [s]:   30.702        Total time [s]:   31.980

--------------------------------------------------------------------------------
                                 BO ITERATION 2                                 
--------------------------------------------------------------------------------
| Evaluating objective function at 2.614E+02 4.448E+00 0.000E+00
| Objective function evaluated, time [s]       24.264
| Data point added to dataset (x i y): 
  2.6136705877E+02  4.4480222076E+00  0.0000000000E+00      -2.0301101058E+05

| Total ensemble size: 34
| Best acquisition, x_best i_best y_best:
  2.6136705877E+02  4.4480222076E+00  0.0000000000E+00      -2.0301101058E+05
| Global minimum prediction, x_hat mu_hat +- nu_hat:
  2.7800415348E+02 -8.7876826285E+00  0.0000000000E+00      -2.0301209119E+05  9.0736248490E-01
| Global minimum convergence, d_xhat d_muhat:
  2.9623474675E+02  9.2200798527E-02

| GP model hyperparameters (lengthscales W kappa):
  5.8772005037E-01  5.7810685235E-01  7.5014185697E+00  8.2014765316E+00  1.0776558412E-04  7.0458495629E+00
| Next sampling location (x_next, i_next):
  1.8975041168E+02  7.2146306124E+00  0.0000000000E+00

Iteration time [s]:   25.307        Total time [s]:   57.290

--------------------------------------------------------------------------------
                                 BO ITERATION 3                                 
--------------------------------------------------------------------------------
| Evaluating objective function at 1.898E+02 7.215E+00 0.000E+00
| Objective function evaluated, time [s]       23.540
| Data point added to dataset (x i y): 
  1.8975041168E+02  7.2146306124E+00  0.0000000000E+00      -2.0300890336E+05

| Total ensemble size: 35
| Best acquisition, x_best i_best y_best:
  2.6136705877E+02  4.4480222076E+00  0.0000000000E+00      -2.0301101058E+05
| Global minimum prediction, x_hat mu_hat +- nu_hat:
  2.7886235569E+02 -8.7335696874E+00  0.0000000000E+00      -2.0301215341E+05  1.0272191448E+00
| Global minimum convergence, d_xhat d_muhat:
  8.5990653131E-01  3.0670105338E-03

| GP model hyperparameters (lengthscales W kappa):
  5.9870657733E-01  5.9148401380E-01  7.4641591844E+00  8.3305704243E+00  1.0780821829E-04  9.9629810032E+00
| Next sampling location (x_next, i_next):
 -5.0000000000E+01 -1.7224818734E+01  0.0000000000E+00

Iteration time [s]:   24.602        Total time [s]:   81.895

--------------------------------------------------------------------------------
                                 BO ITERATION 4                                 
--------------------------------------------------------------------------------
| Evaluating objective function at -5.000E+01 -1.722E+01 0.000E+00
| Objective function evaluated, time [s]       23.382
| Data point added to dataset (x i y): 
 -5.0000000000E+01 -1.7224818734E+01  0.0000000000E+00      -2.0300447610E+05

| Total ensemble size: 36
| Best acquisition, x_best i_best y_best:
  2.6136705877E+02  4.4480222076E+00  0.0000000000E+00      -2.0301101058E+05
| Global minimum prediction, x_hat mu_hat +- nu_hat:
  2.6046543608E+02 -3.4034605573E-01  0.0000000000E+00      -2.0301111310E+05  1.0978544094E-01
| Global minimum convergence, d_xhat d_muhat:
  2.0221099226E+01  5.1277207261E-02

| GP model hyperparameters (lengthscales W kappa):
  5.6989014489E-01  5.4370055547E-01  7.3294973432E+00  7.0933594029E+00  1.0787818726E-04  1.5773447566E+01
| Next sampling location (x_next, i_next):
  1.6617263483E+02  1.7903723075E+02  0.0000000000E+00

Iteration time [s]:   24.522        Total time [s]:  106.420

--------------------------------------------------------------------------------
                                 BO ITERATION 5                                 
--------------------------------------------------------------------------------
| Evaluating objective function at 1.662E+02 1.790E+02 0.000E+00
| Objective function evaluated, time [s]       21.963
| Data point added to dataset (x i y): 
  1.6617263483E+02  1.7903723075E+02  0.0000000000E+00      -2.0300799111E+05

| Total ensemble size: 37
| Best acquisition, x_best i_best y_best:
  2.6136705877E+02  4.4480222076E+00  0.0000000000E+00      -2.0301101058E+05
| Global minimum prediction, x_hat mu_hat +- nu_hat:
  2.6013637499E+02  5.0020385378E-02  0.0000000000E+00      -2.0301109874E+05  8.2677933283E-02
| Global minimum convergence, d_xhat d_muhat:
  5.1055573982E-01  7.0768762388E-04

| GP model hyperparameters (lengthscales W kappa):
  5.8105742898E-01  5.6301393212E-01  7.3292960567E+00  7.5273462958E+00  1.0787478394E-04  1.5562440911E+01
| Next sampling location (x_next, i_next):
  2.9606106306E+01  1.9848100744E+02  0.0000000000E+00

Iteration time [s]:   23.362        Total time [s]:  129.785

--------------------------------------------------------------------------------
                                 BO ITERATION 6                                 
--------------------------------------------------------------------------------
| Evaluating objective function at 2.961E+01 1.985E+02 0.000E+00
| Objective function evaluated, time [s]       23.342
| Data point added to dataset (x i y): 
  2.9606106306E+01  1.9848100744E+02  0.0000000000E+00      -2.0300709231E+05

| Total ensemble size: 38
| Best acquisition, x_best i_best y_best:
  2.6136705877E+02  4.4480222076E+00  0.0000000000E+00      -2.0301101058E+05
| Global minimum prediction, x_hat mu_hat +- nu_hat:
  2.5989530865E+02  4.1969773457E-01  0.0000000000E+00      -2.0301108529E+05  6.3628782888E-02
| Global minimum convergence, d_xhat d_muhat:
  4.4133243943E-01  6.6320393533E-04

| GP model hyperparameters (lengthscales W kappa):
  5.9508461810E-01  5.8954676559E-01  7.3705698128E+00  7.9524189859E+00  1.0789175610E-04  1.6958668304E+01
| Next sampling location (x_next, i_next):
  3.0715575370E+02  1.9967975279E+02  0.0000000000E+00

Iteration time [s]:   24.576        Total time [s]:  154.364

--------------------------------------------------------------------------------
                                 BO ITERATION 7                                 
--------------------------------------------------------------------------------
| Evaluating objective function at 3.072E+02 1.997E+02 0.000E+00
| Objective function evaluated, time [s]       23.133
| Data point added to dataset (x i y): 
  3.0715575370E+02  1.9967975279E+02  0.0000000000E+00      -2.0300641619E+05

| Total ensemble size: 39
| Best acquisition, x_best i_best y_best:
  2.6136705877E+02  4.4480222076E+00  0.0000000000E+00      -2.0301101058E+05
| Global minimum prediction, x_hat mu_hat +- nu_hat:
  2.5969318449E+02  5.5726281025E-01  0.0000000000E+00      -2.0301108328E+05  5.7098894535E-02
| Global minimum convergence, d_xhat d_muhat:
  2.4449606328E-01  9.8884411215E-05

| GP model hyperparameters (lengthscales W kappa):
  5.9271389936E-01  5.8633848375E-01  7.2226825443E+00  8.0006399338E+00  1.0786881789E-04  1.5512085653E+01
| Next sampling location (x_next, i_next):
  2.5486679613E+02 -2.3196930658E+01  0.0000000000E+00

Iteration time [s]:   24.398        Total time [s]:  178.765

--------------------------------------------------------------------------------
                                 BO ITERATION 8                                 
--------------------------------------------------------------------------------
| Evaluating objective function at 2.549E+02 -2.320E+01 0.000E+00
| Objective function evaluated, time [s]       23.294
| Data point added to dataset (x i y): 
  2.5486679613E+02 -2.3196930658E+01  0.0000000000E+00      -2.0300883330E+05

| Total ensemble size: 40
| Best acquisition, x_best i_best y_best:
  2.6136705877E+02  4.4480222076E+00  0.0000000000E+00      -2.0301101058E+05
| Global minimum prediction, x_hat mu_hat +- nu_hat:
  2.5946509716E+02  6.3482723184E-01  0.0000000000E+00      -2.0301108189E+05  7.4390348714E-03
| Global minimum convergence, d_xhat d_muhat:
  2.4091506508E-01  6.8720947704E-05

| GP model hyperparameters (lengthscales W kappa):
  6.0228005265E-01  6.0787913793E-01  7.3069220580E+00  8.3615811629E+00  3.7216438388E-05  1.6036689013E+01
| Next sampling location (x_next, i_next):
  4.4181614795E+01  1.5383574719E+02  0.0000000000E+00

Iteration time [s]:   24.859        Total time [s]:  203.627

--------------------------------------------------------------------------------
                                 BO ITERATION 9                                 
--------------------------------------------------------------------------------
| Evaluating objective function at 4.418E+01 1.538E+02 0.000E+00
| Objective function evaluated, time [s]       23.388
| Data point added to dataset (x i y): 
  4.4181614795E+01  1.5383574719E+02  0.0000000000E+00      -2.0300573263E+05

| Total ensemble size: 41
| Best acquisition, x_best i_best y_best:
  2.6136705877E+02  4.4480222076E+00  0.0000000000E+00      -2.0301101058E+05
| Global minimum prediction, x_hat mu_hat +- nu_hat:
  2.6000298370E+02  2.8257264743E-01  0.0000000000E+00      -2.0301108893E+05  6.6455736481E-03
| Global minimum convergence, d_xhat d_muhat:
  6.4296595271E-01  3.4687475213E-04

| GP model hyperparameters (lengthscales W kappa):
  6.1016000165E-01  6.2449188030E-01  7.5919566485E+00  8.6586689196E+00  3.7215132985E-05  1.5506788128E+01
| Next sampling location (x_next, i_next):
  1.3396698038E+02  1.6113281553E+02  0.0000000000E+00

Iteration time [s]:   24.829        Total time [s]:  228.458

--------------------------------------------------------------------------------
                                BO ITERATION 10                                 
--------------------------------------------------------------------------------
| Evaluating objective function at 1.340E+02 1.611E+02 0.000E+00
| Objective function evaluated, time [s]       23.106
| Data point added to dataset (x i y): 
  1.3396698038E+02  1.6113281553E+02  0.0000000000E+00      -2.0300595593E+05

| Total ensemble size: 42
| Best acquisition, x_best i_best y_best:
  2.6136705877E+02  4.4480222076E+00  0.0000000000E+00      -2.0301101058E+05
| Global minimum prediction, x_hat mu_hat +- nu_hat:
  2.6112475073E+02 -5.8650826667E-01  0.0000000000E+00      -2.0301111686E+05  8.0653893019E-03
| Global minimum convergence, d_xhat d_muhat:
  1.4190359058E+00  1.3767288641E-03

| GP model hyperparameters (lengthscales W kappa):
  6.1970253710E-01  6.3438004301E-01  8.2120447871E+00  8.9244563634E+00  3.7212535539E-05  1.4043436702E+01
| Next sampling location (x_next, i_next):
  1.8082082359E+02 -3.4983353863E+01  0.0000000000E+00

Iteration time [s]:   24.484        Total time [s]:  252.946

--------------------------------------------------------------------------------
                                BO ITERATION 11                                 
--------------------------------------------------------------------------------
| Evaluating objective function at 1.808E+02 -3.498E+01 0.000E+00
| Objective function evaluated, time [s]       24.410
| Data point added to dataset (x i y): 
  1.8082082359E+02 -3.4983353863E+01  0.0000000000E+00      -2.0299671669E+05

| Total ensemble size: 43
| Best acquisition, x_best i_best y_best:
  2.6136705877E+02  4.4480222076E+00  0.0000000000E+00      -2.0301101058E+05
| Global minimum prediction, x_hat mu_hat +- nu_hat:
  2.5491305124E+02 -1.5277679807E+00  0.0000000000E+00      -2.0301142149E+05  8.9733484774E-02
| Global minimum convergence, d_xhat d_muhat:
  6.2826093622E+00  1.5015201402E-02

| GP model hyperparameters (lengthscales W kappa):
  5.7798272904E-01  4.1491520763E-01  6.4700502018E+00  6.4733600516E+00  3.8805539084E+00  9.1094902709E+00
| Next sampling location (x_next, i_next):
  1.9527833735E+02  8.8274094611E+01  0.0000000000E+00

Iteration time [s]:   26.224        Total time [s]:  279.174

--------------------------------------------------------------------------------
                                BO ITERATION 12                                 
--------------------------------------------------------------------------------
| Evaluating objective function at 1.953E+02 8.827E+01 0.000E+00
| Objective function evaluated, time [s]       23.321
| Data point added to dataset (x i y): 
  1.9527833735E+02  8.8274094611E+01  0.0000000000E+00      -2.0299115204E+05

| Total ensemble size: 44
| Best acquisition, x_best i_best y_best:
  2.6136705877E+02  4.4480222076E+00  0.0000000000E+00      -2.0301101058E+05
| Global minimum prediction, x_hat mu_hat +- nu_hat:
  2.5870535315E+02 -3.7018221580E+00  0.0000000000E+00      -2.0301152807E+05  6.3039569489E-02
| Global minimum convergence, d_xhat d_muhat:
  4.3712773189E+00  4.5915337825E-03

| GP model hyperparameters (lengthscales W kappa):
  5.8588143652E-01  4.5814159103E-01  7.6849297056E+00  7.6813921389E+00  9.6339412906E+00  5.7238518216E-01
| Next sampling location (x_next, i_next):
  7.9920686938E+01  2.2125987992E+02  0.0000000000E+00

Iteration time [s]:   25.056        Total time [s]:  304.234

--------------------------------------------------------------------------------
                                BO ITERATION 13                                 
--------------------------------------------------------------------------------
| Evaluating objective function at 7.992E+01 2.213E+02 0.000E+00
| Objective function evaluated, time [s]       22.222
| Data point added to dataset (x i y): 
  7.9920686938E+01  2.2125987992E+02  0.0000000000E+00      -2.0300111436E+05

| Total ensemble size: 45
| Best acquisition, x_best i_best y_best:
  2.6136705877E+02  4.4480222076E+00  0.0000000000E+00      -2.0301101058E+05
| Global minimum prediction, x_hat mu_hat +- nu_hat:
  2.5928006322E+02 -4.2798984663E+00  0.0000000000E+00      -2.0301160613E+05  7.4715637258E-02
| Global minimum convergence, d_xhat d_muhat:
  8.1514653850E-01  3.3961215931E-03

| GP model hyperparameters (lengthscales W kappa):
  5.9125231405E-01  4.4365772484E-01  7.8461565332E+00  7.5028849745E+00  1.0154877263E+01  4.6735303374E-04
| Next sampling location (x_next, i_next):
  2.3067256813E+02  4.4940286411E+00  0.0000000000E+00

Iteration time [s]:   24.008        Total time [s]:  328.245

--------------------------------------------------------------------------------
                                BO ITERATION 14                                 
--------------------------------------------------------------------------------
| Evaluating objective function at 2.307E+02 4.494E+00 0.000E+00
| Objective function evaluated, time [s]       23.214
| Data point added to dataset (x i y): 
  2.3067256813E+02  4.4940286411E+00  0.0000000000E+00      -2.0301228327E+05

| Total ensemble size: 46
| Best acquisition, x_best i_best y_best:
  2.3067256813E+02  4.4940286411E+00  0.0000000000E+00      -2.0301228327E+05
| Global minimum prediction, x_hat mu_hat +- nu_hat:
  2.3740801750E+02  2.8701085090E+00  0.0000000000E+00      -2.0301235076E+05  1.1650995735E-02
| Global minimum convergence, d_xhat d_muhat:
  2.3011062205E+01  3.1706755640E-02

| GP model hyperparameters (lengthscales W kappa):
  5.9622531781E-01  3.9886030637E-01  6.9717617445E+00  6.9720803416E+00  1.2620388305E+01  1.2297814344E+00
| Next sampling location (x_next, i_next):
 -3.9236651133E+01  1.7016701072E+02  0.0000000000E+00

Iteration time [s]:   25.050        Total time [s]:  353.300

--------------------------------------------------------------------------------
                                BO ITERATION 15                                 
--------------------------------------------------------------------------------
| Evaluating objective function at -3.924E+01 1.702E+02 0.000E+00
| Objective function evaluated, time [s]       24.359
| Data point added to dataset (x i y): 
 -3.9236651133E+01  1.7016701072E+02  0.0000000000E+00      -2.0300795096E+05

| Total ensemble size: 47
| Best acquisition, x_best i_best y_best:
  2.3067256813E+02  4.4940286411E+00  0.0000000000E+00      -2.0301228327E+05
| Global minimum prediction, x_hat mu_hat +- nu_hat:
  2.3752333133E+02  2.6940976747E+00  0.0000000000E+00      -2.0301235327E+05  1.2302123401E-02
| Global minimum convergence, d_xhat d_muhat:
  2.1042122607E-01  1.0581820621E-04

| GP model hyperparameters (lengthscales W kappa):
  6.0696878416E-01  4.0912918739E-01  7.2490955271E+00  7.1570171120E+00  1.2767188724E+01  1.2999663896E+00
| Next sampling location (x_next, i_next):
  1.8429724701E+02  2.1565885901E+02  0.0000000000E+00

Iteration time [s]:   26.728        Total time [s]:  380.032

--------------------------------------------------------------------------------
                                BO ITERATION 16                                 
--------------------------------------------------------------------------------
| Evaluating objective function at 1.843E+02 2.157E+02 0.000E+00
| Objective function evaluated, time [s]       22.565
| Data point added to dataset (x i y): 
  1.8429724701E+02  2.1565885901E+02  0.0000000000E+00      -2.0300171215E+05

| Total ensemble size: 48
| Best acquisition, x_best i_best y_best:
  2.3067256813E+02  4.4940286411E+00  0.0000000000E+00      -2.0301228327E+05
| Global minimum prediction, x_hat mu_hat +- nu_hat:
  2.3761850346E+02  2.6723724092E+00  0.0000000000E+00      -2.0301235558E+05  1.1565041503E-02
| Global minimum convergence, d_xhat d_muhat:
  9.7620300498E-02  9.8209234751E-05

| GP model hyperparameters (lengthscales W kappa):
  6.1076436087E-01  4.1153345407E-01  7.2221433783E+00  7.2460956151E+00  1.1764656232E+01  8.2703173967E-01
| Next sampling location (x_next, i_next):
  2.4367902870E+02 -3.9302111881E+00  0.0000000000E+00

Iteration time [s]:   24.531        Total time [s]:  404.567

--------------------------------------------------------------------------------
                                BO ITERATION 17                                 
--------------------------------------------------------------------------------
| Evaluating objective function at 2.437E+02 -3.930E+00 0.000E+00
| Objective function evaluated, time [s]       23.730
| Data point added to dataset (x i y): 
  2.4367902870E+02 -3.9302111881E+00  0.0000000000E+00      -2.0301224844E+05

| Total ensemble size: 49
| Best acquisition, x_best i_best y_best:
  2.3067256813E+02  4.4940286411E+00  0.0000000000E+00      -2.0301228327E+05
| Global minimum prediction, x_hat mu_hat +- nu_hat:
  2.3922020642E+02  1.0497996314E+00  0.0000000000E+00      -2.0301241842E+05  1.4254579934E-03
| Global minimum convergence, d_xhat d_muhat:
  2.2799549983E+00  2.6314405179E-03

| GP model hyperparameters (lengthscales W kappa):
  6.2582437586E-01  4.3614850374E-01  7.7464845193E+00  7.6942160325E+00  1.4148163870E+01  4.9389085369E-03
| Next sampling location (x_next, i_next):
  2.2344752684E+02 -1.0488407075E+00  0.0000000000E+00

Iteration time [s]:   26.129        Total time [s]:  430.700

--------------------------------------------------------------------------------
                                BO ITERATION 18                                 
--------------------------------------------------------------------------------
| Evaluating objective function at 2.234E+02 -1.049E+00 0.000E+00
| Objective function evaluated, time [s]       23.863
| Data point added to dataset (x i y): 
  2.2344752684E+02 -1.0488407075E+00  0.0000000000E+00      -2.0301191843E+05

| Total ensemble size: 50
| Best acquisition, x_best i_best y_best:
  2.3067256813E+02  4.4940286411E+00  0.0000000000E+00      -2.0301228327E+05
| Global minimum prediction, x_hat mu_hat +- nu_hat:
  2.3850172679E+02  9.1689407641E-01  0.0000000000E+00      -2.0301241133E+05  6.1675174292E-04
| Global minimum convergence, d_xhat d_muhat:
  7.3066878604E-01  2.9255649747E-04

| GP model hyperparameters (lengthscales W kappa):
  6.4405643272E-01  4.4529067058E-01  7.9396908179E+00  7.9328135079E+00  1.5134046418E+01  2.5337415513E-01
| Next sampling location (x_next, i_next):
  2.3936868540E+02  1.5315293690E+00  0.0000000000E+00

Iteration time [s]:   26.058        Total time [s]:  456.762

--------------------------------------------------------------------------------
                                BO ITERATION 19                                 
--------------------------------------------------------------------------------
| Evaluating objective function at 2.394E+02 1.532E+00 0.000E+00
| Objective function evaluated, time [s]       23.773
| Data point added to dataset (x i y): 
  2.3936868540E+02  1.5315293690E+00  0.0000000000E+00      -2.0301235563E+05

| Total ensemble size: 51
| Best acquisition, x_best i_best y_best:
  2.3936868540E+02  1.5315293690E+00  0.0000000000E+00      -2.0301235563E+05
| Global minimum prediction, x_hat mu_hat +- nu_hat:
  2.3815123325E+02  7.2617891625E-01  0.0000000000E+00      -2.0301236838E+05  2.3831707329E-05
| Global minimum convergence, d_xhat d_muhat:
  3.9902129719E-01  1.7502563566E-03

| GP model hyperparameters (lengthscales W kappa):
  6.2775652059E-01  4.6090693681E-01  8.4523451907E+00  7.8210195951E+00  1.8379620124E+01  5.1551820349E-01
| Next sampling location (x_next, i_next):
  2.1962833603E+02  1.7684998925E+02  0.0000000000E+00

Iteration time [s]:   25.593        Total time [s]:  482.359

--------------------------------------------------------------------------------
                                BO ITERATION 20                                 
--------------------------------------------------------------------------------
| Evaluating objective function at 2.196E+02 1.768E+02 0.000E+00
| Objective function evaluated, time [s]       22.882
| Data point added to dataset (x i y): 
  2.1962833603E+02  1.7684998925E+02  0.0000000000E+00      -2.0300691412E+05

| Total ensemble size: 52
| Best acquisition, x_best i_best y_best:
  2.3936868540E+02  1.5315293690E+00  0.0000000000E+00      -2.0301235563E+05
| Global minimum prediction, x_hat mu_hat +- nu_hat:
  2.3807496767E+02  7.3119220742E-01  0.0000000000E+00      -2.0301236873E+05  2.4408425181E-05
| Global minimum convergence, d_xhat d_muhat:
  7.6430173989E-02  1.4479647231E-05

| GP model hyperparameters (lengthscales W kappa):
  6.3317335227E-01  4.3787657381E-01  7.9304310823E+00  7.6536860201E+00  1.8401590293E+01  5.2218207934E-01
| Next sampling location (x_next, i_next):
 -1.8804071211E+01  9.3636680782E+01  0.0000000000E+00

Iteration time [s]:   24.830        Total time [s]:  507.193

--------------------------------------------------------------------------------
                                BO ITERATION 21                                 
--------------------------------------------------------------------------------
| Evaluating objective function at -1.880E+01 9.364E+01 0.000E+00
| Objective function evaluated, time [s]       23.625
| Data point added to dataset (x i y): 
 -1.8804071211E+01  9.3636680782E+01  0.0000000000E+00      -2.0298952615E+05

| Total ensemble size: 53
| Best acquisition, x_best i_best y_best:
  2.3936868540E+02  1.5315293690E+00  0.0000000000E+00      -2.0301235563E+05
| Global minimum prediction, x_hat mu_hat +- nu_hat:
  2.3819713606E+02  7.2052931831E-01  0.0000000000E+00      -2.0301236817E+05  2.3110369033E-05
| Global minimum convergence, d_xhat d_muhat:
  1.2263283686E-01  2.2122711717E-05

| GP model hyperparameters (lengthscales W kappa):
  6.2593593555E-01  4.5937942895E-01  8.3884534909E+00  7.7187929873E+00  1.7915559497E+01  4.1719654231E-01
| Next sampling location (x_next, i_next):
  2.7792723074E+02  1.8009478343E+02  0.0000000000E+00

Iteration time [s]:   25.719        Total time [s]:  532.916

--------------------------------------------------------------------------------
                                BO ITERATION 22                                 
--------------------------------------------------------------------------------
| Evaluating objective function at 2.779E+02 1.801E+02 0.000E+00
| Objective function evaluated, time [s]       23.625
| Data point added to dataset (x i y): 
  2.7792723074E+02  1.8009478343E+02  0.0000000000E+00      -2.0300798425E+05

| Total ensemble size: 54
| Best acquisition, x_best i_best y_best:
  2.3936868540E+02  1.5315293690E+00  0.0000000000E+00      -2.0301235563E+05
| Global minimum prediction, x_hat mu_hat +- nu_hat:
  2.3820619898E+02  7.1969840902E-01  0.0000000000E+00      -2.0301236812E+05  2.1074617285E-05
| Global minimum convergence, d_xhat d_muhat:
  9.1009334886E-03  2.0332850076E-06

| GP model hyperparameters (lengthscales W kappa):
  6.3752326872E-01  4.6273687978E-01  8.4802653895E+00  7.9018130262E+00  1.8220670813E+01  2.3409796870E-04
| Next sampling location (x_next, i_next):
  2.5537509759E+02 -4.5998031241E+00  0.0000000000E+00

Iteration time [s]:   26.149        Total time [s]:  559.069

--------------------------------------------------------------------------------
                                BO ITERATION 23                                 
--------------------------------------------------------------------------------
| Evaluating objective function at 2.554E+02 -4.600E+00 0.000E+00
| Objective function evaluated, time [s]       24.299
| Data point added to dataset (x i y): 
  2.5537509759E+02 -4.5998031241E+00  0.0000000000E+00      -2.0301205388E+05

| Total ensemble size: 55
| Best acquisition, x_best i_best y_best:
  2.3936868540E+02  1.5315293690E+00  0.0000000000E+00      -2.0301235563E+05
| Global minimum prediction, x_hat mu_hat +- nu_hat:
  2.3780205224E+02  7.3495175238E-01  0.0000000000E+00      -2.0301237044E+05  1.8352115111E-05
| Global minimum convergence, d_xhat d_muhat:
  4.0443448917E-01  8.9771761946E-05

| GP model hyperparameters (lengthscales W kappa):
  6.3664691078E-01  4.7269647492E-01  8.1683633156E+00  8.0163826137E+00  1.9936873279E+01  2.3419625630E-04
| Next sampling location (x_next, i_next):
  2.3641350572E+02  6.8973803374E-01  0.0000000000E+00

Iteration time [s]:   26.399        Total time [s]:  585.472

--------------------------------------------------------------------------------
                                BO ITERATION 24                                 
--------------------------------------------------------------------------------
| Evaluating objective function at 2.364E+02 6.897E-01 0.000E+00
| Objective function evaluated, time [s]       23.751
| Acquisition location too confident, doing pure exploration
| Data point added to dataset (x i y): 
  2.3641350572E+02  6.8973803374E-01  0.0000000000E+00      -2.0301237190E+05

| Total ensemble size: 56
| Best acquisition, x_best i_best y_best:
  2.3641350572E+02  6.8973803374E-01  0.0000000000E+00      -2.0301237190E+05
| Global minimum prediction, x_hat mu_hat +- nu_hat:
  2.3750217734E+02  7.2055787724E-01  0.0000000000E+00      -2.0301237392E+05  4.2722723048E-08
| Global minimum convergence, d_xhat d_muhat:
  3.0022015021E-01  1.3306421121E-04

| GP model hyperparameters (lengthscales W kappa):
  6.3479291721E-01  4.8548443877E-01  8.3858273387E+00  8.2160769368E+00  2.0020721736E+01  2.5540975954E-03
| Next sampling location (x_next, i_next):
  5.3650593833E+01  2.1883481686E+01  0.0000000000E+00

Iteration time [s]:   26.754        Total time [s]:  612.230

--------------------------------------------------------------------------------
                                BO ITERATION 25                                 
--------------------------------------------------------------------------------
| Evaluating objective function at 5.365E+01 2.188E+01 0.000E+00
| Objective function evaluated, time [s]       23.829
| Data point added to dataset (x i y): 
  5.3650593833E+01  2.1883481686E+01  0.0000000000E+00      -2.0300165553E+05

| Total ensemble size: 57
| Best acquisition, x_best i_best y_best:
  2.3641350572E+02  6.8973803374E-01  0.0000000000E+00      -2.0301237190E+05
| Global minimum prediction, x_hat mu_hat +- nu_hat:
  2.3749161699E+02  7.2432953671E-01  0.0000000000E+00      -2.0301237391E+05  4.7371136258E-08
| Global minimum convergence, d_xhat d_muhat:
  1.1213663656E-02  5.3841163152E-07

| GP model hyperparameters (lengthscales W kappa):
  5.9427805337E-01  5.0288382774E-01  8.0077660796E+00  7.8161994293E+00  2.3486427110E+01  2.5777385555E-03
| Next sampling location (x_next, i_next):
  3.9643018688E+01  3.0838744828E+02  0.0000000000E+00

Iteration time [s]:   25.811        Total time [s]:  638.045

--------------------------------------------------------------------------------
                                BO ITERATION 26                                 
--------------------------------------------------------------------------------
| Evaluating objective function at 3.964E+01 3.084E+02 0.000E+00
| Objective function evaluated, time [s]       23.481
| Acquisition location too confident, doing pure exploration
| Data point added to dataset (x i y): 
  3.9643018688E+01  3.0838744828E+02  0.0000000000E+00      -2.0299261557E+05

| Total ensemble size: 58
| Best acquisition, x_best i_best y_best:
  2.3641350572E+02  6.8973803374E-01  0.0000000000E+00      -2.0301237190E+05
| Global minimum prediction, x_hat mu_hat +- nu_hat:
  2.3745879784E+02  7.3775356173E-01  0.0000000000E+00      -2.0301237387E+05  4.3629176627E-08
| Global minimum convergence, d_xhat d_muhat:
  3.5458447248E-02  1.2720348036E-06

| GP model hyperparameters (lengthscales W kappa):
  5.9968991771E-01  4.7957233206E-01  7.6136713323E+00  7.6210933814E+00  2.2741496237E+01  2.5729334354E-03
| Next sampling location (x_next, i_next):
  1.0048420588E+02  8.1704216592E+01  0.0000000000E+00

Iteration time [s]:   26.399        Total time [s]:  664.448

--------------------------------------------------------------------------------
                                BO ITERATION 27                                 
--------------------------------------------------------------------------------
| Evaluating objective function at 1.005E+02 8.170E+01 0.000E+00
| Objective function evaluated, time [s]       23.324
| Acquisition location too confident, doing pure exploration
| Data point added to dataset (x i y): 
  1.0048420588E+02  8.1704216592E+01  0.0000000000E+00      -2.0298906068E+05

| Total ensemble size: 59
| Best acquisition, x_best i_best y_best:
  2.3641350572E+02  6.8973803374E-01  0.0000000000E+00      -2.0301237190E+05
| Global minimum prediction, x_hat mu_hat +- nu_hat:
  2.3746992718E+02  7.3569546696E-01  0.0000000000E+00      -2.0301237391E+05  5.0068669122E-08
| Global minimum convergence, d_xhat d_muhat:
  1.1318043854E-02  1.4005676006E-06

| GP model hyperparameters (lengthscales W kappa):
  5.8776033025E-01  4.6204632711E-01  7.3727668801E+00  7.3248438459E+00  2.2359409055E+01  2.1236661626E-03
| Next sampling location (x_next, i_next):
  2.9438782602E+02  2.6373488542E+02  0.0000000000E+00

Iteration time [s]:   26.635        Total time [s]:  691.087

--------------------------------------------------------------------------------
                                BO ITERATION 28                                 
--------------------------------------------------------------------------------
| Evaluating objective function at 2.944E+02 2.637E+02 0.000E+00
| Objective function evaluated, time [s]       23.345
| Acquisition location too confident, doing pure exploration
| Data point added to dataset (x i y): 
  2.9438782602E+02  2.6373488542E+02  0.0000000000E+00      -2.0299177423E+05

| Total ensemble size: 60
| Best acquisition, x_best i_best y_best:
  2.3641350572E+02  6.8973803374E-01  0.0000000000E+00      -2.0301237190E+05
| Global minimum prediction, x_hat mu_hat +- nu_hat:
  2.3746500392E+02  7.3867264811E-01  0.0000000000E+00      -2.0301237391E+05  4.7230491429E-08
| Global minimum convergence, d_xhat d_muhat:
  5.7534472664E-03  8.4906925017E-08

| GP model hyperparameters (lengthscales W kappa):
  5.7897050040E-01  4.6970029595E-01  7.5743532059E+00  7.3156069029E+00  1.9925311928E+01  2.1120424403E-03
| Next sampling location (x_next, i_next):
  2.6241486634E+02  8.4512639210E+01  0.0000000000E+00

Iteration time [s]:   26.508        Total time [s]:  717.599

--------------------------------------------------------------------------------
                                BO ITERATION 29                                 
--------------------------------------------------------------------------------
| Evaluating objective function at 2.624E+02 8.451E+01 0.000E+00
| Objective function evaluated, time [s]       23.629
| Acquisition location too confident, doing pure exploration
| Data point added to dataset (x i y): 
  2.6241486634E+02  8.4512639210E+01  0.0000000000E+00      -2.0298862273E+05

| Total ensemble size: 61
| Best acquisition, x_best i_best y_best:
  2.3641350572E+02  6.8973803374E-01  0.0000000000E+00      -2.0301237190E+05
| Global minimum prediction, x_hat mu_hat +- nu_hat:
  2.3749137096E+02  7.2899596894E-01  0.0000000000E+00      -2.0301237394E+05  4.4765732365E-08
| Global minimum convergence, d_xhat d_muhat:
  2.8086633043E-02  1.4316587025E-06

| GP model hyperparameters (lengthscales W kappa):
  5.7349374956E-01  4.8037771758E-01  7.7472424660E+00  7.3798191608E+00  1.8163196419E+01  2.1033194204E-03
| Next sampling location (x_next, i_next):
  1.5232192610E+02  2.6755327126E+02  0.0000000000E+00

Iteration time [s]:   26.826        Total time [s]:  744.429

--------------------------------------------------------------------------------
                                BO ITERATION 30                                 
--------------------------------------------------------------------------------
| Evaluating objective function at 1.523E+02 2.676E+02 0.000E+00
| Objective function evaluated, time [s]       23.906
| Acquisition location too confident, doing pure exploration
| Data point added to dataset (x i y): 
  1.5232192610E+02  2.6755327126E+02  0.0000000000E+00      -2.0298884726E+05

| Total ensemble size: 62
| Best acquisition, x_best i_best y_best:
  2.3641350572E+02  6.8973803374E-01  0.0000000000E+00      -2.0301237190E+05
| Global minimum prediction, x_hat mu_hat +- nu_hat:
  2.3749946269E+02  7.2667042763E-01  0.0000000000E+00      -2.0301237396E+05  4.6003938348E-08
| Global minimum convergence, d_xhat d_muhat:
  8.4192830522E-03  6.0078183343E-07

| GP model hyperparameters (lengthscales W kappa):
  5.6610813987E-01  4.7611253993E-01  7.7099410774E+00  7.2914238891E+00  1.5471673098E+01  2.0903181370E-03
| Next sampling location (x_next, i_next):
  1.1868032614E+01  5.3919814564E+01  0.0000000000E+00

Iteration time [s]:   27.261        Total time [s]:  771.694

--------------------------------------------------------------------------------
                                BO ITERATION 31                                 
--------------------------------------------------------------------------------
| Evaluating objective function at 1.187E+01 5.392E+01 0.000E+00
| Objective function evaluated, time [s]       24.709
| Acquisition location too confident, doing pure exploration
| Data point added to dataset (x i y): 
  1.1868032614E+01  5.3919814564E+01  0.0000000000E+00      -2.0299331810E+05

| Total ensemble size: 63
| Best acquisition, x_best i_best y_best:
  2.3641350572E+02  6.8973803374E-01  0.0000000000E+00      -2.0301237190E+05
| Global minimum prediction, x_hat mu_hat +- nu_hat:
  2.3748292515E+02  7.3310882253E-01  0.0000000000E+00      -2.0301237393E+05  4.3726847831E-08
| Global minimum convergence, d_xhat d_muhat:
  1.7746644932E-02  1.0422521658E-06

| GP model hyperparameters (lengthscales W kappa):
  5.7684676052E-01  4.5040094044E-01  6.9649692541E+00  7.0140142729E+00  1.5961405813E+01  2.0926074951E-03
| Next sampling location (x_next, i_next):
  2.2268716046E+01  2.5589909103E+02  0.0000000000E+00

Iteration time [s]:   27.726        Total time [s]:  799.424

--------------------------------------------------------------------------------
                                BO ITERATION 32                                 
--------------------------------------------------------------------------------
| Evaluating objective function at 2.227E+01 2.559E+02 0.000E+00
| Objective function evaluated, time [s]       23.363
| Acquisition location too confident, doing pure exploration
| Data point added to dataset (x i y): 
  2.2268716046E+01  2.5589909103E+02  0.0000000000E+00      -2.0299119795E+05

| Total ensemble size: 64
| Best acquisition, x_best i_best y_best:
  2.3641350572E+02  6.8973803374E-01  0.0000000000E+00      -2.0301237190E+05
| Global minimum prediction, x_hat mu_hat +- nu_hat:
  2.3748422496E+02  7.3283413230E-01  0.0000000000E+00      -2.0301237394E+05  4.3102323399E-08
| Global minimum convergence, d_xhat d_muhat:
  1.3285243945E-03  1.4013838836E-07

| GP model hyperparameters (lengthscales W kappa):
  5.7284791714E-01  4.5501539052E-01  7.0491870588E+00  7.0220601552E+00  1.4735931698E+01  2.0873073945E-03
| Next sampling location (x_next, i_next):
  2.1262236151E+02  2.7550057498E+02  0.0000000000E+00

Iteration time [s]:   26.568        Total time [s]:  825.996

--------------------------------------------------------------------------------
                                BO ITERATION 33                                 
--------------------------------------------------------------------------------
| Evaluating objective function at 2.126E+02 2.755E+02 0.000E+00
| Objective function evaluated, time [s]       21.980
| Acquisition location too confident, doing pure exploration
| Data point added to dataset (x i y): 
  2.1262236151E+02  2.7550057498E+02  0.0000000000E+00      -2.0298848697E+05

| Total ensemble size: 65
| Best acquisition, x_best i_best y_best:
  2.3641350572E+02  6.8973803374E-01  0.0000000000E+00      -2.0301237190E+05
| Global minimum prediction, x_hat mu_hat +- nu_hat:
  2.3750034136E+02  7.2699199754E-01  0.0000000000E+00      -2.0301237395E+05  4.3783350190E-08
| Global minimum convergence, d_xhat d_muhat:
  1.7142599967E-02  7.2424599800E-07

| GP model hyperparameters (lengthscales W kappa):
  5.7205212498E-01  4.4597732751E-01  6.8477716974E+00  6.9053113642E+00  1.3459210587E+01  2.0820270364E-03
| Next sampling location (x_next, i_next):
  1.2287469588E+01 -5.7148588866E+00  0.0000000000E+00

Iteration time [s]:   25.346        Total time [s]:  851.346

--------------------------------------------------------------------------------
                                BO ITERATION 34                                 
--------------------------------------------------------------------------------
| Evaluating objective function at 1.229E+01 -5.715E+00 0.000E+00
| Objective function evaluated, time [s]       23.737
| Acquisition location too confident, doing pure exploration
| Data point added to dataset (x i y): 
  1.2287469588E+01 -5.7148588866E+00  0.0000000000E+00      -2.0299239991E+05

| Total ensemble size: 66
| Best acquisition, x_best i_best y_best:
  2.3641350572E+02  6.8973803374E-01  0.0000000000E+00      -2.0301237190E+05
| Global minimum prediction, x_hat mu_hat +- nu_hat:
  2.3746855868E+02  7.3756550049E-01  0.0000000000E+00      -2.0301237393E+05  5.1610816865E-08
| Global minimum convergence, d_xhat d_muhat:
  3.3495338124E-02  9.0983606074E-07

| GP model hyperparameters (lengthscales W kappa):
  5.3755635114E-01  4.4408272043E-01  7.3766806548E+00  6.7963734254E+00  1.0638473912E+01  2.0674709637E-03
| Next sampling location (x_next, i_next):
  1.5682576689E+02  6.0469068411E+01  0.0000000000E+00

Iteration time [s]:   27.381        Total time [s]:  878.731

--------------------------------------------------------------------------------
                                BO ITERATION 35                                 
--------------------------------------------------------------------------------
| Evaluating objective function at 1.568E+02 6.047E+01 0.000E+00
| Objective function evaluated, time [s]       23.448
| Acquisition location too confident, doing pure exploration
| Data point added to dataset (x i y): 
  1.5682576689E+02  6.0469068411E+01  0.0000000000E+00      -2.0299558357E+05

| Total ensemble size: 67
| Best acquisition, x_best i_best y_best:
  2.3641350572E+02  6.8973803374E-01  0.0000000000E+00      -2.0301237190E+05
| Global minimum prediction, x_hat mu_hat +- nu_hat:
  2.3745276048E+02  7.3897636865E-01  0.0000000000E+00      -2.0301237388E+05  4.8489210780E-08
| Global minimum convergence, d_xhat d_muhat:
  1.5861071844E-02  2.2498314066E-06

| GP model hyperparameters (lengthscales W kappa):
  5.3967781981E-01  4.3777305684E-01  7.3179574782E+00  6.7976333541E+00  1.0246067041E+01  2.0654032803E-03
| Next sampling location (x_next, i_next):
  2.4831387459E+02  2.3404354099E+02  0.0000000000E+00

Iteration time [s]:   27.036        Total time [s]:  905.771

--------------------------------------------------------------------------------
                                BO ITERATION 36                                 
--------------------------------------------------------------------------------
| Evaluating objective function at 2.483E+02 2.340E+02 0.000E+00
| Objective function evaluated, time [s]       22.316
| Acquisition location too confident, doing pure exploration
| Data point added to dataset (x i y): 
  2.4831387459E+02  2.3404354099E+02  0.0000000000E+00      -2.0299462715E+05

| Total ensemble size: 68
| Best acquisition, x_best i_best y_best:
  2.3641350572E+02  6.8973803374E-01  0.0000000000E+00      -2.0301237190E+05
| Global minimum prediction, x_hat mu_hat +- nu_hat:
  2.3745234160E+02  7.3887385742E-01  0.0000000000E+00      -2.0301237388E+05  4.6192146907E-08
| Global minimum convergence, d_xhat d_muhat:
  4.3124443530E-04  9.5896119350E-09

| GP model hyperparameters (lengthscales W kappa):
  5.3994552837E-01  4.4357209031E-01  7.3364879286E+00  6.8703022164E+00  9.9445921160E+00  2.0638285323E-03
| Next sampling location (x_next, i_next):
  2.2844548808E+02  1.2111990635E+02  0.0000000000E+00

Iteration time [s]:   26.034        Total time [s]:  931.808

--------------------------------------------------------------------------------
                                BO ITERATION 37                                 
--------------------------------------------------------------------------------
| Evaluating objective function at 2.284E+02 1.211E+02 0.000E+00
| Objective function evaluated, time [s]       22.195
| Acquisition location too confident, doing pure exploration
| Data point added to dataset (x i y): 
  2.2844548808E+02  1.2111990635E+02  0.0000000000E+00      -2.0299339605E+05

| Total ensemble size: 69
| Best acquisition, x_best i_best y_best:
  2.3641350572E+02  6.8973803374E-01  0.0000000000E+00      -2.0301237190E+05
| Global minimum prediction, x_hat mu_hat +- nu_hat:
  2.3745341114E+02  7.3777622878E-01  0.0000000000E+00      -2.0301237388E+05  4.5398371196E-08
| Global minimum convergence, d_xhat d_muhat:
  1.5325491298E-03  2.9122201429E-09

| GP model hyperparameters (lengthscales W kappa):
  5.3848339856E-01  4.4534453764E-01  7.2502093722E+00  6.8314570203E+00  9.7939967137E+00  2.0630113510E-03
| Next sampling location (x_next, i_next):
  1.7073450430E+02  1.2676403467E+02  0.0000000000E+00

Iteration time [s]:   25.829        Total time [s]:  957.641

--------------------------------------------------------------------------------
                                BO ITERATION 38                                 
--------------------------------------------------------------------------------
| Evaluating objective function at 1.707E+02 1.268E+02 0.000E+00
| Objective function evaluated, time [s]       23.244
| Acquisition location too confident, doing pure exploration
| Data point added to dataset (x i y): 
  1.7073450430E+02  1.2676403467E+02  0.0000000000E+00      -2.0299692568E+05

| Total ensemble size: 70
| Best acquisition, x_best i_best y_best:
  2.3641350572E+02  6.8973803374E-01  0.0000000000E+00      -2.0301237190E+05
| Global minimum prediction, x_hat mu_hat +- nu_hat:
  2.3745530601E+02  7.3713201029E-01  0.0000000000E+00      -2.0301237388E+05  4.4527551335E-08
| Global minimum convergence, d_xhat d_muhat:
  2.0013886092E-03  1.3321031075E-07

| GP model hyperparameters (lengthscales W kappa):
  5.3933584018E-01  4.4717728835E-01  7.2662936937E+00  6.8466376148E+00  9.4421817019E+00  2.0612194119E-03
| Next sampling location (x_next, i_next):
  1.0619044624E+02  2.8405510957E+01  0.0000000000E+00

Iteration time [s]:   26.851        Total time [s]:  984.496

--------------------------------------------------------------------------------
                                BO ITERATION 39                                 
--------------------------------------------------------------------------------
| Evaluating objective function at 1.062E+02 2.841E+01 0.000E+00
| Objective function evaluated, time [s]       23.428
| Acquisition location too confident, doing pure exploration
| Data point added to dataset (x i y): 
  1.0619044624E+02  2.8405510957E+01  0.0000000000E+00      -2.0299062485E+05

| Total ensemble size: 71
| Best acquisition, x_best i_best y_best:
  2.3641350572E+02  6.8973803374E-01  0.0000000000E+00      -2.0301237190E+05
| Global minimum prediction, x_hat mu_hat +- nu_hat:
  2.3746968464E+02  7.3354399986E-01  0.0000000000E+00      -2.0301237390E+05  5.6077544297E-08
| Global minimum convergence, d_xhat d_muhat:
  1.4819540911E-02  8.9565269570E-07

| GP model hyperparameters (lengthscales W kappa):
  5.0961128517E-01  4.5540741595E-01  7.9511878719E+00  6.9741656072E+00  6.9336536709E+00  2.0469184976E-03
| Next sampling location (x_next, i_next):
  3.0018745457E+02  1.1143358866E+02  0.0000000000E+00

Iteration time [s]:   27.162        Total time [s]: 1011.662

--------------------------------------------------------------------------------
                                BO ITERATION 40                                 
--------------------------------------------------------------------------------
| Evaluating objective function at 3.002E+02 1.114E+02 0.000E+00
| Objective function evaluated, time [s]       23.614
| Acquisition location too confident, doing pure exploration
| Data point added to dataset (x i y): 
  3.0018745457E+02  1.1143358866E+02  0.0000000000E+00      -2.0299253287E+05

| Total ensemble size: 72
| Best acquisition, x_best i_best y_best:
  2.3641350572E+02  6.8973803374E-01  0.0000000000E+00      -2.0301237190E+05
| Global minimum prediction, x_hat mu_hat +- nu_hat:
  2.3747654176E+02  7.3070355536E-01  0.0000000000E+00      -2.0301237391E+05  5.3617886930E-08
| Global minimum convergence, d_xhat d_muhat:
  7.4221428143E-03  4.9778249907E-07

| GP model hyperparameters (lengthscales W kappa):
  5.0977582907E-01  4.5759883077E-01  7.9184028290E+00  6.9652400356E+00  6.7411584929E+00  2.0457746382E-03
| Next sampling location (x_next, i_next):
  9.7242757837E+01  2.6547420281E+02  0.0000000000E+00

Iteration time [s]:   27.437        Total time [s]: 1039.103

--------------------------------------------------------------------------------
                                BO ITERATION 41                                 
--------------------------------------------------------------------------------
| Evaluating objective function at 9.724E+01 2.655E+02 0.000E+00
| Objective function evaluated, time [s]       24.489
| Acquisition location too confident, doing pure exploration
| Data point added to dataset (x i y): 
  9.7242757837E+01  2.6547420281E+02  0.0000000000E+00      -2.0299065962E+05

| Total ensemble size: 73
| Best acquisition, x_best i_best y_best:
  2.3641350572E+02  6.8973803374E-01  0.0000000000E+00      -2.0301237190E+05
| Global minimum prediction, x_hat mu_hat +- nu_hat:
  2.3747380356E+02  7.3208544836E-01  0.0000000000E+00      -2.0301237391E+05  5.2872499179E-08
| Global minimum convergence, d_xhat d_muhat:
  3.0671398113E-03  7.9714410773E-08

| GP model hyperparameters (lengthscales W kappa):
  5.0779872494E-01  4.5674888368E-01  7.8720147264E+00  6.9496803190E+00  6.1548204533E+00  2.0424800924E-03
| Next sampling location (x_next, i_next):
 -1.9858364488E+01  2.8573581714E+02  0.0000000000E+00

Iteration time [s]:   28.330        Total time [s]: 1067.437

--------------------------------------------------------------------------------
                                BO ITERATION 42                                 
--------------------------------------------------------------------------------
| Evaluating objective function at -1.986E+01 2.857E+02 0.000E+00
| Objective function evaluated, time [s]       24.138
| Data point added to dataset (x i y): 
 -1.9858364488E+01  2.8573581714E+02  0.0000000000E+00      -2.0299153453E+05

| Total ensemble size: 74
| Best acquisition, x_best i_best y_best:
  2.3641350572E+02  6.8973803374E-01  0.0000000000E+00      -2.0301237190E+05
| Global minimum prediction, x_hat mu_hat +- nu_hat:
  2.3747156110E+02  7.3288586074E-01  0.0000000000E+00      -2.0301237391E+05  5.1401306234E-08
| Global minimum convergence, d_xhat d_muhat:
  2.3810271186E-03  1.2302850676E-07

| GP model hyperparameters (lengthscales W kappa):
  5.0940828561E-01  4.5723481088E-01  7.8544068637E+00  6.9250179594E+00  6.0252996966E+00  2.0998676984E-04
| Next sampling location (x_next, i_next):
  5.6829946481E+01  1.8311386460E+02  0.0000000000E+00

Iteration time [s]:   27.899        Total time [s]: 1095.340

--------------------------------------------------------------------------------
                                BO ITERATION 43                                 
--------------------------------------------------------------------------------
| Evaluating objective function at 5.683E+01 1.831E+02 0.000E+00
| Objective function evaluated, time [s]       24.399
| Acquisition location too confident, doing pure exploration
| Data point added to dataset (x i y): 
  5.6829946481E+01  1.8311386460E+02  0.0000000000E+00      -2.0300957845E+05

| Total ensemble size: 75
| Best acquisition, x_best i_best y_best:
  2.3641350572E+02  6.8973803374E-01  0.0000000000E+00      -2.0301237190E+05
| Global minimum prediction, x_hat mu_hat +- nu_hat:
  2.3747486560E+02  7.3185071720E-01  0.0000000000E+00      -2.0301237391E+05  4.9600023555E-08
| Global minimum convergence, d_xhat d_muhat:
  3.4628356430E-03  1.1608670001E-07

| GP model hyperparameters (lengthscales W kappa):
  5.1396036713E-01  4.6189135918E-01  7.9542587329E+00  7.0423500880E+00  6.1520189692E+00  2.0999287916E-04
| Next sampling location (x_next, i_next):
  1.2953575332E+02  3.0102141203E+02  0.0000000000E+00

Iteration time [s]:   28.414        Total time [s]: 1123.758

--------------------------------------------------------------------------------
                                BO ITERATION 44                                 
--------------------------------------------------------------------------------
| Evaluating objective function at 1.295E+02 3.010E+02 0.000E+00
| Objective function evaluated, time [s]       24.170
| Data point added to dataset (x i y): 
  1.2953575332E+02  3.0102141203E+02  0.0000000000E+00      -2.0299053817E+05

| Total ensemble size: 76
| Best acquisition, x_best i_best y_best:
  2.3641350572E+02  6.8973803374E-01  0.0000000000E+00      -2.0301237190E+05
| Global minimum prediction, x_hat mu_hat +- nu_hat:
  2.3746741543E+02  7.3461103740E-01  0.0000000000E+00      -2.0301237391E+05  4.6861620273E-08
| Global minimum convergence, d_xhat d_muhat:
  7.9450833096E-03  1.5887927708E-07

| GP model hyperparameters (lengthscales W kappa):
  5.1382106246E-01  4.6625062105E-01  7.9728437545E+00  7.0513687499E+00  6.0548053444E+00  2.0998617411E-04
| Next sampling location (x_next, i_next):
  7.2908226318E+01  1.6604695802E+02  0.0000000000E+00

Iteration time [s]:   27.862        Total time [s]: 1151.624

--------------------------------------------------------------------------------
                                BO ITERATION 45                                 
--------------------------------------------------------------------------------
| Evaluating objective function at 7.291E+01 1.660E+02 0.000E+00
| Objective function evaluated, time [s]       24.331
| Acquisition location too confident, doing pure exploration
| Data point added to dataset (x i y): 
  7.2908226318E+01  1.6604695802E+02  0.0000000000E+00      -2.0300850464E+05

| Total ensemble size: 77
| Best acquisition, x_best i_best y_best:
  2.3641350572E+02  6.8973803374E-01  0.0000000000E+00      -2.0301237190E+05
| Global minimum prediction, x_hat mu_hat +- nu_hat:
  2.3747234956E+02  7.3238414846E-01  0.0000000000E+00      -2.0301237391E+05  4.5371242674E-08
| Global minimum convergence, d_xhat d_muhat:
  5.4133749916E-03  1.8728256224E-07

| GP model hyperparameters (lengthscales W kappa):
  5.1653174509E-01  4.7250701731E-01  8.0235523198E+00  7.1154047412E+00  6.4107658075E+00  2.1000501163E-04
| Next sampling location (x_next, i_next):
 -3.9080489902E+01  4.6324558298E+01  0.0000000000E+00

Iteration time [s]:   28.707        Total time [s]: 1180.335

--------------------------------------------------------------------------------
                                BO ITERATION 46                                 
--------------------------------------------------------------------------------
| Evaluating objective function at -3.908E+01 4.632E+01 0.000E+00
| Objective function evaluated, time [s]       23.883
| Acquisition location too confident, doing pure exploration
| Data point added to dataset (x i y): 
 -3.9080489902E+01  4.6324558298E+01  0.0000000000E+00      -2.0299151362E+05

| Total ensemble size: 78
| Best acquisition, x_best i_best y_best:
  2.3641350572E+02  6.8973803374E-01  0.0000000000E+00      -2.0301237190E+05
| Global minimum prediction, x_hat mu_hat +- nu_hat:
  2.3746956440E+02  7.3367000015E-01  0.0000000000E+00      -2.0301237391E+05  4.3997834620E-08
| Global minimum convergence, d_xhat d_muhat:
  3.0676556296E-03  7.7335894573E-08

| GP model hyperparameters (lengthscales W kappa):
  5.1657356928E-01  4.7169638637E-01  8.0007797250E+00  7.1078472453E+00  6.0402133794E+00  2.0998310669E-04
| Next sampling location (x_next, i_next):
  5.0505732093E+01  9.3531982349E+01  0.0000000000E+00

Iteration time [s]:   28.163        Total time [s]: 1208.502

--------------------------------------------------------------------------------
                                BO ITERATION 47                                 
--------------------------------------------------------------------------------
| Evaluating objective function at 5.051E+01 9.353E+01 0.000E+00
| Objective function evaluated, time [s]       22.612
| Acquisition location too confident, doing pure exploration
| Data point added to dataset (x i y): 
  5.0505732093E+01  9.3531982349E+01  0.0000000000E+00      -2.0299071296E+05

| Total ensemble size: 79
| Best acquisition, x_best i_best y_best:
  2.3641350572E+02  6.8973803374E-01  0.0000000000E+00      -2.0301237190E+05
| Global minimum prediction, x_hat mu_hat +- nu_hat:
  2.3743756289E+02  7.4492364659E-01  0.0000000000E+00      -2.0301237386E+05  4.5714676400E-08
| Global minimum convergence, d_xhat d_muhat:
  3.3922575501E-02  2.1223821741E-06

| GP model hyperparameters (lengthscales W kappa):
  5.1593451068E-01  4.4615349658E-01  7.7482415630E+00  6.9066777701E+00  5.2766646927E+00  2.0993970882E-04
| Next sampling location (x_next, i_next):
 -2.2268481243E+01  2.3840524436E+02  0.0000000000E+00

Iteration time [s]:   27.119        Total time [s]: 1235.625

--------------------------------------------------------------------------------
                                BO ITERATION 48                                 
--------------------------------------------------------------------------------
| Evaluating objective function at -2.227E+01 2.384E+02 0.000E+00
| Objective function evaluated, time [s]       23.710
| Acquisition location too confident, doing pure exploration
| Data point added to dataset (x i y): 
 -2.2268481243E+01  2.3840524436E+02  0.0000000000E+00      -2.0299566330E+05

| Total ensemble size: 80
| Best acquisition, x_best i_best y_best:
  2.3641350572E+02  6.8973803374E-01  0.0000000000E+00      -2.0301237190E+05
| Global minimum prediction, x_hat mu_hat +- nu_hat:
  2.3743929396E+02  7.4385687080E-01  0.0000000000E+00      -2.0301237386E+05  4.4553507461E-08
| Global minimum convergence, d_xhat d_muhat:
  2.0333746460E-03  1.6582473934E-07

| GP model hyperparameters (lengthscales W kappa):
  5.1688884289E-01  4.5029627725E-01  7.7952689802E+00  6.9527997323E+00  5.2132232851E+00  2.0993579665E-04
| Next sampling location (x_next, i_next):
  1.0617799556E+02  1.2361791676E+02  0.0000000000E+00

Iteration time [s]:   28.004        Total time [s]: 1263.633

--------------------------------------------------------------------------------
                                BO ITERATION 49                                 
--------------------------------------------------------------------------------
| Evaluating objective function at 1.062E+02 1.236E+02 0.000E+00
| Objective function evaluated, time [s]       23.364
| Acquisition location too confident, doing pure exploration
| Data point added to dataset (x i y): 
  1.0617799556E+02  1.2361791676E+02  0.0000000000E+00      -2.0299635003E+05

| Total ensemble size: 81
| Best acquisition, x_best i_best y_best:
  2.3641350572E+02  6.8973803374E-01  0.0000000000E+00      -2.0301237190E+05
| Global minimum prediction, x_hat mu_hat +- nu_hat:
  2.3744266574E+02  7.4275079773E-01  0.0000000000E+00      -2.0301237387E+05  4.3155443574E-08
| Global minimum convergence, d_xhat d_muhat:
  3.5485599194E-03  5.9264289159E-08

| GP model hyperparameters (lengthscales W kappa):
  5.1863407810E-01  4.5543520663E-01  7.8302106956E+00  6.9753180772E+00  5.3765505372E+00  2.0994413464E-04
| Next sampling location (x_next, i_next):
  2.5543086577E+02  2.8451427283E+02  0.0000000000E+00

Iteration time [s]:   27.714        Total time [s]: 1291.351

--------------------------------------------------------------------------------
                                BO ITERATION 50                                 
--------------------------------------------------------------------------------
| Evaluating objective function at 2.554E+02 2.845E+02 0.000E+00
| Objective function evaluated, time [s]       23.437
| Acquisition location too confident, doing pure exploration
| Data point added to dataset (x i y): 
  2.5543086577E+02  2.8451427283E+02  0.0000000000E+00      -2.0299121385E+05

| Total ensemble size: 82
| Best acquisition, x_best i_best y_best:
  2.3641350572E+02  6.8973803374E-01  0.0000000000E+00      -2.0301237190E+05
| Global minimum prediction, x_hat mu_hat +- nu_hat:
  2.3747492284E+02  7.3059052580E-01  0.0000000000E+00      -2.0301237391E+05  3.6526392488E-08
| Global minimum convergence, d_xhat d_muhat:
  3.4473068553E-02  1.8218788289E-06

| GP model hyperparameters (lengthscales W kappa):
  5.1971650240E-01  4.6061258323E-01  7.8578381665E+00  7.0265780229E+00  5.4471605522E+00  2.0994736191E-04
| Next sampling location (x_next, i_next):
  6.5198294498E+01 -1.2507752299E+01  0.0000000000E+00

Iteration time [s]:   28.098        Total time [s]: 1319.453

|| Bayesian optimization completed, time [s]     1319.435


--------------------------------------------------------------------------------
                        BOSS is done! Have a nice day :)                        

      Datetime 05-08-2020 18:30:52            Total time [s]     1319.457       
--------------------------------------------------------------------------------
